     1.00000E-05    3.53201E+00   -2.38313E-05   -4.91069E-01    5.81647E-20   -1.24725E-05   -1.24725E+00
     2.95997E-03    3.53194E+00    1.00590E-02   -4.91049E-01    1.39014E-02   -3.69176E-03   -1.24718E+00
     5.90995E-03    3.53174E+00    2.00827E-02   -4.90987E-01    2.77539E-02   -7.37062E-03   -1.24696E+00
     8.85992E-03    3.53141E+00    3.01038E-02   -4.90885E-01    4.16025E-02   -1.10486E-02   -1.24661E+00
     1.18099E-02    3.53095E+00    4.01210E-02   -4.90742E-01    5.54453E-02   -1.47254E-02   -1.24611E+00
     1.47599E-02    3.53036E+00    5.01330E-02   -4.90558E-01    6.92802E-02   -1.84005E-02   -1.24547E+00
     1.77098E-02    3.52963E+00    6.01385E-02   -4.90333E-01    8.31054E-02   -2.20735E-02   -1.24469E+00
     2.06598E-02    3.52877E+00    7.01362E-02   -4.90068E-01    9.69190E-02   -2.57440E-02   -1.24377E+00
     2.36098E-02    3.52779E+00    8.01248E-02   -4.89761E-01    1.10719E-01   -2.94115E-02   -1.24270E+00
     2.65598E-02    3.52667E+00    9.01031E-02   -4.89414E-01    1.24503E-01   -3.30757E-02   -1.24150E+00
     2.95097E-02    3.52542E+00    1.00070E-01   -4.89027E-01    1.38270E-01   -3.67362E-02   -1.24015E+00
     3.24597E-02    3.52404E+00    1.10023E-01   -4.88599E-01    1.52018E-01   -4.03924E-02   -1.23867E+00
     3.54097E-02    3.52252E+00    1.19963E-01   -4.88130E-01    1.65744E-01   -4.40441E-02   -1.23704E+00
     3.83597E-02    3.52088E+00    1.29887E-01   -4.87621E-01    1.79447E-01   -4.76907E-02   -1.23527E+00
     4.13096E-02    3.51911E+00    1.39794E-01   -4.87071E-01    1.93124E-01   -5.13320E-02   -1.23337E+00
     4.42596E-02    3.51721E+00    1.49683E-01   -4.86481E-01    2.06775E-01   -5.49674E-02   -1.23132E+00
     4.72096E-02    3.51517E+00    1.59553E-01   -4.85851E-01    2.20397E-01   -5.85966E-02   -1.22914E+00
     5.01596E-02    3.51301E+00    1.69402E-01   -4.85181E-01    2.33988E-01   -6.22191E-02   -1.22682E+00
     5.31095E-02    3.51072E+00    1.79230E-01   -4.84471E-01    2.47547E-01   -6.58346E-02   -1.22436E+00
     5.60595E-02    3.50830E+00    1.89034E-01   -4.83721E-01    2.61071E-01   -6.94426E-02   -1.22176E+00
     5.90095E-02    3.50575E+00    1.98814E-01   -4.82931E-01    2.74559E-01   -7.30428E-02   -1.21903E+00
     6.19595E-02    3.50307E+00    2.08568E-01   -4.82101E-01    2.88008E-01   -7.66347E-02   -1.21616E+00
     6.49094E-02    3.50026E+00    2.18296E-01   -4.81231E-01    3.01418E-01   -8.02180E-02   -1.21316E+00
     6.78594E-02    3.49733E+00    2.27995E-01   -4.80323E-01    3.14785E-01   -8.37922E-02   -1.21002E+00
     7.08094E-02    3.49427E+00    2.37666E-01   -4.79374E-01    3.28109E-01   -8.73569E-02   -1.20675E+00
     7.37594E-02    3.49108E+00    2.47305E-01   -4.78387E-01    3.41388E-01   -9.09118E-02   -1.20335E+00
     7.67093E-02    3.48777E+00    2.56913E-01   -4.77360E-01    3.54620E-01   -9.44564E-02   -1.19981E+00
     7.96593E-02    3.48433E+00    2.66488E-01   -4.76295E-01    3.67803E-01   -9.79905E-02   -1.19614E+00
     8.26093E-02    3.48076E+00    2.76029E-01   -4.75190E-01    3.80935E-01   -1.01513E-01   -1.19234E+00
     8.55593E-02    3.47707E+00    2.85534E-01   -4.74047E-01    3.94015E-01   -1.05025E-01   -1.18841E+00
     8.85092E-02    3.47326E+00    2.95003E-01   -4.72866E-01    4.07040E-01   -1.08525E-01   -1.18436E+00
     9.14592E-02    3.46932E+00    3.04435E-01   -4.71646E-01    4.20010E-01   -1.12013E-01   -1.18017E+00
     9.44092E-02    3.46525E+00    3.13827E-01   -4.70388E-01    4.32923E-01   -1.15488E-01   -1.17586E+00
     9.73592E-02    3.46107E+00    3.23180E-01   -4.69091E-01    4.45777E-01   -1.18950E-01   -1.17142E+00
     1.00309E-01    3.45676E+00    3.32491E-01   -4.67758E-01    4.58570E-01   -1.22399E-01   -1.16685E+00
     1.03259E-01    3.45233E+00    3.41760E-01   -4.66386E-01    4.71300E-01   -1.25834E-01   -1.16216E+00
     1.06209E-01    3.44778E+00    3.50985E-01   -4.64977E-01    4.83967E-01   -1.29256E-01   -1.15735E+00
     1.09159E-01    3.44310E+00    3.60166E-01   -4.63531E-01    4.96568E-01   -1.32662E-01   -1.15242E+00
     1.12109E-01    3.43831E+00    3.69301E-01   -4.62047E-01    5.09103E-01   -1.36055E-01   -1.14736E+00
     1.15059E-01    3.43340E+00    3.78389E-01   -4.60527E-01    5.21568E-01   -1.39432E-01   -1.14219E+00
     1.18009E-01    3.42837E+00    3.87430E-01   -4.58970E-01    5.33964E-01   -1.42793E-01   -1.13689E+00
     1.20959E-01    3.42322E+00    3.96421E-01   -4.57377E-01    5.46288E-01   -1.46139E-01   -1.13148E+00
     1.23909E-01    3.41795E+00    4.05363E-01   -4.55747E-01    5.58539E-01   -1.49469E-01   -1.12595E+00
     1.26859E-01    3.41257E+00    4.14253E-01   -4.54081E-01    5.70716E-01   -1.52782E-01   -1.12031E+00
     1.29809E-01    3.40707E+00    4.23091E-01   -4.52380E-01    5.82816E-01   -1.56079E-01   -1.11455E+00
     1.32759E-01    3.40145E+00    4.31876E-01   -4.50643E-01    5.94840E-01   -1.59358E-01   -1.10867E+00
     1.35709E-01    3.39572E+00    4.40606E-01   -4.48871E-01    6.06784E-01   -1.62620E-01   -1.10269E+00
     1.38659E-01    3.38987E+00    4.49281E-01   -4.47063E-01    6.18649E-01   -1.65864E-01   -1.09659E+00
     1.41609E-01    3.38391E+00    4.57900E-01   -4.45221E-01    6.30432E-01   -1.69089E-01   -1.09039E+00
     1.44559E-01    3.37784E+00    4.66462E-01   -4.43344E-01    6.42132E-01   -1.72297E-01   -1.08408E+00
     1.47509E-01    3.37166E+00    4.74965E-01   -4.41432E-01    6.53748E-01   -1.75485E-01   -1.07766E+00
     1.50459E-01    3.36537E+00    4.83409E-01   -4.39487E-01    6.65279E-01   -1.78655E-01   -1.07113E+00
     1.53409E-01    3.35896E+00    4.91793E-01   -4.37507E-01    6.76723E-01   -1.81805E-01   -1.06450E+00
     1.56359E-01    3.35245E+00    5.00115E-01   -4.35494E-01    6.88080E-01   -1.84935E-01   -1.05777E+00
     1.59309E-01    3.34582E+00    5.08376E-01   -4.33448E-01    6.99347E-01   -1.88045E-01   -1.05093E+00
     1.62259E-01    3.33909E+00    5.16573E-01   -4.31368E-01    7.10525E-01   -1.91135E-01   -1.04400E+00
     1.65209E-01    3.33226E+00    5.24707E-01   -4.29256E-01    7.21611E-01   -1.94205E-01   -1.03696E+00
     1.68159E-01    3.32531E+00    5.32775E-01   -4.27111E-01    7.32604E-01   -1.97253E-01   -1.02983E+00
     1.71109E-01    3.31827E+00    5.40778E-01   -4.24933E-01    7.43505E-01   -2.00281E-01   -1.02260E+00
     1.74059E-01    3.31111E+00    5.48715E-01   -4.22724E-01    7.54310E-01   -2.03287E-01   -1.01528E+00
     1.77008E-01    3.30386E+00    5.56583E-01   -4.20483E-01    7.65020E-01   -2.06271E-01   -1.00786E+00
     1.79958E-01    3.29650E+00    5.64384E-01   -4.18211E-01    7.75633E-01   -2.09233E-01   -1.00036E+00
     1.82908E-01    3.28904E+00    5.72115E-01   -4.15907E-01    7.86148E-01   -2.12173E-01   -9.92757E-01
     1.85858E-01    3.28147E+00    5.79777E-01   -4.13572E-01    7.96565E-01   -2.15090E-01   -9.85069E-01
     1.88808E-01    3.27381E+00    5.87367E-01   -4.11207E-01    8.06881E-01   -2.17984E-01   -9.77293E-01
     1.91758E-01    3.26605E+00    5.94886E-01   -4.08812E-01    8.17098E-01   -2.20856E-01   -9.69431E-01
     1.94708E-01    3.25820E+00    6.02333E-01   -4.06387E-01    8.27213E-01   -2.23704E-01   -9.61484E-01
     1.97658E-01    3.25024E+00    6.09707E-01   -4.03932E-01    8.37225E-01   -2.26528E-01   -9.53454E-01
     2.00608E-01    3.24219E+00    6.17006E-01   -4.01447E-01    8.47134E-01   -2.29329E-01   -9.45343E-01
     2.03558E-01    3.23405E+00    6.24232E-01   -3.98934E-01    8.56939E-01   -2.32106E-01   -9.37151E-01
     2.06508E-01    3.22581E+00    6.31382E-01   -3.96391E-01    8.66640E-01   -2.34858E-01   -9.28880E-01
     2.09458E-01    3.21747E+00    6.38456E-01   -3.93821E-01    8.76234E-01   -2.37586E-01   -9.20531E-01
     2.12408E-01    3.20905E+00    6.45453E-01   -3.91222E-01    8.85723E-01   -2.40289E-01   -9.12107E-01
     2.15358E-01    3.20053E+00    6.52373E-01   -3.88595E-01    8.95104E-01   -2.42967E-01   -9.03608E-01
     2.18308E-01    3.19193E+00    6.59215E-01   -3.85941E-01    9.04377E-01   -2.45620E-01   -8.95036E-01
     2.21258E-01    3.18323E+00    6.65978E-01   -3.83259E-01    9.13541E-01   -2.48248E-01   -8.86393E-01
     2.24208E-01    3.17445E+00    6.72662E-01   -3.80551E-01    9.22597E-01   -2.50850E-01   -8.77680E-01
     2.27158E-01    3.16558E+00    6.79266E-01   -3.77816E-01    9.31542E-01   -2.53426E-01   -8.68899E-01
     2.30108E-01    3.15663E+00    6.85790E-01   -3.75055E-01    9.40377E-01   -2.55976E-01   -8.60051E-01
     2.33058E-01    3.14759E+00    6.92233E-01   -3.72268E-01    9.49101E-01   -2.58500E-01   -8.51137E-01
     2.36008E-01    3.13847E+00    6.98594E-01   -3.69456E-01    9.57714E-01   -2.60998E-01   -8.42159E-01
     2.38958E-01    3.12926E+00    7.04873E-01   -3.66618E-01    9.66214E-01   -2.63469E-01   -8.33119E-01
     2.41908E-01    3.11998E+00    7.11069E-01   -3.63755E-01    9.74601E-01   -2.65913E-01   -8.24017E-01
     2.44858E-01    3.11061E+00    7.17182E-01   -3.60868E-01    9.82875E-01   -2.68331E-01   -8.14857E-01
     2.47808E-01    3.10117E+00    7.23211E-01   -3.57956E-01    9.91036E-01   -2.70721E-01   -8.05638E-01
     2.50758E-01    3.09164E+00    7.29157E-01   -3.55021E-01    9.99082E-01   -2.73084E-01   -7.96363E-01
     2.53708E-01    3.08204E+00    7.35017E-01   -3.52062E-01    1.00701E+00   -2.75419E-01   -7.87033E-01
     2.56658E-01    3.07236E+00    7.40793E-01   -3.49080E-01    1.01483E+00   -2.77727E-01   -7.77649E-01
     2.59608E-01    3.06261E+00    7.46483E-01   -3.46075E-01    1.02253E+00   -2.80007E-01   -7.68213E-01
     2.62558E-01    3.05279E+00    7.52086E-01   -3.43047E-01    1.03012E+00   -2.82260E-01   -7.58726E-01
     2.65508E-01    3.04289E+00    7.57604E-01   -3.39997E-01    1.03759E+00   -2.84484E-01   -7.49191E-01
     2.68458E-01    3.03292E+00    7.63035E-01   -3.36925E-01    1.04494E+00   -2.86680E-01   -7.39607E-01
     2.71408E-01    3.02289E+00    7.68378E-01   -3.33832E-01    1.05218E+00   -2.88847E-01   -7.29978E-01
     2.74358E-01    3.01278E+00    7.73635E-01   -3.30718E-01    1.05929E+00   -2.90987E-01   -7.20303E-01
     2.77308E-01    3.00260E+00    7.78803E-01   -3.27582E-01    1.06630E+00   -2.93097E-01   -7.10586E-01
     2.80258E-01    2.99236E+00    7.83883E-01   -3.24427E-01    1.07318E+00   -2.95179E-01   -7.00826E-01
     2.83208E-01    2.98206E+00    7.88875E-01   -3.21251E-01    1.07995E+00   -2.97232E-01   -6.91026E-01
     2.86158E-01    2.97169E+00    7.93778E-01   -3.18055E-01    1.08659E+00   -2.99256E-01   -6.81186E-01
     2.89108E-01    2.96125E+00    7.98592E-01   -3.14840E-01    1.09312E+00   -3.01251E-01   -6.71309E-01
     2.92058E-01    2.95076E+00    8.03317E-01   -3.11606E-01    1.09954E+00   -3.03217E-01   -6.61396E-01
     2.95007E-01    2.94020E+00    8.07952E-01   -3.08353E-01    1.10583E+00   -3.05153E-01   -6.51448E-01
     2.97957E-01    2.92958E+00    8.12498E-01   -3.05082E-01    1.11200E+00   -3.07060E-01   -6.41466E-01
     3.00907E-01    2.91891E+00    8.16953E-01   -3.01792E-01    1.11806E+00   -3.08938E-01   -6.31453E-01
     3.03857E-01    2.90818E+00    8.21319E-01   -2.98485E-01    1.12399E+00   -3.10786E-01   -6.21408E-01
     3.06807E-01    2.89739E+00    8.25594E-01   -2.95161E-01    1.12981E+00   -3.12604E-01   -6.11334E-01
     3.09757E-01    2.88655E+00    8.29778E-01   -2.91820E-01    1.13551E+00   -3.14392E-01   -6.01232E-01
     3.12707E-01    2.87565E+00    8.33872E-01   -2.88462E-01    1.14108E+00   -3.16151E-01   -5.91104E-01
     3.15657E-01    2.86470E+00    8.37875E-01   -2.85087E-01    1.14654E+00   -3.17880E-01   -5.80950E-01
     3.18607E-01    2.85370E+00    8.41787E-01   -2.81697E-01    1.15188E+00   -3.19579E-01   -5.70772E-01
     3.21557E-01    2.84265E+00    8.45608E-01   -2.78291E-01    1.15710E+00   -3.21247E-01   -5.60571E-01
     3.24507E-01    2.83155E+00    8.49339E-01   -2.74870E-01    1.16220E+00   -3.22886E-01   -5.50349E-01
     3.27457E-01    2.82041E+00    8.52978E-01   -2.71435E-01    1.16718E+00   -3.24494E-01   -5.40106E-01
     3.30407E-01    2.80922E+00    8.56525E-01   -2.67984E-01    1.17205E+00   -3.26073E-01   -5.29845E-01
     3.33357E-01    2.79798E+00    8.59982E-01   -2.64520E-01    1.17679E+00   -3.27620E-01   -5.19567E-01
     3.36307E-01    2.78670E+00    8.63347E-01   -2.61041E-01    1.18141E+00   -3.29138E-01   -5.09272E-01
     3.39257E-01    2.77537E+00    8.66621E-01   -2.57550E-01    1.18591E+00   -3.30625E-01   -4.98962E-01
     3.42207E-01    2.76401E+00    8.69804E-01   -2.54045E-01    1.19030E+00   -3.32082E-01   -4.88638E-01
     3.45157E-01    2.75260E+00    8.72895E-01   -2.50527E-01    1.19456E+00   -3.33508E-01   -4.78302E-01
     3.48107E-01    2.74116E+00    8.75895E-01   -2.46997E-01    1.19871E+00   -3.34904E-01   -4.67954E-01
     3.51057E-01    2.72968E+00    8.78804E-01   -2.43455E-01    1.20273E+00   -3.36269E-01   -4.57596E-01
     3.54007E-01    2.71816E+00    8.81622E-01   -2.39901E-01    1.20664E+00   -3.37603E-01   -4.47230E-01
     3.56957E-01    2.70660E+00    8.84349E-01   -2.36336E-01    1.21043E+00   -3.38907E-01   -4.36856E-01
     3.59907E-01    2.69501E+00    8.86985E-01   -2.32760E-01    1.21410E+00   -3.40181E-01   -4.26475E-01
     3.62857E-01    2.68339E+00    8.89531E-01   -2.29173E-01    1.21765E+00   -3.41424E-01   -4.16089E-01
     3.65807E-01    2.67174E+00    8.91985E-01   -2.25576E-01    1.22108E+00   -3.42636E-01   -4.05699E-01
     3.68757E-01    2.66005E+00    8.94349E-01   -2.21969E-01    1.22439E+00   -3.43817E-01   -3.95306E-01
     3.71707E-01    2.64834E+00    8.96623E-01   -2.18352E-01    1.22759E+00   -3.44968E-01   -3.84912E-01
     3.74657E-01    2.63660E+00    8.98806E-01   -2.14726E-01    1.23067E+00   -3.46088E-01   -3.74516E-01
     3.77607E-01    2.62483E+00    9.00900E-01   -2.11091E-01    1.23363E+00   -3.47178E-01   -3.64122E-01
     3.80557E-01    2.61303E+00    9.02903E-01   -2.07448E-01    1.23647E+00   -3.48237E-01   -3.53728E-01
     3.83507E-01    2.60121E+00    9.04817E-01   -2.03796E-01    1.23920E+00   -3.49265E-01   -3.43338E-01
     3.86457E-01    2.58937E+00    9.06641E-01   -2.00137E-01    1.24180E+00   -3.50262E-01   -3.32952E-01
     3.89407E-01    2.57751E+00    9.08377E-01   -1.96470E-01    1.24429E+00   -3.51229E-01   -3.22570E-01
     3.92357E-01    2.56562E+00    9.10023E-01   -1.92796E-01    1.24667E+00   -3.52165E-01   -3.12195E-01
     3.95307E-01    2.55371E+00    9.11581E-01   -1.89115E-01    1.24892E+00   -3.53071E-01   -3.01827E-01
     3.98257E-01    2.54179E+00    9.13050E-01   -1.85427E-01    1.25106E+00   -3.53946E-01   -2.91467E-01
     4.01207E-01    2.52984E+00    9.14432E-01   -1.81733E-01    1.25309E+00   -3.54791E-01   -2.81117E-01
     4.04157E-01    2.51789E+00    9.15725E-01   -1.78034E-01    1.25500E+00   -3.55605E-01   -2.70777E-01
     4.07107E-01    2.50591E+00    9.16931E-01   -1.74329E-01    1.25679E+00   -3.56388E-01   -2.60448E-01
     4.10057E-01    2.49392E+00    9.18050E-01   -1.70619E-01    1.25847E+00   -3.57141E-01   -2.50133E-01
     4.13006E-01    2.48192E+00    9.19082E-01   -1.66904E-01    1.26003E+00   -3.57864E-01   -2.39830E-01
     4.15956E-01    2.46991E+00    9.20028E-01   -1.63185E-01    1.26147E+00   -3.58556E-01   -2.29543E-01
     4.18906E-01    2.45789E+00    9.20888E-01   -1.59462E-01    1.26281E+00   -3.59218E-01   -2.19271E-01
     4.21856E-01    2.44585E+00    9.21661E-01   -1.55735E-01    1.26403E+00   -3.59850E-01   -2.09017E-01
     4.24806E-01    2.43381E+00    9.22350E-01   -1.52004E-01    1.26513E+00   -3.60452E-01   -1.98780E-01
     4.27756E-01    2.42176E+00    9.22954E-01   -1.48271E-01    1.26612E+00   -3.61023E-01   -1.88562E-01
     4.30706E-01    2.40971E+00    9.23473E-01   -1.44534E-01    1.26700E+00   -3.61564E-01   -1.78363E-01
     4.33656E-01    2.39765E+00    9.23908E-01   -1.40796E-01    1.26776E+00   -3.62075E-01   -1.68186E-01
     4.36606E-01    2.38559E+00    9.24260E-01   -1.37055E-01    1.26841E+00   -3.62556E-01   -1.58031E-01
     4.39556E-01    2.37352E+00    9.24528E-01   -1.33312E-01    1.26895E+00   -3.63008E-01   -1.47899E-01
     4.42506E-01    2.36145E+00    9.24714E-01   -1.29568E-01    1.26938E+00   -3.63429E-01   -1.37790E-01
     4.45456E-01    2.34939E+00    9.24817E-01   -1.25823E-01    1.26969E+00   -3.63821E-01   -1.27707E-01
     4.48406E-01    2.33732E+00    9.24838E-01   -1.22077E-01    1.26989E+00   -3.64183E-01   -1.17650E-01
     4.51356E-01    2.32525E+00    9.24779E-01   -1.18331E-01    1.26998E+00   -3.64515E-01   -1.07620E-01
     4.54306E-01    2.31319E+00    9.24638E-01   -1.14584E-01    1.26996E+00   -3.64817E-01   -9.76174E-02
     4.57256E-01    2.30113E+00    9.24418E-01   -1.10838E-01    1.26984E+00   -3.65091E-01   -8.76441E-02
     4.60206E-01    2.28908E+00    9.24117E-01   -1.07093E-01    1.26960E+00   -3.65335E-01   -7.77009E-02
     4.63156E-01    2.27703E+00    9.23737E-01   -1.03348E-01    1.26925E+00   -3.65549E-01   -6.77886E-02
     4.66106E-01    2.26499E+00    9.23279E-01   -9.96041E-02    1.26879E+00   -3.65735E-01   -5.79084E-02
     4.69056E-01    2.25296E+00    9.22742E-01   -9.58620E-02    1.26822E+00   -3.65891E-01   -4.80611E-02
     4.72006E-01    2.24094E+00    9.22128E-01   -9.21218E-02    1.26755E+00   -3.66018E-01   -3.82479E-02
     4.74956E-01    2.22892E+00    9.21437E-01   -8.83837E-02    1.26676E+00   -3.66117E-01   -2.84695E-02
     4.77906E-01    2.21692E+00    9.20669E-01   -8.46480E-02    1.26587E+00   -3.66186E-01   -1.87271E-02
     4.80856E-01    2.20493E+00    9.19826E-01   -8.09152E-02    1.26488E+00   -3.66227E-01   -9.02159E-03
     4.83806E-01    2.19296E+00    9.18907E-01   -7.71854E-02    1.26377E+00   -3.66239E-01    6.46021E-04
     4.86756E-01    2.18100E+00    9.17914E-01   -7.34591E-02    1.26256E+00   -3.66223E-01    1.02748E-02
     4.89706E-01    2.16905E+00    9.16847E-01   -6.97365E-02    1.26125E+00   -3.66179E-01    1.98637E-02
     4.92656E-01    2.15712E+00    9.15706E-01   -6.60179E-02    1.25982E+00   -3.66106E-01    2.94118E-02
     4.95606E-01    2.14521E+00    9.14493E-01   -6.23037E-02    1.25830E+00   -3.66005E-01    3.89181E-02
     4.98556E-01    2.13331E+00    9.13207E-01   -5.85941E-02    1.25667E+00   -3.65877E-01    4.83816E-02
     5.01506E-01    2.12144E+00    9.11850E-01   -5.48895E-02    1.25494E+00   -3.65720E-01    5.78015E-02
     5.04456E-01    2.10958E+00    9.10422E-01   -5.11902E-02    1.25310E+00   -3.65536E-01    6.71767E-02
     5.07406E-01    2.09775E+00    9.08924E-01   -4.74964E-02    1.25116E+00   -3.65324E-01    7.65062E-02
     5.10356E-01    2.08594E+00    9.07356E-01   -4.38085E-02    1.24912E+00   -3.65084E-01    8.57891E-02
     5.13306E-01    2.07415E+00    9.05719E-01   -4.01267E-02    1.24698E+00   -3.64818E-01    9.50245E-02
     5.16256E-01    2.06238E+00    9.04014E-01   -3.64515E-02    1.24474E+00   -3.64524E-01    1.04211E-01
     5.19206E-01    2.05064E+00    9.02242E-01   -3.27829E-02    1.24240E+00   -3.64203E-01    1.13349E-01
     5.22156E-01    2.03893E+00    9.00403E-01   -2.91215E-02    1.23995E+00   -3.63855E-01    1.22436E-01
     5.25106E-01    2.02724E+00    8.98498E-01   -2.54674E-02    1.23741E+00   -3.63480E-01    1.31471E-01
     5.28056E-01    2.01558E+00    8.96527E-01   -2.18209E-02    1.23477E+00   -3.63079E-01    1.40455E-01
     5.31006E-01    2.00395E+00    8.94491E-01   -1.81824E-02    1.23204E+00   -3.62652E-01    1.49385E-01
     5.33955E-01    1.99235E+00    8.92392E-01   -1.45520E-02    1.22920E+00   -3.62198E-01    1.58261E-01
     5.36905E-01    1.98077E+00    8.90229E-01   -1.09302E-02    1.22628E+00   -3.61718E-01    1.67082E-01
     5.39855E-01    1.96923E+00    8.88004E-01   -7.31717E-03    1.22325E+00   -3.61212E-01    1.75847E-01
     5.42805E-01    1.95772E+00    8.85717E-01   -3.71319E-03    1.22013E+00   -3.60681E-01    1.84555E-01
     5.45755E-01    1.94625E+00    8.83369E-01   -1.18548E-04    1.21692E+00   -3.60124E-01    1.93205E-01
     5.48705E-01    1.93480E+00    8.80960E-01    3.46648E-03    1.21361E+00   -3.59541E-01    2.01797E-01
     5.51655E-01    1.92339E+00    8.78492E-01    7.04162E-03    1.21022E+00   -3.58933E-01    2.10329E-01
     5.54605E-01    1.91202E+00    8.75965E-01    1.06066E-02    1.20673E+00   -3.58300E-01    2.18800E-01
     5.57555E-01    1.90068E+00    8.73379E-01    1.41612E-02    1.20314E+00   -3.57642E-01    2.27210E-01
     5.60505E-01    1.88938E+00    8.70737E-01    1.77050E-02    1.19947E+00   -3.56960E-01    2.35558E-01
     5.63455E-01    1.87812E+00    8.68037E-01    2.12379E-02    1.19572E+00   -3.56252E-01    2.43842E-01
     5.66405E-01    1.86689E+00    8.65282E-01    2.47596E-02    1.19187E+00   -3.55521E-01    2.52063E-01
     5.69355E-01    1.85571E+00    8.62472E-01    2.82698E-02    1.18793E+00   -3.54765E-01    2.60219E-01
     5.72305E-01    1.84456E+00    8.59607E-01    3.17682E-02    1.18391E+00   -3.53986E-01    2.68309E-01
     5.75255E-01    1.83345E+00    8.56689E-01    3.52547E-02    1.17981E+00   -3.53182E-01    2.76332E-01
     5.78205E-01    1.82239E+00    8.53717E-01    3.87290E-02    1.17562E+00   -3.52355E-01    2.84288E-01
     5.81155E-01    1.81136E+00    8.50694E-01    4.21907E-02    1.17134E+00   -3.51505E-01    2.92176E-01
     5.84105E-01    1.80038E+00    8.47619E-01    4.56397E-02    1.16698E+00   -3.50632E-01    2.99995E-01
     5.87055E-01    1.78944E+00    8.44494E-01    4.90758E-02    1.16255E+00   -3.49735E-01    3.07745E-01
     5.90005E-01    1.77855E+00    8.41320E-01    5.24986E-02    1.15803E+00   -3.48816E-01    3.15424E-01
     5.92955E-01    1.76770E+00    8.38096E-01    5.59080E-02    1.15343E+00   -3.47874E-01    3.23031E-01
     5.95905E-01    1.75689E+00    8.34824E-01    5.93037E-02    1.14875E+00   -3.46910E-01    3.30567E-01
     5.98855E-01    1.74613E+00    8.31504E-01    6.26855E-02    1.14400E+00   -3.45924E-01    3.38030E-01
     6.01805E-01    1.73542E+00    8.28138E-01    6.60532E-02    1.13917E+00   -3.44916E-01    3.45420E-01
     6.04755E-01    1.72476E+00    8.24726E-01    6.94064E-02    1.13426E+00   -3.43886E-01    3.52735E-01
     6.07705E-01    1.71414E+00    8.21269E-01    7.27452E-02    1.12928E+00   -3.42835E-01    3.59975E-01
     6.10655E-01    1.70357E+00    8.17768E-01    7.60691E-02    1.12423E+00   -3.41762E-01    3.67140E-01
     6.13605E-01    1.69305E+00    8.14223E-01    7.93780E-02    1.11910E+00   -3.40669E-01    3.74229E-01
     6.16555E-01    1.68258E+00    8.10635E-01    8.26716E-02    1.11391E+00   -3.39555E-01    3.81241E-01
     6.19505E-01    1.67215E+00    8.07006E-01    8.59499E-02    1.10864E+00   -3.38420E-01    3.88176E-01
     6.22455E-01    1.66178E+00    8.03335E-01    8.92125E-02    1.10331E+00   -3.37264E-01    3.95033E-01
     6.25405E-01    1.65146E+00    7.99624E-01    9.24593E-02    1.09791E+00   -3.36089E-01    4.01811E-01
     6.28355E-01    1.64120E+00    7.95873E-01    9.56900E-02    1.09244E+00   -3.34894E-01    4.08510E-01
     6.31305E-01    1.63098E+00    7.92083E-01    9.89046E-02    1.08691E+00   -3.33679E-01    4.15129E-01
     6.34255E-01    1.62082E+00    7.88255E-01    1.02103E-01    1.08131E+00   -3.32445E-01    4.21668E-01
     6.37205E-01    1.61070E+00    7.84390E-01    1.05284E-01    1.07565E+00   -3.31191E-01    4.28126E-01
     6.40155E-01    1.60065E+00    7.80489E-01    1.08449E-01    1.06994E+00   -3.29919E-01    4.34503E-01
     6.43105E-01    1.59064E+00    7.76551E-01    1.11597E-01    1.06416E+00   -3.28628E-01    4.40799E-01
     6.46055E-01    1.58069E+00    7.72579E-01    1.14727E-01    1.05832E+00   -3.27318E-01    4.47012E-01
     6.49004E-01    1.57080E+00    7.68572E-01    1.17841E-01    1.05243E+00   -3.25991E-01    4.53143E-01
     6.51954E-01    1.56096E+00    7.64532E-01    1.20937E-01    1.04647E+00   -3.24645E-01    4.59191E-01
     6.54904E-01    1.55118E+00    7.60458E-01    1.24015E-01    1.04047E+00   -3.23281E-01    4.65156E-01
     6.57854E-01    1.54145E+00    7.56354E-01    1.27075E-01    1.03441E+00   -3.21901E-01    4.71037E-01
     6.60804E-01    1.53178E+00    7.52217E-01    1.30118E-01    1.02830E+00   -3.20502E-01    4.76834E-01
     6.63754E-01    1.52217E+00    7.48051E-01    1.33142E-01    1.02214E+00   -3.19087E-01    4.82546E-01
     6.66704E-01    1.51261E+00    7.43854E-01    1.36148E-01    1.01593E+00   -3.17655E-01    4.88175E-01
     6.69654E-01    1.50312E+00    7.39629E-01    1.39136E-01    1.00967E+00   -3.16207E-01    4.93718E-01
     6.72604E-01    1.49367E+00    7.35375E-01    1.42105E-01    1.00337E+00   -3.14743E-01    4.99176E-01
     6.75554E-01    1.48429E+00    7.31094E-01    1.45056E-01    9.97014E-01   -3.13262E-01    5.04549E-01
     6.78504E-01    1.47497E+00    7.26786E-01    1.47987E-01    9.90619E-01   -3.11766E-01    5.09837E-01
     6.81454E-01    1.46571E+00    7.22452E-01    1.50900E-01    9.84182E-01   -3.10254E-01    5.15039E-01
     6.84404E-01    1.45650E+00    7.18093E-01    1.53794E-01    9.77703E-01   -3.08727E-01    5.20155E-01
     6.87354E-01    1.44736E+00    7.13709E-01    1.56669E-01    9.71184E-01   -3.07185E-01    5.25185E-01
     6.90304E-01    1.43827E+00    7.09301E-01    1.59524E-01    9.64627E-01   -3.05629E-01    5.30130E-01
     6.93254E-01    1.42925E+00    7.04870E-01    1.62360E-01    9.58032E-01   -3.04058E-01    5.34988E-01
     6.96204E-01    1.42028E+00    7.00416E-01    1.65176E-01    9.51401E-01   -3.02473E-01    5.39760E-01
     6.99154E-01    1.41138E+00    6.95941E-01    1.67973E-01    9.44736E-01   -3.00873E-01    5.44446E-01
     7.02104E-01    1.40254E+00    6.91444E-01    1.70750E-01    9.38037E-01   -2.99260E-01    5.49046E-01
     7.05054E-01    1.39376E+00    6.86928E-01    1.73507E-01    9.31307E-01   -2.97634E-01    5.53560E-01
     7.08004E-01    1.38504E+00    6.82391E-01    1.76245E-01    9.24546E-01   -2.95994E-01    5.57988E-01
     7.10954E-01    1.37638E+00    6.77836E-01    1.78962E-01    9.17755E-01   -2.94342E-01    5.62329E-01
     7.13904E-01    1.36778E+00    6.73262E-01    1.81659E-01    9.10937E-01   -2.92677E-01    5.66585E-01
     7.16854E-01    1.35925E+00    6.68670E-01    1.84337E-01    9.04092E-01   -2.90999E-01    5.70756E-01
     7.19804E-01    1.35078E+00    6.64062E-01    1.86993E-01    8.97222E-01   -2.89310E-01    5.74840E-01
     7.22754E-01    1.34237E+00    6.59437E-01    1.89630E-01    8.90328E-01   -2.87608E-01    5.78839E-01
     7.25704E-01    1.33402E+00    6.54796E-01    1.92246E-01    8.83411E-01   -2.85894E-01    5.82753E-01
     7.28654E-01    1.32574E+00    6.50141E-01    1.94842E-01    8.76473E-01   -2.84170E-01    5.86582E-01
     7.31604E-01    1.31752E+00    6.45471E-01    1.97417E-01    8.69515E-01   -2.82434E-01    5.90326E-01
     7.34554E-01    1.30936E+00    6.40787E-01    1.99972E-01    8.62538E-01   -2.80687E-01    5.93985E-01
     7.37504E-01    1.30127E+00    6.36090E-01    2.02506E-01    8.55544E-01   -2.78929E-01    5.97561E-01
     7.40454E-01    1.29323E+00    6.31380E-01    2.05020E-01    8.48533E-01   -2.77161E-01    6.01052E-01
     7.43404E-01    1.28527E+00    6.26659E-01    2.07513E-01    8.41507E-01   -2.75383E-01    6.04459E-01
     7.46354E-01    1.27736E+00    6.21926E-01    2.09985E-01    8.34468E-01   -2.73595E-01    6.07783E-01
     7.49304E-01    1.26952E+00    6.17183E-01    2.12436E-01    8.27416E-01   -2.71797E-01    6.11024E-01
     7.52254E-01    1.26175E+00    6.12430E-01    2.14866E-01    8.20352E-01   -2.69990E-01    6.14182E-01
     7.55204E-01    1.25403E+00    6.07667E-01    2.17276E-01    8.13279E-01   -2.68174E-01    6.17258E-01
     7.58154E-01    1.24638E+00    6.02895E-01    2.19665E-01    8.06196E-01   -2.66349E-01    6.20253E-01
     7.61104E-01    1.23880E+00    5.98114E-01    2.22033E-01    7.99106E-01   -2.64515E-01    6.23166E-01
     7.64054E-01    1.23128E+00    5.93326E-01    2.24379E-01    7.92009E-01   -2.62672E-01    6.25997E-01
     7.67003E-01    1.22382E+00    5.88531E-01    2.26705E-01    7.84907E-01   -2.60821E-01    6.28749E-01
     7.69953E-01    1.21643E+00    5.83729E-01    2.29010E-01    7.77800E-01   -2.58962E-01    6.31420E-01
     7.72903E-01    1.20910E+00    5.78921E-01    2.31294E-01    7.70690E-01   -2.57096E-01    6.34012E-01
     7.75853E-01    1.20184E+00    5.74108E-01    2.33557E-01    7.63578E-01   -2.55222E-01    6.36525E-01
     7.78803E-01    1.19464E+00    5.69289E-01    2.35799E-01    7.56465E-01   -2.53341E-01    6.38959E-01
     7.81753E-01    1.18750E+00    5.64466E-01    2.38020E-01    7.49352E-01   -2.51452E-01    6.41315E-01
     7.84703E-01    1.18043E+00    5.59639E-01    2.40221E-01    7.42240E-01   -2.49557E-01    6.43594E-01
     7.87653E-01    1.17342E+00    5.54809E-01    2.42400E-01    7.35131E-01   -2.47655E-01    6.45797E-01
     7.90603E-01    1.16648E+00    5.49975E-01    2.44558E-01    7.28024E-01   -2.45747E-01    6.47922E-01
     7.93553E-01    1.15960E+00    5.45139E-01    2.46695E-01    7.20921E-01   -2.43832E-01    6.49973E-01
     7.96503E-01    1.15278E+00    5.40302E-01    2.48811E-01    7.13824E-01   -2.41912E-01    6.51948E-01
     7.99453E-01    1.14603E+00    5.35462E-01    2.50906E-01    7.06733E-01   -2.39986E-01    6.53848E-01
     8.02403E-01    1.13934E+00    5.30622E-01    2.52981E-01    6.99649E-01   -2.38055E-01    6.55675E-01
     8.05353E-01    1.13272E+00    5.25781E-01    2.55034E-01    6.92572E-01   -2.36118E-01    6.57429E-01
     8.08303E-01    1.12616E+00    5.20940E-01    2.57067E-01    6.85505E-01   -2.34176E-01    6.59110E-01
     8.11253E-01    1.11966E+00    5.16100E-01    2.59079E-01    6.78447E-01   -2.32229E-01    6.60720E-01
     8.14203E-01    1.11323E+00    5.11260E-01    2.61070E-01    6.71400E-01   -2.30278E-01    6.62258E-01
     8.17153E-01    1.10686E+00    5.06422E-01    2.63040E-01    6.64365E-01   -2.28322E-01    6.63725E-01
     8.20103E-01    1.10056E+00    5.01586E-01    2.64990E-01    6.57341E-01   -2.26362E-01    6.65123E-01
     8.23053E-01    1.09432E+00    4.96751E-01    2.66918E-01    6.50331E-01   -2.24398E-01    6.66452E-01
     8.26003E-01    1.08814E+00    4.91919E-01    2.68826E-01    6.43335E-01   -2.22430E-01    6.67712E-01
     8.28953E-01    1.08203E+00    4.87091E-01    2.70714E-01    6.36354E-01   -2.20458E-01    6.68905E-01
     8.31903E-01    1.07597E+00    4.82265E-01    2.72581E-01    6.29388E-01   -2.18483E-01    6.70030E-01
     8.34853E-01    1.06999E+00    4.77444E-01    2.74427E-01    6.22438E-01   -2.16505E-01    6.71089E-01
     8.37803E-01    1.06406E+00    4.72626E-01    2.76253E-01    6.15506E-01   -2.14524E-01    6.72083E-01
     8.40753E-01    1.05820E+00    4.67814E-01    2.78059E-01    6.08591E-01   -2.12540E-01    6.73012E-01
     8.43703E-01    1.05240E+00    4.63006E-01    2.79844E-01    6.01694E-01   -2.10553E-01    6.73876E-01
     8.46653E-01    1.04666E+00    4.58203E-01    2.81609E-01    5.94816E-01   -2.08564E-01    6.74677E-01
     8.49603E-01    1.04099E+00    4.53407E-01    2.83353E-01    5.87958E-01   -2.06573E-01    6.75416E-01
     8.52553E-01    1.03537E+00    4.48616E-01    2.85078E-01    5.81121E-01   -2.04579E-01    6.76093E-01
     8.55503E-01    1.02982E+00    4.43832E-01    2.86782E-01    5.74304E-01   -2.02584E-01    6.76708E-01
     8.58453E-01    1.02434E+00    4.39054E-01    2.88466E-01    5.67509E-01   -2.00587E-01    6.77263E-01
     8.61403E-01    1.01891E+00    4.34284E-01    2.90130E-01    5.60736E-01   -1.98588E-01    6.77759E-01
     8.64353E-01    1.01354E+00    4.29521E-01    2.91775E-01    5.53985E-01   -1.96588E-01    6.78195E-01
     8.67303E-01    1.00824E+00    4.24766E-01    2.93399E-01    5.47258E-01   -1.94587E-01    6.78574E-01
     8.70253E-01    1.00300E+00    4.20018E-01    2.95003E-01    5.40554E-01   -1.92585E-01    6.78895E-01
     8.73203E-01    9.97820E-01    4.15280E-01    2.96588E-01    5.33875E-01   -1.90582E-01    6.79159E-01
     8.76153E-01    9.92700E-01    4.10550E-01    2.98153E-01    5.27220E-01   -1.88578E-01    6.79367E-01
     8.79103E-01    9.87642E-01    4.05829E-01    2.99699E-01    5.20591E-01   -1.86573E-01    6.79521E-01
     8.82053E-01    9.82644E-01    4.01117E-01    3.01225E-01    5.13987E-01   -1.84569E-01    6.79619E-01
     8.85002E-01    9.77707E-01    3.96415E-01    3.02731E-01    5.07409E-01   -1.82564E-01    6.79665E-01
     8.87952E-01    9.72830E-01    3.91722E-01    3.04218E-01    5.00858E-01   -1.80559E-01    6.79657E-01
     8.90902E-01    9.68013E-01    3.87040E-01    3.05686E-01    4.94333E-01   -1.78554E-01    6.79597E-01
     8.93852E-01    9.63256E-01    3.82368E-01    3.07135E-01    4.87836E-01   -1.76549E-01    6.79485E-01
     8.96802E-01    9.58559E-01    3.77707E-01    3.08565E-01    4.81366E-01   -1.74545E-01    6.79323E-01
     8.99752E-01    9.53921E-01    3.73056E-01    3.09975E-01    4.74925E-01   -1.72541E-01    6.79111E-01
     9.02702E-01    9.49343E-01    3.68417E-01    3.11367E-01    4.68511E-01   -1.70538E-01    6.78850E-01
     9.05652E-01    9.44824E-01    3.63789E-01    3.12739E-01    4.62126E-01   -1.68536E-01    6.78540E-01
     9.08602E-01    9.40364E-01    3.59173E-01    3.14093E-01    4.55771E-01   -1.66535E-01    6.78183E-01
     9.11552E-01    9.35963E-01    3.54568E-01    3.15428E-01    4.49444E-01   -1.64535E-01    6.77778E-01
     9.14502E-01    9.31620E-01    3.49976E-01    3.16745E-01    4.43147E-01   -1.62536E-01    6.77327E-01
     9.17452E-01    9.27335E-01    3.45395E-01    3.18043E-01    4.36880E-01   -1.60539E-01    6.76830E-01
     9.20402E-01    9.23109E-01    3.40828E-01    3.19322E-01    4.30643E-01   -1.58543E-01    6.76289E-01
     9.23352E-01    9.18940E-01    3.36273E-01    3.20584E-01    4.24436E-01   -1.56549E-01    6.75703E-01
     9.26302E-01    9.14829E-01    3.31731E-01    3.21827E-01    4.18259E-01   -1.54556E-01    6.75074E-01
     9.29252E-01    9.10776E-01    3.27201E-01    3.23051E-01    4.12113E-01   -1.52566E-01    6.74401E-01
     9.32202E-01    9.06779E-01    3.22686E-01    3.24258E-01    4.05998E-01   -1.50577E-01    6.73687E-01
     9.35152E-01    9.02840E-01    3.18183E-01    3.25447E-01    3.99914E-01   -1.48591E-01    6.72931E-01
     9.38102E-01    8.98958E-01    3.13694E-01    3.26618E-01    3.93861E-01   -1.46607E-01    6.72135E-01
     9.41052E-01    8.95132E-01    3.09220E-01    3.27771E-01    3.87839E-01   -1.44626E-01    6.71298E-01
     9.44002E-01    8.91362E-01    3.04758E-01    3.28906E-01    3.81849E-01   -1.42647E-01    6.70422E-01
     9.46952E-01    8.87649E-01    3.00312E-01    3.30024E-01    3.75891E-01   -1.40670E-01    6.69507E-01
     9.49902E-01    8.83991E-01    2.95879E-01    3.31124E-01    3.69964E-01   -1.38697E-01    6.68553E-01
     9.52852E-01    8.80389E-01    2.91461E-01    3.32206E-01    3.64069E-01   -1.36726E-01    6.67563E-01
     9.55802E-01    8.76842E-01    2.87057E-01    3.33272E-01    3.58206E-01   -1.34758E-01    6.66535E-01
     9.58752E-01    8.73351E-01    2.82668E-01    3.34320E-01    3.52374E-01   -1.32793E-01    6.65471E-01
     9.61702E-01    8.69914E-01    2.78294E-01    3.35351E-01    3.46575E-01   -1.30832E-01    6.64372E-01
     9.64652E-01    8.66532E-01    2.73935E-01    3.36365E-01    3.40808E-01   -1.28874E-01    6.63237E-01
     9.67602E-01    8.63204E-01    2.69590E-01    3.37361E-01    3.35073E-01   -1.26919E-01    6.62068E-01
     9.70552E-01    8.59931E-01    2.65262E-01    3.38341E-01    3.29370E-01   -1.24968E-01    6.60865E-01
     9.73502E-01    8.56712E-01    2.60948E-01    3.39305E-01    3.23699E-01   -1.23020E-01    6.59629E-01
     9.76452E-01    8.53546E-01    2.56650E-01    3.40251E-01    3.18061E-01   -1.21076E-01    6.58360E-01
     9.79402E-01    8.50434E-01    2.52367E-01    3.41181E-01    3.12454E-01   -1.19136E-01    6.57059E-01
     9.82352E-01    8.47375E-01    2.48100E-01    3.42095E-01    3.06880E-01   -1.17199E-01    6.55727E-01
     9.85302E-01    8.44370E-01    2.43849E-01    3.42992E-01    3.01338E-01   -1.15267E-01    6.54363E-01
     9.88252E-01    8.41416E-01    2.39614E-01    3.43873E-01    2.95828E-01   -1.13339E-01    6.52969E-01
     9.91202E-01    8.38516E-01    2.35394E-01    3.44737E-01    2.90351E-01   -1.11414E-01    6.51546E-01
     9.94152E-01    8.35668E-01    2.31191E-01    3.45586E-01    2.84905E-01   -1.09494E-01    6.50093E-01
     9.97102E-01    8.32872E-01    2.27003E-01    3.46418E-01    2.79491E-01   -1.07579E-01    6.48611E-01
     1.00005E+00    8.30127E-01    2.22832E-01    3.47235E-01    2.74109E-01   -1.05668E-01    6.47101E-01
     1.00300E+00    8.27434E-01    2.18677E-01    3.48036E-01    2.68760E-01   -1.03761E-01    6.45563E-01
     1.00595E+00    8.24793E-01    2.14539E-01    3.48821E-01    2.63441E-01   -1.01859E-01    6.43997E-01
     1.00890E+00    8.22203E-01    2.10416E-01    3.49590E-01    2.58155E-01   -9.99616E-02    6.42405E-01
     1.01185E+00    8.19663E-01    2.06311E-01    3.50344E-01    2.52900E-01   -9.80689E-02    6.40787E-01
     1.01480E+00    8.17174E-01    2.02221E-01    3.51082E-01    2.47677E-01   -9.61810E-02    6.39143E-01
     1.01775E+00    8.14736E-01    1.98148E-01    3.51805E-01    2.42485E-01   -9.42980E-02    6.37473E-01
     1.02070E+00    8.12347E-01    1.94092E-01    3.52513E-01    2.37324E-01   -9.24199E-02    6.35779E-01
     1.02365E+00    8.10009E-01    1.90053E-01    3.53205E-01    2.32195E-01   -9.05469E-02    6.34060E-01
     1.02660E+00    8.07720E-01    1.86030E-01    3.53883E-01    2.27097E-01   -8.86790E-02    6.32317E-01
     1.02955E+00    8.05480E-01    1.82024E-01    3.54545E-01    2.22029E-01   -8.68163E-02    6.30550E-01
     1.03250E+00    8.03290E-01    1.78034E-01    3.55193E-01    2.16992E-01   -8.49588E-02    6.28761E-01
     1.03545E+00    8.01149E-01    1.74062E-01    3.55825E-01    2.11986E-01   -8.31067E-02    6.26948E-01
     1.03840E+00    7.99056E-01    1.70106E-01    3.56443E-01    2.07011E-01   -8.12599E-02    6.25113E-01
     1.04135E+00    7.97012E-01    1.66167E-01    3.57047E-01    2.02065E-01   -7.94186E-02    6.23257E-01
     1.04430E+00    7.95016E-01    1.62245E-01    3.57636E-01    1.97150E-01   -7.75827E-02    6.21378E-01
     1.04725E+00    7.93068E-01    1.58340E-01    3.58210E-01    1.92265E-01   -7.57525E-02    6.19479E-01
     1.05020E+00    7.91167E-01    1.54452E-01    3.58770E-01    1.87410E-01   -7.39279E-02    6.17559E-01
     1.05315E+00    7.89315E-01    1.50581E-01    3.59316E-01    1.82584E-01   -7.21089E-02    6.15618E-01
     1.05610E+00    7.87509E-01    1.46727E-01    3.59847E-01    1.77788E-01   -7.02958E-02    6.13658E-01
     1.05905E+00    7.85751E-01    1.42889E-01    3.60365E-01    1.73021E-01   -6.84884E-02    6.11678E-01
     1.06200E+00    7.84039E-01    1.39069E-01    3.60868E-01    1.68283E-01   -6.66869E-02    6.09678E-01
     1.06495E+00    7.82374E-01    1.35266E-01    3.61358E-01    1.63574E-01   -6.48914E-02    6.07659E-01
     1.06790E+00    7.80755E-01    1.31480E-01    3.61833E-01    1.58894E-01   -6.31018E-02    6.05622E-01
     1.07085E+00    7.79183E-01    1.27710E-01    3.62295E-01    1.54242E-01   -6.13182E-02    6.03566E-01
     1.07380E+00    7.77656E-01    1.23958E-01    3.62743E-01    1.49618E-01   -5.95408E-02    6.01493E-01
     1.07675E+00    7.76175E-01    1.20223E-01    3.63178E-01    1.45023E-01   -5.77695E-02    5.99401E-01
     1.07970E+00    7.74739E-01    1.16504E-01    3.63599E-01    1.40455E-01   -5.60044E-02    5.97292E-01
     1.08265E+00    7.73349E-01    1.12803E-01    3.64007E-01    1.35915E-01   -5.42455E-02    5.95166E-01
     1.08560E+00    7.72003E-01    1.09118E-01    3.64401E-01    1.31403E-01   -5.24929E-02    5.93024E-01
     1.08855E+00    7.70703E-01    1.05451E-01    3.64782E-01    1.26917E-01   -5.07467E-02    5.90864E-01
     1.09150E+00    7.69446E-01    1.01800E-01    3.65150E-01    1.22459E-01   -4.90069E-02    5.88688E-01
     1.09445E+00    7.68235E-01    9.81664E-02    3.65504E-01    1.18027E-01   -4.72735E-02    5.86496E-01
     1.09740E+00    7.67067E-01    9.45496E-02    3.65846E-01    1.13622E-01   -4.55466E-02    5.84289E-01
     1.10035E+00    7.65943E-01    9.09497E-02    3.66175E-01    1.09243E-01   -4.38262E-02    5.82065E-01
     1.10330E+00    7.64863E-01    8.73666E-02    3.66491E-01    1.04890E-01   -4.21124E-02    5.79827E-01
     1.10625E+00    7.63826E-01    8.38003E-02    3.66794E-01    1.00562E-01   -4.04053E-02    5.77573E-01
     1.10920E+00    7.62832E-01    8.02509E-02    3.67084E-01    9.62607E-02   -3.87048E-02    5.75304E-01
     1.11215E+00    7.61882E-01    7.67182E-02    3.67362E-01    9.19842E-02   -3.70110E-02    5.73021E-01
     1.11510E+00    7.60974E-01    7.32022E-02    3.67627E-01    8.77327E-02   -3.53240E-02    5.70723E-01
     1.11805E+00    7.60108E-01    6.97030E-02    3.67879E-01    8.35060E-02   -3.36438E-02    5.68411E-01
     1.12100E+00    7.59286E-01    6.62204E-02    3.68119E-01    7.93038E-02   -3.19705E-02    5.66085E-01
     1.12395E+00    7.58505E-01    6.27545E-02    3.68347E-01    7.51259E-02   -3.03040E-02    5.63744E-01
     1.12690E+00    7.57766E-01    5.93052E-02    3.68563E-01    7.09720E-02   -2.86444E-02    5.61391E-01
     1.12985E+00    7.57069E-01    5.58725E-02    3.68766E-01    6.68418E-02   -2.69918E-02    5.59023E-01
     1.13280E+00    7.56413E-01    5.24563E-02    3.68957E-01    6.27351E-02   -2.53462E-02    5.56642E-01
     1.13575E+00    7.55799E-01    4.90567E-02    3.69136E-01    5.86516E-02   -2.37077E-02    5.54248E-01
     1.13870E+00    7.55225E-01    4.56734E-02    3.69303E-01    5.45910E-02   -2.20762E-02    5.51841E-01
     1.14165E+00    7.54693E-01    4.23066E-02    3.69458E-01    5.05531E-02   -2.04518E-02    5.49421E-01
     1.14460E+00    7.54201E-01    3.89562E-02    3.69601E-01    4.65377E-02   -1.88346E-02    5.46988E-01
     1.14755E+00    7.53750E-01    3.56221E-02    3.69733E-01    4.25443E-02   -1.72246E-02    5.44543E-01
     1.15050E+00    7.53339E-01    3.23043E-02    3.69852E-01    3.85729E-02   -1.56219E-02    5.42084E-01
     1.15345E+00    7.52968E-01    2.90027E-02    3.69960E-01    3.46230E-02   -1.40264E-02    5.39614E-01
     1.15640E+00    7.52637E-01    2.57174E-02    3.70057E-01    3.06944E-02   -1.24382E-02    5.37131E-01
     1.15935E+00    7.52346E-01    2.24482E-02    3.70141E-01    2.67869E-02   -1.08573E-02    5.34636E-01
     1.16230E+00    7.52094E-01    1.91951E-02    3.70215E-01    2.29001E-02   -9.28388E-03    5.32129E-01
     1.16525E+00    7.51881E-01    1.59580E-02    3.70277E-01    1.90339E-02   -7.71783E-03    5.29609E-01
     1.16820E+00    7.51708E-01    1.27369E-02    3.70327E-01    1.51878E-02   -6.15922E-03    5.27078E-01
     1.17115E+00    7.51573E-01    9.53185E-03    3.70366E-01    1.13617E-02   -4.60810E-03    5.24535E-01
     1.17410E+00    7.51477E-01    6.34265E-03    3.70394E-01    7.55519E-03   -3.06450E-03    5.21980E-01
     1.17705E+00    7.51420E-01    3.16931E-03    3.70411E-01    3.76805E-03   -1.52846E-03    5.19414E-01
     1.18000E+00    7.51400E-01    1.17734E-05    3.70416E-01    0.00000E+00    0.00000E+00    5.16835E-01
