     1.00000E-05    3.94061E+00   -2.66215E-05   -5.70581E-01    3.48279E-20   -1.83961E-05   -1.83961E+00    4.10417E-01   -7.72596E-20    7.81953E-06    7.81953E-01    3.79793E-01   -1.47139E-19    9.67489E-11    1.93498E-05
     5.00997E-03    3.94032E+00    2.33018E-02   -5.70485E-01    3.83231E-02   -9.21563E-03   -1.83916E+00    4.10387E-01   -1.19344E-02    3.91714E-03    7.81697E-01    3.79751E-01   -1.67307E-02    2.42812E-05    9.69216E-03
     1.00100E-02    3.93946E+00    4.65457E-02   -5.70198E-01    7.65416E-02   -1.84084E-02   -1.83781E+00    4.10298E-01   -2.38389E-02    7.82391E-03    7.80934E-01    3.79626E-01   -3.34140E-02    9.69017E-05    1.93533E-02
     1.50099E-02    3.93804E+00    6.97669E-02   -5.69720E-01    1.14704E-01   -2.75921E-02   -1.83557E+00    4.10149E-01   -3.57310E-02    1.17256E-02    7.79664E-01    3.79417E-01   -5.00696E-02    2.17774E-04    2.89911E-02
     2.00099E-02    3.93604E+00    9.29542E-02   -5.69051E-01    1.52782E-01   -3.67625E-02   -1.83243E+00    4.09940E-01   -4.76047E-02    1.56197E-02    7.77888E-01    3.79125E-01   -6.66836E-02    3.86753E-04    3.85940E-02
     2.50099E-02    3.93348E+00    1.16096E-01   -5.68192E-01    1.90748E-01   -4.59149E-02   -1.82841E+00    4.09673E-01   -5.94537E-02    1.95036E-02    7.75610E-01    3.78751E-01   -8.32424E-02    6.03634E-04    4.81505E-02
     3.00099E-02    3.93035E+00    1.39182E-01   -5.67144E-01    2.28574E-01   -5.50450E-02   -1.82351E+00    4.09346E-01   -7.12721E-02    2.33749E-02    7.72831E-01    3.78293E-01   -9.97322E-02    8.68158E-04    5.76492E-02
     3.50098E-02    3.92665E+00    1.62200E-01   -5.65907E-01    2.66233E-01   -6.41484E-02   -1.81772E+00    4.08960E-01   -8.30536E-02    2.72310E-02    7.69557E-01    3.77753E-01   -1.16139E-01    1.18001E-03    6.70787E-02
     4.00098E-02    3.92240E+00    1.85139E-01   -5.64482E-01    3.03698E-01   -7.32207E-02   -1.81107E+00    4.08515E-01   -9.47924E-02    3.10696E-02    7.65790E-01    3.77132E-01   -1.32451E-01    1.53881E-03    7.64279E-02
     4.50098E-02    3.91758E+00    2.07989E-01   -5.62870E-01    3.40941E-01   -8.22575E-02   -1.80355E+00    4.08012E-01   -1.06482E-01    3.48881E-02    7.61537E-01    3.76429E-01   -1.48653E-01    1.94413E-03    8.56858E-02
     5.00097E-02    3.91221E+00    2.30738E-01   -5.61073E-01    3.77937E-01   -9.12547E-02   -1.79517E+00    4.07451E-01   -1.18118E-01    3.86841E-02    7.56803E-01    3.75646E-01   -1.64733E-01    2.39549E-03    9.48415E-02
     5.50097E-02    3.90628E+00    2.53376E-01   -5.59091E-01    4.14659E-01   -1.00208E-01   -1.78595E+00    4.06831E-01   -1.29692E-01    4.24553E-02    7.51595E-01    3.74782E-01   -1.80679E-01    2.89235E-03    1.03884E-01
     6.00097E-02    3.89980E+00    2.75892E-01   -5.56927E-01    4.51081E-01   -1.09113E-01   -1.77590E+00    4.06154E-01   -1.41200E-01    4.61993E-02    7.45918E-01    3.73839E-01   -1.96476E-01    3.43412E-03    1.12804E-01
     6.50097E-02    3.89277E+00    2.98275E-01   -5.54581E-01    4.87178E-01   -1.17965E-01   -1.76502E+00    4.05419E-01   -1.52636E-01    4.99137E-02    7.39781E-01    3.72817E-01   -2.12114E-01    4.02016E-03    1.21590E-01
     7.00097E-02    3.88521E+00    3.20515E-01   -5.52056E-01    5.22926E-01   -1.26762E-01   -1.75333E+00    4.04628E-01   -1.63994E-01    5.35963E-02    7.33192E-01    3.71718E-01   -2.27579E-01    4.64978E-03    1.30233E-01
     7.50096E-02    3.87710E+00    3.42601E-01   -5.49352E-01    5.58301E-01   -1.35497E-01   -1.74085E+00    4.03780E-01   -1.75268E-01    5.72448E-02    7.26159E-01    3.70542E-01   -2.42860E-01    5.32223E-03    1.38723E-01
     8.00096E-02    3.86846E+00    3.64525E-01   -5.46473E-01    5.93278E-01   -1.44169E-01   -1.72758E+00    4.02875E-01   -1.86453E-01    6.08571E-02    7.18692E-01    3.69290E-01   -2.57946E-01    6.03673E-03    1.47051E-01
     8.50096E-02    3.85929E+00    3.86274E-01   -5.43420E-01    6.27835E-01   -1.52772E-01   -1.71354E+00    4.01915E-01   -1.97544E-01    6.44310E-02    7.10800E-01    3.67963E-01   -2.72825E-01    6.79244E-03    1.55207E-01
     9.00095E-02    3.84959E+00    4.07840E-01   -5.40196E-01    6.61949E-01   -1.61303E-01   -1.69875E+00    4.00900E-01   -2.08535E-01    6.79644E-02    7.02493E-01    3.66562E-01   -2.87486E-01    7.58849E-03    1.63182E-01
     9.50095E-02    3.83938E+00    4.29214E-01   -5.36802E-01    6.95600E-01   -1.69758E-01   -1.68322E+00    3.99830E-01   -2.19420E-01    7.14552E-02    6.93783E-01    3.65088E-01   -3.01919E-01    8.42394E-03    1.70970E-01
     1.00010E-01    3.82866E+00    4.50385E-01   -5.33240E-01    7.28765E-01   -1.78134E-01   -1.66697E+00    3.98706E-01   -2.30195E-01    7.49015E-02    6.84680E-01    3.63543E-01   -3.16114E-01    9.29785E-03    1.78560E-01
     1.05009E-01    3.81743E+00    4.71345E-01   -5.29515E-01    7.61424E-01   -1.86426E-01   -1.65002E+00    3.97528E-01   -2.40855E-01    7.83013E-02    6.75196E-01    3.61928E-01   -3.30061E-01    1.02092E-02    1.85947E-01
     1.10009E-01    3.80570E+00    4.92083E-01   -5.25627E-01    7.93559E-01   -1.94633E-01   -1.63239E+00    3.96298E-01   -2.51394E-01    8.16528E-02    6.65342E-01    3.60243E-01   -3.43749E-01    1.11570E-02    1.93122E-01
     1.15009E-01    3.79347E+00    5.12593E-01   -5.21580E-01    8.25150E-01   -2.02749E-01   -1.61409E+00    3.95015E-01   -2.61807E-01    8.49541E-02    6.55132E-01    3.58491E-01   -3.57171E-01    1.21400E-02    2.00078E-01
     1.20009E-01    3.78076E+00    5.32865E-01   -5.17377E-01    8.56179E-01   -2.10772E-01   -1.59515E+00    3.93680E-01   -2.72091E-01    8.82035E-02    6.44577E-01    3.56672E-01   -3.70318E-01    1.31573E-02    2.06809E-01
     1.25009E-01    3.76757E+00    5.52890E-01   -5.13019E-01    8.86630E-01   -2.18699E-01   -1.57558E+00    3.92294E-01   -2.82240E-01    9.13993E-02    6.33692E-01    3.54788E-01   -3.83181E-01    1.42077E-02    2.13309E-01
     1.30009E-01    3.75391E+00    5.72661E-01   -5.08511E-01    9.16486E-01   -2.26527E-01   -1.55541E+00    3.90858E-01   -2.92250E-01    9.45399E-02    6.22488E-01    3.52841E-01   -3.95753E-01    1.52900E-02    2.19571E-01
     1.35009E-01    3.73978E+00    5.92169E-01   -5.03856E-01    9.45731E-01   -2.34253E-01   -1.53466E+00    3.89372E-01   -3.02117E-01    9.76237E-02    6.10980E-01    3.50831E-01   -4.08026E-01    1.64030E-02    2.25592E-01
     1.40009E-01    3.72519E+00    6.11408E-01   -4.99055E-01    9.74351E-01   -2.41873E-01   -1.51335E+00    3.87837E-01   -3.11836E-01    1.00649E-01    5.99182E-01    3.48761E-01   -4.19993E-01    1.75455E-02    2.31365E-01
     1.45009E-01    3.71016E+00    6.30369E-01   -4.94113E-01    1.00233E+00   -2.49385E-01   -1.49149E+00    3.86254E-01   -3.21403E-01    1.03615E-01    5.87108E-01    3.46632E-01   -4.31648E-01    1.87162E-02    2.36887E-01
     1.50009E-01    3.69468E+00    6.49046E-01   -4.89033E-01    1.02966E+00   -2.56787E-01   -1.46912E+00    3.84623E-01   -3.30814E-01    1.06520E-01    5.74772E-01    3.44445E-01   -4.42985E-01    1.99139E-02    2.42153E-01
     1.55009E-01    3.67877E+00    6.67431E-01   -4.83818E-01    1.05633E+00   -2.64075E-01   -1.44625E+00    3.82946E-01   -3.40066E-01    1.09362E-01    5.62188E-01    3.42202E-01   -4.53999E-01    2.11373E-02    2.47160E-01
     1.60009E-01    3.66243E+00    6.85519E-01   -4.78471E-01    1.08232E+00   -2.71248E-01   -1.42291E+00    3.81223E-01   -3.49154E-01    1.12141E-01    5.49371E-01    3.39905E-01   -4.64683E-01    2.23851E-02    2.51905E-01
     1.65009E-01    3.64568E+00    7.03302E-01   -4.72996E-01    1.10762E+00   -2.78304E-01   -1.39912E+00    3.79454E-01   -3.58076E-01    1.14856E-01    5.36335E-01    3.37556E-01   -4.75034E-01    2.36559E-02    2.56384E-01
     1.70009E-01    3.62852E+00    7.20776E-01   -4.67396E-01    1.13224E+00   -2.85239E-01   -1.37490E+00    3.77642E-01   -3.66827E-01    1.17504E-01    5.23096E-01    3.35156E-01   -4.85048E-01    2.49485E-02    2.60595E-01
     1.75009E-01    3.61096E+00    7.37933E-01   -4.61675E-01    1.15614E+00   -2.92052E-01   -1.35028E+00    3.75786E-01   -3.75406E-01    1.20086E-01    5.09669E-01    3.32706E-01   -4.94720E-01    2.62614E-02    2.64537E-01
     1.80009E-01    3.59301E+00    7.54769E-01   -4.55836E-01    1.17934E+00   -2.98741E-01   -1.32528E+00    3.73888E-01   -3.83808E-01    1.22601E-01    4.96067E-01    3.30209E-01   -5.04048E-01    2.75934E-02    2.68208E-01
     1.85009E-01    3.57468E+00    7.71278E-01   -4.49882E-01    1.20182E+00   -3.05304E-01   -1.29993E+00    3.71949E-01   -3.92030E-01    1.25047E-01    4.82307E-01    3.27666E-01   -5.13027E-01    2.89430E-02    2.71607E-01
     1.90009E-01    3.55598E+00    7.87456E-01   -4.43819E-01    1.22358E+00   -3.11740E-01   -1.27424E+00    3.69968E-01   -4.00071E-01    1.27423E-01    4.68402E-01    3.25079E-01   -5.21657E-01    3.03090E-02    2.74734E-01
     1.95009E-01    3.53691E+00    8.03298E-01   -4.37648E-01    1.24461E+00   -3.18046E-01   -1.24824E+00    3.67948E-01   -4.07927E-01    1.29730E-01    4.54368E-01    3.22450E-01   -5.29936E-01    3.16899E-02    2.77587E-01
     2.00009E-01    3.51750E+00    8.18799E-01   -4.31374E-01    1.26491E+00   -3.24221E-01   -1.22195E+00    3.65889E-01   -4.15596E-01    1.31967E-01    4.40219E-01    3.19781E-01   -5.37860E-01    3.30844E-02    2.80168E-01
     2.05009E-01    3.49774E+00    8.33956E-01   -4.25000E-01    1.28447E+00   -3.30265E-01   -1.19540E+00    3.63793E-01   -4.23075E-01    1.34132E-01    4.25971E-01    3.17072E-01   -5.45431E-01    3.44911E-02    2.82477E-01
     2.10009E-01    3.47765E+00    8.48764E-01   -4.18530E-01    1.30329E+00   -3.36175E-01   -1.16861E+00    3.61659E-01   -4.30363E-01    1.36226E-01    4.11637E-01    3.14327E-01   -5.52646E-01    3.59087E-02    2.84514E-01
     2.15009E-01    3.45724E+00    8.63221E-01   -4.11969E-01    1.32137E+00   -3.41950E-01   -1.14160E+00    3.59489E-01   -4.37457E-01    1.38249E-01    3.97231E-01    3.11547E-01   -5.59506E-01    3.73358E-02    2.86281E-01
     2.20009E-01    3.43651E+00    8.77323E-01   -4.05318E-01    1.33871E+00   -3.47591E-01   -1.11440E+00    3.57285E-01   -4.44356E-01    1.40199E-01    3.82769E-01    3.08733E-01   -5.66011E-01    3.87710E-02    2.87780E-01
     2.25009E-01    3.41548E+00    8.91067E-01   -3.98583E-01    1.35532E+00   -3.53094E-01   -1.08702E+00    3.55046E-01   -4.51059E-01    1.42076E-01    3.68265E-01    3.05887E-01   -5.72162E-01    4.02131E-02    2.89013E-01
     2.30009E-01    3.39415E+00    9.04451E-01   -3.91766E-01    1.37118E+00   -3.58460E-01   -1.05949E+00    3.52775E-01   -4.57562E-01    1.43881E-01    3.53731E-01    3.03012E-01   -5.77959E-01    4.16607E-02    2.89982E-01
     2.35009E-01    3.37254E+00    9.17472E-01   -3.84872E-01    1.38630E+00   -3.63689E-01   -1.03184E+00    3.50471E-01   -4.63866E-01    1.45613E-01    3.39182E-01    3.00108E-01   -5.83403E-01    4.31125E-02    2.90690E-01
     2.40009E-01    3.35066E+00    9.30129E-01   -3.77904E-01    1.40068E+00   -3.68779E-01   -1.00408E+00    3.48136E-01   -4.69970E-01    1.47273E-01    3.24631E-01    2.97178E-01   -5.88498E-01    4.45672E-02    2.91139E-01
     2.45009E-01    3.32851E+00    9.42419E-01   -3.70867E-01    1.41433E+00   -3.73729E-01   -9.76233E-01    3.45772E-01   -4.75871E-01    1.48860E-01    3.10091E-01    2.94224E-01   -5.93244E-01    4.60234E-02    2.91334E-01
     2.50009E-01    3.30611E+00    9.54341E-01   -3.63762E-01    1.42725E+00   -3.78541E-01   -9.48322E-01    3.43378E-01   -4.81570E-01    1.50374E-01    2.95575E-01    2.91246E-01   -5.97644E-01    4.74801E-02    2.91277E-01
     2.55009E-01    3.28347E+00    9.65894E-01   -3.56595E-01    1.43945E+00   -3.83212E-01   -9.20368E-01    3.40956E-01   -4.87065E-01    1.51816E-01    2.81096E-01    2.88248E-01   -6.01702E-01    4.89358E-02    2.90973E-01
     2.60009E-01    3.26059E+00    9.77077E-01   -3.49369E-01    1.45092E+00   -3.87744E-01   -8.92391E-01    3.38508E-01   -4.92356E-01    1.53185E-01    2.66666E-01    2.85230E-01   -6.05419E-01    5.03894E-02    2.90426E-01
     2.65009E-01    3.23749E+00    9.87890E-01   -3.42087E-01    1.46167E+00   -3.92136E-01   -8.64410E-01    3.36033E-01   -4.97443E-01    1.54482E-01    2.52297E-01    2.82194E-01   -6.08800E-01    5.18396E-02    2.89641E-01
     2.70009E-01    3.21417E+00    9.98331E-01   -3.34754E-01    1.47172E+00   -3.96388E-01   -8.36446E-01    3.33534E-01   -5.02326E-01    1.55708E-01    2.38001E-01    2.79143E-01   -6.11848E-01    5.32854E-02    2.88621E-01
     2.75009E-01    3.19065E+00    1.00840E+00   -3.27372E-01    1.48106E+00   -4.00501E-01   -8.08516E-01    3.31010E-01   -5.07004E-01    1.56862E-01    2.23789E-01    2.76076E-01   -6.14567E-01    5.47254E-02    2.87372E-01
     2.80009E-01    3.16694E+00    1.01810E+00   -3.19944E-01    1.48970E+00   -4.04474E-01   -7.80640E-01    3.28464E-01   -5.11477E-01    1.57946E-01    2.09671E-01    2.72997E-01   -6.16962E-01    5.61587E-02    2.85900E-01
     2.85009E-01    3.14304E+00    1.02743E+00   -3.12476E-01    1.49766E+00   -4.08307E-01   -7.52835E-01    3.25896E-01   -5.15746E-01    1.58959E-01    1.95659E-01    2.69907E-01   -6.19037E-01    5.75841E-02    2.84209E-01
     2.90009E-01    3.11897E+00    1.03639E+00   -3.04969E-01    1.50493E+00   -4.12002E-01   -7.25119E-01    3.23307E-01   -5.19811E-01    1.59903E-01    1.81763E-01    2.66808E-01   -6.20797E-01    5.90004E-02    2.82304E-01
     2.95009E-01    3.09474E+00    1.04498E+00   -2.97428E-01    1.51153E+00   -4.15559E-01   -6.97510E-01    3.20698E-01   -5.23672E-01    1.60777E-01    1.67993E-01    2.63700E-01   -6.22247E-01    6.04067E-02    2.80192E-01
     3.00009E-01    3.07035E+00    1.05320E+00   -2.89855E-01    1.51746E+00   -4.18977E-01   -6.70023E-01    3.18070E-01   -5.27331E-01    1.61583E-01    1.54358E-01    2.60586E-01   -6.23393E-01    6.18020E-02    2.77879E-01
     3.05008E-01    3.04581E+00    1.06105E+00   -2.82254E-01    1.52274E+00   -4.22259E-01   -6.42674E-01    3.15425E-01   -5.30788E-01    1.62321E-01    1.40867E-01    2.57466E-01   -6.24238E-01    6.31852E-02    2.75370E-01
     3.10008E-01    3.02114E+00    1.06854E+00   -2.74629E-01    1.52738E+00   -4.25404E-01   -6.15480E-01    3.12763E-01   -5.34043E-01    1.62992E-01    1.27529E-01    2.54344E-01   -6.24791E-01    6.45554E-02    2.72671E-01
     3.15008E-01    2.99635E+00    1.07567E+00   -2.66982E-01    1.53137E+00   -4.28414E-01   -5.88455E-01    3.10085E-01   -5.37099E-01    1.63597E-01    1.14353E-01    2.51219E-01   -6.25055E-01    6.59116E-02    2.69789E-01
     3.20008E-01    2.97144E+00    1.08244E+00   -2.59316E-01    1.53475E+00   -4.31289E-01   -5.61614E-01    3.07392E-01   -5.39956E-01    1.64136E-01    1.01347E-01    2.48094E-01   -6.25038E-01    6.72529E-02    2.66731E-01
     3.25008E-01    2.94642E+00    1.08884E+00   -2.51635E-01    1.53751E+00   -4.34031E-01   -5.34970E-01    3.04686E-01   -5.42615E-01    1.64610E-01    8.85169E-02    2.44969E-01   -6.24745E-01    6.85786E-02    2.63501E-01
     3.30008E-01    2.92130E+00    1.09489E+00   -2.43942E-01    1.53967E+00   -4.36639E-01   -5.08538E-01    3.01967E-01   -5.45078E-01    1.65021E-01    7.58714E-02    2.41847E-01   -6.24183E-01    6.98877E-02    2.60108E-01
     3.35008E-01    2.89609E+00    1.10059E+00   -2.36240E-01    1.54123E+00   -4.39116E-01   -4.82329E-01    2.99235E-01   -5.47346E-01    1.65369E-01    6.34170E-02    2.38728E-01   -6.23358E-01    7.11794E-02    2.56557E-01
     3.40008E-01    2.87081E+00    1.10593E+00   -2.28531E-01    1.54222E+00   -4.41463E-01   -4.56356E-01    2.96493E-01   -5.49422E-01    1.65656E-01    5.11599E-02    2.35614E-01   -6.22276E-01    7.24530E-02    2.52855E-01
     3.45008E-01    2.84545E+00    1.11093E+00   -2.20818E-01    1.54263E+00   -4.43680E-01   -4.30632E-01    2.93742E-01   -5.51306E-01    1.65881E-01    3.91062E-02    2.32506E-01   -6.20945E-01    7.37077E-02    2.49008E-01
     3.50008E-01    2.82003E+00    1.11558E+00   -2.13105E-01    1.54249E+00   -4.45770E-01   -4.05166E-01    2.90981E-01   -5.53001E-01    1.66047E-01    2.72616E-02    2.29405E-01   -6.19371E-01    7.49428E-02    2.45025E-01
     3.55008E-01    2.79456E+00    1.11989E+00   -2.05395E-01    1.54181E+00   -4.47732E-01   -3.79970E-01    2.88212E-01   -5.54508E-01    1.66154E-01    1.56311E-02    2.26312E-01   -6.17560E-01    7.61577E-02    2.40910E-01
     3.60008E-01    2.76905E+00    1.12386E+00   -1.97688E-01    1.54059E+00   -4.49570E-01   -3.55055E-01    2.85436E-01   -5.55831E-01    1.66204E-01    4.21976E-03    2.23229E-01   -6.15521E-01    7.73517E-02    2.36671E-01
     3.65008E-01    2.74349E+00    1.12750E+00   -1.89990E-01    1.53885E+00   -4.51283E-01   -3.30429E-01    2.82654E-01   -5.56970E-01    1.66197E-01   -6.96807E-03    2.20157E-01   -6.13259E-01    7.85242E-02    2.32314E-01
     3.70008E-01    2.71791E+00    1.13081E+00   -1.82301E-01    1.53660E+00   -4.52875E-01   -3.06102E-01    2.79867E-01   -5.57928E-01    1.66134E-01   -1.79283E-02    2.17097E-01   -6.10781E-01    7.96746E-02    2.27846E-01
     3.75008E-01    2.69231E+00    1.13378E+00   -1.74625E-01    1.53386E+00   -4.54345E-01   -2.82082E-01    2.77075E-01   -5.58708E-01    1.66018E-01   -2.86571E-02    2.14050E-01   -6.08095E-01    8.08025E-02    2.23274E-01
     3.80008E-01    2.66670E+00    1.13644E+00   -1.66963E-01    1.53064E+00   -4.55696E-01   -2.58378E-01    2.74280E-01   -5.59312E-01    1.65848E-01   -3.91513E-02    2.11017E-01   -6.05207E-01    8.19072E-02    2.18604E-01
     3.85008E-01    2.64108E+00    1.13878E+00   -1.59319E-01    1.52695E+00   -4.56929E-01   -2.34997E-01    2.71482E-01   -5.59743E-01    1.65627E-01   -4.94078E-02    2.07998E-01   -6.02125E-01    8.29883E-02    2.13843E-01
     3.90008E-01    2.61546E+00    1.14081E+00   -1.51694E-01    1.52280E+00   -4.58046E-01   -2.11947E-01    2.68683E-01   -5.60002E-01    1.65355E-01   -5.94240E-02    2.04996E-01   -5.98856E-01    8.40455E-02    2.08997E-01
     3.95008E-01    2.58986E+00    1.14252E+00   -1.44092E-01    1.51820E+00   -4.59049E-01   -1.89234E-01    2.65882E-01   -5.60093E-01    1.65033E-01   -6.91975E-02    2.02010E-01   -5.95406E-01    8.50782E-02    2.04072E-01
     4.00008E-01    2.56428E+00    1.14393E+00   -1.36513E-01    1.51318E+00   -4.59939E-01   -1.66864E-01    2.63082E-01   -5.60019E-01    1.64663E-01   -7.87265E-02    1.99042E-01   -5.91783E-01    8.60861E-02    1.99076E-01
     4.05008E-01    2.53872E+00    1.14504E+00   -1.28961E-01    1.50773E+00   -4.60718E-01   -1.44842E-01    2.60283E-01   -5.59783E-01    1.64246E-01   -8.80092E-02    1.96093E-01   -5.87993E-01    8.70688E-02    1.94013E-01
     4.10008E-01    2.51319E+00    1.14586E+00   -1.21437E-01    1.50188E+00   -4.61388E-01   -1.23175E-01    2.57485E-01   -5.59386E-01    1.63783E-01   -9.70444E-02    1.93162E-01   -5.84043E-01    8.80261E-02    1.88891E-01
     4.15008E-01    2.48770E+00    1.14638E+00   -1.13943E-01    1.49564E+00   -4.61951E-01   -1.01867E-01    2.54689E-01   -5.58832E-01    1.63276E-01   -1.05831E-01    1.90252E-01   -5.79941E-01    8.89576E-02    1.83716E-01
     4.20008E-01    2.46226E+00    1.14662E+00   -1.06481E-01    1.48902E+00   -4.62408E-01   -8.09221E-02    2.51897E-01   -5.58125E-01    1.62726E-01   -1.14368E-01    1.87363E-01   -5.75693E-01    8.98631E-02    1.78492E-01
     4.25008E-01    2.43687E+00    1.14658E+00   -9.90533E-02    1.48202E+00   -4.62761E-01   -6.03444E-02    2.49108E-01   -5.57267E-01    1.62133E-01   -1.22656E-01    1.84496E-01   -5.71306E-01    9.07425E-02    1.73227E-01
     4.30008E-01    2.41154E+00    1.14626E+00   -9.16615E-02    1.47468E+00   -4.63012E-01   -4.01375E-02    2.46324E-01   -5.56261E-01    1.61499E-01   -1.30694E-01    1.81650E-01   -5.66786E-01    9.15953E-02    1.67925E-01
     4.35008E-01    2.38628E+00    1.14568E+00   -8.43072E-02    1.46699E+00   -4.63163E-01   -2.03045E-02    2.43546E-01   -5.55110E-01    1.60826E-01   -1.38482E-01    1.78828E-01   -5.62141E-01    9.24216E-02    1.62593E-01
     4.40008E-01    2.36108E+00    1.14482E+00   -7.69922E-02    1.45897E+00   -4.63215E-01   -8.47953E-04    2.40773E-01   -5.53818E-01    1.60115E-01   -1.46022E-01    1.76029E-01   -5.57376E-01    9.32212E-02    1.57236E-01
     4.45008E-01    2.33597E+00    1.14371E+00   -6.97181E-02    1.45063E+00   -4.63172E-01    1.82296E-02    2.38008E-01   -5.52388E-01    1.59367E-01   -1.53312E-01    1.73255E-01   -5.52498E-01    9.39940E-02    1.51860E-01
     4.50008E-01    2.31094E+00    1.14235E+00   -6.24864E-02    1.44199E+00   -4.63034E-01    3.69264E-02    2.35250E-01   -5.50822E-01    1.58582E-01   -1.60355E-01    1.70504E-01   -5.47513E-01    9.47398E-02    1.46468E-01
     4.55008E-01    2.28599E+00    1.14073E+00   -5.52988E-02    1.43305E+00   -4.62803E-01    5.52407E-02    2.32500E-01   -5.49125E-01    1.57763E-01   -1.67152E-01    1.67780E-01   -5.42429E-01    9.54586E-02    1.41068E-01
     4.60008E-01    2.26115E+00    1.13887E+00   -4.81565E-02    1.42383E+00   -4.62482E-01    7.31713E-02    2.29759E-01   -5.47299E-01    1.56911E-01   -1.73703E-01    1.65080E-01   -5.37250E-01    9.61505E-02    1.35663E-01
     4.65008E-01    2.23640E+00    1.13678E+00   -4.10609E-02    1.41435E+00   -4.62072E-01    9.07173E-02    2.27027E-01   -5.45347E-01    1.56027E-01   -1.80011E-01    1.62407E-01   -5.31983E-01    9.68153E-02    1.30258E-01
     4.70008E-01    2.21175E+00    1.13445E+00   -3.40135E-02    1.40460E+00   -4.61575E-01    1.07878E-01    2.24305E-01   -5.43274E-01    1.55111E-01   -1.86077E-01    1.59761E-01   -5.26634E-01    9.74530E-02    1.24859E-01
     4.75008E-01    2.18722E+00    1.13189E+00   -2.70154E-02    1.39461E+00   -4.60994E-01    1.24654E-01    2.21594E-01   -5.41082E-01    1.54166E-01   -1.91904E-01    1.57141E-01   -5.21208E-01    9.80639E-02    1.19469E-01
     4.80008E-01    2.16280E+00    1.12911E+00   -2.00679E-02    1.38438E+00   -4.60329E-01    1.41044E-01    2.18895E-01   -5.38775E-01    1.53193E-01   -1.97493E-01    1.54549E-01   -5.15712E-01    9.86477E-02    1.14093E-01
     4.85008E-01    2.13850E+00    1.12612E+00   -1.31721E-02    1.37393E+00   -4.59584E-01    1.57049E-01    2.16207E-01   -5.36356E-01    1.52192E-01   -2.02848E-01    1.51984E-01   -5.10151E-01    9.92048E-02    1.08735E-01
     4.90008E-01    2.11433E+00    1.12292E+00   -6.32905E-03    1.36326E+00   -4.58760E-01    1.72670E-01    2.13531E-01   -5.33828E-01    1.51165E-01   -2.07969E-01    1.49447E-01   -5.04530E-01    9.97351E-02    1.03399E-01
     4.95008E-01    2.09028E+00    1.11951E+00    4.60136E-04    1.35239E+00   -4.57858E-01    1.87907E-01    2.10869E-01   -5.31194E-01    1.50113E-01   -2.12861E-01    1.46939E-01   -4.98855E-01    1.00239E-01    9.80896E-02
     5.00008E-01    2.06636E+00    1.11590E+00    7.19450E-03    1.34133E+00   -4.56881E-01    2.02762E-01    2.08220E-01   -5.28459E-01    1.49037E-01   -2.17526E-01    1.44459E-01   -4.93130E-01    1.00716E-01    9.28100E-02
     5.05007E-01    2.04258E+00    1.11209E+00    1.38731E-02    1.33010E+00   -4.55831E-01    2.17237E-01    2.05584E-01   -5.25625E-01    1.47938E-01   -2.21967E-01    1.42008E-01   -4.87362E-01    1.01167E-01    8.75641E-02
     5.10007E-01    2.01894E+00    1.10810E+00    2.04951E-02    1.31869E+00   -4.54709E-01    2.31332E-01    2.02964E-01   -5.22695E-01    1.46817E-01   -2.26187E-01    1.39585E-01   -4.81555E-01    1.01592E-01    8.23551E-02
     5.15007E-01    1.99545E+00    1.10393E+00    2.70596E-02    1.30712E+00   -4.53518E-01    2.45050E-01    2.00358E-01   -5.19674E-01    1.45676E-01   -2.30189E-01    1.37192E-01   -4.75714E-01    1.01991E-01    7.71866E-02
     5.20007E-01    1.97210E+00    1.09958E+00    3.35659E-02    1.29540E+00   -4.52260E-01    2.58393E-01    1.97767E-01   -5.16564E-01    1.44516E-01   -2.33977E-01    1.34828E-01   -4.69843E-01    1.02364E-01    7.20616E-02
     5.25007E-01    1.94890E+00    1.09505E+00    4.00133E-02    1.28353E+00   -4.50935E-01    2.71364E-01    1.95192E-01   -5.13368E-01    1.43337E-01   -2.37554E-01    1.32494E-01   -4.63947E-01    1.02711E-01    6.69832E-02
     5.30007E-01    1.92585E+00    1.09036E+00    4.64010E-02    1.27154E+00   -4.49547E-01    2.83964E-01    1.92634E-01   -5.10090E-01    1.42141E-01   -2.40924E-01    1.30189E-01   -4.58030E-01    1.03034E-01    6.19543E-02
     5.35007E-01    1.90297E+00    1.08551E+00    5.27285E-02    1.25943E+00   -4.48096E-01    2.96198E-01    1.90091E-01   -5.06733E-01    1.40928E-01   -2.44091E-01    1.27914E-01   -4.52097E-01    1.03331E-01    5.69776E-02
     5.40007E-01    1.88024E+00    1.08050E+00    5.89951E-02    1.24721E+00   -4.46585E-01    3.08067E-01    1.87566E-01   -5.03300E-01    1.39700E-01   -2.47057E-01    1.25668E-01   -4.46152E-01    1.03603E-01    5.20557E-02
     5.45007E-01    1.85767E+00    1.07534E+00    6.52003E-02    1.23488E+00   -4.45016E-01    3.19575E-01    1.85059E-01   -4.99794E-01    1.38458E-01   -2.49827E-01    1.23452E-01   -4.40199E-01    1.03852E-01    4.71911E-02
     5.50007E-01    1.83527E+00    1.07004E+00    7.13436E-02    1.22245E+00   -4.43390E-01    3.30725E-01    1.82569E-01   -4.96219E-01    1.37202E-01   -2.52405E-01    1.21266E-01   -4.34242E-01    1.04075E-01    4.23861E-02
     5.55007E-01    1.81304E+00    1.06459E+00    7.74246E-02    1.20995E+00   -4.41709E-01    3.41521E-01    1.80097E-01   -4.92578E-01    1.35934E-01   -2.54795E-01    1.19110E-01   -4.28284E-01    1.04276E-01    3.76429E-02
     5.60007E-01    1.79098E+00    1.05901E+00    8.34429E-02    1.19736E+00   -4.39975E-01    3.51966E-01    1.77643E-01   -4.88873E-01    1.34654E-01   -2.57001E-01    1.16983E-01   -4.22329E-01    1.04452E-01    3.29634E-02
     5.65007E-01    1.76909E+00    1.05330E+00    8.93981E-02    1.18471E+00   -4.38190E-01    3.62065E-01    1.75208E-01   -4.85108E-01    1.33364E-01   -2.59026E-01    1.14886E-01   -4.16381E-01    1.04605E-01    2.83497E-02
     5.70007E-01    1.74738E+00    1.04746E+00    9.52898E-02    1.17199E+00   -4.36355E-01    3.71820E-01    1.72792E-01   -4.81286E-01    1.32064E-01   -2.60874E-01    1.12819E-01   -4.10443E-01    1.04736E-01    2.38035E-02
     5.75007E-01    1.72584E+00    1.04151E+00    1.01118E-01    1.15923E+00   -4.34473E-01    3.81237E-01    1.70395E-01   -4.77409E-01    1.30756E-01   -2.62551E-01    1.10782E-01   -4.04518E-01    1.04843E-01    1.93265E-02
     5.80007E-01    1.70448E+00    1.03544E+00    1.06882E-01    1.14641E+00   -4.32544E-01    3.90319E-01    1.68018E-01   -4.73481E-01    1.29439E-01   -2.64059E-01    1.08774E-01   -3.98609E-01    1.04929E-01    1.49202E-02
     5.85007E-01    1.68330E+00    1.02925E+00    1.12582E-01    1.13356E+00   -4.30570E-01    3.99070E-01    1.65661E-01   -4.69505E-01    1.28116E-01   -2.65404E-01    1.06796E-01   -3.92720E-01    1.04993E-01    1.05859E-02
     5.90007E-01    1.66230E+00    1.02297E+00    1.18217E-01    1.12068E+00   -4.28553E-01    4.07496E-01    1.63323E-01   -4.65483E-01    1.26785E-01   -2.66588E-01    1.04847E-01   -3.86853E-01    1.05035E-01    6.32503E-03
     5.95007E-01    1.64149E+00    1.01658E+00    1.23789E-01    1.10778E+00   -4.26496E-01    4.15600E-01    1.61006E-01   -4.61418E-01    1.25450E-01   -2.67617E-01    1.02927E-01   -3.81011E-01    1.05056E-01    2.13870E-03
     6.00007E-01    1.62086E+00    1.01009E+00    1.29295E-01    1.09486E+00   -4.24398E-01    4.23387E-01    1.58709E-01   -4.57314E-01    1.24110E-01   -2.68494E-01    1.01037E-01   -3.75196E-01    1.05057E-01   -1.97205E-03
     6.05007E-01    1.60041E+00    1.00352E+00    1.34737E-01    1.08193E+00   -4.22262E-01    4.30862E-01    1.56433E-01   -4.53172E-01    1.22765E-01   -2.69223E-01    9.91754E-02   -3.69411E-01    1.05037E-01   -6.00625E-03
     6.10007E-01    1.58015E+00    9.96854E-01    1.40114E-01    1.06899E+00   -4.20090E-01    4.38029E-01    1.54177E-01   -4.48995E-01    1.21418E-01   -2.69810E-01    9.73428E-02   -3.63658E-01    1.04997E-01   -9.96307E-03
     6.15007E-01    1.56008E+00    9.90108E-01    1.45427E-01    1.05606E+00   -4.17883E-01    4.44894E-01    1.51943E-01   -4.44786E-01    1.20067E-01   -2.70257E-01    9.55388E-02   -3.57940E-01    1.04937E-01   -1.38418E-02
     6.20007E-01    1.54020E+00    9.83284E-01    1.50675E-01    1.04314E+00   -4.15642E-01    4.51461E-01    1.49730E-01   -4.40548E-01    1.18715E-01   -2.70568E-01    9.37633E-02   -3.52259E-01    1.04858E-01   -1.76418E-02
     6.25007E-01    1.52051E+00    9.76385E-01    1.55858E-01    1.03023E+00   -4.13368E-01    4.57735E-01    1.47537E-01   -4.36283E-01    1.17362E-01   -2.70749E-01    9.20161E-02   -3.46617E-01    1.04761E-01   -2.13625E-02
     6.30007E-01    1.50101E+00    9.69417E-01    1.60977E-01    1.01734E+00   -4.11065E-01    4.63721E-01    1.45367E-01   -4.31993E-01    1.16008E-01   -2.70803E-01    9.02971E-02   -3.41015E-01    1.04645E-01   -2.50035E-02
     6.35007E-01    1.48170E+00    9.62383E-01    1.66032E-01    1.00448E+00   -4.08732E-01    4.69425E-01    1.43218E-01   -4.27682E-01    1.14654E-01   -2.70733E-01    8.86059E-02   -3.35456E-01    1.04511E-01   -2.85644E-02
     6.40007E-01    1.46258E+00    9.55287E-01    1.71022E-01    9.91648E-01   -4.06371E-01    4.74850E-01    1.41090E-01   -4.23350E-01    1.13301E-01   -2.70544E-01    8.69425E-02   -3.29941E-01    1.04359E-01   -3.20451E-02
     6.45007E-01    1.44365E+00    9.48134E-01    1.75948E-01    9.78853E-01   -4.03984E-01    4.80004E-01    1.38984E-01   -4.19001E-01    1.11949E-01   -2.70240E-01    8.53065E-02   -3.24472E-01    1.04191E-01   -3.54452E-02
     6.50007E-01    1.42492E+00    9.40927E-01    1.80811E-01    9.66099E-01   -4.01571E-01    4.84890E-01    1.36900E-01   -4.14637E-01    1.10599E-01   -2.69825E-01    8.36977E-02   -3.19050E-01    1.04005E-01   -3.87648E-02
     6.55007E-01    1.40637E+00    9.33670E-01    1.85609E-01    9.53391E-01   -3.99135E-01    4.89514E-01    1.34838E-01   -4.10261E-01    1.09251E-01   -2.69303E-01    8.21159E-02   -3.13677E-01    1.03803E-01   -4.20038E-02
     6.60007E-01    1.38802E+00    9.26366E-01    1.90345E-01    9.40734E-01   -3.96677E-01    4.93880E-01    1.32797E-01   -4.05873E-01    1.07906E-01   -2.68677E-01    8.05609E-02   -3.08355E-01    1.03585E-01   -4.51623E-02
     6.65007E-01    1.36987E+00    9.19020E-01    1.95017E-01    9.28132E-01   -3.94197E-01    4.97995E-01    1.30779E-01   -4.01477E-01    1.06564E-01   -2.67951E-01    7.90323E-02   -3.03083E-01    1.03352E-01   -4.82404E-02
     6.70007E-01    1.35190E+00    9.11635E-01    1.99626E-01    9.15589E-01   -3.91697E-01    5.01864E-01    1.28783E-01   -3.97074E-01    1.05227E-01   -2.67129E-01    7.75299E-02   -2.97865E-01    1.03103E-01   -5.12383E-02
     6.75007E-01    1.33413E+00    9.04215E-01    2.04173E-01    9.03109E-01   -3.89179E-01    5.05491E-01    1.26808E-01   -3.92666E-01    1.03893E-01   -2.66214E-01    7.60536E-02   -2.92700E-01    1.02839E-01   -5.41563E-02
     6.80007E-01    1.31655E+00    8.96762E-01    2.08657E-01    8.90696E-01   -3.86643E-01    5.08881E-01    1.24856E-01   -3.88256E-01    1.02565E-01   -2.65210E-01    7.46029E-02   -2.87589E-01    1.02561E-01   -5.69948E-02
     6.85007E-01    1.29916E+00    8.89281E-01    2.13080E-01    8.78353E-01   -3.84090E-01    5.12041E-01    1.22926E-01   -3.83845E-01    1.01241E-01   -2.64121E-01    7.31776E-02   -2.82534E-01    1.02269E-01   -5.97541E-02
     6.90007E-01    1.28196E+00    8.81774E-01    2.17441E-01    8.66085E-01   -3.81523E-01    5.14975E-01    1.21018E-01   -3.79435E-01    9.99235E-02   -2.62951E-01    7.17774E-02   -2.77536E-01    1.01964E-01   -6.24347E-02
     6.95007E-01    1.26495E+00    8.74245E-01    2.21741E-01    8.53895E-01   -3.78941E-01    5.17689E-01    1.19132E-01   -3.75028E-01    9.86118E-02   -2.61702E-01    7.04022E-02   -2.72594E-01    1.01645E-01   -6.50371E-02
     7.00006E-01    1.24814E+00    8.66696E-01    2.25980E-01    8.41785E-01   -3.76346E-01    5.20187E-01    1.17267E-01   -3.70625E-01    9.73066E-02   -2.60377E-01    6.90514E-02   -2.67711E-01    1.01314E-01   -6.75619E-02
     7.05006E-01    1.23151E+00    8.59131E-01    2.30159E-01    8.29759E-01   -3.73739E-01    5.22475E-01    1.15425E-01   -3.66229E-01    9.60082E-02   -2.58981E-01    6.77250E-02   -2.62885E-01    1.00970E-01   -7.00096E-02
     7.10006E-01    1.21508E+00    8.51553E-01    2.34277E-01    8.17820E-01   -3.71122E-01    5.24558E-01    1.13605E-01   -3.61840E-01    9.47169E-02   -2.57517E-01    6.64225E-02   -2.58119E-01    1.00614E-01   -7.23810E-02
     7.15006E-01    1.19883E+00    8.43964E-01    2.38337E-01    8.05970E-01   -3.68494E-01    5.26441E-01    1.11807E-01   -3.57461E-01    9.34331E-02   -2.55987E-01    6.51437E-02   -2.53412E-01    1.00246E-01   -7.46767E-02
     7.20006E-01    1.18277E+00    8.36368E-01    2.42337E-01    7.94212E-01   -3.65858E-01    5.28129E-01    1.10030E-01   -3.53093E-01    9.21572E-02   -2.54394E-01    6.38883E-02   -2.48765E-01    9.98671E-02   -7.68975E-02
     7.25006E-01    1.16690E+00    8.28767E-01    2.46279E-01    7.82549E-01   -3.63213E-01    5.29627E-01    1.08276E-01   -3.48737E-01    9.08893E-02   -2.52743E-01    6.26559E-02   -2.44178E-01    9.94772E-02   -7.90442E-02
     7.30006E-01    1.15122E+00    8.21163E-01    2.50163E-01    7.70982E-01   -3.60562E-01    5.30940E-01    1.06543E-01   -3.44395E-01    8.96298E-02   -2.51035E-01    6.14464E-02   -2.39651E-01    9.90768E-02   -8.11175E-02
     7.35006E-01    1.13572E+00    8.13559E-01    2.53989E-01    7.59515E-01   -3.57904E-01    5.32073E-01    1.04832E-01   -3.40068E-01    8.83790E-02   -2.49274E-01    6.02593E-02   -2.35185E-01    9.86662E-02   -8.31183E-02
     7.40006E-01    1.12041E+00    8.05958E-01    2.57758E-01    7.48148E-01   -3.55241E-01    5.33031E-01    1.03142E-01   -3.35758E-01    8.71372E-02   -2.47463E-01    5.90945E-02   -2.30780E-01    9.82458E-02   -8.50476E-02
     7.45006E-01    1.10528E+00    7.98362E-01    2.61471E-01    7.36884E-01   -3.52574E-01    5.33818E-01    1.01474E-01   -3.31465E-01    8.59045E-02   -2.45603E-01    5.79515E-02   -2.26437E-01    9.78158E-02   -8.69062E-02
     7.50006E-01    1.09033E+00    7.90774E-01    2.65127E-01    7.25725E-01   -3.49903E-01    5.34440E-01    9.98277E-02   -3.27191E-01    8.46812E-02   -2.43699E-01    5.68300E-02   -2.22154E-01    9.73768E-02   -8.86950E-02
     7.55006E-01    1.07557E+00    7.83195E-01    2.68728E-01    7.14672E-01   -3.47230E-01    5.34901E-01    9.82024E-02   -3.22938E-01    8.34676E-02   -2.41753E-01    5.57298E-02   -2.17932E-01    9.69290E-02   -9.04151E-02
     7.60006E-01    1.06099E+00    7.75627E-01    2.72274E-01    7.03727E-01   -3.44555E-01    5.35207E-01    9.65984E-02   -3.18705E-01    8.22638E-02   -2.39766E-01    5.46506E-02   -2.13771E-01    9.64728E-02   -9.20674E-02
     7.65006E-01    1.04658E+00    7.68074E-01    2.75765E-01    6.92890E-01   -3.41878E-01    5.35360E-01    9.50154E-02   -3.14496E-01    8.10700E-02   -2.37743E-01    5.35920E-02   -2.09671E-01    9.60085E-02   -9.36529E-02
     7.70006E-01    1.03236E+00    7.60536E-01    2.79203E-01    6.82165E-01   -3.39201E-01    5.35367E-01    9.34534E-02   -3.10309E-01    7.98864E-02   -2.35684E-01    5.25538E-02   -2.05633E-01    9.55364E-02   -9.51726E-02
     7.75006E-01    1.01831E+00    7.53016E-01    2.82587E-01    6.71550E-01   -3.36525E-01    5.35232E-01    9.19123E-02   -3.06147E-01    7.87132E-02   -2.33593E-01    5.15356E-02   -2.01655E-01    9.50568E-02   -9.66276E-02
     7.80006E-01    1.00444E+00    7.45516E-01    2.85919E-01    6.61049E-01   -3.33849E-01    5.34959E-01    9.03919E-02   -3.02010E-01    7.75506E-02   -2.31472E-01    5.05372E-02   -1.97737E-01    9.45702E-02   -9.80189E-02
     7.85006E-01    9.90741E-01    7.38037E-01    2.89198E-01    6.50660E-01   -3.31176E-01    5.34552E-01    8.88921E-02   -2.97899E-01    7.63986E-02   -2.29323E-01    4.95581E-02   -1.93880E-01    9.40768E-02   -9.93476E-02
     7.90006E-01    9.77218E-01    7.30582E-01    2.92425E-01    6.40386E-01   -3.28504E-01    5.34016E-01    8.74129E-02   -2.93816E-01    7.52574E-02   -2.27148E-01    4.85983E-02   -1.90084E-01    9.35768E-02   -1.00615E-01
     7.95006E-01    9.63867E-01    7.23152E-01    2.95602E-01    6.30228E-01   -3.25836E-01    5.33354E-01    8.59539E-02   -2.89760E-01    7.41271E-02   -2.24950E-01    4.76572E-02   -1.86347E-01    9.30707E-02   -1.01822E-01
     8.00006E-01    9.50687E-01    7.15748E-01    2.98728E-01    6.20184E-01   -3.23171E-01    5.32572E-01    8.45152E-02   -2.85733E-01    7.30079E-02   -2.22730E-01    4.67347E-02   -1.82669E-01    9.25587E-02   -1.02969E-01
     8.05006E-01    9.37677E-01    7.08373E-01    3.01804E-01    6.10258E-01   -3.20510E-01    5.31674E-01    8.30966E-02   -2.81736E-01    7.18999E-02   -2.20490E-01    4.58304E-02   -1.79051E-01    9.20411E-02   -1.04058E-01
     8.10006E-01    9.24835E-01    7.01027E-01    3.04831E-01    6.00447E-01   -3.17854E-01    5.30663E-01    8.16978E-02   -2.77768E-01    7.08031E-02   -2.18233E-01    4.49441E-02   -1.75492E-01    9.15182E-02   -1.05091E-01
     8.15006E-01    9.12160E-01    6.93712E-01    3.07809E-01    5.90754E-01   -3.15204E-01    5.29543E-01    8.03188E-02   -2.73832E-01    6.97176E-02   -2.15960E-01    4.40754E-02   -1.71991E-01    9.09903E-02   -1.06067E-01
     8.20006E-01    8.99650E-01    6.86430E-01    3.10738E-01    5.81178E-01   -3.12559E-01    5.28318E-01    7.89595E-02   -2.69927E-01    6.86435E-02   -2.13673E-01    4.32241E-02   -1.68548E-01    9.04577E-02   -1.06988E-01
     8.25006E-01    8.87304E-01    6.79181E-01    3.13620E-01    5.71720E-01   -3.09921E-01    5.26992E-01    7.76195E-02   -2.66053E-01    6.75809E-02   -2.11374E-01    4.23899E-02   -1.65163E-01    8.99205E-02   -1.07855E-01
     8.30006E-01    8.75121E-01    6.71968E-01    3.16456E-01    5.62379E-01   -3.07289E-01    5.25569E-01    7.62989E-02   -2.62213E-01    6.65298E-02   -2.09064E-01    4.15724E-02   -1.61835E-01    8.93792E-02   -1.08670E-01
     8.35006E-01    8.63099E-01    6.64791E-01    3.19244E-01    5.53156E-01   -3.04665E-01    5.24053E-01    7.49974E-02   -2.58405E-01    6.54903E-02   -2.06745E-01    4.07714E-02   -1.58563E-01    8.88339E-02   -1.09434E-01
     8.40006E-01    8.51236E-01    6.57652E-01    3.21987E-01    5.44051E-01   -3.02049E-01    5.22446E-01    7.37148E-02   -2.54631E-01    6.44624E-02   -2.04419E-01    3.99867E-02   -1.55348E-01    8.82850E-02   -1.10147E-01
     8.45006E-01    8.39532E-01    6.50551E-01    3.24685E-01    5.35063E-01   -2.99441E-01    5.20754E-01    7.24510E-02   -2.50891E-01    6.34461E-02   -2.02087E-01    3.92179E-02   -1.52188E-01    8.77326E-02   -1.10810E-01
     8.50006E-01    8.27984E-01    6.43489E-01    3.27338E-01    5.26193E-01   -2.96842E-01    5.18978E-01    7.12058E-02   -2.47185E-01    6.24415E-02   -1.99750E-01    3.84647E-02   -1.49083E-01    8.71770E-02   -1.11426E-01
     8.55006E-01    8.16591E-01    6.36469E-01    3.29947E-01    5.17439E-01   -2.94251E-01    5.17123E-01    6.99791E-02   -2.43514E-01    6.14486E-02   -1.97411E-01    3.77270E-02   -1.46033E-01    8.66184E-02   -1.11994E-01
     8.60006E-01    8.05352E-01    6.29490E-01    3.32513E-01    5.08803E-01   -2.91671E-01    5.15191E-01    6.87707E-02   -2.39878E-01    6.04674E-02   -1.95070E-01    3.70043E-02   -1.43037E-01    8.60571E-02   -1.12516E-01
     8.65006E-01    7.94265E-01    6.22553E-01    3.35035E-01    5.00283E-01   -2.89100E-01    5.13187E-01    6.75803E-02   -2.36278E-01    5.94979E-02   -1.92728E-01    3.62965E-02   -1.40094E-01    8.54933E-02   -1.12994E-01
     8.70006E-01    7.83328E-01    6.15660E-01    3.37516E-01    4.91879E-01   -2.86539E-01    5.11112E-01    6.64078E-02   -2.32713E-01    5.85401E-02   -1.90387E-01    3.56033E-02   -1.37205E-01    8.49272E-02   -1.13428E-01
     8.75006E-01    7.72540E-01    6.08811E-01    3.39954E-01    4.83591E-01   -2.83989E-01    5.08971E-01    6.52531E-02   -2.29185E-01    5.75941E-02   -1.88049E-01    3.49244E-02   -1.34367E-01    8.43591E-02   -1.13819E-01
     8.80006E-01    7.61899E-01    6.02007E-01    3.42352E-01    4.75418E-01   -2.81449E-01    5.06767E-01    6.41159E-02   -2.25692E-01    5.66597E-02   -1.85714E-01    3.42595E-02   -1.31581E-01    8.37891E-02   -1.14168E-01
     8.85006E-01    7.51405E-01    5.95248E-01    3.44709E-01    4.67359E-01   -2.78921E-01    5.04501E-01    6.29961E-02   -2.22236E-01    5.57369E-02   -1.83383E-01    3.36085E-02   -1.28846E-01    8.32175E-02   -1.14476E-01
     8.90006E-01    7.41054E-01    5.88536E-01    3.47026E-01    4.59414E-01   -2.76404E-01    5.02178E-01    6.18935E-02   -2.18817E-01    5.48258E-02   -1.81057E-01    3.29710E-02   -1.26161E-01    8.26444E-02   -1.14746E-01
     8.95006E-01    7.30846E-01    5.81871E-01    3.49303E-01    4.51583E-01   -2.73899E-01    4.99799E-01    6.08079E-02   -2.15435E-01    5.39264E-02   -1.78738E-01    3.23468E-02   -1.23526E-01    8.20701E-02   -1.14976E-01
     9.00006E-01    7.20780E-01    5.75253E-01    3.51542E-01    4.43864E-01   -2.71406E-01    4.97368E-01    5.97391E-02   -2.12090E-01    5.30385E-02   -1.76426E-01    3.17357E-02   -1.20940E-01    8.14947E-02   -1.15169E-01
     9.05005E-01    7.10853E-01    5.68683E-01    3.53742E-01    4.36257E-01   -2.68926E-01    4.94888E-01    5.86870E-02   -2.08781E-01    5.21621E-02   -1.74122E-01    3.11373E-02   -1.18403E-01    8.09185E-02   -1.15326E-01
     9.10005E-01    7.01064E-01    5.62162E-01    3.55904E-01    4.28761E-01   -2.66458E-01    4.92360E-01    5.76513E-02   -2.05510E-01    5.12972E-02   -1.71828E-01    3.05516E-02   -1.15913E-01    8.03415E-02   -1.15447E-01
     9.15005E-01    6.91412E-01    5.55690E-01    3.58030E-01    4.21376E-01   -2.64002E-01    4.89788E-01    5.66318E-02   -2.02276E-01    5.04438E-02   -1.69543E-01    2.99781E-02   -1.13471E-01    7.97641E-02   -1.15534E-01
     9.20005E-01    6.81895E-01    5.49268E-01    3.60118E-01    4.14100E-01   -2.61560E-01    4.87173E-01    5.56284E-02   -1.99080E-01    4.96018E-02   -1.67270E-01    2.94168E-02   -1.11075E-01    7.91863E-02   -1.15587E-01
     9.25005E-01    6.72511E-01    5.42895E-01    3.62171E-01    4.06932E-01   -2.59131E-01    4.84519E-01    5.46410E-02   -1.95920E-01    4.87711E-02   -1.65008E-01    2.88673E-02   -1.08725E-01    7.86083E-02   -1.15607E-01
     9.30005E-01    6.63259E-01    5.36573E-01    3.64188E-01    3.99873E-01   -2.56715E-01    4.81828E-01    5.36692E-02   -1.92798E-01    4.79517E-02   -1.62758E-01    2.83295E-02   -1.06420E-01    7.80303E-02   -1.15596E-01
     9.35005E-01    6.54137E-01    5.30301E-01    3.66170E-01    3.92920E-01   -2.54312E-01    4.79101E-01    5.27129E-02   -1.89714E-01    4.71435E-02   -1.60521E-01    2.78030E-02   -1.04160E-01    7.74524E-02   -1.15554E-01
     9.40005E-01    6.45144E-01    5.24081E-01    3.68117E-01    3.86073E-01   -2.51924E-01    4.76342E-01    5.17720E-02   -1.86666E-01    4.63465E-02   -1.58298E-01    2.72878E-02   -1.01944E-01    7.68748E-02   -1.15483E-01
     9.45005E-01    6.36278E-01    5.17911E-01    3.70031E-01    3.79331E-01   -2.49549E-01    4.73551E-01    5.08462E-02   -1.83656E-01    4.55605E-02   -1.56089E-01    2.67835E-02   -9.97705E-02    7.62976E-02   -1.15382E-01
     9.50005E-01    6.27538E-01    5.11793E-01    3.71911E-01    3.72692E-01   -2.47188E-01    4.70732E-01    4.99354E-02   -1.80683E-01    4.47856E-02   -1.53895E-01    2.62900E-02   -9.76400E-02    7.57210E-02   -1.15254E-01
     9.55005E-01    6.18923E-01    5.05727E-01    3.73758E-01    3.66157E-01   -2.44842E-01    4.67887E-01    4.90393E-02   -1.77747E-01    4.40215E-02   -1.51716E-01    2.58071E-02   -9.55514E-02    7.51451E-02   -1.15099E-01
     9.60005E-01    6.10430E-01    4.99713E-01    3.75572E-01    3.59724E-01   -2.42510E-01    4.65016E-01    4.81579E-02   -1.74849E-01    4.32684E-02   -1.49553E-01    2.53344E-02   -9.35041E-02    7.45701E-02   -1.14917E-01
     9.65005E-01    6.02058E-01    4.93751E-01    3.77355E-01    3.53391E-01   -2.40192E-01    4.62123E-01    4.72908E-02   -1.71987E-01    4.25260E-02   -1.47406E-01    2.48720E-02   -9.14974E-02    7.39960E-02   -1.14710E-01
     9.70005E-01    5.93807E-01    4.87841E-01    3.79106E-01    3.47158E-01   -2.37888E-01    4.59209E-01    4.64379E-02   -1.69162E-01    4.17943E-02   -1.45276E-01    2.44194E-02   -8.95306E-02    7.34230E-02   -1.14479E-01
     9.75005E-01    5.85673E-01    4.81983E-01    3.80827E-01    3.41024E-01   -2.35600E-01    4.56275E-01    4.55991E-02   -1.66373E-01    4.10732E-02   -1.43164E-01    2.39766E-02   -8.76033E-02    7.28512E-02   -1.14224E-01
     9.80005E-01    5.77656E-01    4.76177E-01    3.82517E-01    3.34988E-01   -2.33326E-01    4.53324E-01    4.47742E-02   -1.63621E-01    4.03626E-02   -1.41069E-01    2.35433E-02   -8.57145E-02    7.22808E-02   -1.13945E-01
     9.85005E-01    5.69755E-01    4.70424E-01    3.84177E-01    3.29048E-01   -2.31067E-01    4.50357E-01    4.39629E-02   -1.60906E-01    3.96625E-02   -1.38992E-01    2.31194E-02   -8.38639E-02    7.17118E-02   -1.13645E-01
     9.90005E-01    5.61967E-01    4.64724E-01    3.85807E-01    3.23204E-01   -2.28822E-01    4.47376E-01    4.31650E-02   -1.58226E-01    3.89727E-02   -1.36933E-01    2.27046E-02   -8.20507E-02    7.11444E-02   -1.13324E-01
     9.95005E-01    5.54292E-01    4.59076E-01    3.87409E-01    3.17453E-01   -2.26593E-01    4.44382E-01    4.23805E-02   -1.55583E-01    3.82931E-02   -1.34893E-01    2.22988E-02   -8.02742E-02    7.05786E-02   -1.12981E-01
     1.00001E+00    5.46728E-01    4.53480E-01    3.88982E-01    3.11797E-01   -2.24378E-01    4.41377E-01    4.16092E-02   -1.52975E-01    3.76237E-02   -1.32872E-01    2.19018E-02   -7.85340E-02    7.00146E-02   -1.12619E-01
     1.00500E+00    5.39274E-01    4.47937E-01    3.90527E-01    3.06232E-01   -2.22179E-01    4.38362E-01    4.08507E-02   -1.50403E-01    3.69644E-02   -1.30871E-01    2.15134E-02   -7.68292E-02    6.94525E-02   -1.12238E-01
     1.01000E+00    5.31927E-01    4.42447E-01    3.92044E-01    3.00758E-01   -2.19995E-01    4.35339E-01    4.01051E-02   -1.47866E-01    3.63150E-02   -1.28888E-01    2.11335E-02   -7.51594E-02    6.88923E-02   -1.11839E-01
     1.01500E+00    5.24688E-01    4.37008E-01    3.93535E-01    2.95374E-01   -2.17826E-01    4.32309E-01    3.93720E-02   -1.45365E-01    3.56755E-02   -1.26926E-01    2.07618E-02   -7.35240E-02    6.83341E-02   -1.11421E-01
     1.02000E+00    5.17553E-01    4.31622E-01    3.94998E-01    2.90079E-01   -2.15672E-01    4.29273E-01    3.86514E-02   -1.42898E-01    3.50457E-02   -1.24983E-01    2.03982E-02   -7.19222E-02    6.77781E-02   -1.10987E-01
     1.02500E+00    5.10523E-01    4.26289E-01    3.96436E-01    2.84871E-01   -2.13533E-01    4.26233E-01    3.79430E-02   -1.40466E-01    3.44256E-02   -1.23061E-01    2.00425E-02   -7.03536E-02    6.72243E-02   -1.10536E-01
     1.03000E+00    5.03596E-01    4.21007E-01    3.97847E-01    2.79750E-01   -2.11409E-01    4.23190E-01    3.72467E-02   -1.38069E-01    3.38151E-02   -1.21158E-01    1.96946E-02   -6.88174E-02    6.66728E-02   -1.10070E-01
     1.03500E+00    4.96770E-01    4.15777E-01    3.99233E-01    2.74714E-01   -2.09301E-01    4.20145E-01    3.65623E-02   -1.35705E-01    3.32140E-02   -1.19276E-01    1.93543E-02   -6.73133E-02    6.61236E-02   -1.09588E-01
     1.04000E+00    4.90043E-01    4.10599E-01    4.00594E-01    2.69762E-01   -2.07208E-01    4.17099E-01    3.58896E-02   -1.33376E-01    3.26223E-02   -1.17415E-01    1.90214E-02   -6.58405E-02    6.55769E-02   -1.09093E-01
     1.04500E+00    4.83416E-01    4.05472E-01    4.01931E-01    2.64894E-01   -2.05130E-01    4.14053E-01    3.52285E-02   -1.31080E-01    3.20398E-02   -1.15574E-01    1.86958E-02   -6.43985E-02    6.50327E-02   -1.08583E-01
     1.05000E+00    4.76885E-01    4.00397E-01    4.03244E-01    2.60107E-01   -2.03068E-01    4.11008E-01    3.45787E-02   -1.28817E-01    3.14665E-02   -1.13754E-01    1.83774E-02   -6.29867E-02    6.44911E-02   -1.08060E-01
     1.05500E+00    4.70451E-01    3.95374E-01    4.04532E-01    2.55401E-01   -2.01020E-01    4.07966E-01    3.39402E-02   -1.26588E-01    3.09023E-02   -1.11955E-01    1.80659E-02   -6.16045E-02    6.39522E-02   -1.07524E-01
     1.06000E+00    4.64111E-01    3.90401E-01    4.05798E-01    2.50774E-01   -1.98988E-01    4.04927E-01    3.33128E-02   -1.24391E-01    3.03469E-02   -1.10177E-01    1.77613E-02   -6.02515E-02    6.34159E-02   -1.06976E-01
     1.06500E+00    4.57865E-01    3.85479E-01    4.07040E-01    2.46227E-01   -1.96971E-01    4.01893E-01    3.26963E-02   -1.22227E-01    2.98005E-02   -1.08419E-01    1.74633E-02   -5.89270E-02    6.28824E-02   -1.06417E-01
     1.07000E+00    4.51711E-01    3.80608E-01    4.08260E-01    2.41756E-01   -1.94969E-01    3.98863E-01    3.20905E-02   -1.20095E-01    2.92627E-02   -1.06683E-01    1.71720E-02   -5.76306E-02    6.23518E-02   -1.05846E-01
     1.07500E+00    4.45648E-01    3.75787E-01    4.09458E-01    2.37362E-01   -1.92982E-01    3.95839E-01    3.14953E-02   -1.17995E-01    2.87336E-02   -1.04967E-01    1.68870E-02   -5.63617E-02    6.18240E-02   -1.05265E-01
     1.08000E+00    4.39675E-01    3.71016E-01    4.10634E-01    2.33043E-01   -1.91011E-01    3.92823E-01    3.09105E-02   -1.15926E-01    2.82130E-02   -1.03273E-01    1.66083E-02   -5.51197E-02    6.12991E-02   -1.04675E-01
     1.08500E+00    4.33790E-01    3.66295E-01    4.11788E-01    2.28798E-01   -1.89054E-01    3.89813E-01    3.03360E-02   -1.13889E-01    2.77008E-02   -1.01599E-01    1.63358E-02   -5.39042E-02    6.07773E-02   -1.04074E-01
     1.09000E+00    4.27992E-01    3.61623E-01    4.12922E-01    2.24626E-01   -1.87112E-01    3.86812E-01    2.97716E-02   -1.11883E-01    2.71970E-02   -9.99470E-02    1.60692E-02   -5.27146E-02    6.02584E-02   -1.03465E-01
     1.09500E+00    4.22280E-01    3.57001E-01    4.14035E-01    2.20526E-01   -1.85186E-01    3.83821E-01    2.92171E-02   -1.09907E-01    2.67013E-02   -9.83154E-02    1.58086E-02   -5.15505E-02    5.97426E-02   -1.02847E-01
     1.10000E+00    4.16654E-01    3.52428E-01    4.15127E-01    2.16497E-01   -1.83274E-01    3.80838E-01    2.86724E-02   -1.07962E-01    2.62138E-02   -9.67047E-02    1.55537E-02   -5.04113E-02    5.92300E-02   -1.02221E-01
     1.10500E+00    4.11110E-01    3.47903E-01    4.16200E-01    2.12538E-01   -1.81378E-01    3.77867E-01    2.81374E-02   -1.06046E-01    2.57343E-02   -9.51149E-02    1.53044E-02   -4.92965E-02    5.87204E-02   -1.01587E-01
     1.11000E+00    4.05650E-01    3.43427E-01    4.17253E-01    2.08647E-01   -1.79496E-01    3.74906E-01    2.76119E-02   -1.04161E-01    2.52626E-02   -9.35458E-02    1.50607E-02   -4.82057E-02    5.82141E-02   -1.00947E-01
     1.11500E+00    4.00271E-01    3.38999E-01    4.18286E-01    2.04824E-01   -1.77628E-01    3.71957E-01    2.70958E-02   -1.02304E-01    2.47988E-02   -9.19975E-02    1.48223E-02   -4.71384E-02    5.77110E-02   -1.00299E-01
     1.12000E+00    3.94972E-01    3.34619E-01    4.19301E-01    2.01068E-01   -1.75776E-01    3.69020E-01    2.65888E-02   -1.00477E-01    2.43426E-02   -9.04698E-02    1.45893E-02   -4.60942E-02    5.72111E-02   -9.96451E-02
     1.12500E+00    3.89752E-01    3.30287E-01    4.20297E-01    1.97377E-01   -1.73938E-01    3.66096E-01    2.60910E-02   -9.86787E-02    2.38941E-02   -8.89627E-02    1.43614E-02   -4.50725E-02    5.67145E-02   -9.89853E-02
     1.13000E+00    3.84610E-01    3.26001E-01    4.21275E-01    1.93751E-01   -1.72115E-01    3.63185E-01    2.56020E-02   -9.69086E-02    2.34530E-02   -8.74760E-02    1.41385E-02   -4.40729E-02    5.62213E-02   -9.83198E-02
     1.13500E+00    3.79546E-01    3.21762E-01    4.22235E-01    1.90188E-01   -1.70306E-01    3.60288E-01    2.51218E-02   -9.51665E-02    2.30193E-02   -8.60097E-02    1.39206E-02   -4.30950E-02    5.57314E-02   -9.76492E-02
     1.14000E+00    3.74557E-01    3.17570E-01    4.23177E-01    1.86688E-01   -1.68512E-01    3.57405E-01    2.46503E-02   -9.34521E-02    2.25928E-02   -8.45636E-02    1.37075E-02   -4.21383E-02    5.52448E-02   -9.69738E-02
     1.14500E+00    3.69643E-01    3.13423E-01    4.24102E-01    1.83249E-01   -1.66732E-01    3.54537E-01    2.41873E-02   -9.17652E-02    2.21736E-02   -8.31376E-02    1.34992E-02   -4.12025E-02    5.47616E-02   -9.62938E-02
     1.15000E+00    3.64802E-01    3.09323E-01    4.25009E-01    1.79871E-01   -1.64967E-01    3.51684E-01    2.37326E-02   -9.01053E-02    2.17614E-02   -8.17317E-02    1.32955E-02   -4.02870E-02    5.42819E-02   -9.56098E-02
     1.15500E+00    3.60035E-01    3.05268E-01    4.25900E-01    1.76552E-01   -1.63215E-01    3.48847E-01    2.32862E-02   -8.84721E-02    2.13563E-02   -8.03457E-02    1.30963E-02   -3.93914E-02    5.38055E-02   -9.49219E-02
     1.16000E+00    3.55339E-01    3.01258E-01    4.26775E-01    1.73292E-01   -1.61478E-01    3.46025E-01    2.28479E-02   -8.68653E-02    2.09580E-02   -7.89794E-02    1.29015E-02   -3.85154E-02    5.33327E-02   -9.42306E-02
     1.16500E+00    3.50713E-01    2.97292E-01    4.27633E-01    1.70089E-01   -1.59755E-01    3.43220E-01    2.24175E-02   -8.52846E-02    2.05664E-02   -7.76327E-02    1.27111E-02   -3.76586E-02    5.28633E-02   -9.35361E-02
     1.17000E+00    3.46158E-01    2.93371E-01    4.28476E-01    1.66944E-01   -1.58046E-01    3.40431E-01    2.19950E-02   -8.37297E-02    2.01816E-02   -7.63055E-02    1.25249E-02   -3.68205E-02    5.23973E-02   -9.28387E-02
     1.17500E+00    3.41671E-01    2.89494E-01    4.29303E-01    1.63854E-01   -1.56351E-01    3.37660E-01    2.15802E-02   -8.22001E-02    1.98034E-02   -7.49976E-02    1.23429E-02   -3.60008E-02    5.19349E-02   -9.21388E-02
     1.18000E+00    3.37252E-01    2.85660E-01    4.30115E-01    1.60819E-01   -1.54669E-01    3.34905E-01    2.11729E-02   -8.06956E-02    1.94316E-02   -7.37088E-02    1.21649E-02   -3.51991E-02    5.14759E-02   -9.14365E-02
     1.18500E+00    3.32899E-01    2.81869E-01    4.30911E-01    1.57837E-01   -1.53002E-01    3.32168E-01    2.07732E-02   -7.92159E-02    1.90662E-02   -7.24391E-02    1.19908E-02   -3.44149E-02    5.10205E-02   -9.07323E-02
     1.19000E+00    3.28613E-01    2.78122E-01    4.31693E-01    1.54909E-01   -1.51348E-01    3.29449E-01    2.03807E-02   -7.77606E-02    1.87072E-02   -7.11882E-02    1.18207E-02   -3.36480E-02    5.05686E-02   -9.00263E-02
     1.19500E+00    3.24391E-01    2.74416E-01    4.32460E-01    1.52033E-01   -1.49707E-01    3.26747E-01    1.99955E-02   -7.63295E-02    1.83543E-02   -6.99560E-02    1.16543E-02   -3.28980E-02    5.01203E-02   -8.93189E-02
     1.20000E+00    3.20233E-01    2.70753E-01    4.33214E-01    1.49208E-01   -1.48080E-01    3.24064E-01    1.96174E-02   -7.49221E-02    1.80076E-02   -6.87423E-02    1.14917E-02   -3.21645E-02    4.96754E-02   -8.86102E-02
     1.20500E+00    3.16138E-01    2.67131E-01    4.33953E-01    1.46434E-01   -1.46467E-01    3.21399E-01    1.92463E-02   -7.35381E-02    1.76669E-02   -6.75470E-02    1.13327E-02   -3.14472E-02    4.92342E-02   -8.79004E-02
     1.21000E+00    3.12106E-01    2.63551E-01    4.34678E-01    1.43709E-01   -1.44866E-01    3.18753E-01    1.88820E-02   -7.21773E-02    1.73321E-02   -6.63699E-02    1.11772E-02   -3.07457E-02    4.87964E-02   -8.71899E-02
     1.21500E+00    3.08134E-01    2.60011E-01    4.35390E-01    1.41033E-01   -1.43279E-01    3.16126E-01    1.85245E-02   -7.08394E-02    1.70031E-02   -6.52107E-02    1.10252E-02   -3.00597E-02    4.83623E-02   -8.64789E-02
     1.22000E+00    3.04223E-01    2.56512E-01    4.36088E-01    1.38405E-01   -1.41705E-01    3.13518E-01    1.81736E-02   -6.95239E-02    1.66800E-02   -6.40694E-02    1.08766E-02   -2.93888E-02    4.79317E-02   -8.57675E-02
     1.22500E+00    3.00372E-01    2.53053E-01    4.36774E-01    1.35823E-01   -1.40144E-01    3.10928E-01    1.78292E-02   -6.82306E-02    1.63624E-02   -6.29457E-02    1.07313E-02   -2.87328E-02    4.75046E-02   -8.50560E-02
     1.23000E+00    2.96579E-01    2.49634E-01    4.37447E-01    1.33288E-01   -1.38596E-01    3.08358E-01    1.74912E-02   -6.69592E-02    1.60505E-02   -6.18394E-02    1.05892E-02   -2.80913E-02    4.70811E-02   -8.43446E-02
     1.23500E+00    2.92844E-01    2.46254E-01    4.38107E-01    1.30799E-01   -1.37060E-01    3.05808E-01    1.71596E-02   -6.57093E-02    1.57440E-02   -6.07504E-02    1.04503E-02   -2.74640E-02    4.66612E-02   -8.36334E-02
     1.24000E+00    2.89166E-01    2.42913E-01    4.38755E-01    1.28354E-01   -1.35538E-01    3.03277E-01    1.68341E-02   -6.44807E-02    1.54429E-02   -5.96786E-02    1.03146E-02   -2.68506E-02    4.62448E-02   -8.29226E-02
     1.24500E+00    2.85544E-01    2.39611E-01    4.39390E-01    1.25953E-01   -1.34028E-01    3.00765E-01    1.65147E-02   -6.32730E-02    1.51472E-02   -5.86236E-02    1.01818E-02   -2.62508E-02    4.58319E-02   -8.22125E-02
     1.25000E+00    2.81978E-01    2.36347E-01    4.40014E-01    1.23595E-01   -1.32530E-01    2.98274E-01    1.62013E-02   -6.20860E-02    1.48567E-02   -5.75853E-02    1.00520E-02   -2.56643E-02    4.54226E-02   -8.15032E-02
     1.25500E+00    2.78466E-01    2.33120E-01    4.40626E-01    1.21280E-01   -1.31045E-01    2.95802E-01    1.58938E-02   -6.09193E-02    1.45713E-02   -5.65636E-02    9.92514E-03   -2.50909E-02    4.50169E-02   -8.07948E-02
     1.26000E+00    2.75008E-01    2.29931E-01    4.41227E-01    1.19006E-01   -1.29572E-01    2.93349E-01    1.55921E-02   -5.97726E-02    1.42910E-02   -5.55582E-02    9.80109E-03   -2.45301E-02    4.46147E-02   -8.00875E-02
     1.26500E+00    2.71603E-01    2.26779E-01    4.41817E-01    1.16773E-01   -1.28111E-01    2.90917E-01    1.52961E-02   -5.86457E-02    1.40157E-02   -5.45690E-02    9.67982E-03   -2.39819E-02    4.42160E-02   -7.93815E-02
     1.27000E+00    2.68251E-01    2.23663E-01    4.42395E-01    1.14580E-01   -1.26663E-01    2.88505E-01    1.50056E-02   -5.75382E-02    1.37453E-02   -5.35957E-02    9.56126E-03   -2.34458E-02    4.38209E-02   -7.86769E-02
     1.27500E+00    2.64949E-01    2.20584E-01    4.42962E-01    1.12427E-01   -1.25226E-01    2.86112E-01    1.47207E-02   -5.64499E-02    1.34797E-02   -5.26382E-02    9.44534E-03   -2.29216E-02    4.34293E-02   -7.79738E-02
     1.28000E+00    2.61699E-01    2.17540E-01    4.43519E-01    1.10312E-01   -1.23802E-01    2.83740E-01    1.44411E-02   -5.53805E-02    1.32189E-02   -5.16963E-02    9.33202E-03   -2.24091E-02    4.30412E-02   -7.72724E-02
     1.28500E+00    2.58499E-01    2.14532E-01    4.44066E-01    1.08236E-01   -1.22389E-01    2.81388E-01    1.41668E-02   -5.43296E-02    1.29627E-02   -5.07697E-02    9.22123E-03   -2.19080E-02    4.26565E-02   -7.65728E-02
     1.29000E+00    2.55348E-01    2.11559E-01    4.44602E-01    1.06197E-01   -1.20988E-01    2.79055E-01    1.38978E-02   -5.32970E-02    1.27112E-02   -4.98584E-02    9.11292E-03   -2.14181E-02    4.22754E-02   -7.58751E-02
     1.29500E+00    2.52246E-01    2.08621E-01    4.45128E-01    1.04194E-01   -1.19598E-01    2.76743E-01    1.36338E-02   -5.22824E-02    1.24641E-02   -4.89620E-02    9.00704E-03   -2.09391E-02    4.18978E-02   -7.51794E-02
     1.30000E+00    2.49191E-01    2.05717E-01    4.45644E-01    1.02228E-01   -1.18220E-01    2.74451E-01    1.33749E-02   -5.12855E-02    1.22215E-02   -4.80805E-02    8.90352E-03   -2.04707E-02    4.15236E-02   -7.44859E-02
     1.30500E+00    2.46184E-01    2.02847E-01    4.46150E-01    1.00297E-01   -1.16854E-01    2.72179E-01    1.31210E-02   -5.03061E-02    1.19833E-02   -4.72136E-02    8.80231E-03   -2.00128E-02    4.11529E-02   -7.37947E-02
     1.31000E+00    2.43224E-01    2.00010E-01    4.46647E-01    9.84011E-02   -1.15498E-01    2.69926E-01    1.28718E-02   -4.93439E-02    1.17494E-02   -4.63612E-02    8.70337E-03   -1.95650E-02    4.07857E-02   -7.31057E-02
     1.31500E+00    2.40310E-01    1.97207E-01    4.47134E-01    9.65392E-02   -1.14154E-01    2.67694E-01    1.26275E-02   -4.83985E-02    1.15197E-02   -4.55230E-02    8.60665E-03   -1.91273E-02    4.04219E-02   -7.24193E-02
     1.32000E+00    2.37440E-01    1.94437E-01    4.47612E-01    9.47109E-02   -1.12821E-01    2.65482E-01    1.23878E-02   -4.74698E-02    1.12941E-02   -4.46988E-02    8.51209E-03   -1.86993E-02    4.00615E-02   -7.17353E-02
     1.32500E+00    2.34616E-01    1.91698E-01    4.48081E-01    9.29156E-02   -1.11500E-01    2.63289E-01    1.21528E-02   -4.65575E-02    1.10727E-02   -4.38886E-02    8.41964E-03   -1.82808E-02    3.97045E-02   -7.10540E-02
     1.33000E+00    2.31835E-01    1.88992E-01    4.48541E-01    9.11526E-02   -1.10189E-01    2.61117E-01    1.19222E-02   -4.56613E-02    1.08552E-02   -4.30920E-02    8.32926E-03   -1.78716E-02    3.93510E-02   -7.03753E-02
     1.33500E+00    2.29098E-01    1.86318E-01    4.48993E-01    8.94214E-02   -1.08888E-01    2.58964E-01    1.16961E-02   -4.47810E-02    1.06417E-02   -4.23089E-02    8.24091E-03   -1.74716E-02    3.90008E-02   -6.96994E-02
     1.34000E+00    2.26404E-01    1.83675E-01    4.49436E-01    8.77214E-02   -1.07599E-01    2.56831E-01    1.14744E-02   -4.39162E-02    1.04321E-02   -4.15392E-02    8.15453E-03   -1.70805E-02    3.86540E-02   -6.90264E-02
     1.34500E+00    2.23751E-01    1.81063E-01    4.49870E-01    8.60520E-02   -1.06320E-01    2.54718E-01    1.12569E-02   -4.30668E-02    1.02263E-02   -4.07826E-02    8.07009E-03   -1.66981E-02    3.83105E-02   -6.83562E-02
     1.35000E+00    2.21141E-01    1.78481E-01    4.50296E-01    8.44127E-02   -1.05052E-01    2.52624E-01    1.10437E-02   -4.22325E-02    1.00243E-02   -4.00389E-02    7.98754E-03   -1.63242E-02    3.79704E-02   -6.76890E-02
     1.35500E+00    2.18571E-01    1.75930E-01    4.50714E-01    8.28029E-02   -1.03794E-01    2.50550E-01    1.08346E-02   -4.14130E-02    9.82591E-03   -3.93080E-02    7.90684E-03   -1.59586E-02    3.76336E-02   -6.70249E-02
     1.36000E+00    2.16041E-01    1.73409E-01    4.51124E-01    8.12221E-02   -1.02546E-01    2.48495E-01    1.06295E-02   -4.06082E-02    9.63117E-03   -3.85897E-02    7.82794E-03   -1.56012E-02    3.73001E-02   -6.63638E-02
     1.36500E+00    2.13552E-01    1.70917E-01    4.51526E-01    7.96698E-02   -1.01309E-01    2.46460E-01    1.04285E-02   -3.98177E-02    9.44000E-03   -3.78838E-02    7.75081E-03   -1.52517E-02    3.69700E-02   -6.57058E-02
     1.37000E+00    2.11102E-01    1.68454E-01    4.51921E-01    7.81453E-02   -1.00082E-01    2.44444E-01    1.02313E-02   -3.90413E-02    9.25232E-03   -3.71902E-02    7.67541E-03   -1.49100E-02    3.66431E-02   -6.50511E-02
     1.37500E+00    2.08690E-01    1.66020E-01    4.52308E-01    7.66483E-02   -9.88644E-02    2.42447E-01    1.00381E-02   -3.82788E-02    9.06808E-03   -3.65086E-02    7.60170E-03   -1.45759E-02    3.63195E-02   -6.43995E-02
     1.38000E+00    2.06316E-01    1.63615E-01    4.52688E-01    7.51783E-02   -9.76571E-02    2.40470E-01    9.84854E-03   -3.75300E-02    8.88721E-03   -3.58389E-02    7.52964E-03   -1.42492E-02    3.59991E-02   -6.37512E-02
     1.38500E+00    2.03981E-01    1.61238E-01    4.53060E-01    7.37346E-02   -9.64597E-02    2.38511E-01    9.66274E-03   -3.67945E-02    8.70967E-03   -3.51809E-02    7.45920E-03   -1.39298E-02    3.56819E-02   -6.31062E-02
     1.39000E+00    2.01682E-01    1.58888E-01    4.53425E-01    7.23169E-02   -9.52720E-02    2.36571E-01    9.48058E-03   -3.60723E-02    8.53539E-03   -3.45345E-02    7.39033E-03   -1.36175E-02    3.53680E-02   -6.24645E-02
     1.39500E+00    1.99420E-01    1.56566E-01    4.53783E-01    7.09246E-02   -9.40939E-02    2.34651E-01    9.30199E-03   -3.53631E-02    8.36431E-03   -3.38994E-02    7.32301E-03   -1.33121E-02    3.50573E-02   -6.18262E-02
     1.40000E+00    1.97193E-01    1.54272E-01    4.54134E-01    6.95573E-02   -9.29254E-02    2.32749E-01    9.12693E-03   -3.46666E-02    8.19638E-03   -3.32755E-02    7.25720E-03   -1.30135E-02    3.47498E-02   -6.11913E-02
     1.40500E+00    1.95003E-01    1.52004E-01    4.54479E-01    6.82146E-02   -9.17664E-02    2.30865E-01    8.95531E-03   -3.39827E-02    8.03154E-03   -3.26627E-02    7.19286E-03   -1.27215E-02    3.44454E-02   -6.05597E-02
     1.41000E+00    1.92847E-01    1.49762E-01    4.54816E-01    6.68959E-02   -9.06168E-02    2.29000E-01    8.78708E-03   -3.33110E-02    7.86973E-03   -3.20607E-02    7.12997E-03   -1.24360E-02    3.41442E-02   -5.99316E-02
     1.41500E+00    1.90726E-01    1.47546E-01    4.55148E-01    6.56008E-02   -8.94764E-02    2.27154E-01    8.62218E-03   -3.26515E-02    7.71091E-03   -3.14695E-02    7.06849E-03   -1.21568E-02    3.38461E-02   -5.93070E-02
     1.42000E+00    1.88639E-01    1.45357E-01    4.55472E-01    6.43290E-02   -8.83452E-02    2.25326E-01    8.46055E-03   -3.20039E-02    7.55502E-03   -3.08888E-02    7.00840E-03   -1.18838E-02    3.35511E-02   -5.86858E-02
     1.42500E+00    1.86586E-01    1.43193E-01    4.55791E-01    6.30798E-02   -8.72231E-02    2.23516E-01    8.30212E-03   -3.13680E-02    7.40201E-03   -3.03185E-02    6.94965E-03   -1.16169E-02    3.32592E-02   -5.80681E-02
     1.43000E+00    1.84566E-01    1.41054E-01    4.56103E-01    6.18531E-02   -8.61100E-02    2.21724E-01    8.14685E-03   -3.07436E-02    7.25182E-03   -2.97584E-02    6.89222E-03   -1.13558E-02    3.29704E-02   -5.74538E-02
     1.43500E+00    1.82578E-01    1.38939E-01    4.56410E-01    6.06482E-02   -8.50059E-02    2.19950E-01    7.99467E-03   -3.01304E-02    7.10441E-03   -2.92084E-02    6.83608E-03   -1.11005E-02    3.26847E-02   -5.68431E-02
     1.44000E+00    1.80623E-01    1.36850E-01    4.56710E-01    5.94648E-02   -8.39105E-02    2.18194E-01    7.84553E-03   -2.95284E-02    6.95972E-03   -2.86683E-02    6.78120E-03   -1.08508E-02    3.24020E-02   -5.62358E-02
     1.44500E+00    1.78700E-01    1.34784E-01    4.57004E-01    5.83025E-02   -8.28239E-02    2.16455E-01    7.69937E-03   -2.89373E-02    6.81771E-03   -2.81380E-02    6.72756E-03   -1.06067E-02    3.21223E-02   -5.56320E-02
     1.45000E+00    1.76807E-01    1.32743E-01    4.57293E-01    5.71610E-02   -8.17460E-02    2.14734E-01    7.55614E-03   -2.83568E-02    6.67833E-03   -2.76172E-02    6.67513E-03   -1.03679E-02    3.18456E-02   -5.50317E-02
     1.45500E+00    1.74946E-01    1.30725E-01    4.57576E-01    5.60397E-02   -8.06766E-02    2.13031E-01    7.41578E-03   -2.77869E-02    6.54153E-03   -2.71060E-02    6.62388E-03   -1.01343E-02    3.15720E-02   -5.44349E-02
     1.46000E+00    1.73116E-01    1.28730E-01    4.57853E-01    5.49384E-02   -7.96156E-02    2.11345E-01    7.27825E-03   -2.72273E-02    6.40725E-03   -2.66041E-02    6.57378E-03   -9.90595E-03    3.13013E-02   -5.38416E-02
     1.46500E+00    1.71315E-01    1.26758E-01    4.58125E-01    5.38567E-02   -7.85631E-02    2.09676E-01    7.14350E-03   -2.66778E-02    6.27547E-03   -2.61113E-02    6.52481E-03   -9.68257E-03    3.10336E-02   -5.32518E-02
     1.47000E+00    1.69544E-01    1.24810E-01    4.58392E-01    5.27942E-02   -7.75189E-02    2.08024E-01    7.01146E-03   -2.61384E-02    6.14613E-03   -2.56275E-02    6.47694E-03   -9.46409E-03    3.07688E-02   -5.26655E-02
     1.47500E+00    1.67802E-01    1.22883E-01    4.58653E-01    5.17505E-02   -7.64828E-02    2.06389E-01    6.88210E-03   -2.56086E-02    6.01918E-03   -2.51527E-02    6.43016E-03   -9.25039E-03    3.05069E-02   -5.20825E-02
     1.48000E+00    1.66089E-01    1.20978E-01    4.58909E-01    5.07253E-02   -7.54549E-02    2.04771E-01    6.75536E-03   -2.50886E-02    5.89459E-03   -2.46866E-02    6.38443E-03   -9.04138E-03    3.02479E-02   -5.15031E-02
     1.48500E+00    1.64405E-01    1.19096E-01    4.59160E-01    4.97182E-02   -7.44351E-02    2.03170E-01    6.63120E-03   -2.45779E-02    5.77230E-03   -2.42291E-02    6.33974E-03   -8.83692E-03    2.99919E-02   -5.09270E-02
     1.49000E+00    1.62749E-01    1.17235E-01    4.59407E-01    4.87289E-02   -7.34232E-02    2.01585E-01    6.50957E-03   -2.40765E-02    5.65228E-03   -2.37800E-02    6.29606E-03   -8.63693E-03    2.97387E-02   -5.03544E-02
     1.49500E+00    1.61120E-01    1.15395E-01    4.59648E-01    4.77571E-02   -7.24192E-02    2.00016E-01    6.39042E-03   -2.35842E-02    5.53449E-03   -2.33393E-02    6.25336E-03   -8.44130E-03    2.94883E-02   -4.97852E-02
     1.50000E+00    1.59519E-01    1.13576E-01    4.59884E-01    4.68024E-02   -7.14231E-02    1.98464E-01    6.27371E-03   -2.31008E-02    5.41888E-03   -2.29068E-02    6.21164E-03   -8.24992E-03    2.92408E-02   -4.92193E-02
     1.50500E+00    1.57944E-01    1.11778E-01    4.60116E-01    4.58645E-02   -7.04346E-02    1.96928E-01    6.15940E-03   -2.26262E-02    5.30541E-03   -2.24824E-02    6.17086E-03   -8.06271E-03    2.89961E-02   -4.86568E-02
     1.51000E+00    1.56397E-01    1.10000E-01    4.60343E-01    4.49431E-02   -6.94538E-02    1.95408E-01    6.04743E-03   -2.21602E-02    5.19404E-03   -2.20659E-02    6.13100E-03   -7.87955E-03    2.87542E-02   -4.80976E-02
     1.51500E+00    1.54875E-01    1.08242E-01    4.60565E-01    4.40378E-02   -6.84805E-02    1.93904E-01    5.93778E-03   -2.17026E-02    5.08474E-03   -2.16572E-02    6.09206E-03   -7.70036E-03    2.85151E-02   -4.75417E-02
     1.52000E+00    1.53380E-01    1.06504E-01    4.60783E-01    4.31484E-02   -6.75147E-02    1.92415E-01    5.83040E-03   -2.12533E-02    4.97746E-03   -2.12562E-02    6.05399E-03   -7.52505E-03    2.82788E-02   -4.69890E-02
     1.52500E+00    1.51910E-01    1.04786E-01    4.60997E-01    4.22746E-02   -6.65563E-02    1.90942E-01    5.72524E-03   -2.08122E-02    4.87217E-03   -2.08627E-02    6.01680E-03   -7.35352E-03    2.80453E-02   -4.64396E-02
     1.53000E+00    1.50465E-01    1.03087E-01    4.61206E-01    4.14160E-02   -6.56053E-02    1.89485E-01    5.62226E-03   -2.03790E-02    4.76882E-03   -2.04767E-02    5.98045E-03   -7.18568E-03    2.78144E-02   -4.58934E-02
     1.53500E+00    1.49045E-01    1.01407E-01    4.61411E-01    4.05725E-02   -6.46615E-02    1.88043E-01    5.52143E-03   -1.99537E-02    4.66739E-03   -2.00980E-02    5.94494E-03   -7.02146E-03    2.75863E-02   -4.53504E-02
     1.54000E+00    1.47650E-01    9.97465E-02    4.61612E-01    3.97436E-02   -6.37248E-02    1.86616E-01    5.42271E-03   -1.95360E-02    4.56783E-03   -1.97265E-02    5.91023E-03   -6.86076E-03    2.73609E-02   -4.48105E-02
     1.54500E+00    1.46279E-01    9.81040E-02    4.61808E-01    3.89291E-02   -6.27953E-02    1.85204E-01    5.32606E-03   -1.91259E-02    4.47011E-03   -1.93621E-02    5.87632E-03   -6.70350E-03    2.71382E-02   -4.42737E-02
     1.55000E+00    1.44932E-01    9.64799E-02    4.62001E-01    3.81287E-02   -6.18728E-02    1.83808E-01    5.23144E-03   -1.87232E-02    4.37420E-03   -1.90046E-02    5.84319E-03   -6.54960E-03    2.69182E-02   -4.37399E-02
     1.55500E+00    1.43608E-01    9.48738E-02    4.62190E-01    3.73422E-02   -6.09572E-02    1.82425E-01    5.13882E-03   -1.83278E-02    4.28006E-03   -1.86540E-02    5.81082E-03   -6.39898E-03    2.67008E-02   -4.32092E-02
     1.56000E+00    1.42308E-01    9.32855E-02    4.62375E-01    3.65693E-02   -6.00485E-02    1.81058E-01    5.04815E-03   -1.79395E-02    4.18765E-03   -1.83102E-02    5.77920E-03   -6.25157E-03    2.64861E-02   -4.26815E-02
     1.56500E+00    1.41031E-01    9.17147E-02    4.62555E-01    3.58098E-02   -5.91466E-02    1.79705E-01    4.95941E-03   -1.75582E-02    4.09694E-03   -1.79729E-02    5.74830E-03   -6.10729E-03    2.62740E-02   -4.21567E-02
     1.57000E+00    1.39776E-01    9.01613E-02    4.62733E-01    3.50633E-02   -5.82514E-02    1.78367E-01    4.87256E-03   -1.71837E-02    4.00791E-03   -1.76422E-02    5.71812E-03   -5.96607E-03    2.60645E-02   -4.16348E-02
     1.57500E+00    1.38544E-01    8.86249E-02    4.62906E-01    3.43296E-02   -5.73629E-02    1.77043E-01    4.78757E-03   -1.68159E-02    3.92051E-03   -1.73179E-02    5.68864E-03   -5.82783E-03    2.58576E-02   -4.11158E-02
     1.58000E+00    1.37334E-01    8.71053E-02    4.63076E-01    3.36086E-02   -5.64810E-02    1.75732E-01    4.70439E-03   -1.64548E-02    3.83472E-03   -1.69999E-02    5.65984E-03   -5.69250E-03    2.56533E-02   -4.05996E-02
     1.58500E+00    1.36146E-01    8.56024E-02    4.63242E-01    3.28998E-02   -5.56056E-02    1.74436E-01    4.62301E-03   -1.61001E-02    3.75050E-03   -1.66881E-02    5.63171E-03   -5.56001E-03    2.54516E-02   -4.00862E-02
     1.59000E+00    1.34979E-01    8.41158E-02    4.63405E-01    3.22032E-02   -5.47366E-02    1.73154E-01    4.54338E-03   -1.57517E-02    3.66783E-03   -1.63825E-02    5.60423E-03   -5.43031E-03    2.52525E-02   -3.95754E-02
     1.59500E+00    1.33834E-01    8.26453E-02    4.63564E-01    3.15184E-02   -5.38740E-02    1.71886E-01    4.46548E-03   -1.54095E-02    3.58667E-03   -1.60828E-02    5.57740E-03   -5.30331E-03    2.50559E-02   -3.90673E-02
     1.60000E+00    1.32710E-01    8.11907E-02    4.63720E-01    3.08452E-02   -5.30177E-02    1.70631E-01    4.38928E-03   -1.50735E-02    3.50699E-03   -1.57890E-02    5.55120E-03   -5.17896E-03    2.48618E-02   -3.85619E-02
     1.60500E+00    1.31606E-01    7.97518E-02    4.63873E-01    3.01835E-02   -5.21677E-02    1.69389E-01    4.31474E-03   -1.47434E-02    3.42877E-03   -1.55010E-02    5.52561E-03   -5.05719E-03    2.46703E-02   -3.80590E-02
     1.61000E+00    1.30523E-01    7.83284E-02    4.64022E-01    2.95329E-02   -5.13238E-02    1.68161E-01    4.24183E-03   -1.44192E-02    3.35197E-03   -1.52187E-02    5.50062E-03   -4.93795E-03    2.44812E-02   -3.75586E-02
     1.61500E+00    1.29461E-01    7.69202E-02    4.64168E-01    2.88933E-02   -5.04861E-02    1.66946E-01    4.17054E-03   -1.41007E-02    3.27657E-03   -1.49421E-02    5.47622E-03   -4.82117E-03    2.42947E-02   -3.70607E-02
     1.62000E+00    1.28418E-01    7.55270E-02    4.64311E-01    2.82645E-02   -4.96544E-02    1.65744E-01    4.10082E-03   -1.37878E-02    3.20254E-03   -1.46710E-02    5.45240E-03   -4.70679E-03    2.41106E-02   -3.65652E-02
     1.62500E+00    1.27395E-01    7.41485E-02    4.64451E-01    2.76462E-02   -4.88286E-02    1.64555E-01    4.03265E-03   -1.34805E-02    3.12986E-03   -1.44053E-02    5.42915E-03   -4.59475E-03    2.39290E-02   -3.60720E-02
     1.63000E+00    1.26391E-01    7.27847E-02    4.64587E-01    2.70382E-02   -4.80088E-02    1.63379E-01    3.96600E-03   -1.31786E-02    3.05848E-03   -1.41449E-02    5.40645E-03   -4.48501E-03    2.37499E-02   -3.55811E-02
     1.63500E+00    1.25407E-01    7.14352E-02    4.64721E-01    2.64404E-02   -4.71948E-02    1.62216E-01    3.90086E-03   -1.28819E-02    2.98840E-03   -1.38898E-02    5.38430E-03   -4.37750E-03    2.35732E-02   -3.50925E-02
     1.64000E+00    1.24442E-01    7.00999E-02    4.64852E-01    2.58525E-02   -4.63866E-02    1.61065E-01    3.83718E-03   -1.25905E-02    2.91958E-03   -1.36399E-02    5.36268E-03   -4.27217E-03    2.33990E-02   -3.46060E-02
     1.64500E+00    1.23496E-01    6.87786E-02    4.64980E-01    2.52743E-02   -4.55841E-02    1.59927E-01    3.77494E-03   -1.23041E-02    2.85199E-03   -1.33950E-02    5.34157E-03   -4.16896E-03    2.32271E-02   -3.41216E-02
     1.65000E+00    1.22568E-01    6.74709E-02    4.65105E-01    2.47057E-02   -4.47873E-02    1.58801E-01    3.71413E-03   -1.20227E-02    2.78562E-03   -1.31552E-02    5.32098E-03   -4.06783E-03    2.30577E-02   -3.36393E-02
     1.65500E+00    1.21659E-01    6.61769E-02    4.65227E-01    2.41465E-02   -4.39961E-02    1.57687E-01    3.65471E-03   -1.17462E-02    2.72043E-03   -1.29203E-02    5.30089E-03   -3.96873E-03    2.28907E-02   -3.31589E-02
     1.66000E+00    1.20768E-01    6.48961E-02    4.65346E-01    2.35964E-02   -4.32105E-02    1.56585E-01    3.59666E-03   -1.14745E-02    2.65641E-03   -1.26902E-02    5.28129E-03   -3.87161E-03    2.27261E-02   -3.26805E-02
     1.66500E+00    1.19894E-01    6.36286E-02    4.65463E-01    2.30553E-02   -4.24303E-02    1.55495E-01    3.53996E-03   -1.12074E-02    2.59352E-03   -1.24649E-02    5.26217E-03   -3.77641E-03    2.25639E-02   -3.22039E-02
     1.67000E+00    1.19039E-01    6.23739E-02    4.65577E-01    2.25230E-02   -4.16555E-02    1.54417E-01    3.48458E-03   -1.09450E-02    2.53175E-03   -1.22442E-02    5.24352E-03   -3.68310E-03    2.24041E-02   -3.17292E-02
     1.67500E+00    1.18201E-01    6.11320E-02    4.65688E-01    2.19993E-02   -4.08861E-02    1.53351E-01    3.43050E-03   -1.06870E-02    2.47107E-03   -1.20282E-02    5.22534E-03   -3.59162E-03    2.22466E-02   -3.12561E-02
     1.68000E+00    1.17380E-01    5.99027E-02    4.65797E-01    2.14841E-02   -4.01220E-02    1.52296E-01    3.37770E-03   -1.04334E-02    2.41146E-03   -1.18167E-02    5.20761E-03   -3.50193E-03    2.20915E-02   -3.07847E-02
     1.68500E+00    1.16576E-01    5.86858E-02    4.65903E-01    2.09772E-02   -3.93631E-02    1.51253E-01    3.32616E-03   -1.01841E-02    2.35290E-03   -1.16096E-02    5.19032E-03   -3.41398E-03    2.19388E-02   -3.03149E-02
     1.69000E+00    1.15790E-01    5.74810E-02    4.66006E-01    2.04784E-02   -3.86094E-02    1.50221E-01    3.27585E-03   -9.93908E-03    2.29536E-03   -1.14070E-02    5.17346E-03   -3.32775E-03    2.17884E-02   -2.98466E-02
     1.69500E+00    1.15019E-01    5.62883E-02    4.66108E-01    1.99875E-02   -3.78609E-02    1.49200E-01    3.22676E-03   -9.69814E-03    2.23882E-03   -1.12086E-02    5.15704E-03   -3.24317E-03    2.16403E-02   -2.93798E-02
     1.70000E+00    1.14266E-01    5.51073E-02    4.66206E-01    1.95045E-02   -3.71174E-02    1.48191E-01    3.17887E-03   -9.46124E-03    2.18327E-03   -1.10145E-02    5.14103E-03   -3.16021E-03    2.14946E-02   -2.89143E-02
     1.70500E+00    1.13529E-01    5.39380E-02    4.66303E-01    1.90291E-02   -3.63790E-02    1.47192E-01    3.13214E-03   -9.22828E-03    2.12867E-03   -1.08246E-02    5.12543E-03   -3.07883E-03    2.13512E-02   -2.84501E-02
     1.71000E+00    1.12808E-01    5.27802E-02    4.66397E-01    1.85612E-02   -3.56455E-02    1.46204E-01    3.08658E-03   -8.99920E-03    2.07502E-03   -1.06388E-02    5.11024E-03   -2.99900E-03    2.12101E-02   -2.79872E-02
     1.71500E+00    1.12103E-01    5.16336E-02    4.66488E-01    1.81006E-02   -3.49169E-02    1.45227E-01    3.04215E-03   -8.77389E-03    2.02228E-03   -1.04570E-02    5.09544E-03   -2.92066E-03    2.10713E-02   -2.75253E-02
     1.72000E+00    1.11414E-01    5.04982E-02    4.66578E-01    1.76471E-02   -3.41932E-02    1.44261E-01    2.99883E-03   -8.55228E-03    1.97044E-03   -1.02792E-02    5.08103E-03   -2.84379E-03    2.09348E-02   -2.70646E-02
     1.72500E+00    1.10740E-01    4.93737E-02    4.66665E-01    1.72007E-02   -3.34743E-02    1.43305E-01    2.95662E-03   -8.33428E-03    1.91948E-03   -1.01053E-02    5.06700E-03   -2.76835E-03    2.08007E-02   -2.66049E-02
     1.73000E+00    1.10082E-01    4.82599E-02    4.66750E-01    1.67612E-02   -3.27601E-02    1.42360E-01    2.91548E-03   -8.11983E-03    1.86938E-03   -9.93530E-03    5.05334E-03   -2.69430E-03    2.06688E-02   -2.61460E-02
     1.73500E+00    1.09439E-01    4.71568E-02    4.66832E-01    1.63285E-02   -3.20507E-02    1.41425E-01    2.87541E-03   -7.90883E-03    1.82012E-03   -9.76908E-03    5.04005E-03   -2.62160E-03    2.05392E-02   -2.56880E-02
     1.74000E+00    1.08811E-01    4.60640E-02    4.66913E-01    1.59023E-02   -3.13459E-02    1.40500E-01    2.83639E-03   -7.70122E-03    1.77168E-03   -9.60659E-03    5.02713E-03   -2.55023E-03    2.04119E-02   -2.52308E-02
     1.74500E+00    1.08199E-01    4.49815E-02    4.66991E-01    1.54826E-02   -3.06457E-02    1.39586E-01    2.79840E-03   -7.49691E-03    1.72405E-03   -9.44777E-03    5.01455E-03   -2.48014E-03    2.02869E-02   -2.47742E-02
     1.75000E+00    1.07601E-01    4.39091E-02    4.67068E-01    1.50692E-02   -2.99500E-02    1.38681E-01    2.76142E-03   -7.29583E-03    1.67720E-03   -9.29258E-03    5.00232E-03   -2.41131E-03    2.01642E-02   -2.43182E-02
     1.75500E+00    1.07017E-01    4.28467E-02    4.67142E-01    1.46620E-02   -2.92589E-02    1.37786E-01    2.72543E-03   -7.09792E-03    1.63112E-03   -9.14094E-03    4.99044E-03   -2.34370E-03    2.00437E-02   -2.38627E-02
     1.76000E+00    1.06449E-01    4.17940E-02    4.67214E-01    1.42609E-02   -2.85722E-02    1.36901E-01    2.69043E-03   -6.90308E-03    1.58579E-03   -8.99282E-03    4.97888E-03   -2.27728E-03    1.99255E-02   -2.34076E-02
     1.76500E+00    1.05894E-01    4.07510E-02    4.67285E-01    1.38657E-02   -2.78898E-02    1.36026E-01    2.65640E-03   -6.71127E-03    1.54119E-03   -8.84815E-03    4.96766E-03   -2.21202E-03    1.98096E-02   -2.29528E-02
     1.77000E+00    1.05354E-01    3.97173E-02    4.67353E-01    1.34763E-02   -2.72119E-02    1.35160E-01    2.62332E-03   -6.52239E-03    1.49730E-03   -8.70689E-03    4.95676E-03   -2.14789E-03    1.96960E-02   -2.24983E-02
     1.77500E+00    1.04828E-01    3.86930E-02    4.67420E-01    1.30926E-02   -2.65382E-02    1.34304E-01    2.59117E-03   -6.33639E-03    1.45411E-03   -8.56898E-03    4.94618E-03   -2.08486E-03    1.95847E-02   -2.20439E-02
     1.78000E+00    1.04315E-01    3.76779E-02    4.67484E-01    1.27145E-02   -2.58688E-02    1.33457E-01    2.55995E-03   -6.15320E-03    1.41161E-03   -8.43436E-03    4.93591E-03   -2.02290E-03    1.94756E-02   -2.15896E-02
     1.78500E+00    1.03817E-01    3.66717E-02    4.67547E-01    1.23417E-02   -2.52037E-02    1.32619E-01    2.52963E-03   -5.97275E-03    1.36976E-03   -8.30300E-03    4.92595E-03   -1.96198E-03    1.93688E-02   -2.11353E-02
     1.79000E+00    1.03332E-01    3.56744E-02    4.67607E-01    1.19743E-02   -2.45426E-02    1.31791E-01    2.50022E-03   -5.79497E-03    1.32857E-03   -8.17485E-03    4.91629E-03   -1.90207E-03    1.92642E-02   -2.06808E-02
     1.79500E+00    1.02861E-01    3.46858E-02    4.67666E-01    1.16121E-02   -2.38857E-02    1.30971E-01    2.47168E-03   -5.61981E-03    1.28801E-03   -8.04985E-03    4.90693E-03   -1.84316E-03    1.91620E-02   -2.02261E-02
     1.80000E+00    1.02403E-01    3.37058E-02    4.67724E-01    1.12550E-02   -2.32329E-02    1.30161E-01    2.44401E-03   -5.44719E-03    1.24807E-03   -7.92796E-03    4.89786E-03   -1.78519E-03    1.90620E-02   -1.97710E-02
     1.80500E+00    1.01958E-01    3.27341E-02    4.67779E-01    1.09028E-02   -2.25841E-02    1.29359E-01    2.41720E-03   -5.27705E-03    1.20873E-03   -7.80914E-03    4.88907E-03   -1.72817E-03    1.89643E-02   -1.93156E-02
     1.81000E+00    1.01526E-01    3.17707E-02    4.67833E-01    1.05555E-02   -2.19393E-02    1.28567E-01    2.39124E-03   -5.10933E-03    1.16997E-03   -7.69334E-03    4.88057E-03   -1.67205E-03    1.88688E-02   -1.88596E-02
     1.81500E+00    1.01108E-01    3.08155E-02    4.67885E-01    1.02130E-02   -2.12984E-02    1.27782E-01    2.36611E-03   -4.94398E-03    1.13179E-03   -7.58052E-03    4.87235E-03   -1.61681E-03    1.87757E-02   -1.84030E-02
     1.82000E+00    1.00702E-01    2.98682E-02    4.67935E-01    9.87504E-03   -2.06615E-02    1.27007E-01    2.34180E-03   -4.78092E-03    1.09416E-03   -7.47063E-03    4.86440E-03   -1.56243E-03    1.86848E-02   -1.79457E-02
     1.82500E+00    1.00309E-01    2.89288E-02    4.67983E-01    9.54165E-03   -2.00284E-02    1.26240E-01    2.31829E-03   -4.62011E-03    1.05708E-03   -7.36364E-03    4.85673E-03   -1.50888E-03    1.85962E-02   -1.74876E-02
     1.83000E+00    9.99284E-02    2.79970E-02    4.68030E-01    9.21269E-03   -1.93991E-02    1.25481E-01    2.29559E-03   -4.46147E-03    1.02052E-03   -7.25951E-03    4.84931E-03   -1.45614E-03    1.85099E-02   -1.70285E-02
     1.83500E+00    9.95606E-02    2.70729E-02    4.68075E-01    8.88805E-03   -1.87736E-02    1.24731E-01    2.27368E-03   -4.30497E-03    9.84477E-04   -7.15819E-03    4.84216E-03   -1.40419E-03    1.84259E-02   -1.65684E-02
     1.84000E+00    9.92051E-02    2.61562E-02    4.68119E-01    8.56763E-03   -1.81518E-02    1.23989E-01    2.25254E-03   -4.15053E-03    9.48934E-04   -7.05966E-03    4.83527E-03   -1.35300E-03    1.83442E-02   -1.61072E-02
     1.84500E+00    9.88620E-02    2.52468E-02    4.68161E-01    8.25133E-03   -1.75337E-02    1.23255E-01    2.23217E-03   -3.99810E-03    9.13877E-04   -6.96386E-03    4.82863E-03   -1.30255E-03    1.82649E-02   -1.56447E-02
     1.85000E+00    9.85310E-02    2.43445E-02    4.68202E-01    7.93905E-03   -1.69192E-02    1.22529E-01    2.21255E-03   -3.84763E-03    8.79291E-04   -6.87077E-03    4.82224E-03   -1.25282E-03    1.81878E-02   -1.51808E-02
     1.85500E+00    9.82122E-02    2.34493E-02    4.68241E-01    7.63069E-03   -1.63084E-02    1.21811E-01    2.19369E-03   -3.69907E-03    8.45165E-04   -6.78035E-03    4.81610E-03   -1.20379E-03    1.81130E-02   -1.47155E-02
     1.86000E+00    9.79053E-02    2.25610E-02    4.68278E-01    7.32616E-03   -1.57011E-02    1.21101E-01    2.17556E-03   -3.55235E-03    8.11484E-04   -6.69257E-03    4.81021E-03   -1.15543E-03    1.80406E-02   -1.42486E-02
     1.86500E+00    9.76103E-02    2.16795E-02    4.68314E-01    7.02536E-03   -1.50973E-02    1.20398E-01    2.15816E-03   -3.40744E-03    7.78235E-04   -6.60739E-03    4.80455E-03   -1.10772E-03    1.79706E-02   -1.37799E-02
     1.87000E+00    9.73271E-02    2.08047E-02    4.68348E-01    6.72820E-03   -1.44971E-02    1.19703E-01    2.14148E-03   -3.26427E-03    7.45406E-04   -6.52478E-03    4.79913E-03   -1.06066E-03    1.79028E-02   -1.33094E-02
     1.87500E+00    9.70556E-02    1.99364E-02    4.68381E-01    6.43458E-03   -1.39003E-02    1.19016E-01    2.12552E-03   -3.12279E-03    7.12983E-04   -6.44471E-03    4.79394E-03   -1.01420E-03    1.78375E-02   -1.28370E-02
     1.88000E+00    9.67957E-02    1.90745E-02    4.68413E-01    6.14443E-03   -1.33069E-02    1.18337E-01    2.11025E-03   -2.98296E-03    6.80955E-04   -6.36715E-03    4.78898E-03   -9.68341E-04    1.77745E-02   -1.23625E-02
     1.88500E+00    9.65472E-02    1.82189E-02    4.68443E-01    5.85763E-03   -1.27169E-02    1.17664E-01    2.09568E-03   -2.84473E-03    6.49308E-04   -6.29207E-03    4.78426E-03   -9.23056E-04    1.77139E-02   -1.18858E-02
     1.89000E+00    9.63102E-02    1.73695E-02    4.68471E-01    5.57411E-03   -1.21303E-02    1.16999E-01    2.08180E-03   -2.70804E-03    6.18030E-04   -6.21943E-03    4.77975E-03   -8.78328E-04    1.76556E-02   -1.14068E-02
     1.89500E+00    9.60845E-02    1.65261E-02    4.68498E-01    5.29379E-03   -1.15469E-02    1.16342E-01    2.06860E-03   -2.57284E-03    5.87110E-04   -6.14922E-03    4.77547E-03   -8.34136E-04    1.75998E-02   -1.09254E-02
     1.90000E+00    9.58701E-02    1.56886E-02    4.68524E-01    5.01656E-03   -1.09669E-02    1.15691E-01    2.05607E-03   -2.43910E-03    5.56535E-04   -6.08140E-03    4.77141E-03   -7.90464E-04    1.75464E-02   -1.04413E-02
     1.90500E+00    9.56668E-02    1.48570E-02    4.68548E-01    4.74236E-03   -1.03900E-02    1.15048E-01    2.04421E-03   -2.30676E-03    5.26292E-04   -6.01595E-03    4.76757E-03   -7.47292E-04    1.74954E-02   -9.95461E-03
     1.91000E+00    9.54745E-02    1.40311E-02    4.68572E-01    4.47108E-03   -9.81637E-03    1.14412E-01    2.03300E-03   -2.17577E-03    4.96372E-04   -5.95284E-03    4.76394E-03   -7.04604E-04    1.74468E-02   -9.46503E-03
     1.91500E+00    9.52933E-02    1.32107E-02    4.68593E-01    4.20266E-03   -9.24589E-03    1.13782E-01    2.02245E-03   -2.04609E-03    4.66760E-04   -5.89205E-03    4.76052E-03   -6.62381E-04    1.74007E-02   -8.97247E-03
     1.92000E+00    9.51229E-02    1.23958E-02    4.68614E-01    3.93701E-03   -8.67854E-03    1.13160E-01    2.01254E-03   -1.91768E-03    4.37448E-04   -5.83355E-03    4.75731E-03   -6.20606E-04    1.73571E-02   -8.47679E-03
     1.92500E+00    9.49634E-02    1.15863E-02    4.68633E-01    3.67405E-03   -8.11429E-03    1.12544E-01    2.00327E-03   -1.79049E-03    4.08421E-04   -5.77732E-03    4.75431E-03   -5.79263E-04    1.73160E-02   -7.97785E-03
     1.93000E+00    9.48147E-02    1.07820E-02    4.68650E-01    3.41370E-03   -7.55310E-03    1.11935E-01    1.99463E-03   -1.66447E-03    3.79671E-04   -5.72334E-03    4.75152E-03   -5.38333E-04    1.72773E-02   -7.47552E-03
     1.93500E+00    9.46766E-02    9.98285E-03    4.68667E-01    3.15587E-03   -6.99494E-03    1.11332E-01    1.98662E-03   -1.53958E-03    3.51185E-04   -5.67159E-03    4.74893E-03   -4.97802E-04    1.72412E-02   -6.96964E-03
     1.94000E+00    9.45491E-02    9.18874E-03    4.68682E-01    2.90050E-03   -6.43977E-03    1.10736E-01    1.97924E-03   -1.41578E-03    3.22952E-04   -5.62204E-03    4.74654E-03   -4.57653E-04    1.72077E-02   -6.46007E-03
     1.94500E+00    9.44322E-02    8.39953E-03    4.68696E-01    2.64750E-03   -5.88757E-03    1.10147E-01    1.97246E-03   -1.29303E-03    2.94961E-04   -5.57468E-03    4.74435E-03   -4.17869E-04    1.71766E-02   -5.94665E-03
     1.95000E+00    9.43258E-02    7.61515E-03    4.68708E-01    2.39681E-03   -5.33830E-03    1.09564E-01    1.96630E-03   -1.17128E-03    2.67201E-04   -5.52949E-03    4.74236E-03   -3.78435E-04    1.71482E-02   -5.42924E-03
     1.95500E+00    9.42298E-02    6.83546E-03    4.68720E-01    2.14833E-03   -4.79192E-03    1.08987E-01    1.96075E-03   -1.05049E-03    2.39663E-04   -5.48645E-03    4.74057E-03   -3.39335E-04    1.71223E-02   -4.90768E-03
     1.96000E+00    9.41441E-02    6.06038E-03    4.68730E-01    1.90200E-03   -4.24842E-03    1.08416E-01    1.95580E-03   -9.30619E-04    2.12334E-04   -5.44553E-03    4.73897E-03   -3.00554E-04    1.70991E-02   -4.38181E-03
     1.96500E+00    9.40686E-02    5.28980E-03    4.68739E-01    1.65775E-03   -3.70775E-03    1.07852E-01    1.95144E-03   -8.11630E-04    1.85204E-04   -5.40674E-03    4.73756E-03   -2.62077E-04    1.70785E-02   -3.85148E-03
     1.97000E+00    9.40034E-02    4.52361E-03    4.68746E-01    1.41549E-03   -3.16990E-03    1.07294E-01    1.94768E-03   -6.93481E-04    1.58263E-04   -5.37004E-03    4.73635E-03   -2.23889E-04    1.70606E-02   -3.31651E-03
     1.97500E+00    9.39484E-02    3.76172E-03    4.68753E-01    1.17517E-03   -2.63481E-03    1.06742E-01    1.94451E-03   -5.76131E-04    1.31500E-04   -5.33543E-03    4.73532E-03   -1.85974E-04    1.70454E-02   -2.77675E-03
     1.98000E+00    9.39035E-02    3.00401E-03    4.68758E-01    9.36704E-04   -2.10247E-03    1.06195E-01    1.94192E-03   -4.59540E-04    1.04906E-04   -5.30288E-03    4.73449E-03   -1.48318E-04    1.70329E-02   -2.23202E-03
     1.98500E+00    9.38686E-02    2.25040E-03    4.68762E-01    7.00024E-04   -1.57285E-03    1.05655E-01    1.93991E-03   -3.43670E-04    7.84684E-05   -5.27240E-03    4.73384E-03   -1.10908E-04    1.70231E-02   -1.68216E-03
     1.99000E+00    9.38437E-02    1.50078E-03    4.68765E-01    4.65059E-04   -1.04592E-03    1.05120E-01    1.93848E-03   -2.28483E-04    5.21785E-05   -5.24395E-03    4.73338E-03   -7.37269E-05    1.70160E-02   -1.12699E-03
     1.99500E+00    9.38287E-02    7.55061E-04    4.68767E-01    2.31741E-04   -5.21645E-04    1.04592E-01    1.93762E-03   -1.13938E-04    2.60258E-05   -5.21754E-03    4.73310E-03   -3.67624E-05    1.70118E-02   -5.66329E-04
     2.00000E+00    9.38236E-02    1.31354E-05    4.68767E-01    5.04574-226   -2.88769-224    1.04068E-01    1.93734E-03   -3.43896-228    3.07887E-25   -5.19315E-03    4.73301E-03   -1.59925-225    1.70104E-02   -1.21950-224
