     1.00000E-05    3.85920E+00   -2.79781E-05   -5.76555E-01   -9.83428E-19   -1.74344E-05   -1.74344E+00    4.38128E-01    1.86353E-19    7.35625E-06    7.35625E-01    3.74048E-01    4.25394E-19    8.77860E-11    1.75572E-05
     9.25998E-03    3.85832E+00    3.90134E-02   -5.76263E-01    6.30377E-02   -1.61403E-02   -1.74218E+00    4.38023E-01   -2.26544E-02    6.80956E-03    7.34875E-01    3.73918E-01   -2.80949E-02    7.52487E-05    1.62474E-02
     1.85100E-02    3.85568E+00    7.79252E-02   -5.75389E-01    1.25871E-01   -3.22399E-02   -1.73840E+00    4.37709E-01   -4.52466E-02    1.35979E-02    7.32630E-01    3.73528E-01   -5.60873E-02    3.00389E-04    3.24166E-02
     2.77599E-02    3.85128E+00    1.16719E-01   -5.73936E-01    1.88431E-01   -4.82930E-02   -1.73213E+00    4.37186E-01   -6.77634E-02    2.03586E-02    7.28901E-01    3.72881E-01   -8.39360E-02    6.74581E-04    4.84652E-02
     3.70099E-02    3.84513E+00    1.55335E-01   -5.71905E-01    2.50585E-01   -6.42766E-02   -1.72338E+00    4.36456E-01   -9.01676E-02    2.70780E-02    7.23702E-01    3.71976E-01   -1.11570E-01    1.19643E-03    6.43337E-02
     4.62599E-02    3.83725E+00    1.93715E-01   -5.69301E-01    3.12199E-01   -8.01680E-02   -1.71219E+00    4.35519E-01   -1.12422E-01    3.37426E-02    7.17055E-01    3.70817E-01   -1.38919E-01    1.86401E-03    7.99638E-02
     5.55098E-02    3.82764E+00    2.31802E-01   -5.66131E-01    3.73144E-01   -9.59446E-02   -1.69859E+00    4.34377E-01   -1.34490E-01    4.03391E-02    7.08988E-01    3.69407E-01   -1.65916E-01    2.67485E-03    9.52988E-02
     6.47598E-02    3.81633E+00    2.69540E-01   -5.62401E-01    4.33293E-01   -1.11584E-01   -1.68262E+00    4.33031E-01   -1.56336E-01    4.68546E-02    6.99533E-01    3.67749E-01   -1.92493E-01    3.62595E-03    1.10283E-01
     7.40098E-02    3.80333E+00    3.06873E-01   -5.58118E-01    4.92523E-01   -1.27066E-01   -1.66435E+00    4.31485E-01   -1.77925E-01    5.32763E-02    6.88730E-01    3.65848E-01   -2.18586E-01    4.71383E-03    1.24865E-01
     8.32598E-02    3.78867E+00    3.43746E-01   -5.53292E-01    5.50714E-01   -1.42368E-01   -1.64383E+00    4.29741E-01   -1.99221E-01    5.95920E-02    6.76622E-01    3.63707E-01   -2.44134E-01    5.93453E-03    1.38992E-01
     9.25098E-02    3.77236E+00    3.80107E-01   -5.47933E-01    6.07754E-01   -1.57470E-01   -1.62114E+00    4.27801E-01   -2.20192E-01    6.57899E-02    6.63257E-01    3.61333E-01   -2.69075E-01    7.28362E-03    1.52617E-01
     1.01760E-01    3.75445E+00    4.15905E-01   -5.42053E-01    6.63533E-01   -1.72352E-01   -1.59634E+00    4.25668E-01   -2.40804E-01    7.18585E-02    6.48689E-01    3.58731E-01   -2.93355E-01    8.75624E-03    1.65694E-01
     1.11010E-01    3.73495E+00    4.51090E-01   -5.35662E-01    7.17948E-01   -1.86996E-01   -1.56952E+00    4.23347E-01   -2.61026E-01    7.77871E-02    6.32976E-01    3.55908E-01   -3.16920E-01    1.03471E-02    1.78183E-01
     1.20260E-01    3.71391E+00    4.85613E-01   -5.28775E-01    7.70903E-01   -2.01383E-01   -1.54077E+00    4.20841E-01   -2.80828E-01    8.35652E-02    6.16179E-01    3.52871E-01   -3.39720E-01    1.20507E-02    1.90043E-01
     1.29510E-01    3.69135E+00    5.19430E-01   -5.21405E-01    8.22306E-01   -2.15495E-01   -1.51018E+00    4.18153E-01   -3.00180E-01    8.91832E-02    5.98362E-01    3.49626E-01   -3.61708E-01    1.38609E-02    2.01239E-01
     1.38760E-01    3.66732E+00    5.52497E-01   -5.13568E-01    8.72074E-01   -2.29315E-01   -1.47784E+00    4.15289E-01   -3.19054E-01    9.46319E-02    5.79595E-01    3.46182E-01   -3.82843E-01    1.57714E-02    2.11741E-01
     1.48010E-01    3.64185E+00    5.84772E-01   -5.05277E-01    9.20130E-01   -2.42830E-01   -1.44386E+00    4.12252E-01   -3.37425E-01    9.99029E-02    5.59946E-01    3.42546E-01   -4.03087E-01    1.77758E-02    2.21520E-01
     1.57260E-01    3.61499E+00    6.16216E-01   -4.96551E-01    9.66403E-01   -2.56022E-01   -1.40833E+00    4.09048E-01   -3.55266E-01    1.04988E-01    5.39490E-01    3.38728E-01   -4.22403E-01    1.98672E-02    2.30552E-01
     1.66510E-01    3.58678E+00    6.46791E-01   -4.87405E-01    1.01083E+00   -2.68879E-01   -1.37137E+00    4.05682E-01   -3.72554E-01    1.09881E-01    5.18300E-01    3.34735E-01   -4.40763E-01    2.20386E-02    2.38816E-01
     1.75760E-01    3.55726E+00    6.76465E-01   -4.77856E-01    1.05336E+00   -2.81388E-01   -1.33309E+00    4.02158E-01   -3.89268E-01    1.14575E-01    4.96453E-01    3.30576E-01   -4.58139E-01    2.42829E-02    2.46297E-01
     1.85010E-01    3.52648E+00    7.05204E-01   -4.67924E-01    1.09394E+00   -2.93537E-01   -1.29358E+00    3.98482E-01   -4.05388E-01    1.19064E-01    4.74024E-01    3.26262E-01   -4.74510E-01    2.65927E-02    2.52983E-01
     1.94259E-01    3.49450E+00    7.32979E-01   -4.57625E-01    1.13252E+00   -3.05316E-01   -1.25297E+00    3.94660E-01   -4.20893E-01    1.23343E-01    4.51092E-01    3.21801E-01   -4.89857E-01    2.89606E-02    2.58864E-01
     2.03509E-01    3.46135E+00    7.59764E-01   -4.46978E-01    1.16909E+00   -3.16714E-01   -1.21136E+00    3.90697E-01   -4.35768E-01    1.27408E-01    4.27733E-01    3.17203E-01   -5.04167E-01    3.13791E-02    2.63936E-01
     2.12759E-01    3.42709E+00    7.85535E-01   -4.36003E-01    1.20360E+00   -3.27723E-01   -1.16887E+00    3.86600E-01   -4.49998E-01    1.31255E-01    4.04025E-01    3.12477E-01   -5.17430E-01    3.38408E-02    2.68197E-01
     2.22009E-01    3.39178E+00    8.10270E-01   -4.24718E-01    1.23604E+00   -3.38336E-01   -1.12561E+00    3.82374E-01   -4.63568E-01    1.34881E-01    3.80044E-01    3.07634E-01   -5.29640E-01    3.63382E-02    2.71652E-01
     2.31259E-01    3.35545E+00    8.33950E-01   -4.13143E-01    1.26640E+00   -3.48545E-01   -1.08169E+00    3.78026E-01   -4.76467E-01    1.38285E-01    3.55864E-01    3.02682E-01   -5.40795E-01    3.88639E-02    2.74305E-01
     2.40509E-01    3.31818E+00    8.56559E-01   -4.01296E-01    1.29466E+00   -3.58345E-01   -1.03721E+00    3.73562E-01   -4.88685E-01    1.41464E-01    3.31560E-01    2.97632E-01   -5.50897E-01    4.14104E-02    2.76166E-01
     2.49759E-01    3.28000E+00    8.78085E-01   -3.89198E-01    1.32084E+00   -3.67732E-01   -9.92291E-01    3.68988E-01   -5.00214E-01    1.44419E-01    3.07203E-01    2.92494E-01   -5.59951E-01    4.39705E-02    2.77248E-01
     2.59009E-01    3.24098E+00    8.98515E-01   -3.76867E-01    1.34493E+00   -3.76702E-01   -9.47026E-01    3.64310E-01   -5.11048E-01    1.47148E-01    2.82863E-01    2.87277E-01   -5.67966E-01    4.65371E-02    2.77566E-01
     2.68259E-01    3.20117E+00    9.17842E-01   -3.64323E-01    1.36694E+00   -3.85251E-01   -9.01522E-01    3.59536E-01   -5.21181E-01    1.49652E-01    2.58607E-01    2.81990E-01   -5.74955E-01    4.91032E-02    2.77139E-01
     2.77509E-01    3.16062E+00    9.36060E-01   -3.51585E-01    1.38690E+00   -3.93379E-01   -8.55876E-01    3.54670E-01   -5.30611E-01    1.51932E-01    2.34501E-01    2.76643E-01   -5.80932E-01    5.16619E-02    2.75988E-01
     2.86759E-01    3.11939E+00    9.53166E-01   -3.38672E-01    1.40481E+00   -4.01085E-01   -8.10186E-01    3.49721E-01   -5.39336E-01    1.53991E-01    2.10606E-01    2.71246E-01   -5.85915E-01    5.42068E-02    2.74136E-01
     2.96009E-01    3.07754E+00    9.69159E-01   -3.25602E-01    1.42072E+00   -4.08368E-01   -7.64543E-01    3.44695E-01   -5.47356E-01    1.55829E-01    1.86982E-01    2.65807E-01   -5.89927E-01    5.67313E-02    2.71608E-01
     3.05259E-01    3.03511E+00    9.84041E-01   -3.12395E-01    1.43465E+00   -4.15229E-01   -7.19036E-01    3.39598E-01   -5.54675E-01    1.57451E-01    1.63684E-01    2.60335E-01   -5.92989E-01    5.92295E-02    2.68433E-01
     3.14509E-01    2.99216E+00    9.97816E-01   -2.99067E-01    1.44664E+00   -4.21671E-01   -6.73750E-01    3.34436E-01   -5.61295E-01    1.58859E-01    1.40764E-01    2.54839E-01   -5.95128E-01    6.16954E-02    2.64639E-01
     3.23759E-01    2.94874E+00    1.01049E+00   -2.85638E-01    1.45672E+00   -4.27695E-01   -6.28766E-01    3.29216E-01   -5.67220E-01    1.60056E-01    1.18273E-01    2.49328E-01   -5.96371E-01    6.41235E-02    2.60258E-01
     3.33009E-01    2.90491E+00    1.02207E+00   -2.72124E-01    1.46494E+00   -4.33304E-01   -5.84162E-01    3.23944E-01   -5.72459E-01    1.61048E-01    9.62544E-02    2.43809E-01   -5.96747E-01    6.65084E-02    2.55321E-01
     3.42259E-01    2.86072E+00    1.03257E+00   -2.58542E-01    1.47134E+00   -4.38503E-01   -5.40010E-01    3.18627E-01   -5.77019E-01    1.61839E-01    7.47515E-02    2.38291E-01   -5.96289E-01    6.88453E-02    2.49860E-01
     3.51509E-01    2.81622E+00    1.04200E+00   -2.44910E-01    1.47597E+00   -4.43296E-01   -4.96379E-01    3.13271E-01   -5.80909E-01    1.62433E-01    5.38023E-02    2.32780E-01   -5.95028E-01    7.11293E-02    2.43911E-01
     3.60759E-01    2.77146E+00    1.05038E+00   -2.31242E-01    1.47887E+00   -4.47688E-01   -4.53334E-01    3.07883E-01   -5.84139E-01    1.62836E-01    3.34416E-02    2.27285E-01   -5.92999E-01    7.33562E-02    2.37507E-01
     3.70009E-01    2.72649E+00    1.05771E+00   -2.17556E-01    1.48011E+00   -4.51684E-01   -4.10935E-01    3.02467E-01   -5.86722E-01    1.63053E-01    1.37005E-02    2.21812E-01   -5.90235E-01    7.55219E-02    2.30683E-01
     3.79259E-01    2.68135E+00    1.06403E+00   -2.03865E-01    1.47974E+00   -4.55292E-01   -3.69239E-01    2.97030E-01   -5.88671E-01    1.63091E-01   -5.39350E-03    2.16368E-01   -5.86773E-01    7.76226E-02    2.23474E-01
     3.88509E-01    2.63610E+00    1.06934E+00   -1.90185E-01    1.47780E+00   -4.58518E-01   -3.28297E-01    2.91578E-01   -5.89999E-01    1.62956E-01   -2.38163E-02    2.10959E-01   -5.82649E-01    7.96551E-02    2.15915E-01
     3.97759E-01    2.59078E+00    1.07367E+00   -1.76531E-01    1.47437E+00   -4.61368E-01   -2.88159E-01    2.86117E-01   -5.90721E-01    1.62653E-01   -4.15474E-02    2.05591E-01   -5.77899E-01    8.16161E-02    2.08042E-01
     4.07009E-01    2.54543E+00    1.07704E+00   -1.62914E-01    1.46949E+00   -4.63851E-01   -2.48867E-01    2.80652E-01   -5.90855E-01    1.62189E-01   -5.85696E-02    2.00270E-01   -5.72561E-01    8.35030E-02    1.99888E-01
     4.16259E-01    2.50011E+00    1.07948E+00   -1.49349E-01    1.46323E+00   -4.65975E-01   -2.10462E-01    2.75188E-01   -5.90416E-01    1.61571E-01   -7.48691E-02    1.95000E-01   -5.66670E-01    8.53132E-02    1.91489E-01
     4.25509E-01    2.45484E+00    1.08100E+00   -1.35849E-01    1.45564E+00   -4.67748E-01   -1.72981E-01    2.69731E-01   -5.89422E-01    1.60806E-01   -9.04350E-02    1.89788E-01   -5.60264E-01    8.70448E-02    1.82877E-01
     4.34759E-01    2.40967E+00    1.08164E+00   -1.22424E-01    1.44678E+00   -4.69178E-01   -1.36456E-01    2.64286E-01   -5.87891E-01    1.59901E-01   -1.05260E-01    1.84637E-01   -5.53380E-01    8.86959E-02    1.74085E-01
     4.44009E-01    2.36463E+00    1.08142E+00   -1.09087E-01    1.43673E+00   -4.70275E-01   -1.00917E-01    2.58857E-01   -5.85842E-01    1.58861E-01   -1.19339E-01    1.79552E-01   -5.46053E-01    9.02649E-02    1.65146E-01
     4.53259E-01    2.31978E+00    1.08037E+00   -9.58482E-02    1.42552E+00   -4.71048E-01   -6.63882E-02    2.53449E-01   -5.83296E-01    1.57695E-01   -1.32670E-01    1.74536E-01   -5.38319E-01    9.17507E-02    1.56090E-01
     4.62509E-01    2.27513E+00    1.07851E+00   -8.27182E-02    1.41323E+00   -4.71506E-01   -3.28929E-02    2.48067E-01   -5.80270E-01    1.56409E-01   -1.45253E-01    1.69594E-01   -5.30214E-01    9.31523E-02    1.46947E-01
     4.71759E-01    2.23074E+00    1.07588E+00   -6.97066E-02    1.39992E+00   -4.71660E-01   -4.49752E-04    2.42715E-01   -5.76786E-01    1.55010E-01   -1.57093E-01    1.64728E-01   -5.21771E-01    9.44691E-02    1.37746E-01
     4.81009E-01    2.18662E+00    1.07250E+00   -5.68227E-02    1.38565E+00   -4.71518E-01    3.09255E-02    2.37398E-01   -5.72865E-01    1.53505E-01   -1.68194E-01    1.59942E-01   -5.13024E-01    9.57005E-02    1.28515E-01
     4.90259E-01    2.14281E+00    1.06840E+00   -4.40750E-02    1.37047E+00   -4.71091E-01    6.12201E-02    2.32119E-01   -5.68526E-01    1.51901E-01   -1.78564E-01    1.55238E-01   -5.04005E-01    9.68466E-02    1.19280E-01
     4.99509E-01    2.09934E+00    1.06361E+00   -3.14718E-02    1.35444E+00   -4.70389E-01    9.04242E-02    2.26882E-01   -5.63792E-01    1.50204E-01   -1.88212E-01    1.50619E-01   -4.94747E-01    9.79073E-02    1.10066E-01
     5.08759E-01    2.05623E+00    1.05817E+00   -1.90204E-02    1.33762E+00   -4.69422E-01    1.18531E-01    2.21690E-01   -5.58682E-01    1.48421E-01   -1.97150E-01    1.46086E-01   -4.85280E-01    9.88829E-02    1.00896E-01
     5.18009E-01    2.01352E+00    1.05210E+00   -6.72813E-03    1.32007E+00   -4.68199E-01    1.45536E-01    2.16547E-01   -5.53219E-01    1.46559E-01   -2.05392E-01    1.41642E-01   -4.75633E-01    9.97740E-02    9.17942E-02
     5.27259E-01    1.97123E+00    1.04543E+00    5.39870E-03    1.30185E+00   -4.66733E-01    1.71437E-01    2.11456E-01   -5.47422E-01    1.44624E-01   -2.12951E-01    1.37287E-01   -4.65835E-01    1.00581E-01    8.27803E-02
     5.36509E-01    1.92938E+00    1.03819E+00    1.73540E-02    1.28300E+00   -4.65031E-01    1.96236E-01    2.06421E-01   -5.41313E-01    1.42622E-01   -2.19844E-01    1.33024E-01   -4.55912E-01    1.01306E-01    7.38740E-02
     5.45759E-01    1.88799E+00    1.03042E+00    2.91324E-02    1.26359E+00   -4.63106E-01    2.19935E-01    2.01443E-01   -5.34912E-01    1.40559E-01   -2.26088E-01    1.28853E-01   -4.45891E-01    1.01948E-01    6.50936E-02
     5.55009E-01    1.84708E+00    1.02213E+00    4.07288E-02    1.24367E+00   -4.60966E-01    2.42539E-01    1.96526E-01   -5.28241E-01    1.38441E-01   -2.31702E-01    1.24775E-01   -4.35797E-01    1.02510E-01    5.64559E-02
     5.64258E-01    1.80667E+00    1.01337E+00    5.21388E-02    1.22328E+00   -4.58622E-01    2.64057E-01    1.91671E-01   -5.21319E-01    1.36274E-01   -2.36704E-01    1.20791E-01   -4.25652E-01    1.02993E-01    4.79761E-02
     5.73508E-01    1.76679E+00    1.00415E+00    6.33583E-02    1.20249E+00   -4.56084E-01    2.84498E-01    1.86882E-01   -5.14166E-01    1.34064E-01   -2.41115E-01    1.16901E-01   -4.15480E-01    1.03399E-01    3.96684E-02
     5.82758E-01    1.72743E+00    9.94516E-01    7.43837E-02    1.18134E+00   -4.53362E-01    3.03873E-01    1.82160E-01   -5.06801E-01    1.31815E-01   -2.44955E-01    1.13105E-01   -4.05300E-01    1.03728E-01    3.15454E-02
     5.92008E-01    1.68863E+00    9.84486E-01    8.52120E-02    1.15987E+00   -4.50466E-01    3.22195E-01    1.77507E-01   -4.99245E-01    1.29534E-01   -2.48246E-01    1.09403E-01   -3.95134E-01    1.03983E-01    2.36186E-02
     6.01258E-01    1.65038E+00    9.74090E-01    9.58404E-02    1.13814E+00   -4.47405E-01    3.39480E-01    1.72924E-01   -4.91515E-01    1.27224E-01   -2.51009E-01    1.05795E-01   -3.84998E-01    1.04165E-01    1.58981E-02
     6.10508E-01    1.61270E+00    9.63356E-01    1.06267E-01    1.11618E+00   -4.44189E-01    3.55744E-01    1.68414E-01   -4.83629E-01    1.24892E-01   -2.53266E-01    1.02280E-01   -3.74912E-01    1.04278E-01    8.39269E-03
     6.19758E-01    1.57561E+00    9.52310E-01    1.16489E-01    1.09405E+00   -4.40827E-01    3.71005E-01    1.63978E-01   -4.75607E-01    1.22540E-01   -2.55040E-01    9.88587E-02   -3.64890E-01    1.04321E-01    1.11021E-03
     6.29008E-01    1.53911E+00    9.40977E-01    1.26506E-01    1.07178E+00   -4.37328E-01    3.85283E-01    1.59616E-01   -4.67464E-01    1.20175E-01   -2.56352E-01    9.55296E-02   -3.54947E-01    1.04299E-01   -5.94281E-03
     6.38258E-01    1.50321E+00    9.29382E-01    1.36317E-01    1.04942E+00   -4.33702E-01    3.98598E-01    1.55330E-01   -4.59217E-01    1.17799E-01   -2.57226E-01    9.22920E-02   -3.45098E-01    1.04212E-01   -1.27609E-02
     6.47508E-01    1.46791E+00    9.17551E-01    1.45920E-01    1.02700E+00   -4.29957E-01    4.10972E-01    1.51121E-01   -4.50883E-01    1.15417E-01   -2.57682E-01    8.91450E-02   -3.35355E-01    1.04063E-01   -1.93396E-02
     6.56758E-01    1.43322E+00    9.05507E-01    1.55316E-01    1.00455E+00   -4.26102E-01    4.22428E-01    1.46989E-01   -4.42478E-01    1.13033E-01   -2.57744E-01    8.60875E-02   -3.25729E-01    1.03855E-01   -2.56755E-02
     6.66008E-01    1.39914E+00    8.93274E-01    1.64504E-01    9.82125E-01   -4.22145E-01    4.32990E-01    1.42935E-01   -4.34015E-01    1.10650E-01   -2.57433E-01    8.31186E-02   -3.16231E-01    1.03589E-01   -3.17662E-02
     6.75258E-01    1.36568E+00    8.80872E-01    1.73486E-01    9.59745E-01   -4.18094E-01    4.42682E-01    1.38960E-01   -4.25509E-01    1.08272E-01   -2.56770E-01    8.02369E-02   -3.06871E-01    1.03268E-01   -3.76099E-02
     6.84508E-01    1.33284E+00    8.68324E-01    1.82260E-01    9.37444E-01   -4.13958E-01    4.51531E-01    1.35063E-01   -4.16975E-01    1.05901E-01   -2.55777E-01    7.74410E-02   -2.97657E-01    1.02894E-01   -4.32059E-02
     6.93758E-01    1.30062E+00    8.55651E-01    1.90829E-01    9.15252E-01   -4.09743E-01    4.59561E-01    1.31246E-01   -4.08425E-01    1.03541E-01   -2.54475E-01    7.47297E-02   -2.88597E-01    1.02470E-01   -4.85542E-02
     7.03008E-01    1.26902E+00    8.42872E-01    1.99192E-01    8.93198E-01   -4.05458E-01    4.66799E-01    1.27507E-01   -3.99871E-01    1.01194E-01   -2.52883E-01    7.21015E-02   -2.79697E-01    1.01997E-01   -5.36556E-02
     7.12258E-01    1.23804E+00    8.30007E-01    2.07353E-01    8.71306E-01   -4.01110E-01    4.73272E-01    1.23848E-01   -3.91326E-01    9.88635E-02   -2.51021E-01    6.95549E-02   -2.70964E-01    1.01478E-01   -5.85115E-02
     7.21508E-01    1.20768E+00    8.17073E-01    2.15312E-01    8.49603E-01   -3.96705E-01    4.79008E-01    1.20268E-01   -3.82800E-01    9.65511E-02   -2.48910E-01    6.70882E-02   -2.62402E-01    1.00915E-01   -6.31239E-02
     7.30758E-01    1.17793E+00    8.04088E-01    2.23071E-01    8.28111E-01   -3.92250E-01    4.84033E-01    1.16766E-01   -3.74305E-01    9.42594E-02   -2.46567E-01    6.46999E-02   -2.54015E-01    1.00311E-01   -6.74953E-02
     7.40008E-01    1.14880E+00    7.91070E-01    2.30633E-01    8.06851E-01   -3.87753E-01    4.88376E-01    1.13343E-01   -3.65850E-01    9.19903E-02   -2.44010E-01    6.23884E-02   -2.45809E-01    9.96671E-02   -7.16290E-02
     7.49258E-01    1.12027E+00    7.78032E-01    2.37999E-01    7.85843E-01   -3.83218E-01    4.92064E-01    1.09998E-01   -3.57444E-01    8.97458E-02   -2.41258E-01    6.01519E-02   -2.37784E-01    9.89863E-02   -7.55286E-02
     7.58508E-01    1.09236E+00    7.64992E-01    2.45172E-01    7.65105E-01   -3.78651E-01    4.95123E-01    1.06730E-01   -3.49097E-01    8.75276E-02   -2.38327E-01    5.79888E-02   -2.29944E-01    9.82705E-02   -7.91980E-02
     7.67758E-01    1.06504E+00    7.51962E-01    2.52154E-01    7.44652E-01   -3.74060E-01    4.97582E-01    1.03540E-01   -3.40817E-01    8.53373E-02   -2.35233E-01    5.58974E-02   -2.22290E-01    9.75219E-02   -8.26417E-02
     7.77008E-01    1.03831E+00    7.38957E-01    2.58949E-01    7.24500E-01   -3.69448E-01    4.99468E-01    1.00425E-01   -3.32611E-01    8.31763E-02   -2.31991E-01    5.38759E-02   -2.14824E-01    9.67424E-02   -8.58644E-02
     7.86258E-01    1.01218E+00    7.25990E-01    2.65558E-01    7.04662E-01   -3.64821E-01    5.00807E-01    9.73860E-02   -3.24486E-01    8.10459E-02   -2.28617E-01    5.19225E-02   -2.07546E-01    9.59340E-02   -8.88713E-02
     7.95508E-01    9.86631E-01    7.13071E-01    2.71986E-01    6.85151E-01   -3.60185E-01    5.01627E-01    9.44217E-02   -3.16450E-01    7.89472E-02   -2.25125E-01    5.00357E-02   -2.00456E-01    9.50989E-02   -9.16676E-02
     8.04758E-01    9.61656E-01    7.00214E-01    2.78235E-01    6.65975E-01   -3.55543E-01    5.01952E-01    9.15314E-02   -3.08507E-01    7.68814E-02   -2.21529E-01    4.82135E-02   -1.93554E-01    9.42388E-02   -9.42589E-02
     8.14008E-01    9.37252E-01    6.87427E-01    2.84308E-01    6.47145E-01   -3.50900E-01    5.01809E-01    8.87141E-02   -3.00664E-01    7.48492E-02   -2.17841E-01    4.64544E-02   -1.86839E-01    9.33557E-02   -9.66510E-02
     8.23258E-01    9.13409E-01    6.74722E-01    2.90208E-01    6.28669E-01   -3.46261E-01    5.01224E-01    8.59688E-02   -2.92925E-01    7.28516E-02   -2.14075E-01    4.47565E-02   -1.80310E-01    9.24514E-02   -9.88496E-02
     8.32508E-01    8.90120E-01    6.62107E-01    2.95939E-01    6.10552E-01   -3.41629E-01    5.00219E-01    8.32946E-02   -2.85296E-01    7.08891E-02   -2.10240E-01    4.31181E-02   -1.73966E-01    9.15276E-02   -1.00861E-01
     8.41758E-01    8.67377E-01    6.49591E-01    3.01504E-01    5.92802E-01   -3.37008E-01    4.98820E-01    8.06905E-02   -2.77780E-01    6.89623E-02   -2.06349E-01    4.15375E-02   -1.67804E-01    9.05860E-02   -1.02691E-01
     8.51008E-01    8.45172E-01    6.37182E-01    3.06907E-01    5.75421E-01   -3.32402E-01    4.97051E-01    7.81553E-02   -2.70381E-01    6.70717E-02   -2.02412E-01    4.00132E-02   -1.61824E-01    8.96284E-02   -1.04346E-01
     8.60258E-01    8.23496E-01    6.24887E-01    3.12151E-01    5.58414E-01   -3.27813E-01    4.94933E-01    7.56881E-02   -2.63102E-01    6.52178E-02   -1.98439E-01    3.85433E-02   -1.56022E-01    8.86562E-02   -1.05832E-01
     8.69508E-01    8.02341E-01    6.12713E-01    3.17239E-01    5.41782E-01   -3.23246E-01    4.92488E-01    7.32876E-02   -2.55947E-01    6.34007E-02   -1.94439E-01    3.71262E-02   -1.50396E-01    8.76710E-02   -1.07155E-01
     8.78758E-01    7.81698E-01    6.00667E-01    3.22175E-01    5.25528E-01   -3.18703E-01    4.89739E-01    7.09527E-02   -2.48916E-01    6.16207E-02   -1.90420E-01    3.57604E-02   -1.44944E-01    8.66743E-02   -1.08322E-01
     8.88008E-01    7.61558E-01    5.88754E-01    3.26962E-01    5.09652E-01   -3.14187E-01    4.86706E-01    6.86822E-02   -2.42014E-01    5.98780E-02   -1.86392E-01    3.44442E-02   -1.39662E-01    8.56675E-02   -1.09339E-01
     8.97258E-01    7.41911E-01    5.76978E-01    3.31604E-01    4.94153E-01   -3.09700E-01    4.83409E-01    6.64750E-02   -2.35241E-01    5.81725E-02   -1.82360E-01    3.31762E-02   -1.34547E-01    8.46520E-02   -1.10212E-01
     9.06508E-01    7.22750E-01    5.65346E-01    3.36105E-01    4.79031E-01   -3.05245E-01    4.79867E-01    6.43299E-02   -2.28599E-01    5.65043E-02   -1.78333E-01    3.19546E-02   -1.29597E-01    8.36290E-02   -1.10947E-01
     9.15758E-01    7.04064E-01    5.53861E-01    3.40468E-01    4.64284E-01   -3.00823E-01    4.76098E-01    6.22456E-02   -2.22088E-01    5.48733E-02   -1.74317E-01    3.07781E-02   -1.24807E-01    8.25998E-02   -1.11550E-01
     9.25008E-01    6.85844E-01    5.42527E-01    3.44695E-01    4.49910E-01   -2.96438E-01    4.72121E-01    6.02209E-02   -2.15711E-01    5.32794E-02   -1.70318E-01    2.96452E-02   -1.20175E-01    8.15657E-02   -1.12027E-01
     9.34257E-01    6.68081E-01    5.31347E-01    3.48792E-01    4.35906E-01   -2.92090E-01    4.67953E-01    5.82545E-02   -2.09467E-01    5.17224E-02   -1.66342E-01    2.85544E-02   -1.15698E-01    8.05277E-02   -1.12385E-01
     9.43507E-01    6.50766E-01    5.20324E-01    3.52761E-01    4.22269E-01   -2.87781E-01    4.63609E-01    5.63453E-02   -2.03357E-01    5.02020E-02   -1.62393E-01    2.75043E-02   -1.11370E-01    7.94870E-02   -1.12628E-01
     9.52757E-01    6.33889E-01    5.09460E-01    3.56605E-01    4.08994E-01   -2.83513E-01    4.59106E-01    5.44920E-02   -1.97381E-01    4.87180E-02   -1.58477E-01    2.64936E-02   -1.07190E-01    7.84445E-02   -1.12762E-01
     9.62007E-01    6.17442E-01    4.98759E-01    3.60328E-01    3.96079E-01   -2.79288E-01    4.54458E-01    5.26934E-02   -1.91538E-01    4.72701E-02   -1.54597E-01    2.55209E-02   -1.03153E-01    7.74012E-02   -1.12793E-01
     9.71257E-01    6.01414E-01    4.88221E-01    3.63934E-01    3.83516E-01   -2.75106E-01    4.49680E-01    5.09482E-02   -1.85828E-01    4.58578E-02   -1.50759E-01    2.45849E-02   -9.92557E-02    7.63581E-02   -1.12726E-01
     9.80507E-01    5.85798E-01    4.77848E-01    3.67424E-01    3.71303E-01   -2.70969E-01    4.44785E-01    4.92551E-02   -1.80252E-01    4.44809E-02   -1.46964E-01    2.36842E-02   -9.54943E-02    7.53160E-02   -1.12567E-01
     9.89757E-01    5.70583E-01    4.67641E-01    3.70804E-01    3.59433E-01   -2.66878E-01    4.39787E-01    4.76131E-02   -1.74807E-01    4.31389E-02   -1.43217E-01    2.28178E-02   -9.18653E-02    7.42759E-02   -1.12321E-01
     9.99007E-01    5.55761E-01    4.57601E-01    3.74075E-01    3.47901E-01   -2.62834E-01    4.34696E-01    4.60208E-02   -1.69493E-01    4.18312E-02   -1.39521E-01    2.19843E-02   -8.83649E-02    7.32384E-02   -1.11992E-01
     1.00826E+00    5.41323E-01    4.47730E-01    3.77241E-01    3.36701E-01   -2.58837E-01    4.29525E-01    4.44771E-02   -1.64309E-01    4.05576E-02   -1.35878E-01    2.11827E-02   -8.49895E-02    7.22043E-02   -1.11586E-01
     1.01751E+00    5.27260E-01    4.38026E-01    3.80305E-01    3.25826E-01   -2.54888E-01    4.24286E-01    4.29807E-02   -1.59254E-01    3.93173E-02   -1.32290E-01    2.04117E-02   -8.17356E-02    7.11743E-02   -1.11106E-01
     1.02676E+00    5.13563E-01    4.28491E-01    3.83270E-01    3.15272E-01   -2.50988E-01    4.18987E-01    4.15305E-02   -1.54327E-01    3.81100E-02   -1.28759E-01    1.96702E-02   -7.85996E-02    7.01490E-02   -1.10558E-01
     1.03601E+00    5.00223E-01    4.19123E-01    3.86138E-01    3.05030E-01   -2.47137E-01    4.13639E-01    4.01253E-02   -1.49525E-01    3.69351E-02   -1.25288E-01    1.89572E-02   -7.55779E-02    6.91291E-02   -1.09946E-01
     1.04526E+00    4.87233E-01    4.09924E-01    3.88914E-01    2.95095E-01   -2.43335E-01    4.08252E-01    3.87639E-02   -1.44848E-01    3.57920E-02   -1.21877E-01    1.82717E-02   -7.26670E-02    6.81152E-02   -1.09274E-01
     1.05451E+00    4.74583E-01    4.00891E-01    3.91599E-01    2.85460E-01   -2.39584E-01    4.02833E-01    3.74452E-02   -1.40293E-01    3.46802E-02   -1.18528E-01    1.76126E-02   -6.98635E-02    6.71077E-02   -1.08547E-01
     1.06376E+00    4.62266E-01    3.92026E-01    3.94196E-01    2.76118E-01   -2.35883E-01    3.97391E-01    3.61681E-02   -1.35860E-01    3.35991E-02   -1.15243E-01    1.69789E-02   -6.71640E-02    6.61072E-02   -1.07767E-01
     1.07301E+00    4.50273E-01    3.83326E-01    3.96708E-01    2.67063E-01   -2.32232E-01    3.91934E-01    3.49315E-02   -1.31545E-01    3.25480E-02   -1.12020E-01    1.63697E-02   -6.45651E-02    6.51142E-02   -1.06939E-01
     1.08226E+00    4.38597E-01    3.74790E-01    3.99137E-01    2.58288E-01   -2.28632E-01    3.86468E-01    3.37342E-02   -1.27348E-01    3.15265E-02   -1.08863E-01    1.57841E-02   -6.20637E-02    6.41290E-02   -1.06066E-01
     1.09151E+00    4.27229E-01    3.66419E-01    4.01487E-01    2.49785E-01   -2.25083E-01    3.81001E-01    3.25752E-02   -1.23266E-01    3.05339E-02   -1.05770E-01    1.52213E-02   -5.96565E-02    6.31521E-02   -1.05152E-01
     1.10076E+00    4.16161E-01    3.58209E-01    4.03759E-01    2.41549E-01   -2.21584E-01    3.75538E-01    3.14534E-02   -1.19298E-01    2.95695E-02   -1.02743E-01    1.46802E-02   -5.73403E-02    6.21838E-02   -1.04201E-01
     1.11001E+00    4.05387E-01    3.50160E-01    4.05956E-01    2.33573E-01   -2.18135E-01    3.70086E-01    3.03678E-02   -1.15440E-01    2.86329E-02   -9.97815E-02    1.41602E-02   -5.51121E-02    6.12245E-02   -1.03214E-01
     1.11926E+00    3.94898E-01    3.42271E-01    4.08081E-01    2.25849E-01   -2.14737E-01    3.64650E-01    2.93174E-02   -1.11692E-01    2.77234E-02   -9.68855E-02    1.36604E-02   -5.29690E-02    6.02745E-02   -1.02196E-01
     1.12851E+00    3.84688E-01    3.34539E-01    4.10135E-01    2.18371E-01   -2.11389E-01    3.59234E-01    2.83012E-02   -1.08051E-01    2.68403E-02   -9.40549E-02    1.31800E-02   -5.09079E-02    5.93340E-02   -1.01149E-01
     1.13776E+00    3.74749E-01    3.26963E-01    4.12121E-01    2.11133E-01   -2.08091E-01    3.53844E-01    2.73182E-02   -1.04515E-01    2.59832E-02   -9.12897E-02    1.27183E-02   -4.89260E-02    5.84033E-02   -1.00075E-01
     1.14701E+00    3.65074E-01    3.19541E-01    4.14042E-01    2.04127E-01   -2.04843E-01    3.48483E-01    2.63674E-02   -1.01081E-01    2.51513E-02   -8.85895E-02    1.22747E-02   -4.70205E-02    5.74827E-02   -9.89787E-02
     1.15626E+00    3.55657E-01    3.12271E-01    4.15898E-01    1.97348E-01   -2.01644E-01    3.43157E-01    2.54479E-02   -9.77483E-02    2.43441E-02   -8.59540E-02    1.18482E-02   -4.51889E-02    5.65723E-02   -9.78610E-02
     1.16551E+00    3.46490E-01    3.05152E-01    4.17693E-01    1.90789E-01   -1.98495E-01    3.37867E-01    2.45587E-02   -9.45137E-02    2.35609E-02   -8.33825E-02    1.14384E-02   -4.34283E-02    5.56723E-02   -9.67246E-02
     1.17476E+00    3.37567E-01    2.98181E-01    4.19429E-01    1.84444E-01   -1.95394E-01    3.32618E-01    2.36991E-02   -9.13753E-02    2.28013E-02   -8.08747E-02    1.10446E-02   -4.17362E-02    5.47829E-02   -9.55719E-02
     1.18401E+00    3.28882E-01    2.91356E-01    4.21106E-01    1.78307E-01   -1.92341E-01    3.27413E-01    2.28680E-02   -8.83309E-02    2.20646E-02   -7.84297E-02    1.06661E-02   -4.01102E-02    5.39043E-02   -9.44049E-02
     1.19326E+00    3.20428E-01    2.84676E-01    4.22728E-01    1.72371E-01   -1.89336E-01    3.22254E-01    2.20647E-02   -8.53784E-02    2.13502E-02   -7.60470E-02    1.03024E-02   -3.85479E-02    5.30365E-02   -9.32257E-02
     1.20251E+00    3.12200E-01    2.78137E-01    4.24296E-01    1.66631E-01   -1.86379E-01    3.17144E-01    2.12882E-02   -8.25155E-02    2.06575E-02   -7.37256E-02    9.95280E-03   -3.70469E-02    5.21796E-02   -9.20362E-02
     1.21176E+00    3.04191E-01    2.71739E-01    4.25811E-01    1.61081E-01   -1.83469E-01    3.12085E-01    2.05379E-02   -7.97401E-02    1.99861E-02   -7.14649E-02    9.61683E-03   -3.56049E-02    5.13338E-02   -9.08382E-02
     1.22101E+00    2.96395E-01    2.65478E-01    4.27276E-01    1.55714E-01   -1.80605E-01    3.07079E-01    1.98128E-02   -7.70501E-02    1.93352E-02   -6.92639E-02    9.29393E-03   -3.42198E-02    5.04992E-02   -8.96333E-02
     1.23026E+00    2.88807E-01    2.59352E-01    4.28693E-01    1.50526E-01   -1.77788E-01    3.02129E-01    1.91122E-02   -7.44432E-02    1.87045E-02   -6.71217E-02    8.98360E-03   -3.28893E-02    4.96756E-02   -8.84233E-02
     1.23951E+00    2.81421E-01    2.53360E-01    4.30062E-01    1.45511E-01   -1.75016E-01    2.97235E-01    1.84353E-02   -7.19175E-02    1.80933E-02   -6.50374E-02    8.68532E-03   -3.16116E-02    4.88633E-02   -8.72096E-02
     1.24876E+00    2.74232E-01    2.47499E-01    4.31385E-01    1.40663E-01   -1.72289E-01    2.92399E-01    1.77815E-02   -6.94709E-02    1.75011E-02   -6.30100E-02    8.39863E-03   -3.03845E-02    4.80623E-02   -8.59937E-02
     1.25801E+00    2.67235E-01    2.41766E-01    4.32664E-01    1.35978E-01   -1.69606E-01    2.87623E-01    1.71499E-02   -6.71012E-02    1.69274E-02   -6.10385E-02    8.12306E-03   -2.92061E-02    4.72725E-02   -8.47769E-02
     1.26726E+00    2.60423E-01    2.36160E-01    4.33901E-01    1.31450E-01   -1.66968E-01    2.82907E-01    1.65399E-02   -6.48064E-02    1.63717E-02   -5.91218E-02    7.85817E-03   -2.80746E-02    4.64939E-02   -8.35604E-02
     1.27651E+00    2.53793E-01    2.30679E-01    4.35097E-01    1.27074E-01   -1.64372E-01    2.78252E-01    1.59507E-02   -6.25846E-02    1.58335E-02   -5.72589E-02    7.60354E-03   -2.69881E-02    4.57266E-02   -8.23455E-02
     1.28576E+00    2.47339E-01    2.25319E-01    4.36252E-01    1.22846E-01   -1.61820E-01    2.73660E-01    1.53818E-02   -6.04338E-02    1.53123E-02   -5.54487E-02    7.35876E-03   -2.59450E-02    4.49705E-02   -8.11332E-02
     1.29501E+00    2.41057E-01    2.20079E-01    4.37370E-01    1.18760E-01   -1.59310E-01    2.69130E-01    1.48325E-02   -5.83520E-02    1.48076E-02   -5.36902E-02    7.12343E-03   -2.49436E-02    4.42256E-02   -7.99246E-02
     1.30426E+00    2.34942E-01    2.14956E-01    4.38450E-01    1.14812E-01   -1.56841E-01    2.64664E-01    1.43021E-02   -5.63373E-02    1.43189E-02   -5.19822E-02    6.89718E-03   -2.39822E-02    4.34919E-02   -7.87206E-02
     1.31351E+00    2.28989E-01    2.09949E-01    4.39494E-01    1.10998E-01   -1.54413E-01    2.60262E-01    1.37901E-02   -5.43878E-02    1.38458E-02   -5.03237E-02    6.67964E-03   -2.30592E-02    4.27693E-02   -7.75222E-02
     1.32276E+00    2.23194E-01    2.05055E-01    4.40504E-01    1.07312E-01   -1.52026E-01    2.55924E-01    1.32958E-02   -5.25017E-02    1.33877E-02   -4.87136E-02    6.47047E-03   -2.21732E-02    4.20577E-02   -7.63302E-02
     1.33201E+00    2.17552E-01    2.00272E-01    4.41480E-01    1.03752E-01   -1.49678E-01    2.51649E-01    1.28186E-02   -5.06773E-02    1.29444E-02   -4.71508E-02    6.26933E-03   -2.13228E-02    4.13572E-02   -7.51453E-02
     1.34126E+00    2.12060E-01    1.95597E-01    4.42423E-01    1.00313E-01   -1.47370E-01    2.47440E-01    1.23580E-02   -4.89126E-02    1.25153E-02   -4.56342E-02    6.07590E-03   -2.05064E-02    4.06675E-02   -7.39682E-02
     1.35051E+00    2.06713E-01    1.91029E-01    4.43336E-01    9.69901E-02   -1.45100E-01    2.43294E-01    1.19135E-02   -4.72060E-02    1.21000E-02   -4.41628E-02    5.88986E-03   -1.97228E-02    3.99887E-02   -7.27997E-02
     1.35976E+00    2.01508E-01    1.86565E-01    4.44218E-01    9.37803E-02   -1.42869E-01    2.39213E-01    1.14846E-02   -4.55557E-02    1.16982E-02   -4.27353E-02    5.71093E-03   -1.89707E-02    3.93207E-02   -7.16403E-02
     1.36901E+00    1.96440E-01    1.82203E-01    4.45071E-01    9.06798E-02   -1.40675E-01    2.35196E-01    1.10706E-02   -4.39602E-02    1.13093E-02   -4.13508E-02    5.53881E-03   -1.82488E-02    3.86633E-02   -7.04906E-02
     1.37826E+00    1.91506E-01    1.77942E-01    4.45896E-01    8.76847E-02   -1.38518E-01    2.31243E-01    1.06711E-02   -4.24178E-02    1.09331E-02   -4.00082E-02    5.37324E-03   -1.75559E-02    3.80166E-02   -6.93512E-02
     1.38751E+00    1.86702E-01    1.73779E-01    4.46694E-01    8.47915E-02   -1.36397E-01    2.27353E-01    1.02857E-02   -4.09268E-02    1.05690E-02   -3.87064E-02    5.21394E-03   -1.68908E-02    3.73803E-02   -6.82224E-02
     1.39676E+00    1.82025E-01    1.69711E-01    4.47465E-01    8.19969E-02   -1.34311E-01    2.23527E-01    9.91384E-03   -3.94858E-02    1.02169E-02   -3.74444E-02    5.06067E-03   -1.62525E-02    3.67544E-02   -6.71047E-02
     1.40601E+00    1.77471E-01    1.65738E-01    4.48211E-01    7.92975E-02   -1.32261E-01    2.19764E-01    9.55508E-03   -3.80931E-02    9.87619E-03   -3.62212E-02    4.91319E-03   -1.56399E-02    3.61388E-02   -6.59985E-02
     1.41526E+00    1.73036E-01    1.61857E-01    4.48932E-01    7.66900E-02   -1.30246E-01    2.16063E-01    9.20898E-03   -3.67474E-02    9.54665E-03   -3.50357E-02    4.77126E-03   -1.50518E-02    3.55334E-02   -6.49041E-02
     1.42451E+00    1.68718E-01    1.58066E-01    4.49630E-01    7.41713E-02   -1.28264E-01    2.12424E-01    8.87511E-03   -3.54472E-02    9.22792E-03   -3.38870E-02    4.63466E-03   -1.44874E-02    3.49381E-02   -6.38219E-02
     1.43376E+00    1.64513E-01    1.54363E-01    4.50305E-01    7.17385E-02   -1.26316E-01    2.08846E-01    8.55307E-03   -3.41911E-02    8.91964E-03   -3.27740E-02    4.50318E-03   -1.39457E-02    3.43527E-02   -6.27522E-02
     1.44301E+00    1.60418E-01    1.50746E-01    4.50957E-01    6.93885E-02   -1.24400E-01    2.05329E-01    8.24245E-03   -3.29777E-02    8.62149E-03   -3.16957E-02    4.37660E-03   -1.34258E-02    3.37771E-02   -6.16951E-02
     1.45226E+00    1.56431E-01    1.47213E-01    4.51589E-01    6.71186E-02   -1.22517E-01    2.01872E-01    7.94286E-03   -3.18056E-02    8.33316E-03   -3.06514E-02    4.25473E-03   -1.29267E-02    3.32113E-02   -6.06509E-02
     1.46151E+00    1.52547E-01    1.43763E-01    4.52199E-01    6.49259E-02   -1.20665E-01    1.98475E-01    7.65392E-03   -3.06736E-02    8.05434E-03   -2.96398E-02    4.13739E-03   -1.24477E-02    3.26551E-02   -5.96198E-02
     1.47076E+00    1.48765E-01    1.40394E-01    4.52790E-01    6.28079E-02   -1.18845E-01    1.95137E-01    7.37528E-03   -2.95804E-02    7.78473E-03   -2.86603E-02    4.02439E-03   -1.19880E-02    3.21083E-02   -5.86020E-02
     1.48001E+00    1.45082E-01    1.37103E-01    4.53361E-01    6.07619E-02   -1.17055E-01    1.91857E-01    7.10657E-03   -2.85247E-02    7.52403E-03   -2.77118E-02    3.91556E-03   -1.15466E-02    3.15709E-02   -5.75975E-02
     1.48926E+00    1.41494E-01    1.33890E-01    4.53914E-01    5.87856E-02   -1.15295E-01    1.88635E-01    6.84746E-03   -2.75053E-02    7.27197E-03   -2.67935E-02    3.81073E-03   -1.11230E-02    3.10427E-02   -5.66066E-02
     1.49851E+00    1.38000E-01    1.30752E-01    4.54449E-01    5.68764E-02   -1.13565E-01    1.85469E-01    6.59761E-03   -2.65212E-02    7.02826E-03   -2.59045E-02    3.70973E-03   -1.07163E-02    3.05236E-02   -5.56292E-02
     1.50776E+00    1.34597E-01    1.27688E-01    4.54967E-01    5.50321E-02   -1.11864E-01    1.82360E-01    6.35671E-03   -2.55711E-02    6.79265E-03   -2.50439E-02    3.61243E-03   -1.03259E-02    3.00135E-02   -5.46655E-02
     1.51701E+00    1.31281E-01    1.24695E-01    4.55467E-01    5.32504E-02   -1.10191E-01    1.79306E-01    6.12445E-03   -2.46539E-02    6.56487E-03   -2.42110E-02    3.51866E-03   -9.95108E-03    2.95123E-02   -5.37156E-02
     1.52626E+00    1.28052E-01    1.21774E-01    4.55952E-01    5.15292E-02   -1.08547E-01    1.76306E-01    5.90052E-03   -2.37686E-02    6.34466E-03   -2.34049E-02    3.42828E-03   -9.59127E-03    2.90197E-02   -5.27794E-02
     1.53551E+00    1.24907E-01    1.18921E-01    4.56421E-01    4.98663E-02   -1.06929E-01    1.73361E-01    5.68464E-03   -2.29141E-02    6.13180E-03   -2.26248E-02    3.34117E-03   -9.24582E-03    2.85358E-02   -5.18569E-02
     1.54476E+00    1.21842E-01    1.16135E-01    4.56875E-01    4.82598E-02   -1.05339E-01    1.70468E-01    5.47652E-03   -2.20894E-02    5.92603E-03   -2.18700E-02    3.25720E-03   -8.91415E-03    2.80603E-02   -5.09483E-02
     1.55401E+00    1.18857E-01    1.13415E-01    4.57314E-01    4.67076E-02   -1.03776E-01    1.67627E-01    5.27589E-03   -2.12936E-02    5.72713E-03   -2.11396E-02    3.17622E-03   -8.59568E-03    2.75932E-02   -5.00533E-02
     1.56326E+00    1.15948E-01    1.10759E-01    4.57739E-01    4.52080E-02   -1.02238E-01    1.64838E-01    5.08250E-03   -2.05256E-02    5.53487E-03   -2.04331E-02    3.09814E-03   -8.28989E-03    2.71343E-02   -4.91721E-02
     1.57251E+00    1.13115E-01    1.08166E-01    4.58150E-01    4.37590E-02   -1.00726E-01    1.62100E-01    4.89609E-03   -1.97845E-02    5.34905E-03   -1.97495E-02    3.02282E-03   -7.99625E-03    2.66835E-02   -4.83046E-02
     1.58176E+00    1.10354E-01    1.05635E-01    4.58549E-01    4.23589E-02   -9.92391E-02    1.59411E-01    4.71641E-03   -1.90695E-02    5.16944E-03   -1.90883E-02    2.95017E-03   -7.71425E-03    2.62406E-02   -4.74507E-02
     1.59101E+00    1.07664E-01    1.03163E-01    4.58934E-01    4.10061E-02   -9.77768E-02    1.56772E-01    4.54323E-03   -1.83797E-02    4.99585E-03   -1.84487E-02    2.88007E-03   -7.44344E-03    2.58056E-02   -4.66104E-02
     1.60026E+00    1.05043E-01    1.00750E-01    4.59307E-01    3.96988E-02   -9.63386E-02    1.54180E-01    4.37631E-03   -1.77142E-02    4.82807E-03   -1.78301E-02    2.81243E-03   -7.18333E-03    2.53783E-02   -4.57836E-02
     1.60951E+00    1.02490E-01    9.83933E-02    4.59669E-01    3.84355E-02   -9.49243E-02    1.51636E-01    4.21544E-03   -1.70722E-02    4.66593E-03   -1.72319E-02    2.74715E-03   -6.93350E-03    2.49586E-02   -4.49701E-02
     1.61876E+00    1.00001E-01    9.60929E-02    4.60019E-01    3.72146E-02   -9.35332E-02    1.49139E-01    4.06041E-03   -1.64529E-02    4.50923E-03   -1.66533E-02    2.68413E-03   -6.69353E-03    2.45463E-02   -4.41700E-02
     1.62801E+00    9.75759E-02    9.38469E-02    4.60357E-01    3.60348E-02   -9.21651E-02    1.46688E-01    3.91100E-03   -1.58556E-02    4.35779E-03   -1.60938E-02    2.62329E-03   -6.46300E-03    2.41414E-02   -4.33831E-02
     1.63726E+00    9.52127E-02    9.16542E-02    4.60685E-01    3.48945E-02   -9.08194E-02    1.44282E-01    3.76702E-03   -1.52794E-02    4.21143E-03   -1.55528E-02    2.56454E-03   -6.24153E-03    2.37437E-02   -4.26093E-02
     1.64651E+00    9.29096E-02    8.95134E-02    4.61003E-01    3.37924E-02   -8.94957E-02    1.41920E-01    3.62827E-03   -1.47238E-02    4.07000E-03   -1.50298E-02    2.50780E-03   -6.02875E-03    2.33531E-02   -4.18485E-02
     1.65576E+00    9.06651E-02    8.74234E-02    4.61311E-01    3.27271E-02   -8.81937E-02    1.39601E-01    3.49457E-03   -1.41879E-02    3.93333E-03   -1.45240E-02    2.45298E-03   -5.82430E-03    2.29695E-02   -4.11005E-02
     1.66501E+00    8.84776E-02    8.53829E-02    4.61609E-01    3.16974E-02   -8.69130E-02    1.37326E-01    3.36573E-03   -1.36711E-02    3.80126E-03   -1.40351E-02    2.40002E-03   -5.62784E-03    2.25927E-02   -4.03653E-02
     1.67426E+00    8.63455E-02    8.33908E-02    4.61897E-01    3.07020E-02   -8.56531E-02    1.35092E-01    3.24159E-03   -1.31727E-02    3.67363E-03   -1.35624E-02    2.34885E-03   -5.43905E-03    2.22227E-02   -3.96427E-02
     1.68351E+00    8.42674E-02    8.14459E-02    4.62177E-01    2.97398E-02   -8.44137E-02    1.32900E-01    3.12198E-03   -1.26922E-02    3.55031E-03   -1.31054E-02    2.29938E-03   -5.25759E-03    2.18593E-02   -3.89326E-02
     1.69276E+00    8.22418E-02    7.95471E-02    4.62447E-01    2.88096E-02   -8.31943E-02    1.30748E-01    3.00674E-03   -1.22289E-02    3.43113E-03   -1.26637E-02    2.25156E-03   -5.08319E-03    2.15024E-02   -3.82348E-02
     1.70201E+00    8.02673E-02    7.76933E-02    4.62710E-01    2.79103E-02   -8.19947E-02    1.28636E-01    2.89570E-03   -1.17821E-02    3.31598E-03   -1.22368E-02    2.20532E-03   -4.91554E-03    2.11519E-02   -3.75492E-02
     1.71126E+00    7.83427E-02    7.58835E-02    4.62964E-01    2.70408E-02   -8.08145E-02    1.26562E-01    2.78872E-03   -1.13514E-02    3.20471E-03   -1.18241E-02    2.16060E-03   -4.75436E-03    2.08077E-02   -3.68756E-02
     1.72051E+00    7.64664E-02    7.41167E-02    4.63210E-01    2.62000E-02   -7.96532E-02    1.24528E-01    2.68565E-03   -1.09362E-02    3.09719E-03   -1.14252E-02    2.11734E-03   -4.59940E-03    2.04697E-02   -3.62139E-02
     1.72976E+00    7.46374E-02    7.23917E-02    4.63449E-01    2.53871E-02   -7.85106E-02    1.22531E-01    2.58635E-03   -1.05359E-02    2.99330E-03   -1.10397E-02    2.07549E-03   -4.45040E-03    2.01377E-02   -3.55640E-02
     1.73901E+00    7.28542E-02    7.07076E-02    4.63680E-01    2.46010E-02   -7.73863E-02    1.20570E-01    2.49069E-03   -1.01500E-02    2.89292E-03   -1.06671E-02    2.03500E-03   -4.30712E-03    1.98117E-02   -3.49256E-02
     1.74826E+00    7.11158E-02    6.90634E-02    4.63904E-01    2.38408E-02   -7.62799E-02    1.18646E-01    2.39854E-03   -9.77795E-03    2.79593E-03   -1.03070E-02    1.99580E-03   -4.16931E-03    1.94915E-02   -3.42987E-02
     1.75751E+00    6.94209E-02    6.74582E-02    4.64121E-01    2.31055E-02   -7.51912E-02    1.16758E-01    2.30976E-03   -9.41937E-03    2.70221E-03   -9.95898E-03    1.95785E-03   -4.03676E-03    1.91771E-02   -3.36830E-02
     1.76676E+00    6.77684E-02    6.58910E-02    4.64331E-01    2.23945E-02   -7.41198E-02    1.14904E-01    2.22424E-03   -9.07373E-03    2.61165E-03   -9.62269E-03    1.92110E-03   -3.90926E-03    1.88684E-02   -3.30785E-02
     1.77601E+00    6.61571E-02    6.43610E-02    4.64535E-01    2.17067E-02   -7.30654E-02    1.13085E-01    2.14186E-03   -8.74059E-03    2.52415E-03   -9.29772E-03    1.88551E-03   -3.78658E-03    1.85651E-02   -3.24849E-02
     1.78526E+00    6.45860E-02    6.28672E-02    4.64733E-01    2.10414E-02   -7.20276E-02    1.11299E-01    2.06250E-03   -8.41950E-03    2.43961E-03   -8.98369E-03    1.85103E-03   -3.66855E-03    1.82674E-02   -3.19021E-02
     1.79451E+00    6.30540E-02    6.14088E-02    4.64925E-01    2.03979E-02   -7.10063E-02    1.09546E-01    1.98606E-03   -8.11004E-03    2.35792E-03   -8.68025E-03    1.81763E-03   -3.55497E-03    1.79749E-02   -3.13299E-02
     1.80376E+00    6.15602E-02    5.99849E-02    4.65110E-01    1.97753E-02   -7.00009E-02    1.07825E-01    1.91243E-03   -7.81179E-03    2.27899E-03   -8.38705E-03    1.78525E-03   -3.44565E-03    1.76877E-02   -3.07682E-02
     1.81301E+00    6.01034E-02    5.85947E-02    4.65291E-01    1.91731E-02   -6.90114E-02    1.06136E-01    1.84151E-03   -7.52437E-03    2.20273E-03   -8.10375E-03    1.75387E-03   -3.34043E-03    1.74057E-02   -3.02167E-02
     1.82226E+00    5.86827E-02    5.72374E-02    4.65465E-01    1.85903E-02   -6.80373E-02    1.04478E-01    1.77320E-03   -7.24738E-03    2.12904E-03   -7.83001E-03    1.72344E-03   -3.23913E-03    1.71287E-02   -2.96755E-02
     1.83151E+00    5.72973E-02    5.59122E-02    4.65635E-01    1.80265E-02   -6.70785E-02    1.02851E-01    1.70740E-03   -6.98045E-03    2.05785E-03   -7.56553E-03    1.69394E-03   -3.14160E-03    1.68567E-02   -2.91442E-02
     1.84076E+00    5.59461E-02    5.46183E-02    4.65799E-01    1.74810E-02   -6.61345E-02    1.01253E-01    1.64403E-03   -6.72324E-03    1.98905E-03   -7.31000E-03    1.66531E-03   -3.04769E-03    1.65895E-02   -2.86227E-02
     1.85001E+00    5.46283E-02    5.33551E-02    4.65958E-01    1.69530E-02   -6.52052E-02    9.96848E-02    1.58299E-03   -6.47539E-03    1.92259E-03   -7.06311E-03    1.63754E-03   -2.95725E-03    1.63271E-02   -2.81109E-02
     1.85925E+00    5.33430E-02    5.21216E-02    4.66112E-01    1.64421E-02   -6.42902E-02    9.81451E-02    1.52421E-03   -6.23657E-03    1.85836E-03   -6.82458E-03    1.61059E-03   -2.87013E-03    1.60694E-02   -2.76086E-02
     1.86850E+00    5.20893E-02    5.09174E-02    4.66262E-01    1.59476E-02   -6.33894E-02    9.66335E-02    1.46759E-03   -6.00645E-03    1.79631E-03   -6.59413E-03    1.58444E-03   -2.78621E-03    1.58163E-02   -2.71156E-02
     1.87775E+00    5.08665E-02    4.97415E-02    4.66408E-01    1.54690E-02   -6.25024E-02    9.51495E-02    1.41306E-03   -5.78473E-03    1.73635E-03   -6.37149E-03    1.55904E-03   -2.70535E-03    1.55678E-02   -2.66319E-02
     1.88700E+00    4.96738E-02    4.85934E-02    4.66548E-01    1.50058E-02   -6.16291E-02    9.36926E-02    1.36055E-03   -5.57111E-03    1.67841E-03   -6.15639E-03    1.53438E-03   -2.62743E-03    1.53236E-02   -2.61571E-02
     1.89625E+00    4.85103E-02    4.74724E-02    4.66685E-01    1.45574E-02   -6.07691E-02    9.22622E-02    1.30997E-03   -5.36529E-03    1.62243E-03   -5.94860E-03    1.51042E-03   -2.55233E-03    1.50838E-02   -2.56913E-02
     1.90550E+00    4.73753E-02    4.63778E-02    4.66818E-01    1.41233E-02   -5.99221E-02    9.08578E-02    1.26127E-03   -5.16699E-03    1.56834E-03   -5.74785E-03    1.48715E-03   -2.47994E-03    1.48483E-02   -2.52341E-02
     1.91475E+00    4.62682E-02    4.53090E-02    4.66946E-01    1.37031E-02   -5.90881E-02    8.94789E-02    1.21436E-03   -4.97595E-03    1.51608E-03   -5.55391E-03    1.46454E-03   -2.41015E-03    1.46170E-02   -2.47856E-02
     1.92400E+00    4.51881E-02    4.42654E-02    4.67071E-01    1.32962E-02   -5.82667E-02    8.81250E-02    1.16919E-03   -4.79191E-03    1.46557E-03   -5.36656E-03    1.44256E-03   -2.34286E-03    1.43897E-02   -2.43454E-02
     1.93325E+00    4.41343E-02    4.32464E-02    4.67192E-01    1.29022E-02   -5.74577E-02    8.67956E-02    1.12569E-03   -4.61460E-03    1.41677E-03   -5.18557E-03    1.42119E-03   -2.27796E-03    1.41665E-02   -2.39136E-02
     1.94250E+00    4.31063E-02    4.22514E-02    4.67310E-01    1.25207E-02   -5.66609E-02    8.54902E-02    1.08380E-03   -4.44380E-03    1.36962E-03   -5.01073E-03    1.40041E-03   -2.21536E-03    1.39473E-02   -2.34898E-02
     1.95175E+00    4.21033E-02    4.12797E-02    4.67424E-01    1.21513E-02   -5.58761E-02    8.42083E-02    1.04346E-03   -4.27926E-03    1.32406E-03   -4.84182E-03    1.38020E-03   -2.15497E-03    1.37320E-02   -2.30741E-02
     1.96100E+00    4.11247E-02    4.03309E-02    4.67535E-01    1.17935E-02   -5.51030E-02    8.29495E-02    1.00462E-03   -4.12076E-03    1.28003E-03   -4.67866E-03    1.36053E-03   -2.09669E-03    1.35204E-02   -2.26661E-02
     1.97025E+00    4.01699E-02    3.94045E-02    4.67642E-01    1.14470E-02   -5.43415E-02    8.17134E-02    9.67211E-04   -3.96808E-03    1.23749E-03   -4.52104E-03    1.34140E-03   -2.04045E-03    1.33126E-02   -2.22659E-02
     1.97950E+00    3.92383E-02    3.84997E-02    4.67747E-01    1.11114E-02   -5.35912E-02    8.04994E-02    9.31191E-04   -3.82101E-03    1.19638E-03   -4.36877E-03    1.32278E-03   -1.98617E-03    1.31085E-02   -2.18732E-02
     1.98875E+00    3.83292E-02    3.76162E-02    4.67848E-01    1.07863E-02   -5.28522E-02    7.93072E-02    8.96506E-04   -3.67934E-03    1.15665E-03   -4.22169E-03    1.30465E-03   -1.93376E-03    1.29079E-02   -2.14879E-02
     1.99800E+00    3.74422E-02    3.67535E-02    4.67946E-01    1.04714E-02   -5.21240E-02    7.81363E-02    8.63107E-04   -3.54289E-03    1.11826E-03   -4.07960E-03    1.28700E-03   -1.88316E-03    1.27109E-02   -2.11099E-02
     2.00725E+00    3.65766E-02    3.59110E-02    4.68042E-01    1.01663E-02   -5.14066E-02    7.69863E-02    8.30947E-04   -3.41146E-03    1.08116E-03   -3.94234E-03    1.26981E-03   -1.83429E-03    1.25174E-02   -2.07391E-02
     2.01650E+00    3.57319E-02    3.50882E-02    4.68134E-01    9.87076E-03   -5.06997E-02    7.58568E-02    7.99981E-04   -3.28486E-03    1.04531E-03   -3.80975E-03    1.25306E-03   -1.78707E-03    1.23272E-02   -2.03752E-02
     2.02575E+00    3.49075E-02    3.42847E-02    4.68224E-01    9.58438E-03   -5.00032E-02    7.47473E-02    7.70163E-04   -3.16293E-03    1.01067E-03   -3.68167E-03    1.23674E-03   -1.74146E-03    1.21404E-02   -2.00182E-02
     2.03500E+00    3.41031E-02    3.35000E-02    4.68312E-01    9.30688E-03   -4.93168E-02    7.36576E-02    7.41453E-04   -3.04550E-03    9.77187E-04   -3.55794E-03    1.22084E-03   -1.69738E-03    1.19569E-02   -1.96680E-02
     2.04425E+00    3.33180E-02    3.27336E-02    4.68397E-01    9.03797E-03   -4.86404E-02    7.25872E-02    7.13808E-04   -2.93239E-03    9.44832E-04   -3.43841E-03    1.20534E-03   -1.65478E-03    1.17765E-02   -1.93244E-02
     2.05350E+00    3.25518E-02    3.19852E-02    4.68479E-01    8.77738E-03   -4.79739E-02    7.15356E-02    6.87191E-04   -2.82346E-03    9.13564E-04   -3.32296E-03    1.19022E-03   -1.61359E-03    1.15994E-02   -1.89873E-02
     2.06275E+00    3.18040E-02    3.12543E-02    4.68559E-01    8.52481E-03   -4.73170E-02    7.05027E-02    6.61562E-04   -2.71854E-03    8.83346E-04   -3.21142E-03    1.17548E-03   -1.57376E-03    1.14253E-02   -1.86565E-02
     2.07200E+00    3.10741E-02    3.05404E-02    4.68637E-01    8.28002E-03   -4.66695E-02    6.94879E-02    6.36886E-04   -2.61750E-03    8.54141E-04   -3.10368E-03    1.16110E-03   -1.53525E-03    1.12542E-02   -1.83321E-02
     2.08125E+00    3.03617E-02    2.98432E-02    4.68712E-01    8.04274E-03   -4.60314E-02    6.84910E-02    6.13127E-04   -2.52019E-03    8.25916E-04   -2.99959E-03    1.14708E-03   -1.49799E-03    1.10861E-02   -1.80137E-02
     2.09050E+00    2.96664E-02    2.91623E-02    4.68785E-01    7.81273E-03   -4.54024E-02    6.75115E-02    5.90251E-04   -2.42648E-03    7.98638E-04   -2.89905E-03    1.13339E-03   -1.46194E-03    1.09209E-02   -1.77013E-02
     2.09975E+00    2.89877E-02    2.84972E-02    4.68857E-01    7.58974E-03   -4.47824E-02    6.65492E-02    5.68226E-04   -2.33623E-03    7.72274E-04   -2.80192E-03    1.12003E-03   -1.42705E-03    1.07586E-02   -1.73949E-02
     2.10900E+00    2.83252E-02    2.78477E-02    4.68926E-01    7.37356E-03   -4.41712E-02    6.56037E-02    5.47021E-04   -2.24932E-03    7.46792E-04   -2.70809E-03    1.10698E-03   -1.39327E-03    1.05991E-02   -1.70942E-02
     2.11825E+00    2.76785E-02    2.72132E-02    4.68993E-01    7.16395E-03   -4.35687E-02    6.46747E-02    5.26604E-04   -2.16562E-03    7.22164E-04   -2.61745E-03    1.09425E-03   -1.36058E-03    1.04423E-02   -1.67992E-02
     2.12750E+00    2.70472E-02    2.65935E-02    4.69058E-01    6.96071E-03   -4.29747E-02    6.37619E-02    5.06947E-04   -2.08502E-03    6.98360E-04   -2.52988E-03    1.08181E-03   -1.32891E-03    1.02883E-02   -1.65097E-02
     2.13675E+00    2.64310E-02    2.59883E-02    4.69122E-01    6.76363E-03   -4.23890E-02    6.28649E-02    4.88022E-04   -2.00741E-03    6.75352E-04   -2.44529E-03    1.06966E-03   -1.29824E-03    1.01369E-02   -1.62257E-02
     2.14600E+00    2.58294E-02    2.53970E-02    4.69184E-01    6.57250E-03   -4.18116E-02    6.19834E-02    4.69801E-04   -1.93267E-03    6.53114E-04   -2.36357E-03    1.05779E-03   -1.26853E-03    9.98811E-03   -1.59471E-02
     2.15525E+00    2.52421E-02    2.48195E-02    4.69244E-01    6.38713E-03   -4.12423E-02    6.11172E-02    4.52259E-04   -1.86069E-03    6.31618E-04   -2.28462E-03    1.04619E-03   -1.23973E-03    9.84187E-03   -1.56736E-02
     2.16450E+00    2.46688E-02    2.42555E-02    4.69302E-01    6.20735E-03   -4.06809E-02    6.02660E-02    4.35371E-04   -1.79139E-03    6.10840E-04   -2.20835E-03    1.03485E-03   -1.21182E-03    9.69813E-03   -1.54054E-02
     2.17375E+00    2.41090E-02    2.37044E-02    4.69358E-01    6.03296E-03   -4.01273E-02    5.94293E-02    4.19111E-04   -1.72465E-03    5.90756E-04   -2.13467E-03    1.02377E-03   -1.18476E-03    9.55685E-03   -1.51421E-02
     2.18300E+00    2.35625E-02    2.31662E-02    4.69413E-01    5.86379E-03   -3.95814E-02    5.86071E-02    4.03457E-04   -1.66039E-03    5.71341E-04   -2.06349E-03    1.01293E-03   -1.15852E-03    9.41799E-03   -1.48838E-02
     2.19225E+00    2.30290E-02    2.26404E-02    4.69467E-01    5.69968E-03   -3.90431E-02    5.77990E-02    3.88386E-04   -1.59851E-03    5.52574E-04   -1.99471E-03    1.00233E-03   -1.13307E-03    9.28149E-03   -1.46303E-02
     2.20150E+00    2.25080E-02    2.21268E-02    4.69519E-01    5.54047E-03   -3.85121E-02    5.70047E-02    3.73877E-04   -1.53893E-03    5.34432E-04   -1.92827E-03    9.91966E-04   -1.10837E-03    9.14731E-03   -1.43816E-02
     2.21075E+00    2.19994E-02    2.16251E-02    4.69569E-01    5.38599E-03   -3.79884E-02    5.62239E-02    3.59909E-04   -1.48156E-03    5.16894E-04   -1.86408E-03    9.81825E-04   -1.08441E-03    9.01541E-03   -1.41375E-02
     2.22000E+00    2.15027E-02    2.11349E-02    4.69619E-01    5.23611E-03   -3.74719E-02    5.54565E-02    3.46462E-04   -1.42632E-03    4.99940E-04   -1.80207E-03    9.71903E-04   -1.06115E-03    8.88575E-03   -1.38980E-02
     2.22925E+00    2.10178E-02    2.06561E-02    4.69666E-01    5.09066E-03   -3.69625E-02    5.47021E-02    3.33516E-04   -1.37313E-03    4.83549E-04   -1.74215E-03    9.62192E-04   -1.03857E-03    8.75829E-03   -1.36630E-02
     2.23850E+00    2.05443E-02    2.01883E-02    4.69713E-01    4.94950E-03   -3.64599E-02    5.39605E-02    3.21053E-04   -1.32192E-03    4.67704E-04   -1.68426E-03    9.52687E-04   -1.01663E-03    8.63298E-03   -1.34323E-02
     2.24775E+00    2.00819E-02    1.97313E-02    4.69758E-01    4.81252E-03   -3.59641E-02    5.32315E-02    3.09055E-04   -1.27261E-03    4.52385E-04   -1.62833E-03    9.43382E-04   -9.95330E-04    8.50978E-03   -1.32059E-02
     2.25700E+00    1.96305E-02    1.92849E-02    4.69802E-01    4.67956E-03   -3.54751E-02    5.25148E-02    2.97504E-04   -1.22513E-03    4.37574E-04   -1.57428E-03    9.34272E-04   -9.74631E-04    8.38865E-03   -1.29838E-02
     2.26625E+00    1.91896E-02    1.88487E-02    4.69844E-01    4.55050E-03   -3.49926E-02    5.18101E-02    2.86385E-04   -1.17941E-03    4.23255E-04   -1.52207E-03    9.25350E-04   -9.54515E-04    8.26957E-03   -1.27657E-02
     2.27550E+00    1.87590E-02    1.84226E-02    4.69886E-01    4.42523E-03   -3.45166E-02    5.11173E-02    2.75680E-04   -1.13540E-03    4.09410E-04   -1.47162E-03    9.16612E-04   -9.34960E-04    8.15248E-03   -1.25517E-02
     2.28475E+00    1.83386E-02    1.80062E-02    4.69926E-01    4.30362E-03   -3.40469E-02    5.04362E-02    2.65375E-04   -1.09302E-03    3.96025E-04   -1.42287E-03    9.08052E-04   -9.15947E-04    8.03735E-03   -1.23417E-02
     2.29400E+00    1.79280E-02    1.75994E-02    4.69966E-01    4.18555E-03   -3.35835E-02    4.97665E-02    2.55454E-04   -1.05222E-03    3.83082E-04   -1.37577E-03    8.99665E-04   -8.97455E-04    7.92414E-03   -1.21355E-02
     2.30325E+00    1.75271E-02    1.72020E-02    4.70004E-01    4.07091E-03   -3.31262E-02    4.91079E-02    2.45904E-04   -1.01294E-03    3.70568E-04   -1.33025E-03    8.91447E-04   -8.79465E-04    7.81283E-03   -1.19332E-02
     2.31250E+00    1.71355E-02    1.68137E-02    4.70041E-01    3.95961E-03   -3.26749E-02    4.84604E-02    2.36710E-04   -9.75122E-04    3.58468E-04   -1.28627E-03    8.83393E-04   -8.61961E-04    7.70337E-03   -1.17346E-02
     2.32175E+00    1.67531E-02    1.64342E-02    4.70077E-01    3.85153E-03   -3.22296E-02    4.78236E-02    2.27860E-04   -9.38709E-04    3.46768E-04   -1.24378E-03    8.75500E-04   -8.44924E-04    7.59573E-03   -1.15396E-02
     2.33100E+00    1.63796E-02    1.60635E-02    4.70112E-01    3.74657E-03   -3.17902E-02    4.71974E-02    2.19340E-04   -9.03652E-04    3.35454E-04   -1.20271E-03    8.67761E-04   -8.28337E-04    7.48988E-03   -1.13482E-02
     2.34025E+00    1.60148E-02    1.57012E-02    4.70146E-01    3.64463E-03   -3.13564E-02    4.65816E-02    2.11138E-04   -8.69901E-04    3.24513E-04   -1.16303E-03    8.60174E-04   -8.12185E-04    7.38578E-03   -1.11603E-02
     2.34950E+00    1.56585E-02    1.53473E-02    4.70180E-01    3.54563E-03   -3.09284E-02    4.59760E-02    2.03243E-04   -8.37406E-04    3.13934E-04   -1.12468E-03    8.52734E-04   -7.96453E-04    7.28340E-03   -1.09759E-02
     2.35875E+00    1.53105E-02    1.50014E-02    4.70212E-01    3.44947E-03   -3.05059E-02    4.53804E-02    1.95643E-04   -8.06122E-04    3.03703E-04   -1.08762E-03    8.45438E-04   -7.81125E-04    7.18271E-03   -1.07948E-02
     2.36800E+00    1.49707E-02    1.46634E-02    4.70243E-01    3.35607E-03   -3.00888E-02    4.47946E-02    1.88326E-04   -7.76004E-04    2.93809E-04   -1.05181E-03    8.38282E-04   -7.66188E-04    7.08369E-03   -1.06171E-02
     2.37725E+00    1.46387E-02    1.43331E-02    4.70274E-01    3.26533E-03   -2.96771E-02    4.42184E-02    1.81283E-04   -7.47008E-04    2.84241E-04   -1.01720E-03    8.31263E-04   -7.51628E-04    6.98629E-03   -1.04426E-02
     2.38650E+00    1.43145E-02    1.40104E-02    4.70304E-01    3.17717E-03   -2.92707E-02    4.36517E-02    1.74503E-04   -7.19093E-04    2.74987E-04   -9.83748E-04    8.24376E-04   -7.37431E-04    6.89049E-03   -1.02712E-02
     2.39575E+00    1.39978E-02    1.36950E-02    4.70333E-01    3.09153E-03   -2.88695E-02    4.30943E-02    1.67977E-04   -6.92218E-04    2.66038E-04   -9.51422E-04    8.17619E-04   -7.23586E-04    6.79626E-03   -1.01030E-02
     2.40500E+00    1.36885E-02    1.33867E-02    4.70361E-01    3.00831E-03   -2.84735E-02    4.25460E-02    1.61694E-04   -6.66346E-04    2.57383E-04   -9.20180E-04    8.10989E-04   -7.10080E-04    6.70357E-03   -9.93779E-03
     2.41425E+00    1.33863E-02    1.30855E-02    4.70389E-01    2.92745E-03   -2.80824E-02    4.20066E-02    1.55646E-04   -6.41438E-04    2.49011E-04   -8.89985E-04    8.04482E-04   -6.96901E-04    6.61240E-03   -9.77559E-03
     2.42350E+00    1.30912E-02    1.27912E-02    4.70415E-01    2.84888E-03   -2.76963E-02    4.14760E-02    1.49825E-04   -6.17459E-04    2.40915E-04   -8.60801E-04    7.98095E-04   -6.84040E-04    6.52272E-03   -9.61631E-03
     2.43275E+00    1.28029E-02    1.25035E-02    4.70441E-01    2.77252E-03   -2.73151E-02    4.09540E-02    1.44221E-04   -5.94374E-04    2.33084E-04   -8.32594E-04    7.91826E-04   -6.71483E-04    6.43449E-03   -9.45991E-03
     2.44200E+00    1.25212E-02    1.22223E-02    4.70467E-01    2.69830E-03   -2.69387E-02    4.04405E-02    1.38826E-04   -5.72151E-04    2.25509E-04   -8.05330E-04    7.85672E-04   -6.59223E-04    6.34770E-03   -9.30631E-03
     2.45125E+00    1.22461E-02    1.19475E-02    4.70491E-01    2.62617E-03   -2.65669E-02    3.99354E-02    1.33633E-04   -5.50757E-04    2.18182E-04   -7.78978E-04    7.79630E-04   -6.47247E-04    6.26232E-03   -9.15547E-03
     2.46050E+00    1.19774E-02    1.16789E-02    4.70515E-01    2.55606E-03   -2.61998E-02    3.94383E-02    1.28635E-04   -5.30161E-04    2.11095E-04   -7.53506E-04    7.73697E-04   -6.35548E-04    6.17832E-03   -9.00733E-03
     2.46975E+00    1.17149E-02    1.14164E-02    4.70538E-01    2.48791E-03   -2.58373E-02    3.89493E-02    1.23823E-04   -5.10334E-04    2.04240E-04   -7.28884E-04    7.67871E-04   -6.24116E-04    6.09567E-03   -8.86183E-03
     2.47900E+00    1.14585E-02    1.11599E-02    4.70561E-01    2.42165E-03   -2.54792E-02    3.84682E-02    1.19191E-04   -4.91247E-04    1.97608E-04   -7.05083E-04    7.62150E-04   -6.12942E-04    6.01437E-03   -8.71893E-03
     2.48825E+00    1.12080E-02    1.09091E-02    4.70583E-01    2.35724E-03   -2.51256E-02    3.79948E-02    1.14733E-04   -4.72872E-04    1.91193E-04   -6.82076E-04    7.56531E-04   -6.02017E-04    5.93437E-03   -8.57857E-03
     2.49750E+00    1.09632E-02    1.06640E-02    4.70605E-01    2.29461E-03   -2.47763E-02    3.75290E-02    1.10441E-04   -4.55184E-04    1.84988E-04   -6.59835E-04    7.51012E-04   -5.91334E-04    5.85565E-03   -8.44070E-03
     2.50675E+00    1.07242E-02    1.04244E-02    4.70626E-01    2.23372E-03   -2.44313E-02    3.70706E-02    1.06310E-04   -4.38156E-04    1.78984E-04   -6.38335E-04    7.45591E-04   -5.80885E-04    5.77821E-03   -8.30527E-03
     2.51600E+00    1.04906E-02    1.01902E-02    4.70646E-01    2.17450E-03   -2.40905E-02    3.66195E-02    1.02333E-04   -4.21763E-04    1.73176E-04   -6.17550E-04    7.40265E-04   -5.70662E-04    5.70200E-03   -8.17223E-03
     2.52525E+00    1.02624E-02    9.96128E-03    4.70666E-01    2.11692E-03   -2.37538E-02    3.61757E-02    9.85054E-05   -4.05983E-04    1.67557E-04   -5.97456E-04    7.35033E-04   -5.60657E-04    5.62701E-03   -8.04153E-03
     2.53450E+00    1.00395E-02    9.73749E-03    4.70685E-01    2.06092E-03   -2.34212E-02    3.57389E-02    9.48208E-05   -3.90793E-04    1.62121E-04   -5.78029E-04    7.29892E-04   -5.50865E-04    5.55323E-03   -7.91313E-03
     2.54375E+00    9.82179E-03    9.51873E-03    4.70704E-01    2.00646E-03   -2.30926E-02    3.53091E-02    9.12740E-05   -3.76169E-04    1.56862E-04   -5.59247E-04    7.24841E-04   -5.41277E-04    5.48061E-03   -7.78698E-03
     2.55300E+00    9.60905E-03    9.30488E-03    4.70722E-01    1.95349E-03   -2.27680E-02    3.48861E-02    8.78600E-05   -3.62092E-04    1.51773E-04   -5.41089E-04    7.19878E-04   -5.31888E-04    5.40916E-03   -7.66304E-03
     2.56225E+00    9.40122E-03    9.09582E-03    4.70740E-01    1.90197E-03   -2.24472E-02    3.44697E-02    8.45737E-05   -3.48541E-04    1.46850E-04   -5.23531E-04    7.15001E-04   -5.22692E-04    5.33884E-03   -7.54126E-03
     2.57150E+00    9.19817E-03    8.89143E-03    4.70758E-01    1.85184E-03   -2.21303E-02    3.40600E-02    8.14104E-05   -3.35496E-04    1.42086E-04   -5.06556E-04    7.10208E-04   -5.13682E-04    5.26964E-03   -7.42160E-03
     2.58075E+00    8.99981E-03    8.69162E-03    4.70774E-01    1.80308E-03   -2.18171E-02    3.36567E-02    7.83655E-05   -3.22939E-04    1.37477E-04   -4.90142E-04    7.05497E-04   -5.04853E-04    5.20154E-03   -7.30401E-03
     2.59000E+00    8.80601E-03    8.49627E-03    4.70791E-01    1.75565E-03   -2.15076E-02    3.32598E-02    7.54346E-05   -3.10851E-04    1.33017E-04   -4.74271E-04    7.00867E-04   -4.96199E-04    5.13451E-03   -7.18846E-03
     2.59925E+00    8.61668E-03    8.30528E-03    4.70807E-01    1.70949E-03   -2.12018E-02    3.28691E-02    7.26134E-05   -2.99214E-04    1.28701E-04   -4.58924E-04    6.96317E-04   -4.87715E-04    5.06854E-03   -7.07490E-03
     2.60850E+00    8.43170E-03    8.11854E-03    4.70823E-01    1.66458E-03   -2.08995E-02    3.24846E-02    6.98978E-05   -2.88013E-04    1.24525E-04   -4.44084E-04    6.91844E-04   -4.79396E-04    5.00362E-03   -6.96329E-03
     2.61775E+00    8.25099E-03    7.93596E-03    4.70838E-01    1.62089E-03   -2.06008E-02    3.21061E-02    6.72839E-05   -2.77230E-04    1.20484E-04   -4.29734E-04    6.87448E-04   -4.71236E-04    4.93972E-03   -6.85360E-03
     2.62700E+00    8.07444E-03    7.75745E-03    4.70853E-01    1.57836E-03   -2.03055E-02    3.17335E-02    6.47678E-05   -2.66850E-04    1.16574E-04   -4.15857E-04    6.83126E-04   -4.63231E-04    4.87682E-03   -6.74579E-03
     2.63625E+00    7.90195E-03    7.58289E-03    4.70867E-01    1.53698E-03   -2.00137E-02    3.13667E-02    6.23460E-05   -2.56858E-04    1.12790E-04   -4.02436E-04    6.78877E-04   -4.55376E-04    4.81491E-03   -6.63981E-03
     2.64550E+00    7.73343E-03    7.41221E-03    4.70881E-01    1.49670E-03   -1.97252E-02    3.10057E-02    6.00148E-05   -2.47240E-04    1.09127E-04   -3.89458E-04    6.74701E-04   -4.47667E-04    4.75398E-03   -6.53564E-03
     2.65475E+00    7.56879E-03    7.24532E-03    4.70895E-01    1.45750E-03   -1.94401E-02    3.06503E-02    5.77710E-05   -2.37981E-04    1.05583E-04   -3.76906E-04    6.70595E-04   -4.40100E-04    4.69400E-03   -6.43323E-03
     2.66400E+00    7.40795E-03    7.08211E-03    4.70908E-01    1.41934E-03   -1.91582E-02    3.03004E-02    5.56111E-05   -2.29068E-04    1.02153E-04   -3.64766E-04    6.66559E-04   -4.32670E-04    4.63496E-03   -6.33256E-03
     2.67325E+00    7.25081E-03    6.92251E-03    4.70921E-01    1.38220E-03   -1.88795E-02    2.99559E-02    5.35322E-05   -2.20488E-04    9.88339E-05   -3.53025E-04    6.62590E-04   -4.25373E-04    4.57684E-03   -6.23357E-03
     2.68250E+00    7.09729E-03    6.76644E-03    4.70934E-01    1.34604E-03   -1.86040E-02    2.96168E-02    5.15311E-05   -2.12230E-04    9.56212E-05   -3.41670E-04    6.58689E-04   -4.18206E-04    4.51963E-03   -6.13625E-03
     2.69175E+00    6.94730E-03    6.61381E-03    4.70946E-01    1.31084E-03   -1.83316E-02    2.92830E-02    4.96050E-05   -2.04280E-04    9.25119E-05   -3.30686E-04    6.54853E-04   -4.11165E-04    4.46332E-03   -6.04056E-03
     2.70100E+00    6.80077E-03    6.46454E-03    4.70958E-01    1.27657E-03   -1.80622E-02    2.89543E-02    4.77510E-05   -1.96627E-04    8.95024E-05   -3.20062E-04    6.51082E-04   -4.04246E-04    4.40788E-03   -5.94646E-03
     2.71025E+00    6.65762E-03    6.31855E-03    4.70969E-01    1.24320E-03   -1.77959E-02    2.86307E-02    4.59665E-05   -1.89260E-04    8.65897E-05   -3.09786E-04    6.47374E-04   -3.97446E-04    4.35330E-03   -5.85392E-03
     2.71950E+00    6.51777E-03    6.17577E-03    4.70981E-01    1.21070E-03   -1.75326E-02    2.83120E-02    4.42489E-05   -1.82169E-04    8.37704E-05   -2.99845E-04    6.43729E-04   -3.90762E-04    4.29958E-03   -5.76292E-03
     2.72875E+00    6.38115E-03    6.03612E-03    4.70992E-01    1.17906E-03   -1.72721E-02    2.79983E-02    4.25956E-05   -1.75343E-04    8.10415E-05   -2.90230E-04    6.40145E-04   -3.84190E-04    4.24669E-03   -5.67341E-03
     2.73800E+00    6.24768E-03    5.89953E-03    4.71003E-01    1.14824E-03   -1.70146E-02    2.76894E-02    4.10043E-05   -1.68772E-04    7.84002E-05   -2.80928E-04    6.36621E-04   -3.77727E-04    4.19461E-03   -5.58538E-03
     2.74725E+00    6.11729E-03    5.76592E-03    4.71013E-01    1.11823E-03   -1.67599E-02    2.73853E-02    3.94726E-05   -1.62446E-04    7.58434E-05   -2.71929E-04    6.33157E-04   -3.71370E-04    4.14335E-03   -5.49878E-03
     2.75650E+00    5.98991E-03    5.63523E-03    4.71023E-01    1.08900E-03   -1.65079E-02    2.70858E-02    3.79983E-05   -1.56357E-04    7.33686E-05   -2.63224E-04    6.29750E-04   -3.65116E-04    4.09288E-03   -5.41359E-03
     2.76575E+00    5.86548E-03    5.50739E-03    4.71033E-01    1.06053E-03   -1.62588E-02    2.67910E-02    3.65793E-05   -1.50496E-04    7.09729E-05   -2.54802E-04    6.26402E-04   -3.58963E-04    4.04320E-03   -5.32979E-03
     2.77500E+00    5.74393E-03    5.38234E-03    4.71043E-01    1.03280E-03   -1.60123E-02    2.65006E-02    3.52134E-05   -1.44854E-04    6.86539E-05   -2.46654E-04    6.23109E-04   -3.52908E-04    3.99428E-03   -5.24734E-03
     2.78425E+00    5.62519E-03    5.26000E-03    4.71052E-01    1.00579E-03   -1.57685E-02    2.62147E-02    3.38988E-05   -1.39423E-04    6.64090E-05   -2.38771E-04    6.19873E-04   -3.46948E-04    3.94612E-03   -5.16621E-03
     2.79350E+00    5.50920E-03    5.14032E-03    4.71062E-01    9.79466E-04   -1.55273E-02    2.59331E-02    3.26335E-05   -1.34194E-04    6.42359E-05   -2.31144E-04    6.16691E-04   -3.41081E-04    3.89870E-03   -5.08638E-03
     2.80275E+00    5.39590E-03    5.02322E-03    4.71070E-01    9.53825E-04   -1.52887E-02    2.56559E-02    3.14156E-05   -1.29162E-04    6.21321E-05   -2.23764E-04    6.13562E-04   -3.35304E-04    3.85201E-03   -5.00783E-03
     2.81200E+00    5.28523E-03    4.90866E-03    4.71079E-01    9.28841E-04   -1.50527E-02    2.53829E-02    3.02434E-05   -1.24317E-04    6.00955E-05   -2.16623E-04    6.10487E-04   -3.29615E-04    3.80605E-03   -4.93051E-03
     2.82125E+00    5.17713E-03    4.79658E-03    4.71088E-01    9.04498E-04   -1.48191E-02    2.51140E-02    2.91152E-05   -1.19653E-04    5.81239E-05   -2.09714E-04    6.07464E-04   -3.24011E-04    3.76080E-03   -4.85442E-03
     2.83050E+00    5.07154E-03    4.68691E-03    4.71096E-01    8.80776E-04   -1.45880E-02    2.48492E-02    2.80293E-05   -1.15164E-04    5.62151E-05   -2.03028E-04    6.04493E-04   -3.18491E-04    3.71624E-03   -4.77952E-03
     2.83975E+00    4.96841E-03    4.57959E-03    4.71104E-01    8.57660E-04   -1.43594E-02    2.45885E-02    2.69842E-05   -1.10842E-04    5.43672E-05   -1.96559E-04    6.01572E-04   -3.13052E-04    3.67237E-03   -4.70579E-03
     2.84900E+00    4.86768E-03    4.47458E-03    4.71112E-01    8.35131E-04   -1.41331E-02    2.43317E-02    2.59783E-05   -1.06682E-04    5.25782E-05   -1.90299E-04    5.98701E-04   -3.07692E-04    3.62918E-03   -4.63320E-03
     2.85825E+00    4.76930E-03    4.37182E-03    4.71119E-01    8.13173E-04   -1.39092E-02    2.40788E-02    2.50101E-05   -1.02677E-04    5.08461E-05   -1.84240E-04    5.95879E-04   -3.02410E-04    3.58666E-03   -4.56173E-03
     2.86750E+00    4.67323E-03    4.27126E-03    4.71127E-01    7.91772E-04   -1.36877E-02    2.38298E-02    2.40783E-05   -9.88216E-05    4.91691E-05   -1.78377E-04    5.93106E-04   -2.97203E-04    3.54479E-03   -4.49135E-03
     2.87675E+00    4.57940E-03    4.17284E-03    4.71134E-01    7.70911E-04   -1.34684E-02    2.35845E-02    2.31815E-05   -9.51103E-05    4.75455E-05   -1.72704E-04    5.90381E-04   -2.92069E-04    3.50356E-03   -4.42205E-03
     2.88600E+00    4.48777E-03    4.07652E-03    4.71141E-01    7.50575E-04   -1.32513E-02    2.33429E-02    2.23183E-05   -9.15375E-05    4.59735E-05   -1.67212E-04    5.87703E-04   -2.87007E-04    3.46297E-03   -4.35380E-03
     2.89525E+00    4.39828E-03    3.98224E-03    4.71148E-01    7.30750E-04   -1.30365E-02    2.31050E-02    2.14876E-05   -8.80981E-05    4.44516E-05   -1.61898E-04    5.85071E-04   -2.82014E-04    3.42301E-03   -4.28657E-03
     2.90450E+00    4.31091E-03    3.88997E-03    4.71155E-01    7.11422E-04   -1.28239E-02    2.28707E-02    2.06881E-05   -8.47871E-05    4.29779E-05   -1.56754E-04    5.82485E-04   -2.77090E-04    3.38367E-03   -4.22035E-03
     2.91375E+00    4.22559E-03    3.79964E-03    4.71161E-01    6.92577E-04   -1.26134E-02    2.26399E-02    1.99187E-05   -8.15996E-05    4.15511E-05   -1.51776E-04    5.79945E-04   -2.72233E-04    3.34493E-03   -4.15510E-03
     2.92300E+00    4.14228E-03    3.71122E-03    4.71167E-01    6.74202E-04   -1.24050E-02    2.24127E-02    1.91782E-05   -7.85310E-05    4.01696E-05   -1.46958E-04    5.77449E-04   -2.67440E-04    3.30680E-03   -4.09082E-03
     2.93225E+00    4.06094E-03    3.62466E-03    4.71174E-01    6.56285E-04   -1.21988E-02    2.21888E-02    1.84655E-05   -7.55768E-05    3.88319E-05   -1.42294E-04    5.74997E-04   -2.62710E-04    3.26925E-03   -4.02747E-03
     2.94150E+00    3.98153E-03    3.53992E-03    4.71180E-01    6.38811E-04   -1.19945E-02    2.19683E-02    1.77796E-05   -7.27328E-05    3.75367E-05   -1.37780E-04    5.72588E-04   -2.58043E-04    3.23229E-03   -3.96504E-03
     2.95075E+00    3.90401E-03    3.45695E-03    4.71185E-01    6.21771E-04   -1.17923E-02    2.17512E-02    1.71196E-05   -6.99948E-05    3.62825E-05   -1.33410E-04    5.70223E-04   -2.53436E-04    3.19590E-03   -3.90350E-03
     2.96000E+00    3.82833E-03    3.37571E-03    4.71191E-01    6.05150E-04   -1.15921E-02    2.15373E-02    1.64844E-05   -6.73588E-05    3.50682E-05   -1.29180E-04    5.67900E-04   -2.48888E-04    3.16007E-03   -3.84284E-03
     2.96925E+00    3.75445E-03    3.29617E-03    4.71197E-01    5.88940E-04   -1.13939E-02    2.13266E-02    1.58732E-05   -6.48210E-05    3.38923E-05   -1.25086E-04    5.65618E-04   -2.44398E-04    3.12480E-03   -3.78304E-03
     2.97850E+00    3.68235E-03    3.21827E-03    4.71202E-01    5.73127E-04   -1.11976E-02    2.11192E-02    1.52850E-05   -6.23776E-05    3.27537E-05   -1.21123E-04    5.63378E-04   -2.39964E-04    3.09008E-03   -3.72406E-03
     2.98775E+00    3.61197E-03    3.14199E-03    4.71207E-01    5.57701E-04   -1.10032E-02    2.09148E-02    1.47189E-05   -6.00253E-05    3.16511E-05   -1.17286E-04    5.61179E-04   -2.35585E-04    3.05590E-03   -3.66590E-03
     2.99700E+00    3.54328E-03    3.06728E-03    4.71212E-01    5.42652E-04   -1.08107E-02    2.07135E-02    1.41742E-05   -5.77604E-05    3.05835E-05   -1.13572E-04    5.59020E-04   -2.31260E-04    3.02226E-03   -3.60853E-03
     3.00625E+00    3.47626E-03    2.99411E-03    4.71217E-01    5.27970E-04   -1.06200E-02    2.05153E-02    1.36501E-05   -5.55797E-05    2.95497E-05   -1.09977E-04    5.56900E-04   -2.26987E-04    2.98914E-03   -3.55194E-03
     3.01550E+00    3.41085E-03    2.92244E-03    4.71222E-01    5.13644E-04   -1.04311E-02    2.03200E-02    1.31458E-05   -5.34801E-05    2.85486E-05   -1.06496E-04    5.54820E-04   -2.22766E-04    2.95655E-03   -3.49610E-03
     3.02475E+00    3.34703E-03    2.85224E-03    4.71227E-01    4.99665E-04   -1.02440E-02    2.01277E-02    1.26605E-05   -5.14584E-05    2.75792E-05   -1.03127E-04    5.52779E-04   -2.18595E-04    2.92446E-03   -3.44100E-03
     3.03400E+00    3.28477E-03    2.78346E-03    4.71231E-01    4.86024E-04   -1.00587E-02    1.99382E-02    1.21935E-05   -4.95118E-05    2.66404E-05   -9.98647E-05    5.50776E-04   -2.14474E-04    2.89289E-03   -3.38661E-03
     3.04325E+00    3.22402E-03    2.71609E-03    4.71236E-01    4.72711E-04   -9.87518E-03    1.97516E-02    1.17443E-05   -4.76374E-05    2.57314E-05   -9.67067E-05    5.48811E-04   -2.10400E-04    2.86181E-03   -3.33292E-03
     3.05250E+00    3.16477E-03    2.65007E-03    4.71240E-01    4.59718E-04   -9.69333E-03    1.95679E-02    1.13120E-05   -4.58325E-05    2.48510E-05   -9.36494E-05    5.46884E-04   -2.06374E-04    2.83123E-03   -3.27991E-03
     3.06175E+00    3.10698E-03    2.58538E-03    4.71244E-01    4.47036E-04   -9.51316E-03    1.93868E-02    1.08962E-05   -4.40944E-05    2.39985E-05   -9.06896E-05    5.44993E-04   -2.02393E-04    2.80113E-03   -3.22755E-03
     3.07100E+00    3.05062E-03    2.52199E-03    4.71248E-01    4.34656E-04   -9.33466E-03    1.92086E-02    1.04961E-05   -4.24207E-05    2.31730E-05   -8.78241E-05    5.43139E-04   -1.98458E-04    2.77151E-03   -3.17584E-03
     3.08025E+00    2.99566E-03    2.45987E-03    4.71252E-01    4.22571E-04   -9.15780E-03    1.90329E-02    1.01112E-05   -4.08089E-05    2.23735E-05   -8.50499E-05    5.41322E-04   -1.94566E-04    2.74237E-03   -3.12475E-03
     3.08950E+00    2.94207E-03    2.39898E-03    4.71256E-01    4.10773E-04   -8.98255E-03    1.88600E-02    9.74095E-06   -3.92566E-05    2.15993E-05   -8.23642E-05    5.39540E-04   -1.90718E-04    2.71370E-03   -3.07426E-03
     3.09875E+00    2.88982E-03    2.33930E-03    4.71260E-01    3.99253E-04   -8.80888E-03    1.86896E-02    9.38479E-06   -3.77616E-05    2.08495E-05   -7.97641E-05    5.37793E-04   -1.86912E-04    2.68550E-03   -3.02436E-03
     3.10800E+00    2.83889E-03    2.28080E-03    4.71264E-01    3.88005E-04   -8.63678E-03    1.85218E-02    9.04219E-06   -3.63218E-05    2.01234E-05   -7.72470E-05    5.36082E-04   -1.83147E-04    2.65775E-03   -2.97502E-03
     3.11725E+00    2.78925E-03    2.22345E-03    4.71267E-01    3.77022E-04   -8.46622E-03    1.83566E-02    8.71267E-06   -3.49349E-05    1.94202E-05   -7.48101E-05    5.34405E-04   -1.79423E-04    2.63046E-03   -2.92623E-03
     3.12650E+00    2.74087E-03    2.16721E-03    4.71270E-01    3.66295E-04   -8.29718E-03    1.81938E-02    8.39574E-06   -3.35991E-05    1.87392E-05   -7.24510E-05    5.32762E-04   -1.75738E-04    2.60361E-03   -2.87797E-03
     3.13575E+00    2.69374E-03    2.11207E-03    4.71274E-01    3.55818E-04   -8.12963E-03    1.80335E-02    8.09094E-06   -3.23123E-05    1.80796E-05   -7.01672E-05    5.31154E-04   -1.72092E-04    2.57722E-03   -2.83022E-03
     3.14500E+00    2.64782E-03    2.05800E-03    4.71277E-01    3.45585E-04   -7.96355E-03    1.78756E-02    7.79782E-06   -3.10728E-05    1.74409E-05   -6.79564E-05    5.29578E-04   -1.68485E-04    2.55125E-03   -2.78297E-03
     3.15425E+00    2.60308E-03    2.00496E-03    4.71280E-01    3.35589E-04   -7.79893E-03    1.77201E-02    7.51595E-06   -2.98786E-05    1.68222E-05   -6.58163E-05    5.28036E-04   -1.64914E-04    2.52573E-03   -2.73619E-03
     3.16350E+00    2.55952E-03    1.95294E-03    4.71283E-01    3.25823E-04   -7.63573E-03    1.75669E-02    7.24493E-06   -2.87281E-05    1.62231E-05   -6.37447E-05    5.26527E-04   -1.61380E-04    2.50063E-03   -2.68986E-03
     3.17275E+00    2.51710E-03    1.90191E-03    4.71286E-01    3.16282E-04   -7.47393E-03    1.74160E-02    6.98436E-06   -2.76196E-05    1.56428E-05   -6.17395E-05    5.25051E-04   -1.57882E-04    2.47597E-03   -2.64397E-03
     3.18200E+00    2.47580E-03    1.85185E-03    4.71289E-01    3.06959E-04   -7.31352E-03    1.72675E-02    6.73385E-06   -2.65515E-05    1.50807E-05   -5.97986E-05    5.23606E-04   -1.54418E-04    2.45172E-03   -2.59851E-03
     3.19125E+00    2.43560E-03    1.80272E-03    4.71292E-01    2.97849E-04   -7.15448E-03    1.71212E-02    6.49303E-06   -2.55222E-05    1.45363E-05   -5.79201E-05    5.22194E-04   -1.50989E-04    2.42789E-03   -2.55344E-03
     3.20050E+00    2.39648E-03    1.75451E-03    4.71295E-01    2.88945E-04   -6.99678E-03    1.69771E-02    6.26157E-06   -2.45303E-05    1.40090E-05   -5.61020E-05    5.20813E-04   -1.47594E-04    2.40448E-03   -2.50875E-03
     3.20975E+00    2.35842E-03    1.70720E-03    4.71297E-01    2.80243E-04   -6.84040E-03    1.68351E-02    6.03912E-06   -2.35742E-05    1.34982E-05   -5.43425E-05    5.19463E-04   -1.44231E-04    2.38148E-03   -2.46443E-03
     3.21900E+00    2.32140E-03    1.66076E-03    4.71300E-01    2.71737E-04   -6.68532E-03    1.66954E-02    5.82534E-06   -2.26527E-05    1.30035E-05   -5.26399E-05    5.18145E-04   -1.40901E-04    2.35889E-03   -2.42045E-03
     3.22825E+00    2.28539E-03    1.61517E-03    4.71302E-01    2.63421E-04   -6.53153E-03    1.65578E-02    5.61994E-06   -2.17643E-05    1.25242E-05   -5.09924E-05    5.16857E-04   -1.37603E-04    2.33670E-03   -2.37680E-03
     3.23750E+00    2.25039E-03    1.57040E-03    4.71305E-01    2.55290E-04   -6.37900E-03    1.64222E-02    5.42260E-06   -2.09079E-05    1.20600E-05   -4.93983E-05    5.15599E-04   -1.34335E-04    2.31492E-03   -2.33345E-03
     3.24675E+00    2.21637E-03    1.52644E-03    4.71307E-01    2.47341E-04   -6.22771E-03    1.62888E-02    5.23305E-06   -2.00821E-05    1.16102E-05   -4.78562E-05    5.14371E-04   -1.31098E-04    2.29353E-03   -2.29038E-03
     3.25600E+00    2.18331E-03    1.48327E-03    4.71309E-01    2.39566E-04   -6.07765E-03    1.61573E-02    5.05100E-06   -1.92857E-05    1.11745E-05   -4.63644E-05    5.13174E-04   -1.27891E-04    2.27254E-03   -2.24759E-03
     3.26525E+00    2.15120E-03    1.44087E-03    4.71311E-01    2.31963E-04   -5.92879E-03    1.60279E-02    4.87618E-06   -1.85177E-05    1.07523E-05   -4.49215E-05    5.12005E-04   -1.24713E-04    2.25195E-03   -2.20504E-03
     3.27450E+00    2.12002E-03    1.39920E-03    4.71314E-01    2.24525E-04   -5.78113E-03    1.59005E-02    4.70834E-06   -1.77768E-05    1.03433E-05   -4.35260E-05    5.10866E-04   -1.21564E-04    2.23175E-03   -2.16271E-03
     3.28375E+00    2.08975E-03    1.35827E-03    4.71316E-01    2.17250E-04   -5.63463E-03    1.57750E-02    4.54723E-06   -1.70621E-05    9.94694E-06   -4.21766E-05    5.09756E-04   -1.18443E-04    2.21194E-03   -2.12060E-03
     3.29300E+00    2.06038E-03    1.31804E-03    4.71318E-01    2.10131E-04   -5.48928E-03    1.56514E-02    4.39261E-06   -1.63724E-05    9.56287E-06   -4.08719E-05    5.08675E-04   -1.15350E-04    2.19252E-03   -2.07866E-03
     3.30225E+00    2.03188E-03    1.27850E-03    4.71320E-01    2.03166E-04   -5.34507E-03    1.55298E-02    4.24426E-06   -1.57069E-05    9.19067E-06   -3.96108E-05    5.07622E-04   -1.12283E-04    2.17348E-03   -2.03689E-03
     3.31150E+00    2.00426E-03    1.23964E-03    4.71321E-01    1.96349E-04   -5.20198E-03    1.54100E-02    4.10196E-06   -1.50645E-05    8.82994E-06   -3.83918E-05    5.06598E-04   -1.09243E-04    2.15483E-03   -1.99527E-03
     3.32075E+00    1.97748E-03    1.20142E-03    4.71323E-01    1.89677E-04   -5.05998E-03    1.52921E-02    3.96550E-06   -1.44442E-05    8.48030E-06   -3.72140E-05    5.05601E-04   -1.06230E-04    2.13657E-03   -1.95376E-03
     3.33000E+00    1.95154E-03    1.16384E-03    4.71325E-01    1.83146E-04   -4.91907E-03    1.51760E-02    3.83468E-06   -1.38453E-05    8.14136E-06   -3.60761E-05    5.04632E-04   -1.03241E-04    2.11869E-03   -1.91235E-03
     3.33925E+00    1.92642E-03    1.12687E-03    4.71327E-01    1.76751E-04   -4.77922E-03    1.50616E-02    3.70930E-06   -1.32669E-05    7.81277E-06   -3.49770E-05    5.03691E-04   -1.00278E-04    2.10119E-03   -1.87102E-03
     3.34850E+00    1.90210E-03    1.09051E-03    4.71328E-01    1.70489E-04   -4.64043E-03    1.49491E-02    3.58918E-06   -1.27080E-05    7.49417E-06   -3.39157E-05    5.02777E-04   -9.73397E-05    2.08408E-03   -1.82974E-03
     3.35775E+00    1.87859E-03    1.05472E-03    4.71330E-01    1.64356E-04   -4.50266E-03    1.48383E-02    3.47415E-06   -1.21680E-05    7.18522E-06   -3.28913E-05    5.01890E-04   -9.44253E-05    2.06734E-03   -1.78849E-03
     3.36700E+00    1.85585E-03    1.01951E-03    4.71331E-01    1.58349E-04   -4.36591E-03    1.47293E-02    3.36402E-06   -1.16460E-05    6.88558E-06   -3.19026E-05    5.01030E-04   -9.15345E-05    2.05099E-03   -1.74725E-03
     3.37625E+00    1.83388E-03    9.84844E-04    4.71333E-01    1.52464E-04   -4.23016E-03    1.46219E-02    3.25864E-06   -1.11413E-05    6.59492E-06   -3.09489E-05    5.00197E-04   -8.86670E-05    2.03502E-03   -1.70598E-03
     3.38550E+00    1.81267E-03    9.50715E-04    4.71334E-01    1.46697E-04   -4.09540E-03    1.45163E-02    3.15786E-06   -1.06532E-05    6.31292E-06   -3.00292E-05    4.99390E-04   -8.58222E-05    2.01943E-03   -1.66468E-03
     3.39475E+00    1.79221E-03    9.17106E-04    4.71335E-01    1.41046E-04   -3.96161E-03    1.44123E-02    3.06151E-06   -1.01809E-05    6.03928E-06   -2.91426E-05    4.98609E-04   -8.29998E-05    2.00422E-03   -1.62330E-03
     3.40400E+00    1.77248E-03    8.84001E-04    4.71337E-01    1.35506E-04   -3.82877E-03    1.43099E-02    2.96946E-06   -9.72386E-06    5.77368E-06   -2.82884E-05    4.97854E-04   -8.01994E-05    1.98940E-03   -1.58183E-03
     3.41325E+00    1.75347E-03    8.51386E-04    4.71338E-01    1.30074E-04   -3.69687E-03    1.42092E-02    2.88157E-06   -9.28133E-06    5.51585E-06   -2.74657E-05    4.97125E-04   -7.74204E-05    1.97496E-03   -1.54023E-03
     3.42250E+00    1.73517E-03    8.19247E-04    4.71339E-01    1.24748E-04   -3.56590E-03    1.41100E-02    2.79771E-06   -8.85271E-06    5.26547E-06   -2.66739E-05    4.96422E-04   -7.46626E-05    1.96090E-03   -1.49849E-03
     3.43175E+00    1.71757E-03    7.87569E-04    4.71340E-01    1.19524E-04   -3.43583E-03    1.40124E-02    2.71776E-06   -8.43739E-06    5.02229E-06   -2.59123E-05    4.95744E-04   -7.19255E-05    1.94724E-03   -1.45656E-03
     3.44100E+00    1.70067E-03    7.56337E-04    4.71341E-01    1.14399E-04   -3.30666E-03    1.39164E-02    2.64158E-06   -8.03477E-06    4.78601E-06   -2.51800E-05    4.95091E-04   -6.92087E-05    1.93396E-03   -1.41443E-03
     3.45025E+00    1.68444E-03    7.25538E-04    4.71342E-01    1.09370E-04   -3.17837E-03    1.38219E-02    2.56908E-06   -7.64429E-06    4.55637E-06   -2.44766E-05    4.94464E-04   -6.65118E-05    1.92107E-03   -1.37206E-03
     3.45950E+00    1.66889E-03    6.95159E-04    4.71343E-01    1.04434E-04   -3.05095E-03    1.37290E-02    2.50013E-06   -7.26540E-06    4.33310E-06   -2.38014E-05    4.93861E-04   -6.38346E-05    1.90858E-03   -1.32942E-03
     3.46875E+00    1.65400E-03    6.65186E-04    4.71344E-01    9.95878E-05   -2.92438E-03    1.36375E-02    2.43463E-06   -6.89756E-06    4.11596E-06   -2.31537E-05    4.93283E-04   -6.11765E-05    1.89648E-03   -1.28649E-03
     3.47800E+00    1.63977E-03    6.35606E-04    4.71345E-01    9.48292E-05   -2.79865E-03    1.35475E-02    2.37249E-06   -6.54024E-06    3.90468E-06   -2.25332E-05    4.92729E-04   -5.85373E-05    1.88478E-03   -1.24322E-03
     3.48725E+00    1.62617E-03    6.06406E-04    4.71346E-01    9.01550E-05   -2.67375E-03    1.34590E-02    2.31361E-06   -6.19295E-06    3.69901E-06   -2.19392E-05    4.92200E-04   -5.59165E-05    1.87348E-03   -1.19959E-03
     3.49650E+00    1.61322E-03    5.77573E-04    4.71347E-01    8.55625E-05   -2.54966E-03    1.33719E-02    2.25789E-06   -5.85519E-06    3.49872E-06   -2.13713E-05    4.91694E-04   -5.33139E-05    1.86259E-03   -1.15555E-03
     3.50575E+00    1.60089E-03    5.49095E-04    4.71348E-01    8.10489E-05   -2.42637E-03    1.32862E-02    2.20526E-06   -5.52650E-06    3.30357E-06   -2.08290E-05    4.91213E-04   -5.07291E-05    1.85210E-03   -1.11108E-03
     3.51500E+00    1.58918E-03    5.20960E-04    4.71348E-01    7.66116E-05   -2.30386E-03    1.32020E-02    2.15563E-06   -5.20641E-06    3.11331E-06   -2.03119E-05    4.90756E-04   -4.81617E-05    1.84203E-03   -1.06614E-03
     3.52425E+00    1.57809E-03    4.93155E-04    4.71349E-01    7.22480E-05   -2.18213E-03    1.31191E-02    2.10892E-06   -4.89448E-06    2.92772E-06   -1.98196E-05    4.90322E-04   -4.56114E-05    1.83238E-03   -1.02069E-03
     3.53350E+00    1.56760E-03    4.65669E-04    4.71350E-01    6.79554E-05   -2.06115E-03    1.30376E-02    2.06506E-06   -4.59027E-06    2.74657E-06   -1.93517E-05    4.89912E-04   -4.30779E-05    1.82315E-03   -9.74696E-04
     3.54275E+00    1.55771E-03    4.38490E-04    4.71350E-01    6.37312E-05   -1.94093E-03    1.29574E-02    2.02397E-06   -4.29336E-06    2.56964E-06   -1.89079E-05    4.89525E-04   -4.05609E-05    1.81435E-03   -9.28111E-04
     3.55200E+00    1.54842E-03    4.11606E-04    4.71351E-01    5.95729E-05   -1.82144E-03    1.28786E-02    1.98561E-06   -4.00334E-06    2.39671E-06   -1.84879E-05    4.89162E-04   -3.80600E-05    1.80598E-03   -8.80896E-04
     3.56125E+00    1.53970E-03    3.85006E-04    4.71351E-01    5.54780E-05   -1.70267E-03    1.28011E-02    1.94989E-06   -3.71981E-06    2.22754E-06   -1.80913E-05    4.88821E-04   -3.55749E-05    1.79806E-03   -8.33009E-04
     3.57050E+00    1.53157E-03    3.58680E-04    4.71352E-01    5.14439E-05   -1.58461E-03    1.27249E-02    1.91677E-06   -3.44238E-06    2.06195E-06   -1.77180E-05    4.88503E-04   -3.31054E-05    1.79057E-03   -7.84405E-04
     3.57975E+00    1.52401E-03    3.32615E-04    4.71352E-01    4.74683E-05   -1.46726E-03    1.26500E-02    1.88619E-06   -3.17067E-06    1.89969E-06   -1.73677E-05    4.88209E-04   -3.06511E-05    1.78355E-03   -7.35040E-04
     3.58900E+00    1.51702E-03    3.06801E-04    4.71353E-01    4.35486E-05   -1.35059E-03    1.25764E-02    1.85810E-06   -2.90430E-06    1.74057E-06   -1.70403E-05    4.87936E-04   -2.82117E-05    1.77698E-03   -6.84864E-04
     3.59825E+00    1.51060E-03    2.81228E-04    4.71353E-01    3.96824E-05   -1.23459E-03    1.25040E-02    1.83245E-06   -2.64292E-06    1.58438E-06   -1.67355E-05    4.87687E-04   -2.57870E-05    1.77088E-03   -6.33831E-04
     3.60750E+00    1.50472E-03    2.55884E-04    4.71353E-01    3.58674E-05   -1.11926E-03    1.24329E-02    1.80919E-06   -2.38616E-06    1.43090E-06   -1.64531E-05    4.87459E-04   -2.33766E-05    1.76526E-03   -5.81889E-04
     3.61675E+00    1.49941E-03    2.30760E-04    4.71354E-01    3.21010E-05   -1.00458E-03    1.23629E-02    1.78829E-06   -2.13369E-06    1.27993E-06   -1.61932E-05    4.87254E-04   -2.09802E-05    1.76012E-03   -5.28986E-04
     3.62600E+00    1.49463E-03    2.05845E-04    4.71354E-01    2.83809E-05   -8.90542E-04    1.22943E-02    1.76971E-06   -1.88516E-06    1.13126E-06   -1.59556E-05    4.87071E-04   -1.85976E-05    1.75547E-03   -4.75067E-04
     3.63525E+00    1.49041E-03    1.81129E-04    4.71354E-01    2.47047E-05   -7.77134E-04    1.22268E-02    1.75340E-06   -1.64024E-06    9.84679E-07   -1.57403E-05    4.86910E-04   -1.62286E-05    1.75133E-03   -4.20078E-04
     3.64450E+00    1.48672E-03    1.56602E-04    4.71354E-01    2.10700E-05   -6.64344E-04    1.21605E-02    1.73935E-06   -1.39860E-06    8.39992E-07   -1.55472E-05    4.86771E-04   -1.38727E-05    1.74770E-03   -3.63959E-04
     3.65375E+00    1.48356E-03    1.32254E-04    4.71355E-01    1.74745E-05   -5.52162E-04    1.20953E-02    1.72752E-06   -1.15992E-06    6.96989E-07   -1.53763E-05    4.86653E-04   -1.15297E-05    1.74460E-03   -3.06650E-04
     3.66300E+00    1.48094E-03    1.08076E-04    4.71355E-01    1.39157E-05   -4.40578E-04    1.20313E-02    1.71788E-06   -9.23878E-07    5.55463E-07   -1.52277E-05    4.86557E-04   -9.19949E-06    1.74204E-03   -2.48090E-04
     3.67225E+00    1.47884E-03    8.40570E-05    4.71355E-01    1.03913E-05   -3.29580E-04    1.19685E-02    1.71042E-06   -6.90172E-07    4.15209E-07   -1.51014E-05    4.86483E-04   -6.88165E-06    1.74002E-03   -1.88213E-04
     3.68150E+00    1.47727E-03    6.01883E-05    4.71355E-01    6.89877E-06   -2.19158E-04    1.19068E-02    1.70511E-06   -4.58492E-07    2.76019E-07   -1.49975E-05    4.86430E-04   -4.57596E-06    1.73856E-03   -1.26952E-04
     3.69075E+00    1.47621E-03    3.64605E-05    4.71355E-01    3.43582E-06   -1.09301E-04    1.18462E-02    1.70193E-06   -2.28534E-07    1.37686E-07   -1.49162E-05    4.86398E-04   -2.28216E-06    1.73767E-03   -6.42385E-05
     3.70000E+00    1.47568E-03    1.28640E-05    4.71355E-01    6.20749E-47   -3.68516E-45    1.17867E-02    1.70088E-06   -5.09938E-49   -3.20517E-29   -1.48576E-05    4.86388E-04   -1.71219E-46    1.73737E-03   -1.27313E-45
