     1.00000E-05    3.86048E+00   -2.79791E-05   -5.76605E-01    6.04629E-19   -1.74420E-05   -1.74420E+00    4.38330E-01    3.94480E-19    7.36155E-06    7.36155E-01    3.74212E-01    4.99778E-19    8.78730E-11    1.75746E-05
     9.00997E-03    3.85964E+00    3.79876E-02   -5.76328E-01    6.13869E-02   -1.57116E-02   -1.74300E+00    4.38231E-01   -2.20618E-02    6.63060E-03    7.35444E-01    3.74088E-01   -2.73638E-02    7.13124E-05    1.58250E-02
     1.80100E-02    3.85714E+00    7.58783E-02   -5.75500E-01    1.22580E-01   -3.13842E-02   -1.73943E+00    4.37933E-01   -4.40644E-02    1.32411E-02    7.33316E-01    3.73719E-01   -5.46307E-02    2.84680E-04    3.15765E-02
     2.70099E-02    3.85297E+00    1.13660E-01   -5.74123E-01    1.83521E-01   -4.70140E-02   -1.73348E+00    4.37438E-01   -6.59974E-02    1.98260E-02    7.29780E-01    3.73105E-01   -8.17650E-02    6.39351E-04    4.72166E-02
     3.60099E-02    3.84714E+00    1.51278E-01   -5.72198E-01    2.44087E-01   -6.25797E-02   -1.72518E+00    4.36745E-01   -8.78265E-02    2.63729E-02    7.24849E-01    3.72248E-01   -1.08701E-01    1.13408E-03    6.26905E-02
     4.50099E-02    3.83967E+00    1.88678E-01   -5.69731E-01    3.04155E-01   -7.80603E-02   -1.71457E+00    4.35857E-01   -1.09518E-01    3.28691E-02    7.18544E-01    3.71150E-01   -1.35375E-01    1.76711E-03    7.79443E-02
     5.40098E-02    3.83056E+00    2.25808E-01   -5.66725E-01    3.63605E-01   -9.34350E-02   -1.70166E+00    4.34775E-01   -1.31037E-01    3.93026E-02    7.10888E-01    3.69812E-01   -1.61722E-01    2.53625E-03    9.29255E-02
     6.30098E-02    3.81984E+00    2.62615E-01   -5.63188E-01    4.22319E-01   -1.08683E-01   -1.68651E+00    4.33499E-01   -1.52351E-01    4.56611E-02    7.01912E-01    3.68240E-01   -1.87682E-01    3.43879E-03    1.07583E-01
     7.20098E-02    3.80751E+00    2.99049E-01   -5.59126E-01    4.80183E-01   -1.23786E-01   -1.66916E+00    4.32033E-01   -1.73427E-01    5.19331E-02    6.91650E-01    3.66435E-01   -2.13195E-01    4.47161E-03    1.21867E-01
     8.10098E-02    3.79360E+00    3.35057E-01   -5.54548E-01    5.37088E-01   -1.38722E-01   -1.64967E+00    4.30378E-01   -1.94233E-01    5.81071E-02    6.80142E-01    3.64404E-01   -2.38202E-01    5.63112E-03    1.35731E-01
     9.00097E-02    3.77813E+00    3.70593E-01   -5.49462E-01    5.92926E-01   -1.53473E-01   -1.62810E+00    4.28538E-01   -2.14738E-01    6.41720E-02    6.67431E-01    3.62149E-01   -2.62648E-01    6.91335E-03    1.49129E-01
     9.90097E-02    3.76113E+00    4.05607E-01   -5.43879E-01    6.47596E-01   -1.68022E-01   -1.60452E+00    4.26514E-01   -2.34912E-01    7.01173E-02    6.53566E-01    3.59678E-01   -2.86482E-01    8.31391E-03    1.62020E-01
     1.08010E-01    3.74262E+00    4.40054E-01   -5.37809E-01    7.01002E-01   -1.82349E-01   -1.57900E+00    4.24310E-01   -2.54724E-01    7.59329E-02    6.38599E-01    3.56995E-01   -3.09651E-01    9.82806E-03    1.74364E-01
     1.17010E-01    3.72263E+00    4.73889E-01   -5.31265E-01    7.53052E-01   -1.96438E-01   -1.55163E+00    4.21930E-01   -2.74148E-01    8.16089E-02    6.22585E-01    3.54106E-01   -3.32111E-01    1.14507E-02    1.86123E-01
     1.26010E-01    3.70120E+00    5.07069E-01   -5.24258E-01    8.03661E-01   -2.10273E-01   -1.52247E+00    4.19377E-01   -2.93154E-01    8.71364E-02    6.05584E-01    3.51019E-01   -3.53817E-01    1.31764E-02    1.97265E-01
     1.35010E-01    3.67835E+00    5.39554E-01   -5.16803E-01    8.52749E-01   -2.23837E-01   -1.49163E+00    4.16655E-01   -3.11718E-01    9.25066E-02    5.87656E-01    3.47740E-01   -3.74728E-01    1.49995E-02    2.07759E-01
     1.44010E-01    3.65413E+00    5.71303E-01   -5.08914E-01    9.00243E-01   -2.37117E-01   -1.45918E+00    4.13768E-01   -3.29814E-01    9.77116E-02    5.68866E-01    3.44276E-01   -3.94807E-01    1.69140E-02    2.17578E-01
     1.53010E-01    3.62857E+00    6.02281E-01   -5.00604E-01    9.46074E-01   -2.50098E-01   -1.42524E+00    4.10720E-01   -3.47419E-01    1.02744E-01    5.49280E-01    3.40636E-01   -4.14022E-01    1.89138E-02    2.26698E-01
     1.62010E-01    3.60172E+00    6.32452E-01   -4.91890E-01    9.90183E-01   -2.62767E-01   -1.38988E+00    4.07516E-01   -3.64510E-01    1.07596E-01    5.28967E-01    3.36827E-01   -4.32343E-01    2.09924E-02    2.35099E-01
     1.71010E-01    3.57361E+00    6.61783E-01   -4.82786E-01    1.03252E+00   -2.75112E-01   -1.35322E+00    4.04160E-01   -3.81066E-01    1.12263E-01    5.07996E-01    3.32857E-01   -4.49743E-01    2.31433E-02    2.42765E-01
     1.80010E-01    3.54428E+00    6.90244E-01   -4.73310E-01    1.07302E+00   -2.87121E-01   -1.31536E+00    4.00658E-01   -3.97068E-01    1.16739E-01    4.86437E-01    3.28734E-01   -4.66200E-01    2.53599E-02    2.49681E-01
     1.89009E-01    3.51378E+00    7.17807E-01   -4.63477E-01    1.11166E+00   -2.98785E-01   -1.27638E+00    3.97015E-01   -4.12498E-01    1.21018E-01    4.64362E-01    3.24468E-01   -4.81695E-01    2.76353E-02    2.55839E-01
     1.98009E-01    3.48215E+00    7.44445E-01   -4.53306E-01    1.14840E+00   -3.10093E-01   -1.23641E+00    3.93235E-01   -4.27340E-01    1.25096E-01    4.41841E-01    3.20067E-01   -4.96214E-01    2.99627E-02    2.61232E-01
     2.07009E-01    3.44944E+00    7.70135E-01   -4.42812E-01    1.18321E+00   -3.21038E-01   -1.19554E+00    3.89324E-01   -4.41577E-01    1.28970E-01    4.18946E-01    3.15539E-01   -5.09746E-01    3.23352E-02    2.65857E-01
     2.16009E-01    3.41570E+00    7.94855E-01   -4.32014E-01    1.21607E+00   -3.31611E-01   -1.15387E+00    3.85288E-01   -4.55198E-01    1.32636E-01    3.95748E-01    3.10894E-01   -5.22282E-01    3.47458E-02    2.69716E-01
     2.25009E-01    3.38098E+00    8.18587E-01   -4.20929E-01    1.24696E+00   -3.41805E-01   -1.11151E+00    3.81133E-01   -4.68190E-01    1.36092E-01    3.72316E-01    3.06141E-01   -5.33819E-01    3.71877E-02    2.72810E-01
     2.34009E-01    3.34532E+00    8.41315E-01   -4.09575E-01    1.27587E+00   -3.51616E-01   -1.06855E+00    3.76863E-01   -4.80542E-01    1.39337E-01    3.48719E-01    3.01289E-01   -5.44356E-01    3.96541E-02    2.75147E-01
     2.43009E-01    3.30877E+00    8.63023E-01   -3.97969E-01    1.30279E+00   -3.61038E-01   -1.02510E+00    3.72485E-01   -4.92247E-01    1.42369E-01    3.25026E-01    2.96346E-01   -5.53896E-01    4.21381E-02    2.76737E-01
     2.52009E-01    3.27138E+00    8.83702E-01   -3.86130E-01    1.32774E+00   -3.70066E-01   -9.81257E-01    3.68004E-01   -5.03296E-01    1.45187E-01    3.01301E-01    2.91321E-01   -5.62446E-01    4.46331E-02    2.77593E-01
     2.61009E-01    3.23320E+00    9.03340E-01   -3.74076E-01    1.35071E+00   -3.78699E-01   -9.37113E-01    3.63428E-01   -5.13686E-01    1.47792E-01    2.77608E-01    2.86225E-01   -5.70013E-01    4.71326E-02    2.77728E-01
     2.70009E-01    3.19429E+00    9.21932E-01   -3.61823E-01    1.37172E+00   -3.86934E-01   -8.92763E-01    3.58760E-01   -5.23410E-01    1.50185E-01    2.54010E-01    2.81064E-01   -5.76609E-01    4.96301E-02    2.77161E-01
     2.79009E-01    3.15469E+00    9.39472E-01   -3.49391E-01    1.39078E+00   -3.94769E-01   -8.48298E-01    3.54008E-01   -5.32468E-01    1.52365E-01    2.30565E-01    2.75849E-01   -5.82251E-01    5.21194E-02    2.75913E-01
     2.88009E-01    3.11445E+00    9.55958E-01   -3.36795E-01    1.40792E+00   -4.02203E-01   -8.03805E-01    3.49178E-01   -5.40858E-01    1.54335E-01    2.07330E-01    2.70587E-01   -5.86953E-01    5.45945E-02    2.74003E-01
     2.97009E-01    3.07362E+00    9.71389E-01   -3.24054E-01    1.42315E+00   -4.09237E-01   -7.59370E-01    3.44275E-01   -5.48581E-01    1.56098E-01    1.84359E-01    2.65286E-01   -5.90737E-01    5.70495E-02    2.71458E-01
     3.06009E-01    3.03226E+00    9.85768E-01   -3.11184E-01    1.43652E+00   -4.15872E-01   -7.15074E-01    3.39305E-01   -5.55638E-01    1.57655E-01    1.61704E-01    2.59956E-01   -5.93625E-01    5.94789E-02    2.68301E-01
     3.15009E-01    2.99041E+00    9.99099E-01   -2.98202E-01    1.44804E+00   -4.22109E-01   -6.70994E-01    3.34275E-01   -5.62034E-01    1.59009E-01    1.39412E-01    2.54604E-01   -5.95639E-01    6.18772E-02    2.64561E-01
     3.24009E-01    2.94812E+00    1.01139E+00   -2.85125E-01    1.45776E+00   -4.27951E-01   -6.27206E-01    3.29191E-01   -5.67772E-01    1.60165E-01    1.17528E-01    2.49237E-01   -5.96806E-01    6.42393E-02    2.60266E-01
     3.33009E-01    2.90545E+00    1.02264E+00   -2.71968E-01    1.46572E+00   -4.33400E-01   -5.83780E-01    3.24057E-01   -5.72860E-01    1.61126E-01    9.60944E-02    2.43864E-01   -5.97153E-01    6.65604E-02    2.55445E-01
     3.42009E-01    2.86242E+00    1.03287E+00   -2.58747E-01    1.47195E+00   -4.38460E-01   -5.40784E-01    3.18881E-01   -5.77303E-01    1.61897E-01    7.51498E-02    2.38491E-01   -5.96708E-01    6.88358E-02    2.50128E-01
     3.51009E-01    2.81911E+00    1.04208E+00   -2.45478E-01    1.47650E+00   -4.43135E-01   -4.98280E-01    3.13668E-01   -5.81112E-01    1.62481E-01    5.47296E-02    2.33125E-01   -5.95503E-01    7.10613E-02    2.44347E-01
     3.60009E-01    2.77554E+00    1.05030E+00   -2.32175E-01    1.47942E+00   -4.47431E-01   -4.56330E-01    3.08423E-01   -5.84296E-01    1.62883E-01    3.48658E-02    2.27774E-01   -5.93567E-01    7.32327E-02    2.38134E-01
     3.69009E-01    2.73178E+00    1.05752E+00   -2.18853E-01    1.48076E+00   -4.51351E-01   -4.14988E-01    3.03152E-01   -5.86865E-01    1.63110E-01    1.55875E-02    2.22443E-01   -5.90933E-01    7.53465E-02    2.31521E-01
     3.78009E-01    2.68785E+00    1.06378E+00   -2.05526E-01    1.48056E+00   -4.54903E-01   -3.74307E-01    2.97861E-01   -5.88832E-01    1.63166E-01   -3.07984E-03    2.17139E-01   -5.87635E-01    7.73990E-02    2.24539E-01
     3.87009E-01    2.64381E+00    1.06909E+00   -1.92208E-01    1.47888E+00   -4.58091E-01   -3.34335E-01    2.92555E-01   -5.90209E-01    1.63056E-01   -2.11136E-02    2.11868E-01   -5.83704E-01    7.93872E-02    2.17223E-01
     3.96009E-01    2.59970E+00    1.07346E+00   -1.78911E-01    1.47577E+00   -4.60923E-01   -2.95118E-01    2.87239E-01   -5.91010E-01    1.62788E-01   -3.84943E-02    2.06634E-01   -5.79175E-01    8.13081E-02    2.09602E-01
     4.05009E-01    2.55555E+00    1.07692E+00   -1.65648E-01    1.47128E+00   -4.63405E-01   -2.56697E-01    2.81919E-01   -5.91250E-01    1.62366E-01   -5.52058E-02    2.01444E-01   -5.74081E-01    8.31592E-02    2.01711E-01
     4.14009E-01    2.51141E+00    1.07949E+00   -1.52432E-01    1.46546E+00   -4.65546E-01   -2.19109E-01    2.76599E-01   -5.90944E-01    1.61796E-01   -7.12345E-02    1.96302E-01   -5.68458E-01    8.49381E-02    1.93579E-01
     4.23009E-01    2.46732E+00    1.08119E+00   -1.39274E-01    1.45838E+00   -4.67352E-01   -1.82389E-01    2.71283E-01   -5.90108E-01    1.61085E-01   -8.65701E-02    1.91213E-01   -5.62338E-01    8.66430E-02    1.85239E-01
     4.32009E-01    2.42332E+00    1.08205E+00   -1.26185E-01    1.45008E+00   -4.68832E-01   -1.46567E-01    2.65978E-01   -5.88759E-01    1.60240E-01   -1.01205E-01    1.86182E-01   -5.55755E-01    8.82719E-02    1.76721E-01
     4.41009E-01    2.37943E+00    1.08208E+00   -1.13176E-01    1.44063E+00   -4.69993E-01   -1.11672E-01    2.60687E-01   -5.86914E-01    1.59266E-01   -1.15133E-01    1.81211E-01   -5.48743E-01    8.98235E-02    1.68054E-01
     4.50009E-01    2.33571E+00    1.08132E+00   -1.00257E-01    1.43007E+00   -4.70844E-01   -7.77282E-02    2.55415E-01   -5.84590E-01    1.58170E-01   -1.28353E-01    1.76306E-01   -5.41336E-01    9.12965E-02    1.59268E-01
     4.59009E-01    2.29217E+00    1.07978E+00   -8.74376E-02    1.41847E+00   -4.71395E-01   -4.47568E-02    2.50166E-01   -5.81807E-01    1.56958E-01   -1.40864E-01    1.71468E-01   -5.33564E-01    9.26900E-02    1.50390E-01
     4.68009E-01    2.24885E+00    1.07750E+00   -7.47274E-02    1.40587E+00   -4.71653E-01   -1.27765E-02    2.44944E-01   -5.78583E-01    1.55636E-01   -1.52669E-01    1.66702E-01   -5.25462E-01    9.40033E-02    1.41447E-01
     4.77009E-01    2.20578E+00    1.07450E+00   -6.21348E-02    1.39234E+00   -4.71628E-01    1.81972E-02    2.39753E-01   -5.74936E-01    1.54212E-01   -1.63771E-01    1.62011E-01   -5.17058E-01    9.52359E-02    1.32465E-01
     4.86009E-01    2.16300E+00    1.07081E+00   -4.96680E-02    1.37793E+00   -4.71329E-01    4.81514E-02    2.34596E-01   -5.70885E-01    1.52690E-01   -1.74176E-01    1.57396E-01   -5.08385E-01    9.63877E-02    1.23470E-01
     4.95009E-01    2.12052E+00    1.06646E+00   -3.73347E-02    1.36269E+00   -4.70764E-01    7.70759E-02    2.29478E-01   -5.66451E-01    1.51079E-01   -1.83894E-01    1.52861E-01   -4.99471E-01    9.74584E-02    1.14484E-01
     5.04009E-01    2.07838E+00    1.06146E+00   -2.51420E-02    1.34668E+00   -4.69944E-01    1.04963E-01    2.24401E-01   -5.61651E-01    1.49382E-01   -1.92933E-01    1.48406E-01   -4.90346E-01    9.84484E-02    1.05530E-01
     5.13009E-01    2.03660E+00    1.05586E+00   -1.30967E-02    1.32994E+00   -4.68878E-01    1.31808E-01    2.19369E-01   -5.56506E-01    1.47608E-01   -2.01305E-01    1.44035E-01   -4.81036E-01    9.93581E-02    9.66289E-02
     5.22009E-01    1.99521E+00    1.04968E+00   -1.20511E-03    1.31254E+00   -4.67575E-01    1.57607E-01    2.14385E-01   -5.51035E-01    1.45761E-01   -2.09024E-01    1.39748E-01   -4.71569E-01    1.00188E-01    8.78014E-02
     5.31009E-01    1.95422E+00    1.04294E+00    1.05271E-02    1.29452E+00   -4.66044E-01    1.82360E-01    2.09452E-01   -5.45257E-01    1.43847E-01   -2.16102E-01    1.35547E-01   -4.61971E-01    1.00939E-01    7.90660E-02
     5.40009E-01    1.91365E+00    1.03568E+00    2.20946E-02    1.27594E+00   -4.64296E-01    2.06070E-01    2.04572E-01   -5.39191E-01    1.41873E-01   -2.22555E-01    1.31433E-01   -4.52264E-01    1.01611E-01    7.04401E-02
     5.49008E-01    1.87354E+00    1.02792E+00    3.34924E-02    1.25684E+00   -4.62338E-01    2.28739E-01    1.99747E-01   -5.32857E-01    1.39843E-01   -2.28400E-01    1.27407E-01   -4.42475E-01    1.02207E-01    6.19399E-02
     5.58008E-01    1.83388E+00    1.01969E+00    4.47163E-02    1.23728E+00   -4.60181E-01    2.50373E-01    1.94981E-01   -5.26273E-01    1.37763E-01   -2.33654E-01    1.23469E-01   -4.32623E-01    1.02727E-01    5.35804E-02
     5.67008E-01    1.79471E+00    1.01101E+00    5.57621E-02    1.21729E+00   -4.57835E-01    2.70980E-01    1.90275E-01   -5.19457E-01    1.35639E-01   -2.38334E-01    1.19620E-01   -4.22732E-01    1.03172E-01    4.53754E-02
     5.76008E-01    1.75603E+00    1.00191E+00    6.66263E-02    1.19693E+00   -4.55307E-01    2.90569E-01    1.85631E-01   -5.12429E-01    1.33475E-01   -2.42461E-01    1.15860E-01   -4.12821E-01    1.03544E-01    3.73374E-02
     5.85008E-01    1.71786E+00    9.92421E-01    7.73058E-02    1.17624E+00   -4.52607E-01    3.09152E-01    1.81052E-01   -5.05205E-01    1.31276E-01   -2.46052E-01    1.12189E-01   -4.02908E-01    1.03845E-01    2.94777E-02
     5.94008E-01    1.68022E+00    9.82566E-01    8.77978E-02    1.15527E+00   -4.49745E-01    3.26741E-01    1.76538E-01   -4.97804E-01    1.29048E-01   -2.49128E-01    1.08607E-01   -3.93013E-01    1.04075E-01    2.18066E-02
     6.03008E-01    1.64310E+00    9.72371E-01    9.80999E-02    1.13406E+00   -4.46729E-01    3.43350E-01    1.72092E-01   -4.90243E-01    1.26794E-01   -2.51708E-01    1.05115E-01   -3.83151E-01    1.04238E-01    1.43331E-02
     6.12008E-01    1.60654E+00    9.61860E-01    1.08210E-01    1.11264E+00   -4.43568E-01    3.58995E-01    1.67714E-01   -4.82538E-01    1.24518E-01   -2.53814E-01    1.01710E-01   -3.73338E-01    1.04334E-01    7.06523E-03
     6.21008E-01    1.57052E+00    9.51057E-01    1.18127E-01    1.09106E+00   -4.40270E-01    3.73693E-01    1.63407E-01   -4.74706E-01    1.22226E-01   -2.55464E-01    9.83943E-02   -3.63589E-01    1.04366E-01    9.78525E-06
     6.30008E-01    1.53506E+00    9.39987E-01    1.27849E-01    1.06936E+00   -4.36844E-01    3.87462E-01    1.59170E-01   -4.66762E-01    1.19921E-01   -2.56681E-01    9.51656E-02   -3.53918E-01    1.04335E-01   -6.82729E-03
     6.39008E-01    1.50018E+00    9.28672E-01    1.37375E-01    1.04758E+00   -4.33298E-01    4.00321E-01    1.55005E-01   -4.58722E-01    1.17607E-01   -2.57484E-01    9.20235E-02   -3.44337E-01    1.04243E-01   -1.34411E-02
     6.48008E-01    1.46586E+00    9.17135E-01    1.46705E-01    1.02574E+00   -4.29641E-01    4.12290E-01    1.50913E-01   -4.50601E-01    1.15288E-01   -2.57895E-01    8.89673E-02   -3.34857E-01    1.04093E-01   -1.98276E-02
     6.57008E-01    1.43213E+00    9.05398E-01    1.55838E-01    1.00389E+00   -4.25880E-01    4.23391E-01    1.46895E-01   -4.42412E-01    1.12966E-01   -2.57932E-01    8.59958E-02   -3.25490E-01    1.03887E-01   -2.59838E-02
     6.66008E-01    1.39897E+00    8.93481E-01    1.64775E-01    9.82048E-01   -4.22022E-01    4.33646E-01    1.42950E-01   -4.34170E-01    1.10646E-01   -2.57618E-01    8.31081E-02   -3.16244E-01    1.03626E-01   -3.19074E-02
     6.75008E-01    1.36640E+00    8.81407E-01    1.73515E-01    9.60256E-01   -4.18077E-01    4.43077E-01    1.39080E-01   -4.25888E-01    1.08330E-01   -2.56970E-01    8.03030E-02   -3.07129E-01    1.03314E-01   -3.75970E-02
     6.84008E-01    1.33442E+00    8.69193E-01    1.82060E-01    9.38538E-01   -4.14050E-01    4.51708E-01    1.35284E-01   -4.17578E-01    1.06022E-01   -2.56009E-01    7.75794E-02   -2.98153E-01    1.02950E-01   -4.30517E-02
     6.93008E-01    1.30302E+00    8.56860E-01    1.90409E-01    9.16923E-01   -4.09948E-01    4.59563E-01    1.31563E-01   -4.09253E-01    1.03723E-01   -2.54754E-01    7.49358E-02   -2.89322E-01    1.02539E-01   -4.82717E-02
     7.02008E-01    1.27221E+00    8.44426E-01    1.98565E-01    8.95437E-01   -4.05780E-01    4.66666E-01    1.27918E-01   -4.00924E-01    1.01437E-01   -2.53223E-01    7.23711E-02   -2.80642E-01    1.02082E-01   -5.32576E-02
     7.11008E-01    1.24199E+00    8.31908E-01    2.06528E-01    8.74103E-01   -4.01550E-01    4.73042E-01    1.24347E-01   -3.92601E-01    9.91658E-02   -2.51436E-01    6.98838E-02   -2.72120E-01    1.01581E-01   -5.80105E-02
     7.20008E-01    1.21235E+00    8.19323E-01    2.14299E-01    8.52946E-01   -3.97267E-01    4.78716E-01    1.20851E-01   -3.84296E-01    9.69118E-02   -2.49409E-01    6.74725E-02   -2.63760E-01    1.01039E-01   -6.25325E-02
     7.29008E-01    1.18330E+00    8.06688E-01    2.21881E-01    8.31985E-01   -3.92936E-01    4.83713E-01    1.17429E-01   -3.76019E-01    9.46771E-02   -2.47161E-01    6.51356E-02   -2.55566E-01    1.00456E-01   -6.68257E-02
     7.38008E-01    1.15483E+00    7.94017E-01    2.29275E-01    8.11241E-01   -3.88562E-01    4.88059E-01    1.14082E-01   -3.67777E-01    9.24635E-02   -2.44707E-01    6.28718E-02   -2.47542E-01    9.98366E-02   -7.08930E-02
     7.47008E-01    1.12694E+00    7.81327E-01    2.36484E-01    7.90732E-01   -3.84152E-01    4.91779E-01    1.10809E-01   -3.59582E-01    9.02729E-02   -2.42065E-01    6.06794E-02   -2.39690E-01    9.91811E-02   -7.47377E-02
     7.56008E-01    1.09962E+00    7.68630E-01    2.43509E-01    7.70476E-01   -3.79712E-01    4.94898E-01    1.07610E-01   -3.51439E-01    8.81069E-02   -2.39249E-01    5.85569E-02   -2.32012E-01    9.84920E-02   -7.83633E-02
     7.65008E-01    1.07287E+00    7.55940E-01    2.50353E-01    7.50486E-01   -3.75246E-01    4.97442E-01    1.04483E-01   -3.43358E-01    8.59669E-02   -2.36275E-01    5.65027E-02   -2.24511E-01    9.77712E-02   -8.17740E-02
     7.74008E-01    1.04669E+00    7.43270E-01    2.57019E-01    7.30778E-01   -3.70760E-01    4.99435E-01    1.01429E-01   -3.35345E-01    8.38544E-02   -2.33158E-01    5.45152E-02   -2.17187E-01    9.70207E-02   -8.49740E-02
     7.83008E-01    1.02107E+00    7.30632E-01    2.63508E-01    7.11364E-01   -3.66258E-01    5.00903E-01    9.84467E-02   -3.27408E-01    8.17705E-02   -2.29911E-01    5.25928E-02   -2.10041E-01    9.62423E-02   -8.79678E-02
     7.92008E-01    9.96001E-01    7.18037E-01    2.69824E-01    6.92256E-01   -3.61745E-01    5.01869E-01    9.55355E-02   -3.19552E-01    7.97163E-02   -2.26547E-01    5.07339E-02   -2.03073E-01    9.54379E-02   -9.07604E-02
     8.01008E-01    9.71481E-01    7.05496E-01    2.75970E-01    6.73462E-01   -3.57226E-01    5.02360E-01    9.26945E-02   -3.11783E-01    7.76930E-02   -2.23081E-01    4.89369E-02   -1.96284E-01    9.46092E-02   -9.33569E-02
     8.10008E-01    9.47504E-01    6.93018E-01    2.81948E-01    6.54994E-01   -3.52704E-01    5.02397E-01    8.99231E-02   -3.04106E-01    7.57012E-02   -2.19523E-01    4.72003E-02   -1.89672E-01    9.37580E-02   -9.57623E-02
     8.19008E-01    9.24061E-01    6.80613E-01    2.87761E-01    6.36857E-01   -3.48184E-01    5.02004E-01    8.72203E-02   -2.96527E-01    7.37418E-02   -2.15885E-01    4.55223E-02   -1.83238E-01    9.28860E-02   -9.79821E-02
     8.28008E-01    9.01147E-01    6.68290E-01    2.93412E-01    6.19059E-01   -3.43669E-01    5.01205E-01    8.45853E-02   -2.89049E-01    7.18155E-02   -2.12178E-01    4.39015E-02   -1.76978E-01    9.19949E-02   -1.00022E-01
     8.37008E-01    8.78754E-01    6.56057E-01    2.98905E-01    6.01605E-01   -3.39163E-01    5.00022E-01    8.20172E-02   -2.81676E-01    6.99228E-02   -2.08413E-01    4.23362E-02   -1.70893E-01    9.10862E-02   -1.01887E-01
     8.46008E-01    8.56874E-01    6.43922E-01    3.04242E-01    5.84500E-01   -3.34670E-01    4.98476E-01    7.95148E-02   -2.74413E-01    6.80642E-02   -2.04600E-01    4.08249E-02   -1.64981E-01    9.01614E-02   -1.03584E-01
     8.55008E-01    8.35500E-01    6.31892E-01    3.09427E-01    5.67748E-01   -3.30192E-01    4.96590E-01    7.70774E-02   -2.67262E-01    6.62401E-02   -2.00748E-01    3.93660E-02   -1.59239E-01    8.92222E-02   -1.05117E-01
     8.64008E-01    8.14623E-01    6.19973E-01    3.14462E-01    5.51350E-01   -3.25732E-01    4.94383E-01    7.47038E-02   -2.60227E-01    6.44508E-02   -1.96865E-01    3.79581E-02   -1.53665E-01    8.82698E-02   -1.06493E-01
     8.73008E-01    7.94237E-01    6.08171E-01    3.19352E-01    5.35309E-01   -3.21294E-01    4.91875E-01    7.23930E-02   -2.53309E-01    6.26966E-02   -1.92961E-01    3.65996E-02   -1.48257E-01    8.73057E-02   -1.07717E-01
     8.82008E-01    7.74332E-01    5.96492E-01    3.24099E-01    5.19627E-01   -3.16879E-01    4.89087E-01    7.01439E-02   -2.46511E-01    6.09776E-02   -1.89042E-01    3.52890E-02   -1.43012E-01    8.63313E-02   -1.08796E-01
     8.91008E-01    7.54900E-01    5.84941E-01    3.28706E-01    5.04302E-01   -3.12491E-01    4.86037E-01    6.79554E-02   -2.39834E-01    5.92939E-02   -1.85116E-01    3.40249E-02   -1.37928E-01    8.53478E-02   -1.09734E-01
     9.00008E-01    7.35933E-01    5.73523E-01    3.33178E-01    4.89335E-01   -3.08131E-01    4.82743E-01    6.58265E-02   -2.33281E-01    5.76455E-02   -1.81190E-01    3.28058E-02   -1.33001E-01    8.43565E-02   -1.10538E-01
     9.09007E-01    7.17423E-01    5.62241E-01    3.37515E-01    4.74725E-01   -3.03802E-01    4.79223E-01    6.37560E-02   -2.26852E-01    5.60324E-02   -1.77271E-01    3.16304E-02   -1.28229E-01    8.33586E-02   -1.11213E-01
     9.18007E-01    6.99360E-01    5.51100E-01    3.41724E-01    4.60469E-01   -2.99506E-01    4.75494E-01    6.17428E-02   -2.20548E-01    5.44546E-02   -1.73363E-01    3.04972E-02   -1.23609E-01    8.23551E-02   -1.11765E-01
     9.27007E-01    6.81737E-01    5.40102E-01    3.45805E-01    4.46567E-01   -2.95244E-01    4.71571E-01    5.97858E-02   -2.14371E-01    5.29118E-02   -1.69473E-01    2.94050E-02   -1.19137E-01    8.13471E-02   -1.12199E-01
     9.36007E-01    6.64545E-01    5.29252E-01    3.49763E-01    4.33014E-01   -2.91018E-01    4.67471E-01    5.78838E-02   -2.08320E-01    5.14040E-02   -1.65606E-01    2.83524E-02   -1.14810E-01    8.03358E-02   -1.12521E-01
     9.45007E-01    6.47775E-01    5.18550E-01    3.53600E-01    4.19808E-01   -2.86830E-01    4.63208E-01    5.60357E-02   -2.02395E-01    4.99309E-02   -1.61766E-01    2.73380E-02   -1.10625E-01    7.93221E-02   -1.12735E-01
     9.54007E-01    6.31419E-01    5.08001E-01    3.57320E-01    4.06945E-01   -2.82681E-01    4.58797E-01    5.42403E-02   -1.96598E-01    4.84921E-02   -1.57958E-01    2.63607E-02   -1.06579E-01    7.83069E-02   -1.12848E-01
     9.63007E-01    6.15468E-01    4.97605E-01    3.60926E-01    3.94421E-01   -2.78572E-01    4.54251E-01    5.24965E-02   -1.90927E-01    4.70875E-02   -1.54185E-01    2.54192E-02   -1.02668E-01    7.72911E-02   -1.12864E-01
     9.72007E-01    5.99914E-01    4.87364E-01    3.64421E-01    3.82232E-01   -2.74505E-01    4.49583E-01    5.08032E-02   -1.85382E-01    4.57167E-02   -1.50451E-01    2.45123E-02   -9.88888E-02    7.62756E-02   -1.12787E-01
     9.81007E-01    5.84748E-01    4.77280E-01    3.67807E-01    3.70373E-01   -2.70480E-01    4.44806E-01    4.91593E-02   -1.79963E-01    4.43793E-02   -1.46760E-01    2.36388E-02   -9.52382E-02    7.52612E-02   -1.12624E-01
     9.90007E-01    5.69963E-01    4.67353E-01    3.71089E-01    3.58839E-01   -2.66499E-01    4.39932E-01    4.75635E-02   -1.74669E-01    4.30749E-02   -1.43114E-01    2.27976E-02   -9.17128E-02    7.42487E-02   -1.12378E-01
     9.99007E-01    5.55548E-01    4.57584E-01    3.74267E-01    3.47625E-01   -2.62562E-01    4.34971E-01    4.60149E-02   -1.69499E-01    4.18031E-02   -1.39516E-01    2.19876E-02   -8.83092E-02    7.32387E-02   -1.12054E-01
     1.00801E+00    5.41498E-01    4.47975E-01    3.77347E-01    3.36725E-01   -2.58669E-01    4.29935E-01    4.45122E-02   -1.64452E-01    4.05634E-02   -1.35969E-01    2.12077E-02   -8.50240E-02    7.22319E-02   -1.11657E-01
     1.01701E+00    5.27802E-01    4.38525E-01    3.80329E-01    3.26134E-01   -2.54823E-01    4.24833E-01    4.30544E-02   -1.59528E-01    3.93555E-02   -1.32473E-01    2.04568E-02   -8.18538E-02    7.12291E-02   -1.11191E-01
     1.02601E+00    5.14454E-01    4.29234E-01    3.83218E-01    3.15846E-01   -2.51023E-01    4.19676E-01    4.16403E-02   -1.54724E-01    3.81788E-02   -1.29033E-01    1.97340E-02   -7.87955E-02    7.02307E-02   -1.10659E-01
     1.03501E+00    5.01445E-01    4.20103E-01    3.86016E-01    3.05855E-01   -2.47269E-01    4.14471E-01    4.02690E-02   -1.50039E-01    3.70328E-02   -1.25648E-01    1.90382E-02   -7.58457E-02    6.92374E-02   -1.10067E-01
     1.04401E+00    4.88767E-01    4.11130E-01    3.88724E-01    2.96155E-01   -2.43562E-01    4.09228E-01    3.89393E-02   -1.45473E-01    3.59169E-02   -1.22320E-01    1.83685E-02   -7.30011E-02    6.82497E-02   -1.09418E-01
     1.05301E+00    4.76413E-01    4.02317E-01    3.91347E-01    2.86740E-01   -2.39903E-01    4.03955E-01    3.76501E-02   -1.41022E-01    3.48308E-02   -1.19051E-01    1.77239E-02   -7.02588E-02    6.72680E-02   -1.08715E-01
     1.06201E+00    4.64375E-01    3.93661E-01    3.93886E-01    2.77604E-01   -2.36291E-01    3.98659E-01    3.64005E-02   -1.36687E-01    3.37739E-02   -1.15842E-01    1.71035E-02   -6.76154E-02    6.62929E-02   -1.07962E-01
     1.07101E+00    4.52646E-01    3.85162E-01    3.96345E-01    2.68740E-01   -2.32727E-01    3.93347E-01    3.51894E-02   -1.32465E-01    3.27455E-02   -1.12693E-01    1.65065E-02   -6.50679E-02    6.53248E-02   -1.07164E-01
     1.08001E+00    4.41217E-01    3.76819E-01    3.98725E-01    2.60143E-01   -2.29211E-01    3.88026E-01    3.40158E-02   -1.28355E-01    3.17452E-02   -1.09605E-01    1.59320E-02   -6.26133E-02    6.43641E-02   -1.06322E-01
     1.08901E+00    4.30083E-01    3.68632E-01    4.01028E-01    2.51806E-01   -2.25743E-01    3.82702E-01    3.28787E-02   -1.24354E-01    3.07724E-02   -1.06579E-01    1.53792E-02   -6.02486E-02    6.34112E-02   -1.05441E-01
     1.09801E+00    4.19235E-01    3.60598E-01    4.03258E-01    2.43722E-01   -2.22322E-01    3.77381E-01    3.17772E-02   -1.20461E-01    2.98266E-02   -1.03614E-01    1.48473E-02   -5.79709E-02    6.24663E-02   -1.04523E-01
     1.10701E+00    4.08666E-01    3.52718E-01    4.05416E-01    2.35886E-01   -2.18950E-01    3.72069E-01    3.07101E-02   -1.16674E-01    2.89072E-02   -1.00712E-01    1.43355E-02   -5.57774E-02    6.15299E-02   -1.03571E-01
     1.11601E+00    3.98371E-01    3.44988E-01    4.07504E-01    2.28292E-01   -2.15625E-01    3.66770E-01    2.96767E-02   -1.12991E-01    2.80136E-02   -9.78713E-02    1.38431E-02   -5.36653E-02    6.06021E-02   -1.02588E-01
     1.12501E+00    3.88341E-01    3.37409E-01    4.09526E-01    2.20933E-01   -2.12348E-01    3.61490E-01    2.86760E-02   -1.09410E-01    2.71453E-02   -9.50932E-02    1.33693E-02   -5.16319E-02    5.96834E-02   -1.01577E-01
     1.13401E+00    3.78570E-01    3.29978E-01    4.11482E-01    2.13803E-01   -2.09118E-01    3.56232E-01    2.77071E-02   -1.05929E-01    2.63018E-02   -9.23771E-02    1.29135E-02   -4.96745E-02    5.87738E-02   -1.00541E-01
     1.14301E+00    3.69053E-01    3.22693E-01    4.13375E-01    2.06896E-01   -2.05936E-01    3.51001E-01    2.67690E-02   -1.02546E-01    2.54824E-02   -8.97228E-02    1.24749E-02   -4.77905E-02    5.78737E-02   -9.94810E-02
     1.15201E+00    3.59782E-01    3.15554E-01    4.15207E-01    2.00206E-01   -2.02800E-01    3.45800E-01    2.58609E-02   -9.92594E-02    2.46866E-02   -8.71298E-02    1.20530E-02   -4.59774E-02    5.69832E-02   -9.84005E-02
     1.16101E+00    3.50751E-01    3.08557E-01    4.16979E-01    1.93727E-01   -1.99711E-01    3.40633E-01    2.49820E-02   -9.60669E-02    2.39138E-02   -8.45979E-02    1.16471E-02   -4.42327E-02    5.61026E-02   -9.73014E-02
     1.17001E+00    3.41954E-01    3.01702E-01    4.18694E-01    1.87454E-01   -1.96669E-01    3.35504E-01    2.41315E-02   -9.29665E-02    2.31636E-02   -8.21265E-02    1.12566E-02   -4.25541E-02    5.52319E-02   -9.61858E-02
     1.17901E+00    3.33385E-01    2.94987E-01    4.20354E-01    1.81380E-01   -1.93672E-01    3.30414E-01    2.33084E-02   -8.99562E-02    2.24354E-02   -7.97150E-02    1.08810E-02   -4.09393E-02    5.43713E-02   -9.50558E-02
     1.18801E+00    3.25038E-01    2.88409E-01    4.21960E-01    1.75500E-01   -1.90721E-01    3.25367E-01    2.25120E-02   -8.70340E-02    2.17286E-02   -7.73628E-02    1.05195E-02   -3.93859E-02    5.35209E-02   -9.39132E-02
     1.19701E+00    3.16908E-01    2.81967E-01    4.23514E-01    1.69808E-01   -1.87815E-01    3.20365E-01    2.17415E-02   -8.41978E-02    2.10427E-02   -7.50693E-02    1.01718E-02   -3.78918E-02    5.26809E-02   -9.27599E-02
     1.20601E+00    3.08989E-01    2.75658E-01    4.25017E-01    1.64299E-01   -1.84954E-01    3.15411E-01    2.09962E-02   -8.14457E-02    2.03772E-02   -7.28336E-02    9.83732E-03   -3.64549E-02    5.18513E-02   -9.15975E-02
     1.21501E+00    3.01275E-01    2.69482E-01    4.26471E-01    1.58968E-01   -1.82138E-01    3.10506E-01    2.02753E-02   -7.87758E-02    1.97315E-02   -7.06550E-02    9.51549E-03   -3.50730E-02    5.10321E-02   -9.04278E-02
     1.22401E+00    2.93762E-01    2.63435E-01    4.27879E-01    1.53809E-01   -1.79365E-01    3.05652E-01    1.95780E-02   -7.61859E-02    1.91052E-02   -6.85328E-02    9.20585E-03   -3.37443E-02    5.02236E-02   -8.92523E-02
     1.23301E+00    2.86443E-01    2.57515E-01    4.29241E-01    1.48817E-01   -1.76636E-01    3.00851E-01    1.89037E-02   -7.36742E-02    1.84978E-02   -6.64659E-02    8.90794E-03   -3.24667E-02    4.94256E-02   -8.80723E-02
     1.24201E+00    2.79314E-01    2.51721E-01    4.30558E-01    1.43988E-01   -1.73950E-01    2.96104E-01    1.82516E-02   -7.12387E-02    1.79087E-02   -6.44537E-02    8.62131E-03   -3.12383E-02    4.86383E-02   -8.68893E-02
     1.25101E+00    2.72370E-01    2.46051E-01    4.31833E-01    1.39315E-01   -1.71306E-01    2.91413E-01    1.76212E-02   -6.88775E-02    1.73374E-02   -6.24950E-02    8.34551E-03   -3.00574E-02    4.78616E-02   -8.57047E-02
     1.26001E+00    2.65606E-01    2.40501E-01    4.33066E-01    1.34795E-01   -1.68704E-01    2.86778E-01    1.70116E-02   -6.65888E-02    1.67836E-02   -6.05891E-02    8.08014E-03   -2.89222E-02    4.70956E-02   -8.45195E-02
     1.26901E+00    2.59018E-01    2.35072E-01    4.34260E-01    1.30423E-01   -1.66144E-01    2.82201E-01    1.64224E-02   -6.43706E-02    1.62467E-02   -5.87348E-02    7.82478E-03   -2.78310E-02    4.63403E-02   -8.33349E-02
     1.27801E+00    2.52600E-01    2.29759E-01    4.35414E-01    1.26194E-01   -1.63624E-01    2.77682E-01    1.58527E-02   -6.22211E-02    1.57262E-02   -5.69314E-02    7.57905E-03   -2.67821E-02    4.55956E-02   -8.21520E-02
     1.28701E+00    2.46348E-01    2.24562E-01    4.36531E-01    1.22104E-01   -1.61145E-01    2.73222E-01    1.53022E-02   -6.01385E-02    1.52218E-02   -5.51777E-02    7.34258E-03   -2.57740E-02    4.48615E-02   -8.09719E-02
     1.29601E+00    2.40258E-01    2.19477E-01    4.37612E-01    1.18148E-01   -1.58706E-01    2.68822E-01    1.47701E-02   -5.81210E-02    1.47329E-02   -5.34728E-02    7.11501E-03   -2.48051E-02    4.41381E-02   -7.97954E-02
     1.30501E+00    2.34325E-01    2.14504E-01    4.38658E-01    1.14322E-01   -1.56306E-01    2.64482E-01    1.42558E-02   -5.61669E-02    1.42591E-02   -5.18157E-02    6.89598E-03   -2.38739E-02    4.34252E-02   -7.86234E-02
     1.31401E+00    2.28546E-01    2.09640E-01    4.39671E-01    1.10622E-01   -1.53945E-01    2.60202E-01    1.37589E-02   -5.42744E-02    1.38001E-02   -5.02054E-02    6.68517E-03   -2.29789E-02    4.27229E-02   -7.74568E-02
     1.32301E+00    2.22916E-01    2.04883E-01    4.40650E-01    1.07045E-01   -1.51622E-01    2.55984E-01    1.32787E-02   -5.24418E-02    1.33553E-02   -4.86409E-02    6.48225E-03   -2.21189E-02    4.20310E-02   -7.62963E-02
     1.33201E+00    2.17431E-01    2.00230E-01    4.41598E-01    1.03585E-01   -1.49337E-01    2.51826E-01    1.28147E-02   -5.06675E-02    1.29244E-02   -4.71211E-02    6.28693E-03   -2.12925E-02    4.13495E-02   -7.51426E-02
     1.34101E+00    2.12088E-01    1.95681E-01    4.42515E-01    1.00240E-01   -1.47089E-01    2.47729E-01    1.23665E-02   -4.89499E-02    1.25070E-02   -4.56450E-02    6.09889E-03   -2.04983E-02    4.06784E-02   -7.39964E-02
     1.35001E+00    2.06882E-01    1.91232E-01    4.43402E-01    9.70054E-02   -1.44878E-01    2.43693E-01    1.19335E-02   -4.72872E-02    1.21027E-02   -4.42117E-02    5.91787E-03   -1.97352E-02    4.00175E-02   -7.28583E-02
     1.35901E+00    2.01810E-01    1.86882E-01    4.44261E-01    9.38778E-02   -1.42703E-01    2.39718E-01    1.15152E-02   -4.56780E-02    1.17110E-02   -4.28202E-02    5.74357E-03   -1.90020E-02    3.93669E-02   -7.17288E-02
     1.36801E+00    1.96869E-01    1.82630E-01    4.45093E-01    9.08538E-02   -1.40563E-01    2.35804E-01    1.11111E-02   -4.41208E-02    1.13318E-02   -4.14694E-02    5.57574E-03   -1.82974E-02    3.87264E-02   -7.06085E-02
     1.37701E+00    1.92055E-01    1.78472E-01    4.45897E-01    8.79300E-02   -1.38458E-01    2.31950E-01    1.07209E-02   -4.26139E-02    1.09645E-02   -4.01585E-02    5.41414E-03   -1.76203E-02    3.80959E-02   -6.94979E-02
     1.38601E+00    1.87364E-01    1.74407E-01    4.46676E-01    8.51031E-02   -1.36388E-01    2.28157E-01    1.03439E-02   -4.11560E-02    1.06088E-02   -3.88863E-02    5.25850E-03   -1.69698E-02    3.74754E-02   -6.83973E-02
     1.39501E+00    1.82794E-01    1.70434E-01    4.47429E-01    8.23700E-02   -1.34351E-01    2.24424E-01    9.97991E-03   -3.97457E-02    1.02644E-02   -3.76519E-02    5.10860E-03   -1.63448E-02    3.68648E-02   -6.73072E-02
     1.40401E+00    1.78341E-01    1.66550E-01    4.48158E-01    7.97275E-02   -1.32348E-01    2.20750E-01    9.62837E-03   -3.83814E-02    9.93096E-03   -3.64544E-02    4.96422E-03   -1.57442E-02    3.62639E-02   -6.62280E-02
     1.41301E+00    1.74002E-01    1.62753E-01    4.48864E-01    7.71727E-02   -1.30378E-01    2.17136E-01    9.28891E-03   -3.70618E-02    9.60813E-03   -3.52929E-02    4.82514E-03   -1.51671E-02    3.56726E-02   -6.51599E-02
     1.42201E+00    1.69774E-01    1.59043E-01    4.49548E-01    7.47027E-02   -1.28439E-01    2.13580E-01    8.96113E-03   -3.57857E-02    9.29559E-03   -3.41664E-02    4.69115E-03   -1.46126E-02    3.50909E-02   -6.41033E-02
     1.43101E+00    1.65653E-01    1.55416E-01    4.50209E-01    7.23145E-02   -1.26533E-01    2.10083E-01    8.64465E-03   -3.45516E-02    8.99303E-03   -3.30740E-02    4.56205E-03   -1.40798E-02    3.45187E-02   -6.30584E-02
     1.44001E+00    1.61638E-01    1.51871E-01    4.50850E-01    7.00057E-02   -1.24658E-01    2.06643E-01    8.33908E-03   -3.33583E-02    8.70016E-03   -3.20148E-02    4.43765E-03   -1.35679E-02    3.39559E-02   -6.20255E-02
     1.44901E+00    1.57725E-01    1.48407E-01    4.51470E-01    6.77734E-02   -1.22813E-01    2.03261E-01    8.04408E-03   -3.22046E-02    8.41667E-03   -3.09879E-02    4.31777E-03   -1.30760E-02    3.34022E-02   -6.10048E-02
     1.45801E+00    1.53912E-01    1.45021E-01    4.52070E-01    6.56151E-02   -1.20999E-01    1.99935E-01    7.75928E-03   -3.10893E-02    8.14228E-03   -2.99925E-02    4.20222E-03   -1.26033E-02    3.28577E-02   -5.99964E-02
     1.46701E+00    1.50196E-01    1.41713E-01    4.52651E-01    6.35284E-02   -1.19214E-01    1.96666E-01    7.48436E-03   -3.00111E-02    7.87671E-03   -2.90276E-02    4.09085E-03   -1.21491E-02    3.23223E-02   -5.90005E-02
     1.47601E+00    1.46574E-01    1.38479E-01    4.53214E-01    6.15108E-02   -1.17459E-01    1.93452E-01    7.21898E-03   -2.89689E-02    7.61970E-03   -2.80926E-02    3.98349E-03   -1.17127E-02    3.17957E-02   -5.80173E-02
     1.48501E+00    1.43044E-01    1.35320E-01    4.53758E-01    5.95601E-02   -1.15732E-01    1.90293E-01    6.96282E-03   -2.79617E-02    7.37096E-03   -2.71864E-02    3.87997E-03   -1.12933E-02    3.12779E-02   -5.70468E-02
     1.49401E+00    1.39603E-01    1.32232E-01    4.54286E-01    5.76740E-02   -1.14033E-01    1.87188E-01    6.71557E-03   -2.69882E-02    7.13026E-03   -2.63083E-02    3.78016E-03   -1.08903E-02    3.07688E-02   -5.60892E-02
     1.50301E+00    1.36250E-01    1.29216E-01    4.54797E-01    5.58504E-02   -1.12362E-01    1.84136E-01    6.47693E-03   -2.60475E-02    6.89733E-03   -2.54576E-02    3.68390E-03   -1.05029E-02    3.02683E-02   -5.51445E-02
     1.51201E+00    1.32981E-01    1.26268E-01    4.55291E-01    5.40870E-02   -1.10719E-01    1.81137E-01    6.24662E-03   -2.51385E-02    6.67194E-03   -2.46335E-02    3.59106E-03   -1.01307E-02    2.97762E-02   -5.42128E-02
     1.52101E+00    1.29795E-01    1.23388E-01    4.55770E-01    5.23819E-02   -1.09102E-01    1.78190E-01    6.02435E-03   -2.42603E-02    6.45385E-03   -2.38351E-02    3.50150E-03   -9.77296E-03    2.92924E-02   -5.32941E-02
     1.53001E+00    1.26689E-01    1.20573E-01    4.56234E-01    5.07332E-02   -1.07511E-01    1.75295E-01    5.80985E-03   -2.34117E-02    6.24284E-03   -2.30618E-02    3.41511E-03   -9.42913E-03    2.88169E-02   -5.23885E-02
     1.53901E+00    1.23661E-01    1.17824E-01    4.56684E-01    4.91389E-02   -1.05946E-01    1.72450E-01    5.60285E-03   -2.25919E-02    6.03867E-03   -2.23129E-02    3.33174E-03   -9.09866E-03    2.83494E-02   -5.14959E-02
     1.54801E+00    1.20710E-01    1.15137E-01    4.57119E-01    4.75972E-02   -1.04407E-01    1.69655E-01    5.40311E-03   -2.18000E-02    5.84114E-03   -2.15875E-02    3.25129E-03   -8.78101E-03    2.78899E-02   -5.06163E-02
     1.55701E+00    1.17832E-01    1.12512E-01    4.57541E-01    4.61063E-02   -1.02892E-01    1.66910E-01    5.21037E-03   -2.10351E-02    5.65003E-03   -2.08851E-02    3.17365E-03   -8.47568E-03    2.74383E-02   -4.97498E-02
     1.56601E+00    1.15027E-01    1.09948E-01    4.57949E-01    4.46645E-02   -1.01402E-01    1.64213E-01    5.02440E-03   -2.02962E-02    5.46514E-03   -2.02050E-02    3.09869E-03   -8.18217E-03    2.69944E-02   -4.88963E-02
     1.57501E+00    1.12292E-01    1.07442E-01    4.58345E-01    4.32701E-02   -9.99364E-02    1.61563E-01    4.84496E-03   -1.95826E-02    5.28627E-03   -1.95465E-02    3.02633E-03   -7.90002E-03    2.65581E-02   -4.80557E-02
     1.58401E+00    1.09625E-01    1.04994E-01    4.58728E-01    4.19215E-02   -9.84941E-02    1.58961E-01    4.67184E-03   -1.88935E-02    5.11324E-03   -1.89089E-02    2.95646E-03   -7.62876E-03    2.61293E-02   -4.72280E-02
     1.59301E+00    1.07025E-01    1.02603E-01    4.59100E-01    4.06172E-02   -9.70750E-02    1.56405E-01    4.50481E-03   -1.82279E-02    4.94585E-03   -1.82917E-02    2.88898E-03   -7.36796E-03    2.57079E-02   -4.64132E-02
     1.60201E+00    1.04490E-01    1.00266E-01    4.59459E-01    3.93558E-02   -9.56787E-02    1.53894E-01    4.34367E-03   -1.75853E-02    4.78393E-03   -1.76942E-02    2.82381E-03   -7.11721E-03    2.52938E-02   -4.56111E-02
     1.61101E+00    1.02018E-01    9.79837E-02    4.59808E-01    3.81356E-02   -9.43047E-02    1.51428E-01    4.18821E-03   -1.69647E-02    4.62730E-03   -1.71158E-02    2.76085E-03   -6.87609E-03    2.48869E-02   -4.48218E-02
     1.62001E+00    9.96076E-02    9.57536E-02    4.60146E-01    3.69553E-02   -9.29528E-02    1.49007E-01    4.03824E-03   -1.63655E-02    4.47579E-03   -1.65560E-02    2.70001E-03   -6.64424E-03    2.44870E-02   -4.40450E-02
     1.62901E+00    9.72570E-02    9.35750E-02    4.60473E-01    3.58137E-02   -9.16225E-02    1.46628E-01    3.89357E-03   -1.57870E-02    4.32924E-03   -1.60142E-02    2.64122E-03   -6.42126E-03    2.40941E-02   -4.32807E-02
     1.63801E+00    9.49647E-02    9.14466E-02    4.60791E-01    3.47093E-02   -9.03134E-02    1.44292E-01    3.75402E-03   -1.52285E-02    4.18748E-03   -1.54898E-02    2.58440E-03   -6.20682E-03    2.37079E-02   -4.25288E-02
     1.64701E+00    9.27292E-02    8.93673E-02    4.61098E-01    3.36409E-02   -8.90251E-02    1.41999E-01    3.61940E-03   -1.46893E-02    4.05037E-03   -1.49823E-02    2.52948E-03   -6.00057E-03    2.33285E-02   -4.17892E-02
     1.65601E+00    9.05491E-02    8.73360E-02    4.61396E-01    3.26073E-02   -8.77573E-02    1.39746E-01    3.48955E-03   -1.41688E-02    3.91775E-03   -1.44912E-02    2.47637E-03   -5.80218E-03    2.29557E-02   -4.10618E-02
     1.66501E+00    8.84228E-02    8.53515E-02    4.61685E-01    3.16073E-02   -8.65096E-02    1.37534E-01    3.36431E-03   -1.36663E-02    3.78948E-03   -1.40160E-02    2.42501E-03   -5.61134E-03    2.25894E-02   -4.03465E-02
     1.67401E+00    8.63490E-02    8.34128E-02    4.61965E-01    3.06398E-02   -8.52816E-02    1.35361E-01    3.24351E-03   -1.31813E-02    3.66542E-03   -1.35562E-02    2.37534E-03   -5.42774E-03    2.22294E-02   -3.96431E-02
     1.68301E+00    8.43264E-02    8.15189E-02    4.62237E-01    2.97037E-02   -8.40730E-02    1.33228E-01    3.12700E-03   -1.27132E-02    3.54543E-03   -1.31113E-02    2.32729E-03   -5.25110E-03    2.18757E-02   -3.89516E-02
     1.69201E+00    8.23535E-02    7.96686E-02    4.62500E-01    2.87979E-02   -8.28834E-02    1.31133E-01    3.01462E-03   -1.22614E-02    3.42937E-03   -1.26808E-02    2.28080E-03   -5.08114E-03    2.15283E-02   -3.82717E-02
     1.70101E+00    8.04291E-02    7.78611E-02    4.62755E-01    2.79214E-02   -8.17125E-02    1.29076E-01    2.90624E-03   -1.18254E-02    3.31713E-03   -1.22643E-02    2.23582E-03   -4.91758E-03    2.11868E-02   -3.76034E-02
     1.71001E+00    7.85519E-02    7.60953E-02    4.63003E-01    2.70732E-02   -8.05599E-02    1.27056E-01    2.80172E-03   -1.14045E-02    3.20857E-03   -1.18614E-02    2.19227E-03   -4.76018E-03    2.08514E-02   -3.69465E-02
     1.71901E+00    7.67208E-02    7.43702E-02    4.63243E-01    2.62524E-02   -7.94254E-02    1.25072E-01    2.70092E-03   -1.09984E-02    3.10359E-03   -1.14716E-02    2.15011E-03   -4.60869E-03    2.05218E-02   -3.63008E-02
     1.72801E+00    7.49345E-02    7.26849E-02    4.63475E-01    2.54579E-02   -7.83085E-02    1.23124E-01    2.60371E-03   -1.06065E-02    3.00205E-03   -1.10945E-02    2.10930E-03   -4.46288E-03    2.01979E-02   -3.56664E-02
     1.73701E+00    7.31919E-02    7.10385E-02    4.63701E-01    2.46891E-02   -7.72090E-02    1.21211E-01    2.50996E-03   -1.02284E-02    2.90385E-03   -1.07298E-02    2.06977E-03   -4.32251E-03    1.98797E-02   -3.50429E-02
     1.74601E+00    7.14918E-02    6.94301E-02    4.63920E-01    2.39449E-02   -7.61266E-02    1.19332E-01    2.41956E-03   -9.86344E-03    2.80888E-03   -1.03769E-02    2.03148E-03   -4.18737E-03    1.95671E-02   -3.44302E-02
     1.75501E+00    6.98332E-02    6.78588E-02    4.64132E-01    2.32245E-02   -7.50610E-02    1.17488E-01    2.33238E-03   -9.51135E-03    2.71703E-03   -1.00356E-02    1.99438E-03   -4.05725E-03    1.92600E-02   -3.38283E-02
     1.76401E+00    6.82150E-02    6.63238E-02    4.64338E-01    2.25272E-02   -7.40117E-02    1.15676E-01    2.24832E-03   -9.17163E-03    2.62820E-03   -9.70547E-03    1.95843E-03   -3.93195E-03    1.89582E-02   -3.32370E-02
     1.77301E+00    6.66361E-02    6.48241E-02    4.64538E-01    2.18522E-02   -7.29787E-02    1.13897E-01    2.16726E-03   -8.84385E-03    2.54230E-03   -9.38615E-03    1.92359E-03   -3.81128E-03    1.86617E-02   -3.26560E-02
     1.78201E+00    6.50956E-02    6.33590E-02    4.64731E-01    2.11987E-02   -7.19615E-02    1.12150E-01    2.08909E-03   -8.52762E-03    2.45922E-03   -9.07731E-03    1.88982E-03   -3.69506E-03    1.83703E-02   -3.20854E-02
     1.79101E+00    6.35925E-02    6.19277E-02    4.64919E-01    2.05659E-02   -7.09599E-02    1.10435E-01    2.01373E-03   -8.22254E-03    2.37888E-03   -8.77860E-03    1.85707E-03   -3.58310E-03    1.80841E-02   -3.15248E-02
     1.80001E+00    6.21257E-02    6.05293E-02    4.65102E-01    1.99534E-02   -6.99736E-02    1.08750E-01    1.94106E-03   -7.92821E-03    2.30118E-03   -8.48971E-03    1.82531E-03   -3.47525E-03    1.78029E-02   -3.09742E-02
     1.80900E+00    6.06945E-02    5.91632E-02    4.65279E-01    1.93602E-02   -6.90023E-02    1.07095E-01    1.87099E-03   -7.64428E-03    2.22603E-03   -8.21031E-03    1.79450E-03   -3.37133E-03    1.75265E-02   -3.04335E-02
     1.81800E+00    5.92978E-02    5.78285E-02    4.65450E-01    1.87858E-02   -6.80458E-02    1.05470E-01    1.80343E-03   -7.37038E-03    2.15336E-03   -7.94009E-03    1.76461E-03   -3.27119E-03    1.72550E-02   -2.99024E-02
     1.82700E+00    5.79349E-02    5.65245E-02    4.65617E-01    1.82296E-02   -6.71038E-02    1.03874E-01    1.73829E-03   -7.10617E-03    2.08309E-03   -7.67877E-03    1.73561E-03   -3.17469E-03    1.69883E-02   -2.93808E-02
     1.83600E+00    5.66048E-02    5.52506E-02    4.65778E-01    1.76909E-02   -6.61760E-02    1.02307E-01    1.67549E-03   -6.85131E-03    2.01512E-03   -7.42606E-03    1.70746E-03   -3.08167E-03    1.67261E-02   -2.88686E-02
     1.84500E+00    5.53067E-02    5.40060E-02    4.65935E-01    1.71692E-02   -6.52622E-02    1.00768E-01    1.61494E-03   -6.60548E-03    1.94939E-03   -7.18167E-03    1.68013E-03   -2.99200E-03    1.64686E-02   -2.83657E-02
     1.85400E+00    5.40398E-02    5.27900E-02    4.66087E-01    1.66639E-02   -6.43621E-02    9.92557E-02    1.55657E-03   -6.36837E-03    1.88583E-03   -6.94534E-03    1.65359E-03   -2.90554E-03    1.62155E-02   -2.78718E-02
     1.86300E+00    5.28034E-02    5.16019E-02    4.66235E-01    1.61745E-02   -6.34755E-02    9.77708E-02    1.50029E-03   -6.13966E-03    1.82435E-03   -6.71680E-03    1.62782E-03   -2.82218E-03    1.59669E-02   -2.73868E-02
     1.87200E+00    5.15966E-02    5.04412E-02    4.66379E-01    1.57004E-02   -6.26021E-02    9.63123E-02    1.44603E-03   -5.91908E-03    1.76490E-03   -6.49581E-03    1.60278E-03   -2.74179E-03    1.57226E-02   -2.69107E-02
     1.88100E+00    5.04187E-02    4.93071E-02    4.66518E-01    1.52411E-02   -6.17418E-02    9.48797E-02    1.39372E-03   -5.70633E-03    1.70741E-03   -6.28210E-03    1.57846E-03   -2.66425E-03    1.54825E-02   -2.64431E-02
     1.89000E+00    4.92689E-02    4.81990E-02    4.66653E-01    1.47961E-02   -6.08942E-02    9.34726E-02    1.34329E-03   -5.50115E-03    1.65180E-03   -6.07546E-03    1.55482E-03   -2.58944E-03    1.52465E-02   -2.59841E-02
     1.89900E+00    4.81467E-02    4.71164E-02    4.66784E-01    1.43651E-02   -6.00592E-02    9.20904E-02    1.29468E-03   -5.30326E-03    1.59803E-03   -5.87564E-03    1.53184E-03   -2.51727E-03    1.50147E-02   -2.55335E-02
     1.90800E+00    4.70512E-02    4.60587E-02    4.66912E-01    1.39474E-02   -5.92365E-02    9.07327E-02    1.24781E-03   -5.11243E-03    1.54602E-03   -5.68242E-03    1.50950E-03   -2.44763E-03    1.47869E-02   -2.50910E-02
     1.91700E+00    4.59818E-02    4.50251E-02    4.67035E-01    1.35427E-02   -5.84260E-02    8.93990E-02    1.20263E-03   -4.92839E-03    1.49573E-03   -5.49559E-03    1.48778E-03   -2.38042E-03    1.45631E-02   -2.46567E-02
     1.92600E+00    4.49379E-02    4.40153E-02    4.67155E-01    1.31505E-02   -5.76273E-02    8.80889E-02    1.15908E-03   -4.75091E-03    1.44708E-03   -5.31494E-03    1.46665E-03   -2.31555E-03    1.43431E-02   -2.42302E-02
     1.93500E+00    4.39188E-02    4.30286E-02    4.67272E-01    1.27704E-02   -5.68403E-02    8.68018E-02    1.11710E-03   -4.57976E-03    1.40004E-03   -5.14026E-03    1.44609E-03   -2.25292E-03    1.41269E-02   -2.38116E-02
     1.94400E+00    4.29239E-02    4.20645E-02    4.67385E-01    1.24021E-02   -5.60648E-02    8.55374E-02    1.07663E-03   -4.41472E-03    1.35454E-03   -4.97136E-03    1.42609E-03   -2.19244E-03    1.39144E-02   -2.34007E-02
     1.95300E+00    4.19526E-02    4.11225E-02    4.67495E-01    1.20451E-02   -5.53006E-02    8.42953E-02    1.03762E-03   -4.25558E-03    1.31054E-03   -4.80805E-03    1.40662E-03   -2.13404E-03    1.37057E-02   -2.29972E-02
     1.96200E+00    4.10043E-02    4.02020E-02    4.67602E-01    1.16990E-02   -5.45474E-02    8.30749E-02    1.00001E-03   -4.10212E-03    1.26798E-03   -4.65014E-03    1.38767E-03   -2.07763E-03    1.35005E-02   -2.26012E-02
     1.97100E+00    4.00784E-02    3.93026E-02    4.67706E-01    1.13636E-02   -5.38051E-02    8.18759E-02    9.63761E-04   -3.95414E-03    1.22682E-03   -4.49746E-03    1.36922E-03   -2.02314E-03    1.32988E-02   -2.22125E-02
     1.98000E+00    3.91745E-02    3.84237E-02    4.67807E-01    1.10384E-02   -5.30736E-02    8.06979E-02    9.28820E-04   -3.81146E-03    1.18701E-03   -4.34983E-03    1.35125E-03   -1.97049E-03    1.31006E-02   -2.18308E-02
     1.98900E+00    3.82919E-02    3.75649E-02    4.67905E-01    1.07232E-02   -5.23525E-02    7.95405E-02    8.95140E-04   -3.67389E-03    1.14851E-03   -4.20709E-03    1.33374E-03   -1.91960E-03    1.29058E-02   -2.14562E-02
     1.99800E+00    3.74300E-02    3.67257E-02    4.68000E-01    1.04176E-02   -5.16418E-02    7.84032E-02    8.62676E-04   -3.54124E-03    1.11127E-03   -4.06907E-03    1.31669E-03   -1.87042E-03    1.27144E-02   -2.10885E-02
     2.00700E+00    3.65885E-02    3.59056E-02    4.68092E-01    1.01213E-02   -5.09412E-02    7.72857E-02    8.31383E-04   -3.41335E-03    1.07525E-03   -3.93563E-03    1.30007E-03   -1.82287E-03    1.25262E-02   -2.07275E-02
     2.01600E+00    3.57668E-02    3.51042E-02    4.68182E-01    9.83395E-03   -5.02506E-02    7.61876E-02    8.01222E-04   -3.29004E-03    1.04042E-03   -3.80660E-03    1.28387E-03   -1.77690E-03    1.23413E-02   -2.03732E-02
     2.02500E+00    3.49644E-02    3.43211E-02    4.68269E-01    9.55532E-03   -4.95698E-02    7.51086E-02    7.72150E-04   -3.17115E-03    1.00672E-03   -3.68185E-03    1.26808E-03   -1.73244E-03    1.21595E-02   -2.00254E-02
     2.03400E+00    3.41809E-02    3.35559E-02    4.68354E-01    9.28512E-03   -4.88986E-02    7.40482E-02    7.44128E-04   -3.05653E-03    9.74131E-04   -3.56123E-03    1.25268E-03   -1.68944E-03    1.19808E-02   -1.96840E-02
     2.04300E+00    3.34157E-02    3.28080E-02    4.68436E-01    9.02307E-03   -4.82369E-02    7.30062E-02    7.17120E-04   -2.94602E-03    9.42607E-04   -3.44460E-03    1.23767E-03   -1.64783E-03    1.18052E-02   -1.93488E-02
     2.05200E+00    3.26685E-02    3.20772E-02    4.68516E-01    8.76890E-03   -4.75844E-02    7.19821E-02    6.91088E-04   -2.83948E-03    9.12116E-04   -3.33183E-03    1.22302E-03   -1.60757E-03    1.16325E-02   -1.90198E-02
     2.06100E+00    3.19387E-02    3.13629E-02    4.68594E-01    8.52238E-03   -4.69411E-02    7.09756E-02    6.65998E-04   -2.73676E-03    8.82623E-04   -3.22280E-03    1.20873E-03   -1.56861E-03    1.14628E-02   -1.86969E-02
     2.07000E+00    3.12260E-02    3.06649E-02    4.68670E-01    8.28324E-03   -4.63068E-02    6.99865E-02    6.41816E-04   -2.63774E-03    8.54095E-04   -3.11737E-03    1.19478E-03   -1.53089E-03    1.12960E-02   -1.83799E-02
     2.07900E+00    3.05299E-02    2.99828E-02    4.68743E-01    8.05125E-03   -4.56813E-02    6.90143E-02    6.18508E-04   -2.54228E-03    8.26500E-04   -3.01544E-03    1.18117E-03   -1.49437E-03    1.11319E-02   -1.80687E-02
     2.08800E+00    2.98501E-02    2.93161E-02    4.68815E-01    7.82619E-03   -4.50645E-02    6.80587E-02    5.96044E-04   -2.45025E-03    7.99808E-04   -2.91688E-03    1.16788E-03   -1.45901E-03    1.09707E-02   -1.77633E-02
     2.09700E+00    2.91861E-02    2.86645E-02    4.68884E-01    7.60784E-03   -4.44562E-02    6.71195E-02    5.74394E-04   -2.36154E-03    7.73987E-04   -2.82158E-03    1.15490E-03   -1.42475E-03    1.08122E-02   -1.74634E-02
     2.10600E+00    2.85376E-02    2.80277E-02    4.68952E-01    7.39597E-03   -4.38563E-02    6.61963E-02    5.53527E-04   -2.27601E-03    7.49010E-04   -2.72944E-03    1.14223E-03   -1.39156E-03    1.06563E-02   -1.71691E-02
     2.11500E+00    2.79042E-02    2.74054E-02    4.69017E-01    7.19039E-03   -4.32647E-02    6.52887E-02    5.33416E-04   -2.19357E-03    7.24848E-04   -2.64034E-03    1.12985E-03   -1.35940E-03    1.05031E-02   -1.68802E-02
     2.12400E+00    2.72855E-02    2.67971E-02    4.69081E-01    6.99089E-03   -4.26811E-02    6.43966E-02    5.14034E-04   -2.11410E-03    7.01475E-04   -2.55419E-03    1.11776E-03   -1.32823E-03    1.03525E-02   -1.65965E-02
     2.13300E+00    2.66811E-02    2.62025E-02    4.69143E-01    6.79729E-03   -4.21055E-02    6.35197E-02    4.95354E-04   -2.03749E-03    6.78864E-04   -2.47089E-03    1.10594E-03   -1.29801E-03    1.02044E-02   -1.63181E-02
     2.14200E+00    2.60908E-02    2.56215E-02    4.69204E-01    6.60939E-03   -4.15377E-02    6.26575E-02    4.77351E-04   -1.96364E-03    6.56991E-04   -2.39035E-03    1.09439E-03   -1.26871E-03    1.00587E-02   -1.60447E-02
     2.15100E+00    2.55141E-02    2.50535E-02    4.69262E-01    6.42701E-03   -4.09776E-02    6.18099E-02    4.60001E-04   -1.89245E-03    6.35830E-04   -2.31246E-03    1.08310E-03   -1.24029E-03    9.91555E-03   -1.57764E-02
     2.16000E+00    2.49508E-02    2.44983E-02    4.69319E-01    6.24999E-03   -4.04251E-02    6.09766E-02    4.43279E-04   -1.82384E-03    6.15359E-04   -2.23716E-03    1.07206E-03   -1.21273E-03    9.77476E-03   -1.55129E-02
     2.16900E+00    2.44005E-02    2.39557E-02    4.69375E-01    6.07814E-03   -3.98800E-02    6.01573E-02    4.27164E-04   -1.75770E-03    5.95554E-04   -2.16434E-03    1.06127E-03   -1.18598E-03    9.63631E-03   -1.52543E-02
     2.17800E+00    2.38629E-02    2.34253E-02    4.69429E-01    5.91132E-03   -3.93422E-02    5.93518E-02    4.11634E-04   -1.69394E-03    5.76394E-04   -2.09392E-03    1.05071E-03   -1.16002E-03    9.50017E-03   -1.50004E-02
     2.18700E+00    2.33378E-02    2.29068E-02    4.69481E-01    5.74937E-03   -3.88116E-02    5.85597E-02    3.96667E-04   -1.63249E-03    5.57857E-04   -2.02583E-03    1.04039E-03   -1.13482E-03    9.36629E-03   -1.47511E-02
     2.19600E+00    2.28247E-02    2.24000E-02    4.69532E-01    5.59212E-03   -3.82881E-02    5.77809E-02    3.82242E-04   -1.57326E-03    5.39922E-04   -1.95999E-03    1.03028E-03   -1.11036E-03    9.23463E-03   -1.45063E-02
     2.20500E+00    2.23235E-02    2.19046E-02    4.69582E-01    5.43944E-03   -3.77715E-02    5.70151E-02    3.68342E-04   -1.51616E-03    5.22570E-04   -1.89632E-03    1.02040E-03   -1.08659E-03    9.10516E-03   -1.42660E-02
     2.21400E+00    2.18338E-02    2.14204E-02    4.69630E-01    5.29118E-03   -3.72618E-02    5.62620E-02    3.54945E-04   -1.46113E-03    5.05782E-04   -1.83476E-03    1.01072E-03   -1.06351E-03    8.97783E-03   -1.40301E-02
     2.22300E+00    2.13554E-02    2.09470E-02    4.69677E-01    5.14720E-03   -3.67588E-02    5.55215E-02    3.42035E-04   -1.40809E-03    4.89539E-04   -1.77522E-03    1.00125E-03   -1.04109E-03    8.85261E-03   -1.37985E-02
     2.23200E+00    2.08880E-02    2.04842E-02    4.69723E-01    5.00737E-03   -3.62624E-02    5.47932E-02    3.29594E-04   -1.35697E-03    4.73822E-04   -1.71764E-03    9.91983E-04   -1.01929E-03    8.72945E-03   -1.35710E-02
     2.24100E+00    2.04313E-02    2.00319E-02    4.69767E-01    4.87157E-03   -3.57725E-02    5.40770E-02    3.17604E-04   -1.30769E-03    4.58615E-04   -1.66197E-03    9.82905E-04   -9.98110E-04    8.60832E-03   -1.33477E-02
     2.25000E+00    1.99851E-02    1.95896E-02    4.69810E-01    4.73967E-03   -3.52889E-02    5.33726E-02    3.06050E-04   -1.26020E-03    4.43901E-04   -1.60813E-03    9.74015E-04   -9.77512E-04    8.48918E-03   -1.31284E-02
     2.25900E+00    1.95491E-02    1.91573E-02    4.69853E-01    4.61154E-03   -3.48117E-02    5.26798E-02    2.94916E-04   -1.21443E-03    4.29664E-04   -1.55606E-03    9.65308E-04   -9.57480E-04    8.37200E-03   -1.29131E-02
     2.26800E+00    1.91231E-02    1.87346E-02    4.69894E-01    4.48708E-03   -3.43407E-02    5.19984E-02    2.84186E-04   -1.17031E-03    4.15887E-04   -1.50570E-03    9.56779E-04   -9.37994E-04    8.25673E-03   -1.27016E-02
     2.27700E+00    1.87069E-02    1.83214E-02    4.69933E-01    4.36617E-03   -3.38757E-02    5.13282E-02    2.73845E-04   -1.12779E-03    4.02556E-04   -1.45700E-03    9.48422E-04   -9.19035E-04    8.14336E-03   -1.24940E-02
     2.28600E+00    1.83002E-02    1.79174E-02    4.69972E-01    4.24869E-03   -3.34167E-02    5.06690E-02    2.63881E-04   -1.08681E-03    3.89657E-04   -1.40991E-03    9.40235E-04   -9.00583E-04    8.03183E-03   -1.22901E-02
     2.29500E+00    1.79028E-02    1.75224E-02    4.70010E-01    4.13456E-03   -3.29636E-02    5.00206E-02    2.54278E-04   -1.04731E-03    3.77174E-04   -1.36436E-03    9.32211E-04   -8.82622E-04    7.92213E-03   -1.20898E-02
     2.30400E+00    1.75145E-02    1.71362E-02    4.70047E-01    4.02365E-03   -3.25163E-02    4.93827E-02    2.45025E-04   -1.00925E-03    3.65094E-04   -1.32031E-03    9.24346E-04   -8.65133E-04    7.81420E-03   -1.18932E-02
     2.31300E+00    1.71350E-02    1.67586E-02    4.70082E-01    3.91588E-03   -3.20747E-02    4.87553E-02    2.36108E-04   -9.72561E-04    3.53404E-04   -1.27771E-03    9.16637E-04   -8.48101E-04    7.70804E-03   -1.17000E-02
     2.32200E+00    1.67642E-02    1.63895E-02    4.70117E-01    3.81115E-03   -3.16387E-02    4.81380E-02    2.27515E-04   -9.37204E-04    3.42091E-04   -1.23650E-03    9.09079E-04   -8.31509E-04    7.60359E-03   -1.15104E-02
     2.33100E+00    1.64019E-02    1.60285E-02    4.70151E-01    3.70937E-03   -3.12082E-02    4.75308E-02    2.19234E-04   -9.03128E-04    3.31143E-04   -1.19665E-03    9.01668E-04   -8.15342E-04    7.50084E-03   -1.13241E-02
     2.34000E+00    1.60478E-02    1.56756E-02    4.70184E-01    3.61045E-03   -3.07831E-02    4.69334E-02    2.11255E-04   -8.70287E-04    3.20547E-04   -1.15810E-03    8.94402E-04   -7.99586E-04    7.39975E-03   -1.11411E-02
     2.34900E+00    1.57017E-02    1.53305E-02    4.70216E-01    3.51430E-03   -3.03634E-02    4.63457E-02    2.03566E-04   -8.38637E-04    3.10293E-04   -1.12082E-03    8.87275E-04   -7.84225E-04    7.30029E-03   -1.09613E-02
     2.35800E+00    1.53636E-02    1.49931E-02    4.70247E-01    3.42083E-03   -2.99489E-02    4.57674E-02    1.96156E-04   -8.08135E-04    3.00369E-04   -1.08476E-03    8.80284E-04   -7.69248E-04    7.20244E-03   -1.07848E-02
     2.36700E+00    1.50331E-02    1.46631E-02    4.70277E-01    3.32998E-03   -2.95395E-02    4.51985E-02    1.89016E-04   -7.78739E-04    2.90764E-04   -1.04988E-03    8.73427E-04   -7.54640E-04    7.10616E-03   -1.06114E-02
     2.37600E+00    1.47102E-02    1.43405E-02    4.70307E-01    3.24165E-03   -2.91353E-02    4.46387E-02    1.82136E-04   -7.50410E-04    2.81468E-04   -1.01614E-03    8.66700E-04   -7.40390E-04    7.01142E-03   -1.04411E-02
     2.38500E+00    1.43946E-02    1.40250E-02    4.70336E-01    3.15577E-03   -2.87360E-02    4.40878E-02    1.75505E-04   -7.23108E-04    2.72470E-04   -9.83510E-04    8.60099E-04   -7.26484E-04    6.91821E-03   -1.02737E-02
     2.39400E+00    1.40861E-02    1.37164E-02    4.70364E-01    3.07228E-03   -2.83417E-02    4.35458E-02    1.69117E-04   -6.96797E-04    2.63761E-04   -9.51943E-04    8.53622E-04   -7.12912E-04    6.82649E-03   -1.01093E-02
     2.40300E+00    1.37847E-02    1.34147E-02    4.70391E-01    2.99109E-03   -2.79522E-02    4.30125E-02    1.62960E-04   -6.71441E-04    2.55332E-04   -9.21408E-04    8.47266E-04   -6.99662E-04    6.73623E-03   -9.94784E-03
     2.41200E+00    1.34901E-02    1.31197E-02    4.70418E-01    2.91214E-03   -2.75674E-02    4.24877E-02    1.57028E-04   -6.47005E-04    2.47173E-04   -8.91870E-04    8.41027E-04   -6.86724E-04    6.64742E-03   -9.78918E-03
     2.42100E+00    1.32022E-02    1.28311E-02    4.70444E-01    2.83537E-03   -2.71874E-02    4.19712E-02    1.51312E-04   -6.23456E-04    2.39276E-04   -8.63296E-04    8.34904E-04   -6.74086E-04    6.56002E-03   -9.63329E-03
     2.43000E+00    1.29208E-02    1.25489E-02    4.70469E-01    2.76070E-03   -2.68119E-02    4.14630E-02    1.45803E-04   -6.00763E-04    2.31631E-04   -8.35654E-04    8.28893E-04   -6.61740E-04    6.47401E-03   -9.48013E-03
     2.43900E+00    1.26458E-02    1.22730E-02    4.70493E-01    2.68808E-03   -2.64410E-02    4.09628E-02    1.40495E-04   -5.78893E-04    2.24231E-04   -8.08914E-04    8.22992E-04   -6.49676E-04    6.38937E-03   -9.32964E-03
     2.44800E+00    1.23770E-02    1.20031E-02    4.70517E-01    2.61745E-03   -2.60746E-02    4.04705E-02    1.35381E-04   -5.57818E-04    2.17068E-04   -7.83045E-04    8.17198E-04   -6.37884E-04    6.30607E-03   -9.18176E-03
     2.45700E+00    1.21143E-02    1.17391E-02    4.70540E-01    2.54874E-03   -2.57125E-02    3.99860E-02    1.30452E-04   -5.37508E-04    2.10134E-04   -7.58018E-04    8.11509E-04   -6.26356E-04    6.22409E-03   -9.03645E-03
     2.46600E+00    1.18575E-02    1.14809E-02    4.70563E-01    2.48191E-03   -2.53548E-02    3.95092E-02    1.25703E-04   -5.17936E-04    2.03421E-04   -7.33805E-04    8.05923E-04   -6.15082E-04    6.14341E-03   -8.89366E-03
     2.47500E+00    1.16066E-02    1.12284E-02    4.70585E-01    2.41688E-03   -2.50013E-02    3.90398E-02    1.21127E-04   -4.99075E-04    1.96923E-04   -7.10381E-04    8.00437E-04   -6.04055E-04    6.06400E-03   -8.75333E-03
     2.48400E+00    1.13613E-02    1.09814E-02    4.70607E-01    2.35362E-03   -2.46521E-02    3.85779E-02    1.16718E-04   -4.80900E-04    1.90632E-04   -6.87717E-04    7.95049E-04   -5.93268E-04    5.98584E-03   -8.61542E-03
     2.49300E+00    1.11216E-02    1.07398E-02    4.70627E-01    2.29208E-03   -2.43069E-02    3.81232E-02    1.12469E-04   -4.63384E-04    1.84542E-04   -6.65790E-04    7.89757E-04   -5.82711E-04    5.90892E-03   -8.47989E-03
     2.50200E+00    1.08873E-02    1.05034E-02    4.70648E-01    2.23219E-03   -2.39658E-02    3.76756E-02    1.08375E-04   -4.46506E-04    1.78646E-04   -6.44574E-04    7.84560E-04   -5.72378E-04    5.83320E-03   -8.34667E-03
     2.51100E+00    1.06583E-02    1.02723E-02    4.70668E-01    2.17391E-03   -2.36287E-02    3.72351E-02    1.04430E-04   -4.30240E-04    1.72938E-04   -6.24046E-04    7.79454E-04   -5.62263E-04    5.75867E-03   -8.21574E-03
     2.52000E+00    1.04345E-02    1.00462E-02    4.70687E-01    2.11720E-03   -2.32956E-02    3.68014E-02    1.00629E-04   -4.14566E-04    1.67411E-04   -6.04184E-04    7.74438E-04   -5.52357E-04    5.68531E-03   -8.08703E-03
     2.52900E+00    1.02158E-02    9.82497E-03    4.70706E-01    2.06201E-03   -2.29663E-02    3.63745E-02    9.69665E-05   -3.99462E-04    1.62060E-04   -5.84966E-04    7.69511E-04   -5.42655E-04    5.61310E-03   -7.96052E-03
     2.53800E+00    1.00019E-02    9.60859E-03    4.70724E-01    2.00829E-03   -2.26408E-02    3.59542E-02    9.34372E-05   -3.84907E-04    1.56880E-04   -5.66369E-04    7.64670E-04   -5.33150E-04    5.54201E-03   -7.83615E-03
     2.54700E+00    9.79296E-03    9.39691E-03    4.70742E-01    1.95601E-03   -2.23191E-02    3.55405E-02    9.00366E-05   -3.70881E-04    1.51864E-04   -5.48375E-04    7.59914E-04   -5.23836E-04    5.47204E-03   -7.71389E-03
     2.55600E+00    9.58870E-03    9.18983E-03    4.70759E-01    1.90512E-03   -2.20011E-02    3.51332E-02    8.67599E-05   -3.57365E-04    1.47007E-04   -5.30962E-04    7.55241E-04   -5.14707E-04    5.40316E-03   -7.59369E-03
     2.56500E+00    9.38906E-03    8.98724E-03    4.70776E-01    1.85558E-03   -2.16867E-02    3.47322E-02    8.36026E-05   -3.44340E-04    1.42305E-04   -5.14111E-04    7.50649E-04   -5.05758E-04    5.33535E-03   -7.47551E-03
     2.57400E+00    9.19393E-03    8.78903E-03    4.70793E-01    1.80736E-03   -2.13759E-02    3.43374E-02    8.05603E-05   -3.31789E-04    1.37752E-04   -4.97805E-04    7.46136E-04   -4.96983E-04    5.26859E-03   -7.35931E-03
     2.58300E+00    9.00321E-03    8.59511E-03    4.70809E-01    1.76041E-03   -2.10686E-02    3.39487E-02    7.76290E-05   -3.19695E-04    1.33343E-04   -4.82024E-04    7.41702E-04   -4.88377E-04    5.20287E-03   -7.24506E-03
     2.59200E+00    8.81681E-03    8.40538E-03    4.70824E-01    1.71469E-03   -2.07648E-02    3.35661E-02    7.48045E-05   -3.08040E-04    1.29074E-04   -4.66753E-04    7.37345E-04   -4.79934E-04    5.13818E-03   -7.13271E-03
     2.60100E+00    8.63462E-03    8.21974E-03    4.70840E-01    1.67019E-03   -2.04644E-02    3.31893E-02    7.20830E-05   -2.96809E-04    1.24940E-04   -4.51973E-04    7.33063E-04   -4.71651E-04    5.07448E-03   -7.02222E-03
     2.61000E+00    8.45655E-03    8.03811E-03    4.70854E-01    1.62685E-03   -2.01674E-02    3.28183E-02    6.94608E-05   -2.85987E-04    1.20937E-04   -4.37669E-04    7.28855E-04   -4.63522E-04    5.01177E-03   -6.91356E-03
     2.61900E+00    8.28251E-03    7.86037E-03    4.70869E-01    1.58464E-03   -1.98737E-02    3.24530E-02    6.69341E-05   -2.75558E-04    1.17060E-04   -4.23826E-04    7.24719E-04   -4.55542E-04    4.95003E-03   -6.80670E-03
     2.62800E+00    8.11241E-03    7.68646E-03    4.70883E-01    1.54354E-03   -1.95832E-02    3.20933E-02    6.44996E-05   -2.65508E-04    1.13307E-04   -4.10427E-04    7.20655E-04   -4.47708E-04    4.88924E-03   -6.70159E-03
     2.63700E+00    7.94616E-03    7.51628E-03    4.70897E-01    1.50351E-03   -1.92960E-02    3.17391E-02    6.21539E-05   -2.55824E-04    1.09672E-04   -3.97459E-04    7.16660E-04   -4.40015E-04    4.82940E-03   -6.59821E-03
     2.64600E+00    7.78367E-03    7.34975E-03    4.70910E-01    1.46453E-03   -1.90119E-02    3.13904E-02    5.98937E-05   -2.46492E-04    1.06151E-04   -3.84907E-04    7.12734E-04   -4.32459E-04    4.77047E-03   -6.49651E-03
     2.65500E+00    7.62487E-03    7.18678E-03    4.70923E-01    1.42655E-03   -1.87309E-02    3.10469E-02    5.77160E-05   -2.37500E-04    1.02742E-04   -3.72757E-04    7.08875E-04   -4.25036E-04    4.71246E-03   -6.39647E-03
     2.66400E+00    7.46967E-03    7.02729E-03    4.70936E-01    1.38956E-03   -1.84530E-02    3.07087E-02    5.56178E-05   -2.28835E-04    9.94404E-05   -3.60997E-04    7.05083E-04   -4.17743E-04    4.65533E-03   -6.29804E-03
     2.67300E+00    7.31799E-03    6.87120E-03    4.70948E-01    1.35353E-03   -1.81781E-02    3.03757E-02    5.35961E-05   -2.20484E-04    9.62430E-05   -3.49614E-04    7.01356E-04   -4.10575E-04    4.59909E-03   -6.20120E-03
     2.68200E+00    7.16975E-03    6.71844E-03    4.70960E-01    1.31842E-03   -1.79062E-02    3.00478E-02    5.16481E-05   -2.12438E-04    9.31463E-05   -3.38595E-04    6.97692E-04   -4.03529E-04    4.54371E-03   -6.10592E-03
     2.69100E+00    7.02488E-03    6.56892E-03    4.70972E-01    1.28422E-03   -1.76373E-02    2.97248E-02    4.97713E-05   -2.04684E-04    9.01472E-05   -3.27929E-04    6.94092E-04   -3.96602E-04    4.48918E-03   -6.01217E-03
     2.70000E+00    6.88330E-03    6.42258E-03    4.70983E-01    1.25090E-03   -1.73712E-02    2.94067E-02    4.79630E-05   -1.97212E-04    8.72426E-05   -3.17603E-04    6.90553E-04   -3.89790E-04    4.43548E-03   -5.91990E-03
     2.70900E+00    6.74494E-03    6.27934E-03    4.70994E-01    1.21843E-03   -1.71079E-02    2.90935E-02    4.62207E-05   -1.90012E-04    8.44294E-05   -3.07608E-04    6.87075E-04   -3.83090E-04    4.38261E-03   -5.82910E-03
     2.71800E+00    6.60973E-03    6.13913E-03    4.71005E-01    1.18679E-03   -1.68475E-02    2.87850E-02    4.45420E-05   -1.83074E-04    8.17047E-05   -2.97931E-04    6.83657E-04   -3.76499E-04    4.33055E-03   -5.73973E-03
     2.72700E+00    6.47760E-03    6.00188E-03    4.71016E-01    1.15595E-03   -1.65898E-02    2.84811E-02    4.29246E-05   -1.76388E-04    7.90657E-05   -2.88563E-04    6.80298E-04   -3.70015E-04    4.27929E-03   -5.65176E-03
     2.73600E+00    6.34849E-03    5.86752E-03    4.71026E-01    1.12590E-03   -1.63348E-02    2.81819E-02    4.13663E-05   -1.69945E-04    7.65097E-05   -2.79493E-04    6.76997E-04   -3.63634E-04    4.22882E-03   -5.56517E-03
     2.74500E+00    6.22232E-03    5.73600E-03    4.71036E-01    1.09662E-03   -1.60825E-02    2.78872E-02    3.98649E-05   -1.63736E-04    7.40340E-05   -2.70712E-04    6.73752E-04   -3.57353E-04    4.17912E-03   -5.47993E-03
     2.75400E+00    6.09904E-03    5.60723E-03    4.71046E-01    1.06807E-03   -1.58328E-02    2.75969E-02    3.84184E-05   -1.57753E-04    7.16360E-05   -2.62211E-04    6.70564E-04   -3.51171E-04    4.13018E-03   -5.39600E-03
     2.76300E+00    5.97858E-03    5.48116E-03    4.71055E-01    1.04024E-03   -1.55858E-02    2.73110E-02    3.70247E-05   -1.51987E-04    6.93134E-05   -2.53980E-04    6.67431E-04   -3.45083E-04    4.08199E-03   -5.31336E-03
     2.77200E+00    5.86088E-03    5.35773E-03    4.71064E-01    1.01312E-03   -1.53412E-02    2.70295E-02    3.56820E-05   -1.46431E-04    6.70636E-05   -2.46011E-04    6.64352E-04   -3.39088E-04    4.03453E-03   -5.23199E-03
     2.78100E+00    5.74589E-03    5.23688E-03    4.71073E-01    9.86679E-04   -1.50992E-02    2.67521E-02    3.43884E-05   -1.41077E-04    6.48844E-05   -2.38295E-04    6.61327E-04   -3.33183E-04    3.98781E-03   -5.15185E-03
     2.79000E+00    5.63353E-03    5.11855E-03    4.71082E-01    9.60900E-04   -1.48597E-02    2.64790E-02    3.31420E-05   -1.35917E-04    6.27736E-05   -2.30823E-04    6.58355E-04   -3.27367E-04    3.94180E-03   -5.07292E-03
     2.79900E+00    5.52376E-03    5.00267E-03    4.71091E-01    9.35766E-04   -1.46226E-02    2.62099E-02    3.19413E-05   -1.30945E-04    6.07289E-05   -2.23589E-04    6.55434E-04   -3.21636E-04    3.89649E-03   -4.99518E-03
     2.80800E+00    5.41652E-03    4.88920E-03    4.71099E-01    9.11258E-04   -1.43879E-02    2.59449E-02    3.07845E-05   -1.26153E-04    5.87483E-05   -2.16584E-04    6.52565E-04   -3.15988E-04    3.85188E-03   -4.91859E-03
     2.81700E+00    5.31176E-03    4.77808E-03    4.71107E-01    8.87361E-04   -1.41556E-02    2.56838E-02    2.96700E-05   -1.21536E-04    5.68297E-05   -2.09801E-04    6.49746E-04   -3.10422E-04    3.80795E-03   -4.84314E-03
     2.82600E+00    5.20943E-03    4.66925E-03    4.71115E-01    8.64057E-04   -1.39256E-02    2.54267E-02    2.85963E-05   -1.17086E-04    5.49713E-05   -2.03232E-04    6.46977E-04   -3.04935E-04    3.76470E-03   -4.76879E-03
     2.83500E+00    5.10946E-03    4.56266E-03    4.71123E-01    8.41331E-04   -1.36979E-02    2.51734E-02    2.75620E-05   -1.12797E-04    5.31710E-05   -1.96872E-04    6.44257E-04   -2.99526E-04    3.72211E-03   -4.69554E-03
     2.84400E+00    5.01182E-03    4.45826E-03    4.71130E-01    8.19166E-04   -1.34724E-02    2.49239E-02    2.65655E-05   -1.08664E-04    5.14270E-05   -1.90712E-04    6.41586E-04   -2.94192E-04    3.68018E-03   -4.62334E-03
     2.85300E+00    4.91645E-03    4.35601E-03    4.71137E-01    7.97547E-04   -1.32492E-02    2.46781E-02    2.56056E-05   -1.04681E-04    4.97376E-05   -1.84747E-04    6.38962E-04   -2.88931E-04    3.63889E-03   -4.55217E-03
     2.86200E+00    4.82330E-03    4.25584E-03    4.71144E-01    7.76459E-04   -1.30282E-02    2.44360E-02    2.46808E-05   -1.00843E-04    4.81010E-05   -1.78971E-04    6.36385E-04   -2.83742E-04    3.59823E-03   -4.48202E-03
     2.87100E+00    4.73233E-03    4.15771E-03    4.71151E-01    7.55888E-04   -1.28094E-02    2.41976E-02    2.37900E-05   -9.71433E-05    4.65156E-05   -1.73377E-04    6.33854E-04   -2.78623E-04    3.55821E-03   -4.41286E-03
     2.88000E+00    4.64350E-03    4.06158E-03    4.71158E-01    7.35820E-04   -1.25927E-02    2.39627E-02    2.29319E-05   -9.35779E-05    4.49797E-05   -1.67959E-04    6.31369E-04   -2.73572E-04    3.51880E-03   -4.34467E-03
     2.88900E+00    4.55675E-03    3.96739E-03    4.71165E-01    7.16242E-04   -1.23780E-02    2.37313E-02    2.21052E-05   -9.01416E-05    4.34918E-05   -1.62712E-04    6.28930E-04   -2.68588E-04    3.48000E-03   -4.27742E-03
     2.89800E+00    4.47204E-03    3.87511E-03    4.71171E-01    6.97140E-04   -1.21655E-02    2.35033E-02    2.13089E-05   -8.68298E-05    4.20504E-05   -1.57631E-04    6.26535E-04   -2.63669E-04    3.44180E-03   -4.21109E-03
     2.90700E+00    4.38934E-03    3.78469E-03    4.71177E-01    6.78501E-04   -1.19550E-02    2.32788E-02    2.05419E-05   -8.36378E-05    4.06540E-05   -1.52710E-04    6.24183E-04   -2.58813E-04    3.40420E-03   -4.14566E-03
     2.91600E+00    4.30860E-03    3.69608E-03    4.71183E-01    6.60313E-04   -1.17465E-02    2.30576E-02    1.98031E-05   -8.05613E-05    3.93011E-05   -1.47944E-04    6.21876E-04   -2.54020E-04    3.36718E-03   -4.08110E-03
     2.92500E+00    4.22978E-03    3.60925E-03    4.71189E-01    6.42564E-04   -1.15399E-02    2.28397E-02    1.90915E-05   -7.75960E-05    3.79905E-05   -1.43328E-04    6.19611E-04   -2.49287E-04    3.33074E-03   -4.01740E-03
     2.93400E+00    4.15284E-03    3.52415E-03    4.71195E-01    6.25241E-04   -1.13353E-02    2.26250E-02    1.84061E-05   -7.47379E-05    3.67208E-05   -1.38857E-04    6.17388E-04   -2.44612E-04    3.29486E-03   -3.95454E-03
     2.94300E+00    4.07774E-03    3.44074E-03    4.71200E-01    6.08335E-04   -1.11327E-02    2.24136E-02    1.77459E-05   -7.19829E-05    3.54907E-05   -1.34527E-04    6.15208E-04   -2.39996E-04    3.25955E-03   -3.89248E-03
     2.95200E+00    4.00445E-03    3.35898E-03    4.71206E-01    5.91832E-04   -1.09319E-02    2.22053E-02    1.71101E-05   -6.93274E-05    3.42989E-05   -1.30334E-04    6.13068E-04   -2.35436E-04    3.22480E-03   -3.83122E-03
     2.96100E+00    3.93292E-03    3.27884E-03    4.71211E-01    5.75723E-04   -1.07330E-02    2.20001E-02    1.64977E-05   -6.67676E-05    3.31443E-05   -1.26272E-04    6.10970E-04   -2.30931E-04    3.19059E-03   -3.77072E-03
     2.97000E+00    3.86312E-03    3.20027E-03    4.71216E-01    5.59997E-04   -1.05359E-02    2.17979E-02    1.59080E-05   -6.43000E-05    3.20256E-05   -1.22338E-04    6.08911E-04   -2.26480E-04    3.15692E-03   -3.71098E-03
     2.97900E+00    3.79503E-03    3.12324E-03    4.71221E-01    5.44644E-04   -1.03406E-02    2.15988E-02    1.53401E-05   -6.19213E-05    3.09418E-05   -1.18528E-04    6.06893E-04   -2.22082E-04    3.12379E-03   -3.65196E-03
     2.98800E+00    3.72859E-03    3.04771E-03    4.71226E-01    5.29654E-04   -1.01471E-02    2.14027E-02    1.47932E-05   -5.96281E-05    2.98918E-05   -1.14838E-04    6.04914E-04   -2.17735E-04    3.09119E-03   -3.59365E-03
     2.99700E+00    3.66379E-03    2.97365E-03    4.71231E-01    5.15017E-04   -9.95533E-03    2.12094E-02    1.42665E-05   -5.74174E-05    2.88744E-05   -1.11264E-04    6.02974E-04   -2.13438E-04    3.05910E-03   -3.53602E-03
     3.00600E+00    3.60058E-03    2.90102E-03    4.71235E-01    5.00724E-04   -9.76531E-03    2.10191E-02    1.37594E-05   -5.52860E-05    2.78887E-05   -1.07802E-04    6.01072E-04   -2.09191E-04    3.02754E-03   -3.47906E-03
     3.01500E+00    3.53893E-03    2.82979E-03    4.71240E-01    4.86765E-04   -9.57698E-03    2.08316E-02    1.32711E-05   -5.32311E-05    2.69336E-05   -1.04450E-04    5.99208E-04   -2.04991E-04    2.99648E-03   -3.42274E-03
     3.02400E+00    3.47883E-03    2.75993E-03    4.71244E-01    4.73132E-04   -9.39033E-03    2.06469E-02    1.28010E-05   -5.12497E-05    2.60083E-05   -1.01203E-04    5.97382E-04   -2.00839E-04    2.96592E-03   -3.36705E-03
     3.03300E+00    3.42022E-03    2.69139E-03    4.71248E-01    4.59815E-04   -9.20533E-03    2.04649E-02    1.23484E-05   -4.93392E-05    2.51117E-05   -9.80589E-05    5.95593E-04   -1.96733E-04    2.93587E-03   -3.31197E-03
     3.04200E+00    3.36309E-03    2.62416E-03    4.71252E-01    4.46808E-04   -9.02196E-03    2.02856E-02    1.19127E-05   -4.74970E-05    2.42429E-05   -9.50137E-05    5.93840E-04   -1.92672E-04    2.90631E-03   -3.25746E-03
     3.05100E+00    3.30741E-03    2.55820E-03    4.71256E-01    4.34100E-04   -8.84018E-03    2.01091E-02    1.14933E-05   -4.57205E-05    2.34012E-05   -9.20646E-05    5.92125E-04   -1.88655E-04    2.87723E-03   -3.20352E-03
     3.06000E+00    3.25315E-03    2.49347E-03    4.71260E-01    4.21685E-04   -8.65999E-03    1.99351E-02    1.10896E-05   -4.40073E-05    2.25855E-05   -8.92087E-05    5.90445E-04   -1.84681E-04    2.84864E-03   -3.15012E-03
     3.06900E+00    3.20027E-03    2.42995E-03    4.71264E-01    4.09555E-04   -8.48134E-03    1.97638E-02    1.07010E-05   -4.23550E-05    2.17951E-05   -8.64432E-05    5.88800E-04   -1.80749E-04    2.82053E-03   -3.09724E-03
     3.07800E+00    3.14877E-03    2.36762E-03    4.71267E-01    3.97702E-04   -8.30423E-03    1.95950E-02    1.03270E-05   -4.07613E-05    2.10293E-05   -8.37652E-05    5.87191E-04   -1.76858E-04    2.79289E-03   -3.04487E-03
     3.08700E+00    3.09860E-03    2.30643E-03    4.71271E-01    3.86118E-04   -8.12863E-03    1.94288E-02    9.96711E-06   -3.92241E-05    2.02871E-05   -8.11721E-05    5.85617E-04   -1.73008E-04    2.76572E-03   -2.99297E-03
     3.09600E+00    3.04974E-03    2.24637E-03    4.71274E-01    3.74796E-04   -7.95451E-03    1.92650E-02    9.62081E-06   -3.77413E-05    1.95679E-05   -7.86614E-05    5.84077E-04   -1.69197E-04    2.73902E-03   -2.94154E-03
     3.10500E+00    3.00217E-03    2.18740E-03    4.71278E-01    3.63731E-04   -7.78185E-03    1.91037E-02    9.28762E-06   -3.63107E-05    1.88710E-05   -7.62306E-05    5.82571E-04   -1.65426E-04    2.71277E-03   -2.89055E-03
     3.11400E+00    2.95587E-03    2.12950E-03    4.71281E-01    3.52913E-04   -7.61063E-03    1.89448E-02    8.96707E-06   -3.49305E-05    1.81955E-05   -7.38772E-05    5.81099E-04   -1.61692E-04    2.68699E-03   -2.83997E-03
     3.12300E+00    2.91081E-03    2.07264E-03    4.71284E-01    3.42338E-04   -7.44084E-03    1.87883E-02    8.65872E-06   -3.35988E-05    1.75410E-05   -7.15989E-05    5.79660E-04   -1.57995E-04    2.66165E-03   -2.78979E-03
     3.13200E+00    2.86696E-03    2.01680E-03    4.71287E-01    3.31998E-04   -7.27244E-03    1.86342E-02    8.36215E-06   -3.23137E-05    1.69065E-05   -6.93936E-05    5.78255E-04   -1.54335E-04    2.63677E-03   -2.73999E-03
     3.14100E+00    2.82432E-03    1.96194E-03    4.71290E-01    3.21888E-04   -7.10542E-03    1.84823E-02    8.07694E-06   -3.10734E-05    1.62917E-05   -6.72591E-05    5.76882E-04   -1.50710E-04    2.61233E-03   -2.69054E-03
     3.15000E+00    2.78284E-03    1.90806E-03    4.71293E-01    3.12000E-04   -6.93975E-03    1.83328E-02    7.80270E-06   -2.98763E-05    1.56957E-05   -6.51932E-05    5.75542E-04   -1.47121E-04    2.58834E-03   -2.64143E-03
     3.15900E+00    2.74253E-03    1.85511E-03    4.71296E-01    3.02330E-04   -6.77542E-03    1.81855E-02    7.53905E-06   -2.87208E-05    1.51180E-05   -6.31940E-05    5.74234E-04   -1.43565E-04    2.56478E-03   -2.59263E-03
     3.16800E+00    2.70334E-03    1.80308E-03    4.71298E-01    2.92871E-04   -6.61240E-03    1.80404E-02    7.28561E-06   -2.76051E-05    1.45580E-05   -6.12595E-05    5.72958E-04   -1.40043E-04    2.54167E-03   -2.54412E-03
     3.17700E+00    2.66527E-03    1.75195E-03    4.71301E-01    2.83618E-04   -6.45069E-03    1.78975E-02    7.04204E-06   -2.65279E-05    1.40151E-05   -5.93879E-05    5.71713E-04   -1.36554E-04    2.51899E-03   -2.49588E-03
     3.18600E+00    2.62829E-03    1.70169E-03    4.71303E-01    2.74565E-04   -6.29024E-03    1.77568E-02    6.80800E-06   -2.54876E-05    1.34888E-05   -5.75774E-05    5.70500E-04   -1.33097E-04    2.49674E-03   -2.44788E-03
     3.19500E+00    2.59238E-03    1.65228E-03    4.71306E-01    2.65706E-04   -6.13106E-03    1.76182E-02    6.58316E-06   -2.44828E-05    1.29786E-05   -5.58262E-05    5.69317E-04   -1.29672E-04    2.47493E-03   -2.40011E-03
     3.20400E+00    2.55753E-03    1.60369E-03    4.71308E-01    2.57037E-04   -5.97311E-03    1.74817E-02    6.36721E-06   -2.35122E-05    1.24838E-05   -5.41327E-05    5.68166E-04   -1.26278E-04    2.45354E-03   -2.35254E-03
     3.21300E+00    2.52372E-03    1.55591E-03    4.71310E-01    2.48552E-04   -5.81638E-03    1.73473E-02    6.15984E-06   -2.25744E-05    1.20040E-05   -5.24952E-05    5.67044E-04   -1.22914E-04    2.43258E-03   -2.30514E-03
     3.22200E+00    2.49093E-03    1.50892E-03    4.71313E-01    2.40246E-04   -5.66085E-03    1.72150E-02    5.96077E-06   -2.16681E-05    1.15387E-05   -5.09122E-05    5.65953E-04   -1.19579E-04    2.41205E-03   -2.25789E-03
     3.23100E+00    2.45914E-03    1.46268E-03    4.71315E-01    2.32115E-04   -5.50651E-03    1.70846E-02    5.76972E-06   -2.07922E-05    1.10874E-05   -4.93822E-05    5.64892E-04   -1.16274E-04    2.39194E-03   -2.21078E-03
     3.24000E+00    2.42833E-03    1.41719E-03    4.71317E-01    2.24153E-04   -5.35332E-03    1.69563E-02    5.58643E-06   -1.99453E-05    1.06497E-05   -4.79037E-05    5.63860E-04   -1.12997E-04    2.37225E-03   -2.16377E-03
     3.24900E+00    2.39850E-03    1.37243E-03    4.71319E-01    2.16355E-04   -5.20129E-03    1.68299E-02    5.41063E-06   -1.91264E-05    1.02250E-05   -4.64755E-05    5.62858E-04   -1.09749E-04    2.35299E-03   -2.11683E-03
     3.25800E+00    2.36962E-03    1.32837E-03    4.71321E-01    2.08718E-04   -5.05038E-03    1.67054E-02    5.24207E-06   -1.83343E-05    9.81298E-06   -4.50960E-05    5.61884E-04   -1.06527E-04    2.33415E-03   -2.06996E-03
     3.26700E+00    2.34169E-03    1.28499E-03    4.71323E-01    2.01237E-04   -4.90059E-03    1.65829E-02    5.08053E-06   -1.75680E-05    9.41315E-06   -4.37642E-05    5.60940E-04   -1.03333E-04    2.31573E-03   -2.02310E-03
     3.27600E+00    2.31467E-03    1.24228E-03    4.71324E-01    1.93907E-04   -4.75189E-03    1.64622E-02    4.92578E-06   -1.68264E-05    9.02509E-06   -4.24786E-05    5.60024E-04   -1.00165E-04    2.29773E-03   -1.97625E-03
     3.28500E+00    2.28857E-03    1.20021E-03    4.71326E-01    1.86725E-04   -4.60426E-03    1.63434E-02    4.77759E-06   -1.61085E-05    8.64840E-06   -4.12383E-05    5.59137E-04   -9.70228E-05    2.28016E-03   -1.92938E-03
     3.29400E+00    2.26336E-03    1.15878E-03    4.71328E-01    1.79685E-04   -4.45770E-03    1.62264E-02    4.63576E-06   -1.54133E-05    8.28267E-06   -4.00419E-05    5.58278E-04   -9.39060E-05    2.26301E-03   -1.88245E-03
     3.30300E+00    2.23904E-03    1.11795E-03    4.71329E-01    1.72784E-04   -4.31218E-03    1.61113E-02    4.50008E-06   -1.47400E-05    7.92751E-06   -3.88885E-05    5.57447E-04   -9.08141E-05    2.24628E-03   -1.83544E-03
     3.31200E+00    2.21558E-03    1.07772E-03    4.71331E-01    1.66018E-04   -4.16769E-03    1.59979E-02    4.37038E-06   -1.40876E-05    7.58255E-06   -3.77771E-05    5.56643E-04   -8.77465E-05    2.22997E-03   -1.78832E-03
     3.32100E+00    2.19299E-03    1.03806E-03    4.71332E-01    1.59382E-04   -4.02421E-03    1.58863E-02    4.24645E-06   -1.34551E-05    7.24741E-06   -3.67065E-05    5.55867E-04   -8.47029E-05    2.21409E-03   -1.74106E-03
     3.33000E+00    2.17123E-03    9.98968E-04    4.71334E-01    1.52874E-04   -3.88173E-03    1.57765E-02    4.12813E-06   -1.28418E-05    6.92172E-06   -3.56759E-05    5.55118E-04   -8.16828E-05    2.19863E-03   -1.69363E-03
     3.33900E+00    2.15031E-03    9.60415E-04    4.71335E-01    1.46489E-04   -3.74023E-03    1.56684E-02    4.01524E-06   -1.22469E-05    6.60513E-06   -3.46843E-05    5.54397E-04   -7.86856E-05    2.18360E-03   -1.64599E-03
     3.34800E+00    2.13021E-03    9.22389E-04    4.71336E-01    1.40224E-04   -3.59970E-03    1.55619E-02    3.90763E-06   -1.16695E-05    6.29729E-06   -3.37310E-05    5.53702E-04   -7.57110E-05    2.16900E-03   -1.59813E-03
     3.35700E+00    2.11091E-03    8.84873E-04    4.71338E-01    1.34075E-04   -3.46011E-03    1.54572E-02    3.80514E-06   -1.11088E-05    5.99786E-06   -3.28150E-05    5.53034E-04   -7.27585E-05    2.15484E-03   -1.55000E-03
     3.36600E+00    2.09242E-03    8.47852E-04    4.71339E-01    1.28038E-04   -3.32147E-03    1.53541E-02    3.70762E-06   -1.05642E-05    5.70651E-06   -3.19356E-05    5.52392E-04   -6.98277E-05    2.14110E-03   -1.50157E-03
     3.37500E+00    2.07471E-03    8.11310E-04    4.71340E-01    1.22109E-04   -3.18374E-03    1.52526E-02    3.61494E-06   -1.00348E-05    5.42291E-06   -3.10920E-05    5.51777E-04   -6.69182E-05    2.12781E-03   -1.45281E-03
     3.38400E+00    2.05778E-03    7.75232E-04    4.71341E-01    1.16287E-04   -3.04691E-03    1.51527E-02    3.52695E-06   -9.52001E-06    5.14675E-06   -3.02836E-05    5.51188E-04   -6.40295E-05    2.11495E-03   -1.40367E-03
     3.39300E+00    2.04161E-03    7.39603E-04    4.71342E-01    1.10566E-04   -2.91098E-03    1.50545E-02    3.44354E-06   -9.01910E-06    4.87771E-06   -2.95096E-05    5.50624E-04   -6.11613E-05    2.10254E-03   -1.35414E-03
     3.40200E+00    2.02621E-03    7.04409E-04    4.71343E-01    1.04944E-04   -2.77593E-03    1.49578E-02    3.36457E-06   -8.53142E-06    4.61548E-06   -2.87695E-05    5.50087E-04   -5.83131E-05    2.09058E-03   -1.30416E-03
     3.41100E+00    2.01155E-03    6.69634E-04    4.71344E-01    9.94180E-05   -2.64174E-03    1.48626E-02    3.28994E-06   -8.05631E-06    4.35976E-06   -2.80626E-05    5.49575E-04   -5.54846E-05    2.07907E-03   -1.25369E-03
     3.42000E+00    1.99763E-03    6.35265E-04    4.71345E-01    9.39839E-05   -2.50840E-03    1.47690E-02    3.21952E-06   -7.59315E-06    4.11025E-06   -2.73885E-05    5.49088E-04   -5.26753E-05    2.06802E-03   -1.20271E-03
     3.42900E+00    1.98444E-03    6.01288E-04    4.71346E-01    8.86388E-05   -2.37589E-03    1.46769E-02    3.15323E-06   -7.14132E-06    3.86667E-06   -2.67465E-05    5.48626E-04   -4.98850E-05    2.05742E-03   -1.15117E-03
     3.43800E+00    1.97197E-03    5.67688E-04    4.71346E-01    8.33796E-05   -2.24421E-03    1.45863E-02    3.09095E-06   -6.70024E-06    3.62872E-06   -2.61362E-05    5.48190E-04   -4.71132E-05    2.04730E-03   -1.09902E-03
     3.44700E+00    1.96022E-03    5.34452E-04    4.71347E-01    7.82032E-05   -2.11334E-03    1.44972E-02    3.03259E-06   -6.26933E-06    3.39613E-06   -2.55572E-05    5.47778E-04   -4.43596E-05    2.03764E-03   -1.04623E-03
     3.45600E+00    1.94917E-03    5.01567E-04    4.71348E-01    7.31066E-05   -1.98326E-03    1.44095E-02    2.97807E-06   -5.84801E-06    3.16860E-06   -2.50090E-05    5.47391E-04   -4.16237E-05    2.02847E-03   -9.92739E-04
     3.46500E+00    1.93882E-03    4.69020E-04    4.71348E-01    6.80866E-05   -1.85396E-03    1.43233E-02    2.92730E-06   -5.43575E-06    2.94587E-06   -2.44913E-05    5.47029E-04   -3.89054E-05    2.01978E-03   -9.38514E-04
     3.47400E+00    1.92916E-03    4.36797E-04    4.71349E-01    6.31404E-05   -1.72543E-03    1.42385E-02    2.88020E-06   -5.03200E-06    2.72767E-06   -2.40037E-05    5.46691E-04   -3.62041E-05    2.01158E-03   -8.83503E-04
     3.48300E+00    1.92019E-03    4.04885E-04    4.71349E-01    5.82650E-05   -1.59766E-03    1.41551E-02    2.83670E-06   -4.63625E-06    2.51372E-06   -2.35460E-05    5.46377E-04   -3.35196E-05    2.00388E-03   -8.27657E-04
     3.49200E+00    1.91190E-03    3.73273E-04    4.71350E-01    5.34573E-05   -1.47064E-03    1.40731E-02    2.79673E-06   -4.24798E-06    2.30375E-06   -2.31178E-05    5.46088E-04   -3.08515E-05    1.99668E-03   -7.70925E-04
     3.50100E+00    1.90427E-03    3.41947E-04    4.71350E-01    4.87145E-05   -1.34434E-03    1.39925E-02    2.76022E-06   -3.86669E-06    2.09751E-06   -2.27190E-05    5.45822E-04   -2.81996E-05    1.99000E-03   -7.13255E-04
     3.51000E+00    1.89732E-03    3.10895E-04    4.71351E-01    4.40337E-05   -1.21877E-03    1.39132E-02    2.72711E-06   -3.49189E-06    1.89473E-06   -2.23492E-05    5.45580E-04   -2.55634E-05    1.98385E-03   -6.54592E-04
     3.51900E+00    1.89102E-03    2.80106E-04    4.71351E-01    3.94119E-05   -1.09390E-03    1.38353E-02    2.69734E-06   -3.12311E-06    1.69514E-06   -2.20085E-05    5.45362E-04   -2.29426E-05    1.97822E-03   -5.94879E-04
     3.52800E+00    1.88537E-03    2.49567E-04    4.71352E-01    3.48463E-05   -9.69730E-04    1.37587E-02    2.67087E-06   -2.75987E-06    1.49849E-06   -2.16965E-05    5.45167E-04   -2.03370E-05    1.97314E-03   -5.34060E-04
     3.53700E+00    1.88038E-03    2.19266E-04    4.71352E-01    3.03340E-05   -8.46242E-04    1.36834E-02    2.64765E-06   -2.40172E-06    1.30452E-06   -2.14133E-05    5.44996E-04   -1.77462E-05    1.96861E-03   -4.72074E-04
     3.54600E+00    1.87603E-03    1.89191E-04    4.71352E-01    2.58721E-05   -7.23426E-04    1.36094E-02    2.62763E-06   -2.04820E-06    1.11296E-06   -2.11588E-05    5.44848E-04   -1.51699E-05    1.96465E-03   -4.08860E-04
     3.55500E+00    1.87232E-03    1.59332E-04    4.71352E-01    2.14579E-05   -6.01270E-04    1.35367E-02    2.61077E-06   -1.69888E-06    9.23572E-07   -2.09329E-05    5.44723E-04   -1.26078E-05    1.96126E-03   -3.44351E-04
     3.56400E+00    1.86924E-03    1.29676E-04    4.71352E-01    1.70884E-05   -4.79763E-04    1.34652E-02    2.59704E-06   -1.35330E-06    7.36086E-07   -2.07357E-05    5.44621E-04   -1.00596E-05    1.95845E-03   -2.78483E-04
     3.57300E+00    1.86679E-03    1.00213E-04    4.71353E-01    1.27607E-05   -3.58894E-04    1.33950E-02    2.58640E-06   -1.01105E-06    5.50244E-07   -2.05672E-05    5.44542E-04   -7.52505E-06    1.95625E-03   -2.11187E-04
     3.58200E+00    1.86497E-03    7.09316E-05    4.71353E-01    8.47198E-06   -2.38651E-04    1.33260E-02    2.57883E-06   -6.71692E-07    3.65790E-07   -2.04276E-05    5.44485E-04   -5.00378E-06    1.95466E-03   -1.42390E-04
     3.59100E+00    1.86377E-03    4.18202E-05    4.71353E-01    4.21939E-06   -1.19023E-04    1.32582E-02    2.57430E-06   -3.34814E-07    1.82462E-07   -2.03169E-05    5.44451E-04   -2.49552E-06    1.95369E-03   -7.20202E-05
     3.60000E+00    1.86319E-03    1.28683E-05    4.71353E-01    1.80662E-57   -1.07252E-55    1.31917E-02    2.57280E-06   -1.48412E-59   -8.80010E-28   -2.02352E-05    5.44440E-04   -4.98312E-57    1.95337E-03   -3.70531E-56
