     1.00000E-05    3.42648E+00   -3.76238E-05   -6.37734E-01    2.91758E-16   -1.78719E-05   -1.78719E+00    3.73093E-01    2.91018E-16    6.39761E-06    6.39761E-01    3.36828E-01    2.90986E-16    3.97086E-11    7.94171E-06
     1.00100E-02    3.42563E+00    4.14598E-02   -6.37393E-01    6.80603E-02   -1.78845E-02   -1.78562E+00    3.73004E-01   -1.78947E-02    6.40159E-03    6.39039E-01    3.36700E-01   -2.56031E-02    3.97496E-05    7.93852E-03
     2.00099E-02    3.42310E+00    8.28114E-02   -6.36373E-01    1.35869E-01   -3.57198E-02   -1.78094E+00    3.72736E-01   -3.57416E-02    1.27824E-02    6.36879E-01    3.36316E-01   -5.11042E-02    1.58614E-04    1.58254E-02
     3.00099E-02    3.41889E+00    1.24030E-01   -6.34677E-01    2.03310E-01   -5.34929E-02   -1.77316E+00    3.72289E-01   -5.35288E-02    1.91344E-02    6.33291E-01    3.35678E-01   -7.64534E-02    3.55950E-04    2.36271E-02
     4.00099E-02    3.41300E+00    1.65049E-01   -6.32309E-01    2.70204E-01   -7.11728E-02   -1.76232E+00    3.71665E-01   -7.12266E-02    2.54434E-02    6.28293E-01    3.34788E-01   -1.01576E-01    6.30699E-04    3.13024E-02
     5.00099E-02    3.40545E+00    2.05804E-01   -6.29275E-01    3.36372E-01   -8.87292E-02   -1.74847E+00    3.70865E-01   -8.88057E-02    3.16956E-02    6.21909E-01    3.33648E-01   -1.26398E-01    9.81396E-04    3.88110E-02
     6.00099E-02    3.39625E+00    2.46231E-01   -6.25584E-01    4.01644E-01   -1.06132E-01   -1.73165E+00    3.69890E-01   -1.06237E-01    3.78771E-02    6.14169E-01    3.32261E-01   -1.50848E-01    1.40618E-03    4.61138E-02
     7.00098E-02    3.38543E+00    2.86265E-01   -6.21246E-01    4.65849E-01   -1.23353E-01   -1.71195E+00    3.68741E-01   -1.23493E-01    4.39745E-02    6.05110E-01    3.30632E-01   -1.74858E-01    1.90279E-03    5.31736E-02
     8.00098E-02    3.37301E+00    3.25847E-01   -6.16271E-01    5.28828E-01   -1.40362E-01   -1.68945E+00    3.67421E-01   -1.40545E-01    4.99750E-02    5.94776E-01    3.28766E-01   -1.98360E-01    2.46864E-03    5.99548E-02
     9.00098E-02    3.35900E+00    3.64914E-01   -6.10674E-01    5.90427E-01   -1.57132E-01   -1.66424E+00    3.65931E-01   -1.57365E-01    5.58659E-02    5.83214E-01    3.26667E-01   -2.21291E-01    3.10076E-03    6.64241E-02
     1.00010E-01    3.34345E+00    4.03409E-01   -6.04468E-01    6.50498E-01   -1.73638E-01   -1.63642E+00    3.64274E-01   -1.73928E-01    6.16353E-02    5.70478E-01    3.24342E-01   -2.43592E-01    3.79589E-03    7.25509E-02
     1.10010E-01    3.32638E+00    4.41274E-01   -5.97669E-01    7.08905E-01   -1.89852E-01   -1.60611E+00    3.62453E-01   -1.90208E-01    6.72717E-02    5.56627E-01    3.21797E-01   -2.65205E-01    4.55044E-03    7.83068E-02
     1.20010E-01    3.30782E+00    4.78457E-01   -5.90296E-01    7.65520E-01   -2.05752E-01   -1.57343E+00    3.60471E-01   -2.06179E-01    7.27643E-02    5.41723E-01    3.19040E-01   -2.86078E-01    5.36059E-03    8.36666E-02
     1.30010E-01    3.28781E+00    5.14904E-01   -5.82365E-01    8.20224E-01   -2.21314E-01   -1.53851E+00    3.58331E-01   -2.21819E-01    7.81029E-02    5.25833E-01    3.16078E-01   -3.06164E-01    6.22226E-03    8.86079E-02
     1.40010E-01    3.26640E+00    5.50566E-01   -5.73898E-01    8.72910E-01   -2.36515E-01   -1.50149E+00    3.56036E-01   -2.37104E-01    8.32779E-02    5.09026E-01    3.12920E-01   -3.25419E-01    7.13117E-03    9.31114E-02
     1.50010E-01    3.24361E+00    5.85395E-01   -5.64914E-01    9.23480E-01   -2.51337E-01   -1.46250E+00    3.53590E-01   -2.52013E-01    8.82806E-02    4.91376E-01    3.09573E-01   -3.43803E-01    8.08285E-03    9.71609E-02
     1.60010E-01    3.21951E+00    6.19347E-01   -5.55436E-01    9.71849E-01   -2.65759E-01   -1.42170E+00    3.50997E-01   -2.66525E-01    9.31028E-02    4.72956E-01    3.06047E-01   -3.61282E-01    9.07270E-03    1.00744E-01
     1.70010E-01    3.19412E+00    6.52380E-01   -5.45485E-01    1.01794E+00   -2.79765E-01   -1.37924E+00    3.48261E-01   -2.80621E-01    9.77373E-02    4.53844E-01    3.02350E-01   -3.77827E-01    1.00960E-02    1.03850E-01
     1.80010E-01    3.16750E+00    6.84455E-01   -5.35085E-01    1.06169E+00   -2.93339E-01   -1.33526E+00    3.45386E-01   -2.94283E-01    1.02178E-01    4.34118E-01    2.98493E-01   -3.93413E-01    1.11480E-02    1.06473E-01
     1.90010E-01    3.13969E+00    7.15537E-01   -5.24259E-01    1.10305E+00   -3.06466E-01   -1.28994E+00    3.42377E-01   -3.07494E-01    1.06418E-01    4.13855E-01    2.94485E-01   -4.08019E-01    1.22237E-02    1.08610E-01
     2.00010E-01    3.11075E+00    7.45591E-01   -5.13032E-01    1.14198E+00   -3.19133E-01   -1.24341E+00    3.39238E-01   -3.20238E-01    1.10453E-01    3.93134E-01    2.90336E-01   -4.21630E-01    1.33184E-02    1.10260E-01
     2.10009E-01    3.08073E+00    7.74588E-01   -5.01428E-01    1.17844E+00   -3.31330E-01   -1.19584E+00    3.35973E-01   -3.32501E-01    1.14279E-01    3.72034E-01    2.86056E-01   -4.34236E-01    1.44272E-02    1.11426E-01
     2.20009E-01    3.04968E+00    8.02501E-01   -4.89471E-01    1.21242E+00   -3.43047E-01   -1.14738E+00    3.32589E-01   -3.44270E-01    1.17893E-01    3.50632E-01    2.81655E-01   -4.45830E-01    1.55452E-02    1.12115E-01
     2.30009E-01    3.01764E+00    8.29306E-01   -4.77188E-01    1.24391E+00   -3.54276E-01   -1.09819E+00    3.29090E-01   -3.55535E-01    1.21291E-01    3.29005E-01    2.77143E-01   -4.56411E-01    1.66677E-02    1.12333E-01
     2.40009E-01    2.98468E+00    8.54982E-01   -4.64602E-01    1.27291E+00   -3.65009E-01   -1.04842E+00    3.25480E-01   -3.66283E-01    1.24472E-01    3.07226E-01    2.72530E-01   -4.65981E-01    1.77902E-02    1.12093E-01
     2.50009E-01    2.95085E+00    8.79511E-01   -4.51738E-01    1.29943E+00   -3.75242E-01   -9.98208E-01    3.21766E-01   -3.76508E-01    1.27435E-01    2.85369E-01    2.67827E-01   -4.74546E-01    1.89080E-02    1.11407E-01
     2.60009E-01    2.91620E+00    9.02877E-01   -4.38621E-01    1.32348E+00   -3.84972E-01   -9.47710E-01    3.17952E-01   -3.86201E-01    1.30180E-01    2.63504E-01    2.63043E-01   -4.82116E-01    2.00168E-02    1.10291E-01
     2.70009E-01    2.88079E+00    9.25070E-01   -4.25276E-01    1.34510E+00   -3.94196E-01   -8.97060E-01    3.14044E-01   -3.95356E-01    1.32706E-01    2.41698E-01    2.58188E-01   -4.88706E-01    2.11123E-02    1.08763E-01
     2.80009E-01    2.84467E+00    9.46080E-01   -4.11727E-01    1.36433E+00   -4.02913E-01   -8.46394E-01    3.10047E-01   -4.03969E-01    1.35014E-01    2.20017E-01    2.53272E-01   -4.94333E-01    2.21906E-02    1.06841E-01
     2.90009E-01    2.80789E+00    9.65900E-01   -3.97998E-01    1.38120E+00   -4.11124E-01   -7.95839E-01    3.05966E-01   -4.12035E-01    1.37107E-01    1.98521E-01    2.48304E-01   -4.99017E-01    2.32478E-02    1.04547E-01
     3.00009E-01    2.77050E+00    9.84528E-01   -3.84111E-01    1.39577E+00   -4.18831E-01   -7.45519E-01    3.01808E-01   -4.19554E-01    1.38985E-01    1.77270E-01    2.43295E-01   -5.02780E-01    2.42803E-02    1.01902E-01
     3.10009E-01    2.73257E+00    1.00196E+00   -3.70090E-01    1.40809E+00   -4.26036E-01   -6.95549E-01    2.97577E-01   -4.26524E-01    1.40653E-01    1.56317E-01    2.38252E-01   -5.05649E-01    2.52847E-02    9.89294E-02
     3.20009E-01    2.69414E+00    1.01820E+00   -3.55957E-01    1.41823E+00   -4.32743E-01   -6.46041E-01    2.93279E-01   -4.32946E-01    1.42113E-01    1.35714E-01    2.33184E-01   -5.07651E-01    2.62578E-02    9.56539E-02
     3.30009E-01    2.65526E+00    1.03326E+00   -3.41733E-01    1.42624E+00   -4.38958E-01   -5.97096E-01    2.88920E-01   -4.38821E-01    1.43369E-01    1.15508E-01    2.28101E-01   -5.08817E-01    2.71967E-02    9.21000E-02
     3.40009E-01    2.61599E+00    1.04713E+00   -3.27439E-01    1.43221E+00   -4.44687E-01   -5.48811E-01    2.84505E-01   -4.44152E-01    1.44424E-01    9.57424E-02    2.23011E-01   -5.09177E-01    2.80989E-02    8.82930E-02
     3.50009E-01    2.57636E+00    1.05984E+00   -3.13095E-01    1.43621E+00   -4.49937E-01   -5.01275E-01    2.80039E-01   -4.48942E-01    1.45285E-01    7.64572E-02    2.17921E-01   -5.08765E-01    2.89618E-02    8.42584E-02
     3.60009E-01    2.53644E+00    1.07138E+00   -2.98721E-01    1.43831E+00   -4.54716E-01   -4.54570E-01    2.75527E-01   -4.53197E-01    1.45955E-01    5.76881E-02    2.12838E-01   -5.07615E-01    2.97833E-02    8.00219E-02
     3.70009E-01    2.49627E+00    1.08178E+00   -2.84335E-01    1.43860E+00   -4.59031E-01   -4.08771E-01    2.70976E-01   -4.56924E-01    1.46441E-01    3.94671E-02    2.07771E-01   -5.05762E-01    3.05616E-02    7.56089E-02
     3.80009E-01    2.45590E+00    1.09104E+00   -2.69955E-01    1.43715E+00   -4.62894E-01   -3.63945E-01    2.66391E-01   -4.60128E-01    1.46747E-01    2.18226E-02    2.02725E-01   -5.03243E-01    3.12949E-02    7.10450E-02
     3.90009E-01    2.41536E+00    1.09919E+00   -2.55598E-01    1.43404E+00   -4.66314E-01   -3.20154E-01    2.61776E-01   -4.62817E-01    1.46879E-01    4.77911E-03    1.97708E-01   -5.00093E-01    3.19820E-02    6.63549E-02
     4.00009E-01    2.37471E+00    1.10625E+00   -2.41279E-01    1.42938E+00   -4.69301E-01   -2.77451E-01    2.57136E-01   -4.65001E-01    1.46844E-01   -1.16423E-02    1.92725E-01   -4.96350E-01    3.26217E-02    6.15630E-02
     4.10009E-01    2.33398E+00    1.11223E+00   -2.27015E-01    1.42322E+00   -4.71867E-01   -2.35884E-01    2.52477E-01   -4.66690E-01    1.46648E-01   -2.74241E-02    1.87783E-01   -4.92050E-01    3.32130E-02    5.66931E-02
     4.20009E-01    2.29322E+00    1.11716E+00   -2.12820E-01    1.41567E+00   -4.74022E-01   -1.95494E-01    2.47804E-01   -4.67893E-01    1.46298E-01   -4.25521E-02    1.82886E-01   -4.87230E-01    3.37553E-02    5.17680E-02
     4.30009E-01    2.25247E+00    1.12106E+00   -1.98706E-01    1.40681E+00   -4.75780E-01   -1.56316E-01    2.43121E-01   -4.68622E-01    1.45800E-01   -5.70153E-02    1.78040E-01   -4.81926E-01    3.42482E-02    4.68099E-02
     4.40009E-01    2.21176E+00    1.12395E+00   -1.84688E-01    1.39671E+00   -4.77153E-01   -1.18378E-01    2.38433E-01   -4.68889E-01    1.45160E-01   -7.08059E-02    1.73249E-01   -4.76175E-01    3.46915E-02    4.18397E-02
     4.50009E-01    2.17113E+00    1.12587E+00   -1.70776E-01    1.38545E+00   -4.78152E-01   -8.17041E-02    2.33745E-01   -4.68706E-01    1.44386E-01   -8.39188E-02    1.68518E-01   -4.70012E-01    3.50850E-02    3.68777E-02
     4.60009E-01    2.13062E+00    1.12683E+00   -1.56982E-01    1.37313E+00   -4.78791E-01   -4.63118E-02    2.29060E-01   -4.68086E-01    1.43484E-01   -9.63519E-02    1.63850E-01   -4.63472E-01    3.54291E-02    3.19427E-02
     4.70009E-01    2.09026E+00    1.12687E+00   -1.43317E-01    1.35981E+00   -4.79083E-01   -1.22138E-02    2.24385E-01   -4.67042E-01    1.42461E-01   -1.08105E-01    1.59249E-01   -4.56589E-01    3.57241E-02    2.70525E-02
     4.80009E-01    2.05007E+00    1.12602E+00   -1.29789E-01    1.34558E+00   -4.79040E-01    2.05817E-02    2.19721E-01   -4.65590E-01    1.41324E-01   -1.19182E-01    1.54719E-01   -4.49396E-01    3.59704E-02    2.22238E-02
     4.90009E-01    2.01010E+00    1.12430E+00   -1.16408E-01    1.33050E+00   -4.78676E-01    5.20713E-02    2.15074E-01   -4.63742E-01    1.40080E-01   -1.29587E-01    1.50262E-01   -4.41924E-01    3.61688E-02    1.74719E-02
     5.00009E-01    1.97036E+00    1.12174E+00   -1.03182E-01    1.31465E+00   -4.78003E-01    8.22557E-02    2.10447E-01   -4.61515E-01    1.38734E-01   -1.39327E-01    1.45882E-01   -4.34206E-01    3.63202E-02    1.28113E-02
     5.10009E-01    1.93089E+00    1.11837E+00   -9.01173E-02    1.29810E+00   -4.77035E-01    1.11139E-01    2.05845E-01   -4.58922E-01    1.37295E-01   -1.48412E-01    1.41579E-01   -4.26270E-01    3.64254E-02    8.25468E-03
     5.20009E-01    1.89172E+00    1.11423E+00   -7.72218E-02    1.28091E+00   -4.75784E-01    1.38730E-01    2.01270E-01   -4.55979E-01    1.35768E-01   -1.56851E-01    1.37357E-01   -4.18147E-01    3.64857E-02    3.81399E-03
     5.30009E-01    1.85286E+00    1.10935E+00   -6.45010E-02    1.26316E+00   -4.74264E-01    1.65039E-01    1.96727E-01   -4.52702E-01    1.34160E-01   -1.64658E-01    1.33217E-01   -4.09862E-01    3.65021E-02   -5.00226E-04
     5.40009E-01    1.81434E+00    1.10375E+00   -5.19604E-02    1.24489E+00   -4.72488E-01    1.90081E-01    1.92217E-01   -4.49107E-01    1.32477E-01   -1.71845E-01    1.29160E-01   -4.01443E-01    3.64761E-02   -4.67859E-03
     5.50009E-01    1.77618E+00    1.09747E+00   -3.96048E-02    1.22617E+00   -4.70467E-01    2.13873E-01    1.87745E-01   -4.45208E-01    1.30725E-01   -1.78428E-01    1.25188E-01   -3.92914E-01    3.64091E-02   -8.71286E-03
     5.60009E-01    1.73840E+00    1.09054E+00   -2.74384E-02    1.20705E+00   -4.68214E-01    2.36433E-01    1.83314E-01   -4.41022E-01    1.28911E-01   -1.84422E-01    1.21302E-01   -3.84300E-01    3.63024E-02   -1.25959E-02
     5.70009E-01    1.70102E+00    1.08299E+00   -1.54649E-02    1.18760E+00   -4.65742E-01    2.57783E-01    1.78926E-01   -4.36564E-01    1.27039E-01   -1.89845E-01    1.17502E-01   -3.75622E-01    3.61577E-02   -1.63218E-02
     5.80009E-01    1.66405E+00    1.07485E+00   -3.68752E-03    1.16785E+00   -4.63063E-01    2.77947E-01    1.74584E-01   -4.31851E-01    1.25116E-01   -1.94714E-01    1.13790E-01   -3.66902E-01    3.59766E-02   -1.98855E-02
     5.90009E-01    1.62752E+00    1.06615E+00    7.89113E-03    1.14785E+00   -4.60187E-01    2.96949E-01    1.70290E-01   -4.26897E-01    1.23146E-01   -1.99048E-01    1.10164E-01   -3.58160E-01    3.57606E-02   -2.32830E-02
     6.00008E-01    1.59144E+00    1.05693E+00    1.92688E-02    1.12766E+00   -4.57128E-01    3.14815E-01    1.66046E-01   -4.21719E-01    1.21136E-01   -2.02865E-01    1.06627E-01   -3.49414E-01    3.55115E-02   -2.65114E-02
     6.10008E-01    1.55582E+00    1.04721E+00    3.04437E-02    1.10731E+00   -4.53895E-01    3.31574E-01    1.61856E-01   -4.16332E-01    1.19091E-01   -2.06186E-01    1.03176E-01   -3.40682E-01    3.52310E-02   -2.95685E-02
     6.20008E-01    1.52067E+00    1.03703E+00    4.14145E-02    1.08684E+00   -4.50500E-01    3.47253E-01    1.57721E-01   -4.10751E-01    1.17014E-01   -2.09028E-01    9.98129E-02   -3.31979E-01    3.49208E-02   -3.24530E-02
     6.30008E-01    1.48601E+00    1.02640E+00    5.21801E-02    1.06629E+00   -4.46953E-01    3.61882E-01    1.53642E-01   -4.04991E-01    1.14912E-01   -2.11413E-01    9.65365E-02   -3.23322E-01    3.45826E-02   -3.51645E-02
     6.40008E-01    1.45184E+00    1.01537E+00    6.27400E-02    1.04570E+00   -4.43265E-01    3.75491E-01    1.49621E-01   -3.99067E-01    1.12787E-01   -2.13361E-01    9.33463E-02   -3.14724E-01    3.42181E-02   -3.77032E-02
     6.50008E-01    1.41818E+00    1.00396E+00    7.30940E-02    1.02509E+00   -4.39447E-01    3.88111E-01    1.45661E-01   -3.92993E-01    1.10646E-01   -2.14891E-01    9.02418E-02   -3.06198E-01    3.38291E-02   -4.00702E-02
     6.60008E-01    1.38502E+00    9.92201E-01    8.32419E-02    1.00451E+00   -4.35506E-01    3.99772E-01    1.41762E-01   -3.86784E-01    1.08491E-01   -2.16024E-01    8.72221E-02   -2.97755E-01    3.34173E-02   -4.22670E-02
     6.70008E-01    1.35239E+00    9.80116E-01    9.31842E-02    9.83967E-01   -4.31454E-01    4.10506E-01    1.37926E-01   -3.80454E-01    1.06327E-01   -2.16779E-01    8.42864E-02   -2.89406E-01    3.29844E-02   -4.42958E-02
     6.80008E-01    1.32028E+00    9.67734E-01    1.02921E-01    9.63502E-01   -4.27299E-01    4.20344E-01    1.34153E-01   -3.74015E-01    1.04157E-01   -2.17176E-01    8.14336E-02   -2.81161E-01    3.25320E-02   -4.61593E-02
     6.90008E-01    1.28870E+00    9.55081E-01    1.12454E-01    9.43137E-01   -4.23050E-01    4.29317E-01    1.30446E-01   -3.67482E-01    1.01984E-01   -2.17236E-01    7.86628E-02   -2.73029E-01    3.20618E-02   -4.78607E-02
     7.00008E-01    1.25765E+00    9.42183E-01    1.21785E-01    9.22893E-01   -4.18716E-01    4.37457E-01    1.26804E-01   -3.60866E-01    9.98130E-02   -2.16976E-01    7.59727E-02   -2.65018E-01    3.15754E-02   -4.94036E-02
     7.10008E-01    1.22714E+00    9.29063E-01    1.30913E-01    9.02792E-01   -4.14304E-01    4.44794E-01    1.23229E-01   -3.54181E-01    9.76458E-02   -2.16415E-01    7.33620E-02   -2.57134E-01    3.10743E-02   -5.07919E-02
     7.20008E-01    1.19717E+00    9.15747E-01    1.39841E-01    8.82854E-01   -4.09823E-01    4.51361E-01    1.19720E-01   -3.47438E-01    9.54856E-02   -2.15573E-01    7.08295E-02   -2.49384E-01    3.05601E-02   -5.20301E-02
     7.30008E-01    1.16774E+00    9.02256E-01    1.48570E-01    8.63095E-01   -4.05279E-01    4.57187E-01    1.16280E-01   -3.40649E-01    9.33352E-02   -2.14467E-01    6.83739E-02   -2.41773E-01    3.00342E-02   -5.31226E-02
     7.40008E-01    1.13886E+00    8.88615E-01    1.57103E-01    8.43534E-01   -4.00681E-01    4.62303E-01    1.12908E-01   -3.33825E-01    9.11971E-02   -2.13115E-01    6.59936E-02   -2.34306E-01    2.94981E-02   -5.40744E-02
     7.50008E-01    1.11051E+00    8.74843E-01    1.65442E-01    8.24184E-01   -3.96035E-01    4.66739E-01    1.09604E-01   -3.26977E-01    8.90737E-02   -2.11534E-01    6.36873E-02   -2.26987E-01    2.89532E-02   -5.48905E-02
     7.60008E-01    1.08271E+00    8.60962E-01    1.73588E-01    8.05059E-01   -3.91349E-01    4.70524E-01    1.06368E-01   -3.20115E-01    8.69671E-02   -2.09740E-01    6.14534E-02   -2.19819E-01    2.84008E-02   -5.55761E-02
     7.70008E-01    1.05545E+00    8.46993E-01    1.81544E-01    7.86172E-01   -3.86627E-01    4.73687E-01    1.03201E-01   -3.13249E-01    8.48795E-02   -2.07750E-01    5.92904E-02   -2.12806E-01    2.78421E-02   -5.61366E-02
     7.80008E-01    1.02873E+00    8.32954E-01    1.89312E-01    7.67535E-01   -3.81877E-01    4.76256E-01    1.00103E-01   -3.06388E-01    8.28127E-02   -2.05578E-01    5.71968E-02   -2.05949E-01    2.72785E-02   -5.65773E-02
     7.90008E-01    1.00255E+00    8.18863E-01    1.96895E-01    7.49156E-01   -3.77104E-01    4.78261E-01    9.70735E-02   -2.99541E-01    8.07685E-02   -2.03241E-01    5.51709E-02   -1.99249E-01    2.67110E-02   -5.69039E-02
     8.00008E-01    9.76897E-01    8.04739E-01    2.04296E-01    7.31046E-01   -3.72313E-01    4.79727E-01    9.41122E-02   -2.92717E-01    7.87484E-02   -2.00752E-01    5.32113E-02   -1.92709E-01    2.61408E-02   -5.71217E-02
     8.10008E-01    9.51779E-01    7.90598E-01    2.11517E-01    7.13211E-01   -3.67511E-01    4.80682E-01    9.12191E-02   -2.85924E-01    7.67540E-02   -1.98124E-01    5.13162E-02   -1.86329E-01    2.55690E-02   -5.72364E-02
     8.20008E-01    9.27190E-01    7.76457E-01    2.18561E-01    6.95660E-01   -3.62701E-01    4.81151E-01    8.83936E-02   -2.79168E-01    7.47864E-02   -1.95373E-01    4.94842E-02   -1.80109E-01    2.49964E-02   -5.72535E-02
     8.30008E-01    9.03124E-01    7.62330E-01    2.25431E-01    6.78398E-01   -3.57890E-01    4.81161E-01    8.56355E-02   -2.72459E-01    7.28469E-02   -1.92509E-01    4.77135E-02   -1.74049E-01    2.44242E-02   -5.71784E-02
     8.40008E-01    8.79578E-01    7.48233E-01    2.32130E-01    6.61430E-01   -3.53080E-01    4.80735E-01    8.29443E-02   -2.65801E-01    7.09366E-02   -1.89545E-01    4.60027E-02   -1.68149E-01    2.38532E-02   -5.70167E-02
     8.50008E-01    8.56546E-01    7.34178E-01    2.38661E-01    6.44761E-01   -3.48276E-01    4.79899E-01    8.03194E-02   -2.59201E-01    6.90563E-02   -1.86493E-01    4.43500E-02   -1.62407E-01    2.32842E-02   -5.67735E-02
     8.60008E-01    8.34023E-01    7.20180E-01    2.45026E-01    6.28395E-01   -3.43483E-01    4.78675E-01    7.77601E-02   -2.52666E-01    6.72070E-02   -1.83363E-01    4.27540E-02   -1.56823E-01    2.27180E-02   -5.64543E-02
     8.70008E-01    8.12004E-01    7.06250E-01    2.51230E-01    6.12334E-01   -3.38704E-01    4.77086E-01    7.52658E-02   -2.46200E-01    6.53893E-02   -1.80166E-01    4.12130E-02   -1.51396E-01    2.21554E-02   -5.60641E-02
     8.80008E-01    7.90483E-01    6.92400E-01    2.57274E-01    5.96581E-01   -3.33943E-01    4.75155E-01    7.28358E-02   -2.39809E-01    6.36038E-02   -1.76912E-01    3.97256E-02   -1.46123E-01    2.15970E-02   -5.56079E-02
     8.90008E-01    7.69453E-01    6.78640E-01    2.63162E-01    5.81137E-01   -3.29202E-01    4.72902E-01    7.04694E-02   -2.33497E-01    6.18512E-02   -1.73611E-01    3.82901E-02   -1.41004E-01    2.10434E-02   -5.50906E-02
     9.00008E-01    7.48909E-01    6.64982E-01    2.68898E-01    5.66003E-01   -3.24485E-01    4.70349E-01    6.81656E-02   -2.27269E-01    6.01318E-02   -1.70270E-01    3.69050E-02   -1.36035E-01    2.04953E-02   -5.45171E-02
     9.10008E-01    7.28844E-01    6.51433E-01    2.74483E-01    5.51180E-01   -3.19796E-01    4.67514E-01    6.59237E-02   -2.21128E-01    5.84459E-02   -1.66898E-01    3.55689E-02   -1.31216E-01    1.99533E-02   -5.38918E-02
     9.20008E-01    7.09251E-01    6.38005E-01    2.79922E-01    5.36667E-01   -3.15136E-01    4.64419E-01    6.37428E-02   -2.15078E-01    5.67939E-02   -1.63503E-01    3.42802E-02   -1.26542E-01    1.94177E-02   -5.32192E-02
     9.30008E-01    6.90123E-01    6.24703E-01    2.85218E-01    5.22465E-01   -3.10508E-01    4.61080E-01    6.16219E-02   -2.09122E-01    5.51759E-02   -1.60093E-01    3.30375E-02   -1.22013E-01    1.88890E-02   -5.25037E-02
     9.40008E-01    6.71454E-01    6.11537E-01    2.90373E-01    5.08571E-01   -3.05915E-01    4.57516E-01    5.95600E-02   -2.03264E-01    5.35921E-02   -1.56674E-01    3.18395E-02   -1.17625E-01    1.83677E-02   -5.17492E-02
     9.50008E-01    6.53235E-01    5.98514E-01    2.95390E-01    4.94984E-01   -3.01359E-01    4.53744E-01    5.75563E-02   -1.97505E-01    5.20424E-02   -1.53253E-01    3.06846E-02   -1.13376E-01    1.78542E-02   -5.09598E-02
     9.60008E-01    6.35459E-01    5.85638E-01    3.00273E-01    4.81703E-01   -2.96841E-01    4.49780E-01    5.56096E-02   -1.91847E-01    5.05270E-02   -1.49835E-01    2.95715E-02   -1.09262E-01    1.73487E-02   -5.01392E-02
     9.70008E-01    6.18119E-01    5.72918E-01    3.05025E-01    4.68725E-01   -2.92364E-01    4.45641E-01    5.37190E-02   -1.86293E-01    4.90457E-02   -1.46426E-01    2.84989E-02   -1.05282E-01    1.68515E-02   -4.92910E-02
     9.80008E-01    6.01208E-01    5.60357E-01    3.09649E-01    4.56048E-01   -2.87929E-01    4.41340E-01    5.18834E-02   -1.80845E-01    4.75984E-02   -1.43032E-01    2.74655E-02   -1.01431E-01    1.63629E-02   -4.84186E-02
     9.90008E-01    5.84718E-01    5.47961E-01    3.14147E-01    4.43668E-01   -2.83538E-01    4.36894E-01    5.01018E-02   -1.75503E-01    4.61850E-02   -1.39657E-01    2.64699E-02   -9.77082E-02    1.58832E-02   -4.75254E-02
     1.00001E+00    5.68641E-01    5.35735E-01    3.18523E-01    4.31582E-01   -2.79191E-01    4.32316E-01    4.83730E-02   -1.70269E-01    4.48052E-02   -1.36305E-01    2.55109E-02   -9.41090E-02    1.54125E-02   -4.66144E-02
     1.01001E+00    5.52969E-01    5.23681E-01    3.22780E-01    4.19788E-01   -2.74892E-01    4.27618E-01    4.66960E-02   -1.65144E-01    4.34588E-02   -1.32981E-01    2.45873E-02   -9.06309E-02    1.49510E-02   -4.56885E-02
     1.02001E+00    5.37696E-01    5.11804E-01    3.26920E-01    4.08280E-01   -2.70639E-01    4.22813E-01    4.50698E-02   -1.60128E-01    4.21455E-02   -1.29687E-01    2.36979E-02   -8.72708E-02    1.44988E-02   -4.47506E-02
     1.03001E+00    5.22812E-01    5.00107E-01    3.30946E-01    3.97056E-01   -2.66436E-01    4.17914E-01    4.34931E-02   -1.55221E-01    4.08650E-02   -1.26429E-01    2.28415E-02   -8.40257E-02    1.40560E-02   -4.38031E-02
     1.04001E+00    5.08310E-01    4.88591E-01    3.34862E-01    3.86111E-01   -2.62281E-01    4.12931E-01    4.19650E-02   -1.50425E-01    3.96168E-02   -1.23207E-01    2.20170E-02   -8.08925E-02    1.36227E-02   -4.28485E-02
     1.05001E+00    4.94183E-01    4.77260E-01    3.38669E-01    3.75441E-01   -2.58177E-01    4.07876E-01    4.04843E-02   -1.45738E-01    3.84007E-02   -1.20027E-01    2.12233E-02   -7.78681E-02    1.31990E-02   -4.18892E-02
     1.06001E+00    4.80423E-01    4.66115E-01    3.42371E-01    3.65041E-01   -2.54124E-01    4.02759E-01    3.90499E-02   -1.41161E-01    3.72162E-02   -1.16889E-01    2.04593E-02   -7.49497E-02    1.27850E-02   -4.09273E-02
     1.07001E+00    4.67022E-01    4.55158E-01    3.45971E-01    3.54907E-01   -2.50122E-01    3.97589E-01    3.76607E-02   -1.36693E-01    3.60628E-02   -1.13796E-01    1.97240E-02   -7.21340E-02    1.23805E-02   -3.99647E-02
     1.08001E+00    4.53973E-01    4.44389E-01    3.49470E-01    3.45034E-01   -2.46173E-01    3.92375E-01    3.63156E-02   -1.32334E-01    3.49401E-02   -1.10750E-01    1.90163E-02   -6.94183E-02    1.19857E-02   -3.90034E-02
     1.09001E+00    4.41267E-01    4.33811E-01    3.52872E-01    3.35418E-01   -2.42275E-01    3.87126E-01    3.50136E-02   -1.28083E-01    3.38476E-02   -1.07753E-01    1.83353E-02   -6.67995E-02    1.16004E-02   -3.80450E-02
     1.10001E+00    4.28898E-01    4.23422E-01    3.56180E-01    3.26053E-01   -2.38430E-01    3.81851E-01    3.37536E-02   -1.23940E-01    3.27849E-02   -1.04807E-01    1.76800E-02   -6.42748E-02    1.12248E-02   -3.70912E-02
     1.11001E+00    4.16858E-01    4.13224E-01    3.59394E-01    3.16936E-01   -2.34638E-01    3.76556E-01    3.25345E-02   -1.19903E-01    3.17513E-02   -1.01912E-01    1.70495E-02   -6.18412E-02    1.08586E-02   -3.61433E-02
     1.12001E+00    4.05139E-01    4.03216E-01    3.62519E-01    3.08059E-01   -2.30899E-01    3.71249E-01    3.13552E-02   -1.15972E-01    3.07465E-02   -9.90693E-02    1.64429E-02   -5.94961E-02    1.05019E-02   -3.52029E-02
     1.13001E+00    3.93735E-01    3.93399E-01    3.65556E-01    2.99420E-01   -2.27213E-01    3.65937E-01    3.02147E-02   -1.12144E-01    2.97698E-02   -9.62807E-02    1.58593E-02   -5.72365E-02    1.01545E-02   -3.42711E-02
     1.14001E+00    3.82638E-01    3.83771E-01    3.68508E-01    2.91013E-01   -2.23580E-01    3.60626E-01    2.91120E-02   -1.08420E-01    2.88207E-02   -9.35466E-02    1.52979E-02   -5.50598E-02    9.81641E-03   -3.33489E-02
     1.15001E+00    3.71840E-01    3.74333E-01    3.71377E-01    2.82832E-01   -2.20001E-01    3.55322E-01    2.80460E-02   -1.04797E-01    2.78986E-02   -9.08676E-02    1.47578E-02   -5.29634E-02    9.48748E-03   -3.24376E-02
     1.16001E+00    3.61335E-01    3.65082E-01    3.74166E-01    2.74873E-01   -2.16474E-01    3.50031E-01    2.70157E-02   -1.01275E-01    2.70031E-02   -8.82441E-02    1.42383E-02   -5.09446E-02    9.16762E-03   -3.15379E-02
     1.17001E+00    3.51116E-01    3.56019E-01    3.76875E-01    2.67132E-01   -2.13000E-01    3.44756E-01    2.60202E-02   -9.78515E-02    2.61336E-02   -8.56765E-02    1.37387E-02   -4.90009E-02    8.85668E-03   -3.06507E-02
     1.18001E+00    3.41176E-01    3.47141E-01    3.79509E-01    2.59602E-01   -2.09579E-01    3.39504E-01    2.50584E-02   -9.45251E-02    2.52894E-02   -8.31648E-02    1.32581E-02   -4.71297E-02    8.55456E-03   -2.97768E-02
     1.19001E+00    3.31508E-01    3.38448E-01    3.82068E-01    2.52278E-01   -2.06210E-01    3.34279E-01    2.41293E-02   -9.12943E-02    2.44701E-02   -8.07093E-02    1.27958E-02   -4.53287E-02    8.26110E-03   -2.89167E-02
     1.20001E+00    3.22106E-01    3.29938E-01    3.84555E-01    2.45157E-01   -2.02893E-01    3.29084E-01    2.32322E-02   -8.81575E-02    2.36751E-02   -7.83098E-02    1.23513E-02   -4.35955E-02    7.97617E-03   -2.80712E-02
     1.21001E+00    3.12963E-01    3.21608E-01    3.86972E-01    2.38234E-01   -1.99628E-01    3.23924E-01    2.23659E-02   -8.51129E-02    2.29037E-02   -7.59662E-02    1.19237E-02   -4.19277E-02    7.69962E-03   -2.72406E-02
     1.22001E+00    3.04072E-01    3.13458E-01    3.89320E-01    2.31502E-01   -1.96414E-01    3.18802E-01    2.15296E-02   -8.21587E-02    2.21555E-02   -7.36782E-02    1.15125E-02   -4.03230E-02    7.43130E-03   -2.64255E-02
     1.23001E+00    2.95427E-01    3.05485E-01    3.91603E-01    2.24958E-01   -1.93252E-01    3.13720E-01    2.07224E-02   -7.92933E-02    2.14300E-02   -7.14456E-02    1.11170E-02   -3.87794E-02    7.17106E-03   -2.56261E-02
     1.24001E+00    2.87023E-01    2.97688E-01    3.93820E-01    2.18597E-01   -1.90140E-01    3.08683E-01    1.99435E-02   -7.65148E-02    2.07265E-02   -6.92680E-02    1.07367E-02   -3.72946E-02    6.91872E-03   -2.48429E-02
     1.25001E+00    2.78852E-01    2.90063E-01    3.95975E-01    2.12415E-01   -1.87078E-01    3.03692E-01    1.91919E-02   -7.38213E-02    2.00444E-02   -6.71448E-02    1.03710E-02   -3.58666E-02    6.67414E-03   -2.40760E-02
     1.26001E+00    2.70909E-01    2.82609E-01    3.98069E-01    2.06406E-01   -1.84066E-01    2.98750E-01    1.84668E-02   -7.12111E-02    1.93834E-02   -6.50755E-02    1.00192E-02   -3.44933E-02    6.43715E-03   -2.33256E-02
     1.27001E+00    2.63188E-01    2.75324E-01    4.00104E-01    2.00567E-01   -1.81103E-01    2.93859E-01    1.77674E-02   -6.86823E-02    1.87428E-02   -6.30595E-02    9.68093E-03   -3.31728E-02    6.20757E-03   -2.25919E-02
     1.28001E+00    2.55684E-01    2.68205E-01    4.02081E-01    1.94892E-01   -1.78189E-01    2.89021E-01    1.70929E-02   -6.62330E-02    1.81220E-02   -6.10962E-02    9.35559E-03   -3.19032E-02    5.98525E-03   -2.18750E-02
     1.29001E+00    2.48390E-01    2.61250E-01    4.04002E-01    1.89378E-01   -1.75322E-01    2.84238E-01    1.64424E-02   -6.38614E-02    1.75207E-02   -5.91849E-02    9.04270E-03   -3.06827E-02    5.77001E-03   -2.11749E-02
     1.30001E+00    2.41301E-01    2.54456E-01    4.05869E-01    1.84020E-01   -1.72504E-01    2.79512E-01    1.58154E-02   -6.15656E-02    1.69382E-02   -5.73248E-02    8.74178E-03   -2.95093E-02    5.56169E-03   -2.04916E-02
     1.31001E+00    2.34412E-01    2.47821E-01    4.07683E-01    1.78814E-01   -1.69732E-01    2.74843E-01    1.52109E-02   -5.93438E-02    1.63740E-02   -5.55151E-02    8.45237E-03   -2.83815E-02    5.36012E-03   -1.98252E-02
     1.32001E+00    2.27717E-01    2.41341E-01    4.09446E-01    1.73757E-01   -1.67007E-01    2.70233E-01    1.46283E-02   -5.71941E-02    1.58277E-02   -5.37551E-02    8.17401E-03   -2.72975E-02    5.16513E-03   -1.91756E-02
     1.33001E+00    2.21211E-01    2.35016E-01    4.11159E-01    1.68843E-01   -1.64327E-01    2.65683E-01    1.40668E-02   -5.51147E-02    1.52987E-02   -5.20438E-02    7.90628E-03   -2.62557E-02    4.97655E-03   -1.85427E-02
     1.34001E+00    2.14890E-01    2.28841E-01    4.12823E-01    1.64069E-01   -1.61693E-01    2.61193E-01    1.35257E-02   -5.31038E-02    1.47867E-02   -5.03805E-02    7.64876E-03   -2.52545E-02    4.79422E-03   -1.79263E-02
     1.35001E+00    2.08748E-01    2.22815E-01    4.14441E-01    1.59432E-01   -1.59103E-01    2.56766E-01    1.30045E-02   -5.11595E-02    1.42910E-02   -4.87643E-02    7.40106E-03   -2.42925E-02    4.61797E-03   -1.73264E-02
     1.36001E+00    2.02780E-01    2.16934E-01    4.16012E-01    1.54927E-01   -1.56557E-01    2.52400E-01    1.25023E-02   -4.92802E-02    1.38112E-02   -4.71942E-02    7.16279E-03   -2.33680E-02    4.44763E-03   -1.67428E-02
     1.37001E+00    1.96982E-01    2.11196E-01    4.17540E-01    1.50551E-01   -1.54055E-01    2.48097E-01    1.20187E-02   -4.74639E-02    1.33469E-02   -4.56693E-02    6.93358E-03   -2.24798E-02    4.28305E-03   -1.61752E-02
     1.38001E+00    1.91348E-01    2.05598E-01    4.19024E-01    1.46300E-01   -1.51595E-01    2.43857E-01    1.15529E-02   -4.57090E-02    1.28977E-02   -4.41887E-02    6.71307E-03   -2.16264E-02    4.12407E-03   -1.56236E-02
     1.39001E+00    1.85876E-01    2.00138E-01    4.20466E-01    1.42171E-01   -1.49177E-01    2.39680E-01    1.11043E-02   -4.40137E-02    1.24630E-02   -4.27515E-02    6.50094E-03   -2.08066E-02    3.97053E-03   -1.50876E-02
     1.40001E+00    1.80559E-01    1.94813E-01    4.21867E-01    1.38161E-01   -1.46801E-01    2.35566E-01    1.06724E-02   -4.23764E-02    1.20425E-02   -4.13567E-02    6.29684E-03   -2.00189E-02    3.82226E-03   -1.45671E-02
     1.41001E+00    1.75394E-01    1.89620E-01    4.23230E-01    1.34265E-01   -1.44466E-01    2.31516E-01    1.02566E-02   -4.07953E-02    1.16358E-02   -4.00034E-02    6.10046E-03   -1.92623E-02    3.67913E-03   -1.40618E-02
     1.42001E+00    1.70377E-01    1.84556E-01    4.24553E-01    1.30481E-01   -1.42171E-01    2.27529E-01    9.85630E-03   -3.92689E-02    1.12423E-02   -3.86906E-02    5.91149E-03   -1.85354E-02    3.54097E-03   -1.35714E-02
     1.43001E+00    1.65504E-01    1.79620E-01    4.25839E-01    1.26805E-01   -1.39915E-01    2.23606E-01    9.47103E-03   -3.77956E-02    1.08618E-02   -3.74174E-02    5.72965E-03   -1.78372E-02    3.40765E-03   -1.30958E-02
     1.44001E+00    1.60769E-01    1.74807E-01    4.27090E-01    1.23235E-01   -1.37698E-01    2.19746E-01    9.10022E-03   -3.63736E-02    1.04938E-02   -3.61828E-02    5.55466E-03   -1.71666E-02    3.27901E-03   -1.26345E-02
     1.45001E+00    1.56171E-01    1.70117E-01    4.28305E-01    1.19768E-01   -1.35520E-01    2.15948E-01    8.74339E-03   -3.50016E-02    1.01380E-02   -3.49860E-02    5.38624E-03   -1.65224E-02    3.15491E-03   -1.21873E-02
     1.46001E+00    1.51704E-01    1.65545E-01    4.29485E-01    1.16400E-01   -1.33379E-01    2.12213E-01    8.40003E-03   -3.36780E-02    9.79400E-03   -3.38260E-02    5.22413E-03   -1.59036E-02    3.03521E-03   -1.17540E-02
     1.47001E+00    1.47366E-01    1.61091E-01    4.30633E-01    1.13129E-01   -1.31276E-01    2.08541E-01    8.06968E-03   -3.24012E-02    9.46140E-03   -3.27018E-02    5.06808E-03   -1.53093E-02    2.91978E-03   -1.13342E-02
     1.48001E+00    1.43152E-01    1.56750E-01    4.31748E-01    1.09951E-01   -1.29208E-01    2.04930E-01    7.75186E-03   -3.11698E-02    9.13985E-03   -3.16125E-02    4.91786E-03   -1.47385E-02    2.80848E-03   -1.09276E-02
     1.49001E+00    1.39059E-01    1.52520E-01    4.32832E-01    1.06865E-01   -1.27177E-01    2.01380E-01    7.44613E-03   -2.99825E-02    8.82903E-03   -3.05573E-02    4.77324E-03   -1.41902E-02    2.70118E-03   -1.05340E-02
     1.50001E+00    1.35084E-01    1.48400E-01    4.33886E-01    1.03868E-01   -1.25180E-01    1.97892E-01    7.15207E-03   -2.88377E-02    8.52860E-03   -2.95352E-02    4.63399E-03   -1.36636E-02    2.59776E-03   -1.01530E-02
     1.51001E+00    1.31224E-01    1.44386E-01    4.34910E-01    1.00956E-01   -1.23219E-01    1.94463E-01    6.86924E-03   -2.77342E-02    8.23822E-03   -2.85454E-02    4.49990E-03   -1.31578E-02    2.49808E-03   -9.78441E-03
     1.52001E+00    1.27474E-01    1.40476E-01    4.35905E-01    9.81284E-02   -1.21291E-01    1.91094E-01    6.59725E-03   -2.66706E-02    7.95759E-03   -2.75869E-02    4.37077E-03   -1.26721E-02    2.40203E-03   -9.42781E-03
     1.53001E+00    1.23832E-01    1.36668E-01    4.36873E-01    9.53815E-02   -1.19397E-01    1.87784E-01    6.33571E-03   -2.56456E-02    7.68638E-03   -2.66590E-02    4.24639E-03   -1.22055E-02    2.30948E-03   -9.08295E-03
     1.54001E+00    1.20295E-01    1.32960E-01    4.37813E-01    9.27135E-02   -1.17535E-01    1.84533E-01    6.08422E-03   -2.46580E-02    7.42431E-03   -2.57608E-02    4.12659E-03   -1.17574E-02    2.22033E-03   -8.74951E-03
     1.55001E+00    1.16860E-01    1.29348E-01    4.38727E-01    9.01219E-02   -1.15706E-01    1.81339E-01    5.84243E-03   -2.37065E-02    7.17107E-03   -2.48914E-02    4.01119E-03   -1.13270E-02    2.13445E-03   -8.42721E-03
     1.56001E+00    1.13524E-01    1.25832E-01    4.39616E-01    8.76046E-02   -1.13908E-01    1.78202E-01    5.60997E-03   -2.27899E-02    6.92639E-03   -2.40501E-02    3.90000E-03   -1.09136E-02    2.05174E-03   -8.11574E-03
     1.57001E+00    1.10284E-01    1.22408E-01    4.40479E-01    8.51594E-02   -1.12142E-01    1.75122E-01    5.38652E-03   -2.19071E-02    6.68998E-03   -2.32359E-02    3.79286E-03   -1.05165E-02    1.97210E-03   -7.81481E-03
     1.58001E+00    1.07138E-01    1.19074E-01    4.41319E-01    8.27842E-02   -1.10406E-01    1.72097E-01    5.17172E-03   -2.10569E-02    6.46158E-03   -2.24483E-02    3.68962E-03   -1.01351E-02    1.89541E-03   -7.52413E-03
     1.59001E+00    1.04082E-01    1.15828E-01    4.42135E-01    8.04769E-02   -1.08699E-01    1.69127E-01    4.96528E-03   -2.02382E-02    6.24093E-03   -2.16863E-02    3.59011E-03   -9.76878E-03    1.82158E-03   -7.24340E-03
     1.60001E+00    1.01115E-01    1.12669E-01    4.42929E-01    7.82357E-02   -1.07023E-01    1.66211E-01    4.76686E-03   -1.94500E-02    6.02778E-03   -2.09493E-02    3.49419E-03   -9.41690E-03    1.75051E-03   -6.97236E-03
     1.61001E+00    9.82326E-02    1.09593E-01    4.43700E-01    7.60586E-02   -1.05375E-01    1.63349E-01    4.57618E-03   -1.86912E-02    5.82187E-03   -2.02364E-02    3.40173E-03   -9.07888E-03    1.68210E-03   -6.71070E-03
     1.62001E+00    9.54337E-02    1.06600E-01    4.44450E-01    7.39436E-02   -1.03756E-01    1.60539E-01    4.39294E-03   -1.79607E-02    5.62297E-03   -1.95470E-02    3.31257E-03   -8.75418E-03    1.61626E-03   -6.45817E-03
     1.63001E+00    9.27155E-02    1.03686E-01    4.45179E-01    7.18890E-02   -1.02164E-01    1.57780E-01    4.21687E-03   -1.72577E-02    5.43085E-03   -1.88804E-02    3.22660E-03   -8.44225E-03    1.55290E-03   -6.21449E-03
     1.64001E+00    9.00758E-02    1.00850E-01    4.45888E-01    6.98931E-02   -1.00600E-01    1.55073E-01    4.04770E-03   -1.65811E-02    5.24529E-03   -1.82359E-02    3.14369E-03   -8.14259E-03    1.49194E-03   -5.97939E-03
     1.65001E+00    8.75122E-02    9.80899E-02    4.46577E-01    6.79541E-02   -9.90625E-02    1.52416E-01    3.88517E-03   -1.59300E-02    5.06606E-03   -1.76127E-02    3.06371E-03   -7.85471E-03    1.43329E-03   -5.75260E-03
     1.66001E+00    8.50226E-02    9.54040E-02    4.47248E-01    6.60703E-02   -9.75514E-02    1.49808E-01    3.72902E-03   -1.53036E-02    4.89297E-03   -1.70103E-02    2.98656E-03   -7.57812E-03    1.37686E-03   -5.53389E-03
     1.67001E+00    8.26048E-02    9.27904E-02    4.47899E-01    6.42403E-02   -9.60662E-02    1.47249E-01    3.57902E-03   -1.47009E-02    4.72579E-03   -1.64280E-02    2.91211E-03   -7.31238E-03    1.32258E-03   -5.32298E-03
     1.68001E+00    8.02567E-02    9.02471E-02    4.48532E-01    6.24623E-02   -9.46063E-02    1.44737E-01    3.43493E-03   -1.41212E-02    4.56434E-03   -1.58652E-02    2.84027E-03   -7.05704E-03    1.27037E-03   -5.11965E-03
     1.69001E+00    7.79763E-02    8.77724E-02    4.49148E-01    6.07348E-02   -9.31713E-02    1.42272E-01    3.29652E-03   -1.35635E-02    4.40842E-03   -1.53213E-02    2.77094E-03   -6.81169E-03    1.22016E-03   -4.92364E-03
     1.70001E+00    7.57617E-02    8.53645E-02    4.49747E-01    5.90565E-02   -9.17607E-02    1.39854E-01    3.16359E-03   -1.30271E-02    4.25786E-03   -1.47957E-02    2.70401E-03   -6.57592E-03    1.17188E-03   -4.73472E-03
     1.71001E+00    7.36110E-02    8.30218E-02    4.50330E-01    5.74258E-02   -9.03741E-02    1.37481E-01    3.03591E-03   -1.25113E-02    4.11245E-03   -1.42877E-02    2.63939E-03   -6.34935E-03    1.12544E-03   -4.55267E-03
     1.72001E+00    7.15222E-02    8.07425E-02    4.50896E-01    5.58414E-02   -8.90110E-02    1.35152E-01    2.91330E-03   -1.20152E-02    3.97204E-03   -1.37970E-02    2.57699E-03   -6.13160E-03    1.08080E-03   -4.37726E-03
     1.73001E+00    6.94937E-02    7.85251E-02    4.51447E-01    5.43020E-02   -8.76709E-02    1.32868E-01    2.79554E-03   -1.15382E-02    3.83646E-03   -1.33228E-02    2.51673E-03   -5.92232E-03    1.03787E-03   -4.20827E-03
     1.74001E+00    6.75236E-02    7.63678E-02    4.51982E-01    5.28061E-02   -8.63535E-02    1.30626E-01    2.68247E-03   -1.10796E-02    3.70554E-03   -1.28646E-02    2.45852E-03   -5.72116E-03    9.96610E-04   -4.04549E-03
     1.75001E+00    6.56103E-02    7.42692E-02    4.52503E-01    5.13527E-02   -8.50582E-02    1.28426E-01    2.57389E-03   -1.06387E-02    3.57912E-03   -1.24221E-02    2.40228E-03   -5.52780E-03    9.56944E-04   -3.88871E-03
     1.76001E+00    6.37521E-02    7.22278E-02    4.53009E-01    4.99403E-02   -8.37848E-02    1.26268E-01    2.46964E-03   -1.02149E-02    3.45705E-03   -1.19945E-02    2.34794E-03   -5.34192E-03    9.18816E-04   -3.73773E-03
     1.77001E+00    6.19474E-02    7.02420E-02    4.53502E-01    4.85679E-02   -8.25327E-02    1.24151E-01    2.36954E-03   -9.80750E-03    3.33918E-03   -1.15816E-02    2.29542E-03   -5.16323E-03    8.82169E-04   -3.59235E-03
     1.78001E+00    6.01947E-02    6.83103E-02    4.53981E-01    4.72343E-02   -8.13017E-02    1.22074E-01    2.27344E-03   -9.41592E-03    3.22537E-03   -1.11827E-02    2.24465E-03   -4.99142E-03    8.46949E-04   -3.45239E-03
     1.79001E+00    5.84924E-02    6.64314E-02    4.54447E-01    4.59383E-02   -8.00911E-02    1.20036E-01    2.18117E-03   -9.03957E-03    3.11548E-03   -1.07974E-02    2.19557E-03   -4.82621E-03    8.13103E-04   -3.31765E-03
     1.80001E+00    5.68390E-02    6.46039E-02    4.54900E-01    4.46788E-02   -7.89008E-02    1.18036E-01    2.09260E-03   -8.67789E-03    3.00938E-03   -1.04254E-02    2.14811E-03   -4.66736E-03    7.80578E-04   -3.18796E-03
     1.81001E+00    5.52333E-02    6.28263E-02    4.55340E-01    4.34549E-02   -7.77303E-02    1.16074E-01    2.00757E-03   -8.33033E-03    2.90693E-03   -1.00660E-02    2.10220E-03   -4.51458E-03    7.49326E-04   -3.06315E-03
     1.82001E+00    5.36737E-02    6.10975E-02    4.55769E-01    4.22654E-02   -7.65792E-02    1.14150E-01    1.92595E-03   -7.99636E-03    2.80801E-03   -9.71902E-03    2.05780E-03   -4.36765E-03    7.19299E-04   -2.94303E-03
     1.83001E+00    5.21589E-02    5.94160E-02    4.56186E-01    4.11094E-02   -7.54472E-02    1.12261E-01    1.84760E-03   -7.67547E-03    2.71251E-03   -9.38393E-03    2.01483E-03   -4.22632E-03    6.90449E-04   -2.82746E-03
     1.84001E+00    5.06877E-02    5.77806E-02    4.56591E-01    3.99858E-02   -7.43339E-02    1.10408E-01    1.77239E-03   -7.36718E-03    2.62030E-03   -9.06035E-03    1.97325E-03   -4.09037E-03    6.62734E-04   -2.71626E-03
     1.85001E+00    4.92587E-02    5.61901E-02    4.56986E-01    3.88939E-02   -7.32389E-02    1.08591E-01    1.70021E-03   -7.07100E-03    2.53127E-03   -8.74792E-03    1.93301E-03   -3.95957E-03    6.36109E-04   -2.60928E-03
     1.86001E+00    4.78708E-02    5.46433E-02    4.57369E-01    3.78326E-02   -7.21620E-02    1.06807E-01    1.63094E-03   -6.78647E-03    2.44530E-03   -8.44624E-03    1.89404E-03   -3.83373E-03    6.10534E-04   -2.50638E-03
     1.87001E+00    4.65226E-02    5.31390E-02    4.57742E-01    3.68010E-02   -7.11027E-02    1.05057E-01    1.56445E-03   -6.51316E-03    2.36231E-03   -8.15497E-03    1.85632E-03   -3.71264E-03    5.85968E-04   -2.40740E-03
     1.88001E+00    4.52132E-02    5.16761E-02    4.58105E-01    3.57984E-02   -7.00607E-02    1.03341E-01    1.50064E-03   -6.25064E-03    2.28217E-03   -7.87375E-03    1.81978E-03   -3.59611E-03    5.62372E-04   -2.31221E-03
     1.89001E+00    4.39413E-02    5.02534E-02    4.58458E-01    3.48238E-02   -6.90357E-02    1.01656E-01    1.43940E-03   -5.99849E-03    2.20480E-03   -7.60225E-03    1.78438E-03   -3.48395E-03    5.39710E-04   -2.22067E-03
     1.90001E+00    4.27059E-02    4.88699E-02    4.58802E-01    3.38765E-02   -6.80275E-02    1.00003E-01    1.38063E-03   -5.75632E-03    2.13010E-03   -7.34013E-03    1.75008E-03   -3.37599E-03    5.17946E-04   -2.13264E-03
     1.91001E+00    4.15058E-02    4.75244E-02    4.59136E-01    3.29557E-02   -6.70356E-02    9.83817E-02    1.32424E-03   -5.52375E-03    2.05797E-03   -7.08708E-03    1.71685E-03   -3.27206E-03    4.97045E-04   -2.04800E-03
     1.92001E+00    4.03401E-02    4.62161E-02    4.59461E-01    3.20606E-02   -6.60597E-02    9.67905E-02    1.27013E-03   -5.30041E-03    1.98833E-03   -6.84279E-03    1.68463E-03   -3.17200E-03    4.76975E-04   -1.96663E-03
     1.93001E+00    3.92078E-02    4.49438E-02    4.59777E-01    3.11904E-02   -6.50997E-02    9.52291E-02    1.21820E-03   -5.08594E-03    1.92108E-03   -6.60697E-03    1.65339E-03   -3.07566E-03    4.57702E-04   -1.88840E-03
     1.94001E+00    3.81079E-02    4.37067E-02    4.60085E-01    3.03446E-02   -6.41551E-02    9.36971E-02    1.16838E-03   -4.88000E-03    1.85616E-03   -6.37932E-03    1.62310E-03   -2.98287E-03    4.39196E-04   -1.81321E-03
     1.95001E+00    3.70395E-02    4.25036E-02    4.60384E-01    2.95222E-02   -6.32256E-02    9.21937E-02    1.12058E-03   -4.68227E-03    1.79347E-03   -6.15957E-03    1.59372E-03   -2.89350E-03    4.21427E-04   -1.74093E-03
     1.96001E+00    3.60016E-02    4.13338E-02    4.60676E-01    2.87228E-02   -6.23111E-02    9.07184E-02    1.07471E-03   -4.49242E-03    1.73294E-03   -5.94744E-03    1.56522E-03   -2.80742E-03    4.04367E-04   -1.67146E-03
     1.97001E+00    3.49933E-02    4.01963E-02    4.60959E-01    2.79456E-02   -6.14112E-02    8.92707E-02    1.03070E-03   -4.31014E-03    1.67450E-03   -5.74268E-03    1.53757E-03   -2.72449E-03    3.87988E-04   -1.60469E-03
     1.98001E+00    3.40138E-02    3.90902E-02    4.61234E-01    2.71900E-02   -6.05256E-02    8.78501E-02    9.88483E-04   -4.13515E-03    1.61807E-03   -5.54503E-03    1.51072E-03   -2.64458E-03    3.72264E-04   -1.54053E-03
     1.99001E+00    3.30623E-02    3.80146E-02    4.61503E-01    2.64554E-02   -5.96541E-02    8.64559E-02    9.47978E-04   -3.96716E-03    1.56357E-03   -5.35425E-03    1.48467E-03   -2.56757E-03    3.57169E-04   -1.47888E-03
     2.00000E+00    3.21380E-02    3.69688E-02    4.61764E-01    2.57412E-02   -5.87964E-02    8.50876E-02    9.09118E-04   -3.80590E-03    1.51096E-03   -5.17010E-03    1.45936E-03   -2.49335E-03    3.42678E-04   -1.41964E-03
     2.01000E+00    3.12400E-02    3.59519E-02    4.62018E-01    2.50468E-02   -5.79523E-02    8.37448E-02    8.71838E-04   -3.65110E-03    1.46015E-03   -4.99235E-03    1.43479E-03   -2.42181E-03    3.28768E-04   -1.36272E-03
     2.02000E+00    3.03676E-02    3.49631E-02    4.62265E-01    2.43716E-02   -5.71214E-02    8.24269E-02    8.36076E-04   -3.50251E-03    1.41109E-03   -4.82079E-03    1.41092E-03   -2.35284E-03    3.15415E-04   -1.30804E-03
     2.03000E+00    2.95200E-02    3.40016E-02    4.62505E-01    2.37151E-02   -5.63037E-02    8.11334E-02    8.01769E-04   -3.35989E-03    1.36372E-03   -4.65519E-03    1.38772E-03   -2.28633E-03    3.02599E-04   -1.25550E-03
     2.04000E+00    2.86966E-02    3.30667E-02    4.62739E-01    2.30767E-02   -5.54987E-02    7.98639E-02    7.68859E-04   -3.22300E-03    1.31797E-03   -4.49536E-03    1.36518E-03   -2.22219E-03    2.90298E-04   -1.20504E-03
     2.05000E+00    2.78966E-02    3.21577E-02    4.62967E-01    2.24560E-02   -5.47063E-02    7.86178E-02    7.37290E-04   -3.09162E-03    1.27379E-03   -4.34109E-03    1.34327E-03   -2.16033E-03    2.78491E-04   -1.15656E-03
     2.06000E+00    2.71193E-02    3.12738E-02    4.63188E-01    2.18524E-02   -5.39263E-02    7.73947E-02    7.07009E-04   -2.96553E-03    1.23113E-03   -4.19219E-03    1.32197E-03   -2.10065E-03    2.67160E-04   -1.11000E-03
     2.07000E+00    2.63641E-02    3.04144E-02    4.63404E-01    2.12654E-02   -5.31583E-02    7.61940E-02    6.77963E-04   -2.84452E-03    1.18993E-03   -4.04847E-03    1.30125E-03   -2.04307E-03    2.56285E-04   -1.06528E-03
     2.08000E+00    2.56304E-02    2.95788E-02    4.63614E-01    2.06947E-02   -5.24023E-02    7.50155E-02    6.50103E-04   -2.72839E-03    1.15014E-03   -3.90976E-03    1.28110E-03   -1.98750E-03    2.45848E-04   -1.02233E-03
     2.09000E+00    2.49175E-02    2.87662E-02    4.63818E-01    2.01396E-02   -5.16580E-02    7.38586E-02    6.23380E-04   -2.61695E-03    1.11172E-03   -3.77587E-03    1.26150E-03   -1.93387E-03    2.35832E-04   -9.81081E-04
     2.10000E+00    2.42249E-02    2.79762E-02    4.64016E-01    1.95998E-02   -5.09251E-02    7.27228E-02    5.97749E-04   -2.51002E-03    1.07461E-03   -3.64665E-03    1.24242E-03   -1.88210E-03    2.26221E-04   -9.41470E-04
     2.11000E+00    2.35519E-02    2.72080E-02    4.64210E-01    1.90749E-02   -5.02034E-02    7.16079E-02    5.73165E-04   -2.40740E-03    1.03877E-03   -3.52192E-03    1.22385E-03   -1.83211E-03    2.16997E-04   -9.03432E-04
     2.12000E+00    2.28979E-02    2.64611E-02    4.64398E-01    1.85644E-02   -4.94929E-02    7.05132E-02    5.49587E-04   -2.30894E-03    1.00416E-03   -3.40154E-03    1.20577E-03   -1.78384E-03    2.08146E-04   -8.66908E-04
     2.13000E+00    2.22625E-02    2.57349E-02    4.64581E-01    1.80679E-02   -4.87931E-02    6.94385E-02    5.26973E-04   -2.21447E-03    9.70727E-04   -3.28534E-03    1.18817E-03   -1.73722E-03    1.99654E-04   -8.31838E-04
     2.14000E+00    2.16451E-02    2.50287E-02    4.64759E-01    1.75850E-02   -4.81040E-02    6.83834E-02    5.05285E-04   -2.12383E-03    9.38437E-04   -3.17319E-03    1.17102E-03   -1.69218E-03    1.91505E-04   -7.98166E-04
     2.15000E+00    2.10451E-02    2.43421E-02    4.64933E-01    1.71153E-02   -4.74254E-02    6.73474E-02    4.84484E-04   -2.03686E-03    9.07250E-04   -3.06494E-03    1.15432E-03   -1.64866E-03    1.83686E-04   -7.65837E-04
     2.16000E+00    2.04622E-02    2.36745E-02    4.65102E-01    1.66585E-02   -4.67570E-02    6.63301E-02    4.64536E-04   -1.95342E-03    8.77126E-04   -2.96046E-03    1.13804E-03   -1.60661E-03    1.76183E-04   -7.34800E-04
     2.17000E+00    1.98957E-02    2.30254E-02    4.65266E-01    1.62143E-02   -4.60987E-02    6.53313E-02    4.45405E-04   -1.87336E-03    8.48029E-04   -2.85961E-03    1.12218E-03   -1.56596E-03    1.68985E-04   -7.05004E-04
     2.18000E+00    1.93452E-02    2.23942E-02    4.65426E-01    1.57821E-02   -4.54503E-02    6.43504E-02    4.27058E-04   -1.79656E-03    8.19922E-04   -2.76227E-03    1.10672E-03   -1.52666E-03    1.62079E-04   -6.76400E-04
     2.19000E+00    1.88102E-02    2.17805E-02    4.65582E-01    1.53618E-02   -4.48117E-02    6.33873E-02    4.09463E-04   -1.72289E-03    7.92772E-04   -2.66832E-03    1.09164E-03   -1.48866E-03    1.55453E-04   -6.48943E-04
     2.20000E+00    1.82903E-02    2.11837E-02    4.65733E-01    1.49529E-02   -4.41825E-02    6.24414E-02    3.92590E-04   -1.65220E-03    7.66545E-04   -2.57762E-03    1.07694E-03   -1.45190E-03    1.49096E-04   -6.22586E-04
     2.21000E+00    1.77851E-02    2.06035E-02    4.65881E-01    1.45551E-02   -4.35628E-02    6.15125E-02    3.76410E-04   -1.58440E-03    7.41209E-04   -2.49008E-03    1.06260E-03   -1.41635E-03    1.42998E-04   -5.97287E-04
     2.22000E+00    1.72942E-02    2.00393E-02    4.66024E-01    1.41683E-02   -4.29522E-02    6.06002E-02    3.60893E-04   -1.51936E-03    7.16733E-04   -2.40558E-03    1.04861E-03   -1.38195E-03    1.37147E-04   -5.73004E-04
     2.23000E+00    1.68170E-02    1.94907E-02    4.66164E-01    1.37919E-02   -4.23507E-02    5.97042E-02    3.46014E-04   -1.45697E-03    6.93088E-04   -2.32402E-03    1.03496E-03   -1.34866E-03    1.31534E-04   -5.49698E-04
     2.24000E+00    1.63533E-02    1.89573E-02    4.66300E-01    1.34258E-02   -4.17581E-02    5.88242E-02    3.31745E-04   -1.39712E-03    6.70244E-04   -2.24528E-03    1.02163E-03   -1.31644E-03    1.26150E-04   -5.27329E-04
     2.25000E+00    1.59027E-02    1.84386E-02    4.66433E-01    1.30696E-02   -4.11742E-02    5.79598E-02    3.18063E-04   -1.33971E-03    6.48173E-04   -2.16928E-03    1.00863E-03   -1.28524E-03    1.20984E-04   -5.05861E-04
     2.26000E+00    1.54647E-02    1.79343E-02    4.66562E-01    1.27231E-02   -4.05989E-02    5.71108E-02    3.04944E-04   -1.28465E-03    6.26849E-04   -2.09591E-03    9.95927E-04   -1.25503E-03    1.16029E-04   -4.85258E-04
     2.27000E+00    1.50390E-02    1.74439E-02    4.66687E-01    1.23861E-02   -4.00319E-02    5.62768E-02    2.92363E-04   -1.23183E-03    6.06247E-04   -2.02509E-03    9.83523E-04   -1.22577E-03    1.11276E-04   -4.65486E-04
     2.28000E+00    1.46253E-02    1.69670E-02    4.66809E-01    1.20581E-02   -3.94733E-02    5.54576E-02    2.80300E-04   -1.18117E-03    5.86340E-04   -1.95672E-03    9.71408E-04   -1.19743E-03    1.06717E-04   -4.46511E-04
     2.29000E+00    1.42232E-02    1.65033E-02    4.66928E-01    1.17391E-02   -3.89227E-02    5.46528E-02    2.68733E-04   -1.13259E-03    5.67104E-04   -1.89071E-03    9.59572E-04   -1.16996E-03    1.02343E-04   -4.28303E-04
     2.30000E+00    1.38323E-02    1.60525E-02    4.67044E-01    1.14287E-02   -3.83802E-02    5.38622E-02    2.57641E-04   -1.08599E-03    5.48518E-04   -1.82700E-03    9.48006E-04   -1.14334E-03    9.81480E-05   -4.10831E-04
     2.31000E+00    1.34525E-02    1.56140E-02    4.67157E-01    1.11266E-02   -3.78454E-02    5.30854E-02    2.47007E-04   -1.04129E-03    5.30557E-04   -1.76548E-03    9.36702E-04   -1.11753E-03    9.41240E-05   -3.94065E-04
     2.32000E+00    1.30832E-02    1.51877E-02    4.67267E-01    1.08328E-02   -3.73184E-02    5.23223E-02    2.36810E-04   -9.98425E-04    5.13201E-04   -1.70609E-03    9.25653E-04   -1.09251E-03    9.02643E-05   -3.77978E-04
     2.33000E+00    1.27243E-02    1.47731E-02    4.67374E-01    1.05469E-02   -3.67990E-02    5.15725E-02    2.27032E-04   -9.57315E-04    4.96429E-04   -1.64876E-03    9.14850E-04   -1.06823E-03    8.65621E-05   -3.62542E-04
     2.34000E+00    1.23755E-02    1.43700E-02    4.67478E-01    1.02687E-02   -3.62869E-02    5.08359E-02    2.17658E-04   -9.17889E-04    4.80219E-04   -1.59340E-03    9.04286E-04   -1.04469E-03    8.30112E-05   -3.47732E-04
     2.35000E+00    1.20364E-02    1.39780E-02    4.67579E-01    9.99798E-03   -3.57822E-02    5.01120E-02    2.08669E-04   -8.80078E-04    4.64554E-04   -1.53996E-03    8.93954E-04   -1.02184E-03    7.96053E-05   -3.33522E-04
     2.36000E+00    1.17068E-02    1.35968E-02    4.67678E-01    9.73458E-03   -3.52846E-02    4.94008E-02    2.00051E-04   -8.43817E-04    4.49414E-04   -1.48836E-03    8.83847E-04   -9.99672E-04    7.63387E-05   -3.19888E-04
     2.37000E+00    1.13864E-02    1.32261E-02    4.67774E-01    9.47828E-03   -3.47941E-02    4.87019E-02    1.91788E-04   -8.09043E-04    4.34781E-04   -1.43853E-03    8.73958E-04   -9.78148E-04    7.32056E-05   -3.06807E-04
     2.38000E+00    1.10750E-02    1.28657E-02    4.67867E-01    9.22887E-03   -3.43106E-02    4.80151E-02    1.83865E-04   -7.75695E-04    4.20638E-04   -1.39042E-03    8.64282E-04   -9.57248E-04    7.02006E-05   -2.94258E-04
     2.39000E+00    1.07722E-02    1.25151E-02    4.67958E-01    8.98617E-03   -3.38338E-02    4.73401E-02    1.76270E-04   -7.43716E-04    4.06967E-04   -1.34397E-03    8.54811E-04   -9.36950E-04    6.73186E-05   -2.82219E-04
     2.40000E+00    1.04779E-02    1.21742E-02    4.68047E-01    8.74999E-03   -3.33637E-02    4.66768E-02    1.68987E-04   -7.13050E-04    3.93753E-04   -1.29912E-03    8.45541E-04   -9.17231E-04    6.45545E-05   -2.70669E-04
     2.41000E+00    1.01918E-02    1.18427E-02    4.68133E-01    8.52015E-03   -3.29002E-02    4.60249E-02    1.62004E-04   -6.83642E-04    3.80980E-04   -1.25581E-03    8.36465E-04   -8.98070E-04    6.19036E-05   -2.59588E-04
     2.42000E+00    9.91372E-03    1.15204E-02    4.68218E-01    8.29647E-03   -3.24432E-02    4.53842E-02    1.55310E-04   -6.55443E-04    3.68632E-04   -1.21398E-03    8.27578E-04   -8.79448E-04    5.93611E-05   -2.48959E-04
     2.43000E+00    9.64334E-03    1.12069E-02    4.68299E-01    8.07879E-03   -3.19925E-02    4.47545E-02    1.48892E-04   -6.28403E-04    3.56696E-04   -1.17359E-03    8.18874E-04   -8.61344E-04    5.69228E-05   -2.38762E-04
     2.44000E+00    9.38048E-03    1.09020E-02    4.68379E-01    7.86694E-03   -3.15481E-02    4.41355E-02    1.42738E-04   -6.02474E-04    3.45156E-04   -1.13459E-03    8.10349E-04   -8.43741E-04    5.45844E-05   -2.28980E-04
     2.45000E+00    9.12494E-03    1.06055E-02    4.68457E-01    7.66076E-03   -3.11098E-02    4.35271E-02    1.36839E-04   -5.77610E-04    3.33999E-04   -1.09692E-03    8.01998E-04   -8.26619E-04    5.23418E-05   -2.19597E-04
     2.46000E+00    8.87650E-03    1.03172E-02    4.68532E-01    7.46010E-03   -3.06775E-02    4.29291E-02    1.31183E-04   -5.53770E-04    3.23213E-04   -1.06054E-03    7.93815E-04   -8.09963E-04    5.01911E-05   -2.10597E-04
     2.47000E+00    8.63497E-03    1.00368E-02    4.68606E-01    7.26479E-03   -3.02512E-02    4.23412E-02    1.25760E-04   -5.30910E-04    3.12784E-04   -1.02541E-03    7.85797E-04   -7.93754E-04    4.81286E-05   -2.01963E-04
     2.48000E+00    8.40015E-03    9.76405E-03    4.68678E-01    7.07470E-03   -2.98306E-02    4.17633E-02    1.20561E-04   -5.08991E-04    3.02701E-04   -9.91477E-04    7.77939E-04   -7.77978E-04    4.61506E-05   -1.93682E-04
     2.49000E+00    8.17185E-03    9.49883E-03    4.68748E-01    6.88968E-03   -2.94159E-02    4.11951E-02    1.15577E-04   -4.87974E-04    2.92951E-04   -9.58704E-04    7.70236E-04   -7.62620E-04    4.42537E-05   -1.85738E-04
     2.50000E+00    7.94988E-03    9.24090E-03    4.68816E-01    6.70959E-03   -2.90067E-02    4.06366E-02    1.10799E-04   -4.67822E-04    2.83523E-04   -9.27048E-04    7.62685E-04   -7.47664E-04    4.24347E-05   -1.78119E-04
     2.51000E+00    7.73406E-03    8.99004E-03    4.68882E-01    6.53430E-03   -2.86031E-02    4.00875E-02    1.06218E-04   -4.48500E-04    2.74407E-04   -8.96472E-04    7.55282E-04   -7.33096E-04    4.06902E-05   -1.70811E-04
     2.52000E+00    7.52423E-03    8.74606E-03    4.68946E-01    6.36368E-03   -2.82049E-02    3.95476E-02    1.01826E-04   -4.29974E-04    2.65590E-04   -8.66937E-04    7.48022E-04   -7.18903E-04    3.90174E-05   -1.63802E-04
     2.53000E+00    7.32021E-03    8.50878E-03    4.69009E-01    6.19759E-03   -2.78121E-02    3.90168E-02    9.76161E-05   -4.12211E-04    2.57064E-04   -8.38407E-04    7.40902E-04   -7.05072E-04    3.74132E-05   -1.57079E-04
     2.54000E+00    7.12184E-03    8.27799E-03    4.69070E-01    6.03592E-03   -2.74246E-02    3.84948E-02    9.35798E-05   -3.95180E-04    2.48819E-04   -8.10847E-04    7.33919E-04   -6.91591E-04    3.58748E-05   -1.50630E-04
     2.55000E+00    6.92896E-03    8.05354E-03    4.69130E-01    5.87854E-03   -2.70422E-02    3.79816E-02    8.97102E-05   -3.78851E-04    2.40844E-04   -7.84223E-04    7.27070E-04   -6.78447E-04    3.43996E-05   -1.44446E-04
     2.56000E+00    6.74141E-03    7.83523E-03    4.69188E-01    5.72533E-03   -2.66649E-02    3.74770E-02    8.60005E-05   -3.63195E-04    2.33132E-04   -7.58503E-04    7.20349E-04   -6.65628E-04    3.29850E-05   -1.38514E-04
     2.57000E+00    6.55905E-03    7.62290E-03    4.69244E-01    5.57619E-03   -2.62926E-02    3.69808E-02    8.24441E-05   -3.48185E-04    2.25672E-04   -7.33654E-04    7.13756E-04   -6.53125E-04    3.16285E-05   -1.32826E-04
     2.58000E+00    6.38173E-03    7.41638E-03    4.69299E-01    5.43100E-03   -2.59253E-02    3.64928E-02    7.90348E-05   -3.33794E-04    2.18456E-04   -7.09647E-04    7.07286E-04   -6.40926E-04    3.03277E-05   -1.27370E-04
     2.59000E+00    6.20931E-03    7.21551E-03    4.69353E-01    5.28965E-03   -2.55628E-02    3.60129E-02    7.57663E-05   -3.19996E-04    2.11476E-04   -6.86453E-04    7.00937E-04   -6.29020E-04    2.90803E-05   -1.22137E-04
     2.60000E+00    6.04165E-03    7.02013E-03    4.69405E-01    5.15204E-03   -2.52050E-02    3.55409E-02    7.26330E-05   -3.06767E-04    2.04724E-04   -6.64042E-04    6.94705E-04   -6.17399E-04    2.78842E-05   -1.17119E-04
     2.61000E+00    5.87861E-03    6.83010E-03    4.69456E-01    5.01807E-03   -2.48519E-02    3.50768E-02    6.96292E-05   -2.94085E-04    1.98193E-04   -6.42388E-04    6.88588E-04   -6.06052E-04    2.67372E-05   -1.12306E-04
     2.62000E+00    5.72008E-03    6.64526E-03    4.69505E-01    4.88763E-03   -2.45034E-02    3.46203E-02    6.67495E-05   -2.81926E-04    1.91874E-04   -6.21465E-04    6.82583E-04   -5.94971E-04    2.56373E-05   -1.07691E-04
     2.63000E+00    5.56591E-03    6.46546E-03    4.69554E-01    4.76064E-03   -2.41595E-02    3.41713E-02    6.39890E-05   -2.70268E-04    1.85761E-04   -6.01246E-04    6.76687E-04   -5.84146E-04    2.45827E-05   -1.03264E-04
     2.64000E+00    5.41599E-03    6.29058E-03    4.69601E-01    4.63699E-03   -2.38200E-02    3.37297E-02    6.13426E-05   -2.59092E-04    1.79847E-04   -5.81708E-04    6.70899E-04   -5.73569E-04    2.35714E-05   -9.90196E-05
     2.65000E+00    5.27020E-03    6.12047E-03    4.69646E-01    4.51660E-03   -2.34849E-02    3.32954E-02    5.88056E-05   -2.48377E-04    1.74125E-04   -5.62827E-04    6.65215E-04   -5.63233E-04    2.26017E-05   -9.49488E-05
     2.66000E+00    5.12843E-03    5.95499E-03    4.69691E-01    4.39938E-03   -2.31540E-02    3.28682E-02    5.63736E-05   -2.38105E-04    1.68588E-04   -5.44581E-04    6.59634E-04   -5.53129E-04    2.16718E-05   -9.10449E-05
     2.67000E+00    4.99055E-03    5.79403E-03    4.69734E-01    4.28524E-03   -2.28275E-02    3.24479E-02    5.40421E-05   -2.28257E-04    1.63231E-04   -5.26946E-04    6.54152E-04   -5.43249E-04    2.07802E-05   -8.73012E-05
     2.68000E+00    4.85647E-03    5.63746E-03    4.69777E-01    4.17410E-03   -2.25051E-02    3.20345E-02    5.18071E-05   -2.18816E-04    1.58047E-04   -5.09903E-04    6.48768E-04   -5.33588E-04    1.99253E-05   -8.37111E-05
     2.69000E+00    4.72608E-03    5.48515E-03    4.69818E-01    4.06588E-03   -2.21868E-02    3.16279E-02    4.96645E-05   -2.09765E-04    1.53031E-04   -4.93430E-04    6.43480E-04   -5.24136E-04    1.91055E-05   -8.02683E-05
     2.70000E+00    4.59927E-03    5.33698E-03    4.69858E-01    3.96050E-03   -2.18725E-02    3.12278E-02    4.76106E-05   -2.01088E-04    1.48177E-04   -4.77508E-04    6.38285E-04   -5.14889E-04    1.83194E-05   -7.69668E-05
     2.71000E+00    4.47594E-03    5.19285E-03    4.69897E-01    3.85788E-03   -2.15622E-02    3.08343E-02    4.56416E-05   -1.92769E-04    1.43479E-04   -4.62117E-04    6.33181E-04   -5.05840E-04    1.75656E-05   -7.38008E-05
     2.72000E+00    4.35601E-03    5.05264E-03    4.69935E-01    3.75795E-03   -2.12558E-02    3.04471E-02    4.37540E-05   -1.84794E-04    1.38933E-04   -4.47241E-04    6.28167E-04   -4.96981E-04    1.68429E-05   -7.07649E-05
     2.73000E+00    4.23936E-03    4.91624E-03    4.69972E-01    3.66063E-03   -2.09532E-02    3.00662E-02    4.19446E-05   -1.77149E-04    1.34533E-04   -4.32860E-04    6.23241E-04   -4.88308E-04    1.61499E-05   -6.78536E-05
     2.74000E+00    4.12592E-03    4.78355E-03    4.70008E-01    3.56586E-03   -2.06544E-02    2.96914E-02    4.02100E-05   -1.69820E-04    1.30274E-04   -4.18958E-04    6.18400E-04   -4.79815E-04    1.54854E-05   -6.50619E-05
     2.75000E+00    4.01559E-03    4.65446E-03    4.70044E-01    3.47356E-03   -2.03594E-02    2.93227E-02    3.85472E-05   -1.62793E-04    1.26152E-04   -4.05518E-04    6.13644E-04   -4.71496E-04    1.48483E-05   -6.23849E-05
     2.76000E+00    3.90829E-03    4.52887E-03    4.70078E-01    3.38367E-03   -2.00680E-02    2.89599E-02    3.69532E-05   -1.56057E-04    1.22162E-04   -3.92524E-04    6.08970E-04   -4.63345E-04    1.42373E-05   -5.98178E-05
     2.77000E+00    3.80393E-03    4.40669E-03    4.70111E-01    3.29613E-03   -1.97802E-02    2.86029E-02    3.54251E-05   -1.49600E-04    1.18300E-04   -3.79962E-04    6.04377E-04   -4.55358E-04    1.36515E-05   -5.73562E-05
     2.78000E+00    3.70242E-03    4.28783E-03    4.70144E-01    3.21087E-03   -1.94959E-02    2.82517E-02    3.39603E-05   -1.43410E-04    1.14562E-04   -3.67816E-04    5.99862E-04   -4.47530E-04    1.30898E-05   -5.49958E-05
     2.79000E+00    3.60370E-03    4.17218E-03    4.70176E-01    3.12782E-03   -1.92151E-02    2.79061E-02    3.25561E-05   -1.37475E-04    1.10943E-04   -3.56071E-04    5.95426E-04   -4.39855E-04    1.25513E-05   -5.27325E-05
     2.80000E+00    3.50769E-03    4.05967E-03    4.70206E-01    3.04694E-03   -1.89378E-02    2.75660E-02    3.12100E-05   -1.31786E-04    1.07439E-04   -3.44715E-04    5.91065E-04   -4.32330E-04    1.20348E-05   -5.05621E-05
     2.81000E+00    3.41430E-03    3.95020E-03    4.70237E-01    2.96816E-03   -1.86638E-02    2.72314E-02    2.99196E-05   -1.26333E-04    1.04047E-04   -3.33734E-04    5.86778E-04   -4.24949E-04    1.15397E-05   -4.84810E-05
     2.82000E+00    3.32347E-03    3.84369E-03    4.70266E-01    2.89142E-03   -1.83931E-02    2.69021E-02    2.86826E-05   -1.21105E-04    1.00763E-04   -3.23115E-04    5.82565E-04   -4.17710E-04    1.10649E-05   -4.64854E-05
     2.83000E+00    3.23513E-03    3.74007E-03    4.70294E-01    2.81667E-03   -1.81257E-02    2.65780E-02    2.74968E-05   -1.16093E-04    9.75835E-05   -3.12846E-04    5.78424E-04   -4.10606E-04    1.06097E-05   -4.45719E-05
     2.84000E+00    3.14921E-03    3.63924E-03    4.70322E-01    2.74386E-03   -1.78615E-02    2.62591E-02    2.63600E-05   -1.11288E-04    9.45050E-05   -3.02914E-04    5.74353E-04   -4.03635E-04    1.01732E-05   -4.27371E-05
     2.85000E+00    3.06563E-03    3.54114E-03    4.70349E-01    2.67294E-03   -1.76005E-02    2.59452E-02    2.52704E-05   -1.06682E-04    9.15242E-05   -2.93309E-04    5.70351E-04   -3.96793E-04    9.75468E-06   -4.09778E-05
     2.86000E+00    2.98434E-03    3.44568E-03    4.70376E-01    2.60385E-03   -1.73426E-02    2.56364E-02    2.42258E-05   -1.02267E-04    8.86378E-05   -2.84019E-04    5.66416E-04   -3.90075E-04    9.35339E-06   -3.92908E-05
     2.87000E+00    2.90528E-03    3.35280E-03    4.70401E-01    2.53654E-03   -1.70878E-02    2.53324E-02    2.32244E-05   -9.80345E-05    8.58428E-05   -2.75033E-04    5.62549E-04   -3.83479E-04    8.96862E-06   -3.76732E-05
     2.88000E+00    2.82838E-03    3.26242E-03    4.70426E-01    2.47097E-03   -1.68360E-02    2.50332E-02    2.22645E-05   -9.39769E-05    8.31362E-05   -2.66342E-04    5.58747E-04   -3.77001E-04    8.59969E-06   -3.61221E-05
     2.89000E+00    2.75358E-03    3.17448E-03    4.70451E-01    2.40709E-03   -1.65871E-02    2.47387E-02    2.13443E-05   -9.00873E-05    8.05150E-05   -2.57934E-04    5.55008E-04   -3.70638E-04    8.24595E-06   -3.46349E-05
     2.90000E+00    2.68082E-03    3.08890E-03    4.70475E-01    2.34486E-03   -1.63412E-02    2.44489E-02    2.04622E-05   -8.63586E-05    7.79766E-05   -2.49801E-04    5.51333E-04   -3.64386E-04    7.90677E-06   -3.32088E-05
     2.91000E+00    2.61006E-03    3.00563E-03    4.70498E-01    2.28423E-03   -1.60981E-02    2.41637E-02    1.96166E-05   -8.27841E-05    7.55181E-05   -2.41934E-04    5.47720E-04   -3.58242E-04    7.58156E-06   -3.18414E-05
     2.92000E+00    2.54123E-03    2.92459E-03    4.70520E-01    2.22516E-03   -1.58579E-02    2.38829E-02    1.88060E-05   -7.93576E-05    7.31371E-05   -2.34322E-04    5.44168E-04   -3.52204E-04    7.26974E-06   -3.05303E-05
     2.93000E+00    2.47428E-03    2.84573E-03    4.70542E-01    2.16760E-03   -1.56204E-02    2.36066E-02    1.80290E-05   -7.60728E-05    7.08309E-05   -2.26958E-04    5.40676E-04   -3.46268E-04    6.97076E-06   -2.92731E-05
     2.94000E+00    2.40915E-03    2.76899E-03    4.70564E-01    2.11152E-03   -1.53857E-02    2.33346E-02    1.72841E-05   -7.29239E-05    6.85971E-05   -2.19834E-04    5.37243E-04   -3.40431E-04    6.68409E-06   -2.80677E-05
     2.95000E+00    2.34581E-03    2.69431E-03    4.70584E-01    2.05688E-03   -1.51537E-02    2.30669E-02    1.65701E-05   -6.99053E-05    6.64334E-05   -2.12940E-04    5.33867E-04   -3.34692E-04    6.40923E-06   -2.69118E-05
     2.96000E+00    2.28420E-03    2.62162E-03    4.70605E-01    2.00364E-03   -1.49244E-02    2.28033E-02    1.58856E-05   -6.70116E-05    6.43376E-05   -2.06270E-04    5.30548E-04   -3.29047E-04    6.14569E-06   -2.58035E-05
     2.97000E+00    2.22428E-03    2.55089E-03    4.70624E-01    1.95175E-03   -1.46977E-02    2.25439E-02    1.52295E-05   -6.42376E-05    6.23073E-05   -1.99816E-04    5.27286E-04   -3.23494E-04    5.89300E-06   -2.47409E-05
     2.98000E+00    2.16599E-03    2.48204E-03    4.70644E-01    1.90120E-03   -1.44735E-02    2.22885E-02    1.46005E-05   -6.15784E-05    6.03406E-05   -1.93570E-04    5.24078E-04   -3.18030E-04    5.65071E-06   -2.37219E-05
     2.99000E+00    2.10930E-03    2.41504E-03    4.70662E-01    1.85193E-03   -1.42519E-02    2.20371E-02    1.39975E-05   -5.90293E-05    5.84353E-05   -1.87526E-04    5.20925E-04   -3.12654E-04    5.41841E-06   -2.27449E-05
     3.00000E+00    2.05415E-03    2.34982E-03    4.70681E-01    1.80391E-03   -1.40327E-02    2.17897E-02    1.34196E-05   -5.65855E-05    5.65894E-05   -1.81676E-04    5.17825E-04   -3.07362E-04    5.19567E-06   -2.18081E-05
     3.01000E+00    2.00052E-03    2.28635E-03    4.70699E-01    1.75712E-03   -1.38161E-02    2.15461E-02    1.28655E-05   -5.42429E-05    5.48011E-05   -1.76016E-04    5.14777E-04   -3.02153E-04    4.98211E-06   -2.09098E-05
     3.02000E+00    1.94835E-03    2.22457E-03    4.70716E-01    1.71152E-03   -1.36018E-02    2.13063E-02    1.23344E-05   -5.19972E-05    5.30685E-05   -1.70537E-04    5.11782E-04   -2.97024E-04    4.77735E-06   -2.00485E-05
     3.03000E+00    1.89761E-03    2.16443E-03    4.70733E-01    1.66707E-03   -1.33899E-02    2.10702E-02    1.18252E-05   -4.98444E-05    5.13898E-05   -1.65234E-04    5.08837E-04   -2.91974E-04    4.58101E-06   -1.92227E-05
     3.04000E+00    1.84825E-03    2.10590E-03    4.70749E-01    1.62376E-03   -1.31804E-02    2.08378E-02    1.13372E-05   -4.77807E-05    4.97633E-05   -1.60101E-04    5.05942E-04   -2.87000E-04    4.39277E-06   -1.84308E-05
     3.05000E+00    1.80025E-03    2.04892E-03    4.70765E-01    1.58153E-03   -1.29732E-02    2.06090E-02    1.08694E-05   -4.58023E-05    4.81873E-05   -1.55132E-04    5.03096E-04   -2.82101E-04    4.21228E-06   -1.76715E-05
     3.06000E+00    1.75356E-03    1.99345E-03    4.70781E-01    1.54038E-03   -1.27682E-02    2.03837E-02    1.04209E-05   -4.39057E-05    4.66601E-05   -1.50323E-04    5.00300E-04   -2.77274E-04    4.03923E-06   -1.69434E-05
     3.07000E+00    1.70815E-03    1.93946E-03    4.70796E-01    1.50026E-03   -1.25655E-02    2.01619E-02    9.99098E-06   -4.20876E-05    4.51803E-05   -1.45667E-04    4.97551E-04   -2.72518E-04    3.87331E-06   -1.62453E-05
     3.08000E+00    1.66399E-03    1.88689E-03    4.70811E-01    1.46116E-03   -1.23650E-02    1.99436E-02    9.57888E-06   -4.03447E-05    4.37463E-05   -1.41160E-04    4.94849E-04   -2.67832E-04    3.71422E-06   -1.55760E-05
     3.09000E+00    1.62104E-03    1.83572E-03    4.70825E-01    1.42304E-03   -1.21666E-02    1.97287E-02    9.18384E-06   -3.86738E-05    4.23566E-05   -1.36797E-04    4.92194E-04   -2.63213E-04    3.56169E-06   -1.49341E-05
     3.10000E+00    1.57926E-03    1.78590E-03    4.70839E-01    1.38587E-03   -1.19704E-02    1.95170E-02    8.80517E-06   -3.70720E-05    4.10099E-05   -1.32572E-04    4.89585E-04   -2.58659E-04    3.41544E-06   -1.43187E-05
     3.11000E+00    1.53863E-03    1.73740E-03    4.70853E-01    1.34964E-03   -1.17762E-02    1.93087E-02    8.44219E-06   -3.55365E-05    3.97047E-05   -1.28482E-04    4.87021E-04   -2.54170E-04    3.27522E-06   -1.37285E-05
     3.12000E+00    1.49912E-03    1.69018E-03    4.70866E-01    1.31432E-03   -1.15842E-02    1.91036E-02    8.09423E-06   -3.40644E-05    3.84398E-05   -1.24522E-04    4.84501E-04   -2.49743E-04    3.14079E-06   -1.31627E-05
     3.13000E+00    1.46069E-03    1.64420E-03    4.70879E-01    1.27988E-03   -1.13942E-02    1.89016E-02    7.76070E-06   -3.26532E-05    3.72139E-05   -1.20688E-04    4.82025E-04   -2.45378E-04    3.01189E-06   -1.26201E-05
     3.14000E+00    1.42333E-03    1.59943E-03    4.70892E-01    1.24630E-03   -1.12061E-02    1.87028E-02    7.44098E-06   -3.13002E-05    3.60257E-05   -1.16975E-04    4.79593E-04   -2.41072E-04    2.88830E-06   -1.20998E-05
     3.15000E+00    1.38699E-03    1.55583E-03    4.70904E-01    1.21356E-03   -1.10201E-02    1.85070E-02    7.13451E-06   -3.00032E-05    3.48740E-05   -1.13379E-04    4.77204E-04   -2.36825E-04    2.76982E-06   -1.16009E-05
     3.16000E+00    1.35165E-03    1.51338E-03    4.70916E-01    1.18163E-03   -1.08360E-02    1.83143E-02    6.84074E-06   -2.87598E-05    3.37577E-05   -1.09897E-04    4.74857E-04   -2.32634E-04    2.65621E-06   -1.11225E-05
     3.17000E+00    1.31728E-03    1.47204E-03    4.70928E-01    1.15050E-03   -1.06538E-02    1.81245E-02    6.55914E-06   -2.75677E-05    3.26757E-05   -1.06526E-04    4.72551E-04   -2.28499E-04    2.54730E-06   -1.06637E-05
     3.18000E+00    1.28387E-03    1.43179E-03    4.70939E-01    1.12013E-03   -1.04735E-02    1.79376E-02    6.28922E-06   -2.64249E-05    3.16269E-05   -1.03260E-04    4.70286E-04   -2.24419E-04    2.44287E-06   -1.02238E-05
     3.19000E+00    1.25137E-03    1.39258E-03    4.70950E-01    1.09052E-03   -1.02950E-02    1.77537E-02    6.03049E-06   -2.53292E-05    3.06102E-05   -1.00098E-04    4.68062E-04   -2.20391E-04    2.34276E-06   -9.80199E-06
     3.20000E+00    1.21978E-03    1.35440E-03    4.70961E-01    1.06164E-03   -1.01184E-02    1.75725E-02    5.78248E-06   -2.42788E-05    2.96246E-05   -9.70349E-05    4.65878E-04   -2.16416E-04    2.24677E-06   -9.39749E-06
     3.21000E+00    1.18906E-03    1.31721E-03    4.70972E-01    1.03347E-03   -9.94358E-03    1.73942E-02    5.54477E-06   -2.32717E-05    2.86691E-05   -9.40685E-05    4.63734E-04   -2.12491E-04    2.15475E-06   -9.00959E-06
     3.22000E+00    1.15920E-03    1.28099E-03    4.70982E-01    1.00599E-03   -9.77052E-03    1.72186E-02    5.31691E-06   -2.23062E-05    2.77429E-05   -9.11952E-05    4.61629E-04   -2.08616E-04    2.06652E-06   -8.63761E-06
     3.23000E+00    1.13016E-03    1.24570E-03    4.70992E-01    9.79192E-04   -9.59920E-03    1.70457E-02    5.09851E-06   -2.13805E-05    2.68449E-05   -8.84122E-05    4.59562E-04   -2.04789E-04    1.98194E-06   -8.28090E-06
     3.24000E+00    1.10193E-03    1.21133E-03    4.71001E-01    9.53046E-04   -9.42960E-03    1.68755E-02    4.88918E-06   -2.04930E-05    2.59744E-05   -8.57165E-05    4.57533E-04   -2.01010E-04    1.90085E-06   -7.93882E-06
     3.25000E+00    1.07449E-03    1.17785E-03    4.71011E-01    9.27538E-04   -9.26168E-03    1.67079E-02    4.68853E-06   -1.96420E-05    2.51303E-05   -8.31054E-05    4.55541E-04   -1.97277E-04    1.82311E-06   -7.61077E-06
     3.26000E+00    1.04782E-03    1.14523E-03    4.71020E-01    9.02651E-04   -9.09543E-03    1.65429E-02    4.49622E-06   -1.88261E-05    2.43120E-05   -8.05760E-05    4.53587E-04   -1.93589E-04    1.74859E-06   -7.29616E-06
     3.27000E+00    1.02189E-03    1.11345E-03    4.71029E-01    8.78369E-04   -8.93082E-03    1.63804E-02    4.31190E-06   -1.80439E-05    2.35185E-05   -7.81258E-05    4.51669E-04   -1.89946E-04    1.67714E-06   -6.99445E-06
     3.28000E+00    9.96686E-04    1.08249E-03    4.71037E-01    8.54676E-04   -8.76782E-03    1.62205E-02    4.13524E-06   -1.72938E-05    2.27492E-05   -7.57523E-05    4.49788E-04   -1.86346E-04    1.60866E-06   -6.70509E-06
     3.29000E+00    9.72191E-04    1.05232E-03    4.71046E-01    8.31555E-04   -8.60640E-03    1.60630E-02    3.96592E-06   -1.65746E-05    2.20033E-05   -7.34530E-05    4.47942E-04   -1.82789E-04    1.54300E-06   -6.42758E-06
     3.30000E+00    9.48385E-04    1.02291E-03    4.71054E-01    8.08992E-04   -8.44655E-03    1.59079E-02    3.80365E-06   -1.58850E-05    2.12799E-05   -7.12255E-05    4.46132E-04   -1.79273E-04    1.48006E-06   -6.16143E-06
     3.31000E+00    9.25251E-04    9.94264E-04    4.71062E-01    7.86970E-04   -8.28824E-03    1.57552E-02    3.64813E-06   -1.52237E-05    2.05785E-05   -6.90676E-05    4.44357E-04   -1.75798E-04    1.41973E-06   -5.90616E-06
     3.32000E+00    9.02772E-04    9.66341E-04    4.71070E-01    7.65477E-04   -8.13144E-03    1.56049E-02    3.49908E-06   -1.45896E-05    1.98984E-05   -6.69770E-05    4.42616E-04   -1.72362E-04    1.36190E-06   -5.66132E-06
     3.33000E+00    8.80929E-04    9.39126E-04    4.71077E-01    7.44496E-04   -7.97613E-03    1.54569E-02    3.35625E-06   -1.39816E-05    1.92388E-05   -6.49517E-05    4.40909E-04   -1.68966E-04    1.30647E-06   -5.42649E-06
     3.34000E+00    8.59708E-04    9.12599E-04    4.71085E-01    7.24015E-04   -7.82229E-03    1.53112E-02    3.21937E-06   -1.33984E-05    1.85991E-05   -6.29896E-05    4.39236E-04   -1.65608E-04    1.25334E-06   -5.20124E-06
     3.35000E+00    8.39091E-04    8.86741E-04    4.71092E-01    7.04021E-04   -7.66990E-03    1.51677E-02    3.08820E-06   -1.28393E-05    1.79788E-05   -6.10887E-05    4.37597E-04   -1.62287E-04    1.20241E-06   -4.98518E-06
     3.36000E+00    8.19064E-04    8.61532E-04    4.71099E-01    6.84498E-04   -7.51893E-03    1.50265E-02    2.96251E-06   -1.23030E-05    1.73771E-05   -5.92471E-05    4.35991E-04   -1.59002E-04    1.15360E-06   -4.77793E-06
     3.37000E+00    7.99612E-04    8.36954E-04    4.71106E-01    6.65436E-04   -7.36936E-03    1.48874E-02    2.84207E-06   -1.17887E-05    1.67936E-05   -5.74629E-05    4.34417E-04   -1.55754E-04    1.10682E-06   -4.57911E-06
     3.38000E+00    7.80720E-04    8.12990E-04    4.71112E-01    6.46821E-04   -7.22118E-03    1.47506E-02    2.72667E-06   -1.12954E-05    1.62277E-05   -5.57344E-05    4.32875E-04   -1.52540E-04    1.06199E-06   -4.38839E-06
     3.39000E+00    7.62374E-04    7.89622E-04    4.71118E-01    6.28642E-04   -7.07435E-03    1.46158E-02    2.61609E-06   -1.08222E-05    1.56788E-05   -5.40599E-05    4.31366E-04   -1.49362E-04    1.01903E-06   -4.20542E-06
     3.40000E+00    7.44560E-04    7.66832E-04    4.71125E-01    6.10885E-04   -6.92886E-03    1.44831E-02    2.51016E-06   -1.03684E-05    1.51463E-05   -5.24376E-05    4.29888E-04   -1.46216E-04    9.77857E-07   -4.02988E-06
     3.41000E+00    7.27264E-04    7.44606E-04    4.71131E-01    5.93540E-04   -6.78468E-03    1.43525E-02    2.40866E-06   -9.93313E-06    1.46299E-05   -5.08660E-05    4.28441E-04   -1.43104E-04    9.38406E-07   -3.86146E-06
     3.42000E+00    7.10475E-04    7.22925E-04    4.71137E-01    5.76596E-04   -6.64180E-03    1.42239E-02    2.31144E-06   -9.51556E-06    1.41289E-05   -4.93435E-05    4.27026E-04   -1.40024E-04    9.00604E-07   -3.69986E-06
     3.43000E+00    6.94179E-04    7.01776E-04    4.71142E-01    5.60041E-04   -6.50020E-03    1.40973E-02    2.21830E-06   -9.11497E-06    1.36428E-05   -4.78686E-05    4.25641E-04   -1.36976E-04    8.64385E-07   -3.54480E-06
     3.44000E+00    6.78364E-04    6.81142E-04    4.71148E-01    5.43864E-04   -6.35985E-03    1.39727E-02    2.12908E-06   -8.73066E-06    1.31713E-05   -4.64399E-05    4.24286E-04   -1.33958E-04    8.29685E-07   -3.39600E-06
     3.45000E+00    6.63018E-04    6.61008E-04    4.71153E-01    5.28055E-04   -6.22074E-03    1.38500E-02    2.04363E-06   -8.36193E-06    1.27139E-05   -4.50560E-05    4.22962E-04   -1.30972E-04    7.96444E-07   -3.25321E-06
     3.46000E+00    6.48130E-04    6.41361E-04    4.71158E-01    5.12604E-04   -6.08284E-03    1.37293E-02    1.96179E-06   -8.00813E-06    1.22701E-05   -4.37155E-05    4.21667E-04   -1.28015E-04    7.64601E-07   -3.11616E-06
     3.47000E+00    6.33688E-04    6.22186E-04    4.71163E-01    4.97501E-04   -5.94614E-03    1.36104E-02    1.88342E-06   -7.66863E-06    1.18394E-05   -4.24171E-05    4.20401E-04   -1.25087E-04    7.34101E-07   -2.98462E-06
     3.48000E+00    6.19682E-04    6.03469E-04    4.71168E-01    4.82736E-04   -5.81063E-03    1.34934E-02    1.80838E-06   -7.34283E-06    1.14216E-05   -4.11597E-05    4.19165E-04   -1.22188E-04    7.04889E-07   -2.85837E-06
     3.49000E+00    6.06101E-04    5.85197E-04    4.71173E-01    4.68299E-04   -5.67627E-03    1.33783E-02    1.73652E-06   -7.03015E-06    1.10161E-05   -3.99419E-05    4.17957E-04   -1.19317E-04    6.76915E-07   -2.73716E-06
     3.50000E+00    5.92936E-04    5.67357E-04    4.71178E-01    4.54182E-04   -5.54306E-03    1.32649E-02    1.66773E-06   -6.73002E-06    1.06226E-05   -3.87626E-05    4.16779E-04   -1.16473E-04    6.50129E-07   -2.62080E-06
     3.51000E+00    5.80175E-04    5.49936E-04    4.71182E-01    4.40375E-04   -5.41097E-03    1.31534E-02    1.60188E-06   -6.44193E-06    1.02407E-05   -3.76207E-05    4.15628E-04   -1.13657E-04    6.24483E-07   -2.50907E-06
     3.52000E+00    5.67809E-04    5.32921E-04    4.71186E-01    4.26869E-04   -5.27998E-03    1.30436E-02    1.53885E-06   -6.16534E-06    9.87009E-06   -3.65151E-05    4.14505E-04   -1.10867E-04    5.99932E-07   -2.40178E-06
     3.53000E+00    5.55830E-04    5.16302E-04    4.71191E-01    4.13656E-04   -5.15009E-03    1.29355E-02    1.47854E-06   -5.89978E-06    9.51032E-06   -3.54448E-05    4.13410E-04   -1.08103E-04    5.76432E-07   -2.29875E-06
     3.54000E+00    5.44228E-04    5.00065E-04    4.71195E-01    4.00727E-04   -5.02127E-03    1.28291E-02    1.42082E-06   -5.64478E-06    9.16109E-06   -3.44087E-05    4.12343E-04   -1.05364E-04    5.53942E-07   -2.19978E-06
     3.55000E+00    5.32994E-04    4.84199E-04    4.71199E-01    3.88074E-04   -4.89350E-03    1.27245E-02    1.36561E-06   -5.39987E-06    8.82204E-06   -3.34059E-05    4.11303E-04   -1.02651E-04    5.32422E-07   -2.10471E-06
     3.56000E+00    5.22120E-04    4.68694E-04    4.71202E-01    3.75689E-04   -4.76677E-03    1.26215E-02    1.31280E-06   -5.16462E-06    8.49286E-06   -3.24354E-05    4.10290E-04   -9.99617E-05    5.11835E-07   -2.01337E-06
     3.57000E+00    5.11597E-04    4.53538E-04    4.71206E-01    3.63564E-04   -4.64107E-03    1.25201E-02    1.26229E-06   -4.93863E-06    8.17323E-06   -3.14964E-05    4.09304E-04   -9.72967E-05    4.92142E-07   -1.92560E-06
     3.58000E+00    5.01418E-04    4.38720E-04    4.71210E-01    3.51692E-04   -4.51637E-03    1.24204E-02    1.21399E-06   -4.72148E-06    7.86283E-06   -3.05879E-05    4.08344E-04   -9.46552E-05    4.73310E-07   -1.84125E-06
     3.59000E+00    4.91575E-04    4.24230E-04    4.71213E-01    3.40065E-04   -4.39266E-03    1.23222E-02    1.16783E-06   -4.51280E-06    7.56137E-06   -2.97092E-05    4.07411E-04   -9.20368E-05    4.55306E-07   -1.76016E-06
     3.60000E+00    4.82061E-04    4.10059E-04    4.71217E-01    3.28675E-04   -4.26992E-03    1.22256E-02    1.12371E-06   -4.31220E-06    7.26855E-06   -2.88594E-05    4.06503E-04   -8.94411E-05    4.38096E-07   -1.68220E-06
     3.61000E+00    4.72867E-04    3.96195E-04    4.71220E-01    3.17516E-04   -4.14814E-03    1.21306E-02    1.08156E-06   -4.11935E-06    6.98409E-06   -2.80377E-05    4.05622E-04   -8.68676E-05    4.21651E-07   -1.60723E-06
     3.62000E+00    4.63987E-04    3.82630E-04    4.71223E-01    3.06581E-04   -4.02730E-03    1.20371E-02    1.04130E-06   -3.93390E-06    6.70771E-06   -2.72435E-05    4.04766E-04   -8.43159E-05    4.05941E-07   -1.53511E-06
     3.63000E+00    4.55415E-04    3.69354E-04    4.71226E-01    2.95862E-04   -3.90739E-03    1.19452E-02    1.00286E-06   -3.75551E-06    6.43913E-06   -2.64759E-05    4.03935E-04   -8.17856E-05    3.90939E-07   -1.46573E-06
     3.64000E+00    4.47143E-04    3.56357E-04    4.71229E-01    2.85353E-04   -3.78839E-03    1.18547E-02    9.66167E-07   -3.58388E-06    6.17810E-06   -2.57344E-05    4.03130E-04   -7.92763E-05    3.76617E-07   -1.39896E-06
     3.65000E+00    4.39165E-04    3.43631E-04    4.71232E-01    2.75047E-04   -3.67029E-03    1.17657E-02    9.31159E-07   -3.41871E-06    5.92436E-06   -2.50182E-05    4.02350E-04   -7.67876E-05    3.62951E-07   -1.33469E-06
     3.66000E+00    4.31475E-04    3.31167E-04    4.71234E-01    2.64938E-04   -3.55308E-03    1.16781E-02    8.97772E-07   -3.25970E-06    5.67766E-06   -2.43267E-05    4.01594E-04   -7.43190E-05    3.49915E-07   -1.27279E-06
     3.67000E+00    4.24068E-04    3.18957E-04    4.71237E-01    2.55020E-04   -3.43673E-03    1.15920E-02    8.65946E-07   -3.10657E-06    5.43775E-06   -2.36593E-05    4.00863E-04   -7.18703E-05    3.37487E-07   -1.21317E-06
     3.68000E+00    4.16937E-04    3.06991E-04    4.71239E-01    2.45287E-04   -3.32123E-03    1.15073E-02    8.35622E-07   -2.95905E-06    5.20440E-06   -2.30155E-05    4.00157E-04   -6.94409E-05    3.25644E-07   -1.15573E-06
     3.69000E+00    4.10077E-04    2.95262E-04    4.71242E-01    2.35732E-04   -3.20658E-03    1.14240E-02    8.06747E-07   -2.81689E-06    4.97737E-06   -2.23946E-05    3.99474E-04   -6.70306E-05    3.14365E-07   -1.10035E-06
     3.70000E+00    4.03482E-04    2.83762E-04    4.71244E-01    2.26350E-04   -3.09275E-03    1.13420E-02    7.79267E-07   -2.67984E-06    4.75643E-06   -2.17961E-05    3.98816E-04   -6.46390E-05    3.03630E-07   -1.04695E-06
     3.71000E+00    3.97147E-04    2.72483E-04    4.71246E-01    2.17135E-04   -2.97973E-03    1.12615E-02    7.53134E-07   -2.54765E-06    4.54137E-06   -2.12196E-05    3.98182E-04   -6.22658E-05    2.93419E-07   -9.95434E-07
     3.72000E+00    3.91067E-04    2.61417E-04    4.71248E-01    2.08081E-04   -2.86752E-03    1.11822E-02    7.28299E-07   -2.42009E-06    4.33197E-06   -2.06645E-05    3.97571E-04   -5.99105E-05    2.83714E-07   -9.45711E-07
     3.73000E+00    3.85238E-04    2.50556E-04    4.71251E-01    1.99183E-04   -2.75608E-03    1.11043E-02    7.04718E-07   -2.29695E-06    4.12801E-06   -2.01303E-05    3.96983E-04   -5.75728E-05    2.74499E-07   -8.97696E-07
     3.74000E+00    3.79655E-04    2.39894E-04    4.71252E-01    1.90435E-04   -2.64543E-03    1.10277E-02    6.82346E-07   -2.17800E-06    3.92930E-06   -1.96168E-05    3.96419E-04   -5.52524E-05    2.65755E-07   -8.51307E-07
     3.75000E+00    3.74312E-04    2.29423E-04    4.71254E-01    1.81832E-04   -2.53553E-03    1.09524E-02    6.61144E-07   -2.06305E-06    3.73561E-06   -1.91233E-05    3.95878E-04   -5.29490E-05    2.57467E-07   -8.06463E-07
     3.76000E+00    3.69207E-04    2.19136E-04    4.71256E-01    1.73368E-04   -2.42637E-03    1.08784E-02    6.41073E-07   -1.95189E-06    3.54677E-06   -1.86495E-05    3.95360E-04   -5.06622E-05    2.49620E-07   -7.63088E-07
     3.77000E+00    3.64334E-04    2.09027E-04    4.71258E-01    1.65040E-04   -2.31795E-03    1.08056E-02    6.22095E-07   -1.84432E-06    3.36256E-06   -1.81951E-05    3.94865E-04   -4.83917E-05    2.42200E-07   -7.21107E-07
     3.78000E+00    3.59689E-04    1.99088E-04    4.71259E-01    1.56840E-04   -2.21026E-03    1.07341E-02    6.04175E-07   -1.74017E-06    3.18280E-06   -1.77596E-05    3.94392E-04   -4.61372E-05    2.35193E-07   -6.80448E-07
     3.79000E+00    3.55270E-04    1.89313E-04    4.71261E-01    1.48766E-04   -2.10327E-03    1.06638E-02    5.87281E-07   -1.63925E-06    3.00731E-06   -1.73428E-05    3.93942E-04   -4.38984E-05    2.28587E-07   -6.41043E-07
     3.80000E+00    3.51071E-04    1.79695E-04    4.71262E-01    1.40811E-04   -1.99698E-03    1.05947E-02    5.71380E-07   -1.54138E-06    2.83589E-06   -1.69443E-05    3.93514E-04   -4.16750E-05    2.22368E-07   -6.02823E-07
     3.81000E+00    3.47091E-04    1.70229E-04    4.71264E-01    1.32971E-04   -1.89137E-03    1.05268E-02    5.56443E-07   -1.44641E-06    2.66836E-06   -1.65638E-05    3.93109E-04   -3.94666E-05    2.16526E-07   -5.65725E-07
     3.82000E+00    3.43324E-04    1.60907E-04    4.71265E-01    1.25241E-04   -1.78644E-03    1.04601E-02    5.42443E-07   -1.35417E-06    2.50455E-06   -1.62011E-05    3.92725E-04   -3.72730E-05    2.11050E-07   -5.29684E-07
     3.83000E+00    3.39768E-04    1.51724E-04    4.71266E-01    1.17617E-04   -1.68217E-03    1.03945E-02    5.29352E-07   -1.26449E-06    2.34428E-06   -1.58558E-05    3.92363E-04   -3.50939E-05    2.05929E-07   -4.94641E-07
     3.84000E+00    3.36419E-04    1.42674E-04    4.71267E-01    1.10094E-04   -1.57854E-03    1.03301E-02    5.17145E-07   -1.17724E-06    2.18738E-06   -1.55278E-05    3.92023E-04   -3.29290E-05    2.01154E-07   -4.60536E-07
     3.85000E+00    3.33276E-04    1.33751E-04    4.71268E-01    1.02667E-04   -1.47556E-03    1.02669E-02    5.05799E-07   -1.09225E-06    2.03367E-06   -1.52168E-05    3.91704E-04   -3.07779E-05    1.96715E-07   -4.27312E-07
     3.86000E+00    3.30334E-04    1.24949E-04    4.71269E-01    9.53329E-05   -1.37320E-03    1.02048E-02    4.95293E-07   -1.00939E-06    1.88299E-06   -1.49226E-05    3.91407E-04   -2.86405E-05    1.92605E-07   -3.94913E-07
     3.87000E+00    3.27592E-04    1.16262E-04    4.71270E-01    8.80865E-05   -1.27146E-03    1.01438E-02    4.85605E-07   -9.28506E-07    1.73516E-06   -1.46450E-05    3.91132E-04   -2.65165E-05    1.88814E-07   -3.63285E-07
     3.88000E+00    3.25046E-04    1.07685E-04    4.71271E-01    8.09236E-05   -1.17033E-03    1.00838E-02    4.76717E-07   -8.49477E-07    1.59003E-06   -1.43839E-05    3.90877E-04   -2.44055E-05    1.85336E-07   -3.32376E-07
     3.89000E+00    3.22694E-04    9.92130E-05    4.71272E-01    7.38400E-05   -1.06978E-03    1.00250E-02    4.68610E-07   -7.72163E-07    1.44743E-06   -1.41391E-05    3.90643E-04   -2.23074E-05    1.82164E-07   -3.02134E-07
     3.90000E+00    3.20534E-04    9.08397E-05    4.71273E-01    6.68316E-05   -9.69822E-04    9.96724E-03    4.61268E-07   -6.96436E-07    1.30720E-06   -1.39104E-05    3.90431E-04   -2.02218E-05    1.79291E-07   -2.72510E-07
     3.91000E+00    3.18563E-04    8.25600E-05    4.71273E-01    5.98942E-05   -8.70434E-04    9.91054E-03    4.54676E-07   -6.22171E-07    1.16917E-06   -1.36978E-05    3.90239E-04   -1.81485E-05    1.76712E-07   -2.43454E-07
     3.92000E+00    3.16780E-04    7.43688E-05    4.71274E-01    5.30239E-05   -7.71608E-04    9.85488E-03    4.48820E-07   -5.49243E-07    1.03319E-06   -1.35012E-05    3.90068E-04   -1.60872E-05    1.74421E-07   -2.14919E-07
     3.93000E+00    3.15182E-04    6.62609E-05    4.71274E-01    4.62165E-05   -6.73334E-04    9.80026E-03    4.43687E-07   -4.77532E-07    8.99095E-07   -1.33205E-05    3.89917E-04   -1.40377E-05    1.72412E-07   -1.86859E-07
     3.94000E+00    3.13768E-04    5.82312E-05    4.71275E-01    3.94681E-05   -5.75600E-04    9.74667E-03    4.39266E-07   -4.06920E-07    7.66728E-07   -1.31555E-05    3.89787E-04   -1.19997E-05    1.70682E-07   -1.59228E-07
     3.95000E+00    3.12536E-04    5.02749E-05    4.71275E-01    3.27748E-05   -4.78397E-04    9.69408E-03    4.35546E-07   -3.37293E-07    6.35932E-07   -1.30063E-05    3.89677E-04   -9.97294E-06    1.69226E-07   -1.31981E-07
     3.96000E+00    3.11484E-04    4.23868E-05    4.71275E-01    2.61328E-05   -3.81716E-04    9.64249E-03    4.32517E-07   -2.68535E-07    5.06550E-07   -1.28729E-05    3.89588E-04   -7.95725E-06    1.68041E-07   -1.05074E-07
     3.97000E+00    3.10611E-04    3.45622E-05    4.71276E-01    1.95380E-05   -2.85545E-04    9.59189E-03    4.30173E-07   -2.00536E-07    3.78422E-07   -1.27552E-05    3.89518E-04   -5.95235E-06    1.67123E-07   -7.84652E-08
     3.98000E+00    3.09915E-04    2.67963E-05    4.71276E-01    1.29868E-05   -1.89875E-04    9.54227E-03    4.28504E-07   -1.33186E-07    2.51394E-07   -1.26533E-05    3.89468E-04   -3.95800E-06    1.66471E-07   -5.21109E-08
     3.99000E+00    3.09396E-04    1.90843E-05    4.71276E-01    6.47541E-06   -9.46966E-05    9.49361E-03    4.27507E-07   -6.63762E-08    1.25305E-07   -1.25671E-05    3.89439E-04   -1.97396E-06    1.66081E-07   -2.59696E-08
     4.00000E+00    3.09051E-04    1.14216E-05    4.71276E-01    2.51806E-15   -1.49488E-13    9.44591E-03    4.27175E-07   -2.06855E-17    5.01596E-17   -1.24967E-05    3.89429E-04   -6.94545E-15    1.65951E-07   -5.16445E-14
