     1.00000E-05    3.68973E+00   -2.32418E-05   -5.64495E-01   -8.81729E-19   -1.63676E-05   -1.63676E+00    4.44342E-01    6.22227E-20    6.46560E-06    6.46560E-01    3.47830E-01    1.35766E-19    7.55932E-11    1.51186E-05
     8.50997E-03    3.68907E+00    3.15404E-02   -5.64266E-01    5.37977E-02   -1.39261E-02   -1.63581E+00    4.44257E-01   -2.01493E-02    5.50073E-03    6.46039E-01    3.47735E-01   -2.23037E-02    5.47301E-05    1.28595E-02
     1.70099E-02    3.68710E+00    6.30057E-02   -5.63581E-01    1.07440E-01   -2.78197E-02   -1.63297E+00    4.44000E-01   -4.02480E-02    1.09862E-02    6.44483E-01    3.47451E-01   -4.45368E-02    2.18504E-04    2.56665E-02
     2.55099E-02    3.68382E+00    9.43953E-02   -5.62440E-01    1.60899E-01   -4.16812E-02   -1.62826E+00    4.43573E-01   -6.02927E-02    1.64540E-02    6.41895E-01    3.46978E-01   -6.66810E-02    4.90847E-04    3.83991E-02
     3.40099E-02    3.67923E+00    1.25672E-01   -5.60846E-01    2.14084E-01   -5.54947E-02   -1.62167E+00    4.42975E-01   -8.02568E-02    2.18954E-02    6.38285E-01    3.46318E-01   -8.86926E-02    8.70971E-04    5.10208E-02
     4.25099E-02    3.67334E+00    1.56797E-01   -5.58802E-01    2.66905E-01   -6.92443E-02   -1.61324E+00    4.42209E-01   -1.00114E-01    2.73019E-02    6.33663E-01    3.45471E-01   -1.10528E-01    1.35778E-03    6.34952E-02
     5.10098E-02    3.66616E+00    1.87735E-01   -5.56310E-01    3.19274E-01   -8.29145E-02   -1.60298E+00    4.41274E-01   -1.19837E-01    3.26649E-02    6.28045E-01    3.44439E-01   -1.32145E-01    1.94987E-03    7.57868E-02
     5.95098E-02    3.65770E+00    2.18449E-01   -5.53376E-01    3.71104E-01   -9.64898E-02   -1.59092E+00    4.40172E-01   -1.39400E-01    3.79759E-02    6.21449E-01    3.43225E-01   -1.53501E-01    2.64553E-03    8.78610E-02
     6.80098E-02    3.64796E+00    2.48903E-01   -5.50003E-01    4.22310E-01   -1.09955E-01   -1.57710E+00    4.38904E-01   -1.58779E-01    4.32268E-02    6.13896E-01    3.41831E-01   -1.74556E-01    3.44278E-03    9.96841E-02
     7.65098E-02    3.63697E+00    2.79061E-01   -5.46199E-01    4.72809E-01   -1.23295E-01   -1.56154E+00    4.37473E-01   -1.77947E-01    4.84094E-02    6.05410E-01    3.40259E-01   -1.95269E-01    4.33935E-03    1.11224E-01
     8.50097E-02    3.62474E+00    3.08889E-01   -5.41968E-01    5.22523E-01   -1.36496E-01   -1.54430E+00    4.35880E-01   -1.96880E-01    5.35161E-02    5.96017E-01    3.38512E-01   -2.15603E-01    5.33268E-03    1.22448E-01
     9.35097E-02    3.61128E+00    3.38354E-01   -5.37318E-01    5.71373E-01   -1.49544E-01   -1.52541E+00    4.34127E-01   -2.15554E-01    5.85392E-02    5.85748E-01    3.36595E-01   -2.35521E-01    6.41998E-03    1.33328E-01
     1.02010E-01    3.59661E+00    3.67421E-01   -5.32257E-01    6.19285E-01   -1.62424E-01   -1.50494E+00    4.32216E-01   -2.33946E-01    6.34714E-02    5.74634E-01    3.34510E-01   -2.54987E-01    7.59818E-03    1.43834E-01
     1.10510E-01    3.58075E+00    3.96060E-01   -5.26793E-01    6.66190E-01   -1.75123E-01   -1.48292E+00    4.30151E-01   -2.52032E-01    6.83057E-02    5.62709E-01    3.32261E-01   -2.73967E-01    8.86401E-03    1.53941E-01
     1.19010E-01    3.56373E+00    4.24239E-01   -5.20935E-01    7.12019E-01   -1.87629E-01   -1.45942E+00    4.27933E-01   -2.69791E-01    7.30352E-02    5.50011E-01    3.29854E-01   -2.92430E-01    1.02140E-02    1.63623E-01
     1.27510E-01    3.54555E+00    4.51928E-01   -5.14692E-01    7.56710E-01   -1.99929E-01   -1.43449E+00    4.25565E-01   -2.87202E-01    7.76537E-02    5.36577E-01    3.27291E-01   -3.10345E-01    1.16443E-02    1.72857E-01
     1.36010E-01    3.52626E+00    4.79098E-01   -5.08074E-01    8.00201E-01   -2.12012E-01   -1.40821E+00    4.23051E-01   -3.04243E-01    8.21551E-02    5.22448E-01    3.24579E-01   -3.27686E-01    1.31512E-02    1.81622E-01
     1.44510E-01    3.50587E+00    5.05723E-01   -5.01092E-01    8.42439E-01   -2.23865E-01   -1.38063E+00    4.20394E-01   -3.20896E-01    8.65335E-02    5.07667E-01    3.21723E-01   -3.44425E-01    1.47305E-02    1.89898E-01
     1.53010E-01    3.48440E+00    5.31774E-01   -4.93757E-01    8.83370E-01   -2.35479E-01   -1.35182E+00    4.17597E-01   -3.37142E-01    9.07836E-02    4.92276E-01    3.18726E-01   -3.60539E-01    1.63780E-02    1.97669E-01
     1.61510E-01    3.46189E+00    5.57229E-01   -4.86079E-01    9.22948E-01   -2.46843E-01   -1.32185E+00    4.14664E-01   -3.52962E-01    9.49005E-02    4.76319E-01    3.15595E-01   -3.76006E-01    1.80894E-02    2.04920E-01
     1.70010E-01    3.43837E+00    5.82062E-01   -4.78071E-01    9.61130E-01   -2.57947E-01   -1.29080E+00    4.11598E-01   -3.68341E-01    9.88796E-02    4.59844E-01    3.12336E-01   -3.90807E-01    1.98601E-02    2.11636E-01
     1.78509E-01    3.41386E+00    6.06251E-01   -4.69744E-01    9.97875E-01   -2.68783E-01   -1.25873E+00    4.08404E-01   -3.83263E-01    1.02717E-01    4.42895E-01    3.08953E-01   -4.04925E-01    2.16856E-02    2.17808E-01
     1.87009E-01    3.38839E+00    6.29776E-01   -4.61111E-01    1.03315E+00   -2.79343E-01   -1.22571E+00    4.05084E-01   -3.97712E-01    1.06408E-01    4.25521E-01    3.05454E-01   -4.18344E-01    2.35613E-02    2.23427E-01
     1.95509E-01    3.36200E+00    6.52617E-01   -4.52184E-01    1.06693E+00   -2.89618E-01   -1.19183E+00    4.01644E-01   -4.11676E-01    1.09949E-01    4.07767E-01    3.01844E-01   -4.31053E-01    2.54823E-02    2.28485E-01
     2.04009E-01    3.33472E+00    6.74756E-01   -4.42977E-01    1.09918E+00   -2.99602E-01   -1.15716E+00    3.98087E-01   -4.25141E-01    1.13339E-01    3.89683E-01    2.98128E-01   -4.43040E-01    2.74439E-02    2.32979E-01
     2.12509E-01    3.30657E+00    6.96176E-01   -4.33503E-01    1.12988E+00   -3.09288E-01   -1.12177E+00    3.94418E-01   -4.38097E-01    1.16573E-01    3.71315E-01    2.94314E-01   -4.54297E-01    2.94413E-02    2.36905E-01
     2.21009E-01    3.27760E+00    7.16863E-01   -4.23774E-01    1.15901E+00   -3.18670E-01   -1.08574E+00    3.90641E-01   -4.50533E-01    1.19650E-01    3.52710E-01    2.90407E-01   -4.64819E-01    3.14696E-02    2.40263E-01
     2.29509E-01    3.24784E+00    7.36803E-01   -4.13804E-01    1.18657E+00   -3.27743E-01   -1.04914E+00    3.86760E-01   -4.62439E-01    1.22569E-01    3.33916E-01    2.86414E-01   -4.74601E-01    3.35241E-02    2.43055E-01
     2.38009E-01    3.21732E+00    7.55984E-01   -4.03607E-01    1.21254E+00   -3.36504E-01   -1.01204E+00    3.82781E-01   -4.73808E-01    1.25326E-01    3.14979E-01    2.82341E-01   -4.83643E-01    3.56000E-02    2.45284E-01
     2.46509E-01    3.18607E+00    7.74396E-01   -3.93196E-01    1.23692E+00   -3.44947E-01   -9.74529E-01    3.78707E-01   -4.84633E-01    1.27923E-01    2.95944E-01    2.78194E-01   -4.91943E-01    3.76924E-02    2.46955E-01
     2.55009E-01    3.15414E+00    7.92029E-01   -3.82584E-01    1.25970E+00   -3.53070E-01   -9.36666E-01    3.74544E-01   -4.94908E-01    1.30357E-01    2.76856E-01    2.73980E-01   -4.99505E-01    3.97966E-02    2.48075E-01
     2.63509E-01    3.12155E+00    8.08877E-01   -3.71785E-01    1.28089E+00   -3.60869E-01   -8.98525E-01    3.70295E-01   -5.04628E-01    1.32629E-01    2.57759E-01    2.69705E-01   -5.06333E-01    4.19081E-02    2.48653E-01
     2.72009E-01    3.08835E+00    8.24933E-01   -3.60813E-01    1.30050E+00   -3.68344E-01   -8.60175E-01    3.65967E-01   -5.13790E-01    1.34739E-01    2.38695E-01    2.65375E-01   -5.12433E-01    4.40222E-02    2.48699E-01
     2.80509E-01    3.05457E+00    8.40193E-01   -3.49681E-01    1.31852E+00   -3.75492E-01   -8.21686E-01    3.61563E-01   -5.22391E-01    1.36687E-01    2.19706E-01    2.60996E-01   -5.17813E-01    4.61345E-02    2.48224E-01
     2.89009E-01    3.02025E+00    8.54653E-01   -3.38403E-01    1.33498E+00   -3.82312E-01   -7.83122E-01    3.57088E-01   -5.30429E-01    1.38475E-01    2.00830E-01    2.56574E-01   -5.22482E-01    4.82405E-02    2.47243E-01
     2.97509E-01    2.98541E+00    8.68313E-01   -3.26991E-01    1.34989E+00   -3.88805E-01   -7.44549E-01    3.52547E-01   -5.37905E-01    1.40102E-01    1.82107E-01    2.52115E-01   -5.26453E-01    5.03362E-02    2.45768E-01
     3.06009E-01    2.95011E+00    8.81171E-01   -3.15459E-01    1.36327E+00   -3.94970E-01   -7.06027E-01    3.47945E-01   -5.44820E-01    1.41571E-01    1.63572E-01    2.47626E-01   -5.29736E-01    5.24172E-02    2.43817E-01
     3.14509E-01    2.91436E+00    8.93230E-01   -3.03820E-01    1.37513E+00   -4.00808E-01   -6.67618E-01    3.43287E-01   -5.51174E-01    1.42883E-01    1.45261E-01    2.43112E-01   -5.32348E-01    5.44797E-02    2.41406E-01
     3.23009E-01    2.87822E+00    9.04491E-01   -2.92086E-01    1.38551E+00   -4.06320E-01   -6.29379E-01    3.38577E-01   -5.56972E-01    1.44041E-01    1.27206E-01    2.38578E-01   -5.34302E-01    5.65199E-02    2.38552E-01
     3.31509E-01    2.84171E+00    9.14958E-01   -2.80270E-01    1.39442E+00   -4.11508E-01   -5.91365E-01    3.33820E-01   -5.62216E-01    1.45047E-01    1.09438E-01    2.34031E-01   -5.35616E-01    5.85339E-02    2.35274E-01
     3.40009E-01    2.80487E+00    9.24636E-01   -2.68385E-01    1.40190E+00   -4.16374E-01   -5.53629E-01    3.29021E-01   -5.66911E-01    1.45902E-01    9.19876E-02    2.29474E-01   -5.36307E-01    6.05184E-02    2.31591E-01
     3.48509E-01    2.76774E+00    9.33532E-01   -2.56442E-01    1.40797E+00   -4.20920E-01   -5.16222E-01    3.24184E-01   -5.71063E-01    1.46611E-01    7.48810E-02    2.24915E-01   -5.36394E-01    6.24698E-02    2.27524E-01
     3.57009E-01    2.73034E+00    9.41653E-01   -2.44453E-01    1.41267E+00   -4.25151E-01   -4.79192E-01    3.19314E-01   -5.74679E-01    1.47176E-01    5.81439E-02    2.20357E-01   -5.35897E-01    6.43852E-02    2.23094E-01
     3.65509E-01    2.69272E+00    9.49007E-01   -2.32431E-01    1.41603E+00   -4.29068E-01   -4.42584E-01    3.14416E-01   -5.77766E-01    1.47601E-01    4.17996E-02    2.15806E-01   -5.34835E-01    6.62615E-02    2.18320E-01
     3.74009E-01    2.65490E+00    9.55603E-01   -2.20385E-01    1.41809E+00   -4.32676E-01   -4.06442E-01    3.09494E-01   -5.80332E-01    1.47888E-01    2.58695E-02    2.11267E-01   -5.33230E-01    6.80957E-02    2.13225E-01
     3.82509E-01    2.61692E+00    9.61453E-01   -2.08327E-01    1.41887E+00   -4.35979E-01   -3.70805E-01    3.04552E-01   -5.82385E-01    1.48042E-01    1.03729E-02    2.06743E-01   -5.31103E-01    6.98854E-02    2.07830E-01
     3.91009E-01    2.57881E+00    9.66567E-01   -1.96267E-01    1.41842E+00   -4.38981E-01   -3.35713E-01    2.99594E-01   -5.83936E-01    1.48066E-01   -4.67264E-03    2.02240E-01   -5.28477E-01    7.16280E-02    2.02158E-01
     3.99509E-01    2.54060E+00    9.70959E-01   -1.84217E-01    1.41677E+00   -4.41688E-01   -3.01200E-01    2.94626E-01   -5.84995E-01    1.47964E-01   -1.92518E-02    1.97760E-01   -5.25373E-01    7.33214E-02    1.96229E-01
     4.08009E-01    2.50233E+00    9.74641E-01   -1.72186E-01    1.41397E+00   -4.44103E-01   -2.67299E-01    2.89651E-01   -5.85573E-01    1.47740E-01   -3.33509E-02    1.93309E-01   -5.21814E-01    7.49633E-02    1.90066E-01
     4.16509E-01    2.46401E+00    9.77627E-01   -1.60183E-01    1.41005E+00   -4.46233E-01   -2.34041E-01    2.84673E-01   -5.85680E-01    1.47398E-01   -4.69584E-02    1.88891E-01   -5.17824E-01    7.65519E-02    1.83690E-01
     4.25009E-01    2.42569E+00    9.79932E-01   -1.48218E-01    1.40505E+00   -4.48084E-01   -2.01454E-01    2.79696E-01   -5.85331E-01    1.46943E-01   -6.00645E-02    1.84508E-01   -5.13424E-01    7.80854E-02    1.77124E-01
     4.33509E-01    2.38739E+00    9.81571E-01   -1.36300E-01    1.39902E+00   -4.49660E-01   -1.69564E-01    2.74723E-01   -5.84535E-01    1.46379E-01   -7.26610E-02    1.80164E-01   -5.08639E-01    7.95625E-02    1.70388E-01
     4.42009E-01    2.34914E+00    9.82561E-01   -1.24438E-01    1.39199E+00   -4.50968E-01   -1.38394E-01    2.69760E-01   -5.83308E-01    1.45709E-01   -8.47417E-02    1.75862E-01   -5.03492E-01    8.09816E-02    1.63503E-01
     4.50509E-01    2.31096E+00    9.82917E-01   -1.12639E-01    1.38401E+00   -4.52015E-01   -1.07967E-01    2.64808E-01   -5.81662E-01    1.44940E-01   -9.63021E-02    1.71605E-01   -4.98004E-01    8.23416E-02    1.56490E-01
     4.59009E-01    2.27288E+00    9.82658E-01   -1.00912E-01    1.37512E+00   -4.52806E-01   -7.82997E-02    2.59873E-01   -5.79611E-01    1.44074E-01   -1.07339E-01    1.67397E-01   -4.92199E-01    8.36416E-02    1.49369E-01
     4.67509E-01    2.23492E+00    9.81800E-01   -8.92644E-02    1.36536E+00   -4.53348E-01   -4.94104E-02    2.54956E-01   -5.77170E-01    1.43116E-01   -1.17851E-01    1.63239E-01   -4.86099E-01    8.48807E-02    1.42159E-01
     4.76009E-01    2.19712E+00    9.80362E-01   -7.77033E-02    1.35477E+00   -4.53648E-01   -2.13137E-02    2.50062E-01   -5.74351E-01    1.42072E-01   -1.27838E-01    1.59134E-01   -4.79726E-01    8.60581E-02    1.34880E-01
     4.84509E-01    2.15949E+00    9.78362E-01   -6.62356E-02    1.34339E+00   -4.53713E-01    5.97772E-03    2.45193E-01   -5.71171E-01    1.40944E-01   -1.37302E-01    1.55084E-01   -4.73103E-01    8.71735E-02    1.27550E-01
     4.93009E-01    2.12205E+00    9.75818E-01   -5.48678E-02    1.33127E+00   -4.53549E-01    3.24530E-02    2.40353E-01   -5.67643E-01    1.39739E-01   -1.46246E-01    1.51092E-01   -4.66250E-01    8.82264E-02    1.20187E-01
     5.01509E-01    2.08483E+00    9.72749E-01   -4.36061E-02    1.31844E+00   -4.53163E-01    5.81031E-02    2.35544E-01   -5.63783E-01    1.38460E-01   -1.54673E-01    1.47159E-01   -4.59187E-01    8.92166E-02    1.12808E-01
     5.10008E-01    2.04784E+00    9.69174E-01   -3.24563E-02    1.30495E+00   -4.52563E-01    8.29211E-02    2.30770E-01   -5.59606E-01    1.37111E-01   -1.62588E-01    1.43286E-01   -4.51937E-01    9.01441E-02    1.05429E-01
     5.18508E-01    2.01112E+00    9.65113E-01   -2.14239E-02    1.29083E+00   -4.51756E-01    1.06902E-01    2.26032E-01   -5.55126E-01    1.35697E-01   -1.69998E-01    1.39476E-01   -4.44518E-01    9.10089E-02    9.80660E-02
     5.27008E-01    1.97466E+00    9.60584E-01   -1.05140E-02    1.27613E+00   -4.50749E-01    1.30041E-01    2.21333E-01   -5.50359E-01    1.34222E-01   -1.76911E-01    1.35730E-01   -4.36949E-01    9.18113E-02    9.07344E-02
     5.35508E-01    1.93850E+00    9.55607E-01    2.68698E-04    1.26088E+00   -4.49548E-01    1.52337E-01    2.16677E-01   -5.45320E-01    1.32691E-01   -1.83334E-01    1.32048E-01   -4.29250E-01    9.25515E-02    8.34481E-02
     5.44008E-01    1.90265E+00    9.50202E-01    1.09196E-02    1.24514E+00   -4.48161E-01    1.73790E-01    2.12064E-01   -5.40023E-01    1.31107E-01   -1.89276E-01    1.28433E-01   -4.21438E-01    9.32301E-02    7.62205E-02
     5.52508E-01    1.86712E+00    9.44387E-01    2.14346E-02    1.22892E+00   -4.46596E-01    1.94401E-01    2.07497E-01   -5.34485E-01    1.29475E-01   -1.94748E-01    1.24884E-01   -4.13530E-01    9.38475E-02    6.90644E-02
     5.61008E-01    1.83192E+00    9.38181E-01    3.18099E-02    1.21227E+00   -4.44859E-01    2.14173E-01    2.02978E-01   -5.28718E-01    1.27798E-01   -1.99761E-01    1.21403E-01   -4.05544E-01    9.44044E-02    6.19916E-02
     5.69508E-01    1.79709E+00    9.31605E-01    4.20421E-02    1.19523E+00   -4.42957E-01    2.33109E-01    1.98509E-01   -5.22739E-01    1.26080E-01   -2.04324E-01    1.17990E-01   -3.97496E-01    9.49016E-02    5.50132E-02
     5.78008E-01    1.76261E+00    9.24676E-01    5.21279E-02    1.17784E+00   -4.40898E-01    2.51215E-01    1.94092E-01   -5.16562E-01    1.24326E-01   -2.08451E-01    1.14646E-01   -3.89400E-01    9.53399E-02    4.81396E-02
     5.86508E-01    1.72852E+00    9.17413E-01    6.20644E-02    1.16012E+00   -4.38689E-01    2.68497E-01    1.89728E-01   -5.10200E-01    1.22538E-01   -2.12153E-01    1.11370E-01   -3.81272E-01    9.57203E-02    4.13804E-02
     5.95008E-01    1.69481E+00    9.09836E-01    7.18491E-02    1.14212E+00   -4.36336E-01    2.84965E-01    1.85419E-01   -5.03668E-01    1.20720E-01   -2.15443E-01    1.08164E-01   -3.73125E-01    9.60437E-02    3.47443E-02
     6.03508E-01    1.66150E+00    9.01961E-01    8.14797E-02    1.12387E+00   -4.33847E-01    3.00626E-01    1.81166E-01   -4.96980E-01    1.18876E-01   -2.18335E-01    1.05027E-01   -3.64973E-01    9.63113E-02    2.82395E-02
     6.12008E-01    1.62860E+00    8.93809E-01    9.09542E-02    1.10539E+00   -4.31228E-01    3.15491E-01    1.76971E-01   -4.90149E-01    1.17010E-01   -2.20841E-01    1.01960E-01   -3.56828E-01    9.65242E-02    2.18732E-02
     6.20508E-01    1.59612E+00    8.85395E-01    1.00271E-01    1.08673E+00   -4.28486E-01    3.29571E-01    1.72834E-01   -4.83188E-01    1.15123E-01   -2.22975E-01    9.89612E-02   -3.48702E-01    9.66836E-02    1.56521E-02
     6.29008E-01    1.56406E+00    8.76737E-01    1.09428E-01    1.06791E+00   -4.25627E-01    3.42879E-01    1.68757E-01   -4.76111E-01    1.13220E-01   -2.24752E-01    9.60317E-02   -3.40607E-01    9.67907E-02    9.58211E-03
     6.37508E-01    1.53244E+00    8.67853E-01    1.18425E-01    1.04896E+00   -4.22659E-01    3.55427E-01    1.64741E-01   -4.68929E-01    1.11303E-01   -2.26184E-01    9.31708E-02   -3.32552E-01    9.68469E-02    3.66845E-03
     6.46008E-01    1.50125E+00    8.58760E-01    1.27260E-01    1.02991E+00   -4.19587E-01    3.67230E-01    1.60786E-01   -4.61655E-01    1.09376E-01   -2.27287E-01    9.03782E-02   -3.24549E-01    9.68535E-02   -2.08430E-03
     6.54508E-01    1.47051E+00    8.49473E-01    1.35933E-01    1.01079E+00   -4.16418E-01    3.78301E-01    1.56893E-01   -4.54302E-01    1.07440E-01   -2.28073E-01    8.76533E-02   -3.16605E-01    9.68120E-02   -7.67218E-03
     6.63008E-01    1.44021E+00    8.40008E-01    1.44443E-01    9.91631E-01   -4.13158E-01    3.88657E-01    1.53063E-01   -4.46879E-01    1.05499E-01   -2.28558E-01    8.49957E-02   -3.08729E-01    9.67236E-02   -1.30919E-02
     6.71508E-01    1.41037E+00    8.30381E-01    1.52791E-01    9.72449E-01   -4.09813E-01    3.98314E-01    1.49296E-01   -4.39399E-01    1.03556E-01   -2.28755E-01    8.24047E-02   -3.00931E-01    9.65899E-02   -1.83406E-02
     6.80008E-01    1.38098E+00    8.20607E-01    1.60975E-01    9.53272E-01   -4.06389E-01    4.07287E-01    1.45593E-01   -4.31872E-01    1.01611E-01   -2.28678E-01    7.98797E-02   -2.93215E-01    9.64123E-02   -2.34162E-02
     6.88508E-01    1.35205E+00    8.10700E-01    1.68996E-01    9.34125E-01   -4.02891E-01    4.15595E-01    1.41954E-01   -4.24309E-01    9.96689E-02   -2.28340E-01    7.74198E-02   -2.85591E-01    9.61923E-02   -2.83170E-02
     6.97008E-01    1.32358E+00    8.00676E-01    1.76855E-01    9.15028E-01   -3.99325E-01    4.23255E-01    1.38380E-01   -4.16719E-01    9.77303E-02   -2.27756E-01    7.50244E-02   -2.78063E-01    9.59314E-02   -3.30418E-02
     7.05508E-01    1.29557E+00    7.90547E-01    1.84552E-01    8.96004E-01   -3.95697E-01    4.30284E-01    1.34870E-01   -4.09112E-01    9.57977E-02   -2.26939E-01    7.26925E-02   -2.70637E-01    9.56311E-02   -3.75900E-02
     7.14008E-01    1.26803E+00    7.80327E-01    1.92087E-01    8.77072E-01   -3.92012E-01    4.36702E-01    1.31425E-01   -4.01497E-01    9.38730E-02   -2.25901E-01    7.04233E-02   -2.63319E-01    9.52929E-02   -4.19614E-02
     7.22508E-01    1.24095E+00    7.70028E-01    1.99462E-01    8.58251E-01   -3.88275E-01    4.42526E-01    1.28045E-01   -3.93884E-01    9.19580E-02   -2.24656E-01    6.82158E-02   -2.56113E-01    9.49183E-02   -4.61562E-02
     7.31008E-01    1.21433E+00    7.59663E-01    2.06678E-01    8.39558E-01   -3.84491E-01    4.47775E-01    1.24729E-01   -3.86279E-01    9.00544E-02   -2.23216E-01    6.60690E-02   -2.49023E-01    9.45087E-02   -5.01750E-02
     7.39508E-01    1.18818E+00    7.49244E-01    2.13735E-01    8.21012E-01   -3.80665E-01    4.52469E-01    1.21478E-01   -3.78692E-01    8.81638E-02   -2.21594E-01    6.39821E-02   -2.42052E-01    9.40658E-02   -5.40189E-02
     7.48008E-01    1.16249E+00    7.38783E-01    2.20636E-01    8.02627E-01   -3.76801E-01    4.56627E-01    1.18291E-01   -3.71129E-01    8.62878E-02   -2.19802E-01    6.19538E-02   -2.35205E-01    9.35909E-02   -5.76890E-02
     7.56508E-01    1.13726E+00    7.28289E-01    2.27380E-01    7.84418E-01   -3.72904E-01    4.60266E-01    1.15169E-01   -3.63598E-01    8.44276E-02   -2.17851E-01    5.99832E-02   -2.28483E-01    9.30856E-02   -6.11872E-02
     7.65008E-01    1.11249E+00    7.17775E-01    2.33971E-01    7.66398E-01   -3.68978E-01    4.63408E-01    1.12110E-01   -3.56106E-01    8.25847E-02   -2.15753E-01    5.80692E-02   -2.21888E-01    9.25512E-02   -6.45153E-02
     7.73508E-01    1.08817E+00    7.07249E-01    2.40410E-01    7.48580E-01   -3.65027E-01    4.66070E-01    1.09115E-01   -3.48659E-01    8.07602E-02   -2.13519E-01    5.62108E-02   -2.15424E-01    9.19893E-02   -6.76757E-02
     7.82008E-01    1.06431E+00    6.96721E-01    2.46698E-01    7.30975E-01   -3.61056E-01    4.68271E-01    1.06183E-01   -3.41263E-01    7.89553E-02   -2.11159E-01    5.44067E-02   -2.09091E-01    9.14012E-02   -7.06708E-02
     7.90508E-01    1.04090E+00    6.86201E-01    2.52837E-01    7.13594E-01   -3.57068E-01    4.70030E-01    1.03313E-01   -3.33924E-01    7.71709E-02   -2.08684E-01    5.26559E-02   -2.02891E-01    9.07883E-02   -7.35033E-02
     7.99008E-01    1.01793E+00    6.75698E-01    2.58829E-01    6.96447E-01   -3.53066E-01    4.71367E-01    1.00506E-01   -3.26647E-01    7.54080E-02   -2.06103E-01    5.09572E-02   -1.96824E-01    9.01521E-02   -7.61761E-02
     8.07508E-01    9.95410E-01    6.65218E-01    2.64677E-01    6.79542E-01   -3.49056E-01    4.72299E-01    9.77600E-02   -3.19437E-01    7.36674E-02   -2.03427E-01    4.93095E-02   -1.90891E-01    8.94938E-02   -7.86924E-02
     8.16008E-01    9.73328E-01    6.54771E-01    2.70382E-01    6.62887E-01   -3.45038E-01    4.72844E-01    9.50752E-02   -3.12298E-01    7.19499E-02   -2.00665E-01    4.77116E-02   -1.85093E-01    8.88148E-02   -8.10554E-02
     8.24508E-01    9.51681E-01    6.44364E-01    2.75947E-01    6.46489E-01   -3.41018E-01    4.73020E-01    9.24508E-02   -3.05235E-01    7.02563E-02   -1.97824E-01    4.61625E-02   -1.79429E-01    8.81163E-02   -8.32686E-02
     8.33008E-01    9.30465E-01    6.34003E-01    2.81373E-01    6.30353E-01   -3.36998E-01    4.72845E-01    8.98860E-02   -2.98252E-01    6.85871E-02   -1.94915E-01    4.46610E-02   -1.73900E-01    8.73996E-02   -8.53355E-02
     8.41508E-01    9.09675E-01    6.23696E-01    2.86664E-01    6.14487E-01   -3.32981E-01    4.72336E-01    8.73803E-02   -2.91352E-01    6.69430E-02   -1.91944E-01    4.32059E-02   -1.68504E-01    8.66660E-02   -8.72596E-02
     8.50008E-01    8.89306E-01    6.13448E-01    2.91820E-01    5.98893E-01   -3.28969E-01    4.71511E-01    8.49328E-02   -2.84539E-01    6.53243E-02   -1.88920E-01    4.17960E-02   -1.63241E-01    8.59166E-02   -8.90449E-02
     8.58507E-01    8.69353E-01    6.03265E-01    2.96846E-01    5.83576E-01   -3.24966E-01    4.70384E-01    8.25429E-02   -2.77816E-01    6.37315E-02   -1.85849E-01    4.04304E-02   -1.58111E-01    8.51526E-02   -9.06950E-02
     8.67007E-01    8.49812E-01    5.93154E-01    3.01742E-01    5.68539E-01   -3.20974E-01    4.68974E-01    8.02097E-02   -2.71185E-01    6.21649E-02   -1.82740E-01    3.91078E-02   -1.53112E-01    8.43752E-02   -9.22139E-02
     8.75507E-01    8.30676E-01    5.83118E-01    3.06512E-01    5.53784E-01   -3.16994E-01    4.67294E-01    7.79325E-02   -2.64649E-01    6.06250E-02   -1.79598E-01    3.78271E-02   -1.48243E-01    8.35854E-02   -9.36055E-02
     8.84007E-01    8.11939E-01    5.73164E-01    3.11157E-01    5.39314E-01   -3.13030E-01    4.65361E-01    7.57104E-02   -2.58210E-01    5.91119E-02   -1.76429E-01    3.65873E-02   -1.43503E-01    8.27842E-02   -9.48737E-02
     8.92507E-01    7.93598E-01    5.63294E-01    3.15681E-01    5.25130E-01   -3.09084E-01    4.63190E-01    7.35426E-02   -2.51870E-01    5.76258E-02   -1.73241E-01    3.53872E-02   -1.38889E-01    8.19728E-02   -9.60225E-02
     9.01007E-01    7.75645E-01    5.53514E-01    3.20085E-01    5.11232E-01   -3.05157E-01    4.60794E-01    7.14283E-02   -2.45631E-01    5.61668E-02   -1.70038E-01    3.42258E-02   -1.34402E-01    8.11522E-02   -9.70558E-02
     9.09507E-01    7.58075E-01    5.43827E-01    3.24372E-01    4.97621E-01   -3.01251E-01    4.58189E-01    6.93666E-02   -2.39494E-01    5.47352E-02   -1.66825E-01    3.31021E-02   -1.30038E-01    8.03232E-02   -9.79777E-02
     9.18007E-01    7.40881E-01    5.34236E-01    3.28545E-01    4.84297E-01   -2.97368E-01    4.55386E-01    6.73567E-02   -2.33460E-01    5.33308E-02   -1.63608E-01    3.20149E-02   -1.25796E-01    7.94869E-02   -9.87922E-02
     9.26507E-01    7.24059E-01    5.24745E-01    3.32606E-01    4.71259E-01   -2.93510E-01    4.52400E-01    6.53975E-02   -2.27531E-01    5.19538E-02   -1.60392E-01    3.09632E-02   -1.21674E-01    7.86440E-02   -9.95030E-02
     9.35007E-01    7.07602E-01    5.15357E-01    3.36558E-01    4.58506E-01   -2.89678E-01    4.49243E-01    6.34883E-02   -2.21708E-01    5.06041E-02   -1.57180E-01    2.99461E-02   -1.17670E-01    7.77956E-02   -1.00114E-01
     9.43507E-01    6.91503E-01    5.06075E-01    3.40402E-01    4.46036E-01   -2.85873E-01    4.45927E-01    6.16282E-02   -2.15990E-01    4.92817E-02   -1.53978E-01    2.89625E-02   -1.13782E-01    7.69424E-02   -1.00630E-01
     9.52007E-01    6.75758E-01    4.96900E-01    3.44141E-01    4.33848E-01   -2.82098E-01    4.42464E-01    5.98162E-02   -2.10379E-01    4.79865E-02   -1.50788E-01    2.80115E-02   -1.10007E-01    7.60852E-02   -1.01053E-01
     9.60507E-01    6.60359E-01    4.87835E-01    3.47778E-01    4.21939E-01   -2.78352E-01    4.38864E-01    5.80515E-02   -2.04875E-01    4.67183E-02   -1.47614E-01    2.70920E-02   -1.06345E-01    7.52247E-02   -1.01388E-01
     9.69007E-01    6.45300E-01    4.78882E-01    3.51315E-01    4.10308E-01   -2.74637E-01    4.35140E-01    5.63330E-02   -1.99478E-01    4.54770E-02   -1.44460E-01    2.62033E-02   -1.02791E-01    7.43618E-02   -1.01639E-01
     9.77507E-01    6.30576E-01    4.70043E-01    3.54754E-01    3.98950E-01   -2.70955E-01    4.31301E-01    5.46601E-02   -1.94187E-01    4.42624E-02   -1.41329E-01    2.53443E-02   -9.93452E-02    7.34971E-02   -1.01809E-01
     9.86007E-01    6.16181E-01    4.61319E-01    3.58098E-01    3.87864E-01   -2.67305E-01    4.27357E-01    5.30316E-02   -1.89004E-01    4.30743E-02   -1.38223E-01    2.45141E-02   -9.60037E-02    7.26313E-02   -1.01902E-01
     9.94507E-01    6.02107E-01    4.52711E-01    3.61348E-01    3.77047E-01   -2.63690E-01    4.23317E-01    5.14467E-02   -1.83927E-01    4.19125E-02   -1.35146E-01    2.37119E-02   -9.27647E-02    7.17650E-02   -1.01921E-01
     1.00301E+00    5.88350E-01    4.44220E-01    3.64508E-01    3.66493E-01   -2.60109E-01    4.19191E-01    4.99045E-02   -1.78956E-01    4.07768E-02   -1.32099E-01    2.29369E-02   -8.96259E-02    7.08988E-02   -1.01870E-01
     1.01151E+00    5.74903E-01    4.35848E-01    3.67579E-01    3.56201E-01   -2.56564E-01    4.14987E-01    4.84042E-02   -1.74090E-01    3.96668E-02   -1.29085E-01    2.21880E-02   -8.65849E-02    7.00334E-02   -1.01752E-01
     1.02001E+00    5.61760E-01    4.27596E-01    3.70564E-01    3.46166E-01   -2.53055E-01    4.10714E-01    4.69447E-02   -1.69330E-01    3.85823E-02   -1.26105E-01    2.14647E-02   -8.36393E-02    6.91692E-02   -1.01570E-01
     1.02851E+00    5.48915E-01    4.19462E-01    3.73465E-01    3.36385E-01   -2.49582E-01    4.06380E-01    4.55253E-02   -1.64674E-01    3.75229E-02   -1.23163E-01    2.07659E-02   -8.07869E-02    6.83069E-02   -1.01328E-01
     1.03701E+00    5.36363E-01    4.11449E-01    3.76283E-01    3.26852E-01   -2.46146E-01    4.01991E-01    4.41450E-02   -1.60121E-01    3.64884E-02   -1.20258E-01    2.00910E-02   -7.80254E-02    6.74468E-02   -1.01028E-01
     1.04551E+00    5.24096E-01    4.03557E-01    3.79022E-01    3.17565E-01   -2.42748E-01    3.97555E-01    4.28029E-02   -1.55671E-01    3.54784E-02   -1.17393E-01    1.94392E-02   -7.53523E-02    6.65896E-02   -1.00674E-01
     1.05401E+00    5.12111E-01    3.95784E-01    3.81683E-01    3.08519E-01   -2.39388E-01    3.93080E-01    4.14983E-02   -1.51322E-01    3.44926E-02   -1.14570E-01    1.88098E-02   -7.27655E-02    6.57355E-02   -1.00269E-01
     1.06251E+00    5.00400E-01    3.88133E-01    3.84268E-01    2.99709E-01   -2.36066E-01    3.88570E-01    4.02302E-02   -1.47073E-01    3.35306E-02   -1.11788E-01    1.82020E-02   -7.02626E-02    6.48851E-02   -9.98156E-02
     1.07101E+00    4.88958E-01    3.80601E-01    3.86778E-01    2.91132E-01   -2.32783E-01    3.84032E-01    3.89978E-02   -1.42924E-01    3.25921E-02   -1.09050E-01    1.76151E-02   -6.78414E-02    6.40388E-02   -9.93162E-02
     1.07951E+00    4.77779E-01    3.73190E-01    3.89217E-01    2.82782E-01   -2.29538E-01    3.79473E-01    3.78002E-02   -1.38873E-01    3.16766E-02   -1.06355E-01    1.70485E-02   -6.54997E-02    6.31969E-02   -9.87737E-02
     1.08801E+00    4.66858E-01    3.65899E-01    3.91586E-01    2.74655E-01   -2.26332E-01    3.74897E-01    3.66367E-02   -1.34918E-01    3.07839E-02   -1.03706E-01    1.65014E-02   -6.32352E-02    6.23598E-02   -9.81908E-02
     1.09651E+00    4.56190E-01    3.58726E-01    3.93887E-01    2.66747E-01   -2.23164E-01    3.70309E-01    3.55063E-02   -1.31059E-01    2.99135E-02   -1.01102E-01    1.59732E-02   -6.10458E-02    6.15277E-02   -9.75700E-02
     1.10501E+00    4.45768E-01    3.51673E-01    3.96122E-01    2.59053E-01   -2.20036E-01    3.65715E-01    3.44084E-02   -1.27294E-01    2.90651E-02   -9.85437E-02    1.54634E-02   -5.89293E-02    6.07012E-02   -9.69137E-02
     1.11351E+00    4.35589E-01    3.44738E-01    3.98292E-01    2.51568E-01   -2.16947E-01    3.61118E-01    3.33421E-02   -1.23622E-01    2.82381E-02   -9.60320E-02    1.49712E-02   -5.68837E-02    5.98803E-02   -9.62242E-02
     1.12201E+00    4.25645E-01    3.37920E-01    4.00399E-01    2.44289E-01   -2.13897E-01    3.56524E-01    3.23066E-02   -1.20041E-01    2.74324E-02   -9.35669E-02    1.44962E-02   -5.49069E-02    5.90655E-02   -9.55037E-02
     1.13051E+00    4.15933E-01    3.31218E-01    4.02445E-01    2.37210E-01   -2.10886E-01    3.51936E-01    3.13011E-02   -1.16550E-01    2.66474E-02   -9.11488E-02    1.40376E-02   -5.29968E-02    5.82568E-02   -9.47545E-02
     1.13901E+00    4.06447E-01    3.24633E-01    4.04432E-01    2.30327E-01   -2.07914E-01    3.47357E-01    3.03250E-02   -1.13148E-01    2.58827E-02   -8.87777E-02    1.35951E-02   -5.11515E-02    5.74547E-02   -9.39786E-02
     1.14751E+00    3.97182E-01    3.18162E-01    4.06361E-01    2.23635E-01   -2.04981E-01    3.42792E-01    2.93774E-02   -1.09832E-01    2.51380E-02   -8.64537E-02    1.31679E-02   -4.93690E-02    5.66593E-02   -9.31780E-02
     1.15601E+00    3.88132E-01    3.11805E-01    4.08234E-01    2.17131E-01   -2.02087E-01    3.38243E-01    2.84576E-02   -1.06602E-01    2.44129E-02   -8.41767E-02    1.27556E-02   -4.76474E-02    5.58708E-02   -9.23548E-02
     1.16451E+00    3.79295E-01    3.05561E-01    4.10053E-01    2.10809E-01   -1.99231E-01    3.33714E-01    2.75649E-02   -1.03455E-01    2.37069E-02   -8.19467E-02    1.23577E-02   -4.59848E-02    5.50893E-02   -9.15106E-02
     1.17301E+00    3.70664E-01    2.99428E-01    4.11819E-01    2.04665E-01   -1.96414E-01    3.29208E-01    2.66986E-02   -1.00391E-01    2.30197E-02   -7.97635E-02    1.19737E-02   -4.43793E-02    5.43151E-02   -9.06473E-02
     1.18151E+00    3.62234E-01    2.93406E-01    4.13533E-01    1.98695E-01   -1.93635E-01    3.24727E-01    2.58580E-02   -9.74077E-02    2.23508E-02   -7.76268E-02    1.16031E-02   -4.28293E-02    5.35484E-02   -8.97665E-02
     1.19001E+00    3.54002E-01    2.87494E-01    4.15197E-01    1.92895E-01   -1.90893E-01    3.20273E-01    2.50425E-02   -9.45033E-02    2.16999E-02   -7.55365E-02    1.12455E-02   -4.13330E-02    5.27891E-02   -8.88700E-02
     1.19851E+00    3.45963E-01    2.81689E-01    4.16812E-01    1.87259E-01   -1.88190E-01    3.15849E-01    2.42513E-02   -9.16765E-02    2.10665E-02   -7.34922E-02    1.09003E-02   -3.98885E-02    5.20376E-02   -8.79592E-02
     1.20701E+00    3.38112E-01    2.75992E-01    4.18381E-01    1.81785E-01   -1.85524E-01    3.11458E-01    2.34838E-02   -8.89257E-02    2.04504E-02   -7.14934E-02    1.05672E-02   -3.84944E-02    5.12939E-02   -8.70357E-02
     1.21551E+00    3.30444E-01    2.70399E-01    4.19903E-01    1.76468E-01   -1.82895E-01    3.07100E-01    2.27393E-02   -8.62494E-02    1.98510E-02   -6.95398E-02    1.02458E-02   -3.71489E-02    5.05580E-02   -8.61008E-02
     1.22401E+00    3.22957E-01    2.64912E-01    4.21381E-01    1.71304E-01   -1.80303E-01    3.02777E-01    2.20173E-02   -8.36459E-02    1.92681E-02   -6.76310E-02    9.93556E-03   -3.58505E-02    4.98302E-02   -8.51559E-02
     1.23251E+00    3.15645E-01    2.59527E-01    4.22816E-01    1.66289E-01   -1.77748E-01    2.98492E-01    2.13171E-02   -8.11137E-02    1.87012E-02   -6.57664E-02    9.63619E-03   -3.45977E-02    4.91104E-02   -8.42024E-02
     1.24101E+00    3.08505E-01    2.54243E-01    4.24208E-01    1.61419E-01   -1.75229E-01    2.94246E-01    2.06382E-02   -7.86514E-02    1.81499E-02   -6.39456E-02    9.34728E-03   -3.33889E-02    4.83988E-02   -8.32414E-02
     1.24951E+00    3.01532E-01    2.49060E-01    4.25560E-01    1.56691E-01   -1.72745E-01    2.90040E-01    1.99799E-02   -7.62572E-02    1.76140E-02   -6.21679E-02    9.06846E-03   -3.22227E-02    4.76953E-02   -8.22740E-02
     1.25801E+00    2.94723E-01    2.43976E-01    4.26873E-01    1.52100E-01   -1.70298E-01    2.85875E-01    1.93416E-02   -7.39298E-02    1.70930E-02   -6.04328E-02    8.79937E-03   -3.10976E-02    4.70001E-02   -8.13015E-02
     1.26651E+00    2.88073E-01    2.38989E-01    4.28146E-01    1.47642E-01   -1.67885E-01    2.81752E-01    1.87229E-02   -7.16675E-02    1.65865E-02   -5.87397E-02    8.53969E-03   -3.00124E-02    4.63132E-02   -8.03248E-02
     1.27501E+00    2.81580E-01    2.34098E-01    4.29383E-01    1.43315E-01   -1.65508E-01    2.77673E-01    1.81231E-02   -6.94690E-02    1.60943E-02   -5.70879E-02    8.28906E-03   -2.89656E-02    4.56346E-02   -7.93450E-02
     1.28351E+00    2.75238E-01    2.29302E-01    4.30583E-01    1.39114E-01   -1.63165E-01    2.73638E-01    1.75417E-02   -6.73326E-02    1.56159E-02   -5.54770E-02    8.04717E-03   -2.79560E-02    4.49644E-02   -7.83630E-02
     1.29201E+00    2.69046E-01    2.24598E-01    4.31748E-01    1.35037E-01   -1.60856E-01    2.69648E-01    1.69783E-02   -6.52570E-02    1.51511E-02   -5.39060E-02    7.81370E-03   -2.69823E-02    4.43025E-02   -7.73797E-02
     1.30051E+00    2.62998E-01    2.19987E-01    4.32879E-01    1.31079E-01   -1.58581E-01    2.65704E-01    1.64322E-02   -6.32407E-02    1.46994E-02   -5.23746E-02    7.58837E-03   -2.60432E-02    4.36489E-02   -7.63960E-02
     1.30901E+00    2.57092E-01    2.15466E-01    4.33977E-01    1.27238E-01   -1.56339E-01    2.61806E-01    1.59030E-02   -6.12822E-02    1.42606E-02   -5.08818E-02    7.37088E-03   -2.51376E-02    4.30037E-02   -7.54126E-02
     1.31751E+00    2.51325E-01    2.11033E-01    4.35042E-01    1.23509E-01   -1.54130E-01    2.57955E-01    1.53903E-02   -5.93802E-02    1.38343E-02   -4.94272E-02    7.16094E-03   -2.42644E-02    4.23669E-02   -7.44304E-02
     1.32601E+00    2.45693E-01    2.06688E-01    4.36077E-01    1.19891E-01   -1.51954E-01    2.54151E-01    1.48934E-02   -5.75332E-02    1.34202E-02   -4.80098E-02    6.95829E-03   -2.34224E-02    4.17384E-02   -7.34499E-02
     1.33451E+00    2.40192E-01    2.02429E-01    4.37081E-01    1.16380E-01   -1.49809E-01    2.50394E-01    1.44120E-02   -5.57399E-02    1.30180E-02   -4.66292E-02    6.76268E-03   -2.26105E-02    4.11183E-02   -7.24720E-02
     1.34301E+00    2.34820E-01    1.98255E-01    4.38055E-01    1.12972E-01   -1.47697E-01    2.46686E-01    1.39457E-02   -5.39989E-02    1.26274E-02   -4.52845E-02    6.57383E-03   -2.18277E-02    4.05064E-02   -7.14972E-02
     1.35151E+00    2.29574E-01    1.94163E-01    4.39002E-01    1.09665E-01   -1.45616E-01    2.43025E-01    1.34939E-02   -5.23089E-02    1.22481E-02   -4.39751E-02    6.39153E-03   -2.10730E-02    3.99028E-02   -7.05261E-02
     1.36001E+00    2.24451E-01    1.90154E-01    4.39920E-01    1.06456E-01   -1.43565E-01    2.39412E-01    1.30563E-02   -5.06686E-02    1.18797E-02   -4.27003E-02    6.21552E-03   -2.03454E-02    3.93074E-02   -6.95593E-02
     1.36851E+00    2.19447E-01    1.86225E-01    4.40812E-01    1.03343E-01   -1.41545E-01    2.35848E-01    1.26324E-02   -4.90768E-02    1.15221E-02   -4.14593E-02    6.04558E-03   -1.96439E-02    3.87203E-02   -6.85973E-02
     1.37701E+00    2.14560E-01    1.82374E-01    4.41677E-01    1.00322E-01   -1.39556E-01    2.32332E-01    1.22219E-02   -4.75320E-02    1.11748E-02   -4.02514E-02    5.88150E-03   -1.89677E-02    3.81413E-02   -6.76406E-02
     1.38551E+00    2.09787E-01    1.78602E-01    4.42517E-01    9.73902E-02   -1.37596E-01    2.28864E-01    1.18242E-02   -4.60332E-02    1.08377E-02   -3.90760E-02    5.72306E-03   -1.83157E-02    3.75704E-02   -6.66897E-02
     1.39401E+00    2.05125E-01    1.74905E-01    4.43333E-01    9.45459E-02   -1.35665E-01    2.25444E-01    1.14392E-02   -4.45791E-02    1.05105E-02   -3.79324E-02    5.57007E-03   -1.76873E-02    3.70075E-02   -6.57449E-02
     1.40251E+00    2.00572E-01    1.71283E-01    4.44125E-01    9.17862E-02   -1.33763E-01    2.22073E-01    1.10663E-02   -4.31685E-02    1.01928E-02   -3.68197E-02    5.42231E-03   -1.70815E-02    3.64527E-02   -6.48067E-02
     1.41101E+00    1.96125E-01    1.67735E-01    4.44894E-01    8.91087E-02   -1.31889E-01    2.18749E-01    1.07052E-02   -4.18002E-02    9.88445E-03   -3.57375E-02    5.27962E-03   -1.64975E-02    3.59058E-02   -6.38754E-02
     1.41951E+00    1.91781E-01    1.64259E-01    4.45640E-01    8.65108E-02   -1.30044E-01    2.15473E-01    1.03556E-02   -4.04732E-02    9.58518E-03   -3.46849E-02    5.14180E-03   -1.59345E-02    3.53668E-02   -6.29513E-02
     1.42801E+00    1.87539E-01    1.60854E-01    4.46364E-01    8.39904E-02   -1.28226E-01    2.12245E-01    1.00170E-02   -3.91862E-02    9.29473E-03   -3.36613E-02    5.00868E-03   -1.53918E-02    3.48356E-02   -6.20349E-02
     1.43651E+00    1.83394E-01    1.57518E-01    4.47068E-01    8.15450E-02   -1.26436E-01    2.09064E-01    9.68928E-03   -3.79381E-02    9.01285E-03   -3.26661E-02    4.88008E-03   -1.48687E-02    3.43122E-02   -6.11263E-02
     1.44501E+00    1.79346E-01    1.54250E-01    4.47751E-01    7.91725E-02   -1.24672E-01    2.05929E-01    9.37198E-03   -3.67280E-02    8.73933E-03   -3.16985E-02    4.75586E-03   -1.43645E-02    3.37965E-02   -6.02258E-02
     1.45351E+00    1.75392E-01    1.51050E-01    4.48414E-01    7.68707E-02   -1.22935E-01    2.02842E-01    9.06480E-03   -3.55548E-02    8.47391E-03   -3.07579E-02    4.63584E-03   -1.38785E-02    3.32883E-02   -5.93337E-02
     1.46201E+00    1.71530E-01    1.47915E-01    4.49058E-01    7.46376E-02   -1.21224E-01    1.99801E-01    8.76745E-03   -3.44174E-02    8.21637E-03   -2.98436E-02    4.51987E-03   -1.34100E-02    3.27878E-02   -5.84503E-02
     1.47051E+00    1.67757E-01    1.44844E-01    4.49683E-01    7.24711E-02   -1.19538E-01    1.96805E-01    8.47961E-03   -3.33148E-02    7.96649E-03   -2.89551E-02    4.40782E-03   -1.29583E-02    3.22947E-02   -5.75755E-02
     1.47901E+00    1.64071E-01    1.41837E-01    4.50290E-01    7.03691E-02   -1.17878E-01    1.93855E-01    8.20100E-03   -3.22460E-02    7.72406E-03   -2.80917E-02    4.29954E-03   -1.25230E-02    3.18089E-02   -5.67098E-02
     1.48751E+00    1.60470E-01    1.38892E-01    4.50880E-01    6.83299E-02   -1.16242E-01    1.90951E-01    7.93134E-03   -3.12102E-02    7.48887E-03   -2.72527E-02    4.19488E-03   -1.21034E-02    3.13306E-02   -5.58532E-02
     1.49601E+00    1.56953E-01    1.36007E-01    4.51452E-01    6.63514E-02   -1.14632E-01    1.88091E-01    7.67034E-03   -3.02063E-02    7.26070E-03   -2.64376E-02    4.09374E-03   -1.16989E-02    3.08594E-02   -5.50059E-02
     1.50451E+00    1.53516E-01    1.33183E-01    4.52008E-01    6.44320E-02   -1.13045E-01    1.85275E-01    7.41774E-03   -2.92334E-02    7.03936E-03   -2.56457E-02    3.99596E-03   -1.13089E-02    3.03954E-02   -5.41680E-02
     1.51301E+00    1.50159E-01    1.30416E-01    4.52547E-01    6.25697E-02   -1.11482E-01    1.82503E-01    7.17329E-03   -2.82907E-02    6.82466E-03   -2.48765E-02    3.90144E-03   -1.09330E-02    2.99385E-02   -5.33396E-02
     1.52151E+00    1.46879E-01    1.27707E-01    4.53072E-01    6.07630E-02   -1.09942E-01    1.79775E-01    6.93672E-03   -2.73773E-02    6.61640E-03   -2.41294E-02    3.81006E-03   -1.05707E-02    2.94886E-02   -5.25208E-02
     1.53001E+00    1.43674E-01    1.25054E-01    4.53581E-01    5.90101E-02   -1.08426E-01    1.77089E-01    6.70780E-03   -2.64923E-02    6.41440E-03   -2.34039E-02    3.72171E-03   -1.02213E-02    2.90457E-02   -5.17117E-02
     1.53851E+00    1.40543E-01    1.22457E-01    4.54075E-01    5.73094E-02   -1.06932E-01    1.74446E-01    6.48627E-03   -2.56350E-02    6.21848E-03   -2.26992E-02    3.63627E-03   -9.88458E-03    2.86095E-02   -5.09124E-02
     1.54701E+00    1.37484E-01    1.19913E-01    4.54555E-01    5.56594E-02   -1.05460E-01    1.71845E-01    6.27193E-03   -2.48044E-02    6.02846E-03   -2.20150E-02    3.55364E-03   -9.55992E-03    2.81801E-02   -5.01229E-02
     1.55551E+00    1.34495E-01    1.17422E-01    4.55021E-01    5.40585E-02   -1.04010E-01    1.69285E-01    6.06453E-03   -2.39998E-02    5.84417E-03   -2.13507E-02    3.47371E-03   -9.24692E-03    2.77574E-02   -4.93433E-02
     1.56401E+00    1.31574E-01    1.14983E-01    4.55474E-01    5.25052E-02   -1.02582E-01    1.66766E-01    5.86386E-03   -2.32205E-02    5.66544E-03   -2.07057E-02    3.39641E-03   -8.94515E-03    2.73413E-02   -4.85736E-02
     1.57251E+00    1.28720E-01    1.12595E-01    4.55914E-01    5.09981E-02   -1.01175E-01    1.64287E-01    5.66971E-03   -2.24657E-02    5.49212E-03   -2.00795E-02    3.32162E-03   -8.65420E-03    2.69316E-02   -4.78138E-02
     1.58101E+00    1.25931E-01    1.10257E-01    4.56341E-01    4.95359E-02   -9.97889E-02    1.61849E-01    5.48187E-03   -2.17347E-02    5.32404E-03   -1.94717E-02    3.24926E-03   -8.37368E-03    2.65284E-02   -4.70640E-02
     1.58951E+00    1.23206E-01    1.07967E-01    4.56756E-01    4.81171E-02   -9.84234E-02    1.59449E-01    5.30015E-03   -2.10268E-02    5.16105E-03   -1.88817E-02    3.17924E-03   -8.10319E-03    2.61315E-02   -4.63241E-02
     1.59801E+00    1.20543E-01    1.05725E-01    4.57159E-01    4.67404E-02   -9.70781E-02    1.57089E-01    5.12436E-03   -2.03412E-02    5.00300E-03   -1.83090E-02    3.11147E-03   -7.84238E-03    2.57409E-02   -4.55942E-02
     1.60651E+00    1.17941E-01    1.03530E-01    4.57551E-01    4.54046E-02   -9.57528E-02    1.54767E-01    4.95429E-03   -1.96773E-02    4.84975E-03   -1.77533E-02    3.04589E-03   -7.59088E-03    2.53564E-02   -4.48741E-02
     1.61501E+00    1.15398E-01    1.01381E-01    4.57931E-01    4.41084E-02   -9.44470E-02    1.52482E-01    4.78978E-03   -1.90345E-02    4.70115E-03   -1.72139E-02    2.98240E-03   -7.34836E-03    2.49780E-02   -4.41640E-02
     1.62351E+00    1.12912E-01    9.92773E-02    4.58301E-01    4.28506E-02   -9.31605E-02    1.50235E-01    4.63065E-03   -1.84122E-02    4.55707E-03   -1.66905E-02    2.92094E-03   -7.11447E-03    2.46056E-02   -4.34638E-02
     1.63201E+00    1.10483E-01    9.72173E-02    4.58660E-01    4.16301E-02   -9.18929E-02    1.48024E-01    4.47672E-03   -1.78096E-02    4.41737E-03   -1.61826E-02    2.86144E-03   -6.88891E-03    2.42391E-02   -4.27734E-02
     1.64051E+00    1.08109E-01    9.52004E-02    4.59009E-01    4.04458E-02   -9.06440E-02    1.45850E-01    4.32783E-03   -1.72263E-02    4.28192E-03   -1.56898E-02    2.80381E-03   -6.67137E-03    2.38784E-02   -4.20928E-02
     1.64901E+00    1.05789E-01    9.32258E-02    4.59347E-01    3.92964E-02   -8.94134E-02    1.43711E-01    4.18382E-03   -1.66615E-02    4.15060E-03   -1.52117E-02    2.74800E-03   -6.46155E-03    2.35235E-02   -4.14220E-02
     1.65751E+00    1.03521E-01    9.12925E-02    4.59677E-01    3.81811E-02   -8.82008E-02    1.41607E-01    4.04454E-03   -1.61148E-02    4.02328E-03   -1.47478E-02    2.69394E-03   -6.25917E-03    2.31742E-02   -4.07609E-02
     1.66601E+00    1.01305E-01    8.93997E-02    4.59997E-01    3.70987E-02   -8.70060E-02    1.39538E-01    3.90982E-03   -1.55857E-02    3.89985E-03   -1.42977E-02    2.64157E-03   -6.06394E-03    2.28305E-02   -4.01095E-02
     1.67451E+00    9.91382E-02    8.75466E-02    4.60308E-01    3.60482E-02   -8.58286E-02    1.37503E-01    3.77953E-03   -1.50735E-02    3.78018E-03   -1.38612E-02    2.59084E-03   -5.87562E-03    2.24923E-02   -3.94676E-02
     1.68301E+00    9.70205E-02    8.57323E-02    4.60610E-01    3.50287E-02   -8.46683E-02    1.35502E-01    3.65353E-03   -1.45777E-02    3.66417E-03   -1.34377E-02    2.54167E-03   -5.69394E-03    2.21595E-02   -3.88352E-02
     1.69151E+00    9.49505E-02    8.39561E-02    4.60903E-01    3.40393E-02   -8.35250E-02    1.33533E-01    3.53167E-03   -1.40979E-02    3.55171E-03   -1.30269E-02    2.49402E-03   -5.51866E-03    2.18321E-02   -3.82123E-02
     1.70000E+00    9.29270E-02    8.22172E-02    4.61188E-01    3.30790E-02   -8.23982E-02    1.31597E-01    3.41382E-03   -1.36335E-02    3.44268E-03   -1.26285E-02    2.44784E-03   -5.34954E-03    2.15099E-02   -3.75987E-02
     1.70850E+00    9.09490E-02    8.05147E-02    4.61466E-01    3.21469E-02   -8.12877E-02    1.29693E-01    3.29986E-03   -1.31841E-02    3.33699E-03   -1.22420E-02    2.40306E-03   -5.18635E-03    2.11929E-02   -3.69945E-02
     1.71700E+00    8.90153E-02    7.88479E-02    4.61735E-01    3.12422E-02   -8.01933E-02    1.27821E-01    3.18965E-03   -1.27492E-02    3.23453E-03   -1.18672E-02    2.35965E-03   -5.02888E-03    2.08810E-02   -3.63994E-02
     1.72550E+00    8.71250E-02    7.72161E-02    4.61997E-01    3.03641E-02   -7.91147E-02    1.25979E-01    3.08308E-03   -1.23283E-02    3.13522E-03   -1.15037E-02    2.31756E-03   -4.87692E-03    2.05741E-02   -3.58135E-02
     1.73400E+00    8.52770E-02    7.56186E-02    4.62251E-01    2.95118E-02   -7.80516E-02    1.24168E-01    2.98003E-03   -1.19211E-02    3.03894E-03   -1.11512E-02    2.27673E-03   -4.73025E-03    2.02721E-02   -3.52366E-02
     1.74250E+00    8.34703E-02    7.40545E-02    4.62498E-01    2.86844E-02   -7.70037E-02    1.22387E-01    2.88039E-03   -1.15270E-02    2.94562E-03   -1.08094E-02    2.23713E-03   -4.58870E-03    1.99750E-02   -3.46687E-02
     1.75100E+00    8.17039E-02    7.25233E-02    4.62739E-01    2.78812E-02   -7.59709E-02    1.20636E-01    2.78404E-03   -1.11458E-02    2.85515E-03   -1.04779E-02    2.19871E-03   -4.45206E-03    1.96827E-02   -3.41096E-02
     1.75950E+00    7.99770E-02    7.10242E-02    4.62973E-01    2.71015E-02   -7.49529E-02    1.18913E-01    2.69087E-03   -1.07769E-02    2.76746E-03   -1.01565E-02    2.16143E-03   -4.32015E-03    1.93951E-02   -3.35593E-02
     1.76800E+00    7.82885E-02    6.95565E-02    4.63200E-01    2.63446E-02   -7.39493E-02    1.17219E-01    2.60080E-03   -1.04199E-02    2.68247E-03   -9.84477E-03    2.12525E-03   -4.19281E-03    1.91122E-02   -3.30176E-02
     1.77650E+00    7.66376E-02    6.81197E-02    4.63420E-01    2.56098E-02   -7.29601E-02    1.15553E-01    2.51370E-03   -1.00746E-02    2.60008E-03   -9.54255E-03    2.09014E-03   -4.06987E-03    1.88338E-02   -3.24845E-02
     1.78500E+00    7.50234E-02    6.67129E-02    4.63635E-01    2.48964E-02   -7.19849E-02    1.13915E-01    2.42950E-03   -9.74058E-03    2.52022E-03   -9.24953E-03    2.05605E-03   -3.95115E-03    1.85599E-02   -3.19599E-02
     1.79350E+00    7.34450E-02    6.53357E-02    4.63844E-01    2.42038E-02   -7.10234E-02    1.12304E-01    2.34808E-03   -9.41742E-03    2.44281E-03   -8.96543E-03    2.02296E-03   -3.83651E-03    1.82905E-02   -3.14437E-02
     1.80200E+00    7.19017E-02    6.39873E-02    4.64047E-01    2.35313E-02   -7.00756E-02    1.10719E-01    2.26937E-03   -9.10479E-03    2.36778E-03   -8.68998E-03    1.99082E-03   -3.72580E-03    1.80254E-02   -3.09357E-02
     1.81050E+00    7.03925E-02    6.26672E-02    4.64244E-01    2.28784E-02   -6.91411E-02    1.09161E-01    2.19327E-03   -8.80238E-03    2.29506E-03   -8.42293E-03    1.95961E-03   -3.61887E-03    1.77645E-02   -3.04359E-02
     1.81900E+00    6.89167E-02    6.13748E-02    4.64436E-01    2.22444E-02   -6.82198E-02    1.07629E-01    2.11970E-03   -8.50985E-03    2.22457E-03   -8.16404E-03    1.92929E-03   -3.51558E-03    1.75079E-02   -2.99441E-02
     1.82750E+00    6.74736E-02    6.01095E-02    4.64622E-01    2.16288E-02   -6.73114E-02    1.06122E-01    2.04858E-03   -8.22689E-03    2.15625E-03   -7.91306E-03    1.89984E-03   -3.41580E-03    1.72555E-02   -2.94603E-02
     1.83600E+00    6.60623E-02    5.88706E-02    4.64803E-01    2.10310E-02   -6.64157E-02    1.04640E-01    1.97982E-03   -7.95320E-03    2.09002E-03   -7.66975E-03    1.87121E-03   -3.31940E-03    1.70071E-02   -2.89844E-02
     1.84450E+00    6.46822E-02    5.76578E-02    4.64980E-01    2.04505E-02   -6.55324E-02    1.03182E-01    1.91335E-03   -7.68847E-03    2.02584E-03   -7.43388E-03    1.84340E-03   -3.22625E-03    1.67627E-02   -2.85162E-02
     1.85300E+00    6.33325E-02    5.64703E-02    4.65151E-01    1.98868E-02   -6.46615E-02    1.01749E-01    1.84909E-03   -7.43244E-03    1.96363E-03   -7.20524E-03    1.81636E-03   -3.13624E-03    1.65223E-02   -2.80557E-02
     1.86150E+00    6.20125E-02    5.53076E-02    4.65318E-01    1.93393E-02   -6.38027E-02    1.00339E-01    1.78697E-03   -7.18480E-03    1.90333E-03   -6.98360E-03    1.79007E-03   -3.04926E-03    1.62858E-02   -2.76027E-02
     1.87000E+00    6.07215E-02    5.41693E-02    4.65480E-01    1.88076E-02   -6.29557E-02    9.89526E-02    1.72693E-03   -6.94531E-03    1.84489E-03   -6.76876E-03    1.76451E-03   -2.96518E-03    1.60530E-02   -2.71572E-02
     1.87850E+00    5.94588E-02    5.30548E-02    4.65637E-01    1.82912E-02   -6.21204E-02    9.75890E-02    1.66888E-03   -6.71369E-03    1.78824E-03   -6.56050E-03    1.73966E-03   -2.88391E-03    1.58241E-02   -2.67190E-02
     1.88700E+00    5.82239E-02    5.19636E-02    4.65791E-01    1.77896E-02   -6.12966E-02    9.62479E-02    1.61277E-03   -6.48969E-03    1.73334E-03   -6.35864E-03    1.71548E-03   -2.80534E-03    1.55988E-02   -2.62880E-02
     1.89550E+00    5.70160E-02    5.08952E-02    4.65940E-01    1.73025E-02   -6.04841E-02    9.49288E-02    1.55854E-03   -6.27307E-03    1.68013E-03   -6.16298E-03    1.69196E-03   -2.72937E-03    1.53771E-02   -2.58641E-02
     1.90400E+00    5.58346E-02    4.98492E-02    4.66085E-01    1.68293E-02   -5.96828E-02    9.36315E-02    1.50611E-03   -6.06359E-03    1.62855E-03   -5.97334E-03    1.66907E-03   -2.65592E-03    1.51591E-02   -2.54473E-02
     1.91250E+00    5.46790E-02    4.88250E-02    4.66226E-01    1.63697E-02   -5.88923E-02    9.23555E-02    1.45544E-03   -5.86102E-03    1.57857E-03   -5.78952E-03    1.64680E-03   -2.58487E-03    1.49445E-02   -2.50374E-02
     1.92100E+00    5.35487E-02    4.78221E-02    4.66363E-01    1.59232E-02   -5.81127E-02    9.11005E-02    1.40646E-03   -5.66513E-03    1.53012E-03   -5.61136E-03    1.62512E-03   -2.51616E-03    1.47334E-02   -2.46343E-02
     1.92950E+00    5.24431E-02    4.68402E-02    4.66497E-01    1.54894E-02   -5.73436E-02    8.98660E-02    1.35911E-03   -5.47571E-03    1.48316E-03   -5.43868E-03    1.60402E-03   -2.44969E-03    1.45257E-02   -2.42380E-02
     1.93800E+00    5.13615E-02    4.58788E-02    4.66627E-01    1.50680E-02   -5.65849E-02    8.86518E-02    1.31335E-03   -5.29256E-03    1.43764E-03   -5.27131E-03    1.58347E-03   -2.38538E-03    1.43214E-02   -2.38482E-02
     1.94650E+00    5.03035E-02    4.49374E-02    4.66753E-01    1.46587E-02   -5.58364E-02    8.74575E-02    1.26912E-03   -5.11546E-03    1.39353E-03   -5.10910E-03    1.56346E-03   -2.32316E-03    1.41203E-02   -2.34650E-02
     1.95500E+00    4.92685E-02    4.40156E-02    4.66876E-01    1.42609E-02   -5.50981E-02    8.62828E-02    1.22637E-03   -4.94422E-03    1.35078E-03   -4.95189E-03    1.54397E-03   -2.26295E-03    1.39224E-02   -2.30882E-02
     1.96350E+00    4.82561E-02    4.31131E-02    4.66995E-01    1.38745E-02   -5.43696E-02    8.51272E-02    1.18505E-03   -4.77865E-03    1.30934E-03   -4.79953E-03    1.52499E-03   -2.20467E-03    1.37278E-02   -2.27176E-02
     1.97200E+00    4.72656E-02    4.22293E-02    4.67112E-01    1.34990E-02   -5.36509E-02    8.39905E-02    1.14512E-03   -4.61857E-03    1.26917E-03   -4.65186E-03    1.50649E-03   -2.14825E-03    1.35362E-02   -2.23533E-02
     1.98050E+00    4.62966E-02    4.13639E-02    4.67225E-01    1.31342E-02   -5.29417E-02    8.28723E-02    1.10652E-03   -4.46380E-03    1.23024E-03   -4.50875E-03    1.48846E-03   -2.09364E-03    1.33477E-02   -2.19952E-02
     1.98900E+00    4.53487E-02    4.05165E-02    4.67335E-01    1.27797E-02   -5.22420E-02    8.17724E-02    1.06922E-03   -4.31416E-03    1.19251E-03   -4.37005E-03    1.47089E-03   -2.04076E-03    1.31623E-02   -2.16430E-02
     1.99750E+00    4.44212E-02    3.96867E-02    4.67442E-01    1.24352E-02   -5.15515E-02    8.06903E-02    1.03317E-03   -4.16948E-03    1.15594E-03   -4.23563E-03    1.45376E-03   -1.98955E-03    1.29798E-02   -2.12968E-02
     2.00600E+00    4.35138E-02    3.88742E-02    4.67547E-01    1.21004E-02   -5.08702E-02    7.96258E-02    9.98326E-04   -4.02961E-03    1.12049E-03   -4.10536E-03    1.43707E-03   -1.93995E-03    1.28002E-02   -2.09564E-02
     2.01450E+00    4.26261E-02    3.80785E-02    4.67648E-01    1.17751E-02   -5.01978E-02    7.85786E-02    9.64652E-04   -3.89439E-03    1.08614E-03   -3.97911E-03    1.42078E-03   -1.89190E-03    1.26235E-02   -2.06217E-02
     2.02300E+00    4.17575E-02    3.72994E-02    4.67747E-01    1.14589E-02   -4.95343E-02    7.75484E-02    9.32109E-04   -3.76367E-03    1.05284E-03   -3.85676E-03    1.40490E-03   -1.84535E-03    1.24496E-02   -2.02927E-02
     2.03150E+00    4.09077E-02    3.65363E-02    4.67843E-01    1.11516E-02   -4.88795E-02    7.65348E-02    9.00658E-04   -3.63729E-03    1.02056E-03   -3.73819E-03    1.38941E-03   -1.80024E-03    1.22785E-02   -1.99692E-02
     2.04000E+00    4.00762E-02    3.57891E-02    4.67936E-01    1.08529E-02   -4.82332E-02    7.55377E-02    8.70263E-04   -3.51512E-03    9.89277E-04   -3.62328E-03    1.37429E-03   -1.75653E-03    1.21102E-02   -1.96512E-02
     2.04850E+00    3.92626E-02    3.50574E-02    4.68027E-01    1.05625E-02   -4.75953E-02    7.45566E-02    8.40889E-04   -3.39702E-03    9.58955E-04   -3.51193E-03    1.35954E-03   -1.71415E-03    1.19445E-02   -1.93385E-02
     2.05700E+00    3.84665E-02    3.43408E-02    4.68116E-01    1.02803E-02   -4.69657E-02    7.35913E-02    8.12503E-04   -3.28285E-03    9.29565E-04   -3.40401E-03    1.34515E-03   -1.67308E-03    1.17814E-02   -1.90311E-02
     2.06550E+00    3.76875E-02    3.36391E-02    4.68202E-01    1.00060E-02   -4.63442E-02    7.26415E-02    7.85070E-04   -3.17248E-03    9.01078E-04   -3.29943E-03    1.33110E-03   -1.63325E-03    1.16209E-02   -1.87289E-02
     2.07400E+00    3.69253E-02    3.29518E-02    4.68286E-01    9.73930E-03   -4.57307E-02    7.17071E-02    7.58560E-04   -3.06580E-03    8.73466E-04   -3.19808E-03    1.31738E-03   -1.59462E-03    1.14630E-02   -1.84319E-02
     2.08250E+00    3.61794E-02    3.22788E-02    4.68368E-01    9.48004E-03   -4.51251E-02    7.07876E-02    7.32942E-04   -2.96268E-03    8.46702E-04   -3.09986E-03    1.30398E-03   -1.55716E-03    1.13076E-02   -1.81398E-02
     2.09100E+00    3.54496E-02    3.16196E-02    4.68447E-01    9.22799E-03   -4.45273E-02    6.98829E-02    7.08185E-04   -2.86299E-03    8.20760E-04   -3.00468E-03    1.29090E-03   -1.52081E-03    1.11546E-02   -1.78527E-02
     2.09950E+00    3.47354E-02    3.09740E-02    4.68525E-01    8.98294E-03   -4.39371E-02    6.89926E-02    6.84262E-04   -2.76664E-03    7.95614E-04   -2.91243E-03    1.27813E-03   -1.48555E-03    1.10040E-02   -1.75704E-02
     2.10800E+00    3.40364E-02    3.03418E-02    4.68600E-01    8.74468E-03   -4.33544E-02    6.81166E-02    6.61143E-04   -2.67351E-03    7.71240E-04   -2.82305E-03    1.26565E-03   -1.45133E-03    1.08559E-02   -1.72929E-02
     2.11650E+00    3.33525E-02    2.97225E-02    4.68673E-01    8.51301E-03   -4.27791E-02    6.72545E-02    6.38803E-04   -2.58348E-03    7.47614E-04   -2.73642E-03    1.25345E-03   -1.41811E-03    1.07101E-02   -1.70200E-02
     2.12500E+00    3.26832E-02    2.91160E-02    4.68745E-01    8.28774E-03   -4.22110E-02    6.64062E-02    6.17216E-04   -2.49647E-03    7.24714E-04   -2.65247E-03    1.24154E-03   -1.38587E-03    1.05665E-02   -1.67518E-02
     2.13350E+00    3.20282E-02    2.85220E-02    4.68814E-01    8.06869E-03   -4.16501E-02    6.55714E-02    5.96355E-04   -2.41237E-03    7.02515E-04   -2.57112E-03    1.22989E-03   -1.35456E-03    1.04253E-02   -1.64881E-02
     2.14200E+00    3.13872E-02    2.79402E-02    4.68882E-01    7.85568E-03   -4.10963E-02    6.47498E-02    5.76198E-04   -2.33108E-03    6.80998E-04   -2.49228E-03    1.21851E-03   -1.32415E-03    1.02862E-02   -1.62288E-02
     2.15050E+00    3.07598E-02    2.73703E-02    4.68948E-01    7.64852E-03   -4.05494E-02    6.39413E-02    5.56719E-04   -2.25251E-03    6.60140E-04   -2.41587E-03    1.20738E-03   -1.29462E-03    1.01494E-02   -1.59740E-02
     2.15900E+00    3.01459E-02    2.68122E-02    4.69012E-01    7.44706E-03   -4.00092E-02    6.31455E-02    5.37898E-04   -2.17657E-03    6.39921E-04   -2.34183E-03    1.19649E-03   -1.26593E-03    1.00146E-02   -1.57234E-02
     2.16750E+00    2.95450E-02    2.62654E-02    4.69074E-01    7.25111E-03   -3.94758E-02    6.23624E-02    5.19711E-04   -2.10318E-03    6.20322E-04   -2.27008E-03    1.18585E-03   -1.23805E-03    9.88205E-03   -1.54770E-02
     2.17600E+00    2.89570E-02    2.57299E-02    4.69135E-01    7.06053E-03   -3.89491E-02    6.15916E-02    5.02137E-04   -2.03224E-03    6.01324E-04   -2.20054E-03    1.17545E-03   -1.21096E-03    9.75153E-03   -1.52348E-02
     2.18450E+00    2.83814E-02    2.52053E-02    4.69194E-01    6.87517E-03   -3.84288E-02    6.08330E-02    4.85156E-04   -1.96368E-03    5.82907E-04   -2.13315E-03    1.16527E-03   -1.18463E-03    9.62305E-03   -1.49966E-02
     2.19300E+00    2.78181E-02    2.46915E-02    4.69252E-01    6.69485E-03   -3.79149E-02    6.00863E-02    4.68748E-04   -1.89742E-03    5.65054E-04   -2.06785E-03    1.15531E-03   -1.15902E-03    9.49658E-03   -1.47625E-02
     2.20150E+00    2.72668E-02    2.41882E-02    4.69308E-01    6.51946E-03   -3.74073E-02    5.93514E-02    4.52893E-04   -1.83339E-03    5.47748E-04   -2.00456E-03    1.14556E-03   -1.13412E-03    9.37208E-03   -1.45322E-02
     2.21000E+00    2.67272E-02    2.36951E-02    4.69363E-01    6.34883E-03   -3.69059E-02    5.86279E-02    4.37574E-04   -1.77150E-03    5.30971E-04   -1.94322E-03    1.13602E-03   -1.10991E-03    9.24952E-03   -1.43059E-02
     2.21850E+00    2.61991E-02    2.32121E-02    4.69416E-01    6.18284E-03   -3.64106E-02    5.79159E-02    4.22772E-04   -1.71169E-03    5.14708E-04   -1.88378E-03    1.12669E-03   -1.08635E-03    9.12887E-03   -1.40833E-02
     2.22700E+00    2.56822E-02    2.27389E-02    4.69468E-01    6.02135E-03   -3.59213E-02    5.72149E-02    4.08470E-04   -1.65388E-03    4.98942E-04   -1.82618E-03    1.11755E-03   -1.06343E-03    9.01009E-03   -1.38644E-02
     2.23550E+00    2.51763E-02    2.22754E-02    4.69519E-01    5.86423E-03   -3.54379E-02    5.65249E-02    3.94651E-04   -1.59802E-03    4.83658E-04   -1.77035E-03    1.10861E-03   -1.04112E-03    8.89316E-03   -1.36492E-02
     2.24400E+00    2.46811E-02    2.18213E-02    4.69568E-01    5.71136E-03   -3.49603E-02    5.58457E-02    3.81298E-04   -1.54403E-03    4.68841E-04   -1.71624E-03    1.09985E-03   -1.01940E-03    8.77805E-03   -1.34376E-02
     2.25250E+00    2.41964E-02    2.13764E-02    4.69616E-01    5.56261E-03   -3.44885E-02    5.51771E-02    3.68397E-04   -1.49186E-03    4.54477E-04   -1.66381E-03    1.09128E-03   -9.98263E-04    8.66471E-03   -1.32296E-02
     2.26100E+00    2.37220E-02    2.09406E-02    4.69662E-01    5.41787E-03   -3.40223E-02    5.45188E-02    3.55932E-04   -1.44144E-03    4.40552E-04   -1.61299E-03    1.08288E-03   -9.77676E-04    8.55313E-03   -1.30250E-02
     2.26950E+00    2.32576E-02    2.05136E-02    4.69708E-01    5.27703E-03   -3.35616E-02    5.38708E-02    3.43888E-04   -1.39272E-03    4.27052E-04   -1.56374E-03    1.07466E-03   -9.57624E-04    8.44328E-03   -1.28238E-02
     2.27800E+00    2.28031E-02    2.00952E-02    4.69752E-01    5.13996E-03   -3.31064E-02    5.32328E-02    3.32251E-04   -1.34563E-03    4.13964E-04   -1.51601E-03    1.06660E-03   -9.38090E-04    8.33512E-03   -1.26259E-02
     2.28650E+00    2.23582E-02    1.96854E-02    4.69795E-01    5.00657E-03   -3.26566E-02    5.26047E-02    3.21008E-04   -1.30013E-03    4.01276E-04   -1.46975E-03    1.05871E-03   -9.19056E-04    8.22863E-03   -1.24313E-02
     2.29500E+00    2.19227E-02    1.92838E-02    4.69837E-01    4.87675E-03   -3.22121E-02    5.19863E-02    3.10144E-04   -1.25616E-03    3.88975E-04   -1.42491E-03    1.05097E-03   -9.00505E-04    8.12378E-03   -1.22400E-02
     2.30350E+00    2.14965E-02    1.88903E-02    4.69878E-01    4.75040E-03   -3.17728E-02    5.13774E-02    2.99649E-04   -1.21367E-03    3.77049E-04   -1.38146E-03    1.04340E-03   -8.82421E-04    8.02054E-03   -1.20518E-02
     2.31200E+00    2.10792E-02    1.85048E-02    4.69918E-01    4.62742E-03   -3.13387E-02    5.07780E-02    2.89508E-04   -1.17261E-03    3.65486E-04   -1.33935E-03    1.03597E-03   -8.64790E-04    7.91889E-03   -1.18667E-02
     2.32050E+00    2.06708E-02    1.81270E-02    4.69957E-01    4.50771E-03   -3.09096E-02    5.01877E-02    2.79711E-04   -1.13293E-03    3.54276E-04   -1.29853E-03    1.02869E-03   -8.47595E-04    7.81880E-03   -1.16847E-02
     2.32900E+00    2.02711E-02    1.77568E-02    4.69995E-01    4.39118E-03   -3.04855E-02    4.96065E-02    2.70245E-04   -1.09459E-03    3.43408E-04   -1.25897E-03    1.02156E-03   -8.30822E-04    7.72024E-03   -1.15056E-02
     2.33750E+00    1.98797E-02    1.73941E-02    4.70031E-01    4.27775E-03   -3.00663E-02    4.90343E-02    2.61099E-04   -1.05754E-03    3.32870E-04   -1.22062E-03    1.01457E-03   -8.14458E-04    7.62320E-03   -1.13295E-02
     2.34600E+00    1.94967E-02    1.70387E-02    4.70067E-01    4.16732E-03   -2.96519E-02    4.84708E-02    2.52263E-04   -1.02173E-03    3.22654E-04   -1.18346E-03    1.00772E-03   -7.98490E-04    7.52763E-03   -1.11563E-02
     2.35450E+00    1.91218E-02    1.66904E-02    4.70102E-01    4.05981E-03   -2.92422E-02    4.79159E-02    2.43726E-04   -9.87135E-04    3.12748E-04   -1.14744E-03    1.00099E-03   -7.82903E-04    7.43353E-03   -1.09860E-02
     2.36300E+00    1.87548E-02    1.63491E-02    4.70136E-01    3.95514E-03   -2.88373E-02    4.73695E-02    2.35478E-04   -9.53704E-04    3.03144E-04   -1.11252E-03    9.94405E-04   -7.67687E-04    7.34086E-03   -1.08184E-02
     2.37150E+00    1.83955E-02    1.60146E-02    4.70170E-01    3.85323E-03   -2.84369E-02    4.68314E-02    2.27510E-04   -9.21400E-04    2.93832E-04   -1.07868E-03    9.87943E-04   -7.52828E-04    7.24961E-03   -1.06535E-02
     2.38000E+00    1.80439E-02    1.56868E-02    4.70202E-01    3.75400E-03   -2.80411E-02    4.63015E-02    2.19812E-04   -8.90184E-04    2.84804E-04   -1.04588E-03    9.81606E-04   -7.38316E-04    7.15975E-03   -1.04913E-02
     2.38850E+00    1.76997E-02    1.53656E-02    4.70233E-01    3.65737E-03   -2.76498E-02    4.57797E-02    2.12374E-04   -8.60021E-04    2.76050E-04   -1.01409E-03    9.75390E-04   -7.24139E-04    7.07125E-03   -1.03317E-02
     2.39700E+00    1.73628E-02    1.50507E-02    4.70264E-01    3.56328E-03   -2.72629E-02    4.52658E-02    2.05188E-04   -8.30875E-04    2.67561E-04   -9.83273E-04    9.69294E-04   -7.10286E-04    6.98410E-03   -1.01748E-02
     2.40550E+00    1.70330E-02    1.47421E-02    4.70294E-01    3.47165E-03   -2.68803E-02    4.47597E-02    1.98246E-04   -8.02712E-04    2.59331E-04   -9.53403E-04    9.63315E-04   -6.96747E-04    6.89828E-03   -1.00203E-02
     2.41400E+00    1.67102E-02    1.44397E-02    4.70323E-01    3.38241E-03   -2.65019E-02    4.42613E-02    1.91540E-04   -7.75499E-04    2.51351E-04   -9.24448E-04    9.57449E-04   -6.83513E-04    6.81375E-03   -9.86836E-03
     2.42250E+00    1.63942E-02    1.41433E-02    4.70351E-01    3.29550E-03   -2.61278E-02    4.37704E-02    1.85060E-04   -7.49204E-04    2.43613E-04   -8.96382E-04    9.51694E-04   -6.70573E-04    6.73051E-03   -9.71884E-03
     2.43100E+00    1.60849E-02    1.38527E-02    4.70379E-01    3.21086E-03   -2.57578E-02    4.32869E-02    1.78801E-04   -7.23796E-04    2.36110E-04   -8.69177E-04    9.46048E-04   -6.57918E-04    6.64852E-03   -9.57172E-03
     2.43950E+00    1.57821E-02    1.35680E-02    4.70406E-01    3.12841E-03   -2.53919E-02    4.28107E-02    1.72753E-04   -6.99245E-04    2.28835E-04   -8.42805E-04    9.40509E-04   -6.45539E-04    6.56778E-03   -9.42694E-03
     2.44800E+00    1.54858E-02    1.32888E-02    4.70432E-01    3.04810E-03   -2.50300E-02    4.23417E-02    1.66911E-04   -6.75523E-04    2.21780E-04   -8.17241E-04    9.35073E-04   -6.33428E-04    6.48826E-03   -9.28448E-03
     2.45650E+00    1.51958E-02    1.30152E-02    4.70458E-01    2.96987E-03   -2.46721E-02    4.18798E-02    1.61267E-04   -6.52601E-04    2.14940E-04   -7.92461E-04    9.29740E-04   -6.21576E-04    6.40994E-03   -9.14427E-03
     2.46500E+00    1.49119E-02    1.27469E-02    4.70483E-01    2.89366E-03   -2.43180E-02    4.14248E-02    1.55815E-04   -6.30453E-04    2.08306E-04   -7.68439E-04    9.24506E-04   -6.09976E-04    6.33280E-03   -9.00628E-03
     2.47350E+00    1.46340E-02    1.24839E-02    4.70507E-01    2.81941E-03   -2.39678E-02    4.09766E-02    1.50547E-04   -6.09053E-04    2.01874E-04   -7.45152E-04    9.19370E-04   -5.98618E-04    6.25683E-03   -8.87047E-03
     2.48200E+00    1.43620E-02    1.22262E-02    4.70531E-01    2.74708E-03   -2.36214E-02    4.05351E-02    1.45459E-04   -5.88375E-04    1.95637E-04   -7.22577E-04    9.14329E-04   -5.87497E-04    6.18200E-03   -8.73680E-03
     2.49050E+00    1.40958E-02    1.19734E-02    4.70554E-01    2.67660E-03   -2.32787E-02    4.01003E-02    1.40543E-04   -5.68395E-04    1.89588E-04   -7.00693E-04    9.09382E-04   -5.76604E-04    6.10830E-03   -8.60522E-03
     2.49900E+00    1.38353E-02    1.17256E-02    4.70576E-01    2.60793E-03   -2.29397E-02    3.96719E-02    1.35794E-04   -5.49089E-04    1.83723E-04   -6.79478E-04    9.04526E-04   -5.65933E-04    6.03570E-03   -8.47570E-03
     2.50750E+00    1.35803E-02    1.14827E-02    4.70598E-01    2.54102E-03   -2.26043E-02    3.92500E-02    1.31207E-04   -5.30436E-04    1.78035E-04   -6.58911E-04    8.99760E-04   -5.55477E-04    5.96420E-03   -8.34819E-03
     2.51600E+00    1.33308E-02    1.12445E-02    4.70619E-01    2.47582E-03   -2.22724E-02    3.88343E-02    1.26775E-04   -5.12412E-04    1.72520E-04   -6.38972E-04    8.95082E-04   -5.45230E-04    5.89378E-03   -8.22266E-03
     2.52450E+00    1.30865E-02    1.10110E-02    4.70640E-01    2.41228E-03   -2.19441E-02    3.84248E-02    1.22494E-04   -4.94996E-04    1.67171E-04   -6.19642E-04    8.90491E-04   -5.35185E-04    5.82441E-03   -8.09907E-03
     2.53300E+00    1.28475E-02    1.07820E-02    4.70660E-01    2.35035E-03   -2.16192E-02    3.80215E-02    1.18359E-04   -4.78169E-04    1.61984E-04   -6.00903E-04    8.85984E-04   -5.25335E-04    5.75609E-03   -7.97738E-03
     2.54150E+00    1.26136E-02    1.05574E-02    4.70680E-01    2.29000E-03   -2.12977E-02    3.76241E-02    1.14364E-04   -4.61910E-04    1.56954E-04   -5.82734E-04    8.81559E-04   -5.15677E-04    5.68879E-03   -7.85755E-03
     2.55000E+00    1.23846E-02    1.03372E-02    4.70699E-01    2.23118E-03   -2.09796E-02    3.72326E-02    1.10505E-04   -4.46199E-04    1.52076E-04   -5.65120E-04    8.77217E-04   -5.06202E-04    5.62251E-03   -7.73955E-03
     2.55850E+00    1.21606E-02    1.01213E-02    4.70718E-01    2.17385E-03   -2.06647E-02    3.68469E-02    1.06777E-04   -4.31019E-04    1.47346E-04   -5.48043E-04    8.72954E-04   -4.96907E-04    5.55722E-03   -7.62335E-03
     2.56700E+00    1.19414E-02    9.90951E-03    4.70736E-01    2.11796E-03   -2.03532E-02    3.64670E-02    1.03176E-04   -4.16352E-04    1.42758E-04   -5.31487E-04    8.68769E-04   -4.87786E-04    5.49290E-03   -7.50890E-03
     2.57550E+00    1.17269E-02    9.70182E-03    4.70754E-01    2.06349E-03   -2.00448E-02    3.60927E-02    9.96974E-05   -4.02180E-04    1.38309E-04   -5.15434E-04    8.64661E-04   -4.78834E-04    5.42956E-03   -7.39617E-03
     2.58400E+00    1.15169E-02    9.49813E-03    4.70771E-01    2.01038E-03   -1.97396E-02    3.57239E-02    9.63374E-05   -3.88486E-04    1.33994E-04   -4.99871E-04    8.60628E-04   -4.70045E-04    5.36717E-03   -7.28512E-03
     2.59250E+00    1.13115E-02    9.29834E-03    4.70788E-01    1.95860E-03   -1.94375E-02    3.53605E-02    9.30918E-05   -3.75254E-04    1.29810E-04   -4.84781E-04    8.56670E-04   -4.61416E-04    5.30571E-03   -7.17573E-03
     2.60100E+00    1.11106E-02    9.10239E-03    4.70805E-01    1.90812E-03   -1.91384E-02    3.50026E-02    8.99568E-05   -3.62469E-04    1.25752E-04   -4.70151E-04    8.52784E-04   -4.52941E-04    5.24517E-03   -7.06796E-03
     2.60950E+00    1.09139E-02    8.91017E-03    4.70821E-01    1.85890E-03   -1.88424E-02    3.46499E-02    8.69287E-05   -3.50115E-04    1.21816E-04   -4.55966E-04    8.48969E-04   -4.44616E-04    5.18555E-03   -6.96178E-03
     2.61800E+00    1.07215E-02    8.72162E-03    4.70836E-01    1.81091E-03   -1.85494E-02    3.43024E-02    8.40037E-05   -3.38178E-04    1.17999E-04   -4.42212E-04    8.45225E-04   -4.36437E-04    5.12682E-03   -6.85715E-03
     2.62650E+00    1.05333E-02    8.53666E-03    4.70852E-01    1.76411E-03   -1.82592E-02    3.39600E-02    8.11785E-05   -3.26644E-04    1.14297E-04   -4.28876E-04    8.41549E-04   -4.28400E-04    5.06897E-03   -6.75404E-03
     2.63500E+00    1.03492E-02    8.35521E-03    4.70866E-01    1.71847E-03   -1.79720E-02    3.36227E-02    7.84497E-05   -3.15498E-04    1.10707E-04   -4.15946E-04    8.37942E-04   -4.20501E-04    5.01200E-03   -6.65242E-03
     2.64350E+00    1.01691E-02    8.17719E-03    4.70881E-01    1.67396E-03   -1.76876E-02    3.32903E-02    7.58140E-05   -3.04729E-04    1.07225E-04   -4.03408E-04    8.34400E-04   -4.12735E-04    4.95588E-03   -6.55227E-03
     2.65200E+00    9.99285E-03    8.00253E-03    4.70895E-01    1.63056E-03   -1.74061E-02    3.29628E-02    7.32683E-05   -2.94322E-04    1.03848E-04   -3.91252E-04    8.30925E-04   -4.05100E-04    4.90060E-03   -6.45354E-03
     2.66050E+00    9.82049E-03    7.83116E-03    4.70908E-01    1.58822E-03   -1.71273E-02    3.26401E-02    7.08095E-05   -2.84267E-04    1.00573E-04   -3.79464E-04    8.27513E-04   -3.97591E-04    4.84616E-03   -6.35620E-03
     2.66900E+00    9.65190E-03    7.66301E-03    4.70922E-01    1.54692E-03   -1.68512E-02    3.23222E-02    6.84348E-05   -2.74550E-04    9.73963E-05   -3.68035E-04    8.24165E-04   -3.90205E-04    4.79255E-03   -6.26024E-03
     2.67750E+00    9.48701E-03    7.49800E-03    4.70935E-01    1.50664E-03   -1.65778E-02    3.20089E-02    6.61413E-05   -2.65160E-04    9.43153E-05   -3.56952E-04    8.20880E-04   -3.82938E-04    4.73974E-03   -6.16561E-03
     2.68600E+00    9.32575E-03    7.33608E-03    4.70947E-01    1.46734E-03   -1.63070E-02    3.17002E-02    6.39262E-05   -2.56087E-04    9.13272E-05   -3.46206E-04    8.17655E-04   -3.75788E-04    4.68773E-03   -6.07230E-03
     2.69450E+00    9.16804E-03    7.17717E-03    4.70960E-01    1.42900E-03   -1.60389E-02    3.13960E-02    6.17869E-05   -2.47319E-04    8.84289E-05   -3.35786E-04    8.14491E-04   -3.68751E-04    4.63650E-03   -5.98026E-03
     2.70300E+00    9.01382E-03    7.02121E-03    4.70972E-01    1.39160E-03   -1.57733E-02    3.10962E-02    5.97210E-05   -2.38846E-04    8.56179E-05   -3.25682E-04    8.11386E-04   -3.61824E-04    4.58606E-03   -5.88947E-03
     2.71150E+00    8.86302E-03    6.86814E-03    4.70983E-01    1.35510E-03   -1.55102E-02    3.08009E-02    5.77258E-05   -2.30658E-04    8.28915E-05   -3.15885E-04    8.08340E-04   -3.55004E-04    4.53638E-03   -5.79991E-03
     2.72000E+00    8.71557E-03    6.71789E-03    4.70995E-01    1.31949E-03   -1.52497E-02    3.05099E-02    5.57990E-05   -2.22745E-04    8.02471E-05   -3.06385E-04    8.05351E-04   -3.48288E-04    4.48746E-03   -5.71154E-03
     2.72850E+00    8.57142E-03    6.57040E-03    4.71006E-01    1.28474E-03   -1.49915E-02    3.02231E-02    5.39384E-05   -2.15098E-04    7.76821E-05   -2.97173E-04    8.02418E-04   -3.41674E-04    4.43928E-03   -5.62433E-03
     2.73700E+00    8.43049E-03    6.42561E-03    4.71017E-01    1.25083E-03   -1.47359E-02    2.99405E-02    5.21416E-05   -2.07708E-04    7.51943E-05   -2.88240E-04    7.99542E-04   -3.35158E-04    4.39184E-03   -5.53827E-03
     2.74550E+00    8.29273E-03    6.28347E-03    4.71027E-01    1.21774E-03   -1.44825E-02    2.96620E-02    5.04066E-05   -2.00566E-04    7.27813E-05   -2.79579E-04    7.96721E-04   -3.28739E-04    4.34513E-03   -5.45331E-03
     2.75400E+00    8.15807E-03    6.14392E-03    4.71037E-01    1.18543E-03   -1.42316E-02    2.93876E-02    4.87313E-05   -1.93664E-04    7.04408E-05   -2.71180E-04    7.93953E-04   -3.22413E-04    4.29913E-03   -5.36944E-03
     2.76250E+00    8.02646E-03    6.00689E-03    4.71047E-01    1.15390E-03   -1.39829E-02    2.91172E-02    4.71137E-05   -1.86993E-04    6.81705E-05   -2.63036E-04    7.91239E-04   -3.16179E-04    4.25384E-03   -5.28663E-03
     2.77100E+00    7.89784E-03    5.87235E-03    4.71057E-01    1.12312E-03   -1.37366E-02    2.88508E-02    4.55518E-05   -1.80545E-04    6.59685E-05   -2.55140E-04    7.88578E-04   -3.10033E-04    4.20926E-03   -5.20485E-03
     2.77950E+00    7.77216E-03    5.74022E-03    4.71066E-01    1.09308E-03   -1.34925E-02    2.85882E-02    4.40438E-05   -1.74313E-04    6.38325E-05   -2.47483E-04    7.85968E-04   -3.03974E-04    4.16536E-03   -5.12407E-03
     2.78800E+00    7.64935E-03    5.61046E-03    4.71075E-01    1.06374E-03   -1.32506E-02    2.83295E-02    4.25879E-05   -1.68290E-04    6.17606E-05   -2.40058E-04    7.83410E-04   -2.98000E-04    4.12214E-03   -5.04427E-03
     2.79650E+00    7.52937E-03    5.48301E-03    4.71084E-01    1.03510E-03   -1.30109E-02    2.80745E-02    4.11823E-05   -1.62468E-04    5.97509E-05   -2.32859E-04    7.80902E-04   -2.92107E-04    4.07960E-03   -4.96541E-03
     2.80500E+00    7.41217E-03    5.35783E-03    4.71093E-01    1.00714E-03   -1.27733E-02    2.78232E-02    3.98254E-05   -1.56840E-04    5.78014E-05   -2.25879E-04    7.78444E-04   -2.86295E-04    4.03773E-03   -4.88749E-03
     2.81350E+00    7.29768E-03    5.23486E-03    4.71102E-01    9.79830E-04   -1.25379E-02    2.75756E-02    3.85155E-05   -1.51400E-04    5.59104E-05   -2.19111E-04    7.76035E-04   -2.80560E-04    3.99651E-03   -4.81046E-03
     2.82200E+00    7.18588E-03    5.11406E-03    4.71110E-01    9.53162E-04   -1.23045E-02    2.73317E-02    3.72511E-05   -1.46141E-04    5.40759E-05   -2.12549E-04    7.73674E-04   -2.74902E-04    3.95595E-03   -4.73430E-03
     2.83050E+00    7.07669E-03    4.99538E-03    4.71118E-01    9.27115E-04   -1.20732E-02    2.70912E-02    3.60306E-05   -1.41057E-04    5.22965E-05   -2.06187E-04    7.71362E-04   -2.69318E-04    3.91603E-03   -4.65900E-03
     2.83900E+00    6.97008E-03    4.87877E-03    4.71125E-01    9.01675E-04   -1.18439E-02    2.68543E-02    3.48527E-05   -1.36142E-04    5.05702E-05   -2.00019E-04    7.69096E-04   -2.63806E-04    3.87674E-03   -4.58451E-03
     2.84750E+00    6.86600E-03    4.76419E-03    4.71133E-01    8.76825E-04   -1.16167E-02    2.66208E-02    3.37158E-05   -1.31390E-04    4.88956E-05   -1.94038E-04    7.66877E-04   -2.58365E-04    3.83809E-03   -4.51082E-03
     2.85600E+00    6.76441E-03    4.65158E-03    4.71140E-01    8.52548E-04   -1.13914E-02    2.63908E-02    3.26186E-05   -1.26795E-04    4.72711E-05   -1.88241E-04    7.64703E-04   -2.52993E-04    3.80006E-03   -4.43789E-03
     2.86450E+00    6.66525E-03    4.54091E-03    4.71148E-01    8.28831E-04   -1.11680E-02    2.61640E-02    3.15598E-05   -1.22352E-04    4.56950E-05   -1.82620E-04    7.62576E-04   -2.47688E-04    3.76264E-03   -4.36572E-03
     2.87300E+00    6.56850E-03    4.43213E-03    4.71154E-01    8.05658E-04   -1.09466E-02    2.59406E-02    3.05382E-05   -1.18057E-04    4.41660E-05   -1.77171E-04    7.60493E-04   -2.42449E-04    3.72584E-03   -4.29426E-03
     2.88150E+00    6.47410E-03    4.32520E-03    4.71161E-01    7.83014E-04   -1.07270E-02    2.57205E-02    2.95525E-05   -1.13902E-04    4.26827E-05   -1.71889E-04    7.58454E-04   -2.37273E-04    3.68964E-03   -4.22349E-03
     2.89000E+00    6.38201E-03    4.22008E-03    4.71168E-01    7.60885E-04   -1.05093E-02    2.55035E-02    2.86015E-05   -1.09885E-04    4.12435E-05   -1.66770E-04    7.56459E-04   -2.32160E-04    3.65404E-03   -4.15339E-03
     2.89850E+00    6.29219E-03    4.11672E-03    4.71174E-01    7.39258E-04   -1.02935E-02    2.52898E-02    2.76841E-05   -1.05999E-04    3.98471E-05   -1.61807E-04    7.54507E-04   -2.27108E-04    3.61903E-03   -4.08393E-03
     2.90700E+00    6.20461E-03    4.01509E-03    4.71180E-01    7.18120E-04   -1.00794E-02    2.50791E-02    2.67991E-05   -1.02241E-04    3.84923E-05   -1.56997E-04    7.52598E-04   -2.22115E-04    3.58461E-03   -4.01509E-03
     2.91550E+00    6.11922E-03    3.91515E-03    4.71186E-01    6.97456E-04   -9.86711E-03    2.48715E-02    2.59456E-05   -9.86055E-05    3.71778E-05   -1.52336E-04    7.50731E-04   -2.17180E-04    3.55077E-03   -3.94684E-03
     2.92400E+00    6.03600E-03    3.81686E-03    4.71192E-01    6.77255E-04   -9.65657E-03    2.46670E-02    2.51225E-05   -9.50886E-05    3.59022E-05   -1.47818E-04    7.48906E-04   -2.12303E-04    3.51751E-03   -3.87915E-03
     2.93250E+00    5.95489E-03    3.72017E-03    4.71198E-01    6.57504E-04   -9.44776E-03    2.44655E-02    2.43288E-05   -9.16861E-05    3.46645E-05   -1.43440E-04    7.47121E-04   -2.07480E-04    3.48483E-03   -3.81200E-03
     2.94100E+00    5.87586E-03    3.62506E-03    4.71203E-01    6.38192E-04   -9.24065E-03    2.42669E-02    2.35635E-05   -8.83940E-05    3.34634E-05   -1.39199E-04    7.45378E-04   -2.02712E-04    3.45271E-03   -3.74536E-03
     2.94950E+00    5.79889E-03    3.53149E-03    4.71209E-01    6.19305E-04   -9.03522E-03    2.40712E-02    2.28258E-05   -8.52083E-05    3.22977E-05   -1.35089E-04    7.43675E-04   -1.97996E-04    3.42115E-03   -3.67920E-03
     2.95800E+00    5.72393E-03    3.43941E-03    4.71214E-01    6.00833E-04   -8.83144E-03    2.38783E-02    2.21147E-05   -8.21254E-05    3.11665E-05   -1.31107E-04    7.42012E-04   -1.93332E-04    3.39016E-03   -3.61350E-03
     2.96650E+00    5.65096E-03    3.34880E-03    4.71219E-01    5.82765E-04   -8.62928E-03    2.36883E-02    2.14294E-05   -7.91414E-05    3.00686E-05   -1.27250E-04    7.40388E-04   -1.88718E-04    3.35972E-03   -3.54824E-03
     2.97500E+00    5.57994E-03    3.25962E-03    4.71224E-01    5.65089E-04   -8.42873E-03    2.35011E-02    2.07690E-05   -7.62530E-05    2.90029E-05   -1.23514E-04    7.38804E-04   -1.84154E-04    3.32984E-03   -3.48338E-03
     2.98350E+00    5.51083E-03    3.17184E-03    4.71229E-01    5.47796E-04   -8.22975E-03    2.33167E-02    2.01328E-05   -7.34567E-05    2.79685E-05   -1.19896E-04    7.37258E-04   -1.79638E-04    3.30050E-03   -3.41889E-03
     2.99200E+00    5.44361E-03    3.08542E-03    4.71233E-01    5.30874E-04   -8.03234E-03    2.31349E-02    1.95200E-05   -7.07492E-05    2.69643E-05   -1.16393E-04    7.35750E-04   -1.75169E-04    3.27172E-03   -3.35476E-03
     3.00050E+00    5.37825E-03    3.00033E-03    4.71238E-01    5.14313E-04   -7.83645E-03    2.29559E-02    1.89299E-05   -6.81272E-05    2.59895E-05   -1.13001E-04    7.34280E-04   -1.70745E-04    3.24347E-03   -3.29095E-03
     3.00900E+00    5.31472E-03    2.91655E-03    4.71242E-01    4.98105E-04   -7.64208E-03    2.27794E-02    1.83616E-05   -6.55878E-05    2.50430E-05   -1.09717E-04    7.32847E-04   -1.66367E-04    3.21577E-03   -3.22743E-03
     3.01750E+00    5.25299E-03    2.83402E-03    4.71246E-01    4.82238E-04   -7.44920E-03    2.26056E-02    1.78147E-05   -6.31278E-05    2.41240E-05   -1.06539E-04    7.31451E-04   -1.62033E-04    3.18861E-03   -3.16418E-03
     3.02600E+00    5.19303E-03    2.75274E-03    4.71250E-01    4.66704E-04   -7.25778E-03    2.24344E-02    1.72883E-05   -6.07444E-05    2.32316E-05   -1.03463E-04    7.30092E-04   -1.57742E-04    3.16198E-03   -3.10116E-03
     3.03450E+00    5.13481E-03    2.67266E-03    4.71254E-01    4.51493E-04   -7.06781E-03    2.22656E-02    1.67818E-05   -5.84349E-05    2.23649E-05   -1.00487E-04    7.28770E-04   -1.53492E-04    3.13589E-03   -3.03835E-03
     3.04300E+00    5.07831E-03    2.59376E-03    4.71258E-01    4.36596E-04   -6.87926E-03    2.20994E-02    1.62947E-05   -5.61964E-05    2.15230E-05   -9.76079E-05    7.27483E-04   -1.49284E-04    3.11033E-03   -2.97572E-03
     3.05150E+00    5.02350E-03    2.51600E-03    4.71261E-01    4.22006E-04   -6.69211E-03    2.19356E-02    1.58263E-05   -5.40263E-05    2.07053E-05   -9.48237E-05    7.26232E-04   -1.45116E-04    3.08530E-03   -2.91323E-03
     3.06000E+00    4.97036E-03    2.43937E-03    4.71265E-01    4.07712E-04   -6.50635E-03    2.17743E-02    1.53760E-05   -5.19221E-05    1.99108E-05   -9.21316E-05    7.25016E-04   -1.40987E-04    3.06080E-03   -2.85086E-03
     3.06850E+00    4.91886E-03    2.36382E-03    4.71268E-01    3.93707E-04   -6.32194E-03    2.16154E-02    1.49434E-05   -4.98814E-05    1.91388E-05   -8.95292E-05    7.23835E-04   -1.36897E-04    3.03683E-03   -2.78857E-03
     3.07700E+00    4.86898E-03    2.28933E-03    4.71272E-01    3.79983E-04   -6.13888E-03    2.14588E-02    1.45279E-05   -4.79016E-05    1.83885E-05   -8.70145E-05    7.22688E-04   -1.32844E-04    3.01340E-03   -2.72634E-03
     3.08550E+00    4.82069E-03    2.21588E-03    4.71275E-01    3.66531E-04   -5.95714E-03    2.13046E-02    1.41289E-05   -4.59806E-05    1.76593E-05   -8.45850E-05    7.21576E-04   -1.28828E-04    2.99049E-03   -2.66413E-03
     3.09400E+00    4.77398E-03    2.14344E-03    4.71278E-01    3.53344E-04   -5.77670E-03    2.11527E-02    1.37461E-05   -4.41160E-05    1.69504E-05   -8.22388E-05    7.20498E-04   -1.24848E-04    2.96811E-03   -2.60191E-03
     3.10250E+00    4.72881E-03    2.07198E-03    4.71281E-01    3.40414E-04   -5.59754E-03    2.10030E-02    1.33788E-05   -4.23057E-05    1.62610E-05   -7.99737E-05    7.19454E-04   -1.20903E-04    2.94625E-03   -2.53964E-03
     3.11100E+00    4.68517E-03    2.00147E-03    4.71284E-01    3.27733E-04   -5.41964E-03    2.08556E-02    1.30267E-05   -4.05475E-05    1.55906E-05   -7.77879E-05    7.18443E-04   -1.16992E-04    2.92493E-03   -2.47729E-03
     3.11950E+00    4.64304E-03    1.93190E-03    4.71286E-01    3.15295E-04   -5.24299E-03    2.07105E-02    1.26894E-05   -3.88394E-05    1.49384E-05   -7.56794E-05    7.17465E-04   -1.13115E-04    2.90414E-03   -2.41483E-03
     3.12800E+00    4.60240E-03    1.86323E-03    4.71289E-01    3.03092E-04   -5.06756E-03    2.05675E-02    1.23663E-05   -3.71795E-05    1.43038E-05   -7.36465E-05    7.16520E-04   -1.09271E-04    2.88388E-03   -2.35222E-03
     3.13650E+00    4.56323E-03    1.79544E-03    4.71292E-01    2.91117E-04   -4.89333E-03    2.04266E-02    1.20572E-05   -3.55657E-05    1.36862E-05   -7.16875E-05    7.15607E-04   -1.05460E-04    2.86415E-03   -2.28942E-03
     3.14500E+00    4.52550E-03    1.72850E-03    4.71294E-01    2.79363E-04   -4.72030E-03    2.02879E-02    1.17616E-05   -3.39962E-05    1.30849E-05   -6.98006E-05    7.14727E-04   -1.01679E-04    2.84496E-03   -2.22639E-03
     3.15350E+00    4.48920E-03    1.66240E-03    4.71296E-01    2.67823E-04   -4.54843E-03    2.01513E-02    1.14791E-05   -3.24692E-05    1.24994E-05   -6.79843E-05    7.13879E-04   -9.79301E-05    2.82631E-03   -2.16311E-03
     3.16200E+00    4.45432E-03    1.59711E-03    4.71299E-01    2.56492E-04   -4.37772E-03    2.00168E-02    1.12095E-05   -3.09830E-05    1.19290E-05   -6.62371E-05    7.13062E-04   -9.42109E-05    2.80819E-03   -2.09952E-03
     3.17050E+00    4.42083E-03    1.53260E-03    4.71301E-01    2.45362E-04   -4.20814E-03    1.98843E-02    1.09523E-05   -2.95357E-05    1.13732E-05   -6.45576E-05    7.12277E-04   -9.05212E-05    2.79061E-03   -2.03559E-03
     3.17900E+00    4.38871E-03    1.46886E-03    4.71303E-01    2.34426E-04   -4.03968E-03    1.97539E-02    1.07073E-05   -2.81258E-05    1.08313E-05   -6.29444E-05    7.11523E-04   -8.68604E-05    2.77359E-03   -1.97128E-03
     3.18750E+00    4.35795E-03    1.40585E-03    4.71305E-01    2.23680E-04   -3.87232E-03    1.96254E-02    1.04741E-05   -2.67516E-05    1.03029E-05   -6.13961E-05    7.10800E-04   -8.32278E-05    2.75710E-03   -1.90655E-03
     3.19600E+00    4.32854E-03    1.34357E-03    4.71306E-01    2.13116E-04   -3.70605E-03    1.94990E-02    1.02524E-05   -2.54115E-05    9.78744E-06   -5.99115E-05    7.10108E-04   -7.96229E-05    2.74118E-03   -1.84135E-03
     3.20450E+00    4.30046E-03    1.28198E-03    4.71308E-01    2.02729E-04   -3.54084E-03    1.93744E-02    1.00420E-05   -2.41040E-05    9.28428E-06   -5.84894E-05    7.09447E-04   -7.60450E-05    2.72580E-03   -1.77564E-03
     3.21300E+00    4.27369E-03    1.22107E-03    4.71310E-01    1.92513E-04   -3.37668E-03    1.92518E-02    9.84254E-06   -2.28276E-05    8.79295E-06   -5.71288E-05    7.08815E-04   -7.24936E-05    2.71099E-03   -1.70937E-03
     3.22150E+00    4.24822E-03    1.16081E-03    4.71312E-01    1.82461E-04   -3.21355E-03    1.91311E-02    9.65382E-06   -2.15808E-05    8.31292E-06   -5.58285E-05    7.08214E-04   -6.89682E-05    2.69675E-03   -1.64250E-03
     3.23000E+00    4.22403E-03    1.10119E-03    4.71313E-01    1.72569E-04   -3.05144E-03    1.90123E-02    9.47558E-06   -2.03623E-05    7.84370E-06   -5.45875E-05    7.07643E-04   -6.54680E-05    2.68307E-03   -1.57497E-03
     3.23850E+00    4.20112E-03    1.04217E-03    4.71314E-01    1.62830E-04   -2.89034E-03    1.88953E-02    9.30759E-06   -1.91706E-05    7.38477E-06   -5.34050E-05    7.07101E-04   -6.19926E-05    2.66997E-03   -1.50675E-03
     3.24700E+00    4.17946E-03    9.83757E-04    4.71316E-01    1.53240E-04   -2.73022E-03    1.87802E-02    9.14961E-06   -1.80044E-05    6.93565E-06   -5.22800E-05    7.06589E-04   -5.85414E-05    2.65746E-03   -1.43777E-03
     3.25550E+00    4.15905E-03    9.25912E-04    4.71317E-01    1.43791E-04   -2.57107E-03    1.86669E-02    9.00145E-06   -1.68623E-05    6.49585E-06   -5.12117E-05    7.06106E-04   -5.51140E-05    2.64553E-03   -1.36799E-03
     3.26400E+00    4.13987E-03    8.68622E-04    4.71318E-01    1.34480E-04   -2.41288E-03    1.85553E-02    8.86289E-06   -1.57432E-05    6.06490E-06   -5.01994E-05    7.05652E-04   -5.17097E-05    2.63421E-03   -1.29736E-03
     3.27250E+00    4.12191E-03    8.11866E-04    4.71319E-01    1.25301E-04   -2.25562E-03    1.84455E-02    8.73375E-06   -1.46457E-05    5.64231E-06   -4.92422E-05    7.05227E-04   -4.83281E-05    2.62348E-03   -1.22581E-03
     3.28100E+00    4.10516E-03    7.55625E-04    4.71320E-01    1.16249E-04   -2.09930E-03    1.83375E-02    8.61386E-06   -1.35686E-05    5.22763E-06   -4.83397E-05    7.04830E-04   -4.49687E-05    2.61337E-03   -1.15330E-03
     3.28950E+00    4.08961E-03    6.99881E-04    4.71321E-01    1.07317E-04   -1.94388E-03    1.82312E-02    8.50303E-06   -1.25107E-05    4.82038E-06   -4.74912E-05    7.04462E-04   -4.16309E-05    2.60388E-03   -1.07975E-03
     3.29800E+00    4.07524E-03    6.44616E-04    4.71322E-01    9.85025E-05   -1.78936E-03    1.81266E-02    8.40112E-06   -1.14708E-05    4.42013E-06   -4.66962E-05    7.04122E-04   -3.83143E-05    2.59502E-03   -1.00512E-03
     3.30650E+00    4.06205E-03    5.89810E-04    4.71323E-01    8.97989E-05   -1.63573E-03    1.80236E-02    8.30798E-06   -1.04478E-05    4.02640E-06   -4.59541E-05    7.03811E-04   -3.50185E-05    2.58679E-03   -9.29343E-04
     3.31500E+00    4.05003E-03    5.35446E-04    4.71324E-01    8.12015E-05   -1.48296E-03    1.79223E-02    8.22347E-06   -9.44058E-06    3.63876E-06   -4.52647E-05    7.03527E-04   -3.17428E-05    2.57922E-03   -8.52349E-04
     3.32350E+00    4.03917E-03    4.81506E-04    4.71324E-01    7.27055E-05   -1.33104E-03    1.78227E-02    8.14745E-06   -8.44798E-06    3.25676E-06   -4.46274E-05    7.03271E-04   -2.84869E-05    2.57231E-03   -7.74075E-04
     3.33200E+00    4.02946E-03    4.27973E-04    4.71325E-01    6.43058E-05   -1.17997E-03    1.77247E-02    8.07981E-06   -7.46894E-06    2.87995E-06   -4.40421E-05    7.03043E-04   -2.52503E-05    2.56607E-03   -6.94452E-04
     3.34050E+00    4.02088E-03    3.74829E-04    4.71325E-01    5.59976E-05   -1.02972E-03    1.76283E-02    8.02044E-06   -6.50238E-06    2.50790E-06   -4.35084E-05    7.02842E-04   -2.20326E-05    2.56051E-03   -6.13412E-04
     3.34900E+00    4.01344E-03    3.22057E-04    4.71326E-01    4.77760E-05   -8.80284E-04    1.75334E-02    7.96924E-06   -5.54727E-06    2.14016E-06   -4.30261E-05    7.02668E-04   -1.88333E-05    2.55564E-03   -5.30880E-04
     3.35750E+00    4.00712E-03    2.69640E-04    4.71326E-01    3.96364E-05   -7.31648E-04    1.74402E-02    7.92611E-06   -4.60256E-06    1.77631E-06   -4.25952E-05    7.02522E-04   -1.56520E-05    2.55149E-03   -4.46782E-04
     3.36600E+00    4.00192E-03    2.17561E-04    4.71327E-01    3.15738E-05   -5.83797E-04    1.73484E-02    7.89097E-06   -3.66724E-06    1.41590E-06   -4.22156E-05    7.02402E-04   -1.24882E-05    2.54805E-03   -3.61040E-04
     3.37450E+00    3.99783E-03    1.65804E-04    4.71327E-01    2.35836E-05   -4.36721E-04    1.72583E-02    7.86374E-06   -2.74031E-06    1.05850E-06   -4.18872E-05    7.02309E-04   -9.34153E-06    2.54535E-03   -2.73575E-04
     3.38300E+00    3.99484E-03    1.14352E-04    4.71327E-01    1.56611E-05   -2.90404E-04    1.71696E-02    7.84436E-06   -1.82078E-06    7.03675E-07   -4.16100E-05    7.02243E-04   -6.21155E-06    2.54341E-03   -1.84304E-04
     3.39150E+00    3.99295E-03    6.31889E-05    4.71327E-01    7.80142E-06   -1.44834E-04    1.70824E-02    7.83277E-06   -9.07661E-07    3.50987E-07   -4.13842E-05    7.02204E-04   -3.09784E-06    2.54223E-03   -9.31418E-05
     3.40000E+00    3.99215E-03    1.22991E-05    4.71327E-01    1.61296E-78   -9.23099E-77    1.69967E-02    7.82892E-06   -1.09932E-80    3.89402E-27   -4.12099E-05    7.02190E-04   -5.11227E-78    2.54183E-03   -3.89835E-77
