     1.00000E-05    3.52214E+00   -2.03328E-05   -4.86097E-01   -1.43120E-19   -1.38302E-05   -1.38302E+00    3.79271E-01    2.40328E-21    4.74957E-06    4.74957E-01    3.08424E-01    9.65975E-20    5.73791E-11    1.14758E-05
     2.45998E-03    3.52210E+00    8.11941E-03   -4.86080E-01    1.38856E-02   -3.40214E-03   -1.38295E+00    3.79266E-01   -4.01890E-03    1.16836E-03    4.74925E-01    3.08418E-01   -4.81770E-03    3.47221E-06    2.82291E-03
     4.90995E-03    3.52196E+00    1.62050E-02   -4.86029E-01    2.77132E-02   -6.79012E-03   -1.38275E+00    3.79251E-01   -8.02106E-03    2.33180E-03    4.74827E-01    3.08400E-01   -9.61504E-03    1.38317E-05    5.63372E-03
     7.35992E-03    3.52174E+00    2.42889E-02   -4.85944E-01    4.15376E-02   -1.01774E-02   -1.38242E+00    3.79227E-01   -1.20224E-02    3.49493E-03    4.74664E-01    3.08371E-01   -1.44109E-02    3.10761E-05    8.44327E-03
     9.80990E-03    3.52143E+00    3.23703E-02   -4.85826E-01    5.53572E-02   -1.35638E-02   -1.38196E+00    3.79192E-01   -1.60225E-02    4.65758E-03    4.74436E-01    3.08330E-01   -1.92044E-02    5.52017E-05    1.12509E-02
     1.22599E-02    3.52103E+00    4.04483E-02   -4.85673E-01    6.91705E-02   -1.69489E-02   -1.38136E+00    3.79148E-01   -2.00209E-02    5.81959E-03    4.74143E-01    3.08277E-01   -2.39950E-02    8.62031E-05    1.40561E-02
     1.47099E-02    3.52054E+00    4.85222E-02   -4.85487E-01    8.29759E-02   -2.03323E-02   -1.38063E+00    3.79094E-01   -2.40173E-02    6.98080E-03    4.73785E-01    3.08212E-01   -2.87817E-02    1.24073E-04    1.68581E-02
     1.71598E-02    3.51996E+00    5.65911E-02   -4.85267E-01    9.67717E-02   -2.37138E-02   -1.37977E+00    3.79031E-01   -2.80113E-02    8.14106E-03    4.73362E-01    3.08136E-01   -3.35639E-02    1.68804E-04    1.96564E-02
     1.96098E-02    3.51930E+00    6.46541E-02   -4.85013E-01    1.10556E-01   -2.70930E-02   -1.37877E+00    3.78957E-01   -3.20023E-02    9.30020E-03    4.72874E-01    3.08048E-01   -3.83408E-02    2.20385E-04    2.24502E-02
     2.20598E-02    3.51854E+00    7.27105E-02   -4.84725E-01    1.24329E-01   -3.04696E-02   -1.37765E+00    3.78874E-01   -3.59901E-02    1.04581E-02    4.72322E-01    3.07948E-01   -4.31116E-02    2.78805E-04    2.52391E-02
     2.45098E-02    3.51770E+00    8.07594E-02   -4.84403E-01    1.38086E-01   -3.38432E-02   -1.37639E+00    3.78781E-01   -3.99742E-02    1.16145E-02    4.71706E-01    3.07836E-01   -4.78757E-02    3.44051E-04    2.80223E-02
     2.69597E-02    3.51677E+00    8.87999E-02   -4.84048E-01    1.51829E-01   -3.72137E-02   -1.37500E+00    3.78678E-01   -4.39541E-02    1.27693E-02    4.71025E-01    3.07713E-01   -5.26321E-02    4.16108E-04    3.07993E-02
     2.94097E-02    3.51575E+00    9.68313E-02   -4.83659E-01    1.65553E-01   -4.05806E-02   -1.37348E+00    3.78565E-01   -4.79296E-02    1.39224E-02    4.70280E-01    3.07578E-01   -5.73804E-02    4.94960E-04    3.35695E-02
     3.18597E-02    3.51464E+00    1.04853E-01   -4.83237E-01    1.79259E-01   -4.39436E-02   -1.37183E+00    3.78443E-01   -5.19001E-02    1.50736E-02    4.69471E-01    3.07432E-01   -6.21195E-02    5.80590E-04    3.63321E-02
     3.43096E-02    3.51344E+00    1.12863E-01   -4.82781E-01    1.92944E-01   -4.73023E-02   -1.37004E+00    3.78311E-01   -5.58654E-02    1.62228E-02    4.68598E-01    3.07274E-01   -6.68489E-02    6.72979E-04    3.90867E-02
     3.67596E-02    3.51216E+00    1.20862E-01   -4.82292E-01    2.06608E-01   -5.06566E-02   -1.36813E+00    3.78169E-01   -5.98249E-02    1.73697E-02    4.67661E-01    3.07105E-01   -7.15678E-02    7.72106E-04    4.18326E-02
     3.92096E-02    3.51078E+00    1.28849E-01   -4.81769E-01    2.20247E-01   -5.40060E-02   -1.36609E+00    3.78018E-01   -6.37782E-02    1.85142E-02    4.66662E-01    3.06923E-01   -7.62754E-02    8.77949E-04    4.45692E-02
     4.16596E-02    3.50932E+00    1.36822E-01   -4.81212E-01    2.33862E-01   -5.73503E-02   -1.36392E+00    3.77857E-01   -6.77251E-02    1.96563E-02    4.65599E-01    3.06731E-01   -8.09710E-02    9.90484E-04    4.72958E-02
     4.41095E-02    3.50778E+00    1.44782E-01   -4.80623E-01    2.47450E-01   -6.06890E-02   -1.36161E+00    3.77686E-01   -7.16649E-02    2.07956E-02    4.64473E-01    3.06527E-01   -8.56540E-02    1.10969E-03    5.00120E-02
     4.65595E-02    3.50614E+00    1.52726E-01   -4.80000E-01    2.61010E-01   -6.40220E-02   -1.35918E+00    3.77506E-01   -7.55975E-02    2.19321E-02    4.63285E-01    3.06311E-01   -9.03235E-02    1.23553E-03    5.27171E-02
     4.90095E-02    3.50442E+00    1.60655E-01   -4.79344E-01    2.74540E-01   -6.73489E-02   -1.35662E+00    3.77316E-01   -7.95223E-02    2.30656E-02    4.62034E-01    3.06084E-01   -9.49788E-02    1.36799E-03    5.54105E-02
     5.14595E-02    3.50261E+00    1.68567E-01   -4.78655E-01    2.88039E-01   -7.06693E-02   -1.35394E+00    3.77116E-01   -8.34389E-02    2.41960E-02    4.60722E-01    3.05846E-01   -9.96192E-02    1.50703E-03    5.80916E-02
     5.39094E-02    3.50071E+00    1.76461E-01   -4.77933E-01    3.01505E-01   -7.39830E-02   -1.35112E+00    3.76907E-01   -8.73470E-02    2.53231E-02    4.59347E-01    3.05596E-01   -1.04244E-01    1.65262E-03    6.07599E-02
     5.63594E-02    3.49873E+00    1.84338E-01   -4.77177E-01    3.14937E-01   -7.72896E-02   -1.34818E+00    3.76688E-01   -9.12462E-02    2.64467E-02    4.57912E-01    3.05335E-01   -1.08853E-01    1.80474E-03    6.34148E-02
     5.88094E-02    3.49666E+00    1.92196E-01   -4.76389E-01    3.28334E-01   -8.05889E-02   -1.34511E+00    3.76460E-01   -9.51360E-02    2.75668E-02    4.56415E-01    3.05063E-01   -1.13444E-01    1.96334E-03    6.60556E-02
     6.12594E-02    3.49450E+00    2.00034E-01   -4.75569E-01    3.41693E-01   -8.38805E-02   -1.34192E+00    3.76222E-01   -9.90161E-02    2.86831E-02    4.54858E-01    3.04779E-01   -1.18018E-01    2.12840E-03    6.86818E-02
     6.37093E-02    3.49226E+00    2.07851E-01   -4.74715E-01    3.55014E-01   -8.71641E-02   -1.33860E+00    3.75975E-01   -1.02886E-01    2.97955E-02    4.53241E-01    3.04484E-01   -1.22574E-01    2.29987E-03    7.12929E-02
     6.61593E-02    3.48993E+00    2.15648E-01   -4.73829E-01    3.68294E-01   -9.04395E-02   -1.33515E+00    3.75718E-01   -1.06746E-01    3.09039E-02    4.51563E-01    3.04178E-01   -1.27110E-01    2.47772E-03    7.38883E-02
     6.86093E-02    3.48752E+00    2.23422E-01   -4.72911E-01    3.81533E-01   -9.37062E-02   -1.33158E+00    3.75451E-01   -1.10594E-01    3.20081E-02    4.49826E-01    3.03862E-01   -1.31627E-01    2.66190E-03    7.64674E-02
     7.10593E-02    3.48502E+00    2.31173E-01   -4.71960E-01    3.94729E-01   -9.69640E-02   -1.32789E+00    3.75176E-01   -1.14431E-01    3.31080E-02    4.48031E-01    3.03534E-01   -1.36123E-01    2.85239E-03    7.90298E-02
     7.35092E-02    3.48243E+00    2.38901E-01   -4.70976E-01    4.07881E-01   -1.00213E-01   -1.32407E+00    3.74891E-01   -1.18257E-01    3.42034E-02    4.46176E-01    3.03195E-01   -1.40598E-01    3.04913E-03    8.15747E-02
     7.59592E-02    3.47976E+00    2.46604E-01   -4.69961E-01    4.20987E-01   -1.03452E-01   -1.32013E+00    3.74596E-01   -1.22070E-01    3.52942E-02    4.44263E-01    3.02845E-01   -1.45051E-01    3.25209E-03    8.41018E-02
     7.84092E-02    3.47701E+00    2.54282E-01   -4.68914E-01    4.34046E-01   -1.06681E-01   -1.31607E+00    3.74293E-01   -1.25871E-01    3.63802E-02    4.42293E-01    3.02484E-01   -1.49482E-01    3.46121E-03    8.66105E-02
     8.08592E-02    3.47417E+00    2.61933E-01   -4.67834E-01    4.47056E-01   -1.09900E-01   -1.31189E+00    3.73980E-01   -1.29660E-01    3.74613E-02    4.40265E-01    3.02112E-01   -1.53890E-01    3.67646E-03    8.91002E-02
     8.33091E-02    3.47125E+00    2.69559E-01   -4.66723E-01    4.60017E-01   -1.13109E-01   -1.30759E+00    3.73657E-01   -1.33435E-01    3.85374E-02    4.38181E-01    3.01730E-01   -1.58274E-01    3.89778E-03    9.15704E-02
     8.57591E-02    3.46824E+00    2.77156E-01   -4.65580E-01    4.72926E-01   -1.16307E-01   -1.30317E+00    3.73326E-01   -1.37196E-01    3.96084E-02    4.36040E-01    3.01337E-01   -1.62633E-01    4.12513E-03    9.40207E-02
     8.82091E-02    3.46515E+00    2.84726E-01   -4.64406E-01    4.85782E-01   -1.19495E-01   -1.29863E+00    3.72985E-01   -1.40943E-01    4.06740E-02    4.33843E-01    3.00933E-01   -1.66968E-01    4.35846E-03    9.64505E-02
     9.06591E-02    3.46198E+00    2.92266E-01   -4.63200E-01    4.98584E-01   -1.22671E-01   -1.29397E+00    3.72635E-01   -1.44677E-01    4.17341E-02    4.31592E-01    3.00519E-01   -1.71277E-01    4.59772E-03    9.88592E-02
     9.31090E-02    3.45872E+00    2.99777E-01   -4.61963E-01    5.11331E-01   -1.25835E-01   -1.28919E+00    3.72276E-01   -1.48395E-01    4.27887E-02    4.29285E-01    3.00094E-01   -1.75559E-01    4.84285E-03    1.01247E-01
     9.55590E-02    3.45538E+00    3.07257E-01   -4.60695E-01    5.24021E-01   -1.28987E-01   -1.28430E+00    3.71908E-01   -1.52098E-01    4.38376E-02    4.26924E-01    2.99658E-01   -1.79815E-01    5.09380E-03    1.03612E-01
     9.80090E-02    3.45196E+00    3.14706E-01   -4.59395E-01    5.36654E-01   -1.32128E-01   -1.27929E+00    3.71531E-01   -1.55786E-01    4.48806E-02    4.24510E-01    2.99213E-01   -1.84043E-01    5.35052E-03    1.05955E-01
     1.00459E-01    3.44846E+00    3.22122E-01   -4.58065E-01    5.49227E-01   -1.35256E-01   -1.27417E+00    3.71145E-01   -1.59458E-01    4.59176E-02    4.22042E-01    2.98757E-01   -1.88244E-01    5.61296E-03    1.08275E-01
     1.02909E-01    3.44487E+00    3.29506E-01   -4.56704E-01    5.61739E-01   -1.38371E-01   -1.26893E+00    3.70750E-01   -1.63114E-01    4.69485E-02    4.19522E-01    2.98290E-01   -1.92415E-01    5.88104E-03    1.10571E-01
     1.05359E-01    3.44121E+00    3.36857E-01   -4.55313E-01    5.74190E-01   -1.41473E-01   -1.26358E+00    3.70346E-01   -1.66753E-01    4.79732E-02    4.16950E-01    2.97814E-01   -1.96557E-01    6.15473E-03    1.12844E-01
     1.07809E-01    3.43746E+00    3.44174E-01   -4.53891E-01    5.86578E-01   -1.44563E-01   -1.25812E+00    3.69933E-01   -1.70375E-01    4.89915E-02    4.14327E-01    2.97327E-01   -2.00670E-01    6.43396E-03    1.15093E-01
     1.10259E-01    3.43363E+00    3.51455E-01   -4.52439E-01    5.98901E-01   -1.47638E-01   -1.25255E+00    3.69511E-01   -1.73980E-01    5.00033E-02    4.11653E-01    2.96831E-01   -2.04752E-01    6.71866E-03    1.17316E-01
     1.12709E-01    3.42972E+00    3.58701E-01   -4.50956E-01    6.11160E-01   -1.50700E-01   -1.24686E+00    3.69080E-01   -1.77568E-01    5.10085E-02    4.08929E-01    2.96324E-01   -2.08803E-01    7.00878E-03    1.19515E-01
     1.15159E-01    3.42574E+00    3.65911E-01   -4.49444E-01    6.23351E-01   -1.53748E-01   -1.24107E+00    3.68641E-01   -1.81137E-01    5.20070E-02    4.06156E-01    2.95807E-01   -2.12822E-01    7.30426E-03    1.21688E-01
     1.17609E-01    3.42167E+00    3.73084E-01   -4.47902E-01    6.35474E-01   -1.56781E-01   -1.23516E+00    3.68193E-01   -1.84688E-01    5.29986E-02    4.03334E-01    2.95281E-01   -2.16810E-01    7.60502E-03    1.23835E-01
     1.20059E-01    3.41753E+00    3.80219E-01   -4.46330E-01    6.47529E-01   -1.59800E-01   -1.22915E+00    3.67736E-01   -1.88221E-01    5.39833E-02    4.00463E-01    2.94745E-01   -2.20765E-01    7.91102E-03    1.25956E-01
     1.22509E-01    3.41330E+00    3.87315E-01   -4.44729E-01    6.59513E-01   -1.62804E-01   -1.22304E+00    3.67270E-01   -1.91734E-01    5.49609E-02    3.97545E-01    2.94199E-01   -2.24687E-01    8.22218E-03    1.28050E-01
     1.24959E-01    3.40900E+00    3.94373E-01   -4.43099E-01    6.71426E-01   -1.65792E-01   -1.21681E+00    3.66796E-01   -1.95228E-01    5.59312E-02    3.94580E-01    2.93644E-01   -2.28575E-01    8.53843E-03    1.30116E-01
     1.27409E-01    3.40462E+00    4.01391E-01   -4.41439E-01    6.83267E-01   -1.68766E-01   -1.21049E+00    3.66314E-01   -1.98703E-01    5.68942E-02    3.91570E-01    2.93079E-01   -2.32429E-01    8.85972E-03    1.32155E-01
     1.29859E-01    3.40016E+00    4.08369E-01   -4.39751E-01    6.95034E-01   -1.71724E-01   -1.20406E+00    3.65823E-01   -2.02157E-01    5.78498E-02    3.88513E-01    2.92505E-01   -2.36248E-01    9.18597E-03    1.34166E-01
     1.32309E-01    3.39563E+00    4.15305E-01   -4.38034E-01    7.06727E-01   -1.74666E-01   -1.19752E+00    3.65323E-01   -2.05591E-01    5.87979E-02    3.85412E-01    2.91922E-01   -2.40033E-01    9.51710E-03    1.36149E-01
     1.34759E-01    3.39102E+00    4.22200E-01   -4.36288E-01    7.18343E-01   -1.77591E-01   -1.19089E+00    3.64815E-01   -2.09005E-01    5.97383E-02    3.82267E-01    2.91329E-01   -2.43781E-01    9.85307E-03    1.38103E-01
     1.37209E-01    3.38633E+00    4.29052E-01   -4.34514E-01    7.29883E-01   -1.80501E-01   -1.18415E+00    3.64299E-01   -2.12397E-01    6.06709E-02    3.79078E-01    2.90727E-01   -2.47494E-01    1.01938E-02    1.40028E-01
     1.39659E-01    3.38157E+00    4.35862E-01   -4.32712E-01    7.41346E-01   -1.83394E-01   -1.17732E+00    3.63775E-01   -2.15768E-01    6.15957E-02    3.75847E-01    2.90117E-01   -2.51170E-01    1.05392E-02    1.41924E-01
     1.42109E-01    3.37674E+00    4.42628E-01   -4.30881E-01    7.52729E-01   -1.86270E-01   -1.17038E+00    3.63242E-01   -2.19117E-01    6.25125E-02    3.72574E-01    2.89497E-01   -2.54809E-01    1.08892E-02    1.43790E-01
     1.44559E-01    3.37183E+00    4.49349E-01   -4.29023E-01    7.64033E-01   -1.89128E-01   -1.16335E+00    3.62701E-01   -2.22445E-01    6.34213E-02    3.69259E-01    2.88868E-01   -2.58411E-01    1.12437E-02    1.45626E-01
     1.47008E-01    3.36684E+00    4.56026E-01   -4.27138E-01    7.75256E-01   -1.91970E-01   -1.15622E+00    3.62152E-01   -2.25750E-01    6.43219E-02    3.65904E-01    2.88231E-01   -2.61975E-01    1.16027E-02    1.47432E-01
     1.49458E-01    3.36178E+00    4.62657E-01   -4.25225E-01    7.86397E-01   -1.94794E-01   -1.14900E+00    3.61595E-01   -2.29032E-01    6.52142E-02    3.62510E-01    2.87584E-01   -2.65501E-01    1.19661E-02    1.49207E-01
     1.51908E-01    3.35665E+00    4.69242E-01   -4.23284E-01    7.97456E-01   -1.97600E-01   -1.14169E+00    3.61030E-01   -2.32292E-01    6.60981E-02    3.59076E-01    2.86930E-01   -2.68988E-01    1.23338E-02    1.50952E-01
     1.54358E-01    3.35145E+00    4.75780E-01   -4.21317E-01    8.08430E-01   -2.00388E-01   -1.13428E+00    3.60457E-01   -2.35528E-01    6.69736E-02    3.55605E-01    2.86266E-01   -2.72435E-01    1.27057E-02    1.52665E-01
     1.56808E-01    3.34617E+00    4.82271E-01   -4.19323E-01    8.19321E-01   -2.03158E-01   -1.12677E+00    3.59876E-01   -2.38741E-01    6.78405E-02    3.52096E-01    2.85595E-01   -2.75844E-01    1.30818E-02    1.54346E-01
     1.59258E-01    3.34082E+00    4.88715E-01   -4.17303E-01    8.30126E-01   -2.05909E-01   -1.11918E+00    3.59287E-01   -2.41930E-01    6.86988E-02    3.48550E-01    2.84915E-01   -2.79212E-01    1.34620E-02    1.55996E-01
     1.61708E-01    3.33540E+00    4.95109E-01   -4.15256E-01    8.40844E-01   -2.08641E-01   -1.11150E+00    3.58690E-01   -2.45094E-01    6.95484E-02    3.44969E-01    2.84227E-01   -2.82541E-01    1.38462E-02    1.57614E-01
     1.64158E-01    3.32991E+00    5.01455E-01   -4.13183E-01    8.51476E-01   -2.11355E-01   -1.10373E+00    3.58086E-01   -2.48235E-01    7.03891E-02    3.41352E-01    2.83530E-01   -2.85829E-01    1.42343E-02    1.59200E-01
     1.66608E-01    3.32435E+00    5.07751E-01   -4.11084E-01    8.62019E-01   -2.14050E-01   -1.09587E+00    3.57474E-01   -2.51350E-01    7.12210E-02    3.37701E-01    2.82826E-01   -2.89075E-01    1.46262E-02    1.60753E-01
     1.69058E-01    3.31872E+00    5.13997E-01   -4.08959E-01    8.72473E-01   -2.16725E-01   -1.08793E+00    3.56854E-01   -2.54441E-01    7.20438E-02    3.34017E-01    2.82114E-01   -2.92281E-01    1.50219E-02    1.62274E-01
     1.71508E-01    3.31303E+00    5.20192E-01   -4.06809E-01    8.82838E-01   -2.19380E-01   -1.07990E+00    3.56227E-01   -2.57507E-01    7.28576E-02    3.30300E-01    2.81394E-01   -2.95445E-01    1.54213E-02    1.63762E-01
     1.73958E-01    3.30726E+00    5.26335E-01   -4.04633E-01    8.93113E-01   -2.22016E-01   -1.07179E+00    3.55592E-01   -2.60547E-01    7.36622E-02    3.26551E-01    2.80666E-01   -2.98567E-01    1.58243E-02    1.65216E-01
     1.76408E-01    3.30142E+00    5.32427E-01   -4.02432E-01    9.03296E-01   -2.24632E-01   -1.06359E+00    3.54950E-01   -2.63561E-01    7.44577E-02    3.22771E-01    2.79931E-01   -3.01647E-01    1.62308E-02    1.66638E-01
     1.78858E-01    3.29552E+00    5.38467E-01   -4.00207E-01    9.13387E-01   -2.27228E-01   -1.05532E+00    3.54301E-01   -2.66549E-01    7.52438E-02    3.18960E-01    2.79188E-01   -3.04684E-01    1.66408E-02    1.68026E-01
     1.81308E-01    3.28955E+00    5.44454E-01   -3.97957E-01    9.23385E-01   -2.29803E-01   -1.04696E+00    3.53644E-01   -2.69511E-01    7.60205E-02    3.15120E-01    2.78438E-01   -3.07678E-01    1.70541E-02    1.69380E-01
     1.83758E-01    3.28352E+00    5.50387E-01   -3.95683E-01    9.33290E-01   -2.32358E-01   -1.03853E+00    3.52981E-01   -2.72446E-01    7.67878E-02    3.11252E-01    2.77681E-01   -3.10629E-01    1.74707E-02    1.70701E-01
     1.86208E-01    3.27742E+00    5.56267E-01   -3.93384E-01    9.43101E-01   -2.34892E-01   -1.03001E+00    3.52309E-01   -2.75354E-01    7.75456E-02    3.07355E-01    2.76916E-01   -3.13537E-01    1.78905E-02    1.71987E-01
     1.88658E-01    3.27125E+00    5.62092E-01   -3.91061E-01    9.52817E-01   -2.37405E-01   -1.02143E+00    3.51631E-01   -2.78235E-01    7.82938E-02    3.03432E-01    2.76144E-01   -3.16402E-01    1.83134E-02    1.73240E-01
     1.91108E-01    3.26503E+00    5.67862E-01   -3.88715E-01    9.62438E-01   -2.39896E-01   -1.01276E+00    3.50946E-01   -2.81089E-01    7.90324E-02    2.99483E-01    2.75366E-01   -3.19222E-01    1.87394E-02    1.74458E-01
     1.93558E-01    3.25873E+00    5.73577E-01   -3.86346E-01    9.71962E-01   -2.42367E-01   -1.00402E+00    3.50254E-01   -2.83915E-01    7.97613E-02    2.95508E-01    2.74580E-01   -3.21998E-01    1.91682E-02    1.75642E-01
     1.96008E-01    3.25238E+00    5.79236E-01   -3.83953E-01    9.81390E-01   -2.44816E-01   -9.95210E-01    3.49555E-01   -2.86713E-01    8.04803E-02    2.91508E-01    2.73788E-01   -3.24730E-01    1.96000E-02    1.76791E-01
     1.98458E-01    3.24596E+00    5.84839E-01   -3.81537E-01    9.90720E-01   -2.47243E-01   -9.86326E-01    3.48849E-01   -2.89483E-01    8.11896E-02    2.87485E-01    2.72989E-01   -3.27418E-01    2.00345E-02    1.77906E-01
     2.00908E-01    3.23948E+00    5.90385E-01   -3.79098E-01    9.99952E-01   -2.49649E-01   -9.77372E-01    3.48137E-01   -2.92225E-01    8.18890E-02    2.83439E-01    2.72184E-01   -3.30060E-01    2.04717E-02    1.78986E-01
     2.03358E-01    3.23293E+00    5.95874E-01   -3.76637E-01    1.00909E+00   -2.52032E-01   -9.68349E-01    3.47417E-01   -2.94938E-01    8.25784E-02    2.79371E-01    2.71372E-01   -3.32658E-01    2.09115E-02    1.80031E-01
     2.05808E-01    3.22633E+00    6.01306E-01   -3.74154E-01    1.01812E+00   -2.54394E-01   -9.59258E-01    3.46691E-01   -2.97623E-01    8.32579E-02    2.75282E-01    2.70554E-01   -3.35210E-01    2.13538E-02    1.81042E-01
     2.08258E-01    3.21967E+00    6.06679E-01   -3.71649E-01    1.02705E+00   -2.56733E-01   -9.50100E-01    3.45959E-01   -3.00278E-01    8.39273E-02    2.71172E-01    2.69729E-01   -3.37717E-01    2.17985E-02    1.82017E-01
     2.10708E-01    3.21294E+00    6.11994E-01   -3.69122E-01    1.03589E+00   -2.59049E-01   -9.40876E-01    3.45220E-01   -3.02904E-01    8.45866E-02    2.67043E-01    2.68899E-01   -3.40179E-01    2.22456E-02    1.82958E-01
     2.13158E-01    3.20616E+00    6.17249E-01   -3.66573E-01    1.04462E+00   -2.61343E-01   -9.31588E-01    3.44475E-01   -3.05501E-01    8.52358E-02    2.62895E-01    2.68063E-01   -3.42595E-01    2.26950E-02    1.83863E-01
     2.15608E-01    3.19932E+00    6.22446E-01   -3.64003E-01    1.05326E+00   -2.63614E-01   -9.22237E-01    3.43723E-01   -3.08068E-01    8.58748E-02    2.58729E-01    2.67220E-01   -3.44965E-01    2.31465E-02    1.84734E-01
     2.18058E-01    3.19242E+00    6.27583E-01   -3.61412E-01    1.06179E+00   -2.65862E-01   -9.12824E-01    3.42965E-01   -3.10605E-01    8.65035E-02    2.54547E-01    2.66372E-01   -3.47290E-01    2.36002E-02    1.85569E-01
     2.20508E-01    3.18547E+00    6.32659E-01   -3.58800E-01    1.07022E+00   -2.68087E-01   -9.03351E-01    3.42201E-01   -3.13112E-01    8.71220E-02    2.50348E-01    2.65519E-01   -3.49568E-01    2.40558E-02    1.86370E-01
     2.22958E-01    3.17846E+00    6.37676E-01   -3.56168E-01    1.07854E+00   -2.70288E-01   -8.93818E-01    3.41431E-01   -3.15589E-01    8.77302E-02    2.46133E-01    2.64660E-01   -3.51800E-01    2.45133E-02    1.87135E-01
     2.25408E-01    3.17139E+00    6.42631E-01   -3.53516E-01    1.08676E+00   -2.72466E-01   -8.84226E-01    3.40655E-01   -3.18036E-01    8.83280E-02    2.41904E-01    2.63795E-01   -3.53986E-01    2.49727E-02    1.87865E-01
     2.27858E-01    3.16427E+00    6.47525E-01   -3.50843E-01    1.09488E+00   -2.74621E-01   -8.74578E-01    3.39873E-01   -3.20451E-01    8.89155E-02    2.37662E-01    2.62925E-01   -3.56126E-01    2.54338E-02    1.88560E-01
     2.30308E-01    3.15709E+00    6.52358E-01   -3.48151E-01    1.10290E+00   -2.76752E-01   -8.64874E-01    3.39085E-01   -3.22836E-01    8.94926E-02    2.33406E-01    2.62050E-01   -3.58219E-01    2.58966E-02    1.89220E-01
     2.32758E-01    3.14986E+00    6.57129E-01   -3.45439E-01    1.11081E+00   -2.78859E-01   -8.55115E-01    3.38291E-01   -3.25190E-01    9.00592E-02    2.29139E-01    2.61170E-01   -3.60265E-01    2.63610E-02    1.89845E-01
     2.35208E-01    3.14258E+00    6.61837E-01   -3.42708E-01    1.11862E+00   -2.80942E-01   -8.45303E-01    3.37491E-01   -3.27513E-01    9.06153E-02    2.24860E-01    2.60285E-01   -3.62265E-01    2.68268E-02    1.90435E-01
     2.37658E-01    3.13524E+00    6.66483E-01   -3.39958E-01    1.12632E+00   -2.83000E-01   -8.35439E-01    3.36686E-01   -3.29804E-01    9.11610E-02    2.20571E-01    2.59395E-01   -3.64219E-01    2.72941E-02    1.90990E-01
     2.40108E-01    3.12785E+00    6.71066E-01   -3.37189E-01    1.13392E+00   -2.85035E-01   -8.25524E-01    3.35875E-01   -3.32064E-01    9.16961E-02    2.16272E-01    2.58500E-01   -3.66126E-01    2.77626E-02    1.91510E-01
     2.42558E-01    3.12042E+00    6.75586E-01   -3.34402E-01    1.14141E+00   -2.87045E-01   -8.15559E-01    3.35059E-01   -3.34292E-01    9.22207E-02    2.11964E-01    2.57601E-01   -3.67986E-01    2.82324E-02    1.91995E-01
     2.45007E-01    3.11293E+00    6.80042E-01   -3.31597E-01    1.14879E+00   -2.89031E-01   -8.05546E-01    3.34237E-01   -3.36489E-01    9.27347E-02    2.07649E-01    2.56697E-01   -3.69799E-01    2.87034E-02    1.92445E-01
     2.47457E-01    3.10539E+00    6.84435E-01   -3.28773E-01    1.15607E+00   -2.90993E-01   -7.95486E-01    3.33410E-01   -3.38653E-01    9.32381E-02    2.03326E-01    2.55789E-01   -3.71566E-01    2.91754E-02    1.92861E-01
     2.49907E-01    3.09780E+00    6.88763E-01   -3.25932E-01    1.16324E+00   -2.92929E-01   -7.85379E-01    3.32578E-01   -3.40785E-01    9.37310E-02    1.98997E-01    2.54876E-01   -3.73286E-01    2.96483E-02    1.93242E-01
     2.52357E-01    3.09017E+00    6.93027E-01   -3.23073E-01    1.17031E+00   -2.94841E-01   -7.75228E-01    3.31741E-01   -3.42885E-01    9.42132E-02    1.94662E-01    2.53960E-01   -3.74959E-01    3.01222E-02    1.93588E-01
     2.54807E-01    3.08248E+00    6.97227E-01   -3.20198E-01    1.17727E+00   -2.96728E-01   -7.65033E-01    3.30898E-01   -3.44952E-01    9.46848E-02    1.90323E-01    2.53039E-01   -3.76586E-01    3.05969E-02    1.93901E-01
     2.57257E-01    3.07475E+00    7.01361E-01   -3.17305E-01    1.18412E+00   -2.98589E-01   -7.54795E-01    3.30050E-01   -3.46987E-01    9.51458E-02    1.85979E-01    2.52115E-01   -3.78165E-01    3.10723E-02    1.94178E-01
     2.59707E-01    3.06698E+00    7.05431E-01   -3.14396E-01    1.19086E+00   -3.00426E-01   -7.44516E-01    3.29198E-01   -3.48989E-01    9.55961E-02    1.81633E-01    2.51186E-01   -3.79699E-01    3.15483E-02    1.94422E-01
     2.62157E-01    3.05915E+00    7.09435E-01   -3.11470E-01    1.19750E+00   -3.02237E-01   -7.34197E-01    3.28340E-01   -3.50958E-01    9.60358E-02    1.77284E-01    2.50254E-01   -3.81185E-01    3.20249E-02    1.94632E-01
     2.64607E-01    3.05129E+00    7.13373E-01   -3.08528E-01    1.20403E+00   -3.04024E-01   -7.23839E-01    3.27478E-01   -3.52895E-01    9.64648E-02    1.72934E-01    2.49319E-01   -3.82625E-01    3.25020E-02    1.94807E-01
     2.67057E-01    3.04338E+00    7.17246E-01   -3.05570E-01    1.21045E+00   -3.05784E-01   -7.13443E-01    3.26611E-01   -3.54798E-01    9.68831E-02    1.68582E-01    2.48379E-01   -3.84019E-01    3.29794E-02    1.94949E-01
     2.69507E-01    3.03542E+00    7.21052E-01   -3.02597E-01    1.21676E+00   -3.07519E-01   -7.03011E-01    3.25740E-01   -3.56668E-01    9.72908E-02    1.64231E-01    2.47437E-01   -3.85366E-01    3.34572E-02    1.95058E-01
     2.71957E-01    3.02743E+00    7.24793E-01   -2.99608E-01    1.22296E+00   -3.09229E-01   -6.92543E-01    3.24864E-01   -3.58505E-01    9.76879E-02    1.59880E-01    2.46491E-01   -3.86667E-01    3.39352E-02    1.95133E-01
     2.74407E-01    3.01939E+00    7.28466E-01   -2.96605E-01    1.22905E+00   -3.10913E-01   -6.82041E-01    3.23983E-01   -3.60309E-01    9.80742E-02    1.55531E-01    2.45542E-01   -3.87922E-01    3.44133E-02    1.95175E-01
     2.76857E-01    3.01131E+00    7.32074E-01   -2.93586E-01    1.23504E+00   -3.12571E-01   -6.71506E-01    3.23098E-01   -3.62079E-01    9.84500E-02    1.51184E-01    2.44590E-01   -3.89130E-01    3.48915E-02    1.95183E-01
     2.79307E-01    3.00319E+00    7.35614E-01   -2.90553E-01    1.24092E+00   -3.14203E-01   -6.60939E-01    3.22209E-01   -3.63815E-01    9.88150E-02    1.46841E-01    2.43636E-01   -3.90293E-01    3.53697E-02    1.95159E-01
     2.81757E-01    2.99503E+00    7.39088E-01   -2.87506E-01    1.24669E+00   -3.15809E-01   -6.50341E-01    3.21315E-01   -3.65518E-01    9.91695E-02    1.42500E-01    2.42678E-01   -3.91409E-01    3.58477E-02    1.95102E-01
     2.84207E-01    2.98683E+00    7.42494E-01   -2.84444E-01    1.25234E+00   -3.17390E-01   -6.39713E-01    3.20418E-01   -3.67187E-01    9.95133E-02    1.38165E-01    2.41718E-01   -3.92480E-01    3.63256E-02    1.95013E-01
     2.86657E-01    2.97860E+00    7.45833E-01   -2.81369E-01    1.25789E+00   -3.18944E-01   -6.29056E-01    3.19516E-01   -3.68822E-01    9.98465E-02    1.33834E-01    2.40755E-01   -3.93505E-01    3.68033E-02    1.94891E-01
     2.89107E-01    2.97032E+00    7.49105E-01   -2.78281E-01    1.26333E+00   -3.20472E-01   -6.18373E-01    3.18611E-01   -3.70423E-01    1.00169E-01    1.29510E-01    2.39790E-01   -3.94484E-01    3.72806E-02    1.94737E-01
     2.91557E-01    2.96201E+00    7.52309E-01   -2.75179E-01    1.26867E+00   -3.21974E-01   -6.07663E-01    3.17701E-01   -3.71990E-01    1.00481E-01    1.25192E-01    2.38822E-01   -3.95419E-01    3.77574E-02    1.94552E-01
     2.94007E-01    2.95366E+00    7.55445E-01   -2.72065E-01    1.27389E+00   -3.23449E-01   -5.96927E-01    3.16788E-01   -3.73524E-01    1.00783E-01    1.20882E-01    2.37852E-01   -3.96308E-01    3.82338E-02    1.94335E-01
     2.96457E-01    2.94528E+00    7.58514E-01   -2.68937E-01    1.27900E+00   -3.24899E-01   -5.86168E-01    3.15871E-01   -3.75023E-01    1.01073E-01    1.16579E-01    2.36880E-01   -3.97152E-01    3.87097E-02    1.94086E-01
     2.98907E-01    2.93686E+00    7.61515E-01   -2.65798E-01    1.28400E+00   -3.26322E-01   -5.75385E-01    3.14950E-01   -3.76488E-01    1.01354E-01    1.12286E-01    2.35906E-01   -3.97951E-01    3.91848E-02    1.93806E-01
     3.01357E-01    2.92841E+00    7.64448E-01   -2.62646E-01    1.28890E+00   -3.27718E-01   -5.64581E-01    3.14026E-01   -3.77919E-01    1.01624E-01    1.08002E-01    2.34930E-01   -3.98705E-01    3.96593E-02    1.93496E-01
     3.03807E-01    2.91993E+00    7.67312E-01   -2.59482E-01    1.29368E+00   -3.29088E-01   -5.53755E-01    3.13099E-01   -3.79315E-01    1.01883E-01    1.03728E-01    2.33953E-01   -3.99415E-01    4.01329E-02    1.93155E-01
     3.06257E-01    2.91141E+00    7.70109E-01   -2.56307E-01    1.29835E+00   -3.30431E-01   -5.42910E-01    3.12168E-01   -3.80677E-01    1.02132E-01    9.94644E-02    2.32973E-01   -4.00080E-01    4.06057E-02    1.92783E-01
     3.08707E-01    2.90286E+00    7.72837E-01   -2.53120E-01    1.30292E+00   -3.31748E-01   -5.32046E-01    3.11233E-01   -3.82005E-01    1.02370E-01    9.52128E-02    2.31992E-01   -4.00702E-01    4.10775E-02    1.92381E-01
     3.11157E-01    2.89428E+00    7.75497E-01   -2.49923E-01    1.30738E+00   -3.33038E-01   -5.21165E-01    3.10296E-01   -3.83299E-01    1.02598E-01    9.09733E-02    2.31010E-01   -4.01279E-01    4.15483E-02    1.91950E-01
     3.13607E-01    2.88568E+00    7.78089E-01   -2.46714E-01    1.31172E+00   -3.34302E-01   -5.10267E-01    3.09355E-01   -3.84558E-01    1.02816E-01    8.67467E-02    2.30026E-01   -4.01813E-01    4.20180E-02    1.91489E-01
     3.16057E-01    2.87704E+00    7.80612E-01   -2.43496E-01    1.31596E+00   -3.35539E-01   -4.99354E-01    3.08412E-01   -3.85783E-01    1.03023E-01    8.25335E-02    2.29041E-01   -4.02303E-01    4.24866E-02    1.90998E-01
     3.18507E-01    2.86837E+00    7.83067E-01   -2.40266E-01    1.32008E+00   -3.36749E-01   -4.88426E-01    3.07465E-01   -3.86973E-01    1.03221E-01    7.83344E-02    2.28055E-01   -4.02750E-01    4.29539E-02    1.90479E-01
     3.20957E-01    2.85967E+00    7.85454E-01   -2.37027E-01    1.32410E+00   -3.37932E-01   -4.77484E-01    3.06515E-01   -3.88129E-01    1.03407E-01    7.41501E-02    2.27068E-01   -4.03154E-01    4.34199E-02    1.89931E-01
     3.23407E-01    2.85095E+00    7.87772E-01   -2.33778E-01    1.32801E+00   -3.39088E-01   -4.66531E-01    3.05563E-01   -3.89250E-01    1.03584E-01    6.99812E-02    2.26079E-01   -4.03516E-01    4.38845E-02    1.89355E-01
     3.25857E-01    2.84220E+00    7.90021E-01   -2.30520E-01    1.33181E+00   -3.40218E-01   -4.55566E-01    3.04608E-01   -3.90337E-01    1.03750E-01    6.58282E-02    2.25090E-01   -4.03834E-01    4.43477E-02    1.88750E-01
     3.28307E-01    2.83343E+00    7.92203E-01   -2.27253E-01    1.33550E+00   -3.41321E-01   -4.44590E-01    3.03651E-01   -3.91390E-01    1.03906E-01    6.16918E-02    2.24101E-01   -4.04111E-01    4.48094E-02    1.88118E-01
     3.30757E-01    2.82463E+00    7.94315E-01   -2.23976E-01    1.33908E+00   -3.42396E-01   -4.33606E-01    3.02690E-01   -3.92408E-01    1.04053E-01    5.75725E-02    2.23110E-01   -4.04346E-01    4.52695E-02    1.87459E-01
     3.33207E-01    2.81581E+00    7.96359E-01   -2.20691E-01    1.34255E+00   -3.43445E-01   -4.22613E-01    3.01728E-01   -3.93392E-01    1.04189E-01    5.34711E-02    2.22119E-01   -4.04538E-01    4.57279E-02    1.86772E-01
     3.35657E-01    2.80696E+00    7.98335E-01   -2.17398E-01    1.34591E+00   -3.44467E-01   -4.11613E-01    3.00763E-01   -3.94341E-01    1.04315E-01    4.93879E-02    2.21128E-01   -4.04690E-01    4.61846E-02    1.86058E-01
     3.38107E-01    2.79809E+00    8.00243E-01   -2.14097E-01    1.34916E+00   -3.45462E-01   -4.00606E-01    2.99796E-01   -3.95256E-01    1.04431E-01    4.53238E-02    2.20136E-01   -4.04800E-01    4.66395E-02    1.85318E-01
     3.40557E-01    2.78920E+00    8.02082E-01   -2.10787E-01    1.35231E+00   -3.46430E-01   -3.89594E-01    2.98826E-01   -3.96136E-01    1.04537E-01    4.12790E-02    2.19145E-01   -4.04869E-01    4.70926E-02    1.84552E-01
     3.43006E-01    2.78029E+00    8.03853E-01   -2.07470E-01    1.35534E+00   -3.47371E-01   -3.78578E-01    2.97855E-01   -3.96982E-01    1.04633E-01    3.72544E-02    2.18153E-01   -4.04898E-01    4.75438E-02    1.83760E-01
     3.45456E-01    2.77136E+00    8.05555E-01   -2.04146E-01    1.35827E+00   -3.48285E-01   -3.67559E-01    2.96881E-01   -3.97794E-01    1.04719E-01    3.32503E-02    2.17161E-01   -4.04887E-01    4.79930E-02    1.82943E-01
     3.47906E-01    2.76240E+00    8.07190E-01   -2.00815E-01    1.36109E+00   -3.49172E-01   -3.56537E-01    2.95905E-01   -3.98572E-01    1.04796E-01    2.92673E-02    2.16169E-01   -4.04835E-01    4.84402E-02    1.82100E-01
     3.50356E-01    2.75343E+00    8.08756E-01   -1.97477E-01    1.36380E+00   -3.50032E-01   -3.45514E-01    2.94928E-01   -3.99315E-01    1.04863E-01    2.53059E-02    2.15177E-01   -4.04744E-01    4.88853E-02    1.81233E-01
     3.52806E-01    2.74444E+00    8.10255E-01   -1.94133E-01    1.36640E+00   -3.50865E-01   -3.34490E-01    2.93949E-01   -4.00024E-01    1.04920E-01    2.13668E-02    2.14186E-01   -4.04613E-01    4.93282E-02    1.80342E-01
     3.55256E-01    2.73544E+00    8.11685E-01   -1.90782E-01    1.36889E+00   -3.51671E-01   -3.23467E-01    2.92968E-01   -4.00699E-01    1.04967E-01    1.74502E-02    2.13194E-01   -4.04444E-01    4.97689E-02    1.79426E-01
     3.57706E-01    2.72641E+00    8.13048E-01   -1.87425E-01    1.37128E+00   -3.52450E-01   -3.12445E-01    2.91985E-01   -4.01339E-01    1.05005E-01    1.35569E-02    2.12204E-01   -4.04236E-01    5.02074E-02    1.78487E-01
     3.60156E-01    2.71737E+00    8.14343E-01   -1.84063E-01    1.37355E+00   -3.53202E-01   -3.01426E-01    2.91001E-01   -4.01946E-01    1.05034E-01    9.68719E-03    2.11214E-01   -4.03989E-01    5.06435E-02    1.77524E-01
     3.62606E-01    2.70832E+00    8.15570E-01   -1.80695E-01    1.37572E+00   -3.53927E-01   -2.90411E-01    2.90016E-01   -4.02519E-01    1.05053E-01    5.84163E-03    2.10224E-01   -4.03704E-01    5.10772E-02    1.76538E-01
     3.65056E-01    2.69925E+00    8.16730E-01   -1.77322E-01    1.37778E+00   -3.54625E-01   -2.79399E-01    2.89029E-01   -4.03058E-01    1.05062E-01    2.02067E-03    2.09236E-01   -4.03382E-01    5.15085E-02    1.75530E-01
     3.67506E-01    2.69017E+00    8.17823E-01   -1.73944E-01    1.37974E+00   -3.55296E-01   -2.68393E-01    2.88041E-01   -4.03563E-01    1.05063E-01   -1.77523E-03    2.08248E-01   -4.03022E-01    5.19373E-02    1.74500E-01
     3.69956E-01    2.68107E+00    8.18849E-01   -1.70561E-01    1.38158E+00   -3.55940E-01   -2.57393E-01    2.87052E-01   -4.04034E-01    1.05054E-01   -5.54560E-03    2.07261E-01   -4.02625E-01    5.23635E-02    1.73448E-01
     3.72406E-01    2.67196E+00    8.19807E-01   -1.67174E-01    1.38332E+00   -3.56557E-01   -2.46401E-01    2.86061E-01   -4.04472E-01    1.05036E-01   -9.29002E-03    2.06275E-01   -4.02191E-01    5.27872E-02    1.72374E-01
     3.74856E-01    2.66285E+00    8.20699E-01   -1.63783E-01    1.38496E+00   -3.57148E-01   -2.35416E-01    2.85070E-01   -4.04876E-01    1.05008E-01   -1.30080E-02    2.05290E-01   -4.01721E-01    5.32081E-02    1.71280E-01
     3.77306E-01    2.65372E+00    8.21524E-01   -1.60388E-01    1.38648E+00   -3.57711E-01   -2.24440E-01    2.84077E-01   -4.05247E-01    1.04972E-01   -1.66993E-02    2.04307E-01   -4.01215E-01    5.36264E-02    1.70164E-01
     3.79756E-01    2.64458E+00    8.22282E-01   -1.56990E-01    1.38790E+00   -3.58247E-01   -2.13474E-01    2.83084E-01   -4.05584E-01    1.04926E-01   -2.03633E-02    2.03324E-01   -4.00674E-01    5.40419E-02    1.69029E-01
     3.82206E-01    2.63543E+00    8.22974E-01   -1.53588E-01    1.38922E+00   -3.58757E-01   -2.02519E-01    2.82090E-01   -4.05888E-01    1.04872E-01   -2.39996E-02    2.02343E-01   -4.00097E-01    5.44546E-02    1.67873E-01
     3.84656E-01    2.62627E+00    8.23600E-01   -1.50183E-01    1.39042E+00   -3.59240E-01   -1.91576E-01    2.81095E-01   -4.06159E-01    1.04809E-01   -2.76080E-02    2.01364E-01   -3.99486E-01    5.48645E-02    1.66698E-01
     3.87106E-01    2.61711E+00    8.24160E-01   -1.46775E-01    1.39152E+00   -3.59696E-01   -1.80645E-01    2.80100E-01   -4.06396E-01    1.04737E-01   -3.11879E-02    2.00386E-01   -3.98839E-01    5.52714E-02    1.65504E-01
     3.89556E-01    2.60793E+00    8.24654E-01   -1.43364E-01    1.39252E+00   -3.60125E-01   -1.69728E-01    2.79104E-01   -4.06601E-01    1.04656E-01   -3.47391E-02    1.99410E-01   -3.98159E-01    5.56754E-02    1.64291E-01
     3.92006E-01    2.59876E+00    8.25083E-01   -1.39952E-01    1.39341E+00   -3.60527E-01   -1.58825E-01    2.78108E-01   -4.06773E-01    1.04567E-01   -3.82611E-02    1.98435E-01   -3.97445E-01    5.60764E-02    1.63060E-01
     3.94456E-01    2.58957E+00    8.25446E-01   -1.36537E-01    1.39419E+00   -3.60903E-01   -1.47938E-01    2.77111E-01   -4.06912E-01    1.04469E-01   -4.17536E-02    1.97462E-01   -3.96698E-01    5.64744E-02    1.61811E-01
     3.96906E-01    2.58038E+00    8.25745E-01   -1.33120E-01    1.39487E+00   -3.61252E-01   -1.37066E-01    2.76114E-01   -4.07018E-01    1.04362E-01   -4.52163E-02    1.96491E-01   -3.95917E-01    5.68693E-02    1.60545E-01
     3.99356E-01    2.57119E+00    8.25978E-01   -1.29702E-01    1.39544E+00   -3.61575E-01   -1.26212E-01    2.75117E-01   -4.07092E-01    1.04247E-01   -4.86488E-02    1.95522E-01   -3.95104E-01    5.72610E-02    1.59261E-01
     4.01806E-01    2.56200E+00    8.26147E-01   -1.26283E-01    1.39591E+00   -3.61871E-01   -1.15376E-01    2.74119E-01   -4.07134E-01    1.04124E-01   -5.20508E-02    1.94555E-01   -3.94259E-01    5.76496E-02    1.57960E-01
     4.04256E-01    2.55280E+00    8.26251E-01   -1.22862E-01    1.39627E+00   -3.62140E-01   -1.04558E-01    2.73122E-01   -4.07143E-01    1.03992E-01   -5.54220E-02    1.93590E-01   -3.93382E-01    5.80350E-02    1.56644E-01
     4.06706E-01    2.54360E+00    8.26291E-01   -1.19441E-01    1.39653E+00   -3.62383E-01   -9.37603E-02    2.72124E-01   -4.07120E-01    1.03852E-01   -5.87620E-02    1.92628E-01   -3.92474E-01    5.84172E-02    1.55311E-01
     4.09156E-01    2.53440E+00    8.26268E-01   -1.16019E-01    1.39669E+00   -3.62599E-01   -8.29831E-02    2.71127E-01   -4.07066E-01    1.03704E-01   -6.20707E-02    1.91667E-01   -3.91534E-01    5.87960E-02    1.53963E-01
     4.11606E-01    2.52519E+00    8.26180E-01   -1.12598E-01    1.39674E+00   -3.62790E-01   -7.22273E-02    2.70130E-01   -4.06979E-01    1.03548E-01   -6.53476E-02    1.90709E-01   -3.90564E-01    5.91716E-02    1.52600E-01
     4.14056E-01    2.51599E+00    8.26030E-01   -1.09176E-01    1.39668E+00   -3.62953E-01   -6.14938E-02    2.69133E-01   -4.06861E-01    1.03384E-01   -6.85926E-02    1.89754E-01   -3.89563E-01    5.95437E-02    1.51222E-01
     4.16506E-01    2.50679E+00    8.25816E-01   -1.05754E-01    1.39653E+00   -3.63091E-01   -5.07836E-02    2.68136E-01   -4.06711E-01    1.03212E-01   -7.18053E-02    1.88800E-01   -3.88533E-01    5.99125E-02    1.49829E-01
     4.18956E-01    2.49759E+00    8.25540E-01   -1.02333E-01    1.39627E+00   -3.63202E-01   -4.00974E-02    2.67140E-01   -4.06530E-01    1.03032E-01   -7.49855E-02    1.87850E-01   -3.87474E-01    6.02779E-02    1.48423E-01
     4.21406E-01    2.48840E+00    8.25201E-01   -9.89124E-02    1.39591E+00   -3.63287E-01   -2.94362E-02    2.66144E-01   -4.06318E-01    1.02845E-01   -7.81330E-02    1.86902E-01   -3.86385E-01    6.06398E-02    1.47004E-01
     4.23856E-01    2.47920E+00    8.24800E-01   -9.54930E-02    1.39544E+00   -3.63347E-01   -1.88007E-02    2.65149E-01   -4.06075E-01    1.02649E-01   -8.12474E-02    1.85957E-01   -3.85268E-01    6.09982E-02    1.45571E-01
     4.26306E-01    2.47001E+00    8.24337E-01   -9.20749E-02    1.39487E+00   -3.63380E-01   -8.19197E-03    2.64154E-01   -4.05801E-01    1.02447E-01   -8.43287E-02    1.85014E-01   -3.84122E-01    6.13531E-02    1.44126E-01
     4.28756E-01    2.46083E+00    8.23812E-01   -8.86583E-02    1.39420E+00   -3.63387E-01    2.38925E-03    2.63161E-01   -4.05496E-01    1.02236E-01   -8.73765E-02    1.84074E-01   -3.82949E-01    6.17044E-02    1.42668E-01
     4.31206E-01    2.45165E+00    8.23227E-01   -8.52434E-02    1.39343E+00   -3.63368E-01    1.29421E-02    2.62168E-01   -4.05161E-01    1.02018E-01   -9.03907E-02    1.83138E-01   -3.81748E-01    6.20521E-02    1.41199E-01
     4.33656E-01    2.44248E+00    8.22580E-01   -8.18306E-02    1.39256E+00   -3.63323E-01    2.34656E-02    2.61175E-01   -4.04795E-01    1.01793E-01   -9.33710E-02    1.82204E-01   -3.80520E-01    6.23962E-02    1.39718E-01
     4.36106E-01    2.43331E+00    8.21873E-01   -7.84200E-02    1.39159E+00   -3.63253E-01    3.39591E-02    2.60184E-01   -4.04399E-01    1.01561E-01   -9.63173E-02    1.81273E-01   -3.79266E-01    6.27367E-02    1.38226E-01
     4.38556E-01    2.42415E+00    8.21106E-01   -7.50120E-02    1.39051E+00   -3.63157E-01    4.44216E-02    2.59194E-01   -4.03973E-01    1.01321E-01   -9.92293E-02    1.80346E-01   -3.77986E-01    6.30735E-02    1.36723E-01
     4.41005E-01    2.41500E+00    8.20278E-01   -7.16067E-02    1.38934E+00   -3.63035E-01    5.48522E-02    2.58205E-01   -4.03518E-01    1.01075E-01   -1.02107E-01    1.79421E-01   -3.76679E-01    6.34067E-02    1.35211E-01
     4.43455E-01    2.40585E+00    8.19392E-01   -6.82044E-02    1.38806E+00   -3.62888E-01    6.52501E-02    2.57217E-01   -4.03033E-01    1.00821E-01   -1.04950E-01    1.78500E-01   -3.75348E-01    6.37361E-02    1.33688E-01
     4.45905E-01    2.39672E+00    8.18446E-01   -6.48054E-02    1.38668E+00   -3.62716E-01    7.56145E-02    2.56230E-01   -4.02518E-01    1.00561E-01   -1.07759E-01    1.77582E-01   -3.73992E-01    6.40617E-02    1.32156E-01
     4.48355E-01    2.38759E+00    8.17441E-01   -6.14098E-02    1.38521E+00   -3.62518E-01    8.59444E-02    2.55244E-01   -4.01975E-01    1.00293E-01   -1.10532E-01    1.76667E-01   -3.72611E-01    6.43836E-02    1.30615E-01
     4.50805E-01    2.37848E+00    8.16378E-01   -5.80180E-02    1.38363E+00   -3.62295E-01    9.62391E-02    2.54260E-01   -4.01402E-01    1.00019E-01   -1.13271E-01    1.75756E-01   -3.71206E-01    6.47017E-02    1.29066E-01
     4.53255E-01    2.36938E+00    8.15256E-01   -5.46302E-02    1.38196E+00   -3.62046E-01    1.06498E-01    2.53278E-01   -4.00800E-01    9.97381E-02   -1.15974E-01    1.74848E-01   -3.69777E-01    6.50160E-02    1.27508E-01
     4.55705E-01    2.36029E+00    8.14077E-01   -5.12466E-02    1.38018E+00   -3.61773E-01    1.16719E-01    2.52296E-01   -4.00170E-01    9.94507E-02   -1.18643E-01    1.73944E-01   -3.68326E-01    6.53265E-02    1.25942E-01
     4.58155E-01    2.35121E+00    8.12841E-01   -4.78674E-02    1.37831E+00   -3.61474E-01    1.26903E-01    2.51317E-01   -3.99512E-01    9.91568E-02   -1.21275E-01    1.73044E-01   -3.66851E-01    6.56331E-02    1.24369E-01
     4.60605E-01    2.34215E+00    8.11548E-01   -4.44930E-02    1.37634E+00   -3.61151E-01    1.37048E-01    2.50339E-01   -3.98825E-01    9.88565E-02   -1.23873E-01    1.72147E-01   -3.65354E-01    6.59359E-02    1.22789E-01
     4.63055E-01    2.33309E+00    8.10198E-01   -4.11235E-02    1.37427E+00   -3.60803E-01    1.47153E-01    2.49363E-01   -3.98110E-01    9.85499E-02   -1.26435E-01    1.71254E-01   -3.63835E-01    6.62348E-02    1.21202E-01
     4.65505E-01    2.32406E+00    8.08792E-01   -3.77592E-02    1.37211E+00   -3.60430E-01    1.57218E-01    2.48388E-01   -3.97368E-01    9.82370E-02   -1.28961E-01    1.70364E-01   -3.62294E-01    6.65298E-02    1.19610E-01
     4.67955E-01    2.31504E+00    8.07331E-01   -3.44003E-02    1.36985E+00   -3.60032E-01    1.67242E-01    2.47415E-01   -3.96598E-01    9.79180E-02   -1.31452E-01    1.69478E-01   -3.60732E-01    6.68209E-02    1.18011E-01
     4.70405E-01    2.30603E+00    8.05814E-01   -3.10471E-02    1.36749E+00   -3.59610E-01    1.77224E-01    2.46445E-01   -3.95801E-01    9.75929E-02   -1.33907E-01    1.68596E-01   -3.59150E-01    6.71080E-02    1.16407E-01
     4.72855E-01    2.29705E+00    8.04242E-01   -2.76997E-02    1.36504E+00   -3.59164E-01    1.87163E-01    2.45476E-01   -3.94976E-01    9.72619E-02   -1.36326E-01    1.67719E-01   -3.57547E-01    6.73912E-02    1.14798E-01
     4.75305E-01    2.28807E+00    8.02616E-01   -2.43585E-02    1.36249E+00   -3.58693E-01    1.97058E-01    2.44509E-01   -3.94125E-01    9.69250E-02   -1.38709E-01    1.66845E-01   -3.55924E-01    6.76705E-02    1.13184E-01
     4.77755E-01    2.27912E+00    8.00935E-01   -2.10237E-02    1.35984E+00   -3.58199E-01    2.06908E-01    2.43545E-01   -3.93247E-01    9.65822E-02   -1.41057E-01    1.65975E-01   -3.54282E-01    6.79458E-02    1.11566E-01
     4.80205E-01    2.27019E+00    7.99201E-01   -1.76955E-02    1.35710E+00   -3.57680E-01    2.16712E-01    2.42583E-01   -3.92343E-01    9.62338E-02   -1.43368E-01    1.65109E-01   -3.52621E-01    6.82172E-02    1.09944E-01
     4.82655E-01    2.26127E+00    7.97414E-01   -1.43741E-02    1.35427E+00   -3.57137E-01    2.26471E-01    2.41622E-01   -3.91413E-01    9.58798E-02   -1.45644E-01    1.64247E-01   -3.50941E-01    6.84845E-02    1.08318E-01
     4.85105E-01    2.25237E+00    7.95574E-01   -1.10597E-02    1.35134E+00   -3.56570E-01    2.36182E-01    2.40665E-01   -3.90457E-01    9.55202E-02   -1.47884E-01    1.63389E-01   -3.49243E-01    6.87479E-02    1.06689E-01
     4.87555E-01    2.24350E+00    7.93682E-01   -7.75265E-03    1.34832E+00   -3.55979E-01    2.45845E-01    2.39709E-01   -3.89475E-01    9.51552E-02   -1.50087E-01    1.62535E-01   -3.47527E-01    6.90073E-02    1.05058E-01
     4.90005E-01    2.23464E+00    7.91738E-01   -4.45311E-03    1.34520E+00   -3.55365E-01    2.55459E-01    2.38756E-01   -3.88467E-01    9.47848E-02   -1.52255E-01    1.61686E-01   -3.45793E-01    6.92627E-02    1.03424E-01
     4.92455E-01    2.22581E+00    7.89742E-01   -1.16131E-03    1.34199E+00   -3.54728E-01    2.65023E-01    2.37806E-01   -3.87434E-01    9.44092E-02   -1.54387E-01    1.60841E-01   -3.44043E-01    6.95141E-02    1.01788E-01
     4.94905E-01    2.21700E+00    7.87695E-01    2.12251E-03    1.33869E+00   -3.54067E-01    2.74537E-01    2.36858E-01   -3.86377E-01    9.40284E-02   -1.56483E-01    1.60000E-01   -3.42275E-01    6.97615E-02    1.00151E-01
     4.97355E-01    2.20821E+00    7.85598E-01    5.39814E-03    1.33530E+00   -3.53383E-01    2.83999E-01    2.35913E-01   -3.85294E-01    9.36424E-02   -1.58543E-01    1.59164E-01   -3.40492E-01    7.00048E-02    9.85120E-02
     4.99805E-01    2.19944E+00    7.83451E-01    8.66535E-03    1.33182E+00   -3.52675E-01    2.93409E-01    2.34970E-01   -3.84188E-01    9.32515E-02   -1.60567E-01    1.58332E-01   -3.38693E-01    7.02442E-02    9.68724E-02
     5.02255E-01    2.19070E+00    7.81255E-01    1.19239E-02    1.32825E+00   -3.51945E-01    3.02765E-01    2.34030E-01   -3.83056E-01    9.28557E-02   -1.62555E-01    1.57504E-01   -3.36878E-01    7.04795E-02    9.52322E-02
     5.04705E-01    2.18198E+00    7.79009E-01    1.51736E-02    1.32458E+00   -3.51192E-01    3.12068E-01    2.33093E-01   -3.81901E-01    9.24550E-02   -1.64508E-01    1.56681E-01   -3.35049E-01    7.07108E-02    9.35917E-02
     5.07155E-01    2.17329E+00    7.76715E-01    1.84142E-02    1.32083E+00   -3.50416E-01    3.21316E-01    2.32159E-01   -3.80723E-01    9.20497E-02   -1.66425E-01    1.55863E-01   -3.33204E-01    7.09381E-02    9.19515E-02
     5.09605E-01    2.16462E+00    7.74372E-01    2.16456E-02    1.31699E+00   -3.49617E-01    3.30508E-01    2.31228E-01   -3.79520E-01    9.16396E-02   -1.68306E-01    1.55049E-01   -3.31346E-01    7.11614E-02    9.03118E-02
     5.12055E-01    2.15598E+00    7.71982E-01    2.48674E-02    1.31306E+00   -3.48796E-01    3.39644E-01    2.30299E-01   -3.78295E-01    9.12250E-02   -1.70152E-01    1.54239E-01   -3.29473E-01    7.13806E-02    8.86729E-02
     5.14505E-01    2.14736E+00    7.69544E-01    2.80794E-02    1.30904E+00   -3.47953E-01    3.48722E-01    2.29374E-01   -3.77047E-01    9.08059E-02   -1.71962E-01    1.53434E-01   -3.27588E-01    7.15958E-02    8.70352E-02
     5.16955E-01    2.13877E+00    7.67060E-01    3.12815E-02    1.30494E+00   -3.47088E-01    3.57742E-01    2.28452E-01   -3.75775E-01    9.03824E-02   -1.73737E-01    1.52634E-01   -3.25689E-01    7.18071E-02    8.53991E-02
     5.19405E-01    2.13021E+00    7.64530E-01    3.44735E-02    1.30075E+00   -3.46200E-01    3.66703E-01    2.27533E-01   -3.74482E-01    8.99546E-02   -1.75476E-01    1.51838E-01   -3.23777E-01    7.20143E-02    8.37649E-02
     5.21855E-01    2.12168E+00    7.61954E-01    3.76551E-02    1.29647E+00   -3.45291E-01    3.75605E-01    2.26617E-01   -3.73166E-01    8.95226E-02   -1.77180E-01    1.51048E-01   -3.21854E-01    7.22175E-02    8.21329E-02
     5.24305E-01    2.11318E+00    7.59332E-01    4.08261E-02    1.29211E+00   -3.44360E-01    3.84446E-01    2.25704E-01   -3.71829E-01    8.90865E-02   -1.78849E-01    1.50261E-01   -3.19918E-01    7.24167E-02    8.05035E-02
     5.26755E-01    2.10470E+00    7.56666E-01    4.39863E-02    1.28766E+00   -3.43407E-01    3.93225E-01    2.24795E-01   -3.70469E-01    8.86463E-02   -1.80483E-01    1.49480E-01   -3.17971E-01    7.26120E-02    7.88770E-02
     5.29205E-01    2.09626E+00    7.53956E-01    4.71355E-02    1.28313E+00   -3.42433E-01    4.01942E-01    2.23889E-01   -3.69089E-01    8.82021E-02   -1.82082E-01    1.48703E-01   -3.16013E-01    7.28032E-02    7.72537E-02
     5.31655E-01    2.08785E+00    7.51202E-01    5.02735E-02    1.27852E+00   -3.41438E-01    4.10597E-01    2.22986E-01   -3.67687E-01    8.77541E-02   -1.83647E-01    1.47932E-01   -3.14044E-01    7.29905E-02    7.56340E-02
     5.34105E-01    2.07946E+00    7.48405E-01    5.34001E-02    1.27382E+00   -3.40421E-01    4.19187E-01    2.22087E-01   -3.66264E-01    8.73023E-02   -1.85177E-01    1.47165E-01   -3.12064E-01    7.31738E-02    7.40181E-02
     5.36555E-01    2.07111E+00    7.45565E-01    5.65151E-02    1.26904E+00   -3.39384E-01    4.27713E-01    2.21192E-01   -3.64821E-01    8.68468E-02   -1.86672E-01    1.46402E-01   -3.10075E-01    7.33532E-02    7.24064E-02
     5.39004E-01    2.06279E+00    7.42683E-01    5.96183E-02    1.26418E+00   -3.38326E-01    4.36173E-01    2.20300E-01   -3.63357E-01    8.63877E-02   -1.88133E-01    1.45645E-01   -3.08076E-01    7.35286E-02    7.07993E-02
     5.41454E-01    2.05450E+00    7.39759E-01    6.27095E-02    1.25924E+00   -3.37247E-01    4.44567E-01    2.19411E-01   -3.61874E-01    8.59250E-02   -1.89560E-01    1.44893E-01   -3.06068E-01    7.37001E-02    6.91969E-02
     5.43904E-01    2.04625E+00    7.36794E-01    6.57885E-02    1.25423E+00   -3.36147E-01    4.52895E-01    2.18527E-01   -3.60370E-01    8.54589E-02   -1.90952E-01    1.44145E-01   -3.04051E-01    7.38677E-02    6.75996E-02
     5.46354E-01    2.03803E+00    7.33788E-01    6.88551E-02    1.24913E+00   -3.35028E-01    4.61154E-01    2.17646E-01   -3.58848E-01    8.49894E-02   -1.92311E-01    1.43403E-01   -3.02025E-01    7.40314E-02    6.60078E-02
     5.48804E-01    2.02984E+00    7.30742E-01    7.19091E-02    1.24395E+00   -3.33888E-01    4.69345E-01    2.16768E-01   -3.57305E-01    8.45166E-02   -1.93636E-01    1.42666E-01   -2.99991E-01    7.41911E-02    6.44217E-02
     5.51254E-01    2.02168E+00    7.27657E-01    7.49503E-02    1.23870E+00   -3.32728E-01    4.77467E-01    2.15895E-01   -3.55744E-01    8.40406E-02   -1.94928E-01    1.41933E-01   -2.97949E-01    7.43470E-02    6.28416E-02
     5.53704E-01    2.01357E+00    7.24532E-01    7.79785E-02    1.23337E+00   -3.31548E-01    4.85519E-01    2.15025E-01   -3.54165E-01    8.35615E-02   -1.96186E-01    1.41206E-01   -2.95900E-01    7.44991E-02    6.12678E-02
     5.56154E-01    2.00548E+00    7.21369E-01    8.09936E-02    1.22796E+00   -3.30349E-01    4.93501E-01    2.14159E-01   -3.52566E-01    8.30793E-02   -1.97411E-01    1.40483E-01   -2.93844E-01    7.46473E-02    5.97006E-02
     5.58604E-01    1.99743E+00    7.18168E-01    8.39954E-02    1.22248E+00   -3.29130E-01    5.01411E-01    2.13298E-01   -3.50950E-01    8.25942E-02   -1.98603E-01    1.39766E-01   -2.91781E-01    7.47916E-02    5.81403E-02
     5.61054E-01    1.98942E+00    7.14929E-01    8.69837E-02    1.21692E+00   -3.27892E-01    5.09249E-01    2.12440E-01   -3.49316E-01    8.21062E-02   -1.99763E-01    1.39054E-01   -2.89711E-01    7.49321E-02    5.65872E-02
     5.63504E-01    1.98145E+00    7.11654E-01    8.99582E-02    1.21129E+00   -3.26635E-01    5.17014E-01    2.11586E-01   -3.47664E-01    8.16154E-02   -2.00889E-01    1.38346E-01   -2.87635E-01    7.50689E-02    5.50415E-02
     5.65954E-01    1.97351E+00    7.08342E-01    9.29189E-02    1.20559E+00   -3.25359E-01    5.24705E-01    2.10736E-01   -3.45995E-01    8.11219E-02   -2.01984E-01    1.37644E-01   -2.85554E-01    7.52019E-02    5.35034E-02
     5.68404E-01    1.96560E+00    7.04994E-01    9.58655E-02    1.19982E+00   -3.24064E-01    5.32322E-01    2.09891E-01   -3.44309E-01    8.06257E-02   -2.03046E-01    1.36947E-01   -2.83467E-01    7.53311E-02    5.19734E-02
     5.70854E-01    1.95774E+00    7.01610E-01    9.87979E-02    1.19398E+00   -3.22751E-01    5.39865E-01    2.09049E-01   -3.42606E-01    8.01270E-02   -2.04076E-01    1.36255E-01   -2.81375E-01    7.54565E-02    5.04516E-02
     5.73304E-01    1.94992E+00    6.98192E-01    1.01716E-01    1.18806E+00   -3.21419E-01    5.47332E-01    2.08212E-01   -3.40886E-01    7.96258E-02   -2.05075E-01    1.35568E-01   -2.79279E-01    7.55783E-02    4.89383E-02
     5.75754E-01    1.94213E+00    6.94739E-01    1.04619E-01    1.18208E+00   -3.20069E-01    5.54723E-01    2.07379E-01   -3.39151E-01    7.91221E-02   -2.06042E-01    1.34887E-01   -2.77177E-01    7.56963E-02    4.74338E-02
     5.78204E-01    1.93438E+00    6.91252E-01    1.07508E-01    1.17603E+00   -3.18701E-01    5.62037E-01    2.06550E-01   -3.37399E-01    7.86162E-02   -2.06977E-01    1.34210E-01   -2.75072E-01    7.58107E-02    4.59383E-02
     5.80654E-01    1.92667E+00    6.87732E-01    1.10382E-01    1.16992E+00   -3.17315E-01    5.69273E-01    2.05726E-01   -3.35632E-01    7.81080E-02   -2.07882E-01    1.33539E-01   -2.72963E-01    7.59214E-02    4.44520E-02
     5.83104E-01    1.91900E+00    6.84180E-01    1.13240E-01    1.16374E+00   -3.15911E-01    5.76432E-01    2.04906E-01   -3.33849E-01    7.75976E-02   -2.08756E-01    1.32873E-01   -2.70851E-01    7.60285E-02    4.29752E-02
     5.85554E-01    1.91137E+00    6.80595E-01    1.16084E-01    1.15749E+00   -3.14490E-01    5.83511E-01    2.04090E-01   -3.32052E-01    7.70851E-02   -2.09599E-01    1.32212E-01   -2.68735E-01    7.61320E-02    4.15082E-02
     5.88004E-01    1.90378E+00    6.76979E-01    1.18912E-01    1.15118E+00   -3.13052E-01    5.90512E-01    2.03279E-01   -3.30239E-01    7.65706E-02   -2.10412E-01    1.31556E-01   -2.66616E-01    7.62319E-02    4.00511E-02
     5.90454E-01    1.89624E+00    6.73331E-01    1.21725E-01    1.14480E+00   -3.11597E-01    5.97433E-01    2.02472E-01   -3.28412E-01    7.60541E-02   -2.11195E-01    1.30905E-01   -2.64495E-01    7.63283E-02    3.86043E-02
     5.92904E-01    1.88873E+00    6.69653E-01    1.24521E-01    1.13837E+00   -3.10125E-01    6.04273E-01    2.01669E-01   -3.26570E-01    7.55358E-02   -2.11948E-01    1.30260E-01   -2.62371E-01    7.64211E-02    3.71679E-02
     5.95354E-01    1.88127E+00    6.65945E-01    1.27302E-01    1.13187E+00   -3.08636E-01    6.11033E-01    2.00872E-01   -3.24715E-01    7.50156E-02   -2.12671E-01    1.29620E-01   -2.60246E-01    7.65104E-02    3.57421E-02
     5.97804E-01    1.87384E+00    6.62207E-01    1.30068E-01    1.12531E+00   -3.07131E-01    6.17711E-01    2.00078E-01   -3.22846E-01    7.44937E-02   -2.13366E-01    1.28985E-01   -2.58119E-01    7.65962E-02    3.43272E-02
     6.00254E-01    1.86646E+00    6.58440E-01    1.32816E-01    1.11870E+00   -3.05609E-01    6.24307E-01    1.99290E-01   -3.20963E-01    7.39702E-02   -2.14031E-01    1.28355E-01   -2.55990E-01    7.66786E-02    3.29235E-02
     6.02704E-01    1.85913E+00    6.54645E-01    1.35549E-01    1.11203E+00   -3.04072E-01    6.30820E-01    1.98506E-01   -3.19067E-01    7.34450E-02   -2.14667E-01    1.27730E-01   -2.53860E-01    7.67576E-02    3.15310E-02
     6.05154E-01    1.85183E+00    6.50821E-01    1.38265E-01    1.10530E+00   -3.02519E-01    6.37251E-01    1.97726E-01   -3.17158E-01    7.29183E-02   -2.15275E-01    1.27111E-01   -2.51730E-01    7.68331E-02    3.01500E-02
     6.07604E-01    1.84458E+00    6.46971E-01    1.40965E-01    1.09851E+00   -3.00950E-01    6.43598E-01    1.96952E-01   -3.15236E-01    7.23902E-02   -2.15855E-01    1.26497E-01   -2.49599E-01    7.69053E-02    2.87808E-02
     6.10054E-01    1.83737E+00    6.43093E-01    1.43648E-01    1.09167E+00   -2.99365E-01    6.49862E-01    1.96182E-01   -3.13302E-01    7.18607E-02   -2.16406E-01    1.25888E-01   -2.47467E-01    7.69742E-02    2.74234E-02
     6.12504E-01    1.83021E+00    6.39189E-01    1.46314E-01    1.08478E+00   -2.97765E-01    6.56041E-01    1.95416E-01   -3.11356E-01    7.13298E-02   -2.16930E-01    1.25284E-01   -2.45336E-01    7.70397E-02    2.60782E-02
     6.14954E-01    1.82309E+00    6.35259E-01    1.48963E-01    1.07783E+00   -2.96151E-01    6.62135E-01    1.94656E-01   -3.09398E-01    7.07978E-02   -2.17427E-01    1.24686E-01   -2.43205E-01    7.71019E-02    2.47453E-02
     6.17404E-01    1.81601E+00    6.31305E-01    1.51595E-01    1.07083E+00   -2.94521E-01    6.68145E-01    1.93900E-01   -3.07429E-01    7.02645E-02   -2.17896E-01    1.24093E-01   -2.41074E-01    7.71610E-02    2.34248E-02
     6.19854E-01    1.80898E+00    6.27325E-01    1.54210E-01    1.06378E+00   -2.92877E-01    6.74069E-01    1.93150E-01   -3.05448E-01    6.97301E-02   -2.18339E-01    1.23505E-01   -2.38944E-01    7.72167E-02    2.21170E-02
     6.22304E-01    1.80200E+00    6.23321E-01    1.56808E-01    1.05669E+00   -2.91218E-01    6.79906E-01    1.92404E-01   -3.03456E-01    6.91947E-02   -2.18755E-01    1.22922E-01   -2.36815E-01    7.72693E-02    2.08221E-02
     6.24754E-01    1.79506E+00    6.19293E-01    1.59388E-01    1.04954E+00   -2.89545E-01    6.85658E-01    1.91663E-01   -3.01453E-01    6.86582E-02   -2.19145E-01    1.22344E-01   -2.34688E-01    7.73188E-02    1.95401E-02
     6.27204E-01    1.78816E+00    6.15242E-01    1.61950E-01    1.04235E+00   -2.87858E-01    6.91324E-01    1.90927E-01   -2.99440E-01    6.81209E-02   -2.19509E-01    1.21772E-01   -2.32561E-01    7.73651E-02    1.82714E-02
     6.29654E-01    1.78131E+00    6.11169E-01    1.64495E-01    1.03511E+00   -2.86158E-01    6.96902E-01    1.90195E-01   -2.97416E-01    6.75827E-02   -2.19847E-01    1.21205E-01   -2.30437E-01    7.74083E-02    1.70160E-02
     6.32104E-01    1.77451E+00    6.07073E-01    1.67022E-01    1.02783E+00   -2.84444E-01    7.02393E-01    1.89469E-01   -2.95383E-01    6.70437E-02   -2.20160E-01    1.20643E-01   -2.28315E-01    7.74485E-02    1.57741E-02
     6.34554E-01    1.76776E+00    6.02956E-01    1.69532E-01    1.02051E+00   -2.82716E-01    7.07797E-01    1.88748E-01   -2.93339E-01    6.65039E-02   -2.20448E-01    1.20086E-01   -2.26194E-01    7.74856E-02    1.45459E-02
     6.37003E-01    1.76105E+00    5.98817E-01    1.72023E-01    1.01314E+00   -2.80976E-01    7.13113E-01    1.88032E-01   -2.91286E-01    6.59635E-02   -2.20711E-01    1.19534E-01   -2.24077E-01    7.75198E-02    1.33314E-02
     6.39453E-01    1.75439E+00    5.94658E-01    1.74496E-01    1.00573E+00   -2.79222E-01    7.18341E-01    1.87321E-01   -2.89224E-01    6.54225E-02   -2.20950E-01    1.18988E-01   -2.21962E-01    7.75510E-02    1.21310E-02
     6.41903E-01    1.74777E+00    5.90479E-01    1.76951E-01    9.98283E-01   -2.77456E-01    7.23482E-01    1.86615E-01   -2.87153E-01    6.48809E-02   -2.21165E-01    1.18447E-01   -2.19849E-01    7.75792E-02    1.09446E-02
     6.44353E-01    1.74120E+00    5.86281E-01    1.79387E-01    9.90796E-01   -2.75677E-01    7.28533E-01    1.85914E-01   -2.85073E-01    6.43388E-02   -2.21356E-01    1.17911E-01   -2.17740E-01    7.76046E-02    9.77256E-03
     6.46803E-01    1.73468E+00    5.82063E-01    1.81806E-01    9.83272E-01   -2.73886E-01    7.33497E-01    1.85218E-01   -2.82985E-01    6.37963E-02   -2.21523E-01    1.17380E-01   -2.15635E-01    7.76271E-02    8.61485E-03
     6.49253E-01    1.72821E+00    5.77827E-01    1.84205E-01    9.75711E-01   -2.72083E-01    7.38371E-01    1.84527E-01   -2.80889E-01    6.32533E-02   -2.21667E-01    1.16854E-01   -2.13532E-01    7.76468E-02    7.47167E-03
     6.51703E-01    1.72179E+00    5.73573E-01    1.86586E-01    9.68114E-01   -2.70268E-01    7.43157E-01    1.83842E-01   -2.78784E-01    6.27101E-02   -2.21788E-01    1.16334E-01   -2.11434E-01    7.76637E-02    6.34313E-03
     6.54153E-01    1.71541E+00    5.69301E-01    1.88949E-01    9.60484E-01   -2.68442E-01    7.47854E-01    1.83161E-01   -2.76672E-01    6.21666E-02   -2.21887E-01    1.15818E-01   -2.09339E-01    7.76779E-02    5.22936E-03
     6.56603E-01    1.70908E+00    5.65012E-01    1.91293E-01    9.52821E-01   -2.66604E-01    7.52462E-01    1.82486E-01   -2.74552E-01    6.16229E-02   -2.21963E-01    1.15308E-01   -2.07249E-01    7.76894E-02    4.13048E-03
     6.59053E-01    1.70281E+00    5.60707E-01    1.93618E-01    9.45126E-01   -2.64755E-01    7.56981E-01    1.81816E-01   -2.72425E-01    6.10790E-02   -2.22017E-01    1.14803E-01   -2.05163E-01    7.76982E-02    3.04661E-03
     6.61503E-01    1.69658E+00    5.56386E-01    1.95924E-01    9.37401E-01   -2.62895E-01    7.61411E-01    1.81151E-01   -2.70291E-01    6.05350E-02   -2.22050E-01    1.14303E-01   -2.03082E-01    7.77043E-02    1.97786E-03
     6.63953E-01    1.69040E+00    5.52049E-01    1.98211E-01    9.29647E-01   -2.61024E-01    7.65751E-01    1.80491E-01   -2.68150E-01    5.99910E-02   -2.22061E-01    1.13808E-01   -2.01005E-01    7.77079E-02    9.24342E-04
     6.66403E-01    1.68426E+00    5.47697E-01    2.00479E-01    9.21864E-01   -2.59143E-01    7.70002E-01    1.79837E-01   -2.66003E-01    5.94470E-02   -2.22052E-01    1.13318E-01   -1.98933E-01    7.77089E-02   -1.13848E-04
     6.68853E-01    1.67818E+00    5.43331E-01    2.02728E-01    9.14054E-01   -2.57251E-01    7.74164E-01    1.79188E-01   -2.63850E-01    5.89030E-02   -2.22021E-01    1.12833E-01   -1.96866E-01    7.77073E-02   -1.13660E-03
     6.71303E-01    1.67215E+00    5.38950E-01    2.04958E-01    9.06218E-01   -2.55349E-01    7.78237E-01    1.78544E-01   -2.61690E-01    5.83591E-02   -2.21971E-01    1.12353E-01   -1.94804E-01    7.77033E-02   -2.14383E-03
     6.73753E-01    1.66617E+00    5.34556E-01    2.07168E-01    8.98358E-01   -2.53438E-01    7.82220E-01    1.77906E-01   -2.59525E-01    5.78154E-02   -2.21900E-01    1.11878E-01   -1.92748E-01    7.76968E-02   -3.13543E-03
     6.76203E-01    1.66023E+00    5.30149E-01    2.09360E-01    8.90474E-01   -2.51517E-01    7.86115E-01    1.77273E-01   -2.57354E-01    5.72718E-02   -2.21809E-01    1.11409E-01   -1.90698E-01    7.76880E-02   -4.11132E-03
     6.78653E-01    1.65435E+00    5.25729E-01    2.11532E-01    8.82568E-01   -2.49586E-01    7.89920E-01    1.76645E-01   -2.55177E-01    5.67285E-02   -2.21699E-01    1.10944E-01   -1.88653E-01    7.76767E-02   -5.07141E-03
     6.81103E-01    1.64851E+00    5.21297E-01    2.13684E-01    8.74641E-01   -2.47646E-01    7.93636E-01    1.76022E-01   -2.52996E-01    5.61855E-02   -2.21570E-01    1.10484E-01   -1.86614E-01    7.76631E-02   -6.01562E-03
     6.83553E-01    1.64273E+00    5.16854E-01    2.15817E-01    8.66694E-01   -2.45697E-01    7.97264E-01    1.75405E-01   -2.50810E-01    5.56429E-02   -2.21423E-01    1.10029E-01   -1.84581E-01    7.76472E-02   -6.94387E-03
     6.86003E-01    1.63700E+00    5.12399E-01    2.17931E-01    8.58727E-01   -2.43740E-01    8.00802E-01    1.74793E-01   -2.48619E-01    5.51006E-02   -2.21256E-01    1.09580E-01   -1.82554E-01    7.76291E-02   -7.85608E-03
     6.88453E-01    1.63132E+00    5.07933E-01    2.20025E-01    8.50743E-01   -2.41774E-01    8.04252E-01    1.74187E-01   -2.46424E-01    5.45587E-02   -2.21072E-01    1.09135E-01   -1.80534E-01    7.76088E-02   -8.75218E-03
     6.90903E-01    1.62568E+00    5.03458E-01    2.22100E-01    8.42743E-01   -2.39799E-01    8.07614E-01    1.73586E-01   -2.44224E-01    5.40173E-02   -2.20870E-01    1.08695E-01   -1.78520E-01    7.75862E-02   -9.63211E-03
     6.93353E-01    1.62010E+00    4.98972E-01    2.24154E-01    8.34727E-01   -2.37816E-01    8.10887E-01    1.72990E-01   -2.42020E-01    5.34765E-02   -2.20650E-01    1.08260E-01   -1.76513E-01    7.75616E-02   -1.04958E-02
     6.95803E-01    1.61457E+00    4.94477E-01    2.26190E-01    8.26696E-01   -2.35826E-01    8.14072E-01    1.72400E-01   -2.39813E-01    5.29362E-02   -2.20413E-01    1.07830E-01   -1.74512E-01    7.75348E-02   -1.13432E-02
     6.98253E-01    1.60909E+00    4.89973E-01    2.28205E-01    8.18653E-01   -2.33827E-01    8.17169E-01    1.71815E-01   -2.37602E-01    5.23965E-02   -2.20159E-01    1.07405E-01   -1.72518E-01    7.75060E-02   -1.21742E-02
     7.00703E-01    1.60366E+00    4.85461E-01    2.30201E-01    8.10597E-01   -2.31822E-01    8.20179E-01    1.71236E-01   -2.35388E-01    5.18574E-02   -2.19888E-01    1.06985E-01   -1.70532E-01    7.74752E-02   -1.29888E-02
     7.03153E-01    1.59829E+00    4.80940E-01    2.32177E-01    8.02530E-01   -2.29809E-01    8.23101E-01    1.70662E-01   -2.33171E-01    5.13191E-02   -2.19602E-01    1.06569E-01   -1.68552E-01    7.74424E-02   -1.37870E-02
     7.05603E-01    1.59296E+00    4.76412E-01    2.34133E-01    7.94453E-01   -2.27789E-01    8.25936E-01    1.70093E-01   -2.30951E-01    5.07814E-02   -2.19299E-01    1.06159E-01   -1.66580E-01    7.74076E-02   -1.45686E-02
     7.08053E-01    1.58768E+00    4.71877E-01    2.36070E-01    7.86368E-01   -2.25762E-01    8.28685E-01    1.69530E-01   -2.28728E-01    5.02445E-02   -2.18981E-01    1.05753E-01   -1.64615E-01    7.73710E-02   -1.53337E-02
     7.10503E-01    1.58246E+00    4.67335E-01    2.37986E-01    7.78274E-01   -2.23728E-01    8.31346E-01    1.68972E-01   -2.26502E-01    4.97084E-02   -2.18647E-01    1.05352E-01   -1.62658E-01    7.73325E-02   -1.60822E-02
     7.12953E-01    1.57729E+00    4.62787E-01    2.39883E-01    7.70174E-01   -2.21688E-01    8.33922E-01    1.68420E-01   -2.24274E-01    4.91732E-02   -2.18299E-01    1.04956E-01   -1.60708E-01    7.72922E-02   -1.68141E-02
     7.15403E-01    1.57216E+00    4.58234E-01    2.41760E-01    7.62068E-01   -2.19642E-01    8.36412E-01    1.67874E-01   -2.22045E-01    4.86388E-02   -2.17935E-01    1.04565E-01   -1.58766E-01    7.72501E-02   -1.75293E-02
     7.17853E-01    1.56709E+00    4.53674E-01    2.43617E-01    7.53957E-01   -2.17590E-01    8.38816E-01    1.67332E-01   -2.19813E-01    4.81053E-02   -2.17558E-01    1.04178E-01   -1.56832E-01    7.72063E-02   -1.82277E-02
     7.20303E-01    1.56208E+00    4.49110E-01    2.45455E-01    7.45843E-01   -2.15532E-01    8.41134E-01    1.66796E-01   -2.17580E-01    4.75728E-02   -2.17166E-01    1.03796E-01   -1.54906E-01    7.71608E-02   -1.89095E-02
     7.22753E-01    1.55711E+00    4.44541E-01    2.47272E-01    7.37726E-01   -2.13469E-01    8.43368E-01    1.66266E-01   -2.15345E-01    4.70412E-02   -2.16760E-01    1.03419E-01   -1.52988E-01    7.71137E-02   -1.95744E-02
     7.25203E-01    1.55219E+00    4.39968E-01    2.49069E-01    7.29608E-01   -2.11400E-01    8.45518E-01    1.65741E-01   -2.13108E-01    4.65107E-02   -2.16341E-01    1.03047E-01   -1.51077E-01    7.70649E-02   -2.02226E-02
     7.27653E-01    1.54733E+00    4.35391E-01    2.50847E-01    7.21489E-01   -2.09326E-01    8.47583E-01    1.65222E-01   -2.10871E-01    4.59812E-02   -2.15909E-01    1.02679E-01   -1.49175E-01    7.70146E-02   -2.08540E-02
     7.30103E-01    1.54252E+00    4.30811E-01    2.52605E-01    7.13371E-01   -2.07247E-01    8.49565E-01    1.64708E-01   -2.08633E-01    4.54527E-02   -2.15464E-01    1.02316E-01   -1.47282E-01    7.69628E-02   -2.14686E-02
     7.32553E-01    1.53776E+00    4.26228E-01    2.54343E-01    7.05253E-01   -2.05163E-01    8.51464E-01    1.64200E-01   -2.06394E-01    4.49254E-02   -2.15007E-01    1.01957E-01   -1.45396E-01    7.69094E-02   -2.20663E-02
     7.35003E-01    1.53305E+00    4.21642E-01    2.56060E-01    6.97138E-01   -2.03075E-01    8.53280E-01    1.63697E-01   -2.04154E-01    4.43992E-02   -2.14537E-01    1.01603E-01   -1.43519E-01    7.68547E-02   -2.26471E-02
     7.37452E-01    1.52839E+00    4.17054E-01    2.57758E-01    6.89027E-01   -2.00982E-01    8.55013E-01    1.63199E-01   -2.01914E-01    4.38742E-02   -2.14055E-01    1.01254E-01   -1.41651E-01    7.67985E-02   -2.32111E-02
     7.39902E-01    1.52378E+00    4.12464E-01    2.59437E-01    6.80920E-01   -1.98885E-01    8.56665E-01    1.62707E-01   -1.99674E-01    4.33504E-02   -2.13561E-01    1.00909E-01   -1.39791E-01    7.67409E-02   -2.37583E-02
     7.42352E-01    1.51923E+00    4.07873E-01    2.61095E-01    6.72817E-01   -1.96784E-01    8.58235E-01    1.62221E-01   -1.97434E-01    4.28278E-02   -2.13057E-01    1.00569E-01   -1.37939E-01    7.66821E-02   -2.42885E-02
     7.44802E-01    1.51473E+00    4.03281E-01    2.62733E-01    6.64721E-01   -1.94680E-01    8.59724E-01    1.61740E-01   -1.95194E-01    4.23064E-02   -2.12541E-01    1.00233E-01   -1.36097E-01    7.66219E-02   -2.48019E-02
     7.47252E-01    1.51028E+00    3.98688E-01    2.64352E-01    6.56632E-01   -1.92572E-01    8.61133E-01    1.61264E-01   -1.92954E-01    4.17863E-02   -2.12014E-01    9.99021E-02   -1.34263E-01    7.65606E-02   -2.52984E-02
     7.49702E-01    1.50588E+00    3.94095E-01    2.65951E-01    6.48550E-01   -1.90460E-01    8.62463E-01    1.60794E-01   -1.90715E-01    4.12676E-02   -2.11477E-01    9.95754E-02   -1.32438E-01    7.64980E-02   -2.57780E-02
     7.52152E-01    1.50153E+00    3.89502E-01    2.67530E-01    6.40477E-01   -1.88346E-01    8.63712E-01    1.60330E-01   -1.88477E-01    4.07501E-02   -2.10929E-01    9.92532E-02   -1.30622E-01    7.64343E-02   -2.62407E-02
     7.54602E-01    1.49723E+00    3.84909E-01    2.69089E-01    6.32414E-01   -1.86228E-01    8.64883E-01    1.59871E-01   -1.86239E-01    4.02340E-02   -2.10372E-01    9.89354E-02   -1.28814E-01    7.63694E-02   -2.66866E-02
     7.57052E-01    1.49299E+00    3.80318E-01    2.70629E-01    6.24361E-01   -1.84108E-01    8.65976E-01    1.59417E-01   -1.84003E-01    3.97193E-02   -2.09805E-01    9.86220E-02   -1.27016E-01    7.63035E-02   -2.71156E-02
     7.59502E-01    1.48880E+00    3.75727E-01    2.72149E-01    6.16320E-01   -1.81985E-01    8.66991E-01    1.58969E-01   -1.81767E-01    3.92060E-02   -2.09228E-01    9.83130E-02   -1.25227E-01    7.62366E-02   -2.75277E-02
     7.61952E-01    1.48466E+00    3.71138E-01    2.73649E-01    6.08290E-01   -1.79860E-01    8.67928E-01    1.58527E-01   -1.79533E-01    3.86941E-02   -2.08643E-01    9.80084E-02   -1.23446E-01    7.61686E-02   -2.79230E-02
     7.64402E-01    1.48057E+00    3.66551E-01    2.75129E-01    6.00273E-01   -1.77732E-01    8.68789E-01    1.58090E-01   -1.77301E-01    3.81837E-02   -2.08048E-01    9.77081E-02   -1.21675E-01    7.60998E-02   -2.83015E-02
     7.66852E-01    1.47653E+00    3.61966E-01    2.76590E-01    5.92270E-01   -1.75603E-01    8.69574E-01    1.57658E-01   -1.75070E-01    3.76747E-02   -2.07446E-01    9.74122E-02   -1.19913E-01    7.60300E-02   -2.86631E-02
     7.69302E-01    1.47254E+00    3.57384E-01    2.78031E-01    5.84281E-01   -1.73472E-01    8.70284E-01    1.57232E-01   -1.72841E-01    3.71672E-02   -2.06834E-01    9.71205E-02   -1.18160E-01    7.59593E-02   -2.90080E-02
     7.71752E-01    1.46861E+00    3.52804E-01    2.79453E-01    5.76307E-01   -1.71339E-01    8.70918E-01    1.56811E-01   -1.70613E-01    3.66612E-02   -2.06215E-01    9.68332E-02   -1.16417E-01    7.58879E-02   -2.93361E-02
     7.74202E-01    1.46472E+00    3.48228E-01    2.80855E-01    5.68349E-01   -1.69204E-01    8.71478E-01    1.56396E-01   -1.68388E-01    3.61568E-02   -2.05588E-01    9.65501E-02   -1.14682E-01    7.58156E-02   -2.96475E-02
     7.76652E-01    1.46089E+00    3.43655E-01    2.82238E-01    5.60407E-01   -1.67068E-01    8.71965E-01    1.55986E-01   -1.66165E-01    3.56539E-02   -2.04954E-01    9.62712E-02   -1.12957E-01    7.57426E-02   -2.99421E-02
     7.79102E-01    1.45711E+00    3.39086E-01    2.83601E-01    5.52483E-01   -1.64932E-01    8.72378E-01    1.55582E-01   -1.63945E-01    3.51525E-02   -2.04312E-01    9.59966E-02   -1.11241E-01    7.56689E-02   -3.02200E-02
     7.81552E-01    1.45338E+00    3.34521E-01    2.84945E-01    5.44577E-01   -1.62794E-01    8.72719E-01    1.55183E-01   -1.61727E-01    3.46528E-02   -2.03664E-01    9.57262E-02   -1.09534E-01    7.55945E-02   -3.04813E-02
     7.84002E-01    1.44970E+00    3.29961E-01    2.86270E-01    5.36689E-01   -1.60655E-01    8.72988E-01    1.54789E-01   -1.59512E-01    3.41546E-02   -2.03009E-01    9.54599E-02   -1.07837E-01    7.55196E-02   -3.07259E-02
     7.86452E-01    1.44607E+00    3.25405E-01    2.87575E-01    5.28821E-01   -1.58516E-01    8.73186E-01    1.54401E-01   -1.57300E-01    3.36580E-02   -2.02347E-01    9.51978E-02   -1.06148E-01    7.54440E-02   -3.09538E-02
     7.88902E-01    1.44249E+00    3.20855E-01    2.88861E-01    5.20972E-01   -1.56377E-01    8.73313E-01    1.54018E-01   -1.55090E-01    3.31631E-02   -2.01679E-01    9.49398E-02   -1.04470E-01    7.53679E-02   -3.11652E-02
     7.91352E-01    1.43897E+00    3.16310E-01    2.90128E-01    5.13144E-01   -1.54237E-01    8.73370E-01    1.53641E-01   -1.52884E-01    3.26698E-02   -2.01005E-01    9.46858E-02   -1.02800E-01    7.52913E-02   -3.13601E-02
     7.93802E-01    1.43549E+00    3.11771E-01    2.91375E-01    5.05338E-01   -1.52098E-01    8.73358E-01    1.53269E-01   -1.50681E-01    3.21782E-02   -2.00326E-01    9.44360E-02   -1.01140E-01    7.52143E-02   -3.15384E-02
     7.96252E-01    1.43207E+00    3.07237E-01    2.92604E-01    4.97553E-01   -1.49958E-01    8.73277E-01    1.52903E-01   -1.48481E-01    3.16882E-02   -1.99640E-01    9.41903E-02   -9.94893E-02    7.51368E-02   -3.17002E-02
     7.98702E-01    1.42869E+00    3.02710E-01    2.93813E-01    4.89790E-01   -1.47819E-01    8.73128E-01    1.52542E-01   -1.46285E-01    3.12000E-02   -1.98950E-01    9.39485E-02   -9.78479E-02    7.50589E-02   -3.18456E-02
     8.01152E-01    1.42537E+00    2.98190E-01    2.95004E-01    4.82050E-01   -1.45680E-01    8.72911E-01    1.52186E-01   -1.44092E-01    3.07134E-02   -1.98255E-01    9.37108E-02   -9.62158E-02    7.49808E-02   -3.19745E-02
     8.03602E-01    1.42209E+00    2.93676E-01    2.96175E-01    4.74334E-01   -1.43541E-01    8.72628E-01    1.51836E-01   -1.41903E-01    3.02285E-02   -1.97555E-01    9.34771E-02   -9.45930E-02    7.49023E-02   -3.20871E-02
     8.06052E-01    1.41887E+00    2.89169E-01    2.97328E-01    4.66642E-01   -1.41404E-01    8.72278E-01    1.51491E-01   -1.39718E-01    2.97454E-02   -1.96851E-01    9.32473E-02   -9.29796E-02    7.48235E-02   -3.21833E-02
     8.08502E-01    1.41570E+00    2.84670E-01    2.98462E-01    4.58974E-01   -1.39267E-01    8.71863E-01    1.51151E-01   -1.37537E-01    2.92640E-02   -1.96142E-01    9.30215E-02   -9.13755E-02    7.47446E-02   -3.22633E-02
     8.10952E-01    1.41257E+00    2.80178E-01    2.99577E-01    4.51331E-01   -1.37132E-01    8.71383E-01    1.50817E-01   -1.35360E-01    2.87843E-02   -1.95429E-01    9.27996E-02   -8.97807E-02    7.46655E-02   -3.23270E-02
     8.13402E-01    1.40950E+00    2.75695E-01    3.00673E-01    4.43714E-01   -1.34998E-01    8.70839E-01    1.50488E-01   -1.33187E-01    2.83064E-02   -1.94713E-01    9.25815E-02   -8.81952E-02    7.45862E-02   -3.23744E-02
     8.15852E-01    1.40648E+00    2.71219E-01    3.01751E-01    4.36123E-01   -1.32865E-01    8.70231E-01    1.50164E-01   -1.31019E-01    2.78302E-02   -1.93992E-01    9.23674E-02   -8.66191E-02    7.45068E-02   -3.24057E-02
     8.18302E-01    1.40351E+00    2.66752E-01    3.02810E-01    4.28558E-01   -1.30734E-01    8.69560E-01    1.49846E-01   -1.28855E-01    2.73558E-02   -1.93269E-01    9.21571E-02   -8.50522E-02    7.44274E-02   -3.24209E-02
     8.20752E-01    1.40058E+00    2.62293E-01    3.03851E-01    4.21020E-01   -1.28604E-01    8.68827E-01    1.49533E-01   -1.26696E-01    2.68832E-02   -1.92542E-01    9.19506E-02   -8.34945E-02    7.43480E-02   -3.24199E-02
     8.23202E-01    1.39771E+00    2.57844E-01    3.04873E-01    4.13510E-01   -1.26476E-01    8.68032E-01    1.49225E-01   -1.24541E-01    2.64124E-02   -1.91812E-01    9.17480E-02   -8.19461E-02    7.42686E-02   -3.24030E-02
     8.25652E-01    1.39488E+00    2.53403E-01    3.05877E-01    4.06027E-01   -1.24351E-01    8.67177E-01    1.48922E-01   -1.22391E-01    2.59433E-02   -1.91080E-01    9.15491E-02   -8.04069E-02    7.41892E-02   -3.23700E-02
     8.28102E-01    1.39211E+00    2.48972E-01    3.06863E-01    3.98572E-01   -1.22227E-01    8.66261E-01    1.48625E-01   -1.20246E-01    2.54761E-02   -1.90345E-01    9.13540E-02   -7.88769E-02    7.41100E-02   -3.23211E-02
     8.30552E-01    1.38938E+00    2.44551E-01    3.07830E-01    3.91147E-01   -1.20106E-01    8.65285E-01    1.48333E-01   -1.18105E-01    2.50107E-02   -1.89607E-01    9.11626E-02   -7.73561E-02    7.40309E-02   -3.22563E-02
     8.33001E-01    1.38671E+00    2.40139E-01    3.08779E-01    3.83749E-01   -1.17988E-01    8.64250E-01    1.48047E-01   -1.15970E-01    2.45470E-02   -1.88868E-01    9.09749E-02   -7.58443E-02    7.39519E-02   -3.21756E-02
     8.35451E-01    1.38408E+00    2.35738E-01    3.09711E-01    3.76382E-01   -1.15871E-01    8.63157E-01    1.47765E-01   -1.13840E-01    2.40852E-02   -1.88127E-01    9.07910E-02   -7.43417E-02    7.38732E-02   -3.20791E-02
     8.37901E-01    1.38150E+00    2.31347E-01    3.10624E-01    3.69044E-01   -1.13758E-01    8.62006E-01    1.47489E-01   -1.11716E-01    2.36252E-02   -1.87384E-01    9.06106E-02   -7.28482E-02    7.37948E-02   -3.19668E-02
     8.40351E-01    1.37897E+00    2.26966E-01    3.11519E-01    3.61736E-01   -1.11648E-01    8.60798E-01    1.47218E-01   -1.09597E-01    2.31671E-02   -1.86639E-01    9.04340E-02   -7.13638E-02    7.37166E-02   -3.18389E-02
     8.42801E-01    1.37649E+00    2.22596E-01    3.12396E-01    3.54458E-01   -1.09540E-01    8.59533E-01    1.46952E-01   -1.07483E-01    2.27107E-02   -1.85893E-01    9.02610E-02   -6.98883E-02    7.36388E-02   -3.16952E-02
     8.45251E-01    1.37406E+00    2.18237E-01    3.13256E-01    3.47211E-01   -1.07436E-01    8.58213E-01    1.46691E-01   -1.05374E-01    2.22562E-02   -1.85146E-01    9.00915E-02   -6.84218E-02    7.35613E-02   -3.15360E-02
     8.47701E-01    1.37167E+00    2.13889E-01    3.14098E-01    3.39994E-01   -1.05335E-01    8.56837E-01    1.46435E-01   -1.03272E-01    2.18035E-02   -1.84398E-01    8.99257E-02   -6.69642E-02    7.34843E-02   -3.13611E-02
     8.50151E-01    1.36934E+00    2.09553E-01    3.14922E-01    3.32809E-01   -1.03238E-01    8.55407E-01    1.46185E-01   -1.01175E-01    2.13527E-02   -1.83649E-01    8.97634E-02   -6.55156E-02    7.34077E-02   -3.11708E-02
     8.52601E-01    1.36705E+00    2.05228E-01    3.15728E-01    3.25656E-01   -1.01144E-01    8.53923E-01    1.45940E-01   -9.90838E-02    2.09036E-02   -1.82899E-01    8.96047E-02   -6.40757E-02    7.33315E-02   -3.09649E-02
     8.55051E-01    1.36481E+00    2.00914E-01    3.16517E-01    3.18534E-01   -9.90536E-02    8.52386E-01    1.45699E-01   -9.69986E-02    2.04565E-02   -1.82149E-01    8.94494E-02   -6.26447E-02    7.32560E-02   -3.07437E-02
     8.57501E-01    1.36261E+00    1.96613E-01    3.17289E-01    3.11444E-01   -9.69672E-02    8.50796E-01    1.45464E-01   -9.49194E-02    2.00111E-02   -1.81399E-01    8.92977E-02   -6.12225E-02    7.31809E-02   -3.05070E-02
     8.59951E-01    1.36047E+00    1.92324E-01    3.18044E-01    3.04386E-01   -9.48848E-02    8.49153E-01    1.45234E-01   -9.28463E-02    1.95676E-02   -1.80649E-01    8.91494E-02   -5.98090E-02    7.31065E-02   -3.02551E-02
     8.62401E-01    1.35837E+00    1.88047E-01    3.18781E-01    2.97361E-01   -9.28064E-02    8.47459E-01    1.45009E-01   -9.07793E-02    1.91259E-02   -1.79899E-01    8.90046E-02   -5.84042E-02    7.30327E-02   -2.99878E-02
     8.64851E-01    1.35632E+00    1.83783E-01    3.19501E-01    2.90368E-01   -9.07323E-02    8.45715E-01    1.44789E-01   -8.87185E-02    1.86861E-02   -1.79149E-01    8.88633E-02   -5.70080E-02    7.29596E-02   -2.97053E-02
     8.67301E-01    1.35432E+00    1.79531E-01    3.20203E-01    2.83409E-01   -8.86625E-02    8.43920E-01    1.44575E-01   -8.66640E-02    1.82481E-02   -1.78399E-01    8.87253E-02   -5.56203E-02    7.28871E-02   -2.94077E-02
     8.69751E-01    1.35236E+00    1.75292E-01    3.20889E-01    2.76482E-01   -8.65972E-02    8.42075E-01    1.44365E-01   -8.46159E-02    1.78120E-02   -1.77650E-01    8.85907E-02   -5.42412E-02    7.28155E-02   -2.90948E-02
     8.72201E-01    1.35045E+00    1.71066E-01    3.21558E-01    2.69588E-01   -8.45364E-02    8.40181E-01    1.44160E-01   -8.25743E-02    1.73776E-02   -1.76902E-01    8.84595E-02   -5.28706E-02    7.27446E-02   -2.87669E-02
     8.74651E-01    1.34859E+00    1.66853E-01    3.22210E-01    2.62728E-01   -8.24804E-02    8.38239E-01    1.43960E-01   -8.05391E-02    1.69452E-02   -1.76155E-01    8.83316E-02   -5.15084E-02    7.26745E-02   -2.84240E-02
     8.77101E-01    1.34677E+00    1.62654E-01    3.22846E-01    2.55901E-01   -8.04291E-02    8.36249E-01    1.43765E-01   -7.85106E-02    1.65145E-02   -1.75408E-01    8.82071E-02   -5.01546E-02    7.26053E-02   -2.80660E-02
     8.79551E-01    1.34500E+00    1.58468E-01    3.23464E-01    2.49108E-01   -7.83828E-02    8.34211E-01    1.43575E-01   -7.64887E-02    1.60857E-02   -1.74663E-01    8.80859E-02   -4.88091E-02    7.25370E-02   -2.76931E-02
     8.82001E-01    1.34328E+00    1.54296E-01    3.24066E-01    2.42349E-01   -7.63416E-02    8.32127E-01    1.43391E-01   -7.44735E-02    1.56587E-02   -1.73920E-01    8.79679E-02   -4.74718E-02    7.24696E-02   -2.73053E-02
     8.84451E-01    1.34160E+00    1.50137E-01    3.24652E-01    2.35623E-01   -7.43055E-02    8.29996E-01    1.43211E-01   -7.24652E-02    1.52335E-02   -1.73177E-01    8.78533E-02   -4.61427E-02    7.24032E-02   -2.69026E-02
     8.86901E-01    1.33997E+00    1.45993E-01    3.25221E-01    2.28932E-01   -7.22747E-02    8.27820E-01    1.43035E-01   -7.04637E-02    1.48101E-02   -1.72437E-01    8.77418E-02   -4.48218E-02    7.23378E-02   -2.64852E-02
     8.89351E-01    1.33838E+00    1.41862E-01    3.25774E-01    2.22274E-01   -7.02492E-02    8.25598E-01    1.42865E-01   -6.84691E-02    1.43885E-02   -1.71698E-01    8.76336E-02   -4.35090E-02    7.22735E-02   -2.60529E-02
     8.91801E-01    1.33684E+00    1.37746E-01    3.26310E-01    2.15651E-01   -6.82293E-02    8.23332E-01    1.42700E-01   -6.64815E-02    1.39688E-02   -1.70961E-01    8.75286E-02   -4.22041E-02    7.22102E-02   -2.56059E-02
     8.94251E-01    1.33535E+00    1.33644E-01    3.26830E-01    2.09062E-01   -6.62150E-02    8.21022E-01    1.42540E-01   -6.45009E-02    1.35508E-02   -1.70226E-01    8.74268E-02   -4.09073E-02    7.21480E-02   -2.51442E-02
     8.96701E-01    1.33390E+00    1.29557E-01    3.27334E-01    2.02507E-01   -6.42064E-02    8.18669E-01    1.42384E-01   -6.25274E-02    1.31347E-02   -1.69493E-01    8.73282E-02   -3.96183E-02    7.20870E-02   -2.46679E-02
     8.99151E-01    1.33249E+00    1.25484E-01    3.27823E-01    1.95987E-01   -6.22036E-02    8.16272E-01    1.42233E-01   -6.05611E-02    1.27203E-02   -1.68763E-01    8.72327E-02   -3.83372E-02    7.20272E-02   -2.41770E-02
     9.01601E-01    1.33113E+00    1.21426E-01    3.28295E-01    1.89501E-01   -6.02067E-02    8.13833E-01    1.42087E-01   -5.86020E-02    1.23078E-02   -1.68035E-01    8.71403E-02   -3.70638E-02    7.19685E-02   -2.36715E-02
     9.04051E-01    1.32982E+00    1.17383E-01    3.28751E-01    1.83050E-01   -5.82159E-02    8.11353E-01    1.41946E-01   -5.66502E-02    1.18970E-02   -1.67309E-01    8.70511E-02   -3.57982E-02    7.19112E-02   -2.31515E-02
     9.06501E-01    1.32854E+00    1.13355E-01    3.29192E-01    1.76633E-01   -5.62312E-02    8.08830E-01    1.41810E-01   -5.47057E-02    1.14879E-02   -1.66586E-01    8.69649E-02   -3.45401E-02    7.18551E-02   -2.26170E-02
     9.08951E-01    1.32732E+00    1.09343E-01    3.29617E-01    1.70250E-01   -5.42527E-02    8.06267E-01    1.41678E-01   -5.27686E-02    1.10807E-02   -1.65866E-01    8.68818E-02   -3.32897E-02    7.18004E-02   -2.20680E-02
     9.11401E-01    1.32614E+00    1.05345E-01    3.30026E-01    1.63903E-01   -5.22805E-02    8.03663E-01    1.41551E-01   -5.08389E-02    1.06752E-02   -1.65149E-01    8.68018E-02   -3.20467E-02    7.17470E-02   -2.15047E-02
     9.13851E-01    1.32500E+00    1.01363E-01    3.30420E-01    1.57589E-01   -5.03148E-02    8.01020E-01    1.41429E-01   -4.89167E-02    1.02715E-02   -1.64435E-01    8.67248E-02   -3.08112E-02    7.16950E-02   -2.09270E-02
     9.16301E-01    1.32390E+00    9.73963E-02    3.30798E-01    1.51311E-01   -4.83556E-02    7.98337E-01    1.41311E-01   -4.70020E-02    9.86948E-03   -1.63724E-01    8.66508E-02   -2.95831E-02    7.16445E-02   -2.03349E-02
     9.18751E-01    1.32285E+00    9.34453E-02    3.31161E-01    1.45066E-01   -4.64030E-02    7.95615E-01    1.41199E-01   -4.50949E-02    9.46923E-03   -1.63016E-01    8.65798E-02   -2.83623E-02    7.15954E-02   -1.97285E-02
     9.21201E-01    1.32184E+00    8.95100E-02    3.31509E-01    1.38856E-01   -4.44572E-02    7.92854E-01    1.41090E-01   -4.31955E-02    9.07071E-03   -1.62312E-01    8.65118E-02   -2.71486E-02    7.15478E-02   -1.91079E-02
     9.23651E-01    1.32088E+00    8.55905E-02    3.31842E-01    1.32681E-01   -4.25181E-02    7.90055E-01    1.40987E-01   -4.13037E-02    8.67391E-03   -1.61611E-01    8.64468E-02   -2.59422E-02    7.15018E-02   -1.84730E-02
     9.26101E-01    1.31996E+00    8.16869E-02    3.32159E-01    1.26540E-01   -4.05860E-02    7.87219E-01    1.40888E-01   -3.94196E-02    8.27882E-03   -1.60914E-01    8.63847E-02   -2.47428E-02    7.14573E-02   -1.78240E-02
     9.28551E-01    1.31908E+00    7.77994E-02    3.32462E-01    1.20434E-01   -3.86608E-02    7.84345E-01    1.40794E-01   -3.75432E-02    7.88544E-03   -1.60220E-01    8.63256E-02   -2.35505E-02    7.14144E-02   -1.71607E-02
     9.31001E-01    1.31824E+00    7.39280E-02    3.32749E-01    1.14362E-01   -3.67428E-02    7.81435E-01    1.40704E-01   -3.56747E-02    7.49375E-03   -1.59530E-01    8.62693E-02   -2.23651E-02    7.13732E-02   -1.64834E-02
     9.33450E-01    1.31745E+00    7.00728E-02    3.33022E-01    1.08324E-01   -3.48319E-02    7.78488E-01    1.40619E-01   -3.38140E-02    7.10374E-03   -1.58844E-01    8.62160E-02   -2.11865E-02    7.13337E-02   -1.57919E-02
     9.35900E-01    1.31670E+00    6.62338E-02    3.33280E-01    1.02320E-01   -3.29282E-02    7.75506E-01    1.40538E-01   -3.19612E-02    6.71542E-03   -1.58162E-01    8.61655E-02   -2.00148E-02    7.12959E-02   -1.50863E-02
     9.38350E-01    1.31599E+00    6.24113E-02    3.33524E-01    9.63510E-02   -3.10319E-02    7.72488E-01    1.40462E-01   -3.01163E-02    6.32876E-03   -1.57484E-01    8.61179E-02   -1.88498E-02    7.12598E-02   -1.43666E-02
     9.40800E-01    1.31533E+00    5.86053E-02    3.33752E-01    9.04156E-02   -2.91431E-02    7.69435E-01    1.40391E-01   -2.82794E-02    5.94375E-03   -1.56810E-01    8.60731E-02   -1.76914E-02    7.12255E-02   -1.36329E-02
     9.43250E-01    1.31470E+00    5.48158E-02    3.33967E-01    8.45143E-02   -2.72618E-02    7.66347E-01    1.40324E-01   -2.64505E-02    5.56039E-03   -1.56140E-01    8.60312E-02   -1.65396E-02    7.11930E-02   -1.28852E-02
     9.45700E-01    1.31412E+00    5.10430E-02    3.34166E-01    7.86468E-02   -2.53881E-02    7.63225E-01    1.40261E-01   -2.46296E-02    5.17867E-03   -1.55474E-01    8.59921E-02   -1.53943E-02    7.11623E-02   -1.21235E-02
     9.48150E-01    1.31358E+00    4.72869E-02    3.34352E-01    7.28132E-02   -2.35220E-02    7.60069E-01    1.40203E-01   -2.28168E-02    4.79857E-03   -1.54813E-01    8.59558E-02   -1.42555E-02    7.11336E-02   -1.13479E-02
     9.50600E-01    1.31308E+00    4.35476E-02    3.34523E-01    6.70133E-02   -2.16638E-02    7.56880E-01    1.40149E-01   -2.10121E-02    4.42009E-03   -1.54157E-01    8.59222E-02   -1.31229E-02    7.11068E-02   -1.05583E-02
     9.53050E-01    1.31262E+00    3.98252E-02    3.34680E-01    6.12470E-02   -1.98134E-02    7.53657E-01    1.40100E-01   -1.92155E-02    4.04321E-03   -1.53505E-01    8.58914E-02   -1.19967E-02    7.10819E-02   -9.75472E-03
     9.55500E-01    1.31220E+00    3.61197E-02    3.34823E-01    5.55142E-02   -1.79709E-02    7.50402E-01    1.40055E-01   -1.74271E-02    3.66792E-03   -1.52857E-01    8.58634E-02   -1.08766E-02    7.10590E-02   -8.93726E-03
     9.57950E-01    1.31182E+00    3.24312E-02    3.34952E-01    4.98148E-02   -1.61365E-02    7.47114E-01    1.40015E-01   -1.56470E-02    3.29421E-03   -1.52214E-01    8.58381E-02   -9.76271E-03    7.10381E-02   -8.10589E-03
     9.60400E-01    1.31149E+00    2.87599E-02    3.35068E-01    4.41487E-02   -1.43101E-02    7.43793E-01    1.39978E-01   -1.38750E-02    2.92207E-03   -1.51576E-01    8.58156E-02   -8.65483E-03    7.10193E-02   -7.26064E-03
     9.62850E-01    1.31119E+00    2.51057E-02    3.35169E-01    3.85156E-02   -1.24920E-02    7.40442E-01    1.39947E-01   -1.21114E-02    2.55149E-03   -1.50943E-01    8.57957E-02   -7.55291E-03    7.10025E-02   -6.40152E-03
     9.65300E-01    1.31093E+00    2.14687E-02    3.35256E-01    3.29156E-02   -1.06820E-02    7.37058E-01    1.39919E-01   -1.03560E-02    2.18246E-03   -1.50315E-01    8.57786E-02   -6.45688E-03    7.09879E-02   -5.52854E-03
     9.67750E-01    1.31072E+00    1.78490E-02    3.35330E-01    2.73484E-02   -8.88045E-03    7.33644E-01    1.39896E-01   -8.60902E-03    1.81495E-03   -1.49692E-01    8.57641E-02   -5.36666E-03    7.09754E-02   -4.64170E-03
     9.70200E-01    1.31054E+00    1.42466E-02    3.35390E-01    2.18139E-02   -7.08725E-03    7.30198E-01    1.39877E-01   -6.87037E-03    1.44897E-03   -1.49073E-01    8.57523E-02   -4.28217E-03    7.09652E-02   -3.74102E-03
     9.72650E-01    1.31040E+00    1.06616E-02    3.35437E-01    1.63120E-02   -5.30254E-03    7.26722E-01    1.39862E-01   -5.14012E-03    1.08450E-03   -1.48460E-01    8.57431E-02   -3.20334E-03    7.09571E-02   -2.82651E-03
     9.75100E-01    1.31030E+00    7.09415E-03    3.35470E-01    1.08424E-02   -3.52637E-03    7.23216E-01    1.39852E-01   -3.41829E-03    7.21520E-04   -1.47852E-01    8.57366E-02   -2.13009E-03    7.09513E-02   -1.89816E-03
     9.77550E-01    1.31025E+00    3.54416E-03    3.35490E-01    5.40518E-03   -1.75884E-03    7.19680E-01    1.39845E-01   -1.70490E-03    3.60025E-04   -1.47250E-01    8.57327E-02   -1.06234E-03    7.09478E-02   -9.55993E-04
     9.80000E-01    1.31023E+00    1.17405E-05    3.35497E-01    0.00000E+00    0.00000E+00    7.16115E-01    1.39843E-01    0.00000E+00    8.64114E-25   -1.46652E-01    8.57314E-02    0.00000E+00    7.09467E-02    0.00000E+00
