     1.00000E-05    3.99893E+00   -3.09362E-05   -5.65646E-01   -7.95841E-20   -1.69341E-05   -1.69341E+00    4.66001E-01   -3.96476E-20    6.75125E-06    6.75125E-01    3.88488E-01    1.33428E-20    8.54638E-11    1.70928E-05
     2.28497E-03    3.99888E+00    9.98818E-03   -5.65628E-01    1.65689E-02   -3.86933E-03   -1.69333E+00    4.65995E-01   -5.08625E-03    1.54261E-03    6.75079E-01    3.88481E-01   -6.58573E-03    4.46207E-06    3.90550E-03
     4.55995E-03    3.99872E+00    1.99317E-02   -5.65571E-01    3.30634E-02   -7.72136E-03   -1.69308E+00    4.65978E-01   -1.01498E-02    3.07826E-03    6.74942E-01    3.88458E-01   -1.31416E-02    1.77692E-05    7.79303E-03
     6.83492E-03    3.99847E+00    2.98732E-02   -5.65477E-01    4.95539E-02   -1.15726E-02   -1.69267E+00    4.65949E-01   -1.52123E-02    4.61349E-03    6.74714E-01    3.88421E-01   -1.96954E-02    3.99186E-05    1.16788E-02
     9.10990E-03    3.99812E+00    3.98117E-02   -5.65346E-01    6.60385E-02   -1.54228E-02   -1.69210E+00    4.65909E-01   -2.02734E-02    6.14810E-03    6.74394E-01    3.88369E-01   -2.62460E-02    7.09053E-05    1.55620E-02
     1.13849E-02    3.99766E+00    4.97463E-02   -5.65177E-01    8.25153E-02   -1.92715E-02   -1.69137E+00    4.65857E-01   -2.53325E-02    7.68189E-03    6.73984E-01    3.88301E-01   -3.27925E-02    1.10722E-04    1.94418E-02
     1.36598E-02    3.99710E+00    5.96759E-02   -5.64970E-01    9.89823E-02   -2.31183E-02   -1.69047E+00    4.65793E-01   -3.03892E-02    9.21463E-03    6.73483E-01    3.88219E-01   -3.93338E-02    1.59361E-04    2.33172E-02
     1.59348E-02    3.99644E+00    6.95997E-02   -5.64726E-01    1.15438E-01   -2.69629E-02   -1.68941E+00    4.65719E-01   -3.54430E-02    1.07461E-02    6.72891E-01    3.88123E-01   -4.58688E-02    2.16810E-04    2.71874E-02
     1.82098E-02    3.99568E+00    7.95165E-02   -5.64445E-01    1.31879E-01   -3.08050E-02   -1.68819E+00    4.65632E-01   -4.04934E-02    1.22762E-02    6.72208E-01    3.88011E-01   -5.23965E-02    2.83058E-04    3.10515E-02
     2.04848E-02    3.99482E+00    8.94255E-02   -5.64126E-01    1.48305E-01   -3.46440E-02   -1.68681E+00    4.65534E-01   -4.55399E-02    1.38046E-02    6.71434E-01    3.87884E-01   -5.89159E-02    3.58088E-04    3.49088E-02
     2.27597E-02    3.99386E+00    9.93256E-02   -5.63770E-01    1.64713E-01   -3.84797E-02   -1.68526E+00    4.65425E-01   -5.05821E-02    1.53311E-02    6.70571E-01    3.87743E-01   -6.54260E-02    4.41885E-04    3.87583E-02
     2.50347E-02    3.99280E+00    1.09216E-01   -5.63377E-01    1.81102E-01   -4.23117E-02   -1.68356E+00    4.65304E-01   -5.56194E-02    1.68556E-02    6.69617E-01    3.87586E-01   -7.19257E-02    5.34430E-04    4.25991E-02
     2.73097E-02    3.99163E+00    1.19095E-01   -5.62946E-01    1.97469E-01   -4.61397E-02   -1.68169E+00    4.65172E-01   -6.06513E-02    1.83778E-02    6.68574E-01    3.87415E-01   -7.84141E-02    6.35702E-04    4.64305E-02
     2.95847E-02    3.99037E+00    1.28963E-01   -5.62478E-01    2.13813E-01   -4.99632E-02   -1.67966E+00    4.65028E-01   -6.56775E-02    1.98975E-02    6.67441E-01    3.87230E-01   -8.48900E-02    7.45678E-04    5.02516E-02
     3.18596E-02    3.98900E+00    1.38818E-01   -5.61973E-01    2.30132E-01   -5.37819E-02   -1.67747E+00    4.64873E-01   -7.06974E-02    2.14145E-02    6.66218E-01    3.87029E-01   -9.13524E-02    8.64335E-04    5.40616E-02
     3.41346E-02    3.98754E+00    1.48659E-01   -5.61431E-01    2.46423E-01   -5.75955E-02   -1.67512E+00    4.64707E-01   -7.57105E-02    2.29287E-02    6.64907E-01    3.86814E-01   -9.78004E-02    9.91647E-04    5.78595E-02
     3.64096E-02    3.98597E+00    1.58485E-01   -5.60852E-01    2.62685E-01   -6.14035E-02   -1.67261E+00    4.64529E-01   -8.07164E-02    2.44397E-02    6.63506E-01    3.86584E-01   -1.04233E-01    1.12758E-03    6.16446E-02
     3.86846E-02    3.98431E+00    1.68296E-01   -5.60236E-01    2.78917E-01   -6.52057E-02   -1.66995E+00    4.64339E-01   -8.57145E-02    2.59475E-02    6.62018E-01    3.86340E-01   -1.10649E-01    1.27212E-03    6.54161E-02
     4.09595E-02    3.98254E+00    1.78090E-01   -5.59583E-01    2.95115E-01   -6.90016E-02   -1.66712E+00    4.64139E-01   -9.07044E-02    2.74518E-02    6.60441E-01    3.86081E-01   -1.17048E-01    1.42521E-03    6.91730E-02
     4.32345E-02    3.98068E+00    1.87867E-01   -5.58893E-01    3.11278E-01   -7.27909E-02   -1.66414E+00    4.63927E-01   -9.56857E-02    2.89524E-02    6.58777E-01    3.85807E-01   -1.23428E-01    1.58684E-03    7.29147E-02
     4.55095E-02    3.97871E+00    1.97624E-01   -5.58167E-01    3.27405E-01   -7.65732E-02   -1.66099E+00    4.63703E-01   -1.00658E-01    3.04492E-02    6.57026E-01    3.85519E-01   -1.29789E-01    1.75696E-03    7.66403E-02
     4.77845E-02    3.97665E+00    2.07363E-01   -5.57404E-01    3.43494E-01   -8.03482E-02   -1.65769E+00    4.63469E-01   -1.05620E-01    3.19418E-02    6.55187E-01    3.85217E-01   -1.36129E-01    1.93553E-03    8.03489E-02
     5.00594E-02    3.97448E+00    2.17081E-01   -5.56604E-01    3.59542E-01   -8.41155E-02   -1.65424E+00    4.63223E-01   -1.10573E-01    3.34302E-02    6.53263E-01    3.84900E-01   -1.42448E-01    2.12253E-03    8.40398E-02
     5.23344E-02    3.97222E+00    2.26777E-01   -5.55768E-01    3.75548E-01   -8.78748E-02   -1.65063E+00    4.62966E-01   -1.15514E-01    3.49140E-02    6.51252E-01    3.84569E-01   -1.48744E-01    2.31790E-03    8.77121E-02
     5.46094E-02    3.96986E+00    2.36451E-01   -5.54895E-01    3.91510E-01   -9.16257E-02   -1.64686E+00    4.62697E-01   -1.20445E-01    3.63933E-02    6.49156E-01    3.84223E-01   -1.55017E-01    2.52160E-03    9.13651E-02
     5.68844E-02    3.96740E+00    2.46102E-01   -5.53987E-01    4.07426E-01   -9.53678E-02   -1.64294E+00    4.62417E-01   -1.25364E-01    3.78676E-02    6.46975E-01    3.83863E-01   -1.61266E-01    2.73359E-03    9.49981E-02
     5.91593E-02    3.96484E+00    2.55728E-01   -5.53042E-01    4.23294E-01   -9.91009E-02   -1.63887E+00    4.62127E-01   -1.30272E-01    3.93369E-02    6.44710E-01    3.83489E-01   -1.67490E-01    2.95382E-03    9.86101E-02
     6.14343E-02    3.96218E+00    2.65330E-01   -5.52061E-01    4.39114E-01   -1.02824E-01   -1.63464E+00    4.61825E-01   -1.35166E-01    4.08009E-02    6.42361E-01    3.83101E-01   -1.73687E-01    3.18224E-03    1.02201E-01
     6.37093E-02    3.95943E+00    2.74905E-01   -5.51044E-01    4.54881E-01   -1.06538E-01   -1.63026E+00    4.61512E-01   -1.40048E-01    4.22595E-02    6.39928E-01    3.82699E-01   -1.79857E-01    3.41881E-03    1.05768E-01
     6.59843E-02    3.95658E+00    2.84453E-01   -5.49991E-01    4.70596E-01   -1.10242E-01   -1.62573E+00    4.61188E-01   -1.44917E-01    4.37125E-02    6.37413E-01    3.82283E-01   -1.85999E-01    3.66347E-03    1.09313E-01
     6.82592E-02    3.95363E+00    2.93973E-01   -5.48903E-01    4.86257E-01   -1.13935E-01   -1.62105E+00    4.60852E-01   -1.49771E-01    4.51597E-02    6.34816E-01    3.81853E-01   -1.92112E-01    3.91616E-03    1.12834E-01
     7.05342E-02    3.95058E+00    3.03464E-01   -5.47779E-01    5.01861E-01   -1.17618E-01   -1.61622E+00    4.60506E-01   -1.54612E-01    4.66008E-02    6.32137E-01    3.81409E-01   -1.98196E-01    4.17684E-03    1.16330E-01
     7.28092E-02    3.94744E+00    3.12925E-01   -5.46619E-01    5.17407E-01   -1.21289E-01   -1.61124E+00    4.60149E-01   -1.59437E-01    4.80358E-02    6.29377E-01    3.80951E-01   -2.04248E-01    4.44544E-03    1.19801E-01
     7.50842E-02    3.94420E+00    3.22356E-01   -5.45424E-01    5.32893E-01   -1.24949E-01   -1.60612E+00    4.59781E-01   -1.64248E-01    4.94644E-02    6.26537E-01    3.80480E-01   -2.10269E-01    4.72191E-03    1.23246E-01
     7.73591E-02    3.94087E+00    3.31754E-01   -5.44195E-01    5.48317E-01   -1.28596E-01   -1.60084E+00    4.59402E-01   -1.69043E-01    5.08865E-02    6.23618E-01    3.79994E-01   -2.16257E-01    5.00618E-03    1.26664E-01
     7.96341E-02    3.93744E+00    3.41121E-01   -5.42930E-01    5.63679E-01   -1.32232E-01   -1.59542E+00    4.59012E-01   -1.73821E-01    5.23018E-02    6.20619E-01    3.79496E-01   -2.22211E-01    5.29820E-03    1.30054E-01
     8.19091E-02    3.93391E+00    3.50453E-01   -5.41630E-01    5.78975E-01   -1.35855E-01   -1.58986E+00    4.58611E-01   -1.78583E-01    5.37102E-02    6.17543E-01    3.78983E-01   -2.28132E-01    5.59790E-03    1.33416E-01
     8.41841E-02    3.93029E+00    3.59752E-01   -5.40295E-01    5.94205E-01   -1.39466E-01   -1.58415E+00    4.58199E-01   -1.83328E-01    5.51115E-02    6.14389E-01    3.78458E-01   -2.34017E-01    5.90522E-03    1.36750E-01
     8.64590E-02    3.92657E+00    3.69015E-01   -5.38926E-01    6.09368E-01   -1.43063E-01   -1.57830E+00    4.57777E-01   -1.88056E-01    5.65056E-02    6.11158E-01    3.77919E-01   -2.39866E-01    6.22008E-03    1.40053E-01
     8.87340E-02    3.92276E+00    3.78242E-01   -5.37523E-01    6.24460E-01   -1.46647E-01   -1.57230E+00    4.57343E-01   -1.92766E-01    5.78922E-02    6.07852E-01    3.77366E-01   -2.45678E-01    6.54243E-03    1.43327E-01
     9.10090E-02    3.91886E+00    3.87432E-01   -5.36085E-01    6.39481E-01   -1.50217E-01   -1.56617E+00    4.56900E-01   -1.97457E-01    5.92712E-02    6.04470E-01    3.76801E-01   -2.51453E-01    6.87219E-03    1.46569E-01
     9.32840E-02    3.91486E+00    3.96584E-01   -5.34613E-01    6.54430E-01   -1.53773E-01   -1.55990E+00    4.56445E-01   -2.02130E-01    6.06424E-02    6.01014E-01    3.76222E-01   -2.57189E-01    7.20929E-03    1.49780E-01
     9.55589E-02    3.91077E+00    4.05697E-01   -5.33108E-01    6.69304E-01   -1.57314E-01   -1.55348E+00    4.55980E-01   -2.06783E-01    6.20057E-02    5.97484E-01    3.75631E-01   -2.62885E-01    7.55366E-03    1.52959E-01
     9.78339E-02    3.90658E+00    4.14771E-01   -5.31568E-01    6.84103E-01   -1.60841E-01   -1.54693E+00    4.55504E-01   -2.11417E-01    6.33609E-02    5.93882E-01    3.75026E-01   -2.68542E-01    7.90522E-03    1.56105E-01
     1.00109E-01    3.90231E+00    4.23804E-01   -5.29995E-01    6.98824E-01   -1.64353E-01   -1.54025E+00    4.55018E-01   -2.16030E-01    6.47078E-02    5.90208E-01    3.74409E-01   -2.74157E-01    8.26390E-03    1.59217E-01
     1.02384E-01    3.89794E+00    4.32796E-01   -5.28389E-01    7.13466E-01   -1.67849E-01   -1.53342E+00    4.54521E-01   -2.20624E-01    6.60463E-02    5.86462E-01    3.73779E-01   -2.79731E-01    8.62962E-03    1.62296E-01
     1.04659E-01    3.89348E+00    4.41746E-01   -5.26749E-01    7.28029E-01   -1.71329E-01   -1.52647E+00    4.54014E-01   -2.25196E-01    6.73761E-02    5.82647E-01    3.73136E-01   -2.85263E-01    9.00231E-03    1.65340E-01
     1.06934E-01    3.88893E+00    4.50653E-01   -5.25076E-01    7.42509E-01   -1.74794E-01   -1.51938E+00    4.53497E-01   -2.29747E-01    6.86972E-02    5.78762E-01    3.72481E-01   -2.90751E-01    9.38188E-03    1.68349E-01
     1.09209E-01    3.88429E+00    4.59516E-01   -5.23371E-01    7.56906E-01   -1.78242E-01   -1.51216E+00    4.52969E-01   -2.34276E-01    7.00094E-02    5.74809E-01    3.71813E-01   -2.96196E-01    9.76826E-03    1.71322E-01
     1.11484E-01    3.87955E+00    4.68334E-01   -5.21632E-01    7.71219E-01   -1.81674E-01   -1.50481E+00    4.52431E-01   -2.38783E-01    7.13125E-02    5.70788E-01    3.71133E-01   -3.01595E-01    1.01614E-02    1.74258E-01
     1.13759E-01    3.87473E+00    4.77107E-01   -5.19862E-01    7.85446E-01   -1.85089E-01   -1.49733E+00    4.51882E-01   -2.43267E-01    7.26064E-02    5.66701E-01    3.70441E-01   -3.06950E-01    1.05611E-02    1.77158E-01
     1.16034E-01    3.86982E+00    4.85833E-01   -5.18059E-01    7.99586E-01   -1.88487E-01   -1.48972E+00    4.51324E-01   -2.47728E-01    7.38909E-02    5.62548E-01    3.69737E-01   -3.12258E-01    1.09674E-02    1.80020E-01
     1.18309E-01    3.86482E+00    4.94512E-01   -5.16224E-01    8.13638E-01   -1.91867E-01   -1.48199E+00    4.50755E-01   -2.52166E-01    7.51659E-02    5.58330E-01    3.69020E-01   -3.17520E-01    1.13802E-02    1.82845E-01
     1.20584E-01    3.85973E+00    5.03144E-01   -5.14357E-01    8.27599E-01   -1.95230E-01   -1.47413E+00    4.50177E-01   -2.56580E-01    7.64313E-02    5.54049E-01    3.68292E-01   -3.22734E-01    1.17993E-02    1.85631E-01
     1.22859E-01    3.85455E+00    5.11727E-01   -5.12458E-01    8.41469E-01   -1.98574E-01   -1.46615E+00    4.49588E-01   -2.60970E-01    7.76868E-02    5.49704E-01    3.67552E-01   -3.27900E-01    1.22247E-02    1.88378E-01
     1.25134E-01    3.84929E+00    5.20260E-01   -5.10528E-01    8.55247E-01   -2.01901E-01   -1.45804E+00    4.48989E-01   -2.65335E-01    7.89324E-02    5.45298E-01    3.66800E-01   -3.33017E-01    1.26564E-02    1.91086E-01
     1.27409E-01    3.84394E+00    5.28743E-01   -5.08567E-01    8.68932E-01   -2.05208E-01   -1.44981E+00    4.48381E-01   -2.69675E-01    8.01678E-02    5.40831E-01    3.66037E-01   -3.38085E-01    1.30941E-02    1.93754E-01
     1.29684E-01    3.83850E+00    5.37175E-01   -5.06575E-01    8.82521E-01   -2.08497E-01   -1.44147E+00    4.47762E-01   -2.73989E-01    8.13931E-02    5.36305E-01    3.65262E-01   -3.43103E-01    1.35379E-02    1.96381E-01
     1.31959E-01    3.83297E+00    5.45555E-01   -5.04552E-01    8.96015E-01   -2.11767E-01   -1.43300E+00    4.47134E-01   -2.78278E-01    8.26079E-02    5.31719E-01    3.64476E-01   -3.48070E-01    1.39876E-02    1.98968E-01
     1.34234E-01    3.82736E+00    5.53883E-01   -5.02498E-01    9.09411E-01   -2.15017E-01   -1.42442E+00    4.46496E-01   -2.82540E-01    8.38123E-02    5.27076E-01    3.63678E-01   -3.52987E-01    1.44432E-02    2.01514E-01
     1.36508E-01    3.82167E+00    5.62157E-01   -5.00414E-01    9.22709E-01   -2.18248E-01   -1.41572E+00    4.45848E-01   -2.86776E-01    8.50061E-02    5.22376E-01    3.62870E-01   -3.57851E-01    1.49045E-02    2.04017E-01
     1.38783E-01    3.81589E+00    5.70378E-01   -4.98300E-01    9.35908E-01   -2.21459E-01   -1.40691E+00    4.45191E-01   -2.90985E-01    8.61891E-02    5.17620E-01    3.62050E-01   -3.62663E-01    1.53714E-02    2.06479E-01
     1.41058E-01    3.81003E+00    5.78543E-01   -4.96156E-01    9.49006E-01   -2.24649E-01   -1.39799E+00    4.44525E-01   -2.95167E-01    8.73612E-02    5.12810E-01    3.61220E-01   -3.67422E-01    1.58439E-02    2.08899E-01
     1.43333E-01    3.80408E+00    5.86654E-01   -4.93982E-01    9.62002E-01   -2.27819E-01   -1.38895E+00    4.43848E-01   -2.99321E-01    8.85223E-02    5.07946E-01    3.60378E-01   -3.72128E-01    1.63219E-02    2.11276E-01
     1.45608E-01    3.79805E+00    5.94707E-01   -4.91779E-01    9.74895E-01   -2.30969E-01   -1.37981E+00    4.43163E-01   -3.03446E-01    8.96723E-02    5.03029E-01    3.59526E-01   -3.76780E-01    1.68052E-02    2.13609E-01
     1.47883E-01    3.79194E+00    6.02705E-01   -4.89546E-01    9.87685E-01   -2.34097E-01   -1.37055E+00    4.42468E-01   -3.07544E-01    9.08110E-02    4.98061E-01    3.58664E-01   -3.81377E-01    1.72937E-02    2.15899E-01
     1.50158E-01    3.78575E+00    6.10644E-01   -4.87285E-01    1.00037E+00   -2.37205E-01   -1.36119E+00    4.41763E-01   -3.11612E-01    9.19384E-02    4.93043E-01    3.57791E-01   -3.85919E-01    1.77875E-02    2.18145E-01
     1.52433E-01    3.77947E+00    6.18525E-01   -4.84995E-01    1.01295E+00   -2.40290E-01   -1.35173E+00    4.41050E-01   -3.15651E-01    9.30543E-02    4.87975E-01    3.56908E-01   -3.90406E-01    1.82863E-02    2.20347E-01
     1.54708E-01    3.77312E+00    6.26347E-01   -4.82676E-01    1.02542E+00   -2.43355E-01   -1.34216E+00    4.40327E-01   -3.19661E-01    9.41586E-02    4.82859E-01    3.56015E-01   -3.94836E-01    1.87900E-02    2.22505E-01
     1.56983E-01    3.76669E+00    6.34110E-01   -4.80329E-01    1.03779E+00   -2.46397E-01   -1.33249E+00    4.39595E-01   -3.23641E-01    9.52512E-02    4.77696E-01    3.55112E-01   -3.99211E-01    1.92986E-02    2.24618E-01
     1.59258E-01    3.76017E+00    6.41812E-01   -4.77954E-01    1.05004E+00   -2.49417E-01   -1.32271E+00    4.38855E-01   -3.27590E-01    9.63321E-02    4.72487E-01    3.54199E-01   -4.03528E-01    1.98120E-02    2.26685E-01
     1.61533E-01    3.75358E+00    6.49453E-01   -4.75551E-01    1.06219E+00   -2.52415E-01   -1.31284E+00    4.38105E-01   -3.31509E-01    9.74010E-02    4.67233E-01    3.53276E-01   -4.07789E-01    2.03300E-02    2.28707E-01
     1.63808E-01    3.74691E+00    6.57033E-01   -4.73121E-01    1.07423E+00   -2.55391E-01   -1.30287E+00    4.37346E-01   -3.35397E-01    9.84579E-02    4.61936E-01    3.52343E-01   -4.11991E-01    2.08525E-02    2.30684E-01
     1.66083E-01    3.74016E+00    6.64550E-01   -4.70664E-01    1.08616E+00   -2.58343E-01   -1.29280E+00    4.36579E-01   -3.39253E-01    9.95027E-02    4.56596E-01    3.51401E-01   -4.16136E-01    2.13795E-02    2.32615E-01
     1.68358E-01    3.73334E+00    6.72005E-01   -4.68179E-01    1.09797E+00   -2.61273E-01   -1.28264E+00    4.35803E-01   -3.43078E-01    1.00535E-01    4.51214E-01    3.50450E-01   -4.20222E-01    2.19109E-02    2.34500E-01
     1.70633E-01    3.72644E+00    6.79396E-01   -4.65668E-01    1.10967E+00   -2.64179E-01   -1.27239E+00    4.35018E-01   -3.46872E-01    1.01556E-01    4.45792E-01    3.49489E-01   -4.24249E-01    2.24465E-02    2.36338E-01
     1.72908E-01    3.71946E+00    6.86722E-01   -4.63131E-01    1.12126E+00   -2.67062E-01   -1.26204E+00    4.34225E-01   -3.50632E-01    1.02564E-01    4.40331E-01    3.48520E-01   -4.28217E-01    2.29862E-02    2.38130E-01
     1.75183E-01    3.71241E+00    6.93984E-01   -4.60567E-01    1.13273E+00   -2.69921E-01   -1.25160E+00    4.33423E-01   -3.54361E-01    1.03559E-01    4.34831E-01    3.47541E-01   -4.32125E-01    2.35299E-02    2.39875E-01
     1.77458E-01    3.70528E+00    7.01181E-01   -4.57977E-01    1.14409E+00   -2.72757E-01   -1.24108E+00    4.32612E-01   -3.58056E-01    1.04542E-01    4.29295E-01    3.46554E-01   -4.35974E-01    2.40776E-02    2.41574E-01
     1.79733E-01    3.69809E+00    7.08312E-01   -4.55361E-01    1.15534E+00   -2.75568E-01   -1.23047E+00    4.31794E-01   -3.61718E-01    1.05512E-01    4.23723E-01    3.45557E-01   -4.39762E-01    2.46290E-02    2.43225E-01
     1.82008E-01    3.69081E+00    7.15376E-01   -4.52720E-01    1.16646E+00   -2.78355E-01   -1.21977E+00    4.30966E-01   -3.65347E-01    1.06470E-01    4.18116E-01    3.44553E-01   -4.43490E-01    2.51842E-02    2.44829E-01
     1.84283E-01    3.68347E+00    7.22373E-01   -4.50054E-01    1.17747E+00   -2.81118E-01   -1.20899E+00    4.30131E-01   -3.68941E-01    1.07415E-01    4.12476E-01    3.43540E-01   -4.47157E-01    2.57430E-02    2.46386E-01
     1.86558E-01    3.67605E+00    7.29303E-01   -4.47363E-01    1.18837E+00   -2.83856E-01   -1.19812E+00    4.29288E-01   -3.72502E-01    1.08347E-01    4.06803E-01    3.42518E-01   -4.50763E-01    2.63052E-02    2.47895E-01
     1.88833E-01    3.66857E+00    7.36164E-01   -4.44647E-01    1.19914E+00   -2.86569E-01   -1.18718E+00    4.28436E-01   -3.76028E-01    1.09266E-01    4.01099E-01    3.41489E-01   -4.54308E-01    2.68708E-02    2.49357E-01
     1.91108E-01    3.66101E+00    7.42957E-01   -4.41907E-01    1.20980E+00   -2.89258E-01   -1.17615E+00    4.27577E-01   -3.79520E-01    1.10172E-01    3.95365E-01    3.40451E-01   -4.57791E-01    2.74397E-02    2.50771E-01
     1.93383E-01    3.65338E+00    7.49681E-01   -4.39143E-01    1.22033E+00   -2.91921E-01   -1.16505E+00    4.26710E-01   -3.82976E-01    1.11065E-01    3.89603E-01    3.39406E-01   -4.61213E-01    2.80118E-02    2.52138E-01
     1.95658E-01    3.64569E+00    7.56334E-01   -4.36354E-01    1.23075E+00   -2.94558E-01   -1.15387E+00    4.25834E-01   -3.86398E-01    1.11944E-01    3.83812E-01    3.38353E-01   -4.64572E-01    2.85869E-02    2.53456E-01
     1.97933E-01    3.63792E+00    7.62918E-01   -4.33543E-01    1.24105E+00   -2.97171E-01   -1.14262E+00    4.24952E-01   -3.89783E-01    1.12811E-01    3.77995E-01    3.37292E-01   -4.67870E-01    2.91650E-02    2.54727E-01
     2.00208E-01    3.63009E+00    7.69430E-01   -4.30708E-01    1.25122E+00   -2.99757E-01   -1.13129E+00    4.24061E-01   -3.93133E-01    1.13664E-01    3.72152E-01    3.36224E-01   -4.71105E-01    2.97459E-02    2.55950E-01
     2.02483E-01    3.62219E+00    7.75872E-01   -4.27850E-01    1.26128E+00   -3.02318E-01   -1.11990E+00    4.23163E-01   -3.96447E-01    1.14504E-01    3.66286E-01    3.35149E-01   -4.74277E-01    3.03295E-02    2.57125E-01
     2.04758E-01    3.61423E+00    7.82241E-01   -4.24969E-01    1.27121E+00   -3.04853E-01   -1.10843E+00    4.22257E-01   -3.99724E-01    1.15331E-01    3.60396E-01    3.34066E-01   -4.77387E-01    3.09157E-02    2.58252E-01
     2.07033E-01    3.60620E+00    7.88539E-01   -4.22066E-01    1.28102E+00   -3.07361E-01   -1.09689E+00    4.21344E-01   -4.02965E-01    1.16144E-01    3.54484E-01    3.32977E-01   -4.80434E-01    3.15045E-02    2.59331E-01
     2.09308E-01    3.59811E+00    7.94763E-01   -4.19141E-01    1.29071E+00   -3.09843E-01   -1.08529E+00    4.20424E-01   -4.06169E-01    1.16944E-01    3.48551E-01    3.31880E-01   -4.83418E-01    3.20956E-02    2.60362E-01
     2.11583E-01    3.58995E+00    8.00915E-01   -4.16194E-01    1.30027E+00   -3.12299E-01   -1.07362E+00    4.19496E-01   -4.09336E-01    1.17730E-01    3.42599E-01    3.30777E-01   -4.86339E-01    3.26891E-02    2.61345E-01
     2.13858E-01    3.58173E+00    8.06993E-01   -4.13225E-01    1.30972E+00   -3.14728E-01   -1.06189E+00    4.18561E-01   -4.12465E-01    1.18502E-01    3.36628E-01    3.29667E-01   -4.89197E-01    3.32847E-02    2.62281E-01
     2.16133E-01    3.57344E+00    8.12997E-01   -4.10234E-01    1.31904E+00   -3.17131E-01   -1.05009E+00    4.17619E-01   -4.15557E-01    1.19261E-01    3.30640E-01    3.28551E-01   -4.91991E-01    3.38824E-02    2.63168E-01
     2.18408E-01    3.56510E+00    8.18926E-01   -4.07223E-01    1.32823E+00   -3.19506E-01   -1.03824E+00    4.16671E-01   -4.18611E-01    1.20007E-01    3.24635E-01    3.27429E-01   -4.94723E-01    3.44821E-02    2.64008E-01
     2.20683E-01    3.55669E+00    8.24781E-01   -4.04191E-01    1.33730E+00   -3.21854E-01   -1.02632E+00    4.15715E-01   -4.21627E-01    1.20738E-01    3.18616E-01    3.26300E-01   -4.97390E-01    3.50836E-02    2.64800E-01
     2.22958E-01    3.54822E+00    8.30560E-01   -4.01139E-01    1.34625E+00   -3.24176E-01   -1.01435E+00    4.14752E-01   -4.24604E-01    1.21456E-01    3.12582E-01    3.25166E-01   -4.99995E-01    3.56869E-02    2.65544E-01
     2.25233E-01    3.53970E+00    8.36264E-01   -3.98066E-01    1.35507E+00   -3.26470E-01   -1.00232E+00    4.13783E-01   -4.27543E-01    1.22161E-01    3.06536E-01    3.24025E-01   -5.02536E-01    3.62918E-02    2.66241E-01
     2.27507E-01    3.53111E+00    8.41891E-01   -3.94973E-01    1.36377E+00   -3.28736E-01   -9.90242E-01    4.12807E-01   -4.30443E-01    1.22851E-01    3.00478E-01    3.22879E-01   -5.05013E-01    3.68982E-02    2.66891E-01
     2.29782E-01    3.52247E+00    8.47443E-01   -3.91861E-01    1.37234E+00   -3.30975E-01   -9.78106E-01    4.11824E-01   -4.33305E-01    1.23528E-01    2.94409E-01    3.21728E-01   -5.07427E-01    3.75061E-02    2.67493E-01
     2.32057E-01    3.51377E+00    8.52917E-01   -3.88729E-01    1.38078E+00   -3.33186E-01   -9.65918E-01    4.10835E-01   -4.36127E-01    1.24191E-01    2.88331E-01    3.20571E-01   -5.09778E-01    3.81153E-02    2.68048E-01
     2.34332E-01    3.50501E+00    8.58314E-01   -3.85579E-01    1.38910E+00   -3.35370E-01   -9.53680E-01    4.09840E-01   -4.38910E-01    1.24840E-01    2.82244E-01    3.19408E-01   -5.12065E-01    3.87256E-02    2.68556E-01
     2.36607E-01    3.49620E+00    8.63634E-01   -3.82409E-01    1.39730E+00   -3.37526E-01   -9.41394E-01    4.08839E-01   -4.41653E-01    1.25475E-01    2.76150E-01    3.18241E-01   -5.14289E-01    3.93371E-02    2.69017E-01
     2.38882E-01    3.48734E+00    8.68876E-01   -3.79221E-01    1.40537E+00   -3.39653E-01   -9.29060E-01    4.07831E-01   -4.44357E-01    1.26096E-01    2.70050E-01    3.17068E-01   -5.16449E-01    3.99496E-02    2.69432E-01
     2.41157E-01    3.47841E+00    8.74040E-01   -3.76015E-01    1.41331E+00   -3.41753E-01   -9.16680E-01    4.06817E-01   -4.47020E-01    1.26704E-01    2.63945E-01    3.15891E-01   -5.18546E-01    4.05630E-02    2.69799E-01
     2.43432E-01    3.46944E+00    8.79125E-01   -3.72791E-01    1.42113E+00   -3.43824E-01   -9.04257E-01    4.05797E-01   -4.49644E-01    1.27297E-01    2.57836E-01    3.14709E-01   -5.20579E-01    4.11772E-02    2.70121E-01
     2.45707E-01    3.46041E+00    8.84132E-01   -3.69549E-01    1.42882E+00   -3.45867E-01   -8.91790E-01    4.04771E-01   -4.52227E-01    1.27877E-01    2.51723E-01    3.13523E-01   -5.22550E-01    4.17920E-02    2.70396E-01
     2.47982E-01    3.45133E+00    8.89060E-01   -3.66290E-01    1.43639E+00   -3.47882E-01   -8.79281E-01    4.03739E-01   -4.54770E-01    1.28442E-01    2.45609E-01    3.12332E-01   -5.24457E-01    4.24074E-02    2.70626E-01
     2.50257E-01    3.44220E+00    8.93908E-01   -3.63013E-01    1.44382E+00   -3.49868E-01   -8.66733E-01    4.02702E-01   -4.57272E-01    1.28994E-01    2.39495E-01    3.11136E-01   -5.26302E-01    4.30233E-02    2.70810E-01
     2.52532E-01    3.43302E+00    8.98677E-01   -3.59720E-01    1.45114E+00   -3.51825E-01   -8.54146E-01    4.01659E-01   -4.59734E-01    1.29532E-01    2.33380E-01    3.09937E-01   -5.28084E-01    4.36396E-02    2.70948E-01
     2.54807E-01    3.42379E+00    9.03366E-01   -3.56411E-01    1.45832E+00   -3.53754E-01   -8.41522E-01    4.00610E-01   -4.62154E-01    1.30056E-01    2.27267E-01    3.08734E-01   -5.29803E-01    4.42561E-02    2.71041E-01
     2.57082E-01    3.41452E+00    9.07974E-01   -3.53085E-01    1.46538E+00   -3.55654E-01   -8.28862E-01    3.99556E-01   -4.64534E-01    1.30566E-01    2.21156E-01    3.07526E-01   -5.31459E-01    4.48727E-02    2.71089E-01
     2.59357E-01    3.40519E+00    9.12503E-01   -3.49744E-01    1.47232E+00   -3.57525E-01   -8.16168E-01    3.98496E-01   -4.66872E-01    1.31062E-01    2.15049E-01    3.06316E-01   -5.33053E-01    4.54895E-02    2.71093E-01
     2.61632E-01    3.39582E+00    9.16951E-01   -3.46386E-01    1.47912E+00   -3.59368E-01   -8.03441E-01    3.97432E-01   -4.69169E-01    1.31545E-01    2.08946E-01    3.05101E-01   -5.34585E-01    4.61062E-02    2.71052E-01
     2.63907E-01    3.38640E+00    9.21318E-01   -3.43014E-01    1.48580E+00   -3.61181E-01   -7.90681E-01    3.96362E-01   -4.71424E-01    1.32013E-01    2.02848E-01    3.03883E-01   -5.36055E-01    4.67227E-02    2.70966E-01
     2.66182E-01    3.37693E+00    9.25604E-01   -3.39626E-01    1.49236E+00   -3.62965E-01   -7.77892E-01    3.95287E-01   -4.73638E-01    1.32468E-01    1.96757E-01    3.02662E-01   -5.37462E-01    4.73390E-02    2.70837E-01
     2.68457E-01    3.36742E+00    9.29809E-01   -3.36224E-01    1.49879E+00   -3.64720E-01   -7.65074E-01    3.94207E-01   -4.75810E-01    1.32908E-01    1.90673E-01    3.01438E-01   -5.38809E-01    4.79550E-02    2.70664E-01
     2.70732E-01    3.35787E+00    9.33932E-01   -3.32807E-01    1.50509E+00   -3.66446E-01   -7.52228E-01    3.93122E-01   -4.77940E-01    1.33335E-01    1.84598E-01    3.00211E-01   -5.40093E-01    4.85705E-02    2.70449E-01
     2.73007E-01    3.34827E+00    9.37974E-01   -3.29376E-01    1.51127E+00   -3.68143E-01   -7.39356E-01    3.92032E-01   -4.80028E-01    1.33748E-01    1.78532E-01    2.98981E-01   -5.41317E-01    4.91855E-02    2.70190E-01
     2.75282E-01    3.33864E+00    9.41934E-01   -3.25931E-01    1.51732E+00   -3.69810E-01   -7.26458E-01    3.90938E-01   -4.82075E-01    1.34147E-01    1.72477E-01    2.97748E-01   -5.42479E-01    4.97998E-02    2.69888E-01
     2.77557E-01    3.32896E+00    9.45812E-01   -3.22472E-01    1.52324E+00   -3.71448E-01   -7.13537E-01    3.89839E-01   -4.84079E-01    1.34533E-01    1.66433E-01    2.96512E-01   -5.43581E-01    5.04134E-02    2.69544E-01
     2.79832E-01    3.31924E+00    9.49608E-01   -3.19000E-01    1.52904E+00   -3.73057E-01   -7.00594E-01    3.88735E-01   -4.86040E-01    1.34905E-01    1.60401E-01    2.95275E-01   -5.44622E-01    5.10262E-02    2.69158E-01
     2.82107E-01    3.30948E+00    9.53322E-01   -3.15515E-01    1.53471E+00   -3.74636E-01   -6.87629E-01    3.87627E-01   -4.87960E-01    1.35263E-01    1.54382E-01    2.94034E-01   -5.45603E-01    5.16380E-02    2.68731E-01
     2.84382E-01    3.29968E+00    9.56954E-01   -3.12017E-01    1.54026E+00   -3.76185E-01   -6.74645E-01    3.86515E-01   -4.89837E-01    1.35607E-01    1.48378E-01    2.92792E-01   -5.46524E-01    5.22489E-02    2.68262E-01
     2.86657E-01    3.28984E+00    9.60503E-01   -3.08507E-01    1.54568E+00   -3.77705E-01   -6.61642E-01    3.85399E-01   -4.91671E-01    1.35938E-01    1.42389E-01    2.91548E-01   -5.47385E-01    5.28586E-02    2.67753E-01
     2.88932E-01    3.27997E+00    9.63969E-01   -3.04985E-01    1.55098E+00   -3.79196E-01   -6.48622E-01    3.84278E-01   -4.93463E-01    1.36255E-01    1.36415E-01    2.90302E-01   -5.48187E-01    5.34671E-02    2.67203E-01
     2.91207E-01    3.27005E+00    9.67353E-01   -3.01450E-01    1.55616E+00   -3.80657E-01   -6.35585E-01    3.83154E-01   -4.95212E-01    1.36559E-01    1.30459E-01    2.89054E-01   -5.48930E-01    5.40743E-02    2.66613E-01
     2.93482E-01    3.26011E+00    9.70654E-01   -2.97904E-01    1.56120E+00   -3.82088E-01   -6.22534E-01    3.82025E-01   -4.96918E-01    1.36849E-01    1.24521E-01    2.87804E-01   -5.49614E-01    5.46801E-02    2.65983E-01
     2.95757E-01    3.25013E+00    9.73873E-01   -2.94347E-01    1.56613E+00   -3.83489E-01   -6.09468E-01    3.80893E-01   -4.98582E-01    1.37125E-01    1.18601E-01    2.86553E-01   -5.50239E-01    5.52845E-02    2.65314E-01
     2.98032E-01    3.24011E+00    9.77008E-01   -2.90779E-01    1.57093E+00   -3.84861E-01   -5.96391E-01    3.79756E-01   -5.00203E-01    1.37388E-01    1.12700E-01    2.85300E-01   -5.50807E-01    5.58873E-02    2.64606E-01
     3.00307E-01    3.23006E+00    9.80061E-01   -2.87199E-01    1.57560E+00   -3.86203E-01   -5.83301E-01    3.78617E-01   -5.01781E-01    1.37638E-01    1.06820E-01    2.84047E-01   -5.51316E-01    5.64884E-02    2.63859E-01
     3.02582E-01    3.21998E+00    9.83030E-01   -2.83610E-01    1.58015E+00   -3.87515E-01   -5.70202E-01    3.77473E-01   -5.03316E-01    1.37874E-01    1.00962E-01    2.82792E-01   -5.51768E-01    5.70878E-02    2.63075E-01
     3.04857E-01    3.20987E+00    9.85917E-01   -2.80010E-01    1.58458E+00   -3.88797E-01   -5.57094E-01    3.76327E-01   -5.04808E-01    1.38097E-01    9.51252E-02    2.81536E-01   -5.52163E-01    5.76854E-02    2.62253E-01
     3.07132E-01    3.19973E+00    9.88720E-01   -2.76400E-01    1.58889E+00   -3.90049E-01   -5.43978E-01    3.75177E-01   -5.06257E-01    1.38307E-01    8.93116E-02    2.80280E-01   -5.52502E-01    5.82810E-02    2.61393E-01
     3.09407E-01    3.18956E+00    9.91441E-01   -2.72781E-01    1.59307E+00   -3.91272E-01   -5.30855E-01    3.74023E-01   -5.07663E-01    1.38504E-01    8.35216E-02    2.79023E-01   -5.52783E-01    5.88747E-02    2.60497E-01
     3.11682E-01    3.17935E+00    9.94078E-01   -2.69152E-01    1.59713E+00   -3.92465E-01   -5.17726E-01    3.72867E-01   -5.09026E-01    1.38687E-01    7.77562E-02    2.77765E-01   -5.53009E-01    5.94662E-02    2.59564E-01
     3.13957E-01    3.16912E+00    9.96632E-01   -2.65514E-01    1.60106E+00   -3.93628E-01   -5.04593E-01    3.71707E-01   -5.10346E-01    1.38858E-01    7.20160E-02    2.76506E-01   -5.53180E-01    6.00556E-02    2.58596E-01
     3.16232E-01    3.15887E+00    9.99103E-01   -2.61867E-01    1.60488E+00   -3.94761E-01   -4.91456E-01    3.70545E-01   -5.11623E-01    1.39015E-01    6.63019E-02    2.75248E-01   -5.53295E-01    6.06428E-02    2.57592E-01
     3.18506E-01    3.14858E+00    1.00149E+00   -2.58212E-01    1.60857E+00   -3.95864E-01   -4.78317E-01    3.69379E-01   -5.12857E-01    1.39159E-01    6.06147E-02    2.73989E-01   -5.53355E-01    6.12276E-02    2.56553E-01
     3.20781E-01    3.13827E+00    1.00380E+00   -2.54548E-01    1.61214E+00   -3.96937E-01   -4.65177E-01    3.68211E-01   -5.14047E-01    1.39291E-01    5.49550E-02    2.72730E-01   -5.53360E-01    6.18101E-02    2.55479E-01
     3.23056E-01    3.12794E+00    1.00602E+00   -2.50877E-01    1.61559E+00   -3.97980E-01   -4.52037E-01    3.67041E-01   -5.15195E-01    1.39409E-01    4.93236E-02    2.71471E-01   -5.53312E-01    6.23900E-02    2.54372E-01
     3.25331E-01    3.11758E+00    1.00816E+00   -2.47198E-01    1.61891E+00   -3.98994E-01   -4.38897E-01    3.65867E-01   -5.16300E-01    1.39515E-01    4.37213E-02    2.70213E-01   -5.53210E-01    6.29674E-02    2.53230E-01
     3.27606E-01    3.10720E+00    1.01021E+00   -2.43511E-01    1.62212E+00   -3.99977E-01   -4.25760E-01    3.64691E-01   -5.17362E-01    1.39608E-01    3.81487E-02    2.68954E-01   -5.53056E-01    6.35422E-02    2.52056E-01
     3.29881E-01    3.09680E+00    1.01219E+00   -2.39817E-01    1.62520E+00   -4.00931E-01   -4.12625E-01    3.63513E-01   -5.18380E-01    1.39689E-01    3.26066E-02    2.67696E-01   -5.52848E-01    6.41142E-02    2.50849E-01
     3.32156E-01    3.08637E+00    1.01408E+00   -2.36116E-01    1.62817E+00   -4.01855E-01   -3.99494E-01    3.62333E-01   -5.19356E-01    1.39757E-01    2.70956E-02    2.66439E-01   -5.52588E-01    6.46835E-02    2.49610E-01
     3.34431E-01    3.07593E+00    1.01588E+00   -2.32409E-01    1.63101E+00   -4.02749E-01   -3.86368E-01    3.61150E-01   -5.20289E-01    1.39812E-01    2.16164E-02    2.65182E-01   -5.52276E-01    6.52499E-02    2.48340E-01
     3.36706E-01    3.06546E+00    1.01761E+00   -2.28695E-01    1.63374E+00   -4.03613E-01   -3.73248E-01    3.59966E-01   -5.21179E-01    1.39855E-01    1.61697E-02    2.63926E-01   -5.51913E-01    6.58134E-02    2.47038E-01
     3.38981E-01    3.05498E+00    1.01925E+00   -2.24976E-01    1.63634E+00   -4.04447E-01   -3.60135E-01    3.58779E-01   -5.22026E-01    1.39886E-01    1.07561E-02    2.62671E-01   -5.51499E-01    6.63739E-02    2.45706E-01
     3.41256E-01    3.04447E+00    1.02081E+00   -2.21250E-01    1.63883E+00   -4.05251E-01   -3.47030E-01    3.57591E-01   -5.22830E-01    1.39904E-01    5.37620E-03    2.61417E-01   -5.51034E-01    6.69314E-02    2.44343E-01
     3.43531E-01    3.03395E+00    1.02229E+00   -2.17519E-01    1.64120E+00   -4.06026E-01   -3.33933E-01    3.56400E-01   -5.23591E-01    1.39910E-01    3.07115E-05    2.60164E-01   -5.50520E-01    6.74857E-02    2.42951E-01
     3.45806E-01    3.02342E+00    1.02369E+00   -2.13783E-01    1.64345E+00   -4.06771E-01   -3.20847E-01    3.55208E-01   -5.24310E-01    1.39904E-01   -5.27980E-03    2.58912E-01   -5.49956E-01    6.80367E-02    2.41530E-01
     3.48081E-01    3.01286E+00    1.02500E+00   -2.10042E-01    1.64558E+00   -4.07486E-01   -3.07771E-01    3.54015E-01   -5.24986E-01    1.39886E-01   -1.05547E-02    2.57662E-01   -5.49342E-01    6.85846E-02    2.40080E-01
     3.50356E-01    3.00230E+00    1.02623E+00   -2.06296E-01    1.64759E+00   -4.08171E-01   -2.94707E-01    3.52820E-01   -5.25620E-01    1.39856E-01   -1.57935E-02    2.56413E-01   -5.48681E-01    6.91291E-02    2.38602E-01
     3.52631E-01    2.99172E+00    1.02739E+00   -2.02545E-01    1.64948E+00   -4.08827E-01   -2.81655E-01    3.51623E-01   -5.26211E-01    1.39814E-01   -2.09956E-02    2.55165E-01   -5.47971E-01    6.96702E-02    2.37097E-01
     3.54906E-01    2.98112E+00    1.02846E+00   -1.98791E-01    1.65126E+00   -4.09453E-01   -2.68617E-01    3.50425E-01   -5.26760E-01    1.39761E-01   -2.61603E-02    2.53919E-01   -5.47213E-01    7.02078E-02    2.35564E-01
     3.57181E-01    2.97051E+00    1.02944E+00   -1.95032E-01    1.65292E+00   -4.10049E-01   -2.55593E-01    3.49226E-01   -5.27266E-01    1.39695E-01   -3.12873E-02    2.52675E-01   -5.46409E-01    7.07420E-02    2.34005E-01
     3.59456E-01    2.95990E+00    1.03035E+00   -1.91270E-01    1.65446E+00   -4.10615E-01   -2.42585E-01    3.48026E-01   -5.27730E-01    1.39618E-01   -3.63758E-02    2.51433E-01   -5.45558E-01    7.12725E-02    2.32420E-01
     3.61731E-01    2.94927E+00    1.03118E+00   -1.87505E-01    1.65589E+00   -4.11153E-01   -2.29593E-01    3.46825E-01   -5.28153E-01    1.39530E-01   -4.14255E-02    2.50193E-01   -5.44661E-01    7.17995E-02    2.30810E-01
     3.64006E-01    2.93863E+00    1.03192E+00   -1.83736E-01    1.65720E+00   -4.11660E-01   -2.16618E-01    3.45623E-01   -5.28533E-01    1.39430E-01   -4.64359E-02    2.48955E-01   -5.43718E-01    7.23227E-02    2.29174E-01
     3.66281E-01    2.92798E+00    1.03259E+00   -1.79965E-01    1.65840E+00   -4.12138E-01   -2.03661E-01    3.44421E-01   -5.28871E-01    1.39319E-01   -5.14063E-02    2.47719E-01   -5.42730E-01    7.28422E-02    2.27515E-01
     3.68556E-01    2.91732E+00    1.03317E+00   -1.76191E-01    1.65948E+00   -4.12587E-01   -1.90722E-01    3.43217E-01   -5.29167E-01    1.39196E-01   -5.63365E-02    2.46486E-01   -5.41698E-01    7.33578E-02    2.25831E-01
     3.70831E-01    2.90666E+00    1.03368E+00   -1.72414E-01    1.66044E+00   -4.13006E-01   -1.77804E-01    3.42013E-01   -5.29422E-01    1.39062E-01   -6.12258E-02    2.45255E-01   -5.40622E-01    7.38697E-02    2.24124E-01
     3.73106E-01    2.89599E+00    1.03410E+00   -1.68636E-01    1.66129E+00   -4.13396E-01   -1.64906E-01    3.40808E-01   -5.29635E-01    1.38917E-01   -6.60738E-02    2.44026E-01   -5.39502E-01    7.43776E-02    2.22394E-01
     3.75381E-01    2.88531E+00    1.03445E+00   -1.64855E-01    1.66203E+00   -4.13756E-01   -1.52029E-01    3.39603E-01   -5.29807E-01    1.38762E-01   -7.08801E-02    2.42800E-01   -5.38339E-01    7.48815E-02    2.20642E-01
     3.77656E-01    2.87463E+00    1.03471E+00   -1.61074E-01    1.66265E+00   -4.14088E-01   -1.39174E-01    3.38398E-01   -5.29937E-01    1.38595E-01   -7.56444E-02    2.41577E-01   -5.37134E-01    7.53815E-02    2.18868E-01
     3.79931E-01    2.86394E+00    1.03490E+00   -1.57291E-01    1.66316E+00   -4.14390E-01   -1.26343E-01    3.37192E-01   -5.30027E-01    1.38418E-01   -8.03660E-02    2.40356E-01   -5.35886E-01    7.58774E-02    2.17073E-01
     3.82206E-01    2.85325E+00    1.03501E+00   -1.53506E-01    1.66355E+00   -4.14662E-01   -1.13535E-01    3.35986E-01   -5.30075E-01    1.38229E-01   -8.50448E-02    2.39138E-01   -5.34598E-01    7.63691E-02    2.15257E-01
     3.84481E-01    2.84256E+00    1.03504E+00   -1.49722E-01    1.66383E+00   -4.14906E-01   -1.00752E-01    3.34780E-01   -5.30082E-01    1.38031E-01   -8.96802E-02    2.37924E-01   -5.33268E-01    7.68568E-02    2.13422E-01
     3.86756E-01    2.83187E+00    1.03499E+00   -1.45936E-01    1.66400E+00   -4.15121E-01   -8.79947E-02    3.33574E-01   -5.30049E-01    1.37821E-01   -9.42719E-02    2.36712E-01   -5.31898E-01    7.73402E-02    2.11566E-01
     3.89031E-01    2.82117E+00    1.03486E+00   -1.42151E-01    1.66405E+00   -4.15307E-01   -7.52634E-02    3.32369E-01   -5.29975E-01    1.37602E-01   -9.88196E-02    2.35504E-01   -5.30489E-01    7.78194E-02    2.09692E-01
     3.91306E-01    2.81048E+00    1.03466E+00   -1.38365E-01    1.66400E+00   -4.15463E-01   -6.25593E-02    3.31163E-01   -5.29860E-01    1.37372E-01   -1.03323E-01    2.34298E-01   -5.29040E-01    7.82942E-02    2.07799E-01
     3.93581E-01    2.79978E+00    1.03438E+00   -1.34579E-01    1.66383E+00   -4.15591E-01   -4.98831E-02    3.29958E-01   -5.29706E-01    1.37132E-01   -1.07781E-01    2.33097E-01   -5.27552E-01    7.87648E-02    2.05888E-01
     3.95856E-01    2.78909E+00    1.03402E+00   -1.30795E-01    1.66355E+00   -4.15690E-01   -3.72356E-02    3.28753E-01   -5.29511E-01    1.36881E-01   -1.12195E-01    2.31898E-01   -5.26027E-01    7.92310E-02    2.03960E-01
     3.98131E-01    2.77840E+00    1.03359E+00   -1.27011E-01    1.66315E+00   -4.15761E-01   -2.46175E-02    3.27548E-01   -5.29276E-01    1.36621E-01   -1.16563E-01    2.30703E-01   -5.24463E-01    7.96928E-02    2.02015E-01
     4.00406E-01    2.76771E+00    1.03308E+00   -1.23227E-01    1.66265E+00   -4.15802E-01   -1.20297E-02    3.26345E-01   -5.29002E-01    1.36351E-01   -1.20885E-01    2.29512E-01   -5.22863E-01    8.01502E-02    2.00054E-01
     4.02681E-01    2.75703E+00    1.03249E+00   -1.19446E-01    1.66204E+00   -4.15815E-01    5.27014E-04    3.25142E-01   -5.28688E-01    1.36071E-01   -1.25162E-01    2.28324E-01   -5.21226E-01    8.06030E-02    1.98076E-01
     4.04956E-01    2.74635E+00    1.03183E+00   -1.15665E-01    1.66131E+00   -4.15800E-01    1.30519E-02    3.23939E-01   -5.28335E-01    1.35782E-01   -1.29392E-01    2.27140E-01   -5.19553E-01    8.10514E-02    1.96084E-01
     4.07231E-01    2.73567E+00    1.03109E+00   -1.11887E-01    1.66048E+00   -4.15756E-01    2.55442E-02    3.22738E-01   -5.27942E-01    1.35483E-01   -1.33576E-01    2.25960E-01   -5.17845E-01    8.14952E-02    1.94077E-01
     4.09505E-01    2.72500E+00    1.03028E+00   -1.08110E-01    1.65953E+00   -4.15684E-01    3.80031E-02    3.21537E-01   -5.27511E-01    1.35174E-01   -1.37713E-01    2.24784E-01   -5.16101E-01    8.19344E-02    1.92055E-01
     4.11780E-01    2.71434E+00    1.02939E+00   -1.04336E-01    1.65848E+00   -4.15583E-01    5.04279E-02    3.20338E-01   -5.27040E-01    1.34856E-01   -1.41803E-01    2.23612E-01   -5.14324E-01    8.23690E-02    1.90020E-01
     4.14055E-01    2.70369E+00    1.02843E+00   -1.00564E-01    1.65731E+00   -4.15454E-01    6.28177E-02    3.19139E-01   -5.26532E-01    1.34529E-01   -1.45846E-01    2.22444E-01   -5.12512E-01    8.27990E-02    1.87972E-01
     4.16330E-01    2.69304E+00    1.02739E+00   -9.67955E-02    1.65604E+00   -4.15297E-01    7.51718E-02    3.17942E-01   -5.25984E-01    1.34192E-01   -1.49841E-01    2.21280E-01   -5.10668E-01    8.32243E-02    1.85912E-01
     4.18605E-01    2.68241E+00    1.02628E+00   -9.30296E-02    1.65466E+00   -4.15112E-01    8.74895E-02    3.16746E-01   -5.25399E-01    1.33847E-01   -1.53789E-01    2.20121E-01   -5.08791E-01    8.36449E-02    1.83839E-01
     4.20880E-01    2.67178E+00    1.02510E+00   -8.92670E-02    1.65317E+00   -4.14899E-01    9.97699E-02    3.15551E-01   -5.24776E-01    1.33493E-01   -1.57689E-01    2.18965E-01   -5.06881E-01    8.40607E-02    1.81754E-01
     4.23155E-01    2.66116E+00    1.02385E+00   -8.55078E-02    1.65157E+00   -4.14658E-01    1.12012E-01    3.14358E-01   -5.24115E-01    1.33130E-01   -1.61541E-01    2.17814E-01   -5.04940E-01    8.44718E-02    1.79659E-01
     4.25430E-01    2.65056E+00    1.02252E+00   -8.17525E-02    1.64987E+00   -4.14390E-01    1.24216E-01    3.13167E-01   -5.23416E-01    1.32758E-01   -1.65345E-01    2.16668E-01   -5.02969E-01    8.48782E-02    1.77553E-01
     4.27705E-01    2.63997E+00    1.02113E+00   -7.80011E-02    1.64806E+00   -4.14093E-01    1.36380E-01    3.11977E-01   -5.22680E-01    1.32377E-01   -1.69101E-01    2.15526E-01   -5.00966E-01    8.52797E-02    1.75438E-01
     4.29980E-01    2.62939E+00    1.01966E+00   -7.42540E-02    1.64614E+00   -4.13769E-01    1.48504E-01    3.10789E-01   -5.21908E-01    1.31988E-01   -1.72808E-01    2.14388E-01   -4.98934E-01    8.56764E-02    1.73313E-01
     4.32255E-01    2.61882E+00    1.01812E+00   -7.05114E-02    1.64411E+00   -4.13418E-01    1.60587E-01    3.09602E-01   -5.21098E-01    1.31591E-01   -1.76467E-01    2.13256E-01   -4.96872E-01    8.60682E-02    1.71179E-01
     4.34530E-01    2.60827E+00    1.01651E+00   -6.67734E-02    1.64198E+00   -4.13039E-01    1.72627E-01    3.08418E-01   -5.20252E-01    1.31186E-01   -1.80077E-01    2.12128E-01   -4.94782E-01    8.64552E-02    1.69036E-01
     4.36805E-01    2.59773E+00    1.01483E+00   -6.30405E-02    1.63974E+00   -4.12632E-01    1.84626E-01    3.07235E-01   -5.19369E-01    1.30772E-01   -1.83639E-01    2.11005E-01   -4.92663E-01    8.68373E-02    1.66886E-01
     4.39080E-01    2.58721E+00    1.01308E+00   -5.93128E-02    1.63739E+00   -4.12199E-01    1.96581E-01    3.06055E-01   -5.18450E-01    1.30350E-01   -1.87151E-01    2.09886E-01   -4.90517E-01    8.72145E-02    1.64728E-01
     4.41355E-01    2.57671E+00    1.01126E+00   -5.55905E-02    1.63494E+00   -4.11738E-01    2.08491E-01    3.04876E-01   -5.17496E-01    1.29920E-01   -1.90615E-01    2.08773E-01   -4.88343E-01    8.75868E-02    1.62564E-01
     4.43630E-01    2.56622E+00    1.00937E+00   -5.18740E-02    1.63239E+00   -4.11250E-01    2.20357E-01    3.03700E-01   -5.16506E-01    1.29483E-01   -1.94029E-01    2.07664E-01   -4.86143E-01    8.79542E-02    1.60393E-01
     4.45905E-01    2.55575E+00    1.00742E+00   -4.81634E-02    1.62972E+00   -4.10735E-01    2.32177E-01    3.02526E-01   -5.15480E-01    1.29038E-01   -1.97395E-01    2.06561E-01   -4.83916E-01    8.83166E-02    1.58216E-01
     4.48180E-01    2.54530E+00    1.00540E+00   -4.44589E-02    1.62696E+00   -4.10194E-01    2.43951E-01    3.01355E-01   -5.14420E-01    1.28585E-01   -2.00711E-01    2.05462E-01   -4.81664E-01    8.86741E-02    1.56034E-01
     4.50455E-01    2.53487E+00    1.00331E+00   -4.07609E-02    1.62409E+00   -4.09625E-01    2.55677E-01    3.00186E-01   -5.13325E-01    1.28124E-01   -2.03979E-01    2.04369E-01   -4.79387E-01    8.90266E-02    1.53847E-01
     4.52730E-01    2.52446E+00    1.00115E+00   -3.70695E-02    1.62112E+00   -4.09030E-01    2.67355E-01    2.99019E-01   -5.12195E-01    1.27657E-01   -2.07197E-01    2.03281E-01   -4.77086E-01    8.93741E-02    1.51656E-01
     4.55005E-01    2.51407E+00    9.98928E-01   -3.33849E-02    1.61804E+00   -4.08409E-01    2.78985E-01    2.97855E-01   -5.11031E-01    1.27182E-01   -2.10366E-01    2.02199E-01   -4.74761E-01    8.97166E-02    1.49461E-01
     4.57280E-01    2.50370E+00    9.96640E-01   -2.97075E-02    1.61486E+00   -4.07761E-01    2.90565E-01    2.96694E-01   -5.09833E-01    1.26699E-01   -2.13485E-01    2.01121E-01   -4.72412E-01    9.00541E-02    1.47262E-01
     4.59555E-01    2.49336E+00    9.94287E-01   -2.60375E-02    1.61157E+00   -4.07087E-01    3.02094E-01    2.95535E-01   -5.08601E-01    1.26210E-01   -2.16556E-01    2.00049E-01   -4.70041E-01    9.03866E-02    1.45061E-01
     4.61830E-01    2.48303E+00    9.91869E-01   -2.23750E-02    1.60819E+00   -4.06387E-01    3.13572E-01    2.94380E-01   -5.07336E-01    1.25714E-01   -2.19577E-01    1.98983E-01   -4.67647E-01    9.07141E-02    1.42857E-01
     4.64105E-01    2.47274E+00    9.89387E-01   -1.87204E-02    1.60470E+00   -4.05660E-01    3.24999E-01    2.93227E-01   -5.06038E-01    1.25211E-01   -2.22549E-01    1.97921E-01   -4.65231E-01    9.10366E-02    1.40651E-01
     4.66380E-01    2.46246E+00    9.86841E-01   -1.50738E-02    1.60111E+00   -4.04908E-01    3.36372E-01    2.92077E-01   -5.04706E-01    1.24702E-01   -2.25473E-01    1.96866E-01   -4.62794E-01    9.13541E-02    1.38444E-01
     4.68655E-01    2.45221E+00    9.84233E-01   -1.14355E-02    1.59741E+00   -4.04130E-01    3.47692E-01    2.90931E-01   -5.03343E-01    1.24185E-01   -2.28346E-01    1.95816E-01   -4.60337E-01    9.16665E-02    1.36236E-01
     4.70930E-01    2.44199E+00    9.81561E-01   -7.80575E-03    1.59362E+00   -4.03326E-01    3.58957E-01    2.89787E-01   -5.01947E-01    1.23663E-01   -2.31171E-01    1.94771E-01   -4.57859E-01    9.19739E-02    1.34027E-01
     4.73205E-01    2.43179E+00    9.78828E-01   -4.18471E-03    1.58973E+00   -4.02497E-01    3.70168E-01    2.88647E-01   -5.00519E-01    1.23134E-01   -2.33947E-01    1.93732E-01   -4.55362E-01    9.22763E-02    1.31819E-01
     4.75480E-01    2.42162E+00    9.76033E-01   -5.72652E-04    1.58573E+00   -4.01642E-01    3.81322E-01    2.87510E-01   -4.99059E-01    1.22598E-01   -2.36674E-01    1.92699E-01   -4.52845E-01    9.25737E-02    1.29610E-01
     4.77755E-01    2.41147E+00    9.73178E-01    3.03021E-03    1.58164E+00   -4.00762E-01    3.92419E-01    2.86376E-01   -4.97568E-01    1.22057E-01   -2.39353E-01    1.91672E-01   -4.50310E-01    9.28661E-02    1.27403E-01
     4.80030E-01    2.40136E+00    9.70262E-01    6.62364E-03    1.57744E+00   -3.99856E-01    4.03459E-01    2.85246E-01   -4.96045E-01    1.21509E-01   -2.41982E-01    1.90651E-01   -4.47756E-01    9.31534E-02    1.25197E-01
     4.82305E-01    2.39127E+00    9.67286E-01    1.02074E-02    1.57315E+00   -3.98926E-01    4.14440E-01    2.84119E-01   -4.94492E-01    1.20956E-01   -2.44563E-01    1.89635E-01   -4.45185E-01    9.34357E-02    1.22992E-01
     4.84580E-01    2.38122E+00    9.64251E-01    1.37813E-02    1.56875E+00   -3.97971E-01    4.25362E-01    2.82996E-01   -4.92909E-01    1.20397E-01   -2.47096E-01    1.88625E-01   -4.42597E-01    9.37130E-02    1.20790E-01
     4.86855E-01    2.37119E+00    9.61157E-01    1.73451E-02    1.56426E+00   -3.96991E-01    4.36224E-01    2.81877E-01   -4.91295E-01    1.19832E-01   -2.49580E-01    1.87621E-01   -4.39992E-01    9.39853E-02    1.18591E-01
     4.89130E-01    2.36120E+00    9.58005E-01    2.08985E-02    1.55967E+00   -3.95986E-01    4.47025E-01    2.80761E-01   -4.89651E-01    1.19261E-01   -2.52016E-01    1.86623E-01   -4.37371E-01    9.42526E-02    1.16394E-01
     4.91405E-01    2.35123E+00    9.54796E-01    2.44414E-02    1.55499E+00   -3.94957E-01    4.57764E-01    2.79649E-01   -4.87978E-01    1.18685E-01   -2.54403E-01    1.85631E-01   -4.34734E-01    9.45149E-02    1.14201E-01
     4.93680E-01    2.34130E+00    9.51530E-01    2.79736E-02    1.55020E+00   -3.93903E-01    4.68441E-01    2.78541E-01   -4.86275E-01    1.18104E-01   -2.56743E-01    1.84645E-01   -4.32083E-01    9.47722E-02    1.12012E-01
     4.95955E-01    2.33140E+00    9.48207E-01    3.14947E-02    1.54532E+00   -3.92825E-01    4.79054E-01    2.77436E-01   -4.84544E-01    1.17517E-01   -2.59035E-01    1.83665E-01   -4.29416E-01    9.50245E-02    1.09828E-01
     4.98230E-01    2.32154E+00    9.44828E-01    3.50046E-02    1.54034E+00   -3.91723E-01    4.89602E-01    2.76336E-01   -4.82784E-01    1.16925E-01   -2.61279E-01    1.82691E-01   -4.26736E-01    9.52719E-02    1.07648E-01
     5.00504E-01    2.31170E+00    9.41395E-01    3.85031E-02    1.53527E+00   -3.90598E-01    5.00086E-01    2.75240E-01   -4.80996E-01    1.16328E-01   -2.63476E-01    1.81723E-01   -4.24042E-01    9.55143E-02    1.05473E-01
     5.02779E-01    2.30191E+00    9.37906E-01    4.19900E-02    1.53010E+00   -3.89448E-01    5.10503E-01    2.74147E-01   -4.79179E-01    1.15726E-01   -2.65625E-01    1.80762E-01   -4.21334E-01    9.57518E-02    1.03305E-01
     5.05054E-01    2.29215E+00    9.34364E-01    4.54649E-02    1.52484E+00   -3.88275E-01    5.20854E-01    2.73059E-01   -4.77335E-01    1.15120E-01   -2.67727E-01    1.79806E-01   -4.18614E-01    9.59844E-02    1.01142E-01
     5.07329E-01    2.28242E+00    9.30768E-01    4.89278E-02    1.51948E+00   -3.87078E-01    5.31137E-01    2.71976E-01   -4.75464E-01    1.14508E-01   -2.69783E-01    1.78857E-01   -4.15882E-01    9.62120E-02    9.89851E-02
     5.09604E-01    2.27273E+00    9.27119E-01    5.23784E-02    1.51403E+00   -3.85858E-01    5.41352E-01    2.70896E-01   -4.73566E-01    1.13892E-01   -2.71791E-01    1.77914E-01   -4.13138E-01    9.64347E-02    9.68354E-02
     5.11879E-01    2.26308E+00    9.23418E-01    5.58165E-02    1.50848E+00   -3.84615E-01    5.51497E-01    2.69821E-01   -4.71641E-01    1.13272E-01   -2.73753E-01    1.76977E-01   -4.10383E-01    9.66526E-02    9.46929E-02
     5.14154E-01    2.25346E+00    9.19666E-01    5.92419E-02    1.50285E+00   -3.83349E-01    5.61572E-01    2.68750E-01   -4.69690E-01    1.12647E-01   -2.75669E-01    1.76047E-01   -4.07617E-01    9.68656E-02    9.25580E-02
     5.16429E-01    2.24388E+00    9.15862E-01    6.26543E-02    1.49712E+00   -3.82060E-01    5.71575E-01    2.67684E-01   -4.67712E-01    1.12017E-01   -2.77539E-01    1.75123E-01   -4.04841E-01    9.70737E-02    9.04311E-02
     5.18704E-01    2.23435E+00    9.12008E-01    6.60536E-02    1.49130E+00   -3.80749E-01    5.81507E-01    2.66622E-01   -4.65709E-01    1.11384E-01   -2.79363E-01    1.74205E-01   -4.02054E-01    9.72771E-02    8.83125E-02
     5.20979E-01    2.22485E+00    9.08104E-01    6.94396E-02    1.48538E+00   -3.79414E-01    5.91366E-01    2.65565E-01   -4.63681E-01    1.10746E-01   -2.81141E-01    1.73294E-01   -3.99259E-01    9.74756E-02    8.62027E-02
     5.23254E-01    2.21539E+00    9.04151E-01    7.28120E-02    1.47938E+00   -3.78058E-01    6.01152E-01    2.64512E-01   -4.61628E-01    1.10105E-01   -2.82874E-01    1.72388E-01   -3.96454E-01    9.76693E-02    8.41020E-02
     5.25529E-01    2.20597E+00    9.00150E-01    7.61706E-02    1.47329E+00   -3.76679E-01    6.10862E-01    2.63465E-01   -4.59550E-01    1.09459E-01   -2.84561E-01    1.71490E-01   -3.93640E-01    9.78582E-02    8.20107E-02
     5.27804E-01    2.19659E+00    8.96100E-01    7.95153E-02    1.46711E+00   -3.75279E-01    6.20498E-01    2.62422E-01   -4.57447E-01    1.08810E-01   -2.86204E-01    1.70597E-01   -3.90819E-01    9.80424E-02    7.99292E-02
     5.30079E-01    2.18725E+00    8.92003E-01    8.28458E-02    1.46084E+00   -3.73856E-01    6.30057E-01    2.61383E-01   -4.55321E-01    1.08157E-01   -2.87802E-01    1.69711E-01   -3.87990E-01    9.82219E-02    7.78579E-02
     5.32354E-01    2.17795E+00    8.87860E-01    8.61620E-02    1.45448E+00   -3.72412E-01    6.39539E-01    2.60350E-01   -4.53171E-01    1.07501E-01   -2.89356E-01    1.68832E-01   -3.85154E-01    9.83967E-02    7.57972E-02
     5.34629E-01    2.16870E+00    8.83670E-01    8.94636E-02    1.44804E+00   -3.70946E-01    6.48943E-01    2.59321E-01   -4.50998E-01    1.06841E-01   -2.90866E-01    1.67959E-01   -3.82311E-01    9.85668E-02    7.37473E-02
     5.36904E-01    2.15949E+00    8.79435E-01    9.27504E-02    1.44151E+00   -3.69459E-01    6.58269E-01    2.58298E-01   -4.48801E-01    1.06177E-01   -2.92332E-01    1.67093E-01   -3.79461E-01    9.87323E-02    7.17086E-02
     5.39179E-01    2.15032E+00    8.75156E-01    9.60223E-02    1.43489E+00   -3.67951E-01    6.67514E-01    2.57279E-01   -4.46583E-01    1.05510E-01   -2.93755E-01    1.66233E-01   -3.76606E-01    9.88931E-02    6.96814E-02
     5.41454E-01    2.14120E+00    8.70832E-01    9.92790E-02    1.42819E+00   -3.66422E-01    6.76680E-01    2.56266E-01   -4.44341E-01    1.04841E-01   -2.95134E-01    1.65379E-01   -3.73745E-01    9.90493E-02    6.76661E-02
     5.43729E-01    2.13212E+00    8.66464E-01    1.02520E-01    1.42140E+00   -3.64872E-01    6.85764E-01    2.55258E-01   -4.42078E-01    1.04168E-01   -2.96471E-01    1.64532E-01   -3.70878E-01    9.92010E-02    6.56630E-02
     5.46004E-01    2.12308E+00    8.62054E-01    1.05746E-01    1.41454E+00   -3.63302E-01    6.94766E-01    2.54255E-01   -4.39793E-01    1.03492E-01   -2.97764E-01    1.63692E-01   -3.68007E-01    9.93481E-02    6.36723E-02
     5.48279E-01    2.11409E+00    8.57601E-01    1.08956E-01    1.40758E+00   -3.61711E-01    7.03684E-01    2.53257E-01   -4.37487E-01    1.02813E-01   -2.99016E-01    1.62858E-01   -3.65132E-01    9.94907E-02    6.16945E-02
     5.50554E-01    2.10515E+00    8.53107E-01    1.12151E-01    1.40055E+00   -3.60100E-01    7.12520E-01    2.52264E-01   -4.35160E-01    1.02131E-01   -3.00226E-01    1.62030E-01   -3.62253E-01    9.96288E-02    5.97299E-02
     5.52829E-01    2.09625E+00    8.48572E-01    1.15329E-01    1.39344E+00   -3.58470E-01    7.21270E-01    2.51277E-01   -4.32813E-01    1.01447E-01   -3.01394E-01    1.61209E-01   -3.59370E-01    9.97625E-02    5.77786E-02
     5.55104E-01    2.08740E+00    8.43997E-01    1.18491E-01    1.38624E+00   -3.56819E-01    7.29935E-01    2.50295E-01   -4.30445E-01    1.00760E-01   -3.02521E-01    1.60395E-01   -3.56484E-01    9.98917E-02    5.58411E-02
     5.57379E-01    2.07860E+00    8.39382E-01    1.21636E-01    1.37897E+00   -3.55148E-01    7.38514E-01    2.49318E-01   -4.28058E-01    1.00070E-01   -3.03606E-01    1.59587E-01   -3.53596E-01    1.00017E-01    5.39176E-02
     5.59654E-01    2.06984E+00    8.34728E-01    1.24765E-01    1.37162E+00   -3.53459E-01    7.47006E-01    2.48347E-01   -4.25650E-01    9.93786E-02   -3.04652E-01    1.58786E-01   -3.50705E-01    1.00137E-01    5.20084E-02
     5.61929E-01    2.06114E+00    8.30035E-01    1.27877E-01    1.36419E+00   -3.51750E-01    7.55410E-01    2.47382E-01   -4.23224E-01    9.86843E-02   -3.05656E-01    1.57992E-01   -3.47812E-01    1.00253E-01    5.01138E-02
     5.64204E-01    2.05248E+00    8.25305E-01    1.30972E-01    1.35668E+00   -3.50022E-01    7.63726E-01    2.46422E-01   -4.20779E-01    9.79879E-02   -3.06621E-01    1.57204E-01   -3.44917E-01    1.00365E-01    4.82340E-02
     5.66479E-01    2.04387E+00    8.20537E-01    1.34050E-01    1.34910E+00   -3.48275E-01    7.71952E-01    2.45467E-01   -4.18315E-01    9.72893E-02   -3.07547E-01    1.56422E-01   -3.42021E-01    1.00473E-01    4.63694E-02
     5.68754E-01    2.03531E+00    8.15733E-01    1.37110E-01    1.34144E+00   -3.46509E-01    7.80089E-01    2.44518E-01   -4.15833E-01    9.65886E-02   -3.08433E-01    1.55648E-01   -3.39124E-01    1.00576E-01    4.45202E-02
     5.71029E-01    2.02679E+00    8.10894E-01    1.40153E-01    1.33371E+00   -3.44726E-01    7.88134E-01    2.43575E-01   -4.13333E-01    9.58859E-02   -3.09280E-01    1.54879E-01   -3.36227E-01    1.00675E-01    4.26867E-02
     5.73304E-01    2.01833E+00    8.06019E-01    1.43178E-01    1.32591E+00   -3.42923E-01    7.96088E-01    2.42638E-01   -4.10816E-01    9.51814E-02   -3.10089E-01    1.54118E-01   -3.33329E-01    1.00770E-01    4.08691E-02
     5.75579E-01    2.00992E+00    8.01110E-01    1.46186E-01    1.31803E+00   -3.41103E-01    8.03949E-01    2.41706E-01   -4.08282E-01    9.44751E-02   -3.10859E-01    1.53363E-01   -3.30431E-01    1.00861E-01    3.90677E-02
     5.77854E-01    2.00156E+00    7.96167E-01    1.49175E-01    1.31008E+00   -3.39266E-01    8.11717E-01    2.40780E-01   -4.05731E-01    9.37670E-02   -3.11592E-01    1.52614E-01   -3.27534E-01    1.00948E-01    3.72827E-02
     5.80129E-01    1.99325E+00    7.91190E-01    1.52147E-01    1.30207E+00   -3.37410E-01    8.19392E-01    2.39860E-01   -4.03163E-01    9.30574E-02   -3.12287E-01    1.51872E-01   -3.24638E-01    1.01031E-01    3.55143E-02
     5.82404E-01    1.98500E+00    7.86181E-01    1.55100E-01    1.29398E+00   -3.35537E-01    8.26972E-01    2.38946E-01   -4.00579E-01    9.23462E-02   -3.12945E-01    1.51137E-01   -3.21743E-01    1.01110E-01    3.37629E-02
     5.84679E-01    1.97679E+00    7.81140E-01    1.58034E-01    1.28583E+00   -3.33648E-01    8.34457E-01    2.38037E-01   -3.97980E-01    9.16335E-02   -3.13567E-01    1.50409E-01   -3.18849E-01    1.01184E-01    3.20286E-02
     5.86954E-01    1.96864E+00    7.76068E-01    1.60950E-01    1.27761E+00   -3.31741E-01    8.41846E-01    2.37135E-01   -3.95365E-01    9.09195E-02   -3.14152E-01    1.49686E-01   -3.15958E-01    1.01255E-01    3.03116E-02
     5.89229E-01    1.96054E+00    7.70965E-01    1.63847E-01    1.26932E+00   -3.29817E-01    8.49139E-01    2.36238E-01   -3.92735E-01    9.02042E-02   -3.14702E-01    1.48971E-01   -3.13068E-01    1.01322E-01    2.86122E-02
     5.91503E-01    1.95249E+00    7.65833E-01    1.66725E-01    1.26097E+00   -3.27877E-01    8.56335E-01    2.35348E-01   -3.90090E-01    8.94876E-02   -3.15216E-01    1.48262E-01   -3.10181E-01    1.01386E-01    2.69306E-02
     5.93778E-01    1.94450E+00    7.60670E-01    1.69584E-01    1.25256E+00   -3.25921E-01    8.63433E-01    2.34463E-01   -3.87431E-01    8.87700E-02   -3.15694E-01    1.47560E-01   -3.07296E-01    1.01445E-01    2.52670E-02
     5.96053E-01    1.93656E+00    7.55480E-01    1.72424E-01    1.24409E+00   -3.23949E-01    8.70433E-01    2.33585E-01   -3.84758E-01    8.80513E-02   -3.16138E-01    1.46864E-01   -3.04415E-01    1.01501E-01    2.36217E-02
     5.98328E-01    1.92867E+00    7.50261E-01    1.75245E-01    1.23555E+00   -3.21961E-01    8.77334E-01    2.32713E-01   -3.82071E-01    8.73316E-02   -3.16548E-01    1.46175E-01   -3.01537E-01    1.01552E-01    2.19947E-02
     6.00603E-01    1.92084E+00    7.45014E-01    1.78046E-01    1.22695E+00   -3.19957E-01    8.84135E-01    2.31847E-01   -3.79370E-01    8.66110E-02   -3.16924E-01    1.45492E-01   -2.98662E-01    1.01601E-01    2.03863E-02
     6.02878E-01    1.91307E+00    7.39741E-01    1.80827E-01    1.21830E+00   -3.17938E-01    8.90836E-01    2.30987E-01   -3.76657E-01    8.58896E-02   -3.17267E-01    1.44816E-01   -2.95791E-01    1.01645E-01    1.87967E-02
     6.05153E-01    1.90534E+00    7.34442E-01    1.83589E-01    1.20958E+00   -3.15904E-01    8.97437E-01    2.30133E-01   -3.73931E-01    8.51675E-02   -3.17576E-01    1.44146E-01   -2.92925E-01    1.01686E-01    1.72262E-02
     6.07428E-01    1.89768E+00    7.29117E-01    1.86331E-01    1.20081E+00   -3.13855E-01    9.03937E-01    2.29285E-01   -3.71192E-01    8.44447E-02   -3.17852E-01    1.43483E-01   -2.90063E-01    1.01724E-01    1.56747E-02
     6.09703E-01    1.89007E+00    7.23767E-01    1.89053E-01    1.19199E+00   -3.11791E-01    9.10335E-01    2.28444E-01   -3.68441E-01    8.37213E-02   -3.18097E-01    1.42826E-01   -2.87206E-01    1.01758E-01    1.41426E-02
     6.11978E-01    1.88251E+00    7.18393E-01    1.91754E-01    1.18311E+00   -3.09713E-01    9.16631E-01    2.27609E-01   -3.65679E-01    8.29974E-02   -3.18309E-01    1.42176E-01   -2.84354E-01    1.01788E-01    1.26300E-02
     6.14253E-01    1.87501E+00    7.12996E-01    1.94436E-01    1.17418E+00   -3.07621E-01    9.22824E-01    2.26780E-01   -3.62905E-01    8.22730E-02   -3.18490E-01    1.41532E-01   -2.81507E-01    1.01815E-01    1.11371E-02
     6.16528E-01    1.86757E+00    7.07575E-01    1.97097E-01    1.16520E+00   -3.05514E-01    9.28915E-01    2.25958E-01   -3.60120E-01    8.15483E-02   -3.18640E-01    1.40895E-01   -2.78665E-01    1.01839E-01    9.66396E-03
     6.18803E-01    1.86019E+00    7.02132E-01    1.99737E-01    1.15617E+00   -3.03394E-01    9.34902E-01    2.25142E-01   -3.57324E-01    8.08233E-02   -3.18759E-01    1.40265E-01   -2.75830E-01    1.01859E-01    8.21085E-03
     6.21078E-01    1.85286E+00    6.96668E-01    2.02357E-01    1.14709E+00   -3.01261E-01    9.40785E-01    2.24332E-01   -3.54518E-01    8.00980E-02   -3.18848E-01    1.39640E-01   -2.73000E-01    1.01876E-01    6.77786E-03
     6.23353E-01    1.84559E+00    6.91182E-01    2.04956E-01    1.13796E+00   -2.99114E-01    9.46564E-01    2.23529E-01   -3.51702E-01    7.93725E-02   -3.18907E-01    1.39022E-01   -2.70177E-01    1.01890E-01    5.36516E-03
     6.25628E-01    1.83837E+00    6.85675E-01    2.07535E-01    1.12878E+00   -2.96954E-01    9.52238E-01    2.22732E-01   -3.48876E-01    7.86470E-02   -3.18937E-01    1.38411E-01   -2.67360E-01    1.01900E-01    3.97287E-03
     6.27903E-01    1.83122E+00    6.80149E-01    2.10092E-01    1.11956E+00   -2.94781E-01    9.57808E-01    2.21941E-01   -3.46040E-01    7.79214E-02   -3.18938E-01    1.37806E-01   -2.64550E-01    1.01908E-01    2.60115E-03
     6.30178E-01    1.82412E+00    6.74604E-01    2.12629E-01    1.11030E+00   -2.92596E-01    9.63272E-01    2.21157E-01   -3.43195E-01    7.71959E-02   -3.18911E-01    1.37207E-01   -2.61747E-01    1.01912E-01    1.25011E-03
     6.32453E-01    1.81708E+00    6.69040E-01    2.15144E-01    1.10099E+00   -2.90398E-01    9.68631E-01    2.20380E-01   -3.40342E-01    7.64704E-02   -3.18855E-01    1.36615E-01   -2.58951E-01    1.01914E-01   -8.01099E-05
     6.34728E-01    1.81010E+00    6.63458E-01    2.17638E-01    1.09164E+00   -2.88189E-01    9.73883E-01    2.19609E-01   -3.37479E-01    7.57451E-02   -3.18771E-01    1.36029E-01   -2.56163E-01    1.01912E-01   -1.38939E-03
     6.37003E-01    1.80317E+00    6.57858E-01    2.20111E-01    1.08225E+00   -2.85967E-01    9.79030E-01    2.18844E-01   -3.34609E-01    7.50200E-02   -3.18661E-01    1.35449E-01   -2.53382E-01    1.01907E-01   -2.67762E-03
     6.39278E-01    1.79631E+00    6.52241E-01    2.22562E-01    1.07283E+00   -2.83734E-01    9.84071E-01    2.18086E-01   -3.31730E-01    7.42952E-02   -3.18523E-01    1.34876E-01   -2.50609E-01    1.01900E-01   -3.94469E-03
     6.41553E-01    1.78950E+00    6.46609E-01    2.24992E-01    1.06337E+00   -2.81490E-01    9.89005E-01    2.17335E-01   -3.28844E-01    7.35708E-02   -3.18359E-01    1.34309E-01   -2.47845E-01    1.01889E-01   -5.19047E-03
     6.43828E-01    1.78276E+00    6.40961E-01    2.27401E-01    1.05387E+00   -2.79234E-01    9.93832E-01    2.16590E-01   -3.25951E-01    7.28467E-02   -3.18169E-01    1.33748E-01   -2.45088E-01    1.01876E-01   -6.41488E-03
     6.46103E-01    1.77607E+00    6.35297E-01    2.29787E-01    1.04433E+00   -2.76968E-01    9.98552E-01    2.15852E-01   -3.23051E-01    7.21232E-02   -3.17953E-01    1.33194E-01   -2.42340E-01    1.01860E-01   -7.61781E-03
     6.48378E-01    1.76944E+00    6.29619E-01    2.32152E-01    1.03477E+00   -2.74691E-01    1.00317E+00    2.15120E-01   -3.20144E-01    7.14001E-02   -3.17712E-01    1.32646E-01   -2.39600E-01    1.01842E-01   -8.79917E-03
     6.50653E-01    1.76287E+00    6.23928E-01    2.34495E-01    1.02517E+00   -2.72404E-01    1.00767E+00    2.14395E-01   -3.17230E-01    7.06776E-02   -3.17447E-01    1.32104E-01   -2.36870E-01    1.01820E-01   -9.95886E-03
     6.52928E-01    1.75636E+00    6.18223E-01    2.36817E-01    1.01554E+00   -2.70106E-01    1.01207E+00    2.13677E-01   -3.14310E-01    6.99557E-02   -3.17157E-01    1.31568E-01   -2.34148E-01    1.01796E-01   -1.10968E-02
     6.55203E-01    1.74992E+00    6.12505E-01    2.39116E-01    1.00589E+00   -2.67799E-01    1.01636E+00    2.12965E-01   -3.11385E-01    6.92346E-02   -3.16843E-01    1.31038E-01   -2.31435E-01    1.01770E-01   -1.22129E-02
     6.57478E-01    1.74353E+00    6.06776E-01    2.41393E-01    9.96202E-01   -2.65482E-01    1.02055E+00    2.12260E-01   -3.08454E-01    6.85141E-02   -3.16506E-01    1.30515E-01   -2.28732E-01    1.01741E-01   -1.33071E-02
     6.59753E-01    1.73720E+00    6.01034E-01    2.43649E-01    9.86492E-01   -2.63156E-01    1.02462E+00    2.11562E-01   -3.05518E-01    6.77945E-02   -3.16146E-01    1.29998E-01   -2.26038E-01    1.01709E-01   -1.43794E-02
     6.62028E-01    1.73093E+00    5.95282E-01    2.45882E-01    9.76756E-01   -2.60820E-01    1.02859E+00    2.10870E-01   -3.02577E-01    6.70757E-02   -3.15763E-01    1.29487E-01   -2.23354E-01    1.01675E-01   -1.54295E-02
     6.64303E-01    1.72472E+00    5.89519E-01    2.48093E-01    9.66997E-01   -2.58476E-01    1.03245E+00    2.10185E-01   -2.99631E-01    6.63578E-02   -3.15358E-01    1.28981E-01   -2.20680E-01    1.01639E-01   -1.64576E-02
     6.66578E-01    1.71858E+00    5.83747E-01    2.50282E-01    9.57216E-01   -2.56123E-01    1.03621E+00    2.09507E-01   -2.96680E-01    6.56409E-02   -3.14931E-01    1.28482E-01   -2.18016E-01    1.01600E-01   -1.74635E-02
     6.68853E-01    1.71249E+00    5.77965E-01    2.52448E-01    9.47414E-01   -2.53761E-01    1.03986E+00    2.08835E-01   -2.93726E-01    6.49249E-02   -3.14483E-01    1.27989E-01   -2.15362E-01    1.01560E-01   -1.84472E-02
     6.71128E-01    1.70646E+00    5.72175E-01    2.54592E-01    9.37593E-01   -2.51391E-01    1.04340E+00    2.08170E-01   -2.90768E-01    6.42100E-02   -3.14014E-01    1.27503E-01   -2.12718E-01    1.01517E-01   -1.94085E-02
     6.73403E-01    1.70050E+00    5.66376E-01    2.56714E-01    9.27753E-01   -2.49014E-01    1.04683E+00    2.07512E-01   -2.87806E-01    6.34962E-02   -3.13525E-01    1.27022E-01   -2.10084E-01    1.01471E-01   -2.03476E-02
     6.75678E-01    1.69460E+00    5.60570E-01    2.58814E-01    9.17897E-01   -2.46629E-01    1.05016E+00    2.06861E-01   -2.84841E-01    6.27835E-02   -3.13015E-01    1.26547E-01   -2.07461E-01    1.01424E-01   -2.12642E-02
     6.77953E-01    1.68875E+00    5.54756E-01    2.60890E-01    9.08025E-01   -2.44236E-01    1.05338E+00    2.06216E-01   -2.81873E-01    6.20720E-02   -3.12485E-01    1.26078E-01   -2.04849E-01    1.01375E-01   -2.21585E-02
     6.80228E-01    1.68297E+00    5.48936E-01    2.62945E-01    8.98140E-01   -2.41836E-01    1.05649E+00    2.05578E-01   -2.78902E-01    6.13617E-02   -3.11937E-01    1.25615E-01   -2.02247E-01    1.01323E-01   -2.30303E-02
     6.82502E-01    1.67725E+00    5.43110E-01    2.64977E-01    8.88241E-01   -2.39429E-01    1.05949E+00    2.04947E-01   -2.75929E-01    6.06527E-02   -3.11369E-01    1.25157E-01   -1.99657E-01    1.01270E-01   -2.38796E-02
     6.84777E-01    1.67159E+00    5.37279E-01    2.66986E-01    8.78331E-01   -2.37015E-01    1.06240E+00    2.04323E-01   -2.72953E-01    5.99450E-02   -3.10783E-01    1.24706E-01   -1.97077E-01    1.01215E-01   -2.47064E-02
     6.87052E-01    1.66599E+00    5.31443E-01    2.68973E-01    8.68411E-01   -2.34595E-01    1.06519E+00    2.03705E-01   -2.69975E-01    5.92387E-02   -3.10179E-01    1.24261E-01   -1.94509E-01    1.01157E-01   -2.55106E-02
     6.89327E-01    1.66046E+00    5.25602E-01    2.70938E-01    8.58482E-01   -2.32169E-01    1.06788E+00    2.03094E-01   -2.66996E-01    5.85337E-02   -3.09557E-01    1.23821E-01   -1.91951E-01    1.01098E-01   -2.62923E-02
     6.91602E-01    1.65498E+00    5.19757E-01    2.72879E-01    8.48545E-01   -2.29736E-01    1.07046E+00    2.02490E-01   -2.64016E-01    5.78302E-02   -3.08918E-01    1.23387E-01   -1.89405E-01    1.01038E-01   -2.70514E-02
     6.93877E-01    1.64957E+00    5.13909E-01    2.74798E-01    8.38603E-01   -2.27298E-01    1.07294E+00    2.01893E-01   -2.61034E-01    5.71282E-02   -3.08263E-01    1.22959E-01   -1.86871E-01    1.00975E-01   -2.77878E-02
     6.96152E-01    1.64422E+00    5.08058E-01    2.76695E-01    8.28655E-01   -2.24855E-01    1.07531E+00    2.01303E-01   -2.58051E-01    5.64276E-02   -3.07590E-01    1.22537E-01   -1.84348E-01    1.00911E-01   -2.85017E-02
     6.98427E-01    1.63893E+00    5.02204E-01    2.78569E-01    8.18703E-01   -2.22406E-01    1.07758E+00    2.00719E-01   -2.55067E-01    5.57287E-02   -3.06902E-01    1.22121E-01   -1.81836E-01    1.00846E-01   -2.91929E-02
     7.00702E-01    1.63370E+00    4.96349E-01    2.80420E-01    8.08750E-01   -2.19952E-01    1.07975E+00    2.00142E-01   -2.52083E-01    5.50313E-02   -3.06198E-01    1.21710E-01   -1.79336E-01    1.00779E-01   -2.98615E-02
     7.02977E-01    1.62853E+00    4.90492E-01    2.82249E-01    7.98794E-01   -2.17493E-01    1.08181E+00    1.99572E-01   -2.49099E-01    5.43355E-02   -3.05479E-01    1.21305E-01   -1.76848E-01    1.00710E-01   -3.05075E-02
     7.05252E-01    1.62343E+00    4.84634E-01    2.84054E-01    7.88839E-01   -2.15030E-01    1.08377E+00    1.99009E-01   -2.46115E-01    5.36414E-02   -3.04745E-01    1.20905E-01   -1.74372E-01    1.00640E-01   -3.11308E-02
     7.07527E-01    1.61838E+00    4.78776E-01    2.85838E-01    7.78886E-01   -2.12562E-01    1.08562E+00    1.98452E-01   -2.43131E-01    5.29489E-02   -3.03997E-01    1.20511E-01   -1.71908E-01    1.00568E-01   -3.17315E-02
     7.09802E-01    1.61340E+00    4.72918E-01    2.87598E-01    7.68934E-01   -2.10090E-01    1.08737E+00    1.97903E-01   -2.40148E-01    5.22582E-02   -3.03234E-01    1.20123E-01   -1.69456E-01    1.00495E-01   -3.23096E-02
     7.12077E-01    1.60848E+00    4.67061E-01    2.89336E-01    7.58987E-01   -2.07615E-01    1.08902E+00    1.97360E-01   -2.37165E-01    5.15692E-02   -3.02458E-01    1.19740E-01   -1.67016E-01    1.00421E-01   -3.28651E-02
     7.14352E-01    1.60362E+00    4.61204E-01    2.91052E-01    7.49044E-01   -2.05135E-01    1.09057E+00    1.96823E-01   -2.34183E-01    5.08820E-02   -3.01669E-01    1.19363E-01   -1.64588E-01    1.00346E-01   -3.33979E-02
     7.16627E-01    1.59882E+00    4.55349E-01    2.92744E-01    7.39107E-01   -2.02653E-01    1.09202E+00    1.96294E-01   -2.31203E-01    5.01967E-02   -3.00866E-01    1.18991E-01   -1.62172E-01    1.00269E-01   -3.39082E-02
     7.18902E-01    1.59408E+00    4.49496E-01    2.94415E-01    7.29177E-01   -2.00167E-01    1.09337E+00    1.95772E-01   -2.28224E-01    4.95131E-02   -3.00051E-01    1.18625E-01   -1.59768E-01    1.00192E-01   -3.43959E-02
     7.21177E-01    1.58941E+00    4.43645E-01    2.96062E-01    7.19256E-01   -1.97678E-01    1.09462E+00    1.95256E-01   -2.25246E-01    4.88315E-02   -2.99224E-01    1.18264E-01   -1.57376E-01    1.00113E-01   -3.48611E-02
     7.23452E-01    1.58480E+00    4.37797E-01    2.97687E-01    7.09344E-01   -1.95186E-01    1.09577E+00    1.94747E-01   -2.22271E-01    4.81517E-02   -2.98385E-01    1.17909E-01   -1.54997E-01    1.00033E-01   -3.53037E-02
     7.25727E-01    1.58025E+00    4.31952E-01    2.99290E-01    6.99443E-01   -1.92692E-01    1.09682E+00    1.94244E-01   -2.19297E-01    4.74738E-02   -2.97535E-01    1.17559E-01   -1.52630E-01    9.99522E-02   -3.57238E-02
     7.28002E-01    1.57575E+00    4.26111E-01    3.00870E-01    6.89553E-01   -1.90196E-01    1.09777E+00    1.93749E-01   -2.16326E-01    4.67979E-02   -2.96673E-01    1.17215E-01   -1.50276E-01    9.98705E-02   -3.61214E-02
     7.30277E-01    1.57133E+00    4.20274E-01    3.02427E-01    6.79676E-01   -1.87698E-01    1.09862E+00    1.93260E-01   -2.13357E-01    4.61240E-02   -2.95801E-01    1.16875E-01   -1.47934E-01    9.97879E-02   -3.64966E-02
     7.32552E-01    1.56696E+00    4.14441E-01    3.03962E-01    6.69813E-01   -1.85197E-01    1.09938E+00    1.92778E-01   -2.10391E-01    4.54521E-02   -2.94919E-01    1.16541E-01   -1.45604E-01    9.97045E-02   -3.68494E-02
     7.34827E-01    1.56265E+00    4.08613E-01    3.05475E-01    6.59964E-01   -1.82696E-01    1.10004E+00    1.92303E-01   -2.07427E-01    4.47821E-02   -2.94026E-01    1.16213E-01   -1.43287E-01    9.96203E-02   -3.71798E-02
     7.37102E-01    1.55841E+00    4.02791E-01    3.06965E-01    6.50132E-01   -1.80192E-01    1.10061E+00    1.91834E-01   -2.04467E-01    4.41143E-02   -2.93124E-01    1.15890E-01   -1.40983E-01    9.95353E-02   -3.74878E-02
     7.39377E-01    1.55422E+00    3.96975E-01    3.08433E-01    6.40316E-01   -1.77688E-01    1.10108E+00    1.91373E-01   -2.01510E-01    4.34484E-02   -2.92213E-01    1.15571E-01   -1.38691E-01    9.94497E-02   -3.77736E-02
     7.41652E-01    1.55010E+00    3.91165E-01    3.09878E-01    6.30518E-01   -1.75183E-01    1.10145E+00    1.90917E-01   -1.98557E-01    4.27847E-02   -2.91292E-01    1.15258E-01   -1.36411E-01    9.93635E-02   -3.80371E-02
     7.43927E-01    1.54604E+00    3.85361E-01    3.11302E-01    6.20739E-01   -1.72676E-01    1.10173E+00    1.90469E-01   -1.95607E-01    4.21231E-02   -2.90363E-01    1.14951E-01   -1.34144E-01    9.92767E-02   -3.82783E-02
     7.46202E-01    1.54204E+00    3.79565E-01    3.12703E-01    6.10980E-01   -1.70170E-01    1.10192E+00    1.90027E-01   -1.92661E-01    4.14636E-02   -2.89426E-01    1.14648E-01   -1.31890E-01    9.91893E-02   -3.84974E-02
     7.48477E-01    1.53810E+00    3.73775E-01    3.14082E-01    6.01241E-01   -1.67663E-01    1.10202E+00    1.89592E-01   -1.89719E-01    4.08062E-02   -2.88481E-01    1.14351E-01   -1.29648E-01    9.91015E-02   -3.86944E-02
     7.50752E-01    1.53422E+00    3.67994E-01    3.15438E-01    5.91525E-01   -1.65156E-01    1.10202E+00    1.89164E-01   -1.86782E-01    4.01510E-02   -2.87528E-01    1.14058E-01   -1.27418E-01    9.90133E-02   -3.88693E-02
     7.53027E-01    1.53040E+00    3.62221E-01    3.16773E-01    5.81830E-01   -1.62649E-01    1.10193E+00    1.88743E-01   -1.83849E-01    3.94980E-02   -2.86568E-01    1.13771E-01   -1.25202E-01    9.89247E-02   -3.90221E-02
     7.55302E-01    1.52664E+00    3.56456E-01    3.18086E-01    5.72159E-01   -1.60142E-01    1.10176E+00    1.88328E-01   -1.80920E-01    3.88471E-02   -2.85602E-01    1.13489E-01   -1.22997E-01    9.88357E-02   -3.91530E-02
     7.57577E-01    1.52294E+00    3.50700E-01    3.19376E-01    5.62513E-01   -1.57636E-01    1.10149E+00    1.87919E-01   -1.77996E-01    3.81985E-02   -2.84628E-01    1.13211E-01   -1.20806E-01    9.87465E-02   -3.92619E-02
     7.59852E-01    1.51931E+00    3.44953E-01    3.20645E-01    5.52892E-01   -1.55130E-01    1.10113E+00    1.87518E-01   -1.75078E-01    3.75521E-02   -2.83649E-01    1.12939E-01   -1.18626E-01    9.86571E-02   -3.93490E-02
     7.62127E-01    1.51573E+00    3.39216E-01    3.21892E-01    5.43296E-01   -1.52626E-01    1.10069E+00    1.87123E-01   -1.72164E-01    3.69079E-02   -2.82663E-01    1.12671E-01   -1.16460E-01    9.85675E-02   -3.94143E-02
     7.64402E-01    1.51221E+00    3.33489E-01    3.23117E-01    5.33727E-01   -1.50122E-01    1.10016E+00    1.86735E-01   -1.69255E-01    3.62660E-02   -2.81672E-01    1.12409E-01   -1.14306E-01    9.84778E-02   -3.94578E-02
     7.66677E-01    1.50876E+00    3.27773E-01    3.24320E-01    5.24186E-01   -1.47620E-01    1.09954E+00    1.86353E-01   -1.66352E-01    3.56263E-02   -2.80675E-01    1.12151E-01   -1.12164E-01    9.83880E-02   -3.94795E-02
     7.68952E-01    1.50536E+00    3.22066E-01    3.25502E-01    5.14674E-01   -1.45120E-01    1.09884E+00    1.85978E-01   -1.63455E-01    3.49890E-02   -2.79673E-01    1.11899E-01   -1.10035E-01    9.82982E-02   -3.94797E-02
     7.71227E-01    1.50202E+00    3.16371E-01    3.26662E-01    5.05190E-01   -1.42621E-01    1.09805E+00    1.85609E-01   -1.60563E-01    3.43538E-02   -2.78667E-01    1.11651E-01   -1.07918E-01    9.82084E-02   -3.94583E-02
     7.73501E-01    1.49874E+00    3.10688E-01    3.27801E-01    4.95736E-01   -1.40124E-01    1.09717E+00    1.85247E-01   -1.57678E-01    3.37210E-02   -2.77656E-01    1.11408E-01   -1.05814E-01    9.81187E-02   -3.94153E-02
     7.75776E-01    1.49553E+00    3.05016E-01    3.28918E-01    4.86313E-01   -1.37629E-01    1.09622E+00    1.84892E-01   -1.54798E-01    3.30905E-02   -2.76642E-01    1.11169E-01   -1.03722E-01    9.80291E-02   -3.93509E-02
     7.78051E-01    1.49237E+00    2.99355E-01    3.30014E-01    4.76921E-01   -1.35136E-01    1.09518E+00    1.84543E-01   -1.51925E-01    3.24623E-02   -2.75623E-01    1.10936E-01   -1.01642E-01    9.79396E-02   -3.92652E-02
     7.80326E-01    1.48927E+00    2.93708E-01    3.31088E-01    4.67561E-01   -1.32646E-01    1.09406E+00    1.84200E-01   -1.49058E-01    3.18365E-02   -2.74601E-01    1.10707E-01   -9.95749E-02    9.78504E-02   -3.91580E-02
     7.82601E-01    1.48623E+00    2.88072E-01    3.32141E-01    4.58234E-01   -1.30158E-01    1.09285E+00    1.83865E-01   -1.46198E-01    3.12129E-02   -2.73575E-01    1.10483E-01   -9.75199E-02    9.77615E-02   -3.90297E-02
     7.84876E-01    1.48325E+00    2.82450E-01    3.33173E-01    4.48940E-01   -1.27673E-01    1.09157E+00    1.83535E-01   -1.43344E-01    3.05917E-02   -2.72547E-01    1.10263E-01   -9.54772E-02    9.76729E-02   -3.88801E-02
     7.87151E-01    1.48032E+00    2.76841E-01    3.34184E-01    4.39679E-01   -1.25192E-01    1.09021E+00    1.83212E-01   -1.40497E-01    2.99728E-02   -2.71515E-01    1.10048E-01   -9.34466E-02    9.75846E-02   -3.87094E-02
     7.89426E-01    1.47746E+00    2.71245E-01    3.35173E-01    4.30453E-01   -1.22713E-01    1.08877E+00    1.82896E-01   -1.37657E-01    2.93563E-02   -2.70482E-01    1.09838E-01   -9.14282E-02    9.74968E-02   -3.85177E-02
     7.91701E-01    1.47466E+00    2.65664E-01    3.36142E-01    4.21262E-01   -1.20238E-01    1.08725E+00    1.82586E-01   -1.34824E-01    2.87422E-02   -2.69446E-01    1.09632E-01   -8.94220E-02    9.74094E-02   -3.83050E-02
     7.93976E-01    1.47191E+00    2.60096E-01    3.37090E-01    4.12107E-01   -1.17766E-01    1.08565E+00    1.82282E-01   -1.31999E-01    2.81304E-02   -2.68408E-01    1.09431E-01   -8.74277E-02    9.73225E-02   -3.80713E-02
     7.96251E-01    1.46922E+00    2.54543E-01    3.38017E-01    4.02988E-01   -1.15298E-01    1.08397E+00    1.81985E-01   -1.29181E-01    2.75209E-02   -2.67369E-01    1.09234E-01   -8.54455E-02    9.72362E-02   -3.78168E-02
     7.98526E-01    1.46659E+00    2.49004E-01    3.38924E-01    3.93905E-01   -1.12834E-01    1.08223E+00    1.81695E-01   -1.26370E-01    2.69138E-02   -2.66328E-01    1.09042E-01   -8.34752E-02    9.71504E-02   -3.75415E-02
     8.00801E-01    1.46402E+00    2.43480E-01    3.39810E-01    3.84859E-01   -1.10374E-01    1.08040E+00    1.81410E-01   -1.23567E-01    2.63091E-02   -2.65287E-01    1.08855E-01   -8.15169E-02    9.70654E-02   -3.72455E-02
     8.03076E-01    1.46150E+00    2.37972E-01    3.40675E-01    3.75852E-01   -1.07918E-01    1.07850E+00    1.81132E-01   -1.20772E-01    2.57068E-02   -2.64244E-01    1.08671E-01   -7.95704E-02    9.69810E-02   -3.69289E-02
     8.05351E-01    1.45905E+00    2.32478E-01    3.41520E-01    3.66882E-01   -1.05467E-01    1.07653E+00    1.80861E-01   -1.17985E-01    2.51068E-02   -2.63201E-01    1.08493E-01   -7.76356E-02    9.68974E-02   -3.65917E-02
     8.07626E-01    1.45665E+00    2.27001E-01    3.42344E-01    3.57951E-01   -1.03020E-01    1.07449E+00    1.80596E-01   -1.15205E-01    2.45093E-02   -2.62157E-01    1.08318E-01   -7.57126E-02    9.68145E-02   -3.62340E-02
     8.09901E-01    1.45430E+00    2.21539E-01    3.43148E-01    3.49058E-01   -1.00578E-01    1.07237E+00    1.80337E-01   -1.12434E-01    2.39140E-02   -2.61113E-01    1.08148E-01   -7.38012E-02    9.67325E-02   -3.58559E-02
     8.12176E-01    1.45202E+00    2.16094E-01    3.43932E-01    3.40205E-01   -9.81412E-02    1.07019E+00    1.80084E-01   -1.09671E-01    2.33212E-02   -2.60070E-01    1.07982E-01   -7.19014E-02    9.66514E-02   -3.54574E-02
     8.14451E-01    1.44979E+00    2.10665E-01    3.44696E-01    3.31392E-01   -9.57091E-02    1.06793E+00    1.79838E-01   -1.06916E-01    2.27307E-02   -2.59026E-01    1.07821E-01   -7.00132E-02    9.65712E-02   -3.50387E-02
     8.16726E-01    1.44762E+00    2.05253E-01    3.45440E-01    3.22619E-01   -9.32822E-02    1.06560E+00    1.79598E-01   -1.04170E-01    2.21427E-02   -2.57984E-01    1.07664E-01   -6.81363E-02    9.64920E-02   -3.45997E-02
     8.19001E-01    1.44550E+00    1.99857E-01    3.46164E-01    3.13887E-01   -9.08607E-02    1.06321E+00    1.79364E-01   -1.01433E-01    2.15569E-02   -2.56942E-01    1.07511E-01   -6.62709E-02    9.64138E-02   -3.41406E-02
     8.21276E-01    1.44344E+00    1.94479E-01    3.46868E-01    3.05195E-01   -8.84447E-02    1.06075E+00    1.79136E-01   -9.87039E-02    2.09736E-02   -2.55901E-01    1.07362E-01   -6.44168E-02    9.63367E-02   -3.36614E-02
     8.23551E-01    1.44144E+00    1.89118E-01    3.47553E-01    2.96545E-01   -8.60344E-02    1.05822E+00    1.78915E-01   -9.59838E-02    2.03926E-02   -2.54861E-01    1.07218E-01   -6.25739E-02    9.62606E-02   -3.31622E-02
     8.25826E-01    1.43949E+00    1.83775E-01    3.48218E-01    2.87936E-01   -8.36299E-02    1.05562E+00    1.78699E-01   -9.32727E-02    1.98140E-02   -2.53823E-01    1.07077E-01   -6.07422E-02    9.61858E-02   -3.26430E-02
     8.28101E-01    1.43760E+00    1.78449E-01    3.48863E-01    2.79369E-01   -8.12314E-02    1.05296E+00    1.78490E-01   -9.05705E-02    1.92377E-02   -2.52786E-01    1.06941E-01   -5.89215E-02    9.61121E-02   -3.21041E-02
     8.30376E-01    1.43576E+00    1.73142E-01    3.49489E-01    2.70844E-01   -7.88391E-02    1.05023E+00    1.78287E-01   -8.78775E-02    1.86638E-02   -2.51751E-01    1.06809E-01   -5.71119E-02    9.60397E-02   -3.15453E-02
     8.32651E-01    1.43398E+00    1.67852E-01    3.50095E-01    2.62361E-01   -7.64530E-02    1.04744E+00    1.78090E-01   -8.51936E-02    1.80923E-02   -2.50719E-01    1.06681E-01   -5.53131E-02    9.59686E-02   -3.09668E-02
     8.34926E-01    1.43226E+00    1.62581E-01    3.50683E-01    2.53921E-01   -7.40733E-02    1.04459E+00    1.77900E-01   -8.25191E-02    1.75230E-02   -2.49688E-01    1.06558E-01   -5.35252E-02    9.58989E-02   -3.03686E-02
     8.37201E-01    1.43059E+00    1.57329E-01    3.51251E-01    2.45524E-01   -7.17002E-02    1.04167E+00    1.77715E-01   -7.98539E-02    1.69562E-02   -2.48660E-01    1.06438E-01   -5.17481E-02    9.58305E-02   -2.97508E-02
     8.39476E-01    1.42897E+00    1.52095E-01    3.51800E-01    2.37169E-01   -6.93338E-02    1.03870E+00    1.77536E-01   -7.71982E-02    1.63917E-02   -2.47635E-01    1.06322E-01   -4.99816E-02    9.57635E-02   -2.91136E-02
     8.41751E-01    1.42741E+00    1.46881E-01    3.52330E-01    2.28858E-01   -6.69742E-02    1.03566E+00    1.77364E-01   -7.45521E-02    1.58295E-02   -2.46612E-01    1.06211E-01   -4.82257E-02    9.56980E-02   -2.84568E-02
     8.44026E-01    1.42591E+00    1.41685E-01    3.52841E-01    2.20590E-01   -6.46217E-02    1.03256E+00    1.77197E-01   -7.19157E-02    1.52696E-02   -2.45593E-01    1.06103E-01   -4.64804E-02    9.56340E-02   -2.77807E-02
     8.46301E-01    1.42445E+00    1.36509E-01    3.53334E-01    2.12366E-01   -6.22762E-02    1.02940E+00    1.77036E-01   -6.92890E-02    1.47120E-02   -2.44577E-01    1.05999E-01   -4.47454E-02    9.55716E-02   -2.70853E-02
     8.48576E-01    1.42306E+00    1.31352E-01    3.53807E-01    2.04186E-01   -5.99380E-02    1.02618E+00    1.76882E-01   -6.66722E-02    1.41568E-02   -2.43564E-01    1.05899E-01   -4.30207E-02    9.55108E-02   -2.63706E-02
     8.50851E-01    1.42171E+00    1.26215E-01    3.54263E-01    1.96049E-01   -5.76072E-02    1.02291E+00    1.76733E-01   -6.40652E-02    1.36038E-02   -2.42555E-01    1.05803E-01   -4.13063E-02    9.54517E-02   -2.56367E-02
     8.53126E-01    1.42042E+00    1.21098E-01    3.54699E-01    1.87956E-01   -5.52839E-02    1.01957E+00    1.76590E-01   -6.14683E-02    1.30531E-02   -2.41549E-01    1.05711E-01   -3.96020E-02    9.53942E-02   -2.48836E-02
     8.55401E-01    1.41918E+00    1.16000E-01    3.55118E-01    1.79907E-01   -5.29682E-02    1.01618E+00    1.76453E-01   -5.88814E-02    1.25048E-02   -2.40548E-01    1.05623E-01   -3.79077E-02    9.53385E-02   -2.41115E-02
     8.57676E-01    1.41800E+00    1.10923E-01    3.55518E-01    1.71903E-01   -5.06603E-02    1.01274E+00    1.76322E-01   -5.63047E-02    1.19587E-02   -2.39550E-01    1.05539E-01   -3.62234E-02    9.52845E-02   -2.33204E-02
     8.59951E-01    1.41686E+00    1.05866E-01    3.55900E-01    1.63942E-01   -4.83604E-02    1.00923E+00    1.76197E-01   -5.37383E-02    1.14148E-02   -2.38557E-01    1.05458E-01   -3.45489E-02    9.52324E-02   -2.25103E-02
     8.62226E-01    1.41579E+00    1.00830E-01    3.56264E-01    1.56026E-01   -4.60684E-02    1.00568E+00    1.76078E-01   -5.11821E-02    1.08732E-02   -2.37568E-01    1.05382E-01   -3.28842E-02    9.51821E-02   -2.16814E-02
     8.64500E-01    1.41476E+00    9.58142E-02    3.56610E-01    1.48154E-01   -4.37846E-02    1.00207E+00    1.75964E-01   -4.86363E-02    1.03339E-02   -2.36583E-01    1.05309E-01   -3.12292E-02    9.51337E-02   -2.08336E-02
     8.66775E-01    1.41378E+00    9.08191E-02    3.56938E-01    1.40327E-01   -4.15091E-02    9.98400E-01    1.75857E-01   -4.61010E-02    9.79680E-03   -2.35604E-01    1.05239E-01   -2.95837E-02    9.50873E-02   -1.99670E-02
     8.69050E-01    1.41286E+00    8.58449E-02    3.57249E-01    1.32544E-01   -3.92420E-02    9.94683E-01    1.75755E-01   -4.35762E-02    9.26191E-03   -2.34629E-01    1.05174E-01   -2.79476E-02    9.50429E-02   -1.90817E-02
     8.71325E-01    1.41199E+00    8.08917E-02    3.57541E-01    1.24805E-01   -3.69834E-02    9.90913E-01    1.75658E-01   -4.10620E-02    8.72924E-03   -2.33659E-01    1.05112E-01   -2.63210E-02    9.50005E-02   -1.81777E-02
     8.73600E-01    1.41117E+00    7.59596E-02    3.57816E-01    1.17111E-01   -3.47334E-02    9.87091E-01    1.75568E-01   -3.85584E-02    8.19877E-03   -2.32694E-01    1.05054E-01   -2.47036E-02    9.49602E-02   -1.72551E-02
     8.75875E-01    1.41041E+00    7.10488E-02    3.58074E-01    1.09461E-01   -3.24922E-02    9.83218E-01    1.75483E-01   -3.60656E-02    7.67049E-03   -2.31735E-01    1.05000E-01   -2.30953E-02    9.49220E-02   -1.63140E-02
     8.78150E-01    1.40969E+00    6.61593E-02    3.58314E-01    1.01855E-01   -3.02599E-02    9.79295E-01    1.75404E-01   -3.35835E-02    7.14439E-03   -2.30781E-01    1.04949E-01   -2.14961E-02    9.48860E-02   -1.53543E-02
     8.80425E-01    1.40902E+00    6.12914E-02    3.58538E-01    9.42943E-02   -2.80365E-02    9.75321E-01    1.75330E-01   -3.11123E-02    6.62045E-03   -2.29832E-01    1.04902E-01   -1.99059E-02    9.48522E-02   -1.43762E-02
     8.82700E-01    1.40841E+00    5.64451E-02    3.58744E-01    8.67775E-02   -2.58222E-02    9.71298E-01    1.75262E-01   -2.86520E-02    6.09866E-03   -2.28889E-01    1.04859E-01   -1.83245E-02    9.48206E-02   -1.33797E-02
     8.84975E-01    1.40784E+00    5.16205E-02    3.58932E-01    7.93050E-02   -2.36172E-02    9.67227E-01    1.75200E-01   -2.62027E-02    5.57901E-03   -2.27952E-01    1.04819E-01   -1.67519E-02    9.47913E-02   -1.23647E-02
     8.87250E-01    1.40733E+00    4.68178E-02    3.59104E-01    7.18766E-02   -2.14214E-02    9.63107E-01    1.75143E-01   -2.37644E-02    5.06148E-03   -2.27021E-01    1.04782E-01   -1.51879E-02    9.47643E-02   -1.13315E-02
     8.89525E-01    1.40687E+00    4.20370E-02    3.59260E-01    6.44923E-02   -1.92351E-02    9.58939E-01    1.75091E-01   -2.13372E-02    4.54607E-03   -2.26096E-01    1.04750E-01   -1.36325E-02    9.47398E-02   -1.02800E-02
     8.91800E-01    1.40645E+00    3.72782E-02    3.59398E-01    5.71520E-02   -1.70584E-02    9.54724E-01    1.75046E-01   -1.89211E-02    4.03275E-03   -2.25177E-01    1.04720E-01   -1.20854E-02    9.47176E-02   -9.21022E-03
     8.94075E-01    1.40609E+00    3.25416E-02    3.59520E-01    4.98556E-02   -1.48912E-02    9.50462E-01    1.75005E-01   -1.65162E-02    3.52152E-03   -2.24264E-01    1.04695E-01   -1.05468E-02    9.46979E-02   -8.12225E-03
     8.96350E-01    1.40577E+00    2.78273E-02    3.59625E-01    4.26030E-02   -1.27338E-02    9.46154E-01    1.74971E-01   -1.41226E-02    3.01236E-03   -2.23358E-01    1.04672E-01   -9.01628E-03    9.46806E-02   -7.01613E-03
     8.98625E-01    1.40551E+00    2.31353E-02    3.59713E-01    3.53941E-02   -1.05863E-02    9.41801E-01    1.74941E-01   -1.17403E-02    2.50525E-03   -2.22458E-01    1.04654E-01   -7.49392E-03    9.46660E-02   -5.89189E-03
     9.00900E-01    1.40529E+00    1.84657E-02    3.59786E-01    2.82288E-02   -8.44872E-03    9.37402E-01    1.74917E-01   -9.36932E-03    2.00018E-03   -2.21564E-01    1.04638E-01   -5.97956E-03    9.46538E-02   -4.74955E-03
     9.03175E-01    1.40512E+00    1.38186E-02    3.59842E-01    2.11069E-02   -6.32120E-03    9.32958E-01    1.74898E-01   -7.00976E-03    1.49714E-03   -2.20678E-01    1.04626E-01   -4.47310E-03    9.46444E-02   -3.58917E-03
     9.05450E-01    1.40500E+00    9.19413E-03    3.59882E-01    1.40282E-02   -4.20384E-03    9.28470E-01    1.74885E-01   -4.66166E-03    9.96104E-04   -2.19798E-01    1.04618E-01   -2.97442E-03    9.46375E-02   -2.41076E-03
     9.07725E-01    1.40493E+00    4.59235E-03    3.59906E-01    6.99262E-03   -2.09674E-03    9.23939E-01    1.74877E-01   -2.32505E-03    4.97063E-04   -2.18925E-01    1.04613E-01   -1.48343E-03    9.46334E-02   -1.21436E-03
     9.10000E-01    1.40490E+00    1.33298E-05    3.59914E-01    0.00000E+00    2.66158E-23    9.19364E-01    1.74875E-01    0.00000E+00    4.22698E-24   -2.18059E-01    1.04611E-01    0.00000E+00    9.46320E-02    0.00000E+00
