     1.00000E-05    3.44396E+00   -1.47668E-05   -4.85804E-01    5.49603E-19   -1.40221E-05   -1.40221E+00    3.99049E-01   -1.12613E-19    5.09443E-06    5.09443E-01    2.92800E-01   -1.44565E-19    5.92180E-11    1.18436E-05
     5.00997E-03    3.44376E+00    1.62394E-02   -4.85735E-01    2.75787E-02   -7.02455E-03   -1.40193E+00    3.99024E-01   -1.00243E-02    2.55207E-03    5.09308E-01    2.92774E-01   -1.03259E-02    1.48624E-05    5.93265E-03
     1.00100E-02    3.44318E+00    3.24400E-02   -4.85528E-01    5.50869E-02   -1.40323E-02   -1.40110E+00    3.98948E-01   -2.00242E-02    5.09770E-03    5.08903E-01    2.92697E-01   -2.06244E-02    5.93169E-05    1.18479E-02
     1.50099E-02    3.44220E+00    4.86278E-02   -4.85184E-01    8.25643E-02   -2.10346E-02   -1.39973E+00    3.98823E-01   -3.00154E-02    7.64063E-03    5.08230E-01    2.92568E-01   -3.09097E-02    1.33322E-04    1.77519E-02
     2.00099E-02    3.44083E+00    6.47964E-02   -4.84702E-01    1.09996E-01   -2.80287E-02   -1.39781E+00    3.98648E-01   -3.99935E-02    1.01795E-02    5.07288E-01    2.92388E-01   -4.11749E-02    2.36807E-04    2.36393E-02
     2.50099E-02    3.43907E+00    8.09396E-02   -4.84084E-01    1.37365E-01   -3.50118E-02   -1.39535E+00    3.98423E-01   -4.99541E-02    1.27130E-02    5.06079E-01    2.92156E-01   -5.14135E-02    3.69677E-04    2.95045E-02
     3.00099E-02    3.43693E+00    9.70509E-02   -4.83329E-01    1.64658E-01   -4.19812E-02   -1.39234E+00    3.98149E-01   -5.98929E-02    1.52398E-02    5.04604E-01    2.91873E-01   -6.16190E-02    5.31805E-04    3.53420E-02
     3.50098E-02    3.43439E+00    1.13124E-01   -4.82437E-01    1.91860E-01   -4.89342E-02   -1.38879E+00    3.97825E-01   -6.98056E-02    1.77586E-02    5.02864E-01    2.91540E-01   -7.17847E-02    7.23040E-04    4.11464E-02
     4.00098E-02    3.43147E+00    1.29153E-01   -4.81410E-01    2.18954E-01   -5.58681E-02   -1.38470E+00    3.97451E-01   -7.96880E-02    2.02680E-02    5.00862E-01    2.91156E-01   -8.19042E-02    9.43202E-04    4.69122E-02
     4.50098E-02    3.42817E+00    1.45131E-01   -4.80248E-01    2.45927E-01   -6.27803E-02   -1.38009E+00    3.97028E-01   -8.95356E-02    2.27668E-02    4.98599E-01    2.90721E-01   -9.19710E-02    1.19209E-03    5.26341E-02
     5.00097E-02    3.42448E+00    1.61052E-01   -4.78951E-01    2.72763E-01   -6.96680E-02   -1.37494E+00    3.96556E-01   -9.93444E-02    2.52536E-02    4.96079E-01    2.90236E-01   -1.01979E-01    1.46946E-03    5.83070E-02
     5.50097E-02    3.42041E+00    1.76910E-01   -4.77521E-01    2.99449E-01   -7.65287E-02   -1.36926E+00    3.96034E-01   -1.09110E-01    2.77271E-02    4.93303E-01    2.89701E-01   -1.11921E-01    1.77506E-03    6.39254E-02
     6.00097E-02    3.41595E+00    1.92699E-01   -4.75957E-01    3.25968E-01   -8.33597E-02   -1.36307E+00    3.95465E-01   -1.18828E-01    3.01861E-02    4.90274E-01    2.89117E-01   -1.21792E-01    2.10861E-03    6.94844E-02
     6.50097E-02    3.41112E+00    2.08413E-01   -4.74261E-01    3.52308E-01   -9.01584E-02   -1.35636E+00    3.94846E-01   -1.28495E-01    3.26294E-02    4.86996E-01    2.88484E-01   -1.31585E-01    2.46979E-03    7.49789E-02
     7.00097E-02    3.40591E+00    2.24046E-01   -4.72434E-01    3.78455E-01   -9.69224E-02   -1.34914E+00    3.94180E-01   -1.38106E-01    3.50557E-02    4.83472E-01    2.87801E-01   -1.41295E-01    2.85828E-03    8.04040E-02
     7.50096E-02    3.40033E+00    2.39591E-01   -4.70477E-01    4.04394E-01   -1.03649E-01   -1.34142E+00    3.93465E-01   -1.47658E-01    3.74637E-02    4.79705E-01    2.87071E-01   -1.50915E-01    3.27371E-03    8.57548E-02
     8.00096E-02    3.39438E+00    2.55044E-01   -4.68391E-01    4.30112E-01   -1.10336E-01   -1.33321E+00    3.92703E-01   -1.57146E-01    3.98523E-02    4.75700E-01    2.86292E-01   -1.60440E-01    3.71569E-03    9.10265E-02
     8.50096E-02    3.38805E+00    2.70397E-01   -4.66176E-01    4.55596E-01   -1.16980E-01   -1.32451E+00    3.91894E-01   -1.66567E-01    4.22203E-02    4.71461E-01    2.85467E-01   -1.69863E-01    4.18383E-03    9.62147E-02
     9.00095E-02    3.38136E+00    2.85647E-01   -4.63835E-01    4.80832E-01   -1.23580E-01   -1.31532E+00    3.91038E-01   -1.75916E-01    4.45665E-02    4.66991E-01    2.84594E-01   -1.79180E-01    4.67768E-03    1.01315E-01
     9.50095E-02    3.37431E+00    3.00786E-01   -4.61369E-01    5.05809E-01   -1.30133E-01   -1.30567E+00    3.90135E-01   -1.85189E-01    4.68898E-02    4.62296E-01    2.83675E-01   -1.88384E-01    5.19681E-03    1.06322E-01
     1.00010E-01    3.36689E+00    3.15809E-01   -4.58778E-01    5.30513E-01   -1.36636E-01   -1.29554E+00    3.89186E-01   -1.94384E-01    4.91891E-02    4.57381E-01    2.82710E-01   -1.97471E-01    5.74074E-03    1.11233E-01
     1.05009E-01    3.35912E+00    3.30712E-01   -4.56064E-01    5.54933E-01   -1.43087E-01   -1.28497E+00    3.88191E-01   -2.03495E-01    5.14632E-02    4.52249E-01    2.81700E-01   -2.06436E-01    6.30897E-03    1.16043E-01
     1.10009E-01    3.35099E+00    3.45487E-01   -4.53229E-01    5.79056E-01   -1.49485E-01   -1.27394E+00    3.87151E-01   -2.12520E-01    5.37112E-02    4.46907E-01    2.80646E-01   -2.15273E-01    6.90099E-03    1.20748E-01
     1.15009E-01    3.34252E+00    3.60132E-01   -4.50274E-01    6.02871E-01   -1.55826E-01   -1.26248E+00    3.86066E-01   -2.21455E-01    5.59319E-02    4.41360E-01    2.79548E-01   -2.23977E-01    7.51626E-03    1.25345E-01
     1.20009E-01    3.33369E+00    3.74639E-01   -4.47201E-01    6.26367E-01   -1.62109E-01   -1.25059E+00    3.84937E-01   -2.30296E-01    5.81244E-02    4.35613E-01    2.78407E-01   -2.32545E-01    8.15424E-03    1.29829E-01
     1.25009E-01    3.32452E+00    3.89004E-01   -4.44011E-01    6.49534E-01   -1.68331E-01   -1.23828E+00    3.83763E-01   -2.39040E-01    6.02877E-02    4.29673E-01    2.77223E-01   -2.40970E-01    8.81435E-03    1.34197E-01
     1.30009E-01    3.31502E+00    4.03222E-01   -4.40706E-01    6.72360E-01   -1.74491E-01   -1.22556E+00    3.82547E-01   -2.47684E-01    6.24208E-02    4.23544E-01    2.75997E-01   -2.49249E-01    9.49601E-03    1.38447E-01
     1.35009E-01    3.30517E+00    4.17289E-01   -4.37288E-01    6.94837E-01   -1.80586E-01   -1.21245E+00    3.81287E-01   -2.56224E-01    6.45228E-02    4.17233E-01    2.74731E-01   -2.57378E-01    1.01986E-02    1.42574E-01
     1.40009E-01    3.29500E+00    4.31199E-01   -4.33758E-01    7.16953E-01   -1.86614E-01   -1.19895E+00    3.79984E-01   -2.64656E-01    6.65928E-02    4.10746E-01    2.73424E-01   -2.65353E-01    1.09215E-02    1.46576E-01
     1.45009E-01    3.28449E+00    4.44948E-01   -4.30119E-01    7.38700E-01   -1.92575E-01   -1.18507E+00    3.78640E-01   -2.72979E-01    6.86300E-02    4.04089E-01    2.72077E-01   -2.73169E-01    1.16641E-02    1.50449E-01
     1.50009E-01    3.27367E+00    4.58531E-01   -4.26372E-01    7.60069E-01   -1.98464E-01   -1.17083E+00    3.77255E-01   -2.81188E-01    7.06334E-02    3.97269E-01    2.70692E-01   -2.80824E-01    1.24258E-02    1.54192E-01
     1.55009E-01    3.26253E+00    4.71944E-01   -4.22519E-01    7.81051E-01   -2.04282E-01   -1.15623E+00    3.75829E-01   -2.89281E-01    7.26024E-02    3.90292E-01    2.69269E-01   -2.88313E-01    1.32058E-02    1.57802E-01
     1.60009E-01    3.25107E+00    4.85184E-01   -4.18562E-01    8.01639E-01   -2.10026E-01   -1.14129E+00    3.74362E-01   -2.97255E-01    7.45361E-02    3.83166E-01    2.67809E-01   -2.95633E-01    1.40036E-02    1.61276E-01
     1.65009E-01    3.23930E+00    4.98244E-01   -4.14503E-01    8.21824E-01   -2.15695E-01   -1.12603E+00    3.72856E-01   -3.05107E-01    7.64338E-02    3.75895E-01    2.66313E-01   -3.02782E-01    1.48183E-02    1.64612E-01
     1.70009E-01    3.22723E+00    5.11123E-01   -4.10345E-01    8.41600E-01   -2.21286E-01   -1.11044E+00    3.71311E-01   -3.12834E-01    7.82948E-02    3.68488E-01    2.64782E-01   -3.09755E-01    1.56495E-02    1.67808E-01
     1.75009E-01    3.21486E+00    5.23816E-01   -4.06088E-01    8.60959E-01   -2.26798E-01   -1.09455E+00    3.69728E-01   -3.20434E-01    8.01184E-02    3.60951E-01    2.63216E-01   -3.16552E-01    1.64962E-02    1.70863E-01
     1.80009E-01    3.20220E+00    5.36318E-01   -4.01736E-01    8.79895E-01   -2.32231E-01   -1.07836E+00    3.68107E-01   -3.27904E-01    8.19041E-02    3.53292E-01    2.61617E-01   -3.23168E-01    1.73578E-02    1.73774E-01
     1.85009E-01    3.18924E+00    5.48627E-01   -3.97290E-01    8.98401E-01   -2.37581E-01   -1.06189E+00    3.66449E-01   -3.35242E-01    8.36511E-02    3.45516E-01    2.59985E-01   -3.29601E-01    1.82337E-02    1.76542E-01
     1.90009E-01    3.17600E+00    5.60740E-01   -3.92753E-01    9.16473E-01   -2.42849E-01   -1.04516E+00    3.64755E-01   -3.42445E-01    8.53590E-02    3.37631E-01    2.58321E-01   -3.35850E-01    1.91230E-02    1.79163E-01
     1.95009E-01    3.16248E+00    5.72652E-01   -3.88126E-01    9.34105E-01   -2.48033E-01   -1.02816E+00    3.63025E-01   -3.49512E-01    8.70273E-02    3.29645E-01    2.56627E-01   -3.41913E-01    2.00250E-02    1.81637E-01
     2.00009E-01    3.14869E+00    5.84360E-01   -3.83412E-01    9.51292E-01   -2.53130E-01   -1.01093E+00    3.61260E-01   -3.56440E-01    8.86553E-02    3.21564E-01    2.54902E-01   -3.47787E-01    2.09391E-02    1.83964E-01
     2.05009E-01    3.13463E+00    5.95863E-01   -3.78614E-01    9.68030E-01   -2.58141E-01   -9.93456E-01    3.59461E-01   -3.63227E-01    9.02427E-02    3.13394E-01    2.53149E-01   -3.53471E-01    2.18644E-02    1.86142E-01
     2.10009E-01    3.12031E+00    6.07156E-01   -3.73733E-01    9.84314E-01   -2.63065E-01   -9.75767E-01    3.57628E-01   -3.69871E-01    9.17891E-02    3.05145E-01    2.51368E-01   -3.58964E-01    2.28003E-02    1.88171E-01
     2.15009E-01    3.10573E+00    6.18237E-01   -3.68771E-01    1.00014E+00   -2.67899E-01   -9.57872E-01    3.55763E-01   -3.76370E-01    9.32941E-02    2.96821E-01    2.49560E-01   -3.64264E-01    2.37459E-02    1.90051E-01
     2.20009E-01    3.09090E+00    6.29104E-01   -3.63732E-01    1.01551E+00   -2.72643E-01   -9.39782E-01    3.53865E-01   -3.82723E-01    9.47572E-02    2.88432E-01    2.47726E-01   -3.69371E-01    2.47005E-02    1.91781E-01
     2.25009E-01    3.07582E+00    6.39754E-01   -3.58617E-01    1.03041E+00   -2.77296E-01   -9.21511E-01    3.51936E-01   -3.88928E-01    9.61783E-02    2.79982E-01    2.45866E-01   -3.74283E-01    2.56634E-02    1.93362E-01
     2.30009E-01    3.06051E+00    6.50185E-01   -3.53429E-01    1.04485E+00   -2.81858E-01   -9.03071E-01    3.49976E-01   -3.94983E-01    9.75569E-02    2.71480E-01    2.43983E-01   -3.79000E-01    2.66339E-02    1.94794E-01
     2.35009E-01    3.04495E+00    6.60394E-01   -3.48169E-01    1.05883E+00   -2.86327E-01   -8.84475E-01    3.47986E-01   -4.00888E-01    9.88930E-02    2.62933E-01    2.42077E-01   -3.83522E-01    2.76111E-02    1.96076E-01
     2.40009E-01    3.02917E+00    6.70380E-01   -3.42841E-01    1.07233E+00   -2.90702E-01   -8.65735E-01    3.45967E-01   -4.06640E-01    1.00186E-01    2.54347E-01    2.40148E-01   -3.87848E-01    2.85944E-02    1.97210E-01
     2.45009E-01    3.01317E+00    6.80140E-01   -3.37447E-01    1.08536E+00   -2.94984E-01   -8.46864E-01    3.43920E-01   -4.12239E-01    1.01436E-01    2.45729E-01    2.38199E-01   -3.91978E-01    2.95830E-02    1.98195E-01
     2.50009E-01    2.99695E+00    6.89674E-01   -3.31989E-01    1.09793E+00   -2.99171E-01   -8.27873E-01    3.41845E-01   -4.17683E-01    1.02643E-01    2.37086E-01    2.36229E-01   -3.95912E-01    3.05761E-02    1.99034E-01
     2.55009E-01    2.98052E+00    6.98979E-01   -3.26469E-01    1.11002E+00   -3.03262E-01   -8.08775E-01    3.39743E-01   -4.22972E-01    1.03807E-01    2.28425E-01    2.34240E-01   -3.99650E-01    3.15730E-02    1.99726E-01
     2.60009E-01    2.96389E+00    7.08054E-01   -3.20889E-01    1.12164E+00   -3.07258E-01   -7.89583E-01    3.37616E-01   -4.28104E-01    1.04928E-01    2.19752E-01    2.32233E-01   -4.03194E-01    3.25731E-02    2.00274E-01
     2.65009E-01    2.94705E+00    7.16898E-01   -3.15253E-01    1.13279E+00   -3.11158E-01   -7.70308E-01    3.35463E-01   -4.33079E-01    1.06005E-01    2.11074E-01    2.30208E-01   -4.06543E-01    3.35755E-02    2.00677E-01
     2.70009E-01    2.93003E+00    7.25509E-01   -3.09562E-01    1.14346E+00   -3.14961E-01   -7.50961E-01    3.33285E-01   -4.37896E-01    1.07038E-01    2.02397E-01    2.28167E-01   -4.09698E-01    3.45796E-02    2.00938E-01
     2.75009E-01    2.91281E+00    7.33888E-01   -3.03819E-01    1.15367E+00   -3.18667E-01   -7.31556E-01    3.31084E-01   -4.42555E-01    1.08029E-01    1.93727E-01    2.26112E-01   -4.12660E-01    3.55847E-02    2.01058E-01
     2.80009E-01    2.89542E+00    7.42032E-01   -2.98026E-01    1.16341E+00   -3.22276E-01   -7.12102E-01    3.28860E-01   -4.47054E-01    1.08976E-01    1.85072E-01    2.24041E-01   -4.15430E-01    3.65900E-02    2.01039E-01
     2.85009E-01    2.87785E+00    7.49941E-01   -2.92186E-01    1.17269E+00   -3.25788E-01   -6.92613E-01    3.26614E-01   -4.51395E-01    1.09879E-01    1.76436E-01    2.21958E-01   -4.18009E-01    3.75948E-02    2.00883E-01
     2.90009E-01    2.86012E+00    7.57615E-01   -2.86300E-01    1.18149E+00   -3.29202E-01   -6.73098E-01    3.24346E-01   -4.55576E-01    1.10740E-01    1.67826E-01    2.19861E-01   -4.20400E-01    3.85985E-02    2.00591E-01
     2.95009E-01    2.84222E+00    7.65054E-01   -2.80372E-01    1.18984E+00   -3.32519E-01   -6.53570E-01    3.22058E-01   -4.59597E-01    1.11558E-01    1.59248E-01    2.17754E-01   -4.22602E-01    3.96005E-02    2.00165E-01
     3.00009E-01    2.82416E+00    7.72256E-01   -2.74403E-01    1.19773E+00   -3.35738E-01   -6.34039E-01    3.19751E-01   -4.63458E-01    1.12333E-01    1.50708E-01    2.15636E-01   -4.24618E-01    4.06000E-02    1.99608E-01
     3.05008E-01    2.80596E+00    7.79222E-01   -2.68395E-01    1.20515E+00   -3.38860E-01   -6.14515E-01    3.17424E-01   -4.67160E-01    1.13065E-01    1.42210E-01    2.13508E-01   -4.26450E-01    4.15963E-02    1.98921E-01
     3.10008E-01    2.78761E+00    7.85951E-01   -2.62352E-01    1.21213E+00   -3.41883E-01   -5.95009E-01    3.15079E-01   -4.70702E-01    1.13755E-01    1.33761E-01    2.11372E-01   -4.28100E-01    4.25890E-02    1.98108E-01
     3.15008E-01    2.76913E+00    7.92445E-01   -2.56275E-01    1.21865E+00   -3.44810E-01   -5.75533E-01    3.12717E-01   -4.74085E-01    1.14403E-01    1.25366E-01    2.09227E-01   -4.29568E-01    4.35772E-02    1.97170E-01
     3.20008E-01    2.75051E+00    7.98703E-01   -2.50166E-01    1.22473E+00   -3.47639E-01   -5.56094E-01    3.10339E-01   -4.77308E-01    1.15009E-01    1.17030E-01    2.07076E-01   -4.30859E-01    4.45604E-02    1.96111E-01
     3.25008E-01    2.73177E+00    8.04725E-01   -2.44029E-01    1.23036E+00   -3.50371E-01   -5.36705E-01    3.07944E-01   -4.80373E-01    1.15573E-01    1.08758E-01    2.04919E-01   -4.31973E-01    4.55381E-02    1.94932E-01
     3.30008E-01    2.71290E+00    8.10512E-01   -2.37864E-01    1.23555E+00   -3.53006E-01   -5.17373E-01    3.05535E-01   -4.83280E-01    1.16096E-01    1.00554E-01    2.02757E-01   -4.32914E-01    4.65096E-02    1.93637E-01
     3.35008E-01    2.69393E+00    8.16065E-01   -2.31674E-01    1.24031E+00   -3.55544E-01   -4.98109E-01    3.03112E-01   -4.86029E-01    1.16579E-01    9.24241E-02    2.00590E-01   -4.33684E-01    4.74743E-02    1.92228E-01
     3.40008E-01    2.67484E+00    8.21385E-01   -2.25461E-01    1.24464E+00   -3.57987E-01   -4.78923E-01    3.00675E-01   -4.88621E-01    1.17021E-01    8.43721E-02    1.98420E-01   -4.34284E-01    4.84316E-02    1.90708E-01
     3.45008E-01    2.65566E+00    8.26471E-01   -2.19228E-01    1.24854E+00   -3.60334E-01   -4.59822E-01    2.98226E-01   -4.91057E-01    1.17422E-01    7.64024E-02    1.96248E-01   -4.34719E-01    4.93811E-02    1.89080E-01
     3.50008E-01    2.63637E+00    8.31326E-01   -2.12977E-01    1.25202E+00   -3.62585E-01   -4.40815E-01    2.95765E-01   -4.93338E-01    1.17785E-01    6.85193E-02    1.94073E-01   -4.34990E-01    5.03222E-02    1.87347E-01
     3.55008E-01    2.61700E+00    8.35951E-01   -2.06709E-01    1.25508E+00   -3.64742E-01   -4.21912E-01    2.93293E-01   -4.95465E-01    1.18108E-01    6.07268E-02    1.91898E-01   -4.35101E-01    5.12544E-02    1.85512E-01
     3.60008E-01    2.59755E+00    8.40346E-01   -2.00427E-01    1.25774E+00   -3.66805E-01   -4.03120E-01    2.90811E-01   -4.97438E-01    1.18392E-01    5.30287E-02    1.89723E-01   -4.35055E-01    5.21772E-02    1.83578E-01
     3.65008E-01    2.57801E+00    8.44513E-01   -1.94132E-01    1.25999E+00   -3.68773E-01   -3.84448E-01    2.88319E-01   -4.99259E-01    1.18638E-01    4.54288E-02    1.87548E-01   -4.34853E-01    5.30900E-02    1.81548E-01
     3.70008E-01    2.55841E+00    8.48453E-01   -1.87827E-01    1.26184E+00   -3.70649E-01   -3.65903E-01    2.85818E-01   -5.00929E-01    1.18847E-01    3.79305E-02    1.85374E-01   -4.34501E-01    5.39925E-02    1.79426E-01
     3.75008E-01    2.53874E+00    8.52168E-01   -1.81514E-01    1.26330E+00   -3.72433E-01   -3.47493E-01    2.83310E-01   -5.02450E-01    1.19018E-01    3.05373E-02    1.83203E-01   -4.33999E-01    5.48841E-02    1.77214E-01
     3.80008E-01    2.51900E+00    8.55660E-01   -1.75195E-01    1.26437E+00   -3.74124E-01   -3.29224E-01    2.80794E-01   -5.03822E-01    1.19152E-01    2.32522E-02    1.81035E-01   -4.33353E-01    5.57645E-02    1.74916E-01
     3.85008E-01    2.49921E+00    8.58930E-01   -1.68871E-01    1.26506E+00   -3.75725E-01   -3.11105E-01    2.78272E-01   -5.05047E-01    1.19250E-01    1.60784E-02    1.78870E-01   -4.32564E-01    5.66331E-02    1.72535E-01
     3.90008E-01    2.47937E+00    8.61980E-01   -1.62545E-01    1.26538E+00   -3.77236E-01   -2.93142E-01    2.75744E-01   -5.06126E-01    1.19313E-01    9.01855E-03    1.76709E-01   -4.31636E-01    5.74897E-02    1.70074E-01
     3.95008E-01    2.45949E+00    8.64812E-01   -1.56218E-01    1.26532E+00   -3.78657E-01   -2.75342E-01    2.73211E-01   -5.07062E-01    1.19341E-01    2.07547E-03    1.74554E-01   -4.30573E-01    5.83338E-02    1.67537E-01
     4.00008E-01    2.43957E+00    8.67429E-01   -1.49893E-01    1.26491E+00   -3.79989E-01   -2.57710E-01    2.70674E-01   -5.07855E-01    1.19334E-01   -4.74839E-03    1.72404E-01   -4.29378E-01    5.91649E-02    1.64927E-01
     4.05008E-01    2.41961E+00    8.69831E-01   -1.43570E-01    1.26414E+00   -3.81234E-01   -2.40253E-01    2.68133E-01   -5.08507E-01    1.19294E-01   -1.14507E-02    1.70260E-01   -4.28054E-01    5.99829E-02    1.62247E-01
     4.10008E-01    2.39963E+00    8.72022E-01   -1.37252E-01    1.26302E+00   -3.82392E-01   -2.22977E-01    2.65589E-01   -5.09021E-01    1.19220E-01   -1.80293E-02    1.68123E-01   -4.26605E-01    6.07873E-02    1.59501E-01
     4.15008E-01    2.37962E+00    8.74003E-01   -1.30940E-01    1.26156E+00   -3.83464E-01   -2.05888E-01    2.63043E-01   -5.09397E-01    1.19113E-01   -2.44821E-02    1.65994E-01   -4.25034E-01    6.15778E-02    1.56692E-01
     4.20008E-01    2.35959E+00    8.75777E-01   -1.24637E-01    1.25976E+00   -3.84451E-01   -1.88989E-01    2.60495E-01   -5.09637E-01    1.18975E-01   -3.08074E-02    1.63873E-01   -4.23344E-01    6.23541E-02    1.53822E-01
     4.25008E-01    2.33955E+00    8.77347E-01   -1.18343E-01    1.25764E+00   -3.85355E-01   -1.72288E-01    2.57946E-01   -5.09745E-01    1.18806E-01   -3.70034E-02    1.61761E-01   -4.21539E-01    6.31159E-02    1.50896E-01
     4.30008E-01    2.31951E+00    8.78714E-01   -1.12061E-01    1.25519E+00   -3.86175E-01   -1.55788E-01    2.55398E-01   -5.09721E-01    1.18605E-01   -4.30687E-02    1.59658E-01   -4.19623E-01    6.38630E-02    1.47917E-01
     4.35008E-01    2.29946E+00    8.79882E-01   -1.05792E-01    1.25243E+00   -3.86913E-01   -1.39494E-01    2.52850E-01   -5.09567E-01    1.18375E-01   -4.90018E-02    1.57565E-01   -4.17599E-01    6.45950E-02    1.44888E-01
     4.40008E-01    2.27941E+00    8.80852E-01   -9.95375E-02    1.24937E+00   -3.87570E-01   -1.23411E-01    2.50302E-01   -5.09285E-01    1.18116E-01   -5.48016E-02    1.55482E-01   -4.15470E-01    6.53118E-02    1.41811E-01
     4.45008E-01    2.25937E+00    8.81628E-01   -9.32989E-02    1.24600E+00   -3.88147E-01   -1.07543E-01    2.47757E-01   -5.08879E-01    1.17827E-01   -6.04669E-02    1.53411E-01   -4.13240E-01    6.60130E-02    1.38691E-01
     4.50008E-01    2.23934E+00    8.82213E-01   -8.70780E-02    1.24234E+00   -3.88646E-01   -9.18927E-02    2.45214E-01   -5.08349E-01    1.17511E-01   -6.59970E-02    1.51350E-01   -4.10912E-01    6.66986E-02    1.35531E-01
     4.55008E-01    2.21932E+00    8.82609E-01   -8.08760E-02    1.23840E+00   -3.89066E-01   -7.64650E-02    2.42674E-01   -5.07697E-01    1.17168E-01   -7.13909E-02    1.49302E-01   -4.08491E-01    6.73683E-02    1.32334E-01
     4.60008E-01    2.19933E+00    8.82818E-01   -7.46945E-02    1.23418E+00   -3.89411E-01   -6.12630E-02    2.40137E-01   -5.06927E-01    1.16797E-01   -7.66482E-02    1.47265E-01   -4.05978E-01    6.80219E-02    1.29102E-01
     4.65008E-01    2.17936E+00    8.82845E-01   -6.85348E-02    1.22969E+00   -3.89680E-01   -4.62900E-02    2.37605E-01   -5.06040E-01    1.16401E-01   -8.17682E-02    1.45242E-01   -4.03379E-01    6.86592E-02    1.25839E-01
     4.70008E-01    2.15942E+00    8.82691E-01   -6.23981E-02    1.22493E+00   -3.89874E-01   -3.15489E-02    2.35077E-01   -5.05039E-01    1.15980E-01   -8.67508E-02    1.43232E-01   -4.00695E-01    6.92802E-02    1.22548E-01
     4.75008E-01    2.13951E+00    8.82360E-01   -5.62859E-02    1.21992E+00   -3.89995E-01   -1.70425E-02    2.32554E-01   -5.03925E-01    1.15534E-01   -9.15956E-02    1.41235E-01   -3.97932E-01    6.98847E-02    1.19232E-01
     4.80008E-01    2.11964E+00    8.81855E-01   -5.01994E-02    1.21466E+00   -3.90045E-01   -2.77340E-03    2.30038E-01   -5.02702E-01    1.15064E-01   -9.63025E-02    1.39253E-01   -3.95091E-01    7.04725E-02    1.15894E-01
     4.85008E-01    2.09982E+00    8.81178E-01   -4.41397E-02    1.20916E+00   -3.90024E-01    1.12561E-02    2.27528E-01   -5.01371E-01    1.14571E-01   -1.00872E-01    1.37284E-01   -3.92177E-01    7.10436E-02    1.12536E-01
     4.90008E-01    2.08004E+00    8.80334E-01   -3.81082E-02    1.20343E+00   -3.89933E-01    2.50437E-02    2.25024E-01   -4.99934E-01    1.14056E-01   -1.05303E-01    1.35331E-01   -3.89192E-01    7.15978E-02    1.09162E-01
     4.95008E-01    2.06031E+00    8.79324E-01   -3.21059E-02    1.19747E+00   -3.89773E-01    3.85877E-02    2.22528E-01   -4.98395E-01    1.13518E-01   -1.09598E-01    1.33393E-01   -3.86141E-01    7.21352E-02    1.05774E-01
     5.00008E-01    2.04063E+00    8.78153E-01   -2.61339E-02    1.19129E+00   -3.89547E-01    5.18862E-02    2.20041E-01   -4.96756E-01    1.12960E-01   -1.13755E-01    1.31470E-01   -3.83026E-01    7.26555E-02    1.02376E-01
     5.05007E-01    2.02101E+00    8.76823E-01   -2.01934E-02    1.18490E+00   -3.89255E-01    6.49377E-02    2.17561E-01   -4.95018E-01    1.12381E-01   -1.17776E-01    1.29563E-01   -3.79850E-01    7.31589E-02    9.89688E-02
     5.10007E-01    2.00145E+00    8.75337E-01   -1.42853E-02    1.17830E+00   -3.88898E-01    7.77409E-02    2.15091E-01   -4.93185E-01    1.11783E-01   -1.21661E-01    1.27671E-01   -3.76617E-01    7.36452E-02    9.55563E-02
     5.15007E-01    1.98195E+00    8.73699E-01   -8.41079E-03    1.17150E+00   -3.88478E-01    9.02947E-02    2.12629E-01   -4.91259E-01    1.11165E-01   -1.25411E-01    1.25796E-01   -3.73330E-01    7.41144E-02    9.21407E-02
     5.20007E-01    1.96252E+00    8.71912E-01   -2.57068E-03    1.16452E+00   -3.87996E-01    1.02598E-01    2.10178E-01   -4.89242E-01    1.10529E-01   -1.29027E-01    1.23938E-01   -3.69992E-01    7.45666E-02    8.87246E-02
     5.25007E-01    1.94317E+00    8.69979E-01    3.23403E-03    1.15735E+00   -3.87452E-01    1.14650E-01    2.07737E-01   -4.87137E-01    1.09875E-01   -1.32509E-01    1.22097E-01   -3.66606E-01    7.50017E-02    8.53103E-02
     5.30007E-01    1.92389E+00    8.67903E-01    9.00246E-03    1.15000E+00   -3.86850E-01    1.26451E-01    2.05307E-01   -4.84945E-01    1.09204E-01   -1.35859E-01    1.20272E-01   -3.63174E-01    7.54197E-02    8.19003E-02
     5.35007E-01    1.90468E+00    8.65688E-01    1.47337E-02    1.14249E+00   -3.86188E-01    1.37999E-01    2.02888E-01   -4.82671E-01    1.08516E-01   -1.39078E-01    1.18465E-01   -3.59701E-01    7.58207E-02    7.84967E-02
     5.40007E-01    1.88556E+00    8.63337E-01    2.04270E-02    1.13481E+00   -3.85470E-01    1.49295E-01    2.00480E-01   -4.80315E-01    1.07813E-01   -1.42167E-01    1.16675E-01   -3.56189E-01    7.62047E-02    7.51020E-02
     5.45007E-01    1.86652E+00    8.60853E-01    2.60816E-02    1.12698E+00   -3.84696E-01    1.60338E-01    1.98085E-01   -4.77881E-01    1.07095E-01   -1.45127E-01    1.14903E-01   -3.52640E-01    7.65717E-02    7.17182E-02
     5.50007E-01    1.84757E+00    8.58239E-01    3.16965E-02    1.11900E+00   -3.83867E-01    1.71129E-01    1.95702E-01   -4.75371E-01    1.06362E-01   -1.47959E-01    1.13149E-01   -3.49058E-01    7.69219E-02    6.83475E-02
     5.55007E-01    1.82871E+00    8.55499E-01    3.72713E-02    1.11088E+00   -3.82985E-01    1.81669E-01    1.93331E-01   -4.72788E-01    1.05616E-01   -1.50666E-01    1.11413E-01   -3.45445E-01    7.72552E-02    6.49919E-02
     5.60007E-01    1.80994E+00    8.52635E-01    4.28050E-02    1.10262E+00   -3.82051E-01    1.91956E-01    1.90974E-01   -4.70133E-01    1.04856E-01   -1.53248E-01    1.09695E-01   -3.41803E-01    7.75718E-02    6.16534E-02
     5.65007E-01    1.79126E+00    8.49652E-01    4.82972E-02    1.09424E+00   -3.81066E-01    2.01993E-01    1.88630E-01   -4.67409E-01    1.04083E-01   -1.55707E-01    1.07995E-01   -3.38137E-01    7.78718E-02    5.83338E-02
     5.70007E-01    1.77268E+00    8.46552E-01    5.37471E-02    1.08573E+00   -3.80031E-01    2.11779E-01    1.86300E-01   -4.64619E-01    1.03299E-01   -1.58044E-01    1.06313E-01   -3.34447E-01    7.81552E-02    5.50351E-02
     5.75007E-01    1.75420E+00    8.43339E-01    5.91542E-02    1.07711E+00   -3.78949E-01    2.21316E-01    1.83984E-01   -4.61765E-01    1.02503E-01   -1.60262E-01    1.04650E-01   -3.30738E-01    7.84222E-02    5.17590E-02
     5.80007E-01    1.73583E+00    8.40015E-01    6.45180E-02    1.06837E+00   -3.77819E-01    2.30604E-01    1.81683E-01   -4.58849E-01    1.01696E-01   -1.62362E-01    1.03006E-01   -3.27010E-01    7.86728E-02    4.85071E-02
     5.85007E-01    1.71756E+00    8.36585E-01    6.98378E-02    1.05954E+00   -3.76643E-01    2.39646E-01    1.79396E-01   -4.55874E-01    1.00880E-01   -1.64346E-01    1.01380E-01   -3.23267E-01    7.89073E-02    4.52812E-02
     5.90007E-01    1.69939E+00    8.33050E-01    7.51131E-02    1.05061E+00   -3.75423E-01    2.48441E-01    1.77124E-01   -4.52842E-01    1.00053E-01   -1.66215E-01    9.97733E-02   -3.19510E-01    7.91257E-02    4.20828E-02
     5.95007E-01    1.68134E+00    8.29415E-01    8.03436E-02    1.04159E+00   -3.74159E-01    2.56993E-01    1.74867E-01   -4.49756E-01    9.92177E-02   -1.67971E-01    9.81851E-02   -3.15743E-01    7.93282E-02    3.89134E-02
     6.00007E-01    1.66339E+00    8.25682E-01    8.55288E-02    1.03248E+00   -3.72853E-01    2.65301E-01    1.72626E-01   -4.46617E-01    9.83737E-02   -1.69617E-01    9.66159E-02   -3.11967E-01    7.95149E-02    3.57744E-02
     6.05007E-01    1.64556E+00    8.21855E-01    9.06683E-02    1.02330E+00   -3.71506E-01    2.73369E-01    1.70401E-01   -4.43428E-01    9.75217E-02   -1.71154E-01    9.50655E-02   -3.08185E-01    7.96860E-02    3.26673E-02
     6.10007E-01    1.62784E+00    8.17937E-01    9.57617E-02    1.01405E+00   -3.70120E-01    2.81197E-01    1.68192E-01   -4.40192E-01    9.66623E-02   -1.72584E-01    9.35340E-02   -3.04398E-01    7.98416E-02    2.95932E-02
     6.15007E-01    1.61024E+00    8.13930E-01    1.00809E-01    1.00473E+00   -3.68695E-01    2.88788E-01    1.65999E-01   -4.36910E-01    9.57961E-02   -1.73909E-01    9.20215E-02   -3.00608E-01    7.99819E-02    2.65534E-02
     6.20007E-01    1.59276E+00    8.09838E-01    1.05809E-01    9.95343E-01   -3.67232E-01    2.96143E-01    1.63823E-01   -4.33585E-01    9.49234E-02   -1.75132E-01    9.05280E-02   -2.96818E-01    8.01072E-02    2.35492E-02
     6.25007E-01    1.57540E+00    8.05664E-01    1.10762E-01    9.85905E-01   -3.65734E-01    3.03265E-01    1.61664E-01   -4.30219E-01    9.40449E-02   -1.76254E-01    8.90534E-02   -2.93030E-01    8.02175E-02    2.05816E-02
     6.30007E-01    1.55816E+00    8.01411E-01    1.15668E-01    9.76417E-01   -3.64200E-01    3.10157E-01    1.59521E-01   -4.26814E-01    9.31610E-02   -1.77277E-01    8.75977E-02   -2.89245E-01    8.03131E-02    1.76516E-02
     6.35007E-01    1.54104E+00    7.97081E-01    1.20526E-01    9.66885E-01   -3.62633E-01    3.16820E-01    1.57396E-01   -4.23371E-01    9.22723E-02   -1.78204E-01    8.61609E-02   -2.85465E-01    8.03941E-02    1.47602E-02
     6.40007E-01    1.52404E+00    7.92678E-01    1.25336E-01    9.57313E-01   -3.61032E-01    3.23257E-01    1.55288E-01   -4.19895E-01    9.13792E-02   -1.79036E-01    8.47430E-02   -2.81692E-01    8.04607E-02    1.19085E-02
     6.45007E-01    1.50717E+00    7.88205E-01    1.30099E-01    9.47707E-01   -3.59400E-01    3.29470E-01    1.53197E-01   -4.16385E-01    9.04821E-02   -1.79776E-01    8.33440E-02   -2.77928E-01    8.05132E-02    9.09709E-03
     6.50007E-01    1.49043E+00    7.83664E-01    1.34813E-01    9.38072E-01   -3.57738E-01    3.35462E-01    1.51124E-01   -4.12845E-01    8.95816E-02   -1.80425E-01    8.19638E-02   -2.74173E-01    8.05518E-02    6.32695E-03
     6.55007E-01    1.47382E+00    7.79058E-01    1.39480E-01    9.28412E-01   -3.56046E-01    3.41236E-01    1.49068E-01   -4.09277E-01    8.86780E-02   -1.80986E-01    8.06023E-02   -2.70431E-01    8.05766E-02    3.59877E-03
     6.60007E-01    1.45733E+00    7.74390E-01    1.44097E-01    9.18732E-01   -3.54326E-01    3.46794E-01    1.47031E-01   -4.05682E-01    8.77719E-02   -1.81462E-01    7.92594E-02   -2.66701E-01    8.05878E-02    9.13248E-04
     6.65007E-01    1.44097E+00    7.69663E-01    1.48667E-01    9.09038E-01   -3.52579E-01    3.52140E-01    1.45012E-01   -4.02062E-01    8.68636E-02   -1.81853E-01    7.79352E-02   -2.62986E-01    8.05858E-02   -1.72899E-03
     6.70007E-01    1.42475E+00    7.64879E-01    1.53188E-01    8.99332E-01   -3.50805E-01    3.57276E-01    1.43010E-01   -3.98419E-01    8.59535E-02   -1.82163E-01    7.66296E-02   -2.59287E-01    8.05706E-02   -4.32738E-03
     6.75007E-01    1.40865E+00    7.60041E-01    1.57660E-01    8.89621E-01   -3.49006E-01    3.62205E-01    1.41028E-01   -3.94756E-01    8.50421E-02   -1.82393E-01    7.53423E-02   -2.55606E-01    8.05426E-02   -6.88138E-03
     6.80007E-01    1.39269E+00    7.55152E-01    1.62084E-01    8.79908E-01   -3.47183E-01    3.66930E-01    1.39063E-01   -3.91073E-01    8.41297E-02   -1.82545E-01    7.40735E-02   -2.51943E-01    8.05019E-02   -9.39053E-03
     6.85007E-01    1.37686E+00    7.50215E-01    1.66459E-01    8.70197E-01   -3.45337E-01    3.71454E-01    1.37117E-01   -3.87373E-01    8.32167E-02   -1.82623E-01    7.28229E-02   -2.48299E-01    8.04487E-02   -1.18544E-02
     6.90007E-01    1.36117E+00    7.45231E-01    1.70786E-01    8.60492E-01   -3.43469E-01    3.75781E-01    1.35189E-01   -3.83658E-01    8.23036E-02   -1.82627E-01    7.15905E-02   -2.44677E-01    8.03834E-02   -1.42726E-02
     6.95007E-01    1.34561E+00    7.40203E-01    1.75064E-01    8.50797E-01   -3.41580E-01    3.79913E-01    1.33280E-01   -3.79928E-01    8.13906E-02   -1.82559E-01    7.03761E-02   -2.41077E-01    8.03061E-02   -1.66449E-02
     7.00006E-01    1.33018E+00    7.35134E-01    1.79294E-01    8.41117E-01   -3.39670E-01    3.83854E-01    1.31390E-01   -3.76187E-01    8.04781E-02   -1.82423E-01    6.91797E-02   -2.37500E-01    8.02170E-02   -1.89709E-02
     7.05006E-01    1.31489E+00    7.30027E-01    1.83475E-01    8.31454E-01   -3.37742E-01    3.87607E-01    1.29518E-01   -3.72436E-01    7.95665E-02   -1.82220E-01    6.80011E-02   -2.33947E-01    8.01165E-02   -2.12505E-02
     7.10006E-01    1.29973E+00    7.24883E-01    1.87608E-01    8.21812E-01   -3.35795E-01    3.91175E-01    1.27666E-01   -3.68675E-01    7.86560E-02   -1.81952E-01    6.68402E-02   -2.30419E-01    8.00046E-02   -2.34834E-02
     7.15006E-01    1.28471E+00    7.19705E-01    1.91693E-01    8.12195E-01   -3.33830E-01    3.94561E-01    1.25832E-01   -3.64908E-01    7.77471E-02   -1.81621E-01    6.56969E-02   -2.26917E-01    7.98817E-02   -2.56695E-02
     7.20006E-01    1.26983E+00    7.14495E-01    1.95730E-01    8.02605E-01   -3.31849E-01    3.97769E-01    1.24017E-01   -3.61134E-01    7.68399E-02   -1.81229E-01    6.45710E-02   -2.23442E-01    7.97480E-02   -2.78087E-02
     7.25006E-01    1.25509E+00    7.09256E-01    1.99719E-01    7.93047E-01   -3.29853E-01    4.00803E-01    1.22220E-01   -3.57357E-01    7.59349E-02   -1.80778E-01    6.34624E-02   -2.19994E-01    7.96037E-02   -2.99010E-02
     7.30006E-01    1.24048E+00    7.03989E-01    2.03661E-01    7.83523E-01   -3.27842E-01    4.03665E-01    1.20443E-01   -3.53577E-01    7.50323E-02   -1.80270E-01    6.23710E-02   -2.16575E-01    7.94491E-02   -3.19462E-02
     7.35006E-01    1.22600E+00    6.98697E-01    2.07555E-01    7.74037E-01   -3.25816E-01    4.06358E-01    1.18685E-01   -3.49795E-01    7.41323E-02   -1.79707E-01    6.12966E-02   -2.13185E-01    7.92843E-02   -3.39445E-02
     7.40006E-01    1.21167E+00    6.93381E-01    2.11401E-01    7.64590E-01   -3.23778E-01    4.08887E-01    1.16945E-01   -3.46014E-01    7.32353E-02   -1.79091E-01    6.02391E-02   -2.09825E-01    7.91097E-02   -3.58959E-02
     7.45006E-01    1.19747E+00    6.88045E-01    2.15201E-01    7.55186E-01   -3.21728E-01    4.11255E-01    1.15225E-01   -3.42235E-01    7.23415E-02   -1.78425E-01    5.91983E-02   -2.06496E-01    7.89254E-02   -3.78005E-02
     7.50006E-01    1.18341E+00    6.82690E-01    2.18953E-01    7.45828E-01   -3.19666E-01    4.13464E-01    1.13523E-01   -3.38458E-01    7.14511E-02   -1.77709E-01    5.81741E-02   -2.03197E-01    7.87318E-02   -3.96584E-02
     7.55006E-01    1.16949E+00    6.77317E-01    2.22659E-01    7.36517E-01   -3.17593E-01    4.15519E-01    1.11840E-01   -3.34685E-01    7.05645E-02   -1.76945E-01    5.71663E-02   -1.99930E-01    7.85289E-02   -4.14697E-02
     7.60006E-01    1.15570E+00    6.71930E-01    2.26318E-01    7.27257E-01   -3.15511E-01    4.17422E-01    1.10176E-01   -3.30918E-01    6.96818E-02   -1.76136E-01    5.61748E-02   -1.96696E-01    7.83172E-02   -4.32346E-02
     7.65006E-01    1.14205E+00    6.66529E-01    2.29931E-01    7.18049E-01   -3.13420E-01    4.19178E-01    1.08531E-01   -3.27157E-01    6.88032E-02   -1.75284E-01    5.51993E-02   -1.93493E-01    7.80967E-02   -4.49534E-02
     7.70006E-01    1.12853E+00    6.61116E-01    2.33499E-01    7.08896E-01   -3.11320E-01    4.20789E-01    1.06904E-01   -3.23404E-01    6.79290E-02   -1.74389E-01    5.42398E-02   -1.90324E-01    7.78677E-02   -4.66262E-02
     7.75006E-01    1.11516E+00    6.55694E-01    2.37021E-01    6.99800E-01   -3.09212E-01    4.22259E-01    1.05297E-01   -3.19660E-01    6.70594E-02   -1.73454E-01    5.32960E-02   -1.87188E-01    7.76305E-02   -4.82534E-02
     7.80006E-01    1.10191E+00    6.50265E-01    2.40497E-01    6.90763E-01   -3.07097E-01    4.23591E-01    1.03708E-01   -3.15926E-01    6.61946E-02   -1.72481E-01    5.23679E-02   -1.84086E-01    7.73852E-02   -4.98353E-02
     7.85006E-01    1.08881E+00    6.44828E-01    2.43928E-01    6.81786E-01   -3.04976E-01    4.24789E-01    1.02138E-01   -3.12203E-01    6.53347E-02   -1.71471E-01    5.14551E-02   -1.81018E-01    7.71322E-02   -5.13721E-02
     7.90006E-01    1.07584E+00    6.39388E-01    2.47315E-01    6.72873E-01   -3.02850E-01    4.25855E-01    1.00586E-01   -3.08493E-01    6.44799E-02   -1.70426E-01    5.05576E-02   -1.77984E-01    7.68716E-02   -5.28643E-02
     7.95006E-01    1.06300E+00    6.33944E-01    2.50657E-01    6.64023E-01   -3.00718E-01    4.26793E-01    9.90526E-02   -3.04795E-01    6.36305E-02   -1.69347E-01    4.96752E-02   -1.74986E-01    7.66036E-02   -5.43121E-02
     8.00006E-01    1.05030E+00    6.28499E-01    2.53955E-01    6.55239E-01   -2.98582E-01    4.27607E-01    9.75378E-02   -3.01112E-01    6.27865E-02   -1.68236E-01    4.88077E-02   -1.72022E-01    7.63286E-02   -5.57159E-02
     8.05006E-01    1.03773E+00    6.23054E-01    2.57209E-01    6.46523E-01   -2.96442E-01    4.28299E-01    9.60415E-02   -2.97443E-01    6.19482E-02   -1.67095E-01    4.79550E-02   -1.69093E-01    7.60466E-02   -5.70762E-02
     8.10006E-01    1.02530E+00    6.17611E-01    2.60420E-01    6.37875E-01   -2.94299E-01    4.28873E-01    9.45634E-02   -2.93791E-01    6.11156E-02   -1.65925E-01    4.71167E-02   -1.66199E-01    7.57579E-02   -5.83934E-02
     8.15006E-01    1.01300E+00    6.12171E-01    2.63588E-01    6.29297E-01   -2.92154E-01    4.29332E-01    9.31035E-02   -2.90155E-01    6.02890E-02   -1.64728E-01    4.62929E-02   -1.63341E-01    7.54627E-02   -5.96679E-02
     8.20006E-01    1.00083E+00    6.06736E-01    2.66713E-01    6.20791E-01   -2.90006E-01    4.29679E-01    9.16618E-02   -2.86537E-01    5.94684E-02   -1.63505E-01    4.54833E-02   -1.60518E-01    7.51613E-02   -6.09002E-02
     8.25006E-01    9.88795E-01    6.01306E-01    2.69796E-01    6.12357E-01   -2.87857E-01    4.29917E-01    9.02382E-02   -2.82938E-01    5.86540E-02   -1.62257E-01    4.46877E-02   -1.57731E-01    7.48538E-02   -6.20908E-02
     8.30006E-01    9.76891E-01    5.95884E-01    2.72837E-01    6.03996E-01   -2.85707E-01    4.30049E-01    8.88324E-02   -2.79357E-01    5.78458E-02   -1.60987E-01    4.39059E-02   -1.54979E-01    7.45404E-02   -6.32401E-02
     8.35006E-01    9.65117E-01    5.90470E-01    2.75836E-01    5.95710E-01   -2.83557E-01    4.30079E-01    8.74446E-02   -2.75797E-01    5.70441E-02   -1.59694E-01    4.31378E-02   -1.52263E-01    7.42214E-02   -6.43486E-02
     8.40006E-01    9.53473E-01    5.85065E-01    2.78794E-01    5.87500E-01   -2.81406E-01    4.30008E-01    8.60744E-02   -2.72257E-01    5.62489E-02   -1.58382E-01    4.23832E-02   -1.49583E-01    7.38970E-02   -6.54169E-02
     8.45006E-01    9.41959E-01    5.79672E-01    2.81711E-01    5.79366E-01   -2.79257E-01    4.29841E-01    8.47220E-02   -2.68739E-01    5.54604E-02   -1.57050E-01    4.16420E-02   -1.46939E-01    7.35673E-02   -6.64455E-02
     8.50006E-01    9.30573E-01    5.74291E-01    2.84588E-01    5.71309E-01   -2.77108E-01    4.29580E-01    8.33870E-02   -2.65242E-01    5.46785E-02   -1.55700E-01    4.09138E-02   -1.44330E-01    7.32326E-02   -6.74349E-02
     8.55006E-01    9.19315E-01    5.68923E-01    2.87425E-01    5.63329E-01   -2.74961E-01    4.29228E-01    8.20695E-02   -2.61768E-01    5.39034E-02   -1.54334E-01    4.01986E-02   -1.41757E-01    7.28931E-02   -6.83856E-02
     8.60006E-01    9.08185E-01    5.63569E-01    2.90222E-01    5.55428E-01   -2.72816E-01    4.28788E-01    8.07693E-02   -2.58318E-01    5.31352E-02   -1.52952E-01    3.94962E-02   -1.39220E-01    7.25488E-02   -6.92983E-02
     8.65006E-01    8.97181E-01    5.58231E-01    2.92979E-01    5.47606E-01   -2.70673E-01    4.28262E-01    7.94863E-02   -2.54891E-01    5.23739E-02   -1.51557E-01    3.88064E-02   -1.36718E-01    7.22001E-02   -7.01734E-02
     8.70006E-01    8.86303E-01    5.52909E-01    2.95698E-01    5.39863E-01   -2.68534E-01    4.27654E-01    7.82204E-02   -2.51488E-01    5.16196E-02   -1.50148E-01    3.81290E-02   -1.34251E-01    7.18472E-02   -7.10116E-02
     8.75006E-01    8.75549E-01    5.47605E-01    2.98378E-01    5.32200E-01   -2.66397E-01    4.26966E-01    7.69714E-02   -2.48110E-01    5.08725E-02   -1.48727E-01    3.74638E-02   -1.31820E-01    7.14901E-02   -7.18134E-02
     8.80006E-01    8.64920E-01    5.42318E-01    3.01020E-01    5.24617E-01   -2.64264E-01    4.26200E-01    7.57393E-02   -2.44758E-01    5.01324E-02   -1.47295E-01    3.68107E-02   -1.29423E-01    7.11291E-02   -7.25794E-02
     8.85006E-01    8.54414E-01    5.37051E-01    3.03624E-01    5.17114E-01   -2.62135E-01    4.25360E-01    7.45238E-02   -2.41431E-01    4.93995E-02   -1.45854E-01    3.61695E-02   -1.27062E-01    7.07644E-02   -7.33102E-02
     8.90006E-01    8.44030E-01    5.31805E-01    3.06191E-01    5.09693E-01   -2.60011E-01    4.24448E-01    7.33249E-02   -2.38130E-01    4.86739E-02   -1.44403E-01    3.55400E-02   -1.24736E-01    7.03961E-02   -7.40064E-02
     8.95006E-01    8.33768E-01    5.26579E-01    3.08721E-01    5.02352E-01   -2.57891E-01    4.23466E-01    7.21425E-02   -2.34856E-01    4.79555E-02   -1.42945E-01    3.49221E-02   -1.22444E-01    7.00244E-02   -7.46685E-02
     9.00006E-01    8.23627E-01    5.21374E-01    3.11215E-01    4.95092E-01   -2.55776E-01    4.22417E-01    7.09763E-02   -2.31609E-01    4.72445E-02   -1.41480E-01    3.43155E-02   -1.20186E-01    6.96494E-02   -7.52972E-02
     9.05005E-01    8.13605E-01    5.16193E-01    3.13672E-01    4.87914E-01   -2.53667E-01    4.21303E-01    6.98264E-02   -2.28389E-01    4.65407E-02   -1.40009E-01    3.37202E-02   -1.17963E-01    6.92714E-02   -7.58931E-02
     9.10005E-01    8.03702E-01    5.11035E-01    3.16094E-01    4.80817E-01   -2.51563E-01    4.20127E-01    6.86924E-02   -2.25196E-01    4.58444E-02   -1.38532E-01    3.31359E-02   -1.15774E-01    6.88906E-02   -7.64567E-02
     9.15005E-01    7.93917E-01    5.05900E-01    3.18480E-01    4.73801E-01   -2.49466E-01    4.18891E-01    6.75744E-02   -2.22032E-01    4.51554E-02   -1.37052E-01    3.25624E-02   -1.13618E-01    6.85069E-02   -7.69887E-02
     9.20005E-01    7.84250E-01    5.00791E-01    3.20832E-01    4.66866E-01   -2.47374E-01    4.17597E-01    6.64720E-02   -2.18896E-01    4.44739E-02   -1.35568E-01    3.19996E-02   -1.11496E-01    6.81207E-02   -7.74896E-02
     9.25005E-01    7.74698E-01    4.95706E-01    3.23149E-01    4.60013E-01   -2.45290E-01    4.16248E-01    6.53854E-02   -2.15788E-01    4.37998E-02   -1.34082E-01    3.14474E-02   -1.09407E-01    6.77321E-02   -7.79601E-02
     9.30005E-01    7.65261E-01    4.90648E-01    3.25432E-01    4.53240E-01   -2.43212E-01    4.14845E-01    6.43141E-02   -2.12709E-01    4.31331E-02   -1.32593E-01    3.09055E-02   -1.07351E-01    6.73412E-02   -7.84008E-02
     9.35005E-01    7.55939E-01    4.85616E-01    3.27682E-01    4.46548E-01   -2.41141E-01    4.13392E-01    6.32582E-02   -2.09659E-01    4.24738E-02   -1.31104E-01    3.03738E-02   -1.05328E-01    6.69481E-02   -7.88123E-02
     9.40005E-01    7.46730E-01    4.80612E-01    3.29898E-01    4.39937E-01   -2.39078E-01    4.11889E-01    6.22175E-02   -2.06638E-01    4.18220E-02   -1.29615E-01    2.98522E-02   -1.03338E-01    6.65531E-02   -7.91951E-02
     9.45005E-01    7.37633E-01    4.75635E-01    3.32081E-01    4.33407E-01   -2.37023E-01    4.10339E-01    6.11918E-02   -2.03646E-01    4.11777E-02   -1.28126E-01    2.93404E-02   -1.01379E-01    6.61562E-02   -7.95498E-02
     9.50005E-01    7.28648E-01    4.70686E-01    3.34232E-01    4.26956E-01   -2.34975E-01    4.08745E-01    6.01810E-02   -2.00684E-01    4.05408E-02   -1.26637E-01    2.88383E-02   -9.94521E-02    6.57577E-02   -7.98772E-02
     9.55005E-01    7.19773E-01    4.65766E-01    3.36351E-01    4.20585E-01   -2.32935E-01    4.07107E-01    5.91849E-02   -1.97751E-01    3.99113E-02   -1.25151E-01    2.83458E-02   -9.75569E-02    6.53575E-02   -8.01776E-02
     9.60005E-01    7.11007E-01    4.60875E-01    3.38438E-01    4.14294E-01   -2.30904E-01    4.05428E-01    5.82035E-02   -1.94848E-01    3.92893E-02   -1.23667E-01    2.78627E-02   -9.56928E-02    6.49559E-02   -8.04518E-02
     9.65005E-01    7.02350E-01    4.56014E-01    3.40494E-01    4.08082E-01   -2.28881E-01    4.03710E-01    5.72364E-02   -1.91975E-01    3.86746E-02   -1.22186E-01    2.73889E-02   -9.38597E-02    6.45530E-02   -8.07003E-02
     9.70005E-01    6.93800E-01    4.51183E-01    3.42519E-01    4.01948E-01   -2.26867E-01    4.01955E-01    5.62837E-02   -1.89132E-01    3.80674E-02   -1.20708E-01    2.69241E-02   -9.20571E-02    6.41490E-02   -8.09237E-02
     9.75005E-01    6.85357E-01    4.46382E-01    3.44513E-01    3.95893E-01   -2.24862E-01    4.00164E-01    5.53451E-02   -1.86319E-01    3.74676E-02   -1.19235E-01    2.64682E-02   -9.02848E-02    6.37439E-02   -8.11226E-02
     9.80005E-01    6.77019E-01    4.41612E-01    3.46478E-01    3.89916E-01   -2.22865E-01    3.98339E-01    5.44204E-02   -1.83536E-01    3.68751E-02   -1.17766E-01    2.60212E-02   -8.85424E-02    6.33378E-02   -8.12975E-02
     9.85005E-01    6.68786E-01    4.36873E-01    3.48413E-01    3.84016E-01   -2.20878E-01    3.96482E-01    5.35097E-02   -1.80783E-01    3.62899E-02   -1.16302E-01    2.55828E-02   -8.68296E-02    6.29309E-02   -8.14490E-02
     9.90005E-01    6.60656E-01    4.32166E-01    3.50318E-01    3.78193E-01   -2.18901E-01    3.94594E-01    5.26126E-02   -1.78060E-01    3.57120E-02   -1.14844E-01    2.51528E-02   -8.51461E-02    6.25234E-02   -8.15777E-02
     9.95005E-01    6.52628E-01    4.27490E-01    3.52195E-01    3.72447E-01   -2.16932E-01    3.92677E-01    5.17290E-02   -1.75368E-01    3.51415E-02   -1.13392E-01    2.47313E-02   -8.34914E-02    6.21152E-02   -8.16841E-02
     1.00001E+00    6.44703E-01    4.22847E-01    3.54043E-01    3.66776E-01   -2.14974E-01    3.90733E-01    5.08588E-02   -1.72705E-01    3.45781E-02   -1.11946E-01    2.43179E-02   -8.18653E-02    6.17066E-02   -8.17687E-02
     1.00500E+00    6.36877E-01    4.18235E-01    3.55863E-01    3.61181E-01   -2.13025E-01    3.88763E-01    5.00019E-02   -1.70073E-01    3.40220E-02   -1.10508E-01    2.39126E-02   -8.02675E-02    6.12975E-02   -8.18322E-02
     1.01000E+00    6.29151E-01    4.13657E-01    3.57655E-01    3.55660E-01   -2.11086E-01    3.86769E-01    4.91581E-02   -1.67471E-01    3.34730E-02   -1.09077E-01    2.35152E-02   -7.86975E-02    6.08883E-02   -8.18750E-02
     1.01500E+00    6.21524E-01    4.09111E-01    3.59419E-01    3.50214E-01   -2.09158E-01    3.84751E-01    4.83272E-02   -1.64899E-01    3.29312E-02   -1.07653E-01    2.31256E-02   -7.71550E-02    6.04788E-02   -8.18977E-02
     1.02000E+00    6.13994E-01    4.04598E-01    3.61157E-01    3.44841E-01   -2.07239E-01    3.82712E-01    4.75090E-02   -1.62357E-01    3.23965E-02   -1.06238E-01    2.27436E-02   -7.56397E-02    6.00693E-02   -8.19008E-02
     1.02500E+00    6.06561E-01    4.00118E-01    3.62868E-01    3.39541E-01   -2.05330E-01    3.80653E-01    4.67035E-02   -1.59845E-01    3.18688E-02   -1.04831E-01    2.23691E-02   -7.41512E-02    5.96599E-02   -8.18849E-02
     1.03000E+00    5.99223E-01    3.95672E-01    3.64552E-01    3.34314E-01   -2.03432E-01    3.78575E-01    4.59105E-02   -1.57364E-01    3.13482E-02   -1.03433E-01    2.20020E-02   -7.26892E-02    5.92505E-02   -8.18504E-02
     1.03500E+00    5.91980E-01    3.91259E-01    3.66211E-01    3.29158E-01   -2.01545E-01    3.76479E-01    4.51299E-02   -1.54911E-01    3.08345E-02   -1.02043E-01    2.16422E-02   -7.12533E-02    5.88414E-02   -8.17978E-02
     1.04000E+00    5.84831E-01    3.86880E-01    3.67844E-01    3.24073E-01   -1.99668E-01    3.74367E-01    4.43614E-02   -1.52489E-01    3.03277E-02   -1.00664E-01    2.12895E-02   -6.98431E-02    5.84326E-02   -8.17276E-02
     1.04500E+00    5.77774E-01    3.82535E-01    3.69452E-01    3.19059E-01   -1.97801E-01    3.72240E-01    4.36049E-02   -1.50096E-01    2.98278E-02   -9.92938E-02    2.09437E-02   -6.84583E-02    5.80241E-02   -8.16404E-02
     1.05000E+00    5.70809E-01    3.78223E-01    3.71035E-01    3.14114E-01   -1.95945E-01    3.70099E-01    4.28604E-02   -1.47733E-01    2.93348E-02   -9.79338E-02    2.06048E-02   -6.70986E-02    5.76162E-02   -8.15367E-02
     1.05500E+00    5.63934E-01    3.73946E-01    3.72593E-01    3.09239E-01   -1.94100E-01    3.67945E-01    4.21276E-02   -1.45399E-01    2.88485E-02   -9.65840E-02    2.02727E-02   -6.57636E-02    5.72088E-02   -8.14168E-02
     1.06000E+00    5.57149E-01    3.69702E-01    3.74127E-01    3.04432E-01   -1.92266E-01    3.65780E-01    4.14063E-02   -1.43095E-01    2.83689E-02   -9.52446E-02    1.99472E-02   -6.44529E-02    5.68021E-02   -8.12812E-02
     1.06500E+00    5.50453E-01    3.65493E-01    3.75638E-01    2.99692E-01   -1.90442E-01    3.63603E-01    4.06966E-02   -1.40820E-01    2.78960E-02   -9.39159E-02    1.96281E-02   -6.31663E-02    5.63960E-02   -8.11305E-02
     1.07000E+00    5.43845E-01    3.61318E-01    3.77124E-01    2.95020E-01   -1.88630E-01    3.61417E-01    3.99981E-02   -1.38573E-01    2.74298E-02   -9.25981E-02    1.93155E-02   -6.19032E-02    5.59908E-02   -8.09651E-02
     1.07500E+00    5.37323E-01    3.57177E-01    3.78588E-01    2.90414E-01   -1.86828E-01    3.59223E-01    3.93108E-02   -1.36356E-01    2.69700E-02   -9.12913E-02    1.90091E-02   -6.06634E-02    5.55864E-02   -8.07854E-02
     1.08000E+00    5.30887E-01    3.53070E-01    3.80029E-01    2.85873E-01   -1.85038E-01    3.57021E-01    3.86345E-02   -1.34167E-01    2.65168E-02   -8.99957E-02    1.87088E-02   -5.94466E-02    5.51830E-02   -8.05918E-02
     1.08500E+00    5.24537E-01    3.48997E-01    3.81447E-01    2.81397E-01   -1.83258E-01    3.54812E-01    3.79691E-02   -1.32007E-01    2.60701E-02   -8.87116E-02    1.84146E-02   -5.82524E-02    5.47805E-02   -8.03849E-02
     1.09000E+00    5.18270E-01    3.44959E-01    3.82843E-01    2.76986E-01   -1.81490E-01    3.52597E-01    3.73144E-02   -1.29875E-01    2.56297E-02   -8.74390E-02    1.81262E-02   -5.70805E-02    5.43791E-02   -8.01650E-02
     1.09500E+00    5.12086E-01    3.40955E-01    3.84217E-01    2.72638E-01   -1.79732E-01    3.50377E-01    3.66703E-02   -1.27772E-01    2.51957E-02   -8.61781E-02    1.78437E-02   -5.59304E-02    5.39789E-02   -7.99325E-02
     1.10000E+00    5.05985E-01    3.36985E-01    3.85569E-01    2.68352E-01   -1.77986E-01    3.48154E-01    3.60366E-02   -1.25696E-01    2.47679E-02   -8.49291E-02    1.75669E-02   -5.48019E-02    5.35798E-02   -7.96878E-02
     1.10500E+00    4.99964E-01    3.33049E-01    3.86900E-01    2.64129E-01   -1.76251E-01    3.45927E-01    3.54133E-02   -1.23648E-01    2.43464E-02   -8.36920E-02    1.72957E-02   -5.36947E-02    5.31820E-02   -7.94315E-02
     1.11000E+00    4.94024E-01    3.29147E-01    3.88210E-01    2.59967E-01   -1.74527E-01    3.43698E-01    3.48001E-02   -1.21628E-01    2.39310E-02   -8.24670E-02    1.70299E-02   -5.26083E-02    5.27855E-02   -7.91637E-02
     1.11500E+00    4.88164E-01    3.25280E-01    3.89500E-01    2.55865E-01   -1.72814E-01    3.41467E-01    3.41970E-02   -1.19635E-01    2.35217E-02   -8.12541E-02    1.67696E-02   -5.15425E-02    5.23904E-02   -7.88850E-02
     1.12000E+00    4.82381E-01    3.21446E-01    3.90769E-01    2.51823E-01   -1.71112E-01    3.39235E-01    3.36037E-02   -1.17669E-01    2.31184E-02   -8.00535E-02    1.65145E-02   -5.04970E-02    5.19967E-02   -7.85957E-02
     1.12500E+00    4.76677E-01    3.17647E-01    3.92018E-01    2.47841E-01   -1.69421E-01    3.37003E-01    3.30202E-02   -1.15730E-01    2.27211E-02   -7.88653E-02    1.62646E-02   -4.94713E-02    5.16045E-02   -7.82961E-02
     1.13000E+00    4.71049E-01    3.13881E-01    3.93248E-01    2.43917E-01   -1.67742E-01    3.34771E-01    3.24464E-02   -1.13819E-01    2.23297E-02   -7.76894E-02    1.60197E-02   -4.84653E-02    5.12138E-02   -7.79867E-02
     1.13500E+00    4.65497E-01    3.10149E-01    3.94458E-01    2.40050E-01   -1.66074E-01    3.32540E-01    3.18820E-02   -1.11933E-01    2.19442E-02   -7.65260E-02    1.57799E-02   -4.74785E-02    5.08246E-02   -7.76678E-02
     1.14000E+00    4.60019E-01    3.06450E-01    3.95648E-01    2.36240E-01   -1.64417E-01    3.30312E-01    3.13270E-02   -1.10074E-01    2.15645E-02   -7.53751E-02    1.55449E-02   -4.65106E-02    5.04371E-02   -7.73397E-02
     1.14500E+00    4.54616E-01    3.02785E-01    3.96820E-01    2.32487E-01   -1.62771E-01    3.28085E-01    3.07812E-02   -1.08241E-01    2.11904E-02   -7.42367E-02    1.53147E-02   -4.55614E-02    5.00513E-02   -7.70029E-02
     1.15000E+00    4.49286E-01    2.99154E-01    3.97973E-01    2.28789E-01   -1.61136E-01    3.25862E-01    3.02446E-02   -1.06434E-01    2.08221E-02   -7.31110E-02    1.50893E-02   -4.46304E-02    4.96671E-02   -7.66575E-02
     1.15500E+00    4.44029E-01    2.95556E-01    3.99108E-01    2.25146E-01   -1.59512E-01    3.23642E-01    2.97169E-02   -1.04653E-01    2.04593E-02   -7.19978E-02    1.48684E-02   -4.37175E-02    4.92847E-02   -7.63040E-02
     1.16000E+00    4.38843E-01    2.91991E-01    4.00225E-01    2.21557E-01   -1.57899E-01    3.21427E-01    2.91980E-02   -1.02896E-01    2.01021E-02   -7.08973E-02    1.46521E-02   -4.28223E-02    4.89041E-02   -7.59427E-02
     1.16500E+00    4.33727E-01    2.88459E-01    4.01324E-01    2.18022E-01   -1.56298E-01    3.19215E-01    2.86879E-02   -1.01166E-01    1.97503E-02   -6.98095E-02    1.44402E-02   -4.19445E-02    4.85253E-02   -7.55738E-02
     1.17000E+00    4.28681E-01    2.84959E-01    4.02405E-01    2.14539E-01   -1.54707E-01    3.17010E-01    2.81863E-02   -9.94596E-02    1.94040E-02   -6.87343E-02    1.42326E-02   -4.10837E-02    4.81484E-02   -7.51977E-02
     1.17500E+00    4.23705E-01    2.81493E-01    4.03469E-01    2.11108E-01   -1.53128E-01    3.14809E-01    2.76932E-02   -9.77783E-02    1.90630E-02   -6.76717E-02    1.40293E-02   -4.02398E-02    4.77733E-02   -7.48147E-02
     1.18000E+00    4.18796E-01    2.78059E-01    4.04516E-01    2.07728E-01   -1.51559E-01    3.12615E-01    2.72085E-02   -9.61214E-02    1.87272E-02   -6.66218E-02    1.38302E-02   -3.94123E-02    4.74002E-02   -7.44251E-02
     1.18500E+00    4.13955E-01    2.74658E-01    4.05547E-01    2.04399E-01   -1.50001E-01    3.10427E-01    2.67320E-02   -9.44887E-02    1.83967E-02   -6.55845E-02    1.36351E-02   -3.86011E-02    4.70291E-02   -7.40292E-02
     1.19000E+00    4.09181E-01    2.71289E-01    4.06560E-01    2.01120E-01   -1.48455E-01    3.08247E-01    2.62636E-02   -9.28800E-02    1.80714E-02   -6.45599E-02    1.34441E-02   -3.78058E-02    4.66599E-02   -7.36271E-02
     1.19500E+00    4.04472E-01    2.67952E-01    4.07558E-01    1.97891E-01   -1.46919E-01    3.06073E-01    2.58031E-02   -9.12950E-02    1.77511E-02   -6.35478E-02    1.32571E-02   -3.70262E-02    4.62928E-02   -7.32193E-02
     1.20000E+00    3.99828E-01    2.64647E-01    4.08539E-01    1.94709E-01   -1.45394E-01    3.03908E-01    2.53506E-02   -8.97334E-02    1.74359E-02   -6.25483E-02    1.30738E-02   -3.62619E-02    4.59278E-02   -7.28060E-02
     1.20500E+00    3.95248E-01    2.61373E-01    4.09505E-01    1.91576E-01   -1.43880E-01    3.01750E-01    2.49058E-02   -8.81950E-02    1.71256E-02   -6.15613E-02    1.28944E-02   -3.55127E-02    4.55648E-02   -7.23874E-02
     1.21000E+00    3.90732E-01    2.58131E-01    4.10455E-01    1.88490E-01   -1.42377E-01    2.99602E-01    2.44686E-02   -8.66796E-02    1.68202E-02   -6.05867E-02    1.27187E-02   -3.47784E-02    4.52039E-02   -7.19637E-02
     1.21500E+00    3.86278E-01    2.54921E-01    4.11390E-01    1.85450E-01   -1.40884E-01    2.97461E-01    2.40389E-02   -8.51868E-02    1.65197E-02   -5.96246E-02    1.25466E-02   -3.40586E-02    4.48452E-02   -7.15353E-02
     1.22000E+00    3.81886E-01    2.51742E-01    4.12310E-01    1.82457E-01   -1.39402E-01    2.95331E-01    2.36167E-02   -8.37165E-02    1.62240E-02   -5.86749E-02    1.23781E-02   -3.33531E-02    4.44886E-02   -7.11024E-02
     1.22500E+00    3.77556E-01    2.48593E-01    4.13215E-01    1.79508E-01   -1.37931E-01    2.93209E-01    2.32018E-02   -8.22683E-02    1.59330E-02   -5.77376E-02    1.22131E-02   -3.26616E-02    4.41341E-02   -7.06652E-02
     1.23000E+00    3.73286E-01    2.45476E-01    4.14105E-01    1.76604E-01   -1.36470E-01    2.91098E-01    2.27940E-02   -8.08421E-02    1.56466E-02   -5.68125E-02    1.20515E-02   -3.19839E-02    4.37819E-02   -7.02238E-02
     1.23500E+00    3.69075E-01    2.42389E-01    4.14981E-01    1.73744E-01   -1.35020E-01    2.88996E-01    2.23933E-02   -7.94376E-02    1.53648E-02   -5.58996E-02    1.18932E-02   -3.13197E-02    4.34319E-02   -6.97786E-02
     1.24000E+00    3.64923E-01    2.39332E-01    4.15842E-01    1.70928E-01   -1.33580E-01    2.86905E-01    2.19996E-02   -7.80545E-02    1.50876E-02   -5.49988E-02    1.17382E-02   -3.06688E-02    4.30841E-02   -6.93298E-02
     1.24500E+00    3.60830E-01    2.36306E-01    4.16690E-01    1.68154E-01   -1.32151E-01    2.84824E-01    2.16127E-02   -7.66926E-02    1.48148E-02   -5.41102E-02    1.15865E-02   -3.00308E-02    4.27386E-02   -6.88776E-02
     1.25000E+00    3.56794E-01    2.33309E-01    4.17524E-01    1.65422E-01   -1.30732E-01    2.82755E-01    2.12326E-02   -7.53515E-02    1.45465E-02   -5.32335E-02    1.14379E-02   -2.94057E-02    4.23954E-02   -6.84221E-02
     1.25500E+00    3.52815E-01    2.30342E-01    4.18344E-01    1.62732E-01   -1.29323E-01    2.80696E-01    2.08592E-02   -7.40312E-02    1.42825E-02   -5.23688E-02    1.12924E-02   -2.87931E-02    4.20544E-02   -6.79635E-02
     1.26000E+00    3.48892E-01    2.27405E-01    4.19151E-01    1.60083E-01   -1.27925E-01    2.78649E-01    2.04923E-02   -7.27312E-02    1.40228E-02   -5.15159E-02    1.11500E-02   -2.81929E-02    4.17158E-02   -6.75022E-02
     1.26500E+00    3.45024E-01    2.24497E-01    4.19945E-01    1.57474E-01   -1.26536E-01    2.76613E-01    2.01318E-02   -7.14514E-02    1.37673E-02   -5.06749E-02    1.10105E-02   -2.76046E-02    4.13794E-02   -6.70381E-02
     1.27000E+00    3.41211E-01    2.21618E-01    4.20726E-01    1.54904E-01   -1.25158E-01    2.74588E-01    1.97777E-02   -7.01915E-02    1.35160E-02   -4.98455E-02    1.08739E-02   -2.70283E-02    4.10454E-02   -6.65716E-02
     1.27500E+00    3.37452E-01    2.18768E-01    4.21494E-01    1.52374E-01   -1.23791E-01    2.72576E-01    1.94299E-02   -6.89513E-02    1.32688E-02   -4.90277E-02    1.07402E-02   -2.64635E-02    4.07137E-02   -6.61028E-02
     1.28000E+00    3.33747E-01    2.15946E-01    4.22250E-01    1.49882E-01   -1.22433E-01    2.70576E-01    1.90882E-02   -6.77305E-02    1.30257E-02   -4.82214E-02    1.06092E-02   -2.59102E-02    4.03844E-02   -6.56318E-02
     1.28500E+00    3.30094E-01    2.13153E-01    4.22993E-01    1.47428E-01   -1.21085E-01    2.68588E-01    1.87526E-02   -6.65288E-02    1.27866E-02   -4.74266E-02    1.04810E-02   -2.53680E-02    4.00574E-02   -6.51589E-02
     1.29000E+00    3.26494E-01    2.10388E-01    4.23724E-01    1.45011E-01   -1.19747E-01    2.66612E-01    1.84229E-02   -6.53461E-02    1.25514E-02   -4.66431E-02    1.03555E-02   -2.48368E-02    3.97328E-02   -6.46842E-02
     1.29500E+00    3.22944E-01    2.07651E-01    4.24443E-01    1.42631E-01   -1.18419E-01    2.64648E-01    1.80991E-02   -6.41820E-02    1.23201E-02   -4.58708E-02    1.02327E-02   -2.43163E-02    3.94105E-02   -6.42078E-02
     1.30000E+00    3.19446E-01    2.04941E-01    4.25151E-01    1.40288E-01   -1.17100E-01    2.62698E-01    1.77810E-02   -6.30363E-02    1.20927E-02   -4.51097E-02    1.01124E-02   -2.38064E-02    3.90907E-02   -6.37299E-02
     1.30500E+00    3.15998E-01    2.02259E-01    4.25846E-01    1.37980E-01   -1.15792E-01    2.60760E-01    1.74687E-02   -6.19088E-02    1.18690E-02   -4.43597E-02    9.99458E-03   -2.33068E-02    3.87733E-02   -6.32506E-02
     1.31000E+00    3.12599E-01    1.99605E-01    4.26530E-01    1.35707E-01   -1.14493E-01    2.58835E-01    1.71619E-02   -6.07992E-02    1.16491E-02   -4.36206E-02    9.87928E-03   -2.28174E-02    3.84582E-02   -6.27701E-02
     1.31500E+00    3.09250E-01    1.96977E-01    4.27203E-01    1.33469E-01   -1.13203E-01    2.56923E-01    1.68607E-02   -5.97073E-02    1.14328E-02   -4.28924E-02    9.76639E-03   -2.23379E-02    3.81456E-02   -6.22886E-02
     1.32000E+00    3.05948E-01    1.94376E-01    4.27865E-01    1.31265E-01   -1.11924E-01    2.55024E-01    1.65648E-02   -5.86329E-02    1.12201E-02   -4.21749E-02    9.65588E-03   -2.18682E-02    3.78353E-02   -6.18060E-02
     1.32500E+00    3.02695E-01    1.91802E-01    4.28516E-01    1.29094E-01   -1.10653E-01    2.53138E-01    1.62743E-02   -5.75757E-02    1.10110E-02   -4.14681E-02    9.54770E-03   -2.14080E-02    3.75275E-02   -6.13227E-02
     1.33000E+00    2.99488E-01    1.89253E-01    4.29156E-01    1.26957E-01   -1.09392E-01    2.51265E-01    1.59890E-02   -5.65354E-02    1.08054E-02   -4.07718E-02    9.44179E-03   -2.09571E-02    3.72221E-02   -6.08386E-02
     1.33500E+00    2.96328E-01    1.86731E-01    4.29786E-01    1.24851E-01   -1.08140E-01    2.49406E-01    1.57089E-02   -5.55119E-02    1.06033E-02   -4.00860E-02    9.33811E-03   -2.05155E-02    3.69191E-02   -6.03539E-02
     1.34000E+00    2.93214E-01    1.84235E-01    4.30405E-01    1.22778E-01   -1.06898E-01    2.47560E-01    1.54339E-02   -5.45048E-02    1.04046E-02   -3.94105E-02    9.23662E-03   -2.00828E-02    3.66186E-02   -5.98688E-02
     1.34500E+00    2.90146E-01    1.81764E-01    4.31014E-01    1.20737E-01   -1.05665E-01    2.45727E-01    1.51639E-02   -5.35141E-02    1.02092E-02   -3.87453E-02    9.13727E-03   -1.96590E-02    3.63204E-02   -5.93833E-02
     1.35000E+00    2.87122E-01    1.79319E-01    4.31612E-01    1.18726E-01   -1.04441E-01    2.43908E-01    1.48987E-02   -5.25394E-02    1.00171E-02   -3.80902E-02    9.04001E-03   -1.92438E-02    3.60247E-02   -5.88975E-02
     1.35500E+00    2.84143E-01    1.76899E-01    4.32201E-01    1.16746E-01   -1.03226E-01    2.42102E-01    1.46384E-02   -5.15805E-02    9.82826E-03   -3.74452E-02    8.94482E-03   -1.88371E-02    3.57315E-02   -5.84115E-02
     1.36000E+00    2.81207E-01    1.74503E-01    4.32780E-01    1.14796E-01   -1.02020E-01    2.40310E-01    1.43829E-02   -5.06372E-02    9.64263E-03   -3.68100E-02    8.85163E-03   -1.84387E-02    3.54406E-02   -5.79255E-02
     1.36500E+00    2.78315E-01    1.72133E-01    4.33349E-01    1.12876E-01   -1.00823E-01    2.38532E-01    1.41320E-02   -4.97092E-02    9.46015E-03   -3.61847E-02    8.76042E-03   -1.80485E-02    3.51522E-02   -5.74395E-02
     1.37000E+00    2.75465E-01    1.69786E-01    4.33908E-01    1.10985E-01   -9.96344E-02    2.36767E-01    1.38858E-02   -4.87964E-02    9.28077E-03   -3.55691E-02    8.67113E-03   -1.76662E-02    3.48662E-02   -5.69537E-02
     1.37500E+00    2.72658E-01    1.67464E-01    4.34459E-01    1.09122E-01   -9.84550E-02    2.35016E-01    1.36441E-02   -4.78984E-02    9.10444E-03   -3.49631E-02    8.58374E-03   -1.72917E-02    3.45827E-02   -5.64680E-02
     1.38000E+00    2.69892E-01    1.65166E-01    4.35000E-01    1.07288E-01   -9.72842E-02    2.33278E-01    1.34068E-02   -4.70152E-02    8.93112E-03   -3.43665E-02    8.49820E-03   -1.69249E-02    3.43015E-02   -5.59826E-02
     1.38500E+00    2.67167E-01    1.62891E-01    4.35532E-01    1.05481E-01   -9.61222E-02    2.31555E-01    1.31739E-02   -4.61465E-02    8.76076E-03   -3.37794E-02    8.41448E-03   -1.65656E-02    3.40229E-02   -5.54976E-02
     1.39000E+00    2.64483E-01    1.60640E-01    4.36055E-01    1.03702E-01   -9.49687E-02    2.29844E-01    1.29453E-02   -4.52920E-02    8.59331E-03   -3.32015E-02    8.33254E-03   -1.62136E-02    3.37466E-02   -5.50130E-02
     1.39500E+00    2.61839E-01    1.58412E-01    4.36569E-01    1.01949E-01   -9.38237E-02    2.28148E-01    1.27209E-02   -4.44515E-02    8.42873E-03   -3.26328E-02    8.25233E-03   -1.58688E-02    3.34727E-02   -5.45289E-02
     1.40000E+00    2.59234E-01    1.56207E-01    4.37074E-01    1.00223E-01   -9.26872E-02    2.26465E-01    1.25008E-02   -4.36249E-02    8.26697E-03   -3.20732E-02    8.17384E-03   -1.55311E-02    3.32013E-02   -5.40454E-02
     1.40500E+00    2.56669E-01    1.54024E-01    4.37571E-01    9.85231E-02   -9.15591E-02    2.24796E-01    1.22847E-02   -4.28120E-02    8.10799E-03   -3.15225E-02    8.09701E-03   -1.52003E-02    3.29323E-02   -5.35626E-02
     1.41000E+00    2.54142E-01    1.51865E-01    4.38059E-01    9.68487E-02   -9.04392E-02    2.23141E-01    1.20726E-02   -4.20124E-02    7.95173E-03   -3.09807E-02    8.02182E-03   -1.48762E-02    3.26657E-02   -5.30804E-02
     1.41500E+00    2.51654E-01    1.49727E-01    4.38540E-01    9.51995E-02   -8.93276E-02    2.21499E-01    1.18645E-02   -4.12260E-02    7.79817E-03   -3.04476E-02    7.94824E-03   -1.45588E-02    3.24015E-02   -5.25990E-02
     1.42000E+00    2.49203E-01    1.47612E-01    4.39011E-01    9.35750E-02   -8.82242E-02    2.19871E-01    1.16603E-02   -4.04527E-02    7.64725E-03   -2.99232E-02    7.87623E-03   -1.42479E-02    3.21397E-02   -5.21185E-02
     1.42500E+00    2.46790E-01    1.45518E-01    4.39475E-01    9.19750E-02   -8.71289E-02    2.18256E-01    1.14600E-02   -3.96922E-02    7.49892E-03   -2.94072E-02    7.80575E-03   -1.39433E-02    3.18803E-02   -5.16388E-02
     1.43000E+00    2.44413E-01    1.43446E-01    4.39931E-01    9.03989E-02   -8.60417E-02    2.16655E-01    1.12634E-02   -3.89442E-02    7.35316E-03   -2.88997E-02    7.73678E-03   -1.36449E-02    3.16233E-02   -5.11600E-02
     1.43500E+00    2.42072E-01    1.41395E-01    4.40379E-01    8.88464E-02   -8.49624E-02    2.15068E-01    1.10705E-02   -3.82087E-02    7.20991E-03   -2.84006E-02    7.66929E-03   -1.33527E-02    3.13687E-02   -5.06822E-02
     1.44000E+00    2.39768E-01    1.39365E-01    4.40820E-01    8.73172E-02   -8.38910E-02    2.13494E-01    1.08813E-02   -3.74854E-02    7.06914E-03   -2.79096E-02    7.60325E-03   -1.30664E-02    3.11165E-02   -5.02054E-02
     1.44500E+00    2.37499E-01    1.37357E-01    4.41253E-01    8.58108E-02   -8.28274E-02    2.11933E-01    1.06956E-02   -3.67742E-02    6.93081E-03   -2.74267E-02    7.53862E-03   -1.27860E-02    3.08666E-02   -4.97297E-02
     1.45000E+00    2.35264E-01    1.35369E-01    4.41678E-01    8.43268E-02   -8.17716E-02    2.10386E-01    1.05135E-02   -3.60747E-02    6.79486E-03   -2.69519E-02    7.47538E-03   -1.25113E-02    3.06192E-02   -4.92551E-02
     1.45500E+00    2.33065E-01    1.33401E-01    4.42096E-01    8.28650E-02   -8.07235E-02    2.08852E-01    1.03349E-02   -3.53869E-02    6.66127E-03   -2.64849E-02    7.41350E-03   -1.22421E-02    3.03741E-02   -4.87816E-02
     1.46000E+00    2.30900E-01    1.31453E-01    4.42507E-01    8.14249E-02   -7.96831E-02    2.07332E-01    1.01596E-02   -3.47106E-02    6.53000E-03   -2.60258E-02    7.35295E-03   -1.19785E-02    3.01314E-02   -4.83092E-02
     1.46500E+00    2.28768E-01    1.29526E-01    4.42910E-01    8.00062E-02   -7.86502E-02    2.05825E-01    9.98776E-03   -3.40456E-02    6.40101E-03   -2.55743E-02    7.29370E-03   -1.17203E-02    2.98910E-02   -4.78381E-02
     1.47000E+00    2.26670E-01    1.27618E-01    4.43307E-01    7.86085E-02   -7.76248E-02    2.04331E-01    9.81917E-03   -3.33916E-02    6.27425E-03   -2.51305E-02    7.23574E-03   -1.14673E-02    2.96530E-02   -4.73681E-02
     1.47500E+00    2.24605E-01    1.25730E-01    4.43696E-01    7.72315E-02   -7.66069E-02    2.02851E-01    9.65382E-03   -3.27485E-02    6.14969E-03   -2.46941E-02    7.17902E-03   -1.12194E-02    2.94173E-02   -4.68995E-02
     1.48000E+00    2.22572E-01    1.23861E-01    4.44079E-01    7.58748E-02   -7.55963E-02    2.01384E-01    9.49167E-03   -3.21162E-02    6.02730E-03   -2.42651E-02    7.12354E-03   -1.09766E-02    2.91840E-02   -4.64321E-02
     1.48500E+00    2.20571E-01    1.22012E-01    4.44455E-01    7.45382E-02   -7.45930E-02    1.99929E-01    9.33265E-03   -3.14944E-02    5.90703E-03   -2.38434E-02    7.06925E-03   -1.07388E-02    2.89530E-02   -4.59660E-02
     1.49000E+00    2.18602E-01    1.20181E-01    4.44824E-01    7.32212E-02   -7.35970E-02    1.98488E-01    9.17671E-03   -3.08831E-02    5.78885E-03   -2.34290E-02    7.01614E-03   -1.05057E-02    2.87243E-02   -4.55012E-02
     1.49500E+00    2.16665E-01    1.18369E-01    4.45187E-01    7.19235E-02   -7.26081E-02    1.97060E-01    9.02380E-03   -3.02819E-02    5.67273E-03   -2.30216E-02    6.96418E-03   -1.02774E-02    2.84980E-02   -4.50377E-02
     1.50000E+00    2.14758E-01    1.16575E-01    4.45544E-01    7.06449E-02   -7.16264E-02    1.95644E-01    8.87387E-03   -2.96908E-02    5.55862E-03   -2.26212E-02    6.91336E-03   -1.00538E-02    2.82739E-02   -4.45756E-02
     1.50500E+00    2.12883E-01    1.14799E-01    4.45894E-01    6.93851E-02   -7.06517E-02    1.94242E-01    8.72688E-03   -2.91095E-02    5.44650E-03   -2.22278E-02    6.86364E-03   -9.83461E-03    2.80522E-02   -4.41148E-02
     1.51000E+00    2.11037E-01    1.13042E-01    4.46238E-01    6.81436E-02   -6.96840E-02    1.92852E-01    8.58276E-03   -2.85380E-02    5.33634E-03   -2.18411E-02    6.81501E-03   -9.61990E-03    2.78328E-02   -4.36554E-02
     1.51500E+00    2.09222E-01    1.11303E-01    4.46575E-01    6.69202E-02   -6.87232E-02    1.91475E-01    8.44148E-03   -2.79760E-02    5.22808E-03   -2.14612E-02    6.76743E-03   -9.40952E-03    2.76157E-02   -4.31973E-02
     1.52000E+00    2.07435E-01    1.09581E-01    4.46907E-01    6.57146E-02   -6.77692E-02    1.90110E-01    8.30299E-03   -2.74234E-02    5.12171E-03   -2.10879E-02    6.72090E-03   -9.20338E-03    2.74008E-02   -4.27407E-02
     1.52500E+00    2.05679E-01    1.07876E-01    4.47232E-01    6.45265E-02   -6.68220E-02    1.88758E-01    8.16724E-03   -2.68800E-02    5.01719E-03   -2.07211E-02    6.67539E-03   -9.00140E-03    2.71883E-02   -4.22854E-02
     1.53000E+00    2.03951E-01    1.06189E-01    4.47552E-01    6.33556E-02   -6.58816E-02    1.87419E-01    8.03418E-03   -2.63457E-02    4.91449E-03   -2.03608E-02    6.63088E-03   -8.80349E-03    2.69780E-02   -4.18315E-02
     1.53500E+00    2.02251E-01    1.04518E-01    4.47866E-01    6.22016E-02   -6.49478E-02    1.86092E-01    7.90376E-03   -2.58203E-02    4.81358E-03   -2.00068E-02    6.58735E-03   -8.60955E-03    2.67699E-02   -4.13790E-02
     1.54000E+00    2.00580E-01    1.02865E-01    4.48174E-01    6.10642E-02   -6.40207E-02    1.84777E-01    7.77596E-03   -2.53037E-02    4.71442E-03   -1.96591E-02    6.54478E-03   -8.41951E-03    2.65642E-02   -4.09279E-02
     1.54500E+00    1.98936E-01    1.01228E-01    4.48477E-01    5.99432E-02   -6.31001E-02    1.83475E-01    7.65071E-03   -2.47957E-02    4.61698E-03   -1.93176E-02    6.50315E-03   -8.23327E-03    2.63607E-02   -4.04782E-02
     1.55000E+00    1.97321E-01    9.96073E-02    4.48774E-01    5.88382E-02   -6.21859E-02    1.82185E-01    7.52799E-03   -2.42961E-02    4.52123E-03   -1.89821E-02    6.46244E-03   -8.05076E-03    2.61594E-02   -4.00298E-02
     1.55500E+00    1.95732E-01    9.80030E-02    4.49065E-01    5.77491E-02   -6.12782E-02    1.80906E-01    7.40774E-03   -2.38048E-02    4.42715E-03   -1.86527E-02    6.42264E-03   -7.87189E-03    2.59604E-02   -3.95828E-02
     1.56000E+00    1.94170E-01    9.64146E-02    4.49351E-01    5.66755E-02   -6.03769E-02    1.79640E-01    7.28993E-03   -2.33217E-02    4.33469E-03   -1.83292E-02    6.38372E-03   -7.69659E-03    2.57636E-02   -3.91372E-02
     1.56500E+00    1.92635E-01    9.48421E-02    4.49632E-01    5.56171E-02   -5.94818E-02    1.78386E-01    7.17451E-03   -2.28467E-02    4.24385E-03   -1.80115E-02    6.34567E-03   -7.52478E-03    2.55690E-02   -3.86929E-02
     1.57000E+00    1.91126E-01    9.32851E-02    4.49907E-01    5.45738E-02   -5.85930E-02    1.77144E-01    7.06145E-03   -2.23795E-02    4.15457E-03   -1.76995E-02    6.30847E-03   -7.35638E-03    2.53766E-02   -3.82499E-02
     1.57500E+00    1.89643E-01    9.17436E-02    4.50178E-01    5.35452E-02   -5.77103E-02    1.75913E-01    6.95070E-03   -2.19200E-02    4.06684E-03   -1.73933E-02    6.27210E-03   -7.19131E-03    2.51865E-02   -3.78082E-02
     1.58000E+00    1.88186E-01    9.02173E-02    4.50443E-01    5.25311E-02   -5.68338E-02    1.74695E-01    6.84224E-03   -2.14682E-02    3.98063E-03   -1.70926E-02    6.23655E-03   -7.02951E-03    2.49986E-02   -3.73679E-02
     1.58500E+00    1.86754E-01    8.87060E-02    4.50703E-01    5.15312E-02   -5.59634E-02    1.73487E-01    6.73601E-03   -2.10238E-02    3.89591E-03   -1.67974E-02    6.20180E-03   -6.87091E-03    2.48128E-02   -3.69288E-02
     1.59000E+00    1.85347E-01    8.72096E-02    4.50958E-01    5.05454E-02   -5.50989E-02    1.72292E-01    6.63199E-03   -2.05868E-02    3.81265E-03   -1.65076E-02    6.16783E-03   -6.71542E-03    2.46293E-02   -3.64910E-02
     1.59500E+00    1.83965E-01    8.57278E-02    4.51208E-01    4.95733E-02   -5.42405E-02    1.71108E-01    6.53013E-03   -2.01570E-02    3.73082E-03   -1.62232E-02    6.13464E-03   -6.56299E-03    2.44479E-02   -3.60545E-02
     1.60000E+00    1.82608E-01    8.42605E-02    4.51454E-01    4.86148E-02   -5.33879E-02    1.69935E-01    6.43041E-03   -1.97342E-02    3.65041E-03   -1.59440E-02    6.10220E-03   -6.41355E-03    2.42687E-02   -3.56191E-02
     1.60500E+00    1.81275E-01    8.28075E-02    4.51695E-01    4.76695E-02   -5.25411E-02    1.68773E-01    6.33278E-03   -1.93184E-02    3.57138E-03   -1.56700E-02    6.07050E-03   -6.26703E-03    2.40917E-02   -3.51850E-02
     1.61000E+00    1.79965E-01    8.13686E-02    4.51931E-01    4.67373E-02   -5.17001E-02    1.67623E-01    6.23721E-03   -1.89094E-02    3.49370E-03   -1.54012E-02    6.03952E-03   -6.12336E-03    2.39169E-02   -3.47520E-02
     1.61500E+00    1.78680E-01    7.99437E-02    4.52162E-01    4.58180E-02   -5.08649E-02    1.66484E-01    6.14368E-03   -1.85071E-02    3.41736E-03   -1.51374E-02    6.00926E-03   -5.98249E-03    2.37442E-02   -3.43202E-02
     1.62000E+00    1.77418E-01    7.85325E-02    4.52389E-01    4.49113E-02   -5.00353E-02    1.65355E-01    6.05213E-03   -1.81113E-02    3.34232E-03   -1.48785E-02    5.97970E-03   -5.84434E-03    2.35737E-02   -3.38894E-02
     1.62500E+00    1.76179E-01    7.71348E-02    4.52611E-01    4.40169E-02   -4.92113E-02    1.64238E-01    5.96255E-03   -1.77220E-02    3.26856E-03   -1.46246E-02    5.95081E-03   -5.70887E-03    2.34053E-02   -3.34598E-02
     1.63000E+00    1.74963E-01    7.57506E-02    4.52829E-01    4.31348E-02   -4.83929E-02    1.63132E-01    5.87490E-03   -1.73390E-02    3.19607E-03   -1.43755E-02    5.92260E-03   -5.57600E-03    2.32391E-02   -3.30312E-02
     1.63500E+00    1.73770E-01    7.43795E-02    4.53042E-01    4.22646E-02   -4.75800E-02    1.62036E-01    5.78915E-03   -1.69623E-02    3.12480E-03   -1.41311E-02    5.89505E-03   -5.44568E-03    2.30750E-02   -3.26037E-02
     1.64000E+00    1.72599E-01    7.30216E-02    4.53252E-01    4.14062E-02   -4.67725E-02    1.60951E-01    5.70527E-03   -1.65916E-02    3.05475E-03   -1.38914E-02    5.86814E-03   -5.31786E-03    2.29130E-02   -3.21771E-02
     1.64500E+00    1.71450E-01    7.16765E-02    4.53456E-01    4.05593E-02   -4.59704E-02    1.59877E-01    5.62323E-03   -1.62269E-02    2.98588E-03   -1.36563E-02    5.84187E-03   -5.19247E-03    2.27532E-02   -3.17514E-02
     1.65000E+00    1.70324E-01    7.03441E-02    4.53657E-01    3.97238E-02   -4.51737E-02    1.58813E-01    5.54299E-03   -1.58680E-02    2.91818E-03   -1.34258E-02    5.81621E-03   -5.06947E-03    2.25955E-02   -3.13267E-02
     1.65500E+00    1.69219E-01    6.90242E-02    4.53854E-01    3.88994E-02   -4.43823E-02    1.57760E-01    5.46454E-03   -1.55150E-02    2.85162E-03   -1.31997E-02    5.79117E-03   -4.94879E-03    2.24399E-02   -3.09028E-02
     1.66000E+00    1.68135E-01    6.77167E-02    4.54046E-01    3.80859E-02   -4.35961E-02    1.56717E-01    5.38784E-03   -1.51675E-02    2.78617E-03   -1.29781E-02    5.76672E-03   -4.83039E-03    2.22865E-02   -3.04798E-02
     1.66500E+00    1.67073E-01    6.64214E-02    4.54235E-01    3.72833E-02   -4.28151E-02    1.55684E-01    5.31286E-03   -1.48256E-02    2.72183E-03   -1.27608E-02    5.74286E-03   -4.71421E-03    2.21352E-02   -3.00575E-02
     1.67000E+00    1.66032E-01    6.51382E-02    4.54419E-01    3.64911E-02   -4.20393E-02    1.54661E-01    5.23957E-03   -1.44891E-02    2.65856E-03   -1.25478E-02    5.71958E-03   -4.60021E-03    2.19859E-02   -2.96360E-02
     1.67500E+00    1.65011E-01    6.38668E-02    4.54600E-01    3.57094E-02   -4.12685E-02    1.53648E-01    5.16796E-03   -1.41579E-02    2.59634E-03   -1.23391E-02    5.69686E-03   -4.48832E-03    2.18388E-02   -2.92152E-02
     1.68000E+00    1.64011E-01    6.26072E-02    4.54776E-01    3.49378E-02   -4.05028E-02    1.52646E-01    5.09798E-03   -1.38319E-02    2.53516E-03   -1.21345E-02    5.67469E-03   -4.37851E-03    2.16938E-02   -2.87951E-02
     1.68500E+00    1.63032E-01    6.13591E-02    4.54949E-01    3.41763E-02   -3.97420E-02    1.51653E-01    5.02963E-03   -1.35111E-02    2.47499E-03   -1.19340E-02    5.65307E-03   -4.27072E-03    2.15508E-02   -2.83755E-02
     1.69000E+00    1.62072E-01    6.01224E-02    4.55118E-01    3.34246E-02   -3.89862E-02    1.50670E-01    4.96287E-03   -1.31953E-02    2.41582E-03   -1.17375E-02    5.63198E-03   -4.16492E-03    2.14100E-02   -2.79565E-02
     1.69500E+00    1.61133E-01    5.88970E-02    4.55283E-01    3.26825E-02   -3.82353E-02    1.49697E-01    4.89767E-03   -1.28843E-02    2.35761E-03   -1.15450E-02    5.61142E-03   -4.06104E-03    2.12713E-02   -2.75380E-02
     1.70000E+00    1.60213E-01    5.76826E-02    4.55445E-01    3.19499E-02   -3.74893E-02    1.48733E-01    4.83401E-03   -1.25782E-02    2.30036E-03   -1.13565E-02    5.59137E-03   -3.95906E-03    2.11346E-02   -2.71200E-02
     1.70500E+00    1.59313E-01    5.64792E-02    4.55603E-01    3.12266E-02   -3.67480E-02    1.47779E-01    4.77188E-03   -1.22768E-02    2.24404E-03   -1.11718E-02    5.57182E-03   -3.85891E-03    2.10001E-02   -2.67023E-02
     1.71000E+00    1.58432E-01    5.52865E-02    4.55757E-01    3.05124E-02   -3.60115E-02    1.46835E-01    4.71124E-03   -1.19800E-02    2.18864E-03   -1.09909E-02    5.55277E-03   -3.76057E-03    2.08676E-02   -2.62850E-02
     1.71500E+00    1.57571E-01    5.41045E-02    4.55908E-01    2.98072E-02   -3.52796E-02    1.45900E-01    4.65207E-03   -1.16878E-02    2.13413E-03   -1.08138E-02    5.53421E-03   -3.66398E-03    2.07372E-02   -2.58680E-02
     1.72000E+00    1.56728E-01    5.29329E-02    4.56055E-01    2.91108E-02   -3.45525E-02    1.44974E-01    4.59436E-03   -1.13999E-02    2.08049E-03   -1.06404E-02    5.51613E-03   -3.56911E-03    2.06089E-02   -2.54512E-02
     1.72500E+00    1.55904E-01    5.17717E-02    4.56199E-01    2.84231E-02   -3.38299E-02    1.44057E-01    4.53807E-03   -1.11164E-02    2.02772E-03   -1.04706E-02    5.49852E-03   -3.47591E-03    2.04827E-02   -2.50346E-02
     1.73000E+00    1.55099E-01    5.06207E-02    4.56339E-01    2.77438E-02   -3.31119E-02    1.43150E-01    4.48318E-03   -1.08372E-02    1.97578E-03   -1.03045E-02    5.48137E-03   -3.38434E-03    2.03586E-02   -2.46181E-02
     1.73500E+00    1.54312E-01    4.94797E-02    4.56476E-01    2.70728E-02   -3.23984E-02    1.42251E-01    4.42969E-03   -1.05621E-02    1.92467E-03   -1.01419E-02    5.46467E-03   -3.29437E-03    2.02365E-02   -2.42016E-02
     1.74000E+00    1.53543E-01    4.83486E-02    4.56610E-01    2.64100E-02   -3.16894E-02    1.41362E-01    4.37756E-03   -1.02911E-02    1.87436E-03   -9.98277E-03    5.44842E-03   -3.20596E-03    2.01166E-02   -2.37851E-02
     1.74500E+00    1.52792E-01    4.72273E-02    4.56741E-01    2.57552E-02   -3.09848E-02    1.40481E-01    4.32677E-03   -1.00241E-02    1.82483E-03   -9.82711E-03    5.43261E-03   -3.11907E-03    1.99987E-02   -2.33686E-02
     1.75000E+00    1.52059E-01    4.61155E-02    4.56868E-01    2.51083E-02   -3.02845E-02    1.39609E-01    4.27731E-03   -9.76102E-03    1.77608E-03   -9.67484E-03    5.41723E-03   -3.03366E-03    1.98829E-02   -2.29519E-02
     1.75500E+00    1.51344E-01    4.50133E-02    4.56992E-01    2.44691E-02   -2.95887E-02    1.38746E-01    4.22915E-03   -9.50173E-03    1.72808E-03   -9.52593E-03    5.40227E-03   -2.94969E-03    1.97692E-02   -2.25350E-02
     1.76000E+00    1.50646E-01    4.39203E-02    4.57112E-01    2.38374E-02   -2.88971E-02    1.37892E-01    4.18229E-03   -9.24618E-03    1.68082E-03   -9.38033E-03    5.38773E-03   -2.86714E-03    1.96575E-02   -2.21178E-02
     1.76500E+00    1.49966E-01    4.28366E-02    4.57230E-01    2.32132E-02   -2.82097E-02    1.37046E-01    4.13669E-03   -8.99428E-03    1.63427E-03   -9.23798E-03    5.37360E-03   -2.78595E-03    1.95480E-02   -2.17003E-02
     1.77000E+00    1.49303E-01    4.17619E-02    4.57345E-01    2.25962E-02   -2.75266E-02    1.36208E-01    4.09234E-03   -8.74595E-03    1.58843E-03   -9.09885E-03    5.35987E-03   -2.70611E-03    1.94405E-02   -2.12823E-02
     1.77500E+00    1.48657E-01    4.06961E-02    4.57456E-01    2.19864E-02   -2.68476E-02    1.35379E-01    4.04922E-03   -8.50112E-03    1.54328E-03   -8.96289E-03    5.34654E-03   -2.62758E-03    1.93352E-02   -2.08638E-02
     1.78000E+00    1.48027E-01    3.96391E-02    4.57564E-01    2.13836E-02   -2.61728E-02    1.34558E-01    4.00732E-03   -8.25971E-03    1.49880E-03   -8.83006E-03    5.33359E-03   -2.55031E-03    1.92319E-02   -2.04448E-02
     1.78500E+00    1.47415E-01    3.85908E-02    4.57670E-01    2.07877E-02   -2.55021E-02    1.33746E-01    3.96662E-03   -8.02163E-03    1.45497E-03   -8.70030E-03    5.32103E-03   -2.47429E-03    1.91307E-02   -2.00251E-02
     1.79000E+00    1.46819E-01    3.75510E-02    4.57772E-01    2.01985E-02   -2.48353E-02    1.32941E-01    3.92710E-03   -7.78682E-03    1.41179E-03   -8.57360E-03    5.30885E-03   -2.39948E-03    1.90317E-02   -1.96047E-02
     1.79500E+00    1.46239E-01    3.65196E-02    4.57872E-01    1.96159E-02   -2.41726E-02    1.32145E-01    3.88875E-03   -7.55519E-03    1.36923E-03   -8.44989E-03    5.29703E-03   -2.32585E-03    1.89347E-02   -1.91835E-02
     1.80000E+00    1.45676E-01    3.54965E-02    4.57968E-01    1.90397E-02   -2.35139E-02    1.31356E-01    3.85154E-03   -7.32668E-03    1.32729E-03   -8.32915E-03    5.28559E-03   -2.25336E-03    1.88398E-02   -1.87614E-02
     1.80500E+00    1.45129E-01    3.44815E-02    4.58062E-01    1.84699E-02   -2.28591E-02    1.30576E-01    3.81548E-03   -7.10121E-03    1.28594E-03   -8.21132E-03    5.27450E-03   -2.18200E-03    1.87471E-02   -1.83383E-02
     1.81000E+00    1.44597E-01    3.34745E-02    4.58153E-01    1.79063E-02   -2.22081E-02    1.29803E-01    3.78053E-03   -6.87870E-03    1.24517E-03   -8.09639E-03    5.26377E-03   -2.11171E-03    1.86564E-02   -1.79142E-02
     1.81500E+00    1.44082E-01    3.24754E-02    4.58241E-01    1.73488E-02   -2.15610E-02    1.29038E-01    3.74668E-03   -6.65910E-03    1.20497E-03   -7.98430E-03    5.25338E-03   -2.04249E-03    1.85679E-02   -1.74890E-02
     1.82000E+00    1.43582E-01    3.14840E-02    4.58327E-01    1.67973E-02   -2.09177E-02    1.28281E-01    3.71393E-03   -6.44232E-03    1.16532E-03   -7.87502E-03    5.24334E-03   -1.97430E-03    1.84816E-02   -1.70625E-02
     1.82500E+00    1.43098E-01    3.05003E-02    4.58409E-01    1.62516E-02   -2.02782E-02    1.27531E-01    3.68226E-03   -6.22830E-03    1.12621E-03   -7.76851E-03    5.23364E-03   -1.90711E-03    1.83973E-02   -1.66347E-02
     1.83000E+00    1.42630E-01    2.95241E-02    4.58489E-01    1.57116E-02   -1.96424E-02    1.26789E-01    3.65164E-03   -6.01698E-03    1.08763E-03   -7.66475E-03    5.22427E-03   -1.84090E-03    1.83152E-02   -1.62055E-02
     1.83500E+00    1.42176E-01    2.85553E-02    4.58566E-01    1.51772E-02   -1.90103E-02    1.26054E-01    3.62208E-03   -5.80827E-03    1.04956E-03   -7.56369E-03    5.21523E-03   -1.77563E-03    1.82353E-02   -1.57747E-02
     1.84000E+00    1.41738E-01    2.75938E-02    4.58641E-01    1.46484E-02   -1.83819E-02    1.25327E-01    3.59356E-03   -5.60213E-03    1.01199E-03   -7.46530E-03    5.20651E-03   -1.71128E-03    1.81575E-02   -1.53424E-02
     1.84500E+00    1.41315E-01    2.66395E-02    4.58713E-01    1.41249E-02   -1.77570E-02    1.24606E-01    3.56606E-03   -5.39847E-03    9.74906E-04   -7.36955E-03    5.19811E-03   -1.64783E-03    1.80818E-02   -1.49085E-02
     1.85000E+00    1.40907E-01    2.56922E-02    4.58782E-01    1.36066E-02   -1.71358E-02    1.23893E-01    3.53957E-03   -5.19725E-03    9.38292E-04   -7.27640E-03    5.19003E-03   -1.58525E-03    1.80084E-02   -1.44727E-02
     1.85500E+00    1.40514E-01    2.47518E-02    4.58849E-01    1.30935E-02   -1.65181E-02    1.23187E-01    3.51408E-03   -4.99838E-03    9.02138E-04   -7.18583E-03    5.18226E-03   -1.52351E-03    1.79371E-02   -1.40350E-02
     1.86000E+00    1.40135E-01    2.38182E-02    4.58913E-01    1.25855E-02   -1.59039E-02    1.22489E-01    3.48958E-03   -4.80182E-03    8.66430E-04   -7.09781E-03    5.17479E-03   -1.46259E-03    1.78680E-02   -1.35953E-02
     1.86500E+00    1.39771E-01    2.28914E-02    4.58975E-01    1.20824E-02   -1.52932E-02    1.21797E-01    3.46606E-03   -4.60750E-03    8.31156E-04   -7.01230E-03    5.16763E-03   -1.40247E-03    1.78012E-02   -1.31536E-02
     1.87000E+00    1.39422E-01    2.19711E-02    4.59034E-01    1.15841E-02   -1.46859E-02    1.21112E-01    3.44350E-03   -4.41535E-03    7.96303E-04   -6.92928E-03    5.16077E-03   -1.34311E-03    1.77365E-02   -1.27097E-02
     1.87500E+00    1.39086E-01    2.10573E-02    4.59091E-01    1.10905E-02   -1.40821E-02    1.20434E-01    3.42190E-03   -4.22532E-03    7.61859E-04   -6.84872E-03    5.15420E-03   -1.28451E-03    1.76741E-02   -1.22634E-02
     1.88000E+00    1.38766E-01    2.01499E-02    4.59145E-01    1.06015E-02   -1.34816E-02    1.19762E-01    3.40125E-03   -4.03735E-03    7.27812E-04   -6.77059E-03    5.14792E-03   -1.22663E-03    1.76139E-02   -1.18147E-02
     1.88500E+00    1.38459E-01    1.92487E-02    4.59197E-01    1.01170E-02   -1.28845E-02    1.19098E-01    3.38153E-03   -3.85137E-03    6.94150E-04   -6.69486E-03    5.14193E-03   -1.16945E-03    1.75559E-02   -1.13635E-02
     1.89000E+00    1.38166E-01    1.83536E-02    4.59246E-01    9.63699E-03   -1.22906E-02    1.18440E-01    3.36273E-03   -3.66734E-03    6.60860E-04   -6.62151E-03    5.13623E-03   -1.11295E-03    1.75002E-02   -1.09097E-02
     1.89500E+00    1.37887E-01    1.74647E-02    4.59293E-01    9.16124E-03   -1.17001E-02    1.17788E-01    3.34485E-03   -3.48519E-03    6.27931E-04   -6.55052E-03    5.13080E-03   -1.05710E-03    1.74468E-02   -1.04531E-02
     1.90000E+00    1.37622E-01    1.65816E-02    4.59338E-01    8.68969E-03   -1.11127E-02    1.17143E-01    3.32788E-03   -3.30486E-03    5.95351E-04   -6.48185E-03    5.12565E-03   -1.00189E-03    1.73957E-02   -9.99367E-03
     1.90500E+00    1.37371E-01    1.57044E-02    4.59380E-01    8.22226E-03   -1.05286E-02    1.16504E-01    3.31180E-03   -3.12630E-03    5.63109E-04   -6.41549E-03    5.12078E-03   -9.47295E-04    1.73469E-02   -9.53123E-03
     1.91000E+00    1.37133E-01    1.48329E-02    4.59420E-01    7.75884E-03   -9.94769E-03    1.15872E-01    3.29661E-03   -2.94946E-03    5.31193E-04   -6.35141E-03    5.11618E-03   -8.93291E-04    1.73004E-02   -9.06567E-03
     1.91500E+00    1.36909E-01    1.39670E-02    4.59458E-01    7.29934E-03   -9.36990E-03    1.15246E-01    3.28230E-03   -2.77428E-03    4.99592E-04   -6.28959E-03    5.11185E-03   -8.39858E-04    1.72563E-02   -8.59687E-03
     1.92000E+00    1.36699E-01    1.31066E-02    4.59493E-01    6.84366E-03   -8.79523E-03    1.14626E-01    3.26886E-03   -2.60070E-03    4.68294E-04   -6.23001E-03    5.10778E-03   -7.86976E-04    1.72145E-02   -8.12471E-03
     1.92500E+00    1.36502E-01    1.22517E-02    4.59526E-01    6.39170E-03   -8.22364E-03    1.14012E-01    3.25629E-03   -2.42868E-03    4.37288E-04   -6.17264E-03    5.10398E-03   -7.34624E-04    1.71750E-02   -7.64906E-03
     1.93000E+00    1.36318E-01    1.14021E-02    4.59557E-01    5.94339E-03   -7.65510E-03    1.13404E-01    3.24458E-03   -2.25816E-03    4.06564E-04   -6.11747E-03    5.10043E-03   -6.82784E-04    1.71380E-02   -7.16978E-03
     1.93500E+00    1.36147E-01    1.05576E-02    4.59585E-01    5.49862E-03   -7.08959E-03    1.12803E-01    3.23371E-03   -2.08908E-03    3.76110E-04   -6.06448E-03    5.09715E-03   -6.31433E-04    1.71033E-02   -6.68675E-03
     1.94000E+00    1.35989E-01    9.71835E-03    4.59612E-01    5.05731E-03   -6.52707E-03    1.12207E-01    3.22368E-03   -1.92140E-03    3.45916E-04   -6.01365E-03    5.09412E-03   -5.80555E-04    1.70711E-02   -6.19982E-03
     1.94500E+00    1.35845E-01    8.88408E-03    4.59636E-01    4.61937E-03   -5.96752E-03    1.11617E-01    3.21449E-03   -1.75506E-03    3.15970E-04   -5.96495E-03    5.09134E-03   -5.30128E-04    1.70413E-02   -5.70887E-03
     1.95000E+00    1.35713E-01    8.05473E-03    4.59658E-01    4.18471E-03   -5.41090E-03    1.11033E-01    3.20613E-03   -1.59001E-03    2.86263E-04   -5.91838E-03    5.08882E-03   -4.80134E-04    1.70140E-02   -5.21374E-03
     1.95500E+00    1.35594E-01    7.23022E-03    4.59678E-01    3.75324E-03   -4.85719E-03    1.10454E-01    3.19859E-03   -1.42621E-03    2.56783E-04   -5.87392E-03    5.08654E-03   -4.30555E-04    1.69892E-02   -4.71429E-03
     1.96000E+00    1.35488E-01    6.41043E-03    4.59696E-01    3.32488E-03   -4.30635E-03    1.09881E-01    3.19187E-03   -1.26361E-03    2.27521E-04   -5.83155E-03    5.08451E-03   -3.81372E-04    1.69669E-02   -4.21038E-03
     1.96500E+00    1.35395E-01    5.59529E-03    4.59711E-01    2.89955E-03   -3.75837E-03    1.09314E-01    3.18595E-03   -1.10215E-03    1.98465E-04   -5.79125E-03    5.08272E-03   -3.32566E-04    1.69471E-02   -3.70186E-03
     1.97000E+00    1.35314E-01    4.78470E-03    4.59725E-01    2.47716E-03   -3.21321E-03    1.08752E-01    3.18084E-03   -9.41785E-04    1.69605E-04   -5.75301E-03    5.08118E-03   -2.84120E-04    1.69299E-02   -3.18858E-03
     1.97500E+00    1.35246E-01    3.97855E-03    4.59736E-01    2.05762E-03   -2.67084E-03    1.08196E-01    3.17653E-03   -7.82472E-04    1.40931E-04   -5.71682E-03    5.07988E-03   -2.36015E-04    1.69152E-02   -2.67038E-03
     1.98000E+00    1.35191E-01    3.17677E-03    4.59745E-01    1.64086E-03   -2.13124E-03    1.07645E-01    3.17302E-03   -6.24160E-04    1.12434E-04   -5.68265E-03    5.07882E-03   -1.88234E-04    1.69032E-02   -2.14710E-03
     1.98500E+00    1.35148E-01    2.37927E-03    4.59752E-01    1.22680E-03   -1.59439E-03    1.07100E-01    3.17029E-03   -4.66803E-04    8.41018E-05   -5.65051E-03    5.07800E-03   -1.40759E-04    1.68938E-02   -1.61859E-03
     1.99000E+00    1.35117E-01    1.58594E-03    4.59757E-01    8.15357E-04   -1.06024E-03    1.06559E-01    3.16835E-03   -3.10355E-04    5.59255E-05   -5.62038E-03    5.07741E-03   -9.35735E-05    1.68870E-02   -1.08468E-03
     1.99500E+00    1.35098E-01    7.96708E-04    4.59760E-01    4.06449E-04   -5.28791E-04    1.06024E-01    3.16718E-03   -1.54769E-04    2.78949E-05   -5.59225E-03    5.07706E-03   -4.66594E-05    1.68829E-02   -5.45210E-04
     2.00000E+00    1.35092E-01    1.14799E-05    4.59762E-01    5.04574-226   -2.88769-224    1.05494E-01    3.16680E-03   -3.43896-228   -4.95700E-25   -5.56610E-03    5.07695E-03   -1.59925-225    1.68816E-02   -1.21950-224
