     1.00000E-05    3.67123E+00   -6.27028E-06   -4.10867E-01   -9.56217E-19   -1.59892E-05   -1.59892E+00    3.54328E-01   -3.06832E-19    5.78850E-06    5.78850E-01    3.02082E-01    6.11195E-20    7.31425E-11    1.46285E-05
     6.25998E-03    3.67083E+00    2.20365E-02   -4.10737E-01    4.15259E-02   -1.00080E-02   -1.59834E+00    3.54287E-01   -1.30014E-02    3.62299E-03    5.78565E-01    3.02032E-01   -1.58790E-02    2.86578E-05    9.15451E-03
     1.25100E-02    3.66962E+00    4.40207E-02   -4.10348E-01    8.29413E-02   -1.99927E-02   -1.59660E+00    3.54166E-01   -2.59707E-02    7.23663E-03    5.77712E-01    3.01883E-01   -3.17129E-02    1.14396E-04    1.82778E-02
     1.87599E-02    3.66762E+00    6.59708E-02   -4.09701E-01    1.24269E-01   -2.99630E-02   -1.59371E+00    3.53963E-01   -3.89173E-02    1.08432E-02    5.76293E-01    3.01636E-01   -4.75073E-02    2.57060E-04    2.73681E-02
     2.50099E-02    3.66482E+00    8.78697E-02   -4.08795E-01    1.65464E-01   -3.99116E-02   -1.58967E+00    3.53679E-01   -5.18297E-02    1.44391E-02    5.74311E-01    3.01290E-01   -6.32427E-02    4.56393E-04    3.64090E-02
     3.12599E-02    3.66121E+00    1.09701E-01   -4.07633E-01    2.06485E-01   -4.98313E-02   -1.58448E+00    3.53315E-01   -6.46969E-02    1.80209E-02    5.71770E-01    3.00845E-01   -7.88997E-02    7.12033E-04    4.53842E-02
     3.75098E-02    3.65682E+00    1.31447E-01   -4.06215E-01    2.47286E-01   -5.97152E-02   -1.57817E+00    3.52871E-01   -7.75076E-02    2.15850E-02    5.68675E-01    3.00304E-01   -9.44589E-02    1.02352E-03    5.42777E-02
     4.37598E-02    3.65164E+00    1.53092E-01   -4.04542E-01    2.87827E-01   -6.95560E-02   -1.57072E+00    3.52346E-01   -9.02506E-02    2.51281E-02    5.65033E-01    2.99665E-01   -1.09901E-01    1.39030E-03    6.30738E-02
     5.00098E-02    3.64567E+00    1.74618E-01   -4.02617E-01    3.28064E-01   -7.93468E-02   -1.56216E+00    3.51743E-01   -1.02915E-01    2.86468E-02    5.60850E-01    2.98930E-01   -1.25209E-01    1.81170E-03    7.17568E-02
     5.62598E-02    3.63893E+00    1.96011E-01   -4.00442E-01    3.67956E-01   -8.90807E-02   -1.55251E+00    3.51060E-01   -1.15490E-01    3.21376E-02    5.56135E-01    2.98100E-01   -1.40362E-01    2.28699E-03    8.03116E-02
     6.25098E-02    3.63141E+00    2.17253E-01   -3.98019E-01    4.07462E-01   -9.87508E-02   -1.54176E+00    3.50299E-01   -1.27966E-01    3.55974E-02    5.50898E-01    2.97176E-01   -1.55344E-01    2.81529E-03    8.87233E-02
     6.87597E-02    3.62313E+00    2.38330E-01   -3.95350E-01    4.46541E-01   -1.08350E-01   -1.52995E+00    3.49461E-01   -1.40330E-01    3.90228E-02    5.45148E-01    2.96159E-01   -1.70136E-01    3.39569E-03    9.69775E-02
     7.50097E-02    3.61409E+00    2.59224E-01   -3.92438E-01    4.85155E-01   -1.17873E-01   -1.51708E+00    3.48545E-01   -1.52574E-01    4.24106E-02    5.38898E-01    2.95050E-01   -1.84721E-01    4.02715E-03    1.05060E-01
     8.12597E-02    3.60430E+00    2.79922E-01   -3.89286E-01    5.23264E-01   -1.27312E-01   -1.50318E+00    3.47554E-01   -1.64687E-01    4.57579E-02    5.32159E-01    2.93850E-01   -1.99084E-01    4.70855E-03    1.12958E-01
     8.75096E-02    3.59377E+00    3.00409E-01   -3.85898E-01    5.60831E-01   -1.36660E-01   -1.48827E+00    3.46487E-01   -1.76659E-01    4.90616E-02    5.24945E-01    2.92562E-01   -2.13207E-01    5.43870E-03    1.20658E-01
     9.37596E-02    3.58251E+00    3.20668E-01   -3.82277E-01    5.97819E-01   -1.45913E-01   -1.47237E+00    3.45346E-01   -1.88481E-01    5.23188E-02    5.17270E-01    2.91186E-01   -2.27075E-01    6.21633E-03    1.28147E-01
     1.00010E-01    3.57053E+00    3.40688E-01   -3.78427E-01    6.34194E-01   -1.55063E-01   -1.45551E+00    3.44131E-01   -2.00143E-01    5.55265E-02    5.09149E-01    2.89724E-01   -2.40673E-01    7.04007E-03    1.35414E-01
     1.06260E-01    3.55784E+00    3.60453E-01   -3.74351E-01    6.69920E-01   -1.64105E-01   -1.43770E+00    3.42845E-01   -2.11636E-01    5.86822E-02    5.00598E-01    2.88178E-01   -2.53987E-01    7.90851E-03    1.42448E-01
     1.12510E-01    3.54445E+00    3.79950E-01   -3.70054E-01    7.04964E-01   -1.73032E-01   -1.41899E+00    3.41486E-01   -2.22951E-01    6.17831E-02    4.91632E-01    2.86550E-01   -2.67004E-01    8.82015E-03    1.49238E-01
     1.18760E-01    3.53037E+00    3.99167E-01   -3.65541E-01    7.39295E-01   -1.81840E-01   -1.39938E+00    3.40058E-01   -2.34080E-01    6.48268E-02    4.82268E-01    2.84841E-01   -2.79709E-01    9.77344E-03    1.55773E-01
     1.25009E-01    3.51562E+00    4.18090E-01   -3.60815E-01    7.72881E-01   -1.90523E-01   -1.37892E+00    3.38561E-01   -2.45014E-01    6.78107E-02    4.72525E-01    2.83054E-01   -2.92092E-01    1.07668E-02    1.62045E-01
     1.31259E-01    3.50021E+00    4.36708E-01   -3.55881E-01    8.05695E-01   -1.99075E-01   -1.35763E+00    3.36996E-01   -2.55746E-01    7.07325E-02    4.62421E-01    2.81191E-01   -3.04140E-01    1.17984E-02    1.68046E-01
     1.37509E-01    3.48416E+00    4.55009E-01   -3.50745E-01    8.37707E-01   -2.07491E-01   -1.33554E+00    3.35364E-01   -2.66268E-01    7.35902E-02    4.51974E-01    2.79253E-01   -3.15842E-01    1.28667E-02    1.73766E-01
     1.43759E-01    3.46746E+00    4.72982E-01   -3.45412E-01    8.68892E-01   -2.15767E-01   -1.31269E+00    3.33668E-01   -2.76573E-01    7.63815E-02    4.41202E-01    2.77243E-01   -3.27189E-01    1.39699E-02    1.79200E-01
     1.50009E-01    3.45015E+00    4.90616E-01   -3.39886E-01    8.99224E-01   -2.23898E-01   -1.28911E+00    3.31908E-01   -2.86653E-01    7.91046E-02    4.30127E-01    2.75164E-01   -3.38171E-01    1.51061E-02    1.84341E-01
     1.56259E-01    3.43224E+00    5.07901E-01   -3.34173E-01    9.28681E-01   -2.31880E-01   -1.26483E+00    3.30085E-01   -2.96503E-01    8.17575E-02    4.18767E-01    2.73017E-01   -3.48780E-01    1.62735E-02    1.89183E-01
     1.62509E-01    3.41373E+00    5.24828E-01   -3.28279E-01    9.57241E-01   -2.39707E-01   -1.23988E+00    3.28202E-01   -3.06116E-01    8.43386E-02    4.07142E-01    2.70805E-01   -3.59008E-01    1.74703E-02    1.93720E-01
     1.68759E-01    3.39465E+00    5.41388E-01   -3.22210E-01    9.84882E-01   -2.47377E-01   -1.21431E+00    3.26259E-01   -3.15487E-01    8.68462E-02    3.95273E-01    2.68530E-01   -3.68848E-01    1.86944E-02    1.97950E-01
     1.75009E-01    3.37502E+00    5.57571E-01   -3.15970E-01    1.01159E+00   -2.54885E-01   -1.18814E+00    3.24259E-01   -3.24610E-01    8.92790E-02    3.83180E-01    2.66195E-01   -3.78294E-01    1.99440E-02    2.01869E-01
     1.81259E-01    3.35484E+00    5.73371E-01   -3.09567E-01    1.03734E+00   -2.62227E-01   -1.16141E+00    3.22202E-01   -3.33479E-01    9.16355E-02    3.70884E-01    2.63802E-01   -3.87340E-01    2.12171E-02    2.05474E-01
     1.87509E-01    3.33414E+00    5.88779E-01   -3.03006E-01    1.06212E+00   -2.69401E-01   -1.13416E+00    3.20091E-01   -3.42091E-01    9.39146E-02    3.58405E-01    2.61354E-01   -3.95983E-01    2.25117E-02    2.08762E-01
     1.93759E-01    3.31293E+00    6.03790E-01   -2.96293E-01    1.08592E+00   -2.76403E-01   -1.10642E+00    3.17927E-01   -3.50441E-01    9.61152E-02    3.45764E-01    2.58853E-01   -4.04218E-01    2.38259E-02    2.11734E-01
     2.00009E-01    3.29123E+00    6.18396E-01   -2.89434E-01    1.10873E+00   -2.83231E-01   -1.07824E+00    3.15711E-01   -3.58525E-01    9.82364E-02    3.32981E-01    2.56302E-01   -4.12043E-01    2.51577E-02    2.14388E-01
     2.06259E-01    3.26905E+00    6.32591E-01   -2.82436E-01    1.13053E+00   -2.89880E-01   -1.04964E+00    3.13446E-01   -3.66340E-01    1.00277E-01    3.20076E-01    2.53704E-01   -4.19455E-01    2.65051E-02    2.16725E-01
     2.12509E-01    3.24642E+00    6.46372E-01   -2.75304E-01    1.15132E+00   -2.96350E-01   -1.02067E+00    3.11132E-01   -3.73882E-01    1.02237E-01    3.07071E-01    2.51060E-01   -4.26453E-01    2.78661E-02    2.18745E-01
     2.18759E-01    3.22335E+00    6.59733E-01   -2.68046E-01    1.17109E+00   -3.02638E-01   -9.91361E-01    3.08773E-01   -3.81149E-01    1.04115E-01    2.93984E-01    2.48374E-01   -4.33036E-01    2.92387E-02    2.20450E-01
     2.25009E-01    3.19986E+00    6.72669E-01   -2.60668E-01    1.18983E+00   -3.08742E-01   -9.61755E-01    3.06369E-01   -3.88139E-01    1.05912E-01    2.80836E-01    2.45648E-01   -4.39204E-01    3.06211E-02    2.21843E-01
     2.31259E-01    3.17597E+00    6.85179E-01   -2.53176E-01    1.20754E+00   -3.14659E-01   -9.31887E-01    3.03922E-01   -3.94850E-01    1.07626E-01    2.67646E-01    2.42885E-01   -4.44959E-01    3.20111E-02    2.22926E-01
     2.37509E-01    3.15169E+00    6.97258E-01   -2.45576E-01    1.22422E+00   -3.20390E-01   -9.01793E-01    3.01434E-01   -4.01279E-01    1.09257E-01    2.54434E-01    2.40087E-01   -4.50301E-01    3.34070E-02    2.23703E-01
     2.43759E-01    3.12705E+00    7.08905E-01   -2.37875E-01    1.23986E+00   -3.25931E-01   -8.71511E-01    2.98906E-01   -4.07426E-01    1.10806E-01    2.41217E-01    2.37257E-01   -4.55233E-01    3.48068E-02    2.24178E-01
     2.50009E-01    3.10205E+00    7.20117E-01   -2.30080E-01    1.25447E+00   -3.31283E-01   -8.41077E-01    2.96341E-01   -4.13291E-01    1.12273E-01    2.28014E-01    2.34397E-01   -4.59758E-01    3.62086E-02    2.24355E-01
     2.56259E-01    3.07673E+00    7.30893E-01   -2.22196E-01    1.26806E+00   -3.36444E-01   -8.10527E-01    2.93741E-01   -4.18872E-01    1.13656E-01    2.14844E-01    2.31511E-01   -4.63878E-01    3.76106E-02    2.24240E-01
     2.62509E-01    3.05109E+00    7.41233E-01   -2.14231E-01    1.28061E+00   -3.41415E-01   -7.79896E-01    2.91106E-01   -4.24170E-01    1.14958E-01    2.01723E-01    2.28600E-01   -4.67599E-01    3.90110E-02    2.23838E-01
     2.68759E-01    3.02515E+00    7.51136E-01   -2.06191E-01    1.29215E+00   -3.46193E-01   -7.49221E-01    2.88439E-01   -4.29184E-01    1.16178E-01    1.88668E-01    2.25667E-01   -4.70924E-01    4.04080E-02    2.23156E-01
     2.75009E-01    2.99894E+00    7.60602E-01   -1.98082E-01    1.30267E+00   -3.50780E-01   -7.18535E-01    2.85742E-01   -4.33916E-01    1.17317E-01    1.75695E-01    2.22714E-01   -4.73860E-01    4.17998E-02    2.22199E-01
     2.81259E-01    2.97247E+00    7.69633E-01   -1.89910E-01    1.31219E+00   -3.55175E-01   -6.87872E-01    2.83016E-01   -4.38366E-01    1.18374E-01    1.62821E-01    2.19744E-01   -4.76411E-01    4.31849E-02    2.20976E-01
     2.87509E-01    2.94576E+00    7.78229E-01   -1.81681E-01    1.32071E+00   -3.59378E-01   -6.57266E-01    2.80263E-01   -4.42536E-01    1.19352E-01    1.50061E-01    2.16760E-01   -4.78583E-01    4.45615E-02    2.19494E-01
     2.93759E-01    2.91882E+00    7.86392E-01   -1.73403E-01    1.32825E+00   -3.63391E-01   -6.26748E-01    2.77485E-01   -4.46427E-01    1.20250E-01    1.37428E-01    2.13763E-01   -4.80385E-01    4.59280E-02    2.17760E-01
     3.00009E-01    2.89168E+00    7.94125E-01   -1.65080E-01    1.33481E+00   -3.67213E-01   -5.96351E-01    2.74683E-01   -4.50042E-01    1.21070E-01    1.24937E-01    2.10756E-01   -4.81821E-01    4.72830E-02    2.15782E-01
     3.06259E-01    2.86435E+00    8.01429E-01   -1.56720E-01    1.34042E+00   -3.70845E-01   -5.66106E-01    2.71860E-01   -4.53381E-01    1.21813E-01    1.12601E-01    2.07741E-01   -4.82901E-01    4.86248E-02    2.13569E-01
     3.12509E-01    2.83684E+00    8.08308E-01   -1.48327E-01    1.34508E+00   -3.74290E-01   -5.36041E-01    2.69017E-01   -4.56449E-01    1.22478E-01    1.00433E-01    2.04720E-01   -4.83632E-01    4.99521E-02    2.11130E-01
     3.18759E-01    2.80918E+00    8.14765E-01   -1.39908E-01    1.34882E+00   -3.77546E-01   -5.06187E-01    2.66155E-01   -4.59247E-01    1.23068E-01    8.84435E-02    2.01696E-01   -4.84023E-01    5.12634E-02    2.08473E-01
     3.25009E-01    2.78137E+00    8.20805E-01   -1.31469E-01    1.35164E+00   -3.80617E-01   -4.76570E-01    2.63277E-01   -4.61779E-01    1.23584E-01    7.66453E-02    1.98671E-01   -4.84081E-01    5.25575E-02    2.05607E-01
     3.31259E-01    2.75345E+00    8.26431E-01   -1.23015E-01    1.35356E+00   -3.83504E-01   -4.47218E-01    2.60383E-01   -4.64047E-01    1.24027E-01    6.50482E-02    1.95646E-01   -4.83816E-01    5.38331E-02    2.02543E-01
     3.37509E-01    2.72541E+00    8.31647E-01   -1.14551E-01    1.35462E+00   -3.86208E-01   -4.18158E-01    2.57477E-01   -4.66056E-01    1.24398E-01    5.36622E-02    1.92624E-01   -4.83236E-01    5.50889E-02    1.99288E-01
     3.43759E-01    2.69729E+00    8.36459E-01   -1.06084E-01    1.35481E+00   -3.88732E-01   -3.89412E-01    2.54558E-01   -4.67810E-01    1.24698E-01    4.24964E-02    1.89606E-01   -4.82352E-01    5.63238E-02    1.95853E-01
     3.50009E-01    2.66908E+00    8.40872E-01   -9.76179E-02    1.35418E+00   -3.91076E-01   -3.61006E-01    2.51629E-01   -4.69311E-01    1.24929E-01    3.15593E-02    1.86595E-01   -4.81173E-01    5.75367E-02    1.92247E-01
     3.56259E-01    2.64082E+00    8.44892E-01   -8.91584E-02    1.35273E+00   -3.93245E-01   -3.32962E-01    2.48692E-01   -4.70565E-01    1.25093E-01    2.08587E-02    1.83592E-01   -4.79708E-01    5.87266E-02    1.88480E-01
     3.62509E-01    2.61251E+00    8.48524E-01   -8.07105E-02    1.35048E+00   -3.95239E-01   -3.05300E-01    2.45748E-01   -4.71575E-01    1.25191E-01    1.04017E-02    1.80599E-01   -4.77967E-01    5.98924E-02    1.84562E-01
     3.68759E-01    2.58417E+00    8.51774E-01   -7.22791E-02    1.34747E+00   -3.97062E-01   -2.78043E-01    2.42798E-01   -4.72347E-01    1.25224E-01    1.94744E-04    1.77618E-01   -4.75961E-01    6.10333E-02    1.80502E-01
     3.75009E-01    2.55581E+00    8.54649E-01   -6.38688E-02    1.34371E+00   -3.98716E-01   -2.51207E-01    2.39844E-01   -4.72884E-01    1.25194E-01   -9.75636E-03    1.74650E-01   -4.73699E-01    6.21484E-02    1.76310E-01
     3.81258E-01    2.52745E+00    8.57156E-01   -5.54843E-02    1.33923E+00   -4.00203E-01   -2.24811E-01    2.36887E-01   -4.73193E-01    1.25102E-01   -1.94465E-02    1.71697E-01   -4.71191E-01    6.32369E-02    1.71996E-01
     3.87508E-01    2.49910E+00    8.59300E-01   -4.71300E-02    1.33405E+00   -4.01527E-01   -1.98873E-01    2.33930E-01   -4.73277E-01    1.24951E-01   -2.88711E-02    1.68761E-01   -4.68448E-01    6.42981E-02    1.67569E-01
     3.93758E-01    2.47077E+00    8.61090E-01   -3.88102E-02    1.32819E+00   -4.02690E-01   -1.73406E-01    2.30972E-01   -4.73142E-01    1.24742E-01   -3.80264E-02    1.65842E-01   -4.65481E-01    6.53313E-02    1.63038E-01
     4.00008E-01    2.44247E+00    8.62532E-01   -3.05290E-02    1.32169E+00   -4.03695E-01   -1.48426E-01    2.28016E-01   -4.72793E-01    1.24476E-01   -4.69091E-02    1.62943E-01   -4.62298E-01    6.63359E-02    1.58414E-01
     4.06258E-01    2.41422E+00    8.63633E-01   -2.22905E-02    1.31456E+00   -4.04546E-01   -1.23946E-01    2.25063E-01   -4.72236E-01    1.24156E-01   -5.55165E-02    1.60064E-01   -4.58910E-01    6.73113E-02    1.53704E-01
     4.12508E-01    2.38604E+00    8.64402E-01   -1.40984E-02    1.30683E+00   -4.05246E-01   -9.99764E-02    2.22113E-01   -4.71476E-01    1.23783E-01   -6.38465E-02    1.57207E-01   -4.55328E-01    6.82570E-02    1.48919E-01
     4.18758E-01    2.35792E+00    8.64846E-01   -5.95641E-03    1.29852E+00   -4.05797E-01   -7.65294E-02    2.19170E-01   -4.70518E-01    1.23358E-01   -7.18975E-02    1.54373E-01   -4.51562E-01    6.91726E-02    1.44068E-01
     4.25008E-01    2.32988E+00    8.64973E-01    2.13193E-03    1.28967E+00   -4.06203E-01   -5.36140E-02    2.16232E-01   -4.69368E-01    1.22885E-01   -7.96686E-02    1.51563E-01   -4.47621E-01    7.00577E-02    1.39158E-01
     4.31258E-01    2.30194E+00    8.64790E-01    1.01633E-02    1.28029E+00   -4.06468E-01   -3.12387E-02    2.13303E-01   -4.68033E-01    1.22363E-01   -8.71593E-02    1.48778E-01   -4.43515E-01    7.09120E-02    1.34198E-01
     4.37508E-01    2.27410E+00    8.64306E-01    1.81345E-02    1.27042E+00   -4.06595E-01   -9.41077E-03    2.10382E-01   -4.66516E-01    1.21796E-01   -9.43695E-02    1.46019E-01   -4.39254E-01    7.17351E-02    1.29198E-01
     4.43758E-01    2.24638E+00    8.63528E-01    2.60425E-02    1.26007E+00   -4.06587E-01    1.18636E-02    2.07472E-01   -4.64825E-01    1.21184E-01   -1.01300E-01    1.43287E-01   -4.34847E-01    7.25269E-02    1.24165E-01
     4.50008E-01    2.21878E+00    8.62465E-01    3.38843E-02    1.24927E+00   -4.06448E-01    3.25792E-02    2.04572E-01   -4.62965E-01    1.20530E-01   -1.07951E-01    1.40584E-01   -4.30305E-01    7.32871E-02    1.19106E-01
     4.56258E-01    2.19131E+00    8.61125E-01    4.16574E-02    1.23805E+00   -4.06181E-01    5.27321E-02    2.01685E-01   -4.60942E-01    1.19835E-01   -1.14325E-01    1.37909E-01   -4.25637E-01    7.40157E-02    1.14030E-01
     4.62508E-01    2.16398E+00    8.59516E-01    4.93591E-02    1.22643E+00   -4.05790E-01    7.23190E-02    1.98811E-01   -4.58761E-01    1.19102E-01   -1.20423E-01    1.35264E-01   -4.20850E-01    7.47124E-02    1.08944E-01
     4.68758E-01    2.13681E+00    8.57646E-01    5.69870E-02    1.21444E+00   -4.05278E-01    9.13378E-02    1.95951E-01   -4.56429E-01    1.18331E-01   -1.26247E-01    1.32649E-01   -4.15956E-01    7.53774E-02    1.03855E-01
     4.75008E-01    2.10979E+00    8.55524E-01    6.45388E-02    1.20209E+00   -4.04649E-01    1.09788E-01    1.93106E-01   -4.53951E-01    1.17524E-01   -1.31801E-01    1.30064E-01   -4.10961E-01    7.60106E-02    9.87700E-02
     4.81258E-01    2.08293E+00    8.53157E-01    7.20124E-02    1.18942E+00   -4.03907E-01    1.27668E-01    1.90277E-01   -4.51333E-01    1.16684E-01   -1.37086E-01    1.27512E-01   -4.05875E-01    7.66121E-02    9.36955E-02
     4.87508E-01    2.05625E+00    8.50554E-01    7.94059E-02    1.17645E+00   -4.03055E-01    1.44979E-01    1.87465E-01   -4.48580E-01    1.15811E-01   -1.42106E-01    1.24991E-01   -4.00706E-01    7.71819E-02    8.86379E-02
     4.93758E-01    2.02975E+00    8.47723E-01    8.67173E-02    1.16319E+00   -4.02096E-01    1.61723E-01    1.84670E-01   -4.45699E-01    1.14908E-01   -1.46865E-01    1.22503E-01   -3.95463E-01    7.77201E-02    8.36034E-02
     5.00008E-01    2.00344E+00    8.44672E-01    9.39452E-02    1.14968E+00   -4.01034E-01    1.77902E-01    1.81894E-01   -4.42695E-01    1.13976E-01   -1.51366E-01    1.20048E-01   -3.90152E-01    7.82270E-02    7.85977E-02
     5.06258E-01    1.97731E+00    8.41409E-01    1.01088E-01    1.13593E+00   -3.99873E-01    1.93519E-01    1.79136E-01   -4.39573E-01    1.13016E-01   -1.55614E-01    1.17626E-01   -3.84782E-01    7.87026E-02    7.36263E-02
     5.12508E-01    1.95139E+00    8.37942E-01    1.08144E-01    1.12196E+00   -3.98617E-01    2.08577E-01    1.76399E-01   -4.36340E-01    1.12031E-01   -1.59612E-01    1.15238E-01   -3.79360E-01    7.91474E-02    6.86945E-02
     5.18758E-01    1.92567E+00    8.34279E-01    1.15112E-01    1.10780E+00   -3.97267E-01    2.23081E-01    1.73682E-01   -4.33000E-01    1.11022E-01   -1.63366E-01    1.12884E-01   -3.73894E-01    7.95614E-02    6.38074E-02
     5.25008E-01    1.90016E+00    8.30428E-01    1.21991E-01    1.09347E+00   -3.95829E-01    2.37037E-01    1.70987E-01   -4.29560E-01    1.09990E-01   -1.66880E-01    1.10565E-01   -3.68389E-01    7.99451E-02    5.89694E-02
     5.31258E-01    1.87487E+00    8.26396E-01    1.28780E-01    1.07898E+00   -3.94306E-01    2.50449E-01    1.68313E-01   -4.26024E-01    1.08936E-01   -1.70158E-01    1.08280E-01   -3.62853E-01    8.02986E-02    5.41852E-02
     5.37508E-01    1.84979E+00    8.22191E-01    1.35478E-01    1.06435E+00   -3.92700E-01    2.63324E-01    1.65662E-01   -4.22397E-01    1.07863E-01   -1.73207E-01    1.06029E-01   -3.57293E-01    8.06225E-02    4.94589E-02
     5.43758E-01    1.82494E+00    8.17822E-01    1.42084E-01    1.04961E+00   -3.91015E-01    2.75669E-01    1.63033E-01   -4.18686E-01    1.06772E-01   -1.76031E-01    1.03814E-01   -3.51714E-01    8.09170E-02    4.47943E-02
     5.50008E-01    1.80031E+00    8.13294E-01    1.48598E-01    1.03477E+00   -3.89255E-01    2.87492E-01    1.60428E-01   -4.14894E-01    1.05663E-01   -1.78636E-01    1.01633E-01   -3.46122E-01    8.11826E-02    4.01951E-02
     5.56258E-01    1.77592E+00    8.08616E-01    1.55018E-01    1.01985E+00   -3.87423E-01    2.98799E-01    1.57847E-01   -4.11027E-01    1.04539E-01   -1.81026E-01    9.94870E-02   -3.40524E-01    8.14196E-02    3.56647E-02
     5.62508E-01    1.75176E+00    8.03794E-01    1.61346E-01    1.00486E+00   -3.85521E-01    3.09599E-01    1.55291E-01   -4.07091E-01    1.03401E-01   -1.83208E-01    9.73763E-02   -3.34924E-01    8.16285E-02    3.12062E-02
     5.68758E-01    1.72783E+00    7.98836E-01    1.67579E-01    9.89830E-01   -3.83554E-01    3.19900E-01    1.52759E-01   -4.03089E-01    1.02250E-01   -1.85188E-01    9.53005E-02   -3.29327E-01    8.18098E-02    2.68225E-02
     5.75008E-01    1.70415E+00    7.93749E-01    1.73718E-01    9.74761E-01   -3.81523E-01    3.29712E-01    1.50252E-01   -3.99026E-01    1.01086E-01   -1.86970E-01    9.32597E-02   -3.23740E-01    8.19640E-02    2.25161E-02
     5.81258E-01    1.68071E+00    7.88539E-01    1.79763E-01    9.59674E-01   -3.79433E-01    3.39043E-01    1.47771E-01   -3.94907E-01    9.99128E-02   -1.88560E-01    9.12537E-02   -3.18166E-01    8.20914E-02    1.82896E-02
     5.87508E-01    1.65751E+00    7.83213E-01    1.85714E-01    9.44582E-01   -3.77286E-01    3.47903E-01    1.45316E-01   -3.90737E-01    9.87298E-02   -1.89965E-01    8.92826E-02   -3.12610E-01    8.21927E-02    1.41450E-02
     5.93758E-01    1.63456E+00    7.77778E-01    1.91571E-01    9.29499E-01   -3.75085E-01    3.56302E-01    1.42887E-01   -3.86519E-01    9.75386E-02   -1.91190E-01    8.73461E-02   -3.07076E-01    8.22684E-02    1.00843E-02
     6.00008E-01    1.61186E+00    7.72240E-01    1.97333E-01    9.14439E-01   -3.72834E-01    3.64249E-01    1.40485E-01   -3.82259E-01    9.63403E-02   -1.92241E-01    8.54441E-02   -3.01568E-01    8.23190E-02    6.10933E-03
     6.06258E-01    1.58940E+00    7.66605E-01    2.03001E-01    8.99412E-01   -3.70533E-01    3.71755E-01    1.38109E-01   -3.77960E-01    9.51360E-02   -1.93123E-01    8.35765E-02   -2.96090E-01    8.23450E-02    2.22149E-03
     6.12508E-01    1.56720E+00    7.60880E-01    2.08576E-01    8.84432E-01   -3.68188E-01    3.78830E-01    1.35760E-01   -3.73626E-01    9.39266E-02   -1.93842E-01    8.17429E-02   -2.90647E-01    8.23469E-02   -1.57787E-03
     6.18758E-01    1.54525E+00    7.55070E-01    2.14057E-01    8.69509E-01   -3.65799E-01    3.85483E-01    1.33439E-01   -3.69262E-01    9.27133E-02   -1.94405E-01    7.99433E-02   -2.85240E-01    8.23254E-02   -5.28761E-03
     6.25008E-01    1.52356E+00    7.49181E-01    2.19445E-01    8.54654E-01   -3.63370E-01    3.91727E-01    1.31145E-01   -3.64871E-01    9.14969E-02   -1.94816E-01    7.81774E-02   -2.79873E-01    8.22810E-02   -8.90679E-03
     6.31257E-01    1.50211E+00    7.43219E-01    2.24740E-01    8.39877E-01   -3.60903E-01    3.97571E-01    1.28878E-01   -3.60456E-01    9.02784E-02   -1.95082E-01    7.64448E-02   -2.74550E-01    8.22143E-02   -1.24346E-02
     6.37507E-01    1.48093E+00    7.37189E-01    2.29943E-01    8.25186E-01   -3.58401E-01    4.03025E-01    1.26639E-01   -3.56022E-01    8.90587E-02   -1.95207E-01    7.47454E-02   -2.69273E-01    8.21258E-02   -1.58706E-02
     6.43757E-01    1.45999E+00    7.31097E-01    2.35055E-01    8.10592E-01   -3.55866E-01    4.08101E-01    1.24428E-01   -3.51572E-01    8.78386E-02   -1.95198E-01    7.30788E-02   -2.64045E-01    8.20161E-02   -1.92142E-02
     6.50007E-01    1.43931E+00    7.24948E-01    2.40076E-01    7.96102E-01   -3.53301E-01    4.12808E-01    1.22244E-01   -3.47108E-01    8.66190E-02   -1.95060E-01    7.14447E-02   -2.58867E-01    8.18858E-02   -2.24652E-02
     6.56257E-01    1.41889E+00    7.18746E-01    2.45006E-01    7.81724E-01   -3.50707E-01    4.17159E-01    1.20089E-01   -3.42636E-01    8.54006E-02   -1.94799E-01    6.98429E-02   -2.53743E-01    8.17355E-02   -2.56234E-02
     6.62507E-01    1.39871E+00    7.12497E-01    2.49848E-01    7.67465E-01   -3.48087E-01    4.21162E-01    1.17961E-01   -3.38156E-01    8.41843E-02   -1.94419E-01    6.82728E-02   -2.48675E-01    8.15657E-02   -2.86890E-02
     6.68757E-01    1.37880E+00    7.06205E-01    2.54600E-01    7.53333E-01   -3.45443E-01    4.24829E-01    1.15862E-01   -3.33674E-01    8.29706E-02   -1.93925E-01    6.67343E-02   -2.43664E-01    8.13771E-02   -3.16619E-02
     6.75007E-01    1.35913E+00    6.99876E-01    2.59264E-01    7.39333E-01   -3.42777E-01    4.28170E-01    1.13791E-01   -3.29191E-01    8.17604E-02   -1.93324E-01    6.52269E-02   -2.38711E-01    8.11701E-02   -3.45426E-02
     6.81257E-01    1.33972E+00    6.93513E-01    2.63842E-01    7.25472E-01   -3.40091E-01    4.31196E-01    1.11747E-01   -3.24710E-01    8.05543E-02   -1.92619E-01    6.37503E-02   -2.33820E-01    8.09455E-02   -3.73314E-02
     6.87507E-01    1.32056E+00    6.87120E-01    2.68333E-01    7.11754E-01   -3.37388E-01    4.33916E-01    1.09732E-01   -3.20234E-01    7.93529E-02   -1.91817E-01    6.23041E-02   -2.28990E-01    8.07037E-02   -4.00288E-02
     6.93757E-01    1.30165E+00    6.80703E-01    2.72739E-01    6.98185E-01   -3.34668E-01    4.36341E-01    1.07744E-01   -3.15766E-01    7.81568E-02   -1.90921E-01    6.08878E-02   -2.24224E-01    8.04453E-02   -4.26354E-02
     7.00007E-01    1.28299E+00    6.74264E-01    2.77061E-01    6.84769E-01   -3.31934E-01    4.38482E-01    1.05785E-01   -3.11307E-01    7.69666E-02   -1.89936E-01    5.95012E-02   -2.19522E-01    8.01709E-02   -4.51520E-02
     7.06257E-01    1.26457E+00    6.67808E-01    2.81299E-01    6.71511E-01   -3.29188E-01    4.40347E-01    1.03853E-01   -3.06861E-01    7.57828E-02   -1.88868E-01    5.81437E-02   -2.14886E-01    7.98811E-02   -4.75793E-02
     7.12507E-01    1.24641E+00    6.61339E-01    2.85455E-01    6.58413E-01   -3.26430E-01    4.41946E-01    1.01949E-01   -3.02430E-01    7.46059E-02   -1.87720E-01    5.68150E-02   -2.10316E-01    7.95764E-02   -4.99183E-02
     7.18757E-01    1.22849E+00    6.54860E-01    2.89529E-01    6.45480E-01   -3.23664E-01    4.43290E-01    1.00072E-01   -2.98015E-01    7.34364E-02   -1.86497E-01    5.55146E-02   -2.05813E-01    7.92573E-02   -5.21699E-02
     7.25007E-01    1.21081E+00    6.48374E-01    2.93524E-01    6.32715E-01   -3.20890E-01    4.44388E-01    9.82236E-02   -2.93620E-01    7.22749E-02   -1.85203E-01    5.42422E-02   -2.01378E-01    7.89244E-02   -5.43351E-02
     7.31257E-01    1.19338E+00    6.41885E-01    2.97439E-01    6.20120E-01   -3.18110E-01    4.45248E-01    9.64022E-02   -2.89245E-01    7.11216E-02   -1.83842E-01    5.29972E-02   -1.97011E-01    7.85783E-02   -5.64152E-02
     7.37507E-01    1.17618E+00    6.35396E-01    3.01276E-01    6.07697E-01   -3.15325E-01    4.45881E-01    9.46080E-02   -2.84893E-01    6.99770E-02   -1.82419E-01    5.17794E-02   -1.92713E-01    7.82194E-02   -5.84111E-02
     7.43757E-01    1.15923E+00    6.28909E-01    3.05035E-01    5.95449E-01   -3.12537E-01    4.46294E-01    9.28410E-02   -2.80565E-01    6.88415E-02   -1.80937E-01    5.05882E-02   -1.88485E-01    7.78483E-02   -6.03243E-02
     7.50007E-01    1.14251E+00    6.22429E-01    3.08719E-01    5.83377E-01   -3.09747E-01    4.46498E-01    9.11009E-02   -2.76263E-01    6.77154E-02   -1.79400E-01    4.94232E-02   -1.84325E-01    7.74655E-02   -6.21560E-02
     7.56257E-01    1.12603E+00    6.15958E-01    3.12328E-01    5.71482E-01   -3.06956E-01    4.46499E-01    8.93876E-02   -2.71989E-01    6.65991E-02   -1.77811E-01    4.82840E-02   -1.80235E-01    7.70716E-02   -6.39074E-02
     7.62507E-01    1.10978E+00    6.09498E-01    3.15863E-01    5.59767E-01   -3.04166E-01    4.46308E-01    8.77010E-02   -2.67745E-01    6.54929E-02   -1.76175E-01    4.71701E-02   -1.76215E-01    7.66669E-02   -6.55800E-02
     7.68757E-01    1.09376E+00    6.03052E-01    3.19325E-01    5.48231E-01   -3.01377E-01    4.45931E-01    8.60408E-02   -2.63531E-01    6.43970E-02   -1.74495E-01    4.60812E-02   -1.72264E-01    7.62520E-02   -6.71752E-02
     7.75007E-01    1.07797E+00    5.96623E-01    3.22716E-01    5.36876E-01   -2.98592E-01    4.45377E-01    8.44068E-02   -2.59349E-01    6.33118E-02   -1.72774E-01    4.50167E-02   -1.68383E-01    7.58273E-02   -6.86944E-02
     7.81257E-01    1.06241E+00    5.90212E-01    3.26037E-01    5.25702E-01   -2.95811E-01    4.44654E-01    8.27989E-02   -2.55200E-01    6.22374E-02   -1.71015E-01    4.39762E-02   -1.64571E-01    7.53935E-02   -7.01392E-02
     7.87507E-01    1.04708E+00    5.83823E-01    3.29288E-01    5.14709E-01   -2.93034E-01    4.43769E-01    8.12167E-02   -2.51086E-01    6.11742E-02   -1.69221E-01    4.29594E-02   -1.60829E-01    7.49508E-02   -7.15109E-02
     7.93757E-01    1.03196E+00    5.77456E-01    3.32471E-01    5.03897E-01   -2.90264E-01    4.42730E-01    7.96602E-02   -2.47007E-01    6.01222E-02   -1.67396E-01    4.19657E-02   -1.57155E-01    7.44997E-02   -7.28112E-02
     8.00007E-01    1.01707E+00    5.71115E-01    3.35587E-01    4.93266E-01   -2.87500E-01    4.41543E-01    7.81291E-02   -2.42965E-01    5.90818E-02   -1.65543E-01    4.09948E-02   -1.53549E-01    7.40408E-02   -7.40415E-02
     8.06257E-01    1.00239E+00    5.64801E-01    3.38637E-01    4.82815E-01   -2.84745E-01    4.40217E-01    7.66231E-02   -2.38961E-01    5.80530E-02   -1.63663E-01    4.00462E-02   -1.50012E-01    7.35743E-02   -7.52034E-02
     8.12507E-01    9.87931E-01    5.58516E-01    3.41622E-01    4.72545E-01   -2.81998E-01    4.38757E-01    7.51420E-02   -2.34994E-01    5.70360E-02   -1.61760E-01    3.91196E-02   -1.46542E-01    7.31009E-02   -7.62984E-02
     8.18757E-01    9.73684E-01    5.52262E-01    3.44544E-01    4.62454E-01   -2.79261E-01    4.37170E-01    7.36856E-02   -2.31067E-01    5.60310E-02   -1.59837E-01    3.82143E-02   -1.43139E-01    7.26208E-02   -7.73282E-02
     8.25007E-01    9.59648E-01    5.46040E-01    3.47403E-01    4.52541E-01   -2.76534E-01    4.35463E-01    7.22536E-02   -2.27181E-01    5.50381E-02   -1.57895E-01    3.73302E-02   -1.39803E-01    7.21344E-02   -7.82943E-02
     8.31257E-01    9.45820E-01    5.39851E-01    3.50201E-01    4.42806E-01   -2.73818E-01    4.33641E-01    7.08458E-02   -2.23334E-01    5.40574E-02   -1.55937E-01    3.64667E-02   -1.36533E-01    7.16422E-02   -7.91983E-02
     8.37507E-01    9.32198E-01    5.33699E-01    3.52939E-01    4.33248E-01   -2.71113E-01    4.31712E-01    6.94618E-02   -2.19529E-01    5.30889E-02   -1.53966E-01    3.56234E-02   -1.33328E-01    7.11446E-02   -8.00417E-02
     8.43757E-01    9.18780E-01    5.27582E-01    3.55617E-01    4.23864E-01   -2.68421E-01    4.29680E-01    6.81016E-02   -2.15767E-01    5.21328E-02   -1.51984E-01    3.47999E-02   -1.30188E-01    7.06418E-02   -8.08261E-02
     8.50007E-01    9.05564E-01    5.21504E-01    3.58237E-01    4.14655E-01   -2.65743E-01    4.27552E-01    6.67647E-02   -2.12046E-01    5.11892E-02   -1.49992E-01    3.39959E-02   -1.27112E-01    7.01344E-02   -8.15531E-02
     8.56257E-01    8.92546E-01    5.15466E-01    3.60801E-01    4.05618E-01   -2.63077E-01    4.25332E-01    6.54509E-02   -2.08368E-01    5.02580E-02   -1.47993E-01    3.32109E-02   -1.24099E-01    6.96225E-02   -8.22243E-02
     8.62507E-01    8.79724E-01    5.09467E-01    3.63308E-01    3.96751E-01   -2.60426E-01    4.23027E-01    6.41600E-02   -2.04734E-01    4.93393E-02   -1.45988E-01    3.24445E-02   -1.21149E-01    6.91067E-02   -8.28411E-02
     8.68757E-01    8.67097E-01    5.03510E-01    3.65760E-01    3.88054E-01   -2.57790E-01    4.20641E-01    6.28917E-02   -2.01143E-01    4.84331E-02   -1.43980E-01    3.16964E-02   -1.18260E-01    6.85871E-02   -8.34051E-02
     8.75007E-01    8.54661E-01    4.97596E-01    3.68159E-01    3.79525E-01   -2.55168E-01    4.18179E-01    6.16456E-02   -1.97597E-01    4.75395E-02   -1.41970E-01    3.09662E-02   -1.15433E-01    6.80642E-02   -8.39179E-02
     8.81256E-01    8.42413E-01    4.91724E-01    3.70505E-01    3.71161E-01   -2.52563E-01    4.15645E-01    6.04216E-02   -1.94094E-01    4.66585E-02   -1.39959E-01    3.02534E-02   -1.12665E-01    6.75383E-02   -8.43809E-02
     8.87506E-01    8.30353E-01    4.85897E-01    3.72799E-01    3.62960E-01   -2.49973E-01    4.13046E-01    5.92194E-02   -1.90637E-01    4.57901E-02   -1.37950E-01    2.95577E-02   -1.09957E-01    6.70096E-02   -8.47957E-02
     8.93756E-01    8.18476E-01    4.80116E-01    3.75042E-01    3.54922E-01   -2.47400E-01    4.10384E-01    5.80386E-02   -1.87223E-01    4.49341E-02   -1.35944E-01    2.88788E-02   -1.07308E-01    6.64784E-02   -8.51637E-02
     9.00006E-01    8.06781E-01    4.74380E-01    3.77236E-01    3.47043E-01   -2.44843E-01    4.07664E-01    5.68790E-02   -1.83855E-01    4.40908E-02   -1.33941E-01    2.82163E-02   -1.04716E-01    6.59451E-02   -8.54864E-02
     9.06256E-01    7.95265E-01    4.68690E-01    3.79380E-01    3.39323E-01   -2.42304E-01    4.04891E-01    5.57403E-02   -1.80532E-01    4.32599E-02   -1.31945E-01    2.75698E-02   -1.02181E-01    6.54099E-02   -8.57651E-02
     9.12506E-01    7.83926E-01    4.63047E-01    3.81477E-01    3.31758E-01   -2.39782E-01    4.02068E-01    5.46222E-02   -1.77253E-01    4.24414E-02   -1.29955E-01    2.69389E-02   -9.97013E-02    6.48731E-02   -8.60014E-02
     9.18756E-01    7.72761E-01    4.57453E-01    3.83528E-01    3.24347E-01   -2.37278E-01    3.99199E-01    5.35245E-02   -1.74020E-01    4.16354E-02   -1.27973E-01    2.63234E-02   -9.72770E-02    6.43350E-02   -8.61967E-02
     9.25006E-01    7.61768E-01    4.51906E-01    3.85532E-01    3.17087E-01   -2.34792E-01    3.96287E-01    5.24469E-02   -1.70831E-01    4.08418E-02   -1.26000E-01    2.57228E-02   -9.49069E-02    6.37958E-02   -8.63522E-02
     9.31256E-01    7.50944E-01    4.46408E-01    3.87492E-01    3.09977E-01   -2.32325E-01    3.93337E-01    5.13891E-02   -1.67688E-01    4.00604E-02   -1.24037E-01    2.51369E-02   -9.25899E-02    6.32557E-02   -8.64694E-02
     9.37506E-01    7.40288E-01    4.40959E-01    3.89407E-01    3.03014E-01   -2.29876E-01    3.90351E-01    5.03507E-02   -1.64589E-01    3.92913E-02   -1.22085E-01    2.45654E-02   -9.03253E-02    6.27150E-02   -8.65496E-02
     9.43756E-01    7.29796E-01    4.35559E-01    3.91280E-01    2.96195E-01   -2.27445E-01    3.87333E-01    4.93316E-02   -1.61536E-01    3.85343E-02   -1.20145E-01    2.40078E-02   -8.81120E-02    6.21739E-02   -8.65941E-02
     9.50006E-01    7.19467E-01    4.30210E-01    3.93110E-01    2.89520E-01   -2.25034E-01    3.84286E-01    4.83314E-02   -1.58527E-01    3.77895E-02   -1.18218E-01    2.34639E-02   -8.59493E-02    6.16326E-02   -8.66041E-02
     9.56256E-01    7.09298E-01    4.24910E-01    3.94899E-01    2.82985E-01   -2.22642E-01    3.81213E-01    4.73499E-02   -1.55562E-01    3.70566E-02   -1.16305E-01    2.29333E-02   -8.38362E-02    6.10914E-02   -8.65809E-02
     9.62506E-01    6.99286E-01    4.19661E-01    3.96647E-01    2.76588E-01   -2.20269E-01    3.78117E-01    4.63868E-02   -1.52642E-01    3.63356E-02   -1.14406E-01    2.24158E-02   -8.17718E-02    6.05504E-02   -8.65258E-02
     9.68756E-01    6.89430E-01    4.14462E-01    3.98356E-01    2.70327E-01   -2.17916E-01    3.75000E-01    4.54418E-02   -1.49766E-01    3.56265E-02   -1.12523E-01    2.19111E-02   -7.97552E-02    6.00099E-02   -8.64400E-02
     9.75006E-01    6.79727E-01    4.09313E-01    4.00027E-01    2.64199E-01   -2.15582E-01    3.71865E-01    4.45147E-02   -1.46934E-01    3.49291E-02   -1.10655E-01    2.14188E-02   -7.77856E-02    5.94700E-02   -8.63246E-02
     9.81256E-01    6.70174E-01    4.04216E-01    4.01659E-01    2.58203E-01   -2.13267E-01    3.68715E-01    4.36051E-02   -1.44146E-01    3.42433E-02   -1.08804E-01    2.09387E-02   -7.58620E-02    5.89309E-02   -8.61807E-02
     9.87506E-01    6.60771E-01    3.99169E-01    4.03255E-01    2.52336E-01   -2.10973E-01    3.65552E-01    4.27128E-02   -1.41401E-01    3.35690E-02   -1.06970E-01    2.04704E-02   -7.39835E-02    5.83928E-02   -8.60096E-02
     9.93756E-01    6.51514E-01    3.94174E-01    4.04814E-01    2.46596E-01   -2.08698E-01    3.62378E-01    4.18375E-02   -1.38700E-01    3.29061E-02   -1.05153E-01    2.00138E-02   -7.21493E-02    5.78559E-02   -8.58123E-02
     1.00001E+00    6.42400E-01    3.89229E-01    4.06337E-01    2.40981E-01   -2.06443E-01    3.59195E-01    4.09789E-02   -1.36041E-01    3.22545E-02   -1.03355E-01    1.95685E-02   -7.03585E-02    5.73202E-02   -8.55899E-02
     1.00626E+00    6.33429E-01    3.84335E-01    4.07826E-01    2.35488E-01   -2.04208E-01    3.56006E-01    4.01369E-02   -1.33425E-01    3.16142E-02   -1.01575E-01    1.91342E-02   -6.86102E-02    5.67860E-02   -8.53434E-02
     1.01251E+00    6.24598E-01    3.79493E-01    4.09281E-01    2.30115E-01   -2.01993E-01    3.52812E-01    3.93110E-02   -1.30851E-01    3.09848E-02   -9.98139E-02    1.87107E-02   -6.69036E-02    5.62535E-02   -8.50738E-02
     1.01876E+00    6.15905E-01    3.74701E-01    4.10703E-01    2.24860E-01   -1.99798E-01    3.49616E-01    3.85012E-02   -1.28319E-01    3.03664E-02   -9.80722E-02    1.82978E-02   -6.52378E-02    5.57227E-02   -8.47823E-02
     1.02501E+00    6.07347E-01    3.69960E-01    4.12092E-01    2.19720E-01   -1.97623E-01    3.46419E-01    3.77070E-02   -1.25828E-01    2.97589E-02   -9.63500E-02    1.78952E-02   -6.36119E-02    5.51937E-02   -8.44696E-02
     1.03126E+00    5.98923E-01    3.65270E-01    4.13450E-01    2.14695E-01   -1.95468E-01    3.43223E-01    3.69282E-02   -1.23379E-01    2.91620E-02   -9.46478E-02    1.75026E-02   -6.20253E-02    5.46668E-02   -8.41368E-02
     1.03751E+00    5.90630E-01    3.60630E-01    4.14776E-01    2.09780E-01   -1.93332E-01    3.40030E-01    3.61647E-02   -1.20971E-01    2.85758E-02   -9.29657E-02    1.71198E-02   -6.04770E-02    5.41421E-02   -8.37849E-02
     1.04376E+00    5.82467E-01    3.56041E-01    4.16072E-01    2.04975E-01   -1.91217E-01    3.36840E-01    3.54160E-02   -1.18603E-01    2.79999E-02   -9.13041E-02    1.67466E-02   -5.89661E-02    5.36196E-02   -8.34146E-02
     1.05001E+00    5.74432E-01    3.51502E-01    4.17338E-01    2.00277E-01   -1.89122E-01    3.33657E-01    3.46821E-02   -1.16275E-01    2.74344E-02   -8.96630E-02    1.63826E-02   -5.74921E-02    5.30994E-02   -8.30269E-02
     1.05626E+00    5.66521E-01    3.47013E-01    4.18576E-01    1.95684E-01   -1.87047E-01    3.30480E-01    3.39625E-02   -1.13986E-01    2.68791E-02   -8.80428E-02    1.60278E-02   -5.60539E-02    5.25818E-02   -8.26226E-02
     1.06251E+00    5.58735E-01    3.42574E-01    4.19785E-01    1.91193E-01   -1.84991E-01    3.27311E-01    3.32571E-02   -1.11737E-01    2.63338E-02   -8.64434E-02    1.56819E-02   -5.46509E-02    5.20667E-02   -8.22026E-02
     1.06876E+00    5.51070E-01    3.38185E-01    4.20966E-01    1.86804E-01   -1.82955E-01    3.24152E-01    3.25657E-02   -1.09526E-01    2.57985E-02   -8.48652E-02    1.53446E-02   -5.32822E-02    5.15543E-02   -8.17676E-02
     1.07501E+00    5.43524E-01    3.33845E-01    4.22120E-01    1.82513E-01   -1.80939E-01    3.21004E-01    3.18880E-02   -1.07354E-01    2.52730E-02   -8.33080E-02    1.50158E-02   -5.19472E-02    5.10446E-02   -8.13184E-02
     1.08126E+00    5.36097E-01    3.29555E-01    4.23247E-01    1.78320E-01   -1.78943E-01    3.17867E-01    3.12237E-02   -1.05220E-01    2.47571E-02   -8.17722E-02    1.46952E-02   -5.06450E-02    5.05378E-02   -8.08558E-02
     1.08751E+00    5.28785E-01    3.25313E-01    4.24349E-01    1.74221E-01   -1.76966E-01    3.14743E-01    3.05727E-02   -1.03123E-01    2.42508E-02   -8.02575E-02    1.43827E-02   -4.93750E-02    5.00340E-02   -8.03805E-02
     1.09376E+00    5.21588E-01    3.21120E-01    4.25425E-01    1.70215E-01   -1.75008E-01    3.11633E-01    2.99346E-02   -1.01063E-01    2.37539E-02   -7.87643E-02    1.40780E-02   -4.81364E-02    4.95331E-02   -7.98932E-02
     1.10001E+00    5.14503E-01    3.16976E-01    4.26477E-01    1.66300E-01   -1.73070E-01    3.08538E-01    2.93093E-02   -9.90397E-02    2.32662E-02   -7.72923E-02    1.37809E-02   -4.69285E-02    4.90353E-02   -7.93947E-02
     1.10626E+00    5.07528E-01    3.12879E-01    4.27504E-01    1.62474E-01   -1.71152E-01    3.05459E-01    2.86966E-02   -9.70524E-02    2.27877E-02   -7.58417E-02    1.34913E-02   -4.57506E-02    4.85407E-02   -7.88854E-02
     1.11251E+00    5.00662E-01    3.08830E-01    4.28508E-01    1.58735E-01   -1.69252E-01    3.02396E-01    2.80961E-02   -9.51008E-02    2.23181E-02   -7.44124E-02    1.32090E-02   -4.46020E-02    4.80493E-02   -7.83663E-02
     1.11876E+00    4.93903E-01    3.04829E-01    4.29489E-01    1.55081E-01   -1.67372E-01    2.99351E-01    2.75077E-02   -9.31843E-02    2.18575E-02   -7.30043E-02    1.29337E-02   -4.34821E-02    4.75611E-02   -7.78377E-02
     1.12501E+00    4.87250E-01    3.00874E-01    4.30447E-01    1.51512E-01   -1.65510E-01    2.96324E-01    2.69312E-02   -9.13026E-02    2.14055E-02   -7.16175E-02    1.26654E-02   -4.23902E-02    4.70763E-02   -7.73004E-02
     1.13126E+00    4.80700E-01    2.96967E-01    4.31383E-01    1.48023E-01   -1.63668E-01    2.93315E-01    2.63664E-02   -8.94551E-02    2.09622E-02   -7.02518E-02    1.24038E-02   -4.13255E-02    4.65949E-02   -7.67549E-02
     1.13751E+00    4.74253E-01    2.93105E-01    4.32297E-01    1.44615E-01   -1.61844E-01    2.90326E-01    2.58130E-02   -8.76414E-02    2.05274E-02   -6.89072E-02    1.21488E-02   -4.02876E-02    4.61169E-02   -7.62018E-02
     1.14376E+00    4.67905E-01    2.89290E-01    4.33191E-01    1.41285E-01   -1.60038E-01    2.87356E-01    2.52708E-02   -8.58610E-02    2.01008E-02   -6.75835E-02    1.19001E-02   -3.92758E-02    4.56424E-02   -7.56417E-02
     1.15001E+00    4.61657E-01    2.85520E-01    4.34063E-01    1.38032E-01   -1.58252E-01    2.84407E-01    2.47396E-02   -8.41135E-02    1.96825E-02   -6.62807E-02    1.16578E-02   -3.82893E-02    4.51714E-02   -7.50750E-02
     1.15626E+00    4.55506E-01    2.81795E-01    4.34916E-01    1.34854E-01   -1.56483E-01    2.81479E-01    2.42193E-02   -8.23983E-02    1.92723E-02   -6.49987E-02    1.14215E-02   -3.73278E-02    4.47040E-02   -7.45022E-02
     1.16251E+00    4.49450E-01    2.78116E-01    4.35749E-01    1.31748E-01   -1.54733E-01    2.78573E-01    2.37096E-02   -8.07150E-02    1.88700E-02   -6.37372E-02    1.11911E-02   -3.63904E-02    4.42402E-02   -7.39240E-02
     1.16876E+00    4.43488E-01    2.74480E-01    4.36563E-01    1.28715E-01   -1.53001E-01    2.75689E-01    2.32103E-02   -7.90632E-02    1.84755E-02   -6.24963E-02    1.09666E-02   -3.54768E-02    4.37800E-02   -7.33407E-02
     1.17501E+00    4.37619E-01    2.70889E-01    4.37358E-01    1.25751E-01   -1.51287E-01    2.72826E-01    2.27212E-02   -7.74424E-02    1.80888E-02   -6.12756E-02    1.07476E-02   -3.45863E-02    4.33234E-02   -7.27528E-02
     1.18126E+00    4.31842E-01    2.67342E-01    4.38135E-01    1.22857E-01   -1.49591E-01    2.69987E-01    2.22422E-02   -7.58521E-02    1.77095E-02   -6.00752E-02    1.05342E-02   -3.37183E-02    4.28706E-02   -7.21607E-02
     1.18751E+00    4.26154E-01    2.63837E-01    4.38894E-01    1.20029E-01   -1.47912E-01    2.67171E-01    2.17730E-02   -7.42918E-02    1.73378E-02   -5.88947E-02    1.03261E-02   -3.28723E-02    4.24214E-02   -7.15649E-02
     1.19376E+00    4.20554E-01    2.60376E-01    4.39636E-01    1.17266E-01   -1.46251E-01    2.64378E-01    2.13135E-02   -7.27612E-02    1.69733E-02   -5.77341E-02    1.01232E-02   -3.20477E-02    4.19760E-02   -7.09657E-02
     1.20001E+00    4.15040E-01    2.56957E-01    4.40360E-01    1.14568E-01   -1.44607E-01    2.61608E-01    2.08635E-02   -7.12597E-02    1.66161E-02   -5.65931E-02    9.92546E-03   -3.12442E-02    4.15343E-02   -7.03636E-02
     1.20626E+00    4.09613E-01    2.53580E-01    4.41068E-01    1.11932E-01   -1.42981E-01    2.58863E-01    2.04227E-02   -6.97869E-02    1.62659E-02   -5.54716E-02    9.73264E-03   -3.04610E-02    4.10965E-02   -6.97590E-02
     1.21251E+00    4.04269E-01    2.50245E-01    4.41759E-01    1.09358E-01   -1.41372E-01    2.56141E-01    1.99911E-02   -6.83423E-02    1.59226E-02   -5.43693E-02    9.54466E-03   -2.96978E-02    4.06624E-02   -6.91521E-02
     1.21876E+00    3.99008E-01    2.46950E-01    4.42435E-01    1.06843E-01   -1.39779E-01    2.53444E-01    1.95684E-02   -6.69255E-02    1.55862E-02   -5.32862E-02    9.36138E-03   -2.89540E-02    4.02321E-02   -6.85434E-02
     1.22501E+00    3.93828E-01    2.43697E-01    4.43095E-01    1.04387E-01   -1.38204E-01    2.50771E-01    1.91545E-02   -6.55360E-02    1.52565E-02   -5.22219E-02    9.18269E-03   -2.82292E-02    3.98056E-02   -6.79332E-02
     1.23126E+00    3.88728E-01    2.40484E-01    4.43740E-01    1.01988E-01   -1.36644E-01    2.48123E-01    1.87491E-02   -6.41735E-02    1.49334E-02   -5.11762E-02    9.00848E-03   -2.75229E-02    3.93829E-02   -6.73218E-02
     1.23751E+00    3.83707E-01    2.37311E-01    4.44370E-01    9.96445E-02   -1.35102E-01    2.45500E-01    1.83522E-02   -6.28374E-02    1.46168E-02   -5.01491E-02    8.83862E-03   -2.68346E-02    3.89641E-02   -6.67095E-02
     1.24376E+00    3.78764E-01    2.34178E-01    4.44986E-01    9.73557E-02   -1.33576E-01    2.42901E-01    1.79636E-02   -6.15273E-02    1.43065E-02   -4.91402E-02    8.67301E-03   -2.61639E-02    3.85490E-02   -6.60967E-02
     1.25001E+00    3.73897E-01    2.31083E-01    4.45587E-01    9.51203E-02   -1.32066E-01    2.40328E-01    1.75831E-02   -6.02429E-02    1.40025E-02   -4.81493E-02    8.51154E-03   -2.55104E-02    3.81379E-02   -6.54835E-02
     1.25625E+00    3.69105E-01    2.28027E-01    4.46175E-01    9.29370E-02   -1.30572E-01    2.37779E-01    1.72105E-02   -5.89836E-02    1.37046E-02   -4.71762E-02    8.35410E-03   -2.48735E-02    3.77305E-02   -6.48703E-02
     1.26250E+00    3.64386E-01    2.25010E-01    4.46749E-01    9.08045E-02   -1.29093E-01    2.35256E-01    1.68457E-02   -5.77490E-02    1.34128E-02   -4.62207E-02    8.20059E-03   -2.42530E-02    3.73270E-02   -6.42574E-02
     1.26875E+00    3.59740E-01    2.22030E-01    4.47310E-01    8.87218E-02   -1.27631E-01    2.32757E-01    1.64886E-02   -5.65388E-02    1.31268E-02   -4.52826E-02    8.05090E-03   -2.36483E-02    3.69273E-02   -6.36449E-02
     1.27500E+00    3.55166E-01    2.19088E-01    4.47858E-01    8.66876E-02   -1.26184E-01    2.30284E-01    1.61390E-02   -5.53524E-02    1.28467E-02   -4.43617E-02    7.90495E-03   -2.30592E-02    3.65314E-02   -6.30332E-02
     1.28125E+00    3.50662E-01    2.16183E-01    4.48393E-01    8.47008E-02   -1.24752E-01    2.27836E-01    1.57967E-02   -5.41896E-02    1.25723E-02   -4.34576E-02    7.76263E-03   -2.24851E-02    3.61394E-02   -6.24224E-02
     1.28750E+00    3.46227E-01    2.13314E-01    4.48917E-01    8.27604E-02   -1.23336E-01    2.25413E-01    1.54615E-02   -5.30498E-02    1.23034E-02   -4.25702E-02    7.62386E-03   -2.19258E-02    3.57511E-02   -6.18128E-02
     1.29375E+00    3.41860E-01    2.10482E-01    4.49428E-01    8.08653E-02   -1.21935E-01    2.23015E-01    1.51335E-02   -5.19328E-02    1.20401E-02   -4.16993E-02    7.48853E-03   -2.13807E-02    3.53667E-02   -6.12046E-02
     1.30000E+00    3.37561E-01    2.07685E-01    4.49928E-01    7.90144E-02   -1.20548E-01    2.20642E-01    1.48123E-02   -5.08380E-02    1.17822E-02   -4.08446E-02    7.35657E-03   -2.08497E-02    3.49861E-02   -6.05979E-02
     1.30625E+00    3.33327E-01    2.04924E-01    4.50416E-01    7.72066E-02   -1.19176E-01    2.18294E-01    1.44980E-02   -4.97651E-02    1.15295E-02   -4.00060E-02    7.22788E-03   -2.03323E-02    3.46092E-02   -5.99931E-02
     1.31250E+00    3.29158E-01    2.02197E-01    4.50893E-01    7.54411E-02   -1.17819E-01    2.15971E-01    1.41902E-02   -4.87137E-02    1.12821E-02   -3.91830E-02    7.10239E-03   -1.98282E-02    3.42362E-02   -5.93901E-02
     1.31875E+00    3.25052E-01    1.99505E-01    4.51359E-01    7.37167E-02   -1.16477E-01    2.13673E-01    1.38890E-02   -4.76834E-02    1.10397E-02   -3.83757E-02    6.98000E-03   -1.93370E-02    3.38669E-02   -5.87893E-02
     1.32500E+00    3.21010E-01    1.96847E-01    4.51814E-01    7.20325E-02   -1.15148E-01    2.11400E-01    1.35942E-02   -4.66739E-02    1.08023E-02   -3.75836E-02    6.86065E-03   -1.88584E-02    3.35013E-02   -5.81908E-02
     1.33125E+00    3.17030E-01    1.94223E-01    4.52259E-01    7.03877E-02   -1.13834E-01    2.09151E-01    1.33055E-02   -4.56848E-02    1.05699E-02   -3.68066E-02    6.74425E-03   -1.83921E-02    3.31395E-02   -5.75947E-02
     1.33750E+00    3.13110E-01    1.91632E-01    4.52694E-01    6.87812E-02   -1.12534E-01    2.06927E-01    1.30231E-02   -4.47156E-02    1.03422E-02   -3.60444E-02    6.63073E-03   -1.79378E-02    3.27814E-02   -5.70012E-02
     1.34375E+00    3.09250E-01    1.89074E-01    4.53119E-01    6.72121E-02   -1.11248E-01    2.04727E-01    1.27466E-02   -4.37661E-02    1.01193E-02   -3.52969E-02    6.52000E-03   -1.74951E-02    3.24270E-02   -5.64104E-02
     1.35000E+00    3.05449E-01    1.86548E-01    4.53535E-01    6.56796E-02   -1.09975E-01    2.02552E-01    1.24759E-02   -4.28358E-02    9.90098E-03   -3.45638E-02    6.41201E-03   -1.70638E-02    3.20762E-02   -5.58225E-02
     1.35625E+00    3.01706E-01    1.84055E-01    4.53940E-01    6.41829E-02   -1.08716E-01    2.00401E-01    1.22111E-02   -4.19245E-02    9.68721E-03   -3.38448E-02    6.30668E-03   -1.66436E-02    3.17292E-02   -5.52376E-02
     1.36250E+00    2.98020E-01    1.81593E-01    4.54337E-01    6.27210E-02   -1.07470E-01    1.98274E-01    1.19519E-02   -4.10317E-02    9.47789E-03   -3.31398E-02    6.20395E-03   -1.62341E-02    3.13858E-02   -5.46558E-02
     1.36875E+00    2.94390E-01    1.79163E-01    4.54724E-01    6.12932E-02   -1.06237E-01    1.96171E-01    1.16981E-02   -4.01572E-02    9.27294E-03   -3.24485E-02    6.10374E-03   -1.58352E-02    3.10460E-02   -5.40771E-02
     1.37500E+00    2.90816E-01    1.76763E-01    4.55103E-01    5.98986E-02   -1.05018E-01    1.94092E-01    1.14499E-02   -3.93005E-02    9.07226E-03   -3.17707E-02    6.00599E-03   -1.54465E-02    3.07098E-02   -5.35018E-02
     1.38125E+00    2.87295E-01    1.74394E-01    4.55473E-01    5.85365E-02   -1.03811E-01    1.92037E-01    1.12069E-02   -3.84614E-02    8.87578E-03   -3.11061E-02    5.91064E-03   -1.50677E-02    3.03772E-02   -5.29300E-02
     1.38750E+00    2.83829E-01    1.72055E-01    4.55835E-01    5.72061E-02   -1.02617E-01    1.90005E-01    1.09690E-02   -3.76396E-02    8.68341E-03   -3.04546E-02    5.81762E-03   -1.46987E-02    3.00482E-02   -5.23616E-02
     1.39375E+00    2.80415E-01    1.69746E-01    4.56188E-01    5.59066E-02   -1.01436E-01    1.87996E-01    1.07363E-02   -3.68346E-02    8.49507E-03   -2.98160E-02    5.72688E-03   -1.43391E-02    2.97227E-02   -5.17968E-02
     1.40000E+00    2.77053E-01    1.67466E-01    4.56534E-01    5.46374E-02   -1.00267E-01    1.86011E-01    1.05086E-02   -3.60461E-02    8.31068E-03   -2.91900E-02    5.63836E-03   -1.39887E-02    2.94007E-02   -5.12357E-02
     1.40625E+00    2.73742E-01    1.65215E-01    4.56871E-01    5.33976E-02   -9.91108E-02    1.84048E-01    1.02857E-02   -3.52740E-02    8.13017E-03   -2.85764E-02    5.55201E-03   -1.36474E-02    2.90822E-02   -5.06783E-02
     1.41250E+00    2.70481E-01    1.62993E-01    4.57201E-01    5.21867E-02   -9.79665E-02    1.82109E-01    1.00676E-02   -3.45178E-02    7.95345E-03   -2.79750E-02    5.46775E-03   -1.33147E-02    2.87672E-02   -5.01248E-02
     1.41875E+00    2.67270E-01    1.60799E-01    4.57524E-01    5.10038E-02   -9.68344E-02    1.80192E-01    9.85422E-03   -3.37772E-02    7.78046E-03   -2.73855E-02    5.38555E-03   -1.29906E-02    2.84557E-02   -4.95752E-02
     1.42500E+00    2.64107E-01    1.58633E-01    4.57839E-01    4.98484E-02   -9.57141E-02    1.78297E-01    9.64538E-03   -3.30520E-02    7.61111E-03   -2.68079E-02    5.30535E-03   -1.26747E-02    2.81475E-02   -4.90295E-02
     1.43125E+00    2.60992E-01    1.56495E-01    4.58147E-01    4.87198E-02   -9.46056E-02    1.76425E-01    9.44104E-03   -3.23418E-02    7.44534E-03   -2.62418E-02    5.22710E-03   -1.23670E-02    2.78428E-02   -4.84878E-02
     1.43750E+00    2.57925E-01    1.54383E-01    4.58448E-01    4.76174E-02   -9.35088E-02    1.74575E-01    9.24108E-03   -3.16464E-02    7.28307E-03   -2.56871E-02    5.15075E-03   -1.20670E-02    2.75414E-02   -4.79502E-02
     1.44375E+00    2.54904E-01    1.52299E-01    4.58742E-01    4.65405E-02   -9.24234E-02    1.72747E-01    9.04543E-03   -3.09654E-02    7.12423E-03   -2.51436E-02    5.07625E-03   -1.17748E-02    2.72434E-02   -4.74166E-02
     1.45000E+00    2.51928E-01    1.50241E-01    4.59030E-01    4.54886E-02   -9.13494E-02    1.70940E-01    8.85399E-03   -3.02986E-02    6.96875E-03   -2.46110E-02    5.00355E-03   -1.14900E-02    2.69487E-02   -4.68873E-02
     1.45625E+00    2.48998E-01    1.48209E-01    4.59311E-01    4.44610E-02   -9.02866E-02    1.69155E-01    8.66667E-03   -2.96457E-02    6.81657E-03   -2.40892E-02    4.93261E-03   -1.12125E-02    2.66573E-02   -4.63621E-02
     1.46250E+00    2.46112E-01    1.46203E-01    4.59586E-01    4.34571E-02   -8.92349E-02    1.67391E-01    8.48339E-03   -2.90065E-02    6.66761E-03   -2.35780E-02    4.86338E-03   -1.09420E-02    2.63692E-02   -4.58411E-02
     1.46875E+00    2.43270E-01    1.44223E-01    4.59854E-01    4.24765E-02   -8.81942E-02    1.65649E-01    8.30406E-03   -2.83806E-02    6.52182E-03   -2.30772E-02    4.79582E-03   -1.06785E-02    2.60843E-02   -4.53244E-02
     1.47500E+00    2.40470E-01    1.42267E-01    4.60117E-01    4.15185E-02   -8.71643E-02    1.63927E-01    8.12860E-03   -2.77678E-02    6.37913E-03   -2.25866E-02    4.72989E-03   -1.04216E-02    2.58026E-02   -4.48120E-02
     1.48125E+00    2.37713E-01    1.40337E-01    4.60373E-01    4.05826E-02   -8.61451E-02    1.62226E-01    7.95694E-03   -2.71679E-02    6.23947E-03   -2.21060E-02    4.66554E-03   -1.01713E-02    2.55241E-02   -4.43039E-02
     1.48750E+00    2.34998E-01    1.38430E-01    4.60624E-01    3.96683E-02   -8.51364E-02    1.60546E-01    7.78898E-03   -2.65805E-02    6.10279E-03   -2.16352E-02    4.60273E-03   -9.92732E-03    2.52488E-02   -4.38002E-02
     1.49375E+00    2.32324E-01    1.36548E-01    4.60869E-01    3.87750E-02   -8.41382E-02    1.58886E-01    7.62466E-03   -2.60055E-02    5.96901E-03   -2.11741E-02    4.54143E-03   -9.68955E-03    2.49766E-02   -4.33008E-02
     1.50000E+00    2.29690E-01    1.34690E-01    4.61109E-01    3.79024E-02   -8.31503E-02    1.57246E-01    7.46389E-03   -2.54426E-02    5.83809E-03   -2.07225E-02    4.48160E-03   -9.45781E-03    2.47075E-02   -4.28057E-02
     1.50625E+00    2.27095E-01    1.32855E-01    4.61343E-01    3.70498E-02   -8.21726E-02    1.55626E-01    7.30660E-03   -2.48915E-02    5.70996E-03   -2.02801E-02    4.42320E-03   -9.23194E-03    2.44415E-02   -4.23151E-02
     1.51250E+00    2.24540E-01    1.31044E-01    4.61572E-01    3.62167E-02   -8.12049E-02    1.54026E-01    7.15272E-03   -2.43520E-02    5.58457E-03   -1.98469E-02    4.36619E-03   -9.01179E-03    2.41786E-02   -4.18288E-02
     1.51875E+00    2.22024E-01    1.29255E-01    4.61796E-01    3.54029E-02   -8.02472E-02    1.52445E-01    7.00218E-03   -2.38239E-02    5.46186E-03   -1.94226E-02    4.31054E-03   -8.79722E-03    2.39187E-02   -4.13469E-02
     1.52500E+00    2.19545E-01    1.27489E-01    4.62014E-01    3.46077E-02   -7.92993E-02    1.50884E-01    6.85490E-03   -2.33070E-02    5.34177E-03   -1.90071E-02    4.25622E-03   -8.58806E-03    2.36617E-02   -4.08695E-02
     1.53125E+00    2.17104E-01    1.25745E-01    4.62228E-01    3.38307E-02   -7.83611E-02    1.49341E-01    6.71082E-03   -2.28009E-02    5.22425E-03   -1.86002E-02    4.20318E-03   -8.38419E-03    2.34078E-02   -4.03964E-02
     1.53750E+00    2.14700E-01    1.24023E-01    4.62437E-01    3.30716E-02   -7.74325E-02    1.47818E-01    6.56987E-03   -2.23056E-02    5.10925E-03   -1.82017E-02    4.15140E-03   -8.18545E-03    2.31568E-02   -3.99277E-02
     1.54375E+00    2.12332E-01    1.22323E-01    4.62642E-01    3.23298E-02   -7.65134E-02    1.46313E-01    6.43198E-03   -2.18207E-02    4.99672E-03   -1.78116E-02    4.10085E-03   -7.99172E-03    2.29087E-02   -3.94635E-02
     1.55000E+00    2.10000E-01    1.20644E-01    4.62841E-01    3.16050E-02   -7.56036E-02    1.44827E-01    6.29709E-03   -2.13462E-02    4.88659E-03   -1.74295E-02    4.05150E-03   -7.80287E-03    2.26635E-02   -3.90036E-02
     1.55625E+00    2.07703E-01    1.18986E-01    4.63037E-01    3.08967E-02   -7.47030E-02    1.43359E-01    6.16513E-03   -2.08816E-02    4.77883E-03   -1.70555E-02    4.00331E-03   -7.61876E-03    2.24211E-02   -3.85482E-02
     1.56250E+00    2.05441E-01    1.17349E-01    4.63228E-01    3.02046E-02   -7.38116E-02    1.41909E-01    6.03605E-03   -2.04270E-02    4.67338E-03   -1.66892E-02    3.95625E-03   -7.43927E-03    2.21816E-02   -3.80971E-02
     1.56875E+00    2.03213E-01    1.15732E-01    4.63414E-01    2.95283E-02   -7.29291E-02    1.40477E-01    5.90978E-03   -1.99820E-02    4.57020E-03   -1.63306E-02    3.91031E-03   -7.26429E-03    2.19449E-02   -3.76504E-02
     1.57500E+00    2.01019E-01    1.14136E-01    4.63597E-01    2.88674E-02   -7.20556E-02    1.39062E-01    5.78626E-03   -1.95464E-02    4.46924E-03   -1.59795E-02    3.86544E-03   -7.09368E-03    2.17110E-02   -3.72081E-02
     1.58125E+00    1.98857E-01    1.12560E-01    4.63775E-01    2.82216E-02   -7.11908E-02    1.37665E-01    5.66543E-03   -1.91201E-02    4.37044E-03   -1.56358E-02    3.82163E-03   -6.92734E-03    2.14798E-02   -3.67701E-02
     1.58750E+00    1.96729E-01    1.11003E-01    4.63950E-01    2.75904E-02   -7.03348E-02    1.36286E-01    5.54724E-03   -1.87029E-02    4.27377E-03   -1.52994E-02    3.77884E-03   -6.76515E-03    2.12514E-02   -3.63365E-02
     1.59375E+00    1.94632E-01    1.09466E-01    4.64120E-01    2.69736E-02   -6.94872E-02    1.34923E-01    5.43163E-03   -1.82945E-02    4.17919E-03   -1.49700E-02    3.73705E-03   -6.60701E-03    2.10256E-02   -3.59071E-02
     1.60000E+00    1.92568E-01    1.07948E-01    4.64287E-01    2.63707E-02   -6.86482E-02    1.33578E-01    5.31854E-03   -1.78948E-02    4.08663E-03   -1.46475E-02    3.69625E-03   -6.45281E-03    2.08025E-02   -3.54821E-02
     1.60625E+00    1.90534E-01    1.06448E-01    4.64450E-01    2.57816E-02   -6.78175E-02    1.32249E-01    5.20792E-03   -1.75037E-02    3.99608E-03   -1.43319E-02    3.65639E-03   -6.30244E-03    2.05821E-02   -3.50614E-02
     1.61250E+00    1.88532E-01    1.04968E-01    4.64609E-01    2.52057E-02   -6.69951E-02    1.30936E-01    5.09973E-03   -1.71209E-02    3.90747E-03   -1.40229E-02    3.61746E-03   -6.15580E-03    2.03642E-02   -3.46449E-02
     1.61875E+00    1.86559E-01    1.03505E-01    4.64765E-01    2.46429E-02   -6.61808E-02    1.29640E-01    4.99390E-03   -1.67463E-02    3.82078E-03   -1.37205E-02    3.57943E-03   -6.01280E-03    2.01490E-02   -3.42327E-02
     1.62500E+00    1.84617E-01    1.02061E-01    4.64917E-01    2.40928E-02   -6.53745E-02    1.28360E-01    4.89038E-03   -1.63796E-02    3.73595E-03   -1.34244E-02    3.54229E-03   -5.87334E-03    1.99363E-02   -3.38247E-02
     1.63125E+00    1.82704E-01    1.00635E-01    4.65066E-01    2.35552E-02   -6.45762E-02    1.27096E-01    4.78913E-03   -1.60208E-02    3.65296E-03   -1.31347E-02    3.50601E-03   -5.73732E-03    1.97262E-02   -3.34208E-02
     1.63750E+00    1.80820E-01    9.92259E-02    4.65212E-01    2.30296E-02   -6.37858E-02    1.25848E-01    4.69011E-03   -1.56697E-02    3.57176E-03   -1.28511E-02    3.47057E-03   -5.60466E-03    1.95185E-02   -3.30212E-02
     1.64375E+00    1.78965E-01    9.78345E-02    4.65354E-01    2.25159E-02   -6.30031E-02    1.24615E-01    4.59325E-03   -1.53260E-02    3.49231E-03   -1.25735E-02    3.43594E-03   -5.47527E-03    1.93134E-02   -3.26256E-02
     1.65000E+00    1.77137E-01    9.64602E-02    4.65493E-01    2.20137E-02   -6.22281E-02    1.23397E-01    4.49852E-03   -1.49898E-02    3.41458E-03   -1.23019E-02    3.40212E-03   -5.34905E-03    1.91107E-02   -3.22342E-02
     1.65625E+00    1.75338E-01    9.51028E-02    4.65629E-01    2.15228E-02   -6.14606E-02    1.22195E-01    4.40586E-03   -1.46607E-02    3.33853E-03   -1.20360E-02    3.36907E-03   -5.22594E-03    1.89105E-02   -3.18469E-02
     1.66250E+00    1.73566E-01    9.37621E-02    4.65762E-01    2.10430E-02   -6.07006E-02    1.21008E-01    4.31524E-03   -1.43386E-02    3.26412E-03   -1.17758E-02    3.33679E-03   -5.10584E-03    1.87126E-02   -3.14637E-02
     1.66875E+00    1.71821E-01    9.24377E-02    4.65892E-01    2.05738E-02   -5.99480E-02    1.19836E-01    4.22662E-03   -1.40234E-02    3.19132E-03   -1.15212E-02    3.30525E-03   -4.98868E-03    1.85172E-02   -3.10844E-02
     1.67500E+00    1.70103E-01    9.11296E-02    4.66019E-01    2.01152E-02   -5.92026E-02    1.18678E-01    4.13994E-03   -1.37150E-02    3.12009E-03   -1.12720E-02    3.27443E-03   -4.87438E-03    1.83241E-02   -3.07092E-02
     1.68125E+00    1.68411E-01    8.98373E-02    4.66144E-01    1.96669E-02   -5.84645E-02    1.17535E-01    4.05517E-03   -1.34132E-02    3.05041E-03   -1.10282E-02    3.24431E-03   -4.76286E-03    1.81333E-02   -3.03379E-02
     1.68750E+00    1.66744E-01    8.85609E-02    4.66265E-01    1.92285E-02   -5.77334E-02    1.16406E-01    3.97226E-03   -1.31179E-02    2.98223E-03   -1.07896E-02    3.21488E-03   -4.65406E-03    1.79448E-02   -2.99705E-02
     1.69375E+00    1.65103E-01    8.72999E-02    4.66384E-01    1.88000E-02   -5.70094E-02    1.15291E-01    3.89118E-03   -1.28289E-02    2.91553E-03   -1.05561E-02    3.18613E-03   -4.54789E-03    1.77587E-02   -2.96071E-02
     1.70000E+00    1.63488E-01    8.60543E-02    4.66500E-01    1.83809E-02   -5.62923E-02    1.14190E-01    3.81189E-03   -1.25460E-02    2.85027E-03   -1.03276E-02    3.15803E-03   -4.44430E-03    1.75747E-02   -2.92475E-02
     1.70625E+00    1.61897E-01    8.48237E-02    4.66614E-01    1.79712E-02   -5.55820E-02    1.13102E-01    3.73434E-03   -1.22693E-02    2.78642E-03   -1.01040E-02    3.13057E-03   -4.34321E-03    1.73931E-02   -2.88917E-02
     1.71250E+00    1.60330E-01    8.36080E-02    4.66725E-01    1.75706E-02   -5.48785E-02    1.12029E-01    3.65851E-03   -1.19984E-02    2.72396E-03   -9.88525E-03    3.10374E-03   -4.24456E-03    1.72136E-02   -2.85397E-02
     1.71875E+00    1.58788E-01    8.24069E-02    4.66833E-01    1.71789E-02   -5.41816E-02    1.10969E-01    3.58435E-03   -1.17334E-02    2.66285E-03   -9.67121E-03    3.07751E-03   -4.14828E-03    1.70363E-02   -2.81915E-02
     1.72500E+00    1.57269E-01    8.12204E-02    4.66940E-01    1.67959E-02   -5.34914E-02    1.09922E-01    3.51183E-03   -1.14741E-02    2.60306E-03   -9.46178E-03    3.05188E-03   -4.05431E-03    1.68612E-02   -2.78471E-02
     1.73125E+00    1.55774E-01    8.00480E-02    4.67043E-01    1.64213E-02   -5.28076E-02    1.08888E-01    3.44091E-03   -1.12203E-02    2.54457E-03   -9.25688E-03    3.02683E-03   -3.96259E-03    1.66882E-02   -2.75063E-02
     1.73750E+00    1.54302E-01    7.88897E-02    4.67145E-01    1.60550E-02   -5.21302E-02    1.07867E-01    3.37157E-03   -1.09720E-02    2.48734E-03   -9.05640E-03    3.00234E-03   -3.87306E-03    1.65174E-02   -2.71691E-02
     1.74375E+00    1.52852E-01    7.77453E-02    4.67244E-01    1.56968E-02   -5.14592E-02    1.06859E-01    3.30375E-03   -1.07289E-02    2.43135E-03   -8.86027E-03    2.97841E-03   -3.78567E-03    1.63486E-02   -2.68356E-02
     1.75000E+00    1.51425E-01    7.66145E-02    4.67341E-01    1.53465E-02   -5.07945E-02    1.05863E-01    3.23744E-03   -1.04911E-02    2.37658E-03   -8.66838E-03    2.95502E-03   -3.70036E-03    1.61819E-02   -2.65056E-02
     1.75625E+00    1.50020E-01    7.54972E-02    4.67436E-01    1.50039E-02   -5.01359E-02    1.04880E-01    3.17260E-03   -1.02584E-02    2.32299E-03   -8.48065E-03    2.93215E-03   -3.61707E-03    1.60173E-02   -2.61792E-02
     1.76250E+00    1.48637E-01    7.43932E-02    4.67529E-01    1.46689E-02   -4.94835E-02    1.03909E-01    3.10920E-03   -1.00307E-02    2.27056E-03   -8.29699E-03    2.90980E-03   -3.53575E-03    1.58547E-02   -2.58563E-02
     1.76875E+00    1.47276E-01    7.33023E-02    4.67619E-01    1.43412E-02   -4.88370E-02    1.02951E-01    3.04721E-03   -9.80785E-03    2.21927E-03   -8.11732E-03    2.88795E-03   -3.45635E-03    1.56941E-02   -2.55368E-02
     1.77500E+00    1.45936E-01    7.22242E-02    4.67708E-01    1.40206E-02   -4.81966E-02    1.02004E-01    2.98660E-03   -9.58979E-03    2.16909E-03   -7.94156E-03    2.86659E-03   -3.37883E-03    1.55354E-02   -2.52208E-02
     1.78125E+00    1.44616E-01    7.11589E-02    4.67795E-01    1.37071E-02   -4.75620E-02    1.01069E-01    2.92733E-03   -9.37639E-03    2.11999E-03   -7.76962E-03    2.84571E-03   -3.30312E-03    1.53788E-02   -2.49081E-02
     1.78750E+00    1.43318E-01    7.01061E-02    4.67879E-01    1.34004E-02   -4.69332E-02    1.00146E-01    2.86938E-03   -9.16757E-03    2.07196E-03   -7.60143E-03    2.82530E-03   -3.22918E-03    1.52241E-02   -2.45988E-02
     1.79375E+00    1.42039E-01    6.90657E-02    4.67962E-01    1.31005E-02   -4.63101E-02    9.92342E-02    2.81273E-03   -8.96322E-03    2.02497E-03   -7.43691E-03    2.80534E-03   -3.15697E-03    1.50713E-02   -2.42928E-02
     1.80000E+00    1.40781E-01    6.80374E-02    4.68043E-01    1.28070E-02   -4.56927E-02    9.83340E-02    2.75733E-03   -8.76324E-03    1.97899E-03   -7.27597E-03    2.78583E-03   -3.08644E-03    1.49204E-02   -2.39901E-02
     1.80625E+00    1.39543E-01    6.70212E-02    4.68122E-01    1.25200E-02   -4.50809E-02    9.74450E-02    2.70318E-03   -8.56754E-03    1.93401E-03   -7.11855E-03    2.76676E-03   -3.01755E-03    1.47714E-02   -2.36906E-02
     1.81250E+00    1.38324E-01    6.60168E-02    4.68200E-01    1.22391E-02   -4.44747E-02    9.65672E-02    2.65023E-03   -8.37602E-03    1.89000E-03   -6.96458E-03    2.74811E-03   -2.95025E-03    1.46243E-02   -2.33943E-02
     1.81875E+00    1.37125E-01    6.50241E-02    4.68275E-01    1.19644E-02   -4.38738E-02    9.57003E-02    2.59847E-03   -8.18860E-03    1.84695E-03   -6.81397E-03    2.72988E-03   -2.88451E-03    1.44790E-02   -2.31011E-02
     1.82500E+00    1.35945E-01    6.40429E-02    4.68349E-01    1.16956E-02   -4.32784E-02    9.48442E-02    2.54787E-03   -8.00519E-03    1.80482E-03   -6.66666E-03    2.71205E-03   -2.82028E-03    1.43355E-02   -2.28110E-02
     1.83125E+00    1.34783E-01    6.30730E-02    4.68421E-01    1.14326E-02   -4.26883E-02    9.39988E-02    2.49840E-03   -7.82569E-03    1.76361E-03   -6.52259E-03    2.69462E-03   -2.75752E-03    1.41938E-02   -2.25240E-02
     1.83750E+00    1.33640E-01    6.21143E-02    4.68492E-01    1.11753E-02   -4.21034E-02    9.31640E-02    2.45004E-03   -7.65003E-03    1.72328E-03   -6.38168E-03    2.67758E-03   -2.69620E-03    1.40540E-02   -2.22400E-02
     1.84375E+00    1.32516E-01    6.11666E-02    4.68561E-01    1.09235E-02   -4.15237E-02    9.23396E-02    2.40276E-03   -7.47811E-03    1.68383E-03   -6.24386E-03    2.66092E-03   -2.63627E-03    1.39158E-02   -2.19590E-02
     1.85000E+00    1.31409E-01    6.02297E-02    4.68629E-01    1.06771E-02   -4.09491E-02    9.15255E-02    2.35655E-03   -7.30986E-03    1.64523E-03   -6.10907E-03    2.64462E-03   -2.57771E-03    1.37795E-02   -2.16809E-02
     1.85625E+00    1.30320E-01    5.93036E-02    4.68695E-01    1.04361E-02   -4.03796E-02    9.07215E-02    2.31138E-03   -7.14520E-03    1.60746E-03   -5.97726E-03    2.62869E-03   -2.52047E-03    1.36448E-02   -2.14058E-02
     1.86250E+00    1.29249E-01    5.83880E-02    4.68759E-01    1.02001E-02   -3.98151E-02    8.99275E-02    2.26723E-03   -6.98404E-03    1.57051E-03   -5.84835E-03    2.61311E-03   -2.46452E-03    1.35119E-02   -2.11335E-02
     1.86875E+00    1.28196E-01    5.74829E-02    4.68822E-01    9.96929E-03   -3.92555E-02    8.91435E-02    2.22408E-03   -6.82631E-03    1.53435E-03   -5.72228E-03    2.59788E-03   -2.40983E-03    1.33806E-02   -2.08640E-02
     1.87500E+00    1.27159E-01    5.65879E-02    4.68884E-01    9.74335E-03   -3.87008E-02    8.83692E-02    2.18190E-03   -6.67194E-03    1.49897E-03   -5.59900E-03    2.58299E-03   -2.35636E-03    1.32511E-02   -2.05973E-02
     1.88125E+00    1.26140E-01    5.57031E-02    4.68944E-01    9.52223E-03   -3.81509E-02    8.76046E-02    2.14067E-03   -6.52084E-03    1.46436E-03   -5.47845E-03    2.56843E-03   -2.30409E-03    1.31232E-02   -2.03333E-02
     1.88750E+00    1.25137E-01    5.48282E-02    4.69003E-01    9.30582E-03   -3.76057E-02    8.68495E-02    2.10038E-03   -6.37295E-03    1.43049E-03   -5.36056E-03    2.55419E-03   -2.25298E-03    1.29969E-02   -2.00720E-02
     1.89375E+00    1.24150E-01    5.39631E-02    4.69060E-01    9.09400E-03   -3.70652E-02    8.61038E-02    2.06100E-03   -6.22819E-03    1.39735E-03   -5.24529E-03    2.54026E-03   -2.20300E-03    1.28723E-02   -1.98134E-02
     1.90000E+00    1.23180E-01    5.31078E-02    4.69116E-01    8.88667E-03   -3.65294E-02    8.53673E-02    2.02252E-03   -6.08651E-03    1.36492E-03   -5.13257E-03    2.52665E-03   -2.15412E-03    1.27492E-02   -1.95573E-02
     1.90625E+00    1.22226E-01    5.22619E-02    4.69171E-01    8.68373E-03   -3.59981E-02    8.46401E-02    1.98491E-03   -5.94782E-03    1.33318E-03   -5.02237E-03    2.51333E-03   -2.10632E-03    1.26278E-02   -1.93039E-02
     1.91250E+00    1.21288E-01    5.14254E-02    4.69225E-01    8.48507E-03   -3.54714E-02    8.39219E-02    1.94817E-03   -5.81206E-03    1.30213E-03   -4.91461E-03    2.50031E-03   -2.05956E-03    1.25079E-02   -1.90529E-02
     1.91875E+00    1.20366E-01    5.05982E-02    4.69277E-01    8.29059E-03   -3.49491E-02    8.32126E-02    1.91226E-03   -5.67917E-03    1.27175E-03   -4.80925E-03    2.48759E-03   -2.01382E-03    1.23896E-02   -1.88045E-02
     1.92500E+00    1.19459E-01    4.97801E-02    4.69329E-01    8.10021E-03   -3.44312E-02    8.25121E-02    1.87717E-03   -5.54908E-03    1.24201E-03   -4.70624E-03    2.47514E-03   -1.96908E-03    1.22729E-02   -1.85585E-02
     1.93125E+00    1.18567E-01    4.89710E-02    4.69379E-01    7.91382E-03   -3.39177E-02    8.18204E-02    1.84289E-03   -5.42173E-03    1.21291E-03   -4.60553E-03    2.46297E-03   -1.92530E-03    1.21576E-02   -1.83149E-02
     1.93750E+00    1.17691E-01    4.81707E-02    4.69428E-01    7.73133E-03   -3.34084E-02    8.11372E-02    1.80939E-03   -5.29705E-03    1.18444E-03   -4.50708E-03    2.45107E-03   -1.88246E-03    1.20439E-02   -1.80736E-02
     1.94375E+00    1.16829E-01    4.73792E-02    4.69475E-01    7.55266E-03   -3.29034E-02    8.04625E-02    1.77667E-03   -5.17500E-03    1.15657E-03   -4.41082E-03    2.43944E-03   -1.84054E-03    1.19317E-02   -1.78347E-02
     1.95000E+00    1.15982E-01    4.65963E-02    4.69522E-01    7.37771E-03   -3.24026E-02    7.97962E-02    1.74470E-03   -5.05550E-03    1.12930E-03   -4.31673E-03    2.42806E-03   -1.79951E-03    1.18210E-02   -1.75980E-02
     1.95625E+00    1.15150E-01    4.58219E-02    4.69568E-01    7.20641E-03   -3.19060E-02    7.91382E-02    1.71347E-03   -4.93851E-03    1.10261E-03   -4.22475E-03    2.41694E-03   -1.75936E-03    1.17117E-02   -1.73636E-02
     1.96250E+00    1.14332E-01    4.50558E-02    4.69612E-01    7.03866E-03   -3.14134E-02    7.84883E-02    1.68297E-03   -4.82396E-03    1.07649E-03   -4.13484E-03    2.40607E-03   -1.72005E-03    1.16039E-02   -1.71313E-02
     1.96875E+00    1.13528E-01    4.42979E-02    4.69656E-01    6.87438E-03   -3.09249E-02    7.78465E-02    1.65317E-03   -4.71180E-03    1.05092E-03   -4.04695E-03    2.39544E-03   -1.68157E-03    1.14976E-02   -1.69012E-02
     1.97500E+00    1.12739E-01    4.35482E-02    4.69698E-01    6.71350E-03   -3.04403E-02    7.72126E-02    1.62406E-03   -4.60198E-03    1.02589E-03   -3.96105E-03    2.38505E-03   -1.64389E-03    1.13927E-02   -1.66732E-02
     1.98125E+00    1.11963E-01    4.28064E-02    4.69739E-01    6.55594E-03   -2.99597E-02    7.65866E-02    1.59564E-03   -4.49444E-03    1.00140E-03   -3.87708E-03    2.37489E-03   -1.60700E-03    1.12892E-02   -1.64473E-02
     1.98750E+00    1.11201E-01    4.20725E-02    4.69780E-01    6.40162E-03   -2.94830E-02    7.59684E-02    1.56788E-03   -4.38914E-03    9.77427E-04   -3.79502E-03    2.36496E-03   -1.57087E-03    1.11871E-02   -1.62233E-02
     1.99375E+00    1.10452E-01    4.13464E-02    4.69820E-01    6.25046E-03   -2.90101E-02    7.53578E-02    1.54077E-03   -4.28601E-03    9.53960E-04   -3.71482E-03    2.35525E-03   -1.53548E-03    1.10864E-02   -1.60014E-02
     2.00000E+00    1.09717E-01    4.06279E-02    4.69858E-01    6.10240E-03   -2.85410E-02    7.47548E-02    1.51430E-03   -4.18501E-03    9.30988E-04   -3.63644E-03    2.34576E-03   -1.50082E-03    1.09871E-02   -1.57814E-02
     2.00625E+00    1.08995E-01    3.99169E-02    4.69896E-01    5.95736E-03   -2.80756E-02    7.41592E-02    1.48845E-03   -4.08610E-03    9.08501E-04   -3.55985E-03    2.33649E-03   -1.46687E-03    1.08891E-02   -1.55632E-02
     2.01250E+00    1.08286E-01    3.92134E-02    4.69933E-01    5.81528E-03   -2.76140E-02    7.35710E-02    1.46322E-03   -3.98922E-03    8.86486E-04   -3.48500E-03    2.32743E-03   -1.43360E-03    1.07925E-02   -1.53469E-02
     2.01875E+00    1.07590E-01    3.85171E-02    4.69969E-01    5.67608E-03   -2.71560E-02    7.29901E-02    1.43858E-03   -3.89433E-03    8.64935E-04   -3.41186E-03    2.31857E-03   -1.40100E-03    1.06973E-02   -1.51325E-02
     2.02500E+00    1.06907E-01    3.78281E-02    4.70004E-01    5.53970E-03   -2.67016E-02    7.24164E-02    1.41454E-03   -3.80138E-03    8.43835E-04   -3.34039E-03    2.30991E-03   -1.36906E-03    1.06034E-02   -1.49197E-02
     2.03125E+00    1.06237E-01    3.71462E-02    4.70038E-01    5.40607E-03   -2.62508E-02    7.18497E-02    1.39106E-03   -3.71033E-03    8.23177E-04   -3.27057E-03    2.30146E-03   -1.33775E-03    1.05108E-02   -1.47087E-02
     2.03750E+00    1.05579E-01    3.64712E-02    4.70071E-01    5.27514E-03   -2.58035E-02    7.12901E-02    1.36815E-03   -3.62113E-03    8.02950E-04   -3.20235E-03    2.29319E-03   -1.30706E-03    1.04195E-02   -1.44993E-02
     2.04375E+00    1.04933E-01    3.58031E-02    4.70104E-01    5.14684E-03   -2.53596E-02    7.07374E-02    1.34580E-03   -3.53375E-03    7.83144E-04   -3.13570E-03    2.28512E-03   -1.27697E-03    1.03295E-02   -1.42916E-02
     2.05000E+00    1.04299E-01    3.51418E-02    4.70135E-01    5.02111E-03   -2.49192E-02    7.01915E-02    1.32398E-03   -3.44813E-03    7.63750E-04   -3.07060E-03    2.27723E-03   -1.24748E-03    1.02409E-02   -1.40855E-02
     2.05625E+00    1.03678E-01    3.44872E-02    4.70166E-01    4.89788E-03   -2.44822E-02    6.96523E-02    1.30269E-03   -3.36424E-03    7.44759E-04   -3.00700E-03    2.26952E-03   -1.21855E-03    1.01535E-02   -1.38809E-02
     2.06250E+00    1.03068E-01    3.38392E-02    4.70197E-01    4.77711E-03   -2.40486E-02    6.91199E-02    1.28192E-03   -3.28204E-03    7.26160E-04   -2.94488E-03    2.26199E-03   -1.19018E-03    1.00673E-02   -1.36777E-02
     2.06875E+00    1.02470E-01    3.31976E-02    4.70226E-01    4.65874E-03   -2.36182E-02    6.85939E-02    1.26166E-03   -3.20149E-03    7.07945E-04   -2.88421E-03    2.25464E-03   -1.16236E-03    9.98249E-03   -1.34761E-02
     2.07500E+00    1.01884E-01    3.25624E-02    4.70255E-01    4.54271E-03   -2.31911E-02    6.80745E-02    1.24190E-03   -3.12254E-03    6.90104E-04   -2.82495E-03    2.24746E-03   -1.13506E-03    9.89889E-03   -1.32758E-02
     2.08125E+00    1.01310E-01    3.19336E-02    4.70283E-01    4.42896E-03   -2.27673E-02    6.75615E-02    1.22263E-03   -3.04517E-03    6.72630E-04   -2.76708E-03    2.24045E-03   -1.10828E-03    9.81654E-03   -1.30769E-02
     2.08750E+00    1.00747E-01    3.13108E-02    4.70310E-01    4.31745E-03   -2.23466E-02    6.70548E-02    1.20383E-03   -2.96933E-03    6.55513E-04   -2.71057E-03    2.23361E-03   -1.08201E-03    9.73542E-03   -1.28793E-02
     2.09375E+00    1.00195E-01    3.06942E-02    4.70337E-01    4.20812E-03   -2.19291E-02    6.65543E-02    1.18551E-03   -2.89499E-03    6.38745E-04   -2.65539E-03    2.22693E-03   -1.05622E-03    9.65554E-03   -1.26829E-02
     2.10000E+00    9.96540E-02    3.00836E-02    4.70363E-01    4.10093E-03   -2.15147E-02    6.60600E-02    1.16764E-03   -2.82211E-03    6.22318E-04   -2.60152E-03    2.22041E-03   -1.03091E-03    9.57689E-03   -1.24878E-02
     2.10625E+00    9.91243E-02    2.94789E-02    4.70388E-01    3.99582E-03   -2.11033E-02    6.55718E-02    1.15023E-03   -2.75066E-03    6.06224E-04   -2.54892E-03    2.21404E-03   -1.00606E-03    9.49944E-03   -1.22939E-02
     2.11250E+00    9.86055E-02    2.88801E-02    4.70413E-01    3.89274E-03   -2.06950E-02    6.50897E-02    1.13326E-03   -2.68060E-03    5.90454E-04   -2.49758E-03    2.20783E-03   -9.81663E-04    9.42321E-03   -1.21011E-02
     2.11875E+00    9.80975E-02    2.82869E-02    4.70437E-01    3.79165E-03   -2.02897E-02    6.46134E-02    1.11672E-03   -2.61191E-03    5.75002E-04   -2.44747E-03    2.20177E-03   -9.57708E-04    9.34818E-03   -1.19093E-02
     2.12500E+00    9.76003E-02    2.76994E-02    4.70460E-01    3.69251E-03   -1.98873E-02    6.41431E-02    1.10060E-03   -2.54454E-03    5.59859E-04   -2.39855E-03    2.19586E-03   -9.34181E-04    9.27434E-03   -1.17186E-02
     2.13125E+00    9.71136E-02    2.71175E-02    4.70483E-01    3.59526E-03   -1.94879E-02    6.36785E-02    1.08491E-03   -2.47846E-03    5.45017E-04   -2.35082E-03    2.19009E-03   -9.11073E-04    9.20169E-03   -1.15289E-02
     2.13750E+00    9.66374E-02    2.65410E-02    4.70505E-01    3.49986E-03   -1.90913E-02    6.32196E-02    1.06962E-03   -2.41365E-03    5.30471E-04   -2.30424E-03    2.18447E-03   -8.88371E-04    9.13023E-03   -1.13401E-02
     2.14375E+00    9.61715E-02    2.59699E-02    4.70527E-01    3.40627E-03   -1.86976E-02    6.27664E-02    1.05473E-03   -2.35008E-03    5.16212E-04   -2.25879E-03    2.17898E-03   -8.66065E-04    9.05994E-03   -1.11522E-02
     2.15000E+00    9.57159E-02    2.54041E-02    4.70548E-01    3.31445E-03   -1.83067E-02    6.23188E-02    1.04024E-03   -2.28770E-03    5.02234E-04   -2.21445E-03    2.17364E-03   -8.44146E-04    8.99083E-03   -1.09651E-02
     2.15625E+00    9.52705E-02    2.48435E-02    4.70568E-01    3.22436E-03   -1.79186E-02    6.18767E-02    1.02614E-03   -2.22650E-03    4.88529E-04   -2.17120E-03    2.16843E-03   -8.22601E-04    8.92288E-03   -1.07789E-02
     2.16250E+00    9.48351E-02    2.42881E-02    4.70588E-01    3.13595E-03   -1.75333E-02    6.14400E-02    1.01241E-03   -2.16645E-03    4.75092E-04   -2.12902E-03    2.16336E-03   -8.01423E-04    8.85609E-03   -1.05933E-02
     2.16875E+00    9.44096E-02    2.37377E-02    4.70607E-01    3.04919E-03   -1.71506E-02    6.10087E-02    9.99053E-04   -2.10751E-03    4.61915E-04   -2.08788E-03    2.15841E-03   -7.80601E-04    8.79046E-03   -1.04085E-02
     2.17500E+00    9.39941E-02    2.31923E-02    4.70626E-01    2.96403E-03   -1.67707E-02    6.05827E-02    9.86063E-04   -2.04966E-03    4.48991E-04   -2.04776E-03    2.15360E-03   -7.60126E-04    8.72598E-03   -1.02243E-02
     2.18125E+00    9.35882E-02    2.26519E-02    4.70644E-01    2.88045E-03   -1.63933E-02    6.01619E-02    9.73431E-04   -1.99287E-03    4.36316E-04   -2.00865E-03    2.14891E-03   -7.39988E-04    8.66265E-03   -1.00407E-02
     2.18750E+00    9.31920E-02    2.21162E-02    4.70662E-01    2.79839E-03   -1.60186E-02    5.97463E-02    9.61150E-04   -1.93711E-03    4.23881E-04   -1.97053E-03    2.14435E-03   -7.20180E-04    8.60047E-03   -9.85760E-03
     2.19375E+00    9.28054E-02    2.15853E-02    4.70679E-01    2.71783E-03   -1.56465E-02    5.93359E-02    9.49215E-04   -1.88236E-03    4.11682E-04   -1.93337E-03    2.13991E-03   -7.00691E-04    8.53943E-03   -9.67500E-03
     2.20000E+00    9.24283E-02    2.10590E-02    4.70696E-01    2.63873E-03   -1.52769E-02    5.89304E-02    9.37619E-04   -1.82859E-03    3.99712E-04   -1.89716E-03    2.13559E-03   -6.81514E-04    8.47954E-03   -9.49284E-03
     2.20625E+00    9.20605E-02    2.05373E-02    4.70712E-01    2.56106E-03   -1.49099E-02    5.85300E-02    9.26355E-04   -1.77578E-03    3.87966E-04   -1.86188E-03    2.13139E-03   -6.62640E-04    8.42077E-03   -9.31105E-03
     2.21250E+00    9.17020E-02    2.00202E-02    4.70728E-01    2.48478E-03   -1.45453E-02    5.81345E-02    9.15419E-04   -1.72391E-03    3.76437E-04   -1.82751E-03    2.12731E-03   -6.44061E-04    8.36315E-03   -9.12958E-03
     2.21875E+00    9.13528E-02    1.95075E-02    4.70744E-01    2.40985E-03   -1.41832E-02    5.77438E-02    9.04805E-04   -1.67294E-03    3.65120E-04   -1.79404E-03    2.12334E-03   -6.25769E-04    8.30665E-03   -8.94839E-03
     2.22500E+00    9.10126E-02    1.89992E-02    4.70758E-01    2.33625E-03   -1.38235E-02    5.73580E-02    8.94506E-04   -1.62285E-03    3.54010E-04   -1.76145E-03    2.11948E-03   -6.07756E-04    8.25129E-03   -8.76741E-03
     2.23125E+00    9.06815E-02    1.84952E-02    4.70773E-01    2.26394E-03   -1.34662E-02    5.69769E-02    8.84517E-04   -1.57363E-03    3.43100E-04   -1.72972E-03    2.11574E-03   -5.90016E-04    8.19706E-03   -8.58658E-03
     2.23750E+00    9.03594E-02    1.79954E-02    4.70787E-01    2.19289E-03   -1.31113E-02    5.66005E-02    8.74834E-04   -1.52524E-03    3.32387E-04   -1.69884E-03    2.11211E-03   -5.72540E-04    8.14396E-03   -8.40586E-03
     2.24375E+00    9.00461E-02    1.74998E-02    4.70800E-01    2.12307E-03   -1.27587E-02    5.62287E-02    8.65450E-04   -1.47767E-03    3.21863E-04   -1.66879E-03    2.10858E-03   -5.55321E-04    8.09199E-03   -8.22517E-03
     2.25000E+00    8.97416E-02    1.70083E-02    4.70813E-01    2.05444E-03   -1.24084E-02    5.58615E-02    8.56361E-04   -1.43090E-03    3.11525E-04   -1.63956E-03    2.10517E-03   -5.38353E-04    8.04115E-03   -8.04448E-03
     2.25625E+00    8.94458E-02    1.65208E-02    4.70826E-01    1.98699E-03   -1.20604E-02    5.54988E-02    8.47562E-04   -1.38489E-03    3.01367E-04   -1.61112E-03    2.10185E-03   -5.21628E-04    7.99143E-03   -7.86370E-03
     2.26250E+00    8.91587E-02    1.60373E-02    4.70838E-01    1.92068E-03   -1.17147E-02    5.51406E-02    8.39049E-04   -1.33964E-03    2.91384E-04   -1.58348E-03    2.09864E-03   -5.05139E-04    7.94285E-03   -7.68280E-03
     2.26875E+00    8.88801E-02    1.55577E-02    4.70850E-01    1.85548E-03   -1.13711E-02    5.47868E-02    8.30816E-04   -1.29512E-03    2.81572E-04   -1.55661E-03    2.09554E-03   -4.88881E-04    7.89540E-03   -7.50170E-03
     2.27500E+00    8.86100E-02    1.50819E-02    4.70861E-01    1.79136E-03   -1.10298E-02    5.44373E-02    8.22858E-04   -1.25130E-03    2.71925E-04   -1.53050E-03    2.09253E-03   -4.72846E-04    7.84908E-03   -7.32034E-03
     2.28125E+00    8.83483E-02    1.46099E-02    4.70872E-01    1.72829E-03   -1.06907E-02    5.40922E-02    8.15173E-04   -1.20818E-03    2.62439E-04   -1.50514E-03    2.08963E-03   -4.57029E-04    7.80390E-03   -7.13866E-03
     2.28750E+00    8.80950E-02    1.41415E-02    4.70883E-01    1.66626E-03   -1.03537E-02    5.37512E-02    8.07755E-04   -1.16572E-03    2.53110E-04   -1.48052E-03    2.08682E-03   -4.41423E-04    7.75985E-03   -6.95659E-03
     2.29375E+00    8.78499E-02    1.36769E-02    4.70893E-01    1.60522E-03   -1.00188E-02    5.34145E-02    8.00600E-04   -1.12392E-03    2.43931E-04   -1.45661E-03    2.08411E-03   -4.26022E-04    7.71694E-03   -6.77408E-03
     2.30000E+00    8.76131E-02    1.32158E-02    4.70903E-01    1.54516E-03   -9.68598E-03    5.30820E-02    7.93705E-04   -1.08275E-03    2.34901E-04   -1.43342E-03    2.08149E-03   -4.10821E-04    7.67517E-03   -6.59106E-03
     2.30625E+00    8.73844E-02    1.27582E-02    4.70912E-01    1.48605E-03   -9.35524E-03    5.27535E-02    7.87064E-04   -1.04219E-03    2.26012E-04   -1.41093E-03    2.07897E-03   -3.95814E-04    7.63455E-03   -6.40745E-03
     2.31250E+00    8.71637E-02    1.23040E-02    4.70921E-01    1.42787E-03   -9.02655E-03    5.24291E-02    7.80676E-04   -1.00223E-03    2.17263E-04   -1.38912E-03    2.07655E-03   -3.80994E-04    7.59508E-03   -6.22320E-03
     2.31875E+00    8.69511E-02    1.18533E-02    4.70930E-01    1.37058E-03   -8.69988E-03    5.21086E-02    7.74535E-04   -9.62839E-04    2.08647E-04   -1.36799E-03    2.07421E-03   -3.66357E-04    7.55676E-03   -6.03822E-03
     2.32500E+00    8.67464E-02    1.14059E-02    4.70939E-01    1.31416E-03   -8.37519E-03    5.17922E-02    7.68639E-04   -9.24010E-04    2.00161E-04   -1.34753E-03    2.07197E-03   -3.51897E-04    7.51961E-03   -5.85246E-03
     2.33125E+00    8.65496E-02    1.09618E-02    4.70947E-01    1.25860E-03   -8.05247E-03    5.14796E-02    7.62984E-04   -8.85722E-04    1.91802E-04   -1.32773E-03    2.06981E-03   -3.37608E-04    7.48361E-03   -5.66585E-03
     2.33750E+00    8.63606E-02    1.05209E-02    4.70954E-01    1.20386E-03   -7.73169E-03    5.11709E-02    7.57567E-04   -8.47960E-04    1.83563E-04   -1.30857E-03    2.06775E-03   -3.23487E-04    7.44878E-03   -5.47829E-03
     2.34375E+00    8.61793E-02    1.00832E-02    4.70962E-01    1.14993E-03   -7.41283E-03    5.08660E-02    7.52384E-04   -8.10704E-04    1.75443E-04   -1.29004E-03    2.06577E-03   -3.09527E-04    7.41513E-03   -5.28974E-03
     2.35000E+00    8.60058E-02    9.64852E-03    4.70969E-01    1.09678E-03   -7.09586E-03    5.05648E-02    7.47432E-04   -7.73940E-04    1.67437E-04   -1.27215E-03    2.06388E-03   -2.95723E-04    7.38267E-03   -5.10010E-03
     2.35625E+00    8.58399E-02    9.21694E-03    4.70975E-01    1.04438E-03   -6.78076E-03    5.02674E-02    7.42709E-04   -7.37650E-04    1.59540E-04   -1.25487E-03    2.06207E-03   -2.82072E-04    7.35139E-03   -4.90930E-03
     2.36250E+00    8.56816E-02    8.78835E-03    4.70982E-01    9.92719E-04   -6.46751E-03    4.99736E-02    7.38210E-04   -7.01819E-04    1.51750E-04   -1.23820E-03    2.06035E-03   -2.68567E-04    7.32130E-03   -4.71727E-03
     2.36875E+00    8.55308E-02    8.36270E-03    4.70988E-01    9.41771E-04   -6.15609E-03    4.96835E-02    7.33935E-04   -6.66432E-04    1.44061E-04   -1.22214E-03    2.05871E-03   -2.55205E-04    7.29242E-03   -4.52392E-03
     2.37500E+00    8.53875E-02    7.93994E-03    4.70994E-01    8.91513E-04   -5.84646E-03    4.93969E-02    7.29879E-04   -6.31471E-04    1.36472E-04   -1.20667E-03    2.05716E-03   -2.41980E-04    7.26476E-03   -4.32917E-03
     2.38125E+00    8.52516E-02    7.52001E-03    4.70999E-01    8.41925E-04   -5.53862E-03    4.91139E-02    7.26041E-04   -5.96923E-04    1.28977E-04   -1.19178E-03    2.05569E-03   -2.28889E-04    7.23831E-03   -4.13295E-03
     2.38750E+00    8.51231E-02    7.10286E-03    4.71004E-01    7.92985E-04   -5.23253E-03    4.88344E-02    7.22417E-04   -5.62772E-04    1.21573E-04   -1.17747E-03    2.05430E-03   -2.15926E-04    7.21310E-03   -3.93516E-03
     2.39375E+00    8.50020E-02    6.68843E-03    4.71009E-01    7.44672E-04   -4.92818E-03    4.85584E-02    7.19005E-04   -5.29003E-04    1.14257E-04   -1.16373E-03    2.05299E-03   -2.03088E-04    7.18913E-03   -3.73572E-03
     2.40000E+00    8.48881E-02    6.27668E-03    4.71013E-01    6.96966E-04   -4.62555E-03    4.82858E-02    7.15804E-04   -4.95601E-04    1.07025E-04   -1.15056E-03    2.05176E-03   -1.90370E-04    7.16641E-03   -3.53454E-03
     2.40625E+00    8.47814E-02    5.86755E-03    4.71018E-01    6.49846E-04   -4.32461E-03    4.80165E-02    7.12810E-04   -4.62553E-04    9.98742E-05   -1.13795E-03    2.05061E-03   -1.77768E-04    7.14495E-03   -3.33153E-03
     2.41250E+00    8.46819E-02    5.46099E-03    4.71022E-01    6.03291E-04   -4.02534E-03    4.77506E-02    7.10021E-04   -4.29845E-04    9.28000E-05   -1.12588E-03    2.04954E-03   -1.65278E-04    7.12477E-03   -3.12660E-03
     2.41875E+00    8.45895E-02    5.05696E-03    4.71025E-01    5.57283E-04   -3.72772E-03    4.74880E-02    7.07436E-04   -3.97461E-04    8.57996E-05   -1.11436E-03    2.04854E-03   -1.52895E-04    7.10587E-03   -2.91966E-03
     2.42500E+00    8.45042E-02    4.65540E-03    4.71028E-01    5.11800E-04   -3.43173E-03    4.72286E-02    7.05052E-04   -3.65388E-04    7.88694E-05   -1.10338E-03    2.04763E-03   -1.40617E-04    7.08827E-03   -2.71062E-03
     2.43125E+00    8.44259E-02    4.25627E-03    4.71032E-01    4.66823E-04   -3.13736E-03    4.69725E-02    7.02868E-04   -3.33613E-04    7.20062E-05   -1.09294E-03    2.04679E-03   -1.28438E-04    7.07199E-03   -2.49937E-03
     2.43750E+00    8.43547E-02    3.85950E-03    4.71034E-01    4.22332E-04   -2.84457E-03    4.67195E-02    7.00881E-04   -3.02122E-04    6.52067E-05   -1.08302E-03    2.04602E-03   -1.16355E-04    7.05704E-03   -2.28581E-03
     2.44375E+00    8.42904E-02    3.46507E-03    4.71037E-01    3.78309E-04   -2.55336E-03    4.64697E-02    6.99091E-04   -2.70903E-04    5.84674E-05   -1.07363E-03    2.04533E-03   -1.04365E-04    7.04342E-03   -2.06984E-03
     2.45000E+00    8.42330E-02    3.07292E-03    4.71039E-01    3.34734E-04   -2.26370E-03    4.62229E-02    6.97495E-04   -2.39940E-04    5.17853E-05   -1.06476E-03    2.04472E-03   -9.24631E-05    7.03117E-03   -1.85137E-03
     2.45625E+00    8.41825E-02    2.68300E-03    4.71041E-01    2.91588E-04   -1.97557E-03    4.59793E-02    6.96091E-04   -2.09223E-04    4.51570E-05   -1.05640E-03    2.04417E-03   -8.06459E-05    7.02029E-03   -1.63028E-03
     2.46250E+00    8.41388E-02    2.29527E-03    4.71043E-01    2.48853E-04   -1.68895E-03    4.57387E-02    6.94879E-04   -1.78738E-04    3.85793E-05   -1.04855E-03    2.04371E-03   -6.89099E-05    7.01080E-03   -1.40647E-03
     2.46875E+00    8.41019E-02    1.90967E-03    4.71044E-01    2.06508E-04   -1.40383E-03    4.55010E-02    6.93856E-04   -1.48472E-04    3.20491E-05   -1.04121E-03    2.04331E-03   -5.72515E-05    7.00271E-03   -1.17982E-03
     2.47500E+00    8.40717E-02    1.52617E-03    4.71045E-01    1.64536E-04   -1.12019E-03    4.52664E-02    6.93022E-04   -1.18413E-04    2.55632E-05   -1.03438E-03    2.04299E-03   -4.56670E-05    6.99606E-03   -9.50223E-04
     2.48125E+00    8.40483E-02    1.14473E-03    4.71046E-01    1.22917E-04   -8.38000E-04    4.50346E-02    6.92376E-04   -8.85487E-05    1.91184E-05   -1.02804E-03    2.04274E-03   -3.41531E-05    6.99084E-03   -7.17563E-04
     2.48750E+00    8.40315E-02    7.65284E-04    4.71047E-01    8.16342E-05   -5.57251E-04    4.48058E-02    6.91915E-04   -5.88664E-05    1.27117E-05   -1.02220E-03    2.04256E-03   -2.27062E-05    6.98709E-03   -4.81720E-04
     2.49375E+00    8.40214E-02    3.87802E-04    4.71047E-01    4.06679E-05   -2.77924E-04    4.45798E-02    6.91640E-04   -2.93541E-05    6.33992E-06   -1.01686E-03    2.04246E-03   -1.13230E-05    6.98483E-03   -2.42574E-04
     2.50000E+00    8.40179E-02    1.22374E-05    4.71047E-01    0.00000E+00    0.00000E+00    4.43566E-02    6.91548E-04    0.00000E+00   -8.39287E-26   -1.01201E-03    2.04242E-03    0.00000E+00    6.98407E-03    0.00000E+00
