     1.00000E-05    3.88986E+00   -3.06345E-05   -5.90445E-01   -9.23806E-19   -1.78009E-05   -1.78009E+00    4.44071E-01    5.19976E-19    7.58870E-06    7.58870E-01    3.81562E-01    4.46616E-19    9.07380E-11    1.81476E-05
     9.25998E-03    3.88896E+00    4.01783E-02   -5.90145E-01    6.46852E-02   -1.64795E-02   -1.77877E+00    4.43964E-01   -2.30668E-02    7.02470E-03    7.58087E-01    3.81428E-01   -2.90279E-02    7.77787E-05    1.67936E-02
     1.85100E-02    3.88627E+00    8.02514E-02   -5.89249E-01    1.29157E-01   -3.29170E-02   -1.77484E+00    4.43644E-01   -4.60703E-02    1.40273E-02    7.55742E-01    3.81025E-01   -5.79488E-02    3.10484E-04    3.35054E-02
     2.77599E-02    3.88178E+00    1.20201E-01   -5.87757E-01    1.93341E-01   -4.93060E-02   -1.76831E+00    4.43112E-01   -6.89970E-02    2.10011E-02    7.51847E-01    3.80356E-01   -8.67188E-02    6.97234E-04    5.00905E-02
     3.70099E-02    3.87551E+00    1.59966E-01   -5.85673E-01    2.57097E-01   -6.56226E-02   -1.75920E+00    4.42368E-01   -9.18087E-02    2.79317E-02    7.46417E-01    3.79422E-01   -1.15264E-01    1.23657E-03    6.64867E-02
     4.62599E-02    3.86747E+00    1.99487E-01   -5.83002E-01    3.20285E-01   -8.18432E-02   -1.74754E+00    4.41414E-01   -1.14468E-01    3.48051E-02    7.39476E-01    3.78225E-01   -1.43510E-01    1.92646E-03    8.26328E-02
     5.55098E-02    3.85767E+00    2.38702E-01   -5.79750E-01    3.82769E-01   -9.79442E-02   -1.73337E+00    4.40251E-01   -1.36937E-01    4.16074E-02    7.31052E-01    3.76768E-01   -1.71386E-01    2.76431E-03    9.84691E-02
     6.47598E-02    3.84612E+00    2.77554E-01   -5.75924E-01    4.44415E-01   -1.13903E-01   -1.71675E+00    4.38881E-01   -1.59180E-01    4.83251E-02    7.21181E-01    3.75056E-01   -1.98822E-01    3.74699E-03    1.13938E-01
     7.40098E-02    3.83286E+00    3.15985E-01   -5.71531E-01    5.05093E-01   -1.29697E-01   -1.69773E+00    4.37307E-01   -1.81160E-01    5.49449E-02    7.09903E-01    3.73091E-01   -2.25750E-01    4.87085E-03    1.28984E-01
     8.32598E-02    3.81791E+00    3.53938E-01   -5.66583E-01    5.64681E-01   -1.45304E-01   -1.67638E+00    4.35531E-01   -2.02842E-01    6.14541E-02    6.97265E-01    3.70881E-01   -2.52106E-01    6.13171E-03    1.43553E-01
     9.25098E-02    3.80128E+00    3.91359E-01   -5.61089E-01    6.23057E-01   -1.60703E-01   -1.65277E+00    4.33556E-01   -2.24193E-01    6.78403E-02    6.83319E-01    3.68429E-01   -2.77827E-01    7.52495E-03    1.57597E-01
     1.01760E-01    3.78301E+00    4.28193E-01   -5.55060E-01    6.80110E-01   -1.75873E-01   -1.62698E+00    4.31384E-01   -2.45177E-01    7.40916E-02    6.68120E-01    3.65743E-01   -3.02854E-01    9.04546E-03    1.71067E-01
     1.11010E-01    3.76313E+00    4.64390E-01   -5.48511E-01    7.35730E-01   -1.90795E-01   -1.59910E+00    4.29021E-01   -2.65764E-01    8.01968E-02    6.51731E-01    3.62829E-01   -3.27133E-01    1.06878E-02    1.83919E-01
     1.20260E-01    3.74167E+00    4.99901E-01   -5.41454E-01    7.89817E-01   -2.05450E-01   -1.56923E+00    4.26469E-01   -2.85923E-01    8.61451E-02    6.34215E-01    3.59694E-01   -3.50611E-01    1.24459E-02    1.96114E-01
     1.29510E-01    3.71867E+00    5.34677E-01   -5.33904E-01    8.42278E-01   -2.19820E-01   -1.53745E+00    4.23733E-01   -3.05622E-01    9.19265E-02    6.15641E-01    3.56345E-01   -3.73239E-01    1.43137E-02    2.07615E-01
     1.38760E-01    3.69417E+00    5.68674E-01   -5.25877E-01    8.93026E-01   -2.33887E-01   -1.50388E+00    4.20817E-01   -3.24835E-01    9.75314E-02    5.96081E-01    3.52792E-01   -3.94975E-01    1.62845E-02    2.18389E-01
     1.48010E-01    3.66821E+00    6.01847E-01   -5.17389E-01    9.41980E-01   -2.47636E-01   -1.46861E+00    4.17725E-01   -3.43534E-01    1.02951E-01    5.75610E-01    3.49041E-01   -4.15777E-01    1.83516E-02    2.28408E-01
     1.57260E-01    3.64083E+00    6.34158E-01   -5.08456E-01    9.89069E-01   -2.61052E-01   -1.43177E+00    4.14463E-01   -3.61693E-01    1.08178E-01    5.54304E-01    3.45103E-01   -4.35611E-01    2.05077E-02    2.37646E-01
     1.66510E-01    3.61208E+00    6.65567E-01   -4.99097E-01    1.03423E+00   -2.74119E-01   -1.39346E+00    4.11035E-01   -3.79289E-01    1.13203E-01    5.32242E-01    3.40985E-01   -4.54446E-01    2.27455E-02    2.46084E-01
     1.75760E-01    3.58200E+00    6.96040E-01   -4.89329E-01    1.07741E+00   -2.86826E-01   -1.35380E+00    4.07448E-01   -3.96299E-01    1.18022E-01    5.09504E-01    3.36699E-01   -4.72254E-01    2.50577E-02    2.53704E-01
     1.85010E-01    3.55065E+00    7.25542E-01   -4.79172E-01    1.11855E+00   -2.99161E-01   -1.31290E+00    4.03706E-01   -4.12702E-01    1.22627E-01    4.86170E-01    3.32252E-01   -4.89012E-01    2.74365E-02    2.60494E-01
     1.94259E-01    3.51806E+00    7.54045E-01   -4.68643E-01    1.15762E+00   -3.11112E-01   -1.27088E+00    3.99815E-01   -4.28480E-01    1.27014E-01    4.62322E-01    3.27655E-01   -5.04703E-01    2.98742E-02    2.66447E-01
     2.03509E-01    3.48430E+00    7.81520E-01   -4.57762E-01    1.19458E+00   -3.22669E-01   -1.22787E+00    3.95781E-01   -4.43614E-01    1.31179E-01    4.38041E-01    3.22918E-01   -5.19314E-01    3.23631E-02    2.71557E-01
     2.12759E-01    3.44941E+00    8.07943E-01   -4.46550E-01    1.22941E+00   -3.33824E-01   -1.18397E+00    3.91610E-01   -4.58090E-01    1.35117E-01    4.13408E-01    3.18051E-01   -5.32833E-01    3.48954E-02    2.75826E-01
     2.22009E-01    3.41344E+00    8.33291E-01   -4.35025E-01    1.26208E+00   -3.44570E-01   -1.13931E+00    3.87308E-01   -4.71894E-01    1.38826E-01    3.88502E-01    3.13064E-01   -5.45257E-01    3.74633E-02    2.79255E-01
     2.31259E-01    3.37646E+00    8.57546E-01   -4.23208E-01    1.29260E+00   -3.54900E-01   -1.09400E+00    3.82882E-01   -4.85014E-01    1.42304E-01    3.63402E-01    3.07968E-01   -5.56584E-01    4.00590E-02    2.81853E-01
     2.40509E-01    3.33852E+00    8.80691E-01   -4.11119E-01    1.32095E+00   -3.64807E-01   -1.04816E+00    3.78338E-01   -4.97438E-01    1.45549E-01    3.38186E-01    3.02771E-01   -5.66817E-01    4.26750E-02    2.83629E-01
     2.49759E-01    3.29966E+00    9.02713E-01   -3.98777E-01    1.34714E+00   -3.74289E-01   -1.00189E+00    3.73682E-01   -5.09160E-01    1.48560E-01    3.12928E-01    2.97485E-01   -5.75961E-01    4.53036E-02    2.84598E-01
     2.59009E-01    3.25995E+00    9.23601E-01   -3.86203E-01    1.37117E+00   -3.83341E-01   -9.55309E-01    3.68921E-01   -5.20173E-01    1.51338E-01    2.87701E-01    2.92119E-01   -5.84028E-01    4.79376E-02    2.84778E-01
     2.68259E-01    3.21944E+00    9.43346E-01   -3.73417E-01    1.39306E+00   -3.91962E-01   -9.08522E-01    3.64061E-01   -5.30471E-01    1.53883E-01    2.62576E-01    2.86684E-01   -5.91031E-01    5.05696E-02    2.84187E-01
     2.77509E-01    3.17819E+00    9.61943E-01   -3.60438E-01    1.41284E+00   -4.00149E-01   -8.61632E-01    3.59109E-01   -5.40052E-01    1.56196E-01    2.37619E-01    2.81188E-01   -5.96987E-01    5.31927E-02    2.82849E-01
     2.86759E-01    3.13626E+00    9.79388E-01   -3.47286E-01    1.43052E+00   -4.07902E-01   -8.14737E-01    3.54072E-01   -5.48914E-01    1.58280E-01    2.12896E-01    2.75643E-01   -6.01915E-01    5.58001E-02    2.80788E-01
     2.96009E-01    3.09369E+00    9.95683E-01   -3.33980E-01    1.44614E+00   -4.15221E-01   -7.67934E-01    3.48956E-01   -5.57058E-01    1.60136E-01    1.88468E-01    2.70056E-01   -6.05837E-01    5.83851E-02    2.78032E-01
     3.05259E-01    3.05055E+00    1.01083E+00   -3.20539E-01    1.45973E+00   -4.22109E-01   -7.21314E-01    3.43769E-01   -5.64485E-01    1.61767E-01    1.64391E-01    2.64438E-01   -6.08780E-01    6.09416E-02    2.74611E-01
     3.14509E-01    3.00688E+00    1.02483E+00   -3.06981E-01    1.47134E+00   -4.28567E-01   -6.74963E-01    3.38516E-01   -5.71200E-01    1.63178E-01    1.40722E-01    2.58796E-01   -6.10771E-01    6.34634E-02    2.70555E-01
     3.23759E-01    2.96275E+00    1.03769E+00   -2.93325E-01    1.48100E+00   -4.34597E-01   -6.28966E-01    3.33204E-01   -5.77207E-01    1.64372E-01    1.17509E-01    2.53141E-01   -6.11839E-01    6.59450E-02    2.65896E-01
     3.33009E-01    2.91821E+00    1.04943E+00   -2.79589E-01    1.48876E+00   -4.40204E-01   -5.83401E-01    3.27839E-01   -5.82513E-01    1.65354E-01    9.48010E-02    2.47480E-01   -6.12015E-01    6.83807E-02    2.60669E-01
     3.42259E-01    2.87331E+00    1.06004E+00   -2.65789E-01    1.49467E+00   -4.45391E-01   -5.38342E-01    3.22429E-01   -5.87126E-01    1.66128E-01    7.26396E-02    2.41822E-01   -6.11333E-01    7.07657E-02    2.54909E-01
     3.51509E-01    2.82810E+00    1.06955E+00   -2.51943E-01    1.49879E+00   -4.50165E-01   -4.93858E-01    3.16980E-01   -5.91056E-01    1.66699E-01    5.10645E-02    2.36173E-01   -6.09827E-01    7.30950E-02    2.48651E-01
     3.60759E-01    2.78263E+00    1.07798E+00   -2.38067E-01    1.50116E+00   -4.54530E-01   -4.50014E-01    3.11497E-01   -5.94314E-01    1.67074E-01    3.01111E-02    2.30542E-01   -6.07533E-01    7.53643E-02    2.41931E-01
     3.70009E-01    2.73696E+00    1.08533E+00   -2.24177E-01    1.50185E+00   -4.58492E-01   -4.06871E-01    3.05987E-01   -5.96911E-01    1.67258E-01    9.81092E-03    2.24936E-01   -6.04487E-01    7.75694E-02    2.34785E-01
     3.79259E-01    2.69113E+00    1.09163E+00   -2.10288E-01    1.50091E+00   -4.62059E-01   -3.64484E-01    3.00456E-01   -5.98861E-01    1.67258E-01   -9.80821E-03    2.19362E-01   -6.00728E-01    7.97066E-02    2.27251E-01
     3.88509E-01    2.64520E+00    1.09689E+00   -1.96415E-01    1.49840E+00   -4.65238E-01   -3.22905E-01    2.94910E-01   -6.00178E-01    1.67079E-01   -2.87222E-02    2.13825E-01   -5.96292E-01    8.17724E-02    2.19365E-01
     3.97759E-01    2.59920E+00    1.10114E+00   -1.82572E-01    1.49439E+00   -4.68035E-01   -2.82182E-01    2.89355E-01   -6.00877E-01    1.66729E-01   -4.69106E-02    2.08332E-01   -5.91219E-01    8.37638E-02    2.11163E-01
     4.07009E-01    2.55318E+00    1.10441E+00   -1.68773E-01    1.48893E+00   -4.70461E-01   -2.42356E-01    2.83796E-01   -6.00976E-01    1.66213E-01   -6.43564E-02    2.02889E-01   -5.85547E-01    8.56780E-02    2.02681E-01
     4.16259E-01    2.50719E+00    1.10671E+00   -1.55031E-01    1.48208E+00   -4.72522E-01   -2.03467E-01    2.78239E-01   -6.00491E-01    1.65540E-01   -8.10461E-02    1.97501E-01   -5.79314E-01    8.75127E-02    1.93956E-01
     4.25509E-01    2.46126E+00    1.10807E+00   -1.41359E-01    1.47391E+00   -4.74228E-01   -1.65549E-01    2.72688E-01   -5.99440E-01    1.64716E-01   -9.69695E-02    1.92173E-01   -5.72559E-01    8.92656E-02    1.85021E-01
     4.34759E-01    2.41545E+00    1.10852E+00   -1.27768E-01    1.46448E+00   -4.75588E-01   -1.28634E-01    2.67151E-01   -5.97841E-01    1.63749E-01   -1.12120E-01    1.86910E-01   -5.65319E-01    9.09350E-02    1.75910E-01
     4.44009E-01    2.36978E+00    1.10809E+00   -1.14269E-01    1.45386E+00   -4.76611E-01   -9.27474E-02    2.61630E-01   -5.95714E-01    1.62645E-01   -1.26492E-01    1.81716E-01   -5.57633E-01    9.25195E-02    1.66657E-01
     4.53259E-01    2.32431E+00    1.10680E+00   -1.00875E-01    1.44210E+00   -4.77307E-01   -5.79139E-02    2.56132E-01   -5.93080E-01    1.61411E-01   -1.40087E-01    1.76596E-01   -5.49537E-01    9.40178E-02    1.57294E-01
     4.62509E-01    2.27905E+00    1.10468E+00   -8.75939E-02    1.42927E+00   -4.77685E-01   -2.41530E-02    2.50660E-01   -5.89957E-01    1.60055E-01   -1.52904E-01    1.71551E-01   -5.41068E-01    9.54291E-02    1.47851E-01
     4.71759E-01    2.23405E+00    1.10177E+00   -7.44365E-02    1.41542E+00   -4.77757E-01    8.51862E-03    2.45219E-01   -5.86367E-01    1.58585E-01   -1.64948E-01    1.66587E-01   -5.32261E-01    9.67529E-02    1.38358E-01
     4.81009E-01    2.18935E+00    1.09809E+00   -6.14116E-02    1.40063E+00   -4.77531E-01    4.00875E-02    2.39813E-01   -5.82331E-01    1.57006E-01   -1.76226E-01    1.61705E-01   -5.23151E-01    9.79887E-02    1.28843E-01
     4.90259E-01    2.14496E+00    1.09368E+00   -4.85276E-02    1.38495E+00   -4.77019E-01    7.05432E-02    2.34447E-01   -5.77870E-01    1.55327E-01   -1.86746E-01    1.56909E-01   -5.13772E-01    9.91365E-02    1.19333E-01
     4.99509E-01    2.10093E+00    1.08856E+00   -3.57926E-02    1.36844E+00   -4.76230E-01    9.98784E-02    2.29124E-01   -5.73006E-01    1.53554E-01   -1.96520E-01    1.52201E-01   -5.04155E-01    1.00196E-01    1.09854E-01
     5.08759E-01    2.05728E+00    1.08276E+00   -2.32140E-02    1.35115E+00   -4.75174E-01    1.28088E-01    2.23848E-01   -5.67759E-01    1.51694E-01   -2.05558E-01    1.47583E-01   -4.94333E-01    1.01169E-01    1.00430E-01
     5.18009E-01    2.01403E+00    1.07632E+00   -1.07986E-02    1.33315E+00   -4.73863E-01    1.55171E-01    2.18622E-01   -5.62151E-01    1.49753E-01   -2.13877E-01    1.43057E-01   -4.84335E-01    1.02055E-01    9.10834E-02
     5.27259E-01    1.97121E+00    1.06927E+00    1.44718E-03    1.31449E+00   -4.72307E-01    1.81127E-01    2.13449E-01   -5.56205E-01    1.47739E-01   -2.21492E-01    1.38623E-01   -4.74192E-01    1.02854E-01    8.18357E-02
     5.36509E-01    1.92885E+00    1.06164E+00    1.35176E-02    1.29524E+00   -4.70516E-01    2.05958E-01    2.08333E-01   -5.49940E-01    1.45658E-01   -2.28419E-01    1.34285E-01   -4.63929E-01    1.03569E-01    7.27067E-02
     5.45759E-01    1.88696E+00    1.05346E+00    2.54073E-02    1.27543E+00   -4.68500E-01    2.29671E-01    2.03276E-01   -5.43379E-01    1.43515E-01   -2.34678E-01    1.30041E-01   -4.53575E-01    1.04200E-01    6.37146E-02
     5.55009E-01    1.84558E+00    1.04475E+00    3.71114E-02    1.25513E+00   -4.66271E-01    2.52272E-01    1.98281E-01   -5.36542E-01    1.41318E-01   -2.40288E-01    1.25894E-01   -4.43154E-01    1.04748E-01    5.48762E-02
     5.64258E-01    1.80470E+00    1.03556E+00    4.86257E-02    1.23438E+00   -4.63837E-01    2.73771E-01    1.93351E-01   -5.29450E-01    1.39072E-01   -2.45269E-01    1.21843E-01   -4.32690E-01    1.05216E-01    4.62071E-02
     5.73508E-01    1.76436E+00    1.02591E+00    5.99462E-02    1.21324E+00   -4.61209E-01    2.94179E-01    1.88487E-01   -5.22123E-01    1.36783E-01   -2.49643E-01    1.17889E-01   -4.22206E-01    1.05604E-01    3.77212E-02
     5.82758E-01    1.72456E+00    1.01583E+00    7.10695E-02    1.19175E+00   -4.58398E-01    3.13510E-01    1.83692E-01   -5.14581E-01    1.34455E-01   -2.53431E-01    1.14032E-01   -4.11722E-01    1.05914E-01    2.94311E-02
     5.92008E-01    1.68533E+00    1.00535E+00    8.19926E-02    1.16997E+00   -4.55413E-01    3.31776E-01    1.78968E-01   -5.06845E-01    1.32096E-01   -2.56656E-01    1.10272E-01   -4.01260E-01    1.06149E-01    2.13481E-02
     6.01258E-01    1.64667E+00    9.94497E-01    9.27131E-02    1.14794E+00   -4.52263E-01    3.48996E-01    1.74316E-01   -4.98932E-01    1.29709E-01   -2.59341E-01    1.06609E-01   -3.90837E-01    1.06310E-01    1.34823E-02
     6.10508E-01    1.60859E+00    9.83299E-01    1.03229E-01    1.12570E+00   -4.48959E-01    3.65187E-01    1.69738E-01   -4.90862E-01    1.27300E-01   -2.61508E-01    1.03041E-01   -3.80471E-01    1.06399E-01    5.84231E-03
     6.19758E-01    1.57112E+00    9.71786E-01    1.13538E-01    1.10329E+00   -4.45510E-01    3.80368E-01    1.65236E-01   -4.82653E-01    1.24873E-01   -2.63180E-01    9.95697E-02   -3.70179E-01    1.06418E-01   -1.56437E-03
     6.29008E-01    1.53424E+00    9.59982E-01    1.23639E-01    1.08076E+00   -4.41926E-01    3.94560E-01    1.60809E-01   -4.74323E-01    1.22432E-01   -2.64382E-01    9.61928E-02   -3.59975E-01    1.06371E-01   -8.73140E-03
     6.38258E-01    1.49798E+00    9.47914E-01    1.33532E-01    1.05815E+00   -4.38214E-01    4.07784E-01    1.56461E-01   -4.65888E-01    1.19983E-01   -2.65136E-01    9.29099E-02   -3.49873E-01    1.06258E-01   -1.56536E-02
     6.47508E-01    1.46233E+00    9.35608E-01    1.43215E-01    1.03548E+00   -4.34385E-01    4.20062E-01    1.52191E-01   -4.57364E-01    1.17529E-01   -2.65465E-01    8.97199E-02   -3.39885E-01    1.06082E-01   -2.23267E-02
     6.56758E-01    1.42731E+00    9.23087E-01    1.52688E-01    1.01281E+00   -4.30446E-01    4.31419E-01    1.48000E-01   -4.48769E-01    1.15073E-01   -2.65392E-01    8.66216E-02   -3.30024E-01    1.05845E-01   -2.87477E-02
     6.66008E-01    1.39292E+00    9.10376E-01    1.61952E-01    9.90165E-01   -4.26406E-01    4.41878E-01    1.43889E-01   -4.40117E-01    1.12620E-01   -2.64939E-01    8.36140E-02   -3.20300E-01    1.05551E-01   -3.49144E-02
     6.75258E-01    1.35915E+00    8.97498E-01    1.71006E-01    9.67573E-01   -4.22274E-01    4.51465E-01    1.39858E-01   -4.31423E-01    1.10173E-01   -2.64130E-01    8.06957E-02   -3.10721E-01    1.05200E-01   -4.08255E-02
     6.84508E-01    1.32602E+00    8.84474E-01    1.79852E-01    9.45068E-01   -4.18057E-01    4.60207E-01    1.35908E-01   -4.22700E-01    1.07735E-01   -2.62986E-01    7.78652E-02   -3.01298E-01    1.04796E-01   -4.64805E-02
     6.93758E-01    1.29352E+00    8.71326E-01    1.88490E-01    9.22679E-01   -4.13762E-01    4.68128E-01    1.32038E-01   -4.13963E-01    1.05309E-01   -2.61528E-01    7.51212E-02   -2.92036E-01    1.04341E-01   -5.18799E-02
     7.03008E-01    1.26166E+00    8.58074E-01    1.96922E-01    9.00434E-01   -4.09399E-01    4.75256E-01    1.28249E-01   -4.05224E-01    1.02897E-01   -2.59778E-01    7.24620E-02   -2.82943E-01    1.03837E-01   -5.70246E-02
     7.12258E-01    1.23042E+00    8.44738E-01    2.05149E-01    8.78359E-01   -4.04973E-01    4.81618E-01    1.24541E-01   -3.96494E-01    1.00504E-01   -2.57755E-01    6.98862E-02   -2.74025E-01    1.03287E-01   -6.19164E-02
     7.21508E-01    1.19982E+00    8.31338E-01    2.13172E-01    8.56478E-01   -4.00491E-01    4.87242E-01    1.20914E-01   -3.87787E-01    9.81296E-02   -2.55480E-01    6.73920E-02   -2.65285E-01    1.02693E-01   -6.65577E-02
     7.30758E-01    1.16984E+00    8.17890E-01    2.20994E-01    8.34812E-01   -3.95961E-01    4.92154E-01    1.17367E-01   -3.79111E-01    9.57779E-02   -2.52972E-01    6.49779E-02   -2.56730E-01    1.02056E-01   -7.09515E-02
     7.40008E-01    1.14049E+00    8.04411E-01    2.28617E-01    8.13384E-01   -3.91388E-01    4.96384E-01    1.13900E-01   -3.70478E-01    9.34503E-02   -2.50249E-01    6.26420E-02   -2.48361E-01    1.01381E-01   -7.51013E-02
     7.49258E-01    1.11176E+00    7.90919E-01    2.36043E-01    7.92211E-01   -3.86780E-01    4.99957E-01    1.10513E-01   -3.61897E-01    9.11489E-02   -2.47329E-01    6.03826E-02   -2.40182E-01    1.00668E-01   -7.90109E-02
     7.58508E-01    1.08365E+00    7.77429E-01    2.43274E-01    7.71312E-01   -3.82141E-01    5.02903E-01    1.07205E-01   -3.53377E-01    8.88753E-02   -2.44231E-01    5.81980E-02   -2.32194E-01    9.99198E-02   -8.26848E-02
     7.67758E-01    1.05615E+00    7.63955E-01    2.50313E-01    7.50703E-01   -3.77478E-01    5.05248E-01    1.03976E-01   -3.44927E-01    8.66311E-02   -2.40970E-01    5.60864E-02   -2.24400E-01    9.91388E-02   -8.61276E-02
     7.77008E-01    1.02926E+00    7.50512E-01    2.57163E-01    7.30398E-01   -3.72796E-01    5.07019E-01    1.00824E-01   -3.36554E-01    8.44178E-02   -2.37562E-01    5.40461E-02   -2.16800E-01    9.83271E-02   -8.93446E-02
     7.86258E-01    1.00296E+00    7.37111E-01    2.63826E-01    7.10410E-01   -3.68100E-01    5.08244E-01    9.77491E-02   -3.28266E-01    8.22366E-02   -2.34022E-01    5.20751E-02   -2.09395E-01    9.74866E-02   -9.23410E-02
     7.95508E-01    9.77263E-01    7.23766E-01    2.70306E-01    6.90751E-01   -3.63395E-01    5.08949E-01    9.47506E-02   -3.20069E-01    8.00888E-02   -2.30366E-01    5.01717E-02   -2.02184E-01    9.66195E-02   -9.51225E-02
     8.04758E-01    9.52150E-01    7.10489E-01    2.76606E-01    6.71432E-01   -3.58686E-01    5.09160E-01    9.18275E-02   -3.11969E-01    7.79752E-02   -2.26607E-01    4.83341E-02   -1.95166E-01    9.57275E-02   -9.76950E-02
     8.14008E-01    9.27616E-01    6.97289E-01    2.82729E-01    6.52461E-01   -3.53977E-01    5.08902E-01    8.89789E-02   -3.03973E-01    7.58968E-02   -2.22758E-01    4.65605E-02   -1.88342E-01    9.48127E-02   -1.00064E-01
     8.23258E-01    9.03653E-01    6.84178E-01    2.88678E-01    6.33845E-01   -3.49273E-01    5.08202E-01    8.62037E-02   -2.96084E-01    7.38544E-02   -2.18832E-01    4.48492E-02   -1.81710E-01    9.38769E-02   -1.02237E-01
     8.32508E-01    8.80255E-01    6.71164E-01    2.94456E-01    6.15593E-01   -3.44577E-01    5.07084E-01    8.35010E-02   -2.88308E-01    7.18486E-02   -2.14841E-01    4.31983E-02   -1.75268E-01    9.29220E-02   -1.04219E-01
     8.41758E-01    8.57411E-01    6.58257E-01    3.00067E-01    5.97708E-01   -3.39893E-01    5.05571E-01    8.08697E-02   -2.80650E-01    6.98800E-02   -2.10796E-01    4.16061E-02   -1.69014E-01    9.19495E-02   -1.06016E-01
     8.51008E-01    8.35115E-01    6.45465E-01    3.05515E-01    5.80196E-01   -3.35225E-01    5.03687E-01    7.83086E-02   -2.73112E-01    6.79491E-02   -2.06707E-01    4.00710E-02   -1.62945E-01    9.09612E-02   -1.07636E-01
     8.60258E-01    8.13357E-01    6.32794E-01    3.10802E-01    5.63060E-01   -3.30576E-01    5.01455E-01    7.58167E-02   -2.65698E-01    6.60561E-02   -2.02585E-01    3.85911E-02   -1.57061E-01    8.99587E-02   -1.09085E-01
     8.69508E-01    7.92129E-01    6.20252E-01    3.15932E-01    5.46301E-01   -3.25949E-01    4.98897E-01    7.33928E-02   -2.58411E-01    6.42013E-02   -1.98439E-01    3.71648E-02   -1.51356E-01    8.89437E-02   -1.10368E-01
     8.78758E-01    7.71420E-01    6.07846E-01    3.20910E-01    5.29922E-01   -3.21347E-01    4.96035E-01    7.10357E-02   -2.51253E-01    6.23850E-02   -1.94277E-01    3.57904E-02   -1.45830E-01    8.79174E-02   -1.11494E-01
     8.88008E-01    7.51222E-01    5.95581E-01    3.25737E-01    5.13924E-01   -3.16773E-01    4.92889E-01    6.87443E-02   -2.44227E-01    6.06072E-02   -1.90108E-01    3.44664E-02   -1.40478E-01    8.68815E-02   -1.12467E-01
     8.97258E-01    7.31527E-01    5.83462E-01    3.30418E-01    4.98305E-01   -3.12229E-01    4.89480E-01    6.65172E-02   -2.37334E-01    5.88680E-02   -1.85940E-01    3.31911E-02   -1.35298E-01    8.58372E-02   -1.13294E-01
     9.06508E-01    7.12323E-01    5.71494E-01    3.34957E-01    4.83065E-01   -3.07718E-01    4.85826E-01    6.43532E-02   -2.30575E-01    5.71673E-02   -1.81779E-01    3.19629E-02   -1.30286E-01    8.47860E-02   -1.13982E-01
     9.15758E-01    6.93602E-01    5.59682E-01    3.39356E-01    4.68203E-01   -3.03242E-01    4.81946E-01    6.22511E-02   -2.23953E-01    5.55051E-02   -1.77633E-01    3.07803E-02   -1.25439E-01    8.37290E-02   -1.14538E-01
     9.25008E-01    6.75355E-01    5.48029E-01    3.43620E-01    4.53716E-01   -2.98803E-01    4.77858E-01    6.02096E-02   -2.17467E-01    5.38811E-02   -1.73506E-01    2.96418E-02   -1.20752E-01    8.26674E-02   -1.14966E-01
     9.34257E-01    6.57571E-01    5.36538E-01    3.47751E-01    4.39601E-01   -2.94403E-01    4.73579E-01    5.82276E-02   -2.11118E-01    5.22951E-02   -1.69406E-01    2.85459E-02   -1.16223E-01    8.16025E-02   -1.15273E-01
     9.43507E-01    6.40242E-01    5.25212E-01    3.51754E-01    4.25855E-01   -2.90042E-01    4.69126E-01    5.63035E-02   -2.04907E-01    5.07470E-02   -1.65337E-01    2.74912E-02   -1.11848E-01    8.05353E-02   -1.15465E-01
     9.52757E-01    6.23357E-01    5.14054E-01    3.55630E-01    4.12474E-01   -2.85724E-01    4.64514E-01    5.44364E-02   -1.98833E-01    4.92363E-02   -1.61304E-01    2.64762E-02   -1.07622E-01    7.94668E-02   -1.15548E-01
     9.62007E-01    6.06908E-01    5.03066E-01    3.59385E-01    3.99454E-01   -2.81449E-01    4.59758E-01    5.26247E-02   -1.92897E-01    4.77627E-02   -1.57310E-01    2.54997E-02   -1.03543E-01    7.83980E-02   -1.15527E-01
     9.71257E-01    5.90884E-01    4.92249E-01    3.63021E-01    3.86790E-01   -2.77219E-01    4.54873E-01    5.08674E-02   -1.87097E-01    4.63259E-02   -1.53361E-01    2.45603E-02   -9.96062E-02    7.73298E-02   -1.15408E-01
     9.80507E-01    5.75277E-01    4.81606E-01    3.66542E-01    3.74477E-01   -2.73035E-01    4.49872E-01    4.91630E-02   -1.81434E-01    4.49254E-02   -1.49460E-01    2.36566E-02   -9.58079E-02    7.62632E-02   -1.15196E-01
     9.89757E-01    5.60077E-01    4.71137E-01    3.69950E-01    3.62510E-01   -2.68897E-01    4.44768E-01    4.75104E-02   -1.75905E-01    4.35608E-02   -1.45609E-01    2.27874E-02   -9.21444E-02    7.51990E-02   -1.14897E-01
     9.99007E-01    5.45275E-01    4.60843E-01    3.73249E-01    3.50882E-01   -2.64807E-01    4.39573E-01    4.59084E-02   -1.70512E-01    4.22315E-02   -1.41813E-01    2.19515E-02   -8.86119E-02    7.41379E-02   -1.14515E-01
     1.00826E+00    5.30862E-01    4.50725E-01    3.76443E-01    3.39589E-01   -2.60765E-01    4.34299E-01    4.43556E-02   -1.65251E-01    4.09371E-02   -1.38072E-01    2.11477E-02   -8.52067E-02    7.30807E-02   -1.14055E-01
     1.01751E+00    5.16828E-01    4.40782E-01    3.79533E-01    3.28625E-01   -2.56772E-01    4.28957E-01    4.28508E-02   -1.60123E-01    3.96770E-02   -1.34390E-01    2.03748E-02   -8.19250E-02    7.20281E-02   -1.13523E-01
     1.02676E+00    5.03165E-01    4.31015E-01    3.82523E-01    3.17982E-01   -2.52829E-01    4.23558E-01    4.13929E-02   -1.55125E-01    3.84507E-02   -1.30769E-01    1.96317E-02   -7.87631E-02    7.09807E-02   -1.12922E-01
     1.03601E+00    4.89864E-01    4.21424E-01    3.85417E-01    3.07654E-01   -2.48937E-01    4.18110E-01    3.99806E-02   -1.50256E-01    3.72576E-02   -1.27209E-01    1.89173E-02   -7.57174E-02    6.99392E-02   -1.12258E-01
     1.04526E+00    4.76916E-01    4.12008E-01    3.88216E-01    2.97635E-01   -2.45095E-01    4.12624E-01    3.86128E-02   -1.45515E-01    3.60971E-02   -1.23714E-01    1.82306E-02   -7.27842E-02    6.89041E-02   -1.11534E-01
     1.05451E+00    4.64312E-01    4.02767E-01    3.90924E-01    2.87919E-01   -2.41303E-01    4.07108E-01    3.72882E-02   -1.40899E-01    3.49687E-02   -1.20283E-01    1.75705E-02   -6.99601E-02    6.78760E-02   -1.10755E-01
     1.06376E+00    4.52045E-01    3.93699E-01    3.93543E-01    2.78497E-01   -2.37563E-01    4.01570E-01    3.60057E-02   -1.36408E-01    3.38717E-02   -1.16918E-01    1.69360E-02   -6.72416E-02    6.68554E-02   -1.09924E-01
     1.07301E+00    4.40105E-01    3.84804E-01    3.96077E-01    2.69365E-01   -2.33874E-01    3.96019E-01    3.47643E-02   -1.32038E-01    3.28055E-02   -1.13620E-01    1.63262E-02   -6.46252E-02    6.58426E-02   -1.09045E-01
     1.08226E+00    4.28485E-01    3.76081E-01    3.98527E-01    2.60515E-01   -2.30237E-01    3.90460E-01    3.35627E-02   -1.27788E-01    3.17695E-02   -1.10389E-01    1.57402E-02   -6.21076E-02    6.48382E-02   -1.08122E-01
     1.09151E+00    4.17177E-01    3.67527E-01    4.00897E-01    2.51939E-01   -2.26651E-01    3.84901E-01    3.23999E-02   -1.23656E-01    3.07631E-02   -1.07226E-01    1.51769E-02   -5.96855E-02    6.38425E-02   -1.07159E-01
     1.10076E+00    4.06172E-01    3.59143E-01    4.03189E-01    2.43632E-01   -2.23116E-01    3.79348E-01    3.12747E-02   -1.19639E-01    2.97856E-02   -1.04131E-01    1.46357E-02   -5.73557E-02    6.28559E-02   -1.06158E-01
     1.11001E+00    3.95463E-01    3.50926E-01    4.05405E-01    2.35587E-01   -2.19633E-01    3.73807E-01    3.01862E-02   -1.15737E-01    2.88364E-02   -1.01104E-01    1.41156E-02   -5.51150E-02    6.18787E-02   -1.05123E-01
     1.11926E+00    3.85042E-01    3.42875E-01    4.07548E-01    2.27796E-01   -2.16201E-01    3.68283E-01    2.91332E-02   -1.11946E-01    2.79150E-02   -9.81456E-02    1.36158E-02   -5.29604E-02    6.09112E-02   -1.04057E-01
     1.12851E+00    3.74902E-01    3.34987E-01    4.09620E-01    2.20254E-01   -2.12820E-01    3.62782E-01    2.81149E-02   -1.08264E-01    2.70205E-02   -9.52548E-02    1.31356E-02   -5.08889E-02    5.99537E-02   -1.02963E-01
     1.13776E+00    3.65036E-01    3.27262E-01    4.11623E-01    2.12953E-01   -2.09489E-01    3.57307E-01    2.71300E-02   -1.04689E-01    2.61525E-02   -9.24317E-02    1.26741E-02   -4.88976E-02    5.90064E-02   -1.01844E-01
     1.14701E+00    3.55436E-01    3.19697E-01    4.13560E-01    2.05886E-01   -2.06209E-01    3.51864E-01    2.61778E-02   -1.01220E-01    2.53103E-02   -8.96760E-02    1.22307E-02   -4.69836E-02    5.80697E-02   -1.00702E-01
     1.15626E+00    3.46095E-01    3.12289E-01    4.15433E-01    1.99048E-01   -2.02980E-01    3.46456E-01    2.52572E-02   -9.78526E-02    2.44933E-02   -8.69871E-02    1.18047E-02   -4.51441E-02    5.71435E-02   -9.95398E-02
     1.16551E+00    3.37007E-01    3.05038E-01    4.17243E-01    1.92432E-01   -1.99800E-01    3.41087E-01    2.43672E-02   -9.45859E-02    2.37009E-02   -8.43646E-02    1.13953E-02   -4.33765E-02    5.62282E-02   -9.83598E-02
     1.17476E+00    3.28164E-01    2.97940E-01    4.18994E-01    1.86032E-01   -1.96669E-01    3.35760E-01    2.35070E-02   -9.14173E-02    2.29324E-02   -8.18077E-02    1.10020E-02   -4.16782E-02    5.53239E-02   -9.71642E-02
     1.18401E+00    3.19561E-01    2.90994E-01    4.20686E-01    1.79841E-01   -1.93588E-01    3.30478E-01    2.26757E-02   -8.83445E-02    2.21872E-02   -7.93158E-02    1.06241E-02   -4.00467E-02    5.44307E-02   -9.59551E-02
     1.19326E+00    3.11191E-01    2.84198E-01    4.22321E-01    1.73853E-01   -1.90555E-01    3.25244E-01    2.18724E-02   -8.53653E-02    2.14649E-02   -7.68881E-02    1.02610E-02   -3.84794E-02    5.35488E-02   -9.47347E-02
     1.20251E+00    3.03047E-01    2.77549E-01    4.23903E-01    1.68062E-01   -1.87571E-01    3.20060E-01    2.10962E-02   -8.24774E-02    2.07646E-02   -7.45237E-02    9.91203E-03   -3.69740E-02    5.26782E-02   -9.35048E-02
     1.21176E+00    2.95124E-01    2.71044E-01    4.25431E-01    1.62463E-01   -1.84634E-01    3.14930E-01    2.03463E-02   -7.96787E-02    2.00860E-02   -7.22217E-02    9.57675E-03   -3.55281E-02    5.18190E-02   -9.22673E-02
     1.22101E+00    2.87415E-01    2.64682E-01    4.26909E-01    1.57050E-01   -1.81745E-01    3.09854E-01    1.96218E-02   -7.69668E-02    1.94283E-02   -6.99813E-02    9.25458E-03   -3.41397E-02    5.09713E-02   -9.10238E-02
     1.23026E+00    2.79915E-01    2.58460E-01    4.28337E-01    1.51816E-01   -1.78902E-01    3.04834E-01    1.89221E-02   -7.43397E-02    1.87911E-02   -6.78015E-02    8.94500E-03   -3.28064E-02    5.01351E-02   -8.97759E-02
     1.23951E+00    2.72619E-01    2.52376E-01    4.29718E-01    1.46757E-01   -1.76105E-01    2.99873E-01    1.82463E-02   -7.17951E-02    1.81738E-02   -6.56812E-02    8.64750E-03   -3.15262E-02    4.93104E-02   -8.85252E-02
     1.24876E+00    2.65519E-01    2.46427E-01    4.31053E-01    1.41867E-01   -1.73354E-01    2.94972E-01    1.75937E-02   -6.93309E-02    1.75759E-02   -6.36193E-02    8.36161E-03   -3.02970E-02    4.84974E-02   -8.72732E-02
     1.25801E+00    2.58612E-01    2.40612E-01    4.32343E-01    1.37140E-01   -1.70648E-01    2.90131E-01    1.69634E-02   -6.69450E-02    1.69967E-02   -6.16149E-02    8.08686E-03   -2.91170E-02    4.76959E-02   -8.60210E-02
     1.26726E+00    2.51892E-01    2.34927E-01    4.33590E-01    1.32572E-01   -1.67986E-01    2.85352E-01    1.63549E-02   -6.46353E-02    1.64358E-02   -5.96668E-02    7.82280E-03   -2.79841E-02    4.69060E-02   -8.47701E-02
     1.27651E+00    2.45354E-01    2.29370E-01    4.34796E-01    1.28158E-01   -1.65369E-01    2.80636E-01    1.57675E-02   -6.23997E-02    1.58927E-02   -5.77740E-02    7.56901E-03   -2.68967E-02    4.61276E-02   -8.35215E-02
     1.28576E+00    2.38992E-01    2.23939E-01    4.35962E-01    1.23893E-01   -1.62794E-01    2.75984E-01    1.52003E-02   -6.02362E-02    1.53668E-02   -5.59352E-02    7.32508E-03   -2.58528E-02    4.53608E-02   -8.22763E-02
     1.29501E+00    2.32802E-01    2.18632E-01    4.37088E-01    1.19771E-01   -1.60263E-01    2.71396E-01    1.46529E-02   -5.81428E-02    1.48577E-02   -5.41495E-02    7.09061E-03   -2.48509E-02    4.46055E-02   -8.10357E-02
     1.30426E+00    2.26780E-01    2.13446E-01    4.38178E-01    1.15788E-01   -1.57773E-01    2.66873E-01    1.41245E-02   -5.61175E-02    1.43649E-02   -5.24155E-02    6.86521E-03   -2.38893E-02    4.38616E-02   -7.98005E-02
     1.31351E+00    2.20920E-01    2.08379E-01    4.39231E-01    1.11940E-01   -1.55325E-01    2.62415E-01    1.36145E-02   -5.41584E-02    1.38879E-02   -5.07323E-02    6.64854E-03   -2.29663E-02    4.31292E-02   -7.85716E-02
     1.32276E+00    2.15218E-01    2.03428E-01    4.40249E-01    1.08223E-01   -1.52918E-01    2.58022E-01    1.31224E-02   -5.22637E-02    1.34262E-02   -4.90987E-02    6.44022E-03   -2.20805E-02    4.24080E-02   -7.73499E-02
     1.33201E+00    2.09670E-01    1.98591E-01    4.41233E-01    1.04631E-01   -1.50552E-01    2.53695E-01    1.26474E-02   -5.04314E-02    1.29794E-02   -4.75134E-02    6.23994E-03   -2.12305E-02    4.16982E-02   -7.61361E-02
     1.34126E+00    2.04271E-01    1.93866E-01    4.42185E-01    1.01162E-01   -1.48225E-01    2.49434E-01    1.21892E-02   -4.86597E-02    1.25471E-02   -4.59755E-02    6.04736E-03   -2.04147E-02    4.09995E-02   -7.49309E-02
     1.35051E+00    1.99018E-01    1.89251E-01    4.43105E-01    9.78102E-02   -1.45937E-01    2.45238E-01    1.17471E-02   -4.69469E-02    1.21287E-02   -4.44837E-02    5.86217E-03   -1.96318E-02    4.03119E-02   -7.37349E-02
     1.35976E+00    1.93906E-01    1.84743E-01    4.43995E-01    9.45724E-02   -1.43688E-01    2.41108E-01    1.13205E-02   -4.52912E-02    1.17240E-02   -4.30369E-02    5.68407E-03   -1.88805E-02    3.96354E-02   -7.25488E-02
     1.36901E+00    1.88931E-01    1.80341E-01    4.44855E-01    9.14447E-02   -1.41476E-01    2.37043E-01    1.09090E-02   -4.36910E-02    1.13324E-02   -4.16340E-02    5.51278E-03   -1.81595E-02    3.89698E-02   -7.13732E-02
     1.37826E+00    1.84090E-01    1.76041E-01    4.45687E-01    8.84235E-02   -1.39302E-01    2.33043E-01    1.05121E-02   -4.21444E-02    1.09536E-02   -4.02740E-02    5.34803E-03   -1.74677E-02    3.83149E-02   -7.02084E-02
     1.38751E+00    1.79379E-01    1.71842E-01    4.46491E-01    8.55051E-02   -1.37165E-01    2.29108E-01    1.01292E-02   -4.06500E-02    1.05872E-02   -3.89556E-02    5.18955E-03   -1.68038E-02    3.76709E-02   -6.90550E-02
     1.39676E+00    1.74794E-01    1.67742E-01    4.47269E-01    8.26862E-02   -1.35064E-01    2.25238E-01    9.75988E-03   -3.92061E-02    1.02328E-02   -3.76779E-02    5.03708E-03   -1.61667E-02    3.70374E-02   -6.79134E-02
     1.40601E+00    1.70332E-01    1.63738E-01    4.48021E-01    7.99632E-02   -1.32998E-01    2.21431E-01    9.40371E-03   -3.78112E-02    9.89006E-03   -3.64397E-02    4.89038E-03   -1.55554E-02    3.64144E-02   -6.67840E-02
     1.41526E+00    1.65989E-01    1.59828E-01    4.48749E-01    7.73331E-02   -1.30967E-01    2.17688E-01    9.06023E-03   -3.64637E-02    9.55857E-03   -3.52401E-02    4.74923E-03   -1.49688E-02    3.58019E-02   -6.56670E-02
     1.42451E+00    1.61762E-01    1.56011E-01    4.49452E-01    7.47926E-02   -1.28970E-01    2.14008E-01    8.72899E-03   -3.51622E-02    9.23800E-03   -3.40779E-02    4.61339E-03   -1.44058E-02    3.51996E-02   -6.45628E-02
     1.43376E+00    1.57648E-01    1.52285E-01    4.50133E-01    7.23386E-02   -1.27008E-01    2.10391E-01    8.40959E-03   -3.39052E-02    8.92802E-03   -3.29522E-02    4.48265E-03   -1.38656E-02    3.46074E-02   -6.34717E-02
     1.44301E+00    1.53644E-01    1.48646E-01    4.50791E-01    6.99683E-02   -1.25078E-01    2.06836E-01    8.10161E-03   -3.26913E-02    8.62828E-03   -3.18619E-02    4.35681E-03   -1.33472E-02    3.40253E-02   -6.23939E-02
     1.45226E+00    1.49746E-01    1.45094E-01    4.51427E-01    6.76787E-02   -1.23181E-01    2.03341E-01    7.80467E-03   -3.15193E-02    8.33847E-03   -3.08060E-02    4.23566E-03   -1.28498E-02    3.34531E-02   -6.13295E-02
     1.46151E+00    1.45952E-01    1.41627E-01    4.52043E-01    6.54671E-02   -1.21316E-01    1.99908E-01    7.51839E-03   -3.03876E-02    8.05827E-03   -2.97837E-02    4.11903E-03   -1.23724E-02    3.28907E-02   -6.02789E-02
     1.47076E+00    1.42259E-01    1.38242E-01    4.52639E-01    6.33309E-02   -1.19483E-01    1.96534E-01    7.24238E-03   -2.92951E-02    7.78737E-03   -2.87939E-02    4.00672E-03   -1.19142E-02    3.23379E-02   -5.92420E-02
     1.48001E+00    1.38664E-01    1.34938E-01    4.53215E-01    6.12673E-02   -1.17680E-01    1.93219E-01    6.97631E-03   -2.82404E-02    7.52548E-03   -2.78357E-02    3.89856E-03   -1.14745E-02    3.17946E-02   -5.82191E-02
     1.48926E+00    1.35164E-01    1.31712E-01    4.53772E-01    5.92739E-02   -1.15908E-01    1.89963E-01    6.71982E-03   -2.72224E-02    7.27232E-03   -2.69083E-02    3.79438E-03   -1.10525E-02    3.12608E-02   -5.72102E-02
     1.49851E+00    1.31757E-01    1.28564E-01    4.54312E-01    5.73484E-02   -1.14166E-01    1.86765E-01    6.47259E-03   -2.62399E-02    7.02759E-03   -2.60106E-02    3.69403E-03   -1.06475E-02    3.07362E-02   -5.62154E-02
     1.50776E+00    1.28440E-01    1.25491E-01    4.54833E-01    5.54882E-02   -1.12453E-01    1.83624E-01    6.23428E-03   -2.52917E-02    6.79103E-03   -2.51419E-02    3.59736E-03   -1.02588E-02    3.02208E-02   -5.52348E-02
     1.51701E+00    1.25211E-01    1.22492E-01    4.55338E-01    5.36913E-02   -1.10768E-01    1.80539E-01    6.00459E-03   -2.43766E-02    6.56238E-03   -2.43013E-02    3.50420E-03   -9.88565E-03    2.97143E-02   -5.42685E-02
     1.52626E+00    1.22067E-01    1.19565E-01    4.55827E-01    5.19554E-02   -1.09112E-01    1.77509E-01    5.78322E-03   -2.34936E-02    6.34138E-03   -2.34879E-02    3.41442E-03   -9.52750E-03    2.92168E-02   -5.33163E-02
     1.53551E+00    1.19005E-01    1.16707E-01    4.56300E-01    5.02783E-02   -1.07484E-01    1.74534E-01    5.56986E-03   -2.26417E-02    6.12777E-03   -2.27009E-02    3.32790E-03   -9.18371E-03    2.87279E-02   -5.23784E-02
     1.54476E+00    1.16025E-01    1.13919E-01    4.56757E-01    4.86581E-02   -1.05883E-01    1.71613E-01    5.36425E-03   -2.18197E-02    5.92133E-03   -2.19397E-02    3.24448E-03   -8.85368E-03    2.82477E-02   -5.14548E-02
     1.55401E+00    1.13122E-01    1.11197E-01    4.57200E-01    4.70927E-02   -1.04309E-01    1.68744E-01    5.16611E-03   -2.10268E-02    5.72181E-03   -2.12032E-02    3.16406E-03   -8.53685E-03    2.77760E-02   -5.05453E-02
     1.56326E+00    1.10296E-01    1.08541E-01    4.57629E-01    4.55803E-02   -1.02761E-01    1.65928E-01    4.97517E-03   -2.02618E-02    5.52900E-03   -2.04909E-02    3.08651E-03   -8.23267E-03    2.73126E-02   -4.96500E-02
     1.57251E+00    1.07544E-01    1.05949E-01    4.58043E-01    4.41190E-02   -1.01239E-01    1.63164E-01    4.79118E-03   -1.95240E-02    5.34266E-03   -1.98020E-02    3.01172E-03   -7.94063E-03    2.68574E-02   -4.87688E-02
     1.58176E+00    1.04864E-01    1.03419E-01    4.58445E-01    4.27071E-02   -9.97428E-02    1.60450E-01    4.61390E-03   -1.88123E-02    5.16259E-03   -1.91357E-02    2.93958E-03   -7.66021E-03    2.64103E-02   -4.79016E-02
     1.59101E+00    1.02254E-01    1.00951E-01    4.58834E-01    4.13428E-02   -9.82710E-02    1.57785E-01    4.44308E-03   -1.81259E-02    4.98858E-03   -1.84913E-02    2.86997E-03   -7.39096E-03    2.59712E-02   -4.70484E-02
     1.60026E+00    9.97117E-02    9.85413E-02    4.59210E-01    4.00244E-02   -9.68236E-02    1.55170E-01    4.27850E-03   -1.74639E-02    4.82044E-03   -1.78683E-02    2.80281E-03   -7.13239E-03    2.55399E-02   -4.62091E-02
     1.60951E+00    9.72361E-02    9.61901E-02    4.59574E-01    3.87505E-02   -9.54002E-02    1.52602E-01    4.11993E-03   -1.68255E-02    4.65796E-03   -1.72658E-02    2.73799E-03   -6.88407E-03    2.51163E-02   -4.53835E-02
     1.61876E+00    9.48249E-02    9.38956E-02    4.59927E-01    3.75193E-02   -9.40003E-02    1.50082E-01    3.96715E-03   -1.62099E-02    4.50096E-03   -1.66833E-02    2.67543E-03   -6.64558E-03    2.47003E-02   -4.45716E-02
     1.62801E+00    9.24765E-02    9.16565E-02    4.60269E-01    3.63295E-02   -9.26235E-02    1.47609E-01    3.81997E-03   -1.56164E-02    4.34926E-03   -1.61202E-02    2.61502E-03   -6.41652E-03    2.42917E-02   -4.37733E-02
     1.63726E+00    9.01890E-02    8.94715E-02    4.60599E-01    3.51797E-02   -9.12694E-02    1.45181E-01    3.67819E-03   -1.50441E-02    4.20268E-03   -1.55758E-02    2.55669E-03   -6.19648E-03    2.38904E-02   -4.29885E-02
     1.64651E+00    8.79609E-02    8.73392E-02    4.60919E-01    3.40683E-02   -8.99375E-02    1.42798E-01    3.54160E-03   -1.44923E-02    4.06105E-03   -1.50495E-02    2.50036E-03   -5.98511E-03    2.34963E-02   -4.22169E-02
     1.65576E+00    8.57904E-02    8.52584E-02    4.61230E-01    3.29941E-02   -8.86275E-02    1.40459E-01    3.41002E-03   -1.39603E-02    3.92421E-03   -1.45407E-02    2.44594E-03   -5.78204E-03    2.31094E-02   -4.14586E-02
     1.66501E+00    8.36762E-02    8.32278E-02    4.61530E-01    3.19558E-02   -8.73389E-02    1.38164E-01    3.28327E-03   -1.34474E-02    3.79200E-03   -1.40490E-02    2.39337E-03   -5.58694E-03    2.27293E-02   -4.07133E-02
     1.67426E+00    8.16165E-02    8.12463E-02    4.61821E-01    3.09521E-02   -8.60714E-02    1.35911E-01    3.16119E-03   -1.29531E-02    3.66426E-03   -1.35737E-02    2.34256E-03   -5.39946E-03    2.23561E-02   -3.99809E-02
     1.68351E+00    7.96100E-02    7.93127E-02    4.62103E-01    2.99818E-02   -8.48244E-02    1.33700E-01    3.04359E-03   -1.24765E-02    3.54084E-03   -1.31143E-02    2.29346E-03   -5.21930E-03    2.19896E-02   -3.92613E-02
     1.69276E+00    7.76551E-02    7.74258E-02    4.62376E-01    2.90439E-02   -8.35978E-02    1.31530E-01    2.93032E-03   -1.20172E-02    3.42159E-03   -1.26703E-02    2.24598E-03   -5.04616E-03    2.16297E-02   -3.85543E-02
     1.70201E+00    7.57506E-02    7.55845E-02    4.62640E-01    2.81371E-02   -8.23910E-02    1.29400E-01    2.82122E-03   -1.15744E-02    3.30639E-03   -1.22412E-02    2.20008E-03   -4.87974E-03    2.12763E-02   -3.78598E-02
     1.71126E+00    7.38950E-02    7.37877E-02    4.62896E-01    2.72603E-02   -8.12038E-02    1.27310E-01    2.71614E-03   -1.11477E-02    3.19509E-03   -1.18266E-02    2.15569E-03   -4.71977E-03    2.09293E-02   -3.71776E-02
     1.72051E+00    7.20870E-02    7.20344E-02    4.63144E-01    2.64126E-02   -8.00357E-02    1.25258E-01    2.61494E-03   -1.07365E-02    3.08756E-03   -1.14259E-02    2.11275E-03   -4.56599E-03    2.05885E-02   -3.65075E-02
     1.72976E+00    7.03253E-02    7.03233E-02    4.63385E-01    2.55929E-02   -7.88864E-02    1.23245E-01    2.51747E-03   -1.03401E-02    2.98367E-03   -1.10387E-02    2.07120E-03   -4.41814E-03    2.02539E-02   -3.58495E-02
     1.73901E+00    6.86087E-02    6.86537E-02    4.63618E-01    2.48003E-02   -7.77555E-02    1.21269E-01    2.42360E-03   -9.95820E-03    2.88330E-03   -1.06645E-02    2.03099E-03   -4.27597E-03    1.99253E-02   -3.52033E-02
     1.74826E+00    6.69360E-02    6.70243E-02    4.63844E-01    2.40338E-02   -7.66428E-02    1.19329E-01    2.33320E-03   -9.59014E-03    2.78634E-03   -1.03030E-02    1.99208E-03   -4.13925E-03    1.96026E-02   -3.45687E-02
     1.75751E+00    6.53060E-02    6.54344E-02    4.64063E-01    2.32925E-02   -7.55478E-02    1.17426E-01    2.24614E-03   -9.23548E-03    2.69266E-03   -9.95372E-03    1.95440E-03   -4.00776E-03    1.92857E-02   -3.39456E-02
     1.76676E+00    6.37175E-02    6.38828E-02    4.64275E-01    2.25755E-02   -7.44703E-02    1.15558E-01    2.16231E-03   -8.89374E-03    2.60216E-03   -9.61623E-03    1.91792E-03   -3.88129E-03    1.89746E-02   -3.33339E-02
     1.77601E+00    6.21695E-02    6.23687E-02    4.64480E-01    2.18821E-02   -7.34099E-02    1.13724E-01    2.08157E-03   -8.56446E-03    2.51472E-03   -9.29016E-03    1.88258E-03   -3.75962E-03    1.86690E-02   -3.27333E-02
     1.78526E+00    6.06608E-02    6.08912E-02    4.64680E-01    2.12114E-02   -7.23663E-02    1.11924E-01    2.00383E-03   -8.24719E-03    2.43025E-03   -8.97513E-03    1.84835E-03   -3.64256E-03    1.83690E-02   -3.21438E-02
     1.79451E+00    5.91904E-02    5.94493E-02    4.64873E-01    2.05625E-02   -7.13392E-02    1.10158E-01    1.92896E-03   -7.94152E-03    2.34865E-03   -8.67077E-03    1.81518E-03   -3.52992E-03    1.80743E-02   -3.15650E-02
     1.80376E+00    5.77573E-02    5.80422E-02    4.65060E-01    1.99349E-02   -7.03283E-02    1.08424E-01    1.85687E-03   -7.64703E-03    2.26981E-03   -8.37674E-03    1.78304E-03   -3.42153E-03    1.77850E-02   -3.09970E-02
     1.81301E+00    5.63605E-02    5.66691E-02    4.65242E-01    1.93277E-02   -6.93333E-02    1.06723E-01    1.78746E-03   -7.36331E-03    2.19365E-03   -8.09268E-03    1.75187E-03   -3.31720E-03    1.75008E-02   -3.04394E-02
     1.82226E+00    5.49990E-02    5.53291E-02    4.65418E-01    1.87402E-02   -6.83538E-02    1.05052E-01    1.72062E-03   -7.08998E-03    2.12007E-03   -7.81827E-03    1.72166E-03   -3.21677E-03    1.72218E-02   -2.98922E-02
     1.83151E+00    5.36719E-02    5.40214E-02    4.65589E-01    1.81717E-02   -6.73897E-02    1.03413E-01    1.65626E-03   -6.82668E-03    2.04898E-03   -7.55318E-03    1.69235E-03   -3.12009E-03    1.69478E-02   -2.93551E-02
     1.84076E+00    5.23782E-02    5.27453E-02    4.65754E-01    1.76217E-02   -6.64406E-02    1.01803E-01    1.59430E-03   -6.57303E-03    1.98031E-03   -7.29710E-03    1.66392E-03   -3.02699E-03    1.66787E-02   -2.88280E-02
     1.85001E+00    5.11172E-02    5.14999E-02    4.65915E-01    1.70894E-02   -6.55063E-02    1.00223E-01    1.53464E-03   -6.32870E-03    1.91396E-03   -7.04973E-03    1.63634E-03   -2.93734E-03    1.64145E-02   -2.83108E-02
     1.85925E+00    4.98879E-02    5.02845E-02    4.66070E-01    1.65744E-02   -6.45864E-02    9.86727E-02    1.47719E-03   -6.09335E-03    1.84986E-03   -6.81078E-03    1.60957E-03   -2.85099E-03    1.61549E-02   -2.78032E-02
     1.86850E+00    4.86894E-02    4.90984E-02    4.66221E-01    1.60759E-02   -6.36807E-02    9.71503E-02    1.42188E-03   -5.86665E-03    1.78794E-03   -6.57996E-03    1.58359E-03   -2.76781E-03    1.59001E-02   -2.73051E-02
     1.87775E+00    4.75211E-02    4.79408E-02    4.66368E-01    1.55934E-02   -6.27890E-02    9.56558E-02    1.36863E-03   -5.64830E-03    1.72811E-03   -6.35700E-03    1.55836E-03   -2.68767E-03    1.56498E-02   -2.68164E-02
     1.88700E+00    4.63820E-02    4.68111E-02    4.66510E-01    1.51264E-02   -6.19110E-02    9.41886E-02    1.31736E-03   -5.43799E-03    1.67031E-03   -6.14163E-03    1.53386E-03   -2.61045E-03    1.54039E-02   -2.63368E-02
     1.89625E+00    4.52714E-02    4.57086E-02    4.66648E-01    1.46743E-02   -6.10465E-02    9.27482E-02    1.26801E-03   -5.23543E-03    1.61447E-03   -5.93361E-03    1.51006E-03   -2.53603E-03    1.51625E-02   -2.58663E-02
     1.90550E+00    4.41886E-02    4.46326E-02    4.66781E-01    1.42367E-02   -6.01951E-02    9.13341E-02    1.22049E-03   -5.04034E-03    1.56052E-03   -5.73267E-03    1.48693E-03   -2.46430E-03    1.49254E-02   -2.54047E-02
     1.91475E+00    4.31328E-02    4.35824E-02    4.66911E-01    1.38130E-02   -5.93567E-02    8.99457E-02    1.17474E-03   -4.85244E-03    1.50839E-03   -5.53858E-03    1.46446E-03   -2.39514E-03    1.46925E-02   -2.49517E-02
     1.92400E+00    4.21034E-02    4.25575E-02    4.67037E-01    1.34029E-02   -5.85310E-02    8.85825E-02    1.13069E-03   -4.67149E-03    1.45803E-03   -5.35112E-03    1.44261E-03   -2.32846E-03    1.44638E-02   -2.45073E-02
     1.93325E+00    4.10996E-02    4.15572E-02    4.67159E-01    1.30057E-02   -5.77179E-02    8.72441E-02    1.08829E-03   -4.49722E-03    1.40938E-03   -5.17004E-03    1.42138E-03   -2.26416E-03    1.42391E-02   -2.40713E-02
     1.94250E+00    4.01208E-02    4.05809E-02    4.67278E-01    1.26211E-02   -5.69170E-02    8.59300E-02    1.04748E-03   -4.32940E-03    1.36237E-03   -4.99515E-03    1.40072E-03   -2.20213E-03    1.40184E-02   -2.36435E-02
     1.95175E+00    3.91663E-02    3.96280E-02    4.67393E-01    1.22487E-02   -5.61281E-02    8.46396E-02    1.00818E-03   -4.16778E-03    1.31695E-03   -4.82622E-03    1.38063E-03   -2.14229E-03    1.38017E-02   -2.32239E-02
     1.96100E+00    3.82354E-02    3.86980E-02    4.67504E-01    1.18881E-02   -5.53511E-02    8.33725E-02    9.70354E-04   -4.01215E-03    1.27306E-03   -4.66306E-03    1.36108E-03   -2.08456E-03    1.35887E-02   -2.28122E-02
     1.97025E+00    3.73277E-02    3.77903E-02    4.67613E-01    1.15388E-02   -5.45856E-02    8.21282E-02    9.33939E-04   -3.86228E-03    1.23066E-03   -4.50547E-03    1.34206E-03   -2.02884E-03    1.33796E-02   -2.24082E-02
     1.97950E+00    3.64424E-02    3.69043E-02    4.67718E-01    1.12004E-02   -5.38316E-02    8.09063E-02    8.98885E-04   -3.71796E-03    1.18970E-03   -4.35325E-03    1.32354E-03   -1.97505E-03    1.31742E-02   -2.20120E-02
     1.98875E+00    3.55791E-02    3.60396E-02    4.67820E-01    1.08727E-02   -5.30888E-02    7.97064E-02    8.65141E-04   -3.57899E-03    1.15011E-03   -4.20624E-03    1.30551E-03   -1.92313E-03    1.29724E-02   -2.16233E-02
     1.99800E+00    3.47370E-02    3.51955E-02    4.67919E-01    1.05553E-02   -5.23570E-02    7.85280E-02    8.32658E-04   -3.44518E-03    1.11187E-03   -4.06424E-03    1.28796E-03   -1.87299E-03    1.27741E-02   -2.12419E-02
     2.00725E+00    3.39157E-02    3.43716E-02    4.68015E-01    1.02477E-02   -5.16360E-02    7.73706E-02    8.01390E-04   -3.31634E-03    1.07491E-03   -3.92709E-03    1.27086E-03   -1.82457E-03    1.25794E-02   -2.08678E-02
     2.01650E+00    3.31147E-02    3.35674E-02    4.68108E-01    9.94979E-03   -5.09256E-02    7.62340E-02    7.71291E-04   -3.19227E-03    1.03920E-03   -3.79462E-03    1.25420E-03   -1.77779E-03    1.23880E-02   -2.05008E-02
     2.02575E+00    3.23334E-02    3.27825E-02    4.68199E-01    9.66110E-03   -5.02256E-02    7.51176E-02    7.42318E-04   -3.07282E-03    1.00470E-03   -3.66667E-03    1.23797E-03   -1.73259E-03    1.22001E-02   -2.01407E-02
     2.03500E+00    3.15713E-02    3.20163E-02    4.68287E-01    9.38137E-03   -4.95358E-02    7.40210E-02    7.14430E-04   -2.95781E-03    9.71354E-04   -3.54309E-03    1.22214E-03   -1.68892E-03    1.20154E-02   -1.97875E-02
     2.04425E+00    3.08279E-02    3.12684E-02    4.68373E-01    9.11031E-03   -4.88561E-02    7.29440E-02    6.87586E-04   -2.84707E-03    9.39136E-04   -3.42373E-03    1.20672E-03   -1.64670E-03    1.18340E-02   -1.94410E-02
     2.05350E+00    3.01027E-02    3.05383E-02    4.68456E-01    8.84762E-03   -4.81863E-02    7.18860E-02    6.61747E-04   -2.74045E-03    9.08003E-04   -3.30844E-03    1.19167E-03   -1.60589E-03    1.16557E-02   -1.91011E-02
     2.06275E+00    2.93954E-02    2.98256E-02    4.68536E-01    8.59303E-03   -4.75262E-02    7.08467E-02    6.36875E-04   -2.63781E-03    8.77918E-04   -3.19709E-03    1.17700E-03   -1.56643E-03    1.14806E-02   -1.87676E-02
     2.07200E+00    2.87053E-02    2.91299E-02    4.68615E-01    8.34627E-03   -4.68756E-02    6.98258E-02    6.12936E-04   -2.53898E-03    8.48845E-04   -3.08953E-03    1.16269E-03   -1.52826E-03    1.13085E-02   -1.84405E-02
     2.08125E+00    2.80321E-02    2.84508E-02    4.68691E-01    8.10709E-03   -4.62344E-02    6.88229E-02    5.89893E-04   -2.44383E-03    8.20750E-04   -2.98565E-03    1.14873E-03   -1.49134E-03    1.11394E-02   -1.81195E-02
     2.09050E+00    2.73754E-02    2.77878E-02    4.68765E-01    7.87523E-03   -4.56023E-02    6.78375E-02    5.67714E-04   -2.35223E-03    7.93600E-04   -2.88531E-03    1.13510E-03   -1.45561E-03    1.09733E-02   -1.78047E-02
     2.09975E+00    2.67346E-02    2.71406E-02    4.68837E-01    7.65046E-03   -4.49793E-02    6.68695E-02    5.46366E-04   -2.26404E-03    7.67362E-04   -2.78839E-03    1.12179E-03   -1.42103E-03    1.08100E-02   -1.74958E-02
     2.10900E+00    2.61095E-02    2.65088E-02    4.68906E-01    7.43255E-03   -4.43652E-02    6.59184E-02    5.25819E-04   -2.17914E-03    7.42005E-04   -2.69477E-03    1.10881E-03   -1.38756E-03    1.06496E-02   -1.71927E-02
     2.11825E+00    2.54996E-02    2.58920E-02    4.68974E-01    7.22126E-03   -4.37598E-02    6.49840E-02    5.06043E-04   -2.09741E-03    7.17499E-04   -2.60435E-03    1.09612E-03   -1.35515E-03    1.04919E-02   -1.68954E-02
     2.12750E+00    2.49046E-02    2.52899E-02    4.69040E-01    7.01640E-03   -4.31629E-02    6.40658E-02    4.87008E-04   -2.01873E-03    6.93815E-04   -2.51701E-03    1.08373E-03   -1.32377E-03    1.03370E-02   -1.66037E-02
     2.13675E+00    2.43240E-02    2.47020E-02    4.69104E-01    6.81773E-03   -4.25745E-02    6.31636E-02    4.68687E-04   -1.94298E-03    6.70925E-04   -2.43264E-03    1.07163E-03   -1.29336E-03    1.01848E-02   -1.63176E-02
     2.14600E+00    2.37575E-02    2.41281E-02    4.69166E-01    6.62508E-03   -4.19944E-02    6.22771E-02    4.51054E-04   -1.87006E-03    6.48802E-04   -2.35115E-03    1.05980E-03   -1.26390E-03    1.00351E-02   -1.60368E-02
     2.15525E+00    2.32047E-02    2.35678E-02    4.69227E-01    6.43823E-03   -4.14223E-02    6.14059E-02    4.34083E-04   -1.79987E-03    6.27420E-04   -2.27244E-03    1.04824E-03   -1.23536E-03    9.88807E-03   -1.57613E-02
     2.16450E+00    2.26654E-02    2.30207E-02    4.69285E-01    6.25701E-03   -4.08583E-02    6.05498E-02    4.17749E-04   -1.73230E-03    6.06754E-04   -2.19640E-03    1.03695E-03   -1.20768E-03    9.74353E-03   -1.54911E-02
     2.17375E+00    2.21391E-02    2.24866E-02    4.69342E-01    6.08123E-03   -4.03021E-02    5.97084E-02    4.02028E-04   -1.66725E-03    5.86779E-04   -2.12295E-03    1.02590E-03   -1.18085E-03    9.60147E-03   -1.52259E-02
     2.18300E+00    2.16255E-02    2.19651E-02    4.69398E-01    5.91071E-03   -3.97537E-02    5.88816E-02    3.86897E-04   -1.60464E-03    5.67472E-04   -2.05200E-03    1.01510E-03   -1.15483E-03    9.46184E-03   -1.49657E-02
     2.19225E+00    2.11243E-02    2.14560E-02    4.69452E-01    5.74530E-03   -3.92128E-02    5.80689E-02    3.72335E-04   -1.54437E-03    5.48810E-04   -1.98346E-03    1.00453E-03   -1.12959E-03    9.32459E-03   -1.47104E-02
     2.20150E+00    2.06352E-02    2.09589E-02    4.69504E-01    5.58481E-03   -3.86794E-02    5.72702E-02    3.58319E-04   -1.48635E-03    5.30771E-04   -1.91726E-03    9.94197E-04   -1.10510E-03    9.18968E-03   -1.44599E-02
     2.21075E+00    2.01579E-02    2.04735E-02    4.69555E-01    5.42910E-03   -3.81532E-02    5.64851E-02    3.44831E-04   -1.43050E-03    5.13334E-04   -1.85330E-03    9.84086E-04   -1.08133E-03    9.05707E-03   -1.42141E-02
     2.22000E+00    1.96921E-02    1.99995E-02    4.69605E-01    5.27802E-03   -3.76343E-02    5.57134E-02    3.31849E-04   -1.37675E-03    4.96478E-04   -1.79152E-03    9.74191E-04   -1.05826E-03    8.92671E-03   -1.39729E-02
     2.22925E+00    1.92375E-02    1.95368E-02    4.69653E-01    5.13141E-03   -3.71225E-02    5.49549E-02    3.19355E-04   -1.32500E-03    4.80184E-04   -1.73183E-03    9.64506E-04   -1.03585E-03    8.79856E-03   -1.37362E-02
     2.23850E+00    1.87938E-02    1.90849E-02    4.69699E-01    4.98913E-03   -3.66176E-02    5.42093E-02    3.07330E-04   -1.27520E-03    4.64433E-04   -1.67417E-03    9.55025E-04   -1.01409E-03    8.67257E-03   -1.35039E-02
     2.24775E+00    1.83608E-02    1.86437E-02    4.69745E-01    4.85105E-03   -3.61196E-02    5.34763E-02    2.95758E-04   -1.22726E-03    4.49206E-04   -1.61846E-03    9.45743E-04   -9.92953E-04    8.54872E-03   -1.32760E-02
     2.25700E+00    1.79382E-02    1.82128E-02    4.69789E-01    4.71703E-03   -3.56283E-02    5.27557E-02    2.84620E-04   -1.18112E-03    4.34486E-04   -1.56465E-03    9.36654E-04   -9.72412E-04    8.42696E-03   -1.30523E-02
     2.26625E+00    1.75258E-02    1.77921E-02    4.69832E-01    4.58695E-03   -3.51436E-02    5.20473E-02    2.73902E-04   -1.13670E-03    4.20255E-04   -1.51266E-03    9.27752E-04   -9.52448E-04    8.30724E-03   -1.28328E-02
     2.27550E+00    1.71232E-02    1.73813E-02    4.69874E-01    4.46068E-03   -3.46654E-02    5.13508E-02    2.63586E-04   -1.09395E-03    4.06496E-04   -1.46243E-03    9.19032E-04   -9.33038E-04    8.18954E-03   -1.26173E-02
     2.28475E+00    1.67302E-02    1.69801E-02    4.69915E-01    4.33809E-03   -3.41936E-02    5.06660E-02    2.53659E-04   -1.05280E-03    3.93195E-04   -1.41390E-03    9.10489E-04   -9.14164E-04    8.07381E-03   -1.24059E-02
     2.29400E+00    1.63467E-02    1.65883E-02    4.69954E-01    4.21909E-03   -3.37280E-02    4.99927E-02    2.44105E-04   -1.01320E-03    3.80334E-04   -1.36701E-03    9.02118E-04   -8.95806E-04    7.96002E-03   -1.21984E-02
     2.30325E+00    1.59723E-02    1.62057E-02    4.69993E-01    4.10354E-03   -3.32687E-02    4.93307E-02    2.34910E-04   -9.75080E-04    3.67900E-04   -1.32171E-03    8.93915E-04   -8.77944E-04    7.84813E-03   -1.19947E-02
     2.31250E+00    1.56068E-02    1.58321E-02    4.70030E-01    3.99135E-03   -3.28154E-02    4.86798E-02    2.26061E-04   -9.38392E-04    3.55878E-04   -1.27794E-03    8.85875E-04   -8.60562E-04    7.73810E-03   -1.17948E-02
     2.32175E+00    1.52501E-02    1.54672E-02    4.70067E-01    3.88240E-03   -3.23681E-02    4.80397E-02    2.17546E-04   -9.03080E-04    3.44254E-04   -1.23565E-03    8.77993E-04   -8.43642E-04    7.62991E-03   -1.15986E-02
     2.33100E+00    1.49019E-02    1.51109E-02    4.70102E-01    3.77661E-03   -3.19266E-02    4.74103E-02    2.09350E-04   -8.69093E-04    3.33014E-04   -1.19479E-03    8.70266E-04   -8.27167E-04    7.52352E-03   -1.14060E-02
     2.34025E+00    1.45620E-02    1.47629E-02    4.70137E-01    3.67386E-03   -3.14909E-02    4.67913E-02    2.01464E-04   -8.36382E-04    3.22146E-04   -1.15531E-03    8.62690E-04   -8.11123E-04    7.41889E-03   -1.12169E-02
     2.34950E+00    1.42301E-02    1.44230E-02    4.70170E-01    3.57407E-03   -3.10609E-02    4.61825E-02    1.93874E-04   -8.04899E-04    3.11637E-04   -1.11716E-03    8.55259E-04   -7.95493E-04    7.31600E-03   -1.10313E-02
     2.35875E+00    1.39062E-02    1.40910E-02    4.70203E-01    3.47715E-03   -3.06365E-02    4.55839E-02    1.86569E-04   -7.74599E-04    3.01474E-04   -1.08029E-03    8.47972E-04   -7.80263E-04    7.21480E-03   -1.08491E-02
     2.36800E+00    1.35900E-02    1.37668E-02    4.70234E-01    3.38300E-03   -3.02176E-02    4.49951E-02    1.79540E-04   -7.45436E-04    2.91647E-04   -1.04467E-03    8.40823E-04   -7.65419E-04    7.11528E-03   -1.06702E-02
     2.37725E+00    1.32812E-02    1.34501E-02    4.70265E-01    3.29153E-03   -2.98041E-02    4.44160E-02    1.72775E-04   -7.17369E-04    2.82144E-04   -1.01025E-03    8.33810E-04   -7.50948E-04    7.01739E-03   -1.04946E-02
     2.38650E+00    1.29799E-02    1.31408E-02    4.70295E-01    3.20268E-03   -2.93959E-02    4.38464E-02    1.66265E-04   -6.90356E-04    2.72954E-04   -9.76985E-04    8.26930E-04   -7.36837E-04    6.92112E-03   -1.03222E-02
     2.39575E+00    1.26856E-02    1.28388E-02    4.70325E-01    3.11635E-03   -2.89929E-02    4.32862E-02    1.60001E-04   -6.64358E-04    2.64067E-04   -9.44840E-04    8.20178E-04   -7.23073E-04    6.82642E-03   -1.01530E-02
     2.40500E+00    1.23984E-02    1.25437E-02    4.70353E-01    3.03247E-03   -2.85951E-02    4.27351E-02    1.53972E-04   -6.39337E-04    2.55472E-04   -9.13775E-04    8.13552E-04   -7.09644E-04    6.73328E-03   -9.98680E-03
     2.41425E+00    1.21179E-02    1.22555E-02    4.70381E-01    2.95097E-03   -2.82023E-02    4.21930E-02    1.48170E-04   -6.15257E-04    2.47159E-04   -8.83753E-04    8.07049E-04   -6.96540E-04    6.64166E-03   -9.82362E-03
     2.42350E+00    1.18441E-02    1.19740E-02    4.70408E-01    2.87177E-03   -2.78145E-02    4.16598E-02    1.42587E-04   -5.92082E-04    2.39119E-04   -8.54740E-04    8.00665E-04   -6.83748E-04    6.55153E-03   -9.66339E-03
     2.43275E+00    1.15768E-02    1.16990E-02    4.70434E-01    2.79480E-03   -2.74316E-02    4.11353E-02    1.37214E-04   -5.69778E-04    2.31343E-04   -8.26699E-04    7.94398E-04   -6.71259E-04    6.46288E-03   -9.50606E-03
     2.44200E+00    1.13157E-02    1.14303E-02    4.70459E-01    2.71999E-03   -2.70535E-02    4.06192E-02    1.32043E-04   -5.48313E-04    2.23822E-04   -7.99599E-04    7.88246E-04   -6.59062E-04    6.37566E-03   -9.35156E-03
     2.45125E+00    1.10609E-02    1.11679E-02    4.70484E-01    2.64729E-03   -2.66801E-02    4.01115E-02    1.27068E-04   -5.27654E-04    2.16548E-04   -7.73406E-04    7.82205E-04   -6.47148E-04    6.28987E-03   -9.19984E-03
     2.46050E+00    1.08121E-02    1.09116E-02    4.70508E-01    2.57662E-03   -2.63114E-02    3.96121E-02    1.22279E-04   -5.07773E-04    2.09512E-04   -7.48090E-04    7.76273E-04   -6.35506E-04    6.20546E-03   -9.05083E-03
     2.46975E+00    1.05691E-02    1.06612E-02    4.70532E-01    2.50792E-03   -2.59472E-02    3.91207E-02    1.17672E-04   -4.88640E-04    2.02706E-04   -7.23621E-04    7.70447E-04   -6.24129E-04    6.12242E-03   -8.90450E-03
     2.47900E+00    1.03319E-02    1.04166E-02    4.70555E-01    2.44113E-03   -2.55876E-02    3.86372E-02    1.13237E-04   -4.70226E-04    1.96122E-04   -6.99970E-04    7.64726E-04   -6.13006E-04    6.04072E-03   -8.76078E-03
     2.48825E+00    1.01003E-02    1.01776E-02    4.70577E-01    2.37621E-03   -2.52324E-02    3.81615E-02    1.08970E-04   -4.52506E-04    1.89754E-04   -6.77109E-04    7.59106E-04   -6.02131E-04    5.96034E-03   -8.61961E-03
     2.49750E+00    9.87417E-03    9.94414E-03    4.70599E-01    2.31308E-03   -2.48816E-02    3.76934E-02    1.04864E-04   -4.35452E-04    1.83593E-04   -6.55011E-04    7.53585E-04   -5.91495E-04    5.88125E-03   -8.48096E-03
     2.50675E+00    9.65335E-03    9.71605E-03    4.70620E-01    2.25170E-03   -2.45351E-02    3.72328E-02    1.00912E-04   -4.19039E-04    1.77634E-04   -6.33650E-04    7.48162E-04   -5.81090E-04    5.80343E-03   -8.34476E-03
     2.51600E+00    9.43774E-03    9.49322E-03    4.70640E-01    2.19202E-03   -2.41928E-02    3.67796E-02    9.71099E-05   -4.03245E-04    1.71869E-04   -6.13000E-04    7.42835E-04   -5.70908E-04    5.72686E-03   -8.21098E-03
     2.52525E+00    9.22720E-03    9.27550E-03    4.70660E-01    2.13397E-03   -2.38546E-02    3.63336E-02    9.34507E-05   -3.88044E-04    1.66291E-04   -5.93039E-04    7.37600E-04   -5.60944E-04    5.65152E-03   -8.07955E-03
     2.53450E+00    9.02161E-03    9.06279E-03    4.70680E-01    2.07753E-03   -2.35206E-02    3.58948E-02    8.99293E-05   -3.73416E-04    1.60895E-04   -5.73742E-04    7.32457E-04   -5.51189E-04    5.57738E-03   -7.95044E-03
     2.54375E+00    8.82087E-03    8.85497E-03    4.70699E-01    2.02263E-03   -2.31906E-02    3.54629E-02    8.65408E-05   -3.59339E-04    1.55675E-04   -5.55086E-04    7.27402E-04   -5.41636E-04    5.50443E-03   -7.82359E-03
     2.55300E+00    8.62484E-03    8.65190E-03    4.70717E-01    1.96924E-03   -2.28645E-02    3.50378E-02    8.32800E-05   -3.45791E-04    1.50624E-04   -5.37050E-04    7.22436E-04   -5.32281E-04    5.43264E-03   -7.69897E-03
     2.56225E+00    8.43343E-03    8.45349E-03    4.70735E-01    1.91730E-03   -2.25423E-02    3.46195E-02    8.01421E-05   -3.32754E-04    1.45738E-04   -5.19613E-04    7.17555E-04   -5.23116E-04    5.36199E-03   -7.57653E-03
     2.57150E+00    8.24652E-03    8.25962E-03    4.70753E-01    1.86678E-03   -2.22240E-02    3.42079E-02    7.71225E-05   -3.20207E-04    1.41010E-04   -5.02755E-04    7.12758E-04   -5.14136E-04    5.29247E-03   -7.45621E-03
     2.58075E+00    8.06400E-03    8.07019E-03    4.70770E-01    1.81763E-03   -2.19095E-02    3.38027E-02    7.42168E-05   -3.08133E-04    1.36435E-04   -4.86455E-04    7.08043E-04   -5.05335E-04    5.22405E-03   -7.33799E-03
     2.59000E+00    7.88577E-03    7.88508E-03    4.70786E-01    1.76981E-03   -2.15986E-02    3.34039E-02    7.14207E-05   -2.96514E-04    1.32009E-04   -4.70695E-04    7.03408E-04   -4.96707E-04    5.15671E-03   -7.22182E-03
     2.59925E+00    7.71173E-03    7.70419E-03    4.70802E-01    1.72329E-03   -2.12915E-02    3.30114E-02    6.87300E-05   -2.85332E-04    1.27726E-04   -4.55456E-04    6.98853E-04   -4.88247E-04    5.09044E-03   -7.10765E-03
     2.60850E+00    7.54178E-03    7.52743E-03    4.70818E-01    1.67802E-03   -2.09879E-02    3.26250E-02    6.61407E-05   -2.74571E-04    1.23581E-04   -4.40722E-04    6.94375E-04   -4.79950E-04    5.02521E-03   -6.99545E-03
     2.61775E+00    7.37582E-03    7.35470E-03    4.70834E-01    1.63398E-03   -2.06879E-02    3.22448E-02    6.36492E-05   -2.64216E-04    1.19571E-04   -4.26474E-04    6.89974E-04   -4.71812E-04    4.96102E-03   -6.88518E-03
     2.62700E+00    7.21376E-03    7.18589E-03    4.70848E-01    1.59111E-03   -2.03914E-02    3.18704E-02    6.12516E-05   -2.54250E-04    1.15690E-04   -4.12696E-04    6.85646E-04   -4.63826E-04    4.89783E-03   -6.77680E-03
     2.63625E+00    7.05550E-03    7.02092E-03    4.70863E-01    1.54940E-03   -2.00983E-02    3.15020E-02    5.89444E-05   -2.44660E-04    1.11935E-04   -3.99373E-04    6.81392E-04   -4.55990E-04    4.83564E-03   -6.67027E-03
     2.64550E+00    6.90096E-03    6.85970E-03    4.70877E-01    1.50880E-03   -1.98086E-02    3.11393E-02    5.67242E-05   -2.35431E-04    1.08300E-04   -3.86489E-04    6.77210E-04   -4.48298E-04    4.77443E-03   -6.56555E-03
     2.65475E+00    6.75005E-03    6.70213E-03    4.70891E-01    1.46928E-03   -1.95222E-02    3.07822E-02    5.45878E-05   -2.26550E-04    1.04783E-04   -3.74029E-04    6.73098E-04   -4.40747E-04    4.71417E-03   -6.46261E-03
     2.66400E+00    6.60268E-03    6.54812E-03    4.70904E-01    1.43082E-03   -1.92391E-02    3.04307E-02    5.25320E-05   -2.18003E-04    1.01380E-04   -3.61979E-04    6.69056E-04   -4.33331E-04    4.65486E-03   -6.36142E-03
     2.67325E+00    6.45878E-03    6.39761E-03    4.70917E-01    1.39338E-03   -1.89592E-02    3.00847E-02    5.05538E-05   -2.09778E-04    9.80854E-05   -3.50325E-04    6.65081E-04   -4.26048E-04    4.59648E-03   -6.26192E-03
     2.68250E+00    6.31825E-03    6.25049E-03    4.70930E-01    1.35693E-03   -1.86825E-02    2.97440E-02    4.86502E-05   -2.01863E-04    9.48973E-05   -3.39053E-04    6.61174E-04   -4.18894E-04    4.53901E-03   -6.16410E-03
     2.69175E+00    6.18103E-03    6.10669E-03    4.70942E-01    1.32145E-03   -1.84089E-02    2.94086E-02    4.68184E-05   -1.94247E-04    9.18118E-05   -3.28152E-04    6.57331E-04   -4.11864E-04    4.48244E-03   -6.06792E-03
     2.70100E+00    6.04703E-03    5.96614E-03    4.70955E-01    1.28690E-03   -1.81384E-02    2.90784E-02    4.50558E-05   -1.86917E-04    8.88254E-05   -3.17608E-04    6.53554E-04   -4.04955E-04    4.42675E-03   -5.97335E-03
     2.71025E+00    5.91618E-03    5.82874E-03    4.70966E-01    1.25326E-03   -1.78710E-02    2.87533E-02    4.33596E-05   -1.79863E-04    8.59350E-05   -3.07409E-04    6.49839E-04   -3.98164E-04    4.37193E-03   -5.88034E-03
     2.71950E+00    5.78841E-03    5.69444E-03    4.70978E-01    1.22050E-03   -1.76065E-02    2.84333E-02    4.17275E-05   -1.73075E-04    8.31374E-05   -2.97544E-04    6.46187E-04   -3.91488E-04    4.31796E-03   -5.78888E-03
     2.72875E+00    5.66364E-03    5.56315E-03    4.70989E-01    1.18861E-03   -1.73449E-02    2.81181E-02    4.01570E-05   -1.66543E-04    8.04295E-05   -2.88001E-04    6.42597E-04   -3.84923E-04    4.26483E-03   -5.69892E-03
     2.73800E+00    5.54180E-03    5.43481E-03    4.71000E-01    1.15755E-03   -1.70863E-02    2.78078E-02    3.86457E-05   -1.60256E-04    7.78084E-05   -2.78770E-04    6.39066E-04   -3.78467E-04    4.21253E-03   -5.61045E-03
     2.74725E+00    5.42284E-03    5.30934E-03    4.71010E-01    1.12729E-03   -1.68305E-02    2.75023E-02    3.71915E-05   -1.54207E-04    7.52713E-05   -2.69841E-04    6.35595E-04   -3.72115E-04    4.16103E-03   -5.52342E-03
     2.75650E+00    5.30667E-03    5.18667E-03    4.71021E-01    1.09783E-03   -1.65775E-02    2.72015E-02    3.57922E-05   -1.48385E-04    7.28155E-05   -2.61202E-04    6.32182E-04   -3.65867E-04    4.11034E-03   -5.43781E-03
     2.76575E+00    5.19324E-03    5.06675E-03    4.71031E-01    1.06913E-03   -1.63272E-02    2.69053E-02    3.44457E-05   -1.42783E-04    7.04382E-05   -2.52845E-04    6.28826E-04   -3.59718E-04    4.06043E-03   -5.35359E-03
     2.77500E+00    5.08249E-03    4.94950E-03    4.71040E-01    1.04117E-03   -1.60797E-02    2.66136E-02    3.31501E-05   -1.37391E-04    6.81370E-05   -2.44760E-04    6.25527E-04   -3.53666E-04    4.01129E-03   -5.27073E-03
     2.78425E+00    4.97434E-03    4.83485E-03    4.71050E-01    1.01394E-03   -1.58349E-02    2.63264E-02    3.19033E-05   -1.32203E-04    6.59094E-05   -2.36938E-04    6.22283E-04   -3.47708E-04    3.96292E-03   -5.18921E-03
     2.79350E+00    4.86875E-03    4.72276E-03    4.71059E-01    9.87412E-04   -1.55927E-02    2.60436E-02    3.07037E-05   -1.27210E-04    6.37529E-05   -2.29370E-04    6.19094E-04   -3.41843E-04    3.91529E-03   -5.10899E-03
     2.80275E+00    4.76565E-03    4.61315E-03    4.71068E-01    9.61564E-04   -1.53531E-02    2.57651E-02    2.95494E-05   -1.22405E-04    6.16653E-05   -2.22048E-04    6.15958E-04   -3.36067E-04    3.86840E-03   -5.03005E-03
     2.81200E+00    4.66499E-03    4.50597E-03    4.71077E-01    9.36379E-04   -1.51160E-02    2.54909E-02    2.84386E-05   -1.17781E-04    5.96443E-05   -2.14963E-04    6.12876E-04   -3.30379E-04    3.82223E-03   -4.95236E-03
     2.82125E+00    4.56671E-03    4.40117E-03    4.71085E-01    9.11840E-04   -1.48815E-02    2.52208E-02    2.73699E-05   -1.13331E-04    5.76878E-05   -2.08108E-04    6.09846E-04   -3.24775E-04    3.77677E-03   -4.87590E-03
     2.83050E+00    4.47076E-03    4.29867E-03    4.71094E-01    8.87927E-04   -1.46494E-02    2.49549E-02    2.63415E-05   -1.09049E-04    5.57936E-05   -2.01475E-04    6.06868E-04   -3.19255E-04    3.73202E-03   -4.80064E-03
     2.83975E+00    4.37708E-03    4.19844E-03    4.71102E-01    8.64625E-04   -1.44198E-02    2.46930E-02    2.53520E-05   -1.04928E-04    5.39598E-05   -1.95056E-04    6.03940E-04   -3.13815E-04    3.68796E-03   -4.72656E-03
     2.84900E+00    4.28563E-03    4.10041E-03    4.71110E-01    8.41914E-04   -1.41926E-02    2.44351E-02    2.43999E-05   -1.00962E-04    5.21844E-05   -1.88845E-04    6.01062E-04   -3.08454E-04    3.64458E-03   -4.65362E-03
     2.85825E+00    4.19635E-03    4.00453E-03    4.71117E-01    8.19780E-04   -1.39677E-02    2.41810E-02    2.34837E-05   -9.71451E-05    5.04656E-05   -1.82834E-04    5.98233E-04   -3.03169E-04    3.60186E-03   -4.58181E-03
     2.86750E+00    4.10919E-03    3.91076E-03    4.71125E-01    7.98206E-04   -1.37452E-02    2.39309E-02    2.26022E-05   -9.34719E-05    4.88014E-05   -1.77018E-04    5.95453E-04   -2.97960E-04    3.55981E-03   -4.51110E-03
     2.87675E+00    4.02410E-03    3.81903E-03    4.71132E-01    7.77176E-04   -1.35250E-02    2.36845E-02    2.17541E-05   -8.99369E-05    4.71902E-05   -1.71389E-04    5.92721E-04   -2.92823E-04    3.51841E-03   -4.44147E-03
     2.88600E+00    3.94105E-03    3.72931E-03    4.71139E-01    7.56676E-04   -1.33070E-02    2.34419E-02    2.09380E-05   -8.65348E-05    4.56302E-05   -1.65941E-04    5.90035E-04   -2.87757E-04    3.47764E-03   -4.37289E-03
     2.89525E+00    3.85998E-03    3.64155E-03    4.71146E-01    7.36692E-04   -1.30913E-02    2.32029E-02    2.01528E-05   -8.32607E-05    4.41197E-05   -1.60669E-04    5.87397E-04   -2.82762E-04    3.43750E-03   -4.30535E-03
     2.90450E+00    3.78085E-03    3.55569E-03    4.71153E-01    7.17208E-04   -1.28778E-02    2.29676E-02    1.93973E-05   -8.01098E-05    4.26573E-05   -1.55566E-04    5.84804E-04   -2.77833E-04    3.39799E-03   -4.23881E-03
     2.91375E+00    3.70361E-03    3.47169E-03    4.71159E-01    6.98211E-04   -1.26664E-02    2.27358E-02    1.86704E-05   -7.70772E-05    4.12413E-05   -1.50627E-04    5.82257E-04   -2.72971E-04    3.35908E-03   -4.17326E-03
     2.92300E+00    3.62823E-03    3.38951E-03    4.71166E-01    6.79687E-04   -1.24571E-02    2.25075E-02    1.79710E-05   -7.41587E-05    3.98702E-05   -1.45847E-04    5.79754E-04   -2.68174E-04    3.32078E-03   -4.10867E-03
     2.93225E+00    3.55466E-03    3.30911E-03    4.71172E-01    6.61625E-04   -1.22500E-02    2.22827E-02    1.72981E-05   -7.13498E-05    3.85426E-05   -1.41220E-04    5.77295E-04   -2.63440E-04    3.28307E-03   -4.04503E-03
     2.94150E+00    3.48286E-03    3.23044E-03    4.71178E-01    6.44011E-04   -1.20449E-02    2.20612E-02    1.66507E-05   -6.86464E-05    3.72572E-05   -1.36741E-04    5.74880E-04   -2.58767E-04    3.24594E-03   -3.98231E-03
     2.95075E+00    3.41280E-03    3.15345E-03    4.71184E-01    6.26832E-04   -1.18419E-02    2.18431E-02    1.60279E-05   -6.60445E-05    3.60125E-05   -1.32406E-04    5.72508E-04   -2.54154E-04    3.20939E-03   -3.92049E-03
     2.96000E+00    3.34443E-03    3.07812E-03    4.71190E-01    6.10077E-04   -1.16408E-02    2.16283E-02    1.54286E-05   -6.35403E-05    3.48073E-05   -1.28210E-04    5.70178E-04   -2.49600E-04    3.17341E-03   -3.85955E-03
     2.96925E+00    3.27772E-03    3.00440E-03    4.71195E-01    5.93735E-04   -1.14417E-02    2.14168E-02    1.48521E-05   -6.11301E-05    3.36402E-05   -1.24148E-04    5.67890E-04   -2.45104E-04    3.13799E-03   -3.79946E-03
     2.97850E+00    3.21263E-03    2.93225E-03    4.71201E-01    5.77795E-04   -1.12446E-02    2.12084E-02    1.42974E-05   -5.88102E-05    3.25101E-05   -1.20216E-04    5.65644E-04   -2.40664E-04    3.10312E-03   -3.74022E-03
     2.98775E+00    3.14913E-03    2.86163E-03    4.71206E-01    5.62244E-04   -1.10494E-02    2.10031E-02    1.37638E-05   -5.65774E-05    3.14158E-05   -1.16410E-04    5.63438E-04   -2.36278E-04    3.06879E-03   -3.68179E-03
     2.99700E+00    3.08717E-03    2.79251E-03    4.71211E-01    5.47073E-04   -1.08560E-02    2.08010E-02    1.32505E-05   -5.44282E-05    3.03562E-05   -1.12725E-04    5.61272E-04   -2.31946E-04    3.03500E-03   -3.62416E-03
     3.00625E+00    3.02674E-03    2.72485E-03    4.71216E-01    5.32272E-04   -1.06645E-02    2.06018E-02    1.27567E-05   -5.23596E-05    2.93301E-05   -1.09158E-04    5.59147E-04   -2.27666E-04    3.00175E-03   -3.56731E-03
     3.01550E+00    2.96779E-03    2.65861E-03    4.71221E-01    5.17830E-04   -1.04749E-02    2.04057E-02    1.22816E-05   -5.03684E-05    2.83364E-05   -1.05705E-04    5.57060E-04   -2.23438E-04    2.96901E-03   -3.51122E-03
     3.02475E+00    2.91030E-03    2.59377E-03    4.71226E-01    5.03738E-04   -1.02870E-02    2.02126E-02    1.18246E-05   -4.84517E-05    2.73742E-05   -1.02362E-04    5.55013E-04   -2.19260E-04    2.93679E-03   -3.45586E-03
     3.03400E+00    2.85422E-03    2.53028E-03    4.71230E-01    4.89986E-04   -1.01009E-02    2.00223E-02    1.13850E-05   -4.66067E-05    2.64424E-05   -9.91251E-05    5.53004E-04   -2.15130E-04    2.90507E-03   -3.40123E-03
     3.04325E+00    2.79954E-03    2.46812E-03    4.71235E-01    4.76565E-04   -9.91660E-03    1.98349E-02    1.09622E-05   -4.48307E-05    2.55401E-05   -9.59918E-05    5.51033E-04   -2.11049E-04    2.87386E-03   -3.34730E-03
     3.05250E+00    2.74622E-03    2.40725E-03    4.71239E-01    4.63467E-04   -9.73398E-03    1.96503E-02    1.05555E-05   -4.31210E-05    2.46662E-05   -9.29584E-05    5.49099E-04   -2.07015E-04    2.84315E-03   -3.29404E-03
     3.06175E+00    2.69423E-03    2.34763E-03    4.71243E-01    4.50682E-04   -9.55306E-03    1.94685E-02    1.01643E-05   -4.14751E-05    2.38200E-05   -9.00216E-05    5.47203E-04   -2.03026E-04    2.81292E-03   -3.24145E-03
     3.07100E+00    2.64355E-03    2.28925E-03    4.71247E-01    4.38202E-04   -9.37381E-03    1.92895E-02    9.78799E-06   -3.98906E-05    2.30006E-05   -8.71783E-05    5.45343E-04   -1.99082E-04    2.78318E-03   -3.18951E-03
     3.08025E+00    2.59414E-03    2.23207E-03    4.71251E-01    4.26019E-04   -9.19620E-03    1.91131E-02    9.42610E-06   -3.83651E-05    2.22070E-05   -8.44257E-05    5.43520E-04   -1.95183E-04    2.75391E-03   -3.13818E-03
     3.08950E+00    2.54599E-03    2.17606E-03    4.71255E-01    4.14125E-04   -9.02021E-03    1.89394E-02    9.07806E-06   -3.68965E-05    2.14384E-05   -8.17607E-05    5.41732E-04   -1.91326E-04    2.72512E-03   -3.08747E-03
     3.09875E+00    2.49905E-03    2.12118E-03    4.71259E-01    4.02512E-04   -8.84581E-03    1.87683E-02    8.74335E-06   -3.54824E-05    2.06941E-05   -7.91807E-05    5.39980E-04   -1.87511E-04    2.69679E-03   -3.03734E-03
     3.10800E+00    2.45332E-03    2.06743E-03    4.71263E-01    3.91172E-04   -8.67299E-03    1.85998E-02    8.42148E-06   -3.41209E-05    1.99733E-05   -7.66829E-05    5.38263E-04   -1.83738E-04    2.66893E-03   -2.98778E-03
     3.11725E+00    2.40876E-03    2.01475E-03    4.71266E-01    3.80099E-04   -8.50171E-03    1.84338E-02    8.11196E-06   -3.28099E-05    1.92753E-05   -7.42646E-05    5.36581E-04   -1.80005E-04    2.64152E-03   -2.93878E-03
     3.12650E+00    2.36535E-03    1.96314E-03    4.71270E-01    3.69285E-04   -8.33196E-03    1.82703E-02    7.81434E-06   -3.15475E-05    1.85992E-05   -7.19235E-05    5.34933E-04   -1.76311E-04    2.61456E-03   -2.89030E-03
     3.13575E+00    2.32307E-03    1.91256E-03    4.71273E-01    3.58723E-04   -8.16370E-03    1.81093E-02    7.52819E-06   -3.03318E-05    1.79444E-05   -6.96571E-05    5.33319E-04   -1.72656E-04    2.58804E-03   -2.84234E-03
     3.14500E+00    2.28189E-03    1.86298E-03    4.71276E-01    3.48407E-04   -7.99693E-03    1.79507E-02    7.25307E-06   -2.91611E-05    1.73103E-05   -6.74631E-05    5.31739E-04   -1.69040E-04    2.56197E-03   -2.79488E-03
     3.15425E+00    2.24179E-03    1.81439E-03    4.71280E-01    3.38329E-04   -7.83161E-03    1.77945E-02    6.98858E-06   -2.80335E-05    1.66962E-05   -6.53392E-05    5.30192E-04   -1.65460E-04    2.53634E-03   -2.74789E-03
     3.16350E+00    2.20275E-03    1.76675E-03    4.71283E-01    3.28484E-04   -7.66772E-03    1.76407E-02    6.73432E-06   -2.69476E-05    1.61013E-05   -6.32831E-05    5.28678E-04   -1.61917E-04    2.51113E-03   -2.70136E-03
     3.17275E+00    2.16474E-03    1.72005E-03    4.71286E-01    3.18865E-04   -7.50525E-03    1.74892E-02    6.48993E-06   -2.59015E-05    1.55252E-05   -6.12929E-05    5.27196E-04   -1.58409E-04    2.48636E-03   -2.65527E-03
     3.18200E+00    2.12776E-03    1.67425E-03    4.71289E-01    3.09467E-04   -7.34416E-03    1.73400E-02    6.25503E-06   -2.48939E-05    1.49672E-05   -5.93665E-05    5.25747E-04   -1.54936E-04    2.46201E-03   -2.60960E-03
     3.19125E+00    2.09177E-03    1.62935E-03    4.71291E-01    3.00282E-04   -7.18445E-03    1.71931E-02    6.02928E-06   -2.39232E-05    1.44268E-05   -5.75019E-05    5.24330E-04   -1.51498E-04    2.43808E-03   -2.56434E-03
     3.20050E+00    2.05675E-03    1.58530E-03    4.71294E-01    2.91306E-04   -7.02609E-03    1.70484E-02    5.81234E-06   -2.29880E-05    1.39033E-05   -5.56973E-05    5.22944E-04   -1.48093E-04    2.41457E-03   -2.51945E-03
     3.20975E+00    2.02270E-03    1.54210E-03    4.71297E-01    2.82533E-04   -6.86905E-03    1.69058E-02    5.60389E-06   -2.20869E-05    1.33962E-05   -5.39508E-05    5.21590E-04   -1.44721E-04    2.39147E-03   -2.47494E-03
     3.21900E+00    1.98958E-03    1.49972E-03    4.71299E-01    2.73957E-04   -6.71332E-03    1.67655E-02    5.40363E-06   -2.12186E-05    1.29050E-05   -5.22606E-05    5.20267E-04   -1.41382E-04    2.36878E-03   -2.43076E-03
     3.22825E+00    1.95738E-03    1.45813E-03    4.71302E-01    2.65574E-04   -6.55888E-03    1.66273E-02    5.21125E-06   -2.03818E-05    1.24292E-05   -5.06251E-05    5.18974E-04   -1.38074E-04    2.34650E-03   -2.38692E-03
     3.23750E+00    1.92609E-03    1.41733E-03    4.71304E-01    2.57377E-04   -6.40571E-03    1.64912E-02    5.02648E-06   -1.95753E-05    1.19683E-05   -4.90426E-05    5.17712E-04   -1.34797E-04    2.32462E-03   -2.34338E-03
     3.24675E+00    1.89569E-03    1.37728E-03    4.71307E-01    2.49362E-04   -6.25379E-03    1.63571E-02    4.84902E-06   -1.87979E-05    1.15217E-05   -4.75116E-05    5.16480E-04   -1.31550E-04    2.30315E-03   -2.30013E-03
     3.25600E+00    1.86615E-03    1.33797E-03    4.71309E-01    2.41525E-04   -6.10310E-03    1.62251E-02    4.67863E-06   -1.80485E-05    1.10892E-05   -4.60305E-05    5.15279E-04   -1.28333E-04    2.28207E-03   -2.25715E-03
     3.26525E+00    1.83746E-03    1.29938E-03    4.71311E-01    2.33859E-04   -5.95362E-03    1.60952E-02    4.51504E-06   -1.73259E-05    1.06700E-05   -4.45979E-05    5.14106E-04   -1.25146E-04    2.26139E-03   -2.21441E-03
     3.27450E+00    1.80962E-03    1.26149E-03    4.71313E-01    2.26361E-04   -5.80534E-03    1.59672E-02    4.35802E-06   -1.66291E-05    1.02640E-05   -4.32123E-05    5.12963E-04   -1.21987E-04    2.24110E-03   -2.17191E-03
     3.28375E+00    1.78259E-03    1.22429E-03    4.71315E-01    2.19026E-04   -5.65822E-03    1.58412E-02    4.20733E-06   -1.59571E-05    9.87047E-06   -4.18724E-05    5.11849E-04   -1.18857E-04    2.22121E-03   -2.12960E-03
     3.29300E+00    1.75637E-03    1.18774E-03    4.71317E-01    2.11850E-04   -5.51227E-03    1.57171E-02    4.06274E-06   -1.53088E-05    9.48918E-06   -4.05769E-05    5.10764E-04   -1.15753E-04    2.20171E-03   -2.08749E-03
     3.30225E+00    1.73095E-03    1.15184E-03    4.71319E-01    2.04827E-04   -5.36745E-03    1.55949E-02    3.92404E-06   -1.46834E-05    9.11967E-06   -3.93245E-05    5.09708E-04   -1.12677E-04    2.18259E-03   -2.04554E-03
     3.31150E+00    1.70630E-03    1.11657E-03    4.71321E-01    1.97955E-04   -5.22376E-03    1.54746E-02    3.79103E-06   -1.40800E-05    8.76155E-06   -3.81140E-05    5.08680E-04   -1.09628E-04    2.16386E-03   -2.00373E-03
     3.32075E+00    1.68241E-03    1.08190E-03    4.71323E-01    1.91228E-04   -5.08117E-03    1.53562E-02    3.66350E-06   -1.34975E-05    8.41443E-06   -3.69443E-05    5.07680E-04   -1.06605E-04    2.14552E-03   -1.96205E-03
     3.33000E+00    1.65928E-03    1.04783E-03    4.71325E-01    1.84643E-04   -4.93966E-03    1.52396E-02    3.54127E-06   -1.29353E-05    8.07796E-06   -3.58142E-05    5.06707E-04   -1.03607E-04    2.12756E-03   -1.92046E-03
     3.33925E+00    1.63688E-03    1.01434E-03    4.71326E-01    1.78196E-04   -4.79923E-03    1.51248E-02    3.42414E-06   -1.23924E-05    7.75175E-06   -3.47226E-05    5.05763E-04   -1.00634E-04    2.10999E-03   -1.87895E-03
     3.34850E+00    1.61521E-03    9.81413E-04    4.71328E-01    1.71883E-04   -4.65985E-03    1.50118E-02    3.31195E-06   -1.18681E-05    7.43548E-06   -3.36685E-05    5.04846E-04   -9.76859E-05    2.09280E-03   -1.83749E-03
     3.35775E+00    1.59425E-03    9.49028E-04    4.71329E-01    1.65701E-04   -4.52151E-03    1.49005E-02    3.20453E-06   -1.13616E-05    7.12878E-06   -3.26508E-05    5.03956E-04   -9.47619E-05    2.07600E-03   -1.79607E-03
     3.36700E+00    1.57399E-03    9.17172E-04    4.71331E-01    1.59644E-04   -4.38419E-03    1.47910E-02    3.10171E-06   -1.08721E-05    6.83133E-06   -3.16688E-05    5.03092E-04   -9.18615E-05    2.05958E-03   -1.75465E-03
     3.37625E+00    1.55442E-03    8.85832E-04    4.71332E-01    1.53711E-04   -4.24787E-03    1.46832E-02    3.00334E-06   -1.03991E-05    6.54280E-06   -3.07213E-05    5.02256E-04   -8.89844E-05    2.04354E-03   -1.71321E-03
     3.38550E+00    1.53553E-03    8.54990E-04    4.71334E-01    1.47897E-04   -4.11254E-03    1.45771E-02    2.90928E-06   -9.94165E-06    6.26288E-06   -2.98077E-05    5.01446E-04   -8.61301E-05    2.02788E-03   -1.67172E-03
     3.39475E+00    1.51731E-03    8.24634E-04    4.71335E-01    1.42199E-04   -3.97819E-03    1.44726E-02    2.81938E-06   -9.49924E-06    5.99126E-06   -2.89269E-05    5.00663E-04   -8.32982E-05    2.01261E-03   -1.63017E-03
     3.40400E+00    1.49974E-03    7.94749E-04    4.71336E-01    1.36614E-04   -3.84479E-03    1.43698E-02    2.73350E-06   -9.07121E-06    5.72763E-06   -2.80782E-05    4.99905E-04   -8.04882E-05    1.99772E-03   -1.58852E-03
     3.41325E+00    1.48281E-03    7.65320E-04    4.71338E-01    1.31138E-04   -3.71234E-03    1.42687E-02    2.65152E-06   -8.65691E-06    5.47172E-06   -2.72609E-05    4.99174E-04   -7.76997E-05    1.98322E-03   -1.54675E-03
     3.42250E+00    1.46653E-03    7.36334E-04    4.71339E-01    1.25769E-04   -3.58082E-03    1.41691E-02    2.57331E-06   -8.25576E-06    5.22322E-06   -2.64741E-05    4.98468E-04   -7.49324E-05    1.96911E-03   -1.50482E-03
     3.43175E+00    1.45087E-03    7.07777E-04    4.71340E-01    1.20502E-04   -3.45021E-03    1.40711E-02    2.49875E-06   -7.86718E-06    4.98185E-06   -2.57173E-05    4.97787E-04   -7.21858E-05    1.95539E-03   -1.46272E-03
     3.44100E+00    1.43582E-03    6.79636E-04    4.71341E-01    1.15335E-04   -3.32050E-03    1.39747E-02    2.42773E-06   -7.49060E-06    4.74736E-06   -2.49896E-05    4.97132E-04   -6.94596E-05    1.94205E-03   -1.42041E-03
     3.45025E+00    1.42138E-03    6.51898E-04    4.71342E-01    1.10265E-04   -3.19167E-03    1.38798E-02    2.36014E-06   -7.12548E-06    4.51946E-06   -2.42906E-05    4.96502E-04   -6.67534E-05    1.92911E-03   -1.37786E-03
     3.45950E+00    1.40755E-03    6.24550E-04    4.71343E-01    1.05288E-04   -3.06372E-03    1.37865E-02    2.29587E-06   -6.77130E-06    4.29790E-06   -2.36196E-05    4.95897E-04   -6.40667E-05    1.91656E-03   -1.33504E-03
     3.46875E+00    1.39430E-03    5.97579E-04    4.71344E-01    1.00403E-04   -2.93662E-03    1.36946E-02    2.23483E-06   -6.42754E-06    4.08241E-06   -2.29760E-05    4.95317E-04   -6.13993E-05    1.90441E-03   -1.29192E-03
     3.47800E+00    1.38163E-03    5.70973E-04    4.71345E-01    9.56050E-05   -2.81037E-03    1.36042E-02    2.17693E-06   -6.09373E-06    3.87276E-06   -2.23592E-05    4.94761E-04   -5.87507E-05    1.89266E-03   -1.24847E-03
     3.48725E+00    1.36954E-03    5.44720E-04    4.71346E-01    9.08925E-05   -2.68494E-03    1.35153E-02    2.12207E-06   -5.76937E-06    3.66869E-06   -2.17689E-05    4.94230E-04   -5.61207E-05    1.88132E-03   -1.20465E-03
     3.49650E+00    1.35801E-03    5.18808E-04    4.71347E-01    8.62625E-05   -2.56033E-03    1.34279E-02    2.07017E-06   -5.45401E-06    3.46996E-06   -2.12044E-05    4.93723E-04   -5.35088E-05    1.87038E-03   -1.16043E-03
     3.50575E+00    1.34705E-03    4.93225E-04    4.71347E-01    8.17120E-05   -2.43652E-03    1.33418E-02    2.02115E-06   -5.14720E-06    3.27633E-06   -2.06654E-05    4.93240E-04   -5.09147E-05    1.85985E-03   -1.11577E-03
     3.51500E+00    1.33664E-03    4.67959E-04    4.71348E-01    7.72384E-05   -2.31350E-03    1.32572E-02    1.97492E-06   -4.84850E-06    3.08757E-06   -2.01514E-05    4.92781E-04   -4.83381E-05    1.84974E-03   -1.07064E-03
     3.52425E+00    1.32677E-03    4.42999E-04    4.71349E-01    7.28390E-05   -2.19126E-03    1.31740E-02    1.93143E-06   -4.55750E-06    2.90345E-06   -1.96620E-05    4.92346E-04   -4.57786E-05    1.84004E-03   -1.02500E-03
     3.53350E+00    1.31744E-03    4.18334E-04    4.71349E-01    6.85113E-05   -2.06978E-03    1.30921E-02    1.89059E-06   -4.27377E-06    2.72375E-06   -1.91969E-05    4.91934E-04   -4.32360E-05    1.83078E-03   -9.78806E-04
     3.54275E+00    1.30864E-03    3.93952E-04    4.71350E-01    6.42525E-05   -1.94905E-03    1.30116E-02    1.85234E-06   -3.99691E-06    2.54824E-06   -1.87558E-05    4.91546E-04   -4.07099E-05    1.82194E-03   -9.32024E-04
     3.55200E+00    1.30037E-03    3.69844E-04    4.71351E-01    6.00602E-05   -1.82906E-03    1.29325E-02    1.81662E-06   -3.72655E-06    2.37670E-06   -1.83382E-05    4.91181E-04   -3.81999E-05    1.81354E-03   -8.84609E-04
     3.56125E+00    1.29261E-03    3.45998E-04    4.71351E-01    5.59318E-05   -1.70980E-03    1.28547E-02    1.78338E-06   -3.46231E-06    2.20891E-06   -1.79441E-05    4.90839E-04   -3.57058E-05    1.80558E-03   -8.36519E-04
     3.57050E+00    1.28538E-03    3.22404E-04    4.71352E-01    5.18647E-05   -1.59124E-03    1.27781E-02    1.75255E-06   -3.20380E-06    2.04466E-06   -1.75730E-05    4.90520E-04   -3.32273E-05    1.79806E-03   -7.87710E-04
     3.57975E+00    1.27865E-03    2.99051E-04    4.71352E-01    4.78566E-05   -1.47340E-03    1.27029E-02    1.72409E-06   -2.95068E-06    1.88374E-06   -1.72248E-05    4.90224E-04   -3.07641E-05    1.79101E-03   -7.38136E-04
     3.58900E+00    1.27242E-03    2.75929E-04    4.71353E-01    4.39048E-05   -1.35624E-03    1.26290E-02    1.69795E-06   -2.70258E-06    1.72593E-06   -1.68994E-05    4.89951E-04   -2.83158E-05    1.78441E-03   -6.87749E-04
     3.59825E+00    1.26670E-03    2.53028E-04    4.71353E-01    4.00070E-05   -1.23976E-03    1.25563E-02    1.67408E-06   -2.45918E-06    1.57103E-06   -1.65964E-05    4.89700E-04   -2.58821E-05    1.77828E-03   -6.36500E-04
     3.60750E+00    1.26146E-03    2.30339E-04    4.71353E-01    3.61607E-05   -1.12394E-03    1.24849E-02    1.65244E-06   -2.22013E-06    1.41883E-06   -1.63158E-05    4.89472E-04   -2.34629E-05    1.77264E-03   -5.84339E-04
     3.61675E+00    1.25672E-03    2.07851E-04    4.71354E-01    3.23635E-05   -1.00878E-03    1.24147E-02    1.63300E-06   -1.98511E-06    1.26912E-06   -1.60576E-05    4.89266E-04   -2.10577E-05    1.76748E-03   -5.31213E-04
     3.62600E+00    1.25246E-03    1.85554E-04    4.71354E-01    2.86130E-05   -8.94268E-04    1.23457E-02    1.61571E-06   -1.75379E-06    1.12170E-06   -1.58215E-05    4.89083E-04   -1.86664E-05    1.76281E-03   -4.77067E-04
     3.63525E+00    1.24869E-03    1.63440E-04    4.71354E-01    2.49068E-05   -7.80385E-04    1.22779E-02    1.60054E-06   -1.52587E-06    9.76355E-07   -1.56076E-05    4.88921E-04   -1.62885E-05    1.75865E-03   -4.21846E-04
     3.64450E+00    1.24539E-03    1.41499E-04    4.71354E-01    2.12423E-05   -6.67123E-04    1.22113E-02    1.58747E-06   -1.30102E-06    8.32889E-07   -1.54158E-05    4.88781E-04   -1.39240E-05    1.75501E-03   -3.65490E-04
     3.65375E+00    1.24256E-03    1.19721E-04    4.71355E-01    1.76174E-05   -5.54472E-04    1.21459E-02    1.57646E-06   -1.07896E-06    6.91095E-07   -1.52462E-05    4.88663E-04   -1.15724E-05    1.75190E-03   -3.07941E-04
     3.66300E+00    1.24021E-03    9.80970E-05    4.71355E-01    1.40295E-05   -4.42421E-04    1.20817E-02    1.56750E-06   -8.59368E-07    5.50768E-07   -1.50987E-05    4.88567E-04   -9.23352E-06    1.74932E-03   -2.49133E-04
     3.67225E+00    1.23832E-03    7.66187E-05    4.71355E-01    1.04762E-05   -3.30958E-04    1.20186E-02    1.56056E-06   -6.41966E-07    4.11701E-07   -1.49735E-05    4.88492E-04   -6.90711E-06    1.74729E-03   -1.89004E-04
     3.68150E+00    1.23690E-03    5.52767E-05    4.71355E-01    6.95518E-06   -2.20074E-04    1.19566E-02    1.55562E-06   -4.26461E-07    2.73689E-07   -1.48707E-05    4.88439E-04   -4.59289E-06    1.74583E-03   -1.27486E-04
     3.69075E+00    1.23593E-03    3.40621E-05    4.71355E-01    3.46392E-06   -1.09758E-04    1.18958E-02    1.55266E-06   -2.12566E-07    1.36525E-07   -1.47903E-05    4.88407E-04   -2.29061E-06    1.74494E-03   -6.45087E-05
     3.70000E+00    1.23543E-03    1.29662E-05    4.71355E-01    6.20749E-47   -3.68516E-45    1.18360E-02    1.55168E-06   -5.09938E-49   -1.66330E-27   -1.47325E-05    4.88397E-04   -1.71219E-46    1.74464E-03   -1.27313E-45
