     1.00000E-05    3.19977E+00   -3.29378E-05   -5.83654E-01   -1.17577E-19   -1.34995E-05   -1.34995E+00    3.73968E-01    5.93893E-20    4.46353E-06    4.46353E-01    2.92534E-01   -4.31803E-20    4.73485E-11    9.46970E-06
     2.50997E-03    3.19974E+00    8.05194E-03   -5.83639E-01    1.23856E-02   -3.38830E-03   -1.34989E+00    3.73963E-01   -3.26483E-03    1.12031E-03    4.46325E-01    2.92529E-01   -4.08330E-03    2.98289E-06    2.37679E-03
     5.00995E-03    3.19964E+00    1.60711E-02   -5.83592E-01    2.47205E-02   -6.76280E-03   -1.34971E+00    3.73951E-01   -6.51642E-03    2.23602E-03    4.46242E-01    2.92513E-01   -8.14974E-03    1.18835E-05    4.74362E-03
     7.50992E-03    3.19947E+00    2.40890E-02   -5.83515E-01    3.70526E-02   -1.01367E-02   -1.34941E+00    3.73931E-01   -9.76753E-03    3.35146E-03    4.46105E-01    2.92488E-01   -1.22150E-02    2.67000E-05    7.10950E-03
     1.00099E-02    3.19923E+00    3.21048E-02   -5.83407E-01    4.93805E-02   -1.35097E-02   -1.34898E+00    3.73902E-01   -1.30179E-02    4.46648E-03    4.45913E-01    2.92452E-01   -1.62785E-02    4.74294E-05    9.47394E-03
     1.25099E-02    3.19893E+00    4.01180E-02   -5.83268E-01    6.17028E-02   -1.68814E-02   -1.34843E+00    3.73866E-01   -1.62674E-02    5.58095E-03    4.45666E-01    2.92407E-01   -2.03397E-02    7.40676E-05    1.18365E-02
     1.50098E-02    3.19856E+00    4.81279E-02   -5.83099E-01    7.40182E-02   -2.02516E-02   -1.34776E+00    3.73821E-01   -1.95156E-02    6.69474E-03    4.45365E-01    2.92351E-01   -2.43980E-02    1.06609E-04    1.41966E-02
     1.75098E-02    3.19813E+00    5.61338E-02   -5.82898E-01    8.63251E-02   -2.36200E-02   -1.34697E+00    3.73768E-01   -2.27624E-02    7.80771E-03    4.45009E-01    2.92285E-01   -2.84528E-02    1.45047E-04    1.65539E-02
     2.00098E-02    3.19762E+00    6.41350E-02   -5.82667E-01    9.86224E-02   -2.69863E-02   -1.34606E+00    3.73707E-01   -2.60075E-02    8.91972E-03    4.44598E-01    2.92208E-01   -3.25035E-02    1.89375E-04    1.89078E-02
     2.25098E-02    3.19705E+00    7.21309E-02   -5.82405E-01    1.10908E-01   -3.03501E-02   -1.34502E+00    3.73638E-01   -2.92508E-02    1.00306E-02    4.44133E-01    2.92122E-01   -3.65495E-02    2.39582E-04    2.12579E-02
     2.50098E-02    3.19642E+00    8.01207E-02   -5.82112E-01    1.23182E-01   -3.37112E-02   -1.34387E+00    3.73561E-01   -3.24918E-02    1.11403E-02    4.43614E-01    2.92026E-01   -4.05904E-02    2.95660E-04    2.36037E-02
     2.75097E-02    3.19571E+00    8.81040E-02   -5.81789E-01    1.35442E-01   -3.70693E-02   -1.34259E+00    3.73476E-01   -3.57305E-02    1.22486E-02    4.43040E-01    2.91919E-01   -4.46254E-02    3.57595E-04    2.59447E-02
     3.00097E-02    3.19494E+00    9.60799E-02   -5.81435E-01    1.47686E-01   -4.04240E-02   -1.34119E+00    3.73382E-01   -3.89666E-02    1.33554E-02    4.42412E-01    2.91803E-01   -4.86540E-02    4.25378E-04    2.82806E-02
     3.25097E-02    3.19411E+00    1.04048E-01   -5.81051E-01    1.59914E-01   -4.37751E-02   -1.33968E+00    3.73281E-01   -4.21998E-02    1.44606E-02    4.41730E-01    2.91676E-01   -5.26757E-02    4.98992E-04    3.06107E-02
     3.50097E-02    3.19320E+00    1.12007E-01   -5.80636E-01    1.72124E-01   -4.71222E-02   -1.33804E+00    3.73171E-01   -4.54299E-02    1.55640E-02    4.40995E-01    2.91539E-01   -5.66898E-02    5.78424E-04    3.29346E-02
     3.75096E-02    3.19223E+00    1.19957E-01   -5.80190E-01    1.84314E-01   -5.04651E-02   -1.33628E+00    3.73054E-01   -4.86567E-02    1.66655E-02    4.40205E-01    2.91392E-01   -6.06959E-02    6.63658E-04    3.52519E-02
     4.00096E-02    3.19120E+00    1.27897E-01   -5.79714E-01    1.96484E-01   -5.38035E-02   -1.33441E+00    3.72928E-01   -5.18799E-02    1.77650E-02    4.39362E-01    2.91236E-01   -6.46932E-02    7.54676E-04    3.75621E-02
     4.25096E-02    3.19010E+00    1.35827E-01   -5.79208E-01    2.08631E-01   -5.71370E-02   -1.33241E+00    3.72794E-01   -5.50992E-02    1.88623E-02    4.38466E-01    2.91069E-01   -6.86814E-02    8.51460E-04    3.98648E-02
     4.50096E-02    3.18893E+00    1.43745E-01   -5.78671E-01    2.20755E-01   -6.04654E-02   -1.33030E+00    3.72653E-01   -5.83146E-02    1.99573E-02    4.37517E-01    2.90892E-01   -7.26598E-02    9.53991E-04    4.21594E-02
     4.75095E-02    3.18769E+00    1.51651E-01   -5.78104E-01    2.32855E-01   -6.37884E-02   -1.32807E+00    3.72503E-01   -6.15256E-02    2.10498E-02    4.36515E-01    2.90706E-01   -7.66278E-02    1.06225E-03    4.44456E-02
     5.00095E-02    3.18639E+00    1.59545E-01   -5.77507E-01    2.44928E-01   -6.71056E-02   -1.32572E+00    3.72345E-01   -6.47321E-02    2.21398E-02    4.35460E-01    2.90509E-01   -8.05849E-02    1.17621E-03    4.67228E-02
     5.25095E-02    3.18502E+00    1.67426E-01   -5.76879E-01    2.56974E-01   -7.04168E-02   -1.32325E+00    3.72179E-01   -6.79339E-02    2.32270E-02    4.34352E-01    2.90303E-01   -8.45305E-02    1.29585E-03    4.89907E-02
     5.50095E-02    3.18359E+00    1.75292E-01   -5.76222E-01    2.68991E-01   -7.37217E-02   -1.32067E+00    3.72005E-01   -7.11307E-02    2.43115E-02    4.33192E-01    2.90087E-01   -8.84641E-02    1.42115E-03    5.12487E-02
     5.75094E-02    3.18209E+00    1.83144E-01   -5.75534E-01    2.80978E-01   -7.70199E-02   -1.31796E+00    3.71823E-01   -7.43222E-02    2.53929E-02    4.31980E-01    2.89861E-01   -9.23852E-02    1.55208E-03    5.34965E-02
     6.00094E-02    3.18053E+00    1.90981E-01   -5.74817E-01    2.92934E-01   -8.03113E-02   -1.31515E+00    3.71634E-01   -7.75083E-02    2.64713E-02    4.30717E-01    2.89625E-01   -9.62932E-02    1.68862E-03    5.57336E-02
     6.25094E-02    3.17890E+00    1.98802E-01   -5.74070E-01    3.04857E-01   -8.35955E-02   -1.31221E+00    3.71436E-01   -8.06887E-02    2.75464E-02    4.29402E-01    2.89379E-01   -1.00187E-01    1.83074E-03    5.79595E-02
     6.50093E-02    3.17720E+00    2.06607E-01   -5.73293E-01    3.16746E-01   -8.68722E-02   -1.30917E+00    3.71230E-01   -8.38631E-02    2.86182E-02    4.28035E-01    2.89124E-01   -1.04068E-01    1.97841E-03    6.01739E-02
     6.75093E-02    3.17544E+00    2.14395E-01   -5.72486E-01    3.28601E-01   -9.01412E-02   -1.30600E+00    3.71017E-01   -8.70314E-02    2.96866E-02    4.26618E-01    2.88859E-01   -1.07933E-01    2.13160E-03    6.23762E-02
     7.00093E-02    3.17362E+00    2.22165E-01   -5.71650E-01    3.40418E-01   -9.34021E-02   -1.30273E+00    3.70795E-01   -9.01933E-02    3.07513E-02    4.25150E-01    2.88584E-01   -1.11783E-01    2.29028E-03    6.45661E-02
     7.25093E-02    3.17172E+00    2.29916E-01   -5.70784E-01    3.52198E-01   -9.66547E-02   -1.29934E+00    3.70566E-01   -9.33485E-02    3.18122E-02    4.23632E-01    2.88300E-01   -1.15618E-01    2.45441E-03    6.67431E-02
     7.50092E-02    3.16977E+00    2.37648E-01   -5.69889E-01    3.63939E-01   -9.98986E-02   -1.29583E+00    3.70328E-01   -9.64969E-02    3.28694E-02    4.22064E-01    2.88006E-01   -1.19436E-01    2.62398E-03    6.89069E-02
     7.75092E-02    3.16775E+00    2.45361E-01   -5.68964E-01    3.75639E-01   -1.03134E-01   -1.29222E+00    3.70083E-01   -9.96382E-02    3.39225E-02    4.20446E-01    2.87703E-01   -1.23237E-01    2.79893E-03    7.10570E-02
     8.00092E-02    3.16566E+00    2.53054E-01   -5.68011E-01    3.87299E-01   -1.06360E-01   -1.28849E+00    3.69830E-01   -1.02772E-01    3.49715E-02    4.18779E-01    2.87390E-01   -1.27021E-01    2.97925E-03    7.31929E-02
     8.25092E-02    3.16351E+00    2.60725E-01   -5.67028E-01    3.98915E-01   -1.09576E-01   -1.28465E+00    3.69569E-01   -1.05898E-01    3.60163E-02    4.17063E-01    2.87068E-01   -1.30787E-01    3.16488E-03    7.53144E-02
     8.50092E-02    3.16130E+00    2.68376E-01   -5.66016E-01    4.10488E-01   -1.12783E-01   -1.28070E+00    3.69301E-01   -1.09017E-01    3.70568E-02    4.15298E-01    2.86736E-01   -1.34535E-01    3.35580E-03    7.74209E-02
     8.75091E-02    3.15902E+00    2.76003E-01   -5.64976E-01    4.22015E-01   -1.15979E-01   -1.27664E+00    3.69024E-01   -1.12128E-01    3.80928E-02    4.13485E-01    2.86395E-01   -1.38264E-01    3.55197E-03    7.95121E-02
     9.00091E-02    3.15668E+00    2.83609E-01   -5.63906E-01    4.33497E-01   -1.19166E-01   -1.27248E+00    3.68740E-01   -1.15230E-01    3.91242E-02    4.11624E-01    2.86045E-01   -1.41973E-01    3.75335E-03    8.15877E-02
     9.25091E-02    3.15428E+00    2.91190E-01   -5.62808E-01    4.44931E-01   -1.22342E-01   -1.26820E+00    3.68448E-01   -1.18324E-01    4.01508E-02    4.09715E-01    2.85685E-01   -1.45663E-01    3.95989E-03    8.36471E-02
     9.50090E-02    3.15181E+00    2.98748E-01   -5.61682E-01    4.56316E-01   -1.25507E-01   -1.26382E+00    3.68148E-01   -1.21409E-01    4.11727E-02    4.07760E-01    2.85316E-01   -1.49332E-01    4.17156E-03    8.56900E-02
     9.75090E-02    3.14928E+00    3.06281E-01   -5.60527E-01    4.67652E-01   -1.28660E-01   -1.25933E+00    3.67841E-01   -1.24485E-01    4.21896E-02    4.05758E-01    2.84938E-01   -1.52981E-01    4.38832E-03    8.77161E-02
     1.00009E-01    3.14668E+00    3.13789E-01   -5.59343E-01    4.78937E-01   -1.31803E-01   -1.25473E+00    3.67526E-01   -1.27552E-01    4.32014E-02    4.03709E-01    2.84552E-01   -1.56608E-01    4.61013E-03    8.97250E-02
     1.02509E-01    3.14402E+00    3.21271E-01   -5.58132E-01    4.90170E-01   -1.34934E-01   -1.25003E+00    3.67203E-01   -1.30610E-01    4.42081E-02    4.01615E-01    2.84155E-01   -1.60214E-01    4.83693E-03    9.17163E-02
     1.05009E-01    3.14130E+00    3.28727E-01   -5.56893E-01    5.01350E-01   -1.38053E-01   -1.24522E+00    3.66873E-01   -1.33657E-01    4.52094E-02    3.99475E-01    2.83750E-01   -1.63797E-01    5.06869E-03    9.36896E-02
     1.07509E-01    3.13852E+00    3.36155E-01   -5.55625E-01    5.12475E-01   -1.41160E-01   -1.24031E+00    3.66535E-01   -1.36696E-01    4.62054E-02    3.97290E-01    2.83337E-01   -1.67358E-01    5.30536E-03    9.56446E-02
     1.10009E-01    3.13567E+00    3.43556E-01   -5.54330E-01    5.23546E-01   -1.44254E-01   -1.23530E+00    3.66190E-01   -1.39724E-01    4.71958E-02    3.95061E-01    2.82914E-01   -1.70896E-01    5.54689E-03    9.75810E-02
     1.12509E-01    3.13277E+00    3.50929E-01   -5.53008E-01    5.34560E-01   -1.47336E-01   -1.23019E+00    3.65836E-01   -1.42741E-01    4.81806E-02    3.92788E-01    2.82482E-01   -1.74410E-01    5.79324E-03    9.94983E-02
     1.15009E-01    3.12980E+00    3.58273E-01   -5.51658E-01    5.45517E-01   -1.50405E-01   -1.22497E+00    3.65476E-01   -1.45749E-01    4.91597E-02    3.90471E-01    2.82042E-01   -1.77900E-01    6.04436E-03    1.01396E-01
     1.17509E-01    3.12677E+00    3.65587E-01   -5.50280E-01    5.56415E-01   -1.53461E-01   -1.21966E+00    3.65108E-01   -1.48745E-01    5.01329E-02    3.88111E-01    2.81593E-01   -1.81366E-01    6.30020E-03    1.03275E-01
     1.20009E-01    3.12368E+00    3.72871E-01   -5.48876E-01    5.67255E-01   -1.56503E-01   -1.21424E+00    3.64732E-01   -1.51730E-01    5.11002E-02    3.85708E-01    2.81135E-01   -1.84806E-01    6.56071E-03    1.05133E-01
     1.22509E-01    3.12052E+00    3.80125E-01   -5.47444E-01    5.78033E-01   -1.59532E-01   -1.20873E+00    3.64349E-01   -1.54705E-01    5.20614E-02    3.83264E-01    2.80669E-01   -1.88222E-01    6.82584E-03    1.06971E-01
     1.25009E-01    3.11731E+00    3.87348E-01   -5.45986E-01    5.88750E-01   -1.62547E-01   -1.20312E+00    3.63959E-01   -1.57668E-01    5.30165E-02    3.80777E-01    2.80194E-01   -1.91612E-01    7.09554E-03    1.08788E-01
     1.27509E-01    3.11403E+00    3.94538E-01   -5.44500E-01    5.99405E-01   -1.65548E-01   -1.19741E+00    3.63561E-01   -1.60619E-01    5.39652E-02    3.78249E-01    2.79711E-01   -1.94975E-01    7.36976E-03    1.10584E-01
     1.30009E-01    3.11070E+00    4.01697E-01   -5.42989E-01    6.09997E-01   -1.68534E-01   -1.19161E+00    3.63156E-01   -1.63558E-01    5.49077E-02    3.75681E-01    2.79219E-01   -1.98312E-01    7.64844E-03    1.12360E-01
     1.32509E-01    3.10730E+00    4.08823E-01   -5.41450E-01    6.20524E-01   -1.71505E-01   -1.18571E+00    3.62743E-01   -1.66485E-01    5.58436E-02    3.73073E-01    2.78719E-01   -2.01623E-01    7.93153E-03    1.14113E-01
     1.35009E-01    3.10385E+00    4.15915E-01   -5.39886E-01    6.30986E-01   -1.74462E-01   -1.17972E+00    3.62323E-01   -1.69400E-01    5.67730E-02    3.70425E-01    2.78211E-01   -2.04906E-01    8.21898E-03    1.15845E-01
     1.37509E-01    3.10033E+00    4.22973E-01   -5.38296E-01    6.41382E-01   -1.77404E-01   -1.17364E+00    3.61896E-01   -1.72303E-01    5.76957E-02    3.67738E-01    2.77695E-01   -2.08161E-01    8.51073E-03    1.17554E-01
     1.40009E-01    3.09676E+00    4.29996E-01   -5.36679E-01    6.51711E-01   -1.80330E-01   -1.16746E+00    3.61462E-01   -1.75193E-01    5.86116E-02    3.65012E-01    2.77170E-01   -2.11388E-01    8.80673E-03    1.19241E-01
     1.42509E-01    3.09313E+00    4.36984E-01   -5.35037E-01    6.61971E-01   -1.83241E-01   -1.16120E+00    3.61020E-01   -1.78069E-01    5.95207E-02    3.62249E-01    2.76638E-01   -2.14587E-01    9.10692E-03    1.20906E-01
     1.45009E-01    3.08944E+00    4.43937E-01   -5.33369E-01    6.72164E-01   -1.86136E-01   -1.15484E+00    3.60571E-01   -1.80933E-01    6.04228E-02    3.59448E-01    2.76097E-01   -2.17757E-01    9.41123E-03    1.22547E-01
     1.47509E-01    3.08569E+00    4.50853E-01   -5.31676E-01    6.82286E-01   -1.89015E-01   -1.14840E+00    3.60115E-01   -1.83783E-01    6.13179E-02    3.56610E-01    2.75549E-01   -2.20897E-01    9.71963E-03    1.24165E-01
     1.50008E-01    3.08188E+00    4.57733E-01   -5.29958E-01    6.92338E-01   -1.91878E-01   -1.14186E+00    3.59652E-01   -1.86620E-01    6.22058E-02    3.53736E-01    2.74993E-01   -2.24009E-01    1.00320E-02    1.25760E-01
     1.52508E-01    3.07801E+00    4.64575E-01   -5.28215E-01    7.02319E-01   -1.94724E-01   -1.13525E+00    3.59182E-01   -1.89443E-01    6.30865E-02    3.50826E-01    2.74429E-01   -2.27090E-01    1.03484E-02    1.27331E-01
     1.55008E-01    3.07409E+00    4.71380E-01   -5.26447E-01    7.12228E-01   -1.97554E-01   -1.12854E+00    3.58705E-01   -1.92252E-01    6.39599E-02    3.47881E-01    2.73857E-01   -2.30141E-01    1.06687E-02    1.28878E-01
     1.57508E-01    3.07011E+00    4.78146E-01   -5.24654E-01    7.22063E-01   -2.00367E-01   -1.12175E+00    3.58221E-01   -1.95046E-01    6.48259E-02    3.44901E-01    2.73278E-01   -2.33162E-01    1.09928E-02    1.30401E-01
     1.60008E-01    3.06607E+00    4.84873E-01   -5.22836E-01    7.31826E-01   -2.03163E-01   -1.11488E+00    3.57730E-01   -1.97826E-01    6.56843E-02    3.41888E-01    2.72692E-01   -2.36152E-01    1.13206E-02    1.31900E-01
     1.62508E-01    3.06197E+00    4.91561E-01   -5.20995E-01    7.41514E-01   -2.05941E-01   -1.10793E+00    3.57232E-01   -2.00592E-01    6.65353E-02    3.38841E-01    2.72097E-01   -2.39111E-01    1.16522E-02    1.33373E-01
     1.65008E-01    3.05782E+00    4.98208E-01   -5.19129E-01    7.51126E-01   -2.08702E-01   -1.10089E+00    3.56727E-01   -2.03343E-01    6.73785E-02    3.35761E-01    2.71496E-01   -2.42038E-01    1.19875E-02    1.34823E-01
     1.67508E-01    3.05362E+00    5.04816E-01   -5.17239E-01    7.60663E-01   -2.11446E-01   -1.09377E+00    3.56215E-01   -2.06078E-01    6.82140E-02    3.32649E-01    2.70887E-01   -2.44933E-01    1.23263E-02    1.36246E-01
     1.70008E-01    3.04935E+00    5.11382E-01   -5.15326E-01    7.70124E-01   -2.14171E-01   -1.08658E+00    3.55697E-01   -2.08799E-01    6.90417E-02    3.29505E-01    2.70271E-01   -2.47797E-01    1.26687E-02    1.37645E-01
     1.72508E-01    3.04503E+00    5.17907E-01   -5.13389E-01    7.79507E-01   -2.16878E-01   -1.07931E+00    3.55171E-01   -2.11504E-01    6.98615E-02    3.26330E-01    2.69648E-01   -2.50628E-01    1.30145E-02    1.39019E-01
     1.75008E-01    3.04066E+00    5.24389E-01   -5.11428E-01    7.88813E-01   -2.19567E-01   -1.07196E+00    3.54639E-01   -2.14193E-01    7.06733E-02    3.23125E-01    2.69018E-01   -2.53426E-01    1.33638E-02    1.40366E-01
     1.77508E-01    3.03623E+00    5.30830E-01   -5.09445E-01    7.98040E-01   -2.22238E-01   -1.06453E+00    3.54100E-01   -2.16866E-01    7.14771E-02    3.19890E-01    2.68381E-01   -2.56192E-01    1.37163E-02    1.41688E-01
     1.80008E-01    3.03175E+00    5.37227E-01   -5.07438E-01    8.07188E-01   -2.24890E-01   -1.05703E+00    3.53555E-01   -2.19523E-01    7.22727E-02    3.16626E-01    2.67737E-01   -2.58924E-01    1.40722E-02    1.42984E-01
     1.82508E-01    3.02721E+00    5.43581E-01   -5.05409E-01    8.16256E-01   -2.27523E-01   -1.04946E+00    3.53003E-01   -2.22164E-01    7.30602E-02    3.13333E-01    2.67087E-01   -2.61624E-01    1.44312E-02    1.44254E-01
     1.85008E-01    3.02262E+00    5.49891E-01   -5.03357E-01    8.25244E-01   -2.30137E-01   -1.04181E+00    3.52444E-01   -2.24789E-01    7.38393E-02    3.10013E-01    2.66429E-01   -2.64289E-01    1.47934E-02    1.45497E-01
     1.87508E-01    3.01798E+00    5.56157E-01   -5.01283E-01    8.34151E-01   -2.32732E-01   -1.03410E+00    3.51879E-01   -2.27397E-01    7.46102E-02    3.06665E-01    2.65765E-01   -2.66921E-01    1.51587E-02    1.46714E-01
     1.90008E-01    3.01328E+00    5.62377E-01   -4.99186E-01    8.42977E-01   -2.35308E-01   -1.02631E+00    3.51307E-01   -2.29988E-01    7.53726E-02    3.03290E-01    2.65095E-01   -2.69518E-01    1.55269E-02    1.47905E-01
     1.92508E-01    3.00853E+00    5.68553E-01   -4.97068E-01    8.51721E-01   -2.37863E-01   -1.01846E+00    3.50729E-01   -2.32562E-01    7.61266E-02    2.99890E-01    2.64418E-01   -2.72081E-01    1.58982E-02    1.49069E-01
     1.95008E-01    3.00373E+00    5.74682E-01   -4.94928E-01    8.60382E-01   -2.40400E-01   -1.01053E+00    3.50144E-01   -2.35118E-01    7.68720E-02    2.96464E-01    2.63734E-01   -2.74610E-01    1.62723E-02    1.50206E-01
     1.97508E-01    2.99888E+00    5.80766E-01   -4.92766E-01    8.68961E-01   -2.42916E-01   -1.00254E+00    3.49553E-01   -2.37658E-01    7.76089E-02    2.93013E-01    2.63045E-01   -2.77104E-01    1.66492E-02    1.51316E-01
     2.00008E-01    2.99397E+00    5.86802E-01   -4.90583E-01    8.77456E-01   -2.45412E-01   -9.94490E-01    3.48956E-01   -2.40179E-01    7.83371E-02    2.89538E-01    2.62349E-01   -2.79562E-01    1.70288E-02    1.52399E-01
     2.02508E-01    2.98901E+00    5.92792E-01   -4.88379E-01    8.85867E-01   -2.47888E-01   -9.86372E-01    3.48353E-01   -2.42683E-01    7.90566E-02    2.86040E-01    2.61647E-01   -2.81986E-01    1.74111E-02    1.53455E-01
     2.05008E-01    2.98401E+00    5.98733E-01   -4.86154E-01    8.94193E-01   -2.50344E-01   -9.78190E-01    3.47743E-01   -2.45169E-01    7.97672E-02    2.82519E-01    2.60939E-01   -2.84374E-01    1.77960E-02    1.54483E-01
     2.07508E-01    2.97895E+00    6.04627E-01   -4.83908E-01    9.02435E-01   -2.52779E-01   -9.69947E-01    3.47127E-01   -2.47636E-01    8.04691E-02    2.78976E-01    2.60225E-01   -2.86727E-01    1.81835E-02    1.55484E-01
     2.10008E-01    2.97384E+00    6.10472E-01   -4.81642E-01    9.10592E-01   -2.55194E-01   -9.61643E-01    3.46505E-01   -2.50085E-01    8.11621E-02    2.75411E-01    2.59505E-01   -2.89044E-01    1.85734E-02    1.56458E-01
     2.12508E-01    2.96868E+00    6.16269E-01   -4.79355E-01    9.18663E-01   -2.57587E-01   -9.53280E-01    3.45876E-01   -2.52516E-01    8.18461E-02    2.71825E-01    2.58780E-01   -2.91326E-01    1.89658E-02    1.57404E-01
     2.15008E-01    2.96347E+00    6.22016E-01   -4.77049E-01    9.26649E-01   -2.59960E-01   -9.44858E-01    3.45242E-01   -2.54928E-01    8.25212E-02    2.68219E-01    2.58049E-01   -2.93571E-01    1.93604E-02    1.58323E-01
     2.17508E-01    2.95822E+00    6.27713E-01   -4.74722E-01    9.34548E-01   -2.62312E-01   -9.36380E-01    3.44602E-01   -2.57321E-01    8.31872E-02    2.64594E-01    2.57312E-01   -2.95780E-01    1.97574E-02    1.59214E-01
     2.20008E-01    2.95291E+00    6.33360E-01   -4.72376E-01    9.42360E-01   -2.64642E-01   -9.27845E-01    3.43955E-01   -2.59694E-01    8.38441E-02    2.60949E-01    2.56570E-01   -2.97953E-01    2.01565E-02    1.60078E-01
     2.22508E-01    2.94756E+00    6.38956E-01   -4.70011E-01    9.50086E-01   -2.66951E-01   -9.19256E-01    3.43303E-01   -2.62049E-01    8.44919E-02    2.57287E-01    2.55822E-01   -3.00089E-01    2.05577E-02    1.60913E-01
     2.25008E-01    2.94216E+00    6.44502E-01   -4.67626E-01    9.57724E-01   -2.69238E-01   -9.10614E-01    3.42645E-01   -2.64384E-01    8.51305E-02    2.53606E-01    2.55070E-01   -3.02189E-01    2.09610E-02    1.61721E-01
     2.27508E-01    2.93671E+00    6.49996E-01   -4.65222E-01    9.65275E-01   -2.71504E-01   -9.01919E-01    3.41981E-01   -2.66699E-01    8.57599E-02    2.49909E-01    2.54312E-01   -3.04252E-01    2.13663E-02    1.62501E-01
     2.30008E-01    2.93121E+00    6.55439E-01   -4.62800E-01    9.72737E-01   -2.73748E-01   -8.93173E-01    3.41312E-01   -2.68994E-01    8.63801E-02    2.46195E-01    2.53548E-01   -3.06278E-01    2.17735E-02    1.63253E-01
     2.32508E-01    2.92567E+00    6.60829E-01   -4.60358E-01    9.80112E-01   -2.75969E-01   -8.84377E-01    3.40636E-01   -2.71270E-01    8.69909E-02    2.42466E-01    2.52780E-01   -3.08268E-01    2.21825E-02    1.63977E-01
     2.35008E-01    2.92008E+00    6.66167E-01   -4.57899E-01    9.87399E-01   -2.78169E-01   -8.75533E-01    3.39955E-01   -2.73525E-01    8.75924E-02    2.38722E-01    2.52007E-01   -3.10220E-01    2.25933E-02    1.64674E-01
     2.37508E-01    2.91445E+00    6.71452E-01   -4.55422E-01    9.94597E-01   -2.80347E-01   -8.66641E-01    3.39269E-01   -2.75760E-01    8.81845E-02    2.34963E-01    2.51229E-01   -3.12136E-01    2.30059E-02    1.65342E-01
     2.40008E-01    2.90877E+00    6.76683E-01   -4.52926E-01    1.00171E+00   -2.82502E-01   -8.57702E-01    3.38577E-01   -2.77974E-01    8.87672E-02    2.31191E-01    2.50446E-01   -3.14014E-01    2.34200E-02    1.65983E-01
     2.42508E-01    2.90304E+00    6.81862E-01   -4.50413E-01    1.00873E+00   -2.84635E-01   -8.48718E-01    3.37879E-01   -2.80168E-01    8.93404E-02    2.27405E-01    2.49659E-01   -3.15855E-01    2.38357E-02    1.66596E-01
     2.45008E-01    2.89727E+00    6.86986E-01   -4.47883E-01    1.01566E+00   -2.86746E-01   -8.39690E-01    3.37176E-01   -2.82341E-01    8.99042E-02    2.23607E-01    2.48867E-01   -3.17658E-01    2.42530E-02    1.67180E-01
     2.47508E-01    2.89146E+00    6.92055E-01   -4.45335E-01    1.02250E+00   -2.88834E-01   -8.30620E-01    3.36467E-01   -2.84493E-01    9.04584E-02    2.19798E-01    2.48071E-01   -3.19425E-01    2.46716E-02    1.67737E-01
     2.50007E-01    2.88560E+00    6.97071E-01   -4.42770E-01    1.02925E+00   -2.90899E-01   -8.21507E-01    3.35753E-01   -2.86623E-01    9.10031E-02    2.15977E-01    2.47270E-01   -3.21154E-01    2.50916E-02    1.68267E-01
     2.52507E-01    2.87970E+00    7.02031E-01   -4.40189E-01    1.03592E+00   -2.92941E-01   -8.12354E-01    3.35034E-01   -2.88733E-01    9.15383E-02    2.12146E-01    2.46465E-01   -3.22845E-01    2.55129E-02    1.68768E-01
     2.55007E-01    2.87376E+00    7.06935E-01   -4.37591E-01    1.04249E+00   -2.94961E-01   -8.03162E-01    3.34310E-01   -2.90821E-01    9.20638E-02    2.08305E-01    2.45656E-01   -3.24499E-01    2.59354E-02    1.69242E-01
     2.57507E-01    2.86777E+00    7.11785E-01   -4.34977E-01    1.04898E+00   -2.96957E-01   -7.93931E-01    3.33580E-01   -2.92887E-01    9.25798E-02    2.04454E-01    2.44843E-01   -3.26116E-01    2.63591E-02    1.69687E-01
     2.60007E-01    2.86174E+00    7.16578E-01   -4.32346E-01    1.05537E+00   -2.98930E-01   -7.84663E-01    3.32845E-01   -2.94931E-01    9.30861E-02    2.00596E-01    2.44025E-01   -3.27695E-01    2.67838E-02    1.70106E-01
     2.62507E-01    2.85567E+00    7.21314E-01   -4.29700E-01    1.06167E+00   -3.00880E-01   -7.75360E-01    3.32106E-01   -2.96953E-01    9.35827E-02    1.96729E-01    2.43204E-01   -3.29236E-01    2.72096E-02    1.70496E-01
     2.65007E-01    2.84956E+00    7.25995E-01   -4.27038E-01    1.06789E+00   -3.02807E-01   -7.66021E-01    3.31361E-01   -2.98954E-01    9.40697E-02    1.92855E-01    2.42379E-01   -3.30740E-01    2.76363E-02    1.70860E-01
     2.67507E-01    2.84341E+00    7.30618E-01   -4.24361E-01    1.07402E+00   -3.04710E-01   -7.56649E-01    3.30611E-01   -3.00932E-01    9.45470E-02    1.88974E-01    2.41551E-01   -3.32207E-01    2.80638E-02    1.71195E-01
     2.70007E-01    2.83722E+00    7.35184E-01   -4.21668E-01    1.08005E+00   -3.06590E-01   -7.47244E-01    3.29856E-01   -3.02888E-01    9.50146E-02    1.85088E-01    2.40718E-01   -3.33635E-01    2.84922E-02    1.71503E-01
     2.72507E-01    2.83099E+00    7.39692E-01   -4.18960E-01    1.08600E+00   -3.08446E-01   -7.37808E-01    3.29096E-01   -3.04821E-01    9.54724E-02    1.81196E-01    2.39883E-01   -3.35027E-01    2.89213E-02    1.71784E-01
     2.75007E-01    2.82472E+00    7.44143E-01   -4.16238E-01    1.09185E+00   -3.10279E-01   -7.28341E-01    3.28332E-01   -3.06731E-01    9.59205E-02    1.77299E-01    2.39043E-01   -3.36380E-01    2.93511E-02    1.72038E-01
     2.77507E-01    2.81841E+00    7.48536E-01   -4.13501E-01    1.09762E+00   -3.12088E-01   -7.18845E-01    3.27563E-01   -3.08619E-01    9.63589E-02    1.73398E-01    2.38201E-01   -3.37697E-01    2.97815E-02    1.72265E-01
     2.80007E-01    2.81206E+00    7.52870E-01   -4.10750E-01    1.10329E+00   -3.13873E-01   -7.09322E-01    3.26789E-01   -3.10483E-01    9.67875E-02    1.69494E-01    2.37355E-01   -3.38976E-01    3.02124E-02    1.72465E-01
     2.82507E-01    2.80568E+00    7.57146E-01   -4.07985E-01    1.10888E+00   -3.15635E-01   -6.99771E-01    3.26010E-01   -3.12325E-01    9.72064E-02    1.65587E-01    2.36506E-01   -3.40217E-01    3.06438E-02    1.72637E-01
     2.85007E-01    2.79925E+00    7.61363E-01   -4.05206E-01    1.11438E+00   -3.17372E-01   -6.90194E-01    3.25227E-01   -3.14143E-01    9.76154E-02    1.61677E-01    2.35654E-01   -3.41421E-01    3.10756E-02    1.72783E-01
     2.87507E-01    2.79279E+00    7.65520E-01   -4.02413E-01    1.11979E+00   -3.19086E-01   -6.80592E-01    3.24440E-01   -3.15938E-01    9.80147E-02    1.57766E-01    2.34799E-01   -3.42588E-01    3.15077E-02    1.72903E-01
     2.90007E-01    2.78629E+00    7.69618E-01   -3.99607E-01    1.12510E+00   -3.20775E-01   -6.70966E-01    3.23648E-01   -3.17709E-01    9.84043E-02    1.53854E-01    2.33941E-01   -3.43717E-01    3.19400E-02    1.72995E-01
     2.92507E-01    2.77976E+00    7.73657E-01   -3.96788E-01    1.13033E+00   -3.22440E-01   -6.61318E-01    3.22851E-01   -3.19456E-01    9.87840E-02    1.49941E-01    2.33080E-01   -3.44809E-01    3.23726E-02    1.73062E-01
     2.95007E-01    2.77319E+00    7.77636E-01   -3.93956E-01    1.13547E+00   -3.24082E-01   -6.51648E-01    3.22050E-01   -3.21180E-01    9.91540E-02    1.46029E-01    2.32217E-01   -3.45864E-01    3.28053E-02    1.73102E-01
     2.97507E-01    2.76659E+00    7.81554E-01   -3.91111E-01    1.14052E+00   -3.25699E-01   -6.41958E-01    3.21245E-01   -3.22880E-01    9.95141E-02    1.42117E-01    2.31351E-01   -3.46882E-01    3.32381E-02    1.73115E-01
     3.00007E-01    2.75995E+00    7.85412E-01   -3.88253E-01    1.14549E+00   -3.27291E-01   -6.32247E-01    3.20436E-01   -3.24556E-01    9.98645E-02    1.38206E-01    2.30483E-01   -3.47864E-01    3.36709E-02    1.73103E-01
     3.02507E-01    2.75327E+00    7.89210E-01   -3.85383E-01    1.15036E+00   -3.28860E-01   -6.22519E-01    3.19623E-01   -3.26208E-01    1.00205E-01    1.34298E-01    2.29612E-01   -3.48808E-01    3.41036E-02    1.73065E-01
     3.05007E-01    2.74657E+00    7.92947E-01   -3.82501E-01    1.15515E+00   -3.30404E-01   -6.12772E-01    3.18805E-01   -3.27835E-01    1.00536E-01    1.30392E-01    2.28739E-01   -3.49715E-01    3.45362E-02    1.73002E-01
     3.07507E-01    2.73982E+00    7.96623E-01   -3.79608E-01    1.15984E+00   -3.31924E-01   -6.03010E-01    3.17984E-01   -3.29439E-01    1.00857E-01    1.26489E-01    2.27863E-01   -3.50586E-01    3.49686E-02    1.72912E-01
     3.10007E-01    2.73305E+00    8.00237E-01   -3.76702E-01    1.16445E+00   -3.33419E-01   -5.93231E-01    3.17158E-01   -3.31017E-01    1.01168E-01    1.22590E-01    2.26986E-01   -3.51420E-01    3.54007E-02    1.72798E-01
     3.12507E-01    2.72624E+00    8.03791E-01   -3.73786E-01    1.16897E+00   -3.34890E-01   -5.83438E-01    3.16328E-01   -3.32571E-01    1.01470E-01    1.18695E-01    2.26106E-01   -3.52218E-01    3.58325E-02    1.72658E-01
     3.15007E-01    2.71941E+00    8.07282E-01   -3.70858E-01    1.17341E+00   -3.36336E-01   -5.73632E-01    3.15495E-01   -3.34100E-01    1.01762E-01    1.14804E-01    2.25225E-01   -3.52979E-01    3.62640E-02    1.72493E-01
     3.17507E-01    2.71254E+00    8.10712E-01   -3.67919E-01    1.17775E+00   -3.37758E-01   -5.63813E-01    3.14658E-01   -3.35605E-01    1.02044E-01    1.10919E-01    2.24341E-01   -3.53704E-01    3.66950E-02    1.72303E-01
     3.20007E-01    2.70564E+00    8.14080E-01   -3.64969E-01    1.18201E+00   -3.39155E-01   -5.53982E-01    3.13817E-01   -3.37084E-01    1.02317E-01    1.07040E-01    2.23456E-01   -3.54394E-01    3.71254E-02    1.72089E-01
     3.22507E-01    2.69870E+00    8.17386E-01   -3.62009E-01    1.18618E+00   -3.40528E-01   -5.44141E-01    3.12973E-01   -3.38539E-01    1.02579E-01    1.03168E-01    2.22569E-01   -3.55047E-01    3.75554E-02    1.71850E-01
     3.25007E-01    2.69174E+00    8.20630E-01   -3.59038E-01    1.19027E+00   -3.41876E-01   -5.34290E-01    3.12124E-01   -3.39968E-01    1.02832E-01    9.93023E-02    2.21681E-01   -3.55664E-01    3.79847E-02    1.71587E-01
     3.27507E-01    2.68475E+00    8.23811E-01   -3.56057E-01    1.19427E+00   -3.43199E-01   -5.24430E-01    3.11273E-01   -3.41372E-01    1.03076E-01    9.54442E-02    2.20791E-01   -3.56246E-01    3.84133E-02    1.71300E-01
     3.30007E-01    2.67773E+00    8.26929E-01   -3.53067E-01    1.19818E+00   -3.44498E-01   -5.14562E-01    3.10418E-01   -3.42750E-01    1.03310E-01    9.15942E-02    2.19900E-01   -3.56792E-01    3.88411E-02    1.70989E-01
     3.32507E-01    2.67068E+00    8.29985E-01   -3.50067E-01    1.20201E+00   -3.45772E-01   -5.04687E-01    3.09559E-01   -3.44104E-01    1.03534E-01    8.77529E-02    2.19007E-01   -3.57303E-01    3.92682E-02    1.70654E-01
     3.35007E-01    2.66361E+00    8.32978E-01   -3.47057E-01    1.20575E+00   -3.47021E-01   -4.94806E-01    3.08697E-01   -3.45431E-01    1.03748E-01    8.39206E-02    2.18113E-01   -3.57778E-01    3.96944E-02    1.70295E-01
     3.37507E-01    2.65650E+00    8.35908E-01   -3.44038E-01    1.20941E+00   -3.48246E-01   -4.84920E-01    3.07832E-01   -3.46733E-01    1.03953E-01    8.00980E-02    2.17218E-01   -3.58219E-01    4.01196E-02    1.69914E-01
     3.40007E-01    2.64937E+00    8.38774E-01   -3.41010E-01    1.21298E+00   -3.49446E-01   -4.75030E-01    3.06964E-01   -3.48009E-01    1.04149E-01    7.62855E-02    2.16322E-01   -3.58625E-01    4.05439E-02    1.69509E-01
     3.42507E-01    2.64221E+00    8.41578E-01   -3.37973E-01    1.21647E+00   -3.50621E-01   -4.65136E-01    3.06092E-01   -3.49260E-01    1.04335E-01    7.24837E-02    2.15425E-01   -3.58996E-01    4.09672E-02    1.69082E-01
     3.45007E-01    2.63503E+00    8.44318E-01   -3.34928E-01    1.21987E+00   -3.51771E-01   -4.55239E-01    3.05217E-01   -3.50484E-01    1.04511E-01    6.86930E-02    2.14527E-01   -3.59332E-01    4.13893E-02    1.68632E-01
     3.47507E-01    2.62782E+00    8.46994E-01   -3.31874E-01    1.22319E+00   -3.52897E-01   -4.45341E-01    3.04340E-01   -3.51683E-01    1.04678E-01    6.49140E-02    2.13629E-01   -3.59634E-01    4.18103E-02    1.68160E-01
     3.50006E-01    2.62058E+00    8.49607E-01   -3.28812E-01    1.22643E+00   -3.53998E-01   -4.35441E-01    3.03459E-01   -3.52856E-01    1.04836E-01    6.11472E-02    2.12729E-01   -3.59903E-01    4.22301E-02    1.67665E-01
     3.52506E-01    2.61332E+00    8.52156E-01   -3.25742E-01    1.22958E+00   -3.55074E-01   -4.25541E-01    3.02575E-01   -3.54002E-01    1.04984E-01    5.73929E-02    2.11829E-01   -3.60137E-01    4.26486E-02    1.67149E-01
     3.55006E-01    2.60604E+00    8.54641E-01   -3.22664E-01    1.23265E+00   -3.56126E-01   -4.15642E-01    3.01689E-01   -3.55122E-01    1.05123E-01    5.36518E-02    2.10929E-01   -3.60337E-01    4.30658E-02    1.66611E-01
     3.57506E-01    2.59873E+00    8.57063E-01   -3.19579E-01    1.23564E+00   -3.57153E-01   -4.05745E-01    3.00800E-01   -3.56216E-01    1.05252E-01    4.99242E-02    2.10028E-01   -3.60504E-01    4.34816E-02    1.66051E-01
     3.60006E-01    2.59140E+00    8.59420E-01   -3.16486E-01    1.23855E+00   -3.58155E-01   -3.95849E-01    2.99908E-01   -3.57284E-01    1.05372E-01    4.62106E-02    2.09126E-01   -3.60638E-01    4.38960E-02    1.65470E-01
     3.62506E-01    2.58404E+00    8.61713E-01   -3.13386E-01    1.24137E+00   -3.59132E-01   -3.85957E-01    2.99013E-01   -3.58325E-01    1.05483E-01    4.25116E-02    2.08224E-01   -3.60738E-01    4.43089E-02    1.64869E-01
     3.65006E-01    2.57667E+00    8.63943E-01   -3.10279E-01    1.24412E+00   -3.60084E-01   -3.76068E-01    2.98116E-01   -3.59339E-01    1.05585E-01    3.88275E-02    2.07322E-01   -3.60805E-01    4.47203E-02    1.64247E-01
     3.67506E-01    2.56927E+00    8.66107E-01   -3.07166E-01    1.24678E+00   -3.61012E-01   -3.66183E-01    2.97217E-01   -3.60328E-01    1.05678E-01    3.51588E-02    2.06420E-01   -3.60840E-01    4.51301E-02    1.63604E-01
     3.70006E-01    2.56185E+00    8.68208E-01   -3.04046E-01    1.24936E+00   -3.61915E-01   -3.56304E-01    2.96315E-01   -3.61289E-01    1.05761E-01    3.15059E-02    2.05518E-01   -3.60843E-01    4.55383E-02    1.62941E-01
     3.72506E-01    2.55441E+00    8.70245E-01   -3.00919E-01    1.25187E+00   -3.62794E-01   -3.46431E-01    2.95410E-01   -3.62224E-01    1.05835E-01    2.78692E-02    2.04616E-01   -3.60813E-01    4.59448E-02    1.62258E-01
     3.75006E-01    2.54695E+00    8.72217E-01   -2.97787E-01    1.25429E+00   -3.63647E-01   -3.36564E-01    2.94504E-01   -3.63132E-01    1.05900E-01    2.42493E-02    2.03714E-01   -3.60751E-01    4.63496E-02    1.61556E-01
     3.77506E-01    2.53947E+00    8.74124E-01   -2.94648E-01    1.25663E+00   -3.64476E-01   -3.26704E-01    2.93595E-01   -3.64014E-01    1.05956E-01    2.06464E-02    2.02813E-01   -3.60657E-01    4.67526E-02    1.60834E-01
     3.80006E-01    2.53197E+00    8.75968E-01   -2.91503E-01    1.25890E+00   -3.65281E-01   -3.16852E-01    2.92684E-01   -3.64868E-01    1.06003E-01    1.70611E-02    2.01911E-01   -3.60532E-01    4.71537E-02    1.60093E-01
     3.82506E-01    2.52446E+00    8.77747E-01   -2.88354E-01    1.26109E+00   -3.66061E-01   -3.07009E-01    2.91770E-01   -3.65696E-01    1.06042E-01    1.34937E-02    2.01010E-01   -3.60375E-01    4.75530E-02    1.59333E-01
     3.85006E-01    2.51692E+00    8.79461E-01   -2.85198E-01    1.26320E+00   -3.66816E-01   -2.97175E-01    2.90855E-01   -3.66497E-01    1.06071E-01    9.94467E-03    2.00109E-01   -3.60188E-01    4.79504E-02    1.58555E-01
     3.87506E-01    2.50937E+00    8.81111E-01   -2.82038E-01    1.26523E+00   -3.67547E-01   -2.87350E-01    2.89938E-01   -3.67271E-01    1.06091E-01    6.41432E-03    1.99209E-01   -3.59969E-01    4.83458E-02    1.57758E-01
     3.90006E-01    2.50180E+00    8.82696E-01   -2.78872E-01    1.26718E+00   -3.68253E-01   -2.77536E-01    2.89019E-01   -3.68018E-01    1.06103E-01    2.90308E-03    1.98309E-01   -3.59720E-01    4.87391E-02    1.56943E-01
     3.92506E-01    2.49421E+00    8.84217E-01   -2.75702E-01    1.26906E+00   -3.68934E-01   -2.67734E-01    2.88098E-01   -3.68738E-01    1.06106E-01   -5.88666E-04    1.97410E-01   -3.59441E-01    4.91305E-02    1.56111E-01
     3.95006E-01    2.48661E+00    8.85674E-01   -2.72527E-01    1.27086E+00   -3.69591E-01   -2.57943E-01    2.87175E-01   -3.69430E-01    1.06100E-01   -4.06056E-03    1.96512E-01   -3.59132E-01    4.95197E-02    1.55261E-01
     3.97506E-01    2.47899E+00    8.87066E-01   -2.69348E-01    1.27259E+00   -3.70224E-01   -2.48164E-01    2.86251E-01   -3.70096E-01    1.06086E-01   -7.51222E-03    1.95615E-01   -3.58793E-01    4.99067E-02    1.54394E-01
     4.00006E-01    2.47135E+00    8.88393E-01   -2.66164E-01    1.27424E+00   -3.70832E-01   -2.38397E-01    2.85325E-01   -3.70735E-01    1.06063E-01   -1.09433E-02    1.94718E-01   -3.58424E-01    5.02916E-02    1.53510E-01
     4.02506E-01    2.46370E+00    8.89656E-01   -2.62977E-01    1.27582E+00   -3.71416E-01   -2.28644E-01    2.84397E-01   -3.71346E-01    1.06031E-01   -1.43534E-02    1.93823E-01   -3.58026E-01    5.06743E-02    1.52609E-01
     4.05006E-01    2.45604E+00    8.90855E-01   -2.59785E-01    1.27732E+00   -3.71975E-01   -2.18905E-01    2.83468E-01   -3.71931E-01    1.05991E-01   -1.77423E-02    1.92928E-01   -3.57599E-01    5.10547E-02    1.51692E-01
     4.07506E-01    2.44836E+00    8.91989E-01   -2.56590E-01    1.27875E+00   -3.72510E-01   -2.09181E-01    2.82538E-01   -3.72488E-01    1.05942E-01   -2.11095E-02    1.92035E-01   -3.57143E-01    5.14327E-02    1.50759E-01
     4.10006E-01    2.44067E+00    8.93059E-01   -2.53392E-01    1.28010E+00   -3.73021E-01   -1.99471E-01    2.81606E-01   -3.73018E-01    1.05885E-01   -2.44548E-02    1.91143E-01   -3.56659E-01    5.18084E-02    1.49810E-01
     4.12506E-01    2.43297E+00    8.94064E-01   -2.50190E-01    1.28139E+00   -3.73508E-01   -1.89777E-01    2.80673E-01   -3.73521E-01    1.05820E-01   -2.77778E-02    1.90252E-01   -3.56146E-01    5.21817E-02    1.48846E-01
     4.15006E-01    2.42525E+00    8.95005E-01   -2.46985E-01    1.28260E+00   -3.73970E-01   -1.80099E-01    2.79738E-01   -3.73997E-01    1.05746E-01   -3.10782E-02    1.89362E-01   -3.55606E-01    5.25526E-02    1.47866E-01
     4.17506E-01    2.41753E+00    8.95883E-01   -2.43777E-01    1.28373E+00   -3.74408E-01   -1.70436E-01    2.78803E-01   -3.74445E-01    1.05665E-01   -3.43557E-02    1.88474E-01   -3.55038E-01    5.29211E-02    1.46872E-01
     4.20006E-01    2.40979E+00    8.96695E-01   -2.40566E-01    1.28480E+00   -3.74822E-01   -1.60791E-01    2.77866E-01   -3.74866E-01    1.05575E-01   -3.76099E-02    1.87587E-01   -3.54442E-01    5.32870E-02    1.45863E-01
     4.22506E-01    2.40204E+00    8.97444E-01   -2.37353E-01    1.28579E+00   -3.75212E-01   -1.51163E-01    2.76928E-01   -3.75260E-01    1.05477E-01   -4.08407E-02    1.86701E-01   -3.53820E-01    5.36503E-02    1.44839E-01
     4.25006E-01    2.39428E+00    8.98129E-01   -2.34137E-01    1.28671E+00   -3.75578E-01   -1.41553E-01    2.75990E-01   -3.75627E-01    1.05370E-01   -4.40476E-02    1.85818E-01   -3.53170E-01    5.40111E-02    1.43802E-01
     4.27506E-01    2.38651E+00    8.98750E-01   -2.30920E-01    1.28757E+00   -3.75920E-01   -1.31961E-01    2.75050E-01   -3.75966E-01    1.05256E-01   -4.72304E-02    1.84936E-01   -3.52494E-01    5.43693E-02    1.42751E-01
     4.30006E-01    2.37874E+00    8.99307E-01   -2.27700E-01    1.28835E+00   -3.76238E-01   -1.22388E-01    2.74110E-01   -3.76279E-01    1.05134E-01   -5.03889E-02    1.84055E-01   -3.51792E-01    5.47249E-02    1.41686E-01
     4.32506E-01    2.37095E+00    8.99800E-01   -2.24478E-01    1.28906E+00   -3.76532E-01   -1.12833E-01    2.73169E-01   -3.76564E-01    1.05004E-01   -5.35228E-02    1.83177E-01   -3.51064E-01    5.50777E-02    1.40608E-01
     4.35006E-01    2.36316E+00    9.00230E-01   -2.21254E-01    1.28970E+00   -3.76802E-01   -1.03298E-01    2.72227E-01   -3.76821E-01    1.04867E-01   -5.66317E-02    1.82300E-01   -3.50310E-01    5.54279E-02    1.39518E-01
     4.37506E-01    2.35535E+00    9.00596E-01   -2.18030E-01    1.29028E+00   -3.77048E-01   -9.37823E-02    2.71285E-01   -3.77052E-01    1.04721E-01   -5.97155E-02    1.81425E-01   -3.49531E-01    5.57753E-02    1.38415E-01
     4.40006E-01    2.34755E+00    9.00899E-01   -2.14803E-01    1.29079E+00   -3.77271E-01   -8.42869E-02    2.70342E-01   -3.77255E-01    1.04568E-01   -6.27738E-02    1.80552E-01   -3.48726E-01    5.61200E-02    1.37299E-01
     4.42506E-01    2.33973E+00    9.01138E-01   -2.11576E-01    1.29122E+00   -3.77470E-01   -7.48119E-02    2.69399E-01   -3.77432E-01    1.04407E-01   -6.58065E-02    1.79682E-01   -3.47897E-01    5.64618E-02    1.36172E-01
     4.45006E-01    2.33191E+00    9.01314E-01   -2.08347E-01    1.29159E+00   -3.77645E-01   -6.53577E-02    2.68455E-01   -3.77581E-01    1.04239E-01   -6.88134E-02    1.78813E-01   -3.47043E-01    5.68008E-02    1.35033E-01
     4.47506E-01    2.32408E+00    9.01427E-01   -2.05118E-01    1.29190E+00   -3.77797E-01   -5.59246E-02    2.67511E-01   -3.77703E-01    1.04063E-01   -7.17941E-02    1.77946E-01   -3.46165E-01    5.71370E-02    1.33883E-01
     4.50006E-01    2.31625E+00    9.01477E-01   -2.01888E-01    1.29213E+00   -3.77925E-01   -4.65129E-02    2.66566E-01   -3.77798E-01    1.03880E-01   -7.47484E-02    1.77082E-01   -3.45263E-01    5.74702E-02    1.32722E-01
     4.52505E-01    2.30841E+00    9.01465E-01   -1.98657E-01    1.29230E+00   -3.78029E-01   -3.71230E-02    2.65622E-01   -3.77866E-01    1.03690E-01   -7.76762E-02    1.76220E-01   -3.44338E-01    5.78005E-02    1.31550E-01
     4.55005E-01    2.30057E+00    9.01389E-01   -1.95426E-01    1.29241E+00   -3.78110E-01   -2.77551E-02    2.64677E-01   -3.77907E-01    1.03492E-01   -8.05772E-02    1.75360E-01   -3.43389E-01    5.81279E-02    1.30367E-01
     4.57505E-01    2.29273E+00    9.01251E-01   -1.92195E-01    1.29245E+00   -3.78168E-01   -1.84095E-02    2.63732E-01   -3.77921E-01    1.03287E-01   -8.34513E-02    1.74503E-01   -3.42417E-01    5.84524E-02    1.29174E-01
     4.60005E-01    2.28488E+00    9.01051E-01   -1.88964E-01    1.29242E+00   -3.78202E-01   -9.08644E-03    2.62787E-01   -3.77908E-01    1.03075E-01   -8.62982E-02    1.73648E-01   -3.41422E-01    5.87738E-02    1.27972E-01
     4.62505E-01    2.27703E+00    9.00788E-01   -1.85733E-01    1.29233E+00   -3.78214E-01    2.13718E-04    2.61843E-01   -3.77868E-01    1.02855E-01   -8.91177E-02    1.72796E-01   -3.40405E-01    5.90922E-02    1.26760E-01
     4.65005E-01    2.26918E+00    9.00463E-01   -1.82503E-01    1.29217E+00   -3.78201E-01    9.49077E-03    2.60898E-01   -3.77801E-01    1.02629E-01   -9.19097E-02    1.71946E-01   -3.39366E-01    5.94076E-02    1.25538E-01
     4.67505E-01    2.26132E+00    9.00076E-01   -1.79273E-01    1.29195E+00   -3.78166E-01    1.87445E-02    2.59954E-01   -3.77707E-01    1.02396E-01   -9.46740E-02    1.71099E-01   -3.38305E-01    5.97199E-02    1.24308E-01
     4.70005E-01    2.25347E+00    8.99628E-01   -1.76043E-01    1.29167E+00   -3.78108E-01    2.79746E-02    2.59010E-01   -3.77587E-01    1.02156E-01   -9.74103E-02    1.70255E-01   -3.37222E-01    6.00291E-02    1.23069E-01
     4.72505E-01    2.24561E+00    8.99118E-01   -1.72814E-01    1.29132E+00   -3.78026E-01    3.71809E-02    2.58066E-01   -3.77440E-01    1.01909E-01   -1.00119E-01    1.69413E-01   -3.36118E-01    6.03352E-02    1.21821E-01
     4.75005E-01    2.23776E+00    8.98546E-01   -1.69587E-01    1.29091E+00   -3.77922E-01    4.63631E-02    2.57123E-01   -3.77266E-01    1.01655E-01   -1.02799E-01    1.68574E-01   -3.34994E-01    6.06382E-02    1.20566E-01
     4.77505E-01    2.22990E+00    8.97914E-01   -1.66360E-01    1.29043E+00   -3.77794E-01    5.55211E-02    2.56180E-01   -3.77065E-01    1.01395E-01   -1.05451E-01    1.67738E-01   -3.33848E-01    6.09380E-02    1.19303E-01
     4.80005E-01    2.22205E+00    8.97220E-01   -1.63135E-01    1.28990E+00   -3.77644E-01    6.46547E-02    2.55237E-01   -3.76838E-01    1.01128E-01   -1.08074E-01    1.66905E-01   -3.32682E-01    6.12347E-02    1.18032E-01
     4.82505E-01    2.21420E+00    8.96465E-01   -1.59911E-01    1.28930E+00   -3.77471E-01    7.37637E-02    2.54295E-01   -3.76585E-01    1.00855E-01   -1.10668E-01    1.66075E-01   -3.31496E-01    6.15282E-02    1.16754E-01
     4.85005E-01    2.20635E+00    8.95650E-01   -1.56688E-01    1.28864E+00   -3.77275E-01    8.28478E-02    2.53354E-01   -3.76305E-01    1.00575E-01   -1.13234E-01    1.65248E-01   -3.30291E-01    6.18185E-02    1.15469E-01
     4.87505E-01    2.19850E+00    8.94775E-01   -1.53468E-01    1.28792E+00   -3.77057E-01    9.19070E-02    2.52414E-01   -3.75999E-01    1.00288E-01   -1.15771E-01    1.64424E-01   -3.29066E-01    6.21055E-02    1.14178E-01
     4.90005E-01    2.19066E+00    8.93839E-01   -1.50249E-01    1.28713E+00   -3.76816E-01    1.00941E-01    2.51474E-01   -3.75667E-01    9.99958E-02   -1.18279E-01    1.63602E-01   -3.27822E-01    6.23893E-02    1.12880E-01
     4.92505E-01    2.18281E+00    8.92843E-01   -1.47032E-01    1.28629E+00   -3.76552E-01    1.09950E-01    2.50536E-01   -3.75308E-01    9.96970E-02   -1.20758E-01    1.62784E-01   -3.26559E-01    6.26699E-02    1.11576E-01
     4.95005E-01    2.17498E+00    8.91788E-01   -1.43817E-01    1.28538E+00   -3.76266E-01    1.18933E-01    2.49598E-01   -3.74923E-01    9.93921E-02   -1.23208E-01    1.61970E-01   -3.25277E-01    6.29472E-02    1.10267E-01
     4.97505E-01    2.16714E+00    8.90673E-01   -1.40605E-01    1.28442E+00   -3.75958E-01    1.27891E-01    2.48661E-01   -3.74513E-01    9.90810E-02   -1.25628E-01    1.61158E-01   -3.23977E-01    6.32212E-02    1.08952E-01
     5.00005E-01    2.15931E+00    8.89499E-01   -1.37395E-01    1.28339E+00   -3.75627E-01    1.36822E-01    2.47725E-01   -3.74076E-01    9.87639E-02   -1.28019E-01    1.60350E-01   -3.22660E-01    6.34920E-02    1.07631E-01
     5.02505E-01    2.15149E+00    8.88265E-01   -1.34188E-01    1.28230E+00   -3.75274E-01    1.45728E-01    2.46791E-01   -3.73613E-01    9.84409E-02   -1.30380E-01    1.59545E-01   -3.21324E-01    6.37594E-02    1.06306E-01
     5.05005E-01    2.14367E+00    8.86973E-01   -1.30984E-01    1.28116E+00   -3.74898E-01    1.54608E-01    2.45857E-01   -3.73125E-01    9.81121E-02   -1.32712E-01    1.58743E-01   -3.19972E-01    6.40235E-02    1.04977E-01
     5.07505E-01    2.13586E+00    8.85622E-01   -1.27783E-01    1.27995E+00   -3.74501E-01    1.63462E-01    2.44925E-01   -3.72611E-01    9.77774E-02   -1.35014E-01    1.57945E-01   -3.18602E-01    6.42843E-02    1.03643E-01
     5.10005E-01    2.12806E+00    8.84213E-01   -1.24584E-01    1.27869E+00   -3.74081E-01    1.72290E-01    2.43994E-01   -3.72071E-01    9.74370E-02   -1.37286E-01    1.57150E-01   -3.17215E-01    6.45417E-02    1.02305E-01
     5.12505E-01    2.12026E+00    8.82746E-01   -1.21389E-01    1.27736E+00   -3.73639E-01    1.81091E-01    2.43065E-01   -3.71506E-01    9.70910E-02   -1.39529E-01    1.56359E-01   -3.15813E-01    6.47958E-02    1.00963E-01
     5.15005E-01    2.11248E+00    8.81221E-01   -1.18198E-01    1.27598E+00   -3.73175E-01    1.89866E-01    2.42137E-01   -3.70916E-01    9.67394E-02   -1.41742E-01    1.55571E-01   -3.14393E-01    6.50465E-02    9.96180E-02
     5.17505E-01    2.10470E+00    8.79639E-01   -1.15010E-01    1.27454E+00   -3.72690E-01    1.98614E-01    2.41210E-01   -3.70300E-01    9.63823E-02   -1.43924E-01    1.54787E-01   -3.12959E-01    6.52938E-02    9.82696E-02
     5.20005E-01    2.09692E+00    8.77999E-01   -1.11825E-01    1.27303E+00   -3.72182E-01    2.07336E-01    2.40285E-01   -3.69659E-01    9.60198E-02   -1.46077E-01    1.54006E-01   -3.11508E-01    6.55378E-02    9.69183E-02
     5.22505E-01    2.08916E+00    8.76302E-01   -1.08645E-01    1.27147E+00   -3.71653E-01    2.16030E-01    2.39362E-01   -3.68993E-01    9.56520E-02   -1.48200E-01    1.53229E-01   -3.10043E-01    6.57784E-02    9.55644E-02
     5.25005E-01    2.08141E+00    8.74548E-01   -1.05468E-01    1.26986E+00   -3.71102E-01    2.24698E-01    2.38440E-01   -3.68302E-01    9.52789E-02   -1.50293E-01    1.52456E-01   -3.08562E-01    6.60156E-02    9.42081E-02
     5.27505E-01    2.07367E+00    8.72738E-01   -1.02295E-01    1.26818E+00   -3.70530E-01    2.33339E-01    2.37521E-01   -3.67586E-01    9.49006E-02   -1.52355E-01    1.51687E-01   -3.07067E-01    6.62495E-02    9.28497E-02
     5.30005E-01    2.06594E+00    8.70872E-01   -9.91271E-02    1.26644E+00   -3.69936E-01    2.41953E-01    2.36603E-01   -3.66845E-01    9.45171E-02   -1.54388E-01    1.50921E-01   -3.05557E-01    6.64799E-02    9.14895E-02
     5.32505E-01    2.05822E+00    8.68950E-01   -9.59633E-02    1.26465E+00   -3.69320E-01    2.50540E-01    2.35686E-01   -3.66080E-01    9.41286E-02   -1.56391E-01    1.50159E-01   -3.04033E-01    6.67069E-02    9.01277E-02
     5.35005E-01    2.05051E+00    8.66973E-01   -9.28040E-02    1.26280E+00   -3.68683E-01    2.59100E-01    2.34772E-01   -3.65290E-01    9.37352E-02   -1.58363E-01    1.49401E-01   -3.02496E-01    6.69305E-02    8.87647E-02
     5.37505E-01    2.04282E+00    8.64940E-01   -8.96494E-02    1.26089E+00   -3.68025E-01    2.67632E-01    2.33860E-01   -3.64476E-01    9.33369E-02   -1.60305E-01    1.48646E-01   -3.00945E-01    6.71507E-02    8.74007E-02
     5.40005E-01    2.03513E+00    8.62852E-01   -8.64996E-02    1.25893E+00   -3.67345E-01    2.76137E-01    2.32950E-01   -3.63637E-01    9.29337E-02   -1.62217E-01    1.47896E-01   -2.99381E-01    6.73675E-02    8.60359E-02
     5.42505E-01    2.02746E+00    8.60710E-01   -8.33548E-02    1.25690E+00   -3.66644E-01    2.84615E-01    2.32042E-01   -3.62774E-01    9.25258E-02   -1.64099E-01    1.47150E-01   -2.97803E-01    6.75809E-02    8.46706E-02
     5.45005E-01    2.01981E+00    8.58513E-01   -8.02152E-02    1.25482E+00   -3.65922E-01    2.93065E-01    2.31136E-01   -3.61888E-01    9.21132E-02   -1.65951E-01    1.46407E-01   -2.96214E-01    6.77909E-02    8.33051E-02
     5.47505E-01    2.01217E+00    8.56262E-01   -7.70809E-02    1.25268E+00   -3.65179E-01    3.01487E-01    2.30232E-01   -3.60977E-01    9.16961E-02   -1.67773E-01    1.45669E-01   -2.94612E-01    6.79974E-02    8.19396E-02
     5.50005E-01    2.00454E+00    8.53958E-01   -7.39519E-02    1.25048E+00   -3.64414E-01    3.09882E-01    2.29331E-01   -3.60043E-01    9.12744E-02   -1.69565E-01    1.44934E-01   -2.92997E-01    6.82006E-02    8.05744E-02
     5.52504E-01    1.99693E+00    8.51600E-01   -7.08286E-02    1.24823E+00   -3.63629E-01    3.18249E-01    2.28432E-01   -3.59085E-01    9.08483E-02   -1.71326E-01    1.44204E-01   -2.91371E-01    6.84003E-02    7.92098E-02
     5.55004E-01    1.98933E+00    8.49189E-01   -6.77109E-02    1.24592E+00   -3.62823E-01    3.26588E-01    2.27536E-01   -3.58104E-01    9.04178E-02   -1.73058E-01    1.43477E-01   -2.89734E-01    6.85966E-02    7.78459E-02
     5.57504E-01    1.98175E+00    8.46725E-01   -6.45991E-02    1.24355E+00   -3.61996E-01    3.34899E-01    2.26642E-01   -3.57099E-01    8.99830E-02   -1.74759E-01    1.42755E-01   -2.88085E-01    6.87895E-02    7.64831E-02
     5.60004E-01    1.97419E+00    8.44209E-01   -6.14933E-02    1.24112E+00   -3.61149E-01    3.43182E-01    2.25750E-01   -3.56071E-01    8.95441E-02   -1.76431E-01    1.42037E-01   -2.86425E-01    6.89790E-02    7.51216E-02
     5.62504E-01    1.96664E+00    8.41641E-01   -5.83936E-02    1.23863E+00   -3.60280E-01    3.51437E-01    2.24861E-01   -3.55020E-01    8.91009E-02   -1.78073E-01    1.41323E-01   -2.84755E-01    6.91651E-02    7.37617E-02
     5.65004E-01    1.95911E+00    8.39022E-01   -5.53002E-02    1.23609E+00   -3.59392E-01    3.59664E-01    2.23975E-01   -3.53947E-01    8.86537E-02   -1.79685E-01    1.40613E-01   -2.83074E-01    6.93478E-02    7.24035E-02
     5.67504E-01    1.95160E+00    8.36351E-01   -5.22133E-02    1.23349E+00   -3.58482E-01    3.67863E-01    2.23092E-01   -3.52850E-01    8.82025E-02   -1.81266E-01    1.39908E-01   -2.81383E-01    6.95271E-02    7.10474E-02
     5.70004E-01    1.94411E+00    8.33629E-01   -4.91329E-02    1.23083E+00   -3.57552E-01    3.76033E-01    2.22211E-01   -3.51731E-01    8.77474E-02   -1.82819E-01    1.39206E-01   -2.79683E-01    6.97031E-02    6.96936E-02
     5.72504E-01    1.93663E+00    8.30856E-01   -4.60592E-02    1.22811E+00   -3.56602E-01    3.84174E-01    2.21333E-01   -3.50590E-01    8.72885E-02   -1.84341E-01    1.38509E-01   -2.77972E-01    6.98756E-02    6.83423E-02
     5.75004E-01    1.92918E+00    8.28034E-01   -4.29924E-02    1.22534E+00   -3.55632E-01    3.92287E-01    2.20458E-01   -3.49426E-01    8.68258E-02   -1.85834E-01    1.37816E-01   -2.76253E-01    7.00448E-02    6.69938E-02
     5.77504E-01    1.92174E+00    8.25161E-01   -3.99326E-02    1.22251E+00   -3.54641E-01    4.00371E-01    2.19586E-01   -3.48240E-01    8.63593E-02   -1.87297E-01    1.37128E-01   -2.74524E-01    7.02106E-02    6.56482E-02
     5.80004E-01    1.91433E+00    8.22239E-01   -3.68800E-02    1.21962E+00   -3.53630E-01    4.08426E-01    2.18717E-01   -3.47032E-01    8.58893E-02   -1.88731E-01    1.36444E-01   -2.72787E-01    7.03730E-02    6.43059E-02
     5.82504E-01    1.90693E+00    8.19267E-01   -3.38347E-02    1.21667E+00   -3.52599E-01    4.16452E-01    2.17851E-01   -3.45803E-01    8.54157E-02   -1.90136E-01    1.35764E-01   -2.71041E-01    7.05321E-02    6.29671E-02
     5.85004E-01    1.89956E+00    8.16247E-01   -3.07968E-02    1.21366E+00   -3.51547E-01    4.24448E-01    2.16988E-01   -3.44552E-01    8.49387E-02   -1.91511E-01    1.35089E-01   -2.69286E-01    7.06879E-02    6.16319E-02
     5.87504E-01    1.89221E+00    8.13179E-01   -2.77664E-02    1.21060E+00   -3.50476E-01    4.32416E-01    2.16128E-01   -3.43279E-01    8.44582E-02   -1.92856E-01    1.34418E-01   -2.67524E-01    7.08403E-02    6.03007E-02
     5.90004E-01    1.88488E+00    8.10062E-01   -2.47439E-02    1.20747E+00   -3.49385E-01    4.40354E-01    2.15272E-01   -3.41985E-01    8.39744E-02   -1.94173E-01    1.33751E-01   -2.65754E-01    7.09894E-02    5.89736E-02
     5.92504E-01    1.87757E+00    8.06898E-01   -2.17292E-02    1.20429E+00   -3.48275E-01    4.48262E-01    2.14418E-01   -3.40670E-01    8.34874E-02   -1.95461E-01    1.33089E-01   -2.63977E-01    7.11351E-02    5.76509E-02
     5.95004E-01    1.87029E+00    8.03687E-01   -1.87225E-02    1.20105E+00   -3.47144E-01    4.56140E-01    2.13568E-01   -3.39335E-01    8.29971E-02   -1.96719E-01    1.32431E-01   -2.62192E-01    7.12776E-02    5.63328E-02
     5.97504E-01    1.86303E+00    8.00429E-01   -1.57241E-02    1.19775E+00   -3.45994E-01    4.63988E-01    2.12722E-01   -3.37978E-01    8.25038E-02   -1.97949E-01    1.31778E-01   -2.60401E-01    7.14168E-02    5.50196E-02
     6.00004E-01    1.85579E+00    7.97124E-01   -1.27339E-02    1.19439E+00   -3.44824E-01    4.71806E-01    2.11878E-01   -3.36601E-01    8.20074E-02   -1.99150E-01    1.31129E-01   -2.58602E-01    7.15527E-02    5.37113E-02
     6.02504E-01    1.84858E+00    7.93774E-01   -9.75223E-03    1.19097E+00   -3.43635E-01    4.79594E-01    2.11039E-01   -3.35203E-01    8.15081E-02   -2.00322E-01    1.30485E-01   -2.56798E-01    7.16854E-02    5.24083E-02
     6.05004E-01    1.84140E+00    7.90378E-01   -6.77917E-03    1.18749E+00   -3.42426E-01    4.87351E-01    2.10202E-01   -3.33785E-01    8.10058E-02   -2.01466E-01    1.29845E-01   -2.54987E-01    7.18148E-02    5.11108E-02
     6.07504E-01    1.83423E+00    7.86936E-01   -3.81489E-03    1.18395E+00   -3.41198E-01    4.95077E-01    2.09370E-01   -3.32348E-01    8.05008E-02   -2.02582E-01    1.29210E-01   -2.53170E-01    7.19409E-02    4.98189E-02
     6.10004E-01    1.82710E+00    7.83450E-01   -8.59534E-04    1.18035E+00   -3.39951E-01    5.02772E-01    2.08541E-01   -3.30890E-01    7.99930E-02   -2.03669E-01    1.28579E-01   -2.51347E-01    7.20638E-02    4.85329E-02
     6.12504E-01    1.81999E+00    7.79920E-01    2.08675E-03    1.17669E+00   -3.38685E-01    5.10435E-01    2.07715E-01   -3.29413E-01    7.94825E-02   -2.04728E-01    1.27953E-01   -2.49519E-01    7.21836E-02    4.72531E-02
     6.15004E-01    1.81290E+00    7.76345E-01    5.02381E-03    1.17297E+00   -3.37399E-01    5.18067E-01    2.06894E-01   -3.27916E-01    7.89694E-02   -2.05759E-01    1.27332E-01   -2.47686E-01    7.23001E-02    4.59795E-02
     6.17504E-01    1.80585E+00    7.72727E-01    7.95150E-03    1.16919E+00   -3.36094E-01    5.25667E-01    2.06076E-01   -3.26400E-01    7.84537E-02   -2.06762E-01    1.26715E-01   -2.45847E-01    7.24135E-02    4.47124E-02
     6.20004E-01    1.79882E+00    7.69066E-01    1.08697E-02    1.16535E+00   -3.34771E-01    5.33234E-01    2.05262E-01   -3.24866E-01    7.79356E-02   -2.07738E-01    1.26103E-01   -2.44004E-01    7.25237E-02    4.34520E-02
     6.22504E-01    1.79182E+00    7.65363E-01    1.37781E-02    1.16145E+00   -3.33428E-01    5.40769E-01    2.04452E-01   -3.23312E-01    7.74151E-02   -2.08686E-01    1.25495E-01   -2.42157E-01    7.26307E-02    4.21985E-02
     6.25004E-01    1.78484E+00    7.61617E-01    1.66768E-02    1.15748E+00   -3.32067E-01    5.48271E-01    2.03645E-01   -3.21739E-01    7.68922E-02   -2.09606E-01    1.24892E-01   -2.40305E-01    7.27347E-02    4.09522E-02
     6.27504E-01    1.77790E+00    7.57829E-01    1.95654E-02    1.15345E+00   -3.30687E-01    5.55740E-01    2.02843E-01   -3.20148E-01    7.63671E-02   -2.10499E-01    1.24293E-01   -2.38449E-01    7.28355E-02    3.97131E-02
     6.30004E-01    1.77098E+00    7.53999E-01    2.24439E-02    1.14937E+00   -3.29288E-01    5.63176E-01    2.02045E-01   -3.18539E-01    7.58397E-02   -2.11365E-01    1.23700E-01   -2.36589E-01    7.29332E-02    3.84815E-02
     6.32504E-01    1.76410E+00    7.50129E-01    2.53121E-02    1.14522E+00   -3.27871E-01    5.70577E-01    2.01250E-01   -3.16912E-01    7.53103E-02   -2.12204E-01    1.23110E-01   -2.34725E-01    7.30279E-02    3.72575E-02
     6.35004E-01    1.75724E+00    7.46219E-01    2.81699E-02    1.14100E+00   -3.26435E-01    5.77944E-01    2.00460E-01   -3.15267E-01    7.47787E-02   -2.13016E-01    1.22526E-01   -2.32859E-01    7.31195E-02    3.60415E-02
     6.37504E-01    1.75042E+00    7.42268E-01    3.10171E-02    1.13673E+00   -3.24981E-01    5.85276E-01    1.99674E-01   -3.13604E-01    7.42452E-02   -2.13801E-01    1.21946E-01   -2.30989E-01    7.32081E-02    3.48334E-02
     6.40004E-01    1.74362E+00    7.38278E-01    3.38534E-02    1.13239E+00   -3.23509E-01    5.92574E-01    1.98892E-01   -3.11924E-01    7.37098E-02   -2.14560E-01    1.21371E-01   -2.29116E-01    7.32937E-02    3.36336E-02
     6.42504E-01    1.73686E+00    7.34248E-01    3.66789E-02    1.12799E+00   -3.22019E-01    5.99835E-01    1.98114E-01   -3.10226E-01    7.31725E-02   -2.15293E-01    1.20801E-01   -2.27240E-01    7.33763E-02    3.24423E-02
     6.45004E-01    1.73012E+00    7.30180E-01    3.94933E-02    1.12352E+00   -3.20510E-01    6.07061E-01    1.97341E-01   -3.08512E-01    7.26333E-02   -2.15999E-01    1.20235E-01   -2.25362E-01    7.34559E-02    3.12595E-02
     6.47504E-01    1.72342E+00    7.26074E-01    4.22964E-02    1.11900E+00   -3.18983E-01    6.14250E-01    1.96572E-01   -3.06781E-01    7.20925E-02   -2.16679E-01    1.19674E-01   -2.23482E-01    7.35326E-02    3.00854E-02
     6.50003E-01    1.71676E+00    7.21930E-01    4.50881E-02    1.11440E+00   -3.17439E-01    6.21402E-01    1.95807E-01   -3.05033E-01    7.15500E-02   -2.17334E-01    1.19117E-01   -2.21599E-01    7.36064E-02    2.89204E-02
     6.52503E-01    1.71012E+00    7.17749E-01    4.78683E-02    1.10975E+00   -3.15876E-01    6.28517E-01    1.95047E-01   -3.03268E-01    7.10059E-02   -2.17962E-01    1.18566E-01   -2.19715E-01    7.36772E-02    2.77644E-02
     6.55003E-01    1.70352E+00    7.13530E-01    5.06368E-02    1.10502E+00   -3.14296E-01    6.35594E-01    1.94291E-01   -3.01488E-01    7.04602E-02   -2.18566E-01    1.18019E-01   -2.17829E-01    7.37452E-02    2.66177E-02
     6.57503E-01    1.69695E+00    7.09276E-01    5.33933E-02    1.10024E+00   -3.12698E-01    6.42632E-01    1.93539E-01   -2.99692E-01    6.99131E-02   -2.19144E-01    1.17477E-01   -2.15942E-01    7.38103E-02    2.54805E-02
     6.60003E-01    1.69042E+00    7.04985E-01    5.61378E-02    1.09539E+00   -3.11083E-01    6.49631E-01    1.92792E-01   -2.97879E-01    6.93645E-02   -2.19697E-01    1.16939E-01   -2.14053E-01    7.38726E-02    2.43529E-02
     6.62503E-01    1.68392E+00    7.00659E-01    5.88702E-02    1.09047E+00   -3.09450E-01    6.56591E-01    1.92050E-01   -2.96052E-01    6.88146E-02   -2.20225E-01    1.16406E-01   -2.12163E-01    7.39321E-02    2.32351E-02
     6.65003E-01    1.67745E+00    6.96298E-01    6.15901E-02    1.08549E+00   -3.07800E-01    6.63510E-01    1.91312E-01   -2.94209E-01    6.82634E-02   -2.20728E-01    1.15878E-01   -2.10273E-01    7.39888E-02    2.21272E-02
     6.67503E-01    1.67102E+00    6.91903E-01    6.42975E-02    1.08044E+00   -3.06133E-01    6.70389E-01    1.90579E-01   -2.92351E-01    6.77110E-02   -2.21207E-01    1.15355E-01   -2.08382E-01    7.40427E-02    2.10294E-02
     6.70003E-01    1.66463E+00    6.87474E-01    6.69922E-02    1.07533E+00   -3.04448E-01    6.77225E-01    1.89850E-01   -2.90478E-01    6.71574E-02   -2.21661E-01    1.14836E-01   -2.06490E-01    7.40939E-02    1.99419E-02
     6.72503E-01    1.65827E+00    6.83011E-01    6.96740E-02    1.07015E+00   -3.02747E-01    6.84020E-01    1.89127E-01   -2.88590E-01    6.66027E-02   -2.22091E-01    1.14323E-01   -2.04598E-01    7.41424E-02    1.88648E-02
     6.75003E-01    1.65195E+00    6.78515E-01    7.23428E-02    1.06490E+00   -3.01028E-01    6.90772E-01    1.88407E-01   -2.86688E-01    6.60470E-02   -2.22498E-01    1.13813E-01   -2.02706E-01    7.41883E-02    1.77983E-02
     6.77503E-01    1.64566E+00    6.73987E-01    7.49984E-02    1.05959E+00   -2.99293E-01    6.97481E-01    1.87693E-01   -2.84772E-01    6.54903E-02   -2.22880E-01    1.13309E-01   -2.00814E-01    7.42314E-02    1.67425E-02
     6.80003E-01    1.63942E+00    6.69426E-01    7.76407E-02    1.05421E+00   -2.97541E-01    7.04145E-01    1.86984E-01   -2.82842E-01    6.49326E-02   -2.23239E-01    1.12809E-01   -1.98923E-01    7.42720E-02    1.56976E-02
     6.82503E-01    1.63321E+00    6.64834E-01    8.02694E-02    1.04876E+00   -2.95772E-01    7.10764E-01    1.86279E-01   -2.80898E-01    6.43741E-02   -2.23575E-01    1.12314E-01   -1.97032E-01    7.43099E-02    1.46637E-02
     6.85003E-01    1.62703E+00    6.60211E-01    8.28844E-02    1.04325E+00   -2.93987E-01    7.17338E-01    1.85579E-01   -2.78941E-01    6.38148E-02   -2.23888E-01    1.11824E-01   -1.95142E-01    7.43453E-02    1.36410E-02
     6.87503E-01    1.62090E+00    6.55557E-01    8.54855E-02    1.03767E+00   -2.92186E-01    7.23865E-01    1.84884E-01   -2.76971E-01    6.32547E-02   -2.24178E-01    1.11339E-01   -1.93253E-01    7.43782E-02    1.26295E-02
     6.90003E-01    1.61480E+00    6.50874E-01    8.80726E-02    1.03202E+00   -2.90368E-01    7.30346E-01    1.84194E-01   -2.74987E-01    6.26939E-02   -2.24445E-01    1.10858E-01   -1.91364E-01    7.44085E-02    1.16295E-02
     6.92503E-01    1.60874E+00    6.46160E-01    9.06455E-02    1.02631E+00   -2.88534E-01    7.36778E-01    1.83509E-01   -2.72990E-01    6.21325E-02   -2.24690E-01    1.10382E-01   -1.89477E-01    7.44363E-02    1.06411E-02
     6.95003E-01    1.60273E+00    6.41418E-01    9.32040E-02    1.02053E+00   -2.86684E-01    7.43161E-01    1.82829E-01   -2.70981E-01    6.15705E-02   -2.24912E-01    1.09911E-01   -1.87592E-01    7.44617E-02    9.66438E-03
     6.97503E-01    1.59675E+00    6.36647E-01    9.57480E-02    1.01467E+00   -2.84818E-01    7.49495E-01    1.82154E-01   -2.68960E-01    6.10080E-02   -2.25113E-01    1.09444E-01   -1.85708E-01    7.44846E-02    8.69952E-03
     7.00003E-01    1.59081E+00    6.31848E-01    9.82773E-02    1.00876E+00   -2.82937E-01    7.55778E-01    1.81485E-01   -2.66927E-01    6.04450E-02   -2.25291E-01    1.08982E-01   -1.83825E-01    7.45052E-02    7.74664E-03
     7.02503E-01    1.58491E+00    6.27021E-01    1.00792E-01    1.00277E+00   -2.81040E-01    7.62010E-01    1.80820E-01   -2.64881E-01    5.98815E-02   -2.25448E-01    1.08525E-01   -1.81945E-01    7.45234E-02    6.80587E-03
     7.05003E-01    1.57905E+00    6.22168E-01    1.03291E-01    9.96717E-01   -2.79127E-01    7.68189E-01    1.80160E-01   -2.62824E-01    5.93177E-02   -2.25584E-01    1.08072E-01   -1.80066E-01    7.45392E-02    5.87734E-03
     7.07503E-01    1.57324E+00    6.17287E-01    1.05775E-01    9.90595E-01   -2.77199E-01    7.74316E-01    1.79506E-01   -2.60756E-01    5.87536E-02   -2.25699E-01    1.07625E-01   -1.78190E-01    7.45528E-02    4.96117E-03
     7.10003E-01    1.56746E+00    6.12381E-01    1.08244E-01    9.84406E-01   -2.75255E-01    7.80388E-01    1.78856E-01   -2.58676E-01    5.81893E-02   -2.25793E-01    1.07181E-01   -1.76317E-01    7.45641E-02    4.05748E-03
     7.12503E-01    1.56173E+00    6.07449E-01    1.10697E-01    9.78149E-01   -2.73297E-01    7.86406E-01    1.78212E-01   -2.56585E-01    5.76247E-02   -2.25866E-01    1.06743E-01   -1.74446E-01    7.45731E-02    3.16639E-03
     7.15003E-01    1.55604E+00    6.02493E-01    1.13135E-01    9.71823E-01   -2.71323E-01    7.92367E-01    1.77574E-01   -2.54484E-01    5.70600E-02   -2.25919E-01    1.06309E-01   -1.72577E-01    7.45799E-02    2.28802E-03
     7.17503E-01    1.55039E+00    5.97511E-01    1.15556E-01    9.65431E-01   -2.69335E-01    7.98272E-01    1.76940E-01   -2.52372E-01    5.64951E-02   -2.25951E-01    1.05880E-01   -1.70712E-01    7.45845E-02    1.42249E-03
     7.20003E-01    1.54478E+00    5.92506E-01    1.17962E-01    9.58970E-01   -2.67332E-01    8.04119E-01    1.76312E-01   -2.50250E-01    5.59303E-02   -2.25964E-01    1.05456E-01   -1.68849E-01    7.45870E-02    5.69914E-04
     7.22503E-01    1.53922E+00    5.87477E-01    1.20351E-01    9.52442E-01   -2.65315E-01    8.09907E-01    1.75689E-01   -2.48118E-01    5.53654E-02   -2.25957E-01    1.05036E-01   -1.66990E-01    7.45874E-02   -2.69602E-04
     7.25003E-01    1.53369E+00    5.82426E-01    1.22724E-01    9.45846E-01   -2.63283E-01    8.15635E-01    1.75071E-01   -2.45976E-01    5.48005E-02   -2.25931E-01    1.04621E-01   -1.65134E-01    7.45857E-02   -1.09595E-03
     7.27503E-01    1.52822E+00    5.77351E-01    1.25080E-01    9.39184E-01   -2.61237E-01    8.21303E-01    1.74459E-01   -2.43825E-01    5.42357E-02   -2.25885E-01    1.04210E-01   -1.63282E-01    7.45819E-02   -1.90902E-03
     7.30003E-01    1.52278E+00    5.72255E-01    1.27420E-01    9.32454E-01   -2.59176E-01    8.26908E-01    1.73852E-01   -2.41664E-01    5.36711E-02   -2.25820E-01    1.03804E-01   -1.61433E-01    7.45761E-02   -2.70870E-03
     7.32503E-01    1.51739E+00    5.67138E-01    1.29742E-01    9.25657E-01   -2.57102E-01    8.32451E-01    1.73251E-01   -2.39494E-01    5.31067E-02   -2.25737E-01    1.03403E-01   -1.59588E-01    7.45684E-02   -3.49490E-03
     7.35003E-01    1.51205E+00    5.62000E-01    1.32048E-01    9.18794E-01   -2.55014E-01    8.37930E-01    1.72655E-01   -2.37316E-01    5.25424E-02   -2.25635E-01    1.03006E-01   -1.57747E-01    7.45587E-02   -4.26751E-03
     7.37503E-01    1.50675E+00    5.56841E-01    1.34336E-01    9.11864E-01   -2.52913E-01    8.43344E-01    1.72064E-01   -2.35128E-01    5.19785E-02   -2.25515E-01    1.02614E-01   -1.55909E-01    7.45471E-02   -5.02644E-03
     7.40003E-01    1.50149E+00    5.51662E-01    1.36607E-01    9.04868E-01   -2.50797E-01    8.48692E-01    1.71479E-01   -2.32933E-01    5.14149E-02   -2.25377E-01    1.02227E-01   -1.54076E-01    7.45336E-02   -5.77158E-03
     7.42503E-01    1.49628E+00    5.46465E-01    1.38860E-01    8.97807E-01   -2.48669E-01    8.53972E-01    1.70899E-01   -2.30729E-01    5.08516E-02   -2.25221E-01    1.01844E-01   -1.52248E-01    7.45182E-02   -6.50286E-03
     7.45003E-01    1.49112E+00    5.41248E-01    1.41096E-01    8.90680E-01   -2.46528E-01    8.59185E-01    1.70325E-01   -2.28518E-01    5.02888E-02   -2.25048E-01    1.01466E-01   -1.50424E-01    7.45011E-02   -7.22016E-03
     7.47503E-01    1.48600E+00    5.36013E-01    1.43314E-01    8.83488E-01   -2.44373E-01    8.64329E-01    1.69757E-01   -2.26298E-01    4.97264E-02   -2.24857E-01    1.01092E-01   -1.48604E-01    7.44821E-02   -7.92341E-03
     7.50003E-01    1.48093E+00    5.30761E-01    1.45513E-01    8.76231E-01   -2.42206E-01    8.69402E-01    1.69194E-01   -2.24072E-01    4.91646E-02   -2.24650E-01    1.00723E-01   -1.46789E-01    7.44615E-02   -8.61251E-03
     7.52502E-01    1.47590E+00    5.25491E-01    1.47695E-01    8.68910E-01   -2.40026E-01    8.74404E-01    1.68636E-01   -2.21838E-01    4.86032E-02   -2.24426E-01    1.00358E-01   -1.44979E-01    7.44391E-02   -9.28739E-03
     7.55002E-01    1.47092E+00    5.20204E-01    1.49858E-01    8.61526E-01   -2.37834E-01    8.79333E-01    1.68085E-01   -2.19597E-01    4.80424E-02   -2.24185E-01    9.99977E-02   -1.43174E-01    7.44150E-02   -9.94795E-03
     7.57502E-01    1.46599E+00    5.14902E-01    1.52002E-01    8.54078E-01   -2.35630E-01    8.84189E-01    1.67538E-01   -2.17349E-01    4.74823E-02   -2.23928E-01    9.96420E-02   -1.41373E-01    7.43894E-02   -1.05941E-02
     7.60002E-01    1.46110E+00    5.09584E-01    1.54128E-01    8.46567E-01   -2.33413E-01    8.88971E-01    1.66998E-01   -2.15095E-01    4.69228E-02   -2.23655E-01    9.92908E-02   -1.39578E-01    7.43621E-02   -1.12258E-02
     7.62502E-01    1.45626E+00    5.04250E-01    1.56235E-01    8.38995E-01   -2.31185E-01    8.93677E-01    1.66463E-01   -2.12835E-01    4.63641E-02   -2.23367E-01    9.89441E-02   -1.37789E-01    7.43332E-02   -1.18430E-02
     7.65002E-01    1.45147E+00    4.98902E-01    1.58323E-01    8.31360E-01   -2.28945E-01    8.98306E-01    1.65934E-01   -2.10568E-01    4.58060E-02   -2.23063E-01    9.86019E-02   -1.36004E-01    7.43029E-02   -1.24455E-02
     7.67502E-01    1.44673E+00    4.93540E-01    1.60392E-01    8.23665E-01   -2.26694E-01    9.02857E-01    1.65410E-01   -2.08296E-01    4.52488E-02   -2.22744E-01    9.82641E-02   -1.34225E-01    7.42710E-02   -1.30333E-02
     7.70002E-01    1.44203E+00    4.88165E-01    1.62441E-01    8.15910E-01   -2.24431E-01    9.07330E-01    1.64892E-01   -2.06019E-01    4.46923E-02   -2.22410E-01    9.79307E-02   -1.32452E-01    7.42377E-02   -1.36064E-02
     7.72502E-01    1.43738E+00    4.82776E-01    1.64471E-01    8.08095E-01   -2.22157E-01    9.11722E-01    1.64380E-01   -2.03735E-01    4.41367E-02   -2.22061E-01    9.76018E-02   -1.30685E-01    7.42030E-02   -1.41646E-02
     7.75002E-01    1.43278E+00    4.77375E-01    1.66481E-01    8.00221E-01   -2.19872E-01    9.16034E-01    1.63874E-01   -2.01447E-01    4.35820E-02   -2.21698E-01    9.72773E-02   -1.28923E-01    7.41669E-02   -1.47080E-02
     7.77502E-01    1.42823E+00    4.71962E-01    1.68472E-01    7.92289E-01   -2.17577E-01    9.20263E-01    1.63373E-01   -1.99154E-01    4.30283E-02   -2.21321E-01    9.69572E-02   -1.27167E-01    7.41295E-02   -1.52364E-02
     7.80002E-01    1.42373E+00    4.66538E-01    1.70443E-01    7.84300E-01   -2.15271E-01    9.24409E-01    1.62878E-01   -1.96857E-01    4.24755E-02   -2.20930E-01    9.66415E-02   -1.25417E-01    7.40907E-02   -1.57497E-02
     7.82502E-01    1.41928E+00    4.61102E-01    1.72393E-01    7.76254E-01   -2.12955E-01    9.28472E-01    1.62389E-01   -1.94555E-01    4.19236E-02   -2.20525E-01    9.63301E-02   -1.23674E-01    7.40507E-02   -1.62480E-02
     7.85002E-01    1.41488E+00    4.55657E-01    1.74324E-01    7.68152E-01   -2.10629E-01    9.32449E-01    1.61905E-01   -1.92248E-01    4.13729E-02   -2.20107E-01    9.60231E-02   -1.21936E-01    7.40095E-02   -1.67311E-02
     7.87502E-01    1.41052E+00    4.50201E-01    1.76234E-01    7.59996E-01   -2.08293E-01    9.36340E-01    1.61427E-01   -1.89938E-01    4.08231E-02   -2.19676E-01    9.57204E-02   -1.20205E-01    7.39671E-02   -1.71991E-02
     7.90002E-01    1.40622E+00    4.44736E-01    1.78124E-01    7.51785E-01   -2.05947E-01    9.40144E-01    1.60955E-01   -1.87624E-01    4.02745E-02   -2.19232E-01    9.54221E-02   -1.18480E-01    7.39235E-02   -1.76518E-02
     7.92502E-01    1.40197E+00    4.39262E-01    1.79993E-01    7.43522E-01   -2.03592E-01    9.43859E-01    1.60489E-01   -1.85307E-01    3.97270E-02   -2.18775E-01    9.51280E-02   -1.16762E-01    7.38789E-02   -1.80892E-02
     7.95002E-01    1.39776E+00    4.33780E-01    1.81841E-01    7.35207E-01   -2.01228E-01    9.47486E-01    1.60029E-01   -1.82986E-01    3.91806E-02   -2.18306E-01    9.48383E-02   -1.15050E-01    7.38331E-02   -1.85112E-02
     7.97502E-01    1.39361E+00    4.28290E-01    1.83669E-01    7.26841E-01   -1.98855E-01    9.51023E-01    1.59574E-01   -1.80662E-01    3.86355E-02   -2.17826E-01    9.45528E-02   -1.13345E-01    7.37863E-02   -1.89179E-02
     8.00002E-01    1.38951E+00    4.22792E-01    1.85476E-01    7.18424E-01   -1.96473E-01    9.54468E-01    1.59126E-01   -1.78336E-01    3.80915E-02   -2.17333E-01    9.42716E-02   -1.11646E-01    7.37385E-02   -1.93091E-02
     8.02502E-01    1.38545E+00    4.17288E-01    1.87261E-01    7.09959E-01   -1.94083E-01    9.57822E-01    1.58683E-01   -1.76006E-01    3.75488E-02   -2.16829E-01    9.39946E-02   -1.09954E-01    7.36898E-02   -1.96849E-02
     8.05002E-01    1.38145E+00    4.11778E-01    1.89025E-01    7.01446E-01   -1.91684E-01    9.61083E-01    1.58246E-01   -1.73675E-01    3.70074E-02   -2.16313E-01    9.37218E-02   -1.08269E-01    7.36401E-02   -2.00451E-02
     8.07502E-01    1.37750E+00    4.06262E-01    1.90768E-01    6.92886E-01   -1.89278E-01    9.64250E-01    1.57814E-01   -1.71341E-01    3.64673E-02   -2.15787E-01    9.34532E-02   -1.06591E-01    7.35896E-02   -2.03898E-02
     8.10002E-01    1.37360E+00    4.00741E-01    1.92490E-01    6.84281E-01   -1.86863E-01    9.67323E-01    1.57389E-01   -1.69005E-01    3.59285E-02   -2.15250E-01    9.31888E-02   -1.04920E-01    7.35382E-02   -2.07189E-02
     8.12502E-01    1.36975E+00    3.95214E-01    1.94190E-01    6.75631E-01   -1.84441E-01    9.70300E-01    1.56969E-01   -1.66668E-01    3.53911E-02   -2.14702E-01    9.29286E-02   -1.03256E-01    7.34860E-02   -2.10324E-02
     8.15002E-01    1.36595E+00    3.89684E-01    1.95868E-01    6.66938E-01   -1.82012E-01    9.73181E-01    1.56556E-01   -1.64328E-01    3.48550E-02   -2.14145E-01    9.26725E-02   -1.01600E-01    7.34330E-02   -2.13302E-02
     8.17502E-01    1.36220E+00    3.84150E-01    1.97524E-01    6.58203E-01   -1.79575E-01    9.75966E-01    1.56148E-01   -1.61988E-01    3.43204E-02   -2.13577E-01    9.24206E-02   -9.99499E-02    7.33794E-02   -2.16123E-02
     8.20002E-01    1.35851E+00    3.78613E-01    1.99159E-01    6.49427E-01   -1.77132E-01    9.78652E-01    1.55746E-01   -1.59647E-01    3.37871E-02   -2.13000E-01    9.21728E-02   -9.83075E-02    7.33250E-02   -2.18787E-02
     8.22502E-01    1.35486E+00    3.73073E-01    2.00771E-01    6.40611E-01   -1.74682E-01    9.81241E-01    1.55349E-01   -1.57304E-01    3.32554E-02   -2.12413E-01    9.19291E-02   -9.66723E-02    7.32700E-02   -2.21294E-02
     8.25002E-01    1.35127E+00    3.67530E-01    2.02362E-01    6.31757E-01   -1.72226E-01    9.83730E-01    1.54959E-01   -1.54961E-01    3.27251E-02   -2.11817E-01    9.16894E-02   -9.50445E-02    7.32144E-02   -2.23643E-02
     8.27502E-01    1.34773E+00    3.61986E-01    2.03930E-01    6.22866E-01   -1.69764E-01    9.86119E-01    1.54575E-01   -1.52618E-01    3.21963E-02   -2.11212E-01    9.14539E-02   -9.34241E-02    7.31582E-02   -2.25834E-02
     8.30002E-01    1.34424E+00    3.56441E-01    2.05476E-01    6.13940E-01   -1.67296E-01    9.88407E-01    1.54196E-01   -1.50274E-01    3.16690E-02   -2.10599E-01    9.12223E-02   -9.18111E-02    7.31014E-02   -2.27868E-02
     8.32502E-01    1.34081E+00    3.50895E-01    2.07000E-01    6.04979E-01   -1.64822E-01    9.90595E-01    1.53823E-01   -1.47930E-01    3.11433E-02   -2.09977E-01    9.09948E-02   -9.02056E-02    7.30442E-02   -2.29743E-02
     8.35002E-01    1.33742E+00    3.45348E-01    2.08501E-01    5.95985E-01   -1.62343E-01    9.92681E-01    1.53456E-01   -1.45586E-01    3.06192E-02   -2.09347E-01    9.07713E-02   -8.86076E-02    7.29866E-02   -2.31459E-02
     8.37502E-01    1.33409E+00    3.39802E-01    2.09979E-01    5.86959E-01   -1.59859E-01    9.94665E-01    1.53095E-01   -1.43243E-01    3.00966E-02   -2.08709E-01    9.05518E-02   -8.70172E-02    7.29285E-02   -2.33018E-02
     8.40002E-01    1.33081E+00    3.34257E-01    2.11435E-01    5.77904E-01   -1.57370E-01    9.96545E-01    1.52740E-01   -1.40900E-01    2.95757E-02   -2.08064E-01    9.03362E-02   -8.54344E-02    7.28701E-02   -2.34417E-02
     8.42502E-01    1.32758E+00    3.28712E-01    2.12869E-01    5.68819E-01   -1.54876E-01    9.98323E-01    1.52391E-01   -1.38558E-01    2.90563E-02   -2.07411E-01    9.01246E-02   -8.38593E-02    7.28113E-02   -2.35658E-02
     8.45002E-01    1.32441E+00    3.23170E-01    2.14280E-01    5.59707E-01   -1.52378E-01    9.99997E-01    1.52047E-01   -1.36217E-01    2.85386E-02   -2.06751E-01    8.99169E-02   -8.22918E-02    7.27523E-02   -2.36740E-02
     8.47502E-01    1.32129E+00    3.17629E-01    2.15667E-01    5.50569E-01   -1.49876E-01    1.00157E+00    1.51710E-01   -1.33877E-01    2.80226E-02   -2.06085E-01    8.97131E-02   -8.07320E-02    7.26930E-02   -2.37664E-02
     8.50001E-01    1.31822E+00    3.12091E-01    2.17032E-01    5.41406E-01   -1.47370E-01    1.00303E+00    1.51378E-01   -1.31538E-01    2.75082E-02   -2.05411E-01    8.95132E-02   -7.91800E-02    7.26335E-02   -2.38428E-02
     8.52501E-01    1.31520E+00    3.06556E-01    2.18374E-01    5.32221E-01   -1.44861E-01    1.00439E+00    1.51052E-01   -1.29201E-01    2.69955E-02   -2.04732E-01    8.93172E-02   -7.76358E-02    7.25738E-02   -2.39033E-02
     8.55001E-01    1.31223E+00    3.01025E-01    2.19693E-01    5.23014E-01   -1.42349E-01    1.00565E+00    1.50732E-01   -1.26866E-01    2.64846E-02   -2.04046E-01    8.91251E-02   -7.60993E-02    7.25140E-02   -2.39480E-02
     8.57501E-01    1.30932E+00    2.95497E-01    2.20989E-01    5.13786E-01   -1.39833E-01    1.00679E+00    1.50418E-01   -1.24532E-01    2.59753E-02   -2.03355E-01    8.89367E-02   -7.45707E-02    7.24541E-02   -2.39767E-02
     8.60001E-01    1.30646E+00    2.89974E-01    2.22262E-01    5.04540E-01   -1.37315E-01    1.00784E+00    1.50109E-01   -1.22201E-01    2.54678E-02   -2.02657E-01    8.87522E-02   -7.30499E-02    7.23941E-02   -2.39896E-02
     8.62501E-01    1.30365E+00    2.84456E-01    2.23512E-01    4.95277E-01   -1.34794E-01    1.00877E+00    1.49807E-01   -1.19872E-01    2.49620E-02   -2.01955E-01    8.85715E-02   -7.15369E-02    7.23341E-02   -2.39866E-02
     8.65001E-01    1.30090E+00    2.78944E-01    2.24739E-01    4.85998E-01   -1.32271E-01    1.00960E+00    1.49510E-01   -1.17545E-01    2.44580E-02   -2.01248E-01    8.83945E-02   -7.00318E-02    7.22742E-02   -2.39677E-02
     8.67501E-01    1.29820E+00    2.73437E-01    2.25942E-01    4.76705E-01   -1.29746E-01    1.01033E+00    1.49219E-01   -1.15221E-01    2.39558E-02   -2.00535E-01    8.82213E-02   -6.85346E-02    7.22143E-02   -2.39329E-02
     8.70001E-01    1.29555E+00    2.67936E-01    2.27122E-01    4.67399E-01   -1.27219E-01    1.01094E+00    1.48934E-01   -1.12900E-01    2.34554E-02   -1.99818E-01    8.80518E-02   -6.70452E-02    7.21545E-02   -2.38823E-02
     8.72501E-01    1.29295E+00    2.62442E-01    2.28279E-01    4.58082E-01   -1.24692E-01    1.01145E+00    1.48655E-01   -1.10582E-01    2.29567E-02   -1.99097E-01    8.78861E-02   -6.55638E-02    7.20949E-02   -2.38158E-02
     8.75001E-01    1.29041E+00    2.56955E-01    2.29413E-01    4.48755E-01   -1.22162E-01    1.01186E+00    1.48381E-01   -1.08267E-01    2.24599E-02   -1.98371E-01    8.77240E-02   -6.40903E-02    7.20355E-02   -2.37334E-02
     8.77501E-01    1.28792E+00    2.51475E-01    2.30523E-01    4.39420E-01   -1.19632E-01    1.01215E+00    1.48113E-01   -1.05956E-01    2.19649E-02   -1.97642E-01    8.75656E-02   -6.26246E-02    7.19762E-02   -2.36353E-02
     8.80001E-01    1.28548E+00    2.46004E-01    2.31610E-01    4.30078E-01   -1.17102E-01    1.01234E+00    1.47851E-01   -1.03648E-01    2.14717E-02   -1.96909E-01    8.74109E-02   -6.11669E-02    7.19173E-02   -2.35213E-02
     8.82501E-01    1.28309E+00    2.40540E-01    2.32673E-01    4.20731E-01   -1.14571E-01    1.01242E+00    1.47595E-01   -1.01344E-01    2.09804E-02   -1.96172E-01    8.72598E-02   -5.97171E-02    7.18587E-02   -2.33915E-02
     8.85001E-01    1.28076E+00    2.35086E-01    2.33713E-01    4.11380E-01   -1.12040E-01    1.01240E+00    1.47345E-01   -9.90432E-02    2.04909E-02   -1.95433E-01    8.71123E-02   -5.82752E-02    7.18004E-02   -2.32460E-02
     8.87501E-01    1.27848E+00    2.29641E-01    2.34730E-01    4.02027E-01   -1.09509E-01    1.01227E+00    1.47100E-01   -9.67470E-02    2.00032E-02   -1.94690E-01    8.69684E-02   -5.68411E-02    7.17424E-02   -2.30847E-02
     8.90001E-01    1.27625E+00    2.24205E-01    2.35723E-01    3.92673E-01   -1.06979E-01    1.01203E+00    1.46861E-01   -9.44550E-02    1.95174E-02   -1.93945E-01    8.68281E-02   -5.54150E-02    7.16849E-02   -2.29076E-02
     8.92501E-01    1.27407E+00    2.18780E-01    2.36693E-01    3.83319E-01   -1.04449E-01    1.01168E+00    1.46628E-01   -9.21673E-02    1.90335E-02   -1.93197E-01    8.66913E-02   -5.39967E-02    7.16279E-02   -2.27149E-02
     8.95001E-01    1.27195E+00    2.13365E-01    2.37640E-01    3.73968E-01   -1.01920E-01    1.01123E+00    1.46400E-01   -8.98843E-02    1.85515E-02   -1.92446E-01    8.65581E-02   -5.25863E-02    7.15714E-02   -2.25064E-02
     8.97501E-01    1.26988E+00    2.07961E-01    2.38563E-01    3.64620E-01   -9.93929E-02    1.01067E+00    1.46178E-01   -8.76059E-02    1.80713E-02   -1.91694E-01    8.64284E-02   -5.11838E-02    7.15154E-02   -2.22823E-02
     9.00001E-01    1.26786E+00    2.02568E-01    2.39463E-01    3.55277E-01   -9.68671E-02    1.01001E+00    1.45962E-01   -8.53325E-02    1.75930E-02   -1.90940E-01    8.63022E-02   -4.97891E-02    7.14600E-02   -2.20425E-02
     9.02501E-01    1.26590E+00    1.97186E-01    2.40339E-01    3.45941E-01   -9.43430E-02    1.00924E+00    1.45751E-01   -8.30641E-02    1.71166E-02   -1.90184E-01    8.61794E-02   -4.84022E-02    7.14052E-02   -2.17871E-02
     9.05001E-01    1.26398E+00    1.91817E-01    2.41193E-01    3.36612E-01   -9.18210E-02    1.00836E+00    1.45547E-01   -8.08009E-02    1.66421E-02   -1.89427E-01    8.60602E-02   -4.70231E-02    7.13511E-02   -2.15161E-02
     9.07501E-01    1.26212E+00    1.86460E-01    2.42023E-01    3.27293E-01   -8.93013E-02    1.00738E+00    1.45347E-01   -7.85430E-02    1.61695E-02   -1.88669E-01    8.59443E-02   -4.56517E-02    7.12976E-02   -2.12295E-02
     9.10001E-01    1.26031E+00    1.81116E-01    2.42829E-01    3.17984E-01   -8.67842E-02    1.00630E+00    1.45154E-01   -7.62907E-02    1.56988E-02   -1.87909E-01    8.58319E-02   -4.42881E-02    7.12449E-02   -2.09274E-02
     9.12501E-01    1.25856E+00    1.75785E-01    2.43612E-01    3.08687E-01   -8.42700E-02    1.00511E+00    1.44966E-01   -7.40440E-02    1.52299E-02   -1.87149E-01    8.57229E-02   -4.29323E-02    7.11930E-02   -2.06098E-02
     9.15001E-01    1.25685E+00    1.70467E-01    2.44373E-01    2.99403E-01   -8.17588E-02    1.00381E+00    1.44784E-01   -7.18031E-02    1.47630E-02   -1.86388E-01    8.56172E-02   -4.15841E-02    7.11419E-02   -2.02767E-02
     9.17501E-01    1.25520E+00    1.65164E-01    2.45109E-01    2.90134E-01   -7.92510E-02    1.00242E+00    1.44607E-01   -6.95681E-02    1.42980E-02   -1.85627E-01    8.55149E-02   -4.02436E-02    7.10916E-02   -1.99282E-02
     9.20001E-01    1.25359E+00    1.59874E-01    2.45823E-01    2.80881E-01   -7.67469E-02    1.00091E+00    1.44436E-01   -6.73393E-02    1.38349E-02   -1.84866E-01    8.54160E-02   -3.89107E-02    7.10423E-02   -1.95643E-02
     9.22501E-01    1.25204E+00    1.54599E-01    2.46514E-01    2.71645E-01   -7.42466E-02    9.99311E-01    1.44270E-01   -6.51167E-02    1.33737E-02   -1.84105E-01    8.53204E-02   -3.75854E-02    7.09938E-02   -1.91850E-02
     9.25001E-01    1.25055E+00    1.49339E-01    2.47181E-01    2.62427E-01   -7.17505E-02    9.97605E-01    1.44110E-01   -6.29005E-02    1.29144E-02   -1.83344E-01    8.52281E-02   -3.62676E-02    7.09464E-02   -1.87903E-02
     9.27501E-01    1.24910E+00    1.44095E-01    2.47826E-01    2.53230E-01   -6.92587E-02    9.95797E-01    1.43956E-01   -6.06907E-02    1.24570E-02   -1.82583E-01    8.51390E-02   -3.49574E-02    7.08999E-02   -1.83804E-02
     9.30001E-01    1.24770E+00    1.38866E-01    2.48448E-01    2.44053E-01   -6.67716E-02    9.93888E-01    1.43807E-01   -5.84877E-02    1.20015E-02   -1.81823E-01    8.50533E-02   -3.36547E-02    7.08545E-02   -1.79552E-02
     9.32501E-01    1.24636E+00    1.33653E-01    2.49046E-01    2.34899E-01   -6.42894E-02    9.91879E-01    1.43663E-01   -5.62914E-02    1.15479E-02   -1.81064E-01    8.49708E-02   -3.23594E-02    7.08101E-02   -1.75147E-02
     9.35001E-01    1.24506E+00    1.28456E-01    2.49622E-01    2.25768E-01   -6.18124E-02    9.89769E-01    1.43525E-01   -5.41021E-02    1.10962E-02   -1.80306E-01    8.48915E-02   -3.10715E-02    7.07669E-02   -1.70590E-02
     9.37501E-01    1.24382E+00    1.23275E-01    2.50175E-01    2.16662E-01   -5.93407E-02    9.87559E-01    1.43393E-01   -5.19198E-02    1.06463E-02   -1.79549E-01    8.48154E-02   -2.97909E-02    7.07249E-02   -1.65882E-02
     9.40001E-01    1.24263E+00    1.18112E-01    2.50705E-01    2.07582E-01   -5.68747E-02    9.85251E-01    1.43266E-01   -4.97447E-02    1.01984E-02   -1.78793E-01    8.47425E-02   -2.85176E-02    7.06840E-02   -1.61022E-02
     9.42501E-01    1.24149E+00    1.12966E-01    2.51213E-01    1.98528E-01   -5.44146E-02    9.82844E-01    1.43144E-01   -4.75769E-02    9.75239E-03   -1.78039E-01    8.46728E-02   -2.72516E-02    7.06444E-02   -1.56012E-02
     9.45001E-01    1.24040E+00    1.07837E-01    2.51698E-01    1.89503E-01   -5.19606E-02    9.80340E-01    1.43028E-01   -4.54165E-02    9.30824E-03   -1.77286E-01    8.46063E-02   -2.59928E-02    7.06060E-02   -1.50851E-02
     9.47501E-01    1.23936E+00    1.02727E-01    2.52161E-01    1.80507E-01   -4.95130E-02    9.77739E-01    1.42917E-01   -4.32637E-02    8.86597E-03   -1.76536E-01    8.45428E-02   -2.47412E-02    7.05689E-02   -1.45540E-02
     9.50001E-01    1.23837E+00    9.76340E-02    2.52601E-01    1.71541E-01   -4.70720E-02    9.75041E-01    1.42812E-01   -4.11185E-02    8.42557E-03   -1.75787E-01    8.44826E-02   -2.34966E-02    7.05332E-02   -1.40079E-02
     9.52500E-01    1.23743E+00    9.25599E-02    2.53018E-01    1.62606E-01   -4.46379E-02    9.72248E-01    1.42711E-01   -3.89812E-02    7.98704E-03   -1.75041E-01    8.44254E-02   -2.22591E-02    7.04989E-02   -1.34469E-02
     9.55000E-01    1.23654E+00    8.75044E-02    2.53414E-01    1.53703E-01   -4.22109E-02    9.69359E-01    1.42617E-01   -3.68518E-02    7.55037E-03   -1.74297E-01    8.43713E-02   -2.10285E-02    7.04660E-02   -1.28709E-02
     9.57500E-01    1.23570E+00    8.24680E-02    2.53787E-01    1.44834E-01   -3.97913E-02    9.66377E-01    1.42527E-01   -3.47304E-02    7.11556E-03   -1.73556E-01    8.43202E-02   -1.98049E-02    7.04346E-02   -1.22801E-02
     9.60000E-01    1.23491E+00    7.74509E-02    2.54138E-01    1.35999E-01   -3.73792E-02    9.63301E-01    1.42443E-01   -3.26172E-02    6.68260E-03   -1.72817E-01    8.42722E-02   -1.85882E-02    7.04046E-02   -1.16745E-02
     9.62500E-01    1.23417E+00    7.24534E-02    2.54467E-01    1.27200E-01   -3.49749E-02    9.60132E-01    1.42364E-01   -3.05122E-02    6.25148E-03   -1.72081E-01    8.42273E-02   -1.73782E-02    7.03762E-02   -1.10541E-02
     9.65000E-01    1.23347E+00    6.74757E-02    2.54774E-01    1.18436E-01   -3.25786E-02    9.56871E-01    1.42290E-01   -2.84156E-02    5.82220E-03   -1.71348E-01    8.41853E-02   -1.61750E-02    7.03494E-02   -1.04190E-02
     9.67500E-01    1.23283E+00    6.25181E-02    2.55059E-01    1.09710E-01   -3.01906E-02    9.53518E-01    1.42222E-01   -2.63275E-02    5.39475E-03   -1.70619E-01    8.41464E-02   -1.49785E-02    7.03241E-02   -9.76918E-03
     9.70000E-01    1.23224E+00    5.75808E-02    2.55322E-01    1.01021E-01   -2.78112E-02    9.50076E-01    1.42159E-01   -2.42480E-02    4.96911E-03   -1.69893E-01    8.41104E-02   -1.37886E-02    7.03005E-02   -9.10467E-03
     9.72500E-01    1.23169E+00    5.26642E-02    2.55564E-01    9.23710E-02   -2.54404E-02    9.46543E-01    1.42101E-01   -2.21772E-02    4.54529E-03   -1.69170E-01    8.40774E-02   -1.26052E-02    7.02786E-02   -8.42553E-03
     9.75000E-01    1.23119E+00    4.77685E-02    2.55784E-01    8.37608E-02   -2.30786E-02    9.42921E-01    1.42048E-01   -2.01151E-02    4.12327E-03   -1.68451E-01    8.40474E-02   -1.14283E-02    7.02584E-02   -7.73181E-03
     9.77500E-01    1.23074E+00    4.28938E-02    2.55983E-01    7.51909E-02   -2.07259E-02    9.39211E-01    1.42000E-01   -1.80620E-02    3.70304E-03   -1.67735E-01    8.40203E-02   -1.02579E-02    7.02400E-02   -7.02352E-03
     9.80000E-01    1.23034E+00    3.80406E-02    2.56160E-01    6.66622E-02   -1.83826E-02    9.35413E-01    1.41958E-01   -1.60178E-02    3.28460E-03   -1.67024E-01    8.39961E-02   -9.09373E-03    7.02233E-02   -6.30072E-03
     9.82500E-01    1.22999E+00    3.32089E-02    2.56316E-01    5.81754E-02   -1.60490E-02    9.31529E-01    1.41920E-01   -1.39828E-02    2.86793E-03   -1.66316E-01    8.39748E-02   -7.93586E-03    7.02085E-02   -5.56344E-03
     9.85000E-01    1.22969E+00    2.83990E-02    2.56451E-01    4.97313E-02   -1.37251E-02    9.27559E-01    1.41888E-01   -1.19569E-02    2.45302E-03   -1.65613E-01    8.39564E-02   -6.78418E-03    7.01955E-02   -4.81172E-03
     9.87500E-01    1.22943E+00    2.36113E-02    2.56565E-01    4.13305E-02   -1.14113E-02    9.23503E-01    1.41860E-01   -9.94037E-03    2.03987E-03   -1.64914E-01    8.39409E-02   -5.63863E-03    7.01844E-02   -4.04558E-03
     9.90000E-01    1.22922E+00    1.88457E-02    2.56658E-01    3.29738E-02   -9.10770E-03    9.19364E-01    1.41838E-01   -7.93318E-03    1.62845E-03   -1.64219E-01    8.39282E-02   -4.49912E-03    7.01753E-02   -3.26508E-03
     9.92500E-01    1.22906E+00    1.41027E-02    2.56730E-01    2.46618E-02   -6.81458E-03    9.15140E-01    1.41821E-01   -5.93546E-03    1.21877E-03   -1.63529E-01    8.39184E-02   -3.36558E-03    7.01681E-02   -2.47023E-03
     9.95000E-01    1.22894E+00    9.38238E-03    2.56781E-01    1.63950E-02   -4.53212E-03    9.10834E-01    1.41808E-01   -3.94729E-03    8.10812E-04   -1.62844E-01    8.39114E-02   -2.23793E-03    7.01630E-02   -1.66108E-03
     9.97500E-01    1.22887E+00    4.68497E-03    2.56812E-01    8.17426E-03   -2.26052E-03    9.06446E-01    1.41801E-01   -1.96878E-03    4.04558E-04   -1.62163E-01    8.39072E-02   -1.11610E-03    7.01598E-02   -8.37660E-04
     1.00000E+00    1.22885E+00    1.06659E-05    2.56822E-01    0.00000E+00    0.00000E+00    9.01976E-01    1.41798E-01    0.00000E+00    6.35688E-26   -1.61487E-01    8.39058E-02    0.00000E+00    7.01588E-02    0.00000E+00
