     1.00000E-05    4.19341E+00   -6.45957E-05   -8.44883E-01   -2.22941E-19   -2.79707E-05   -2.79707E+00    5.01593E-01    2.32186E-20    1.09477E-05    1.09477E+00    4.62449E-01   -1.33796E-19    1.41847E-10    2.83694E-05
     3.30997E-03    4.19326E+00    2.12683E-02   -8.44814E-01    4.18126E-02   -9.25780E-03   -2.79668E+00    5.01577E-01   -9.83449E-03    3.62347E-03    1.09459E+00    4.62422E-01   -1.62054E-02    1.55397E-05    9.38913E-03
     6.60995E-03    4.19279E+00    4.24673E-02   -8.44607E-01    8.34806E-02   -1.84850E-02   -2.79550E+00    5.01529E-01   -1.96370E-02    7.23475E-03    1.09403E+00    4.62342E-01   -3.23545E-02    6.19611E-05    1.87437E-02
     9.90992E-03    4.19202E+00    6.36562E-02   -8.44263E-01    1.25112E-01   -2.77071E-02   -2.79353E+00    5.01448E-01   -2.94352E-02    1.08436E-02    1.09310E+00    4.62209E-01   -4.84890E-02    1.39234E-04    2.80861E-02
     1.32099E-02    4.19093E+00    8.48300E-02   -8.43781E-01    1.66689E-01   -3.69214E-02   -2.79079E+00    5.01334E-01   -3.92266E-02    1.44487E-02    1.09179E+00    4.62022E-01   -6.46016E-02    2.47308E-04    3.74101E-02
     1.65099E-02    4.18953E+00    1.05984E-01   -8.43163E-01    2.08194E-01   -4.61253E-02   -2.78726E+00    5.01189E-01   -4.90093E-02    1.80490E-02    1.09012E+00    4.61782E-01   -8.06850E-02    3.86112E-04    4.67097E-02
     1.98098E-02    4.18783E+00    1.27112E-01   -8.42407E-01    2.49608E-01   -5.53163E-02   -2.78296E+00    5.01011E-01   -5.87808E-02    2.16431E-02    1.08808E+00    4.61490E-01   -9.67320E-02    5.55556E-04    5.59788E-02
     2.31098E-02    4.18581E+00    1.48211E-01   -8.41515E-01    2.90914E-01   -6.44919E-02   -2.77788E+00    5.00801E-01   -6.85391E-02    2.52298E-02    1.08567E+00    4.61144E-01   -1.12735E-01    7.55529E-04    6.52114E-02
     2.64098E-02    4.18349E+00    1.69274E-01   -8.40487E-01    3.32093E-01   -7.36494E-02   -2.77203E+00    5.00558E-01   -7.82820E-02    2.88081E-02    1.08290E+00    4.60746E-01   -1.28688E-01    9.85900E-04    7.44015E-02
     2.97098E-02    4.18086E+00    1.90298E-01   -8.39324E-01    3.73128E-01   -8.27863E-02   -2.76541E+00    5.00284E-01   -8.80072E-02    3.23765E-02    1.07976E+00    4.60295E-01   -1.44583E-01    1.24652E-03    8.35432E-02
     3.30097E-02    4.17793E+00    2.11276E-01   -8.38025E-01    4.14002E-01   -9.19001E-02   -2.75803E+00    4.99978E-01   -9.77126E-02    3.59341E-02    1.07627E+00    4.59792E-01   -1.60413E-01    1.53722E-03    9.26306E-02
     3.63097E-02    4.17469E+00    2.32205E-01   -8.36592E-01    4.54697E-01   -1.00988E-01   -2.74989E+00    4.99639E-01   -1.07396E-01    3.94794E-02    1.07241E+00    4.59236E-01   -1.76170E-01    1.85781E-03    1.01658E-01
     3.96097E-02    4.17114E+00    2.53078E-01   -8.35024E-01    4.95196E-01   -1.10048E-01   -2.74100E+00    4.99269E-01   -1.17055E-01    4.30115E-02    1.06820E+00    4.58629E-01   -1.91849E-01    2.20809E-03    1.10619E-01
     4.29097E-02    4.16730E+00    2.73892E-01   -8.33324E-01    5.35481E-01   -1.19078E-01   -2.73136E+00    4.98867E-01   -1.26688E-01    4.65291E-02    1.06363E+00    4.57970E-01   -2.07443E-01    2.58782E-03    1.19509E-01
     4.62096E-02    4.16315E+00    2.94642E-01   -8.31490E-01    5.75536E-01   -1.28074E-01   -2.72097E+00    4.98433E-01   -1.36293E-01    5.00310E-02    1.05871E+00    4.57260E-01   -2.22943E-01    2.99676E-03    1.28322E-01
     4.95096E-02    4.15869E+00    3.15322E-01   -8.29525E-01    6.15345E-01   -1.37035E-01   -2.70986E+00    4.97967E-01   -1.45867E-01    5.35162E-02    1.05345E+00    4.56499E-01   -2.38345E-01    3.43464E-03    1.37052E-01
     5.28096E-02    4.15394E+00    3.35929E-01   -8.27429E-01    6.54890E-01   -1.45959E-01   -2.69801E+00    4.97470E-01   -1.55408E-01    5.69834E-02    1.04785E+00    4.55687E-01   -2.53640E-01    3.90119E-03    1.45694E-01
     5.61096E-02    4.14890E+00    3.56456E-01   -8.25203E-01    6.94155E-01   -1.54841E-01   -2.68545E+00    4.96942E-01   -1.64914E-01    6.04315E-02    1.04190E+00    4.54825E-01   -2.68824E-01    4.39611E-03    1.54242E-01
     5.94095E-02    4.14355E+00    3.76901E-01   -8.22848E-01    7.33126E-01   -1.63682E-01   -2.67218E+00    4.96382E-01   -1.74384E-01    6.38595E-02    1.03562E+00    4.53913E-01   -2.83888E-01    4.91907E-03    1.62692E-01
     6.27095E-02    4.13791E+00    3.97257E-01   -8.20365E-01    7.71785E-01   -1.72477E-01   -2.65820E+00    4.95791E-01   -1.83814E-01    6.72662E-02    1.02902E+00    4.52951E-01   -2.98828E-01    5.46975E-03    1.71038E-01
     6.60095E-02    4.13198E+00    4.17520E-01   -8.17755E-01    8.10118E-01   -1.81225E-01   -2.64353E+00    4.95169E-01   -1.93204E-01    7.06506E-02    1.02208E+00    4.51941E-01   -3.13636E-01    6.04779E-03    1.79274E-01
     6.93095E-02    4.12575E+00    4.37686E-01   -8.15019E-01    8.48109E-01   -1.89923E-01   -2.62817E+00    4.94516E-01   -2.02550E-01    7.40116E-02    1.01483E+00    4.50882E-01   -3.28307E-01    6.65283E-03    1.87397E-01
     7.26094E-02    4.11924E+00    4.57750E-01   -8.12158E-01    8.85744E-01   -1.98570E-01   -2.61215E+00    4.93832E-01   -2.11852E-01    7.73481E-02    1.00726E+00    4.49774E-01   -3.42834E-01    7.28448E-03    1.95402E-01
     7.59094E-02    4.11243E+00    4.77709E-01   -8.09173E-01    9.23008E-01   -2.07163E-01   -2.59545E+00    4.93117E-01   -2.21106E-01    8.06591E-02    9.99381E-01    4.48619E-01   -3.57212E-01    7.94233E-03    2.03283E-01
     7.92094E-02    4.10535E+00    4.97556E-01   -8.06066E-01    9.59887E-01   -2.15699E-01   -2.57811E+00    4.92373E-01   -2.30311E-01    8.39436E-02    9.91196E-01    4.47417E-01   -3.71436E-01    8.62599E-03    2.11036E-01
     8.25094E-02    4.09798E+00    5.17289E-01   -8.02839E-01    9.96367E-01   -2.24177E-01   -2.56012E+00    4.91597E-01   -2.39466E-01    8.72006E-02    9.82712E-01    4.46168E-01   -3.85499E-01    9.33502E-03    2.18657E-01
     8.58093E-02    4.09032E+00    5.36902E-01   -7.99491E-01    1.03243E+00   -2.32595E-01   -2.54150E+00    4.90792E-01   -2.48567E-01    9.04291E-02    9.73935E-01    4.44873E-01   -3.99396E-01    1.00690E-02    2.26142E-01
     8.91093E-02    4.08239E+00    5.56392E-01   -7.96025E-01    1.06808E+00   -2.40950E-01   -2.52226E+00    4.89957E-01   -2.57613E-01    9.36282E-02    9.64871E-01    4.43532E-01   -4.13122E-01    1.08274E-02    2.33485E-01
     9.24093E-02    4.07419E+00    5.75754E-01   -7.92442E-01    1.10328E+00   -2.49241E-01   -2.50241E+00    4.89092E-01   -2.66603E-01    9.67969E-02    9.55525E-01    4.42146E-01   -4.26672E-01    1.16098E-02    2.40685E-01
     9.57093E-02    4.06571E+00    5.94984E-01   -7.88744E-01    1.13803E+00   -2.57465E-01   -2.48197E+00    4.88197E-01   -2.75534E-01    9.99343E-02    9.45905E-01    4.40716E-01   -4.40041E-01    1.24157E-02    2.47735E-01
     9.90092E-02    4.05695E+00    6.14079E-01   -7.84932E-01    1.17233E+00   -2.65621E-01   -2.46095E+00    4.87274E-01   -2.84404E-01    1.03040E-01    9.36015E-01    4.39242E-01   -4.53223E-01    1.32447E-02    2.54633E-01
     1.02309E-01    4.04793E+00    6.33033E-01   -7.81007E-01    1.20614E+00   -2.73707E-01   -2.43935E+00    4.86321E-01   -2.93212E-01    1.06112E-01    9.25864E-01    4.37725E-01   -4.66215E-01    1.40961E-02    2.61376E-01
     1.05609E-01    4.03865E+00    6.51844E-01   -7.76972E-01    1.23948E+00   -2.81720E-01   -2.41720E+00    4.85338E-01   -3.01956E-01    1.09150E-01    9.15458E-01    4.36165E-01   -4.79012E-01    1.49696E-02    2.67959E-01
     1.08909E-01    4.02909E+00    6.70508E-01   -7.72827E-01    1.27231E+00   -2.89660E-01   -2.39451E+00    4.84328E-01   -3.10634E-01    1.12153E-01    9.04803E-01    4.34564E-01   -4.91609E-01    1.58645E-02    2.74380E-01
     1.12209E-01    4.01928E+00    6.89020E-01   -7.68575E-01    1.30464E+00   -2.97523E-01   -2.37129E+00    4.83288E-01   -3.19245E-01    1.15121E-01    8.93907E-01    4.32921E-01   -5.04003E-01    1.67803E-02    2.80635E-01
     1.15509E-01    4.00921E+00    7.07377E-01   -7.64217E-01    1.33645E+00   -3.05310E-01   -2.34755E+00    4.82221E-01   -3.27786E-01    1.18053E-01    8.82777E-01    4.31238E-01   -5.16188E-01    1.77165E-02    2.86722E-01
     1.18809E-01    3.99889E+00    7.25575E-01   -7.59755E-01    1.36774E+00   -3.13017E-01   -2.32331E+00    4.81125E-01   -3.36255E-01    1.20947E-01    8.71420E-01    4.29514E-01   -5.28162E-01    1.86724E-02    2.92638E-01
     1.22109E-01    3.98831E+00    7.43611E-01   -7.55191E-01    1.39849E+00   -3.20643E-01   -2.29858E+00    4.80002E-01   -3.44653E-01    1.23804E-01    8.59843E-01    4.27752E-01   -5.39921E-01    1.96477E-02    2.98380E-01
     1.25409E-01    3.97749E+00    7.61481E-01   -7.50526E-01    1.42870E+00   -3.28187E-01   -2.27339E+00    4.78850E-01   -3.52975E-01    1.26622E-01    8.48054E-01    4.25951E-01   -5.51461E-01    2.06415E-02    3.03945E-01
     1.28709E-01    3.96641E+00    7.79182E-01   -7.45762E-01    1.45836E+00   -3.35646E-01   -2.24773E+00    4.77672E-01   -3.61222E-01    1.29401E-01    8.36060E-01    4.24113E-01   -5.62779E-01    2.16535E-02    3.09332E-01
     1.32009E-01    3.95510E+00    7.96710E-01   -7.40901E-01    1.48745E+00   -3.43021E-01   -2.22163E+00    4.76467E-01   -3.69392E-01    1.32140E-01    8.23868E-01    4.22237E-01   -5.73872E-01    2.26829E-02    3.14539E-01
     1.35309E-01    3.94355E+00    8.14063E-01   -7.35946E-01    1.51598E+00   -3.50309E-01   -2.19511E+00    4.75234E-01   -3.77482E-01    1.34838E-01    8.11487E-01    4.20325E-01   -5.84736E-01    2.37292E-02    3.19563E-01
     1.38609E-01    3.93176E+00    8.31237E-01   -7.30897E-01    1.54394E+00   -3.57508E-01   -2.16817E+00    4.73975E-01   -3.85491E-01    1.37495E-01    7.98924E-01    4.18378E-01   -5.95370E-01    2.47918E-02    3.24402E-01
     1.41909E-01    3.91973E+00    8.48229E-01   -7.25756E-01    1.57132E+00   -3.64618E-01   -2.14083E+00    4.72690E-01   -3.93419E-01    1.40111E-01    7.86187E-01    4.16396E-01   -6.05770E-01    2.58701E-02    3.29056E-01
     1.45209E-01    3.90748E+00    8.65036E-01   -7.20527E-01    1.59811E+00   -3.71637E-01   -2.11311E+00    4.71379E-01   -4.01263E-01    1.42684E-01    7.73283E-01    4.14380E-01   -6.15933E-01    2.69633E-02    3.33522E-01
     1.48509E-01    3.89500E+00    8.81655E-01   -7.15209E-01    1.62430E+00   -3.78564E-01   -2.08503E+00    4.70042E-01   -4.09022E-01    1.45214E-01    7.60220E-01    4.12331E-01   -6.25859E-01    2.80711E-02    3.37800E-01
     1.51809E-01    3.88230E+00    8.98083E-01   -7.09807E-01    1.64990E+00   -3.85398E-01   -2.05659E+00    4.68679E-01   -4.16695E-01    1.47701E-01    7.47007E-01    4.10250E-01   -6.35544E-01    2.91926E-02    3.41888E-01
     1.55109E-01    3.86938E+00    9.14318E-01   -7.04321E-01    1.67490E+00   -3.92137E-01   -2.02782E+00    4.67292E-01   -4.24280E-01    1.50144E-01    7.33650E-01    4.08137E-01   -6.44987E-01    3.03273E-02    3.45785E-01
     1.58409E-01    3.85624E+00    9.30356E-01   -6.98753E-01    1.69929E+00   -3.98781E-01   -1.99873E+00    4.65879E-01   -4.31776E-01    1.52543E-01    7.20159E-01    4.05993E-01   -6.54185E-01    3.14746E-02    3.49491E-01
     1.61709E-01    3.84289E+00    9.46196E-01   -6.93106E-01    1.72307E+00   -4.05328E-01   -1.96933E+00    4.64442E-01   -4.39182E-01    1.54897E-01    7.06540E-01    4.03820E-01   -6.63138E-01    3.26337E-02    3.53004E-01
     1.65009E-01    3.82934E+00    9.61834E-01   -6.87382E-01    1.74624E+00   -4.11778E-01   -1.93964E+00    4.62981E-01   -4.46496E-01    1.57206E-01    6.92801E-01    4.01617E-01   -6.71845E-01    3.38041E-02    3.56325E-01
     1.68309E-01    3.81557E+00    9.77269E-01   -6.81582E-01    1.76880E+00   -4.18130E-01   -1.90968E+00    4.61495E-01   -4.53718E-01    1.59470E-01    6.78952E-01    3.99386E-01   -6.80302E-01    3.49852E-02    3.59453E-01
     1.71609E-01    3.80161E+00    9.92498E-01   -6.75708E-01    1.79073E+00   -4.24382E-01   -1.87947E+00    4.59986E-01   -4.60845E-01    1.61687E-01    6.64998E-01    3.97127E-01   -6.88511E-01    3.61763E-02    3.62389E-01
     1.74909E-01    3.78745E+00    1.00752E+00   -6.69764E-01    1.81204E+00   -4.30534E-01   -1.84901E+00    4.58454E-01   -4.67878E-01    1.63858E-01    6.50949E-01    3.94842E-01   -6.96470E-01    3.73768E-02    3.65131E-01
     1.78209E-01    3.77309E+00    1.02233E+00   -6.63750E-01    1.83273E+00   -4.36585E-01   -1.81832E+00    4.56898E-01   -4.74815E-01    1.65983E-01    6.36811E-01    3.92531E-01   -7.04178E-01    3.85859E-02    3.67681E-01
     1.81509E-01    3.75855E+00    1.03693E+00   -6.57669E-01    1.85280E+00   -4.42534E-01   -1.78742E+00    4.55320E-01   -4.81654E-01    1.68061E-01    6.22593E-01    3.90195E-01   -7.11634E-01    3.98032E-02    3.70038E-01
     1.84809E-01    3.74381E+00    1.05131E+00   -6.51522E-01    1.87224E+00   -4.48381E-01   -1.75633E+00    4.53720E-01   -4.88395E-01    1.70092E-01    6.08303E-01    3.87834E-01   -7.18839E-01    4.10280E-02    3.72203E-01
     1.88109E-01    3.72890E+00    1.06548E+00   -6.45313E-01    1.89106E+00   -4.54126E-01   -1.72506E+00    4.52097E-01   -4.95037E-01    1.72076E-01    5.93948E-01    3.85451E-01   -7.25792E-01    4.22595E-02    3.74176E-01
     1.91409E-01    3.71381E+00    1.07942E+00   -6.39042E-01    1.90925E+00   -4.59767E-01   -1.69362E+00    4.50453E-01   -5.01579E-01    1.74012E-01    5.79535E-01    3.83045E-01   -7.32494E-01    4.34973E-02    3.75959E-01
     1.94709E-01    3.69854E+00    1.09315E+00   -6.32712E-01    1.92682E+00   -4.65303E-01   -1.66203E+00    4.48787E-01   -5.08020E-01    1.75901E-01    5.65072E-01    3.80617E-01   -7.38943E-01    4.47406E-02    3.77552E-01
     1.98008E-01    3.68310E+00    1.10666E+00   -6.26326E-01    1.94376E+00   -4.70736E-01   -1.63030E+00    4.47100E-01   -5.14358E-01    1.77742E-01    5.50568E-01    3.78168E-01   -7.45141E-01    4.59889E-02    3.78957E-01
     2.01308E-01    3.66749E+00    1.11995E+00   -6.19884E-01    1.96008E+00   -4.76063E-01   -1.59846E+00    4.45392E-01   -5.20594E-01    1.79534E-01    5.36028E-01    3.75699E-01   -7.51088E-01    4.72415E-02    3.80174E-01
     2.04608E-01    3.65172E+00    1.13301E+00   -6.13390E-01    1.97578E+00   -4.81285E-01   -1.56650E+00    4.43664E-01   -5.26727E-01    1.81279E-01    5.21461E-01    3.73211E-01   -7.56784E-01    4.84978E-02    3.81204E-01
     2.07908E-01    3.63579E+00    1.14584E+00   -6.06845E-01    1.99086E+00   -4.86402E-01   -1.53446E+00    4.41916E-01   -5.32755E-01    1.82976E-01    5.06873E-01    3.70705E-01   -7.62231E-01    4.97572E-02    3.82050E-01
     2.11208E-01    3.61970E+00    1.15845E+00   -6.00251E-01    2.00532E+00   -4.91413E-01   -1.50234E+00    4.40148E-01   -5.38677E-01    1.84625E-01    4.92272E-01    3.68181E-01   -7.67429E-01    5.10191E-02    3.82713E-01
     2.14508E-01    3.60346E+00    1.17083E+00   -5.93611E-01    2.01917E+00   -4.96317E-01   -1.47015E+00    4.38361E-01   -5.44494E-01    1.86225E-01    4.77665E-01    3.65640E-01   -7.72379E-01    5.22829E-02    3.83194E-01
     2.17808E-01    3.58708E+00    1.18298E+00   -5.86925E-01    2.03240E+00   -5.01115E-01   -1.43792E+00    4.36554E-01   -5.50205E-01    1.87777E-01    4.63059E-01    3.63083E-01   -7.77082E-01    5.35480E-02    3.83495E-01
     2.21108E-01    3.57055E+00    1.19490E+00   -5.80197E-01    2.04503E+00   -5.05807E-01   -1.40565E+00    4.34730E-01   -5.55808E-01    1.89281E-01    4.48460E-01    3.60511E-01   -7.81539E-01    5.48138E-02    3.83618E-01
     2.24408E-01    3.55388E+00    1.20658E+00   -5.73429E-01    2.05705E+00   -5.10393E-01   -1.37336E+00    4.32886E-01   -5.61304E-01    1.90737E-01    4.33876E-01    3.57925E-01   -7.85753E-01    5.60797E-02    3.83565E-01
     2.27708E-01    3.53707E+00    1.21804E+00   -5.66622E-01    2.06847E+00   -5.14871E-01   -1.34107E+00    4.31025E-01   -5.66692E-01    1.92145E-01    4.19313E-01    3.55326E-01   -7.89724E-01    5.73451E-02    3.83339E-01
     2.31008E-01    3.52014E+00    1.22926E+00   -5.59778E-01    2.07929E+00   -5.19244E-01   -1.30878E+00    4.29146E-01   -5.71970E-01    1.93504E-01    4.04777E-01    3.52713E-01   -7.93455E-01    5.86095E-02    3.82940E-01
     2.34308E-01    3.50307E+00    1.24025E+00   -5.52899E-01    2.08952E+00   -5.23509E-01   -1.27650E+00    4.27250E-01   -5.77140E-01    1.94816E-01    3.90276E-01    3.50089E-01   -7.96946E-01    5.98723E-02    3.82373E-01
     2.37608E-01    3.48588E+00    1.25101E+00   -5.45988E-01    2.09916E+00   -5.27669E-01   -1.24426E+00    4.25337E-01   -5.82200E-01    1.96080E-01    3.75815E-01    3.47454E-01   -8.00200E-01    6.11330E-02    3.81638E-01
     2.40908E-01    3.46857E+00    1.26153E+00   -5.39045E-01    2.10822E+00   -5.31721E-01   -1.21206E+00    4.23408E-01   -5.87150E-01    1.97297E-01    3.61400E-01    3.44808E-01   -8.03220E-01    6.23909E-02    3.80739E-01
     2.44208E-01    3.45114E+00    1.27182E+00   -5.32074E-01    2.11670E+00   -5.35668E-01   -1.17992E+00    4.21462E-01   -5.91990E-01    1.98466E-01    3.47037E-01    3.42153E-01   -8.06006E-01    6.36456E-02    3.79679E-01
     2.47508E-01    3.43360E+00    1.28187E+00   -5.25076E-01    2.12461E+00   -5.39509E-01   -1.14784E+00    4.19501E-01   -5.96719E-01    1.99587E-01    3.32733E-01    3.39489E-01   -8.08561E-01    6.48966E-02    3.78459E-01
     2.50808E-01    3.41595E+00    1.29168E+00   -5.18053E-01    2.13195E+00   -5.43244E-01   -1.11585E+00    4.17524E-01   -6.01337E-01    2.00662E-01    3.18493E-01    3.36817E-01   -8.10888E-01    6.61433E-02    3.77082E-01
     2.54108E-01    3.39819E+00    1.30126E+00   -5.11006E-01    2.13873E+00   -5.46874E-01   -1.08395E+00    4.15532E-01   -6.05843E-01    2.01689E-01    3.04322E-01    3.34137E-01   -8.12989E-01    6.73851E-02    3.75552E-01
     2.57408E-01    3.38033E+00    1.31061E+00   -5.03938E-01    2.14496E+00   -5.50398E-01   -1.05214E+00    4.13526E-01   -6.10239E-01    2.02670E-01    2.90227E-01    3.31451E-01   -8.14867E-01    6.86217E-02    3.73871E-01
     2.60708E-01    3.36238E+00    1.31971E+00   -4.96850E-01    2.15064E+00   -5.53818E-01   -1.02046E+00    4.11505E-01   -6.14522E-01    2.03605E-01    2.76212E-01    3.28759E-01   -8.16523E-01    6.98525E-02    3.72042E-01
     2.64008E-01    3.34433E+00    1.32859E+00   -4.89744E-01    2.15578E+00   -5.57133E-01   -9.88894E-01    4.09470E-01   -6.18694E-01    2.04493E-01    2.62283E-01    3.26063E-01   -8.17962E-01    7.10770E-02    3.70069E-01
     2.67308E-01    3.32619E+00    1.33722E+00   -4.82622E-01    2.16039E+00   -5.60345E-01   -9.57465E-01    4.07422E-01   -6.22755E-01    2.05336E-01    2.48445E-01    3.23361E-01   -8.19185E-01    7.22948E-02    3.67953E-01
     2.70608E-01    3.30797E+00    1.34562E+00   -4.75486E-01    2.16447E+00   -5.63453E-01   -9.26182E-01    4.05360E-01   -6.26703E-01    2.06133E-01    2.34702E-01    3.20656E-01   -8.20195E-01    7.35053E-02    3.65699E-01
     2.73908E-01    3.28966E+00    1.35379E+00   -4.68338E-01    2.16803E+00   -5.66458E-01   -8.95054E-01    4.03285E-01   -6.30539E-01    2.06885E-01    2.21060E-01    3.17948E-01   -8.20996E-01    7.47082E-02    3.63309E-01
     2.77208E-01    3.27128E+00    1.36172E+00   -4.61178E-01    2.17107E+00   -5.69360E-01   -8.64091E-01    4.01198E-01   -6.34264E-01    2.07592E-01    2.07523E-01    3.15238E-01   -8.21590E-01    7.59030E-02    3.60787E-01
     2.80508E-01    3.25282E+00    1.36942E+00   -4.54009E-01    2.17362E+00   -5.72161E-01   -8.33302E-01    3.99099E-01   -6.37876E-01    2.08255E-01    1.94096E-01    3.12526E-01   -8.21981E-01    7.70893E-02    3.58136E-01
     2.83808E-01    3.23429E+00    1.37688E+00   -4.46833E-01    2.17566E+00   -5.74860E-01   -8.02696E-01    3.96989E-01   -6.41377E-01    2.08873E-01    1.80782E-01    3.09813E-01   -8.22171E-01    7.82666E-02    3.55359E-01
     2.87108E-01    3.21569E+00    1.38411E+00   -4.39650E-01    2.17722E+00   -5.77459E-01   -7.72281E-01    3.94867E-01   -6.44766E-01    2.09448E-01    1.67586E-01    3.07100E-01   -8.22164E-01    7.94345E-02    3.52459E-01
     2.90408E-01    3.19702E+00    1.39110E+00   -4.32464E-01    2.17829E+00   -5.79957E-01   -7.42068E-01    3.92733E-01   -6.48043E-01    2.09980E-01    1.54512E-01    3.04387E-01   -8.21963E-01    8.05926E-02    3.49441E-01
     2.93708E-01    3.17830E+00    1.39787E+00   -4.25274E-01    2.17890E+00   -5.82356E-01   -7.12063E-01    3.90590E-01   -6.51209E-01    2.10468E-01    1.41564E-01    3.01675E-01   -8.21571E-01    8.17406E-02    3.46306E-01
     2.97008E-01    3.15952E+00    1.40440E+00   -4.18084E-01    2.17903E+00   -5.84657E-01   -6.82275E-01    3.88436E-01   -6.54264E-01    2.10914E-01    1.28746E-01    2.98965E-01   -8.20991E-01    8.28781E-02    3.43059E-01
     3.00308E-01    3.14068E+00    1.41070E+00   -4.10893E-01    2.17872E+00   -5.86860E-01   -6.52711E-01    3.86272E-01   -6.57208E-01    2.11318E-01    1.16061E-01    2.96257E-01   -8.20228E-01    8.40047E-02    3.39703E-01
     3.03608E-01    3.12180E+00    1.41678E+00   -4.03705E-01    2.17795E+00   -5.88965E-01   -6.23378E-01    3.84098E-01   -6.60042E-01    2.11680E-01    1.03512E-01    2.93552E-01   -8.19284E-01    8.51200E-02    3.36241E-01
     3.06908E-01    3.10287E+00    1.42262E+00   -3.96519E-01    2.17674E+00   -5.90974E-01   -5.94285E-01    3.81915E-01   -6.62764E-01    2.12001E-01    9.11034E-02    2.90850E-01   -8.18163E-01    8.62238E-02    3.32678E-01
     3.10208E-01    3.08389E+00    1.42824E+00   -3.89339E-01    2.17511E+00   -5.92888E-01   -5.65437E-01    3.79724E-01   -6.65377E-01    2.12282E-01    7.88376E-02    2.88152E-01   -8.16868E-01    8.73156E-02    3.29015E-01
     3.13508E-01    3.06488E+00    1.43363E+00   -3.82164E-01    2.17305E+00   -5.94706E-01   -5.36841E-01    3.77524E-01   -6.67880E-01    2.12522E-01    6.67178E-02    2.85459E-01   -8.15403E-01    8.83951E-02    3.25257E-01
     3.16808E-01    3.04583E+00    1.43879E+00   -3.74997E-01    2.17057E+00   -5.96431E-01   -5.08504E-01    3.75316E-01   -6.70274E-01    2.12722E-01    5.47466E-02    2.82771E-01   -8.13771E-01    8.94622E-02    3.21407E-01
     3.20108E-01    3.02675E+00    1.44373E+00   -3.67839E-01    2.16770E+00   -5.98063E-01   -4.80431E-01    3.73100E-01   -6.72559E-01    2.12883E-01    4.29270E-02    2.80088E-01   -8.11976E-01    9.05163E-02    3.17469E-01
     3.23408E-01    3.00763E+00    1.44845E+00   -3.60691E-01    2.16442E+00   -5.99602E-01   -4.52627E-01    3.70877E-01   -6.74736E-01    2.13006E-01    3.12613E-02    2.77412E-01   -8.10022E-01    9.15573E-02    3.13446E-01
     3.26708E-01    2.98849E+00    1.45294E+00   -3.53554E-01    2.16076E+00   -6.01050E-01   -4.25100E-01    3.68647E-01   -6.76804E-01    2.13090E-01    1.97519E-02    2.74742E-01   -8.07911E-01    9.25850E-02    3.09342E-01
     3.30007E-01    2.96933E+00    1.45722E+00   -3.46431E-01    2.15672E+00   -6.02408E-01   -3.97852E-01    3.66411E-01   -6.78766E-01    2.13136E-01    8.40114E-03    2.72080E-01   -8.05649E-01    9.35989E-02    3.05159E-01
     3.33307E-01    2.95015E+00    1.46128E+00   -3.39321E-01    2.15231E+00   -6.03676E-01   -3.70890E-01    3.64168E-01   -6.80620E-01    2.13145E-01   -2.78889E-03    2.69425E-01   -8.03237E-01    9.45989E-02    3.00901E-01
     3.36607E-01    2.93095E+00    1.46511E+00   -3.32226E-01    2.14754E+00   -6.04856E-01   -3.44218E-01    3.61919E-01   -6.82368E-01    2.13118E-01   -1.38162E-02    2.66779E-01   -8.00681E-01    9.55847E-02    2.96572E-01
     3.39907E-01    2.91174E+00    1.46874E+00   -3.25147E-01    2.14242E+00   -6.05949E-01   -3.17841E-01    3.59664E-01   -6.84010E-01    2.13054E-01   -2.46791E-02    2.64141E-01   -7.97983E-01    9.65562E-02    2.92176E-01
     3.43207E-01    2.89251E+00    1.47215E+00   -3.18086E-01    2.13695E+00   -6.06954E-01   -2.91761E-01    3.57404E-01   -6.85548E-01    2.12955E-01   -3.53757E-02    2.61512E-01   -7.95147E-01    9.75130E-02    2.87714E-01
     3.46507E-01    2.87328E+00    1.47534E+00   -3.11044E-01    2.13115E+00   -6.07875E-01   -2.65984E-01    3.55140E-01   -6.86980E-01    2.12821E-01   -4.59046E-02    2.58893E-01   -7.92177E-01    9.84550E-02    2.83191E-01
     3.49807E-01    2.85404E+00    1.47832E+00   -3.04021E-01    2.12502E+00   -6.08710E-01   -2.40513E-01    3.52870E-01   -6.88309E-01    2.12652E-01   -5.62642E-02    2.56284E-01   -7.89076E-01    9.93820E-02    2.78611E-01
     3.53107E-01    2.83480E+00    1.48110E+00   -2.97019E-01    2.11858E+00   -6.09462E-01   -2.15350E-01    3.50597E-01   -6.89535E-01    2.12450E-01   -6.64533E-02    2.53685E-01   -7.85849E-01    1.00294E-01    2.73975E-01
     3.56407E-01    2.81557E+00    1.48366E+00   -2.90039E-01    2.11183E+00   -6.10132E-01   -1.90499E-01    3.48320E-01   -6.90659E-01    2.12214E-01   -7.64707E-02    2.51097E-01   -7.82498E-01    1.01190E-01    2.69288E-01
     3.59707E-01    2.79633E+00    1.48602E+00   -2.83082E-01    2.10478E+00   -6.10720E-01   -1.65964E-01    3.46039E-01   -6.91680E-01    2.11945E-01   -8.63154E-02    2.48521E-01   -7.79027E-01    1.02071E-01    2.64553E-01
     3.63007E-01    2.77710E+00    1.48818E+00   -2.76148E-01    2.09744E+00   -6.11228E-01   -1.41745E-01    3.43755E-01   -6.92601E-01    2.11645E-01   -9.59864E-02    2.45956E-01   -7.75440E-01    1.02936E-01    2.59773E-01
     3.66307E-01    2.75789E+00    1.49013E+00   -2.69239E-01    2.08982E+00   -6.11656E-01   -1.17847E-01    3.41468E-01   -6.93422E-01    2.11312E-01   -1.05483E-01    2.43403E-01   -7.71740E-01    1.03785E-01    2.54951E-01
     3.69607E-01    2.73868E+00    1.49188E+00   -2.62355E-01    2.08192E+00   -6.12006E-01   -9.42699E-02    3.39178E-01   -6.94144E-01    2.10949E-01   -1.14804E-01    2.40863E-01   -7.67931E-01    1.04619E-01    2.50090E-01
     3.72907E-01    2.71949E+00    1.49344E+00   -2.55499E-01    2.07376E+00   -6.12278E-01   -7.10168E-02    3.36887E-01   -6.94767E-01    2.10555E-01   -1.23950E-01    2.38335E-01   -7.64016E-01    1.05436E-01    2.45193E-01
     3.76207E-01    2.70032E+00    1.49479E+00   -2.48669E-01    2.06534E+00   -6.12475E-01   -4.80890E-02    3.34593E-01   -6.95292E-01    2.10131E-01   -1.32919E-01    2.35820E-01   -7.60000E-01    1.06237E-01    2.40263E-01
     3.79507E-01    2.68116E+00    1.49595E+00   -2.41868E-01    2.05667E+00   -6.12596E-01   -2.54880E-02    3.32298E-01   -6.95721E-01    2.09678E-01   -1.41712E-01    2.33319E-01   -7.55884E-01    1.07022E-01    2.35303E-01
     3.82807E-01    2.66203E+00    1.49692E+00   -2.35095E-01    2.04777E+00   -6.12643E-01   -3.21499E-03    3.30001E-01   -6.96054E-01    2.09196E-01   -1.50328E-01    2.30832E-01   -7.51673E-01    1.07790E-01    2.30317E-01
     3.86107E-01    2.64293E+00    1.49770E+00   -2.28353E-01    2.03863E+00   -6.12618E-01    1.87290E-02    3.27704E-01   -6.96292E-01    2.08686E-01   -1.58767E-01    2.28358E-01   -7.47371E-01    1.08542E-01    2.25307E-01
     3.89407E-01    2.62385E+00    1.49829E+00   -2.21641E-01    2.02926E+00   -6.12520E-01    4.03432E-02    3.25406E-01   -6.96436E-01    2.08148E-01   -1.67029E-01    2.25899E-01   -7.42980E-01    1.09277E-01    2.20275E-01
     3.92707E-01    2.60480E+00    1.49869E+00   -2.14960E-01    2.01969E+00   -6.12352E-01    6.16269E-02    3.23108E-01   -6.96486E-01    2.07583E-01   -1.75114E-01    2.23455E-01   -7.38504E-01    1.09996E-01    2.15225E-01
     3.96007E-01    2.58578E+00    1.49890E+00   -2.08311E-01    2.00990E+00   -6.12114E-01    8.25797E-02    3.20809E-01   -6.96445E-01    2.06992E-01   -1.83022E-01    2.21025E-01   -7.33946E-01    1.10697E-01    2.10160E-01
     3.99307E-01    2.56680E+00    1.49894E+00   -2.01695E-01    1.99991E+00   -6.11807E-01    1.03202E-01    3.18511E-01   -6.96312E-01    2.06376E-01   -1.90754E-01    2.18611E-01   -7.29309E-01    1.11383E-01    2.05081E-01
     4.02607E-01    2.54786E+00    1.49879E+00   -1.95112E-01    1.98974E+00   -6.11433E-01    1.23492E-01    3.16214E-01   -6.96090E-01    2.05734E-01   -1.98310E-01    2.16212E-01   -7.24597E-01    1.12051E-01    1.99992E-01
     4.05907E-01    2.52895E+00    1.49846E+00   -1.88563E-01    1.97937E+00   -6.10992E-01    1.43452E-01    3.13917E-01   -6.95778E-01    2.05067E-01   -2.05690E-01    2.13829E-01   -7.19814E-01    1.12702E-01    1.94896E-01
     4.09207E-01    2.51009E+00    1.49796E+00   -1.82048E-01    1.96883E+00   -6.10487E-01    1.63081E-01    3.11622E-01   -6.95378E-01    2.04376E-01   -2.12894E-01    2.11461E-01   -7.14961E-01    1.13337E-01    1.89794E-01
     4.12507E-01    2.49127E+00    1.49729E+00   -1.75569E-01    1.95812E+00   -6.09916E-01    1.82379E-01    3.09328E-01   -6.94891E-01    2.03662E-01   -2.19924E-01    2.09110E-01   -7.10042E-01    1.13955E-01    1.84690E-01
     4.15807E-01    2.47249E+00    1.49644E+00   -1.69125E-01    1.94725E+00   -6.09283E-01    2.01348E-01    3.07036E-01   -6.94317E-01    2.02925E-01   -2.26780E-01    2.06775E-01   -7.05061E-01    1.14556E-01    1.79586E-01
     4.19107E-01    2.45376E+00    1.49542E+00   -1.62717E-01    1.93622E+00   -6.08588E-01    2.19988E-01    3.04745E-01   -6.93659E-01    2.02166E-01   -2.33463E-01    2.04457E-01   -7.00020E-01    1.15140E-01    1.74483E-01
     4.22407E-01    2.43509E+00    1.49424E+00   -1.56346E-01    1.92505E+00   -6.07832E-01    2.38300E-01    3.02458E-01   -6.92917E-01    2.01384E-01   -2.39974E-01    2.02155E-01   -6.94922E-01    1.15708E-01    1.69385E-01
     4.25707E-01    2.41646E+00    1.49289E+00   -1.50012E-01    1.91373E+00   -6.07016E-01    2.56286E-01    3.00172E-01   -6.92092E-01    2.00582E-01   -2.46313E-01    1.99870E-01   -6.89770E-01    1.16258E-01    1.64294E-01
     4.29007E-01    2.39789E+00    1.49137E+00   -1.43716E-01    1.90228E+00   -6.06141E-01    2.73945E-01    2.97890E-01   -6.91185E-01    1.99759E-01   -2.52482E-01    1.97603E-01   -6.84568E-01    1.16792E-01    1.59211E-01
     4.32307E-01    2.37937E+00    1.48970E+00   -1.37458E-01    1.89070E+00   -6.05208E-01    2.91281E-01    2.95611E-01   -6.90198E-01    1.98916E-01   -2.58482E-01    1.95352E-01   -6.79318E-01    1.17309E-01    1.54140E-01
     4.35607E-01    2.36091E+00    1.48787E+00   -1.31238E-01    1.87900E+00   -6.04218E-01    3.08293E-01    2.93335E-01   -6.89131E-01    1.98053E-01   -2.64313E-01    1.93119E-01   -6.74022E-01    1.17809E-01    1.49082E-01
     4.38907E-01    2.34251E+00    1.48588E+00   -1.25056E-01    1.86719E+00   -6.03173E-01    3.24985E-01    2.91063E-01   -6.87986E-01    1.97171E-01   -2.69977E-01    1.90904E-01   -6.68684E-01    1.18293E-01    1.44039E-01
     4.42207E-01    2.32417E+00    1.48374E+00   -1.18914E-01    1.85526E+00   -6.02074E-01    3.41356E-01    2.88794E-01   -6.86763E-01    1.96271E-01   -2.75476E-01    1.88706E-01   -6.63306E-01    1.18760E-01    1.39013E-01
     4.45507E-01    2.30590E+00    1.48145E+00   -1.12812E-01    1.84324E+00   -6.00921E-01    3.57411E-01    2.86530E-01   -6.85464E-01    1.95354E-01   -2.80810E-01    1.86526E-01   -6.57892E-01    1.19211E-01    1.34007E-01
     4.48807E-01    2.28768E+00    1.47900E+00   -1.06749E-01    1.83112E+00   -5.99715E-01    3.73150E-01    2.84270E-01   -6.84090E-01    1.94418E-01   -2.85981E-01    1.84364E-01   -6.52443E-01    1.19645E-01    1.29021E-01
     4.52107E-01    2.26954E+00    1.47641E+00   -1.00727E-01    1.81891E+00   -5.98458E-01    3.88575E-01    2.82015E-01   -6.82643E-01    1.93466E-01   -2.90990E-01    1.82220E-01   -6.46962E-01    1.20062E-01    1.24058E-01
     4.55407E-01    2.25146E+00    1.47368E+00   -9.47446E-02    1.80661E+00   -5.97151E-01    4.03688E-01    2.79765E-01   -6.81123E-01    1.92498E-01   -2.95839E-01    1.80094E-01   -6.41451E-01    1.20463E-01    1.19120E-01
     4.58707E-01    2.23345E+00    1.47081E+00   -8.88032E-02    1.79424E+00   -5.95794E-01    4.18493E-01    2.77520E-01   -6.79531E-01    1.91514E-01   -3.00529E-01    1.77986E-01   -6.35914E-01    1.20848E-01    1.14208E-01
     4.62006E-01    2.21551E+00    1.46779E+00   -8.29027E-02    1.78179E+00   -5.94389E-01    4.32991E-01    2.75280E-01   -6.77869E-01    1.90515E-01   -3.05062E-01    1.75897E-01   -6.30353E-01    1.21217E-01    1.09324E-01
     4.65306E-01    2.19764E+00    1.46464E+00   -7.70435E-02    1.76928E+00   -5.92937E-01    4.47184E-01    2.73046E-01   -6.76137E-01    1.89501E-01   -3.09439E-01    1.73826E-01   -6.24769E-01    1.21570E-01    1.04470E-01
     4.68606E-01    2.17985E+00    1.46135E+00   -7.12256E-02    1.75671E+00   -5.91438E-01    4.61076E-01    2.70818E-01   -6.74338E-01    1.88473E-01   -3.13662E-01    1.71774E-01   -6.19165E-01    1.21907E-01    9.96461E-02
     4.71906E-01    2.16213E+00    1.45793E+00   -6.54494E-02    1.74407E+00   -5.89894E-01    4.74668E-01    2.68595E-01   -6.72472E-01    1.87431E-01   -3.17733E-01    1.69740E-01   -6.13545E-01    1.22228E-01    9.48553E-02
     4.75206E-01    2.14449E+00    1.45438E+00   -5.97149E-02    1.73139E+00   -5.88306E-01    4.87964E-01    2.66379E-01   -6.70540E-01    1.86376E-01   -3.21654E-01    1.67724E-01   -6.07909E-01    1.22533E-01    9.00984E-02
     4.78506E-01    2.12692E+00    1.45070E+00   -5.40223E-02    1.71866E+00   -5.86674E-01    5.00966E-01    2.64170E-01   -6.68544E-01    1.85308E-01   -3.25426E-01    1.65728E-01   -6.02259E-01    1.22822E-01    8.53770E-02
     4.81806E-01    2.10943E+00    1.44690E+00   -4.83719E-02    1.70589E+00   -5.85000E-01    5.13677E-01    2.61967E-01   -6.66484E-01    1.84228E-01   -3.29050E-01    1.63749E-01   -5.96599E-01    1.23096E-01    8.06922E-02
     4.85106E-01    2.09203E+00    1.44297E+00   -4.27636E-02    1.69308E+00   -5.83284E-01    5.26100E-01    2.59771E-01   -6.64363E-01    1.83136E-01   -3.32529E-01    1.61790E-01   -5.90930E-01    1.23355E-01    7.60454E-02
     4.88406E-01    2.07470E+00    1.43892E+00   -3.71977E-02    1.68024E+00   -5.81528E-01    5.38238E-01    2.57583E-01   -6.62180E-01    1.82034E-01   -3.35865E-01    1.59849E-01   -5.85254E-01    1.23598E-01    7.14379E-02
     4.91706E-01    2.05746E+00    1.43475E+00   -3.16741E-02    1.66737E+00   -5.79732E-01    5.50093E-01    2.55401E-01   -6.59938E-01    1.80920E-01   -3.39060E-01    1.57927E-01   -5.79574E-01    1.23826E-01    6.68707E-02
     4.95006E-01    2.04030E+00    1.43046E+00   -2.61931E-02    1.65447E+00   -5.77898E-01    5.61670E-01    2.53227E-01   -6.57638E-01    1.79796E-01   -3.42114E-01    1.56024E-01   -5.73890E-01    1.24040E-01    6.23450E-02
     4.98306E-01    2.02322E+00    1.42606E+00   -2.07547E-02    1.64156E+00   -5.76026E-01    5.72970E-01    2.51061E-01   -6.55280E-01    1.78662E-01   -3.45031E-01    1.54140E-01   -5.68205E-01    1.24238E-01    5.78618E-02
     5.01606E-01    2.00623E+00    1.42155E+00   -1.53590E-02    1.62863E+00   -5.74116E-01    5.83997E-01    2.48902E-01   -6.52867E-01    1.77519E-01   -3.47812E-01    1.52274E-01   -5.62521E-01    1.24422E-01    5.34223E-02
     5.04906E-01    1.98933E+00    1.41693E+00   -1.00059E-02    1.61569E+00   -5.72171E-01    5.94755E-01    2.46752E-01   -6.50398E-01    1.76367E-01   -3.50460E-01    1.50427E-01   -5.56839E-01    1.24591E-01    4.90274E-02
     5.08206E-01    1.97252E+00    1.41220E+00   -4.69550E-03    1.60274E+00   -5.70191E-01    6.05246E-01    2.44610E-01   -6.47876E-01    1.75206E-01   -3.52975E-01    1.48599E-01   -5.51162E-01    1.24745E-01    4.46779E-02
     5.11506E-01    1.95579E+00    1.40737E+00    5.72125E-04    1.58979E+00   -5.68177E-01    6.15473E-01    2.42476E-01   -6.45301E-01    1.74037E-01   -3.55361E-01    1.46790E-01   -5.45490E-01    1.24885E-01    4.03748E-02
     5.14806E-01    1.93915E+00    1.40243E+00    5.79701E-03    1.57683E+00   -5.66130E-01    6.25441E-01    2.40351E-01   -6.42675E-01    1.72861E-01   -3.57618E-01    1.44999E-01   -5.39826E-01    1.25012E-01    3.61189E-02
     5.18106E-01    1.92261E+00    1.39740E+00    1.09791E-02    1.56388E+00   -5.64050E-01    6.35152E-01    2.38234E-01   -6.39998E-01    1.71677E-01   -3.59750E-01    1.43227E-01   -5.34172E-01    1.25124E-01    3.19111E-02
     5.21406E-01    1.90615E+00    1.39226E+00    1.61186E-02    1.55094E+00   -5.61938E-01    6.44609E-01    2.36127E-01   -6.37273E-01    1.70487E-01   -3.61757E-01    1.41473E-01   -5.28527E-01    1.25222E-01    2.77519E-02
     5.24706E-01    1.88979E+00    1.38703E+00    2.12153E-02    1.53800E+00   -5.59795E-01    6.53816E-01    2.34029E-01   -6.34500E-01    1.69290E-01   -3.63643E-01    1.39738E-01   -5.22895E-01    1.25307E-01    2.36422E-02
     5.28006E-01    1.87352E+00    1.38170E+00    2.62693E-02    1.52508E+00   -5.57623E-01    6.62776E-01    2.31939E-01   -6.31680E-01    1.68087E-01   -3.65409E-01    1.38022E-01   -5.17277E-01    1.25378E-01    1.95826E-02
     5.31306E-01    1.85734E+00    1.37628E+00    3.12808E-02    1.51218E+00   -5.55421E-01    6.71492E-01    2.29859E-01   -6.28815E-01    1.66878E-01   -3.67057E-01    1.36324E-01   -5.11674E-01    1.25436E-01    1.55737E-02
     5.34606E-01    1.84126E+00    1.37078E+00    3.62496E-02    1.49929E+00   -5.53191E-01    6.79969E-01    2.27789E-01   -6.25906E-01    1.65664E-01   -3.68589E-01    1.34645E-01   -5.06087E-01    1.25481E-01    1.16161E-02
     5.37906E-01    1.82527E+00    1.36518E+00    4.11760E-02    1.48643E+00   -5.50934E-01    6.88208E-01    2.25729E-01   -6.22954E-01    1.64446E-01   -3.70008E-01    1.32984E-01   -5.00517E-01    1.25513E-01    7.71034E-03
     5.41206E-01    1.80938E+00    1.35950E+00    4.60600E-02    1.47359E+00   -5.48650E-01    6.96214E-01    2.23678E-01   -6.19959E-01    1.63222E-01   -3.71314E-01    1.31342E-01   -4.94967E-01    1.25532E-01    3.85685E-03
     5.44506E-01    1.79358E+00    1.35374E+00    5.09017E-02    1.46077E+00   -5.46339E-01    7.03990E-01    2.21637E-01   -6.16924E-01    1.61995E-01   -3.72511E-01    1.29717E-01   -4.89436E-01    1.25539E-01    5.61176E-05
     5.47806E-01    1.77788E+00    1.34789E+00    5.57011E-02    1.44799E+00   -5.44004E-01    7.11539E-01    2.19606E-01   -6.13850E-01    1.60764E-01   -3.73601E-01    1.28111E-01   -4.83927E-01    1.25533E-01   -3.69144E-03
     5.51106E-01    1.76228E+00    1.34197E+00    6.04584E-02    1.43524E+00   -5.41643E-01    7.18865E-01    2.17586E-01   -6.10736E-01    1.59529E-01   -3.74585E-01    1.26524E-01   -4.78441E-01    1.25514E-01   -7.38545E-03
     5.54406E-01    1.74677E+00    1.33597E+00    6.51736E-02    1.42252E+00   -5.39259E-01    7.25971E-01    2.15575E-01   -6.07586E-01    1.58292E-01   -3.75465E-01    1.24954E-01   -4.72978E-01    1.25484E-01   -1.10256E-02
     5.57706E-01    1.73137E+00    1.32989E+00    6.98470E-02    1.40984E+00   -5.36852E-01    7.32860E-01    2.13576E-01   -6.04399E-01    1.57051E-01   -3.76244E-01    1.23402E-01   -4.67540E-01    1.25442E-01   -1.46115E-02
     5.61006E-01    1.71606E+00    1.32374E+00    7.44785E-02    1.39720E+00   -5.34423E-01    7.39536E-01    2.11586E-01   -6.01176E-01    1.55809E-01   -3.76923E-01    1.21868E-01   -4.62127E-01    1.25388E-01   -1.81429E-02
     5.64306E-01    1.70085E+00    1.31752E+00    7.90684E-02    1.38460E+00   -5.31972E-01    7.46002E-01    2.09608E-01   -5.97920E-01    1.54564E-01   -3.77505E-01    1.20352E-01   -4.56741E-01    1.25322E-01   -2.16197E-02
     5.67606E-01    1.68575E+00    1.31123E+00    8.36168E-02    1.37204E+00   -5.29499E-01    7.52262E-01    2.07640E-01   -5.94631E-01    1.53317E-01   -3.77991E-01    1.18853E-01   -4.51383E-01    1.25245E-01   -2.50415E-02
     5.70906E-01    1.67074E+00    1.30488E+00    8.81239E-02    1.35953E+00   -5.27007E-01    7.58318E-01    2.05683E-01   -5.91310E-01    1.52069E-01   -3.78383E-01    1.17373E-01   -4.46053E-01    1.25157E-01   -2.84083E-02
     5.74206E-01    1.65583E+00    1.29846E+00    9.25897E-02    1.34706E+00   -5.24495E-01    7.64174E-01    2.03738E-01   -5.87958E-01    1.50820E-01   -3.78684E-01    1.15909E-01   -4.40753E-01    1.25058E-01   -3.17198E-02
     5.77506E-01    1.64102E+00    1.29197E+00    9.70145E-02    1.33464E+00   -5.21964E-01    7.69833E-01    2.01803E-01   -5.84576E-01    1.49570E-01   -3.78896E-01    1.14464E-01   -4.35483E-01    1.24947E-01   -3.49760E-02
     5.80806E-01    1.62632E+00    1.28543E+00    1.01398E-01    1.32228E+00   -5.19414E-01    7.75299E-01    1.99879E-01   -5.81166E-01    1.48319E-01   -3.79020E-01    1.13035E-01   -4.30243E-01    1.24827E-01   -3.81768E-02
     5.84106E-01    1.61171E+00    1.27883E+00    1.05741E-01    1.30996E+00   -5.16847E-01    7.80574E-01    1.97967E-01   -5.77728E-01    1.47069E-01   -3.79059E-01    1.11624E-01   -4.25036E-01    1.24696E-01   -4.13221E-02
     5.87406E-01    1.59721E+00    1.27217E+00    1.10044E-01    1.29770E+00   -5.14263E-01    7.85663E-01    1.96067E-01   -5.74264E-01    1.45818E-01   -3.79013E-01    1.10230E-01   -4.19861E-01    1.24554E-01   -4.44119E-02
     5.90706E-01    1.58281E+00    1.26545E+00    1.14306E-01    1.28549E+00   -5.11662E-01    7.90567E-01    1.94177E-01   -5.70773E-01    1.44567E-01   -3.78886E-01    1.08853E-01   -4.14719E-01    1.24403E-01   -4.74462E-02
     5.94005E-01    1.56852E+00    1.25868E+00    1.18528E-01    1.27333E+00   -5.09045E-01    7.95291E-01    1.92299E-01   -5.67259E-01    1.43317E-01   -3.78679E-01    1.07493E-01   -4.09611E-01    1.24241E-01   -5.04251E-02
     5.97305E-01    1.55432E+00    1.25186E+00    1.22710E-01    1.26124E+00   -5.06413E-01    7.99837E-01    1.90433E-01   -5.63721E-01    1.42068E-01   -3.78395E-01    1.06150E-01   -4.04538E-01    1.24070E-01   -5.33485E-02
     6.00605E-01    1.54023E+00    1.24499E+00    1.26852E-01    1.24920E+00   -5.03766E-01    8.04209E-01    1.88579E-01   -5.60160E-01    1.40820E-01   -3.78034E-01    1.04823E-01   -3.99499E-01    1.23889E-01   -5.62166E-02
     6.03905E-01    1.52624E+00    1.23807E+00    1.30955E-01    1.23723E+00   -5.01105E-01    8.08409E-01    1.86736E-01   -5.56578E-01    1.39573E-01   -3.77599E-01    1.03513E-01   -3.94496E-01    1.23699E-01   -5.90295E-02
     6.07205E-01    1.51235E+00    1.23110E+00    1.35018E-01    1.22531E+00   -4.98431E-01    8.12441E-01    1.84906E-01   -5.52975E-01    1.38328E-01   -3.77091E-01    1.02219E-01   -3.89530E-01    1.23499E-01   -6.17873E-02
     6.10505E-01    1.49857E+00    1.22410E+00    1.39042E-01    1.21345E+00   -4.95744E-01    8.16308E-01    1.83087E-01   -5.49353E-01    1.37084E-01   -3.76513E-01    1.00942E-01   -3.84600E-01    1.23291E-01   -6.44901E-02
     6.13805E-01    1.48489E+00    1.21704E+00    1.43027E-01    1.20166E+00   -4.93044E-01    8.20012E-01    1.81280E-01   -5.45712E-01    1.35843E-01   -3.75866E-01    9.96808E-02   -3.79707E-01    1.23074E-01   -6.71381E-02
     6.17105E-01    1.47131E+00    1.20995E+00    1.46973E-01    1.18993E+00   -4.90332E-01    8.23557E-01    1.79485E-01   -5.42054E-01    1.34604E-01   -3.75153E-01    9.84358E-02   -3.74851E-01    1.22848E-01   -6.97315E-02
     6.20405E-01    1.45783E+00    1.20282E+00    1.50881E-01    1.17827E+00   -4.87608E-01    8.26945E-01    1.77702E-01   -5.38379E-01    1.33367E-01   -3.74374E-01    9.72068E-02   -3.70034E-01    1.22614E-01   -7.22705E-02
     6.23705E-01    1.44446E+00    1.19565E+00    1.54750E-01    1.16667E+00   -4.84874E-01    8.30180E-01    1.75932E-01   -5.34688E-01    1.32133E-01   -3.73532E-01    9.59936E-02   -3.65255E-01    1.22371E-01   -7.47554E-02
     6.27005E-01    1.43120E+00    1.18844E+00    1.58581E-01    1.15514E+00   -4.82129E-01    8.33264E-01    1.74174E-01   -5.30982E-01    1.30902E-01   -3.72628E-01    9.47961E-02   -3.60515E-01    1.22120E-01   -7.71863E-02
     6.30305E-01    1.41803E+00    1.18120E+00    1.62374E-01    1.14367E+00   -4.79375E-01    8.36200E-01    1.72427E-01   -5.27262E-01    1.29674E-01   -3.71664E-01    9.36141E-02   -3.55814E-01    1.21862E-01   -7.95635E-02
     6.33605E-01    1.40497E+00    1.17392E+00    1.66129E-01    1.13227E+00   -4.76611E-01    8.38992E-01    1.70694E-01   -5.23529E-01    1.28449E-01   -3.70642E-01    9.24477E-02   -3.51152E-01    1.21595E-01   -8.18874E-02
     6.36905E-01    1.39201E+00    1.16662E+00    1.69847E-01    1.12094E+00   -4.73838E-01    8.41640E-01    1.68972E-01   -5.19784E-01    1.27228E-01   -3.69563E-01    9.12965E-02   -3.46530E-01    1.21321E-01   -8.41582E-02
     6.40205E-01    1.37916E+00    1.15928E+00    1.73527E-01    1.10968E+00   -4.71056E-01    8.44150E-01    1.67263E-01   -5.16027E-01    1.26010E-01   -3.68430E-01    9.01605E-02   -3.41948E-01    1.21040E-01   -8.63761E-02
     6.43505E-01    1.36641E+00    1.15192E+00    1.77170E-01    1.09849E+00   -4.68266E-01    8.46522E-01    1.65566E-01   -5.12260E-01    1.24796E-01   -3.67243E-01    8.90396E-02   -3.37406E-01    1.20751E-01   -8.85417E-02
     6.46805E-01    1.35376E+00    1.14453E+00    1.80777E-01    1.08736E+00   -4.65469E-01    8.48760E-01    1.63882E-01   -5.08484E-01    1.23586E-01   -3.66004E-01    8.79336E-02   -3.32905E-01    1.20456E-01   -9.06551E-02
     6.50105E-01    1.34121E+00    1.13712E+00    1.84347E-01    1.07631E+00   -4.62665E-01    8.50866E-01    1.62210E-01   -5.04698E-01    1.22381E-01   -3.64716E-01    8.68424E-02   -3.28444E-01    1.20153E-01   -9.27168E-02
     6.53405E-01    1.32877E+00    1.12968E+00    1.87881E-01    1.06533E+00   -4.59854E-01    8.52843E-01    1.60551E-01   -5.00904E-01    1.21179E-01   -3.63378E-01    8.57659E-02   -3.24024E-01    1.19844E-01   -9.47271E-02
     6.56705E-01    1.31643E+00    1.12222E+00    1.91378E-01    1.05442E+00   -4.57036E-01    8.54694E-01    1.58905E-01   -4.97104E-01    1.19982E-01   -3.61994E-01    8.47038E-02   -3.19645E-01    1.19528E-01   -9.66864E-02
     6.60005E-01    1.30420E+00    1.11473E+00    1.94840E-01    1.04357E+00   -4.54213E-01    8.56421E-01    1.57270E-01   -4.93296E-01    1.18790E-01   -3.60565E-01    8.36562E-02   -3.15307E-01    1.19206E-01   -9.85950E-02
     6.63305E-01    1.29206E+00    1.10723E+00    1.98266E-01    1.03280E+00   -4.51384E-01    8.58026E-01    1.55649E-01   -4.89484E-01    1.17603E-01   -3.59091E-01    8.26228E-02   -3.11010E-01    1.18877E-01   -1.00453E-01
     6.66605E-01    1.28003E+00    1.09971E+00    2.01656E-01    1.02211E+00   -4.48550E-01    8.59512E-01    1.54040E-01   -4.85666E-01    1.16420E-01   -3.57575E-01    8.16035E-02   -3.06755E-01    1.18543E-01   -1.02262E-01
     6.69905E-01    1.26810E+00    1.09218E+00    2.05012E-01    1.01148E+00   -4.45711E-01    8.60881E-01    1.52443E-01   -4.81844E-01    1.15243E-01   -3.56018E-01    8.05982E-02   -3.02541E-01    1.18202E-01   -1.04021E-01
     6.73205E-01    1.25627E+00    1.08463E+00    2.08332E-01    1.00093E+00   -4.42868E-01    8.62136E-01    1.50860E-01   -4.78019E-01    1.14070E-01   -3.54421E-01    7.96067E-02   -2.98368E-01    1.17856E-01   -1.05732E-01
     6.76505E-01    1.24454E+00    1.07706E+00    2.11618E-01    9.90443E-01   -4.40021E-01    8.63279E-01    1.49289E-01   -4.74191E-01    1.12904E-01   -3.52786E-01    7.86289E-02   -2.94237E-01    1.17505E-01   -1.07393E-01
     6.79805E-01    1.23292E+00    1.06948E+00    2.14869E-01    9.80033E-01   -4.37171E-01    8.64312E-01    1.47730E-01   -4.70361E-01    1.11742E-01   -3.51114E-01    7.76647E-02   -2.90147E-01    1.17148E-01   -1.09007E-01
     6.83105E-01    1.22140E+00    1.06189E+00    2.18086E-01    9.69696E-01   -4.34317E-01    8.65238E-01    1.46184E-01   -4.66530E-01    1.10586E-01   -3.49407E-01    7.67139E-02   -2.86099E-01    1.16785E-01   -1.10573E-01
     6.86405E-01    1.20997E+00    1.05429E+00    2.21269E-01    9.59431E-01   -4.31461E-01    8.66058E-01    1.44651E-01   -4.62698E-01    1.09436E-01   -3.47666E-01    7.57764E-02   -2.82093E-01    1.16418E-01   -1.12092E-01
     6.89705E-01    1.19865E+00    1.04668E+00    2.24418E-01    9.49239E-01   -4.28601E-01    8.66775E-01    1.43130E-01   -4.58867E-01    1.08292E-01   -3.45892E-01    7.48521E-02   -2.78127E-01    1.16045E-01   -1.13565E-01
     6.93005E-01    1.18743E+00    1.03907E+00    2.27534E-01    9.39119E-01   -4.25740E-01    8.67392E-01    1.41622E-01   -4.55036E-01    1.07153E-01   -3.44087E-01    7.39407E-02   -2.74204E-01    1.15668E-01   -1.14991E-01
     6.96305E-01    1.17631E+00    1.03144E+00    2.30617E-01    9.29072E-01   -4.22877E-01    8.67910E-01    1.40127E-01   -4.51207E-01    1.06021E-01   -3.42251E-01    7.30423E-02   -2.70322E-01    1.15287E-01   -1.16371E-01
     6.99605E-01    1.16529E+00    1.02381E+00    2.33666E-01    9.19097E-01   -4.20012E-01    8.68331E-01    1.38645E-01   -4.47380E-01    1.04894E-01   -3.40386E-01    7.21566E-02   -2.66481E-01    1.14900E-01   -1.17706E-01
     7.02905E-01    1.15436E+00    1.01618E+00    2.36683E-01    9.09195E-01   -4.17146E-01    8.68657E-01    1.37175E-01   -4.43555E-01    1.03774E-01   -3.38494E-01    7.12835E-02   -2.62681E-01    1.14510E-01   -1.18997E-01
     7.06205E-01    1.14354E+00    1.00854E+00    2.39667E-01    8.99366E-01   -4.14279E-01    8.68891E-01    1.35717E-01   -4.39734E-01    1.02660E-01   -3.36575E-01    7.04229E-02   -2.58923E-01    1.14115E-01   -1.20243E-01
     7.09505E-01    1.13282E+00    1.00090E+00    2.42619E-01    8.89609E-01   -4.11411E-01    8.69034E-01    1.34272E-01   -4.35917E-01    1.01553E-01   -3.34631E-01    6.95746E-02   -2.55205E-01    1.13716E-01   -1.21445E-01
     7.12805E-01    1.12219E+00    9.93265E-01    2.45538E-01    8.79924E-01   -4.08543E-01    8.69088E-01    1.32840E-01   -4.32104E-01    1.00452E-01   -3.32663E-01    6.87385E-02   -2.51529E-01    1.13314E-01   -1.22605E-01
     7.16105E-01    1.11166E+00    9.85626E-01    2.48426E-01    8.70312E-01   -4.05675E-01    8.69056E-01    1.31420E-01   -4.28297E-01    9.93574E-02   -3.30672E-01    6.79144E-02   -2.47893E-01    1.12907E-01   -1.23721E-01
     7.19405E-01    1.10124E+00    9.77987E-01    2.51282E-01    8.60771E-01   -4.02808E-01    8.68939E-01    1.30013E-01   -4.24495E-01    9.82696E-02   -3.28659E-01    6.71023E-02   -2.44298E-01    1.12497E-01   -1.24796E-01
     7.22705E-01    1.09090E+00    9.70351E-01    2.54107E-01    8.51303E-01   -3.99941E-01    8.68738E-01    1.28619E-01   -4.20699E-01    9.71883E-02   -3.26625E-01    6.63020E-02   -2.40744E-01    1.12084E-01   -1.25828E-01
     7.26004E-01    1.08067E+00    9.62717E-01    2.56901E-01    8.41907E-01   -3.97074E-01    8.68457E-01    1.27237E-01   -4.16910E-01    9.61139E-02   -3.24571E-01    6.55134E-02   -2.37230E-01    1.11667E-01   -1.26820E-01
     7.29304E-01    1.07053E+00    9.55088E-01    2.59664E-01    8.32582E-01   -3.94209E-01    8.68096E-01    1.25867E-01   -4.13128E-01    9.50462E-02   -3.22499E-01    6.47363E-02   -2.33756E-01    1.11247E-01   -1.27770E-01
     7.32604E-01    1.06049E+00    9.47464E-01    2.62396E-01    8.23329E-01   -3.91345E-01    8.67658E-01    1.24510E-01   -4.09354E-01    9.39854E-02   -3.20409E-01    6.39706E-02   -2.30322E-01    1.10823E-01   -1.28681E-01
     7.35904E-01    1.05054E+00    9.39846E-01    2.65098E-01    8.14147E-01   -3.88483E-01    8.67143E-01    1.23165E-01   -4.05589E-01    9.29315E-02   -3.18302E-01    6.32161E-02   -2.26929E-01    1.10397E-01   -1.29552E-01
     7.39204E-01    1.04069E+00    9.32234E-01    2.67770E-01    8.05036E-01   -3.85622E-01    8.66555E-01    1.21833E-01   -4.01832E-01    9.18846E-02   -3.16180E-01    6.24728E-02   -2.23574E-01    1.09968E-01   -1.30384E-01
     7.42504E-01    1.03094E+00    9.24631E-01    2.70411E-01    7.95997E-01   -3.82763E-01    8.65894E-01    1.20513E-01   -3.98084E-01    9.08448E-02   -3.14043E-01    6.17405E-02   -2.20260E-01    1.09537E-01   -1.31177E-01
     7.45804E-01    1.02128E+00    9.17036E-01    2.73023E-01    7.87028E-01   -3.79907E-01    8.65162E-01    1.19206E-01   -3.94347E-01    8.98120E-02   -3.11893E-01    6.10191E-02   -2.16984E-01    1.09103E-01   -1.31933E-01
     7.49104E-01    1.01171E+00    9.09451E-01    2.75606E-01    7.78129E-01   -3.77053E-01    8.64361E-01    1.17911E-01   -3.90619E-01    8.87863E-02   -3.09730E-01    6.03084E-02   -2.13748E-01    1.08666E-01   -1.32650E-01
     7.52404E-01    1.00224E+00    9.01876E-01    2.78159E-01    7.69301E-01   -3.74202E-01    8.63492E-01    1.16628E-01   -3.86902E-01    8.77678E-02   -3.07555E-01    5.96083E-02   -2.10550E-01    1.08227E-01   -1.33331E-01
     7.55704E-01    9.92863E-01    8.94312E-01    2.80683E-01    7.60543E-01   -3.71355E-01    8.62557E-01    1.15357E-01   -3.83196E-01    8.67565E-02   -3.05369E-01    5.89187E-02   -2.07391E-01    1.07786E-01   -1.33976E-01
     7.59004E-01    9.83578E-01    8.86761E-01    2.83178E-01    7.51855E-01   -3.68510E-01    8.61558E-01    1.14099E-01   -3.79502E-01    8.57524E-02   -3.03173E-01    5.82395E-02   -2.04270E-01    1.07343E-01   -1.34584E-01
     7.62304E-01    9.74385E-01    8.79222E-01    2.85645E-01    7.43236E-01   -3.65668E-01    8.60496E-01    1.12852E-01   -3.75819E-01    8.47556E-02   -3.00967E-01    5.75705E-02   -2.01188E-01    1.06898E-01   -1.35157E-01
     7.65604E-01    9.65285E-01    8.71696E-01    2.88084E-01    7.34686E-01   -3.62831E-01    8.59372E-01    1.11618E-01   -3.72149E-01    8.37660E-02   -2.98754E-01    5.69116E-02   -1.98143E-01    1.06451E-01   -1.35695E-01
     7.68904E-01    9.56276E-01    8.64185E-01    2.90494E-01    7.26205E-01   -3.59997E-01    8.58188E-01    1.10396E-01   -3.68491E-01    8.27838E-02   -2.96532E-01    5.62627E-02   -1.95135E-01    1.06002E-01   -1.36198E-01
     7.72204E-01    9.47358E-01    8.56689E-01    2.92877E-01    7.17794E-01   -3.57167E-01    8.56945E-01    1.09186E-01   -3.64847E-01    8.18089E-02   -2.94304E-01    5.56237E-02   -1.92166E-01    1.05552E-01   -1.36668E-01
     7.75504E-01    9.38531E-01    8.49209E-01    2.95232E-01    7.09450E-01   -3.54341E-01    8.55645E-01    1.07988E-01   -3.61216E-01    8.08414E-02   -2.92070E-01    5.49944E-02   -1.89233E-01    1.05100E-01   -1.37104E-01
     7.78804E-01    9.29795E-01    8.41745E-01    2.97559E-01    7.01175E-01   -3.51519E-01    8.54290E-01    1.06802E-01   -3.57599E-01    7.98813E-02   -2.89831E-01    5.43747E-02   -1.86337E-01    1.04647E-01   -1.37507E-01
     7.82104E-01    9.21148E-01    8.34299E-01    2.99860E-01    6.92967E-01   -3.48703E-01    8.52880E-01    1.05628E-01   -3.53996E-01    7.89286E-02   -2.87587E-01    5.37646E-02   -1.83477E-01    1.04193E-01   -1.37878E-01
     7.85404E-01    9.12590E-01    8.26870E-01    3.02133E-01    6.84827E-01   -3.45891E-01    8.51416E-01    1.04466E-01   -3.50407E-01    7.79832E-02   -2.85339E-01    5.31638E-02   -1.80654E-01    1.03737E-01   -1.38217E-01
     7.88704E-01    9.04122E-01    8.19459E-01    3.04379E-01    6.76754E-01   -3.43083E-01    8.49901E-01    1.03315E-01   -3.46833E-01    7.70453E-02   -2.83089E-01    5.25722E-02   -1.77866E-01    1.03281E-01   -1.38525E-01
     7.92004E-01    8.95741E-01    8.12068E-01    3.06600E-01    6.68748E-01   -3.40281E-01    8.48336E-01    1.02177E-01   -3.43274E-01    7.61149E-02   -2.80835E-01    5.19898E-02   -1.75114E-01    1.02823E-01   -1.38802E-01
     7.95304E-01    8.87449E-01    8.04696E-01    3.08793E-01    6.60809E-01   -3.37484E-01    8.46721E-01    1.01050E-01   -3.39731E-01    7.51918E-02   -2.78581E-01    5.14164E-02   -1.72398E-01    1.02365E-01   -1.39048E-01
     7.98604E-01    8.79244E-01    7.97345E-01    3.10961E-01    6.52935E-01   -3.34693E-01    8.45058E-01    9.99346E-02   -3.36203E-01    7.42763E-02   -2.76325E-01    5.08520E-02   -1.69716E-01    1.01906E-01   -1.39265E-01
     8.01904E-01    8.71125E-01    7.90015E-01    3.13103E-01    6.45128E-01   -3.31907E-01    8.43349E-01    9.88309E-02   -3.32691E-01    7.33681E-02   -2.74068E-01    5.02963E-02   -1.67070E-01    1.01446E-01   -1.39452E-01
     8.05204E-01    8.63094E-01    7.82705E-01    3.15219E-01    6.37387E-01   -3.29127E-01    8.41594E-01    9.77388E-02   -3.29196E-01    7.24674E-02   -2.71812E-01    4.97493E-02   -1.64458E-01    1.00985E-01   -1.39610E-01
     8.08504E-01    8.55148E-01    7.75418E-01    3.17309E-01    6.29711E-01   -3.26353E-01    8.39795E-01    9.66582E-02   -3.25717E-01    7.15742E-02   -2.69556E-01    4.92108E-02   -1.61880E-01    1.00524E-01   -1.39740E-01
     8.11804E-01    8.47287E-01    7.68154E-01    3.19375E-01    6.22099E-01   -3.23584E-01    8.37952E-01    9.55891E-02   -3.22255E-01    7.06884E-02   -2.67302E-01    4.86808E-02   -1.59335E-01    1.00063E-01   -1.39842E-01
     8.15104E-01    8.39511E-01    7.60912E-01    3.21415E-01    6.14553E-01   -3.20822E-01    8.36067E-01    9.45313E-02   -3.18809E-01    6.98100E-02   -2.65050E-01    4.81592E-02   -1.56825E-01    9.96013E-02   -1.39916E-01
     8.18404E-01    8.31820E-01    7.53694E-01    3.23431E-01    6.07070E-01   -3.18067E-01    8.34142E-01    9.34849E-02   -3.15381E-01    6.89390E-02   -2.62800E-01    4.76458E-02   -1.54347E-01    9.91395E-02   -1.39964E-01
     8.21704E-01    8.24212E-01    7.46500E-01    3.25422E-01    5.99652E-01   -3.15317E-01    8.32177E-01    9.24498E-02   -3.11971E-01    6.80755E-02   -2.60554E-01    4.71405E-02   -1.51903E-01    9.86776E-02   -1.39985E-01
     8.25004E-01    8.16688E-01    7.39330E-01    3.27389E-01    5.92297E-01   -3.12574E-01    8.30173E-01    9.14259E-02   -3.08578E-01    6.72194E-02   -2.58310E-01    4.66432E-02   -1.49491E-01    9.82156E-02   -1.39979E-01
     8.28304E-01    8.09247E-01    7.32185E-01    3.29331E-01    5.85006E-01   -3.09838E-01    8.28131E-01    9.04132E-02   -3.05203E-01    6.63707E-02   -2.56071E-01    4.61538E-02   -1.47111E-01    9.77538E-02   -1.39949E-01
     8.31604E-01    8.01888E-01    7.25066E-01    3.31250E-01    5.77777E-01   -3.07109E-01    8.26053E-01    8.94116E-02   -3.01846E-01    6.55293E-02   -2.53837E-01    4.56722E-02   -1.44764E-01    9.72920E-02   -1.39893E-01
     8.34904E-01    7.94610E-01    7.17972E-01    3.33145E-01    5.70611E-01   -3.04386E-01    8.23939E-01    8.84210E-02   -2.98507E-01    6.46954E-02   -2.51607E-01    4.51983E-02   -1.42448E-01    9.68305E-02   -1.39812E-01
     8.38204E-01    7.87414E-01    7.10904E-01    3.35016E-01    5.63508E-01   -3.01671E-01    8.21791E-01    8.74414E-02   -2.95187E-01    6.38687E-02   -2.49383E-01    4.47320E-02   -1.40163E-01    9.63693E-02   -1.39707E-01
     8.41504E-01    7.80299E-01    7.03864E-01    3.36864E-01    5.56466E-01   -2.98962E-01    8.19609E-01    8.64727E-02   -2.91885E-01    6.30494E-02   -2.47165E-01    4.42732E-02   -1.37909E-01    9.59085E-02   -1.39578E-01
     8.44804E-01    7.73263E-01    6.96850E-01    3.38689E-01    5.49485E-01   -2.96261E-01    8.17395E-01    8.55149E-02   -2.88602E-01    6.22375E-02   -2.44953E-01    4.38218E-02   -1.35686E-01    9.54481E-02   -1.39426E-01
     8.48104E-01    7.66308E-01    6.89863E-01    3.40490E-01    5.42566E-01   -2.93568E-01    8.15149E-01    8.45680E-02   -2.85338E-01    6.14328E-02   -2.42748E-01    4.33777E-02   -1.33494E-01    9.49883E-02   -1.39251E-01
     8.51404E-01    7.59432E-01    6.82904E-01    3.42270E-01    5.35708E-01   -2.90881E-01    8.12873E-01    8.36317E-02   -2.82093E-01    6.06353E-02   -2.40550E-01    4.29407E-02   -1.31331E-01    9.45291E-02   -1.39053E-01
     8.54704E-01    7.52634E-01    6.75973E-01    3.44026E-01    5.28910E-01   -2.88203E-01    8.10567E-01    8.27061E-02   -2.78868E-01    5.98451E-02   -2.38360E-01    4.25108E-02   -1.29199E-01    9.40706E-02   -1.38833E-01
     8.58003E-01    7.45914E-01    6.69071E-01    3.45760E-01    5.22172E-01   -2.85532E-01    8.08232E-01    8.17912E-02   -2.75661E-01    5.90621E-02   -2.36178E-01    4.20880E-02   -1.27095E-01    9.36128E-02   -1.38592E-01
     8.61303E-01    7.39272E-01    6.62197E-01    3.47473E-01    5.15494E-01   -2.82869E-01    8.05870E-01    8.08868E-02   -2.72474E-01    5.82864E-02   -2.34004E-01    4.16720E-02   -1.25021E-01    9.31559E-02   -1.38329E-01
     8.64603E-01    7.32707E-01    6.55352E-01    3.49163E-01    5.08876E-01   -2.80213E-01    8.03480E-01    7.99928E-02   -2.69307E-01    5.75177E-02   -2.31839E-01    4.12628E-02   -1.22976E-01    9.26999E-02   -1.38045E-01
     8.67903E-01    7.26219E-01    6.48537E-01    3.50831E-01    5.02316E-01   -2.77566E-01    8.01064E-01    7.91093E-02   -2.66159E-01    5.67562E-02   -2.29683E-01    4.08603E-02   -1.20959E-01    9.22448E-02   -1.37741E-01
     8.71203E-01    7.19807E-01    6.41751E-01    3.52478E-01    4.95815E-01   -2.74926E-01    7.98623E-01    7.82362E-02   -2.63031E-01    5.60018E-02   -2.27537E-01    4.04645E-02   -1.18970E-01    9.17908E-02   -1.37417E-01
     8.74503E-01    7.13470E-01    6.34995E-01    3.54104E-01    4.89372E-01   -2.72295E-01    7.96158E-01    7.73733E-02   -2.59923E-01    5.52545E-02   -2.25400E-01    4.00751E-02   -1.17009E-01    9.13379E-02   -1.37073E-01
     8.77803E-01    7.07208E-01    6.28269E-01    3.55708E-01    4.82988E-01   -2.69672E-01    7.93669E-01    7.65207E-02   -2.56835E-01    5.45142E-02   -2.23274E-01    3.96922E-02   -1.15075E-01    9.08862E-02   -1.36709E-01
     8.81103E-01    7.01020E-01    6.21573E-01    3.57291E-01    4.76660E-01   -2.67057E-01    7.91158E-01    7.56782E-02   -2.53767E-01    5.37809E-02   -2.21157E-01    3.93156E-02   -1.13169E-01    9.04357E-02   -1.36327E-01
     8.84403E-01    6.94906E-01    6.14908E-01    3.58854E-01    4.70390E-01   -2.64450E-01    7.88624E-01    7.48458E-02   -2.50719E-01    5.30545E-02   -2.19051E-01    3.89452E-02   -1.11289E-01    8.99864E-02   -1.35926E-01
     8.87703E-01    6.88866E-01    6.08273E-01    3.60396E-01    4.64177E-01   -2.61852E-01    7.86070E-01    7.40234E-02   -2.47691E-01    5.23351E-02   -2.16957E-01    3.85811E-02   -1.09436E-01    8.95386E-02   -1.35506E-01
     8.91003E-01    6.82899E-01    6.01670E-01    3.61918E-01    4.58020E-01   -2.59262E-01    7.83495E-01    7.32110E-02   -2.44683E-01    5.16226E-02   -2.14873E-01    3.82229E-02   -1.07610E-01    8.90921E-02   -1.35069E-01
     8.94303E-01    6.77004E-01    5.95098E-01    3.63419E-01    4.51920E-01   -2.56681E-01    7.80900E-01    7.24085E-02   -2.41696E-01    5.09170E-02   -2.12801E-01    3.78708E-02   -1.05809E-01    8.86471E-02   -1.34615E-01
     8.97603E-01    6.71180E-01    5.88557E-01    3.64900E-01    4.45875E-01   -2.54108E-01    7.78287E-01    7.16158E-02   -2.38729E-01    5.02181E-02   -2.10741E-01    3.75246E-02   -1.04034E-01    8.82037E-02   -1.34143E-01
     9.00903E-01    6.65428E-01    5.82048E-01    3.66362E-01    4.39885E-01   -2.51544E-01    7.75655E-01    7.08329E-02   -2.35782E-01    4.95261E-02   -2.08692E-01    3.71842E-02   -1.02284E-01    8.77618E-02   -1.33655E-01
     9.04203E-01    6.59747E-01    5.75571E-01    3.67804E-01    4.33950E-01   -2.48989E-01    7.73006E-01    7.00597E-02   -2.32856E-01    4.88408E-02   -2.06656E-01    3.68495E-02   -1.00559E-01    8.73216E-02   -1.33150E-01
     9.07503E-01    6.54136E-01    5.69125E-01    3.69226E-01    4.28070E-01   -2.46442E-01    7.70340E-01    6.92960E-02   -2.29950E-01    4.81621E-02   -2.04633E-01    3.65204E-02   -9.88586E-02    8.68831E-02   -1.32628E-01
     9.10803E-01    6.48595E-01    5.62712E-01    3.70629E-01    4.22245E-01   -2.43905E-01    7.67659E-01    6.85420E-02   -2.27064E-01    4.74902E-02   -2.02621E-01    3.61970E-02   -9.71828E-02    8.64463E-02   -1.32091E-01
     9.14103E-01    6.43123E-01    5.56331E-01    3.72013E-01    4.16473E-01   -2.41376E-01    7.64962E-01    6.77974E-02   -2.24199E-01    4.68248E-02   -2.00623E-01    3.58790E-02   -9.55310E-02    8.60113E-02   -1.31539E-01
     9.17403E-01    6.37720E-01    5.49982E-01    3.73378E-01    4.10754E-01   -2.38856E-01    7.62250E-01    6.70622E-02   -2.21355E-01    4.61661E-02   -1.98638E-01    3.55665E-02   -9.39029E-02    8.55781E-02   -1.30971E-01
     9.20703E-01    6.32385E-01    5.43665E-01    3.74724E-01    4.05089E-01   -2.36345E-01    7.59525E-01    6.63364E-02   -2.18531E-01    4.55138E-02   -1.96666E-01    3.52592E-02   -9.22984E-02    8.51469E-02   -1.30389E-01
     9.24003E-01    6.27117E-01    5.37381E-01    3.76051E-01    3.99476E-01   -2.33843E-01    7.56786E-01    6.56199E-02   -2.15727E-01    4.48681E-02   -1.94707E-01    3.49573E-02   -9.07170E-02    8.47176E-02   -1.29792E-01
     9.27303E-01    6.21917E-01    5.31130E-01    3.77360E-01    3.93915E-01   -2.31350E-01    7.54034E-01    6.49126E-02   -2.12944E-01    4.42287E-02   -1.92762E-01    3.46605E-02   -8.91584E-02    8.42903E-02   -1.29181E-01
     9.30603E-01    6.16784E-01    5.24912E-01    3.78651E-01    3.88407E-01   -2.28867E-01    7.51270E-01    6.42145E-02   -2.10181E-01    4.35958E-02   -1.90831E-01    3.43688E-02   -8.76225E-02    8.38650E-02   -1.28555E-01
     9.33903E-01    6.11716E-01    5.18726E-01    3.79924E-01    3.82950E-01   -2.26392E-01    7.48495E-01    6.35254E-02   -2.07439E-01    4.29693E-02   -1.88913E-01    3.40822E-02   -8.61088E-02    8.34418E-02   -1.27916E-01
     9.37203E-01    6.06714E-01    5.12573E-01    3.81179E-01    3.77545E-01   -2.23927E-01    7.45709E-01    6.28454E-02   -2.04717E-01    4.23490E-02   -1.87010E-01    3.38005E-02   -8.46170E-02    8.30208E-02   -1.27264E-01
     9.40503E-01    6.01778E-01    5.06453E-01    3.82416E-01    3.72190E-01   -2.21470E-01    7.42912E-01    6.21743E-02   -2.02015E-01    4.17350E-02   -1.85120E-01    3.35237E-02   -8.31470E-02    8.26019E-02   -1.26599E-01
     9.43803E-01    5.96906E-01    5.00367E-01    3.83635E-01    3.66885E-01   -2.19023E-01    7.40106E-01    6.15121E-02   -1.99334E-01    4.11272E-02   -1.83245E-01    3.32517E-02   -8.16984E-02    8.21853E-02   -1.25921E-01
     9.47103E-01    5.92098E-01    4.94313E-01    3.84837E-01    3.61631E-01   -2.16586E-01    7.37291E-01    6.08587E-02   -1.96673E-01    4.05256E-02   -1.81385E-01    3.29844E-02   -8.02708E-02    8.17709E-02   -1.25230E-01
     9.50403E-01    5.87354E-01    4.88292E-01    3.86022E-01    3.56426E-01   -2.14157E-01    7.34467E-01    6.02140E-02   -1.94032E-01    3.99300E-02   -1.79539E-01    3.27219E-02   -7.88641E-02    8.13588E-02   -1.24527E-01
     9.53703E-01    5.82673E-01    4.82305E-01    3.87190E-01    3.51271E-01   -2.11738E-01    7.31635E-01    5.95781E-02   -1.91412E-01    3.93406E-02   -1.77707E-01    3.24639E-02   -7.74780E-02    8.09490E-02   -1.23812E-01
     9.57003E-01    5.78054E-01    4.76351E-01    3.88340E-01    3.46165E-01   -2.09329E-01    7.28796E-01    5.89507E-02   -1.88811E-01    3.87572E-02   -1.75891E-01    3.22105E-02   -7.61121E-02    8.05416E-02   -1.23085E-01
     9.60303E-01    5.73498E-01    4.70430E-01    3.89474E-01    3.41107E-01   -2.06928E-01    7.25950E-01    5.83319E-02   -1.86231E-01    3.81797E-02   -1.74089E-01    3.19616E-02   -7.47662E-02    8.01367E-02   -1.22347E-01
     9.63603E-01    5.69004E-01    4.64542E-01    3.90592E-01    3.36097E-01   -2.04537E-01    7.23097E-01    5.77216E-02   -1.83671E-01    3.76082E-02   -1.72302E-01    3.17170E-02   -7.34400E-02    7.97342E-02   -1.21597E-01
     9.66903E-01    5.64571E-01    4.58687E-01    3.91693E-01    3.31135E-01   -2.02156E-01    7.20238E-01    5.71196E-02   -1.81131E-01    3.70425E-02   -1.70530E-01    3.14768E-02   -7.21332E-02    7.93341E-02   -1.20836E-01
     9.70203E-01    5.60198E-01    4.52866E-01    3.92777E-01    3.26221E-01   -1.99784E-01    7.17374E-01    5.65261E-02   -1.78611E-01    3.64827E-02   -1.68774E-01    3.12409E-02   -7.08456E-02    7.89367E-02   -1.20065E-01
     9.73503E-01    5.55886E-01    4.47078E-01    3.93846E-01    3.21353E-01   -1.97421E-01    7.14505E-01    5.59408E-02   -1.76110E-01    3.59286E-02   -1.67032E-01    3.10092E-02   -6.95769E-02    7.85417E-02   -1.19283E-01
     9.76803E-01    5.51633E-01    4.41323E-01    3.94898E-01    3.16532E-01   -1.95068E-01    7.11631E-01    5.53637E-02   -1.73630E-01    3.53802E-02   -1.65306E-01    3.07817E-02   -6.83268E-02    7.81494E-02   -1.18491E-01
     9.80103E-01    5.47440E-01    4.35601E-01    3.95935E-01    3.11758E-01   -1.92725E-01    7.08753E-01    5.47948E-02   -1.71169E-01    3.48376E-02   -1.63595E-01    3.05583E-02   -6.70950E-02    7.77597E-02   -1.17688E-01
     9.83403E-01    5.43306E-01    4.29912E-01    3.96956E-01    3.07029E-01   -1.90390E-01    7.05872E-01    5.42340E-02   -1.68728E-01    3.43005E-02   -1.61899E-01    3.03389E-02   -6.58814E-02    7.73727E-02   -1.16875E-01
     9.86703E-01    5.39230E-01    4.24257E-01    3.97961E-01    3.02346E-01   -1.88066E-01    7.02987E-01    5.36812E-02   -1.66306E-01    3.37690E-02   -1.60219E-01    3.01234E-02   -6.46856E-02    7.69883E-02   -1.16053E-01
     9.90002E-01    5.35212E-01    4.18634E-01    3.98951E-01    2.97708E-01   -1.85751E-01    7.00100E-01    5.31364E-02   -1.63904E-01    3.32430E-02   -1.58555E-01    2.99119E-02   -6.35074E-02    7.66067E-02   -1.15222E-01
     9.93302E-01    5.31251E-01    4.13045E-01    3.99926E-01    2.93115E-01   -1.83445E-01    6.97210E-01    5.25994E-02   -1.61521E-01    3.27225E-02   -1.56905E-01    2.97043E-02   -6.23465E-02    7.62279E-02   -1.14380E-01
     9.96602E-01    5.27347E-01    4.07488E-01    4.00886E-01    2.88565E-01   -1.81149E-01    6.94319E-01    5.20703E-02   -1.59158E-01    3.22075E-02   -1.55272E-01    2.95004E-02   -6.12026E-02    7.58518E-02   -1.13530E-01
     9.99902E-01    5.23500E-01    4.01965E-01    4.01831E-01    2.84060E-01   -1.78863E-01    6.91426E-01    5.15490E-02   -1.56814E-01    3.16977E-02   -1.53654E-01    2.93003E-02   -6.00756E-02    7.54786E-02   -1.12671E-01
     1.00320E+00    5.19709E-01    3.96474E-01    4.02761E-01    2.79599E-01   -1.76586E-01    6.88532E-01    5.10353E-02   -1.54488E-01    3.11933E-02   -1.52051E-01    2.91039E-02   -5.89652E-02    7.51082E-02   -1.11803E-01
     1.00650E+00    5.15974E-01    3.91016E-01    4.03676E-01    2.75181E-01   -1.74318E-01    6.85637E-01    5.05293E-02   -1.52182E-01    3.06942E-02   -1.50464E-01    2.89111E-02   -5.78711E-02    7.47407E-02   -1.10927E-01
     1.00980E+00    5.12293E-01    3.85591E-01    4.04577E-01    2.70805E-01   -1.72061E-01    6.82742E-01    5.00309E-02   -1.49895E-01    3.02003E-02   -1.48893E-01    2.87219E-02   -5.67930E-02    7.43761E-02   -1.10042E-01
     1.01310E+00    5.08668E-01    3.80198E-01    4.05463E-01    2.66472E-01   -1.69812E-01    6.79847E-01    4.95400E-02   -1.47626E-01    2.97115E-02   -1.47338E-01    2.85363E-02   -5.57308E-02    7.40145E-02   -1.09149E-01
     1.01640E+00    5.05096E-01    3.74838E-01    4.06336E-01    2.62182E-01   -1.67574E-01    6.76953E-01    4.90566E-02   -1.45377E-01    2.92278E-02   -1.45798E-01    2.83541E-02   -5.46842E-02    7.36558E-02   -1.08248E-01
     1.01970E+00    5.01579E-01    3.69511E-01    4.07194E-01    2.57932E-01   -1.65345E-01    6.74059E-01    4.85805E-02   -1.43145E-01    2.87492E-02   -1.44274E-01    2.81754E-02   -5.36530E-02    7.33001E-02   -1.07338E-01
     1.02300E+00    4.98115E-01    3.64215E-01    4.08038E-01    2.53725E-01   -1.63125E-01    6.71166E-01    4.81118E-02   -1.40933E-01    2.82756E-02   -1.42765E-01    2.80000E-02   -5.26369E-02    7.29473E-02   -1.06421E-01
     1.02630E+00    4.94704E-01    3.58953E-01    4.08868E-01    2.49558E-01   -1.60915E-01    6.68275E-01    4.76504E-02   -1.38738E-01    2.78070E-02   -1.41273E-01    2.78279E-02   -5.16357E-02    7.25977E-02   -1.05497E-01
     1.02960E+00    4.91345E-01    3.53722E-01    4.09685E-01    2.45431E-01   -1.58714E-01    6.65386E-01    4.71961E-02   -1.36562E-01    2.73432E-02   -1.39795E-01    2.76592E-02   -5.06491E-02    7.22511E-02   -1.04565E-01
     1.03290E+00    4.88039E-01    3.48523E-01    4.10488E-01    2.41345E-01   -1.56523E-01    6.62498E-01    4.67490E-02   -1.34404E-01    2.68843E-02   -1.38334E-01    2.74936E-02   -4.96770E-02    7.19076E-02   -1.03626E-01
     1.03620E+00    4.84784E-01    3.43356E-01    4.11278E-01    2.37299E-01   -1.54342E-01    6.59613E-01    4.63090E-02   -1.32264E-01    2.64302E-02   -1.36888E-01    2.73313E-02   -4.87191E-02    7.15672E-02   -1.02679E-01
     1.03950E+00    4.81581E-01    3.38221E-01    4.12055E-01    2.33292E-01   -1.52170E-01    6.56731E-01    4.58761E-02   -1.30142E-01    2.59808E-02   -1.35458E-01    2.71721E-02   -4.77752E-02    7.12299E-02   -1.01726E-01
     1.04280E+00    4.78428E-01    3.33118E-01    4.12818E-01    2.29324E-01   -1.50008E-01    6.53852E-01    4.54501E-02   -1.28037E-01    2.55362E-02   -1.34044E-01    2.70160E-02   -4.68451E-02    7.08958E-02   -1.00765E-01
     1.04610E+00    4.75326E-01    3.28047E-01    4.13568E-01    2.25395E-01   -1.47855E-01    6.50976E-01    4.50310E-02   -1.25951E-01    2.50961E-02   -1.32645E-01    2.68629E-02   -4.59285E-02    7.05649E-02   -9.97980E-02
     1.04940E+00    4.72274E-01    3.23006E-01    4.14306E-01    2.21504E-01   -1.45711E-01    6.48104E-01    4.46188E-02   -1.23881E-01    2.46607E-02   -1.31262E-01    2.67128E-02   -4.50252E-02    7.02371E-02   -9.88241E-02
     1.05270E+00    4.69271E-01    3.17998E-01    4.15030E-01    2.17651E-01   -1.43577E-01    6.45235E-01    4.42134E-02   -1.21829E-01    2.42298E-02   -1.29894E-01    2.65657E-02   -4.41351E-02    6.99126E-02   -9.78436E-02
     1.05600E+00    4.66318E-01    3.13020E-01    4.15742E-01    2.13836E-01   -1.41453E-01    6.42371E-01    4.38147E-02   -1.19795E-01    2.38034E-02   -1.28542E-01    2.64215E-02   -4.32579E-02    6.95914E-02   -9.68566E-02
     1.05930E+00    4.63414E-01    3.08073E-01    4.16441E-01    2.10058E-01   -1.39338E-01    6.39511E-01    4.34227E-02   -1.17777E-01    2.33814E-02   -1.27206E-01    2.62802E-02   -4.23934E-02    6.92734E-02   -9.58633E-02
     1.06260E+00    4.60558E-01    3.03158E-01    4.17128E-01    2.06316E-01   -1.37232E-01    6.36656E-01    4.30374E-02   -1.15776E-01    2.29638E-02   -1.25884E-01    2.61417E-02   -4.15414E-02    6.89587E-02   -9.48637E-02
     1.06590E+00    4.57750E-01    2.98273E-01    4.17803E-01    2.02611E-01   -1.35136E-01    6.33805E-01    4.26586E-02   -1.13793E-01    2.25505E-02   -1.24579E-01    2.60060E-02   -4.07017E-02    6.86473E-02   -9.38580E-02
     1.06920E+00    4.54990E-01    2.93418E-01    4.18466E-01    1.98943E-01   -1.33049E-01    6.30960E-01    4.22863E-02   -1.11825E-01    2.21416E-02   -1.23289E-01    2.58731E-02   -3.98741E-02    6.83392E-02   -9.28462E-02
     1.07250E+00    4.52277E-01    2.88595E-01    4.19116E-01    1.95310E-01   -1.30971E-01    6.28120E-01    4.19205E-02   -1.09875E-01    2.17368E-02   -1.22014E-01    2.57428E-02   -3.90584E-02    6.80345E-02   -9.18284E-02
     1.07580E+00    4.49611E-01    2.83801E-01    4.19755E-01    1.91712E-01   -1.28903E-01    6.25285E-01    4.15611E-02   -1.07941E-01    2.13363E-02   -1.20754E-01    2.56153E-02   -3.82543E-02    6.77332E-02   -9.08048E-02
     1.07910E+00    4.46991E-01    2.79038E-01    4.20382E-01    1.88150E-01   -1.26844E-01    6.22456E-01    4.12081E-02   -1.06023E-01    2.09398E-02   -1.19510E-01    2.54903E-02   -3.74618E-02    6.74352E-02   -8.97754E-02
     1.08240E+00    4.44418E-01    2.74304E-01    4.20997E-01    1.84622E-01   -1.24795E-01    6.19633E-01    4.08614E-02   -1.04121E-01    2.05475E-02   -1.18281E-01    2.53680E-02   -3.66806E-02    6.71407E-02   -8.87402E-02
     1.08570E+00    4.41890E-01    2.69601E-01    4.21600E-01    1.81128E-01   -1.22755E-01    6.16817E-01    4.05209E-02   -1.02235E-01    2.01592E-02   -1.17067E-01    2.52482E-02   -3.59105E-02    6.68496E-02   -8.76994E-02
     1.08900E+00    4.39408E-01    2.64927E-01    4.22192E-01    1.77668E-01   -1.20724E-01    6.14007E-01    4.01866E-02   -1.00366E-01    1.97748E-02   -1.15869E-01    2.51310E-02   -3.51513E-02    6.65619E-02   -8.66530E-02
     1.09230E+00    4.36971E-01    2.60283E-01    4.22773E-01    1.74242E-01   -1.18702E-01    6.11203E-01    3.98585E-02   -9.85113E-02    1.93944E-02   -1.14685E-01    2.50162E-02   -3.44029E-02    6.62777E-02   -8.56011E-02
     1.09560E+00    4.34578E-01    2.55668E-01    4.23342E-01    1.70849E-01   -1.16690E-01    6.08406E-01    3.95364E-02   -9.66727E-02    1.90179E-02   -1.13517E-01    2.49039E-02   -3.36651E-02    6.59969E-02   -8.45438E-02
     1.09890E+00    4.32230E-01    2.51082E-01    4.23900E-01    1.67489E-01   -1.14687E-01    6.05616E-01    3.92204E-02   -9.48495E-02    1.86452E-02   -1.12363E-01    2.47940E-02   -3.29376E-02    6.57197E-02   -8.34811E-02
     1.10220E+00    4.29926E-01    2.46525E-01    4.24448E-01    1.64161E-01   -1.12693E-01    6.02833E-01    3.89104E-02   -9.30416E-02    1.82763E-02   -1.11225E-01    2.46865E-02   -3.22203E-02    6.54459E-02   -8.24130E-02
     1.10550E+00    4.27665E-01    2.41997E-01    4.24984E-01    1.60865E-01   -1.10708E-01    6.00057E-01    3.86063E-02   -9.12488E-02    1.79111E-02   -1.10101E-01    2.45814E-02   -3.15130E-02    6.51758E-02   -8.13397E-02
     1.10880E+00    4.25448E-01    2.37498E-01    4.25509E-01    1.57602E-01   -1.08733E-01    5.97288E-01    3.83081E-02   -8.94710E-02    1.75496E-02   -1.08992E-01    2.44785E-02   -3.08156E-02    6.49091E-02   -8.02611E-02
     1.11210E+00    4.23274E-01    2.33027E-01    4.26024E-01    1.54369E-01   -1.06766E-01    5.94528E-01    3.80158E-02   -8.77080E-02    1.71918E-02   -1.07898E-01    2.43780E-02   -3.01279E-02    6.46460E-02   -7.91773E-02
     1.11540E+00    4.21142E-01    2.28584E-01    4.26528E-01    1.51168E-01   -1.04809E-01    5.91774E-01    3.77293E-02   -8.59596E-02    1.68375E-02   -1.06819E-01    2.42797E-02   -2.94496E-02    6.43866E-02   -7.80884E-02
     1.11870E+00    4.19052E-01    2.24170E-01    4.27022E-01    1.47998E-01   -1.02861E-01    5.89029E-01    3.74485E-02   -8.42258E-02    1.64867E-02   -1.05754E-01    2.41836E-02   -2.87807E-02    6.41307E-02   -7.69944E-02
     1.12200E+00    4.17005E-01    2.19783E-01    4.27505E-01    1.44858E-01   -1.00921E-01    5.86292E-01    3.71734E-02   -8.25064E-02    1.61395E-02   -1.04704E-01    2.40897E-02   -2.81209E-02    6.38784E-02   -7.58953E-02
     1.12530E+00    4.14999E-01    2.15424E-01    4.27978E-01    1.41748E-01   -9.89911E-02    5.83562E-01    3.69039E-02   -8.08013E-02    1.57957E-02   -1.03668E-01    2.39980E-02   -2.74702E-02    6.36298E-02   -7.47911E-02
     1.12860E+00    4.13034E-01    2.11093E-01    4.28441E-01    1.38667E-01   -9.70698E-02    5.80841E-01    3.66401E-02   -7.91102E-02    1.54553E-02   -1.02647E-01    2.39084E-02   -2.68283E-02    6.33848E-02   -7.36820E-02
     1.13190E+00    4.11110E-01    2.06789E-01    4.28893E-01    1.35616E-01   -9.51575E-02    5.78128E-01    3.63818E-02   -7.74330E-02    1.51182E-02   -1.01641E-01    2.38209E-02   -2.61950E-02    6.31435E-02   -7.25678E-02
     1.13520E+00    4.09227E-01    2.02512E-01    4.29336E-01    1.32594E-01   -9.32542E-02    5.75424E-01    3.61290E-02   -7.57696E-02    1.47844E-02   -1.00648E-01    2.37355E-02   -2.55703E-02    6.29059E-02   -7.14486E-02
     1.13850E+00    4.07384E-01    1.98262E-01    4.29768E-01    1.29601E-01   -9.13597E-02    5.72728E-01    3.58817E-02   -7.41198E-02    1.44539E-02   -9.96700E-02    2.36521E-02   -2.49539E-02    6.26719E-02   -7.03245E-02
     1.14180E+00    4.05581E-01    1.94038E-01    4.30191E-01    1.26636E-01   -8.94742E-02    5.70040E-01    3.56398E-02   -7.24835E-02    1.41266E-02   -9.87060E-02    2.35708E-02   -2.43457E-02    6.24417E-02   -6.91955E-02
     1.14510E+00    4.03818E-01    1.89842E-01    4.30604E-01    1.23699E-01   -8.75975E-02    5.67362E-01    3.54033E-02   -7.08606E-02    1.38024E-02   -9.77561E-02    2.34915E-02   -2.37455E-02    6.22152E-02   -6.80614E-02
     1.14840E+00    4.02094E-01    1.85671E-01    4.31007E-01    1.20790E-01   -8.57296E-02    5.64692E-01    3.51721E-02   -6.92508E-02    1.34814E-02   -9.68204E-02    2.34141E-02   -2.31533E-02    6.19925E-02   -6.69225E-02
     1.15170E+00    4.00409E-01    1.81527E-01    4.31401E-01    1.17908E-01   -8.38706E-02    5.62031E-01    3.49462E-02   -6.76540E-02    1.31634E-02   -9.58986E-02    2.33386E-02   -2.25688E-02    6.17736E-02   -6.57786E-02
     1.15500E+00    3.98763E-01    1.77409E-01    4.31786E-01    1.15053E-01   -8.20202E-02    5.59379E-01    3.47256E-02   -6.60701E-02    1.28485E-02   -9.49907E-02    2.32651E-02   -2.19918E-02    6.15584E-02   -6.46298E-02
     1.15830E+00    3.97156E-01    1.73316E-01    4.32161E-01    1.12225E-01   -8.01787E-02    5.56736E-01    3.45101E-02   -6.44989E-02    1.25365E-02   -9.40966E-02    2.31935E-02   -2.14224E-02    6.13470E-02   -6.34761E-02
     1.16160E+00    3.95586E-01    1.69250E-01    4.32526E-01    1.09423E-01   -7.83458E-02    5.54102E-01    3.42999E-02   -6.29403E-02    1.22274E-02   -9.32164E-02    2.31237E-02   -2.08602E-02    6.11395E-02   -6.23174E-02
     1.16490E+00    3.94055E-01    1.65208E-01    4.32883E-01    1.06648E-01   -7.65216E-02    5.51478E-01    3.40947E-02   -6.13941E-02    1.19212E-02   -9.23498E-02    2.30558E-02   -2.03052E-02    6.09357E-02   -6.11538E-02
     1.16820E+00    3.92561E-01    1.61192E-01    4.33230E-01    1.03898E-01   -7.47061E-02    5.48862E-01    3.38947E-02   -5.98602E-02    1.16179E-02   -9.14969E-02    2.29897E-02   -1.97572E-02    6.07359E-02   -5.99851E-02
     1.17150E+00    3.91105E-01    1.57200E-01    4.33569E-01    1.01173E-01   -7.28991E-02    5.46256E-01    3.36996E-02   -5.83384E-02    1.13173E-02   -9.06576E-02    2.29254E-02   -1.92160E-02    6.05398E-02   -5.88116E-02
     1.17480E+00    3.89685E-01    1.53233E-01    4.33898E-01    9.84733E-02   -7.11008E-02    5.43659E-01    3.35096E-02   -5.68285E-02    1.10195E-02   -8.98317E-02    2.28629E-02   -1.86817E-02    6.03477E-02   -5.76330E-02
     1.17810E+00    3.88303E-01    1.49291E-01    4.34219E-01    9.57985E-02   -6.93110E-02    5.41072E-01    3.33246E-02   -5.53304E-02    1.07244E-02   -8.90193E-02    2.28021E-02   -1.81539E-02    6.01595E-02   -5.64493E-02
     1.18140E+00    3.86957E-01    1.45373E-01    4.34530E-01    9.31481E-02   -6.75297E-02    5.38494E-01    3.31444E-02   -5.38440E-02    1.04320E-02   -8.82202E-02    2.27430E-02   -1.76326E-02    5.99751E-02   -5.52607E-02
     1.18470E+00    3.85647E-01    1.41480E-01    4.34833E-01    9.05219E-02   -6.57570E-02    5.35925E-01    3.29692E-02   -5.23692E-02    1.01422E-02   -8.74344E-02    2.26857E-02   -1.71176E-02    5.97948E-02   -5.40669E-02
     1.18800E+00    3.84373E-01    1.37610E-01    4.35128E-01    8.79194E-02   -6.39926E-02    5.33366E-01    3.27988E-02   -5.09056E-02    9.85493E-03   -8.66618E-02    2.26301E-02   -1.66088E-02    5.96183E-02   -5.28681E-02
     1.19130E+00    3.83135E-01    1.33764E-01    4.35414E-01    8.53405E-02   -6.22368E-02    5.30816E-01    3.26332E-02   -4.94533E-02    9.57020E-03   -8.59024E-02    2.25761E-02   -1.61061E-02    5.94458E-02   -5.16641E-02
     1.19460E+00    3.81932E-01    1.29941E-01    4.35691E-01    8.27848E-02   -6.04893E-02    5.28276E-01    3.24724E-02   -4.80120E-02    9.28796E-03   -8.51560E-02    2.25238E-02   -1.56093E-02    5.92773E-02   -5.04549E-02
     1.19790E+00    3.80765E-01    1.26142E-01    4.35960E-01    8.02519E-02   -5.87502E-02    5.25746E-01    3.23163E-02   -4.65816E-02    9.00816E-03   -8.44226E-02    2.24731E-02   -1.51183E-02    5.91128E-02   -4.92405E-02
     1.20120E+00    3.79633E-01    1.22365E-01    4.36221E-01    7.77417E-02   -5.70194E-02    5.23224E-01    3.21649E-02   -4.51620E-02    8.73076E-03   -8.37022E-02    2.24240E-02   -1.46331E-02    5.89524E-02   -4.80208E-02
     1.20450E+00    3.78535E-01    1.18612E-01    4.36473E-01    7.52537E-02   -5.52969E-02    5.20713E-01    3.20182E-02   -4.37530E-02    8.45572E-03   -8.29945E-02    2.23765E-02   -1.41534E-02    5.87959E-02   -4.67958E-02
     1.20780E+00    3.77472E-01    1.14881E-01    4.36717E-01    7.27877E-02   -5.35827E-02    5.18211E-01    3.18761E-02   -4.23545E-02    8.18299E-03   -8.22997E-02    2.23306E-02   -1.36791E-02    5.86435E-02   -4.55655E-02
     1.21110E+00    3.76443E-01    1.11173E-01    4.36954E-01    7.03434E-02   -5.18767E-02    5.15719E-01    3.17387E-02   -4.09662E-02    7.91253E-03   -8.16176E-02    2.22862E-02   -1.32102E-02    5.84952E-02   -4.43297E-02
     1.21440E+00    3.75448E-01    1.07487E-01    4.37182E-01    6.79205E-02   -5.01790E-02    5.13236E-01    3.16058E-02   -3.95882E-02    7.64430E-03   -8.09481E-02    2.22434E-02   -1.27464E-02    5.83509E-02   -4.30884E-02
     1.21770E+00    3.74487E-01    1.03823E-01    4.37402E-01    6.55186E-02   -4.84894E-02    5.10763E-01    3.14774E-02   -3.82201E-02    7.37826E-03   -8.02912E-02    2.22021E-02   -1.22878E-02    5.82108E-02   -4.18417E-02
     1.22100E+00    3.73559E-01    1.00180E-01    4.37614E-01    6.31376E-02   -4.68079E-02    5.08299E-01    3.13535E-02   -3.68619E-02    7.11437E-03   -7.96467E-02    2.21623E-02   -1.18341E-02    5.80748E-02   -4.05893E-02
     1.22430E+00    3.72665E-01    9.65597E-02    4.37819E-01    6.07771E-02   -4.51346E-02    5.05845E-01    3.12341E-02   -3.55134E-02    6.85258E-03   -7.90147E-02    2.21239E-02   -1.13852E-02    5.79429E-02   -3.93313E-02
     1.22760E+00    3.71803E-01    9.29604E-02    4.38015E-01    5.84367E-02   -4.34694E-02    5.03401E-01    3.11191E-02   -3.41745E-02    6.59286E-03   -7.83951E-02    2.20871E-02   -1.09411E-02    5.78152E-02   -3.80675E-02
     1.23090E+00    3.70975E-01    8.93823E-02    4.38204E-01    5.61164E-02   -4.18122E-02    5.00966E-01    3.10085E-02   -3.28451E-02    6.33517E-03   -7.77878E-02    2.20517E-02   -1.05016E-02    5.76917E-02   -3.67980E-02
     1.23420E+00    3.70179E-01    8.58252E-02    4.38386E-01    5.38156E-02   -4.01630E-02    4.98540E-01    3.09023E-02   -3.15249E-02    6.07945E-03   -7.71926E-02    2.20178E-02   -1.00667E-02    5.75724E-02   -3.55226E-02
     1.23750E+00    3.69416E-01    8.22888E-02    4.38560E-01    5.15342E-02   -3.85218E-02    4.96124E-01    3.08005E-02   -3.02139E-02    5.82569E-03   -7.66097E-02    2.19853E-02   -9.63607E-03    5.74573E-02   -3.42412E-02
     1.24080E+00    3.68685E-01    7.87730E-02    4.38726E-01    4.92719E-02   -3.68886E-02    4.93718E-01    3.07029E-02   -2.89118E-02    5.57382E-03   -7.60388E-02    2.19542E-02   -9.20977E-03    5.73464E-02   -3.29539E-02
     1.24410E+00    3.67985E-01    7.52776E-02    4.38885E-01    4.70284E-02   -3.52633E-02    4.91320E-01    3.06096E-02   -2.76187E-02    5.32382E-03   -7.54799E-02    2.19245E-02   -8.78766E-03    5.72398E-02   -3.16604E-02
     1.24740E+00    3.67318E-01    7.18022E-02    4.39036E-01    4.48034E-02   -3.36459E-02    4.88933E-01    3.05206E-02   -2.63342E-02    5.07564E-03   -7.49330E-02    2.18962E-02   -8.36962E-03    5.71374E-02   -3.03608E-02
     1.25070E+00    3.66682E-01    6.83468E-02    4.39180E-01    4.25967E-02   -3.20364E-02    4.86554E-01    3.04358E-02   -2.50583E-02    4.82925E-03   -7.43980E-02    2.18693E-02   -7.95555E-03    5.70394E-02   -2.90548E-02
     1.25400E+00    3.66078E-01    6.49110E-02    4.39317E-01    4.04079E-02   -3.04347E-02    4.84185E-01    3.03552E-02   -2.37908E-02    4.58461E-03   -7.38747E-02    2.18437E-02   -7.54534E-03    5.69457E-02   -2.77426E-02
     1.25730E+00    3.65505E-01    6.14948E-02    4.39447E-01    3.82369E-02   -2.88408E-02    4.81825E-01    3.02788E-02   -2.25317E-02    4.34167E-03   -7.33633E-02    2.18195E-02   -7.13889E-03    5.68563E-02   -2.64239E-02
     1.26060E+00    3.64962E-01    5.80978E-02    4.39570E-01    3.60832E-02   -2.72546E-02    4.79474E-01    3.02065E-02   -2.12806E-02    4.10040E-03   -7.28635E-02    2.17966E-02   -6.73609E-03    5.67713E-02   -2.50986E-02
     1.26390E+00    3.64451E-01    5.47200E-02    4.39685E-01    3.39467E-02   -2.56762E-02    4.77132E-01    3.01383E-02   -2.00376E-02    3.86076E-03   -7.23754E-02    2.17750E-02   -6.33685E-03    5.66907E-02   -2.37667E-02
     1.26720E+00    3.63970E-01    5.13610E-02    4.39794E-01    3.18271E-02   -2.41056E-02    4.74800E-01    3.00742E-02   -1.88025E-02    3.62271E-03   -7.18988E-02    2.17547E-02   -5.94106E-03    5.66144E-02   -2.24280E-02
     1.27050E+00    3.63520E-01    4.80206E-02    4.39895E-01    2.97241E-02   -2.25426E-02    4.72476E-01    3.00142E-02   -1.75751E-02    3.38622E-03   -7.14337E-02    2.17358E-02   -5.54863E-03    5.65426E-02   -2.10825E-02
     1.27380E+00    3.63100E-01    4.46987E-02    4.39990E-01    2.76375E-02   -2.09872E-02    4.70161E-01    2.99582E-02   -1.63552E-02    3.15124E-03   -7.09800E-02    2.17181E-02   -5.15945E-03    5.64753E-02   -1.97301E-02
     1.27710E+00    3.62710E-01    4.13950E-02    4.40078E-01    2.55670E-02   -1.94395E-02    4.67856E-01    2.99063E-02   -1.51429E-02    2.91774E-03   -7.05378E-02    2.17017E-02   -4.77343E-03    5.64124E-02   -1.83705E-02
     1.28040E+00    3.62350E-01    3.81094E-02    4.40159E-01    2.35124E-02   -1.78994E-02    4.65559E-01    2.98583E-02   -1.39378E-02    2.68569E-03   -7.01068E-02    2.16866E-02   -4.39048E-03    5.63541E-02   -1.70039E-02
     1.28370E+00    3.62019E-01    3.48416E-02    4.40233E-01    2.14733E-02   -1.63669E-02    4.63271E-01    2.98143E-02   -1.27400E-02    2.45503E-03   -6.96871E-02    2.16727E-02   -4.01049E-03    5.63002E-02   -1.56299E-02
     1.28700E+00    3.61719E-01    3.15915E-02    4.40301E-01    1.94495E-02   -1.48418E-02    4.60991E-01    2.97742E-02   -1.15492E-02    2.22574E-03   -6.92786E-02    2.16601E-02   -3.63337E-03    5.62509E-02   -1.42485E-02
     1.29030E+00    3.61447E-01    2.83587E-02    4.40361E-01    1.74408E-02   -1.33243E-02    4.58721E-01    2.97380E-02   -1.03653E-02    1.99778E-03   -6.88812E-02    2.16488E-02   -3.25904E-03    5.62062E-02   -1.28596E-02
     1.29360E+00    3.61205E-01    2.51432E-02    4.40416E-01    1.54470E-02   -1.18143E-02    4.56458E-01    2.97058E-02   -9.18819E-03    1.77112E-03   -6.84949E-02    2.16386E-02   -2.88738E-03    5.61661E-02   -1.14631E-02
     1.29690E+00    3.60992E-01    2.19446E-02    4.40463E-01    1.34677E-02   -1.03117E-02    4.54204E-01    2.96774E-02   -8.01775E-03    1.54571E-03   -6.81197E-02    2.16297E-02   -2.51832E-03    5.61305E-02   -1.00588E-02
     1.30020E+00    3.60808E-01    1.87629E-02    4.40505E-01    1.15027E-02   -8.81656E-03    4.51959E-01    2.96529E-02   -6.85383E-03    1.32152E-03   -6.77554E-02    2.16220E-02   -2.15177E-03    5.60997E-02   -8.64655E-03
     1.30350E+00    3.60652E-01    1.55978E-02    4.40539E-01    9.55182E-03   -7.32880E-03    4.49722E-01    2.96321E-02   -5.69630E-03    1.09851E-03   -6.74020E-02    2.16155E-02   -1.78763E-03    5.60735E-02   -7.22632E-03
     1.30680E+00    3.60525E-01    1.24490E-02    4.40568E-01    7.61476E-03   -5.84841E-03    4.47493E-01    2.96153E-02   -4.54503E-03    8.76657E-04   -6.70595E-02    2.16102E-02   -1.42581E-03    5.60520E-02   -5.79793E-03
     1.31010E+00    3.60427E-01    9.31649E-03    4.40590E-01    5.69129E-03   -4.37536E-03    4.45272E-01    2.96021E-02   -3.39990E-03    6.55913E-04   -6.67277E-02    2.16061E-02   -1.06622E-03    5.60352E-02   -4.36124E-03
     1.31340E+00    3.60357E-01    6.19993E-03    4.40605E-01    3.78117E-03   -2.90962E-03    4.43059E-01    2.95928E-02   -2.26076E-03    4.36245E-04   -6.64068E-02    2.16032E-02   -7.08784E-04    5.60232E-02   -2.91611E-03
     1.31670E+00    3.60315E-01    3.09916E-03    4.40615E-01    1.88415E-03   -1.45118E-03    4.40854E-01    2.95872E-02   -1.12751E-03    2.17619E-04   -6.60965E-02    2.16014E-02   -3.53405E-04    5.60160E-02   -1.46242E-03
     1.32000E+00    3.60300E-01    1.39780E-05    4.40618E-01    0.00000E+00   -9.00016E-24    4.38657E-01    2.95854E-02    0.00000E+00    1.56169E-25   -6.57969E-02    2.16008E-02    0.00000E+00    5.60136E-02    0.00000E+00
