     1.00000E-05    3.52142E+00   -1.97337E-05   -5.24415E-01    1.05981E-19   -1.44477E-05   -1.44477E+00    4.53317E-01    1.21149E-20    5.14258E-06    5.14258E-01    3.09944E-01    5.16049E-20    6.13027E-11    1.22605E-05
     3.00997E-03    3.52135E+00    9.88876E-03   -5.24389E-01    1.76606E-02   -4.34862E-03   -1.44466E+00    4.53307E-01   -6.73852E-03    1.54785E-03    5.14206E-01    3.09934E-01   -6.41063E-03    5.55388E-06    3.69021E-03
     6.00995E-03    3.52114E+00    1.97432E-02   -5.24309E-01    3.52592E-02   -8.68216E-03   -1.44435E+00    4.53277E-01   -1.34536E-02    3.09025E-03    5.14053E-01    3.09906E-01   -1.27985E-02    2.21399E-05    7.36693E-03
     9.00992E-03    3.52078E+00    2.95948E-02   -5.24177E-01    5.28510E-02   -1.30144E-02   -1.44383E+00    4.53226E-01   -2.01666E-02    4.63204E-03    5.13798E-01    3.09858E-01   -1.91833E-02    4.97526E-05    1.10412E-02
     1.20099E-02    3.52029E+00    3.94420E-02   -5.23992E-01    7.04327E-02   -1.73448E-02   -1.44310E+00    4.53156E-01   -2.68764E-02    6.17291E-03    5.13441E-01    3.09791E-01   -2.55636E-02    8.83826E-05    1.47117E-02
     1.50099E-02    3.51965E+00    4.92834E-02   -5.23755E-01    8.80009E-02   -2.16727E-02   -1.44216E+00    4.53065E-01   -3.35821E-02    7.71256E-03    5.12983E-01    3.09704E-01   -3.19380E-02    1.38017E-04    1.83772E-02
     1.80098E-02    3.51887E+00    5.91175E-02   -5.23464E-01    1.05552E-01   -2.59975E-02   -1.44101E+00    4.52954E-01   -4.02825E-02    9.25068E-03    5.12423E-01    3.09599E-01   -3.83049E-02    1.98639E-04    2.20366E-02
     2.10098E-02    3.51795E+00    6.89430E-02   -5.23121E-01    1.23084E-01   -3.03185E-02   -1.43966E+00    4.52824E-01   -4.69767E-02    1.07870E-02    5.11762E-01    3.09474E-01   -4.46628E-02    2.70228E-04    2.56885E-02
     2.40098E-02    3.51689E+00    7.87583E-02   -5.22726E-01    1.40591E-01   -3.46352E-02   -1.43809E+00    4.52673E-01   -5.36635E-02    1.23211E-02    5.10999E-01    3.09331E-01   -5.10103E-02    3.52760E-04    2.93318E-02
     2.70098E-02    3.51568E+00    8.85621E-02   -5.22278E-01    1.58072E-01   -3.89468E-02   -1.43633E+00    4.52502E-01   -6.03420E-02    1.38528E-02    5.10137E-01    3.09168E-01   -5.73459E-02    4.46207E-04    3.29652E-02
     3.00097E-02    3.51434E+00    9.83529E-02   -5.21777E-01    1.75523E-01   -4.32529E-02   -1.43435E+00    4.52310E-01   -6.70111E-02    1.53818E-02    5.09173E-01    3.08987E-01   -6.36680E-02    5.50539E-04    3.65875E-02
     3.30097E-02    3.51286E+00    1.08129E-01   -5.21225E-01    1.92940E-01   -4.75527E-02   -1.43217E+00    4.52099E-01   -7.36697E-02    1.69078E-02    5.08110E-01    3.08786E-01   -6.99754E-02    6.65719E-04    4.01976E-02
     3.60097E-02    3.51123E+00    1.17890E-01   -5.20620E-01    2.10320E-01   -5.18456E-02   -1.42979E+00    4.51868E-01   -8.03170E-02    1.84304E-02    5.06947E-01    3.08567E-01   -7.62664E-02    7.91709E-04    4.37941E-02
     3.90097E-02    3.50947E+00    1.27633E-01   -5.19963E-01    2.27661E-01   -5.61311E-02   -1.42720E+00    4.51618E-01   -8.69517E-02    1.99493E-02    5.05685E-01    3.08329E-01   -8.25396E-02    9.28466E-04    4.73759E-02
     4.20096E-02    3.50756E+00    1.37357E-01   -5.19254E-01    2.44958E-01   -6.04085E-02   -1.42440E+00    4.51347E-01   -9.35729E-02    2.14643E-02    5.04324E-01    3.08072E-01   -8.87936E-02    1.07595E-03    5.09418E-02
     4.50096E-02    3.50552E+00    1.47062E-01   -5.18493E-01    2.62208E-01   -6.46772E-02   -1.42141E+00    4.51056E-01   -1.00180E-01    2.29751E-02    5.02865E-01    3.07796E-01   -9.50270E-02    1.23410E-03    5.44906E-02
     4.80096E-02    3.50334E+00    1.56744E-01   -5.17681E-01    2.79409E-01   -6.89367E-02   -1.41821E+00    4.50746E-01   -1.06771E-01    2.44814E-02    5.01308E-01    3.07502E-01   -1.01238E-01    1.40287E-03    5.80212E-02
     5.10096E-02    3.50102E+00    1.66404E-01   -5.16817E-01    2.96557E-01   -7.31862E-02   -1.41481E+00    4.50416E-01   -1.13345E-01    2.59829E-02    4.99655E-01    3.07189E-01   -1.07426E-01    1.58220E-03    6.15323E-02
     5.40095E-02    3.49855E+00    1.76040E-01   -5.15901E-01    3.13649E-01   -7.74253E-02   -1.41121E+00    4.50066E-01   -1.19902E-01    2.74792E-02    4.97904E-01    3.06857E-01   -1.13589E-01    1.77204E-03    6.50229E-02
     5.70095E-02    3.49596E+00    1.85650E-01   -5.14935E-01    3.30681E-01   -8.16532E-02   -1.40742E+00    4.49696E-01   -1.26441E-01    2.89702E-02    4.96058E-01    3.06507E-01   -1.19726E-01    1.97231E-03    6.84918E-02
     6.00095E-02    3.49322E+00    1.95232E-01   -5.13917E-01    3.47651E-01   -8.58695E-02   -1.40342E+00    4.49307E-01   -1.32960E-01    3.04554E-02    4.94117E-01    3.06139E-01   -1.25834E-01    2.18296E-03    7.19378E-02
     6.30095E-02    3.49034E+00    2.04787E-01   -5.12849E-01    3.64556E-01   -9.00735E-02   -1.39923E+00    4.48898E-01   -1.39458E-01    3.19348E-02    4.92081E-01    3.05752E-01   -1.31914E-01    2.40391E-03    7.53598E-02
     6.60094E-02    3.48733E+00    2.14311E-01   -5.11730E-01    3.81391E-01   -9.42647E-02   -1.39485E+00    4.48470E-01   -1.45934E-01    3.34078E-02    4.89951E-01    3.05347E-01   -1.37964E-01    2.63509E-03    7.87568E-02
     6.90094E-02    3.48418E+00    2.23804E-01   -5.10561E-01    3.98156E-01   -9.84424E-02   -1.39027E+00    4.48023E-01   -1.52389E-01    3.48743E-02    4.87729E-01    3.04925E-01   -1.43981E-01    2.87642E-03    8.21276E-02
     7.20094E-02    3.48090E+00    2.33264E-01   -5.09341E-01    4.14845E-01   -1.02606E-01   -1.38550E+00    4.47556E-01   -1.58819E-01    3.63341E-02    4.85414E-01    3.04484E-01   -1.49966E-01    3.12783E-03    8.54712E-02
     7.50094E-02    3.47748E+00    2.42691E-01   -5.08072E-01    4.31457E-01   -1.06755E-01   -1.38054E+00    4.47070E-01   -1.65225E-01    3.77867E-02    4.83009E-01    3.04025E-01   -1.55916E-01    3.38922E-03    8.87864E-02
     7.80093E-02    3.47393E+00    2.52082E-01   -5.06753E-01    4.47988E-01   -1.10889E-01   -1.37539E+00    4.46565E-01   -1.71606E-01    3.92320E-02    4.80513E-01    3.03548E-01   -1.61831E-01    3.66051E-03    9.20723E-02
     8.10093E-02    3.47024E+00    2.61437E-01   -5.05384E-01    4.64436E-01   -1.15007E-01   -1.37005E+00    4.46040E-01   -1.77960E-01    4.06697E-02    4.77927E-01    3.03054E-01   -1.67708E-01    3.94162E-03    9.53277E-02
     8.40093E-02    3.46641E+00    2.70754E-01   -5.03966E-01    4.80797E-01   -1.19109E-01   -1.36452E+00    4.45497E-01   -1.84287E-01    4.20995E-02    4.75253E-01    3.02542E-01   -1.73547E-01    4.23244E-03    9.85518E-02
     8.70093E-02    3.46246E+00    2.80031E-01   -5.02499E-01    4.97069E-01   -1.23194E-01   -1.35881E+00    4.44935E-01   -1.90585E-01    4.35211E-02    4.72491E-01    3.02013E-01   -1.79347E-01    4.53289E-03    1.01743E-01
     9.00092E-02    3.45836E+00    2.89269E-01   -5.00984E-01    5.13249E-01   -1.27262E-01   -1.35292E+00    4.44354E-01   -1.96854E-01    4.49343E-02    4.69643E-01    3.01466E-01   -1.85106E-01    4.84286E-03    1.04901E-01
     9.30092E-02    3.45414E+00    2.98464E-01   -4.99420E-01    5.29334E-01   -1.31311E-01   -1.34684E+00    4.43754E-01   -2.03093E-01    4.63388E-02    4.66709E-01    3.00902E-01   -1.90822E-01    5.16226E-03    1.08025E-01
     9.60092E-02    3.44979E+00    3.07616E-01   -4.97808E-01    5.45321E-01   -1.35342E-01   -1.34059E+00    4.43135E-01   -2.09301E-01    4.77344E-02    4.63691E-01    3.00321E-01   -1.96496E-01    5.49097E-03    1.11114E-01
     9.90092E-02    3.44530E+00    3.16724E-01   -4.96148E-01    5.61208E-01   -1.39355E-01   -1.33416E+00    4.42498E-01   -2.15476E-01    4.91209E-02    4.60589E-01    2.99723E-01   -2.02125E-01    5.82890E-03    1.14166E-01
     1.02009E-01    3.44069E+00    3.25786E-01   -4.94441E-01    5.76992E-01   -1.43347E-01   -1.32755E+00    4.41842E-01   -2.21619E-01    5.04979E-02    4.57406E-01    2.99108E-01   -2.07709E-01    6.17592E-03    1.17181E-01
     1.05009E-01    3.43594E+00    3.34801E-01   -4.92686E-01    5.92670E-01   -1.47320E-01   -1.32077E+00    4.41168E-01   -2.27728E-01    5.18652E-02    4.54141E-01    2.98477E-01   -2.13246E-01    6.53194E-03    1.20157E-01
     1.08009E-01    3.43107E+00    3.43768E-01   -4.90885E-01    6.08241E-01   -1.51272E-01   -1.31381E+00    4.40476E-01   -2.33802E-01    5.32226E-02    4.50796E-01    2.97829E-01   -2.18735E-01    6.89682E-03    1.23095E-01
     1.11009E-01    3.42606E+00    3.52686E-01   -4.89037E-01    6.23700E-01   -1.55202E-01   -1.30669E+00    4.39765E-01   -2.39841E-01    5.45699E-02    4.47372E-01    2.97165E-01   -2.24175E-01    7.27046E-03    1.25993E-01
     1.14009E-01    3.42093E+00    3.61554E-01   -4.87143E-01    6.39046E-01   -1.59111E-01   -1.29940E+00    4.39037E-01   -2.45842E-01    5.59068E-02    4.43871E-01    2.96484E-01   -2.29565E-01    7.65273E-03    1.28850E-01
     1.17009E-01    3.41568E+00    3.70369E-01   -4.85203E-01    6.54276E-01   -1.62998E-01   -1.29194E+00    4.38290E-01   -2.51807E-01    5.72330E-02    4.40294E-01    2.95787E-01   -2.34904E-01    8.04352E-03    1.31666E-01
     1.20009E-01    3.41029E+00    3.79132E-01   -4.83217E-01    6.69389E-01   -1.66863E-01   -1.28432E+00    4.37526E-01   -2.57733E-01    5.85484E-02    4.36641E-01    2.95075E-01   -2.40191E-01    8.44268E-03    1.34439E-01
     1.23009E-01    3.40478E+00    3.87841E-01   -4.81187E-01    6.84381E-01   -1.70704E-01   -1.27653E+00    4.36744E-01   -2.63620E-01    5.98528E-02    4.32915E-01    2.94346E-01   -2.45424E-01    8.85010E-03    1.37169E-01
     1.26009E-01    3.39915E+00    3.96494E-01   -4.79111E-01    6.99250E-01   -1.74522E-01   -1.26859E+00    4.35944E-01   -2.69468E-01    6.11458E-02    4.29117E-01    2.93602E-01   -2.50604E-01    9.26564E-03    1.39856E-01
     1.29009E-01    3.39339E+00    4.05091E-01   -4.76991E-01    7.13994E-01   -1.78315E-01   -1.26049E+00    4.35127E-01   -2.75274E-01    6.24274E-02    4.25247E-01    2.92843E-01   -2.55728E-01    9.68918E-03    1.42497E-01
     1.32009E-01    3.38751E+00    4.13631E-01   -4.74828E-01    7.28610E-01   -1.82085E-01   -1.25223E+00    4.34293E-01   -2.81039E-01    6.36972E-02    4.21308E-01    2.92068E-01   -2.60796E-01    1.01206E-02    1.45094E-01
     1.35009E-01    3.38151E+00    4.22112E-01   -4.72620E-01    7.43098E-01   -1.85829E-01   -1.24383E+00    4.33441E-01   -2.86762E-01    6.49551E-02    4.17300E-01    2.91278E-01   -2.65808E-01    1.05597E-02    1.47644E-01
     1.38009E-01    3.37539E+00    4.30533E-01   -4.70369E-01    7.57453E-01   -1.89547E-01   -1.23527E+00    4.32572E-01   -2.92441E-01    6.62009E-02    4.13225E-01    2.90473E-01   -2.70761E-01    1.10064E-02    1.50148E-01
     1.41009E-01    3.36915E+00    4.38894E-01   -4.68075E-01    7.71676E-01   -1.93240E-01   -1.22656E+00    4.31687E-01   -2.98076E-01    6.74344E-02    4.09085E-01    2.89653E-01   -2.75655E-01    1.14605E-02    1.52604E-01
     1.44009E-01    3.36278E+00    4.47192E-01   -4.65739E-01    7.85762E-01   -1.96906E-01   -1.21771E+00    4.30784E-01   -3.03667E-01    6.86553E-02    4.04880E-01    2.88819E-01   -2.80490E-01    1.19220E-02    1.55012E-01
     1.47009E-01    3.35630E+00    4.55428E-01   -4.63361E-01    7.99711E-01   -2.00546E-01   -1.20871E+00    4.29865E-01   -3.09212E-01    6.98636E-02    4.00613E-01    2.87970E-01   -2.85264E-01    1.23905E-02    1.57372E-01
     1.50009E-01    3.34970E+00    4.63600E-01   -4.60941E-01    8.13520E-01   -2.04159E-01   -1.19958E+00    4.28929E-01   -3.14711E-01    7.10589E-02    3.96285E-01    2.87108E-01   -2.89977E-01    1.28661E-02    1.59682E-01
     1.53009E-01    3.34299E+00    4.71706E-01   -4.58480E-01    8.27187E-01   -2.07743E-01   -1.19030E+00    4.27976E-01   -3.20163E-01    7.22412E-02    3.91896E-01    2.86231E-01   -2.94627E-01    1.33486E-02    1.61943E-01
     1.56009E-01    3.33616E+00    4.79747E-01   -4.55978E-01    8.40712E-01   -2.11300E-01   -1.18089E+00    4.27008E-01   -3.25567E-01    7.34102E-02    3.87450E-01    2.85340E-01   -2.99215E-01    1.38377E-02    1.64153E-01
     1.59009E-01    3.32921E+00    4.87721E-01   -4.53436E-01    8.54091E-01   -2.14828E-01   -1.17135E+00    4.26023E-01   -3.30923E-01    7.45658E-02    3.82947E-01    2.84436E-01   -3.03738E-01    1.43334E-02    1.66313E-01
     1.62009E-01    3.32215E+00    4.95627E-01   -4.50854E-01    8.67324E-01   -2.18328E-01   -1.16167E+00    4.25022E-01   -3.36229E-01    7.57078E-02    3.78388E-01    2.83518E-01   -3.08198E-01    1.48355E-02    1.68421E-01
     1.65009E-01    3.31498E+00    5.03464E-01   -4.48232E-01    8.80408E-01   -2.21798E-01   -1.15187E+00    4.24006E-01   -3.41486E-01    7.68361E-02    3.73776E-01    2.82586E-01   -3.12592E-01    1.53439E-02    1.70478E-01
     1.68009E-01    3.30769E+00    5.11231E-01   -4.45572E-01    8.93342E-01   -2.25239E-01   -1.14194E+00    4.22973E-01   -3.46693E-01    7.79504E-02    3.69111E-01    2.81642E-01   -3.16921E-01    1.58583E-02    1.72482E-01
     1.71009E-01    3.30030E+00    5.18927E-01   -4.42872E-01    9.06124E-01   -2.28650E-01   -1.13188E+00    4.21926E-01   -3.51848E-01    7.90507E-02    3.64396E-01    2.80685E-01   -3.21183E-01    1.63787E-02    1.74434E-01
     1.74009E-01    3.29280E+00    5.26552E-01   -4.40135E-01    9.18753E-01   -2.32030E-01   -1.12171E+00    4.20862E-01   -3.56951E-01    8.01367E-02    3.59632E-01    2.79715E-01   -3.25378E-01    1.69049E-02    1.76333E-01
     1.77009E-01    3.28518E+00    5.34104E-01   -4.37360E-01    9.31228E-01   -2.35380E-01   -1.11142E+00    4.19784E-01   -3.62002E-01    8.12084E-02    3.54820E-01    2.78733E-01   -3.29506E-01    1.74367E-02    1.78178E-01
     1.80008E-01    3.27746E+00    5.41583E-01   -4.34548E-01    9.43546E-01   -2.38698E-01   -1.10101E+00    4.18691E-01   -3.66999E-01    8.22656E-02    3.49962E-01    2.77738E-01   -3.33565E-01    1.79739E-02    1.79970E-01
     1.83008E-01    3.26964E+00    5.48988E-01   -4.31699E-01    9.55707E-01   -2.41986E-01   -1.09049E+00    4.17582E-01   -3.71943E-01    8.33081E-02    3.45060E-01    2.76731E-01   -3.37556E-01    1.85164E-02    1.81707E-01
     1.86008E-01    3.26170E+00    5.56317E-01   -4.28814E-01    9.67710E-01   -2.45241E-01   -1.07986E+00    4.16459E-01   -3.76833E-01    8.43359E-02    3.40115E-01    2.75713E-01   -3.41477E-01    1.90641E-02    1.83391E-01
     1.89008E-01    3.25367E+00    5.63570E-01   -4.25893E-01    9.79552E-01   -2.48465E-01   -1.06913E+00    4.15321E-01   -3.81668E-01    8.53488E-02    3.35129E-01    2.74683E-01   -3.45329E-01    1.96167E-02    1.85019E-01
     1.92008E-01    3.24553E+00    5.70747E-01   -4.22937E-01    9.91234E-01   -2.51656E-01   -1.05828E+00    4.14169E-01   -3.86447E-01    8.63466E-02    3.30103E-01    2.73641E-01   -3.49110E-01    2.01741E-02    1.86593E-01
     1.95008E-01    3.23729E+00    5.77846E-01   -4.19946E-01    1.00275E+00   -2.54814E-01   -1.04734E+00    4.13003E-01   -3.91170E-01    8.73293E-02    3.25039E-01    2.72588E-01   -3.52821E-01    2.07362E-02    1.88111E-01
     1.98008E-01    3.22895E+00    5.84867E-01   -4.16920E-01    1.01411E+00   -2.57940E-01   -1.03630E+00    4.11822E-01   -3.95837E-01    8.82968E-02    3.19939E-01    2.71524E-01   -3.56461E-01    2.13027E-02    1.89575E-01
     2.01008E-01    3.22050E+00    5.91809E-01   -4.13861E-01    1.02530E+00   -2.61032E-01   -1.02516E+00    4.10628E-01   -4.00446E-01    8.92489E-02    3.14804E-01    2.70449E-01   -3.60029E-01    2.18736E-02    1.90983E-01
     2.04008E-01    3.21196E+00    5.98671E-01   -4.10769E-01    1.03632E+00   -2.64091E-01   -1.01392E+00    4.09419E-01   -4.04998E-01    9.01856E-02    3.09636E-01    2.69364E-01   -3.63526E-01    2.24486E-02    1.92335E-01
     2.07008E-01    3.20333E+00    6.05453E-01   -4.07644E-01    1.04718E+00   -2.67115E-01   -1.00259E+00    4.08198E-01   -4.09491E-01    9.11067E-02    3.04436E-01    2.68268E-01   -3.66950E-01    2.30275E-02    1.93631E-01
     2.10008E-01    3.19459E+00    6.12153E-01   -4.04486E-01    1.05788E+00   -2.70106E-01   -9.91180E-01    4.06963E-01   -4.13926E-01    9.20122E-02    2.99207E-01    2.67162E-01   -3.70302E-01    2.36103E-02    1.94871E-01
     2.13008E-01    3.18576E+00    6.18772E-01   -4.01297E-01    1.06840E+00   -2.73062E-01   -9.79680E-01    4.05714E-01   -4.18302E-01    9.29019E-02    2.93949E-01    2.66047E-01   -3.73581E-01    2.41967E-02    1.96056E-01
     2.16008E-01    3.17684E+00    6.25308E-01   -3.98076E-01    1.07875E+00   -2.75984E-01   -9.68096E-01    4.04453E-01   -4.22618E-01    9.37758E-02    2.88664E-01    2.64921E-01   -3.76787E-01    2.47865E-02    1.97184E-01
     2.19008E-01    3.16782E+00    6.31761E-01   -3.94824E-01    1.08894E+00   -2.78871E-01   -9.56432E-01    4.03179E-01   -4.26875E-01    9.46338E-02    2.83354E-01    2.63786E-01   -3.79920E-01    2.53797E-02    1.98257E-01
     2.22008E-01    3.15872E+00    6.38131E-01   -3.91542E-01    1.09895E+00   -2.81722E-01   -9.44690E-01    4.01892E-01   -4.31070E-01    9.54759E-02    2.78021E-01    2.62642E-01   -3.82980E-01    2.59760E-02    1.99273E-01
     2.25008E-01    3.14952E+00    6.44416E-01   -3.88231E-01    1.10880E+00   -2.84539E-01   -9.32872E-01    4.00592E-01   -4.35205E-01    9.63019E-02    2.72665E-01    2.61488E-01   -3.85966E-01    2.65753E-02    2.00233E-01
     2.28008E-01    3.14024E+00    6.50616E-01   -3.84890E-01    1.11847E+00   -2.87319E-01   -9.20982E-01    3.99281E-01   -4.39279E-01    9.71118E-02    2.67290E-01    2.60326E-01   -3.88878E-01    2.71774E-02    2.01137E-01
     2.31008E-01    3.13086E+00    6.56731E-01   -3.81520E-01    1.12797E+00   -2.90064E-01   -9.09022E-01    3.97957E-01   -4.43290E-01    9.79056E-02    2.61895E-01    2.59155E-01   -3.91716E-01    2.77820E-02    2.01985E-01
     2.34008E-01    3.12140E+00    6.62759E-01   -3.78122E-01    1.13730E+00   -2.92774E-01   -8.96995E-01    3.96621E-01   -4.47240E-01    9.86832E-02    2.56484E-01    2.57976E-01   -3.94480E-01    2.83892E-02    2.02777E-01
     2.37008E-01    3.11186E+00    6.68702E-01   -3.74697E-01    1.14645E+00   -2.95446E-01   -8.84903E-01    3.95273E-01   -4.51127E-01    9.94445E-02    2.51057E-01    2.56788E-01   -3.97170E-01    2.89986E-02    2.03513E-01
     2.40008E-01    3.10223E+00    6.74557E-01   -3.71244E-01    1.15543E+00   -2.98083E-01   -8.72750E-01    3.93914E-01   -4.54952E-01    1.00190E-01    2.45616E-01    2.55593E-01   -3.99786E-01    2.96102E-02    2.04193E-01
     2.43008E-01    3.09252E+00    6.80325E-01   -3.67764E-01    1.16424E+00   -3.00683E-01   -8.60537E-01    3.92544E-01   -4.58713E-01    1.00918E-01    2.40162E-01    2.54390E-01   -4.02328E-01    3.02237E-02    2.04818E-01
     2.46008E-01    3.08273E+00    6.86005E-01   -3.64259E-01    1.17287E+00   -3.03246E-01   -8.48268E-01    3.91162E-01   -4.62411E-01    1.01630E-01    2.34698E-01    2.53179E-01   -4.04795E-01    3.08391E-02    2.05388E-01
     2.49008E-01    3.07286E+00    6.91596E-01   -3.60727E-01    1.18133E+00   -3.05772E-01   -8.35945E-01    3.89769E-01   -4.66045E-01    1.02326E-01    2.29224E-01    2.51961E-01   -4.07188E-01    3.14560E-02    2.05902E-01
     2.52008E-01    3.06291E+00    6.97099E-01   -3.57171E-01    1.18962E+00   -3.08262E-01   -8.23570E-01    3.88366E-01   -4.69615E-01    1.03006E-01    2.23743E-01    2.50736E-01   -4.09507E-01    3.20744E-02    2.06361E-01
     2.55008E-01    3.05288E+00    7.02512E-01   -3.53590E-01    1.19772E+00   -3.10714E-01   -8.11146E-01    3.86952E-01   -4.73121E-01    1.03669E-01    2.18255E-01    2.49504E-01   -4.11752E-01    3.26941E-02    2.06765E-01
     2.58008E-01    3.04277E+00    7.07836E-01   -3.49985E-01    1.20566E+00   -3.13128E-01   -7.98677E-01    3.85527E-01   -4.76562E-01    1.04315E-01    2.12762E-01    2.48266E-01   -4.13923E-01    3.33149E-02    2.07114E-01
     2.61008E-01    3.03259E+00    7.13070E-01   -3.46356E-01    1.21342E+00   -3.15506E-01   -7.86163E-01    3.84092E-01   -4.79938E-01    1.04945E-01    2.07267E-01    2.47021E-01   -4.16019E-01    3.39367E-02    2.07409E-01
     2.64008E-01    3.02234E+00    7.18214E-01   -3.42704E-01    1.22100E+00   -3.17845E-01   -7.73609E-01    3.82648E-01   -4.83249E-01    1.05559E-01    2.01769E-01    2.45769E-01   -4.18042E-01    3.45593E-02    2.07651E-01
     2.67008E-01    3.01202E+00    7.23267E-01   -3.39030E-01    1.22841E+00   -3.20147E-01   -7.61016E-01    3.81193E-01   -4.86495E-01    1.06156E-01    1.96272E-01    2.44512E-01   -4.19992E-01    3.51826E-02    2.07838E-01
     2.70008E-01    3.00162E+00    7.28229E-01   -3.35334E-01    1.23564E+00   -3.22411E-01   -7.48386E-01    3.79729E-01   -4.89676E-01    1.06737E-01    1.90775E-01    2.43250E-01   -4.21868E-01    3.58063E-02    2.07972E-01
     2.73008E-01    2.99116E+00    7.33100E-01   -3.31617E-01    1.24270E+00   -3.24637E-01   -7.35724E-01    3.78255E-01   -4.92791E-01    1.07301E-01    1.85282E-01    2.41981E-01   -4.23670E-01    3.64303E-02    2.08052E-01
     2.76008E-01    2.98063E+00    7.37880E-01   -3.27878E-01    1.24958E+00   -3.26826E-01   -7.23030E-01    3.76772E-01   -4.95840E-01    1.07848E-01    1.79792E-01    2.40708E-01   -4.25399E-01    3.70545E-02    2.08080E-01
     2.79008E-01    2.97003E+00    7.42568E-01   -3.24119E-01    1.25629E+00   -3.28976E-01   -7.10308E-01    3.75280E-01   -4.98823E-01    1.08379E-01    1.74308E-01    2.39429E-01   -4.27056E-01    3.76787E-02    2.08056E-01
     2.82008E-01    2.95936E+00    7.47164E-01   -3.20341E-01    1.26283E+00   -3.31087E-01   -6.97559E-01    3.73779E-01   -5.01740E-01    1.08894E-01    1.68831E-01    2.38145E-01   -4.28639E-01    3.83028E-02    2.07979E-01
     2.85008E-01    2.94863E+00    7.51667E-01   -3.16543E-01    1.26919E+00   -3.33161E-01   -6.84787E-01    3.72270E-01   -5.04591E-01    1.09392E-01    1.63362E-01    2.36857E-01   -4.30151E-01    3.89265E-02    2.07851E-01
     2.88008E-01    2.93784E+00    7.56079E-01   -3.12726E-01    1.27537E+00   -3.35196E-01   -6.71993E-01    3.70752E-01   -5.07376E-01    1.09874E-01    1.57903E-01    2.35565E-01   -4.31590E-01    3.95498E-02    2.07672E-01
     2.91008E-01    2.92699E+00    7.60398E-01   -3.08891E-01    1.28138E+00   -3.37193E-01   -6.59180E-01    3.69226E-01   -5.10094E-01    1.10340E-01    1.52455E-01    2.34268E-01   -4.32958E-01    4.01725E-02    2.07441E-01
     2.94008E-01    2.91608E+00    7.64624E-01   -3.05038E-01    1.28722E+00   -3.39151E-01   -6.46351E-01    3.67691E-01   -5.12745E-01    1.10789E-01    1.47020E-01    2.32967E-01   -4.34254E-01    4.07944E-02    2.07161E-01
     2.97008E-01    2.90511E+00    7.68758E-01   -3.01168E-01    1.29289E+00   -3.41071E-01   -6.33507E-01    3.66149E-01   -5.15330E-01    1.11222E-01    1.41599E-01    2.31662E-01   -4.35479E-01    4.14154E-02    2.06831E-01
     3.00007E-01    2.89408E+00    7.72798E-01   -2.97281E-01    1.29838E+00   -3.42952E-01   -6.20651E-01    3.64599E-01   -5.17849E-01    1.11639E-01    1.36192E-01    2.30354E-01   -4.36633E-01    4.20354E-02    2.06451E-01
     3.03007E-01    2.88300E+00    7.76746E-01   -2.93378E-01    1.30370E+00   -3.44795E-01   -6.07786E-01    3.63042E-01   -5.20300E-01    1.12039E-01    1.30802E-01    2.29043E-01   -4.37717E-01    4.26541E-02    2.06023E-01
     3.06007E-01    2.87186E+00    7.80600E-01   -2.89459E-01    1.30885E+00   -3.46599E-01   -5.94913E-01    3.61478E-01   -5.22685E-01    1.12423E-01    1.25430E-01    2.27728E-01   -4.38731E-01    4.32714E-02    2.05546E-01
     3.09007E-01    2.86067E+00    7.84362E-01   -2.85525E-01    1.31382E+00   -3.48364E-01   -5.82035E-01    3.59906E-01   -5.25004E-01    1.12792E-01    1.20076E-01    2.26410E-01   -4.39676E-01    4.38873E-02    2.05021E-01
     3.12007E-01    2.84942E+00    7.88030E-01   -2.81576E-01    1.31863E+00   -3.50091E-01   -5.69154E-01    3.58328E-01   -5.27255E-01    1.13144E-01    1.14743E-01    2.25090E-01   -4.40551E-01    4.45015E-02    2.04449E-01
     3.15007E-01    2.83813E+00    7.91605E-01   -2.77613E-01    1.32327E+00   -3.51779E-01   -5.56272E-01    3.56743E-01   -5.29441E-01    1.13480E-01    1.09431E-01    2.23767E-01   -4.41358E-01    4.51139E-02    2.03830E-01
     3.18007E-01    2.82679E+00    7.95087E-01   -2.73637E-01    1.32773E+00   -3.53428E-01   -5.43392E-01    3.55151E-01   -5.31559E-01    1.13800E-01    1.04142E-01    2.22442E-01   -4.42097E-01    4.57244E-02    2.03165E-01
     3.21007E-01    2.81540E+00    7.98476E-01   -2.69647E-01    1.33203E+00   -3.55039E-01   -5.30514E-01    3.53554E-01   -5.33611E-01    1.14105E-01    9.88767E-02    2.21115E-01   -4.42768E-01    4.63329E-02    2.02455E-01
     3.24007E-01    2.80396E+00    8.01772E-01   -2.65645E-01    1.33616E+00   -3.56612E-01   -5.17643E-01    3.51950E-01   -5.35596E-01    1.14394E-01    9.36362E-02    2.19785E-01   -4.43372E-01    4.69391E-02    2.01700E-01
     3.27007E-01    2.79248E+00    8.04974E-01   -2.61630E-01    1.34012E+00   -3.58145E-01   -5.04779E-01    3.50340E-01   -5.37515E-01    1.14667E-01    8.84218E-02    2.18455E-01   -4.43909E-01    4.75430E-02    2.00900E-01
     3.30007E-01    2.78095E+00    8.08084E-01   -2.57604E-01    1.34391E+00   -3.59640E-01   -4.91925E-01    3.48725E-01   -5.39367E-01    1.14924E-01    8.32346E-02    2.17122E-01   -4.44380E-01    4.81444E-02    2.00056E-01
     3.33007E-01    2.76939E+00    8.11100E-01   -2.53567E-01    1.34754E+00   -3.61097E-01   -4.79083E-01    3.47104E-01   -5.41154E-01    1.15166E-01    7.80757E-02    2.15788E-01   -4.44786E-01    4.87433E-02    1.99169E-01
     3.36007E-01    2.75778E+00    8.14024E-01   -2.49519E-01    1.35100E+00   -3.62515E-01   -4.66254E-01    3.45478E-01   -5.42874E-01    1.15393E-01    7.29462E-02    2.14453E-01   -4.45126E-01    4.93394E-02    1.98240E-01
     3.39007E-01    2.74613E+00    8.16855E-01   -2.45461E-01    1.35430E+00   -3.63894E-01   -4.53442E-01    3.43847E-01   -5.44528E-01    1.15604E-01    6.78471E-02    2.13118E-01   -4.45402E-01    4.99327E-02    1.97269E-01
     3.42007E-01    2.73445E+00    8.19594E-01   -2.41394E-01    1.35744E+00   -3.65235E-01   -4.40647E-01    3.42211E-01   -5.46117E-01    1.15800E-01    6.27794E-02    2.11781E-01   -4.45615E-01    5.05230E-02    1.96257E-01
     3.45007E-01    2.72273E+00    8.22240E-01   -2.37317E-01    1.36041E+00   -3.66538E-01   -4.27871E-01    3.40570E-01   -5.47639E-01    1.15981E-01    5.77442E-02    2.10444E-01   -4.45764E-01    5.11102E-02    1.95204E-01
     3.48007E-01    2.71097E+00    8.24793E-01   -2.33231E-01    1.36321E+00   -3.67803E-01   -4.15118E-01    3.38925E-01   -5.49097E-01    1.16146E-01    5.27425E-02    2.09107E-01   -4.45850E-01    5.16941E-02    1.94111E-01
     3.51007E-01    2.69918E+00    8.27255E-01   -2.29138E-01    1.36586E+00   -3.69029E-01   -4.02387E-01    3.37276E-01   -5.50489E-01    1.16297E-01    4.77751E-02    2.07769E-01   -4.45874E-01    5.22748E-02    1.92979E-01
     3.54007E-01    2.68735E+00    8.29625E-01   -2.25036E-01    1.36834E+00   -3.70217E-01   -3.89682E-01    3.35622E-01   -5.51815E-01    1.16433E-01    4.28431E-02    2.06431E-01   -4.45837E-01    5.28520E-02    1.91808E-01
     3.57007E-01    2.67550E+00    8.31903E-01   -2.20928E-01    1.37067E+00   -3.71367E-01   -3.77004E-01    3.33965E-01   -5.53077E-01    1.16554E-01    3.79474E-02    2.05094E-01   -4.45740E-01    5.34256E-02    1.90600E-01
     3.60007E-01    2.66362E+00    8.34090E-01   -2.16813E-01    1.37284E+00   -3.72479E-01   -3.64355E-01    3.32304E-01   -5.54275E-01    1.16661E-01    3.30889E-02    2.03757E-01   -4.45582E-01    5.39955E-02    1.89354E-01
     3.63007E-01    2.65170E+00    8.36186E-01   -2.12691E-01    1.37485E+00   -3.73553E-01   -3.51737E-01    3.30639E-01   -5.55407E-01    1.16753E-01    2.82684E-02    2.02421E-01   -4.45365E-01    5.45617E-02    1.88073E-01
     3.66007E-01    2.63976E+00    8.38191E-01   -2.08564E-01    1.37670E+00   -3.74589E-01   -3.39151E-01    3.28972E-01   -5.56476E-01    1.16830E-01    2.34868E-02    2.01085E-01   -4.45089E-01    5.51239E-02    1.86755E-01
     3.69007E-01    2.62780E+00    8.40105E-01   -2.04431E-01    1.37839E+00   -3.75588E-01   -3.26600E-01    3.27301E-01   -5.57481E-01    1.16894E-01    1.87449E-02    1.99750E-01   -4.44755E-01    5.56822E-02    1.85402E-01
     3.72007E-01    2.61581E+00    8.41929E-01   -2.00294E-01    1.37994E+00   -3.76549E-01   -3.14084E-01    3.25627E-01   -5.58422E-01    1.16943E-01    1.40435E-02    1.98417E-01   -4.44364E-01    5.62363E-02    1.84015E-01
     3.75007E-01    2.60379E+00    8.43663E-01   -1.96152E-01    1.38132E+00   -3.77472E-01   -3.01605E-01    3.23950E-01   -5.59299E-01    1.16978E-01    9.38344E-03    1.97084E-01   -4.43916E-01    5.67862E-02    1.82595E-01
     3.78007E-01    2.59176E+00    8.45307E-01   -1.92006E-01    1.38256E+00   -3.78359E-01   -2.89166E-01    3.22271E-01   -5.60114E-01    1.16999E-01    4.76543E-03    1.95753E-01   -4.43412E-01    5.73318E-02    1.81142E-01
     3.81007E-01    2.57970E+00    8.46862E-01   -1.87857E-01    1.38364E+00   -3.79208E-01   -2.76768E-01    3.20590E-01   -5.60866E-01    1.17007E-01    1.90214E-04    1.94424E-01   -4.42853E-01    5.78730E-02    1.79657E-01
     3.84007E-01    2.56763E+00    8.48328E-01   -1.83704E-01    1.38457E+00   -3.80019E-01   -2.64411E-01    3.18906E-01   -5.61555E-01    1.17000E-01   -4.34150E-03    1.93096E-01   -4.42240E-01    5.84097E-02    1.78140E-01
     3.87007E-01    2.55553E+00    8.49706E-01   -1.79549E-01    1.38535E+00   -3.80794E-01   -2.52099E-01    3.17220E-01   -5.62183E-01    1.16981E-01   -8.82903E-03    1.91770E-01   -4.41572E-01    5.89418E-02    1.76593E-01
     3.90007E-01    2.54342E+00    8.50995E-01   -1.75392E-01    1.38598E+00   -3.81532E-01   -2.39832E-01    3.15533E-01   -5.62748E-01    1.16948E-01   -1.32717E-02    1.90447E-01   -4.40852E-01    5.94692E-02    1.75016E-01
     3.93007E-01    2.53130E+00    8.52196E-01   -1.71234E-01    1.38647E+00   -3.82233E-01   -2.27613E-01    3.13844E-01   -5.63252E-01    1.16901E-01   -1.76689E-02    1.89125E-01   -4.40080E-01    5.99919E-02    1.73410E-01
     3.96007E-01    2.51916E+00    8.53310E-01   -1.67074E-01    1.38681E+00   -3.82898E-01   -2.15441E-01    3.12153E-01   -5.63695E-01    1.16842E-01   -2.20200E-02    1.87806E-01   -4.39256E-01    6.05097E-02    1.71776E-01
     3.99007E-01    2.50701E+00    8.54338E-01   -1.62913E-01    1.38700E+00   -3.83526E-01   -2.03320E-01    3.10462E-01   -5.64078E-01    1.16769E-01   -2.63243E-02    1.86490E-01   -4.38381E-01    6.10225E-02    1.70114E-01
     4.02007E-01    2.49484E+00    8.55278E-01   -1.58752E-01    1.38705E+00   -3.84118E-01   -1.91250E-01    3.08769E-01   -5.64400E-01    1.16684E-01   -3.05814E-02    1.85176E-01   -4.37457E-01    6.15303E-02    1.68426E-01
     4.05007E-01    2.48267E+00    8.56133E-01   -1.54591E-01    1.38695E+00   -3.84673E-01   -1.79233E-01    3.07075E-01   -5.64662E-01    1.16586E-01   -3.47907E-02    1.83865E-01   -4.36483E-01    6.20330E-02    1.66711E-01
     4.08007E-01    2.47049E+00    8.56902E-01   -1.50431E-01    1.38671E+00   -3.85193E-01   -1.67270E-01    3.05381E-01   -5.64865E-01    1.16475E-01   -3.89516E-02    1.82557E-01   -4.35461E-01    6.25305E-02    1.64971E-01
     4.11007E-01    2.45830E+00    8.57586E-01   -1.46271E-01    1.38633E+00   -3.85677E-01   -1.55362E-01    3.03686E-01   -5.65009E-01    1.16352E-01   -4.30637E-02    1.81253E-01   -4.34391E-01    6.30228E-02    1.63207E-01
     4.14007E-01    2.44610E+00    8.58185E-01   -1.42113E-01    1.38582E+00   -3.86125E-01   -1.43512E-01    3.01991E-01   -5.65094E-01    1.16217E-01   -4.71265E-02    1.79951E-01   -4.33275E-01    6.35097E-02    1.61419E-01
     4.17007E-01    2.43390E+00    8.58700E-01   -1.37956E-01    1.38516E+00   -3.86538E-01   -1.31719E-01    3.00296E-01   -5.65120E-01    1.16069E-01   -5.11394E-02    1.78653E-01   -4.32112E-01    6.39913E-02    1.59608E-01
     4.20006E-01    2.42170E+00    8.59132E-01   -1.33802E-01    1.38437E+00   -3.86916E-01   -1.19986E-01    2.98601E-01   -5.65089E-01    1.15910E-01   -5.51022E-02    1.77358E-01   -4.30904E-01    6.44674E-02    1.57774E-01
     4.23006E-01    2.40949E+00    8.59480E-01   -1.29650E-01    1.38344E+00   -3.87258E-01   -1.08314E-01    2.96905E-01   -5.65001E-01    1.15739E-01   -5.90143E-02    1.76068E-01   -4.29652E-01    6.49379E-02    1.55920E-01
     4.26006E-01    2.39728E+00    8.59746E-01   -1.25502E-01    1.38237E+00   -3.87566E-01   -9.67043E-02    2.95211E-01   -5.64856E-01    1.15556E-01   -6.28754E-02    1.74781E-01   -4.28356E-01    6.54029E-02    1.54044E-01
     4.29006E-01    2.38507E+00    8.59930E-01   -1.21356E-01    1.38117E+00   -3.87838E-01   -8.51576E-02    2.93516E-01   -5.64654E-01    1.15361E-01   -6.66852E-02    1.73498E-01   -4.27017E-01    6.58621E-02    1.52149E-01
     4.32006E-01    2.37286E+00    8.60033E-01   -1.17215E-01    1.37984E+00   -3.88077E-01   -7.36754E-02    2.91823E-01   -5.64397E-01    1.15156E-01   -7.04432E-02    1.72219E-01   -4.25636E-01    6.63157E-02    1.50234E-01
     4.35006E-01    2.36066E+00    8.60055E-01   -1.13078E-01    1.37837E+00   -3.88280E-01   -6.22588E-02    2.90130E-01   -5.64084E-01    1.14939E-01   -7.41491E-02    1.70944E-01   -4.24214E-01    6.67635E-02    1.48302E-01
     4.38006E-01    2.34845E+00    8.59996E-01   -1.08945E-01    1.37678E+00   -3.88450E-01   -5.09092E-02    2.88438E-01   -5.63716E-01    1.14711E-01   -7.78028E-02    1.69673E-01   -4.22751E-01    6.72055E-02    1.46351E-01
     4.41006E-01    2.33626E+00    8.59858E-01   -1.04817E-01    1.37506E+00   -3.88586E-01   -3.96275E-02    2.86748E-01   -5.63294E-01    1.14472E-01   -8.14037E-02    1.68407E-01   -4.21249E-01    6.76416E-02    1.44383E-01
     4.44006E-01    2.32406E+00    8.59641E-01   -1.00695E-01    1.37321E+00   -3.88688E-01   -2.84149E-02    2.85059E-01   -5.62818E-01    1.14223E-01   -8.49518E-02    1.67146E-01   -4.19707E-01    6.80718E-02    1.42400E-01
     4.47006E-01    2.31188E+00    8.59345E-01   -9.65780E-02    1.37123E+00   -3.88756E-01   -1.72726E-02    2.83371E-01   -5.62288E-01    1.13962E-01   -8.84468E-02    1.65889E-01   -4.18128E-01    6.84960E-02    1.40401E-01
     4.50006E-01    2.29970E+00    8.58972E-01   -9.24674E-02    1.36913E+00   -3.88792E-01   -6.20154E-03    2.81685E-01   -5.61705E-01    1.13692E-01   -9.18884E-02    1.64637E-01   -4.16512E-01    6.89142E-02    1.38387E-01
     4.53006E-01    2.28753E+00    8.58521E-01   -8.83634E-02    1.36691E+00   -3.88794E-01    4.79711E-03    2.80001E-01   -5.61071E-01    1.13411E-01   -9.52765E-02    1.63390E-01   -4.14859E-01    6.93263E-02    1.36359E-01
     4.56006E-01    2.27537E+00    8.57994E-01   -8.42662E-02    1.36456E+00   -3.88763E-01    1.57223E-02    2.78319E-01   -5.60384E-01    1.13120E-01   -9.86109E-02    1.62148E-01   -4.13170E-01    6.97323E-02    1.34318E-01
     4.59006E-01    2.26323E+00    8.57391E-01   -8.01762E-02    1.36209E+00   -3.88700E-01    2.65731E-02    2.76639E-01   -5.59646E-01    1.12820E-01   -1.01891E-01    1.60911E-01   -4.11447E-01    7.01322E-02    1.32265E-01
     4.62006E-01    2.25109E+00    8.56712E-01   -7.60939E-02    1.35950E+00   -3.88604E-01    3.73485E-02    2.74961E-01   -5.58857E-01    1.12509E-01   -1.05118E-01    1.59679E-01   -4.09690E-01    7.05259E-02    1.30200E-01
     4.65006E-01    2.23897E+00    8.55960E-01   -7.20194E-02    1.35679E+00   -3.88476E-01    4.80474E-02    2.73286E-01   -5.58018E-01    1.12189E-01   -1.08290E-01    1.58453E-01   -4.07899E-01    7.09134E-02    1.28124E-01
     4.68006E-01    2.22687E+00    8.55133E-01   -6.79533E-02    1.35397E+00   -3.88315E-01    5.86689E-02    2.71613E-01   -5.57129E-01    1.11859E-01   -1.11409E-01    1.57232E-01   -4.06076E-01    7.12946E-02    1.26037E-01
     4.71006E-01    2.21478E+00    8.54233E-01   -6.38958E-02    1.35102E+00   -3.88124E-01    6.92121E-02    2.69943E-01   -5.56192E-01    1.11521E-01   -1.14472E-01    1.56017E-01   -4.04221E-01    7.16696E-02    1.23941E-01
     4.74006E-01    2.20271E+00    8.53260E-01   -5.98473E-02    1.34797E+00   -3.87900E-01    7.96760E-02    2.68276E-01   -5.55206E-01    1.11173E-01   -1.17482E-01    1.54807E-01   -4.02336E-01    7.20382E-02    1.21836E-01
     4.77006E-01    2.19065E+00    8.52216E-01   -5.58082E-02    1.34480E+00   -3.87646E-01    9.00598E-02    2.66612E-01   -5.54172E-01    1.10816E-01   -1.20437E-01    1.53603E-01   -4.00420E-01    7.24006E-02    1.19723E-01
     4.80006E-01    2.17862E+00    8.51101E-01   -5.17787E-02    1.34152E+00   -3.87360E-01    1.00363E-01    2.64951E-01   -5.53090E-01    1.10450E-01   -1.23338E-01    1.52404E-01   -3.98475E-01    7.27566E-02    1.17602E-01
     4.83006E-01    2.16660E+00    8.49915E-01   -4.77593E-02    1.33813E+00   -3.87044E-01    1.10583E-01    2.63293E-01   -5.51962E-01    1.10076E-01   -1.26184E-01    1.51212E-01   -3.96502E-01    7.31062E-02    1.15475E-01
     4.86006E-01    2.15461E+00    8.48659E-01   -4.37501E-02    1.33462E+00   -3.86697E-01    1.20721E-01    2.61639E-01   -5.50788E-01    1.09693E-01   -1.28976E-01    1.50025E-01   -3.94501E-01    7.34494E-02    1.13341E-01
     4.89006E-01    2.14263E+00    8.47335E-01   -3.97517E-02    1.33101E+00   -3.86319E-01    1.30776E-01    2.59989E-01   -5.49568E-01    1.09302E-01   -1.31714E-01    1.48845E-01   -3.92473E-01    7.37862E-02    1.11202E-01
     4.92006E-01    2.13068E+00    8.45942E-01   -3.57642E-02    1.32730E+00   -3.85912E-01    1.40746E-01    2.58342E-01   -5.48303E-01    1.08903E-01   -1.34397E-01    1.47671E-01   -3.90419E-01    7.41166E-02    1.09058E-01
     4.95006E-01    2.11876E+00    8.44482E-01   -3.17881E-02    1.32348E+00   -3.85475E-01    1.50631E-01    2.56699E-01   -5.46994E-01    1.08496E-01   -1.37027E-01    1.46502E-01   -3.88339E-01    7.44405E-02    1.06910E-01
     4.98006E-01    2.10686E+00    8.42955E-01   -2.78235E-02    1.31955E+00   -3.85008E-01    1.60429E-01    2.55060E-01   -5.45641E-01    1.08081E-01   -1.39602E-01    1.45341E-01   -3.86235E-01    7.47580E-02    1.04759E-01
     5.01006E-01    2.09499E+00    8.41363E-01   -2.38709E-02    1.31552E+00   -3.84512E-01    1.70142E-01    2.53425E-01   -5.44245E-01    1.07658E-01   -1.42122E-01    1.44185E-01   -3.84107E-01    7.50691E-02    1.02605E-01
     5.04006E-01    2.08314E+00    8.39705E-01   -1.99305E-02    1.31140E+00   -3.83988E-01    1.79766E-01    2.51795E-01   -5.42806E-01    1.07228E-01   -1.44589E-01    1.43036E-01   -3.81956E-01    7.53737E-02    1.00448E-01
     5.07006E-01    2.07132E+00    8.37982E-01   -1.60027E-02    1.30717E+00   -3.83434E-01    1.89303E-01    2.50168E-01   -5.41326E-01    1.06791E-01   -1.47003E-01    1.41893E-01   -3.79783E-01    7.56718E-02    9.82901E-02
     5.10006E-01    2.05953E+00    8.36196E-01   -1.20877E-02    1.30284E+00   -3.82852E-01    1.98750E-01    2.48547E-01   -5.39804E-01    1.06346E-01   -1.49362E-01    1.40757E-01   -3.77588E-01    7.59634E-02    9.61312E-02
     5.13006E-01    2.04777E+00    8.34347E-01   -8.18582E-03    1.29842E+00   -3.82242E-01    2.08108E-01    2.46930E-01   -5.38241E-01    1.05894E-01   -1.51668E-01    1.39628E-01   -3.75372E-01    7.62486E-02    9.39720E-02
     5.16006E-01    2.03604E+00    8.32436E-01   -4.29736E-03    1.29390E+00   -3.81603E-01    2.17376E-01    2.45317E-01   -5.36638E-01    1.05436E-01   -1.53921E-01    1.38505E-01   -3.73136E-01    7.65272E-02    9.18131E-02
     5.19006E-01    2.02434E+00    8.30463E-01   -4.22592E-04    1.28929E+00   -3.80937E-01    2.26553E-01    2.43710E-01   -5.34996E-01    1.04971E-01   -1.56121E-01    1.37389E-01   -3.70880E-01    7.67994E-02    8.96552E-02
     5.22006E-01    2.01268E+00    8.28430E-01    3.43820E-03    1.28458E+00   -3.80244E-01    2.35639E-01    2.42107E-01   -5.33315E-01    1.04499E-01   -1.58268E-01    1.36280E-01   -3.68606E-01    7.70652E-02    8.74987E-02
     5.25006E-01    2.00105E+00    8.26337E-01    7.28473E-03    1.27978E+00   -3.79524E-01    2.44632E-01    2.40510E-01   -5.31596E-01    1.04021E-01   -1.60362E-01    1.35178E-01   -3.66314E-01    7.73244E-02    8.53444E-02
     5.28006E-01    1.98945E+00    8.24185E-01    1.11167E-02    1.27490E+00   -3.78776E-01    2.53533E-01    2.38918E-01   -5.29839E-01    1.03537E-01   -1.62404E-01    1.34082E-01   -3.64005E-01    7.75772E-02    8.31927E-02
     5.31006E-01    1.97789E+00    8.21974E-01    1.49340E-02    1.26992E+00   -3.78003E-01    2.62340E-01    2.37331E-01   -5.28046E-01    1.03047E-01   -1.64393E-01    1.32994E-01   -3.61679E-01    7.78236E-02    8.10443E-02
     5.34006E-01    1.96636E+00    8.19707E-01    1.87361E-02    1.26486E+00   -3.77202E-01    2.71054E-01    2.35750E-01   -5.26216E-01    1.02551E-01   -1.66331E-01    1.31912E-01   -3.59337E-01    7.80635E-02    7.88997E-02
     5.37006E-01    1.95487E+00    8.17382E-01    2.25230E-02    1.25971E+00   -3.76376E-01    2.79673E-01    2.34174E-01   -5.24350E-01    1.02049E-01   -1.68217E-01    1.30838E-01   -3.56980E-01    7.82970E-02    7.67595E-02
     5.40005E-01    1.94342E+00    8.15002E-01    2.62943E-02    1.25448E+00   -3.75524E-01    2.88198E-01    2.32604E-01   -5.22449E-01    1.01542E-01   -1.70052E-01    1.29770E-01   -3.54609E-01    7.85240E-02    7.46242E-02
     5.43005E-01    1.93201E+00    8.12567E-01    3.00497E-02    1.24917E+00   -3.74647E-01    2.96627E-01    2.31039E-01   -5.20514E-01    1.01029E-01   -1.71835E-01    1.28710E-01   -3.52224E-01    7.87447E-02    7.24943E-02
     5.46005E-01    1.92063E+00    8.10078E-01    3.37891E-02    1.24378E+00   -3.73745E-01    3.04961E-01    2.29481E-01   -5.18545E-01    1.00511E-01   -1.73568E-01    1.27657E-01   -3.49825E-01    7.89590E-02    7.03704E-02
     5.49005E-01    1.90930E+00    8.07535E-01    3.75123E-02    1.23830E+00   -3.72818E-01    3.13198E-01    2.27928E-01   -5.16543E-01    9.99876E-02   -1.75251E-01    1.26611E-01   -3.47415E-01    7.91669E-02    6.82530E-02
     5.52005E-01    1.89801E+00    8.04939E-01    4.12188E-02    1.23275E+00   -3.71866E-01    3.21339E-01    2.26381E-01   -5.14508E-01    9.94594E-02   -1.76883E-01    1.25572E-01   -3.44992E-01    7.93685E-02    6.61426E-02
     5.55005E-01    1.88676E+00    8.02292E-01    4.49086E-02    1.22712E+00   -3.70890E-01    3.29382E-01    2.24841E-01   -5.12442E-01    9.89263E-02   -1.78466E-01    1.24541E-01   -3.42558E-01    7.95638E-02    6.40397E-02
     5.58005E-01    1.87555E+00    7.99594E-01    4.85814E-02    1.22142E+00   -3.69890E-01    3.37329E-01    2.23307E-01   -5.10344E-01    9.83886E-02   -1.79999E-01    1.23517E-01   -3.40114E-01    7.97528E-02    6.19448E-02
     5.61005E-01    1.86438E+00    7.96845E-01    5.22370E-02    1.21564E+00   -3.68866E-01    3.45177E-01    2.21779E-01   -5.08216E-01    9.78464E-02   -1.81484E-01    1.22500E-01   -3.37660E-01    7.99355E-02    5.98584E-02
     5.64005E-01    1.85326E+00    7.94048E-01    5.58752E-02    1.20980E+00   -3.67819E-01    3.52927E-01    2.20258E-01   -5.06057E-01    9.72998E-02   -1.82919E-01    1.21491E-01   -3.35197E-01    8.01119E-02    5.77809E-02
     5.67005E-01    1.84218E+00    7.91201E-01    5.94957E-02    1.20388E+00   -3.66748E-01    3.60579E-01    2.18743E-01   -5.03870E-01    9.67489E-02   -1.84307E-01    1.20489E-01   -3.32725E-01    8.02822E-02    5.57129E-02
     5.70005E-01    1.83114E+00    7.88307E-01    6.30983E-02    1.19789E+00   -3.65655E-01    3.68132E-01    2.17234E-01   -5.01653E-01    9.61940E-02   -1.85646E-01    1.19495E-01   -3.30245E-01    8.04462E-02    5.36547E-02
     5.73005E-01    1.82016E+00    7.85366E-01    6.66829E-02    1.19183E+00   -3.64540E-01    3.75586E-01    2.15733E-01   -4.99408E-01    9.56351E-02   -1.86939E-01    1.18508E-01   -3.27758E-01    8.06041E-02    5.16068E-02
     5.76005E-01    1.80922E+00    7.82379E-01    7.02492E-02    1.18571E+00   -3.63402E-01    3.82941E-01    2.14238E-01   -4.97136E-01    9.50724E-02   -1.88184E-01    1.17528E-01   -3.25263E-01    8.07559E-02    4.95697E-02
     5.79005E-01    1.79832E+00    7.79346E-01    7.37970E-02    1.17953E+00   -3.62242E-01    3.90196E-01    2.12750E-01   -4.94837E-01    9.45061E-02   -1.89383E-01    1.16556E-01   -3.22763E-01    8.09015E-02    4.75437E-02
     5.82005E-01    1.78747E+00    7.76269E-01    7.73262E-02    1.17328E+00   -3.61061E-01    3.97351E-01    2.11269E-01   -4.92512E-01    9.39362E-02   -1.90535E-01    1.15592E-01   -3.20257E-01    8.10411E-02    4.55294E-02
     5.85005E-01    1.77668E+00    7.73148E-01    8.08366E-02    1.16697E+00   -3.59858E-01    4.04406E-01    2.09795E-01   -4.90161E-01    9.33629E-02   -1.91642E-01    1.14635E-01   -3.17746E-01    8.11747E-02    4.35270E-02
     5.88005E-01    1.76593E+00    7.69984E-01    8.43279E-02    1.16060E+00   -3.58635E-01    4.11362E-01    2.08328E-01   -4.87785E-01    9.27864E-02   -1.92703E-01    1.13685E-01   -3.15230E-01    8.13023E-02    4.15370E-02
     5.91005E-01    1.75523E+00    7.66779E-01    8.78001E-02    1.15417E+00   -3.57390E-01    4.18217E-01    2.06868E-01   -4.85384E-01    9.22067E-02   -1.93720E-01    1.12743E-01   -3.12710E-01    8.14240E-02    3.95598E-02
     5.94005E-01    1.74458E+00    7.63532E-01    9.12529E-02    1.14769E+00   -3.56125E-01    4.24971E-01    2.05416E-01   -4.82960E-01    9.16241E-02   -1.94692E-01    1.11809E-01   -3.10187E-01    8.15397E-02    3.75958E-02
     5.97005E-01    1.73398E+00    7.60244E-01    9.46861E-02    1.14115E+00   -3.54840E-01    4.31625E-01    2.03971E-01   -4.80513E-01    9.10386E-02   -1.95621E-01    1.10882E-01   -3.07661E-01    8.16495E-02    3.56453E-02
     6.00005E-01    1.72343E+00    7.56917E-01    9.80997E-02    1.13456E+00   -3.53536E-01    4.38178E-01    2.02533E-01   -4.78043E-01    9.04504E-02   -1.96506E-01    1.09963E-01   -3.05132E-01    8.17536E-02    3.37088E-02
     6.03005E-01    1.71293E+00    7.53551E-01    1.01493E-01    1.12791E+00   -3.52211E-01    4.44631E-01    2.01102E-01   -4.75551E-01    8.98597E-02   -1.97348E-01    1.09052E-01   -3.02602E-01    8.18518E-02    3.17864E-02
     6.06005E-01    1.70249E+00    7.50146E-01    1.04867E-01    1.12122E+00   -3.50868E-01    4.50983E-01    1.99680E-01   -4.73037E-01    8.92664E-02   -1.98148E-01    1.08148E-01   -3.00070E-01    8.19443E-02    2.98787E-02
     6.09005E-01    1.69210E+00    7.46705E-01    1.08221E-01    1.11447E+00   -3.49506E-01    4.57234E-01    1.98264E-01   -4.70503E-01    8.86708E-02   -1.98905E-01    1.07251E-01   -2.97538E-01    8.20311E-02    2.79858E-02
     6.12005E-01    1.68176E+00    7.43227E-01    1.11554E-01    1.10768E+00   -3.48125E-01    4.63384E-01    1.96857E-01   -4.67949E-01    8.80730E-02   -1.99622E-01    1.06362E-01   -2.95005E-01    8.21122E-02    2.61082E-02
     6.15005E-01    1.67148E+00    7.39713E-01    1.14866E-01    1.10084E+00   -3.46726E-01    4.69434E-01    1.95457E-01   -4.65375E-01    8.74731E-02   -2.00297E-01    1.05481E-01   -2.92472E-01    8.21878E-02    2.42462E-02
     6.18005E-01    1.66125E+00    7.36164E-01    1.18159E-01    1.09396E+00   -3.45308E-01    4.75383E-01    1.94064E-01   -4.62782E-01    8.68713E-02   -2.00932E-01    1.04607E-01   -2.89940E-01    8.22577E-02    2.24000E-02
     6.21005E-01    1.65107E+00    7.32581E-01    1.21430E-01    1.08703E+00   -3.43873E-01    4.81231E-01    1.92680E-01   -4.60170E-01    8.62676E-02   -2.01527E-01    1.03741E-01   -2.87409E-01    8.23222E-02    2.05700E-02
     6.24005E-01    1.64095E+00    7.28965E-01    1.24681E-01    1.08006E+00   -3.42421E-01    4.86979E-01    1.91303E-01   -4.57541E-01    8.56622E-02   -2.02082E-01    1.02883E-01   -2.84879E-01    8.23812E-02    1.87564E-02
     6.27005E-01    1.63089E+00    7.25316E-01    1.27910E-01    1.07305E+00   -3.40952E-01    4.92626E-01    1.89935E-01   -4.54894E-01    8.50552E-02   -2.02599E-01    1.02032E-01   -2.82352E-01    8.24347E-02    1.69595E-02
     6.30005E-01    1.62088E+00    7.21636E-01    1.31119E-01    1.06601E+00   -3.39465E-01    4.98173E-01    1.88574E-01   -4.52230E-01    8.44466E-02   -2.03077E-01    1.01189E-01   -2.79827E-01    8.24829E-02    1.51797E-02
     6.33005E-01    1.61093E+00    7.17924E-01    1.34306E-01    1.05892E+00   -3.37963E-01    5.03620E-01    1.87221E-01   -4.49551E-01    8.38367E-02   -2.03517E-01    1.00353E-01   -2.77304E-01    8.25258E-02    1.34170E-02
     6.36005E-01    1.60103E+00    7.14182E-01    1.37472E-01    1.05181E+00   -3.36444E-01    5.08967E-01    1.85877E-01   -4.46855E-01    8.32256E-02   -2.03920E-01    9.95251E-02   -2.74785E-01    8.25634E-02    1.16719E-02
     6.39005E-01    1.59120E+00    7.10410E-01    1.40617E-01    1.04465E+00   -3.34909E-01    5.14215E-01    1.84540E-01   -4.44145E-01    8.26133E-02   -2.04286E-01    9.87046E-02   -2.72270E-01    8.25959E-02    9.94448E-03
     6.42005E-01    1.58142E+00    7.06610E-01    1.43740E-01    1.03747E+00   -3.33359E-01    5.19362E-01    1.83212E-01   -4.41420E-01    8.19999E-02   -2.04616E-01    9.78915E-02   -2.69759E-01    8.26231E-02    8.23505E-03
     6.45005E-01    1.57169E+00    7.02782E-01    1.46842E-01    1.03025E+00   -3.31793E-01    5.24411E-01    1.81892E-01   -4.38681E-01    8.13856E-02   -2.04910E-01    9.70860E-02   -2.67252E-01    8.26453E-02    6.54380E-03
     6.48005E-01    1.56203E+00    6.98926E-01    1.49922E-01    1.02301E+00   -3.30212E-01    5.29361E-01    1.80580E-01   -4.35929E-01    8.07705E-02   -2.05169E-01    9.62880E-02   -2.64750E-01    8.26624E-02    4.87097E-03
     6.51005E-01    1.55243E+00    6.95044E-01    1.52980E-01    1.01573E+00   -3.28617E-01    5.34211E-01    1.79276E-01   -4.33164E-01    8.01547E-02   -2.05393E-01    9.54975E-02   -2.62253E-01    8.26745E-02    3.21674E-03
     6.54005E-01    1.54288E+00    6.91136E-01    1.56016E-01    1.00843E+00   -3.27007E-01    5.38964E-01    1.77981E-01   -4.30386E-01    7.95382E-02   -2.05583E-01    9.47145E-02   -2.59762E-01    8.26817E-02    1.58132E-03
     6.57005E-01    1.53339E+00    6.87203E-01    1.59030E-01    1.00111E+00   -3.25383E-01    5.43618E-01    1.76694E-01   -4.27597E-01    7.89212E-02   -2.05740E-01    9.39390E-02   -2.57277E-01    8.26840E-02   -3.51026E-05
     6.60004E-01    1.52397E+00    6.83245E-01    1.62023E-01    9.93760E-01   -3.23746E-01    5.48175E-01    1.75415E-01   -4.24796E-01    7.83038E-02   -2.05863E-01    9.31709E-02   -2.54798E-01    8.26815E-02   -1.63235E-03
     6.63004E-01    1.51460E+00    6.79264E-01    1.64993E-01    9.86389E-01   -3.22094E-01    5.52634E-01    1.74145E-01   -4.21984E-01    7.76861E-02   -2.05954E-01    9.24102E-02   -2.52326E-01    8.26743E-02   -3.21024E-03
     6.66004E-01    1.50529E+00    6.75260E-01    1.67941E-01    9.78997E-01   -3.20430E-01    5.56996E-01    1.72884E-01   -4.19162E-01    7.70681E-02   -2.06013E-01    9.16569E-02   -2.49861E-01    8.26623E-02   -4.76862E-03
     6.69004E-01    1.49605E+00    6.71234E-01    1.70867E-01    9.71586E-01   -3.18752E-01    5.61262E-01    1.71630E-01   -4.16331E-01    7.64500E-02   -2.06041E-01    9.09110E-02   -2.47404E-01    8.26457E-02   -6.30733E-03
     6.72004E-01    1.48686E+00    6.67186E-01    1.73770E-01    9.64156E-01   -3.17062E-01    5.65432E-01    1.70386E-01   -4.13489E-01    7.58319E-02   -2.06037E-01    9.01725E-02   -2.44954E-01    8.26245E-02   -7.82622E-03
     6.75004E-01    1.47774E+00    6.63118E-01    1.76652E-01    9.56710E-01   -3.15360E-01    5.69506E-01    1.69149E-01   -4.10640E-01    7.52138E-02   -2.06004E-01    8.94413E-02   -2.42512E-01    8.25987E-02   -9.32515E-03
     6.78004E-01    1.46867E+00    6.59029E-01    1.79511E-01    9.49249E-01   -3.13646E-01    5.73485E-01    1.67922E-01   -4.07781E-01    7.45959E-02   -2.05940E-01    8.87174E-02   -2.40078E-01    8.25685E-02   -1.08040E-02
     6.81004E-01    1.45967E+00    6.54921E-01    1.82347E-01    9.41774E-01   -3.11919E-01    5.77369E-01    1.66703E-01   -4.04915E-01    7.39782E-02   -2.05848E-01    8.80008E-02   -2.37653E-01    8.25339E-02   -1.22626E-02
     6.84004E-01    1.45073E+00    6.50794E-01    1.85161E-01    9.34286E-01   -3.10181E-01    5.81159E-01    1.65492E-01   -4.02042E-01    7.33609E-02   -2.05726E-01    8.72915E-02   -2.35237E-01    8.24950E-02   -1.37009E-02
     6.87004E-01    1.44185E+00    6.46650E-01    1.87953E-01    9.26787E-01   -3.08432E-01    5.84855E-01    1.64291E-01   -3.99161E-01    7.27439E-02   -2.05577E-01    8.65894E-02   -2.32830E-01    8.24518E-02   -1.51188E-02
     6.90004E-01    1.43304E+00    6.42487E-01    1.90722E-01    9.19279E-01   -3.06672E-01    5.88458E-01    1.63097E-01   -3.96275E-01    7.21275E-02   -2.05399E-01    8.58945E-02   -2.30432E-01    8.24043E-02   -1.65161E-02
     6.93004E-01    1.42428E+00    6.38309E-01    1.93468E-01    9.11761E-01   -3.04902E-01    5.91969E-01    1.61913E-01   -3.93382E-01    7.15116E-02   -2.05195E-01    8.52068E-02   -2.28044E-01    8.23527E-02   -1.78928E-02
     6.96004E-01    1.41559E+00    6.34113E-01    1.96192E-01    9.04237E-01   -3.03121E-01    5.95388E-01    1.60737E-01   -3.90483E-01    7.08963E-02   -2.04964E-01    8.45263E-02   -2.25666E-01    8.22970E-02   -1.92488E-02
     6.99004E-01    1.40696E+00    6.29903E-01    1.98894E-01    8.96706E-01   -3.01330E-01    5.98715E-01    1.59570E-01   -3.87580E-01    7.02818E-02   -2.04707E-01    8.38528E-02   -2.23298E-01    8.22372E-02   -2.05839E-02
     7.02004E-01    1.39840E+00    6.25678E-01    2.01572E-01    8.89171E-01   -2.99529E-01    6.01952E-01    1.58412E-01   -3.84672E-01    6.96681E-02   -2.04425E-01    8.31865E-02   -2.20940E-01    8.21735E-02   -2.18982E-02
     7.05004E-01    1.38989E+00    6.21438E-01    2.04229E-01    8.81632E-01   -2.97718E-01    6.05098E-01    1.57262E-01   -3.81759E-01    6.90553E-02   -2.04118E-01    8.25272E-02   -2.18593E-01    8.21058E-02   -2.31916E-02
     7.08004E-01    1.38145E+00    6.17185E-01    2.06862E-01    8.74091E-01   -2.95898E-01    6.08155E-01    1.56121E-01   -3.78843E-01    6.84434E-02   -2.03786E-01    8.18749E-02   -2.16258E-01    8.20344E-02   -2.44639E-02
     7.11004E-01    1.37308E+00    6.12920E-01    2.09473E-01    8.66548E-01   -2.94069E-01    6.11123E-01    1.54989E-01   -3.75924E-01    6.78326E-02   -2.03430E-01    8.12296E-02   -2.13933E-01    8.19591E-02   -2.57152E-02
     7.14004E-01    1.36476E+00    6.08641E-01    2.12061E-01    8.59006E-01   -2.92231E-01    6.14003E-01    1.53866E-01   -3.73001E-01    6.72229E-02   -2.03051E-01    8.05913E-02   -2.11619E-01    8.18801E-02   -2.69454E-02
     7.17004E-01    1.35651E+00    6.04352E-01    2.14627E-01    8.51465E-01   -2.90385E-01    6.16796E-01    1.52751E-01   -3.70076E-01    6.66143E-02   -2.02649E-01    7.99599E-02   -2.09317E-01    8.17974E-02   -2.81544E-02
     7.20004E-01    1.34833E+00    6.00051E-01    2.17170E-01    8.43927E-01   -2.88531E-01    6.19502E-01    1.51645E-01   -3.67149E-01    6.60070E-02   -2.02225E-01    7.93354E-02   -2.07027E-01    8.17112E-02   -2.93423E-02
     7.23004E-01    1.34020E+00    5.95740E-01    2.19691E-01    8.36392E-01   -2.86668E-01    6.22122E-01    1.50548E-01   -3.64220E-01    6.54010E-02   -2.01779E-01    7.87178E-02   -2.04748E-01    8.16214E-02   -3.05090E-02
     7.26004E-01    1.33214E+00    5.91418E-01    2.22189E-01    8.28862E-01   -2.84798E-01    6.24656E-01    1.49460E-01   -3.61289E-01    6.47964E-02   -2.01312E-01    7.81069E-02   -2.02482E-01    8.15281E-02   -3.16545E-02
     7.29004E-01    1.32415E+00    5.87088E-01    2.24664E-01    8.21338E-01   -2.82921E-01    6.27106E-01    1.48380E-01   -3.58358E-01    6.41932E-02   -2.00824E-01    7.75029E-02   -2.00228E-01    8.14315E-02   -3.27787E-02
     7.32004E-01    1.31622E+00    5.82748E-01    2.27117E-01    8.13821E-01   -2.81036E-01    6.29472E-01    1.47310E-01   -3.55426E-01    6.35915E-02   -2.00315E-01    7.69056E-02   -1.97986E-01    8.13315E-02   -3.38817E-02
     7.35004E-01    1.30835E+00    5.78401E-01    2.29547E-01    8.06312E-01   -2.79144E-01    6.31755E-01    1.46248E-01   -3.52494E-01    6.29913E-02   -1.99787E-01    7.63150E-02   -1.95757E-01    8.12282E-02   -3.49634E-02
     7.38004E-01    1.30054E+00    5.74046E-01    2.31954E-01    7.98812E-01   -2.77245E-01    6.33956E-01    1.45195E-01   -3.49561E-01    6.23928E-02   -1.99240E-01    7.57310E-02   -1.93540E-01    8.11217E-02   -3.60239E-02
     7.41004E-01    1.29280E+00    5.69684E-01    2.34340E-01    7.91322E-01   -2.75340E-01    6.36075E-01    1.44151E-01   -3.46630E-01    6.17959E-02   -1.98673E-01    7.51537E-02   -1.91337E-01    8.10121E-02   -3.70631E-02
     7.44004E-01    1.28513E+00    5.65315E-01    2.36702E-01    7.83843E-01   -2.73429E-01    6.38114E-01    1.43115E-01   -3.43699E-01    6.12008E-02   -1.98089E-01    7.45830E-02   -1.89146E-01    8.08994E-02   -3.80811E-02
     7.47004E-01    1.27751E+00    5.60940E-01    2.39043E-01    7.76377E-01   -2.71512E-01    6.40073E-01    1.42088E-01   -3.40769E-01    6.06074E-02   -1.97486E-01    7.40188E-02   -1.86968E-01    8.07836E-02   -3.90779E-02
     7.50004E-01    1.26996E+00    5.56560E-01    2.41361E-01    7.68923E-01   -2.69589E-01    6.41953E-01    1.41070E-01   -3.37841E-01    6.00159E-02   -1.96866E-01    7.34612E-02   -1.84804E-01    8.06649E-02   -4.00535E-02
     7.53004E-01    1.26248E+00    5.52175E-01    2.43656E-01    7.61484E-01   -2.67660E-01    6.43754E-01    1.40061E-01   -3.34915E-01    5.94262E-02   -1.96230E-01    7.29100E-02   -1.82653E-01    8.05433E-02   -4.10080E-02
     7.56004E-01    1.25506E+00    5.47786E-01    2.45929E-01    7.54059E-01   -2.65726E-01    6.45478E-01    1.39061E-01   -3.31991E-01    5.88385E-02   -1.95577E-01    7.23653E-02   -1.80516E-01    8.04189E-02   -4.19413E-02
     7.59004E-01    1.24770E+00    5.43393E-01    2.48180E-01    7.46650E-01   -2.63787E-01    6.47126E-01    1.38069E-01   -3.29069E-01    5.82528E-02   -1.94908E-01    7.18269E-02   -1.78392E-01    8.02917E-02   -4.28536E-02
     7.62004E-01    1.24041E+00    5.38996E-01    2.50409E-01    7.39258E-01   -2.61844E-01    6.48698E-01    1.37087E-01   -3.26150E-01    5.76691E-02   -1.94224E-01    7.12949E-02   -1.76282E-01    8.01618E-02   -4.37448E-02
     7.65004E-01    1.23318E+00    5.34596E-01    2.52616E-01    7.31884E-01   -2.59895E-01    6.50195E-01    1.36112E-01   -3.23234E-01    5.70875E-02   -1.93524E-01    7.07692E-02   -1.74186E-01    8.00293E-02   -4.46150E-02
     7.68004E-01    1.22601E+00    5.30194E-01    2.54801E-01    7.24528E-01   -2.57942E-01    6.51618E-01    1.35147E-01   -3.20322E-01    5.65080E-02   -1.92811E-01    7.02498E-02   -1.72103E-01    7.98942E-02   -4.54642E-02
     7.71004E-01    1.21891E+00    5.25790E-01    2.56963E-01    7.17192E-01   -2.55986E-01    6.52967E-01    1.34191E-01   -3.17413E-01    5.59306E-02   -1.92083E-01    6.97366E-02   -1.70035E-01    7.97565E-02   -4.62925E-02
     7.74004E-01    1.21187E+00    5.21384E-01    2.59104E-01    7.09876E-01   -2.54025E-01    6.54245E-01    1.33243E-01   -3.14508E-01    5.53555E-02   -1.91341E-01    6.92296E-02   -1.67981E-01    7.96164E-02   -4.71000E-02
     7.77004E-01    1.20490E+00    5.16978E-01    2.61222E-01    7.02581E-01   -2.52060E-01    6.55451E-01    1.32304E-01   -3.11608E-01    5.47826E-02   -1.90587E-01    6.87287E-02   -1.65940E-01    7.94739E-02   -4.78868E-02
     7.80003E-01    1.19799E+00    5.12571E-01    2.63319E-01    6.95307E-01   -2.50092E-01    6.56587E-01    1.31373E-01   -3.08712E-01    5.42120E-02   -1.89819E-01    6.82339E-02   -1.63914E-01    7.93291E-02   -4.86528E-02
     7.83003E-01    1.19114E+00    5.08164E-01    2.65394E-01    6.88056E-01   -2.48121E-01    6.57653E-01    1.30451E-01   -3.05821E-01    5.36437E-02   -1.89040E-01    6.77452E-02   -1.61903E-01    7.91820E-02   -4.93981E-02
     7.86003E-01    1.18436E+00    5.03757E-01    2.67448E-01    6.80828E-01   -2.46146E-01    6.58650E-01    1.29538E-01   -3.02935E-01    5.30778E-02   -1.88248E-01    6.72625E-02   -1.59905E-01    7.90328E-02   -5.01230E-02
     7.89003E-01    1.17763E+00    4.99350E-01    2.69479E-01    6.73624E-01   -2.44169E-01    6.59579E-01    1.28634E-01   -3.00055E-01    5.25143E-02   -1.87445E-01    6.67858E-02   -1.57922E-01    7.88813E-02   -5.08273E-02
     7.92003E-01    1.17098E+00    4.94945E-01    2.71489E-01    6.66445E-01   -2.42189E-01    6.60441E-01    1.27738E-01   -2.97180E-01    5.19531E-02   -1.86631E-01    6.63149E-02   -1.55953E-01    7.87278E-02   -5.15112E-02
     7.95003E-01    1.16438E+00    4.90542E-01    2.73478E-01    6.59291E-01   -2.40206E-01    6.61238E-01    1.26851E-01   -2.94310E-01    5.13945E-02   -1.85806E-01    6.58500E-02   -1.53999E-01    7.85723E-02   -5.21748E-02
     7.98003E-01    1.15785E+00    4.86141E-01    2.75445E-01    6.52163E-01   -2.38222E-01    6.61969E-01    1.25972E-01   -2.91447E-01    5.08383E-02   -1.84972E-01    6.53909E-02   -1.52059E-01    7.84148E-02   -5.28181E-02
     8.01003E-01    1.15138E+00    4.81742E-01    2.77391E-01    6.45061E-01   -2.36235E-01    6.62636E-01    1.25102E-01   -2.88591E-01    5.02847E-02   -1.84127E-01    6.49377E-02   -1.50134E-01    7.82554E-02   -5.34413E-02
     8.04003E-01    1.14498E+00    4.77346E-01    2.79315E-01    6.37987E-01   -2.34246E-01    6.63239E-01    1.24240E-01   -2.85740E-01    4.97336E-02   -1.83273E-01    6.44901E-02   -1.48223E-01    7.80942E-02   -5.40445E-02
     8.07003E-01    1.13863E+00    4.72953E-01    2.81219E-01    6.30941E-01   -2.32255E-01    6.63780E-01    1.23387E-01   -2.82897E-01    4.91851E-02   -1.82410E-01    6.40483E-02   -1.46327E-01    7.79312E-02   -5.46276E-02
     8.10003E-01    1.13235E+00    4.68563E-01    2.83101E-01    6.23923E-01   -2.30263E-01    6.64259E-01    1.22543E-01   -2.80060E-01    4.86391E-02   -1.81538E-01    6.36122E-02   -1.44445E-01    7.77664E-02   -5.51910E-02
     8.13003E-01    1.12614E+00    4.64178E-01    2.84962E-01    6.16933E-01   -2.28270E-01    6.64678E-01    1.21707E-01   -2.77231E-01    4.80959E-02   -1.80658E-01    6.31816E-02   -1.42578E-01    7.76000E-02   -5.57345E-02
     8.16003E-01    1.11998E+00    4.59797E-01    2.86803E-01    6.09974E-01   -2.26275E-01    6.65036E-01    1.20880E-01   -2.74409E-01    4.75552E-02   -1.79771E-01    6.27567E-02   -1.40726E-01    7.74320E-02   -5.62584E-02
     8.19003E-01    1.11389E+00    4.55420E-01    2.88622E-01    6.03044E-01   -2.24280E-01    6.65336E-01    1.20061E-01   -2.71595E-01    4.70172E-02   -1.78875E-01    6.23373E-02   -1.38888E-01    7.72625E-02   -5.67627E-02
     8.22003E-01    1.10785E+00    4.51049E-01    2.90421E-01    5.96145E-01   -2.22283E-01    6.65578E-01    1.19250E-01   -2.68789E-01    4.64820E-02   -1.77973E-01    6.19234E-02   -1.37064E-01    7.70915E-02   -5.72476E-02
     8.25003E-01    1.10188E+00    4.46683E-01    2.92199E-01    5.89276E-01   -2.20286E-01    6.65762E-01    1.18448E-01   -2.65990E-01    4.59494E-02   -1.77064E-01    6.15149E-02   -1.35256E-01    7.69190E-02   -5.77132E-02
     8.28003E-01    1.09598E+00    4.42323E-01    2.93957E-01    5.82439E-01   -2.18289E-01    6.65891E-01    1.17654E-01   -2.63200E-01    4.54196E-02   -1.76149E-01    6.11118E-02   -1.33462E-01    7.67452E-02   -5.81595E-02
     8.31003E-01    1.09013E+00    4.37969E-01    2.95694E-01    5.75634E-01   -2.16291E-01    6.65963E-01    1.16869E-01   -2.60418E-01    4.48925E-02   -1.75227E-01    6.07141E-02   -1.31682E-01    7.65701E-02   -5.85867E-02
     8.34003E-01    1.08434E+00    4.33621E-01    2.97410E-01    5.68861E-01   -2.14293E-01    6.65982E-01    1.16092E-01   -2.57645E-01    4.43683E-02   -1.74300E-01    6.03217E-02   -1.29917E-01    7.63937E-02   -5.89949E-02
     8.37003E-01    1.07862E+00    4.29280E-01    2.99107E-01    5.62121E-01   -2.12295E-01    6.65947E-01    1.15323E-01   -2.54880E-01    4.38468E-02   -1.73367E-01    5.99346E-02   -1.28167E-01    7.62162E-02   -5.93842E-02
     8.40003E-01    1.07296E+00    4.24946E-01    3.00783E-01    5.55414E-01   -2.10298E-01    6.65859E-01    1.14562E-01   -2.52124E-01    4.33281E-02   -1.72430E-01    5.95527E-02   -1.26431E-01    7.60374E-02   -5.97547E-02
     8.43003E-01    1.06735E+00    4.20619E-01    3.02439E-01    5.48741E-01   -2.08300E-01    6.65719E-01    1.13810E-01   -2.49377E-01    4.28122E-02   -1.71488E-01    5.91760E-02   -1.24710E-01    7.58577E-02   -6.01066E-02
     8.46003E-01    1.06181E+00    4.16300E-01    3.04076E-01    5.42101E-01   -2.06303E-01    6.65528E-01    1.13066E-01   -2.46640E-01    4.22992E-02   -1.70541E-01    5.88044E-02   -1.23003E-01    7.56768E-02   -6.04400E-02
     8.49003E-01    1.05633E+00    4.11988E-01    3.05692E-01    5.35495E-01   -2.04307E-01    6.65287E-01    1.12330E-01   -2.43911E-01    4.17890E-02   -1.69590E-01    5.84380E-02   -1.21311E-01    7.54950E-02   -6.07549E-02
     8.52003E-01    1.05091E+00    4.07685E-01    3.07288E-01    5.28924E-01   -2.02312E-01    6.64996E-01    1.11603E-01   -2.41192E-01    4.12816E-02   -1.68636E-01    5.80766E-02   -1.19633E-01    7.53123E-02   -6.10516E-02
     8.55003E-01    1.04555E+00    4.03391E-01    3.08865E-01    5.22387E-01   -2.00317E-01    6.64657E-01    1.10883E-01   -2.38483E-01    4.07772E-02   -1.67678E-01    5.77202E-02   -1.17969E-01    7.51287E-02   -6.13301E-02
     8.58003E-01    1.04025E+00    3.99105E-01    3.10423E-01    5.15886E-01   -1.98324E-01    6.64271E-01    1.10172E-01   -2.35784E-01    4.02756E-02   -1.66717E-01    5.73687E-02   -1.16319E-01    7.49444E-02   -6.15906E-02
     8.61003E-01    1.03500E+00    3.94828E-01    3.11961E-01    5.09420E-01   -1.96332E-01    6.63838E-01    1.09468E-01   -2.33094E-01    3.97769E-02   -1.65753E-01    5.70222E-02   -1.14684E-01    7.47592E-02   -6.18331E-02
     8.64003E-01    1.02982E+00    3.90561E-01    3.13479E-01    5.02989E-01   -1.94341E-01    6.63358E-01    1.08773E-01   -2.30414E-01    3.92811E-02   -1.64787E-01    5.66806E-02   -1.13064E-01    7.45734E-02   -6.20579E-02
     8.67003E-01    1.02470E+00    3.86303E-01    3.14979E-01    4.96595E-01   -1.92352E-01    6.62834E-01    1.08086E-01   -2.27745E-01    3.87882E-02   -1.63819E-01    5.63439E-02   -1.11457E-01    7.43869E-02   -6.22650E-02
     8.70003E-01    1.01964E+00    3.82054E-01    3.16459E-01    4.90236E-01   -1.90364E-01    6.62265E-01    1.07407E-01   -2.25085E-01    3.82982E-02   -1.62848E-01    5.60119E-02   -1.09864E-01    7.41998E-02   -6.24546E-02
     8.73003E-01    1.01463E+00    3.77816E-01    3.17920E-01    4.83914E-01   -1.88378E-01    6.61653E-01    1.06735E-01   -2.22436E-01    3.78111E-02   -1.61876E-01    5.56847E-02   -1.08286E-01    7.40122E-02   -6.26268E-02
     8.76003E-01    1.00968E+00    3.73588E-01    3.19362E-01    4.77628E-01   -1.86394E-01    6.60998E-01    1.06072E-01   -2.19798E-01    3.73269E-02   -1.60903E-01    5.53622E-02   -1.06721E-01    7.38241E-02   -6.27817E-02
     8.79003E-01    1.00480E+00    3.69370E-01    3.20786E-01    4.71378E-01   -1.84412E-01    6.60302E-01    1.05417E-01   -2.17170E-01    3.68457E-02   -1.59928E-01    5.50443E-02   -1.05171E-01    7.36355E-02   -6.29195E-02
     8.82003E-01    9.99967E-01    3.65164E-01    3.22191E-01    4.65166E-01   -1.82432E-01    6.59564E-01    1.04769E-01   -2.14552E-01    3.63673E-02   -1.58953E-01    5.47311E-02   -1.03634E-01    7.34466E-02   -6.30402E-02
     8.85003E-01    9.95195E-01    3.60968E-01    3.23577E-01    4.58990E-01   -1.80455E-01    6.58786E-01    1.04129E-01   -2.11945E-01    3.58920E-02   -1.57977E-01    5.44225E-02   -1.02111E-01    7.32573E-02   -6.31441E-02
     8.88003E-01    9.90481E-01    3.56783E-01    3.24945E-01    4.52852E-01   -1.78480E-01    6.57968E-01    1.03497E-01   -2.09349E-01    3.54195E-02   -1.57000E-01    5.41184E-02   -1.00602E-01    7.30677E-02   -6.32312E-02
     8.91003E-01    9.85824E-01    3.52609E-01    3.26294E-01    4.46751E-01   -1.76507E-01    6.57112E-01    1.02873E-01   -2.06764E-01    3.49500E-02   -1.56024E-01    5.38189E-02   -9.91069E-02    7.28779E-02   -6.33016E-02
     8.94003E-01    9.81225E-01    3.48447E-01    3.27625E-01    4.40687E-01   -1.74537E-01    6.56218E-01    1.02257E-01   -2.04190E-01    3.44834E-02   -1.55047E-01    5.35238E-02   -9.76251E-02    7.26879E-02   -6.33556E-02
     8.97003E-01    9.76683E-01    3.44297E-01    3.28938E-01    4.34660E-01   -1.72570E-01    6.55286E-01    1.01648E-01   -2.01627E-01    3.40197E-02   -1.54071E-01    5.32331E-02   -9.61568E-02    7.24978E-02   -6.33932E-02
     9.00002E-01    9.72197E-01    3.40159E-01    3.30233E-01    4.28672E-01   -1.70606E-01    6.54318E-01    1.01047E-01   -1.99075E-01    3.35589E-02   -1.53096E-01    5.29468E-02   -9.47020E-02    7.23076E-02   -6.34145E-02
     9.03002E-01    9.67768E-01    3.36032E-01    3.31510E-01    4.22720E-01   -1.68644E-01    6.53314E-01    1.00454E-01   -1.96535E-01    3.31011E-02   -1.52121E-01    5.26649E-02   -9.32606E-02    7.21173E-02   -6.34198E-02
     9.06002E-01    9.63396E-01    3.31918E-01    3.32769E-01    4.16807E-01   -1.66686E-01    6.52275E-01    9.98679E-02   -1.94005E-01    3.26462E-02   -1.51147E-01    5.23873E-02   -9.18325E-02    7.19271E-02   -6.34090E-02
     9.09002E-01    9.59080E-01    3.27817E-01    3.34011E-01    4.10931E-01   -1.64731E-01    6.51202E-01    9.92897E-02   -1.91487E-01    3.21942E-02   -1.50175E-01    5.21139E-02   -9.04175E-02    7.17369E-02   -6.33824E-02
     9.12002E-01    9.54819E-01    3.23728E-01    3.35235E-01    4.05092E-01   -1.62779E-01    6.50095E-01    9.87190E-02   -1.88980E-01    3.17452E-02   -1.49204E-01    5.18448E-02   -8.90157E-02    7.15468E-02   -6.33400E-02
     9.15002E-01    9.50614E-01    3.19652E-01    3.36442E-01    3.99292E-01   -1.60830E-01    6.48956E-01    9.81558E-02   -1.86485E-01    3.12990E-02   -1.48235E-01    5.15798E-02   -8.76270E-02    7.13569E-02   -6.32821E-02
     9.18002E-01    9.46465E-01    3.15588E-01    3.37631E-01    3.93529E-01   -1.58885E-01    6.47784E-01    9.76001E-02   -1.84001E-01    3.08558E-02   -1.47268E-01    5.13190E-02   -8.62512E-02    7.11672E-02   -6.32086E-02
     9.21002E-01    9.42370E-01    3.11538E-01    3.38803E-01    3.87804E-01   -1.56943E-01    6.46580E-01    9.70518E-02   -1.81528E-01    3.04154E-02   -1.46303E-01    5.10623E-02   -8.48883E-02    7.09777E-02   -6.31198E-02
     9.24002E-01    9.38331E-01    3.07501E-01    3.39958E-01    3.82117E-01   -1.55006E-01    6.45346E-01    9.65109E-02   -1.79067E-01    2.99780E-02   -1.45340E-01    5.08097E-02   -8.35381E-02    7.07885E-02   -6.30158E-02
     9.27002E-01    9.34346E-01    3.03477E-01    3.41096E-01    3.76468E-01   -1.53071E-01    6.44082E-01    9.59774E-02   -1.76618E-01    2.95434E-02   -1.44380E-01    5.05610E-02   -8.22007E-02    7.05996E-02   -6.28967E-02
     9.30002E-01    9.30415E-01    2.99467E-01    3.42217E-01    3.70857E-01   -1.51141E-01    6.42788E-01    9.54512E-02   -1.74180E-01    2.91117E-02   -1.43422E-01    5.03164E-02   -8.08758E-02    7.04111E-02   -6.27625E-02
     9.33002E-01    9.26539E-01    2.95471E-01    3.43321E-01    3.65283E-01   -1.49215E-01    6.41465E-01    9.49323E-02   -1.71754E-01    2.86829E-02   -1.42468E-01    5.00758E-02   -7.95634E-02    7.02230E-02   -6.26135E-02
     9.36002E-01    9.22717E-01    2.91488E-01    3.44408E-01    3.59747E-01   -1.47292E-01    6.40114E-01    9.44206E-02   -1.69340E-01    2.82569E-02   -1.41516E-01    4.98391E-02   -7.82635E-02    7.00354E-02   -6.24498E-02
     9.39002E-01    9.18948E-01    2.87519E-01    3.45479E-01    3.54249E-01   -1.45374E-01    6.38736E-01    9.39162E-02   -1.66937E-01    2.78338E-02   -1.40567E-01    4.96062E-02   -7.69758E-02    6.98483E-02   -6.22714E-02
     9.42002E-01    9.15233E-01    2.83564E-01    3.46534E-01    3.48788E-01   -1.43460E-01    6.37331E-01    9.34190E-02   -1.64546E-01    2.74135E-02   -1.39622E-01    4.93772E-02   -7.57004E-02    6.96618E-02   -6.20786E-02
     9.45002E-01    9.11571E-01    2.79623E-01    3.47572E-01    3.43364E-01   -1.41550E-01    6.35899E-01    9.29290E-02   -1.62167E-01    2.69960E-02   -1.38681E-01    4.91520E-02   -7.44371E-02    6.94759E-02   -6.18713E-02
     9.48002E-01    9.07961E-01    2.75696E-01    3.48594E-01    3.37978E-01   -1.39645E-01    6.34441E-01    9.24460E-02   -1.59799E-01    2.65814E-02   -1.37743E-01    4.89306E-02   -7.31858E-02    6.92906E-02   -6.16498E-02
     9.51002E-01    9.04405E-01    2.71784E-01    3.49600E-01    3.32630E-01   -1.37744E-01    6.32959E-01    9.19702E-02   -1.57444E-01    2.61696E-02   -1.36809E-01    4.87129E-02   -7.19464E-02    6.91060E-02   -6.14141E-02
     9.54002E-01    9.00901E-01    2.67886E-01    3.50590E-01    3.27318E-01   -1.35847E-01    6.31452E-01    9.15013E-02   -1.55100E-01    2.57606E-02   -1.35879E-01    4.84989E-02   -7.07188E-02    6.89221E-02   -6.11644E-02
     9.57002E-01    8.97449E-01    2.64002E-01    3.51564E-01    3.22044E-01   -1.33955E-01    6.29921E-01    9.10396E-02   -1.52768E-01    2.53543E-02   -1.34953E-01    4.82885E-02   -6.95029E-02    6.87390E-02   -6.09007E-02
     9.60002E-01    8.94048E-01    2.60133E-01    3.52522E-01    3.16807E-01   -1.32068E-01    6.28366E-01    9.05847E-02   -1.50447E-01    2.49508E-02   -1.34032E-01    4.80818E-02   -6.82986E-02    6.85568E-02   -6.06232E-02
     9.63002E-01    8.90700E-01    2.56279E-01    3.53465E-01    3.11607E-01   -1.30185E-01    6.26789E-01    9.01369E-02   -1.48139E-01    2.45501E-02   -1.33115E-01    4.78787E-02   -6.71058E-02    6.83753E-02   -6.03320E-02
     9.66002E-01    8.87403E-01    2.52440E-01    3.54392E-01    3.06443E-01   -1.28307E-01    6.25190E-01    8.96959E-02   -1.45842E-01    2.41522E-02   -1.32202E-01    4.76792E-02   -6.59245E-02    6.81948E-02   -6.00272E-02
     9.69002E-01    8.84157E-01    2.48615E-01    3.55303E-01    3.01317E-01   -1.26434E-01    6.23568E-01    8.92618E-02   -1.43557E-01    2.37569E-02   -1.31295E-01    4.74832E-02   -6.47544E-02    6.80152E-02   -5.97089E-02
     9.72002E-01    8.80962E-01    2.44805E-01    3.56200E-01    2.96226E-01   -1.24565E-01    6.21926E-01    8.88345E-02   -1.41284E-01    2.33644E-02   -1.30392E-01    4.72907E-02   -6.35955E-02    6.78365E-02   -5.93772E-02
     9.75002E-01    8.77817E-01    2.41010E-01    3.57081E-01    2.91173E-01   -1.22702E-01    6.20263E-01    8.84141E-02   -1.39023E-01    2.29746E-02   -1.29494E-01    4.71016E-02   -6.24477E-02    6.76589E-02   -5.90322E-02
     9.78002E-01    8.74723E-01    2.37230E-01    3.57947E-01    2.86155E-01   -1.20844E-01    6.18579E-01    8.80004E-02   -1.36773E-01    2.25874E-02   -1.28601E-01    4.69160E-02   -6.13108E-02    6.74824E-02   -5.86740E-02
     9.81002E-01    8.71679E-01    2.33466E-01    3.58798E-01    2.81173E-01   -1.18991E-01    6.16876E-01    8.75935E-02   -1.34535E-01    2.22030E-02   -1.27714E-01    4.67337E-02   -6.01849E-02    6.73069E-02   -5.83028E-02
     9.84002E-01    8.68685E-01    2.29716E-01    3.59634E-01    2.76228E-01   -1.17143E-01    6.15154E-01    8.71932E-02   -1.32309E-01    2.18211E-02   -1.26832E-01    4.65549E-02   -5.90696E-02    6.71326E-02   -5.79185E-02
     9.87002E-01    8.65740E-01    2.25982E-01    3.60455E-01    2.71318E-01   -1.15300E-01    6.13413E-01    8.67996E-02   -1.30095E-01    2.14420E-02   -1.25955E-01    4.63793E-02   -5.79651E-02    6.69594E-02   -5.75214E-02
     9.90002E-01    8.62845E-01    2.22263E-01    3.61262E-01    2.66443E-01   -1.13462E-01    6.11654E-01    8.64126E-02   -1.27892E-01    2.10654E-02   -1.25084E-01    4.62071E-02   -5.68710E-02    6.67874E-02   -5.71114E-02
     9.93002E-01    8.59999E-01    2.18559E-01    3.62054E-01    2.61604E-01   -1.11630E-01    6.09878E-01    8.60322E-02   -1.25701E-01    2.06915E-02   -1.24219E-01    4.60381E-02   -5.57874E-02    6.66167E-02   -5.66888E-02
     9.96002E-01    8.57201E-01    2.14871E-01    3.62831E-01    2.56801E-01   -1.09803E-01    6.08084E-01    8.56584E-02   -1.23522E-01    2.03201E-02   -1.23359E-01    4.58723E-02   -5.47142E-02    6.64473E-02   -5.62535E-02
     9.99002E-01    8.54453E-01    2.11198E-01    3.63595E-01    2.52032E-01   -1.07982E-01    6.06273E-01    8.52911E-02   -1.21354E-01    1.99513E-02   -1.22506E-01    4.57098E-02   -5.36511E-02    6.62792E-02   -5.58057E-02
     1.00200E+00    8.51752E-01    2.07540E-01    3.64344E-01    2.47298E-01   -1.06166E-01    6.04446E-01    8.49303E-02   -1.19198E-01    1.95851E-02   -1.21658E-01    4.55504E-02   -5.25981E-02    6.61125E-02   -5.53455E-02
     1.00500E+00    8.49100E-01    2.03898E-01    3.65078E-01    2.42599E-01   -1.04355E-01    6.02603E-01    8.45759E-02   -1.17053E-01    1.92214E-02   -1.20816E-01    4.53942E-02   -5.15552E-02    6.59472E-02   -5.48729E-02
     1.00800E+00    8.46496E-01    2.00271E-01    3.65799E-01    2.37934E-01   -1.02550E-01    6.00744E-01    8.42280E-02   -1.14920E-01    1.88602E-02   -1.19981E-01    4.52411E-02   -5.05221E-02    6.57833E-02   -5.43881E-02
     1.01100E+00    8.43939E-01    1.96660E-01    3.66506E-01    2.33304E-01   -1.00751E-01    5.98870E-01    8.38864E-02   -1.12799E-01    1.85015E-02   -1.19152E-01    4.50910E-02   -4.94987E-02    6.56209E-02   -5.38910E-02
     1.01400E+00    8.41429E-01    1.93065E-01    3.67199E-01    2.28707E-01   -9.89568E-02    5.96982E-01    8.35512E-02   -1.10689E-01    1.81453E-02   -1.18329E-01    4.49441E-02   -4.84851E-02    6.54600E-02   -5.33819E-02
     1.01700E+00    8.38967E-01    1.89485E-01    3.67878E-01    2.24144E-01   -9.71687E-02    5.95079E-01    8.32222E-02   -1.08590E-01    1.77915E-02   -1.17512E-01    4.48001E-02   -4.74810E-02    6.53006E-02   -5.28608E-02
     1.02000E+00    8.36552E-01    1.85920E-01    3.68544E-01    2.19615E-01   -9.53863E-02    5.93162E-01    8.28996E-02   -1.06503E-01    1.74402E-02   -1.16702E-01    4.46592E-02   -4.64863E-02    6.51428E-02   -5.23276E-02
     1.02300E+00    8.34183E-01    1.82372E-01    3.69196E-01    2.15119E-01   -9.36098E-02    5.91232E-01    8.25832E-02   -1.04427E-01    1.70913E-02   -1.15899E-01    4.45212E-02   -4.55010E-02    6.49866E-02   -5.17826E-02
     1.02600E+00    8.31860E-01    1.78839E-01    3.69835E-01    2.10657E-01   -9.18390E-02    5.89289E-01    8.22730E-02   -1.02362E-01    1.67448E-02   -1.15102E-01    4.43862E-02   -4.45248E-02    6.48321E-02   -5.12258E-02
     1.02900E+00    8.29583E-01    1.75321E-01    3.70460E-01    2.06227E-01   -9.00741E-02    5.87333E-01    8.19690E-02   -1.00309E-01    1.64007E-02   -1.14312E-01    4.42540E-02   -4.35578E-02    6.46793E-02   -5.06573E-02
     1.03200E+00    8.27353E-01    1.71819E-01    3.71072E-01    2.01830E-01   -8.83150E-02    5.85364E-01    8.16712E-02   -9.82667E-02    1.60589E-02   -1.13529E-01    4.41248E-02   -4.25998E-02    6.45282E-02   -5.00771E-02
     1.03500E+00    8.25168E-01    1.68333E-01    3.71671E-01    1.97465E-01   -8.65619E-02    5.83384E-01    8.13794E-02   -9.62357E-02    1.57195E-02   -1.12753E-01    4.39984E-02   -4.16506E-02    6.43789E-02   -4.94853E-02
     1.03800E+00    8.23028E-01    1.64862E-01    3.72257E-01    1.93133E-01   -8.48148E-02    5.81391E-01    8.10938E-02   -9.42159E-02    1.53824E-02   -1.11983E-01    4.38749E-02   -4.07103E-02    6.42313E-02   -4.88819E-02
     1.04100E+00    8.20934E-01    1.61408E-01    3.72830E-01    1.88833E-01   -8.30736E-02    5.79388E-01    8.08141E-02   -9.22072E-02    1.50476E-02   -1.11221E-01    4.37542E-02   -3.97786E-02    6.40856E-02   -4.82671E-02
     1.04400E+00    8.18884E-01    1.57968E-01    3.73390E-01    1.84564E-01   -8.13385E-02    5.77373E-01    8.05405E-02   -9.02095E-02    1.47151E-02   -1.10466E-01    4.36362E-02   -3.88554E-02    6.39417E-02   -4.76408E-02
     1.04700E+00    8.16879E-01    1.54545E-01    3.73937E-01    1.80327E-01   -7.96094E-02    5.75347E-01    8.02729E-02   -8.82227E-02    1.43848E-02   -1.09717E-01    4.35210E-02   -3.79407E-02    6.37997E-02   -4.70032E-02
     1.05000E+00    8.14918E-01    1.51137E-01    3.74472E-01    1.76121E-01   -7.78864E-02    5.73312E-01    8.00112E-02   -8.62469E-02    1.40568E-02   -1.08976E-01    4.34086E-02   -3.70343E-02    6.36597E-02   -4.63543E-02
     1.05300E+00    8.13002E-01    1.47744E-01    3.74994E-01    1.71946E-01   -7.61696E-02    5.71265E-01    7.97554E-02   -8.42820E-02    1.37309E-02   -1.08242E-01    4.32988E-02   -3.61362E-02    6.35216E-02   -4.56941E-02
     1.05600E+00    8.11130E-01    1.44368E-01    3.75504E-01    1.67802E-01   -7.44589E-02    5.69209E-01    7.95055E-02   -8.23279E-02    1.34073E-02   -1.07516E-01    4.31918E-02   -3.52461E-02    6.33856E-02   -4.50227E-02
     1.05900E+00    8.09301E-01    1.41007E-01    3.76001E-01    1.63689E-01   -7.27544E-02    5.67144E-01    7.92614E-02   -8.03845E-02    1.30858E-02   -1.06796E-01    4.30873E-02   -3.43641E-02    6.32515E-02   -4.43401E-02
     1.06200E+00    8.07516E-01    1.37661E-01    3.76486E-01    1.59606E-01   -7.10561E-02    5.65069E-01    7.90232E-02   -7.84519E-02    1.27665E-02   -1.06085E-01    4.29856E-02   -3.34899E-02    6.31195E-02   -4.36464E-02
     1.06500E+00    8.05773E-01    1.34331E-01    3.76958E-01    1.55553E-01   -6.93640E-02    5.62985E-01    7.87907E-02   -7.65298E-02    1.24493E-02   -1.05380E-01    4.28864E-02   -3.26236E-02    6.29896E-02   -4.29417E-02
     1.06800E+00    8.04074E-01    1.31017E-01    3.77419E-01    1.51529E-01   -6.76782E-02    5.60893E-01    7.85640E-02   -7.46184E-02    1.21342E-02   -1.04683E-01    4.27898E-02   -3.17649E-02    6.28619E-02   -4.22259E-02
     1.07100E+00    8.02418E-01    1.27718E-01    3.77868E-01    1.47535E-01   -6.59987E-02    5.58792E-01    7.83430E-02   -7.27175E-02    1.18212E-02   -1.03993E-01    4.26958E-02   -3.09138E-02    6.27363E-02   -4.14991E-02
     1.07400E+00    8.00804E-01    1.24435E-01    3.78304E-01    1.43570E-01   -6.43255E-02    5.56683E-01    7.81277E-02   -7.08271E-02    1.15103E-02   -1.03311E-01    4.26043E-02   -3.00701E-02    6.26129E-02   -4.07614E-02
     1.07700E+00    7.99233E-01    1.21167E-01    3.78729E-01    1.39635E-01   -6.26586E-02    5.54565E-01    7.79180E-02   -6.89470E-02    1.12014E-02   -1.02636E-01    4.25154E-02   -2.92338E-02    6.24917E-02   -4.00127E-02
     1.08000E+00    7.97703E-01    1.17914E-01    3.79142E-01    1.35728E-01   -6.09981E-02    5.52440E-01    7.77140E-02   -6.70773E-02    1.08945E-02   -1.01969E-01    4.24289E-02   -2.84048E-02    6.23728E-02   -3.92532E-02
     1.08300E+00    7.96216E-01    1.14678E-01    3.79543E-01    1.31849E-01   -5.93440E-02    5.50308E-01    7.75155E-02   -6.52179E-02    1.05895E-02   -1.01310E-01    4.23449E-02   -2.75829E-02    6.22562E-02   -3.84828E-02
     1.08600E+00    7.94770E-01    1.11456E-01    3.79933E-01    1.27999E-01   -5.76963E-02    5.48168E-01    7.73227E-02   -6.33687E-02    1.02866E-02   -1.00658E-01    4.22634E-02   -2.67680E-02    6.21420E-02   -3.77015E-02
     1.08900E+00    7.93365E-01    1.08250E-01    3.80311E-01    1.24177E-01   -5.60550E-02    5.46021E-01    7.71353E-02   -6.15297E-02    9.98559E-03   -1.00014E-01    4.21843E-02   -2.59600E-02    6.20300E-02   -3.69095E-02
     1.09200E+00    7.92002E-01    1.05059E-01    3.80678E-01    1.20382E-01   -5.44202E-02    5.43867E-01    7.69535E-02   -5.97007E-02    9.68651E-03   -9.93777E-02    4.21076E-02   -2.51589E-02    6.19205E-02   -3.61066E-02
     1.09500E+00    7.90680E-01    1.01883E-01    3.81034E-01    1.16615E-01   -5.27919E-02    5.41707E-01    7.67771E-02   -5.78818E-02    9.38932E-03   -9.87490E-02    4.20334E-02   -2.43644E-02    6.18134E-02   -3.52930E-02
     1.09800E+00    7.89398E-01    9.87231E-02    3.81378E-01    1.12875E-01   -5.11700E-02    5.39540E-01    7.66062E-02   -5.60728E-02    9.09401E-03   -9.81281E-02    4.19615E-02   -2.35766E-02    6.17088E-02   -3.44686E-02
     1.10100E+00    7.88157E-01    9.55780E-02    3.81711E-01    1.09162E-01   -4.95546E-02    5.37366E-01    7.64407E-02   -5.42737E-02    8.80055E-03   -9.75149E-02    4.18919E-02   -2.27953E-02    6.16066E-02   -3.36335E-02
     1.10400E+00    7.86956E-01    9.24481E-02    3.82033E-01    1.05475E-01   -4.79458E-02    5.35187E-01    7.62805E-02   -5.24844E-02    8.50892E-03   -9.69096E-02    4.18247E-02   -2.20204E-02    6.15070E-02   -3.27876E-02
     1.10700E+00    7.85795E-01    8.93334E-02    3.82344E-01    1.01815E-01   -4.63436E-02    5.33002E-01    7.61257E-02   -5.07049E-02    8.21909E-03   -9.63120E-02    4.17598E-02   -2.12517E-02    6.14099E-02   -3.19310E-02
     1.11000E+00    7.84674E-01    8.62338E-02    3.82644E-01    9.81809E-02   -4.47479E-02    5.30811E-01    7.59763E-02   -4.89351E-02    7.93104E-03   -9.57223E-02    4.16972E-02   -2.04893E-02    6.13154E-02   -3.10638E-02
     1.11300E+00    7.83593E-01    8.31492E-02    3.82933E-01    9.45727E-02   -4.31587E-02    5.28614E-01    7.58321E-02   -4.71749E-02    7.64475E-03   -9.51405E-02    4.16368E-02   -1.97330E-02    6.12235E-02   -3.01858E-02
     1.11600E+00    7.82551E-01    8.00796E-02    3.83211E-01    9.09901E-02   -4.15762E-02    5.26412E-01    7.56932E-02   -4.54242E-02    7.36020E-03   -9.45665E-02    4.15788E-02   -1.89826E-02    6.11343E-02   -2.92971E-02
     1.11900E+00    7.81549E-01    7.70250E-02    3.83479E-01    8.74328E-02   -4.00003E-02    5.24204E-01    7.55596E-02   -4.36830E-02    7.07735E-03   -9.40004E-02    4.15229E-02   -1.82381E-02    6.10478E-02   -2.83977E-02
     1.12200E+00    7.80585E-01    7.39853E-02    3.83736E-01    8.39005E-02   -3.84310E-02    5.21992E-01    7.54311E-02   -4.19513E-02    6.79619E-03   -9.34422E-02    4.14693E-02   -1.74994E-02    6.09639E-02   -2.74876E-02
     1.12500E+00    7.79661E-01    7.09605E-02    3.83982E-01    8.03931E-02   -3.68684E-02    5.19774E-01    7.53079E-02   -4.02288E-02    6.51670E-03   -9.28919E-02    4.14179E-02   -1.67664E-02    6.08829E-02   -2.65668E-02
     1.12800E+00    7.78775E-01    6.79505E-02    3.84218E-01    7.69102E-02   -3.53124E-02    5.17551E-01    7.51897E-02   -3.85157E-02    6.23884E-03   -9.23495E-02    4.13687E-02   -1.60389E-02    6.08045E-02   -2.56353E-02
     1.13100E+00    7.77927E-01    6.49553E-02    3.84444E-01    7.34515E-02   -3.37631E-02    5.15324E-01    7.50768E-02   -3.68117E-02    5.96260E-03   -9.18150E-02    4.13217E-02   -1.53170E-02    6.07291E-02   -2.46930E-02
     1.13400E+00    7.77118E-01    6.19748E-02    3.84659E-01    7.00168E-02   -3.22205E-02    5.13092E-01    7.49689E-02   -3.51169E-02    5.68794E-03   -9.12884E-02    4.12768E-02   -1.46004E-02    6.06564E-02   -2.37400E-02
     1.13700E+00    7.76346E-01    5.90089E-02    3.84864E-01    6.66059E-02   -3.06846E-02    5.10856E-01    7.48660E-02   -3.34312E-02    5.41486E-03   -9.07698E-02    4.12341E-02   -1.38891E-02    6.05866E-02   -2.27763E-02
     1.14000E+00    7.75613E-01    5.60577E-02    3.85059E-01    6.32184E-02   -2.91554E-02    5.08615E-01    7.47683E-02   -3.17544E-02    5.14332E-03   -9.02591E-02    4.11935E-02   -1.31830E-02    6.05198E-02   -2.18018E-02
     1.14300E+00    7.74917E-01    5.31210E-02    3.85243E-01    5.98541E-02   -2.76329E-02    5.06370E-01    7.46755E-02   -3.00866E-02    4.87330E-03   -8.97564E-02    4.11550E-02   -1.24819E-02    6.04558E-02   -2.08165E-02
     1.14600E+00    7.74258E-01    5.01989E-02    3.85418E-01    5.65128E-02   -2.61172E-02    5.04121E-01    7.45877E-02   -2.84276E-02    4.60478E-03   -8.92617E-02    4.11186E-02   -1.17858E-02    6.03949E-02   -1.98203E-02
     1.14900E+00    7.73637E-01    4.72911E-02    3.85582E-01    5.31942E-02   -2.46082E-02    5.01867E-01    7.45049E-02   -2.67774E-02    4.33773E-03   -8.87749E-02    4.10843E-02   -1.10947E-02    6.03369E-02   -1.88134E-02
     1.15200E+00    7.73052E-01    4.43978E-02    3.85737E-01    4.98980E-02   -2.31060E-02    4.99610E-01    7.44271E-02   -2.51359E-02    4.07213E-03   -8.82960E-02    4.10520E-02   -1.04083E-02    6.02820E-02   -1.77955E-02
     1.15500E+00    7.72505E-01    4.15188E-02    3.85882E-01    4.66240E-02   -2.16106E-02    4.97349E-01    7.43541E-02   -2.35031E-02    3.80795E-03   -8.78251E-02    4.10218E-02   -9.72658E-03    6.02302E-02   -1.67668E-02
     1.15800E+00    7.71994E-01    3.86540E-02    3.86017E-01    4.33718E-02   -2.01219E-02    4.95084E-01    7.42860E-02   -2.18788E-02    3.54517E-03   -8.73622E-02    4.09936E-02   -9.04948E-03    6.01814E-02   -1.57272E-02
     1.16100E+00    7.71520E-01    3.58035E-02    3.86142E-01    4.01414E-02   -1.86401E-02    4.92815E-01    7.42228E-02   -2.02630E-02    3.28377E-03   -8.69073E-02    4.09675E-02   -8.37688E-03    6.01358E-02   -1.46765E-02
     1.16400E+00    7.71081E-01    3.29671E-02    3.86258E-01    3.69323E-02   -1.71651E-02    4.90542E-01    7.41645E-02   -1.86557E-02    3.02373E-03   -8.64603E-02    4.09434E-02   -7.70869E-03    6.00934E-02   -1.36149E-02
     1.16700E+00    7.70679E-01    3.01448E-02    3.86364E-01    3.37444E-02   -1.56969E-02    4.88266E-01    7.41109E-02   -1.70567E-02    2.76501E-03   -8.60213E-02    4.09213E-02   -7.04480E-03    6.00541E-02   -1.25422E-02
     1.17000E+00    7.70313E-01    2.73366E-02    3.86460E-01    3.05773E-02   -1.42355E-02    4.85986E-01    7.40621E-02   -1.54660E-02    2.50759E-03   -8.55902E-02    4.09011E-02   -6.38514E-03    6.00181E-02   -1.14585E-02
     1.17300E+00    7.69983E-01    2.45423E-02    3.86547E-01    2.74309E-02   -1.27810E-02    4.83703E-01    7.40181E-02   -1.38836E-02    2.25146E-03   -8.51671E-02    4.08829E-02   -5.72959E-03    5.99854E-02   -1.03636E-02
     1.17600E+00    7.69688E-01    2.17619E-02    3.86625E-01    2.43049E-02   -1.13333E-02    4.81416E-01    7.39788E-02   -1.23093E-02    1.99659E-03   -8.47519E-02    4.08667E-02   -5.07808E-03    5.99560E-02   -9.25753E-03
     1.17900E+00    7.69428E-01    1.89954E-02    3.86693E-01    2.11990E-02   -9.89253E-03    4.79126E-01    7.39442E-02   -1.07430E-02    1.74295E-03   -8.43447E-02    4.08525E-02   -4.43050E-03    5.99299E-02   -8.14024E-03
     1.18200E+00    7.69204E-01    1.62426E-02    3.86752E-01    1.81129E-02   -8.45860E-03    4.76832E-01    7.39143E-02   -9.18483E-03    1.49052E-03   -8.39454E-02    4.08401E-02   -3.78677E-03    5.99071E-02   -7.01166E-03
     1.18500E+00    7.69014E-01    1.35035E-02    3.86802E-01    1.50465E-02   -7.03156E-03    4.74535E-01    7.38891E-02   -7.63456E-03    1.23927E-03   -8.35541E-02    4.08297E-02   -3.14679E-03    5.98878E-02   -5.87175E-03
     1.18800E+00    7.68860E-01    1.07781E-02    3.86842E-01    1.19994E-02   -5.61142E-03    4.72235E-01    7.38685E-02   -6.09217E-03    9.89188E-04   -8.31707E-02    4.08213E-02   -2.51047E-03    5.98719E-02   -4.72044E-03
     1.19100E+00    7.68740E-01    8.06632E-03    3.86874E-01    8.97150E-03   -4.19818E-03    4.69931E-01    7.38526E-02   -4.55758E-03    7.40243E-04   -8.27953E-02    4.08147E-02   -1.87772E-03    5.98595E-02   -3.55768E-03
     1.19400E+00    7.68654E-01    5.36802E-03    3.86896E-01    5.96245E-03   -2.79186E-03    4.67624E-01    7.38412E-02   -3.03074E-03    4.92412E-04   -8.24277E-02    4.08100E-02   -1.24845E-03    5.98506E-02   -2.38340E-03
     1.19700E+00    7.68603E-01    2.68319E-03    3.86910E-01    2.97203E-03   -1.39246E-03    4.65314E-01    7.38344E-02   -1.51157E-03    2.45673E-04   -8.20681E-02    4.08072E-02   -6.22576E-04    5.98452E-02   -1.19752E-03
     1.20000E+00    7.68586E-01    1.17381E-05    3.86914E-01    2.30449-179   -1.31886-177    4.63001E-01    7.38321E-02   -1.57064-181    4.83740E-25   -8.17164E-02    4.08062E-02   -7.30407-179    5.98434E-02   -5.56970-178
