     1.00000E-05    3.74891E+00   -2.48019E-05   -5.25535E-01   -2.31135E-20   -1.38920E-05   -1.38920E+00    4.75730E-01    3.57899E-20    4.67322E-06    4.67322E-01    3.54668E-01   -1.79524E-20    5.73782E-11    1.14756E-05
     2.03498E-03    3.74888E+00    6.61984E-03   -5.25523E-01    1.16129E-02   -2.82695E-03   -1.38915E+00    4.75727E-01   -3.27564E-03    9.50973E-04    4.67299E-01    3.54664E-01   -3.87304E-03    2.37607E-06    2.33521E-03
     4.05995E-03    3.74880E+00    1.32067E-02   -5.25488E-01    2.31680E-02   -5.63984E-03   -1.38903E+00    4.75717E-01   -6.53496E-03    1.89718E-03    4.67232E-01    3.54652E-01   -7.72665E-03    9.45732E-06    4.65862E-03
     6.08492E-03    3.74866E+00    1.97926E-02   -5.25430E-01    3.47218E-02   -8.45238E-03   -1.38881E+00    4.75700E-01   -9.79384E-03    2.84321E-03    4.67120E-01    3.54632E-01   -1.15795E-02    2.12428E-05    6.98139E-03
     8.10990E-03    3.74847E+00    2.63771E-02   -5.25348E-01    4.62736E-02   -1.12644E-02   -1.38851E+00    4.75677E-01   -1.30521E-02    3.78897E-03    4.66964E-01    3.54605E-01   -1.54311E-02    3.77310E-05    9.30321E-03
     1.01349E-02    3.74822E+00    3.29598E-02   -5.25242E-01    5.78227E-02   -1.40757E-02   -1.38813E+00    4.75648E-01   -1.63094E-02    4.73436E-03    4.66762E-01    3.54570E-01   -1.92812E-02    5.89195E-05    1.16237E-02
     1.21598E-02    3.74792E+00    3.95402E-02   -5.25113E-01    6.93685E-02   -1.68862E-02   -1.38766E+00    4.75611E-01   -1.95656E-02    5.67930E-03    4.66516E-01    3.54527E-01   -2.31293E-02    8.48055E-05    1.39427E-02
     1.41848E-02    3.74756E+00    4.61178E-02   -5.24961E-01    8.09102E-02   -1.96956E-02   -1.38710E+00    4.75568E-01   -2.28206E-02    6.62370E-03    4.66226E-01    3.54476E-01   -2.69751E-02    1.15385E-04    1.62597E-02
     1.62098E-02    3.74715E+00    5.26921E-02   -5.24786E-01    9.24472E-02   -2.25038E-02   -1.38646E+00    4.75519E-01   -2.60739E-02    7.56746E-03    4.65891E-01    3.54418E-01   -3.08182E-02    1.50655E-04    1.85745E-02
     1.82348E-02    3.74668E+00    5.92628E-02   -5.24587E-01    1.03979E-01   -2.53107E-02   -1.38574E+00    4.75463E-01   -2.93256E-02    8.51050E-03    4.65511E-01    3.54351E-01   -3.46581E-02    1.90610E-04    2.08868E-02
     2.02597E-02    3.74616E+00    6.58293E-02   -5.24365E-01    1.15505E-01   -2.81160E-02   -1.38493E+00    4.75400E-01   -3.25752E-02    9.45273E-03    4.65087E-01    3.54277E-01   -3.84945E-02    2.35243E-04    2.31961E-02
     2.22847E-02    3.74559E+00    7.23911E-02   -5.24119E-01    1.27024E-01   -3.09195E-02   -1.38403E+00    4.75331E-01   -3.58226E-02    1.03941E-02    4.64619E-01    3.54196E-01   -4.23270E-02    2.84551E-04    2.55023E-02
     2.43097E-02    3.74495E+00    7.89479E-02   -5.23850E-01    1.38535E-01   -3.37212E-02   -1.38305E+00    4.75255E-01   -3.90677E-02    1.13344E-02    4.64106E-01    3.54106E-01   -4.61552E-02    3.38524E-04    2.78051E-02
     2.63347E-02    3.74427E+00    8.54991E-02   -5.23558E-01    1.50039E-01   -3.65207E-02   -1.38199E+00    4.75173E-01   -4.23100E-02    1.22736E-02    4.63550E-01    3.54009E-01   -4.99787E-02    3.97157E-04    3.01039E-02
     2.83596E-02    3.74353E+00    9.20444E-02   -5.23243E-01    1.61534E-01   -3.93181E-02   -1.38084E+00    4.75084E-01   -4.55496E-02    1.32117E-02    4.62948E-01    3.53904E-01   -5.37972E-02    4.60441E-04    3.23987E-02
     3.03846E-02    3.74273E+00    9.85832E-02   -5.22904E-01    1.73019E-01   -4.21130E-02   -1.37960E+00    4.74988E-01   -4.87860E-02    1.41485E-02    4.62303E-01    3.53791E-01   -5.76102E-02    5.28367E-04    3.46890E-02
     3.24096E-02    3.74188E+00    1.05115E-01   -5.22542E-01    1.84495E-01   -4.49053E-02   -1.37828E+00    4.74886E-01   -5.20192E-02    1.50840E-02    4.61614E-01    3.53670E-01   -6.14174E-02    6.00927E-04    3.69746E-02
     3.44346E-02    3.74098E+00    1.11639E-01   -5.22157E-01    1.95960E-01   -4.76949E-02   -1.37688E+00    4.74777E-01   -5.52488E-02    1.60180E-02    4.60881E-01    3.53542E-01   -6.52184E-02    6.78109E-04    3.92551E-02
     3.64596E-02    3.74002E+00    1.18156E-01   -5.21748E-01    2.07413E-01   -5.04816E-02   -1.37539E+00    4.74662E-01   -5.84748E-02    1.69505E-02    4.60104E-01    3.53406E-01   -6.90127E-02    7.59904E-04    4.15303E-02
     3.84845E-02    3.73900E+00    1.24664E-01   -5.21317E-01    2.18855E-01   -5.32651E-02   -1.37382E+00    4.74541E-01   -6.16967E-02    1.78814E-02    4.59284E-01    3.53262E-01   -7.28001E-02    8.46301E-04    4.37997E-02
     4.05095E-02    3.73794E+00    1.31164E-01   -5.20862E-01    2.30284E-01   -5.60454E-02   -1.37216E+00    4.74412E-01   -6.49145E-02    1.88105E-02    4.58420E-01    3.53111E-01   -7.65801E-02    9.37287E-04    4.60632E-02
     4.25345E-02    3.73681E+00    1.37654E-01   -5.20384E-01    2.41700E-01   -5.88223E-02   -1.37042E+00    4.74278E-01   -6.81279E-02    1.97379E-02    4.57513E-01    3.52952E-01   -8.03524E-02    1.03285E-03    4.83204E-02
     4.45594E-02    3.73564E+00    1.44135E-01   -5.19883E-01    2.53102E-01   -6.15955E-02   -1.36860E+00    4.74137E-01   -7.13368E-02    2.06634E-02    4.56562E-01    3.52786E-01   -8.41165E-02    1.13298E-03    5.05709E-02
     4.65844E-02    3.73441E+00    1.50606E-01   -5.19359E-01    2.64489E-01   -6.43650E-02   -1.36669E+00    4.73989E-01   -7.45408E-02    2.15869E-02    4.55568E-01    3.52612E-01   -8.78722E-02    1.23766E-03    5.28146E-02
     4.86094E-02    3.73312E+00    1.57066E-01   -5.18812E-01    2.75861E-01   -6.71305E-02   -1.36470E+00    4.73835E-01   -7.77397E-02    2.25084E-02    4.54531E-01    3.52430E-01   -9.16190E-02    1.34687E-03    5.50510E-02
     5.06344E-02    3.73178E+00    1.63515E-01   -5.18242E-01    2.87217E-01   -6.98919E-02   -1.36263E+00    4.73674E-01   -8.09334E-02    2.34277E-02    4.53451E-01    3.52241E-01   -9.53565E-02    1.46060E-03    5.72800E-02
     5.26593E-02    3.73039E+00    1.69952E-01   -5.17649E-01    2.98557E-01   -7.26490E-02   -1.36047E+00    4.73507E-01   -8.41216E-02    2.43448E-02    4.52329E-01    3.52044E-01   -9.90844E-02    1.57884E-03    5.95011E-02
     5.46843E-02    3.72894E+00    1.76378E-01   -5.17033E-01    3.09879E-01   -7.54017E-02   -1.35823E+00    4.73333E-01   -8.73042E-02    2.52596E-02    4.51164E-01    3.51839E-01   -1.02802E-01    1.70157E-03    6.17141E-02
     5.67093E-02    3.72744E+00    1.82791E-01   -5.16394E-01    3.21184E-01   -7.81497E-02   -1.35591E+00    4.73153E-01   -9.04808E-02    2.61720E-02    4.49956E-01    3.51627E-01   -1.06510E-01    1.82878E-03    6.39187E-02
     5.87343E-02    3.72589E+00    1.89191E-01   -5.15732E-01    3.32470E-01   -8.08930E-02   -1.35350E+00    4.72967E-01   -9.36513E-02    2.70819E-02    4.48706E-01    3.51408E-01   -1.10207E-01    1.96044E-03    6.61145E-02
     6.07592E-02    3.72428E+00    1.95579E-01   -5.15047E-01    3.43738E-01   -8.36313E-02   -1.35101E+00    4.72774E-01   -9.68155E-02    2.79892E-02    4.47415E-01    3.51181E-01   -1.13893E-01    2.09653E-03    6.83014E-02
     6.27842E-02    3.72262E+00    2.01952E-01   -5.14340E-01    3.54985E-01   -8.63645E-02   -1.34844E+00    4.72575E-01   -9.99732E-02    2.88939E-02    4.46081E-01    3.50947E-01   -1.17567E-01    2.23705E-03    7.04790E-02
     6.48092E-02    3.72090E+00    2.08311E-01   -5.13610E-01    3.66213E-01   -8.90924E-02   -1.34579E+00    4.72369E-01   -1.03124E-01    2.97958E-02    4.44706E-01    3.50705E-01   -1.21229E-01    2.38196E-03    7.26470E-02
     6.68342E-02    3.71913E+00    2.14656E-01   -5.12857E-01    3.77419E-01   -9.18148E-02   -1.34306E+00    4.72157E-01   -1.06268E-01    3.06949E-02    4.43289E-01    3.50456E-01   -1.24880E-01    2.53126E-03    7.48051E-02
     6.88591E-02    3.71731E+00    2.20985E-01   -5.12081E-01    3.88604E-01   -9.45316E-02   -1.34024E+00    4.71939E-01   -1.09405E-01    3.15911E-02    4.41831E-01    3.50199E-01   -1.28517E-01    2.68491E-03    7.69531E-02
     7.08841E-02    3.71543E+00    2.27299E-01   -5.11283E-01    3.99767E-01   -9.72427E-02   -1.33735E+00    4.71714E-01   -1.12534E-01    3.24842E-02    4.40332E-01    3.49935E-01   -1.32142E-01    2.84291E-03    7.90907E-02
     7.29091E-02    3.71350E+00    2.33597E-01   -5.10462E-01    4.10907E-01   -9.99478E-02   -1.33437E+00    4.71483E-01   -1.15656E-01    3.33744E-02    4.38792E-01    3.49664E-01   -1.35754E-01    3.00522E-03    8.12175E-02
     7.49341E-02    3.71152E+00    2.39879E-01   -5.09619E-01    4.22024E-01   -1.02647E-01   -1.33131E+00    4.71246E-01   -1.18769E-01    3.42613E-02    4.37211E-01    3.49386E-01   -1.39352E-01    3.17183E-03    8.33333E-02
     7.69591E-02    3.70949E+00    2.46144E-01   -5.08753E-01    4.33117E-01   -1.05339E-01   -1.32817E+00    4.71002E-01   -1.21875E-01    3.51450E-02    4.35590E-01    3.49100E-01   -1.42936E-01    3.34271E-03    8.54378E-02
     7.89840E-02    3.70740E+00    2.52391E-01   -5.07865E-01    4.44185E-01   -1.08026E-01   -1.32496E+00    4.70752E-01   -1.24973E-01    3.60254E-02    4.33929E-01    3.48807E-01   -1.46506E-01    3.51784E-03    8.75307E-02
     8.10090E-02    3.70526E+00    2.58621E-01   -5.06954E-01    4.55228E-01   -1.10705E-01   -1.32166E+00    4.70496E-01   -1.28062E-01    3.69024E-02    4.32227E-01    3.48506E-01   -1.50061E-01    3.69719E-03    8.96118E-02
     8.30340E-02    3.70307E+00    2.64833E-01   -5.06021E-01    4.66246E-01   -1.13378E-01   -1.31828E+00    4.70233E-01   -1.31142E-01    3.77759E-02    4.30486E-01    3.48199E-01   -1.53601E-01    3.88075E-03    9.16809E-02
     8.50589E-02    3.70082E+00    2.71026E-01   -5.05066E-01    4.77237E-01   -1.16044E-01   -1.31482E+00    4.69965E-01   -1.34214E-01    3.86458E-02    4.28706E-01    3.47884E-01   -1.57126E-01    4.06849E-03    9.37375E-02
     8.70839E-02    3.69853E+00    2.77200E-01   -5.04088E-01    4.88201E-01   -1.18703E-01   -1.31128E+00    4.69690E-01   -1.37276E-01    3.95121E-02    4.26886E-01    3.47563E-01   -1.60635E-01    4.26038E-03    9.57815E-02
     8.91089E-02    3.69618E+00    2.83354E-01   -5.03088E-01    4.99138E-01   -1.21355E-01   -1.30767E+00    4.69409E-01   -1.40329E-01    4.03746E-02    4.25028E-01    3.47234E-01   -1.64128E-01    4.45639E-03    9.78126E-02
     9.11339E-02    3.69378E+00    2.89489E-01   -5.02067E-01    5.10046E-01   -1.23999E-01   -1.30397E+00    4.69122E-01   -1.43373E-01    4.12334E-02    4.23130E-01    3.46898E-01   -1.67605E-01    4.65650E-03    9.98305E-02
     9.31588E-02    3.69132E+00    2.95603E-01   -5.01023E-01    5.20926E-01   -1.26636E-01   -1.30020E+00    4.68828E-01   -1.46406E-01    4.20883E-02    4.21194E-01    3.46555E-01   -1.71065E-01    4.86069E-03    1.01835E-01
     9.51838E-02    3.68882E+00    3.01697E-01   -4.99957E-01    5.31777E-01   -1.29265E-01   -1.29635E+00    4.68529E-01   -1.49430E-01    4.29392E-02    4.19220E-01    3.46205E-01   -1.74508E-01    5.06892E-03    1.03826E-01
     9.72088E-02    3.68626E+00    3.07769E-01   -4.98869E-01    5.42597E-01   -1.31886E-01   -1.29242E+00    4.68223E-01   -1.52444E-01    4.37861E-02    4.17208E-01    3.45848E-01   -1.77934E-01    5.28117E-03    1.05803E-01
     9.92338E-02    3.68365E+00    3.13820E-01   -4.97760E-01    5.53388E-01   -1.34499E-01   -1.28842E+00    4.67911E-01   -1.55447E-01    4.46288E-02    4.15159E-01    3.45484E-01   -1.81342E-01    5.49741E-03    1.07765E-01
     1.01259E-01    3.68099E+00    3.19849E-01   -4.96628E-01    5.64147E-01   -1.37104E-01   -1.28433E+00    4.67593E-01   -1.58440E-01    4.54674E-02    4.13072E-01    3.45114E-01   -1.84732E-01    5.71760E-03    1.09713E-01
     1.03284E-01    3.67828E+00    3.25855E-01   -4.95475E-01    5.74875E-01   -1.39701E-01   -1.28017E+00    4.67270E-01   -1.61422E-01    4.63017E-02    4.10948E-01    3.44736E-01   -1.88104E-01    5.94173E-03    1.11647E-01
     1.05309E-01    3.67552E+00    3.31839E-01   -4.94300E-01    5.85572E-01   -1.42289E-01   -1.27594E+00    4.66940E-01   -1.64393E-01    4.71317E-02    4.08787E-01    3.44352E-01   -1.91457E-01    6.16976E-03    1.13566E-01
     1.07334E-01    3.67271E+00    3.37799E-01   -4.93103E-01    5.96235E-01   -1.44868E-01   -1.27163E+00    4.66604E-01   -1.67353E-01    4.79573E-02    4.06590E-01    3.43961E-01   -1.94792E-01    6.40165E-03    1.15469E-01
     1.09359E-01    3.66984E+00    3.43735E-01   -4.91885E-01    6.06865E-01   -1.47439E-01   -1.26724E+00    4.66262E-01   -1.70302E-01    4.87784E-02    4.04357E-01    3.43563E-01   -1.98107E-01    6.63739E-03    1.17357E-01
     1.11384E-01    3.66693E+00    3.49648E-01   -4.90646E-01    6.17462E-01   -1.50000E-01   -1.26278E+00    4.65914E-01   -1.73238E-01    4.95949E-02    4.02088E-01    3.43159E-01   -2.01403E-01    6.87693E-03    1.19229E-01
     1.13409E-01    3.66396E+00    3.55536E-01   -4.89384E-01    6.28025E-01   -1.52553E-01   -1.25824E+00    4.65560E-01   -1.76163E-01    5.04068E-02    3.99783E-01    3.42747E-01   -2.04678E-01    7.12025E-03    1.21086E-01
     1.15434E-01    3.66095E+00    3.61399E-01   -4.88102E-01    6.38552E-01   -1.55096E-01   -1.25362E+00    4.65201E-01   -1.79077E-01    5.12140E-02    3.97443E-01    3.42330E-01   -2.07934E-01    7.36732E-03    1.22926E-01
     1.17459E-01    3.65788E+00    3.67236E-01   -4.86798E-01    6.49045E-01   -1.57630E-01   -1.24894E+00    4.64835E-01   -1.81977E-01    5.20164E-02    3.95069E-01    3.41905E-01   -2.11169E-01    7.61809E-03    1.24750E-01
     1.19484E-01    3.65477E+00    3.73048E-01   -4.85473E-01    6.59502E-01   -1.60154E-01   -1.24418E+00    4.64464E-01   -1.84866E-01    5.28139E-02    3.92659E-01    3.41475E-01   -2.14384E-01    7.87254E-03    1.26558E-01
     1.21508E-01    3.65161E+00    3.78833E-01   -4.84127E-01    6.69922E-01   -1.62669E-01   -1.23934E+00    4.64086E-01   -1.87742E-01    5.36066E-02    3.90216E-01    3.41037E-01   -2.17577E-01    8.13063E-03    1.28349E-01
     1.23533E-01    3.64839E+00    3.84592E-01   -4.82760E-01    6.80306E-01   -1.65173E-01   -1.23443E+00    4.63703E-01   -1.90605E-01    5.43943E-02    3.87738E-01    3.40593E-01   -2.20750E-01    8.39233E-03    1.30122E-01
     1.25558E-01    3.64513E+00    3.90324E-01   -4.81372E-01    6.90653E-01   -1.67668E-01   -1.22945E+00    4.63314E-01   -1.93455E-01    5.51769E-02    3.85227E-01    3.40143E-01   -2.23900E-01    8.65761E-03    1.31879E-01
     1.27583E-01    3.64181E+00    3.96029E-01   -4.79963E-01    7.00961E-01   -1.70152E-01   -1.22440E+00    4.62920E-01   -1.96292E-01    5.59544E-02    3.82683E-01    3.39687E-01   -2.27029E-01    8.92642E-03    1.33618E-01
     1.29608E-01    3.63845E+00    4.01706E-01   -4.78533E-01    7.11232E-01   -1.72627E-01   -1.21927E+00    4.62520E-01   -1.99115E-01    5.67267E-02    3.80106E-01    3.39224E-01   -2.30136E-01    9.19874E-03    1.35339E-01
     1.31633E-01    3.63504E+00    4.07354E-01   -4.77083E-01    7.21463E-01   -1.75090E-01   -1.21407E+00    4.62113E-01   -2.01925E-01    5.74938E-02    3.77497E-01    3.38755E-01   -2.33220E-01    9.47453E-03    1.37043E-01
     1.33658E-01    3.63158E+00    4.12974E-01   -4.75612E-01    7.31656E-01   -1.77543E-01   -1.20881E+00    4.61702E-01   -2.04721E-01    5.82555E-02    3.74855E-01    3.38279E-01   -2.36282E-01    9.75374E-03    1.38729E-01
     1.35683E-01    3.62808E+00    4.18566E-01   -4.74120E-01    7.41808E-01   -1.79986E-01   -1.20346E+00    4.61284E-01   -2.07504E-01    5.90119E-02    3.72181E-01    3.37798E-01   -2.39320E-01    1.00364E-02    1.40396E-01
     1.37708E-01    3.62452E+00    4.24127E-01   -4.72607E-01    7.51921E-01   -1.82417E-01   -1.19805E+00    4.60861E-01   -2.10271E-01    5.97628E-02    3.69476E-01    3.37310E-01   -2.42336E-01    1.03223E-02    1.42045E-01
     1.39733E-01    3.62091E+00    4.29659E-01   -4.71074E-01    7.61993E-01   -1.84838E-01   -1.19257E+00    4.60433E-01   -2.13025E-01    6.05082E-02    3.66740E-01    3.36816E-01   -2.45328E-01    1.06116E-02    1.43675E-01
     1.41758E-01    3.61726E+00    4.35161E-01   -4.69521E-01    7.72023E-01   -1.87247E-01   -1.18702E+00    4.59999E-01   -2.15764E-01    6.12481E-02    3.63974E-01    3.36316E-01   -2.48296E-01    1.09042E-02    1.45287E-01
     1.43783E-01    3.61356E+00    4.40632E-01   -4.67948E-01    7.82012E-01   -1.89645E-01   -1.18140E+00    4.59559E-01   -2.18488E-01    6.19823E-02    3.61177E-01    3.35811E-01   -2.51240E-01    1.12000E-02    1.46879E-01
     1.45808E-01    3.60982E+00    4.46073E-01   -4.66354E-01    7.91959E-01   -1.92032E-01   -1.17571E+00    4.59114E-01   -2.21198E-01    6.27108E-02    3.58350E-01    3.35299E-01   -2.54160E-01    1.14990E-02    1.48453E-01
     1.47833E-01    3.60602E+00    4.51482E-01   -4.64740E-01    8.01863E-01   -1.94407E-01   -1.16995E+00    4.58663E-01   -2.23892E-01    6.34336E-02    3.55493E-01    3.34781E-01   -2.57056E-01    1.18012E-02    1.50007E-01
     1.49858E-01    3.60218E+00    4.56859E-01   -4.63107E-01    8.11725E-01   -1.96770E-01   -1.16413E+00    4.58207E-01   -2.26570E-01    6.41505E-02    3.52607E-01    3.34258E-01   -2.59926E-01    1.21065E-02    1.51541E-01
     1.51883E-01    3.59829E+00    4.62204E-01   -4.61453E-01    8.21543E-01   -1.99121E-01   -1.15823E+00    4.57746E-01   -2.29234E-01    6.48616E-02    3.49693E-01    3.33729E-01   -2.62772E-01    1.24149E-02    1.53056E-01
     1.53908E-01    3.59436E+00    4.67517E-01   -4.59780E-01    8.31317E-01   -2.01461E-01   -1.15227E+00    4.57279E-01   -2.31881E-01    6.55667E-02    3.46750E-01    3.33194E-01   -2.65593E-01    1.27264E-02    1.54551E-01
     1.55933E-01    3.59038E+00    4.72797E-01   -4.58086E-01    8.41047E-01   -2.03788E-01   -1.14624E+00    4.56806E-01   -2.34513E-01    6.62659E-02    3.43779E-01    3.32653E-01   -2.68388E-01    1.30409E-02    1.56026E-01
     1.57958E-01    3.58635E+00    4.78044E-01   -4.56373E-01    8.50732E-01   -2.06103E-01   -1.14015E+00    4.56329E-01   -2.37128E-01    6.69590E-02    3.40781E-01    3.32107E-01   -2.71157E-01    1.33583E-02    1.57481E-01
     1.59983E-01    3.58227E+00    4.83258E-01   -4.54641E-01    8.60372E-01   -2.08405E-01   -1.13399E+00    4.55846E-01   -2.39728E-01    6.76460E-02    3.37755E-01    3.31555E-01   -2.73901E-01    1.36786E-02    1.58916E-01
     1.62008E-01    3.57816E+00    4.88437E-01   -4.52889E-01    8.69966E-01   -2.10695E-01   -1.12776E+00    4.55358E-01   -2.42311E-01    6.83269E-02    3.34702E-01    3.30997E-01   -2.76619E-01    1.40019E-02    1.60330E-01
     1.64033E-01    3.57399E+00    4.93583E-01   -4.51118E-01    8.79514E-01   -2.12973E-01   -1.12147E+00    4.54865E-01   -2.44877E-01    6.90015E-02    3.31623E-01    3.30435E-01   -2.79310E-01    1.43279E-02    1.61723E-01
     1.66058E-01    3.56978E+00    4.98693E-01   -4.49327E-01    8.89016E-01   -2.15237E-01   -1.11511E+00    4.54366E-01   -2.47426E-01    6.96699E-02    3.28518E-01    3.29866E-01   -2.81975E-01    1.46568E-02    1.63096E-01
     1.68083E-01    3.56553E+00    5.03769E-01   -4.47517E-01    8.98471E-01   -2.17489E-01   -1.10869E+00    4.53863E-01   -2.49959E-01    7.03320E-02    3.25388E-01    3.29293E-01   -2.84612E-01    1.49885E-02    1.64447E-01
     1.70108E-01    3.56123E+00    5.08809E-01   -4.45688E-01    9.07879E-01   -2.19727E-01   -1.10220E+00    4.53354E-01   -2.52474E-01    7.09877E-02    3.22232E-01    3.28714E-01   -2.87223E-01    1.53228E-02    1.65778E-01
     1.72133E-01    3.55688E+00    5.13814E-01   -4.43840E-01    9.17240E-01   -2.21953E-01   -1.09565E+00    4.52840E-01   -2.54972E-01    7.16370E-02    3.19052E-01    3.28129E-01   -2.89807E-01    1.56598E-02    1.67087E-01
     1.74158E-01    3.55249E+00    5.18783E-01   -4.41974E-01    9.26552E-01   -2.24165E-01   -1.08904E+00    4.52321E-01   -2.57452E-01    7.22798E-02    3.15847E-01    3.27540E-01   -2.92364E-01    1.59995E-02    1.68376E-01
     1.76183E-01    3.54806E+00    5.23715E-01   -4.40088E-01    9.35816E-01   -2.26363E-01   -1.08236E+00    4.51798E-01   -2.59914E-01    7.29162E-02    3.12618E-01    3.26945E-01   -2.94893E-01    1.63417E-02    1.69642E-01
     1.78208E-01    3.54358E+00    5.28610E-01   -4.38184E-01    9.45031E-01   -2.28548E-01   -1.07562E+00    4.51269E-01   -2.62359E-01    7.35459E-02    3.09366E-01    3.26346E-01   -2.97394E-01    1.66865E-02    1.70888E-01
     1.80233E-01    3.53906E+00    5.33469E-01   -4.36261E-01    9.54197E-01   -2.30719E-01   -1.06882E+00    4.50735E-01   -2.64786E-01    7.41691E-02    3.06091E-01    3.25741E-01   -2.99867E-01    1.70338E-02    1.72111E-01
     1.82258E-01    3.53450E+00    5.38290E-01   -4.34319E-01    9.63314E-01   -2.32877E-01   -1.06196E+00    4.50196E-01   -2.67194E-01    7.47856E-02    3.02793E-01    3.25131E-01   -3.02313E-01    1.73836E-02    1.73313E-01
     1.84283E-01    3.52989E+00    5.43073E-01   -4.32359E-01    9.72381E-01   -2.35020E-01   -1.05504E+00    4.49653E-01   -2.69584E-01    7.53953E-02    2.99473E-01    3.24517E-01   -3.04730E-01    1.77357E-02    1.74493E-01
     1.86308E-01    3.52525E+00    5.47819E-01   -4.30381E-01    9.81397E-01   -2.37150E-01   -1.04805E+00    4.49105E-01   -2.71955E-01    7.59984E-02    2.96131E-01    3.23897E-01   -3.07118E-01    1.80902E-02    1.75650E-01
     1.88333E-01    3.52055E+00    5.52525E-01   -4.28385E-01    9.90363E-01   -2.39265E-01   -1.04101E+00    4.48552E-01   -2.74308E-01    7.65946E-02    2.92768E-01    3.23273E-01   -3.09478E-01    1.84471E-02    1.76786E-01
     1.90358E-01    3.51582E+00    5.57194E-01   -4.26370E-01    9.99278E-01   -2.41366E-01   -1.03391E+00    4.47994E-01   -2.76642E-01    7.71841E-02    2.89383E-01    3.22644E-01   -3.11809E-01    1.88062E-02    1.77899E-01
     1.92383E-01    3.51104E+00    5.61823E-01   -4.24338E-01    1.00814E+00   -2.43452E-01   -1.02674E+00    4.47431E-01   -2.78956E-01    7.77666E-02    2.85979E-01    3.22010E-01   -3.14111E-01    1.91675E-02    1.78991E-01
     1.94408E-01    3.50623E+00    5.66412E-01   -4.22287E-01    1.01695E+00   -2.45524E-01   -1.01952E+00    4.46864E-01   -2.81251E-01    7.83423E-02    2.82554E-01    3.21372E-01   -3.16384E-01    1.95311E-02    1.80059E-01
     1.96433E-01    3.50137E+00    5.70962E-01   -4.20219E-01    1.02571E+00   -2.47581E-01   -1.01224E+00    4.46292E-01   -2.83527E-01    7.89109E-02    2.79110E-01    3.20729E-01   -3.18628E-01    1.98967E-02    1.81105E-01
     1.98458E-01    3.49647E+00    5.75472E-01   -4.18133E-01    1.03442E+00   -2.49623E-01   -1.00490E+00    4.45716E-01   -2.85784E-01    7.94726E-02    2.75646E-01    3.20081E-01   -3.20842E-01    2.02645E-02    1.82129E-01
     2.00483E-01    3.49153E+00    5.79942E-01   -4.16030E-01    1.04308E+00   -2.51651E-01   -9.97502E-01    4.45135E-01   -2.88020E-01    8.00273E-02    2.72164E-01    3.19429E-01   -3.23027E-01    2.06343E-02    1.83130E-01
     2.02507E-01    3.48654E+00    5.84371E-01   -4.13909E-01    1.05168E+00   -2.53663E-01   -9.90047E-01    4.44549E-01   -2.90237E-01    8.05749E-02    2.68664E-01    3.18773E-01   -3.25182E-01    2.10062E-02    1.84108E-01
     2.04532E-01    3.48152E+00    5.88759E-01   -4.11771E-01    1.06023E+00   -2.55660E-01   -9.82536E-01    4.43959E-01   -2.92433E-01    8.11153E-02    2.65146E-01    3.18112E-01   -3.27308E-01    2.13800E-02    1.85064E-01
     2.06557E-01    3.47646E+00    5.93106E-01   -4.09615E-01    1.06872E+00   -2.57642E-01   -9.74968E-01    4.43365E-01   -2.94609E-01    8.16487E-02    2.61610E-01    3.17447E-01   -3.29403E-01    2.17557E-02    1.85996E-01
     2.08582E-01    3.47136E+00    5.97411E-01   -4.07442E-01    1.07716E+00   -2.59609E-01   -9.67344E-01    4.42766E-01   -2.96765E-01    8.21748E-02    2.58057E-01    3.16778E-01   -3.31468E-01    2.21332E-02    1.86906E-01
     2.10607E-01    3.46622E+00    6.01675E-01   -4.05253E-01    1.08555E+00   -2.61560E-01   -9.59665E-01    4.42163E-01   -2.98901E-01    8.26938E-02    2.54488E-01    3.16105E-01   -3.33503E-01    2.25126E-02    1.87793E-01
     2.12632E-01    3.46104E+00    6.05896E-01   -4.03046E-01    1.09388E+00   -2.63495E-01   -9.51930E-01    4.41556E-01   -3.01015E-01    8.32055E-02    2.50903E-01    3.15428E-01   -3.35508E-01    2.28938E-02    1.88656E-01
     2.14657E-01    3.45582E+00    6.10075E-01   -4.00823E-01    1.10216E+00   -2.65415E-01   -9.44141E-01    4.40944E-01   -3.03109E-01    8.37099E-02    2.47303E-01    3.14746E-01   -3.37482E-01    2.32766E-02    1.89497E-01
     2.16682E-01    3.45056E+00    6.14211E-01   -3.98582E-01    1.11038E+00   -2.67319E-01   -9.36297E-01    4.40328E-01   -3.05182E-01    8.42070E-02    2.43687E-01    3.14061E-01   -3.39426E-01    2.36612E-02    1.90314E-01
     2.18707E-01    3.44526E+00    6.18304E-01   -3.96326E-01    1.11854E+00   -2.69207E-01   -9.28399E-01    4.39708E-01   -3.07233E-01    8.46968E-02    2.40056E-01    3.13372E-01   -3.41339E-01    2.40474E-02    1.91108E-01
     2.20732E-01    3.43993E+00    6.22354E-01   -3.94052E-01    1.12665E+00   -2.71079E-01   -9.20448E-01    4.39084E-01   -3.09263E-01    8.51792E-02    2.36412E-01    3.12679E-01   -3.43221E-01    2.44352E-02    1.91879E-01
     2.22757E-01    3.43456E+00    6.26360E-01   -3.91763E-01    1.13471E+00   -2.72935E-01   -9.12444E-01    4.38456E-01   -3.11272E-01    8.56543E-02    2.32753E-01    3.11982E-01   -3.45072E-01    2.48245E-02    1.92627E-01
     2.24782E-01    3.42915E+00    6.30322E-01   -3.89457E-01    1.14271E+00   -2.74774E-01   -9.04387E-01    4.37823E-01   -3.13259E-01    8.61219E-02    2.29081E-01    3.11281E-01   -3.46892E-01    2.52153E-02    1.93351E-01
     2.26807E-01    3.42370E+00    6.34240E-01   -3.87135E-01    1.15065E+00   -2.76598E-01   -8.96277E-01    4.37187E-01   -3.15224E-01    8.65820E-02    2.25397E-01    3.10577E-01   -3.48682E-01    2.56075E-02    1.94052E-01
     2.28832E-01    3.41822E+00    6.38114E-01   -3.84797E-01    1.15853E+00   -2.78404E-01   -8.88116E-01    4.36547E-01   -3.17168E-01    8.70347E-02    2.21700E-01    3.09869E-01   -3.50440E-01    2.60012E-02    1.94729E-01
     2.30857E-01    3.41270E+00    6.41943E-01   -3.82443E-01    1.16636E+00   -2.80194E-01   -8.79903E-01    4.35902E-01   -3.19089E-01    8.74799E-02    2.17991E-01    3.09158E-01   -3.52166E-01    2.63961E-02    1.95384E-01
     2.32882E-01    3.40714E+00    6.45727E-01   -3.80073E-01    1.17413E+00   -2.81968E-01   -8.71640E-01    4.35254E-01   -3.20989E-01    8.79176E-02    2.14270E-01    3.08443E-01   -3.53862E-01    2.67924E-02    1.96014E-01
     2.34907E-01    3.40155E+00    6.49466E-01   -3.77688E-01    1.18184E+00   -2.83724E-01   -8.63325E-01    4.34602E-01   -3.22865E-01    8.83477E-02    2.10538E-01    3.07724E-01   -3.55526E-01    2.71900E-02    1.96622E-01
     2.36932E-01    3.39593E+00    6.53160E-01   -3.75287E-01    1.18949E+00   -2.85464E-01   -8.54961E-01    4.33947E-01   -3.24720E-01    8.87702E-02    2.06796E-01    3.07003E-01   -3.57158E-01    2.75887E-02    1.97205E-01
     2.38957E-01    3.39026E+00    6.56808E-01   -3.72870E-01    1.19708E+00   -2.87187E-01   -8.46546E-01    4.33287E-01   -3.26552E-01    8.91852E-02    2.03044E-01    3.06278E-01   -3.58759E-01    2.79886E-02    1.97766E-01
     2.40982E-01    3.38457E+00    6.60410E-01   -3.70439E-01    1.20462E+00   -2.88893E-01   -8.38082E-01    4.32624E-01   -3.28361E-01    8.95925E-02    1.99282E-01    3.05550E-01   -3.60328E-01    2.83896E-02    1.98303E-01
     2.43007E-01    3.37884E+00    6.63965E-01   -3.67992E-01    1.21209E+00   -2.90581E-01   -8.29569E-01    4.31957E-01   -3.30147E-01    8.99923E-02    1.95511E-01    3.04819E-01   -3.61866E-01    2.87917E-02    1.98816E-01
     2.45032E-01    3.37307E+00    6.67475E-01   -3.65530E-01    1.21951E+00   -2.92252E-01   -8.21007E-01    4.31287E-01   -3.31910E-01    9.03843E-02    1.91731E-01    3.04084E-01   -3.63372E-01    2.91948E-02    1.99306E-01
     2.47057E-01    3.36727E+00    6.70937E-01   -3.63053E-01    1.22687E+00   -2.93906E-01   -8.12397E-01    4.30613E-01   -3.33650E-01    9.07688E-02    1.87943E-01    3.03347E-01   -3.64846E-01    2.95989E-02    1.99772E-01
     2.49082E-01    3.36144E+00    6.74353E-01   -3.60561E-01    1.23417E+00   -2.95542E-01   -8.03739E-01    4.29936E-01   -3.35367E-01    9.11455E-02    1.84146E-01    3.02607E-01   -3.66288E-01    3.00039E-02    2.00215E-01
     2.51107E-01    3.35557E+00    6.77721E-01   -3.58055E-01    1.24140E+00   -2.97161E-01   -7.95034E-01    4.29255E-01   -3.37060E-01    9.15145E-02    1.80343E-01    3.01864E-01   -3.67698E-01    3.04097E-02    2.00635E-01
     2.53132E-01    3.34967E+00    6.81042E-01   -3.55534E-01    1.24858E+00   -2.98762E-01   -7.86282E-01    4.28571E-01   -3.38730E-01    9.18759E-02    1.76532E-01    3.01118E-01   -3.69077E-01    3.08164E-02    2.01031E-01
     2.55157E-01    3.34374E+00    6.84316E-01   -3.52998E-01    1.25570E+00   -3.00345E-01   -7.77482E-01    4.27883E-01   -3.40377E-01    9.22295E-02    1.72715E-01    3.00369E-01   -3.70423E-01    3.12239E-02    2.01404E-01
     2.57182E-01    3.33778E+00    6.87541E-01   -3.50448E-01    1.26275E+00   -3.01911E-01   -7.68637E-01    4.27192E-01   -3.41999E-01    9.25753E-02    1.68892E-01    2.99618E-01   -3.71738E-01    3.16321E-02    2.01754E-01
     2.59207E-01    3.33178E+00    6.90719E-01   -3.47884E-01    1.26975E+00   -3.03458E-01   -7.59745E-01    4.26498E-01   -3.43598E-01    9.29135E-02    1.65064E-01    2.98863E-01   -3.73020E-01    3.20410E-02    2.02080E-01
     2.61232E-01    3.32576E+00    6.93848E-01   -3.45306E-01    1.27668E+00   -3.04988E-01   -7.50808E-01    4.25801E-01   -3.45172E-01    9.32438E-02    1.61230E-01    2.98107E-01   -3.74270E-01    3.24505E-02    2.02383E-01
     2.63257E-01    3.31970E+00    6.96929E-01   -3.42714E-01    1.28355E+00   -3.06499E-01   -7.41826E-01    4.25100E-01   -3.46723E-01    9.35664E-02    1.57391E-01    2.97348E-01   -3.75488E-01    3.28606E-02    2.02662E-01
     2.65282E-01    3.31361E+00    6.99961E-01   -3.40107E-01    1.29036E+00   -3.07992E-01   -7.32798E-01    4.24397E-01   -3.48249E-01    9.38813E-02    1.53548E-01    2.96586E-01   -3.76674E-01    3.32712E-02    2.02918E-01
     2.67307E-01    3.30749E+00    7.02944E-01   -3.37488E-01    1.29711E+00   -3.09467E-01   -7.23727E-01    4.23690E-01   -3.49751E-01    9.41883E-02    1.49702E-01    2.95822E-01   -3.77828E-01    3.36824E-02    2.03151E-01
     2.69332E-01    3.30134E+00    7.05879E-01   -3.34854E-01    1.30379E+00   -3.10923E-01   -7.14611E-01    4.22980E-01   -3.51229E-01    9.44875E-02    1.45852E-01    2.95056E-01   -3.78950E-01    3.40940E-02    2.03361E-01
     2.71357E-01    3.29516E+00    7.08763E-01   -3.32207E-01    1.31041E+00   -3.12361E-01   -7.05451E-01    4.22267E-01   -3.52682E-01    9.47790E-02    1.41999E-01    2.94287E-01   -3.80040E-01    3.45060E-02    2.03548E-01
     2.73382E-01    3.28896E+00    7.11599E-01   -3.29547E-01    1.31697E+00   -3.13780E-01   -6.96248E-01    4.21552E-01   -3.54110E-01    9.50626E-02    1.38144E-01    2.93517E-01   -3.81097E-01    3.49183E-02    2.03712E-01
     2.75407E-01    3.28272E+00    7.14384E-01   -3.26874E-01    1.32347E+00   -3.15181E-01   -6.87002E-01    4.20833E-01   -3.55514E-01    9.53385E-02    1.34286E-01    2.92744E-01   -3.82123E-01    3.53310E-02    2.03853E-01
     2.77432E-01    3.27645E+00    7.17120E-01   -3.24187E-01    1.32990E+00   -3.16562E-01   -6.77713E-01    4.20112E-01   -3.56892E-01    9.56065E-02    1.30427E-01    2.91969E-01   -3.83116E-01    3.57439E-02    2.03971E-01
     2.79457E-01    3.27016E+00    7.19806E-01   -3.21488E-01    1.33627E+00   -3.17925E-01   -6.68382E-01    4.19388E-01   -3.58246E-01    9.58667E-02    1.26567E-01    2.91193E-01   -3.84077E-01    3.61570E-02    2.04066E-01
     2.81482E-01    3.26384E+00    7.22441E-01   -3.18776E-01    1.34257E+00   -3.19269E-01   -6.59009E-01    4.18661E-01   -3.59574E-01    9.61191E-02    1.22707E-01    2.90414E-01   -3.85006E-01    3.65703E-02    2.04138E-01
     2.83506E-01    3.25749E+00    7.25026E-01   -3.16051E-01    1.34881E+00   -3.20594E-01   -6.49594E-01    4.17932E-01   -3.60878E-01    9.63636E-02    1.18846E-01    2.89633E-01   -3.85903E-01    3.69838E-02    2.04188E-01
     2.85531E-01    3.25112E+00    7.27561E-01   -3.13313E-01    1.35499E+00   -3.21900E-01   -6.40138E-01    4.17200E-01   -3.62156E-01    9.66004E-02    1.14985E-01    2.88851E-01   -3.86768E-01    3.73973E-02    2.04214E-01
     2.87556E-01    3.24471E+00    7.30045E-01   -3.10563E-01    1.36110E+00   -3.23187E-01   -6.30640E-01    4.16465E-01   -3.63409E-01    9.68293E-02    1.11125E-01    2.88067E-01   -3.87600E-01    3.78108E-02    2.04219E-01
     2.89581E-01    3.23828E+00    7.32478E-01   -3.07801E-01    1.36714E+00   -3.24454E-01   -6.21103E-01    4.15728E-01   -3.64636E-01    9.70504E-02    1.07265E-01    2.87281E-01   -3.88401E-01    3.82243E-02    2.04200E-01
     2.91606E-01    3.23183E+00    7.34860E-01   -3.05026E-01    1.37312E+00   -3.25702E-01   -6.11524E-01    4.14988E-01   -3.65838E-01    9.72638E-02    1.03408E-01    2.86494E-01   -3.89170E-01    3.86378E-02    2.04160E-01
     2.93631E-01    3.22535E+00    7.37190E-01   -3.02240E-01    1.37903E+00   -3.26931E-01   -6.01906E-01    4.14246E-01   -3.67014E-01    9.74692E-02    9.95517E-02    2.85705E-01   -3.89906E-01    3.90512E-02    2.04097E-01
     2.95656E-01    3.21884E+00    7.39469E-01   -2.99441E-01    1.38488E+00   -3.28140E-01   -5.92248E-01    4.13502E-01   -3.68165E-01    9.76669E-02    9.56982E-02    2.84915E-01   -3.90611E-01    3.94644E-02    2.04012E-01
     2.97681E-01    3.21231E+00    7.41697E-01   -2.96631E-01    1.39066E+00   -3.29329E-01   -5.82551E-01    4.12755E-01   -3.69289E-01    9.78568E-02    9.18475E-02    2.84123E-01   -3.91284E-01    3.98774E-02    2.03904E-01
     2.99706E-01    3.20576E+00    7.43873E-01   -2.93809E-01    1.39637E+00   -3.30499E-01   -5.72815E-01    4.12006E-01   -3.70388E-01    9.80389E-02    8.79999E-02    2.83330E-01   -3.91925E-01    4.02902E-02    2.03775E-01
     3.01731E-01    3.19918E+00    7.45997E-01   -2.90976E-01    1.40202E+00   -3.31649E-01   -5.63040E-01    4.11255E-01   -3.71461E-01    9.82132E-02    8.41560E-02    2.82536E-01   -3.92534E-01    4.07026E-02    2.03623E-01
     3.03756E-01    3.19258E+00    7.48070E-01   -2.88131E-01    1.40760E+00   -3.32779E-01   -5.53227E-01    4.10502E-01   -3.72508E-01    9.83797E-02    8.03160E-02    2.81740E-01   -3.93111E-01    4.11148E-02    2.03450E-01
     3.05781E-01    3.18595E+00    7.50090E-01   -2.85275E-01    1.41311E+00   -3.33890E-01   -5.43376E-01    4.09747E-01   -3.73529E-01    9.85385E-02    7.64805E-02    2.80944E-01   -3.93657E-01    4.15266E-02    2.03255E-01
     3.07806E-01    3.17930E+00    7.52058E-01   -2.82408E-01    1.41856E+00   -3.34980E-01   -5.33487E-01    4.08989E-01   -3.74523E-01    9.86895E-02    7.26498E-02    2.80146E-01   -3.94171E-01    4.19380E-02    2.03038E-01
     3.09831E-01    3.17263E+00    7.53974E-01   -2.79530E-01    1.42393E+00   -3.36050E-01   -5.23561E-01    4.08230E-01   -3.75491E-01    9.88327E-02    6.88244E-02    2.79348E-01   -3.94653E-01    4.23489E-02    2.02800E-01
     3.11856E-01    3.16594E+00    7.55837E-01   -2.76641E-01    1.42924E+00   -3.37100E-01   -5.13597E-01    4.07468E-01   -3.76433E-01    9.89682E-02    6.50047E-02    2.78548E-01   -3.95104E-01    4.27593E-02    2.02541E-01
     3.13881E-01    3.15922E+00    7.57648E-01   -2.73742E-01    1.43448E+00   -3.38130E-01   -5.03597E-01    4.06705E-01   -3.77349E-01    9.90960E-02    6.11911E-02    2.77747E-01   -3.95523E-01    4.31691E-02    2.02260E-01
     3.15906E-01    3.15249E+00    7.59406E-01   -2.70832E-01    1.43965E+00   -3.39140E-01   -4.93560E-01    4.05940E-01   -3.78238E-01    9.92161E-02    5.73840E-02    2.76946E-01   -3.95911E-01    4.35784E-02    2.01958E-01
     3.17931E-01    3.14573E+00    7.61111E-01   -2.67911E-01    1.44475E+00   -3.40129E-01   -4.83488E-01    4.05173E-01   -3.79101E-01    9.93284E-02    5.35837E-02    2.76144E-01   -3.96268E-01    4.39870E-02    2.01635E-01
     3.19956E-01    3.13896E+00    7.62764E-01   -2.64981E-01    1.44978E+00   -3.41098E-01   -4.73379E-01    4.04405E-01   -3.79937E-01    9.94331E-02    4.97908E-02    2.75341E-01   -3.96593E-01    4.43950E-02    2.01290E-01
     3.21981E-01    3.13216E+00    7.64363E-01   -2.62040E-01    1.45474E+00   -3.42046E-01   -4.63234E-01    4.03635E-01   -3.80746E-01    9.95301E-02    4.60056E-02    2.74538E-01   -3.96888E-01    4.48022E-02    2.00926E-01
     3.24006E-01    3.12534E+00    7.65910E-01   -2.59089E-01    1.45963E+00   -3.42974E-01   -4.53055E-01    4.02863E-01   -3.81529E-01    9.96194E-02    4.22284E-02    2.73734E-01   -3.97151E-01    4.52087E-02    2.00540E-01
     3.26031E-01    3.11851E+00    7.67403E-01   -2.56128E-01    1.46445E+00   -3.43881E-01   -4.42840E-01    4.02090E-01   -3.82285E-01    9.97011E-02    3.84598E-02    2.72929E-01   -3.97383E-01    4.56144E-02    2.00134E-01
     3.28056E-01    3.11165E+00    7.68843E-01   -2.53158E-01    1.46920E+00   -3.44768E-01   -4.32591E-01    4.01315E-01   -3.83014E-01    9.97752E-02    3.47000E-02    2.72124E-01   -3.97584E-01    4.60192E-02    1.99707E-01
     3.30081E-01    3.10478E+00    7.70229E-01   -2.50178E-01    1.47388E+00   -3.45633E-01   -4.22307E-01    4.00538E-01   -3.83716E-01    9.98416E-02    3.09495E-02    2.71319E-01   -3.97755E-01    4.64232E-02    1.99261E-01
     3.32106E-01    3.09789E+00    7.71563E-01   -2.47189E-01    1.47849E+00   -3.46478E-01   -4.11989E-01    3.99761E-01   -3.84392E-01    9.99005E-02    2.72087E-02    2.70514E-01   -3.97894E-01    4.68262E-02    1.98794E-01
     3.34131E-01    3.09098E+00    7.72842E-01   -2.44190E-01    1.48302E+00   -3.47302E-01   -4.01638E-01    3.98982E-01   -3.85040E-01    9.99518E-02    2.34779E-02    2.69708E-01   -3.98003E-01    4.72283E-02    1.98307E-01
     3.36156E-01    3.08406E+00    7.74069E-01   -2.41183E-01    1.48748E+00   -3.48104E-01   -3.91253E-01    3.98201E-01   -3.85662E-01    9.99956E-02    1.97575E-02    2.68902E-01   -3.98082E-01    4.76293E-02    1.97800E-01
     3.38181E-01    3.07712E+00    7.75241E-01   -2.38166E-01    1.49187E+00   -3.48886E-01   -3.80835E-01    3.97420E-01   -3.86256E-01    1.00032E-01    1.60479E-02    2.68096E-01   -3.98130E-01    4.80294E-02    1.97274E-01
     3.40206E-01    3.07016E+00    7.76360E-01   -2.35141E-01    1.49619E+00   -3.49647E-01   -3.70384E-01    3.96637E-01   -3.86824E-01    1.00061E-01    1.23495E-02    2.67289E-01   -3.98148E-01    4.84283E-02    1.96728E-01
     3.42231E-01    3.06319E+00    7.77425E-01   -2.32107E-01    1.50043E+00   -3.50386E-01   -3.59900E-01    3.95853E-01   -3.87364E-01    1.00082E-01    8.66259E-03    2.66483E-01   -3.98135E-01    4.88261E-02    1.96162E-01
     3.44256E-01    3.05620E+00    7.78437E-01   -2.29064E-01    1.50459E+00   -3.51104E-01   -3.49384E-01    3.95068E-01   -3.87878E-01    1.00096E-01    4.98763E-03    2.65677E-01   -3.98093E-01    4.92227E-02    1.95578E-01
     3.46281E-01    3.04919E+00    7.79394E-01   -2.26013E-01    1.50869E+00   -3.51801E-01   -3.38836E-01    3.94282E-01   -3.88364E-01    1.00102E-01    1.32495E-03    2.64871E-01   -3.98021E-01    4.96181E-02    1.94974E-01
     3.48306E-01    3.04218E+00    7.80298E-01   -2.22954E-01    1.51271E+00   -3.52477E-01   -3.28256E-01    3.93495E-01   -3.88823E-01    1.00101E-01   -2.32509E-03    2.64065E-01   -3.97918E-01    5.00123E-02    1.94352E-01
     3.50331E-01    3.03514E+00    7.81148E-01   -2.19887E-01    1.51665E+00   -3.53131E-01   -3.17645E-01    3.92708E-01   -3.89255E-01    1.00093E-01   -5.96214E-03    2.63259E-01   -3.97786E-01    5.04052E-02    1.93711E-01
     3.52356E-01    3.02810E+00    7.81944E-01   -2.16812E-01    1.52052E+00   -3.53763E-01   -3.07003E-01    3.91919E-01   -3.89660E-01    1.00077E-01   -9.58582E-03    2.62454E-01   -3.97625E-01    5.07968E-02    1.93051E-01
     3.54381E-01    3.02104E+00    7.82686E-01   -2.13729E-01    1.52431E+00   -3.54374E-01   -2.96330E-01    3.91130E-01   -3.90037E-01    1.00054E-01   -1.31958E-02    2.61649E-01   -3.97434E-01    5.11871E-02    1.92373E-01
     3.56406E-01    3.01397E+00    7.83374E-01   -2.10639E-01    1.52803E+00   -3.54963E-01   -2.85626E-01    3.90339E-01   -3.90387E-01    1.00023E-01   -1.67917E-02    2.60844E-01   -3.97213E-01    5.15759E-02    1.91676E-01
     3.58431E-01    3.00689E+00    7.84008E-01   -2.07541E-01    1.53166E+00   -3.55531E-01   -2.74893E-01    3.89548E-01   -3.90710E-01    9.99859E-02   -2.03732E-02    2.60040E-01   -3.96963E-01    5.19633E-02    1.90962E-01
     3.60456E-01    2.99979E+00    7.84587E-01   -2.04436E-01    1.53522E+00   -3.56076E-01   -2.64129E-01    3.88757E-01   -3.91006E-01    9.99410E-02   -2.39400E-02    2.59237E-01   -3.96685E-01    5.23493E-02    1.90229E-01
     3.62481E-01    2.99268E+00    7.85113E-01   -2.01323E-01    1.53871E+00   -3.56600E-01   -2.53336E-01    3.87965E-01   -3.91274E-01    9.98889E-02   -2.74916E-02    2.58434E-01   -3.96377E-01    5.27338E-02    1.89479E-01
     3.64505E-01    2.98557E+00    7.85585E-01   -1.98204E-01    1.54211E+00   -3.57102E-01   -2.42514E-01    3.87172E-01   -3.91515E-01    9.98297E-02   -3.10279E-02    2.57632E-01   -3.96041E-01    5.31167E-02    1.88712E-01
     3.66530E-01    2.97844E+00    7.86003E-01   -1.95078E-01    1.54544E+00   -3.57582E-01   -2.31662E-01    3.86379E-01   -3.91729E-01    9.97633E-02   -3.45483E-02    2.56830E-01   -3.95675E-01    5.34980E-02    1.87927E-01
     3.68555E-01    2.97130E+00    7.86366E-01   -1.91945E-01    1.54869E+00   -3.58041E-01   -2.20782E-01    3.85586E-01   -3.91916E-01    9.96898E-02   -3.80527E-02    2.56029E-01   -3.95282E-01    5.38778E-02    1.87125E-01
     3.70580E-01    2.96415E+00    7.86676E-01   -1.88806E-01    1.55185E+00   -3.58477E-01   -2.09874E-01    3.84792E-01   -3.92075E-01    9.96092E-02   -4.15406E-02    2.55229E-01   -3.94860E-01    5.42559E-02    1.86306E-01
     3.72605E-01    2.95700E+00    7.86931E-01   -1.85660E-01    1.55494E+00   -3.58890E-01   -1.98938E-01    3.83998E-01   -3.92207E-01    9.95215E-02   -4.50119E-02    2.54430E-01   -3.94409E-01    5.46323E-02    1.85470E-01
     3.74630E-01    2.94983E+00    7.87133E-01   -1.82508E-01    1.55795E+00   -3.59282E-01   -1.87974E-01    3.83204E-01   -3.92311E-01    9.94269E-02   -4.84660E-02    2.53632E-01   -3.93931E-01    5.50070E-02    1.84618E-01
     3.76655E-01    2.94266E+00    7.87280E-01   -1.79351E-01    1.56087E+00   -3.59652E-01   -1.76982E-01    3.82409E-01   -3.92389E-01    9.93253E-02   -5.19028E-02    2.52835E-01   -3.93425E-01    5.53800E-02    1.83749E-01
     3.78680E-01    2.93548E+00    7.87374E-01   -1.76187E-01    1.56372E+00   -3.59999E-01   -1.65964E-01    3.81615E-01   -3.92439E-01    9.92167E-02   -5.53219E-02    2.52038E-01   -3.92891E-01    5.57511E-02    1.82864E-01
     3.80705E-01    2.92829E+00    7.87413E-01   -1.73018E-01    1.56648E+00   -3.60324E-01   -1.54919E-01    3.80820E-01   -3.92462E-01    9.91012E-02   -5.87229E-02    2.51243E-01   -3.92329E-01    5.61205E-02    1.81963E-01
     3.82730E-01    2.92109E+00    7.87399E-01   -1.69843E-01    1.56916E+00   -3.60626E-01   -1.43848E-01    3.80025E-01   -3.92457E-01    9.89789E-02   -6.21057E-02    2.50450E-01   -3.91740E-01    5.64881E-02    1.81047E-01
     3.84755E-01    2.91389E+00    7.87331E-01   -1.66663E-01    1.57175E+00   -3.60906E-01   -1.32751E-01    3.79230E-01   -3.92426E-01    9.88497E-02   -6.54698E-02    2.49657E-01   -3.91124E-01    5.68538E-02    1.80114E-01
     3.86780E-01    2.90669E+00    7.87209E-01   -1.63477E-01    1.57427E+00   -3.61164E-01   -1.21629E-01    3.78436E-01   -3.92367E-01    9.87137E-02   -6.88151E-02    2.48865E-01   -3.90481E-01    5.72175E-02    1.79167E-01
     3.88805E-01    2.89947E+00    7.87033E-01   -1.60287E-01    1.57669E+00   -3.61399E-01   -1.10481E-01    3.77641E-01   -3.92281E-01    9.85710E-02   -7.21411E-02    2.48075E-01   -3.89811E-01    5.75794E-02    1.78204E-01
     3.90830E-01    2.89226E+00    7.86803E-01   -1.57092E-01    1.57904E+00   -3.61611E-01   -9.93084E-02    3.76847E-01   -3.92168E-01    9.84216E-02   -7.54477E-02    2.47287E-01   -3.89114E-01    5.79392E-02    1.77226E-01
     3.92855E-01    2.88503E+00    7.86520E-01   -1.53892E-01    1.58129E+00   -3.61801E-01   -8.81114E-02    3.76053E-01   -3.92028E-01    9.82655E-02   -7.87345E-02    2.46500E-01   -3.88390E-01    5.82971E-02    1.76233E-01
     3.94880E-01    2.87781E+00    7.86183E-01   -1.50688E-01    1.58346E+00   -3.61968E-01   -7.68904E-02    3.75259E-01   -3.91861E-01    9.81027E-02   -8.20012E-02    2.45714E-01   -3.87640E-01    5.86530E-02    1.75226E-01
     3.96905E-01    2.87058E+00    7.85792E-01   -1.47479E-01    1.58555E+00   -3.62113E-01   -6.56457E-02    3.74466E-01   -3.91666E-01    9.79334E-02   -8.52475E-02    2.44930E-01   -3.86864E-01    5.90068E-02    1.74205E-01
     3.98930E-01    2.86335E+00    7.85348E-01   -1.44266E-01    1.58754E+00   -3.62234E-01   -5.43778E-02    3.73673E-01   -3.91445E-01    9.77575E-02   -8.84733E-02    2.44147E-01   -3.86062E-01    5.93585E-02    1.73169E-01
     4.00955E-01    2.85611E+00    7.84851E-01   -1.41050E-01    1.58945E+00   -3.62333E-01   -4.30871E-02    3.72881E-01   -3.91197E-01    9.75751E-02   -9.16781E-02    2.43366E-01   -3.85234E-01    5.97081E-02    1.72119E-01
     4.02980E-01    2.84887E+00    7.84300E-01   -1.37829E-01    1.59127E+00   -3.62409E-01   -3.17740E-02    3.72089E-01   -3.90921E-01    9.73862E-02   -9.48618E-02    2.42587E-01   -3.84380E-01    6.00555E-02    1.71056E-01
     4.05005E-01    2.84164E+00    7.83696E-01   -1.34605E-01    1.59301E+00   -3.62461E-01   -2.04390E-02    3.71298E-01   -3.90619E-01    9.71909E-02   -9.80241E-02    2.41809E-01   -3.83501E-01    6.04008E-02    1.69979E-01
     4.07030E-01    2.83440E+00    7.83039E-01   -1.31378E-01    1.59465E+00   -3.62491E-01   -9.08246E-03    3.70507E-01   -3.90290E-01    9.69892E-02   -1.01165E-01    2.41034E-01   -3.82596E-01    6.07439E-02    1.68889E-01
     4.09055E-01    2.82716E+00    7.82329E-01   -1.28147E-01    1.59620E+00   -3.62498E-01    2.29510E-03    3.69717E-01   -3.89935E-01    9.67812E-02   -1.04283E-01    2.40260E-01   -3.81666E-01    6.10848E-02    1.67786E-01
     4.11080E-01    2.81991E+00    7.81566E-01   -1.24913E-01    1.59766E+00   -3.62482E-01    1.36932E-02    3.68928E-01   -3.89552E-01    9.65669E-02   -1.07380E-01    2.39488E-01   -3.80712E-01    6.14234E-02    1.66671E-01
     4.13105E-01    2.81267E+00    7.80750E-01   -1.21677E-01    1.59903E+00   -3.62443E-01    2.51115E-02    3.68139E-01   -3.89143E-01    9.63464E-02   -1.10454E-01    2.38718E-01   -3.79733E-01    6.17598E-02    1.65542E-01
     4.15130E-01    2.80544E+00    7.79881E-01   -1.18437E-01    1.60030E+00   -3.62380E-01    3.65493E-02    3.67352E-01   -3.88707E-01    9.61196E-02   -1.13505E-01    2.37950E-01   -3.78729E-01    6.20939E-02    1.64401E-01
     4.17155E-01    2.79820E+00    7.78960E-01   -1.15196E-01    1.60148E+00   -3.62295E-01    4.80062E-02    3.66565E-01   -3.88245E-01    9.58867E-02   -1.16534E-01    2.37184E-01   -3.77701E-01    6.24256E-02    1.63248E-01
     4.19180E-01    2.79096E+00    7.77986E-01   -1.11952E-01    1.60257E+00   -3.62186E-01    5.94817E-02    3.65779E-01   -3.87756E-01    9.56477E-02   -1.19539E-01    2.36421E-01   -3.76648E-01    6.27550E-02    1.62084E-01
     4.21205E-01    2.78373E+00    7.76960E-01   -1.08705E-01    1.60357E+00   -3.62054E-01    7.09753E-02    3.64995E-01   -3.87241E-01    9.54026E-02   -1.22521E-01    2.35659E-01   -3.75572E-01    6.30820E-02    1.60907E-01
     4.23230E-01    2.77650E+00    7.75881E-01   -1.05457E-01    1.60447E+00   -3.61898E-01    8.24864E-02    3.64211E-01   -3.86699E-01    9.51515E-02   -1.25479E-01    2.34900E-01   -3.74472E-01    6.34067E-02    1.59719E-01
     4.25255E-01    2.76927E+00    7.74751E-01   -1.02207E-01    1.60527E+00   -3.61720E-01    9.40144E-02    3.63429E-01   -3.86132E-01    9.48944E-02   -1.28413E-01    2.34142E-01   -3.73349E-01    6.37289E-02    1.58520E-01
     4.27280E-01    2.76204E+00    7.73568E-01   -9.89560E-02    1.60598E+00   -3.61518E-01    1.05559E-01    3.62647E-01   -3.85538E-01    9.46314E-02   -1.31324E-01    2.33387E-01   -3.72202E-01    6.40487E-02    1.57310E-01
     4.29305E-01    2.75482E+00    7.72334E-01   -9.57033E-02    1.60659E+00   -3.61292E-01    1.17119E-01    3.61867E-01   -3.84917E-01    9.43626E-02   -1.34210E-01    2.32635E-01   -3.71032E-01    6.43660E-02    1.56089E-01
     4.31330E-01    2.74761E+00    7.71048E-01   -9.24495E-02    1.60710E+00   -3.61043E-01    1.28694E-01    3.61088E-01   -3.84271E-01    9.40879E-02   -1.37071E-01    2.31885E-01   -3.69840E-01    6.46808E-02    1.54858E-01
     4.33355E-01    2.74040E+00    7.69710E-01   -8.91947E-02    1.60751E+00   -3.60771E-01    1.40284E-01    3.60311E-01   -3.83599E-01    9.38075E-02   -1.39908E-01    2.31137E-01   -3.68624E-01    6.49931E-02    1.53616E-01
     4.35380E-01    2.73319E+00    7.68321E-01   -8.59392E-02    1.60783E+00   -3.60475E-01    1.51888E-01    3.59535E-01   -3.82901E-01    9.35213E-02   -1.42720E-01    2.30392E-01   -3.67386E-01    6.53029E-02    1.52365E-01
     4.37405E-01    2.72599E+00    7.66881E-01   -8.26831E-02    1.60804E+00   -3.60156E-01    1.63505E-01    3.58760E-01   -3.82177E-01    9.32295E-02   -1.45507E-01    2.29649E-01   -3.66126E-01    6.56102E-02    1.51103E-01
     4.39430E-01    2.71880E+00    7.65389E-01   -7.94268E-02    1.60815E+00   -3.59813E-01    1.75135E-01    3.57987E-01   -3.81428E-01    9.29320E-02   -1.48268E-01    2.28909E-01   -3.64844E-01    6.59149E-02    1.49832E-01
     4.41455E-01    2.71162E+00    7.63847E-01   -7.61703E-02    1.60817E+00   -3.59447E-01    1.86777E-01    3.57216E-01   -3.80653E-01    9.26290E-02   -1.51004E-01    2.28172E-01   -3.63540E-01    6.62170E-02    1.48552E-01
     4.43480E-01    2.70444E+00    7.62254E-01   -7.29139E-02    1.60807E+00   -3.59057E-01    1.98429E-01    3.56446E-01   -3.79852E-01    9.23205E-02   -1.53715E-01    2.27437E-01   -3.62215E-01    6.65165E-02    1.47263E-01
     4.45504E-01    2.69727E+00    7.60611E-01   -6.96577E-02    1.60788E+00   -3.58643E-01    2.10093E-01    3.55677E-01   -3.79026E-01    9.20065E-02   -1.56399E-01    2.26705E-01   -3.60868E-01    6.68134E-02    1.45965E-01
     4.47529E-01    2.69011E+00    7.58917E-01   -6.64021E-02    1.60758E+00   -3.58206E-01    2.21766E-01    3.54911E-01   -3.78175E-01    9.16871E-02   -1.59058E-01    2.25975E-01   -3.59500E-01    6.71077E-02    1.44658E-01
     4.49554E-01    2.68296E+00    7.57173E-01   -6.31472E-02    1.60718E+00   -3.57745E-01    2.33448E-01    3.54146E-01   -3.77298E-01    9.13623E-02   -1.61690E-01    2.25249E-01   -3.58111E-01    6.73993E-02    1.43344E-01
     4.51579E-01    2.67582E+00    7.55379E-01   -5.98932E-02    1.60667E+00   -3.57260E-01    2.45138E-01    3.53383E-01   -3.76396E-01    9.10323E-02   -1.64296E-01    2.24525E-01   -3.56701E-01    6.76882E-02    1.42021E-01
     4.53604E-01    2.66869E+00    7.53535E-01   -5.66403E-02    1.60606E+00   -3.56752E-01    2.56836E-01    3.52621E-01   -3.75470E-01    9.06969E-02   -1.66875E-01    2.23804E-01   -3.55271E-01    6.79744E-02    1.40690E-01
     4.55629E-01    2.66157E+00    7.51642E-01   -5.33888E-02    1.60533E+00   -3.56220E-01    2.68540E-01    3.51862E-01   -3.74518E-01    9.03564E-02   -1.69428E-01    2.23086E-01   -3.53821E-01    6.82580E-02    1.39352E-01
     4.57654E-01    2.65446E+00    7.49700E-01   -5.01389E-02    1.60451E+00   -3.55664E-01    2.80250E-01    3.51105E-01   -3.73542E-01    9.00108E-02   -1.71954E-01    2.22371E-01   -3.52351E-01    6.85388E-02    1.38006E-01
     4.59679E-01    2.64736E+00    7.47708E-01   -4.68907E-02    1.60357E+00   -3.55085E-01    2.91965E-01    3.50349E-01   -3.72541E-01    8.96601E-02   -1.74453E-01    2.21659E-01   -3.50861E-01    6.88169E-02    1.36653E-01
     4.61704E-01    2.64027E+00    7.45668E-01   -4.36446E-02    1.60252E+00   -3.54482E-01    3.03683E-01    3.49596E-01   -3.71515E-01    8.93043E-02   -1.76924E-01    2.20950E-01   -3.49351E-01    6.90922E-02    1.35294E-01
     4.63729E-01    2.63320E+00    7.43579E-01   -4.04006E-02    1.60136E+00   -3.53855E-01    3.15405E-01    3.48845E-01   -3.70466E-01    8.89435E-02   -1.79369E-01    2.20244E-01   -3.47822E-01    6.93648E-02    1.33928E-01
     4.65754E-01    2.62614E+00    7.41441E-01   -3.71592E-02    1.60010E+00   -3.53205E-01    3.27129E-01    3.48095E-01   -3.69391E-01    8.85779E-02   -1.81786E-01    2.19542E-01   -3.46274E-01    6.96346E-02    1.32556E-01
     4.67779E-01    2.61909E+00    7.39255E-01   -3.39204E-02    1.59872E+00   -3.52530E-01    3.38854E-01    3.47349E-01   -3.68293E-01    8.82073E-02   -1.84175E-01    2.18842E-01   -3.44707E-01    6.99017E-02    1.31177E-01
     4.69804E-01    2.61206E+00    7.37021E-01   -3.06845E-02    1.59723E+00   -3.51832E-01    3.50579E-01    3.46604E-01   -3.67171E-01    8.78320E-02   -1.86537E-01    2.18146E-01   -3.43122E-01    7.01659E-02    1.29793E-01
     4.71829E-01    2.60504E+00    7.34740E-01   -2.74518E-02    1.59562E+00   -3.51110E-01    3.62304E-01    3.45861E-01   -3.66025E-01    8.74519E-02   -1.88871E-01    2.17452E-01   -3.41518E-01    7.04273E-02    1.28404E-01
     4.73854E-01    2.59804E+00    7.32411E-01   -2.42224E-02    1.59391E+00   -3.50365E-01    3.74026E-01    3.45121E-01   -3.64855E-01    8.70671E-02   -1.91177E-01    2.16762E-01   -3.39896E-01    7.06859E-02    1.27009E-01
     4.75879E-01    2.59105E+00    7.30035E-01   -2.09966E-02    1.59207E+00   -3.49596E-01    3.85746E-01    3.44384E-01   -3.63661E-01    8.66776E-02   -1.93454E-01    2.16076E-01   -3.38257E-01    7.09417E-02    1.25609E-01
     4.77904E-01    2.58408E+00    7.27612E-01   -1.77747E-02    1.59013E+00   -3.48803E-01    3.97461E-01    3.43649E-01   -3.62444E-01    8.62836E-02   -1.95704E-01    2.15393E-01   -3.36599E-01    7.11946E-02    1.24204E-01
     4.79929E-01    2.57712E+00    7.25142E-01   -1.45568E-02    1.58806E+00   -3.47986E-01    4.09172E-01    3.42916E-01   -3.61204E-01    8.58851E-02   -1.97926E-01    2.14713E-01   -3.34924E-01    7.14447E-02    1.22795E-01
     4.81954E-01    2.57018E+00    7.22626E-01   -1.13432E-02    1.58588E+00   -3.47146E-01    4.20876E-01    3.42186E-01   -3.59940E-01    8.54821E-02   -2.00119E-01    2.14036E-01   -3.33232E-01    7.16919E-02    1.21382E-01
     4.83979E-01    2.56326E+00    7.20064E-01   -8.13412E-03    1.58358E+00   -3.46281E-01    4.32573E-01    3.41458E-01   -3.58654E-01    8.50746E-02   -2.02283E-01    2.13363E-01   -3.31524E-01    7.19363E-02    1.19965E-01
     4.86004E-01    2.55636E+00    7.17456E-01   -4.92982E-03    1.58117E+00   -3.45394E-01    4.44261E-01    3.40733E-01   -3.57345E-01    8.46628E-02   -2.04419E-01    2.12694E-01   -3.29798E-01    7.21778E-02    1.18544E-01
     4.88029E-01    2.54948E+00    7.14803E-01   -1.73054E-03    1.57863E+00   -3.44482E-01    4.55939E-01    3.40011E-01   -3.56012E-01    8.42468E-02   -2.06526E-01    2.12027E-01   -3.28056E-01    7.24164E-02    1.17119E-01
     4.90054E-01    2.54261E+00    7.12104E-01    1.46349E-03    1.57598E+00   -3.43547E-01    4.67607E-01    3.39292E-01   -3.54658E-01    8.38264E-02   -2.08605E-01    2.11365E-01   -3.26298E-01    7.26521E-02    1.15692E-01
     4.92079E-01    2.53577E+00    7.09360E-01    4.65202E-03    1.57321E+00   -3.42588E-01    4.79262E-01    3.38575E-01   -3.53281E-01    8.34019E-02   -2.10655E-01    2.10706E-01   -3.24524E-01    7.28849E-02    1.14261E-01
     4.94104E-01    2.52894E+00    7.06571E-01    7.83482E-03    1.57031E+00   -3.41606E-01    4.90903E-01    3.37861E-01   -3.51881E-01    8.29733E-02   -2.12676E-01    2.10051E-01   -3.22734E-01    7.31149E-02    1.12828E-01
     4.96129E-01    2.52214E+00    7.03739E-01    1.10116E-02    1.56730E+00   -3.40600E-01    5.02530E-01    3.37150E-01   -3.50460E-01    8.25406E-02   -2.14668E-01    2.09399E-01   -3.20929E-01    7.33419E-02    1.11393E-01
     4.98154E-01    2.51535E+00    7.00862E-01    1.41822E-02    1.56416E+00   -3.39571E-01    5.14141E-01    3.36441E-01   -3.49016E-01    8.21039E-02   -2.16631E-01    2.08751E-01   -3.19109E-01    7.35660E-02    1.09955E-01
     5.00179E-01    2.50859E+00    6.97941E-01    1.73463E-02    1.56090E+00   -3.38518E-01    5.25733E-01    3.35736E-01   -3.47551E-01    8.16633E-02   -2.18564E-01    2.08107E-01   -3.17274E-01    7.37872E-02    1.08515E-01
     5.02204E-01    2.50185E+00    6.94977E-01    2.05037E-02    1.55751E+00   -3.37442E-01    5.37307E-01    3.35034E-01   -3.46064E-01    8.12188E-02   -2.20469E-01    2.07466E-01   -3.15424E-01    7.40055E-02    1.07074E-01
     5.04229E-01    2.49513E+00    6.91970E-01    2.36541E-02    1.55401E+00   -3.36342E-01    5.48861E-01    3.34335E-01   -3.44556E-01    8.07704E-02   -2.22344E-01    2.06829E-01   -3.13560E-01    7.42208E-02    1.05632E-01
     5.06254E-01    2.48843E+00    6.88920E-01    2.67972E-02    1.55037E+00   -3.35219E-01    5.60393E-01    3.33638E-01   -3.43027E-01    8.03183E-02   -2.24191E-01    2.06196E-01   -3.11682E-01    7.44333E-02    1.04188E-01
     5.08279E-01    2.48176E+00    6.85827E-01    2.99329E-02    1.54662E+00   -3.34072E-01    5.71901E-01    3.32945E-01   -3.41476E-01    7.98625E-02   -2.26008E-01    2.05567E-01   -3.09790E-01    7.46428E-02    1.02744E-01
     5.10304E-01    2.47511E+00    6.82693E-01    3.30609E-02    1.54273E+00   -3.32903E-01    5.83385E-01    3.32256E-01   -3.39905E-01    7.94030E-02   -2.27795E-01    2.04941E-01   -3.07884E-01    7.48494E-02    1.01299E-01
     5.12329E-01    2.46849E+00    6.79516E-01    3.61808E-02    1.53873E+00   -3.31710E-01    5.94842E-01    3.31569E-01   -3.38312E-01    7.89400E-02   -2.29553E-01    2.04320E-01   -3.05964E-01    7.50530E-02    9.98536E-02
     5.14354E-01    2.46189E+00    6.76299E-01    3.92926E-02    1.53459E+00   -3.30494E-01    6.06271E-01    3.30885E-01   -3.36700E-01    7.84734E-02   -2.31282E-01    2.03702E-01   -3.04032E-01    7.52538E-02    9.84084E-02
     5.16379E-01    2.45532E+00    6.73040E-01    4.23958E-02    1.53033E+00   -3.29254E-01    6.17671E-01    3.30205E-01   -3.35067E-01    7.80033E-02   -2.32982E-01    2.03089E-01   -3.02087E-01    7.54516E-02    9.69634E-02
     5.18404E-01    2.44877E+00    6.69740E-01    4.54902E-02    1.52594E+00   -3.27992E-01    6.29040E-01    3.29528E-01   -3.33414E-01    7.75298E-02   -2.34652E-01    2.02479E-01   -3.00129E-01    7.56465E-02    9.55189E-02
     5.20429E-01    2.44225E+00    6.66401E-01    4.85757E-02    1.52142E+00   -3.26707E-01    6.40376E-01    3.28855E-01   -3.31741E-01    7.70530E-02   -2.36292E-01    2.01873E-01   -2.98158E-01    7.58384E-02    9.40752E-02
     5.22454E-01    2.43575E+00    6.63021E-01    5.16518E-02    1.51678E+00   -3.25399E-01    6.51678E-01    3.28185E-01   -3.30048E-01    7.65729E-02   -2.37904E-01    2.01271E-01   -2.96176E-01    7.60275E-02    9.26325E-02
     5.24479E-01    2.42928E+00    6.59601E-01    5.47184E-02    1.51200E+00   -3.24068E-01    6.62944E-01    3.27518E-01   -3.28335E-01    7.60895E-02   -2.39485E-01    2.00674E-01   -2.94182E-01    7.62136E-02    9.11911E-02
     5.26504E-01    2.42284E+00    6.56143E-01    5.77753E-02    1.50710E+00   -3.22714E-01    6.74172E-01    3.26855E-01   -3.26603E-01    7.56030E-02   -2.41038E-01    2.00080E-01   -2.92176E-01    7.63968E-02    8.97513E-02
     5.28528E-01    2.41643E+00    6.52645E-01    6.08220E-02    1.50207E+00   -3.21337E-01    6.85361E-01    3.26196E-01   -3.24852E-01    7.51133E-02   -2.42560E-01    1.99490E-01   -2.90159E-01    7.65771E-02    8.83133E-02
     5.30553E-01    2.41005E+00    6.49109E-01    6.38585E-02    1.49691E+00   -3.19938E-01    6.96509E-01    3.25540E-01   -3.23082E-01    7.46206E-02   -2.44054E-01    1.98905E-01   -2.88130E-01    7.67545E-02    8.68774E-02
     5.32578E-01    2.40369E+00    6.45535E-01    6.68843E-02    1.49162E+00   -3.18517E-01    7.07614E-01    3.24887E-01   -3.21293E-01    7.41250E-02   -2.45518E-01    1.98323E-01   -2.86091E-01    7.69289E-02    8.54438E-02
     5.34603E-01    2.39737E+00    6.41923E-01    6.98993E-02    1.48619E+00   -3.17072E-01    7.18674E-01    3.24238E-01   -3.19486E-01    7.36263E-02   -2.46952E-01    1.97746E-01   -2.84042E-01    7.71005E-02    8.40128E-02
     5.36628E-01    2.39107E+00    6.38274E-01    7.29033E-02    1.48064E+00   -3.15606E-01    7.29688E-01    3.23593E-01   -3.17660E-01    7.31248E-02   -2.48357E-01    1.97173E-01   -2.81982E-01    7.72692E-02    8.25847E-02
     5.38653E-01    2.38481E+00    6.34588E-01    7.58958E-02    1.47496E+00   -3.14117E-01    7.40653E-01    3.22952E-01   -3.15816E-01    7.26205E-02   -2.49733E-01    1.96604E-01   -2.79912E-01    7.74350E-02    8.11597E-02
     5.40678E-01    2.37857E+00    6.30866E-01    7.88767E-02    1.46915E+00   -3.12606E-01    7.51569E-01    3.22314E-01   -3.13954E-01    7.21134E-02   -2.51080E-01    1.96039E-01   -2.77832E-01    7.75979E-02    7.97381E-02
     5.42703E-01    2.37237E+00    6.27107E-01    8.18457E-02    1.46321E+00   -3.11073E-01    7.62432E-01    3.21680E-01   -3.12074E-01    7.16037E-02   -2.52397E-01    1.95479E-01   -2.75743E-01    7.77579E-02    7.83201E-02
     5.44728E-01    2.36620E+00    6.23313E-01    8.48025E-02    1.45714E+00   -3.09519E-01    7.73241E-01    3.21050E-01   -3.10177E-01    7.10913E-02   -2.53685E-01    1.94923E-01   -2.73644E-01    7.79151E-02    7.69061E-02
     5.46753E-01    2.36006E+00    6.19483E-01    8.77469E-02    1.45094E+00   -3.07942E-01    7.83995E-01    3.20424E-01   -3.08262E-01    7.05763E-02   -2.54944E-01    1.94371E-01   -2.71536E-01    7.80694E-02    7.54962E-02
     5.48778E-01    2.35395E+00    6.15619E-01    9.06787E-02    1.44460E+00   -3.06344E-01    7.94691E-01    3.19802E-01   -3.06330E-01    7.00588E-02   -2.56173E-01    1.93823E-01   -2.69420E-01    7.82208E-02    7.40907E-02
     5.50803E-01    2.34788E+00    6.11720E-01    9.35974E-02    1.43814E+00   -3.04724E-01    8.05328E-01    3.19184E-01   -3.04382E-01    6.95388E-02   -2.57374E-01    1.93280E-01   -2.67295E-01    7.83695E-02    7.26899E-02
     5.52828E-01    2.34184E+00    6.07787E-01    9.65030E-02    1.43155E+00   -3.03082E-01    8.15902E-01    3.18569E-01   -3.02416E-01    6.90164E-02   -2.58545E-01    1.92740E-01   -2.65162E-01    7.85152E-02    7.12940E-02
     5.54853E-01    2.33583E+00    6.03821E-01    9.93950E-02    1.42483E+00   -3.01419E-01    8.26414E-01    3.17959E-01   -3.00435E-01    6.84917E-02   -2.59688E-01    1.92206E-01   -2.63021E-01    7.86582E-02    6.99032E-02
     5.56878E-01    2.32986E+00    5.99821E-01    1.02273E-01    1.41797E+00   -2.99735E-01    8.36860E-01    3.17352E-01   -2.98437E-01    6.79647E-02   -2.60802E-01    1.91675E-01   -2.60872E-01    7.87983E-02    6.85179E-02
     5.58903E-01    2.32392E+00    5.95789E-01    1.05138E-01    1.41099E+00   -2.98030E-01    8.47238E-01    3.16750E-01   -2.96423E-01    6.74355E-02   -2.61887E-01    1.91149E-01   -2.58716E-01    7.89357E-02    6.71383E-02
     5.60928E-01    2.31802E+00    5.91725E-01    1.07988E-01    1.40388E+00   -2.96304E-01    8.57547E-01    3.16152E-01   -2.94393E-01    6.69041E-02   -2.62943E-01    1.90627E-01   -2.56552E-01    7.90703E-02    6.57646E-02
     5.62953E-01    2.31215E+00    5.87628E-01    1.10823E-01    1.39664E+00   -2.94557E-01    8.67785E-01    3.15558E-01   -2.92347E-01    6.63706E-02   -2.63970E-01    1.90110E-01   -2.54382E-01    7.92020E-02    6.43971E-02
     5.64978E-01    2.30632E+00    5.83501E-01    1.13644E-01    1.38927E+00   -2.92789E-01    8.77949E-01    3.14968E-01   -2.90286E-01    6.58351E-02   -2.64969E-01    1.89597E-01   -2.52204E-01    7.93311E-02    6.30361E-02
     5.67003E-01    2.30053E+00    5.79342E-01    1.16450E-01    1.38178E+00   -2.91001E-01    8.88038E-01    3.14382E-01   -2.88211E-01    6.52975E-02   -2.65940E-01    1.89089E-01   -2.50021E-01    7.94573E-02    6.16817E-02
     5.69028E-01    2.29477E+00    5.75153E-01    1.19240E-01    1.37415E+00   -2.89193E-01    8.98050E-01    3.13801E-01   -2.86120E-01    6.47581E-02   -2.66882E-01    1.88585E-01   -2.47831E-01    7.95809E-02    6.03342E-02
     5.71053E-01    2.28905E+00    5.70934E-01    1.22015E-01    1.36640E+00   -2.87364E-01    9.07982E-01    3.13223E-01   -2.84014E-01    6.42167E-02   -2.67796E-01    1.88085E-01   -2.45635E-01    7.97017E-02    5.89939E-02
     5.73078E-01    2.28337E+00    5.66685E-01    1.24774E-01    1.35853E+00   -2.85516E-01    9.17832E-01    3.12650E-01   -2.81895E-01    6.36735E-02   -2.68682E-01    1.87590E-01   -2.43433E-01    7.98198E-02    5.76610E-02
     5.75103E-01    2.27772E+00    5.62408E-01    1.27517E-01    1.35052E+00   -2.83647E-01    9.27599E-01    3.12082E-01   -2.79761E-01    6.31286E-02   -2.69540E-01    1.87099E-01   -2.41226E-01    7.99352E-02    5.63357E-02
     5.77128E-01    2.27211E+00    5.58102E-01    1.30243E-01    1.34240E+00   -2.81759E-01    9.37281E-01    3.11517E-01   -2.77613E-01    6.25819E-02   -2.70369E-01    1.86613E-01   -2.39014E-01    8.00480E-02    5.50184E-02
     5.79153E-01    2.26655E+00    5.53767E-01    1.32953E-01    1.33414E+00   -2.79851E-01    9.46875E-01    3.10958E-01   -2.75451E-01    6.20336E-02   -2.71171E-01    1.86131E-01   -2.36797E-01    8.01581E-02    5.37092E-02
     5.81178E-01    2.26102E+00    5.49405E-01    1.35646E-01    1.32577E+00   -2.77924E-01    9.56380E-01    3.10402E-01   -2.73276E-01    6.14837E-02   -2.71946E-01    1.85654E-01   -2.34575E-01    8.02655E-02    5.24083E-02
     5.83203E-01    2.25553E+00    5.45016E-01    1.38322E-01    1.31727E+00   -2.75978E-01    9.65793E-01    3.09851E-01   -2.71087E-01    6.09323E-02   -2.72692E-01    1.85181E-01   -2.32349E-01    8.03703E-02    5.11160E-02
     5.85228E-01    2.25008E+00    5.40600E-01    1.40981E-01    1.30865E+00   -2.74013E-01    9.75113E-01    3.09304E-01   -2.68886E-01    6.03793E-02   -2.73412E-01    1.84713E-01   -2.30118E-01    8.04725E-02    4.98326E-02
     5.87253E-01    2.24467E+00    5.36158E-01    1.43622E-01    1.29991E+00   -2.72029E-01    9.84338E-01    3.08762E-01   -2.66672E-01    5.98250E-02   -2.74104E-01    1.84249E-01   -2.27884E-01    8.05721E-02    4.85582E-02
     5.89278E-01    2.23930E+00    5.31690E-01    1.46246E-01    1.29104E+00   -2.70027E-01    9.93464E-01    3.08224E-01   -2.64445E-01    5.92692E-02   -2.74769E-01    1.83790E-01   -2.25646E-01    8.06692E-02    4.72932E-02
     5.91303E-01    2.23397E+00    5.27197E-01    1.48851E-01    1.28206E+00   -2.68006E-01    1.00249E+00    3.07691E-01   -2.62206E-01    5.87122E-02   -2.75407E-01    1.83335E-01   -2.23404E-01    8.07637E-02    4.60376E-02
     5.93328E-01    2.22869E+00    5.22679E-01    1.51438E-01    1.27296E+00   -2.65967E-01    1.01142E+00    3.07162E-01   -2.59955E-01    5.81539E-02   -2.76018E-01    1.82885E-01   -2.21159E-01    8.08556E-02    4.47918E-02
     5.95353E-01    2.22344E+00    5.18137E-01    1.54006E-01    1.26375E+00   -2.63910E-01    1.02024E+00    3.06638E-01   -2.57693E-01    5.75944E-02   -2.76603E-01    1.82440E-01   -2.18911E-01    8.09451E-02    4.35560E-02
     5.97378E-01    2.21824E+00    5.13571E-01    1.56556E-01    1.25441E+00   -2.61835E-01    1.02896E+00    3.06118E-01   -2.55418E-01    5.70337E-02   -2.77160E-01    1.81999E-01   -2.16660E-01    8.10320E-02    4.23304E-02
     5.99403E-01    2.21308E+00    5.08982E-01    1.59087E-01    1.24497E+00   -2.59742E-01    1.03757E+00    3.05604E-01   -2.53133E-01    5.64719E-02   -2.77692E-01    1.81562E-01   -2.14407E-01    8.11165E-02    4.11152E-02
     6.01428E-01    2.20796E+00    5.04370E-01    1.61598E-01    1.23541E+00   -2.57633E-01    1.04607E+00    3.05093E-01   -2.50836E-01    5.59090E-02   -2.78197E-01    1.81130E-01   -2.12151E-01    8.11986E-02    3.99106E-02
     6.03453E-01    2.20289E+00    4.99736E-01    1.64090E-01    1.22573E+00   -2.55506E-01    1.05446E+00    3.04588E-01   -2.48529E-01    5.53452E-02   -2.78677E-01    1.80703E-01   -2.09894E-01    8.12782E-02    3.87169E-02
     6.05478E-01    2.19786E+00    4.95080E-01    1.66562E-01    1.21595E+00   -2.53362E-01    1.06274E+00    3.04087E-01   -2.46211E-01    5.47804E-02   -2.79130E-01    1.80280E-01   -2.07634E-01    8.13554E-02    3.75343E-02
     6.07502E-01    2.19287E+00    4.90403E-01    1.69014E-01    1.20606E+00   -2.51202E-01    1.07090E+00    3.03591E-01   -2.43882E-01    5.42148E-02   -2.79558E-01    1.79862E-01   -2.05373E-01    8.14302E-02    3.63629E-02
     6.09527E-01    2.18793E+00    4.85705E-01    1.71446E-01    1.19606E+00   -2.49025E-01    1.07895E+00    3.03099E-01   -2.41544E-01    5.36483E-02   -2.79961E-01    1.79449E-01   -2.03111E-01    8.15027E-02    3.52030E-02
     6.11552E-01    2.18303E+00    4.80986E-01    1.73858E-01    1.18595E+00   -2.46832E-01    1.08688E+00    3.02612E-01   -2.39196E-01    5.30810E-02   -2.80338E-01    1.79040E-01   -2.00847E-01    8.15728E-02    3.40548E-02
     6.13577E-01    2.17817E+00    4.76248E-01    1.76249E-01    1.17574E+00   -2.44624E-01    1.09468E+00    3.02130E-01   -2.36838E-01    5.25129E-02   -2.80690E-01    1.78635E-01   -1.98583E-01    8.16406E-02    3.29185E-02
     6.15602E-01    2.17336E+00    4.71491E-01    1.78620E-01    1.16542E+00   -2.42399E-01    1.10237E+00    3.01653E-01   -2.34471E-01    5.19442E-02   -2.81017E-01    1.78235E-01   -1.96318E-01    8.17061E-02    3.17943E-02
     6.17627E-01    2.16860E+00    4.66715E-01    1.80969E-01    1.15500E+00   -2.40159E-01    1.10993E+00    3.01181E-01   -2.32094E-01    5.13748E-02   -2.81319E-01    1.77840E-01   -1.94052E-01    8.17694E-02    3.06823E-02
     6.19652E-01    2.16388E+00    4.61921E-01    1.83297E-01    1.14449E+00   -2.37904E-01    1.11737E+00    3.00713E-01   -2.29709E-01    5.08049E-02   -2.81597E-01    1.77449E-01   -1.91786E-01    8.18304E-02    2.95829E-02
     6.21677E-01    2.15920E+00    4.57109E-01    1.85604E-01    1.13387E+00   -2.35634E-01    1.12468E+00    3.00250E-01   -2.27316E-01    5.02344E-02   -2.81851E-01    1.77063E-01   -1.89520E-01    8.18892E-02    2.84962E-02
     6.23702E-01    2.15457E+00    4.52280E-01    1.87889E-01    1.12316E+00   -2.33349E-01    1.13187E+00    2.99793E-01   -2.24914E-01    4.96634E-02   -2.82080E-01    1.76682E-01   -1.87255E-01    8.19458E-02    2.74223E-02
     6.25727E-01    2.14999E+00    4.47434E-01    1.90153E-01    1.11235E+00   -2.31050E-01    1.13892E+00    2.99340E-01   -2.22504E-01    4.90920E-02   -2.82286E-01    1.76305E-01   -1.84989E-01    8.20002E-02    2.63616E-02
     6.27752E-01    2.14546E+00    4.42572E-01    1.92394E-01    1.10145E+00   -2.28737E-01    1.14584E+00    2.98891E-01   -2.20086E-01    4.85202E-02   -2.82468E-01    1.75933E-01   -1.82725E-01    8.20526E-02    2.53140E-02
     6.29777E-01    2.14097E+00    4.37694E-01    1.94614E-01    1.09045E+00   -2.26409E-01    1.15263E+00    2.98448E-01   -2.17661E-01    4.79480E-02   -2.82627E-01    1.75565E-01   -1.80461E-01    8.21028E-02    2.42800E-02
     6.31802E-01    2.13653E+00    4.32801E-01    1.96811E-01    1.07937E+00   -2.24069E-01    1.15929E+00    2.98010E-01   -2.15228E-01    4.73756E-02   -2.82762E-01    1.75202E-01   -1.78198E-01    8.21509E-02    2.32595E-02
     6.33827E-01    2.13213E+00    4.27894E-01    1.98985E-01    1.06820E+00   -2.21714E-01    1.16581E+00    2.97577E-01   -2.12788E-01    4.68029E-02   -2.82874E-01    1.74843E-01   -1.75936E-01    8.21970E-02    2.22528E-02
     6.35852E-01    2.12779E+00    4.22972E-01    2.01137E-01    1.05694E+00   -2.19347E-01    1.17219E+00    2.97148E-01   -2.10341E-01    4.62300E-02   -2.82964E-01    1.74489E-01   -1.73676E-01    8.22410E-02    2.12601E-02
     6.37877E-01    2.12349E+00    4.18037E-01    2.03265E-01    1.04560E+00   -2.16967E-01    1.17844E+00    2.96725E-01   -2.07888E-01    4.56569E-02   -2.83031E-01    1.74140E-01   -1.71417E-01    8.22831E-02    2.02816E-02
     6.39902E-01    2.11924E+00    4.13089E-01    2.05371E-01    1.03418E+00   -2.14575E-01    1.18454E+00    2.96306E-01   -2.05429E-01    4.50837E-02   -2.83075E-01    1.73795E-01   -1.69161E-01    8.23232E-02    1.93173E-02
     6.41927E-01    2.11504E+00    4.08128E-01    2.07454E-01    1.02268E+00   -2.12170E-01    1.19050E+00    2.95893E-01   -2.02963E-01    4.45105E-02   -2.83098E-01    1.73455E-01   -1.66906E-01    8.23613E-02    1.83676E-02
     6.43952E-01    2.11088E+00    4.03155E-01    2.09513E-01    1.01110E+00   -2.09753E-01    1.19633E+00    2.95484E-01   -2.00492E-01    4.39372E-02   -2.83099E-01    1.73119E-01   -1.64653E-01    8.23976E-02    1.74325E-02
     6.45977E-01    2.10678E+00    3.98171E-01    2.11549E-01    9.99449E-01   -2.07325E-01    1.20200E+00    2.95081E-01   -1.98015E-01    4.33640E-02   -2.83078E-01    1.72788E-01   -1.62403E-01    8.24319E-02    1.65122E-02
     6.48002E-01    2.10272E+00    3.93176E-01    2.13561E-01    9.87721E-01   -2.04885E-01    1.20754E+00    2.94682E-01   -1.95532E-01    4.27908E-02   -2.83035E-01    1.72461E-01   -1.60156E-01    8.24645E-02    1.56069E-02
     6.50027E-01    2.09871E+00    3.88170E-01    2.15549E-01    9.75922E-01   -2.02435E-01    1.21293E+00    2.94289E-01   -1.93045E-01    4.22177E-02   -2.82972E-01    1.72139E-01   -1.57911E-01    8.24952E-02    1.47166E-02
     6.52052E-01    2.09475E+00    3.83154E-01    2.17513E-01    9.64054E-01   -1.99973E-01    1.21817E+00    2.93901E-01   -1.90553E-01    4.16448E-02   -2.82888E-01    1.71822E-01   -1.55669E-01    8.25241E-02    1.38417E-02
     6.54077E-01    2.09085E+00    3.78129E-01    2.19453E-01    9.52119E-01   -1.97501E-01    1.22326E+00    2.93517E-01   -1.88056E-01    4.10720E-02   -2.82783E-01    1.71509E-01   -1.53430E-01    8.25512E-02    1.29822E-02
     6.56102E-01    2.08699E+00    3.73094E-01    2.21369E-01    9.40119E-01   -1.95019E-01    1.22821E+00    2.93139E-01   -1.85554E-01    4.04995E-02   -2.82658E-01    1.71200E-01   -1.51195E-01    8.25767E-02    1.21382E-02
     6.58127E-01    2.08318E+00    3.68052E-01    2.23261E-01    9.28056E-01   -1.92527E-01    1.23301E+00    2.92766E-01   -1.83049E-01    3.99273E-02   -2.82513E-01    1.70896E-01   -1.48963E-01    8.26004E-02    1.13100E-02
     6.60152E-01    2.07942E+00    3.63001E-01    2.25128E-01    9.15933E-01   -1.90026E-01    1.23766E+00    2.92398E-01   -1.80540E-01    3.93554E-02   -2.82348E-01    1.70597E-01   -1.46735E-01    8.26225E-02    1.04976E-02
     6.62177E-01    2.07571E+00    3.57943E-01    2.26970E-01    9.03752E-01   -1.87515E-01    1.24215E+00    2.92035E-01   -1.78027E-01    3.87838E-02   -2.82163E-01    1.70302E-01   -1.44511E-01    8.26429E-02    9.70113E-03
     6.64202E-01    2.07205E+00    3.52878E-01    2.28788E-01    8.91515E-01   -1.84995E-01    1.24650E+00    2.91677E-01   -1.75511E-01    3.82126E-02   -2.81960E-01    1.70012E-01   -1.42290E-01    8.26618E-02    8.92082E-03
     6.66227E-01    2.06844E+00    3.47807E-01    2.30581E-01    8.79225E-01   -1.82467E-01    1.25069E+00    2.91324E-01   -1.72992E-01    3.76419E-02   -2.81737E-01    1.69726E-01   -1.40074E-01    8.26791E-02    8.15675E-03
     6.68252E-01    2.06488E+00    3.42730E-01    2.32349E-01    8.66883E-01   -1.79930E-01    1.25473E+00    2.90976E-01   -1.70470E-01    3.70716E-02   -2.81495E-01    1.69445E-01   -1.37862E-01    8.26948E-02    7.40906E-03
     6.70277E-01    2.06137E+00    3.37647E-01    2.34091E-01    8.54492E-01   -1.77385E-01    1.25862E+00    2.90633E-01   -1.67945E-01    3.65019E-02   -2.81235E-01    1.69168E-01   -1.35655E-01    8.27091E-02    6.67786E-03
     6.72302E-01    2.05791E+00    3.32560E-01    2.35809E-01    8.42055E-01   -1.74833E-01    1.26235E+00    2.90296E-01   -1.65418E-01    3.59327E-02   -2.80956E-01    1.68895E-01   -1.33452E-01    8.27219E-02    5.96327E-03
     6.74327E-01    2.05451E+00    3.27468E-01    2.37502E-01    8.29573E-01   -1.72273E-01    1.26593E+00    2.89963E-01   -1.62889E-01    3.53640E-02   -2.80660E-01    1.68627E-01   -1.31254E-01    8.27332E-02    5.26542E-03
     6.76352E-01    2.05115E+00    3.22372E-01    2.39169E-01    8.17049E-01   -1.69706E-01    1.26935E+00    2.89636E-01   -1.60358E-01    3.47960E-02   -2.80346E-01    1.68364E-01   -1.29061E-01    8.27432E-02    4.58440E-03
     6.78377E-01    2.04785E+00    3.17273E-01    2.40811E-01    8.04485E-01   -1.67132E-01    1.27262E+00    2.89314E-01   -1.57825E-01    3.42286E-02   -2.80014E-01    1.68104E-01   -1.26873E-01    8.27518E-02    3.92035E-03
     6.80402E-01    2.04460E+00    3.12171E-01    2.42427E-01    7.91884E-01   -1.64552E-01    1.27574E+00    2.88997E-01   -1.55290E-01    3.36620E-02   -2.79665E-01    1.67850E-01   -1.24690E-01    8.27591E-02    3.27336E-03
     6.82427E-01    2.04139E+00    3.07067E-01    2.44018E-01    7.79247E-01   -1.61966E-01    1.27869E+00    2.88685E-01   -1.52755E-01    3.30960E-02   -2.79300E-01    1.67599E-01   -1.22513E-01    8.27651E-02    2.64353E-03
     6.84452E-01    2.03824E+00    3.01960E-01    2.45583E-01    7.66578E-01   -1.59373E-01    1.28150E+00    2.88378E-01   -1.50218E-01    3.25308E-02   -2.78917E-01    1.67354E-01   -1.20341E-01    8.27698E-02    2.03097E-03
     6.86477E-01    2.03515E+00    2.96853E-01    2.47122E-01    7.53878E-01   -1.56776E-01    1.28414E+00    2.88077E-01   -1.47681E-01    3.19664E-02   -2.78519E-01    1.67112E-01   -1.18175E-01    8.27733E-02    1.43578E-03
     6.88501E-01    2.03210E+00    2.91744E-01    2.48636E-01    7.41150E-01   -1.54173E-01    1.28663E+00    2.87780E-01   -1.45144E-01    3.14029E-02   -2.78104E-01    1.66875E-01   -1.16014E-01    8.27756E-02    8.58044E-04
     6.90526E-01    2.02910E+00    2.86635E-01    2.50124E-01    7.28395E-01   -1.51565E-01    1.28896E+00    2.87489E-01   -1.42606E-01    3.08401E-02   -2.77674E-01    1.66642E-01   -1.13860E-01    8.27768E-02    2.97860E-04
     6.92551E-01    2.02616E+00    2.81526E-01    2.51586E-01    7.15617E-01   -1.48953E-01    1.29114E+00    2.87203E-01   -1.40068E-01    3.02783E-02   -2.77228E-01    1.66414E-01   -1.11711E-01    8.27769E-02   -2.44684E-04
     6.94576E-01    2.02327E+00    2.76418E-01    2.53022E-01    7.02817E-01   -1.46336E-01    1.29316E+00    2.86922E-01   -1.37530E-01    2.97174E-02   -2.76767E-01    1.66190E-01   -1.09569E-01    8.27758E-02   -7.69505E-04
     6.96601E-01    2.02043E+00    2.71310E-01    2.54432E-01    6.89998E-01   -1.43715E-01    1.29503E+00    2.86646E-01   -1.34993E-01    2.91574E-02   -2.76291E-01    1.65970E-01   -1.07433E-01    8.27738E-02   -1.27652E-03
     6.98626E-01    2.01764E+00    2.66204E-01    2.55817E-01    6.77162E-01   -1.41091E-01    1.29673E+00    2.86375E-01   -1.32456E-01    2.85984E-02   -2.75801E-01    1.65755E-01   -1.05303E-01    8.27707E-02   -1.76565E-03
     7.00651E-01    2.01490E+00    2.61100E-01    2.57175E-01    6.64311E-01   -1.38464E-01    1.29829E+00    2.86109E-01   -1.29920E-01    2.80405E-02   -2.75296E-01    1.65544E-01   -1.03179E-01    8.27666E-02   -2.23682E-03
     7.02676E-01    2.01222E+00    2.55998E-01    2.58507E-01    6.51448E-01   -1.35833E-01    1.29968E+00    2.85849E-01   -1.27385E-01    2.74835E-02   -2.74776E-01    1.65337E-01   -1.01063E-01    8.27616E-02   -2.68996E-03
     7.04701E-01    2.00959E+00    2.50899E-01    2.59813E-01    6.38574E-01   -1.33200E-01    1.30092E+00    2.85593E-01   -1.24852E-01    2.69276E-02   -2.74244E-01    1.65134E-01   -9.89525E-02    8.27557E-02   -3.12500E-03
     7.06726E-01    2.00700E+00    2.45804E-01    2.61093E-01    6.25692E-01   -1.30565E-01    1.30201E+00    2.85343E-01   -1.22320E-01    2.63728E-02   -2.73697E-01    1.64936E-01   -9.68492E-02    8.27490E-02   -3.54187E-03
     7.08751E-01    2.00448E+00    2.40712E-01    2.62347E-01    6.12804E-01   -1.27927E-01    1.30294E+00    2.85098E-01   -1.19790E-01    2.58192E-02   -2.73138E-01    1.64742E-01   -9.47527E-02    8.27414E-02   -3.94050E-03
     7.10776E-01    2.00200E+00    2.35625E-01    2.63575E-01    5.99912E-01   -1.25288E-01    1.30372E+00    2.84858E-01   -1.17262E-01    2.52667E-02   -2.72565E-01    1.64552E-01   -9.26633E-02    8.27330E-02   -4.32085E-03
     7.12801E-01    1.99958E+00    2.30542E-01    2.64777E-01    5.87018E-01   -1.22647E-01    1.30434E+00    2.84623E-01   -1.14737E-01    2.47153E-02   -2.71980E-01    1.64367E-01   -9.05809E-02    8.27239E-02   -4.68285E-03
     7.14826E-01    1.99720E+00    2.25465E-01    2.65952E-01    5.74124E-01   -1.20006E-01    1.30481E+00    2.84393E-01   -1.12213E-01    2.41652E-02   -2.71382E-01    1.64185E-01   -8.85057E-02    8.27141E-02   -5.02644E-03
     7.16851E-01    1.99488E+00    2.20393E-01    2.67102E-01    5.61232E-01   -1.17363E-01    1.30512E+00    2.84169E-01   -1.09692E-01    2.36162E-02   -2.70772E-01    1.64008E-01   -8.64377E-02    8.27036E-02   -5.35158E-03
     7.18876E-01    1.99261E+00    2.15327E-01    2.68225E-01    5.48345E-01   -1.14720E-01    1.30528E+00    2.83949E-01   -1.07175E-01    2.30686E-02   -2.70151E-01    1.63835E-01   -8.43771E-02    8.26924E-02   -5.65821E-03
     7.20901E-01    1.99040E+00    2.10267E-01    2.69323E-01    5.35465E-01   -1.12077E-01    1.30529E+00    2.83734E-01   -1.04660E-01    2.25221E-02   -2.69518E-01    1.63667E-01   -8.23239E-02    8.26807E-02   -5.94630E-03
     7.22926E-01    1.98823E+00    2.05215E-01    2.70394E-01    5.22592E-01   -1.09434E-01    1.30515E+00    2.83525E-01   -1.02148E-01    2.19770E-02   -2.68873E-01    1.63502E-01   -8.02781E-02    8.26684E-02   -6.21579E-03
     7.24951E-01    1.98612E+00    2.00170E-01    2.71439E-01    5.09730E-01   -1.06791E-01    1.30486E+00    2.83321E-01   -9.96404E-02    2.14332E-02   -2.68218E-01    1.63341E-01   -7.82400E-02    8.26555E-02   -6.46665E-03
     7.26976E-01    1.98406E+00    1.95132E-01    2.72458E-01    4.96880E-01   -1.04149E-01    1.30442E+00    2.83122E-01   -9.71361E-02    2.08908E-02   -2.67552E-01    1.63185E-01   -7.62094E-02    8.26422E-02   -6.69884E-03
     7.29001E-01    1.98205E+00    1.90103E-01    2.73451E-01    4.84045E-01   -1.01509E-01    1.30382E+00    2.82927E-01   -9.46358E-02    2.03497E-02   -2.66875E-01    1.63033E-01   -7.41866E-02    8.26284E-02   -6.91232E-03
     7.31026E-01    1.98010E+00    1.85083E-01    2.74419E-01    4.71225E-01   -9.88690E-02    1.30308E+00    2.82738E-01   -9.21395E-02    1.98099E-02   -2.66189E-01    1.62885E-01   -7.21715E-02    8.26142E-02   -7.10707E-03
     7.33051E-01    1.97819E+00    1.80071E-01    2.75360E-01    4.58423E-01   -9.62312E-02    1.30219E+00    2.82554E-01   -8.96476E-02    1.92716E-02   -2.65492E-01    1.62741E-01   -7.01642E-02    8.25996E-02   -7.28305E-03
     7.35076E-01    1.97634E+00    1.75069E-01    2.76275E-01    4.45641E-01   -9.35953E-02    1.30115E+00    2.82375E-01   -8.71602E-02    1.87347E-02   -2.64786E-01    1.62600E-01   -6.81649E-02    8.25847E-02   -7.44024E-03
     7.37101E-01    1.97454E+00    1.70077E-01    2.77165E-01    4.32880E-01   -9.09617E-02    1.29997E+00    2.82201E-01   -8.46775E-02    1.81993E-02   -2.64070E-01    1.62464E-01   -6.61734E-02    8.25695E-02   -7.57861E-03
     7.39126E-01    1.97279E+00    1.65095E-01    2.78028E-01    4.20143E-01   -8.83306E-02    1.29864E+00    2.82032E-01   -8.21998E-02    1.76653E-02   -2.63345E-01    1.62332E-01   -6.41900E-02    8.25540E-02   -7.69814E-03
     7.41151E-01    1.97109E+00    1.60123E-01    2.78866E-01    4.07430E-01   -8.57024E-02    1.29717E+00    2.81868E-01   -7.97271E-02    1.71327E-02   -2.62612E-01    1.62204E-01   -6.22146E-02    8.25383E-02   -7.79881E-03
     7.43176E-01    1.96944E+00    1.55163E-01    2.79679E-01    3.94744E-01   -8.30772E-02    1.29555E+00    2.81709E-01   -7.72598E-02    1.66017E-02   -2.61870E-01    1.62080E-01   -6.02473E-02    8.25225E-02   -7.88061E-03
     7.45201E-01    1.96785E+00    1.50214E-01    2.80465E-01    3.82087E-01   -8.04555E-02    1.29379E+00    2.81555E-01   -7.47980E-02    1.60722E-02   -2.61120E-01    1.61960E-01   -5.82881E-02    8.25064E-02   -7.94352E-03
     7.47226E-01    1.96630E+00    1.45277E-01    2.81226E-01    3.69459E-01   -7.78375E-02    1.29189E+00    2.81406E-01   -7.23419E-02    1.55442E-02   -2.60362E-01    1.61844E-01   -5.63370E-02    8.24903E-02   -7.98752E-03
     7.49251E-01    1.96481E+00    1.40352E-01    2.81961E-01    3.56863E-01   -7.52236E-02    1.28984E+00    2.81262E-01   -6.98917E-02    1.50177E-02   -2.59596E-01    1.61732E-01   -5.43942E-02    8.24741E-02   -8.01261E-03
     7.51276E-01    1.96337E+00    1.35440E-01    2.82671E-01    3.44299E-01   -7.26138E-02    1.28766E+00    2.81123E-01   -6.74476E-02    1.44928E-02   -2.58822E-01    1.61624E-01   -5.24596E-02    8.24579E-02   -8.01878E-03
     7.53301E-01    1.96198E+00    1.30541E-01    2.83356E-01    3.31771E-01   -7.00087E-02    1.28533E+00    2.80989E-01   -6.50097E-02    1.39695E-02   -2.58041E-01    1.61520E-01   -5.05333E-02    8.24416E-02   -8.00602E-03
     7.55326E-01    1.96064E+00    1.25655E-01    2.84015E-01    3.19278E-01   -6.74084E-02    1.28287E+00    2.80860E-01   -6.25783E-02    1.34478E-02   -2.57254E-01    1.61419E-01   -4.86153E-02    8.24255E-02   -7.97434E-03
     7.57351E-01    1.95935E+00    1.20783E-01    2.84649E-01    3.06823E-01   -6.48132E-02    1.28027E+00    2.80736E-01   -6.01536E-02    1.29277E-02   -2.56459E-01    1.61323E-01   -4.67056E-02    8.24094E-02   -7.92372E-03
     7.59376E-01    1.95811E+00    1.15925E-01    2.85258E-01    2.94406E-01   -6.22235E-02    1.27754E+00    2.80616E-01   -5.77356E-02    1.24091E-02   -2.55659E-01    1.61230E-01   -4.48043E-02    8.23934E-02   -7.85417E-03
     7.61401E-01    1.95692E+00    1.11081E-01    2.85841E-01    2.82030E-01   -5.96394E-02    1.27467E+00    2.80502E-01   -5.53247E-02    1.18923E-02   -2.54852E-01    1.61141E-01   -4.29113E-02    8.23776E-02   -7.76570E-03
     7.63426E-01    1.95578E+00    1.06252E-01    2.86400E-01    2.69695E-01   -5.70612E-02    1.27166E+00    2.80392E-01   -5.29209E-02    1.13770E-02   -2.54039E-01    1.61056E-01   -4.10268E-02    8.23619E-02   -7.65830E-03
     7.65451E-01    1.95469E+00    1.01438E-01    2.86933E-01    2.57403E-01   -5.44893E-02    1.26852E+00    2.80288E-01   -5.05245E-02    1.08634E-02   -2.53220E-01    1.60975E-01   -3.91506E-02    8.23466E-02   -7.53199E-03
     7.67476E-01    1.95366E+00    9.66397E-02    2.87442E-01    2.45155E-01   -5.19239E-02    1.26525E+00    2.80188E-01   -4.81356E-02    1.03515E-02   -2.52396E-01    1.60898E-01   -3.72828E-02    8.23314E-02   -7.38676E-03
     7.69500E-01    1.95267E+00    9.18572E-02    2.87926E-01    2.32953E-01   -4.93652E-02    1.26185E+00    2.80093E-01   -4.57544E-02    9.84123E-03   -2.51567E-01    1.60824E-01   -3.54235E-02    8.23167E-02   -7.22264E-03
     7.71525E-01    1.95173E+00    8.70908E-02    2.88386E-01    2.20797E-01   -4.68135E-02    1.25832E+00    2.80002E-01   -4.33811E-02    9.33266E-03   -2.50733E-01    1.60754E-01   -3.35726E-02    8.23022E-02   -7.03963E-03
     7.73550E-01    1.95084E+00    8.23409E-02    2.88821E-01    2.08689E-01   -4.42691E-02    1.25466E+00    2.79917E-01   -4.10159E-02    8.82578E-03   -2.49894E-01    1.60688E-01   -3.17301E-02    8.22882E-02   -6.83774E-03
     7.75575E-01    1.95001E+00    7.76078E-02    2.89231E-01    1.96629E-01   -4.17323E-02    1.25087E+00    2.79836E-01   -3.86588E-02    8.32061E-03   -2.49050E-01    1.60626E-01   -2.98961E-02    8.22745E-02   -6.61700E-03
     7.77600E-01    1.94922E+00    7.28918E-02    2.89617E-01    1.84620E-01   -3.92032E-02    1.24696E+00    2.79760E-01   -3.63101E-02    7.81714E-03   -2.48203E-01    1.60567E-01   -2.80705E-02    8.22614E-02   -6.37741E-03
     7.79625E-01    1.94848E+00    6.81933E-02    2.89979E-01    1.72661E-01   -3.66822E-02    1.24292E+00    2.79689E-01   -3.39700E-02    7.31540E-03   -2.47351E-01    1.60512E-01   -2.62534E-02    8.22487E-02   -6.11900E-03
     7.81650E-01    1.94779E+00    6.35126E-02    2.90316E-01    1.60754E-01   -3.41695E-02    1.23876E+00    2.79623E-01   -3.16386E-02    6.81539E-03   -2.46496E-01    1.60461E-01   -2.44447E-02    8.22366E-02   -5.84178E-03
     7.83675E-01    1.94714E+00    5.88499E-02    2.90630E-01    1.48900E-01   -3.16654E-02    1.23447E+00    2.79561E-01   -2.93161E-02    6.31711E-03   -2.45637E-01    1.60413E-01   -2.26444E-02    8.22251E-02   -5.54578E-03
     7.85700E-01    1.94655E+00    5.42056E-02    2.90919E-01    1.37101E-01   -2.91701E-02    1.23006E+00    2.79504E-01   -2.70025E-02    5.82057E-03   -2.44774E-01    1.60369E-01   -2.08525E-02    8.22142E-02   -5.23102E-03
     7.87725E-01    1.94601E+00    4.95800E-02    2.91185E-01    1.25355E-01   -2.66838E-02    1.22554E+00    2.79452E-01   -2.46982E-02    5.32579E-03   -2.43909E-01    1.60329E-01   -1.90691E-02    8.22039E-02   -4.89751E-03
     7.89750E-01    1.94551E+00    4.49733E-02    2.91427E-01    1.13666E-01   -2.42068E-02    1.22089E+00    2.79404E-01   -2.24032E-02    4.83275E-03   -2.43041E-01    1.60292E-01   -1.72940E-02    8.21943E-02   -4.54529E-03
     7.91775E-01    1.94506E+00    4.03859E-02    2.91645E-01    1.02033E-01   -2.17393E-02    1.21612E+00    2.79361E-01   -2.01177E-02    4.34148E-03   -2.42170E-01    1.60259E-01   -1.55273E-02    8.21855E-02   -4.17439E-03
     7.93800E-01    1.94466E+00    3.58181E-02    2.91840E-01    9.04573E-02   -1.92817E-02    1.21123E+00    2.79323E-01   -1.78419E-02    3.85198E-03   -2.41297E-01    1.60229E-01   -1.37690E-02    8.21774E-02   -3.78482E-03
     7.95825E-01    1.94431E+00    3.12701E-02    2.92012E-01    7.89396E-02   -1.68340E-02    1.20623E+00    2.79289E-01   -1.55758E-02    3.36425E-03   -2.40421E-01    1.60203E-01   -1.20189E-02    8.21702E-02   -3.37661E-03
     7.97850E-01    1.94401E+00    2.67422E-02    2.92160E-01    6.74808E-02   -1.43966E-02    1.20111E+00    2.79260E-01   -1.33197E-02    2.87829E-03   -2.39543E-01    1.60180E-01   -1.02772E-02    8.21638E-02   -2.94981E-03
     7.99875E-01    1.94375E+00    2.22347E-02    2.92285E-01    5.60815E-02   -1.19696E-02    1.19588E+00    2.79235E-01   -1.10737E-02    2.39411E-03   -2.38664E-01    1.60161E-01   -8.54382E-03    8.21583E-02   -2.50442E-03
     8.01900E-01    1.94354E+00    1.77479E-02    2.92387E-01    4.47424E-02   -9.55337E-03    1.19054E+00    2.79215E-01   -8.83789E-03    1.91171E-03   -2.37783E-01    1.60146E-01   -6.81866E-03    8.21536E-02   -2.04050E-03
     8.03925E-01    1.94338E+00    1.32820E-02    2.92466E-01    3.34640E-02   -7.14806E-03    1.18508E+00    2.79199E-01   -6.61249E-03    1.43110E-03   -2.36901E-01    1.60134E-01   -5.10173E-03    8.21500E-02   -1.55806E-03
     8.05950E-01    1.94326E+00    8.83730E-03    2.92523E-01    2.22472E-02   -4.75391E-03    1.17952E+00    2.79188E-01   -4.39762E-03    9.52276E-04   -2.36017E-01    1.60125E-01   -3.39300E-03    8.21474E-02   -1.05714E-03
     8.07975E-01    1.94319E+00    4.41405E-03    2.92557E-01    1.10923E-02   -2.37115E-03    1.17384E+00    2.79181E-01   -2.19341E-03    4.75242E-04   -2.35133E-01    1.60120E-01   -1.69244E-03    8.21457E-02   -5.37777E-04
     8.10000E-01    1.94317E+00    1.24964E-05    2.92568E-01    0.00000E+00    0.00000E+00    1.16805E+00    2.79179E-01    0.00000E+00    5.61314E-24   -2.34248E-01    1.60118E-01    0.00000E+00    8.21452E-02    0.00000E+00
