     1.00000E-05    3.63366E+00   -4.88741E-05   -7.42551E-01    1.66050E-19   -2.04835E-05   -2.04835E+00    4.30772E-01   -3.24115E-20    7.03027E-06    7.03027E-01    3.61496E-01   -1.22679E-19    8.11875E-11    1.62375E-05
     2.68497E-03    3.63360E+00    1.24923E-02   -7.42522E-01    2.20493E-02   -5.49964E-03   -2.04821E+00    4.30765E-01   -5.23370E-03    1.88755E-03    7.02965E-01    3.61486E-01   -7.54362E-03    5.85271E-06    4.35949E-03
     5.35995E-03    3.63341E+00    2.49366E-02   -7.42433E-01    4.40120E-02   -1.09780E-02   -2.04778E+00    4.30744E-01   -1.04473E-02    3.76775E-03    7.02780E-01    3.61456E-01   -1.50575E-02    2.33219E-05    8.70134E-03
     8.03492E-03    3.63310E+00    3.73779E-02   -7.42286E-01    6.59660E-02   -1.64549E-02   -2.04707E+00    4.30710E-01   -1.56599E-02    5.64728E-03    7.02471E-01    3.61406E-01   -2.25680E-02    5.24020E-05    1.30404E-02
     1.07099E-02    3.63267E+00    4.98149E-02   -7.42080E-01    8.79067E-02   -2.19295E-02   -2.04608E+00    4.30661E-01   -2.08707E-02    7.52582E-03    7.02040E-01    3.61335E-01   -3.00734E-02    9.30837E-05    1.73753E-02
     1.33849E-02    3.63211E+00    6.22460E-02   -7.41816E-01    1.09830E-01   -2.74011E-02   -2.04480E+00    4.30598E-01   -2.60794E-02    9.40305E-03    7.01486E-01    3.61245E-01   -3.75722E-02    1.45354E-04    2.17047E-02
     1.60598E-02    3.63143E+00    7.46698E-02   -7.41493E-01    1.31731E-01   -3.28688E-02   -2.04324E+00    4.30521E-01   -3.12852E-02    1.12786E-02    7.00809E-01    3.61134E-01   -4.50627E-02    2.09197E-04    2.60272E-02
     1.87348E-02    3.63062E+00    8.70848E-02   -7.41111E-01    1.53606E-01   -3.83320E-02   -2.04139E+00    4.30431E-01   -3.64878E-02    1.31522E-02    7.00009E-01    3.61004E-01   -5.25432E-02    2.84591E-04    3.03414E-02
     2.14098E-02    3.62969E+00    9.94896E-02   -7.40671E-01    1.75450E-01   -4.37899E-02   -2.03927E+00    4.30326E-01   -4.16864E-02    1.50235E-02    6.99088E-01    3.60853E-01   -6.00120E-02    3.71513E-04    3.46459E-02
     2.40848E-02    3.62864E+00    1.11883E-01   -7.40173E-01    1.97260E-01   -4.92417E-02   -2.03686E+00    4.30208E-01   -4.68806E-02    1.68922E-02    6.98044E-01    3.60683E-01   -6.74674E-02    4.69935E-04    3.89395E-02
     2.67597E-02    3.62746E+00    1.24263E-01   -7.39616E-01    2.19030E-01   -5.46868E-02   -2.03417E+00    4.30075E-01   -5.20698E-02    1.87579E-02    6.96879E-01    3.60492E-01   -7.49080E-02    5.79826E-04    4.32206E-02
     2.94347E-02    3.62616E+00    1.36628E-01   -7.39001E-01    2.40756E-01   -6.01242E-02   -2.03120E+00    4.29929E-01   -5.72535E-02    2.06204E-02    6.95593E-01    3.60282E-01   -8.23319E-02    7.01151E-04    4.74880E-02
     3.21097E-02    3.62474E+00    1.48977E-01   -7.38328E-01    2.62434E-01   -6.55534E-02   -2.02796E+00    4.29769E-01   -6.24311E-02    2.24792E-02    6.94186E-01    3.60052E-01   -8.97377E-02    8.33871E-04    5.17404E-02
     3.47847E-02    3.62320E+00    1.61309E-01   -7.37597E-01    2.84061E-01   -7.09734E-02   -2.02443E+00    4.29595E-01   -6.76020E-02    2.43341E-02    6.92660E-01    3.59802E-01   -9.71236E-02    9.77945E-04    5.59763E-02
     3.74596E-02    3.62153E+00    1.73622E-01   -7.36808E-01    3.05631E-01   -7.63837E-02   -2.02063E+00    4.29407E-01   -7.27657E-02    2.61848E-02    6.91013E-01    3.59532E-01   -1.04488E-01    1.13333E-03    6.01945E-02
     4.01346E-02    3.61974E+00    1.85915E-01   -7.35962E-01    3.27140E-01   -8.17835E-02   -2.01656E+00    4.29206E-01   -7.79217E-02    2.80309E-02    6.89247E-01    3.59243E-01   -1.11829E-01    1.29997E-03    6.43936E-02
     4.28096E-02    3.61783E+00    1.98186E-01   -7.35058E-01    3.48584E-01   -8.71720E-02   -2.01221E+00    4.28990E-01   -8.30694E-02    2.98721E-02    6.87363E-01    3.58934E-01   -1.19146E-01    1.47781E-03    6.85724E-02
     4.54846E-02    3.61579E+00    2.10433E-01   -7.34097E-01    3.69959E-01   -9.25485E-02   -2.00758E+00    4.28761E-01   -8.82082E-02    3.17082E-02    6.85361E-01    3.58605E-01   -1.26437E-01    1.66680E-03    7.27295E-02
     4.81595E-02    3.61364E+00    2.22656E-01   -7.33079E-01    3.91262E-01   -9.79122E-02   -2.00269E+00    4.28518E-01   -9.33377E-02    3.35387E-02    6.83242E-01    3.58257E-01   -1.33699E-01    1.86689E-03    7.68636E-02
     5.08345E-02    3.61136E+00    2.34853E-01   -7.32004E-01    4.12487E-01   -1.03263E-01   -1.99752E+00    4.28262E-01   -9.84573E-02    3.53634E-02    6.81007E-01    3.57890E-01   -1.40933E-01    2.07800E-03    8.09735E-02
     5.35095E-02    3.60896E+00    2.47023E-01   -7.30872E-01    4.33631E-01   -1.08599E-01   -1.99209E+00    4.27992E-01   -1.03566E-01    3.71819E-02    6.78656E-01    3.57504E-01   -1.48135E-01    2.30007E-03    8.50579E-02
     5.61845E-02    3.60645E+00    2.59163E-01   -7.29684E-01    4.54689E-01   -1.13920E-01   -1.98639E+00    4.27708E-01   -1.08664E-01    3.89940E-02    6.76190E-01    3.57098E-01   -1.55305E-01    2.53303E-03    8.91156E-02
     5.88594E-02    3.60381E+00    2.71274E-01   -7.28440E-01    4.75658E-01   -1.19225E-01   -1.98042E+00    4.27410E-01   -1.13751E-01    4.07994E-02    6.73610E-01    3.56673E-01   -1.62441E-01    2.77681E-03    9.31453E-02
     6.15344E-02    3.60105E+00    2.83352E-01   -7.27139E-01    4.96534E-01   -1.24515E-01   -1.97419E+00    4.27099E-01   -1.18825E-01    4.25977E-02    6.70916E-01    3.56229E-01   -1.69542E-01    3.03133E-03    9.71457E-02
     6.42094E-02    3.59817E+00    2.95398E-01   -7.25783E-01    5.17312E-01   -1.29787E-01   -1.96770E+00    4.26775E-01   -1.23887E-01    4.43887E-02    6.68111E-01    3.55766E-01   -1.76605E-01    3.29651E-03    1.01116E-01
     6.68844E-02    3.59517E+00    3.07409E-01   -7.24372E-01    5.37990E-01   -1.35042E-01   -1.96095E+00    4.26437E-01   -1.28936E-01    4.61720E-02    6.65194E-01    3.55284E-01   -1.83630E-01    3.57226E-03    1.05054E-01
     6.95593E-02    3.59206E+00    3.19385E-01   -7.22905E-01    5.58563E-01   -1.40278E-01   -1.95394E+00    4.26085E-01   -1.33971E-01    4.79473E-02    6.62167E-01    3.54783E-01   -1.90615E-01    3.85851E-03    1.08960E-01
     7.22343E-02    3.58882E+00    3.31323E-01   -7.21384E-01    5.79027E-01   -1.45495E-01   -1.94668E+00    4.25720E-01   -1.38992E-01    4.97144E-02    6.59031E-01    3.54264E-01   -1.97559E-01    4.15516E-03    1.12832E-01
     7.49093E-02    3.58547E+00    3.43223E-01   -7.19808E-01    5.99378E-01   -1.50692E-01   -1.93916E+00    4.25341E-01   -1.43998E-01    5.14730E-02    6.55786E-01    3.53726E-01   -2.04460E-01    4.46212E-03    1.16668E-01
     7.75843E-02    3.58200E+00    3.55083E-01   -7.18177E-01    6.19614E-01   -1.55869E-01   -1.93140E+00    4.24949E-01   -1.48989E-01    5.32228E-02    6.52434E-01    3.53170E-01   -2.11317E-01    4.77930E-03    1.20469E-01
     8.02592E-02    3.57842E+00    3.66901E-01   -7.16493E-01    6.39729E-01   -1.61025E-01   -1.92338E+00    4.24544E-01   -1.53964E-01    5.49634E-02    6.48976E-01    3.52596E-01   -2.18129E-01    5.10659E-03    1.24232E-01
     8.29342E-02    3.57472E+00    3.78678E-01   -7.14755E-01    6.59722E-01   -1.66159E-01   -1.91512E+00    4.24126E-01   -1.58923E-01    5.66947E-02    6.45414E-01    3.52003E-01   -2.24893E-01    5.44390E-03    1.27957E-01
     8.56092E-02    3.57090E+00    3.90410E-01   -7.12963E-01    6.79587E-01   -1.71270E-01   -1.90661E+00    4.23694E-01   -1.63865E-01    5.84162E-02    6.41747E-01    3.51393E-01   -2.31610E-01    5.79112E-03    1.31642E-01
     8.82842E-02    3.56696E+00    4.02097E-01   -7.11119E-01    6.99322E-01   -1.76359E-01   -1.89786E+00    4.23249E-01   -1.68790E-01    6.01279E-02    6.37978E-01    3.50764E-01   -2.38276E-01    6.14814E-03    1.35286E-01
     9.09591E-02    3.56291E+00    4.13738E-01   -7.09222E-01    7.18924E-01   -1.81424E-01   -1.88888E+00    4.22791E-01   -1.73696E-01    6.18293E-02    6.34108E-01    3.50118E-01   -2.44892E-01    6.51486E-03    1.38890E-01
     9.36341E-02    3.55875E+00    4.25331E-01   -7.07273E-01    7.38388E-01   -1.86464E-01   -1.87966E+00    4.22320E-01   -1.78585E-01    6.35202E-02    6.30138E-01    3.49454E-01   -2.51455E-01    6.89115E-03    1.42450E-01
     9.63091E-02    3.55447E+00    4.36875E-01   -7.05272E-01    7.57711E-01   -1.91480E-01   -1.87020E+00    4.21836E-01   -1.83455E-01    6.52004E-02    6.26069E-01    3.48773E-01   -2.57966E-01    7.27692E-03    1.45967E-01
     9.89841E-02    3.55008E+00    4.48369E-01   -7.03219E-01    7.76891E-01   -1.96469E-01   -1.86051E+00    4.21338E-01   -1.88305E-01    6.68696E-02    6.21903E-01    3.48074E-01   -2.64421E-01    7.67203E-03    1.49440E-01
     1.01659E-01    3.54558E+00    4.59811E-01   -7.01116E-01    7.95924E-01   -2.01433E-01   -1.85060E+00    4.20828E-01   -1.93135E-01    6.85275E-02    6.17641E-01    3.47358E-01   -2.70820E-01    8.07637E-03    1.52867E-01
     1.04334E-01    3.54097E+00    4.71200E-01   -6.98961E-01    8.14807E-01   -2.06370E-01   -1.84046E+00    4.20305E-01   -1.97946E-01    7.01739E-02    6.13284E-01    3.46625E-01   -2.77163E-01    8.48982E-03    1.56247E-01
     1.07009E-01    3.53624E+00    4.82535E-01   -6.96757E-01    8.33537E-01   -2.11279E-01   -1.83010E+00    4.19769E-01   -2.02735E-01    7.18084E-02    6.08834E-01    3.45876E-01   -2.83447E-01    8.91224E-03    1.59581E-01
     1.09684E-01    3.53140E+00    4.93815E-01   -6.94502E-01    8.52110E-01   -2.16161E-01   -1.81952E+00    4.19221E-01   -2.07503E-01    7.34310E-02    6.04293E-01    3.45109E-01   -2.89672E-01    9.34352E-03    1.62866E-01
     1.12359E-01    3.52646E+00    5.05038E-01   -6.92198E-01    8.70525E-01   -2.21013E-01   -1.80872E+00    4.18659E-01   -2.12249E-01    7.50413E-02    5.99661E-01    3.44326E-01   -2.95836E-01    9.78352E-03    1.66102E-01
     1.15034E-01    3.52140E+00    5.16204E-01   -6.89845E-01    8.88777E-01   -2.25837E-01   -1.79771E+00    4.18085E-01   -2.16973E-01    7.66391E-02    5.94940E-01    3.43526E-01   -3.01938E-01    1.02321E-02    1.69288E-01
     1.17709E-01    3.51623E+00    5.27310E-01   -6.87443E-01    9.06865E-01   -2.30631E-01   -1.78649E+00    4.17498E-01   -2.21674E-01    7.82241E-02    5.90132E-01    3.42711E-01   -3.07978E-01    1.06892E-02    1.72424E-01
     1.20384E-01    3.51096E+00    5.38357E-01   -6.84994E-01    9.24785E-01   -2.35394E-01   -1.77506E+00    4.16899E-01   -2.26352E-01    7.97962E-02    5.85239E-01    3.41879E-01   -3.13954E-01    1.11545E-02    1.75508E-01
     1.23059E-01    3.50558E+00    5.49342E-01   -6.82496E-01    9.42534E-01   -2.40127E-01   -1.76343E+00    4.16287E-01   -2.31006E-01    8.13550E-02    5.80261E-01    3.41031E-01   -3.19865E-01    1.16281E-02    1.78540E-01
     1.25734E-01    3.50009E+00    5.60265E-01   -6.79951E-01    9.60111E-01   -2.44828E-01   -1.75160E+00    4.15663E-01   -2.35636E-01    8.29005E-02    5.75200E-01    3.40167E-01   -3.25711E-01    1.21097E-02    1.81519E-01
     1.28409E-01    3.49450E+00    5.71124E-01   -6.77360E-01    9.77512E-01   -2.49498E-01   -1.73958E+00    4.15027E-01   -2.40241E-01    8.44323E-02    5.70059E-01    3.39288E-01   -3.31489E-01    1.25991E-02    1.84444E-01
     1.31084E-01    3.48880E+00    5.81919E-01   -6.74722E-01    9.94736E-01   -2.54135E-01   -1.72736E+00    4.14378E-01   -2.44821E-01    8.59502E-02    5.64838E-01    3.38394E-01   -3.37200E-01    1.30964E-02    1.87316E-01
     1.33759E-01    3.48300E+00    5.92647E-01   -6.72038E-01    1.01178E+00   -2.58739E-01   -1.71494E+00    4.13717E-01   -2.49376E-01    8.74541E-02    5.59540E-01    3.37485E-01   -3.42843E-01    1.36012E-02    1.90132E-01
     1.36434E-01    3.47709E+00    6.03309E-01   -6.69309E-01    1.02864E+00   -2.63310E-01   -1.70235E+00    4.13044E-01   -2.53904E-01    8.89436E-02    5.54165E-01    3.36560E-01   -3.48415E-01    1.41135E-02    1.92892E-01
     1.39109E-01    3.47108E+00    6.13903E-01   -6.66535E-01    1.04531E+00   -2.67846E-01   -1.68957E+00    4.12359E-01   -2.58406E-01    9.04187E-02    5.48716E-01    3.35621E-01   -3.53918E-01    1.46331E-02    1.95596E-01
     1.41784E-01    3.46497E+00    6.24427E-01   -6.63717E-01    1.06180E+00   -2.72349E-01   -1.67661E+00    4.11661E-01   -2.62881E-01    9.18792E-02    5.43194E-01    3.34667E-01   -3.59349E-01    1.51599E-02    1.98244E-01
     1.44459E-01    3.45875E+00    6.34881E-01   -6.60855E-01    1.07810E+00   -2.76816E-01   -1.66347E+00    4.10952E-01   -2.67329E-01    9.33247E-02    5.37601E-01    3.33698E-01   -3.64708E-01    1.56937E-02    2.00834E-01
     1.47134E-01    3.45244E+00    6.45264E-01   -6.57949E-01    1.09421E+00   -2.81248E-01   -1.65016E+00    4.10231E-01   -2.71749E-01    9.47553E-02    5.31939E-01    3.32715E-01   -3.69994E-01    1.62343E-02    2.03366E-01
     1.49809E-01    3.44602E+00    6.55575E-01   -6.55001E-01    1.11012E+00   -2.85644E-01   -1.63668E+00    4.09498E-01   -2.76141E-01    9.61705E-02    5.26209E-01    3.31719E-01   -3.75206E-01    1.67816E-02    2.05839E-01
     1.52484E-01    3.43951E+00    6.65812E-01   -6.52010E-01    1.12584E+00   -2.90004E-01   -1.62304E+00    4.08754E-01   -2.80504E-01    9.75704E-02    5.20413E-01    3.30708E-01   -3.80345E-01    1.73355E-02    2.08254E-01
     1.55159E-01    3.43290E+00    6.75975E-01   -6.48978E-01    1.14137E+00   -2.94327E-01   -1.60923E+00    4.07998E-01   -2.84838E-01    9.89547E-02    5.14553E-01    3.29684E-01   -3.85408E-01    1.78957E-02    2.10610E-01
     1.57834E-01    3.42619E+00    6.86063E-01   -6.45904E-01    1.15669E+00   -2.98613E-01   -1.59527E+00    4.07230E-01   -2.89142E-01    1.00323E-01    5.08631E-01    3.28646E-01   -3.90396E-01    1.84622E-02    2.12905E-01
     1.60508E-01    3.41938E+00    6.96074E-01   -6.42790E-01    1.17181E+00   -3.02862E-01   -1.58115E+00    4.06451E-01   -2.93417E-01    1.01676E-01    5.02648E-01    3.27595E-01   -3.95307E-01    1.90347E-02    2.15141E-01
     1.63183E-01    3.41248E+00    7.06008E-01   -6.39635E-01    1.18673E+00   -3.07072E-01   -1.56688E+00    4.05660E-01   -2.97661E-01    1.03012E-01    4.96606E-01    3.26532E-01   -4.00141E-01    1.96131E-02    2.17316E-01
     1.65858E-01    3.40549E+00    7.15864E-01   -6.36441E-01    1.20145E+00   -3.11244E-01   -1.55246E+00    4.04859E-01   -3.01874E-01    1.04333E-01    4.90507E-01    3.25455E-01   -4.04898E-01    2.01973E-02    2.19430E-01
     1.68533E-01    3.39840E+00    7.25641E-01   -6.33208E-01    1.21596E+00   -3.15377E-01   -1.53790E+00    4.04045E-01   -3.06056E-01    1.05636E-01    4.84353E-01    3.24365E-01   -4.09576E-01    2.07870E-02    2.21483E-01
     1.71208E-01    3.39121E+00    7.35337E-01   -6.29936E-01    1.23027E+00   -3.19472E-01   -1.52320E+00    4.03221E-01   -3.10207E-01    1.06924E-01    4.78146E-01    3.23264E-01   -4.14176E-01    2.13821E-02    2.23474E-01
     1.73883E-01    3.38394E+00    7.44953E-01   -6.26626E-01    1.24437E+00   -3.23526E-01   -1.50836E+00    4.02386E-01   -3.14326E-01    1.08194E-01    4.71886E-01    3.22150E-01   -4.18697E-01    2.19825E-02    2.25404E-01
     1.76558E-01    3.37657E+00    7.54486E-01   -6.23279E-01    1.25825E+00   -3.27541E-01   -1.49339E+00    4.01540E-01   -3.18412E-01    1.09448E-01    4.65577E-01    3.21024E-01   -4.23138E-01    2.25880E-02    2.27271E-01
     1.79233E-01    3.36912E+00    7.63937E-01   -6.19894E-01    1.27193E+00   -3.31516E-01   -1.47830E+00    4.00682E-01   -3.22466E-01    1.10685E-01    4.59220E-01    3.19886E-01   -4.27499E-01    2.31984E-02    2.29077E-01
     1.81908E-01    3.36157E+00    7.73304E-01   -6.16474E-01    1.28540E+00   -3.35450E-01   -1.46307E+00    3.99814E-01   -3.26486E-01    1.11905E-01    4.52817E-01    3.18737E-01   -4.31779E-01    2.38135E-02    2.30820E-01
     1.84583E-01    3.35394E+00    7.82587E-01   -6.13018E-01    1.29865E+00   -3.39343E-01   -1.44773E+00    3.98936E-01   -3.30474E-01    1.13108E-01    4.46369E-01    3.17576E-01   -4.35979E-01    2.44332E-02    2.32500E-01
     1.87258E-01    3.34622E+00    7.91784E-01   -6.09526E-01    1.31170E+00   -3.43195E-01   -1.43227E+00    3.98046E-01   -3.34427E-01    1.14293E-01    4.39879E-01    3.16404E-01   -4.40097E-01    2.50573E-02    2.34117E-01
     1.89933E-01    3.33841E+00    8.00896E-01   -6.06000E-01    1.32452E+00   -3.47006E-01   -1.41670E+00    3.97147E-01   -3.38346E-01    1.15461E-01    4.33348E-01    3.15222E-01   -4.44134E-01    2.56856E-02    2.35672E-01
     1.92608E-01    3.33051E+00    8.09920E-01   -6.02441E-01    1.33714E+00   -3.50774E-01   -1.40102E+00    3.96236E-01   -3.42231E-01    1.16611E-01    4.26778E-01    3.14028E-01   -4.48089E-01    2.63181E-02    2.37164E-01
     1.95283E-01    3.32254E+00    8.18857E-01   -5.98847E-01    1.34953E+00   -3.54501E-01   -1.38523E+00    3.95316E-01   -3.46080E-01    1.17744E-01    4.20171E-01    3.12824E-01   -4.51962E-01    2.69544E-02    2.38593E-01
     1.97958E-01    3.31447E+00    8.27705E-01   -5.95221E-01    1.36171E+00   -3.58185E-01   -1.36934E+00    3.94385E-01   -3.49895E-01    1.18859E-01    4.13528E-01    3.11610E-01   -4.55752E-01    2.75945E-02    2.39958E-01
     2.00633E-01    3.30633E+00    8.36464E-01   -5.91562E-01    1.37368E+00   -3.61827E-01   -1.35335E+00    3.93444E-01   -3.53674E-01    1.19957E-01    4.06853E-01    3.10386E-01   -4.59459E-01    2.82381E-02    2.41261E-01
     2.03308E-01    3.29810E+00    8.45133E-01   -5.87872E-01    1.38542E+00   -3.65425E-01   -1.33727E+00    3.92493E-01   -3.57416E-01    1.21036E-01    4.00145E-01    3.09152E-01   -4.63084E-01    2.88851E-02    2.42500E-01
     2.05983E-01    3.28980E+00    8.53711E-01   -5.84150E-01    1.39695E+00   -3.68981E-01   -1.32110E+00    3.91532E-01   -3.61123E-01    1.22097E-01    3.93407E-01    3.07909E-01   -4.66626E-01    2.95354E-02    2.43677E-01
     2.08658E-01    3.28141E+00    8.62198E-01   -5.80398E-01    1.40826E+00   -3.72493E-01   -1.30484E+00    3.90561E-01   -3.64793E-01    1.23141E-01    3.86642E-01    3.06656E-01   -4.70084E-01    3.01887E-02    2.44791E-01
     2.11333E-01    3.27294E+00    8.70593E-01   -5.76617E-01    1.41935E+00   -3.75962E-01   -1.28850E+00    3.89580E-01   -3.68426E-01    1.24166E-01    3.79850E-01    3.05394E-01   -4.73459E-01    3.08450E-02    2.45841E-01
     2.14008E-01    3.26440E+00    8.78895E-01   -5.72805E-01    1.43022E+00   -3.79386E-01   -1.27207E+00    3.88590E-01   -3.72022E-01    1.25173E-01    3.73034E-01    3.04123E-01   -4.76751E-01    3.15039E-02    2.46829E-01
     2.16683E-01    3.25578E+00    8.87104E-01   -5.68965E-01    1.44088E+00   -3.82767E-01   -1.25558E+00    3.87590E-01   -3.75581E-01    1.26161E-01    3.66195E-01    3.02844E-01   -4.79959E-01    3.21654E-02    2.47754E-01
     2.19358E-01    3.24708E+00    8.95219E-01   -5.65097E-01    1.45131E+00   -3.86104E-01   -1.23901E+00    3.86580E-01   -3.79101E-01    1.27132E-01    3.59335E-01    3.01555E-01   -4.83084E-01    3.28293E-02    2.48617E-01
     2.22033E-01    3.23831E+00    9.03239E-01   -5.61201E-01    1.46152E+00   -3.89396E-01   -1.22237E+00    3.85562E-01   -3.82584E-01    1.28084E-01    3.52455E-01    3.00259E-01   -4.86125E-01    3.34955E-02    2.49418E-01
     2.24708E-01    3.22947E+00    9.11164E-01   -5.57278E-01    1.47152E+00   -3.92643E-01   -1.20567E+00    3.84534E-01   -3.86028E-01    1.29017E-01    3.45559E-01    2.98955E-01   -4.89082E-01    3.41637E-02    2.50156E-01
     2.27383E-01    3.22055E+00    9.18993E-01   -5.53328E-01    1.48130E+00   -3.95846E-01   -1.18891E+00    3.83496E-01   -3.89434E-01    1.29933E-01    3.38646E-01    2.97643E-01   -4.91956E-01    3.48337E-02    2.50832E-01
     2.30058E-01    3.21157E+00    9.26726E-01   -5.49353E-01    1.49085E+00   -3.99004E-01   -1.17209E+00    3.82450E-01   -3.92800E-01    1.30829E-01    3.31720E-01    2.96323E-01   -4.94747E-01    3.55055E-02    2.51447E-01
     2.32733E-01    3.20251E+00    9.34362E-01   -5.45353E-01    1.50019E+00   -4.02116E-01   -1.15521E+00    3.81395E-01   -3.96127E-01    1.31707E-01    3.24782E-01    2.94996E-01   -4.97454E-01    3.61789E-02    2.52000E-01
     2.35408E-01    3.19338E+00    9.41900E-01   -5.41327E-01    1.50931E+00   -4.05184E-01   -1.13829E+00    3.80331E-01   -3.99415E-01    1.32567E-01    3.17833E-01    2.93662E-01   -5.00078E-01    3.68537E-02    2.52492E-01
     2.38083E-01    3.18418E+00    9.49340E-01   -5.37278E-01    1.51822E+00   -4.08206E-01   -1.12132E+00    3.79258E-01   -4.02663E-01    1.33408E-01    3.10875E-01    2.92321E-01   -5.02619E-01    3.75297E-02    2.52924E-01
     2.40758E-01    3.17492E+00    9.56682E-01   -5.33205E-01    1.52690E+00   -4.11183E-01   -1.10431E+00    3.78177E-01   -4.05871E-01    1.34230E-01    3.03910E-01    2.90973E-01   -5.05077E-01    3.82068E-02    2.53295E-01
     2.43433E-01    3.16559E+00    9.63925E-01   -5.29110E-01    1.53537E+00   -4.14114E-01   -1.08726E+00    3.77087E-01   -4.09038E-01    1.35033E-01    2.96940E-01    2.89618E-01   -5.07452E-01    3.88847E-02    2.53605E-01
     2.46108E-01    3.15619E+00    9.71069E-01   -5.24991E-01    1.54362E+00   -4.17000E-01   -1.07017E+00    3.75989E-01   -4.12165E-01    1.35818E-01    2.89966E-01    2.88258E-01   -5.09744E-01    3.95635E-02    2.53856E-01
     2.48783E-01    3.14673E+00    9.78113E-01   -5.20851E-01    1.55165E+00   -4.19839E-01   -1.05305E+00    3.74882E-01   -4.15252E-01    1.36585E-01    2.82990E-01    2.86891E-01   -5.11954E-01    4.02428E-02    2.54047E-01
     2.51458E-01    3.13721E+00    9.85056E-01   -5.16690E-01    1.55947E+00   -4.22633E-01   -1.03590E+00    3.73767E-01   -4.18297E-01    1.37332E-01    2.76014E-01    2.85519E-01   -5.14082E-01    4.09226E-02    2.54180E-01
     2.54133E-01    3.12762E+00    9.91899E-01   -5.12508E-01    1.56708E+00   -4.25381E-01   -1.01873E+00    3.72644E-01   -4.21301E-01    1.38061E-01    2.69038E-01    2.84141E-01   -5.16129E-01    4.16026E-02    2.54254E-01
     2.56808E-01    3.11797E+00    9.98640E-01   -5.08307E-01    1.57447E+00   -4.28084E-01   -1.00153E+00    3.71513E-01   -4.24263E-01    1.38772E-01    2.62065E-01    2.82758E-01   -5.18093E-01    4.22828E-02    2.54269E-01
     2.59483E-01    3.10827E+00    1.00528E+00   -5.04085E-01    1.58165E+00   -4.30740E-01   -9.84314E-01    3.70374E-01   -4.27184E-01    1.39463E-01    2.55097E-01    2.81369E-01   -5.19976E-01    4.29629E-02    2.54227E-01
     2.62158E-01    3.09850E+00    1.01182E+00   -4.99845E-01    1.58861E+00   -4.33350E-01   -9.67083E-01    3.69228E-01   -4.30064E-01    1.40137E-01    2.48134E-01    2.79976E-01   -5.21779E-01    4.36428E-02    2.54128E-01
     2.64833E-01    3.08868E+00    1.01825E+00   -4.95587E-01    1.59537E+00   -4.35913E-01   -9.49840E-01    3.68074E-01   -4.32901E-01    1.40791E-01    2.41179E-01    2.78578E-01   -5.23500E-01    4.43224E-02    2.53972E-01
     2.67507E-01    3.07879E+00    1.02459E+00   -4.91310E-01    1.60191E+00   -4.38431E-01   -9.32589E-01    3.66912E-01   -4.35695E-01    1.41427E-01    2.34233E-01    2.77176E-01   -5.25142E-01    4.50015E-02    2.53759E-01
     2.70182E-01    3.06886E+00    1.03082E+00   -4.87017E-01    1.60824E+00   -4.40903E-01   -9.15331E-01    3.65743E-01   -4.38448E-01    1.42044E-01    2.27298E-01    2.75769E-01   -5.26704E-01    4.56799E-02    2.53491E-01
     2.72857E-01    3.05887E+00    1.03695E+00   -4.82706E-01    1.61437E+00   -4.43328E-01   -8.98071E-01    3.64566E-01   -4.41157E-01    1.42643E-01    2.20374E-01    2.74358E-01   -5.28186E-01    4.63576E-02    2.53168E-01
     2.75532E-01    3.04882E+00    1.04297E+00   -4.78380E-01    1.62029E+00   -4.45707E-01   -8.80812E-01    3.63382E-01   -4.43824E-01    1.43223E-01    2.13464E-01    2.72943E-01   -5.29589E-01    4.70343E-02    2.52790E-01
     2.78207E-01    3.03872E+00    1.04889E+00   -4.74038E-01    1.62600E+00   -4.48040E-01   -8.63556E-01    3.62192E-01   -4.46448E-01    1.43785E-01    2.06568E-01    2.71525E-01   -5.30914E-01    4.77100E-02    2.52358E-01
     2.80882E-01    3.02857E+00    1.05471E+00   -4.69681E-01    1.63151E+00   -4.50327E-01   -8.46306E-01    3.60994E-01   -4.49029E-01    1.44328E-01    1.99690E-01    2.70103E-01   -5.32161E-01    4.83844E-02    2.51872E-01
     2.83557E-01    3.01837E+00    1.06042E+00   -4.65310E-01    1.63681E+00   -4.52568E-01   -8.29066E-01    3.59789E-01   -4.51566E-01    1.44853E-01    1.92828E-01    2.68678E-01   -5.33330E-01    4.90574E-02    2.51334E-01
     2.86232E-01    3.00812E+00    1.06603E+00   -4.60925E-01    1.64191E+00   -4.54763E-01   -8.11839E-01    3.58578E-01   -4.54060E-01    1.45360E-01    1.85986E-01    2.67249E-01   -5.34422E-01    4.97290E-02    2.50743E-01
     2.88907E-01    2.99783E+00    1.07153E+00   -4.56526E-01    1.64681E+00   -4.56911E-01   -7.94628E-01    3.57360E-01   -4.56511E-01    1.45848E-01    1.79165E-01    2.65819E-01   -5.35437E-01    5.03988E-02    2.50100E-01
     2.91582E-01    2.98748E+00    1.07693E+00   -4.52114E-01    1.65151E+00   -4.59014E-01   -7.77434E-01    3.56136E-01   -4.58917E-01    1.46318E-01    1.72365E-01    2.64385E-01   -5.36376E-01    5.10669E-02    2.49407E-01
     2.94257E-01    2.97709E+00    1.08222E+00   -4.47691E-01    1.65601E+00   -4.61071E-01   -7.60262E-01    3.54905E-01   -4.61280E-01    1.46770E-01    1.65589E-01    2.62949E-01   -5.37240E-01    5.17331E-02    2.48663E-01
     2.96932E-01    2.96665E+00    1.08741E+00   -4.43255E-01    1.66032E+00   -4.63081E-01   -7.43114E-01    3.53668E-01   -4.63599E-01    1.47204E-01    1.58837E-01    2.61511E-01   -5.38029E-01    5.23972E-02    2.47869E-01
     2.99607E-01    2.95617E+00    1.09249E+00   -4.38808E-01    1.66443E+00   -4.65046E-01   -7.25993E-01    3.52425E-01   -4.65873E-01    1.47620E-01    1.52111E-01    2.60071E-01   -5.38743E-01    5.30592E-02    2.47026E-01
     3.02282E-01    2.94565E+00    1.09747E+00   -4.34351E-01    1.66834E+00   -4.66965E-01   -7.08901E-01    3.51176E-01   -4.68104E-01    1.48018E-01    1.45412E-01    2.58629E-01   -5.39384E-01    5.37188E-02    2.46135E-01
     3.04957E-01    2.93508E+00    1.10234E+00   -4.29883E-01    1.67207E+00   -4.68839E-01   -6.91841E-01    3.49921E-01   -4.70290E-01    1.48398E-01    1.38742E-01    2.57185E-01   -5.39952E-01    5.43759E-02    2.45196E-01
     3.07632E-01    2.92448E+00    1.10711E+00   -4.25405E-01    1.67560E+00   -4.70667E-01   -6.74815E-01    3.48660E-01   -4.72432E-01    1.48760E-01    1.32101E-01    2.55740E-01   -5.40447E-01    5.50305E-02    2.44210E-01
     3.10307E-01    2.91383E+00    1.11177E+00   -4.20919E-01    1.67894E+00   -4.72449E-01   -6.57827E-01    3.47393E-01   -4.74529E-01    1.49105E-01    1.25491E-01    2.54294E-01   -5.40870E-01    5.56824E-02    2.43178E-01
     3.12982E-01    2.90315E+00    1.11632E+00   -4.16423E-01    1.68210E+00   -4.74186E-01   -6.40879E-01    3.46121E-01   -4.76581E-01    1.49432E-01    1.18912E-01    2.52846E-01   -5.41221E-01    5.63315E-02    2.42100E-01
     3.15657E-01    2.89242E+00    1.12077E+00   -4.11920E-01    1.68507E+00   -4.75878E-01   -6.23973E-01    3.44844E-01   -4.78589E-01    1.49741E-01    1.12367E-01    2.51398E-01   -5.41503E-01    5.69776E-02    2.40977E-01
     3.18332E-01    2.88166E+00    1.12512E+00   -4.07408E-01    1.68785E+00   -4.77524E-01   -6.07111E-01    3.43561E-01   -4.80552E-01    1.50033E-01    1.05856E-01    2.49949E-01   -5.41714E-01    5.76206E-02    2.39810E-01
     3.21007E-01    2.87087E+00    1.12935E+00   -4.02890E-01    1.69046E+00   -4.79126E-01   -5.90297E-01    3.42273E-01   -4.82470E-01    1.50308E-01    9.93804E-02    2.48500E-01   -5.41856E-01    5.82605E-02    2.38600E-01
     3.23682E-01    2.86004E+00    1.13349E+00   -3.98365E-01    1.69288E+00   -4.80683E-01   -5.73531E-01    3.40980E-01   -4.84343E-01    1.50565E-01    9.29411E-02    2.47051E-01   -5.41929E-01    5.88971E-02    2.37346E-01
     3.26357E-01    2.84918E+00    1.13751E+00   -3.93833E-01    1.69513E+00   -4.82194E-01   -5.56817E-01    3.39682E-01   -4.86172E-01    1.50805E-01    8.65393E-02    2.45601E-01   -5.41935E-01    5.95303E-02    2.36051E-01
     3.29032E-01    2.83828E+00    1.14143E+00   -3.89296E-01    1.69719E+00   -4.83662E-01   -5.40157E-01    3.38379E-01   -4.87955E-01    1.51028E-01    8.01760E-02    2.44151E-01   -5.41873E-01    6.01599E-02    2.34715E-01
     3.31707E-01    2.82735E+00    1.14525E+00   -3.84753E-01    1.69909E+00   -4.85084E-01   -5.23553E-01    3.37071E-01   -4.89693E-01    1.51234E-01    7.38523E-02    2.42702E-01   -5.41745E-01    6.07859E-02    2.33339E-01
     3.34382E-01    2.81640E+00    1.14896E+00   -3.80206E-01    1.70080E+00   -4.86463E-01   -5.07007E-01    3.35759E-01   -4.91386E-01    1.51423E-01    6.75690E-02    2.41253E-01   -5.41551E-01    6.14082E-02    2.31922E-01
     3.37057E-01    2.80541E+00    1.15256E+00   -3.75654E-01    1.70235E+00   -4.87797E-01   -4.90521E-01    3.34442E-01   -4.93034E-01    1.51595E-01    6.13272E-02    2.39805E-01   -5.41293E-01    6.20267E-02    2.30467E-01
     3.39732E-01    2.79439E+00    1.15606E+00   -3.71099E-01    1.70373E+00   -4.89087E-01   -4.74097E-01    3.33121E-01   -4.94637E-01    1.51751E-01    5.51278E-02    2.38357E-01   -5.40970E-01    6.26412E-02    2.28974E-01
     3.42407E-01    2.78335E+00    1.15945E+00   -3.66540E-01    1.70494E+00   -4.90333E-01   -4.57737E-01    3.31796E-01   -4.96195E-01    1.51890E-01    4.89717E-02    2.36911E-01   -5.40584E-01    6.32516E-02    2.27443E-01
     3.45082E-01    2.77228E+00    1.16274E+00   -3.61977E-01    1.70598E+00   -4.91536E-01   -4.41444E-01    3.30467E-01   -4.97707E-01    1.52013E-01    4.28599E-02    2.35465E-01   -5.40135E-01    6.38580E-02    2.25876E-01
     3.47757E-01    2.76119E+00    1.16592E+00   -3.57413E-01    1.70687E+00   -4.92695E-01   -4.25218E-01    3.29133E-01   -4.99175E-01    1.52120E-01    3.67931E-02    2.34021E-01   -5.39624E-01    6.44600E-02    2.24274E-01
     3.50432E-01    2.75007E+00    1.16900E+00   -3.52846E-01    1.70758E+00   -4.93811E-01   -4.09062E-01    3.27796E-01   -5.00597E-01    1.52210E-01    3.07723E-02    2.32578E-01   -5.39052E-01    6.50578E-02    2.22636E-01
     3.53107E-01    2.73893E+00    1.17197E+00   -3.48277E-01    1.70814E+00   -4.94883E-01   -3.92977E-01    3.26455E-01   -5.01974E-01    1.52284E-01    2.47982E-02    2.31137E-01   -5.38420E-01    6.56511E-02    2.20964E-01
     3.55782E-01    2.72776E+00    1.17483E+00   -3.43708E-01    1.70854E+00   -4.95913E-01   -3.76965E-01    3.25111E-01   -5.03305E-01    1.52343E-01    1.88716E-02    2.29698E-01   -5.37728E-01    6.62399E-02    2.19259E-01
     3.58457E-01    2.71658E+00    1.17760E+00   -3.39137E-01    1.70879E+00   -4.96900E-01   -3.61029E-01    3.23763E-01   -5.04592E-01    1.52385E-01    1.29934E-02    2.28260E-01   -5.36977E-01    6.68241E-02    2.17521E-01
     3.61132E-01    2.70537E+00    1.18026E+00   -3.34566E-01    1.70888E+00   -4.97845E-01   -3.45169E-01    3.22411E-01   -5.05834E-01    1.52412E-01    7.16424E-03    2.26825E-01   -5.36169E-01    6.74036E-02    2.15752E-01
     3.63807E-01    2.69415E+00    1.18281E+00   -3.29995E-01    1.70882E+00   -4.98747E-01   -3.29387E-01    3.21056E-01   -5.07030E-01    1.52424E-01    1.38486E-03    2.25392E-01   -5.35303E-01    6.79783E-02    2.13952E-01
     3.66482E-01    2.68290E+00    1.18526E+00   -3.25424E-01    1.70861E+00   -4.99607E-01   -3.13684E-01    3.19699E-01   -5.08181E-01    1.52420E-01   -4.34403E-03    2.23961E-01   -5.34381E-01    6.85482E-02    2.12121E-01
     3.69157E-01    2.67164E+00    1.18761E+00   -3.20854E-01    1.70825E+00   -5.00425E-01   -2.98063E-01    3.18338E-01   -5.09288E-01    1.52400E-01   -1.00218E-02    2.22533E-01   -5.33404E-01    6.91131E-02    2.10262E-01
     3.71832E-01    2.66037E+00    1.18985E+00   -3.16285E-01    1.70774E+00   -5.01202E-01   -2.82524E-01    3.16974E-01   -5.10349E-01    1.52366E-01   -1.56477E-02    2.21108E-01   -5.32372E-01    6.96731E-02    2.08373E-01
     3.74506E-01    2.64908E+00    1.19199E+00   -3.11718E-01    1.70709E+00   -5.01937E-01   -2.67069E-01    3.15607E-01   -5.11365E-01    1.52317E-01   -2.12211E-02    2.19685E-01   -5.31286E-01    7.02279E-02    2.06457E-01
     3.77181E-01    2.63777E+00    1.19403E+00   -3.07152E-01    1.70630E+00   -5.02631E-01   -2.51699E-01    3.14238E-01   -5.12337E-01    1.52253E-01   -2.67415E-02    2.18265E-01   -5.30147E-01    7.07776E-02    2.04515E-01
     3.79856E-01    2.62645E+00    1.19596E+00   -3.02589E-01    1.70537E+00   -5.03283E-01   -2.36416E-01    3.12866E-01   -5.13264E-01    1.52174E-01   -3.22083E-02    2.16849E-01   -5.28956E-01    7.13220E-02    2.02546E-01
     3.82531E-01    2.61512E+00    1.19780E+00   -2.98029E-01    1.70431E+00   -5.03896E-01   -2.21220E-01    3.11492E-01   -5.14146E-01    1.52080E-01   -3.76209E-02    2.15436E-01   -5.27714E-01    7.18612E-02    2.00551E-01
     3.85206E-01    2.60377E+00    1.19953E+00   -2.93471E-01    1.70310E+00   -5.04467E-01   -2.06113E-01    3.10116E-01   -5.14983E-01    1.51973E-01   -4.29787E-02    2.14026E-01   -5.26421E-01    7.23949E-02    1.98533E-01
     3.87881E-01    2.59242E+00    1.20116E+00   -2.88917E-01    1.70176E+00   -5.04998E-01   -1.91097E-01    3.08737E-01   -5.15776E-01    1.51851E-01   -4.82813E-02    2.12619E-01   -5.25078E-01    7.29233E-02    1.96490E-01
     3.90556E-01    2.58105E+00    1.20268E+00   -2.84367E-01    1.70030E+00   -5.05490E-01   -1.76171E-01    3.07356E-01   -5.16525E-01    1.51714E-01   -5.35281E-02    2.11217E-01   -5.23687E-01    7.34461E-02    1.94425E-01
     3.93231E-01    2.56968E+00    1.20411E+00   -2.79821E-01    1.69870E+00   -5.05941E-01   -1.61338E-01    3.05974E-01   -5.17229E-01    1.51564E-01   -5.87187E-02    2.09818E-01   -5.22247E-01    7.39634E-02    1.92338E-01
     3.95906E-01    2.55830E+00    1.20544E+00   -2.75279E-01    1.69697E+00   -5.06353E-01   -1.46598E-01    3.04589E-01   -5.17889E-01    1.51400E-01   -6.38527E-02    2.08423E-01   -5.20761E-01    7.44751E-02    1.90229E-01
     3.98581E-01    2.54691E+00    1.20666E+00   -2.70742E-01    1.69512E+00   -5.06725E-01   -1.31952E-01    3.03203E-01   -5.18504E-01    1.51223E-01   -6.89296E-02    2.07032E-01   -5.19228E-01    7.49811E-02    1.88100E-01
     4.01256E-01    2.53552E+00    1.20779E+00   -2.66211E-01    1.69314E+00   -5.07059E-01   -1.17401E-01    3.01815E-01   -5.19076E-01    1.51032E-01   -7.39490E-02    2.05645E-01   -5.17650E-01    7.54814E-02    1.85951E-01
     4.03931E-01    2.52412E+00    1.20882E+00   -2.61684E-01    1.69104E+00   -5.07353E-01   -1.02946E-01    3.00426E-01   -5.19604E-01    1.50827E-01   -7.89105E-02    2.04262E-01   -5.16027E-01    7.59759E-02    1.83783E-01
     4.06606E-01    2.51272E+00    1.20974E+00   -2.57164E-01    1.68883E+00   -5.07610E-01   -8.85879E-02    2.99036E-01   -5.20088E-01    1.50609E-01   -8.38138E-02    2.02884E-01   -5.14360E-01    7.64646E-02    1.81597E-01
     4.09281E-01    2.50131E+00    1.21057E+00   -2.52649E-01    1.68649E+00   -5.07828E-01   -7.43273E-02    2.97644E-01   -5.20528E-01    1.50379E-01   -8.86585E-02    2.01510E-01   -5.12651E-01    7.69475E-02    1.79393E-01
     4.11956E-01    2.48991E+00    1.21130E+00   -2.48141E-01    1.68404E+00   -5.08007E-01   -6.01649E-02    2.96251E-01   -5.20925E-01    1.50135E-01   -9.34444E-02    2.00141E-01   -5.10899E-01    7.74244E-02    1.77173E-01
     4.14631E-01    2.47850E+00    1.21194E+00   -2.43640E-01    1.68148E+00   -5.08149E-01   -4.61015E-02    2.94857E-01   -5.21278E-01    1.49879E-01   -9.81710E-02    1.98777E-01   -5.09106E-01    7.78953E-02    1.74937E-01
     4.17306E-01    2.46709E+00    1.21247E+00   -2.39145E-01    1.67880E+00   -5.08254E-01   -3.21377E-02    2.93462E-01   -5.21588E-01    1.49610E-01   -1.02838E-01    1.97418E-01   -5.07273E-01    7.83603E-02    1.72686E-01
     4.19981E-01    2.45568E+00    1.21291E+00   -2.34658E-01    1.67602E+00   -5.08321E-01   -1.82742E-02    2.92067E-01   -5.21855E-01    1.49329E-01   -1.07446E-01    1.96063E-01   -5.05400E-01    7.88192E-02    1.70421E-01
     4.22656E-01    2.44427E+00    1.21325E+00   -2.30179E-01    1.67313E+00   -5.08352E-01   -4.51141E-03    2.90670E-01   -5.22079E-01    1.49035E-01   -1.11993E-01    1.94714E-01   -5.03489E-01    7.92720E-02    1.68142E-01
     4.25331E-01    2.43286E+00    1.21350E+00   -2.25707E-01    1.67013E+00   -5.08346E-01    9.15000E-03    2.89273E-01   -5.22261E-01    1.48730E-01   -1.16481E-01    1.93370E-01   -5.01539E-01    7.97187E-02    1.65850E-01
     4.28006E-01    2.42146E+00    1.21365E+00   -2.21244E-01    1.66702E+00   -5.08303E-01    2.27096E-02    2.87876E-01   -5.22399E-01    1.48412E-01   -1.20908E-01    1.92031E-01   -4.99553E-01    8.01593E-02    1.63546E-01
     4.30681E-01    2.41006E+00    1.21370E+00   -2.16789E-01    1.66382E+00   -5.08224E-01    3.61669E-02    2.86479E-01   -5.22496E-01    1.48083E-01   -1.25274E-01    1.90697E-01   -4.97530E-01    8.05937E-02    1.61230E-01
     4.33356E-01    2.39867E+00    1.21366E+00   -2.12343E-01    1.66051E+00   -5.08110E-01    4.95215E-02    2.85081E-01   -5.22550E-01    1.47742E-01   -1.29580E-01    1.89369E-01   -4.95472E-01    8.10218E-02    1.58904E-01
     4.36031E-01    2.38728E+00    1.21353E+00   -2.07905E-01    1.65711E+00   -5.07959E-01    6.27731E-02    2.83683E-01   -5.22562E-01    1.47390E-01   -1.33825E-01    1.88047E-01   -4.93379E-01    8.14438E-02    1.56568E-01
     4.38706E-01    2.37590E+00    1.21330E+00   -2.03477E-01    1.65361E+00   -5.07774E-01    7.59213E-02    2.82285E-01   -5.22532E-01    1.47026E-01   -1.38009E-01    1.86730E-01   -4.91252E-01    8.18595E-02    1.54223E-01
     4.41381E-01    2.36452E+00    1.21298E+00   -1.99059E-01    1.65002E+00   -5.07553E-01    8.89657E-02    2.80888E-01   -5.22460E-01    1.46651E-01   -1.42132E-01    1.85418E-01   -4.89092E-01    8.22688E-02    1.51869E-01
     4.44056E-01    2.35315E+00    1.21257E+00   -1.94650E-01    1.64633E+00   -5.07298E-01    1.01906E-01    2.79490E-01   -5.22347E-01    1.46266E-01   -1.46194E-01    1.84113E-01   -4.86901E-01    8.26719E-02    1.49507E-01
     4.46731E-01    2.34180E+00    1.21206E+00   -1.90251E-01    1.64255E+00   -5.07008E-01    1.14742E-01    2.78093E-01   -5.22192E-01    1.45869E-01   -1.50195E-01    1.82813E-01   -4.84677E-01    8.30687E-02    1.47139E-01
     4.49406E-01    2.33045E+00    1.21147E+00   -1.85862E-01    1.63868E+00   -5.06684E-01    1.27474E-01    2.76697E-01   -5.21997E-01    1.45462E-01   -1.54134E-01    1.81520E-01   -4.82423E-01    8.34591E-02    1.44764E-01
     4.52081E-01    2.31911E+00    1.21078E+00   -1.81484E-01    1.63473E+00   -5.06326E-01    1.40102E-01    2.75301E-01   -5.21760E-01    1.45045E-01   -1.58012E-01    1.80233E-01   -4.80140E-01    8.38432E-02    1.42383E-01
     4.54756E-01    2.30778E+00    1.21000E+00   -1.77117E-01    1.63069E+00   -5.05935E-01    1.52624E-01    2.73905E-01   -5.21483E-01    1.44617E-01   -1.61829E-01    1.78951E-01   -4.77827E-01    8.42209E-02    1.39997E-01
     4.57431E-01    2.29647E+00    1.20914E+00   -1.72760E-01    1.62656E+00   -5.05510E-01    1.65042E-01    2.72511E-01   -5.21166E-01    1.44179E-01   -1.65585E-01    1.77676E-01   -4.75486E-01    8.45921E-02    1.37606E-01
     4.60106E-01    2.28516E+00    1.20818E+00   -1.68415E-01    1.62236E+00   -5.05052E-01    1.77355E-01    2.71117E-01   -5.20808E-01    1.43731E-01   -1.69279E-01    1.76407E-01   -4.73118E-01    8.49570E-02    1.35212E-01
     4.62781E-01    2.27388E+00    1.20713E+00   -1.64081E-01    1.61807E+00   -5.04561E-01    1.89563E-01    2.69724E-01   -5.20410E-01    1.43273E-01   -1.72912E-01    1.75145E-01   -4.70723E-01    8.53155E-02    1.32815E-01
     4.65456E-01    2.26260E+00    1.20600E+00   -1.59758E-01    1.61370E+00   -5.04038E-01    2.01666E-01    2.68333E-01   -5.19973E-01    1.42806E-01   -1.76484E-01    1.73889E-01   -4.68302E-01    8.56676E-02    1.30415E-01
     4.68131E-01    2.25134E+00    1.20478E+00   -1.55447E-01    1.60926E+00   -5.03482E-01    2.13665E-01    2.66943E-01   -5.19496E-01    1.42329E-01   -1.79995E-01    1.72640E-01   -4.65856E-01    8.60132E-02    1.28014E-01
     4.70806E-01    2.24010E+00    1.20347E+00   -1.51149E-01    1.60474E+00   -5.02895E-01    2.25558E-01    2.65554E-01   -5.18980E-01    1.41843E-01   -1.83445E-01    1.71397E-01   -4.63386E-01    8.63525E-02    1.25611E-01
     4.73481E-01    2.22887E+00    1.20208E+00   -1.46862E-01    1.60014E+00   -5.02276E-01    2.37347E-01    2.64166E-01   -5.18424E-01    1.41348E-01   -1.86834E-01    1.70161E-01   -4.60892E-01    8.66852E-02    1.23208E-01
     4.76156E-01    2.21766E+00    1.20060E+00   -1.42588E-01    1.59548E+00   -5.01625E-01    2.49031E-01    2.62780E-01   -5.17830E-01    1.40844E-01   -1.90162E-01    1.68931E-01   -4.58375E-01    8.70116E-02    1.20805E-01
     4.78831E-01    2.20647E+00    1.19904E+00   -1.38327E-01    1.59074E+00   -5.00944E-01    2.60611E-01    2.61396E-01   -5.17198E-01    1.40331E-01   -1.93429E-01    1.67708E-01   -4.55836E-01    8.73315E-02    1.18402E-01
     4.81505E-01    2.19530E+00    1.19739E+00   -1.34078E-01    1.58593E+00   -5.00231E-01    2.72086E-01    2.60013E-01   -5.16527E-01    1.39809E-01   -1.96636E-01    1.66492E-01   -4.53276E-01    8.76451E-02    1.16001E-01
     4.84180E-01    2.18415E+00    1.19566E+00   -1.29842E-01    1.58106E+00   -4.99488E-01    2.83457E-01    2.58632E-01   -5.15818E-01    1.39279E-01   -1.99782E-01    1.65283E-01   -4.50695E-01    8.79521E-02    1.13601E-01
     4.86855E-01    2.17301E+00    1.19384E+00   -1.25619E-01    1.57611E+00   -4.98715E-01    2.94724E-01    2.57254E-01   -5.15072E-01    1.38740E-01   -2.02869E-01    1.64081E-01   -4.48093E-01    8.82528E-02    1.11204E-01
     4.89530E-01    2.16190E+00    1.19195E+00   -1.21410E-01    1.57111E+00   -4.97911E-01    3.05888E-01    2.55877E-01   -5.14288E-01    1.38193E-01   -2.05895E-01    1.62886E-01   -4.45473E-01    8.85471E-02    1.08809E-01
     4.92205E-01    2.15081E+00    1.18997E+00   -1.17214E-01    1.56604E+00   -4.97078E-01    3.16948E-01    2.54502E-01   -5.13466E-01    1.37639E-01   -2.08861E-01    1.61698E-01   -4.42834E-01    8.88349E-02    1.06419E-01
     4.94880E-01    2.13975E+00    1.18791E+00   -1.13032E-01    1.56090E+00   -4.96216E-01    3.27905E-01    2.53130E-01   -5.12608E-01    1.37076E-01   -2.11768E-01    1.60517E-01   -4.40177E-01    8.91164E-02    1.04032E-01
     4.97555E-01    2.12870E+00    1.18577E+00   -1.08863E-01    1.55571E+00   -4.95324E-01    3.38759E-01    2.51760E-01   -5.11714E-01    1.36506E-01   -2.14616E-01    1.59343E-01   -4.37503E-01    8.93915E-02    1.01650E-01
     5.00230E-01    2.11768E+00    1.18355E+00   -1.04709E-01    1.55046E+00   -4.94404E-01    3.49510E-01    2.50392E-01   -5.10783E-01    1.35928E-01   -2.17404E-01    1.58176E-01   -4.34813E-01    8.96602E-02    9.92728E-02
     5.02905E-01    2.10668E+00    1.18125E+00   -1.00569E-01    1.54514E+00   -4.93454E-01    3.60159E-01    2.49027E-01   -5.09815E-01    1.35343E-01   -2.20133E-01    1.57017E-01   -4.32107E-01    8.99226E-02    9.69015E-02
     5.05580E-01    2.09571E+00    1.17887E+00   -9.64425E-02    1.53977E+00   -4.92477E-01    3.70707E-01    2.47665E-01   -5.08812E-01    1.34750E-01   -2.22804E-01    1.55865E-01   -4.29385E-01    9.01787E-02    9.45363E-02
     5.08255E-01    2.08477E+00    1.17641E+00   -9.23309E-02    1.53435E+00   -4.91471E-01    3.81153E-01    2.46305E-01   -5.07774E-01    1.34151E-01   -2.25416E-01    1.54720E-01   -4.26649E-01    9.04284E-02    9.21779E-02
     5.10930E-01    2.07385E+00    1.17388E+00   -8.82339E-02    1.52887E+00   -4.90438E-01    3.91497E-01    2.44948E-01   -5.06701E-01    1.33544E-01   -2.27970E-01    1.53582E-01   -4.23899E-01    9.06718E-02    8.98266E-02
     5.13605E-01    2.06296E+00    1.17127E+00   -8.41516E-02    1.52334E+00   -4.89377E-01    4.01741E-01    2.43594E-01   -5.05592E-01    1.32931E-01   -2.30467E-01    1.52452E-01   -4.21136E-01    9.09090E-02    8.74831E-02
     5.16280E-01    2.05209E+00    1.16859E+00   -8.00841E-02    1.51775E+00   -4.88289E-01    4.11885E-01    2.42243E-01   -5.04449E-01    1.32311E-01   -2.32905E-01    1.51329E-01   -4.18361E-01    9.11399E-02    8.51476E-02
     5.18955E-01    2.04126E+00    1.16583E+00   -7.60317E-02    1.51212E+00   -4.87173E-01    4.21929E-01    2.40896E-01   -5.03272E-01    1.31685E-01   -2.35287E-01    1.50214E-01   -4.15573E-01    9.13645E-02    8.28208E-02
     5.21630E-01    2.03045E+00    1.16300E+00   -7.19944E-02    1.50643E+00   -4.86031E-01    4.31873E-01    2.39551E-01   -5.02061E-01    1.31053E-01   -2.37612E-01    1.49106E-01   -4.12775E-01    9.15830E-02    8.05031E-02
     5.24305E-01    2.01967E+00    1.16009E+00   -6.79724E-02    1.50070E+00   -4.84863E-01    4.41719E-01    2.38210E-01   -5.00816E-01    1.30414E-01   -2.39880E-01    1.48005E-01   -4.09965E-01    9.17952E-02    7.81949E-02
     5.26980E-01    2.00892E+00    1.15711E+00   -6.39658E-02    1.49492E+00   -4.83668E-01    4.51466E-01    2.36872E-01   -4.99538E-01    1.29769E-01   -2.42092E-01    1.46913E-01   -4.07146E-01    9.20013E-02    7.58967E-02
     5.29655E-01    1.99821E+00    1.15406E+00   -5.99747E-02    1.48909E+00   -4.82448E-01    4.61115E-01    2.35537E-01   -4.98227E-01    1.29119E-01   -2.44248E-01    1.45827E-01   -4.04317E-01    9.22013E-02    7.36090E-02
     5.32330E-01    1.98752E+00    1.15093E+00   -5.59993E-02    1.48322E+00   -4.81201E-01    4.70667E-01    2.34206E-01   -4.96883E-01    1.28463E-01   -2.46348E-01    1.44749E-01   -4.01479E-01    9.23951E-02    7.13320E-02
     5.35005E-01    1.97687E+00    1.14774E+00   -5.20396E-02    1.47730E+00   -4.79930E-01    4.80121E-01    2.32879E-01   -4.95507E-01    1.27801E-01   -2.48394E-01    1.43679E-01   -3.98633E-01    9.25829E-02    6.90664E-02
     5.37680E-01    1.96625E+00    1.14447E+00   -4.80958E-02    1.47134E+00   -4.78633E-01    4.89479E-01    2.31555E-01   -4.94099E-01    1.27134E-01   -2.50384E-01    1.42617E-01   -3.95779E-01    9.27646E-02    6.68124E-02
     5.40355E-01    1.95566E+00    1.14114E+00   -4.41681E-02    1.46533E+00   -4.77311E-01    4.98742E-01    2.30235E-01   -4.92659E-01    1.26462E-01   -2.52320E-01    1.41562E-01   -3.92918E-01    9.29404E-02    6.45706E-02
     5.43030E-01    1.94511E+00    1.13774E+00   -4.02564E-02    1.45929E+00   -4.75965E-01    5.07908E-01    2.28920E-01   -4.91187E-01    1.25784E-01   -2.54202E-01    1.40515E-01   -3.90050E-01    9.31101E-02    6.23411E-02
     5.45705E-01    1.93459E+00    1.13427E+00   -3.63610E-02    1.45320E+00   -4.74594E-01    5.16980E-01    2.27608E-01   -4.89685E-01    1.25102E-01   -2.56031E-01    1.39475E-01   -3.87176E-01    9.32739E-02    6.01246E-02
     5.48380E-01    1.92410E+00    1.13073E+00   -3.24819E-02    1.44707E+00   -4.73199E-01    5.25958E-01    2.26300E-01   -4.88152E-01    1.24414E-01   -2.57806E-01    1.38443E-01   -3.84297E-01    9.34318E-02    5.79213E-02
     5.51055E-01    1.91365E+00    1.12713E+00   -2.86193E-02    1.44091E+00   -4.71780E-01    5.34842E-01    2.24996E-01   -4.86589E-01    1.23722E-01   -2.59529E-01    1.37419E-01   -3.81413E-01    9.35838E-02    5.57316E-02
     5.53730E-01    1.90324E+00    1.12346E+00   -2.47732E-02    1.43470E+00   -4.70338E-01    5.43633E-01    2.23697E-01   -4.84995E-01    1.23026E-01   -2.61199E-01    1.36403E-01   -3.78524E-01    9.37299E-02    5.35558E-02
     5.56405E-01    1.89286E+00    1.11972E+00   -2.09437E-02    1.42846E+00   -4.68872E-01    5.52331E-01    2.22401E-01   -4.83372E-01    1.22325E-01   -2.62817E-01    1.35394E-01   -3.75631E-01    9.38703E-02    5.13944E-02
     5.59080E-01    1.88252E+00    1.11592E+00   -1.71310E-02    1.42218E+00   -4.67383E-01    5.60937E-01    2.21111E-01   -4.81720E-01    1.21620E-01   -2.64384E-01    1.34393E-01   -3.72735E-01    9.40049E-02    4.92476E-02
     5.61755E-01    1.87222E+00    1.11206E+00   -1.33352E-02    1.41587E+00   -4.65871E-01    5.69451E-01    2.19824E-01   -4.80038E-01    1.20911E-01   -2.65899E-01    1.33400E-01   -3.69836E-01    9.41338E-02    4.71158E-02
     5.64430E-01    1.86196E+00    1.10814E+00   -9.55623E-03    1.40952E+00   -4.64336E-01    5.77875E-01    2.18542E-01   -4.78328E-01    1.20197E-01   -2.67364E-01    1.32415E-01   -3.66935E-01    9.42570E-02    4.49993E-02
     5.67105E-01    1.85173E+00    1.10415E+00   -5.79433E-03    1.40314E+00   -4.62779E-01    5.86208E-01    2.17265E-01   -4.76590E-01    1.19480E-01   -2.68779E-01    1.31437E-01   -3.64031E-01    9.43745E-02    4.28984E-02
     5.69780E-01    1.84154E+00    1.10011E+00   -2.04955E-03    1.39672E+00   -4.61200E-01    5.94452E-01    2.15993E-01   -4.74824E-01    1.18759E-01   -2.70144E-01    1.30467E-01   -3.61126E-01    9.44865E-02    4.08135E-02
     5.72455E-01    1.83140E+00    1.09600E+00    1.67802E-03    1.39027E+00   -4.59599E-01    6.02606E-01    2.14725E-01   -4.73030E-01    1.18035E-01   -2.71460E-01    1.29505E-01   -3.58221E-01    9.45929E-02    3.87448E-02
     5.75130E-01    1.82129E+00    1.09183E+00    5.38828E-03    1.38378E+00   -4.57976E-01    6.10671E-01    2.13462E-01   -4.71209E-01    1.17307E-01   -2.72727E-01    1.28551E-01   -3.55314E-01    9.46938E-02    3.66926E-02
     5.77805E-01    1.81122E+00    1.08761E+00    9.08117E-03    1.37727E+00   -4.56332E-01    6.18649E-01    2.12204E-01   -4.69361E-01    1.16576E-01   -2.73945E-01    1.27604E-01   -3.52408E-01    9.47892E-02    3.46572E-02
     5.80480E-01    1.80120E+00    1.08332E+00    1.27566E-02    1.37072E+00   -4.54667E-01    6.26538E-01    2.10951E-01   -4.67486E-01    1.15842E-01   -2.75116E-01    1.26665E-01   -3.49501E-01    9.48792E-02    3.26389E-02
     5.83155E-01    1.79121E+00    1.07898E+00    1.64144E-02    1.36415E+00   -4.52980E-01    6.34341E-01    2.09703E-01   -4.65585E-01    1.15104E-01   -2.76239E-01    1.25734E-01   -3.46596E-01    9.49639E-02    3.06380E-02
     5.85830E-01    1.78127E+00    1.07458E+00    2.00547E-02    1.35754E+00   -4.51273E-01    6.42058E-01    2.08460E-01   -4.63659E-01    1.14364E-01   -2.77315E-01    1.24811E-01   -3.43692E-01    9.50432E-02    2.86546E-02
     5.88504E-01    1.77137E+00    1.07013E+00    2.36772E-02    1.35090E+00   -4.49545E-01    6.49688E-01    2.07223E-01   -4.61707E-01    1.13621E-01   -2.78345E-01    1.23895E-01   -3.40789E-01    9.51172E-02    2.66892E-02
     5.91179E-01    1.76152E+00    1.06562E+00    2.72819E-02    1.34424E+00   -4.47797E-01    6.57234E-01    2.05990E-01   -4.59730E-01    1.12875E-01   -2.79329E-01    1.22988E-01   -3.37889E-01    9.51860E-02    2.47418E-02
     5.93854E-01    1.75170E+00    1.06105E+00    3.08687E-02    1.33754E+00   -4.46029E-01    6.64694E-01    2.04763E-01   -4.57728E-01    1.12126E-01   -2.80268E-01    1.22088E-01   -3.34991E-01    9.52496E-02    2.28128E-02
     5.96529E-01    1.74193E+00    1.05644E+00    3.44376E-02    1.33082E+00   -4.44241E-01    6.72071E-01    2.03541E-01   -4.55702E-01    1.11375E-01   -2.81161E-01    1.21196E-01   -3.32096E-01    9.53080E-02    2.09024E-02
     5.99204E-01    1.73221E+00    1.05177E+00    3.79885E-02    1.32407E+00   -4.42434E-01    6.79363E-01    2.02325E-01   -4.53652E-01    1.10622E-01   -2.82010E-01    1.20311E-01   -3.29204E-01    9.53614E-02    1.90107E-02
     6.01879E-01    1.72253E+00    1.04705E+00    4.15213E-02    1.31729E+00   -4.40607E-01    6.86573E-01    2.01114E-01   -4.51578E-01    1.09867E-01   -2.82815E-01    1.19434E-01   -3.26316E-01    9.54098E-02    1.71381E-02
     6.04554E-01    1.71289E+00    1.04227E+00    4.50359E-02    1.31048E+00   -4.38761E-01    6.93700E-01    1.99909E-01   -4.49481E-01    1.09109E-01   -2.83577E-01    1.18565E-01   -3.23432E-01    9.54531E-02    1.52847E-02
     6.07229E-01    1.70330E+00    1.03745E+00    4.85323E-02    1.30365E+00   -4.36896E-01    7.00745E-01    1.98710E-01   -4.47360E-01    1.08350E-01   -2.84296E-01    1.17704E-01   -3.20552E-01    9.54915E-02    1.34507E-02
     6.09904E-01    1.69376E+00    1.03257E+00    5.20104E-02    1.29679E+00   -4.35012E-01    7.07708E-01    1.97516E-01   -4.45218E-01    1.07588E-01   -2.84972E-01    1.16850E-01   -3.17677E-01    9.55251E-02    1.16363E-02
     6.12579E-01    1.68426E+00    1.02765E+00    5.54701E-02    1.28991E+00   -4.33110E-01    7.14590E-01    1.96328E-01   -4.43053E-01    1.06825E-01   -2.85606E-01    1.16004E-01   -3.14807E-01    9.55538E-02    9.84172E-03
     6.15254E-01    1.67481E+00    1.02268E+00    5.89113E-02    1.28300E+00   -4.31189E-01    7.21392E-01    1.95146E-01   -4.40866E-01    1.06060E-01   -2.86199E-01    1.15166E-01   -3.11942E-01    9.55778E-02    8.06711E-03
     6.17929E-01    1.66540E+00    1.01766E+00    6.23340E-02    1.27607E+00   -4.29250E-01    7.28114E-01    1.93969E-01   -4.38658E-01    1.05294E-01   -2.86751E-01    1.14336E-01   -3.09083E-01    9.55970E-02    6.31266E-03
     6.20604E-01    1.65605E+00    1.01259E+00    6.57382E-02    1.26911E+00   -4.27294E-01    7.34755E-01    1.92799E-01   -4.36429E-01    1.04526E-01   -2.87263E-01    1.13513E-01   -3.06231E-01    9.56116E-02    4.57851E-03
     6.23279E-01    1.64674E+00    1.00748E+00    6.91237E-02    1.26212E+00   -4.25319E-01    7.41318E-01    1.91634E-01   -4.34179E-01    1.03757E-01   -2.87734E-01    1.12697E-01   -3.03384E-01    9.56215E-02    2.86485E-03
     6.25954E-01    1.63748E+00    1.00233E+00    7.24904E-02    1.25511E+00   -4.23328E-01    7.47802E-01    1.90476E-01   -4.31909E-01    1.02987E-01   -2.88167E-01    1.11889E-01   -3.00545E-01    9.56269E-02    1.17181E-03
     6.28629E-01    1.62827E+00    9.97125E-01    7.58384E-02    1.24808E+00   -4.21319E-01    7.54208E-01    1.89324E-01   -4.29618E-01    1.02216E-01   -2.88560E-01    1.11089E-01   -2.97712E-01    9.56278E-02   -5.00463E-04
     6.31304E-01    1.61910E+00    9.91879E-01    7.91676E-02    1.24103E+00   -4.19293E-01    7.60536E-01    1.88178E-01   -4.27308E-01    1.01443E-01   -2.88915E-01    1.10297E-01   -2.94887E-01    9.56242E-02   -2.15182E-03
     6.33979E-01    1.60999E+00    9.86591E-01    8.24778E-02    1.23395E+00   -4.17250E-01    7.66786E-01    1.87038E-01   -4.24979E-01    1.00670E-01   -2.89232E-01    1.09512E-01   -2.92069E-01    9.56163E-02   -3.78213E-03
     6.36654E-01    1.60093E+00    9.81260E-01    8.57691E-02    1.22684E+00   -4.15191E-01    7.72959E-01    1.85904E-01   -4.22631E-01    9.98958E-02   -2.89512E-01    1.08734E-01   -2.89260E-01    9.56040E-02   -5.39128E-03
     6.39329E-01    1.59191E+00    9.75888E-01    8.90414E-02    1.21972E+00   -4.13115E-01    7.79056E-01    1.84777E-01   -4.20264E-01    9.91210E-02   -2.89756E-01    1.07964E-01   -2.86458E-01    9.55875E-02   -6.97913E-03
     6.42004E-01    1.58295E+00    9.70475E-01    9.22945E-02    1.21257E+00   -4.11023E-01    7.85076E-01    1.83656E-01   -4.17879E-01    9.83456E-02   -2.89963E-01    1.07202E-01   -2.83665E-01    9.55667E-02   -8.54557E-03
     6.44679E-01    1.57404E+00    9.65022E-01    9.55285E-02    1.20540E+00   -4.08915E-01    7.91021E-01    1.82541E-01   -4.15476E-01    9.75698E-02   -2.90134E-01    1.06447E-01   -2.80881E-01    9.55418E-02   -1.00905E-02
     6.47354E-01    1.56517E+00    9.59529E-01    9.87433E-02    1.19821E+00   -4.06791E-01    7.96890E-01    1.81433E-01   -4.13056E-01    9.67935E-02   -2.90270E-01    1.05699E-01   -2.78106E-01    9.55127E-02   -1.16138E-02
     6.50029E-01    1.55636E+00    9.53998E-01    1.01939E-01    1.19099E+00   -4.04651E-01    8.02684E-01    1.80331E-01   -4.10619E-01    9.60169E-02   -2.90371E-01    1.04959E-01   -2.75340E-01    9.54797E-02   -1.31154E-02
     6.52704E-01    1.54761E+00    9.48430E-01    1.05115E-01    1.18375E+00   -4.02497E-01    8.08403E-01    1.79236E-01   -4.08165E-01    9.52400E-02   -2.90438E-01    1.04226E-01   -2.72584E-01    9.54426E-02   -1.45952E-02
     6.55379E-01    1.53890E+00    9.42824E-01    1.08272E-01    1.17649E+00   -4.00327E-01    8.14048E-01    1.78148E-01   -4.05695E-01    9.44631E-02   -2.90472E-01    1.03500E-01   -2.69837E-01    9.54016E-02   -1.60531E-02
     6.58054E-01    1.53024E+00    9.37181E-01    1.11409E-01    1.16921E+00   -3.98142E-01    8.19618E-01    1.77066E-01   -4.03208E-01    9.36860E-02   -2.90472E-01    1.02782E-01   -2.67100E-01    9.53567E-02   -1.74890E-02
     6.60729E-01    1.52164E+00    9.31503E-01    1.14527E-01    1.16191E+00   -3.95942E-01    8.25115E-01    1.75990E-01   -4.00706E-01    9.29091E-02   -2.90440E-01    1.02071E-01   -2.64374E-01    9.53081E-02   -1.89029E-02
     6.63404E-01    1.51309E+00    9.25791E-01    1.17625E-01    1.15458E+00   -3.93727E-01    8.30538E-01    1.74922E-01   -3.98189E-01    9.21322E-02   -2.90376E-01    1.01368E-01   -2.61658E-01    9.52556E-02   -2.02946E-02
     6.66079E-01    1.50460E+00    9.20044E-01    1.20704E-01    1.14724E+00   -3.91499E-01    8.35887E-01    1.73860E-01   -3.95657E-01    9.13556E-02   -2.90280E-01    1.00672E-01   -2.58952E-01    9.51995E-02   -2.16642E-02
     6.68754E-01    1.49616E+00    9.14263E-01    1.23763E-01    1.13987E+00   -3.89255E-01    8.41164E-01    1.72805E-01   -3.93110E-01    9.05793E-02   -2.90153E-01    9.99825E-02   -2.56257E-01    9.51397E-02   -2.30115E-02
     6.71429E-01    1.48777E+00    9.08450E-01    1.26802E-01    1.13248E+00   -3.86998E-01    8.46367E-01    1.71757E-01   -3.90549E-01    8.98033E-02   -2.89996E-01    9.93006E-02   -2.53574E-01    9.50764E-02   -2.43366E-02
     6.74104E-01    1.47943E+00    9.02605E-01    1.29822E-01    1.12508E+00   -3.84728E-01    8.51498E-01    1.70716E-01   -3.87974E-01    8.90278E-02   -2.89808E-01    9.86258E-02   -2.50901E-01    9.50096E-02   -2.56393E-02
     6.76779E-01    1.47115E+00    8.96729E-01    1.32821E-01    1.11765E+00   -3.82443E-01    8.56557E-01    1.69681E-01   -3.85386E-01    8.82529E-02   -2.89591E-01    9.79582E-02   -2.48240E-01    9.49393E-02   -2.69196E-02
     6.79454E-01    1.46293E+00    8.90822E-01    1.35801E-01    1.11020E+00   -3.80145E-01    8.61543E-01    1.68654E-01   -3.82784E-01    8.74786E-02   -2.89345E-01    9.72977E-02   -2.45591E-01    9.48656E-02   -2.81774E-02
     6.82129E-01    1.45476E+00    8.84885E-01    1.38761E-01    1.10273E+00   -3.77834E-01    8.66457E-01    1.67633E-01   -3.80170E-01    8.67049E-02   -2.89071E-01    9.66443E-02   -2.42954E-01    9.47885E-02   -2.94129E-02
     6.84804E-01    1.44664E+00    8.78919E-01    1.41701E-01    1.09524E+00   -3.75510E-01    8.71300E-01    1.66620E-01   -3.77543E-01    8.59321E-02   -2.88768E-01    9.59979E-02   -2.40328E-01    9.47082E-02   -3.06258E-02
     6.87479E-01    1.43858E+00    8.72925E-01    1.44620E-01    1.08773E+00   -3.73172E-01    8.76071E-01    1.65614E-01   -3.74904E-01    8.51601E-02   -2.88438E-01    9.53586E-02   -2.37714E-01    9.46247E-02   -3.18162E-02
     6.90154E-01    1.43058E+00    8.66903E-01    1.47520E-01    1.08020E+00   -3.70823E-01    8.80770E-01    1.64614E-01   -3.72254E-01    8.43890E-02   -2.88081E-01    9.47262E-02   -2.35113E-01    9.45380E-02   -3.29840E-02
     6.92829E-01    1.42263E+00    8.60854E-01    1.50399E-01    1.07265E+00   -3.68460E-01    8.85398E-01    1.63622E-01   -3.69591E-01    8.36189E-02   -2.87698E-01    9.41007E-02   -2.32524E-01    9.44483E-02   -3.41293E-02
     6.95503E-01    1.41473E+00    8.54779E-01    1.53258E-01    1.06508E+00   -3.66086E-01    8.89955E-01    1.62637E-01   -3.66918E-01    8.28498E-02   -2.87289E-01    9.34822E-02   -2.29948E-01    9.43555E-02   -3.52520E-02
     6.98178E-01    1.40690E+00    8.48678E-01    1.56097E-01    1.05749E+00   -3.63699E-01    8.94440E-01    1.61659E-01   -3.64234E-01    8.20819E-02   -2.86854E-01    9.28705E-02   -2.27385E-01    9.42597E-02   -3.63522E-02
     7.00853E-01    1.39911E+00    8.42553E-01    1.58916E-01    1.04988E+00   -3.61301E-01    8.98855E-01    1.60688E-01   -3.61540E-01    8.13152E-02   -2.86394E-01    9.22657E-02   -2.24834E-01    9.41610E-02   -3.74297E-02
     7.03528E-01    1.39139E+00    8.36403E-01    1.61714E-01    1.04225E+00   -3.58891E-01    9.03198E-01    1.59725E-01   -3.58835E-01    8.05498E-02   -2.85910E-01    9.16676E-02   -2.22296E-01    9.40595E-02   -3.84847E-02
     7.06203E-01    1.38372E+00    8.30230E-01    1.64492E-01    1.03461E+00   -3.56469E-01    9.07471E-01    1.58769E-01   -3.56121E-01    7.97856E-02   -2.85401E-01    9.10764E-02   -2.19772E-01    9.39551E-02   -3.95170E-02
     7.08878E-01    1.37611E+00    8.24034E-01    1.67249E-01    1.02694E+00   -3.54036E-01    9.11673E-01    1.57820E-01   -3.53398E-01    7.90229E-02   -2.84870E-01    9.04919E-02   -2.17261E-01    9.38481E-02   -4.05268E-02
     7.11553E-01    1.36856E+00    8.17815E-01    1.69986E-01    1.01926E+00   -3.51591E-01    9.15804E-01    1.56878E-01   -3.50665E-01    7.82616E-02   -2.84315E-01    8.99140E-02   -2.14763E-01    9.37383E-02   -4.15141E-02
     7.14228E-01    1.36106E+00    8.11576E-01    1.72702E-01    1.01155E+00   -3.49136E-01    9.19865E-01    1.55944E-01   -3.47924E-01    7.75018E-02   -2.83738E-01    8.93429E-02   -2.12278E-01    9.36260E-02   -4.24788E-02
     7.16903E-01    1.35363E+00    8.05315E-01    1.75398E-01    1.00383E+00   -3.46670E-01    9.23855E-01    1.55017E-01   -3.45174E-01    7.67436E-02   -2.83138E-01    8.87783E-02   -2.09807E-01    9.35111E-02   -4.34209E-02
     7.19578E-01    1.34625E+00    7.99035E-01    1.78073E-01    9.96095E-01   -3.44194E-01    9.27774E-01    1.54097E-01   -3.42416E-01    7.59871E-02   -2.82517E-01    8.82204E-02   -2.07350E-01    9.33937E-02   -4.43405E-02
     7.22253E-01    1.33892E+00    7.92735E-01    1.80727E-01    9.88338E-01   -3.41707E-01    9.31623E-01    1.53185E-01   -3.39651E-01    7.52322E-02   -2.81875E-01    8.76690E-02   -2.04907E-01    9.32739E-02   -4.52377E-02
     7.24928E-01    1.33166E+00    7.86416E-01    1.83360E-01    9.80564E-01   -3.39210E-01    9.35401E-01    1.52280E-01   -3.36877E-01    7.44791E-02   -2.81213E-01    8.71242E-02   -2.02477E-01    9.31517E-02   -4.61124E-02
     7.27603E-01    1.32445E+00    7.80079E-01    1.85973E-01    9.72772E-01   -3.36703E-01    9.39109E-01    1.51382E-01   -3.34097E-01    7.37278E-02   -2.80530E-01    8.65858E-02   -2.00062E-01    9.30272E-02   -4.69646E-02
     7.30278E-01    1.31730E+00    7.73725E-01    1.88564E-01    9.64962E-01   -3.34186E-01    9.42746E-01    1.50493E-01   -3.31310E-01    7.29783E-02   -2.79828E-01    8.60538E-02   -1.97660E-01    9.29005E-02   -4.77945E-02
     7.32953E-01    1.31021E+00    7.67354E-01    1.91135E-01    9.57136E-01   -3.31659E-01    9.46312E-01    1.49610E-01   -3.28517E-01    7.22307E-02   -2.79106E-01    8.55283E-02   -1.95273E-01    9.27715E-02   -4.86020E-02
     7.35628E-01    1.30318E+00    7.60967E-01    1.93685E-01    9.49293E-01   -3.29123E-01    9.49808E-01    1.48735E-01   -3.25717E-01    7.14851E-02   -2.78366E-01    8.50091E-02   -1.92899E-01    9.26405E-02   -4.93871E-02
     7.38303E-01    1.29621E+00    7.54564E-01    1.96214E-01    9.41434E-01   -3.26578E-01    9.53233E-01    1.47867E-01   -3.22912E-01    7.07415E-02   -2.77607E-01    8.44963E-02   -1.90540E-01    9.25073E-02   -5.01500E-02
     7.40978E-01    1.28930E+00    7.48147E-01    1.98722E-01    9.33558E-01   -3.24023E-01    9.56587E-01    1.47007E-01   -3.20100E-01    6.99999E-02   -2.76831E-01    8.39897E-02   -1.88196E-01    9.23722E-02   -5.08907E-02
     7.43653E-01    1.28244E+00    7.41715E-01    2.01208E-01    9.25667E-01   -3.21460E-01    9.59871E-01    1.46155E-01   -3.17284E-01    6.92605E-02   -2.76037E-01    8.34894E-02   -1.85866E-01    9.22351E-02   -5.16092E-02
     7.46328E-01    1.27565E+00    7.35270E-01    2.03674E-01    9.17760E-01   -3.18888E-01    9.63084E-01    1.45310E-01   -3.14463E-01    6.85232E-02   -2.75226E-01    8.29953E-02   -1.83550E-01    9.20961E-02   -5.23056E-02
     7.49003E-01    1.26891E+00    7.28811E-01    2.06118E-01    9.09837E-01   -3.16308E-01    9.66226E-01    1.44473E-01   -3.11637E-01    6.77880E-02   -2.74399E-01    8.25074E-02   -1.81249E-01    9.19553E-02   -5.29799E-02
     7.51678E-01    1.26224E+00    7.22341E-01    2.08541E-01    9.01899E-01   -3.13719E-01    9.69297E-01    1.43643E-01   -3.08806E-01    6.70551E-02   -2.73556E-01    8.20256E-02   -1.78962E-01    9.18127E-02   -5.36322E-02
     7.54353E-01    1.25562E+00    7.15859E-01    2.10943E-01    8.93947E-01   -3.11122E-01    9.72298E-01    1.42820E-01   -3.05972E-01    6.63245E-02   -2.72697E-01    8.15500E-02   -1.76690E-01    9.16684E-02   -5.42625E-02
     7.57028E-01    1.24907E+00    7.09366E-01    2.13324E-01    8.85980E-01   -3.08517E-01    9.75227E-01    1.42006E-01   -3.03134E-01    6.55962E-02   -2.71823E-01    8.10804E-02   -1.74432E-01    9.15224E-02   -5.48709E-02
     7.59703E-01    1.24257E+00    7.02862E-01    2.15683E-01    8.77999E-01   -3.05905E-01    9.78086E-01    1.41199E-01   -3.00292E-01    6.48703E-02   -2.70935E-01    8.06168E-02   -1.72189E-01    9.13748E-02   -5.54575E-02
     7.62378E-01    1.23613E+00    6.96349E-01    2.18021E-01    8.70004E-01   -3.03284E-01    9.80873E-01    1.40399E-01   -2.97447E-01    6.41468E-02   -2.70032E-01    8.01591E-02   -1.69961E-01    9.12257E-02   -5.60224E-02
     7.65053E-01    1.22975E+00    6.89826E-01    2.20338E-01    8.61997E-01   -3.00657E-01    9.83589E-01    1.39607E-01   -2.94599E-01    6.34257E-02   -2.69115E-01    7.97075E-02   -1.67748E-01    9.10751E-02   -5.65655E-02
     7.67728E-01    1.22344E+00    6.83294E-01    2.22633E-01    8.53976E-01   -2.98022E-01    9.86234E-01    1.38823E-01   -2.91749E-01    6.27070E-02   -2.68185E-01    7.92617E-02   -1.65549E-01    9.09231E-02   -5.70870E-02
     7.70403E-01    1.21718E+00    6.76755E-01    2.24906E-01    8.45942E-01   -2.95381E-01    9.88807E-01    1.38047E-01   -2.88896E-01    6.19909E-02   -2.67241E-01    7.88218E-02   -1.63365E-01    9.07697E-02   -5.75870E-02
     7.73078E-01    1.21098E+00    6.70208E-01    2.27159E-01    8.37896E-01   -2.92732E-01    9.91309E-01    1.37278E-01   -2.86041E-01    6.12773E-02   -2.66285E-01    7.83877E-02   -1.61196E-01    9.06151E-02   -5.80655E-02
     7.75753E-01    1.20484E+00    6.63655E-01    2.29389E-01    8.29839E-01   -2.90077E-01    9.93740E-01    1.36516E-01   -2.83185E-01    6.05663E-02   -2.65317E-01    7.79594E-02   -1.59042E-01    9.04591E-02   -5.85226E-02
     7.78428E-01    1.19877E+00    6.57095E-01    2.31598E-01    8.21770E-01   -2.87416E-01    9.96099E-01    1.35763E-01   -2.80326E-01    5.98579E-02   -2.64338E-01    7.75368E-02   -1.56902E-01    9.03020E-02   -5.89584E-02
     7.81103E-01    1.19275E+00    6.50529E-01    2.33786E-01    8.13690E-01   -2.84748E-01    9.98386E-01    1.35017E-01   -2.77467E-01    5.91521E-02   -2.63346E-01    7.71199E-02   -1.54777E-01    9.01437E-02   -5.93729E-02
     7.83778E-01    1.18680E+00    6.43958E-01    2.35951E-01    8.05600E-01   -2.82075E-01    1.00060E+00    1.34278E-01   -2.74606E-01    5.84490E-02   -2.62344E-01    7.67087E-02   -1.52668E-01    8.99844E-02   -5.97663E-02
     7.86453E-01    1.18090E+00    6.37383E-01    2.38096E-01    7.97500E-01   -2.79395E-01    1.00275E+00    1.33547E-01   -2.71745E-01    5.77486E-02   -2.61331E-01    7.63032E-02   -1.50573E-01    8.98240E-02   -6.01386E-02
     7.89128E-01    1.17506E+00    6.30804E-01    2.40218E-01    7.89390E-01   -2.76710E-01    1.00482E+00    1.32824E-01   -2.68883E-01    5.70509E-02   -2.60309E-01    7.59032E-02   -1.48492E-01    8.96626E-02   -6.04899E-02
     7.91803E-01    1.16929E+00    6.24221E-01    2.42319E-01    7.81271E-01   -2.74020E-01    1.00682E+00    1.32109E-01   -2.66021E-01    5.63560E-02   -2.59276E-01    7.55087E-02   -1.46427E-01    8.95004E-02   -6.08203E-02
     7.94478E-01    1.16358E+00    6.17635E-01    2.44398E-01    7.73144E-01   -2.71324E-01    1.00875E+00    1.31401E-01   -2.63159E-01    5.56638E-02   -2.58234E-01    7.51198E-02   -1.44376E-01    8.93373E-02   -6.11299E-02
     7.97153E-01    1.15792E+00    6.11047E-01    2.46455E-01    7.65008E-01   -2.68623E-01    1.01060E+00    1.30701E-01   -2.60297E-01    5.49744E-02   -2.57183E-01    7.47363E-02   -1.42341E-01    8.91734E-02   -6.14188E-02
     7.99828E-01    1.15233E+00    6.04458E-01    2.48490E-01    7.56865E-01   -2.65917E-01    1.01239E+00    1.30009E-01   -2.57435E-01    5.42879E-02   -2.56123E-01    7.43582E-02   -1.40320E-01    8.90087E-02   -6.16870E-02
     8.02502E-01    1.14680E+00    5.97866E-01    2.50504E-01    7.48715E-01   -2.63207E-01    1.01410E+00    1.29324E-01   -2.54575E-01    5.36042E-02   -2.55055E-01    7.39856E-02   -1.38313E-01    8.88434E-02   -6.19347E-02
     8.05177E-01    1.14132E+00    5.91275E-01    2.52496E-01    7.40558E-01   -2.60492E-01    1.01574E+00    1.28647E-01   -2.51715E-01    5.29234E-02   -2.53979E-01    7.36183E-02   -1.36322E-01    8.86774E-02   -6.21620E-02
     8.07852E-01    1.13591E+00    5.84683E-01    2.54466E-01    7.32396E-01   -2.57773E-01    1.01731E+00    1.27977E-01   -2.48857E-01    5.22454E-02   -2.52895E-01    7.32562E-02   -1.34345E-01    8.85108E-02   -6.23689E-02
     8.10527E-01    1.13056E+00    5.78091E-01    2.56414E-01    7.24228E-01   -2.55049E-01    1.01880E+00    1.27315E-01   -2.46000E-01    5.15704E-02   -2.51805E-01    7.28995E-02   -1.32383E-01    8.83437E-02   -6.25556E-02
     8.13202E-01    1.12527E+00    5.71500E-01    2.58341E-01    7.16055E-01   -2.52322E-01    1.02023E+00    1.26661E-01   -2.43144E-01    5.08983E-02   -2.50707E-01    7.25480E-02   -1.30436E-01    8.81762E-02   -6.27221E-02
     8.15877E-01    1.12004E+00    5.64911E-01    2.60245E-01    7.07879E-01   -2.49591E-01    1.02158E+00    1.26014E-01   -2.40291E-01    5.02291E-02   -2.49603E-01    7.22017E-02   -1.28503E-01    8.80082E-02   -6.28686E-02
     8.18552E-01    1.11487E+00    5.58323E-01    2.62128E-01    6.99698E-01   -2.46857E-01    1.02286E+00    1.25375E-01   -2.37439E-01    4.95629E-02   -2.48493E-01    7.18605E-02   -1.26585E-01    8.78398E-02   -6.29951E-02
     8.21227E-01    1.10976E+00    5.51738E-01    2.63989E-01    6.91514E-01   -2.44119E-01    1.02407E+00    1.24744E-01   -2.34590E-01    4.88997E-02   -2.47378E-01    7.15244E-02   -1.24681E-01    8.76712E-02   -6.31017E-02
     8.23902E-01    1.10472E+00    5.45156E-01    2.65827E-01    6.83328E-01   -2.41378E-01    1.02520E+00    1.24120E-01   -2.31744E-01    4.82395E-02   -2.46256E-01    7.11934E-02   -1.22792E-01    8.75023E-02   -6.31886E-02
     8.26577E-01    1.09973E+00    5.38577E-01    2.67644E-01    6.75140E-01   -2.38634E-01    1.02626E+00    1.23504E-01   -2.28900E-01    4.75823E-02   -2.45130E-01    7.08675E-02   -1.20917E-01    8.73331E-02   -6.32559E-02
     8.29252E-01    1.09480E+00    5.32002E-01    2.69439E-01    6.66951E-01   -2.35888E-01    1.02726E+00    1.22896E-01   -2.26060E-01    4.69281E-02   -2.43999E-01    7.05465E-02   -1.19057E-01    8.71639E-02   -6.33036E-02
     8.31927E-01    1.08994E+00    5.25431E-01    2.71212E-01    6.58761E-01   -2.33139E-01    1.02817E+00    1.22295E-01   -2.23222E-01    4.62769E-02   -2.42864E-01    7.02305E-02   -1.17211E-01    8.69945E-02   -6.33318E-02
     8.34602E-01    1.08513E+00    5.18865E-01    2.72964E-01    6.50571E-01   -2.30387E-01    1.02902E+00    1.21702E-01   -2.20388E-01    4.56287E-02   -2.41724E-01    6.99194E-02   -1.15380E-01    8.68251E-02   -6.33407E-02
     8.37277E-01    1.08038E+00    5.12304E-01    2.74693E-01    6.42381E-01   -2.27634E-01    1.02980E+00    1.21116E-01   -2.17557E-01    4.49837E-02   -2.40581E-01    6.96132E-02   -1.13562E-01    8.66556E-02   -6.33304E-02
     8.39952E-01    1.07570E+00    5.05749E-01    2.76400E-01    6.34193E-01   -2.24878E-01    1.03050E+00    1.20538E-01   -2.14730E-01    4.43417E-02   -2.39435E-01    6.93119E-02   -1.11759E-01    8.64863E-02   -6.33009E-02
     8.42627E-01    1.07107E+00    4.99200E-01    2.78086E-01    6.26007E-01   -2.22120E-01    1.03113E+00    1.19967E-01   -2.11908E-01    4.37027E-02   -2.38285E-01    6.90153E-02   -1.09970E-01    8.63170E-02   -6.32525E-02
     8.45302E-01    1.06651E+00    4.92657E-01    2.79749E-01    6.17823E-01   -2.19361E-01    1.03169E+00    1.19404E-01   -2.09089E-01    4.30668E-02   -2.37132E-01    6.87235E-02   -1.08196E-01    8.61479E-02   -6.31851E-02
     8.47977E-01    1.06200E+00    4.86122E-01    2.81391E-01    6.09643E-01   -2.16601E-01    1.03218E+00    1.18848E-01   -2.06275E-01    4.24341E-02   -2.35977E-01    6.84365E-02   -1.06435E-01    8.59790E-02   -6.30988E-02
     8.50652E-01    1.05756E+00    4.79594E-01    2.83011E-01    6.01466E-01   -2.13839E-01    1.03259E+00    1.18300E-01   -2.03465E-01    4.18044E-02   -2.34820E-01    6.81541E-02   -1.04688E-01    8.58103E-02   -6.29939E-02
     8.53327E-01    1.05317E+00    4.73074E-01    2.84609E-01    5.93294E-01   -2.11077E-01    1.03294E+00    1.17760E-01   -2.00660E-01    4.11778E-02   -2.33661E-01    6.78764E-02   -1.02955E-01    8.56420E-02   -6.28704E-02
     8.56002E-01    1.04885E+00    4.66563E-01    2.86185E-01    5.85127E-01   -2.08313E-01    1.03321E+00    1.17227E-01   -1.97860E-01    4.05543E-02   -2.32500E-01    6.76033E-02   -1.01236E-01    8.54740E-02   -6.27284E-02
     8.58677E-01    1.04458E+00    4.60060E-01    2.87739E-01    5.76966E-01   -2.05549E-01    1.03341E+00    1.16701E-01   -1.95065E-01    3.99339E-02   -2.31338E-01    6.73348E-02   -9.95309E-02    8.53064E-02   -6.25680E-02
     8.61352E-01    1.04038E+00    4.53567E-01    2.89272E-01    5.68812E-01   -2.02785E-01    1.03355E+00    1.16183E-01   -1.92275E-01    3.93167E-02   -2.30175E-01    6.70708E-02   -9.78393E-02    8.51393E-02   -6.23893E-02
     8.64027E-01    1.03623E+00    4.47083E-01    2.90783E-01    5.60664E-01   -2.00020E-01    1.03361E+00    1.15673E-01   -1.89490E-01    3.87025E-02   -2.29012E-01    6.68113E-02   -9.61613E-02    8.49726E-02   -6.21925E-02
     8.66702E-01    1.03215E+00    4.40609E-01    2.92271E-01    5.52525E-01   -1.97255E-01    1.03360E+00    1.15169E-01   -1.86712E-01    3.80915E-02   -2.27847E-01    6.65563E-02   -9.44969E-02    8.48066E-02   -6.19776E-02
     8.69377E-01    1.02812E+00    4.34145E-01    2.93739E-01    5.44394E-01   -1.94490E-01    1.03352E+00    1.14674E-01   -1.83938E-01    3.74835E-02   -2.26683E-01    6.63057E-02   -9.28460E-02    8.46411E-02   -6.17448E-02
     8.72052E-01    1.02415E+00    4.27692E-01    2.95184E-01    5.36272E-01   -1.91726E-01    1.03337E+00    1.14185E-01   -1.81171E-01    3.68787E-02   -2.25519E-01    6.60596E-02   -9.12084E-02    8.44762E-02   -6.14941E-02
     8.74727E-01    1.02025E+00    4.21251E-01    2.96608E-01    5.28160E-01   -1.88962E-01    1.03315E+00    1.13704E-01   -1.78410E-01    3.62770E-02   -2.24355E-01    6.58178E-02   -8.95842E-02    8.43121E-02   -6.12256E-02
     8.77402E-01    1.01640E+00    4.14821E-01    2.98010E-01    5.20058E-01   -1.86199E-01    1.03285E+00    1.13231E-01   -1.75655E-01    3.56784E-02   -2.23192E-01    6.55803E-02   -8.79732E-02    8.41487E-02   -6.09396E-02
     8.80077E-01    1.01261E+00    4.08403E-01    2.99390E-01    5.11968E-01   -1.83436E-01    1.03250E+00    1.12765E-01   -1.72906E-01    3.50829E-02   -2.22029E-01    6.53471E-02   -8.63753E-02    8.39861E-02   -6.06360E-02
     8.82752E-01    1.00888E+00    4.01997E-01    3.00749E-01    5.03890E-01   -1.80675E-01    1.03207E+00    1.12306E-01   -1.70164E-01    3.44906E-02   -2.20868E-01    6.51182E-02   -8.47905E-02    8.38243E-02   -6.03150E-02
     8.85427E-01    1.00521E+00    3.95604E-01    3.02086E-01    4.95824E-01   -1.77915E-01    1.03157E+00    1.11854E-01   -1.67429E-01    3.39013E-02   -2.19708E-01    6.48935E-02   -8.32187E-02    8.36634E-02   -5.99767E-02
     8.88102E-01    1.00159E+00    3.89224E-01    3.03401E-01    4.87771E-01   -1.75156E-01    1.03100E+00    1.11410E-01   -1.64700E-01    3.33152E-02   -2.18550E-01    6.46729E-02   -8.16597E-02    8.35035E-02   -5.96212E-02
     8.90777E-01    9.98040E-01    3.82857E-01    3.04695E-01    4.79732E-01   -1.72399E-01    1.03037E+00    1.10973E-01   -1.61978E-01    3.27321E-02   -2.17393E-01    6.44566E-02   -8.01135E-02    8.33445E-02   -5.92486E-02
     8.93452E-01    9.94545E-01    3.76504E-01    3.05968E-01    4.71708E-01   -1.69644E-01    1.02966E+00    1.10544E-01   -1.59263E-01    3.21521E-02   -2.16239E-01    6.42443E-02   -7.85800E-02    8.31865E-02   -5.88590E-02
     8.96127E-01    9.91108E-01    3.70165E-01    3.07219E-01    4.63698E-01   -1.66890E-01    1.02889E+00    1.10121E-01   -1.56556E-01    3.15752E-02   -2.15087E-01    6.40362E-02   -7.70592E-02    8.30296E-02   -5.84525E-02
     8.98802E-01    9.87729E-01    3.63841E-01    3.08449E-01    4.55705E-01   -1.64139E-01    1.02805E+00    1.09706E-01   -1.53855E-01    3.10014E-02   -2.13938E-01    6.38321E-02   -7.55508E-02    8.28738E-02   -5.80292E-02
     9.01477E-01    9.84409E-01    3.57531E-01    3.09657E-01    4.47728E-01   -1.61390E-01    1.02714E+00    1.09298E-01   -1.51163E-01    3.04307E-02   -2.12791E-01    6.36320E-02   -7.40548E-02    8.27192E-02   -5.75893E-02
     9.04152E-01    9.81146E-01    3.51237E-01    3.10844E-01    4.39768E-01   -1.58644E-01    1.02617E+00    1.08897E-01   -1.48477E-01    2.98630E-02   -2.11648E-01    6.34359E-02   -7.25712E-02    8.25657E-02   -5.71328E-02
     9.06827E-01    9.77942E-01    3.44957E-01    3.12010E-01    4.31825E-01   -1.55901E-01    1.02513E+00    1.08504E-01   -1.45800E-01    2.92983E-02   -2.10508E-01    6.32437E-02   -7.10998E-02    8.24135E-02   -5.66598E-02
     9.09501E-01    9.74795E-01    3.38694E-01    3.13154E-01    4.23901E-01   -1.53160E-01    1.02402E+00    1.08117E-01   -1.43130E-01    2.87368E-02   -2.09371E-01    6.30555E-02   -6.96404E-02    8.22626E-02   -5.61704E-02
     9.12176E-01    9.71705E-01    3.32446E-01    3.14277E-01    4.15996E-01   -1.50422E-01    1.02285E+00    1.07738E-01   -1.40468E-01    2.81782E-02   -2.08238E-01    6.28711E-02   -6.81931E-02    8.21130E-02   -5.56648E-02
     9.14851E-01    9.68674E-01    3.26215E-01    3.15380E-01    4.08111E-01   -1.47688E-01    1.02161E+00    1.07366E-01   -1.37814E-01    2.76227E-02   -2.07109E-01    6.26906E-02   -6.67578E-02    8.19648E-02   -5.51430E-02
     9.17526E-01    9.65699E-01    3.20000E-01    3.16461E-01    4.00245E-01   -1.44957E-01    1.02031E+00    1.07001E-01   -1.35168E-01    2.70702E-02   -2.05984E-01    6.25140E-02   -6.53342E-02    8.18180E-02   -5.46051E-02
     9.20201E-01    9.62781E-01    3.13802E-01    3.17521E-01    3.92401E-01   -1.42229E-01    1.01894E+00    1.06643E-01   -1.32530E-01    2.65207E-02   -2.04863E-01    6.23411E-02   -6.39223E-02    8.16727E-02   -5.40513E-02
     9.22876E-01    9.59921E-01    3.07621E-01    3.18560E-01    3.84577E-01   -1.39505E-01    1.01751E+00    1.06292E-01   -1.29901E-01    2.59742E-02   -2.03747E-01    6.21720E-02   -6.25221E-02    8.15289E-02   -5.34816E-02
     9.25551E-01    9.57117E-01    3.01458E-01    3.19578E-01    3.76776E-01   -1.36786E-01    1.01601E+00    1.05948E-01   -1.27280E-01    2.54306E-02   -2.02636E-01    6.20066E-02   -6.11333E-02    8.13866E-02   -5.28961E-02
     9.28226E-01    9.54370E-01    2.95312E-01    3.20576E-01    3.68997E-01   -1.34070E-01    1.01446E+00    1.05611E-01   -1.24668E-01    2.48901E-02   -2.01529E-01    6.18449E-02   -5.97559E-02    8.12459E-02   -5.22949E-02
     9.30901E-01    9.51680E-01    2.89184E-01    3.21553E-01    3.61241E-01   -1.31358E-01    1.01283E+00    1.05281E-01   -1.22064E-01    2.43525E-02   -2.00428E-01    6.16869E-02   -5.83898E-02    8.11068E-02   -5.16781E-02
     9.33576E-01    9.49045E-01    2.83075E-01    3.22509E-01    3.53509E-01   -1.28651E-01    1.01115E+00    1.04958E-01   -1.19469E-01    2.38178E-02   -1.99331E-01    6.15325E-02   -5.70348E-02    8.09694E-02   -5.10459E-02
     9.36251E-01    9.46467E-01    2.76984E-01    3.23444E-01    3.45801E-01   -1.25949E-01    1.00940E+00    1.04641E-01   -1.16883E-01    2.32861E-02   -1.98240E-01    6.13817E-02   -5.56910E-02    8.08337E-02   -5.03982E-02
     9.38926E-01    9.43945E-01    2.70911E-01    3.24359E-01    3.38117E-01   -1.23251E-01    1.00759E+00    1.04332E-01   -1.14305E-01    2.27572E-02   -1.97155E-01    6.12346E-02   -5.43580E-02    8.06998E-02   -4.97353E-02
     9.41601E-01    9.41479E-01    2.64858E-01    3.25253E-01    3.30459E-01   -1.20558E-01    1.00572E+00    1.04030E-01   -1.11737E-01    2.22313E-02   -1.96076E-01    6.10909E-02   -5.30359E-02    8.05677E-02   -4.90571E-02
     9.44276E-01    9.39068E-01    2.58824E-01    3.26127E-01    3.22826E-01   -1.17871E-01    1.00379E+00    1.03734E-01   -1.09177E-01    2.17082E-02   -1.95002E-01    6.09508E-02   -5.17245E-02    8.04374E-02   -4.83638E-02
     9.46951E-01    9.36713E-01    2.52809E-01    3.26980E-01    3.15220E-01   -1.15188E-01    1.00180E+00    1.03446E-01   -1.06627E-01    2.11880E-02   -1.93935E-01    6.08142E-02   -5.04238E-02    8.03089E-02   -4.76554E-02
     9.49626E-01    9.34413E-01    2.46814E-01    3.27813E-01    3.07640E-01   -1.12511E-01    9.99743E-01    1.03164E-01   -1.04086E-01    2.06707E-02   -1.92874E-01    6.06810E-02   -4.91335E-02    8.01824E-02   -4.69321E-02
     9.52301E-01    9.32169E-01    2.40838E-01    3.28626E-01    3.00088E-01   -1.09840E-01    9.97631E-01    1.02889E-01   -1.01554E-01    2.01561E-02   -1.91819E-01    6.05513E-02   -4.78536E-02    8.00579E-02   -4.61939E-02
     9.54976E-01    9.29979E-01    2.34883E-01    3.29419E-01    2.92563E-01   -1.07174E-01    9.95460E-01    1.02621E-01   -9.90313E-02    1.96444E-02   -1.90771E-01    6.04250E-02   -4.65840E-02    7.99353E-02   -4.54410E-02
     9.57651E-01    9.27844E-01    2.28948E-01    3.30191E-01    2.85066E-01   -1.04514E-01    9.93231E-01    1.02359E-01   -9.65181E-02    1.91355E-02   -1.89730E-01    6.03021E-02   -4.53245E-02    7.98148E-02   -4.46733E-02
     9.60326E-01    9.25763E-01    2.23034E-01    3.30944E-01    2.77598E-01   -1.01860E-01    9.90943E-01    1.02104E-01   -9.40143E-02    1.86294E-02   -1.88695E-01    6.01825E-02   -4.40751E-02    7.96963E-02   -4.38910E-02
     9.63001E-01    9.23737E-01    2.17140E-01    3.31676E-01    2.70159E-01   -9.92126E-02    9.88598E-01    1.01856E-01   -9.15201E-02    1.81260E-02   -1.87668E-01    6.00663E-02   -4.28355E-02    7.95800E-02   -4.30942E-02
     9.65676E-01    9.21765E-01    2.11267E-01    3.32389E-01    2.62749E-01   -9.65713E-02    9.86196E-01    1.01615E-01   -8.90354E-02    1.76254E-02   -1.86648E-01    5.99533E-02   -4.16058E-02    7.94658E-02   -4.22829E-02
     9.68351E-01    9.19846E-01    2.05416E-01    3.33082E-01    2.55370E-01   -9.39365E-02    9.83738E-01    1.01380E-01   -8.65603E-02    1.71274E-02   -1.85635E-01    5.98437E-02   -4.03858E-02    7.93538E-02   -4.14572E-02
     9.71026E-01    9.17982E-01    1.99585E-01    3.33755E-01    2.48020E-01   -9.13084E-02    9.81223E-01    1.01152E-01   -8.40950E-02    1.66322E-02   -1.84629E-01    5.97373E-02   -3.91753E-02    7.92440E-02   -4.06172E-02
     9.73701E-01    9.16171E-01    1.93776E-01    3.34409E-01    2.40701E-01   -8.86871E-02    9.78652E-01    1.00930E-01   -8.16394E-02    1.61397E-02   -1.83631E-01    5.96341E-02   -3.79742E-02    7.91365E-02   -3.97630E-02
     9.76376E-01    9.14414E-01    1.87988E-01    3.35043E-01    2.33413E-01   -8.60727E-02    9.76027E-01    1.00715E-01   -7.91935E-02    1.56498E-02   -1.82641E-01    5.95341E-02   -3.67825E-02    7.90313E-02   -3.88946E-02
     9.79051E-01    9.12710E-01    1.82223E-01    3.35658E-01    2.26157E-01   -8.34654E-02    9.73346E-01    1.00506E-01   -7.67575E-02    1.51626E-02   -1.81658E-01    5.94373E-02   -3.56000E-02    7.89284E-02   -3.80121E-02
     9.81726E-01    9.11058E-01    1.76479E-01    3.36253E-01    2.18932E-01   -8.08654E-02    9.70612E-01    1.00304E-01   -7.43314E-02    1.46779E-02   -1.80684E-01    5.93436E-02   -3.44266E-02    7.88279E-02   -3.71156E-02
     9.84401E-01    9.09460E-01    1.70757E-01    3.36829E-01    2.11740E-01   -7.82728E-02    9.67824E-01    1.00109E-01   -7.19152E-02    1.41959E-02   -1.79717E-01    5.92531E-02   -3.32621E-02    7.87299E-02   -3.62051E-02
     9.87076E-01    9.07914E-01    1.65058E-01    3.37386E-01    2.04580E-01   -7.56876E-02    9.64983E-01    9.99194E-02   -6.95089E-02    1.37164E-02   -1.78759E-01    5.91657E-02   -3.21065E-02    7.86342E-02   -3.52807E-02
     9.89751E-01    9.06420E-01    1.59381E-01    3.37923E-01    1.97453E-01   -7.31102E-02    9.62090E-01    9.97367E-02   -6.71127E-02    1.32395E-02   -1.77809E-01    5.90813E-02   -3.09596E-02    7.85411E-02   -3.43425E-02
     9.92426E-01    9.04979E-01    1.53726E-01    3.38442E-01    1.90358E-01   -7.05406E-02    9.59144E-01    9.95603E-02   -6.47265E-02    1.27652E-02   -1.76868E-01    5.90000E-02   -2.98213E-02    7.84505E-02   -3.33905E-02
     9.95101E-01    9.03589E-01    1.48094E-01    3.38942E-01    1.83298E-01   -6.79789E-02    9.56147E-01    9.93904E-02   -6.23504E-02    1.22933E-02   -1.75934E-01    5.89218E-02   -2.86914E-02    7.83625E-02   -3.24248E-02
     9.97776E-01    9.02251E-01    1.42485E-01    3.39423E-01    1.76271E-01   -6.54253E-02    9.53099E-01    9.92268E-02   -5.99844E-02    1.18239E-02   -1.75010E-01    5.88465E-02   -2.75699E-02    7.82771E-02   -3.14454E-02
     1.00045E+00    9.00965E-01    1.36899E-01    3.39885E-01    1.69277E-01   -6.28799E-02    9.50000E-01    9.90695E-02   -5.76285E-02    1.13570E-02   -1.74094E-01    5.87743E-02   -2.64567E-02    7.81943E-02   -3.04525E-02
     1.00313E+00    8.99730E-01    1.31336E-01    3.40328E-01    1.62318E-01   -6.03429E-02    9.46851E-01    9.89185E-02   -5.52829E-02    1.08925E-02   -1.73187E-01    5.87050E-02   -2.53516E-02    7.81142E-02   -2.94460E-02
     1.00580E+00    8.98547E-01    1.25796E-01    3.40753E-01    1.55394E-01   -5.78143E-02    9.43652E-01    9.87737E-02   -5.29474E-02    1.04304E-02   -1.72289E-01    5.86386E-02   -2.42544E-02    7.80368E-02   -2.84260E-02
     1.00848E+00    8.97414E-01    1.20279E-01    3.41160E-01    1.48504E-01   -5.52944E-02    9.40405E-01    9.86352E-02   -5.06221E-02    9.97077E-03   -1.71400E-01    5.85752E-02   -2.31651E-02    7.79621E-02   -2.73926E-02
     1.01115E+00    8.96331E-01    1.14786E-01    3.41548E-01    1.41649E-01   -5.27833E-02    9.37109E-01    9.85029E-02   -4.83071E-02    9.51346E-03   -1.70520E-01    5.85147E-02   -2.20836E-02    7.78902E-02   -2.63458E-02
     1.01383E+00    8.95300E-01    1.09316E-01    3.41918E-01    1.34830E-01   -5.02810E-02    9.33765E-01    9.83767E-02   -4.60024E-02    9.05849E-03   -1.69649E-01    5.84571E-02   -2.10097E-02    7.78212E-02   -2.52856E-02
     1.01650E+00    8.94318E-01    1.03869E-01    3.42269E-01    1.28045E-01   -4.77877E-02    9.30373E-01    9.82567E-02   -4.37080E-02    8.60584E-03   -1.68787E-01    5.84023E-02   -1.99433E-02    7.77550E-02   -2.42121E-02
     1.01918E+00    8.93387E-01    9.84468E-02    3.42603E-01    1.21296E-01   -4.53036E-02    9.26934E-01    9.81429E-02   -4.14238E-02    8.15548E-03   -1.67934E-01    5.83504E-02   -1.88842E-02    7.76916E-02   -2.31254E-02
     1.02185E+00    8.92505E-01    9.30480E-02    3.42918E-01    1.14583E-01   -4.28287E-02    9.23449E-01    9.80351E-02   -3.91501E-02    7.70739E-03   -1.67091E-01    5.83012E-02   -1.78324E-02    7.76312E-02   -2.20255E-02
     1.02453E+00    8.91673E-01    8.76730E-02    3.43216E-01    1.07906E-01   -4.03632E-02    9.19917E-01    9.79334E-02   -3.68866E-02    7.26154E-03   -1.66258E-01    5.82549E-02   -1.67878E-02    7.75738E-02   -2.09124E-02
     1.02720E+00    8.90890E-01    8.23220E-02    3.43496E-01    1.01265E-01   -3.79072E-02    9.16340E-01    9.78378E-02   -3.46335E-02    6.81791E-03   -1.65434E-01    5.82114E-02   -1.57501E-02    7.75194E-02   -1.97861E-02
     1.02988E+00    8.90156E-01    7.69949E-02    3.43758E-01    9.46602E-02   -3.54609E-02    9.12718E-01    9.77481E-02   -3.23909E-02    6.37647E-03   -1.64619E-01    5.81707E-02   -1.47193E-02    7.74680E-02   -1.86468E-02
     1.03255E+00    8.89472E-01    7.16920E-02    3.44002E-01    8.80916E-02   -3.30243E-02    9.09050E-01    9.76645E-02   -3.01585E-02    5.93720E-03   -1.63814E-01    5.81327E-02   -1.36953E-02    7.74196E-02   -1.74943E-02
     1.03523E+00    8.88836E-01    6.64132E-02    3.44229E-01    8.15595E-02   -3.05975E-02    9.05339E-01    9.75868E-02   -2.79366E-02    5.50007E-03   -1.63019E-01    5.80974E-02   -1.26779E-02    7.73744E-02   -1.63288E-02
     1.03790E+00    8.88249E-01    6.11586E-02    3.44438E-01    7.50640E-02   -2.81808E-02    9.01584E-01    9.75150E-02   -2.57251E-02    5.06505E-03   -1.62234E-01    5.80648E-02   -1.16671E-02    7.73323E-02   -1.51503E-02
     1.04058E+00    8.87709E-01    5.59284E-02    3.44631E-01    6.86051E-02   -2.57741E-02    8.97786E-01    9.74491E-02   -2.35240E-02    4.63212E-03   -1.61458E-01    5.80350E-02   -1.06626E-02    7.72933E-02   -1.39588E-02
     1.04325E+00    8.87218E-01    5.07224E-02    3.44805E-01    6.21831E-02   -2.33777E-02    8.93944E-01    9.73891E-02   -2.13333E-02    4.20125E-03   -1.60693E-01    5.80078E-02   -9.66436E-03    7.72576E-02   -1.27544E-02
     1.04593E+00    8.86775E-01    4.55409E-02    3.44963E-01    5.57979E-02   -2.09916E-02    8.90061E-01    9.73350E-02   -1.91531E-02    3.77241E-03   -1.59937E-01    5.79833E-02   -8.67229E-03    7.72251E-02   -1.15369E-02
     1.04860E+00    8.86379E-01    4.03838E-02    3.45104E-01    4.94497E-02   -1.86160E-02    8.86135E-01    9.72867E-02   -1.69833E-02    3.34558E-03   -1.59191E-01    5.79614E-02   -7.68625E-03    7.71959E-02   -1.03066E-02
     1.05128E+00    8.86031E-01    3.52512E-02    3.45228E-01    4.31385E-02   -1.62509E-02    8.82167E-01    9.72441E-02   -1.48239E-02    2.92073E-03   -1.58456E-01    5.79421E-02   -6.70610E-03    7.71700E-02   -9.06335E-03
     1.05395E+00    8.85730E-01    3.01432E-02    3.45335E-01    3.68644E-02   -1.38965E-02    8.78159E-01    9.72073E-02   -1.26749E-02    2.49784E-03   -1.57730E-01    5.79255E-02   -5.73173E-03    7.71474E-02   -7.80720E-03
     1.05663E+00    8.85476E-01    2.50597E-02    3.45425E-01    3.06274E-02   -1.15528E-02    8.74110E-01    9.71763E-02   -1.05363E-02    2.07688E-03   -1.57015E-01    5.79115E-02   -4.76301E-03    7.71282E-02   -6.53817E-03
     1.05930E+00    8.85268E-01    2.00009E-02    3.45499E-01    2.44275E-02   -9.22005E-03    8.70020E-01    9.71510E-02   -8.40823E-03    1.65781E-03   -1.56310E-01    5.79000E-02   -3.79983E-03    7.71125E-02   -5.25626E-03
     1.06198E+00    8.85107E-01    1.49666E-02    3.45556E-01    1.82648E-02   -6.89829E-03    8.65890E-01    9.71313E-02   -6.29055E-03    1.24062E-03   -1.55615E-01    5.78911E-02   -2.84206E-03    7.71001E-02   -3.96148E-03
     1.06465E+00    8.84993E-01    9.95709E-03    3.45596E-01    1.21393E-02   -4.58762E-03    8.61721E-01    9.71173E-02   -4.18328E-03    8.25270E-04   -1.54930E-01    5.78848E-02   -1.88958E-03    7.70913E-02   -2.65385E-03
     1.06733E+00    8.84924E-01    4.97224E-03    3.45621E-01    6.05107E-03   -2.28815E-03    8.57513E-01    9.71089E-02   -2.08644E-03    4.11740E-04   -1.54256E-01    5.78810E-02   -9.42265E-04    7.70859E-02   -1.33335E-03
     1.07000E+00    8.84901E-01    1.21122E-05    3.45629E-01    0.00000E+00    2.24468E-68    8.53266E-01    9.71061E-02    0.00000E+00    1.42785E-24   -1.53592E-01    5.78798E-02    0.00000E+00    7.70842E-02    0.00000E+00
