     1.00000E-05    3.80924E+00   -1.62202E-05   -4.97093E-01    5.23049E-19   -1.66953E-05   -1.66953E+00    3.86151E-01    1.69162E-19    6.78063E-06    6.78063E-01    3.45865E-01    1.51971E-19    8.30465E-11    1.66093E-05
     6.25998E-03    3.80883E+00    2.51126E-02   -4.96962E-01    4.17728E-02   -1.04500E-02   -1.66897E+00    3.86107E-01   -1.38440E-02    4.24398E-03    6.77738E-01    3.45809E-01   -1.79727E-02    3.25385E-05    1.03942E-02
     1.25100E-02    3.80760E+00    5.01669E-02   -4.96571E-01    8.34373E-02   -2.08763E-02   -1.66727E+00    3.85978E-01   -2.76546E-02    8.47712E-03    6.76765E-01    3.45640E-01   -3.58950E-02    1.29889E-04    2.07536E-02
     1.87599E-02    3.80556E+00    7.51845E-02   -4.95920E-01    1.25019E-01   -3.12885E-02   -1.66446E+00    3.85762E-01   -4.14429E-02    1.27022E-02    6.75147E-01    3.45360E-01   -5.37740E-02    2.91881E-04    3.10766E-02
     2.50099E-02    3.80270E+00    1.00148E-01   -4.95009E-01    1.66476E-01   -4.16796E-02   -1.66052E+00    3.85460E-01   -5.51975E-02    1.69151E-02    6.72886E-01    3.44968E-01   -7.15882E-02    5.18231E-04    4.13452E-02
     3.12599E-02    3.79904E+00    1.25038E-01   -4.93839E-01    2.07768E-01   -5.20426E-02   -1.65547E+00    3.85072E-01   -6.89075E-02    2.11119E-02    6.69987E-01    3.44465E-01   -8.93163E-02    8.08543E-04    5.15416E-02
     3.75098E-02    3.79456E+00    1.49837E-01   -4.92412E-01    2.48855E-01   -6.23706E-02   -1.64931E+00    3.84599E-01   -8.25617E-02    2.52886E-02    6.66456E-01    3.43852E-01   -1.06937E-01    1.16231E-03    6.16481E-02
     4.37598E-02    3.78928E+00    1.74528E-01   -4.90729E-01    2.89695E-01   -7.26567E-02   -1.64206E+00    3.84040E-01   -9.61492E-02    2.94412E-02    6.62299E-01    3.43129E-01   -1.24430E-01    1.57892E-03    7.16473E-02
     5.00098E-02    3.78320E+00    1.99092E-01   -4.88791E-01    3.30250E-01   -8.28940E-02   -1.63372E+00    3.83397E-01   -1.09659E-01    3.35660E-02    6.57525E-01    3.42297E-01   -1.41774E-01    2.05764E-03    8.15220E-02
     5.62598E-02    3.77633E+00    2.23512E-01   -4.86602E-01    3.70480E-01   -9.30759E-02   -1.62431E+00    3.82670E-01   -1.23081E-01    3.76590E-02    6.52143E-01    3.41357E-01   -1.58949E-01    2.59764E-03    9.12555E-02
     6.25098E-02    3.76866E+00    2.47771E-01   -4.84161E-01    4.10347E-01   -1.03196E-01   -1.61384E+00    3.81859E-01   -1.36404E-01    4.17165E-02    6.46163E-01    3.40310E-01   -1.75936E-01    3.19800E-03    1.00831E-01
     6.87597E-02    3.76022E+00    2.71853E-01   -4.81473E-01    4.49813E-01   -1.13247E-01   -1.60232E+00    3.80965E-01   -1.49617E-01    4.57348E-02    6.39596E-01    3.39158E-01   -1.92714E-01    3.85767E-03    1.10234E-01
     7.50097E-02    3.75100E+00    2.95739E-01   -4.78539E-01    4.88841E-01   -1.23222E-01   -1.58978E+00    3.79989E-01   -1.62711E-01    4.97102E-02    6.32456E-01    3.37902E-01   -2.09265E-01    4.57552E-03    1.19447E-01
     8.12597E-02    3.74101E+00    3.19413E-01   -4.75364E-01    5.27395E-01   -1.33117E-01   -1.57623E+00    3.78931E-01   -1.75676E-01    5.36393E-02    6.24755E-01    3.36543E-01   -2.25571E-01    5.35032E-03    1.28456E-01
     8.75096E-02    3.73026E+00    3.42860E-01   -4.71948E-01    5.65439E-01   -1.42923E-01   -1.56170E+00    3.77793E-01   -1.88501E-01    5.75185E-02    6.16509E-01    3.35083E-01   -2.41614E-01    6.18076E-03    1.37247E-01
     9.37596E-02    3.71876E+00    3.66064E-01   -4.68297E-01    6.02941E-01   -1.52636E-01   -1.54620E+00    3.76575E-01   -2.01176E-01    6.13445E-02    6.07733E-01    3.33523E-01   -2.57376E-01    7.06542E-03    1.45806E-01
     1.00010E-01    3.70652E+00    3.89009E-01   -4.64413E-01    6.39866E-01   -1.62249E-01   -1.52976E+00    3.75279E-01   -2.13693E-01    6.51141E-02    5.98443E-01    3.31866E-01   -2.72841E-01    8.00281E-03    1.54119E-01
     1.06260E-01    3.69356E+00    4.11680E-01   -4.60300E-01    6.76183E-01   -1.71756E-01   -1.51239E+00    3.73904E-01   -2.26042E-01    6.88240E-02    5.88657E-01    3.30114E-01   -2.87994E-01    8.99136E-03    1.62175E-01
     1.12510E-01    3.67987E+00    4.34062E-01   -4.55962E-01    7.11861E-01   -1.81152E-01   -1.49413E+00    3.72453E-01   -2.38213E-01    7.24712E-02    5.78392E-01    3.28267E-01   -3.02818E-01    1.00294E-02    1.69960E-01
     1.18760E-01    3.66547E+00    4.56141E-01   -4.51403E-01    7.46871E-01   -1.90431E-01   -1.47501E+00    3.70927E-01   -2.50200E-01    7.60529E-02    5.67667E-01    3.26329E-01   -3.17300E-01    1.11153E-02    1.77465E-01
     1.25009E-01    3.65038E+00    4.77903E-01   -4.46627E-01    7.81183E-01   -1.99587E-01   -1.45504E+00    3.69326E-01   -2.61992E-01    7.95661E-02    5.56503E-01    3.24302E-01   -3.31426E-01    1.22471E-02    1.84678E-01
     1.31259E-01    3.63460E+00    4.99335E-01   -4.41640E-01    8.14772E-01   -2.08617E-01   -1.43426E+00    3.67653E-01   -2.73582E-01    8.30083E-02    5.44918E-01    3.22187E-01   -3.45183E-01    1.34231E-02    1.91591E-01
     1.37509E-01    3.61815E+00    5.20424E-01   -4.36444E-01    8.47610E-01   -2.17514E-01   -1.41270E+00    3.65907E-01   -2.84961E-01    8.63768E-02    5.32934E-01    3.19988E-01   -3.58558E-01    1.46413E-02    1.98193E-01
     1.43759E-01    3.60105E+00    5.41158E-01   -4.31046E-01    8.79675E-01   -2.26274E-01   -1.39038E+00    3.64091E-01   -2.96123E-01    8.96691E-02    5.20571E-01    3.17706E-01   -3.71541E-01    1.58998E-02    2.04477E-01
     1.50009E-01    3.58329E+00    5.61524E-01   -4.25450E-01    9.10943E-01   -2.34892E-01   -1.36734E+00    3.62206E-01   -3.07061E-01    9.28831E-02    5.07852E-01    3.15344E-01   -3.84121E-01    1.71966E-02    2.10436E-01
     1.56259E-01    3.56491E+00    5.81512E-01   -4.19661E-01    9.41393E-01   -2.43364E-01   -1.34361E+00    3.60253E-01   -3.17766E-01    9.60166E-02    4.94797E-01    3.12905E-01   -3.96288E-01    1.85296E-02    2.16063E-01
     1.62509E-01    3.54591E+00    6.01109E-01   -4.13684E-01    9.71003E-01   -2.51686E-01   -1.31921E+00    3.58234E-01   -3.28233E-01    9.90674E-02    4.81431E-01    3.10391E-01   -4.08033E-01    1.98967E-02    2.21352E-01
     1.68759E-01    3.52631E+00    6.20307E-01   -4.07525E-01    9.99757E-01   -2.59853E-01   -1.29419E+00    3.56151E-01   -3.38456E-01    1.02034E-01    4.67774E-01    3.07806E-01   -4.19349E-01    2.12958E-02    2.26298E-01
     1.75009E-01    3.50613E+00    6.39094E-01   -4.01189E-01    1.02764E+00   -2.67862E-01   -1.26857E+00    3.54004E-01   -3.48427E-01    1.04914E-01    4.53851E-01    3.05151E-01   -4.30228E-01    2.27247E-02    2.30898E-01
     1.81259E-01    3.48537E+00    6.57463E-01   -3.94682E-01    1.05462E+00   -2.75709E-01   -1.24239E+00    3.51796E-01   -3.58143E-01    1.07706E-01    4.39683E-01    3.02429E-01   -4.40664E-01    2.41812E-02    2.35147E-01
     1.87509E-01    3.46406E+00    6.75404E-01   -3.88008E-01    1.08071E+00   -2.83391E-01   -1.21568E+00    3.49528E-01   -3.67598E-01    1.10410E-01    4.25293E-01    2.99643E-01   -4.50652E-01    2.56633E-02    2.39044E-01
     1.93759E-01    3.44221E+00    6.92908E-01   -3.81175E-01    1.10587E+00   -2.90904E-01   -1.18848E+00    3.47202E-01   -3.76786E-01    1.13022E-01    4.10705E-01    2.96797E-01   -4.60187E-01    2.71685E-02    2.42586E-01
     2.00009E-01    3.41984E+00    7.09970E-01   -3.74187E-01    1.13011E+00   -2.98246E-01   -1.16081E+00    3.44819E-01   -3.85704E-01    1.15543E-01    3.95942E-01    2.93892E-01   -4.69266E-01    2.86948E-02    2.45773E-01
     2.06259E-01    3.39696E+00    7.26580E-01   -3.67051E-01    1.15341E+00   -3.05413E-01   -1.13272E+00    3.42381E-01   -3.94347E-01    1.17971E-01    3.81027E-01    2.90932E-01   -4.77885E-01    3.02399E-02    2.48604E-01
     2.12509E-01    3.37359E+00    7.42734E-01   -3.59771E-01    1.17576E+00   -3.12404E-01   -1.10423E+00    3.39890E-01   -4.02711E-01    1.20306E-01    3.65981E-01    2.87919E-01   -4.86043E-01    3.18016E-02    2.51080E-01
     2.18759E-01    3.34976E+00    7.58425E-01   -3.52356E-01    1.19715E+00   -3.19215E-01   -1.07539E+00    3.37348E-01   -4.10794E-01    1.22546E-01    3.50829E-01    2.84857E-01   -4.93738E-01    3.33777E-02    2.53202E-01
     2.25009E-01    3.32546E+00    7.73647E-01   -3.44809E-01    1.21759E+00   -3.25845E-01   -1.04621E+00    3.34756E-01   -4.18592E-01    1.24691E-01    3.35591E-01    2.81749E-01   -5.00970E-01    3.49659E-02    2.54973E-01
     2.31259E-01    3.30073E+00    7.88397E-01   -3.37138E-01    1.23706E+00   -3.32292E-01   -1.01675E+00    3.32116E-01   -4.26102E-01    1.26740E-01    3.20290E-01    2.78596E-01   -5.07739E-01    3.65641E-02    2.56394E-01
     2.37509E-01    3.27559E+00    8.02670E-01   -3.29348E-01    1.25556E+00   -3.38554E-01   -9.87026E-01    3.29430E-01   -4.33323E-01    1.28694E-01    3.04948E-01    2.75403E-01   -5.14047E-01    3.81701E-02    2.57470E-01
     2.43759E-01    3.25003E+00    8.16463E-01   -3.21445E-01    1.27309E+00   -3.44630E-01   -9.57077E-01    3.26700E-01   -4.40251E-01    1.30552E-01    2.89586E-01    2.72171E-01   -5.19895E-01    3.97817E-02    2.58204E-01
     2.50009E-01    3.22410E+00    8.29771E-01   -3.13436E-01    1.28965E+00   -3.50517E-01   -9.26935E-01    3.23928E-01   -4.46887E-01    1.32314E-01    2.74225E-01    2.68905E-01   -5.25286E-01    4.13969E-02    2.58601E-01
     2.56259E-01    3.19779E+00    8.42594E-01   -3.05327E-01    1.30524E+00   -3.56216E-01   -8.96634E-01    3.21115E-01   -4.53228E-01    1.33980E-01    2.58885E-01    2.65606E-01   -5.30223E-01    4.30135E-02    2.58666E-01
     2.62509E-01    3.17114E+00    8.54929E-01   -2.97123E-01    1.31987E+00   -3.61725E-01   -8.66204E-01    3.18263E-01   -4.59273E-01    1.35550E-01    2.43585E-01    2.62278E-01   -5.34709E-01    4.46296E-02    2.58405E-01
     2.68759E-01    3.14416E+00    8.66775E-01   -2.88831E-01    1.33353E+00   -3.67043E-01   -8.35678E-01    3.15374E-01   -4.65023E-01    1.37025E-01    2.28346E-01    2.58923E-01   -5.38750E-01    4.62429E-02    2.57824E-01
     2.75009E-01    3.11686E+00    8.78131E-01   -2.80456E-01    1.34623E+00   -3.72171E-01   -8.05088E-01    3.12451E-01   -4.70477E-01    1.38405E-01    2.13186E-01    2.55545E-01   -5.42351E-01    4.78517E-02    2.56930E-01
     2.81259E-01    3.08926E+00    8.88997E-01   -2.72005E-01    1.35797E+00   -3.77107E-01   -7.74462E-01    3.09494E-01   -4.75635E-01    1.39690E-01    1.98123E-01    2.52145E-01   -5.45518E-01    4.94539E-02    2.55731E-01
     2.87509E-01    3.06139E+00    8.99373E-01   -2.63483E-01    1.36877E+00   -3.81851E-01   -7.43832E-01    3.06506E-01   -4.80497E-01    1.40881E-01    1.83175E-01    2.48727E-01   -5.48256E-01    5.10477E-02    2.54233E-01
     2.93759E-01    3.03326E+00    9.09259E-01   -2.54897E-01    1.37863E+00   -3.86405E-01   -7.13227E-01    3.03488E-01   -4.85065E-01    1.41980E-01    1.68359E-01    2.45293E-01   -5.50572E-01    5.26312E-02    2.52446E-01
     3.00009E-01    3.00488E+00    9.18657E-01   -2.46252E-01    1.38756E+00   -3.90767E-01   -6.82675E-01    3.00443E-01   -4.89340E-01    1.42986E-01    1.53690E-01    2.41846E-01   -5.52475E-01    5.42027E-02    2.50378E-01
     3.06259E-01    2.97627E+00    9.27569E-01   -2.37555E-01    1.39557E+00   -3.94938E-01   -6.52205E-01    2.97372E-01   -4.93323E-01    1.43901E-01    1.39185E-01    2.38388E-01   -5.53971E-01    5.57603E-02    2.48037E-01
     3.12509E-01    2.94746E+00    9.35997E-01   -2.28810E-01    1.40266E+00   -3.98920E-01   -6.21844E-01    2.94277E-01   -4.97016E-01    1.44726E-01    1.24858E-01    2.34922E-01   -5.55069E-01    5.73026E-02    2.45433E-01
     3.18759E-01    2.91845E+00    9.43943E-01   -2.20023E-01    1.40886E+00   -4.02712E-01   -5.91618E-01    2.91160E-01   -5.00421E-01    1.45462E-01    1.10723E-01    2.31450E-01   -5.55778E-01    5.88277E-02    2.42576E-01
     3.25009E-01    2.88927E+00    9.51411E-01   -2.11201E-01    1.41417E+00   -4.06315E-01   -5.61554E-01    2.88023E-01   -5.03541E-01    1.46111E-01    9.67942E-02    2.27975E-01   -5.56106E-01    6.03342E-02    2.39474E-01
     3.31259E-01    2.85993E+00    9.58404E-01   -2.02348E-01    1.41860E+00   -4.09731E-01   -5.31677E-01    2.84867E-01   -5.06377E-01    1.46673E-01    8.30834E-02    2.24500E-01   -5.56064E-01    6.18206E-02    2.36139E-01
     3.37509E-01    2.83044E+00    9.64926E-01   -1.93470E-01    1.42218E+00   -4.12961E-01   -5.02010E-01    2.81694E-01   -5.08933E-01    1.47150E-01    6.96028E-02    2.21025E-01   -5.55660E-01    6.32855E-02    2.32580E-01
     3.43759E-01    2.80083E+00    9.70982E-01   -1.84573E-01    1.42492E+00   -4.16007E-01   -4.72577E-01    2.78506E-01   -5.11213E-01    1.47543E-01    5.63636E-02    2.17555E-01   -5.54904E-01    6.47274E-02    2.28807E-01
     3.50009E-01    2.77111E+00    9.76575E-01   -1.75661E-01    1.42682E+00   -4.18869E-01   -4.43400E-01    2.75304E-01   -5.13219E-01    1.47855E-01    4.33762E-02    2.14090E-01   -5.53807E-01    6.61451E-02    2.24831E-01
     3.56259E-01    2.74130E+00    9.81712E-01   -1.66739E-01    1.42791E+00   -4.21550E-01   -4.14502E-01    2.72091E-01   -5.14955E-01    1.48086E-01    3.06502E-02    2.10633E-01   -5.52380E-01    6.75374E-02    2.20662E-01
     3.62509E-01    2.71140E+00    9.86398E-01   -1.57814E-01    1.42820E+00   -4.24051E-01   -3.85904E-01    2.68868E-01   -5.16424E-01    1.48239E-01    1.81947E-02    2.07186E-01   -5.50632E-01    6.89030E-02    2.16312E-01
     3.68759E-01    2.68144E+00    9.90638E-01   -1.48888E-01    1.42772E+00   -4.26374E-01   -3.57624E-01    2.65636E-01   -5.17632E-01    1.48314E-01    6.01770E-03    2.03751E-01   -5.48574E-01    7.02409E-02    2.11790E-01
     3.75009E-01    2.65144E+00    9.94439E-01   -1.39969E-01    1.42647E+00   -4.28522E-01   -3.29683E-01    2.62398E-01   -5.18583E-01    1.48314E-01   -5.87324E-03    2.00329E-01   -5.46218E-01    7.15501E-02    2.07108E-01
     3.81258E-01    2.62140E+00    9.97807E-01   -1.31059E-01    1.42449E+00   -4.30496E-01   -3.02099E-01    2.59154E-01   -5.19280E-01    1.48241E-01   -1.74714E-02    1.96923E-01   -5.43575E-01    7.28295E-02    2.02275E-01
     3.87508E-01    2.59134E+00    1.00075E+00   -1.22164E-01    1.42177E+00   -4.32299E-01   -2.74888E-01    2.55907E-01   -5.19728E-01    1.48097E-01   -2.87707E-02    1.93535E-01   -5.40655E-01    7.40782E-02    1.97303E-01
     3.93758E-01    2.56127E+00    1.00327E+00   -1.13289E-01    1.41836E+00   -4.33933E-01   -2.48068E-01    2.52658E-01   -5.19933E-01    1.47882E-01   -3.97659E-02    1.90166E-01   -5.37470E-01    7.52955E-02    1.92202E-01
     4.00008E-01    2.53121E+00    1.00538E+00   -1.04436E-01    1.41425E+00   -4.35401E-01   -2.21654E-01    2.49409E-01   -5.19898E-01    1.47600E-01   -5.04523E-02    1.86817E-01   -5.34030E-01    7.64805E-02    1.86982E-01
     4.06258E-01    2.50117E+00    1.00709E+00   -9.56118E-02    1.40949E+00   -4.36705E-01   -1.95660E-01    2.46160E-01   -5.19630E-01    1.47252E-01   -6.08260E-02    1.83491E-01   -5.30348E-01    7.76325E-02    1.81654E-01
     4.12508E-01    2.47117E+00    1.00840E+00   -8.68192E-02    1.40407E+00   -4.37847E-01   -1.70100E-01    2.42914E-01   -5.19134E-01    1.46841E-01   -7.08835E-02    1.80188E-01   -5.26433E-01    7.87509E-02    1.76228E-01
     4.18758E-01    2.44121E+00    1.00931E+00   -7.80623E-02    1.39804E+00   -4.38832E-01   -1.44987E-01    2.39671E-01   -5.18415E-01    1.46367E-01   -8.06223E-02    1.76911E-01   -5.22298E-01    7.98352E-02    1.70715E-01
     4.25008E-01    2.41131E+00    1.00985E+00   -6.93450E-02    1.39139E+00   -4.39661E-01   -1.20333E-01    2.36434E-01   -5.17478E-01    1.45833E-01   -9.00402E-02    1.73660E-01   -5.17954E-01    8.08847E-02    1.65123E-01
     4.31258E-01    2.38149E+00    1.01002E+00   -6.06711E-02    1.38417E+00   -4.40337E-01   -9.61486E-02    2.33203E-01   -5.16329E-01    1.45242E-01   -9.91359E-02    1.70437E-01   -5.13410E-01    8.18990E-02    1.59463E-01
     4.37508E-01    2.35174E+00    1.00982E+00   -5.20442E-02    1.37638E+00   -4.40863E-01   -7.24446E-02    2.29981E-01   -5.14974E-01    1.44595E-01   -1.07908E-01    1.67243E-01   -5.08679E-01    8.28778E-02    1.53745E-01
     4.43758E-01    2.32209E+00    1.00927E+00   -4.34675E-02    1.36806E+00   -4.41243E-01   -4.92299E-02    2.26767E-01   -5.13418E-01    1.43894E-01   -1.16357E-01    1.64079E-01   -5.03771E-01    8.38207E-02    1.47977E-01
     4.50008E-01    2.29255E+00    1.00836E+00   -3.49446E-02    1.35921E+00   -4.41480E-01   -2.65130E-02    2.23563E-01   -5.11667E-01    1.43141E-01   -1.24483E-01    1.60946E-01   -4.98697E-01    8.47275E-02    1.42169E-01
     4.56258E-01    2.26312E+00    1.00712E+00   -2.64785E-02    1.34987E+00   -4.41576E-01   -4.30151E-03    2.20371E-01   -5.09728E-01    1.42339E-01   -1.32286E-01    1.57846E-01   -4.93466E-01    8.55978E-02    1.36329E-01
     4.62508E-01    2.23382E+00    1.00555E+00   -1.80723E-02    1.34004E+00   -4.41535E-01    1.73980E-02    2.17192E-01   -5.07605E-01    1.41488E-01   -1.39768E-01    1.54778E-01   -4.88090E-01    8.64315E-02    1.30467E-01
     4.68758E-01    2.20465E+00    1.00366E+00   -9.72898E-03    1.32977E+00   -4.41360E-01    3.85795E-02    2.14027E-01   -5.05306E-01    1.40592E-01   -1.46930E-01    1.51745E-01   -4.82579E-01    8.72286E-02    1.24590E-01
     4.75008E-01    2.17563E+00    1.00146E+00   -1.45122E-03    1.31905E+00   -4.41054E-01    5.92381E-02    2.10876E-01   -5.02836E-01    1.39652E-01   -1.53774E-01    1.48746E-01   -4.76942E-01    8.79889E-02    1.18707E-01
     4.81258E-01    2.14677E+00    9.98957E-01    6.75828E-03    1.30793E+00   -4.40620E-01    7.93693E-02    2.07742E-01   -5.00200E-01    1.38671E-01   -1.60304E-01    1.45783E-01   -4.71190E-01    8.87124E-02    1.12826E-01
     4.87508E-01    2.11806E+00    9.96158E-01    1.48970E-02    1.29641E+00   -4.40063E-01    9.89699E-02    2.04624E-01   -4.97406E-01    1.37649E-01   -1.66521E-01    1.42857E-01   -4.65332E-01    8.93992E-02    1.06954E-01
     4.93758E-01    2.08953E+00    9.93075E-01    2.29626E-02    1.28452E+00   -4.39384E-01    1.18037E-01    2.01524E-01   -4.94459E-01    1.36590E-01   -1.72430E-01    1.39967E-01   -4.59377E-01    9.00494E-02    1.01097E-01
     5.00008E-01    2.06118E+00    9.89716E-01    3.09528E-02    1.27228E+00   -4.38588E-01    1.36569E-01    1.98444E-01   -4.91364E-01    1.35494E-01   -1.78035E-01    1.37115E-01   -4.53334E-01    9.06630E-02    9.52646E-02
     5.06258E-01    2.03301E+00    9.86091E-01    3.88654E-02    1.25971E+00   -4.37678E-01    1.54564E-01    1.95383E-01   -4.88129E-01    1.34365E-01   -1.83338E-01    1.34300E-01   -4.47212E-01    9.12402E-02    8.94617E-02
     5.12508E-01    2.00504E+00    9.82208E-01    4.66985E-02    1.24683E+00   -4.36657E-01    1.72021E-01    1.92342E-01   -4.84759E-01    1.33203E-01   -1.88344E-01    1.31525E-01   -4.41020E-01    9.17813E-02    8.36953E-02
     5.18758E-01    1.97727E+00    9.78077E-01    5.44501E-02    1.23366E+00   -4.35529E-01    1.88942E-01    1.89323E-01   -4.81259E-01    1.32011E-01   -1.93059E-01    1.28788E-01   -4.34767E-01    9.22865E-02    7.79713E-02
     5.25008E-01    1.94971E+00    9.73707E-01    6.21186E-02    1.22022E+00   -4.34297E-01    2.05327E-01    1.86327E-01   -4.77637E-01    1.30791E-01   -1.97487E-01    1.26090E-01   -4.28460E-01    9.27561E-02    7.22956E-02
     5.31258E-01    1.92236E+00    9.69106E-01    6.97024E-02    1.20653E+00   -4.32964E-01    2.21177E-01    1.83353E-01   -4.73897E-01    1.29543E-01   -2.01633E-01    1.23432E-01   -4.22107E-01    9.31903E-02    6.66736E-02
     5.37508E-01    1.89523E+00    9.64284E-01    7.71998E-02    1.19261E+00   -4.31533E-01    2.36494E-01    1.80403E-01   -4.70045E-01    1.28271E-01   -2.05503E-01    1.20814E-01   -4.15716E-01    9.35896E-02    6.11106E-02
     5.43758E-01    1.86833E+00    9.59249E-01    8.46095E-02    1.17847E+00   -4.30009E-01    2.51282E-01    1.77478E-01   -4.66088E-01    1.26975E-01   -2.09102E-01    1.18236E-01   -4.09294E-01    9.39543E-02    5.56115E-02
     5.50008E-01    1.84166E+00    9.54010E-01    9.19302E-02    1.16414E+00   -4.28393E-01    2.65543E-01    1.74577E-01   -4.62030E-01    1.25658E-01   -2.12435E-01    1.15698E-01   -4.02849E-01    9.42849E-02    5.01810E-02
     5.56258E-01    1.81522E+00    9.48576E-01    9.91609E-02    1.14964E+00   -4.26690E-01    2.79281E-01    1.71703E-01   -4.57877E-01    1.24320E-01   -2.15510E-01    1.13200E-01   -3.96386E-01    9.45817E-02    4.48232E-02
     5.62508E-01    1.78902E+00    9.42954E-01    1.06300E-01    1.13497E+00   -4.24903E-01    2.92501E-01    1.68854E-01   -4.53636E-01    1.22964E-01   -2.18332E-01    1.10743E-01   -3.89914E-01    9.48453E-02    3.95424E-02
     5.68758E-01    1.76307E+00    9.37155E-01    1.13348E-01    1.12017E+00   -4.23035E-01    3.05208E-01    1.66033E-01   -4.49310E-01    1.21592E-01   -2.20906E-01    1.08326E-01   -3.83437E-01    9.50762E-02    3.43423E-02
     5.75008E-01    1.73737E+00    9.31185E-01    1.20302E-01    1.10523E+00   -4.21089E-01    3.17406E-01    1.63238E-01   -4.44906E-01    1.20204E-01   -2.23240E-01    1.05950E-01   -3.76963E-01    9.52748E-02    2.92263E-02
     5.81258E-01    1.71192E+00    9.25053E-01    1.27163E-01    1.09019E+00   -4.19069E-01    3.29102E-01    1.60471E-01   -4.40429E-01    1.18802E-01   -2.25340E-01    1.03614E-01   -3.70496E-01    9.54417E-02    2.41977E-02
     5.87508E-01    1.68672E+00    9.18767E-01    1.33929E-01    1.07506E+00   -4.16976E-01    3.40302E-01    1.57733E-01   -4.35884E-01    1.17387E-01   -2.27213E-01    1.01319E-01   -3.64043E-01    9.55775E-02    1.92594E-02
     5.93758E-01    1.66179E+00    9.12336E-01    1.40601E-01    1.05985E+00   -4.14816E-01    3.51012E-01    1.55023E-01   -4.31276E-01    1.15962E-01   -2.28864E-01    9.90637E-02   -3.57608E-01    9.56826E-02    1.44142E-02
     6.00008E-01    1.63711E+00    9.05766E-01    1.47177E-01    1.04458E+00   -4.12590E-01    3.61240E-01    1.52342E-01   -4.26610E-01    1.14527E-01   -2.30300E-01    9.68487E-02   -3.51197E-01    9.57578E-02    9.66451E-03
     6.06258E-01    1.61270E+00    8.99066E-01    1.53658E-01    1.02926E+00   -4.10301E-01    3.70993E-01    1.49690E-01   -4.21890E-01    1.13084E-01   -2.31529E-01    9.46737E-02   -3.44814E-01    9.58037E-02    5.01252E-03
     6.12508E-01    1.58855E+00    8.92243E-01    1.60043E-01    1.01391E+00   -4.07953E-01    3.80278E-01    1.47069E-01   -4.17122E-01    1.11633E-01   -2.32556E-01    9.25385E-02   -3.38465E-01    9.58207E-02    4.60197E-04
     6.18758E-01    1.56468E+00    8.85305E-01    1.66332E-01    9.98533E-01   -4.05549E-01    3.89103E-01    1.44477E-01   -4.12310E-01    1.10177E-01   -2.33389E-01    9.04429E-02   -3.32152E-01    9.58096E-02   -3.99071E-03
     6.25008E-01    1.54107E+00    8.78258E-01    1.72524E-01    9.83153E-01   -4.03091E-01    3.97476E-01    1.41915E-01   -4.07458E-01    1.08716E-01   -2.34033E-01    8.83865E-02   -3.25881E-01    9.57710E-02   -8.33871E-03
     6.31257E-01    1.51773E+00    8.71110E-01    1.78621E-01    9.67779E-01   -4.00581E-01    4.05407E-01    1.39383E-01   -4.02571E-01    1.07252E-01   -2.34496E-01    8.63693E-02   -3.19654E-01    9.57056E-02   -1.25825E-02
     6.37507E-01    1.49467E+00    8.63868E-01    1.84622E-01    9.52422E-01   -3.98024E-01    4.12904E-01    1.36883E-01   -3.97654E-01    1.05785E-01   -2.34784E-01    8.43908E-02   -3.13477E-01    9.56140E-02   -1.67210E-02
     6.43757E-01    1.47188E+00    8.56538E-01    1.90526E-01    9.37094E-01   -3.95421E-01    4.19974E-01    1.34413E-01   -3.92709E-01    1.04318E-01   -2.34903E-01    8.24507E-02   -3.07351E-01    9.54968E-02   -2.07533E-02
     6.50007E-01    1.44936E+00    8.49127E-01    1.96335E-01    9.21807E-01   -3.92775E-01    4.26629E-01    1.31974E-01   -3.87742E-01    1.02850E-01   -2.34860E-01    8.05488E-02   -3.01280E-01    9.53548E-02   -2.46787E-02
     6.56257E-01    1.42712E+00    8.41641E-01    2.02049E-01    9.06571E-01   -3.90089E-01    4.32876E-01    1.29566E-01   -3.82757E-01    1.01382E-01   -2.34662E-01    7.86846E-02   -2.95267E-01    9.51886E-02   -2.84967E-02
     6.62507E-01    1.40516E+00    8.34088E-01    2.07668E-01    8.91396E-01   -3.87365E-01    4.38726E-01    1.27190E-01   -3.77756E-01    9.99166E-02   -2.34314E-01    7.68578E-02   -2.89315E-01    9.49988E-02   -3.22071E-02
     6.68757E-01    1.38347E+00    8.26471E-01    2.13192E-01    8.76291E-01   -3.84606E-01    4.44186E-01    1.24844E-01   -3.72744E-01    9.84536E-02   -2.33824E-01    7.50681E-02   -2.83427E-01    9.47862E-02   -3.58095E-02
     6.75007E-01    1.36205E+00    8.18799E-01    2.18621E-01    8.61267E-01   -3.81814E-01    4.49268E-01    1.22530E-01   -3.67724E-01    9.69941E-02   -2.33196E-01    7.33149E-02   -2.77603E-01    9.45514E-02   -3.93041E-02
     6.81257E-01    1.34092E+00    8.11076E-01    2.23958E-01    8.46331E-01   -3.78991E-01    4.53981E-01    1.20248E-01   -3.62700E-01    9.55389E-02   -2.32438E-01    7.15979E-02   -2.71848E-01    9.42951E-02   -4.26910E-02
     6.87507E-01    1.32005E+00    8.03308E-01    2.29201E-01    8.31492E-01   -3.76140E-01    4.58334E-01    1.17997E-01   -3.57675E-01    9.40889E-02   -2.31554E-01    6.99166E-02   -2.66162E-01    9.40180E-02   -4.59704E-02
     6.93757E-01    1.29947E+00    7.95500E-01    2.34351E-01    8.16757E-01   -3.73262E-01    4.62336E-01    1.15777E-01   -3.52652E-01    9.26447E-02   -2.30552E-01    6.82707E-02   -2.60548E-01    9.37207E-02   -4.91429E-02
     7.00007E-01    1.27915E+00    7.87658E-01    2.39410E-01    8.02134E-01   -3.70361E-01    4.65999E-01    1.13588E-01   -3.47634E-01    9.12072E-02   -2.29436E-01    6.66597E-02   -2.55006E-01    9.34039E-02   -5.22090E-02
     7.06257E-01    1.25911E+00    7.79787E-01    2.44378E-01    7.87630E-01   -3.67438E-01    4.69330E-01    1.11431E-01   -3.42624E-01    8.97770E-02   -2.28213E-01    6.50830E-02   -2.49539E-01    9.30683E-02   -5.51693E-02
     7.12507E-01    1.23935E+00    7.71892E-01    2.49256E-01    7.73252E-01   -3.64495E-01    4.72341E-01    1.09306E-01   -3.37626E-01    8.83548E-02   -2.26887E-01    6.35403E-02   -2.44148E-01    9.27145E-02   -5.80247E-02
     7.18757E-01    1.21985E+00    7.63977E-01    2.54044E-01    7.59004E-01   -3.61534E-01    4.75040E-01    1.07211E-01   -3.32641E-01    8.69411E-02   -2.25464E-01    6.20310E-02   -2.38834E-01    9.23432E-02   -6.07761E-02
     7.25007E-01    1.20062E+00    7.56047E-01    2.58744E-01    7.44894E-01   -3.58558E-01    4.77437E-01    1.05148E-01   -3.27672E-01    8.55367E-02   -2.23951E-01    6.05547E-02   -2.33598E-01    9.19551E-02   -6.34246E-02
     7.31257E-01    1.18166E+00    7.48106E-01    2.63356E-01    7.30926E-01   -3.55567E-01    4.79542E-01    1.03115E-01   -3.22722E-01    8.41419E-02   -2.22350E-01    5.91109E-02   -2.28441E-01    9.15506E-02   -6.59711E-02
     7.37507E-01    1.16297E+00    7.40159E-01    2.67881E-01    7.17104E-01   -3.52564E-01    4.81364E-01    1.01113E-01   -3.17794E-01    8.27575E-02   -2.20668E-01    5.76990E-02   -2.23363E-01    9.11306E-02   -6.84170E-02
     7.43757E-01    1.14455E+00    7.32210E-01    2.72320E-01    7.03435E-01   -3.49551E-01    4.82912E-01    9.91426E-02   -3.12889E-01    8.13838E-02   -2.18910E-01    5.63187E-02   -2.18366E-01    9.06956E-02   -7.07634E-02
     7.50007E-01    1.12639E+00    7.24263E-01    2.76674E-01    6.89921E-01   -3.46528E-01    4.84196E-01    9.72023E-02   -3.08009E-01    8.00213E-02   -2.17080E-01    5.49693E-02   -2.13449E-01    9.02463E-02   -7.30118E-02
     7.56257E-01    1.10849E+00    7.16322E-01    2.80944E-01    6.76566E-01   -3.43499E-01    4.85225E-01    9.52925E-02   -3.03157E-01    7.86704E-02   -2.15183E-01    5.36504E-02   -2.08613E-01    8.97832E-02   -7.51636E-02
     7.62507E-01    1.09085E+00    7.08389E-01    2.85131E-01    6.63374E-01   -3.40464E-01    4.86008E-01    9.34128E-02   -2.98335E-01    7.73316E-02   -2.13223E-01    5.23615E-02   -2.03858E-01    8.93070E-02   -7.72202E-02
     7.68757E-01    1.07347E+00    7.00470E-01    2.89236E-01    6.50348E-01   -3.37424E-01    4.86554E-01    9.15632E-02   -2.93545E-01    7.60053E-02   -2.11205E-01    5.11020E-02   -1.99185E-01    8.88182E-02   -7.91832E-02
     7.75007E-01    1.05635E+00    6.92567E-01    2.93261E-01    6.37490E-01   -3.34382E-01    4.86871E-01    8.97434E-02   -2.88787E-01    7.46917E-02   -2.09133E-01    4.98715E-02   -1.94593E-01    8.83174E-02   -8.10542E-02
     7.81257E-01    1.03948E+00    6.84683E-01    2.97205E-01    6.24804E-01   -3.31339E-01    4.86968E-01    8.79533E-02   -2.84065E-01    7.33912E-02   -2.07011E-01    4.86695E-02   -1.90082E-01    8.78052E-02   -8.28348E-02
     7.87507E-01    1.02287E+00    6.76822E-01    3.01071E-01    6.12291E-01   -3.28295E-01    4.86855E-01    8.61926E-02   -2.79379E-01    7.21041E-02   -2.04843E-01    4.74953E-02   -1.85653E-01    8.72821E-02   -8.45267E-02
     7.93757E-01    1.00650E+00    6.68986E-01    3.04859E-01    5.99952E-01   -3.25254E-01    4.86538E-01    8.44610E-02   -2.74731E-01    7.08308E-02   -2.02632E-01    4.63486E-02   -1.81306E-01    8.67488E-02   -8.61316E-02
     8.00007E-01    9.90379E-01    6.61178E-01    3.08571E-01    5.87791E-01   -3.22214E-01    4.86026E-01    8.27584E-02   -2.70123E-01    6.95713E-02   -2.00383E-01    4.52289E-02   -1.77039E-01    8.62057E-02   -8.76512E-02
     8.06257E-01    9.74505E-01    6.53402E-01    3.12207E-01    5.75808E-01   -3.19179E-01    4.85328E-01    8.10844E-02   -2.65555E-01    6.83261E-02   -1.98099E-01    4.41355E-02   -1.72852E-01    8.56533E-02   -8.90874E-02
     8.12507E-01    9.58874E-01    6.45659E-01    3.15769E-01    5.64003E-01   -3.16148E-01    4.84450E-01    7.94389E-02   -2.61029E-01    6.70952E-02   -1.95783E-01    4.30680E-02   -1.68746E-01    8.50922E-02   -9.04419E-02
     8.18757E-01    9.43483E-01    6.37952E-01    3.19257E-01    5.52379E-01   -3.13123E-01    4.83402E-01    7.78215E-02   -2.56547E-01    6.58788E-02   -1.93439E-01    4.20260E-02   -1.64719E-01    8.45230E-02   -9.17165E-02
     8.25007E-01    9.28330E-01    6.30283E-01    3.22674E-01    5.40935E-01   -3.10106E-01    4.82189E-01    7.62319E-02   -2.52108E-01    6.46772E-02   -1.91070E-01    4.10089E-02   -1.60771E-01    8.39460E-02   -9.29131E-02
     8.31257E-01    9.13413E-01    6.22655E-01    3.26019E-01    5.29672E-01   -3.07096E-01    4.80821E-01    7.46700E-02   -2.47714E-01    6.34905E-02   -1.88679E-01    4.00162E-02   -1.56901E-01    8.33617E-02   -9.40335E-02
     8.37507E-01    8.98728E-01    6.15069E-01    3.29295E-01    5.18591E-01   -3.04096E-01    4.79303E-01    7.31354E-02   -2.43367E-01    6.23188E-02   -1.86268E-01    3.90475E-02   -1.53110E-01    8.27707E-02   -9.50795E-02
     8.43757E-01    8.84273E-01    6.07528E-01    3.32502E-01    5.07691E-01   -3.01105E-01    4.77643E-01    7.16279E-02   -2.39066E-01    6.11622E-02   -1.83841E-01    3.81022E-02   -1.49395E-01    8.21734E-02   -9.60530E-02
     8.50007E-01    8.70046E-01    6.00033E-01    3.35642E-01    4.96972E-01   -2.98126E-01    4.75848E-01    7.01470E-02   -2.34813E-01    6.00208E-02   -1.81401E-01    3.71799E-02   -1.45757E-01    8.15702E-02   -9.69558E-02
     8.56257E-01    8.56043E-01    5.92587E-01    3.38715E-01    4.86433E-01   -2.95158E-01    4.73923E-01    6.86926E-02   -2.30608E-01    5.88947E-02   -1.78949E-01    3.62801E-02   -1.42194E-01    8.09616E-02   -9.77898E-02
     8.62507E-01    8.42262E-01    5.85190E-01    3.41722E-01    4.76075E-01   -2.92202E-01    4.71877E-01    6.72643E-02   -2.26452E-01    5.77840E-02   -1.76489E-01    3.54023E-02   -1.38706E-01    8.03480E-02   -9.85569E-02
     8.68757E-01    8.28701E-01    5.77845E-01    3.44666E-01    4.65896E-01   -2.89259E-01    4.69714E-01    6.58619E-02   -2.22345E-01    5.66886E-02   -1.74022E-01    3.45461E-02   -1.35292E-01    7.97298E-02   -9.92588E-02
     8.75007E-01    8.15357E-01    5.70552E-01    3.47547E-01    4.55896E-01   -2.86331E-01    4.67442E-01    6.44849E-02   -2.18288E-01    5.56087E-02   -1.71552E-01    3.37110E-02   -1.31951E-01    7.91074E-02   -9.98975E-02
     8.81256E-01    8.02226E-01    5.63314E-01    3.50365E-01    4.46074E-01   -2.83417E-01    4.65065E-01    6.31332E-02   -2.14282E-01    5.45443E-02   -1.69079E-01    3.28966E-02   -1.28682E-01    7.84812E-02   -1.00475E-01
     8.87506E-01    7.89307E-01    5.56131E-01    3.53123E-01    4.36429E-01   -2.80518E-01    4.62591E-01    6.18063E-02   -2.10326E-01    5.34952E-02   -1.66607E-01    3.21023E-02   -1.25484E-01    7.78516E-02   -1.00992E-01
     8.93756E-01    7.76597E-01    5.49005E-01    3.55821E-01    4.26959E-01   -2.77634E-01    4.60023E-01    6.05040E-02   -2.06421E-01    5.24617E-02   -1.64137E-01    3.13279E-02   -1.22356E-01    7.72189E-02   -1.01452E-01
     9.00006E-01    7.64092E-01    5.41937E-01    3.58460E-01    4.17664E-01   -2.74768E-01    4.57369E-01    5.92259E-02   -2.02568E-01    5.14435E-02   -1.61671E-01    3.05727E-02   -1.19298E-01    7.65835E-02   -1.01855E-01
     9.06256E-01    7.51790E-01    5.34928E-01    3.61042E-01    4.08541E-01   -2.71918E-01    4.54632E-01    5.79718E-02   -1.98767E-01    5.04408E-02   -1.59210E-01    2.98365E-02   -1.16307E-01    7.59458E-02   -1.02204E-01
     9.12506E-01    7.39688E-01    5.27978E-01    3.63567E-01    3.99590E-01   -2.69085E-01    4.51818E-01    5.67413E-02   -1.95017E-01    4.94534E-02   -1.56757E-01    2.91188E-02   -1.13384E-01    7.53061E-02   -1.02500E-01
     9.18756E-01    7.27784E-01    5.21089E-01    3.66037E-01    3.90808E-01   -2.66270E-01    4.48932E-01    5.55340E-02   -1.91318E-01    4.84813E-02   -1.54312E-01    2.84191E-02   -1.10526E-01    7.46647E-02   -1.02746E-01
     9.25006E-01    7.16075E-01    5.14261E-01    3.68453E-01    3.82195E-01   -2.63473E-01    4.45979E-01    5.43497E-02   -1.87672E-01    4.75245E-02   -1.51878E-01    2.77371E-02   -1.07734E-01    7.40219E-02   -1.02942E-01
     9.31256E-01    7.04557E-01    5.07495E-01    3.70815E-01    3.73748E-01   -2.60695E-01    4.42962E-01    5.31880E-02   -1.84078E-01    4.65828E-02   -1.49456E-01    2.70723E-02   -1.05005E-01    7.33780E-02   -1.03090E-01
     9.37506E-01    6.93229E-01    5.00792E-01    3.73125E-01    3.65465E-01   -2.57936E-01    4.39888E-01    5.20486E-02   -1.80536E-01    4.56563E-02   -1.47047E-01    2.64244E-02   -1.02340E-01    7.27334E-02   -1.03193E-01
     9.43756E-01    6.82088E-01    4.94153E-01    3.75384E-01    3.57345E-01   -2.55197E-01    4.36759E-01    5.09312E-02   -1.77046E-01    4.47447E-02   -1.44652E-01    2.57929E-02   -9.97363E-02    7.20882E-02   -1.03251E-01
     9.50006E-01    6.71131E-01    4.87577E-01    3.77592E-01    3.49386E-01   -2.52477E-01    4.33580E-01    4.98354E-02   -1.73607E-01    4.38481E-02   -1.42273E-01    2.51776E-02   -9.71934E-02    7.14428E-02   -1.03266E-01
     9.56256E-01    6.60355E-01    4.81066E-01    3.79751E-01    3.41585E-01   -2.49777E-01    4.30355E-01    4.87610E-02   -1.70221E-01    4.29663E-02   -1.39910E-01    2.45779E-02   -9.47103E-02    7.07975E-02   -1.03241E-01
     9.62506E-01    6.49757E-01    4.74619E-01    3.81862E-01    3.33942E-01   -2.47098E-01    4.27088E-01    4.77076E-02   -1.66886E-01    4.20992E-02   -1.37565E-01    2.39936E-02   -9.22857E-02    7.01524E-02   -1.03175E-01
     9.68756E-01    6.39336E-01    4.68237E-01    3.83926E-01    3.26453E-01   -2.44439E-01    4.23782E-01    4.66748E-02   -1.63602E-01    4.12467E-02   -1.35238E-01    2.34242E-02   -8.99188E-02    6.95079E-02   -1.03071E-01
     9.75006E-01    6.29088E-01    4.61921E-01    3.85943E-01    3.19116E-01   -2.41801E-01    4.20441E-01    4.56625E-02   -1.60370E-01    4.04087E-02   -1.32931E-01    2.28695E-02   -8.76083E-02    6.88641E-02   -1.02930E-01
     9.81256E-01    6.19010E-01    4.55671E-01    3.87915E-01    3.11930E-01   -2.39183E-01    4.17069E-01    4.46701E-02   -1.57188E-01    3.95850E-02   -1.30644E-01    2.23290E-02   -8.53532E-02    6.82213E-02   -1.02754E-01
     9.87506E-01    6.09101E-01    4.49486E-01    3.89842E-01    3.04892E-01   -2.36587E-01    4.13667E-01    4.36975E-02   -1.54058E-01    3.87756E-02   -1.28379E-01    2.18024E-02   -8.31525E-02    6.75797E-02   -1.02545E-01
     9.93756E-01    5.99357E-01    4.43367E-01    3.91726E-01    2.98000E-01   -2.34013E-01    4.10241E-01    4.27443E-02   -1.50978E-01    3.79802E-02   -1.26135E-01    2.12895E-02   -8.10050E-02    6.69396E-02   -1.02302E-01
     1.00001E+00    5.89776E-01    4.37314E-01    3.93568E-01    2.91252E-01   -2.31459E-01    4.06792E-01    4.18102E-02   -1.47947E-01    3.71988E-02   -1.23913E-01    2.07898E-02   -7.89098E-02    6.63010E-02   -1.02028E-01
     1.00626E+00    5.80356E-01    4.31328E-01    3.95367E-01    2.84645E-01   -2.28928E-01    4.03323E-01    4.08949E-02   -1.44967E-01    3.64313E-02   -1.21715E-01    2.03030E-02   -7.68658E-02    6.56643E-02   -1.01725E-01
     1.01251E+00    5.71093E-01    4.25407E-01    3.97126E-01    2.78178E-01   -2.26418E-01    3.99838E-01    3.99980E-02   -1.42036E-01    3.56774E-02   -1.19540E-01    1.98288E-02   -7.48719E-02    6.50295E-02   -1.01392E-01
     1.01876E+00    5.61986E-01    4.19553E-01    3.98845E-01    2.71848E-01   -2.23930E-01    3.96339E-01    3.91193E-02   -1.39155E-01    3.49370E-02   -1.17389E-01    1.93670E-02   -7.29272E-02    6.43969E-02   -1.01033E-01
     1.02501E+00    5.53032E-01    4.13765E-01    4.00524E-01    2.65653E-01   -2.21464E-01    3.92828E-01    3.82585E-02   -1.36321E-01    3.42100E-02   -1.15262E-01    1.89172E-02   -7.10305E-02    6.37667E-02   -1.00647E-01
     1.03126E+00    5.44229E-01    4.08043E-01    4.02166E-01    2.59591E-01   -2.19020E-01    3.89307E-01    3.74152E-02   -1.33537E-01    3.34962E-02   -1.13161E-01    1.84790E-02   -6.91810E-02    6.31389E-02   -1.00236E-01
     1.03751E+00    5.35574E-01    4.02386E-01    4.03770E-01    2.53659E-01   -2.16597E-01    3.85780E-01    3.65892E-02   -1.30800E-01    3.27954E-02   -1.11084E-01    1.80523E-02   -6.73775E-02    6.25138E-02   -9.98015E-02
     1.04376E+00    5.27065E-01    3.96795E-01    4.05337E-01    2.47855E-01   -2.14197E-01    3.82248E-01    3.57801E-02   -1.28110E-01    3.21076E-02   -1.09034E-01    1.76367E-02   -6.56191E-02    6.18914E-02   -9.93441E-02
     1.05001E+00    5.18699E-01    3.91270E-01    4.06868E-01    2.42177E-01   -2.11819E-01    3.78714E-01    3.49877E-02   -1.25467E-01    3.14324E-02   -1.07009E-01    1.72320E-02   -6.39049E-02    6.12720E-02   -9.88651E-02
     1.05626E+00    5.10474E-01    3.85810E-01    4.08364E-01    2.36623E-01   -2.09463E-01    3.75179E-01    3.42117E-02   -1.22871E-01    3.07699E-02   -1.05010E-01    1.68378E-02   -6.22338E-02    6.06557E-02   -9.83656E-02
     1.06251E+00    5.02388E-01    3.80415E-01    4.09826E-01    2.31190E-01   -2.07130E-01    3.71645E-01    3.34517E-02   -1.20321E-01    3.01198E-02   -1.03038E-01    1.64540E-02   -6.06049E-02    6.00425E-02   -9.78465E-02
     1.06876E+00    4.94439E-01    3.75085E-01    4.11254E-01    2.25876E-01   -2.04818E-01    3.68114E-01    3.27076E-02   -1.17816E-01    2.94819E-02   -1.01092E-01    1.60802E-02   -5.90173E-02    5.94326E-02   -9.73090E-02
     1.07501E+00    4.86624E-01    3.69819E-01    4.12650E-01    2.20680E-01   -2.02528E-01    3.64588E-01    3.19789E-02   -1.15357E-01    2.88561E-02   -9.91729E-02    1.57162E-02   -5.74701E-02    5.88262E-02   -9.67539E-02
     1.08126E+00    4.78941E-01    3.64617E-01    4.14013E-01    2.15598E-01   -2.00260E-01    3.61069E-01    3.12655E-02   -1.12941E-01    2.82422E-02   -9.72805E-02    1.53617E-02   -5.59623E-02    5.82233E-02   -9.61823E-02
     1.08751E+00    4.71389E-01    3.59480E-01    4.15345E-01    2.10629E-01   -1.98015E-01    3.57558E-01    3.05671E-02   -1.10570E-01    2.76400E-02   -9.54149E-02    1.50166E-02   -5.44930E-02    5.76239E-02   -9.55950E-02
     1.09376E+00    4.63964E-01    3.54405E-01    4.16646E-01    2.05771E-01   -1.95791E-01    3.54056E-01    2.98833E-02   -1.08242E-01    2.70494E-02   -9.35762E-02    1.46805E-02   -5.30614E-02    5.70284E-02   -9.49929E-02
     1.10001E+00    4.56664E-01    3.49394E-01    4.17917E-01    2.01021E-01   -1.93589E-01    3.50565E-01    2.92140E-02   -1.05957E-01    2.64703E-02   -9.17644E-02    1.43532E-02   -5.16666E-02    5.64366E-02   -9.43769E-02
     1.10626E+00    4.49489E-01    3.44445E-01    4.19159E-01    1.96377E-01   -1.91409E-01    3.47086E-01    2.85588E-02   -1.03715E-01    2.59023E-02   -8.99796E-02    1.40346E-02   -5.03077E-02    5.58487E-02   -9.37479E-02
     1.11251E+00    4.42435E-01    3.39559E-01    4.20372E-01    1.91837E-01   -1.89250E-01    3.43620E-01    2.79175E-02   -1.01514E-01    2.53455E-02   -8.82217E-02    1.37243E-02   -4.89839E-02    5.52648E-02   -9.31066E-02
     1.11876E+00    4.35500E-01    3.34734E-01    4.21557E-01    1.87400E-01   -1.87114E-01    3.40170E-01    2.72898E-02   -9.93550E-02    2.47995E-02   -8.64907E-02    1.34222E-02   -4.76943E-02    5.46849E-02   -9.24539E-02
     1.12501E+00    4.28683E-01    3.29971E-01    4.22715E-01    1.83063E-01   -1.84998E-01    3.36735E-01    2.66754E-02   -9.72364E-02    2.42643E-02   -8.47864E-02    1.31281E-02   -4.64382E-02    5.41091E-02   -9.17905E-02
     1.13126E+00    4.21981E-01    3.25269E-01    4.23846E-01    1.78824E-01   -1.82904E-01    3.33316E-01    2.60742E-02   -9.51580E-02    2.37396E-02   -8.31089E-02    1.28417E-02   -4.52148E-02    5.35375E-02   -9.11171E-02
     1.13751E+00    4.15393E-01    3.20627E-01    4.24950E-01    1.74681E-01   -1.80832E-01    3.29916E-01    2.54859E-02   -9.31192E-02    2.32254E-02   -8.14580E-02    1.25628E-02   -4.40232E-02    5.29702E-02   -9.04344E-02
     1.14376E+00    4.08916E-01    3.16045E-01    4.26029E-01    1.70632E-01   -1.78781E-01    3.26534E-01    2.49102E-02   -9.11195E-02    2.27213E-02   -7.98336E-02    1.22913E-02   -4.28627E-02    5.24071E-02   -8.97432E-02
     1.15001E+00    4.02550E-01    3.11522E-01    4.27083E-01    1.66675E-01   -1.76750E-01    3.23172E-01    2.43468E-02   -8.91584E-02    2.22274E-02   -7.82356E-02    1.20270E-02   -4.17326E-02    5.18484E-02   -8.90441E-02
     1.15626E+00    3.96291E-01    3.07059E-01    4.28113E-01    1.62808E-01   -1.74741E-01    3.19830E-01    2.37956E-02   -8.72352E-02    2.17433E-02   -7.66638E-02    1.17696E-02   -4.06321E-02    5.12941E-02   -8.83377E-02
     1.16251E+00    3.90138E-01    3.02654E-01    4.29119E-01    1.59030E-01   -1.72752E-01    3.16510E-01    2.32563E-02   -8.53494E-02    2.12690E-02   -7.51181E-02    1.15190E-02   -3.95604E-02    5.07442E-02   -8.76247E-02
     1.16876E+00    3.84089E-01    2.98307E-01    4.30101E-01    1.55339E-01   -1.70784E-01    3.13211E-01    2.27287E-02   -8.35005E-02    2.08043E-02   -7.35982E-02    1.12750E-02   -3.85170E-02    5.01988E-02   -8.69056E-02
     1.17501E+00    3.78143E-01    2.94017E-01    4.31061E-01    1.51732E-01   -1.68837E-01    3.09935E-01    2.22125E-02   -8.16878E-02    2.03490E-02   -7.21041E-02    1.10375E-02   -3.75010E-02    4.96579E-02   -8.61811E-02
     1.18126E+00    3.72298E-01    2.89784E-01    4.31998E-01    1.48208E-01   -1.66910E-01    3.06682E-01    2.17075E-02   -7.99110E-02    1.99030E-02   -7.06354E-02    1.08062E-02   -3.65118E-02    4.91215E-02   -8.54516E-02
     1.18751E+00    3.66551E-01    2.85607E-01    4.32913E-01    1.44765E-01   -1.65004E-01    3.03453E-01    2.12135E-02   -7.81692E-02    1.94660E-02   -6.91920E-02    1.05810E-02   -3.55487E-02    4.85898E-02   -8.47178E-02
     1.19376E+00    3.60902E-01    2.81486E-01    4.33808E-01    1.41402E-01   -1.63117E-01    3.00248E-01    2.07303E-02   -7.64622E-02    1.90380E-02   -6.77736E-02    1.03618E-02   -3.46111E-02    4.80626E-02   -8.39801E-02
     1.20001E+00    3.55348E-01    2.77421E-01    4.34681E-01    1.38116E-01   -1.61250E-01    2.97068E-01    2.02577E-02   -7.47892E-02    1.86188E-02   -6.63801E-02    1.01484E-02   -3.36984E-02    4.75400E-02   -8.32390E-02
     1.20626E+00    3.49889E-01    2.73409E-01    4.35534E-01    1.34907E-01   -1.59404E-01    2.93913E-01    1.97954E-02   -7.31497E-02    1.82082E-02   -6.50111E-02    9.94053E-03   -3.28099E-02    4.70221E-02   -8.24950E-02
     1.21251E+00    3.44521E-01    2.69452E-01    4.36368E-01    1.31771E-01   -1.57576E-01    2.90784E-01    1.93432E-02   -7.15433E-02    1.78061E-02   -6.36665E-02    9.73818E-03   -3.19449E-02    4.65088E-02   -8.17486E-02
     1.21876E+00    3.39245E-01    2.65549E-01    4.37182E-01    1.28709E-01   -1.55769E-01    2.87680E-01    1.89010E-02   -6.99693E-02    1.74123E-02   -6.23460E-02    9.54117E-03   -3.11030E-02    4.60003E-02   -8.10001E-02
     1.22501E+00    3.34057E-01    2.61698E-01    4.37977E-01    1.25717E-01   -1.53980E-01    2.84604E-01    1.84686E-02   -6.84271E-02    1.70267E-02   -6.10493E-02    9.34935E-03   -3.02834E-02    4.54963E-02   -8.02501E-02
     1.23126E+00    3.28958E-01    2.57900E-01    4.38753E-01    1.22795E-01   -1.52211E-01    2.81553E-01    1.80456E-02   -6.69164E-02    1.66492E-02   -5.97761E-02    9.16258E-03   -2.94857E-02    4.49971E-02   -7.94988E-02
     1.23751E+00    3.23944E-01    2.54154E-01    4.39512E-01    1.19941E-01   -1.50461E-01    2.78530E-01    1.76320E-02   -6.54365E-02    1.62795E-02   -5.85262E-02    8.98074E-03   -2.87093E-02    4.45026E-02   -7.87468E-02
     1.24376E+00    3.19015E-01    2.50459E-01    4.40253E-01    1.17154E-01   -1.48730E-01    2.75534E-01    1.72276E-02   -6.39870E-02    1.59176E-02   -5.72994E-02    8.80368E-03   -2.79536E-02    4.40128E-02   -7.79944E-02
     1.25001E+00    3.14169E-01    2.46814E-01    4.40976E-01    1.14431E-01   -1.47017E-01    2.72565E-01    1.68321E-02   -6.25672E-02    1.55632E-02   -5.60952E-02    8.63128E-03   -2.72181E-02    4.35277E-02   -7.72418E-02
     1.25625E+00    3.09405E-01    2.43220E-01    4.41683E-01    1.11772E-01   -1.45322E-01    2.69624E-01    1.64455E-02   -6.11767E-02    1.52163E-02   -5.49135E-02    8.46341E-03   -2.65023E-02    4.30473E-02   -7.64896E-02
     1.26250E+00    3.04722E-01    2.39675E-01    4.42374E-01    1.09175E-01   -1.43646E-01    2.66711E-01    1.60674E-02   -5.98150E-02    1.48768E-02   -5.37539E-02    8.29996E-03   -2.58056E-02    4.25716E-02   -7.57379E-02
     1.26875E+00    3.00117E-01    2.36179E-01    4.43048E-01    1.06639E-01   -1.41988E-01    2.63826E-01    1.56977E-02   -5.84816E-02    1.45444E-02   -5.26162E-02    8.14080E-03   -2.51276E-02    4.21006E-02   -7.49872E-02
     1.27500E+00    2.95590E-01    2.32731E-01    4.43707E-01    1.04162E-01   -1.40349E-01    2.60968E-01    1.53363E-02   -5.71759E-02    1.42190E-02   -5.15001E-02    7.98583E-03   -2.44678E-02    4.16342E-02   -7.42376E-02
     1.28125E+00    2.91139E-01    2.29331E-01    4.44350E-01    1.01743E-01   -1.38726E-01    2.58139E-01    1.49830E-02   -5.58975E-02    1.39006E-02   -5.04052E-02    7.83492E-03   -2.38257E-02    4.11726E-02   -7.34895E-02
     1.28750E+00    2.86763E-01    2.25978E-01    4.44979E-01    9.93805E-02   -1.37122E-01    2.55338E-01    1.46375E-02   -5.46458E-02    1.35889E-02   -4.93313E-02    7.68797E-03   -2.32008E-02    4.07156E-02   -7.27432E-02
     1.29375E+00    2.82460E-01    2.22672E-01    4.45592E-01    9.70735E-02   -1.35535E-01    2.52565E-01    1.42998E-02   -5.34204E-02    1.32839E-02   -4.82781E-02    7.54488E-03   -2.25927E-02    4.02633E-02   -7.19989E-02
     1.30000E+00    2.78230E-01    2.19412E-01    4.46192E-01    9.48206E-02   -1.33965E-01    2.49821E-01    1.39697E-02   -5.22209E-02    1.29854E-02   -4.72452E-02    7.40553E-03   -2.20009E-02    3.98156E-02   -7.12569E-02
     1.30625E+00    2.74071E-01    2.16197E-01    4.46778E-01    9.26205E-02   -1.32412E-01    2.47105E-01    1.36470E-02   -5.10466E-02    1.26933E-02   -4.62324E-02    7.26983E-03   -2.14250E-02    3.93726E-02   -7.05173E-02
     1.31250E+00    2.69982E-01    2.13028E-01    4.47350E-01    9.04721E-02   -1.30876E-01    2.44417E-01    1.33316E-02   -4.98973E-02    1.24074E-02   -4.52395E-02    7.13769E-03   -2.08647E-02    3.89342E-02   -6.97805E-02
     1.31875E+00    2.65962E-01    2.09902E-01    4.47909E-01    8.83741E-02   -1.29357E-01    2.41757E-01    1.30233E-02   -4.87723E-02    1.21277E-02   -4.42660E-02    7.00899E-03   -2.03194E-02    3.85003E-02   -6.90466E-02
     1.32500E+00    2.62009E-01    2.06821E-01    4.48455E-01    8.63253E-02   -1.27854E-01    2.39126E-01    1.27219E-02   -4.76713E-02    1.18541E-02   -4.33116E-02    6.88366E-03   -1.97888E-02    3.80711E-02   -6.83158E-02
     1.33125E+00    2.58122E-01    2.03783E-01    4.48988E-01    8.43246E-02   -1.26367E-01    2.36523E-01    1.24273E-02   -4.65937E-02    1.15863E-02   -4.23762E-02    6.76161E-03   -1.92724E-02    3.76464E-02   -6.75883E-02
     1.33750E+00    2.54301E-01    2.00787E-01    4.49509E-01    8.23710E-02   -1.24897E-01    2.33948E-01    1.21394E-02   -4.55392E-02    1.13243E-02   -4.14593E-02    6.64273E-03   -1.87700E-02    3.72262E-02   -6.68644E-02
     1.34375E+00    2.50543E-01    1.97834E-01    4.50018E-01    8.04633E-02   -1.23443E-01    2.31401E-01    1.18580E-02   -4.45073E-02    1.10680E-02   -4.05608E-02    6.52695E-03   -1.82811E-02    3.68106E-02   -6.61441E-02
     1.35000E+00    2.46848E-01    1.94922E-01    4.50515E-01    7.86003E-02   -1.22005E-01    2.28882E-01    1.15830E-02   -4.34976E-02    1.08173E-02   -3.96802E-02    6.41419E-03   -1.78054E-02    3.63994E-02   -6.54276E-02
     1.35625E+00    2.43216E-01    1.92051E-01    4.51000E-01    7.67812E-02   -1.20582E-01    2.26391E-01    1.13143E-02   -4.25096E-02    1.05720E-02   -3.88173E-02    6.30436E-03   -1.73425E-02    3.59927E-02   -6.47151E-02
     1.36250E+00    2.39644E-01    1.89221E-01    4.51475E-01    7.50048E-02   -1.19175E-01    2.23928E-01    1.10516E-02   -4.15430E-02    1.03320E-02   -3.79719E-02    6.19738E-03   -1.68921E-02    3.55905E-02   -6.40067E-02
     1.36875E+00    2.36131E-01    1.86431E-01    4.51938E-01    7.32702E-02   -1.17783E-01    2.21493E-01    1.07950E-02   -4.05972E-02    1.00973E-02   -3.71435E-02    6.09318E-03   -1.64538E-02    3.51926E-02   -6.33026E-02
     1.37500E+00    2.32678E-01    1.83680E-01    4.52391E-01    7.15764E-02   -1.16406E-01    2.19085E-01    1.05441E-02   -3.96720E-02    9.86772E-03   -3.63320E-02    5.99169E-03   -1.60273E-02    3.47992E-02   -6.26028E-02
     1.38125E+00    2.29282E-01    1.80968E-01    4.52833E-01    6.99224E-02   -1.15044E-01    2.16704E-01    1.02990E-02   -3.87668E-02    9.64314E-03   -3.55370E-02    5.89282E-03   -1.56123E-02    3.44101E-02   -6.19076E-02
     1.38750E+00    2.25943E-01    1.78294E-01    4.53265E-01    6.83072E-02   -1.13697E-01    2.14351E-01    1.00595E-02   -3.78813E-02    9.42347E-03   -3.47583E-02    5.79651E-03   -1.52085E-02    3.40253E-02   -6.12169E-02
     1.39375E+00    2.22659E-01    1.75659E-01    4.53687E-01    6.67300E-02   -1.12365E-01    2.12024E-01    9.82546E-03   -3.70152E-02    9.20863E-03   -3.39956E-02    5.70269E-03   -1.48156E-02    3.36449E-02   -6.05310E-02
     1.40000E+00    2.19430E-01    1.73060E-01    4.54099E-01    6.51899E-02   -1.11047E-01    2.09725E-01    9.59678E-03   -3.61680E-02    8.99850E-03   -3.32486E-02    5.61129E-03   -1.44333E-02    3.32687E-02   -5.98499E-02
     1.40625E+00    2.16256E-01    1.70499E-01    4.54502E-01    6.36860E-02   -1.09743E-01    2.07452E-01    9.37333E-03   -3.53393E-02    8.79299E-03   -3.25170E-02    5.52225E-03   -1.40613E-02    3.28967E-02   -5.91737E-02
     1.41250E+00    2.13133E-01    1.67974E-01    4.54895E-01    6.22174E-02   -1.08454E-01    2.05206E-01    9.15500E-03   -3.45288E-02    8.59200E-03   -3.18005E-02    5.43551E-03   -1.36993E-02    3.25290E-02   -5.85024E-02
     1.41875E+00    2.10063E-01    1.65485E-01    4.55279E-01    6.07833E-02   -1.07178E-01    2.02986E-01    8.94168E-03   -3.37361E-02    8.39545E-03   -3.10989E-02    5.35099E-03   -1.33470E-02    3.21655E-02   -5.78362E-02
     1.42500E+00    2.07044E-01    1.63031E-01    4.55655E-01    5.93829E-02   -1.05916E-01    2.00793E-01    8.73326E-03   -3.29608E-02    8.20324E-03   -3.04120E-02    5.26865E-03   -1.30042E-02    3.18060E-02   -5.71752E-02
     1.43125E+00    2.04076E-01    1.60612E-01    4.56022E-01    5.80153E-02   -1.04668E-01    1.98625E-01    8.52964E-03   -3.22027E-02    8.01527E-03   -2.97393E-02    5.18842E-03   -1.26707E-02    3.14508E-02   -5.65194E-02
     1.43750E+00    2.01156E-01    1.58227E-01    4.56380E-01    5.66798E-02   -1.03433E-01    1.96484E-01    8.33070E-03   -3.14612E-02    7.83147E-03   -2.90808E-02    5.11025E-03   -1.23461E-02    3.10995E-02   -5.58688E-02
     1.44375E+00    1.98285E-01    1.55877E-01    4.56730E-01    5.53757E-02   -1.02212E-01    1.94368E-01    8.13634E-03   -3.07362E-02    7.65174E-03   -2.84361E-02    5.03408E-03   -1.20303E-02    3.07524E-02   -5.52235E-02
     1.45000E+00    1.95462E-01    1.53559E-01    4.57072E-01    5.41022E-02   -1.01004E-01    1.92277E-01    7.94646E-03   -3.00272E-02    7.47599E-03   -2.78049E-02    4.95985E-03   -1.17229E-02    3.04092E-02   -5.45835E-02
     1.45625E+00    1.92686E-01    1.51275E-01    4.57407E-01    5.28585E-02   -9.98085E-02    1.90211E-01    7.76097E-03   -2.93340E-02    7.30415E-03   -2.71871E-02    4.88753E-03   -1.14238E-02    3.00701E-02   -5.39490E-02
     1.46250E+00    1.89956E-01    1.49023E-01    4.57733E-01    5.16439E-02   -9.86260E-02    1.88171E-01    7.57976E-03   -2.86562E-02    7.13613E-03   -2.65823E-02    4.81704E-03   -1.11327E-02    2.97349E-02   -5.33199E-02
     1.46875E+00    1.87271E-01    1.46803E-01    4.58052E-01    5.04578E-02   -9.74563E-02    1.86155E-01    7.40273E-03   -2.79935E-02    6.97184E-03   -2.59904E-02    4.74835E-03   -1.08495E-02    2.94036E-02   -5.26963E-02
     1.47500E+00    1.84630E-01    1.44615E-01    4.58364E-01    4.92995E-02   -9.62991E-02    1.84164E-01    7.22981E-03   -2.73455E-02    6.81122E-03   -2.54110E-02    4.68141E-03   -1.05738E-02    2.90762E-02   -5.20782E-02
     1.48125E+00    1.82034E-01    1.42458E-01    4.58668E-01    4.81682E-02   -9.51542E-02    1.82197E-01    7.06089E-03   -2.67120E-02    6.65418E-03   -2.48439E-02    4.61616E-03   -1.03056E-02    2.87526E-02   -5.14656E-02
     1.48750E+00    1.79480E-01    1.40331E-01    4.58966E-01    4.70635E-02   -9.40216E-02    1.80254E-01    6.89588E-03   -2.60927E-02    6.50065E-03   -2.42890E-02    4.55257E-03   -1.00445E-02    2.84328E-02   -5.08586E-02
     1.49375E+00    1.76969E-01    1.38235E-01    4.59257E-01    4.59845E-02   -9.29010E-02    1.78335E-01    6.73470E-03   -2.54872E-02    6.35055E-03   -2.37459E-02    4.49059E-03   -9.79040E-03    2.81168E-02   -5.02571E-02
     1.50000E+00    1.74499E-01    1.36169E-01    4.59541E-01    4.49308E-02   -9.17923E-02    1.76439E-01    6.57726E-03   -2.48953E-02    6.20380E-03   -2.32145E-02    4.43018E-03   -9.54312E-03    2.78046E-02   -4.96612E-02
     1.50625E+00    1.72071E-01    1.34132E-01    4.59819E-01    4.39016E-02   -9.06954E-02    1.74567E-01    6.42348E-03   -2.43167E-02    6.06034E-03   -2.26944E-02    4.37129E-03   -9.30244E-03    2.74961E-02   -4.90709E-02
     1.51250E+00    1.69682E-01    1.32124E-01    4.60090E-01    4.28965E-02   -8.96102E-02    1.72718E-01    6.27328E-03   -2.37511E-02    5.92010E-03   -2.21856E-02    4.31389E-03   -9.06820E-03    2.71912E-02   -4.84862E-02
     1.51875E+00    1.67333E-01    1.30144E-01    4.60355E-01    4.19148E-02   -8.85364E-02    1.70892E-01    6.12657E-03   -2.31982E-02    5.78300E-03   -2.16877E-02    4.25793E-03   -8.84021E-03    2.68900E-02   -4.79071E-02
     1.52500E+00    1.65023E-01    1.28193E-01    4.60614E-01    4.09560E-02   -8.74740E-02    1.69089E-01    5.98327E-03   -2.26578E-02    5.64898E-03   -2.12006E-02    4.20337E-03   -8.61830E-03    2.65924E-02   -4.73337E-02
     1.53125E+00    1.62751E-01    1.26269E-01    4.60867E-01    4.00196E-02   -8.64228E-02    1.67308E-01    5.84332E-03   -2.21296E-02    5.51797E-03   -2.07240E-02    4.15019E-03   -8.40230E-03    2.62983E-02   -4.67658E-02
     1.53750E+00    1.60516E-01    1.24373E-01    4.61114E-01    3.91049E-02   -8.53826E-02    1.65550E-01    5.70663E-03   -2.16133E-02    5.38991E-03   -2.02578E-02    4.09833E-03   -8.19206E-03    2.60078E-02   -4.62035E-02
     1.54375E+00    1.58319E-01    1.22503E-01    4.61356E-01    3.82115E-02   -8.43534E-02    1.63813E-01    5.57313E-03   -2.11086E-02    5.26473E-03   -1.98016E-02    4.04777E-03   -7.98741E-03    2.57208E-02   -4.56468E-02
     1.55000E+00    1.56158E-01    1.20660E-01    4.61592E-01    3.73388E-02   -8.33349E-02    1.62098E-01    5.44275E-03   -2.06154E-02    5.14237E-03   -1.93554E-02    3.99848E-03   -7.78820E-03    2.54372E-02   -4.50957E-02
     1.55625E+00    1.54033E-01    1.18843E-01    4.61822E-01    3.64865E-02   -8.23271E-02    1.60405E-01    5.31542E-03   -2.01334E-02    5.02277E-03   -1.89189E-02    3.95041E-03   -7.59427E-03    2.51570E-02   -4.45502E-02
     1.56250E+00    1.51942E-01    1.17052E-01    4.62048E-01    3.56539E-02   -8.13298E-02    1.58733E-01    5.19106E-03   -1.96623E-02    4.90586E-03   -1.84920E-02    3.90354E-03   -7.40549E-03    2.48803E-02   -4.40102E-02
     1.56875E+00    1.49887E-01    1.15286E-01    4.62268E-01    3.48406E-02   -8.03429E-02    1.57082E-01    5.06962E-03   -1.92019E-02    4.79160E-03   -1.80744E-02    3.85783E-03   -7.22171E-03    2.46069E-02   -4.34758E-02
     1.57500E+00    1.47865E-01    1.13545E-01    4.62483E-01    3.40461E-02   -7.93663E-02    1.55452E-01    4.95102E-03   -1.87520E-02    4.67992E-03   -1.76659E-02    3.81326E-03   -7.04279E-03    2.43368E-02   -4.29468E-02
     1.58125E+00    1.45877E-01    1.11829E-01    4.62694E-01    3.32700E-02   -7.83997E-02    1.53842E-01    4.83520E-03   -1.83123E-02    4.57076E-03   -1.72663E-02    3.76979E-03   -6.86860E-03    2.40701E-02   -4.24234E-02
     1.58750E+00    1.43921E-01    1.10137E-01    4.62899E-01    3.25119E-02   -7.74432E-02    1.52253E-01    4.72209E-03   -1.78826E-02    4.46407E-03   -1.68756E-02    3.72739E-03   -6.69901E-03    2.38065E-02   -4.19054E-02
     1.59375E+00    1.41998E-01    1.08469E-01    4.63100E-01    3.17713E-02   -7.64965E-02    1.50684E-01    4.61164E-03   -1.74627E-02    4.35980E-03   -1.64934E-02    3.68604E-03   -6.53389E-03    2.35462E-02   -4.13929E-02
     1.60000E+00    1.40107E-01    1.06825E-01    4.63296E-01    3.10478E-02   -7.55596E-02    1.49135E-01    4.50379E-03   -1.70524E-02    4.25789E-03   -1.61196E-02    3.64571E-03   -6.37312E-03    2.32891E-02   -4.08858E-02
     1.60625E+00    1.38247E-01    1.05203E-01    4.63488E-01    3.03410E-02   -7.46323E-02    1.47605E-01    4.39847E-03   -1.66514E-02    4.15829E-03   -1.57541E-02    3.60637E-03   -6.21657E-03    2.30352E-02   -4.03841E-02
     1.61250E+00    1.36417E-01    1.03604E-01    4.63676E-01    2.96505E-02   -7.37145E-02    1.46095E-01    4.29563E-03   -1.62597E-02    4.06094E-03   -1.53967E-02    3.56799E-03   -6.06414E-03    2.27843E-02   -3.98877E-02
     1.61875E+00    1.34618E-01    1.02028E-01    4.63859E-01    2.89759E-02   -7.28061E-02    1.44604E-01    4.19521E-03   -1.58768E-02    3.96581E-03   -1.50471E-02    3.53056E-03   -5.91570E-03    2.25365E-02   -3.93967E-02
     1.62500E+00    1.32849E-01    1.00474E-01    4.64038E-01    2.83168E-02   -7.19069E-02    1.43132E-01    4.09715E-03   -1.55028E-02    3.87284E-03   -1.47053E-02    3.49404E-03   -5.77115E-03    2.22918E-02   -3.89110E-02
     1.63125E+00    1.31109E-01    9.89423E-02    4.64213E-01    2.76728E-02   -7.10169E-02    1.41679E-01    4.00141E-03   -1.51373E-02    3.78198E-03   -1.43711E-02    3.45841E-03   -5.63038E-03    2.20502E-02   -3.84305E-02
     1.63750E+00    1.29398E-01    9.74316E-02    4.64384E-01    2.70437E-02   -7.01359E-02    1.40244E-01    3.90792E-03   -1.47802E-02    3.69319E-03   -1.40443E-02    3.42365E-03   -5.49328E-03    2.18115E-02   -3.79553E-02
     1.64375E+00    1.27715E-01    9.59422E-02    4.64551E-01    2.64289E-02   -6.92638E-02    1.38828E-01    3.81664E-03   -1.44313E-02    3.60641E-03   -1.37248E-02    3.38974E-03   -5.35976E-03    2.15757E-02   -3.74852E-02
     1.65000E+00    1.26060E-01    9.44735E-02    4.64714E-01    2.58282E-02   -6.84005E-02    1.37430E-01    3.72751E-03   -1.40904E-02    3.52161E-03   -1.34123E-02    3.35665E-03   -5.22971E-03    2.13429E-02   -3.70203E-02
     1.65625E+00    1.24432E-01    9.30254E-02    4.64874E-01    2.52413E-02   -6.75459E-02    1.36049E-01    3.64049E-03   -1.37573E-02    3.43874E-03   -1.31069E-02    3.32436E-03   -5.10304E-03    2.11129E-02   -3.65605E-02
     1.66250E+00    1.22832E-01    9.15975E-02    4.65030E-01    2.46678E-02   -6.66999E-02    1.34687E-01    3.55553E-03   -1.34319E-02    3.35776E-03   -1.28082E-02    3.29285E-03   -4.97966E-03    2.08859E-02   -3.61057E-02
     1.66875E+00    1.21258E-01    9.01895E-02    4.65182E-01    2.41074E-02   -6.58623E-02    1.33341E-01    3.47258E-03   -1.31140E-02    3.27863E-03   -1.25162E-02    3.26211E-03   -4.85947E-03    2.06616E-02   -3.56560E-02
     1.67500E+00    1.19710E-01    8.88011E-02    4.65331E-01    2.35598E-02   -6.50331E-02    1.32013E-01    3.39159E-03   -1.28034E-02    3.20130E-03   -1.22308E-02    3.23210E-03   -4.74238E-03    2.04402E-02   -3.52113E-02
     1.68125E+00    1.18187E-01    8.74320E-02    4.65477E-01    2.30247E-02   -6.42121E-02    1.30702E-01    3.31252E-03   -1.24999E-02    3.12573E-03   -1.19517E-02    3.20282E-03   -4.62832E-03    2.02215E-02   -3.47716E-02
     1.68750E+00    1.16690E-01    8.60820E-02    4.65619E-01    2.25017E-02   -6.33993E-02    1.29408E-01    3.23533E-03   -1.22035E-02    3.05189E-03   -1.16789E-02    3.17424E-03   -4.51719E-03    2.00055E-02   -3.43367E-02
     1.69375E+00    1.15218E-01    8.47507E-02    4.65758E-01    2.19907E-02   -6.25945E-02    1.28130E-01    3.15996E-03   -1.19138E-02    2.97973E-03   -1.14122E-02    3.14635E-03   -4.40892E-03    1.97922E-02   -3.39067E-02
     1.70000E+00    1.13771E-01    8.34378E-02    4.65894E-01    2.14912E-02   -6.17976E-02    1.26869E-01    3.08639E-03   -1.16309E-02    2.90922E-03   -1.11515E-02    3.11913E-03   -4.30342E-03    1.95817E-02   -3.34815E-02
     1.70625E+00    1.12347E-01    8.21430E-02    4.66027E-01    2.10031E-02   -6.10086E-02    1.25624E-01    3.01456E-03   -1.13545E-02    2.84033E-03   -1.08967E-02    3.09255E-03   -4.20063E-03    1.93737E-02   -3.30610E-02
     1.71250E+00    1.10948E-01    8.08662E-02    4.66157E-01    2.05260E-02   -6.02273E-02    1.24395E-01    2.94445E-03   -1.10845E-02    2.77300E-03   -1.06475E-02    3.06661E-03   -4.10046E-03    1.91684E-02   -3.26453E-02
     1.71875E+00    1.09571E-01    7.96070E-02    4.66283E-01    2.00597E-02   -5.94536E-02    1.23181E-01    2.87600E-03   -1.08207E-02    2.70722E-03   -1.04040E-02    3.04129E-03   -4.00285E-03    1.89656E-02   -3.22343E-02
     1.72500E+00    1.08218E-01    7.83651E-02    4.66407E-01    1.96040E-02   -5.86875E-02    1.21984E-01    2.80918E-03   -1.05630E-02    2.64294E-03   -1.01660E-02    3.01657E-03   -3.90771E-03    1.87655E-02   -3.18278E-02
     1.73125E+00    1.06887E-01    7.71402E-02    4.66528E-01    1.91585E-02   -5.79288E-02    1.20801E-01    2.74395E-03   -1.03113E-02    2.58013E-03   -9.93340E-03    2.99244E-03   -3.81500E-03    1.85678E-02   -3.14260E-02
     1.73750E+00    1.05578E-01    7.59322E-02    4.66647E-01    1.87231E-02   -5.71775E-02    1.19634E-01    2.68027E-03   -1.00653E-02    2.51876E-03   -9.70602E-03    2.96888E-03   -3.72462E-03    1.83726E-02   -3.10287E-02
     1.74375E+00    1.04292E-01    7.47408E-02    4.66762E-01    1.82975E-02   -5.64334E-02    1.18482E-01    2.61812E-03   -9.82512E-03    2.45880E-03   -9.48378E-03    2.94588E-03   -3.63654E-03    1.81799E-02   -3.06358E-02
     1.75000E+00    1.03027E-01    7.35656E-02    4.66876E-01    1.78815E-02   -5.56964E-02    1.17344E-01    2.55745E-03   -9.59046E-03    2.40021E-03   -9.26658E-03    2.92342E-03   -3.55067E-03    1.79897E-02   -3.02474E-02
     1.75625E+00    1.01783E-01    7.24065E-02    4.66986E-01    1.74748E-02   -5.49665E-02    1.16221E-01    2.49823E-03   -9.36123E-03    2.34296E-03   -9.05430E-03    2.90149E-03   -3.46696E-03    1.78018E-02   -2.98634E-02
     1.76250E+00    1.00560E-01    7.12631E-02    4.67094E-01    1.70772E-02   -5.42436E-02    1.15113E-01    2.44042E-03   -9.13732E-03    2.28702E-03   -8.84683E-03    2.88008E-03   -3.38535E-03    1.76164E-02   -2.94837E-02
     1.76875E+00    9.93575E-02    7.01354E-02    4.67199E-01    1.66885E-02   -5.35276E-02    1.14019E-01    2.38400E-03   -8.91858E-03    2.23236E-03   -8.64407E-03    2.85917E-03   -3.30578E-03    1.74333E-02   -2.91083E-02
     1.77500E+00    9.81755E-02    6.90229E-02    4.67303E-01    1.63086E-02   -5.28184E-02    1.12939E-01    2.32893E-03   -8.70492E-03    2.17896E-03   -8.44593E-03    2.83875E-03   -3.22820E-03    1.72525E-02   -2.87371E-02
     1.78125E+00    9.70133E-02    6.79255E-02    4.67403E-01    1.59371E-02   -5.21159E-02    1.11873E-01    2.27518E-03   -8.49621E-03    2.12678E-03   -8.25229E-03    2.81881E-03   -3.15255E-03    1.70740E-02   -2.83701E-02
     1.78750E+00    9.58708E-02    6.68430E-02    4.67502E-01    1.55739E-02   -5.14199E-02    1.10820E-01    2.22272E-03   -8.29233E-03    2.07580E-03   -8.06306E-03    2.79934E-03   -3.07877E-03    1.68979E-02   -2.80073E-02
     1.79375E+00    9.47477E-02    6.57750E-02    4.67598E-01    1.52188E-02   -5.07306E-02    1.09781E-01    2.17152E-03   -8.09319E-03    2.02598E-03   -7.87814E-03    2.78033E-03   -3.00682E-03    1.67239E-02   -2.76485E-02
     1.80000E+00    9.36436E-02    6.47215E-02    4.67692E-01    1.48716E-02   -5.00477E-02    1.08755E-01    2.12154E-03   -7.89865E-03    1.97731E-03   -7.69744E-03    2.76175E-03   -2.93665E-03    1.65523E-02   -2.72937E-02
     1.80625E+00    9.25582E-02    6.36821E-02    4.67784E-01    1.45321E-02   -4.93711E-02    1.07743E-01    2.07277E-03   -7.70863E-03    1.92976E-03   -7.52087E-03    2.74361E-03   -2.86820E-03    1.63828E-02   -2.69429E-02
     1.81250E+00    9.14914E-02    6.26566E-02    4.67874E-01    1.42001E-02   -4.87009E-02    1.06743E-01    2.02518E-03   -7.52302E-03    1.88329E-03   -7.34834E-03    2.72590E-03   -2.80143E-03    1.62155E-02   -2.65961E-02
     1.81875E+00    9.04427E-02    6.16449E-02    4.67961E-01    1.38755E-02   -4.80368E-02    1.05757E-01    1.97873E-03   -7.34170E-03    1.83789E-03   -7.17975E-03    2.70859E-03   -2.73630E-03    1.60503E-02   -2.62531E-02
     1.82500E+00    8.94119E-02    6.06467E-02    4.68047E-01    1.35580E-02   -4.73789E-02    1.04783E-01    1.93340E-03   -7.16459E-03    1.79354E-03   -7.01502E-03    2.69169E-03   -2.67275E-03    1.58873E-02   -2.59139E-02
     1.83125E+00    8.83988E-02    5.96618E-02    4.68131E-01    1.32476E-02   -4.67270E-02    1.03821E-01    1.88916E-03   -6.99159E-03    1.75020E-03   -6.85407E-03    2.67518E-03   -2.61075E-03    1.57264E-02   -2.55786E-02
     1.83750E+00    8.74031E-02    5.86899E-02    4.68213E-01    1.29440E-02   -4.60811E-02    1.02872E-01    1.84599E-03   -6.82260E-03    1.70785E-03   -6.69682E-03    2.65905E-03   -2.55025E-03    1.55676E-02   -2.52469E-02
     1.84375E+00    8.64245E-02    5.77310E-02    4.68293E-01    1.26471E-02   -4.54411E-02    1.01935E-01    1.80387E-03   -6.65752E-03    1.66648E-03   -6.54317E-03    2.64330E-03   -2.49121E-03    1.54108E-02   -2.49189E-02
     1.85000E+00    8.54627E-02    5.67847E-02    4.68371E-01    1.23567E-02   -4.48069E-02    1.01010E-01    1.76277E-03   -6.49627E-03    1.62606E-03   -6.39306E-03    2.62791E-03   -2.43359E-03    1.52561E-02   -2.45945E-02
     1.85625E+00    8.45176E-02    5.58509E-02    4.68447E-01    1.20727E-02   -4.41784E-02    1.00097E-01    1.72266E-03   -6.33876E-03    1.58656E-03   -6.24640E-03    2.61288E-03   -2.37736E-03    1.51033E-02   -2.42737E-02
     1.86250E+00    8.35889E-02    5.49294E-02    4.68522E-01    1.17949E-02   -4.35556E-02    9.91957E-02    1.68353E-03   -6.18489E-03    1.54797E-03   -6.10312E-03    2.59819E-03   -2.32247E-03    1.49526E-02   -2.39564E-02
     1.86875E+00    8.26762E-02    5.40199E-02    4.68595E-01    1.15231E-02   -4.29385E-02    9.83059E-02    1.64534E-03   -6.03459E-03    1.51027E-03   -5.96315E-03    2.58384E-03   -2.26888E-03    1.48039E-02   -2.36425E-02
     1.87500E+00    8.17795E-02    5.31224E-02    4.68666E-01    1.12573E-02   -4.23268E-02    9.74274E-02    1.60809E-03   -5.88776E-03    1.47343E-03   -5.82641E-03    2.56983E-03   -2.21657E-03    1.46571E-02   -2.33321E-02
     1.88125E+00    8.08984E-02    5.22366E-02    4.68735E-01    1.09973E-02   -4.17206E-02    9.65603E-02    1.57174E-03   -5.74434E-03    1.43743E-03   -5.69283E-03    2.55613E-03   -2.16550E-03    1.45122E-02   -2.30250E-02
     1.88750E+00    8.00328E-02    5.13623E-02    4.68803E-01    1.07430E-02   -4.11198E-02    9.57042E-02    1.53628E-03   -5.60423E-03    1.40226E-03   -5.56233E-03    2.54276E-03   -2.11562E-03    1.43693E-02   -2.27213E-02
     1.89375E+00    7.91824E-02    5.04994E-02    4.68870E-01    1.04941E-02   -4.05243E-02    9.48591E-02    1.50168E-03   -5.46736E-03    1.36789E-03   -5.43486E-03    2.52969E-03   -2.06692E-03    1.42282E-02   -2.24207E-02
     1.90000E+00    7.83469E-02    4.96476E-02    4.68935E-01    1.02507E-02   -3.99340E-02    9.40248E-02    1.46793E-03   -5.33366E-03    1.33432E-03   -5.31035E-03    2.51692E-03   -2.01936E-03    1.40890E-02   -2.21234E-02
     1.90625E+00    7.75262E-02    4.88068E-02    4.68998E-01    1.00125E-02   -3.93490E-02    9.32012E-02    1.43500E-03   -5.20304E-03    1.30151E-03   -5.18873E-03    2.50444E-03   -1.97290E-03    1.39517E-02   -2.18292E-02
     1.91250E+00    7.67201E-02    4.79769E-02    4.69060E-01    9.77952E-03   -3.87690E-02    9.23881E-02    1.40288E-03   -5.07544E-03    1.26945E-03   -5.06993E-03    2.49225E-03   -1.92752E-03    1.38161E-02   -2.15381E-02
     1.91875E+00    7.59283E-02    4.71575E-02    4.69120E-01    9.55151E-03   -3.81941E-02    9.15854E-02    1.37155E-03   -4.95078E-03    1.23813E-03   -4.95389E-03    2.48035E-03   -1.88319E-03    1.36824E-02   -2.12501E-02
     1.92500E+00    7.51507E-02    4.63487E-02    4.69179E-01    9.32842E-03   -3.76242E-02    9.07930E-02    1.34099E-03   -4.82900E-03    1.20752E-03   -4.84056E-03    2.46871E-03   -1.83987E-03    1.35505E-02   -2.09651E-02
     1.93125E+00    7.43870E-02    4.55501E-02    4.69237E-01    9.11011E-03   -3.70592E-02    9.00108E-02    1.31119E-03   -4.71002E-03    1.17762E-03   -4.72988E-03    2.45735E-03   -1.79755E-03    1.34204E-02   -2.06830E-02
     1.93750E+00    7.36370E-02    4.47617E-02    4.69293E-01    8.89648E-03   -3.64990E-02    8.92385E-02    1.28211E-03   -4.59378E-03    1.14839E-03   -4.62177E-03    2.44624E-03   -1.75619E-03    1.32920E-02   -2.04037E-02
     1.94375E+00    7.29006E-02    4.39833E-02    4.69348E-01    8.68742E-03   -3.59437E-02    8.84761E-02    1.25376E-03   -4.48021E-03    1.11984E-03   -4.51620E-03    2.43539E-03   -1.71577E-03    1.31653E-02   -2.01274E-02
     1.95000E+00    7.21776E-02    4.32147E-02    4.69402E-01    8.48282E-03   -3.53930E-02    8.77234E-02    1.22610E-03   -4.36926E-03    1.09194E-03   -4.41310E-03    2.42479E-03   -1.67626E-03    1.30404E-02   -1.98538E-02
     1.95625E+00    7.14677E-02    4.24557E-02    4.69454E-01    8.28257E-03   -3.48471E-02    8.69803E-02    1.19914E-03   -4.26085E-03    1.06467E-03   -4.31241E-03    2.41444E-03   -1.63764E-03    1.29171E-02   -1.95829E-02
     1.96250E+00    7.07708E-02    4.17062E-02    4.69505E-01    8.08659E-03   -3.43058E-02    8.62467E-02    1.17284E-03   -4.15493E-03    1.03803E-03   -4.21409E-03    2.40432E-03   -1.59988E-03    1.27956E-02   -1.93147E-02
     1.96875E+00    7.00867E-02    4.09661E-02    4.69555E-01    7.89475E-03   -3.37690E-02    8.55225E-02    1.14720E-03   -4.05143E-03    1.01199E-03   -4.11808E-03    2.39444E-03   -1.56296E-03    1.26757E-02   -1.90492E-02
     1.97500E+00    6.94152E-02    4.02352E-02    4.69604E-01    7.70698E-03   -3.32367E-02    8.48075E-02    1.12219E-03   -3.95030E-03    9.86547E-04   -4.02433E-03    2.38478E-03   -1.52686E-03    1.25575E-02   -1.87862E-02
     1.98125E+00    6.87562E-02    3.95133E-02    4.69651E-01    7.52317E-03   -3.27089E-02    8.41016E-02    1.09781E-03   -3.85148E-03    9.61682E-04   -3.93279E-03    2.37535E-03   -1.49155E-03    1.24409E-02   -1.85257E-02
     1.98750E+00    6.81094E-02    3.88004E-02    4.69698E-01    7.34324E-03   -3.21854E-02    8.34047E-02    1.07404E-03   -3.75492E-03    9.37383E-04   -3.84342E-03    2.36613E-03   -1.45702E-03    1.23259E-02   -1.82677E-02
     1.99375E+00    6.74748E-02    3.80962E-02    4.69743E-01    7.16708E-03   -3.16663E-02    8.27167E-02    1.05087E-03   -3.66056E-03    9.13635E-04   -3.75616E-03    2.35713E-03   -1.42324E-03    1.22125E-02   -1.80122E-02
     2.00000E+00    6.68522E-02    3.74006E-02    4.69787E-01    6.99462E-03   -3.11515E-02    8.20375E-02    1.02828E-03   -3.56834E-03    8.90427E-04   -3.67097E-03    2.34834E-03   -1.39019E-03    1.21007E-02   -1.77590E-02
     2.00625E+00    6.62413E-02    3.67135E-02    4.69831E-01    6.82577E-03   -3.06408E-02    8.13669E-02    1.00626E-03   -3.47822E-03    8.67744E-04   -3.58780E-03    2.33976E-03   -1.35785E-03    1.19905E-02   -1.75081E-02
     2.01250E+00    6.56420E-02    3.60347E-02    4.69873E-01    6.66044E-03   -3.01344E-02    8.07048E-02    9.84800E-04   -3.39015E-03    8.45575E-04   -3.50661E-03    2.33137E-03   -1.32620E-03    1.18819E-02   -1.72594E-02
     2.01875E+00    6.50542E-02    3.53641E-02    4.69914E-01    6.49855E-03   -2.96320E-02    8.00512E-02    9.63882E-04   -3.30407E-03    8.23908E-04   -3.42736E-03    2.32318E-03   -1.29523E-03    1.17748E-02   -1.70130E-02
     2.02500E+00    6.44778E-02    3.47016E-02    4.69954E-01    6.34002E-03   -2.91337E-02    7.94059E-02    9.43495E-04   -3.21993E-03    8.02729E-04   -3.34999E-03    2.31518E-03   -1.26491E-03    1.16692E-02   -1.67688E-02
     2.03125E+00    6.39125E-02    3.40470E-02    4.69993E-01    6.18477E-03   -2.86394E-02    7.87688E-02    9.23629E-04   -3.13769E-03    7.82029E-04   -3.27448E-03    2.30736E-03   -1.23523E-03    1.15652E-02   -1.65266E-02
     2.03750E+00    6.33582E-02    3.34002E-02    4.70031E-01    6.03272E-03   -2.81491E-02    7.81398E-02    9.04271E-04   -3.05731E-03    7.61795E-04   -3.20078E-03    2.29973E-03   -1.20618E-03    1.14626E-02   -1.62865E-02
     2.04375E+00    6.28149E-02    3.27611E-02    4.70069E-01    5.88381E-03   -2.76627E-02    7.75188E-02    8.85409E-04   -2.97873E-03    7.42016E-04   -3.12886E-03    2.29229E-03   -1.17772E-03    1.13616E-02   -1.60484E-02
     2.05000E+00    6.22822E-02    3.21296E-02    4.70105E-01    5.73795E-03   -2.71801E-02    7.69057E-02    8.67033E-04   -2.90191E-03    7.22681E-04   -3.05866E-03    2.28501E-03   -1.14985E-03    1.12620E-02   -1.58123E-02
     2.05625E+00    6.17602E-02    3.15054E-02    4.70140E-01    5.59509E-03   -2.67013E-02    7.63004E-02    8.49132E-04   -2.82681E-03    7.03779E-04   -2.99016E-03    2.27791E-03   -1.12255E-03    1.11639E-02   -1.55780E-02
     2.06250E+00    6.12486E-02    3.08886E-02    4.70175E-01    5.45513E-03   -2.62263E-02    7.57028E-02    8.31695E-04   -2.75338E-03    6.85300E-04   -2.92332E-03    2.27098E-03   -1.09581E-03    1.10673E-02   -1.53456E-02
     2.06875E+00    6.07473E-02    3.02789E-02    4.70209E-01    5.31803E-03   -2.57550E-02    7.51128E-02    8.14711E-04   -2.68159E-03    6.67234E-04   -2.85810E-03    2.26421E-03   -1.06961E-03    1.09721E-02   -1.51150E-02
     2.07500E+00    6.02562E-02    2.96763E-02    4.70241E-01    5.18370E-03   -2.52874E-02    7.45302E-02    7.98172E-04   -2.61139E-03    6.49571E-04   -2.79447E-03    2.25761E-03   -1.04393E-03    1.08783E-02   -1.48861E-02
     2.08125E+00    5.97752E-02    2.90806E-02    4.70273E-01    5.05210E-03   -2.48234E-02    7.39551E-02    7.82066E-04   -2.54274E-03    6.32300E-04   -2.73239E-03    2.25116E-03   -1.01877E-03    1.07860E-02   -1.46589E-02
     2.08750E+00    5.93041E-02    2.84918E-02    4.70304E-01    4.92314E-03   -2.43630E-02    7.33872E-02    7.66384E-04   -2.47561E-03    6.15413E-04   -2.67183E-03    2.24487E-03   -9.94104E-04    1.06951E-02   -1.44333E-02
     2.09375E+00    5.88429E-02    2.79096E-02    4.70335E-01    4.79678E-03   -2.39060E-02    7.28266E-02    7.51118E-04   -2.40995E-03    5.98900E-04   -2.61276E-03    2.23874E-03   -9.69922E-04    1.06056E-02   -1.42093E-02
     2.10000E+00    5.83913E-02    2.73341E-02    4.70364E-01    4.67294E-03   -2.34526E-02    7.22731E-02    7.36257E-04   -2.34574E-03    5.82751E-04   -2.55514E-03    2.23275E-03   -9.46211E-04    1.05175E-02   -1.39868E-02
     2.10625E+00    5.79493E-02    2.67650E-02    4.70393E-01    4.55158E-03   -2.30026E-02    7.17266E-02    7.21793E-04   -2.28292E-03    5.66957E-04   -2.49895E-03    2.22691E-03   -9.22958E-04    1.04308E-02   -1.37658E-02
     2.11250E+00    5.75168E-02    2.62023E-02    4.70421E-01    4.43263E-03   -2.25560E-02    7.11870E-02    7.07718E-04   -2.22148E-03    5.51511E-04   -2.44415E-03    2.22121E-03   -9.00151E-04    1.03454E-02   -1.35462E-02
     2.11875E+00    5.70936E-02    2.56458E-02    4.70449E-01    4.31603E-03   -2.21128E-02    7.06543E-02    6.94022E-04   -2.16136E-03    5.36403E-04   -2.39071E-03    2.21565E-03   -8.77777E-04    1.02614E-02   -1.33279E-02
     2.12500E+00    5.66796E-02    2.50955E-02    4.70475E-01    4.20174E-03   -2.16728E-02    7.01284E-02    6.80698E-04   -2.10254E-03    5.21624E-04   -2.33861E-03    2.21024E-03   -8.55826E-04    1.01788E-02   -1.31110E-02
     2.13125E+00    5.62747E-02    2.45513E-02    4.70501E-01    4.08969E-03   -2.12362E-02    6.96091E-02    6.67738E-04   -2.04499E-03    5.07168E-04   -2.28782E-03    2.20496E-03   -8.34284E-04    1.00975E-02   -1.28953E-02
     2.13750E+00    5.58788E-02    2.40130E-02    4.70526E-01    3.97983E-03   -2.08027E-02    6.90964E-02    6.55133E-04   -1.98867E-03    4.93024E-04   -2.23831E-03    2.19981E-03   -8.13142E-04    1.00176E-02   -1.26807E-02
     2.14375E+00    5.54919E-02    2.34805E-02    4.70551E-01    3.87211E-03   -2.03724E-02    6.85902E-02    6.42877E-04   -1.93355E-03    4.79186E-04   -2.19004E-03    2.19479E-03   -7.92388E-04    9.93903E-03   -1.24673E-02
     2.15000E+00    5.51137E-02    2.29538E-02    4.70575E-01    3.76649E-03   -1.99453E-02    6.80904E-02    6.30962E-04   -1.87960E-03    4.65646E-04   -2.14301E-03    2.18990E-03   -7.72012E-04    9.86178E-03   -1.22550E-02
     2.15625E+00    5.47442E-02    2.24327E-02    4.70598E-01    3.66290E-03   -1.95213E-02    6.75969E-02    6.19380E-04   -1.82678E-03    4.52396E-04   -2.09717E-03    2.18514E-03   -7.52003E-04    9.78584E-03   -1.20437E-02
     2.16250E+00    5.43833E-02    2.19171E-02    4.70621E-01    3.56131E-03   -1.91003E-02    6.71098E-02    6.08125E-04   -1.77508E-03    4.39429E-04   -2.05252E-03    2.18050E-03   -7.32351E-04    9.71123E-03   -1.18333E-02
     2.16875E+00    5.40308E-02    2.14070E-02    4.70643E-01    3.46166E-03   -1.86824E-02    6.66287E-02    5.97189E-04   -1.72445E-03    4.26738E-04   -2.00901E-03    2.17598E-03   -7.13046E-04    9.63792E-03   -1.16239E-02
     2.17500E+00    5.36868E-02    2.09022E-02    4.70664E-01    3.36390E-03   -1.82675E-02    6.61538E-02    5.86567E-04   -1.67488E-03    4.14314E-04   -1.96663E-03    2.17159E-03   -6.94080E-04    9.56593E-03   -1.14153E-02
     2.18125E+00    5.33511E-02    2.04027E-02    4.70685E-01    3.26800E-03   -1.78555E-02    6.56849E-02    5.76251E-04   -1.62633E-03    4.02152E-04   -1.92536E-03    2.16731E-03   -6.75442E-04    9.49523E-03   -1.12075E-02
     2.18750E+00    5.30235E-02    1.99084E-02    4.70705E-01    3.17391E-03   -1.74464E-02    6.52220E-02    5.66236E-04   -1.57877E-03    3.90245E-04   -1.88516E-03    2.16314E-03   -6.57123E-04    9.42583E-03   -1.10004E-02
     2.19375E+00    5.27041E-02    1.94191E-02    4.70724E-01    3.08158E-03   -1.70402E-02    6.47649E-02    5.56514E-04   -1.53219E-03    3.78586E-04   -1.84603E-03    2.15909E-03   -6.39115E-04    9.35773E-03   -1.07940E-02
     2.20000E+00    5.23927E-02    1.89347E-02    4.70743E-01    2.99097E-03   -1.66368E-02    6.43136E-02    5.47081E-04   -1.48654E-03    3.67168E-04   -1.80794E-03    2.15515E-03   -6.21409E-04    9.29091E-03   -1.05881E-02
     2.20625E+00    5.20892E-02    1.84553E-02    4.70762E-01    2.90205E-03   -1.62363E-02    6.38681E-02    5.37931E-04   -1.44182E-03    3.55984E-04   -1.77087E-03    2.15132E-03   -6.03997E-04    9.22537E-03   -1.03829E-02
     2.21250E+00    5.17936E-02    1.79807E-02    4.70780E-01    2.81476E-03   -1.58385E-02    6.34282E-02    5.29057E-04   -1.39798E-03    3.45030E-04   -1.73480E-03    2.14760E-03   -5.86870E-04    9.16112E-03   -1.01780E-02
     2.21875E+00    5.15057E-02    1.75107E-02    4.70797E-01    2.72906E-03   -1.54434E-02    6.29938E-02    5.20454E-04   -1.35501E-03    3.34298E-04   -1.69970E-03    2.14399E-03   -5.70021E-04    9.09815E-03   -9.97366E-03
     2.22500E+00    5.12255E-02    1.70454E-02    4.70814E-01    2.64493E-03   -1.50510E-02    6.25650E-02    5.12118E-04   -1.31289E-03    3.23782E-04   -1.66557E-03    2.14048E-03   -5.53441E-04    9.03645E-03   -9.76963E-03
     2.23125E+00    5.09529E-02    1.65846E-02    4.70830E-01    2.56232E-03   -1.46613E-02    6.21417E-02    5.04041E-04   -1.27158E-03    3.13476E-04   -1.63237E-03    2.13707E-03   -5.37124E-04    8.97603E-03   -9.56589E-03
     2.23750E+00    5.06879E-02    1.61283E-02    4.70846E-01    2.48119E-03   -1.42743E-02    6.17237E-02    4.96221E-04   -1.23107E-03    3.03375E-04   -1.60010E-03    2.13376E-03   -5.21061E-04    8.91688E-03   -9.36238E-03
     2.24375E+00    5.04302E-02    1.56764E-02    4.70861E-01    2.40151E-03   -1.38898E-02    6.13110E-02    4.88652E-04   -1.19134E-03    2.93473E-04   -1.56873E-03    2.13056E-03   -5.05246E-04    8.85900E-03   -9.15902E-03
     2.25000E+00    5.01799E-02    1.52287E-02    4.70876E-01    2.32323E-03   -1.35079E-02    6.09035E-02    4.81328E-04   -1.15235E-03    2.83764E-04   -1.53825E-03    2.12745E-03   -4.89671E-04    8.80239E-03   -8.95576E-03
     2.25625E+00    4.99369E-02    1.47852E-02    4.70890E-01    2.24633E-03   -1.31285E-02    6.05013E-02    4.74246E-04   -1.11410E-03    2.74243E-04   -1.50865E-03    2.12443E-03   -4.74331E-04    8.74705E-03   -8.75253E-03
     2.26250E+00    4.97012E-02    1.43459E-02    4.70904E-01    2.17077E-03   -1.27516E-02    6.01041E-02    4.67400E-04   -1.07655E-03    2.64904E-04   -1.47989E-03    2.12152E-03   -4.59217E-04    8.69298E-03   -8.54926E-03
     2.26875E+00    4.94725E-02    1.39106E-02    4.70917E-01    2.09651E-03   -1.23772E-02    5.97120E-02    4.60787E-04   -1.03970E-03    2.55743E-04   -1.45198E-03    2.11869E-03   -4.44323E-04    8.64019E-03   -8.34587E-03
     2.27500E+00    4.92509E-02    1.34793E-02    4.70930E-01    2.02353E-03   -1.20052E-02    5.93249E-02    4.54403E-04   -1.00350E-03    2.46753E-04   -1.42489E-03    2.11596E-03   -4.29644E-04    8.58866E-03   -8.14231E-03
     2.28125E+00    4.90364E-02    1.30519E-02    4.70942E-01    1.95178E-03   -1.16356E-02    5.89426E-02    4.48242E-04   -9.67961E-04    2.37930E-04   -1.39862E-03    2.11332E-03   -4.15172E-04    8.53841E-03   -7.93850E-03
     2.28750E+00    4.88287E-02    1.26283E-02    4.70954E-01    1.88124E-03   -1.12684E-02    5.85653E-02    4.42302E-04   -9.33045E-04    2.29269E-04   -1.37313E-03    2.11077E-03   -4.00903E-04    8.48943E-03   -7.73436E-03
     2.29375E+00    4.86280E-02    1.22084E-02    4.70966E-01    1.81187E-03   -1.09035E-02    5.81928E-02    4.36578E-04   -8.98737E-04    2.20764E-04   -1.34843E-03    2.10831E-03   -3.86829E-04    8.44173E-03   -7.52983E-03
     2.30000E+00    4.84340E-02    1.17922E-02    4.70977E-01    1.74364E-03   -1.05410E-02    5.78250E-02    4.31067E-04   -8.65019E-04    2.12412E-04   -1.32449E-03    2.10594E-03   -3.72945E-04    8.39531E-03   -7.32483E-03
     2.30625E+00    4.82468E-02    1.13796E-02    4.70988E-01    1.67653E-03   -1.01807E-02    5.74619E-02    4.25764E-04   -8.31871E-04    2.04207E-04   -1.30131E-03    2.10365E-03   -3.59245E-04    8.35017E-03   -7.11928E-03
     2.31250E+00    4.80663E-02    1.09706E-02    4.70998E-01    1.61050E-03   -9.82271E-03    5.71034E-02    4.20667E-04   -7.99276E-04    1.96144E-04   -1.27887E-03    2.10145E-03   -3.45725E-04    8.30632E-03   -6.91312E-03
     2.31875E+00    4.78923E-02    1.05650E-02    4.71008E-01    1.54552E-03   -9.46692E-03    5.67495E-02    4.15772E-04   -7.67216E-04    1.88219E-04   -1.25716E-03    2.09933E-03   -3.32378E-04    8.26376E-03   -6.70625E-03
     2.32500E+00    4.77250E-02    1.01627E-02    4.71017E-01    1.48157E-03   -9.11333E-03    5.64001E-02    4.11076E-04   -7.35673E-04    1.80428E-04   -1.23617E-03    2.09729E-03   -3.19198E-04    8.22249E-03   -6.49861E-03
     2.33125E+00    4.75641E-02    9.76380E-03    4.71026E-01    1.41860E-03   -8.76191E-03    5.60552E-02    4.06575E-04   -7.04631E-04    1.72766E-04   -1.21589E-03    2.09534E-03   -3.06182E-04    8.18253E-03   -6.29011E-03
     2.33750E+00    4.74097E-02    9.36812E-03    4.71035E-01    1.35661E-03   -8.41264E-03    5.57146E-02    4.02267E-04   -6.74071E-04    1.65228E-04   -1.19630E-03    2.09346E-03   -2.93324E-04    8.14387E-03   -6.08067E-03
     2.34375E+00    4.72617E-02    8.97562E-03    4.71043E-01    1.29555E-03   -8.06547E-03    5.53785E-02    3.98148E-04   -6.43978E-04    1.57811E-04   -1.17739E-03    2.09167E-03   -2.80618E-04    8.10652E-03   -5.87022E-03
     2.35000E+00    4.71200E-02    8.58623E-03    4.71051E-01    1.23541E-03   -7.72040E-03    5.50466E-02    3.94216E-04   -6.14336E-04    1.50509E-04   -1.15915E-03    2.08996E-03   -2.68061E-04    8.07049E-03   -5.65865E-03
     2.35625E+00    4.69846E-02    8.19988E-03    4.71059E-01    1.17614E-03   -7.37738E-03    5.47190E-02    3.90468E-04   -5.85127E-04    1.43320E-04   -1.14159E-03    2.08832E-03   -2.55647E-04    8.03579E-03   -5.44590E-03
     2.36250E+00    4.68554E-02    7.81651E-03    4.71066E-01    1.11774E-03   -7.03641E-03    5.43956E-02    3.86901E-04   -5.56338E-04    1.36238E-04   -1.12467E-03    2.08676E-03   -2.43372E-04    8.00242E-03   -5.23186E-03
     2.36875E+00    4.67324E-02    7.43606E-03    4.71073E-01    1.06017E-03   -6.69743E-03    5.40763E-02    3.83513E-04   -5.27951E-04    1.29260E-04   -1.10840E-03    2.08528E-03   -2.31230E-04    7.97040E-03   -5.01646E-03
     2.37500E+00    4.66155E-02    7.05845E-03    4.71079E-01    1.00340E-03   -6.36045E-03    5.37611E-02    3.80301E-04   -4.99952E-04    1.22382E-04   -1.09276E-03    2.08387E-03   -2.19219E-04    7.93972E-03   -4.79961E-03
     2.38125E+00    4.65047E-02    6.68364E-03    4.71085E-01    9.47415E-04   -6.02542E-03    5.34499E-02    3.77263E-04   -4.72327E-04    1.15599E-04   -1.07776E-03    2.08254E-03   -2.07332E-04    7.91041E-03   -4.58120E-03
     2.38750E+00    4.64000E-02    6.31154E-03    4.71091E-01    8.92183E-04   -5.69232E-03    5.31428E-02    3.74396E-04   -4.45060E-04    1.08909E-04   -1.06337E-03    2.08128E-03   -1.95567E-04    7.88246E-03   -4.36115E-03
     2.39375E+00    4.63012E-02    5.94211E-03    4.71096E-01    8.37681E-04   -5.36112E-03    5.28396E-02    3.71699E-04   -4.18136E-04    1.02306E-04   -1.04959E-03    2.08009E-03   -1.83918E-04    7.85589E-03   -4.13935E-03
     2.40000E+00    4.62084E-02    5.57528E-03    4.71102E-01    7.83885E-04   -5.03182E-03    5.25403E-02    3.69169E-04   -3.91542E-04    9.57875E-05   -1.03642E-03    2.07898E-03   -1.72382E-04    7.83072E-03   -3.91573E-03
     2.40625E+00    4.61215E-02    5.21099E-03    4.71106E-01    7.30770E-04   -4.70437E-03    5.22449E-02    3.66804E-04   -3.65264E-04    8.93495E-05   -1.02385E-03    2.07794E-03   -1.60954E-04    7.80695E-03   -3.69016E-03
     2.41250E+00    4.60404E-02    4.84919E-03    4.71111E-01    6.78313E-04   -4.37875E-03    5.19533E-02    3.64603E-04   -3.39287E-04    8.29883E-05   -1.01186E-03    2.07697E-03   -1.49631E-04    7.78460E-03   -3.46256E-03
     2.41875E+00    4.59652E-02    4.48981E-03    4.71115E-01    6.26489E-04   -4.05494E-03    5.16654E-02    3.62563E-04   -3.13599E-04    7.67001E-05   -1.00046E-03    2.07607E-03   -1.38409E-04    7.76368E-03   -3.23281E-03
     2.42500E+00    4.58957E-02    4.13279E-03    4.71119E-01    5.75275E-04   -3.73293E-03    5.13813E-02    3.60682E-04   -2.88185E-04    7.04814E-05   -9.89632E-04    2.07524E-03   -1.27283E-04    7.74419E-03   -3.00082E-03
     2.43125E+00    4.58320E-02    3.77808E-03    4.71122E-01    5.24648E-04   -3.41267E-03    5.11008E-02    3.58960E-04   -2.63032E-04    6.43286E-05   -9.79378E-04    2.07447E-03   -1.16250E-04    7.72617E-03   -2.76647E-03
     2.43750E+00    4.57740E-02    3.42562E-03    4.71125E-01    4.74585E-04   -3.09416E-03    5.08239E-02    3.57394E-04   -2.38128E-04    5.82380E-05   -9.69690E-04    2.07378E-03   -1.05307E-04    7.70962E-03   -2.52966E-03
     2.44375E+00    4.57217E-02    3.07536E-03    4.71128E-01    4.25062E-04   -2.77737E-03    5.05507E-02    3.55983E-04   -2.13460E-04    5.22063E-05   -9.60562E-04    2.07316E-03   -9.44492E-05    7.69455E-03   -2.29027E-03
     2.45000E+00    4.56749E-02    2.72723E-03    4.71130E-01    3.76058E-04   -2.46227E-03    5.02810E-02    3.54725E-04   -1.89014E-04    4.62299E-05   -9.51990E-04    2.07260E-03   -8.36733E-05    7.68100E-03   -2.04819E-03
     2.45625E+00    4.56338E-02    2.38119E-03    4.71133E-01    3.27549E-04   -2.14885E-03    5.00148E-02    3.53619E-04   -1.64779E-04    4.03053E-05   -9.43969E-04    2.07211E-03   -7.29758E-05    7.66896E-03   -1.80330E-03
     2.46250E+00    4.55982E-02    2.03717E-03    4.71134E-01    2.79514E-04   -1.83708E-03    4.97520E-02    3.52665E-04   -1.40742E-04    3.44292E-05   -9.36495E-04    2.07169E-03   -6.23533E-05    7.65846E-03   -1.55548E-03
     2.46875E+00    4.55682E-02    1.69513E-03    4.71136E-01    2.31929E-04   -1.52695E-03    4.94927E-02    3.51860E-04   -1.16891E-04    2.85981E-05   -9.29564E-04    2.07133E-03   -5.18022E-05    7.64952E-03   -1.30460E-03
     2.47500E+00    4.55437E-02    1.35501E-03    4.71137E-01    1.84774E-04   -1.21842E-03    4.92368E-02    3.51203E-04   -9.32126E-05    2.28086E-05   -9.23172E-04    2.07104E-03   -4.13191E-05    7.64216E-03   -1.05055E-03
     2.48125E+00    4.55246E-02    1.01676E-03    4.71138E-01    1.38025E-04   -9.11483E-04    4.89841E-02    3.50694E-04   -6.96964E-05    1.70574E-05   -9.17316E-04    2.07082E-03   -3.09006E-05    7.63640E-03   -7.93202E-04
     2.48750E+00    4.55109E-02    6.80326E-04    4.71139E-01    9.16608E-05   -6.06114E-04    4.87348E-02    3.50332E-04   -4.63300E-05    1.13411E-05   -9.11993E-04    2.07065E-03   -2.05435E-05    7.63225E-03   -5.32415E-04
     2.49375E+00    4.55027E-02    3.45655E-04    4.71140E-01    4.56598E-05   -3.02293E-04    4.84888E-02    3.50115E-04   -2.31017E-05    5.65638E-06   -9.07201E-04    2.07056E-03   -1.02444E-05    7.62975E-03   -2.68060E-04
     2.50000E+00    4.54998E-02    1.26975E-05    4.71140E-01    0.00000E+00    0.00000E+00    4.82460E-02    3.50043E-04    0.00000E+00    4.12558E-25   -9.02936E-04    2.07053E-03    0.00000E+00    7.62891E-03    0.00000E+00
