     1.00000E-05    3.81954E+00   -3.54896E-05   -6.47248E-01    1.84908E-19   -1.95693E-05   -1.95693E+00    4.31200E-01    3.98708E-20    8.00115E-06    8.00115E-01    3.86934E-01    8.57039E-19    9.63980E-11    1.92796E-05
     9.75998E-03    3.81852E+00    4.52008E-02   -6.46865E-01    7.84133E-02   -1.90936E-02   -1.95509E+00    4.31086E-01   -2.32936E-02    7.80596E-03    7.99148E-01    3.86775E-01   -3.25597E-02    9.17888E-05    1.88022E-02
     1.95099E-02    3.81547E+00    9.02746E-02   -6.45720E-01    1.56520E-01   -3.81318E-02   -1.94957E+00    4.30746E-01   -4.65201E-02    1.55851E-02    7.96255E-01    3.86299E-01   -6.49847E-02    3.66363E-04    3.74999E-02
     2.92599E-02    3.81039E+00    1.35188E-01   -6.43815E-01    2.34176E-01   -5.70984E-02   -1.94041E+00    4.30179E-01   -6.96603E-02    2.33267E-02    7.91452E-01    3.85508E-01   -9.72075E-02    8.22483E-04    5.60286E-02
     3.90099E-02    3.80330E+00    1.79860E-01   -6.41155E-01    3.11160E-01   -7.59580E-02   -1.92765E+00    4.29388E-01   -9.26715E-02    3.10122E-02    7.84761E-01    3.84405E-01   -1.29129E-01    1.45809E-03    7.43051E-02
     4.87599E-02    3.79421E+00    2.24213E-01   -6.37750E-01    3.87254E-01   -9.46759E-02   -1.91134E+00    4.28373E-01   -1.15511E-01    3.86235E-02    7.76217E-01    3.82992E-01   -1.60651E-01    2.27034E-03    9.22484E-02
     5.85099E-02    3.78314E+00    2.68169E-01   -6.33608E-01    4.62246E-01   -1.13218E-01   -1.89155E+00    4.27136E-01   -1.38138E-01    4.61425E-02    7.65863E-01    3.81274E-01   -1.91680E-01    3.25559E-03    1.09780E-01
     6.82598E-02    3.77011E+00    3.11653E-01   -6.28740E-01    5.35931E-01   -1.31550E-01   -1.86838E+00    4.25680E-01   -1.60511E-01    5.35520E-02    7.53750E-01    3.79256E-01   -2.22122E-01    4.40945E-03    1.26824E-01
     7.80098E-02    3.75515E+00    3.54590E-01   -6.23162E-01    6.08111E-01   -1.49640E-01   -1.84193E+00    4.24007E-01   -1.82589E-01    6.08351E-02    7.39936E-01    3.76944E-01   -2.51891E-01    5.72682E-03    1.43309E-01
     8.77598E-02    3.73829E+00    3.96907E-01   -6.16888E-01    6.78599E-01   -1.67457E-01   -1.81231E+00    4.22121E-01   -2.04334E-01    6.79755E-02    7.24491E-01    3.74346E-01   -2.80900E-01    7.20191E-03    1.59165E-01
     9.75097E-02    3.71958E+00    4.38535E-01   -6.09935E-01    7.47216E-01   -1.84971E-01   -1.77965E+00    4.20024E-01   -2.25708E-01    7.49576E-02    7.07488E-01    3.71470E-01   -3.09072E-01    8.82828E-03    1.74331E-01
     1.07260E-01    3.69904E+00    4.79406E-01   -6.02324E-01    8.13794E-01   -2.02151E-01   -1.74410E+00    4.17721E-01   -2.46674E-01    8.17666E-02    6.89009E-01    3.68322E-01   -3.36332E-01    1.05989E-02    1.88747E-01
     1.17010E-01    3.67672E+00    5.19456E-01   -5.94073E-01    8.78179E-01   -2.18971E-01   -1.70580E+00    4.15215E-01   -2.67197E-01    8.83887E-02    6.69142E-01    3.64914E-01   -3.62609E-01    1.25062E-02    2.02359E-01
     1.26760E-01    3.65267E+00    5.58622E-01   -5.85207E-01    9.40226E-01   -2.35406E-01   -1.66492E+00    4.12512E-01   -2.87242E-01    9.48107E-02    6.47978E-01    3.61255E-01   -3.87841E-01    1.45421E-02    2.15120E-01
     1.36510E-01    3.62693E+00    5.96847E-01   -5.75747E-01    9.99808E-01   -2.51429E-01   -1.62161E+00    4.09616E-01   -3.06778E-01    1.01020E-01    6.25614E-01    3.57355E-01   -4.11970E-01    1.66981E-02    2.26987E-01
     1.46260E-01    3.59956E+00    6.34075E-01   -5.65719E-01    1.05681E+00   -2.67020E-01   -1.57607E+00    4.06532E-01   -3.25774E-01    1.07007E-01    6.02153E-01    3.53225E-01   -4.34945E-01    1.89653E-02    2.37924E-01
     1.56010E-01    3.57062E+00    6.70253E-01   -5.55148E-01    1.11112E+00   -2.82156E-01   -1.52846E+00    4.03265E-01   -3.44202E-01    1.12759E-01    5.77698E-01    3.48878E-01   -4.56721E-01    2.13345E-02    2.47899E-01
     1.65760E-01    3.54015E+00    7.05335E-01   -5.44061E-01    1.16266E+00   -2.96819E-01   -1.47898E+00    3.99822E-01   -3.62033E-01    1.18269E-01    5.52355E-01    3.44323E-01   -4.77259E-01    2.37961E-02    2.56890E-01
     1.75510E-01    3.50822E+00    7.39275E-01   -5.32486E-01    1.21135E+00   -3.10990E-01   -1.42781E+00    3.96207E-01   -3.79244E-01    1.23527E-01    5.26232E-01    3.39575E-01   -4.96526E-01    2.63405E-02    2.64876E-01
     1.85260E-01    3.47489E+00    7.72033E-01   -5.20449E-01    1.25713E+00   -3.24656E-01   -1.37514E+00    3.92428E-01   -3.95812E-01    1.28528E-01    4.99438E-01    3.34645E-01   -5.14498E-01    2.89579E-02    2.71847E-01
     1.95010E-01    3.44022E+00    8.03571E-01   -5.07981E-01    1.29996E+00   -3.37801E-01   -1.32116E+00    3.88491E-01   -4.11714E-01    1.33265E-01    4.72082E-01    3.29547E-01   -5.31155E-01    3.16382E-02    2.77796E-01
     2.04759E-01    3.40427E+00    8.33856E-01   -4.95110E-01    1.33980E+00   -3.50415E-01   -1.26607E+00    3.84402E-01   -4.26933E-01    1.37732E-01    4.44273E-01    3.24292E-01   -5.46483E-01    3.43716E-02    2.82721E-01
     2.14509E-01    3.36712E+00    8.62861E-01   -4.81865E-01    1.37663E+00   -3.62487E-01   -1.21006E+00    3.80168E-01   -4.41451E-01    1.41927E-01    4.16116E-01    3.18895E-01   -5.60477E-01    3.71479E-02    2.86629E-01
     2.24259E-01    3.32883E+00    8.90558E-01   -4.68276E-01    1.41046E+00   -3.74008E-01   -1.15330E+00    3.75796E-01   -4.55253E-01    1.45846E-01    3.87719E-01    3.13367E-01   -5.73136E-01    3.99575E-02    2.89528E-01
     2.34009E-01    3.28947E+00    9.16928E-01   -4.54371E-01    1.44128E+00   -3.84974E-01   -1.09599E+00    3.71293E-01   -4.68328E-01    1.49487E-01    3.59183E-01    3.07723E-01   -5.84463E-01    4.27905E-02    2.91435E-01
     2.43759E-01    3.24909E+00    9.41953E-01   -4.40180E-01    1.46911E+00   -3.95379E-01   -1.03830E+00    3.66666E-01   -4.80664E-01    1.52850E-01    3.30608E-01    3.01975E-01   -5.94470E-01    4.56373E-02    2.92368E-01
     2.53509E-01    3.20778E+00    9.65620E-01   -4.25733E-01    1.49398E+00   -4.05220E-01   -9.80407E-01    3.61923E-01   -4.92254E-01    1.55934E-01    3.02091E-01    2.96135E-01   -6.03172E-01    4.84885E-02    2.92354E-01
     2.63259E-01    3.16561E+00    9.87919E-01   -4.11057E-01    1.51594E+00   -4.14497E-01   -9.22476E-01    3.57070E-01   -5.03090E-01    1.58741E-01    2.73724E-01    2.90217E-01   -6.10589E-01    5.13352E-02    2.91419E-01
     2.73009E-01    3.12263E+00    1.00884E+00   -3.96182E-01    1.53503E+00   -4.23209E-01   -8.64667E-01    3.52115E-01   -5.13169E-01    1.61272E-01    2.45595E-01    2.84233E-01   -6.16747E-01    5.41683E-02    2.89597E-01
     2.82759E-01    3.07892E+00    1.02839E+00   -3.81133E-01    1.55132E+00   -4.31359E-01   -8.07134E-01    3.47066E-01   -5.22489E-01    1.63531E-01    2.17788E-01    2.78194E-01   -6.21675E-01    5.69795E-02    2.86923E-01
     2.92509E-01    3.03454E+00    1.04657E+00   -3.65940E-01    1.56487E+00   -4.38949E-01   -7.50022E-01    3.41929E-01   -5.31050E-01    1.65520E-01    1.90381E-01    2.72114E-01   -6.25404E-01    5.97606E-02    2.83435E-01
     3.02259E-01    2.98957E+00    1.06337E+00   -3.50627E-01    1.57575E+00   -4.45986E-01   -6.93468E-01    3.36713E-01   -5.38853E-01    1.67245E-01    1.63447E-01    2.66003E-01   -6.27973E-01    6.25039E-02    2.79173E-01
     3.12009E-01    2.94407E+00    1.07881E+00   -3.35221E-01    1.58405E+00   -4.52474E-01   -6.37601E-01    3.31424E-01   -5.45903E-01    1.68709E-01    1.37055E-01    2.59872E-01   -6.29420E-01    6.52021E-02    2.74183E-01
     3.21759E-01    2.89809E+00    1.09290E+00   -3.19747E-01    1.58985E+00   -4.58422E-01   -5.82540E-01    3.26070E-01   -5.52204E-01    1.69919E-01    1.11268E-01    2.53733E-01   -6.29787E-01    6.78483E-02    2.68507E-01
     3.31509E-01    2.85172E+00    1.10565E+00   -3.04227E-01    1.59325E+00   -4.63837E-01   -5.28395E-01    3.20658E-01   -5.57765E-01    1.70881E-01    8.61412E-02    2.47595E-01   -6.29118E-01    7.04359E-02    2.62192E-01
     3.41259E-01    2.80501E+00    1.11708E+00   -2.88686E-01    1.59434E+00   -4.68729E-01   -4.75269E-01    3.15196E-01   -5.62594E-01    1.71601E-01    6.17275E-02    2.41468E-01   -6.27461E-01    7.29590E-02    2.55286E-01
     3.51009E-01    2.75802E+00    1.12721E+00   -2.73145E-01    1.59323E+00   -4.73108E-01   -4.23253E-01    3.09690E-01   -5.66702E-01    1.72087E-01    3.80724E-02    2.35362E-01   -6.24862E-01    7.54122E-02    2.47836E-01
     3.60759E-01    2.71081E+00    1.13606E+00   -2.57625E-01    1.59002E+00   -4.76986E-01   -3.72432E-01    3.04148E-01   -5.70101E-01    1.72347E-01    1.52163E-02    2.29286E-01   -6.21371E-01    7.77902E-02    2.39891E-01
     3.70509E-01    2.66344E+00    1.14366E+00   -2.42146E-01    1.58480E+00   -4.80375E-01   -3.22880E-01    2.98575E-01   -5.72804E-01    1.72387E-01   -6.80592E-03    2.23248E-01   -6.17038E-01    8.00886E-02    2.31498E-01
     3.80259E-01    2.61596E+00    1.15002E+00   -2.26727E-01    1.57769E+00   -4.83286E-01   -2.74662E-01    2.92980E-01   -5.74828E-01    1.72217E-01   -2.79645E-02    2.17257E-01   -6.11913E-01    8.23031E-02    2.22707E-01
     3.90009E-01    2.56843E+00    1.15519E+00   -2.11387E-01    1.56880E+00   -4.85735E-01   -2.27836E-01    2.87368E-01   -5.76187E-01    1.71844E-01   -4.82350E-02    2.11318E-01   -6.06048E-01    8.44302E-02    2.13564E-01
     3.99759E-01    2.52091E+00    1.15919E+00   -1.96141E-01    1.55823E+00   -4.87734E-01   -1.82452E-01    2.81747E-01   -5.76900E-01    1.71279E-01   -6.75981E-02    2.05441E-01   -5.99493E-01    8.64666E-02    2.04115E-01
     4.09509E-01    2.47344E+00    1.16205E+00   -1.81006E-01    1.54608E+00   -4.89298E-01   -1.38550E-01    2.76121E-01   -5.76984E-01    1.70529E-01   -8.60389E-02    1.99630E-01   -5.92298E-01    8.84096E-02    1.94407E-01
     4.19259E-01    2.42607E+00    1.16380E+00   -1.65997E-01    1.53247E+00   -4.90441E-01   -9.61631E-02    2.70497E-01   -5.76459E-01    1.69604E-01   -1.03547E-01    1.93893E-01   -5.84515E-01    9.02568E-02    1.84484E-01
     4.29009E-01    2.37884E+00    1.16448E+00   -1.51128E-01    1.51749E+00   -4.91178E-01   -5.53183E-02    2.64882E-01   -5.75346E-01    1.68513E-01   -1.20118E-01    1.88234E-01   -5.76191E-01    9.20065E-02    1.74389E-01
     4.38759E-01    2.33181E+00    1.16413E+00   -1.36410E-01    1.50126E+00   -4.91524E-01   -1.60347E-02    2.59280E-01   -5.73664E-01    1.67265E-01   -1.35749E-01    1.82659E-01   -5.67377E-01    9.36570E-02    1.64162E-01
     4.48509E-01    2.28501E+00    1.16278E+00   -1.21857E-01    1.48386E+00   -4.91496E-01    2.16750E-02    2.53697E-01   -5.71436E-01    1.65869E-01   -1.50442E-01    1.77172E-01   -5.58118E-01    9.52073E-02    1.53844E-01
     4.58259E-01    2.23849E+00    1.16047E+00   -1.07479E-01    1.46540E+00   -4.91107E-01    5.78043E-02    2.48139E-01   -5.68684E-01    1.64334E-01   -1.64204E-01    1.71777E-01   -5.48461E-01    9.66568E-02    1.43473E-01
     4.68009E-01    2.19228E+00    1.15723E+00   -9.32851E-02    1.44597E+00   -4.90374E-01    9.23522E-02    2.42610E-01   -5.65430E-01    1.62670E-01   -1.77043E-01    1.66478E-01   -5.38451E-01    9.80050E-02    1.33084E-01
     4.77759E-01    2.14642E+00    1.15311E+00   -7.92853E-02    1.42566E+00   -4.89311E-01    1.25323E-01    2.37114E-01   -5.61698E-01    1.60885E-01   -1.88971E-01    1.61278E-01   -5.28132E-01    9.92519E-02    1.22711E-01
     4.87509E-01    2.10093E+00    1.14814E+00   -6.54873E-02    1.40457E+00   -4.87935E-01    1.56726E-01    2.31658E-01   -5.57510E-01    1.58988E-01   -2.00003E-01    1.56180E-01   -5.17543E-01    1.00398E-01    1.12386E-01
     4.97259E-01    2.05587E+00    1.14236E+00   -5.18985E-02    1.38277E+00   -4.86260E-01    1.86575E-01    2.26244E-01   -5.52890E-01    1.56988E-01   -2.10158E-01    1.51187E-01   -5.06726E-01    1.01444E-01    1.02140E-01
     5.07009E-01    2.01124E+00    1.13582E+00   -3.85253E-02    1.36036E+00   -4.84302E-01    2.14888E-01    2.20878E-01   -5.47861E-01    1.54893E-01   -2.19453E-01    1.46300E-01   -4.95719E-01    1.02390E-01    9.19983E-02
     5.16759E-01    1.96708E+00    1.12854E+00   -2.53734E-02    1.33740E+00   -4.82075E-01    2.41686E-01    2.15562E-01   -5.42447E-01    1.52711E-01   -2.27911E-01    1.41521E-01   -4.84557E-01    1.03238E-01    8.19882E-02
     5.26509E-01    1.92342E+00    1.12057E+00   -1.24477E-02    1.31397E+00   -4.79594E-01    2.66994E-01    2.10301E-01   -5.36671E-01    1.50451E-01   -2.35556E-01    1.36851E-01   -4.73275E-01    1.03989E-01    7.21329E-02
     5.36259E-01    1.88028E+00    1.11196E+00    2.47617E-04    1.29014E+00   -4.76873E-01    2.90840E-01    2.05098E-01   -5.30557E-01    1.48120E-01   -2.42412E-01    1.32292E-01   -4.61906E-01    1.04645E-01    6.24537E-02
     5.46009E-01    1.83768E+00    1.10272E+00    1.27090E-02    1.26599E+00   -4.73927E-01    3.13254E-01    1.99957E-01   -5.24128E-01    1.45727E-01   -2.48505E-01    1.27844E-01   -4.50480E-01    1.05208E-01    5.29702E-02
     5.55759E-01    1.79564E+00    1.09291E+00    2.49335E-02    1.24157E+00   -4.70769E-01    3.34269E-01    1.94879E-01   -5.17406E-01    1.43277E-01   -2.53863E-01    1.23508E-01   -4.39027E-01    1.05679E-01    4.36998E-02
     5.65509E-01    1.75418E+00    1.08255E+00    3.69189E-02    1.21695E+00   -4.67413E-01    3.53919E-01    1.89868E-01   -5.10415E-01    1.40779E-01   -2.58514E-01    1.19283E-01   -4.27573E-01    1.06061E-01    3.46581E-02
     5.75259E-01    1.71331E+00    1.07170E+00    4.86635E-02    1.19218E+00   -4.63872E-01    3.72242E-01    1.84927E-01   -5.03175E-01    1.38238E-01   -2.62485E-01    1.15170E-01   -4.16143E-01    1.06356E-01    2.58588E-02
     5.85008E-01    1.67305E+00    1.06037E+00    6.01661E-02    1.16731E+00   -4.60159E-01    3.89274E-01    1.80057E-01   -4.95709E-01    1.35662E-01   -2.65808E-01    1.11168E-01   -4.04761E-01    1.06566E-01    1.73138E-02
     5.94758E-01    1.63341E+00    1.04861E+00    7.14259E-02    1.14240E+00   -4.56285E-01    4.05054E-01    1.75261E-01   -4.88039E-01    1.33057E-01   -2.68510E-01    1.07277E-01   -3.93449E-01    1.06694E-01    9.03342E-03
     6.04508E-01    1.59440E+00    1.03645E+00    8.24428E-02    1.11749E+00   -4.52264E-01    4.19622E-01    1.70541E-01   -4.80184E-01    1.30428E-01   -2.70622E-01    1.03496E-01   -3.82225E-01    1.06743E-01    1.02616E-03
     6.14258E-01    1.55604E+00    1.02392E+00    9.32171E-02    1.09263E+00   -4.48106E-01    4.33019E-01    1.65898E-01   -4.72165E-01    1.27782E-01   -2.72174E-01    9.98235E-02   -3.71109E-01    1.06715E-01   -6.70092E-03
     6.24008E-01    1.51833E+00    1.01106E+00    1.03749E-01    1.06785E+00   -4.43824E-01    4.45286E-01    1.61334E-01   -4.64001E-01    1.25123E-01   -2.73195E-01    9.62589E-02   -3.60117E-01    1.06613E-01   -1.41423E-02
     6.33758E-01    1.48127E+00    9.97900E-01    1.14040E-01    1.04319E+00   -4.39427E-01    4.56463E-01    1.56850E-01   -4.55712E-01    1.22456E-01   -2.73714E-01    9.28008E-02   -3.49264E-01    1.06440E-01   -2.12937E-02
     6.43508E-01    1.44488E+00    9.84462E-01    1.24092E-01    1.01869E+00   -4.34926E-01    4.66592E-01    1.52448E-01   -4.47315E-01    1.19787E-01   -2.73760E-01    8.94478E-02   -3.38563E-01    1.06199E-01   -2.81523E-02
     6.53258E-01    1.40915E+00    9.70781E-01    1.33906E-01    9.94382E-01   -4.30332E-01    4.75714E-01    1.48128E-01   -4.38829E-01    1.17119E-01   -2.73362E-01    8.61983E-02   -3.28028E-01    1.05892E-01   -3.47163E-02
     6.63008E-01    1.37410E+00    9.56885E-01    1.43483E-01    9.70290E-01   -4.25653E-01    4.83871E-01    1.43891E-01   -4.30269E-01    1.14458E-01   -2.72548E-01    8.30507E-02   -3.17668E-01    1.05523E-01   -4.09854E-02
     6.72758E-01    1.33972E+00    9.42800E-01    1.52827E-01    9.46443E-01   -4.20899E-01    4.91102E-01    1.39738E-01   -4.21654E-01    1.11806E-01   -2.71345E-01    8.00032E-02   -3.07492E-01    1.05094E-01   -4.69598E-02
     6.82508E-01    1.30600E+00    9.28552E-01    1.61940E-01    9.22864E-01   -4.16079E-01    4.97450E-01    1.35669E-01   -4.12996E-01    1.09168E-01   -2.69780E-01    7.70540E-02   -2.97510E-01    1.04608E-01   -5.26412E-02
     6.92258E-01    1.27297E+00    9.14168E-01    1.70824E-01    8.99576E-01   -4.11202E-01    5.02953E-01    1.31685E-01   -4.04313E-01    1.06546E-01   -2.67878E-01    7.42011E-02   -2.87729E-01    1.04068E-01   -5.80317E-02
     7.02008E-01    1.24060E+00    8.99670E-01    1.79482E-01    8.76599E-01   -4.06274E-01    5.07651E-01    1.27785E-01   -3.95617E-01    1.03945E-01   -2.65666E-01    7.14426E-02   -2.78154E-01    1.03477E-01   -6.31346E-02
     7.11758E-01    1.20890E+00    8.85082E-01    1.87918E-01    8.53949E-01   -4.01305E-01    5.11583E-01    1.23970E-01   -3.86923E-01    1.01367E-01   -2.63167E-01    6.87765E-02   -2.68791E-01    1.02838E-01   -6.79536E-02
     7.21508E-01    1.17787E+00    8.70425E-01    1.96135E-01    8.31643E-01   -3.96301E-01    5.14786E-01    1.20240E-01   -3.78243E-01    9.88140E-02   -2.60405E-01    6.62005E-02   -2.59643E-01    1.02153E-01   -7.24932E-02
     7.31258E-01    1.14750E+00    8.55720E-01    2.04137E-01    8.09695E-01   -3.91269E-01    5.17297E-01    1.16594E-01   -3.69588E-01    9.62896E-02   -2.57402E-01    6.37127E-02   -2.50714E-01    1.01425E-01   -7.67586E-02
     7.41008E-01    1.11779E+00    8.40988E-01    2.11926E-01    7.88116E-01   -3.86216E-01    5.19153E-01    1.13033E-01   -3.60970E-01    9.37954E-02   -2.54181E-01    6.13109E-02   -2.42005E-01    1.00657E-01   -8.07552E-02
     7.50758E-01    1.08873E+00    8.26246E-01    2.19506E-01    7.66917E-01   -3.81148E-01    5.20389E-01    1.09555E-01   -3.52400E-01    9.13337E-02   -2.50762E-01    5.89929E-02   -2.33520E-01    9.98515E-02   -8.44893E-02
     7.60508E-01    1.06032E+00    8.11512E-01    2.26882E-01    7.46107E-01   -3.76070E-01    5.21039E-01    1.06161E-01   -3.43888E-01    8.89062E-02   -2.47164E-01    5.67565E-02   -2.25258E-01    9.90106E-02   -8.79670E-02
     7.70258E-01    1.03254E+00    7.96804E-01    2.34056E-01    7.25693E-01   -3.70989E-01    5.21136E-01    1.02849E-01   -3.35443E-01    8.65145E-02   -2.43407E-01    5.45997E-02   -2.17220E-01    9.81370E-02   -9.11953E-02
     7.80008E-01    1.00541E+00    7.82136E-01    2.41034E-01    7.05681E-01   -3.65910E-01    5.20714E-01    9.96196E-02   -3.27073E-01    8.41602E-02   -2.39509E-01    5.25200E-02   -2.09405E-01    9.72331E-02   -9.41812E-02
     7.89758E-01    9.78898E-01    7.67524E-01    2.47818E-01    6.86076E-01   -3.60837E-01    5.19802E-01    9.64711E-02   -3.18786E-01    8.18445E-02   -2.35488E-01    5.05155E-02   -2.01813E-01    9.63012E-02   -9.69319E-02
     7.99508E-01    9.53007E-01    7.52982E-01    2.54414E-01    6.66882E-01   -3.55775E-01    5.18433E-01    9.34030E-02   -3.10591E-01    7.95685E-02   -2.31358E-01    4.85840E-02   -1.94442E-01    9.53436E-02   -9.94549E-02
     8.09258E-01    9.27727E-01    7.38522E-01    2.60824E-01    6.48101E-01   -3.50729E-01    5.16634E-01    9.04143E-02   -3.02492E-01    7.73333E-02   -2.27137E-01    4.67232E-02   -1.87290E-01    9.43626E-02   -1.01758E-01
     8.19008E-01    9.03049E-01    7.24157E-01    2.67053E-01    6.29735E-01   -3.45702E-01    5.14434E-01    8.75041E-02   -2.94498E-01    7.51396E-02   -2.22837E-01    4.49311E-02   -1.80354E-01    9.33601E-02   -1.03848E-01
     8.28758E-01    8.78965E-01    7.09898E-01    2.73105E-01    6.11784E-01   -3.40699E-01    5.11860E-01    8.46713E-02   -2.86613E-01    7.29882E-02   -2.18473E-01    4.32056E-02   -1.73633E-01    9.23382E-02   -1.05734E-01
     8.38508E-01    8.55465E-01    6.95755E-01    2.78984E-01    5.94247E-01   -3.35722E-01    5.08939E-01    8.19148E-02   -2.78842E-01    7.08796E-02   -2.14058E-01    4.15446E-02   -1.67123E-01    9.12989E-02   -1.07423E-01
     8.48258E-01    8.32541E-01    6.81738E-01    2.84694E-01    5.77124E-01   -3.30775E-01    5.05695E-01    7.92335E-02   -2.71190E-01    6.88142E-02   -2.09604E-01    3.99461E-02   -1.60822E-01    9.02441E-02   -1.08923E-01
     8.58008E-01    8.10182E-01    6.67856E-01    2.90239E-01    5.60413E-01   -3.25862E-01    5.02152E-01    7.66262E-02   -2.63661E-01    6.67924E-02   -2.05122E-01    3.84079E-02   -1.54724E-01    8.91755E-02   -1.10242E-01
     8.67758E-01    7.88379E-01    6.54118E-01    2.95624E-01    5.44110E-01   -3.20984E-01    4.98334E-01    7.40917E-02   -2.56259E-01    6.48144E-02   -2.00622E-01    3.69283E-02   -1.48828E-01    8.80949E-02   -1.11387E-01
     8.77508E-01    7.67122E-01    6.40530E-01    3.00851E-01    5.28213E-01   -3.16145E-01    4.94262E-01    7.16287E-02   -2.48987E-01    6.28803E-02   -1.96114E-01    3.55052E-02   -1.43128E-01    8.70040E-02   -1.12366E-01
     8.87258E-01    7.46402E-01    6.27100E-01    3.05925E-01    5.12718E-01   -3.11347E-01    4.89958E-01    6.92360E-02   -2.41847E-01    6.09902E-02   -1.91607E-01    3.41367E-02   -1.37621E-01    8.59043E-02   -1.13186E-01
     8.97008E-01    7.26207E-01    6.13833E-01    3.10850E-01    4.97621E-01   -3.06592E-01    4.85441E-01    6.69123E-02   -2.34842E-01    5.91440E-02   -1.87110E-01    3.28210E-02   -1.32302E-01    8.47974E-02   -1.13856E-01
     9.06758E-01    7.06528E-01    6.00736E-01    3.15630E-01    4.82916E-01   -3.01882E-01    4.80731E-01    6.46562E-02   -2.27974E-01    5.73415E-02   -1.82631E-01    3.15562E-02   -1.27168E-01    8.36846E-02   -1.14382E-01
     9.16508E-01    6.87355E-01    5.87813E-01    3.20268E-01    4.68599E-01   -2.97218E-01    4.75845E-01    6.24663E-02   -2.21244E-01    5.55826E-02   -1.78175E-01    3.03406E-02   -1.22213E-01    8.25674E-02   -1.14772E-01
     9.26258E-01    6.68678E-01    5.75069E-01    3.24769E-01    4.54664E-01   -2.92603E-01    4.70802E-01    6.03415E-02   -2.14653E-01    5.38670E-02   -1.73751E-01    2.91725E-02   -1.17434E-01    8.14470E-02   -1.15032E-01
     9.36008E-01    6.50486E-01    5.62507E-01    3.29135E-01    4.41106E-01   -2.88038E-01    4.65617E-01    5.82802E-02   -2.08203E-01    5.21943E-02   -1.69364E-01    2.80501E-02   -1.12825E-01    8.03247E-02   -1.15169E-01
     9.45758E-01    6.32768E-01    5.50131E-01    3.33371E-01    4.27917E-01   -2.83524E-01    4.60306E-01    5.62811E-02   -2.01894E-01    5.05643E-02   -1.65019E-01    2.69718E-02   -1.08383E-01    7.92016E-02   -1.15190E-01
     9.55508E-01    6.15516E-01    5.37944E-01    3.37481E-01    4.15091E-01   -2.79062E-01    4.54884E-01    5.43428E-02   -1.95726E-01    4.89763E-02   -1.60721E-01    2.59361E-02   -1.04103E-01    7.80788E-02   -1.15102E-01
     9.65258E-01    5.98719E-01    5.25949E-01    3.41467E-01    4.02623E-01   -2.74654E-01    4.49364E-01    5.24640E-02   -1.89699E-01    4.74300E-02   -1.56476E-01    2.49413E-02   -9.99793E-02    7.69574E-02   -1.14910E-01
     9.75008E-01    5.82366E-01    5.14147E-01    3.45333E-01    3.90505E-01   -2.70300E-01    4.43760E-01    5.06432E-02   -1.83814E-01    4.59249E-02   -1.52286E-01    2.39860E-02   -9.60085E-02    7.58384E-02   -1.14622E-01
     9.84757E-01    5.66448E-01    5.02540E-01    3.49083E-01    3.78729E-01   -2.66001E-01    4.38083E-01    4.88791E-02   -1.78069E-01    4.44603E-02   -1.48155E-01    2.30687E-02   -9.21857E-02    7.47226E-02   -1.14241E-01
     9.94507E-01    5.50954E-01    4.91130E-01    3.52719E-01    3.67290E-01   -2.61758E-01    4.32347E-01    4.71704E-02   -1.72464E-01    4.30356E-02   -1.44087E-01    2.21879E-02   -8.85064E-02    7.36110E-02   -1.13776E-01
     1.00426E+00    5.35875E-01    4.79917E-01    3.56246E-01    3.56180E-01   -2.57570E-01    4.26561E-01    4.55157E-02   -1.66997E-01    4.16504E-02   -1.40084E-01    2.13424E-02   -8.49663E-02    7.25042E-02   -1.13230E-01
     1.01401E+00    5.21202E-01    4.68902E-01    3.59666E-01    3.45392E-01   -2.53440E-01    4.20736E-01    4.39135E-02   -1.61669E-01    4.03038E-02   -1.36149E-01    2.05307E-02   -8.15609E-02    7.14032E-02   -1.12609E-01
     1.02376E+00    5.06924E-01    4.58085E-01    3.62982E-01    3.34917E-01   -2.49366E-01    4.14881E-01    4.23627E-02   -1.56478E-01    3.89953E-02   -1.32284E-01    1.97515E-02   -7.82859E-02    7.03086E-02   -1.11919E-01
     1.03351E+00    4.93032E-01    4.47466E-01    3.66198E-01    3.24750E-01   -2.45350E-01    4.09006E-01    4.08618E-02   -1.51421E-01    3.77240E-02   -1.28490E-01    1.90037E-02   -7.51371E-02    6.92210E-02   -1.11164E-01
     1.04326E+00    4.79517E-01    4.37045E-01    3.69316E-01    3.14883E-01   -2.41391E-01    4.03119E-01    3.94095E-02   -1.46499E-01    3.64895E-02   -1.24769E-01    1.82859E-02   -7.21103E-02    6.81411E-02   -1.10348E-01
     1.05301E+00    4.66369E-01    4.26822E-01    3.72339E-01    3.05308E-01   -2.37489E-01    3.97228E-01    3.80046E-02   -1.41709E-01    3.52908E-02   -1.21123E-01    1.75971E-02   -6.92013E-02    6.70694E-02   -1.09477E-01
     1.06276E+00    4.53579E-01    4.16795E-01    3.75270E-01    2.96019E-01   -2.33645E-01    3.91339E-01    3.66458E-02   -1.37049E-01    3.41273E-02   -1.17552E-01    1.69362E-02   -6.64061E-02    6.60065E-02   -1.08555E-01
     1.07251E+00    4.41139E-01    4.06964E-01    3.78112E-01    2.87007E-01   -2.29858E-01    3.85461E-01    3.53318E-02   -1.32517E-01    3.29983E-02   -1.14057E-01    1.63019E-02   -6.37209E-02    6.49528E-02   -1.07586E-01
     1.08226E+00    4.29040E-01    3.97327E-01    3.80868E-01    2.78266E-01   -2.26128E-01    3.79598E-01    3.40613E-02   -1.28112E-01    3.19030E-02   -1.10638E-01    1.56933E-02   -6.11417E-02    6.39087E-02   -1.06573E-01
     1.09201E+00    4.17272E-01    3.87883E-01    3.83539E-01    2.69789E-01   -2.22456E-01    3.73758E-01    3.28332E-02   -1.23832E-01    3.08406E-02   -1.07296E-01    1.51093E-02   -5.86649E-02    6.28747E-02   -1.05521E-01
     1.10176E+00    4.05828E-01    3.78631E-01    3.86129E-01    2.61569E-01   -2.18840E-01    3.67944E-01    3.16462E-02   -1.19674E-01    2.98105E-02   -1.04031E-01    1.45490E-02   -5.62867E-02    6.18512E-02   -1.04433E-01
     1.11151E+00    3.94699E-01    3.69569E-01    3.88641E-01    2.53599E-01   -2.15281E-01    3.62164E-01    3.04991E-02   -1.15636E-01    2.88118E-02   -1.00844E-01    1.40114E-02   -5.40035E-02    6.08384E-02   -1.03312E-01
     1.12126E+00    3.83877E-01    3.60695E-01    3.91075E-01    2.45871E-01   -2.11778E-01    3.56420E-01    2.93909E-02   -1.11716E-01    2.78438E-02   -9.77325E-02    1.34956E-02   -5.18120E-02    5.98367E-02   -1.02162E-01
     1.13101E+00    3.73354E-01    3.52007E-01    3.93436E-01    2.38380E-01   -2.08330E-01    3.50717E-01    2.83203E-02   -1.07911E-01    2.69057E-02   -9.46978E-02    1.30008E-02   -4.97088E-02    5.88463E-02   -1.00986E-01
     1.14076E+00    3.63122E-01    3.43503E-01    3.95724E-01    2.31119E-01   -2.04938E-01    3.45059E-01    2.72863E-02   -1.04220E-01    2.59969E-02   -9.17390E-02    1.25260E-02   -4.76905E-02    5.78675E-02   -9.97871E-02
     1.15051E+00    3.53173E-01    3.35181E-01    3.97943E-01    2.24080E-01   -2.01602E-01    3.39449E-01    2.62877E-02   -1.00640E-01    2.51166E-02   -8.88556E-02    1.20705E-02   -4.57540E-02    5.69006E-02   -9.85674E-02
     1.16026E+00    3.43500E-01    3.27038E-01    4.00095E-01    2.17259E-01   -1.98319E-01    3.33891E-01    2.53234E-02   -9.71689E-02    2.42640E-02   -8.60468E-02    1.16336E-02   -4.38962E-02    5.59455E-02   -9.73299E-02
     1.17001E+00    3.34096E-01    3.19073E-01    4.02181E-01    2.10648E-01   -1.95091E-01    3.28387E-01    2.43925E-02   -9.38037E-02    2.34384E-02   -8.33119E-02    1.12143E-02   -4.21141E-02    5.50027E-02   -9.60769E-02
     1.17976E+00    3.24952E-01    3.11282E-01    4.04203E-01    2.04241E-01   -1.91915E-01    3.22941E-01    2.34939E-02   -9.05424E-02    2.26392E-02   -8.06500E-02    1.08121E-02   -4.04047E-02    5.40721E-02   -9.48110E-02
     1.18951E+00    3.16063E-01    3.03664E-01    4.06164E-01    1.98033E-01   -1.88793E-01    3.17553E-01    2.26266E-02   -8.73825E-02    2.18655E-02   -7.80601E-02    1.04262E-02   -3.87654E-02    5.31539E-02   -9.35342E-02
     1.19926E+00    3.07422E-01    2.96215E-01    4.08065E-01    1.92017E-01   -1.85723E-01    3.12228E-01    2.17897E-02   -8.43217E-02    2.11168E-02   -7.55413E-02    1.00560E-02   -3.71934E-02    5.22482E-02   -9.22487E-02
     1.20901E+00    2.99021E-01    2.88934E-01    4.09909E-01    1.86188E-01   -1.82704E-01    3.06965E-01    2.09820E-02   -8.13576E-02    2.03923E-02   -7.30924E-02    9.70072E-03   -3.56860E-02    5.13551E-02   -9.09564E-02
     1.21876E+00    2.90854E-01    2.81817E-01    4.11697E-01    1.80540E-01   -1.79737E-01    3.01767E-01    2.02029E-02   -7.84877E-02    1.96913E-02   -7.07123E-02    9.35988E-03   -3.42407E-02    5.04746E-02   -8.96592E-02
     1.22851E+00    2.82915E-01    2.74862E-01    4.13430E-01    1.75068E-01   -1.76820E-01    2.96636E-01    1.94512E-02   -7.57098E-02    1.90132E-02   -6.83999E-02    9.03283E-03   -3.28551E-02    4.96067E-02   -8.83587E-02
     1.23826E+00    2.75197E-01    2.68066E-01    4.15111E-01    1.69767E-01   -1.73952E-01    2.91572E-01    1.87262E-02   -7.30214E-02    1.83573E-02   -6.61540E-02    8.71902E-03   -3.15268E-02    4.87516E-02   -8.70566E-02
     1.24801E+00    2.67694E-01    2.61426E-01    4.16741E-01    1.64630E-01   -1.71134E-01    2.86576E-01    1.80270E-02   -7.04203E-02    1.77229E-02   -6.39732E-02    8.41788E-03   -3.02535E-02    4.79091E-02   -8.57545E-02
     1.25776E+00    2.60401E-01    2.54940E-01    4.18322E-01    1.59654E-01   -1.68364E-01    2.81650E-01    1.73528E-02   -6.79041E-02    1.71096E-02   -6.18563E-02    8.12891E-03   -2.90330E-02    4.70794E-02   -8.44536E-02
     1.26751E+00    2.53311E-01    2.48605E-01    4.19855E-01    1.54833E-01   -1.65641E-01    2.76794E-01    1.67026E-02   -6.54706E-02    1.65165E-02   -5.98020E-02    7.85158E-03   -2.78632E-02    4.62623E-02   -8.31554E-02
     1.27726E+00    2.46420E-01    2.42418E-01    4.21341E-01    1.50162E-01   -1.62966E-01    2.72008E-01    1.60758E-02   -6.31175E-02    1.59432E-02   -5.78091E-02    7.58542E-03   -2.67420E-02    4.54578E-02   -8.18611E-02
     1.28701E+00    2.39720E-01    2.36377E-01    4.22783E-01    1.45637E-01   -1.60337E-01    2.67293E-01    1.54716E-02   -6.08425E-02    1.53891E-02   -5.58761E-02    7.32996E-03   -2.56675E-02    4.46660E-02   -8.05718E-02
     1.29676E+00    2.33208E-01    2.30477E-01    4.24182E-01    1.41253E-01   -1.57754E-01    2.62650E-01    1.48892E-02   -5.86435E-02    1.48535E-02   -5.40017E-02    7.08476E-03   -2.46378E-02    4.38867E-02   -7.92886E-02
     1.30651E+00    2.26877E-01    2.24718E-01    4.25538E-01    1.37006E-01   -1.55215E-01    2.58078E-01    1.43278E-02   -5.65184E-02    1.43359E-02   -5.21846E-02    6.84938E-03   -2.36510E-02    4.31198E-02   -7.80125E-02
     1.31626E+00    2.20723E-01    2.19096E-01    4.26854E-01    1.32892E-01   -1.52721E-01    2.53578E-01    1.37868E-02   -5.44650E-02    1.38357E-02   -5.04235E-02    6.62343E-03   -2.27054E-02    4.23654E-02   -7.67443E-02
     1.32601E+00    2.14741E-01    2.13608E-01    4.28130E-01    1.28906E-01   -1.50270E-01    2.49149E-01    1.32655E-02   -5.24812E-02    1.33524E-02   -4.87169E-02    6.40650E-03   -2.17993E-02    4.16233E-02   -7.54850E-02
     1.33576E+00    2.08926E-01    2.08252E-01    4.29368E-01    1.25044E-01   -1.47862E-01    2.44792E-01    1.27632E-02   -5.05650E-02    1.28855E-02   -4.70636E-02    6.19822E-03   -2.09311E-02    4.08934E-02   -7.42353E-02
     1.34551E+00    2.03273E-01    2.03025E-01    4.30569E-01    1.21302E-01   -1.45497E-01    2.40505E-01    1.22793E-02   -4.87143E-02    1.24345E-02   -4.54623E-02    5.99823E-03   -2.00991E-02    4.01757E-02   -7.29958E-02
     1.35526E+00    1.97778E-01    1.97925E-01    4.31734E-01    1.17678E-01   -1.43172E-01    2.36290E-01    1.18131E-02   -4.69273E-02    1.19989E-02   -4.39115E-02    5.80618E-03   -1.93019E-02    3.94700E-02   -7.17673E-02
     1.36501E+00    1.92436E-01    1.92948E-01    4.32864E-01    1.14166E-01   -1.40889E-01    2.32145E-01    1.13640E-02   -4.52020E-02    1.15781E-02   -4.24101E-02    5.62173E-03   -1.85381E-02    3.87762E-02   -7.05504E-02
     1.37476E+00    1.87242E-01    1.88092E-01    4.33960E-01    1.10763E-01   -1.38645E-01    2.28070E-01    1.09315E-02   -4.35365E-02    1.11717E-02   -4.09566E-02    5.44458E-03   -1.78063E-02    3.80942E-02   -6.93455E-02
     1.38451E+00    1.82194E-01    1.83354E-01    4.35024E-01    1.07466E-01   -1.36441E-01    2.24065E-01    1.05149E-02   -4.19289E-02    1.07793E-02   -3.95498E-02    5.27441E-03   -1.71051E-02    3.74239E-02   -6.81532E-02
     1.39426E+00    1.77286E-01    1.78733E-01    4.36056E-01    1.04272E-01   -1.34276E-01    2.20129E-01    1.01137E-02   -4.03775E-02    1.04003E-02   -3.81885E-02    5.11094E-03   -1.64332E-02    3.67652E-02   -6.69740E-02
     1.40401E+00    1.72514E-01    1.74224E-01    4.37058E-01    1.01176E-01   -1.32148E-01    2.16261E-01    9.72734E-03   -3.88805E-02    1.00345E-02   -3.68713E-02    4.95387E-03   -1.57894E-02    3.61179E-02   -6.58081E-02
     1.41376E+00    1.67876E-01    1.69827E-01    4.38029E-01    9.81772E-02   -1.30058E-01    2.12461E-01    9.35534E-03   -3.74363E-02    9.68122E-03   -3.55971E-02    4.80295E-03   -1.51726E-02    3.54819E-02   -6.46559E-02
     1.42351E+00    1.63366E-01    1.65538E-01    4.38972E-01    9.52710E-02   -1.28005E-01    2.08728E-01    8.99717E-03   -3.60430E-02    9.34019E-03   -3.43647E-02    4.65792E-03   -1.45816E-02    3.48570E-02   -6.35179E-02
     1.43326E+00    1.58981E-01    1.61355E-01    4.39887E-01    9.24548E-02   -1.25988E-01    2.05061E-01    8.65234E-03   -3.46991E-02    9.01098E-03   -3.31727E-02    4.51853E-03   -1.40153E-02    3.42432E-02   -6.23941E-02
     1.44301E+00    1.54719E-01    1.57276E-01    4.40776E-01    8.97256E-02   -1.24006E-01    2.01460E-01    8.32038E-03   -3.34030E-02    8.69320E-03   -3.20202E-02    4.38455E-03   -1.34726E-02    3.36403E-02   -6.12850E-02
     1.45276E+00    1.50574E-01    1.53298E-01    4.41637E-01    8.70809E-02   -1.22059E-01    1.97924E-01    8.00083E-03   -3.21531E-02    8.38646E-03   -3.09059E-02    4.25575E-03   -1.29527E-02    3.30481E-02   -6.01906E-02
     1.46251E+00    1.46544E-01    1.49419E-01    4.42474E-01    8.45177E-02   -1.20147E-01    1.94452E-01    7.69325E-03   -3.09479E-02    8.09041E-03   -2.98287E-02    4.13190E-03   -1.24544E-02    3.24665E-02   -5.91111E-02
     1.47226E+00    1.42626E-01    1.45637E-01    4.43286E-01    8.20336E-02   -1.18267E-01    1.91044E-01    7.39721E-03   -2.97860E-02    7.80469E-03   -2.87875E-02    4.01282E-03   -1.19770E-02    3.18954E-02   -5.80468E-02
     1.48201E+00    1.38817E-01    1.41949E-01    4.44074E-01    7.96260E-02   -1.16421E-01    1.87697E-01    7.11229E-03   -2.86659E-02    7.52894E-03   -2.77811E-02    3.89829E-03   -1.15194E-02    3.13346E-02   -5.69976E-02
     1.49176E+00    1.35113E-01    1.38354E-01    4.44839E-01    7.72925E-02   -1.14607E-01    1.84413E-01    6.83809E-03   -2.75863E-02    7.26285E-03   -2.68087E-02    3.78813E-03   -1.10810E-02    3.07839E-02   -5.59637E-02
     1.50151E+00    1.31511E-01    1.34848E-01    4.45581E-01    7.50306E-02   -1.12825E-01    1.81188E-01    6.57423E-03   -2.65457E-02    7.00607E-03   -2.58691E-02    3.68215E-03   -1.06608E-02    3.02432E-02   -5.49452E-02
     1.51126E+00    1.28009E-01    1.31431E-01    4.46302E-01    7.28382E-02   -1.11074E-01    1.78024E-01    6.32033E-03   -2.55429E-02    6.75830E-03   -2.49612E-02    3.58019E-03   -1.02580E-02    2.97124E-02   -5.39421E-02
     1.52101E+00    1.24603E-01    1.28099E-01    4.47002E-01    7.07129E-02   -1.09353E-01    1.74919E-01    6.07603E-03   -2.45766E-02    6.51923E-03   -2.40843E-02    3.48206E-03   -9.87203E-03    2.91913E-02   -5.29544E-02
     1.53076E+00    1.21292E-01    1.24851E-01    4.47681E-01    6.86527E-02   -1.07663E-01    1.71871E-01    5.84097E-03   -2.36456E-02    6.28856E-03   -2.32371E-02    3.38763E-03   -9.50206E-03    2.86798E-02   -5.19821E-02
     1.54051E+00    1.18071E-01    1.21685E-01    4.48341E-01    6.66554E-02   -1.06001E-01    1.68881E-01    5.61483E-03   -2.27486E-02    6.06601E-03   -2.24189E-02    3.29673E-03   -9.14743E-03    2.81776E-02   -5.10252E-02
     1.55026E+00    1.14940E-01    1.18599E-01    4.48981E-01    6.47191E-02   -1.04369E-01    1.65947E-01    5.39727E-03   -2.18844E-02    5.85130E-03   -2.16288E-02    3.20921E-03   -8.80749E-03    2.76847E-02   -5.00837E-02
     1.56001E+00    1.11894E-01    1.15591E-01    4.49603E-01    6.28418E-02   -1.02765E-01    1.63068E-01    5.18798E-03   -2.10521E-02    5.64416E-03   -2.08657E-02    3.12493E-03   -8.48161E-03    2.72010E-02   -4.91575E-02
     1.56976E+00    1.08932E-01    1.12659E-01    4.50207E-01    6.10216E-02   -1.01189E-01    1.60243E-01    4.98666E-03   -2.02503E-02    5.44433E-03   -2.01289E-02    3.04377E-03   -8.16920E-03    2.67261E-02   -4.82465E-02
     1.57951E+00    1.06052E-01    1.09802E-01    4.50793E-01    5.92568E-02   -9.96404E-02    1.57472E-01    4.79300E-03   -1.94782E-02    5.25157E-03   -1.94175E-02    2.96559E-03   -7.86967E-03    2.62601E-02   -4.73507E-02
     1.58926E+00    1.03250E-01    1.07016E-01    4.51362E-01    5.75455E-02   -9.81184E-02    1.54753E-01    4.60674E-03   -1.87346E-02    5.06561E-03   -1.87307E-02    2.89027E-03   -7.58248E-03    2.58027E-02   -4.64700E-02
     1.59901E+00    1.00525E-01    1.04302E-01    4.51915E-01    5.58860E-02   -9.66226E-02    1.52086E-01    4.42759E-03   -1.80186E-02    4.88624E-03   -1.80677E-02    2.81770E-03   -7.30709E-03    2.53539E-02   -4.56043E-02
     1.60876E+00    9.78750E-02    1.01656E-01    4.52452E-01    5.42768E-02   -9.51526E-02    1.49470E-01    4.25529E-03   -1.73291E-02    4.71322E-03   -1.74277E-02    2.74775E-03   -7.04302E-03    2.49134E-02   -4.47535E-02
     1.61851E+00    9.52973E-02    9.90774E-02    4.52974E-01    5.27162E-02   -9.37078E-02    1.46903E-01    4.08959E-03   -1.66653E-02    4.54633E-03   -1.68099E-02    2.68032E-03   -6.78976E-03    2.44811E-02   -4.39174E-02
     1.62826E+00    9.27900E-02    9.65645E-02    4.53480E-01    5.12027E-02   -9.22878E-02    1.44386E-01    3.93024E-03   -1.60263E-02    4.38536E-03   -1.62137E-02    2.61532E-03   -6.54687E-03    2.40570E-02   -4.30959E-02
     1.63801E+00    9.03511E-02    9.41155E-02    4.53972E-01    4.97347E-02   -9.08921E-02    1.41916E-01    3.77700E-03   -1.54111E-02    4.23010E-03   -1.56383E-02    2.55263E-03   -6.31389E-03    2.36407E-02   -4.22889E-02
     1.64776E+00    8.79788E-02    9.17288E-02    4.54450E-01    4.83109E-02   -8.95203E-02    1.39494E-01    3.62965E-03   -1.48189E-02    4.08035E-03   -1.50830E-02    2.49216E-03   -6.09041E-03    2.32323E-02   -4.14963E-02
     1.65751E+00    8.56710E-02    8.94030E-02    4.54915E-01    4.69299E-02   -8.81718E-02    1.37118E-01    3.48796E-03   -1.42489E-02    3.93592E-03   -1.45471E-02    2.43383E-03   -5.87602E-03    2.28315E-02   -4.07178E-02
     1.66726E+00    8.34261E-02    8.71365E-02    4.55366E-01    4.55903E-02   -8.68463E-02    1.34787E-01    3.35173E-03   -1.37003E-02    3.79662E-03   -1.40300E-02    2.37755E-03   -5.67033E-03    2.24383E-02   -3.99534E-02
     1.67701E+00    8.12422E-02    8.49278E-02    4.55804E-01    4.42908E-02   -8.55434E-02    1.32501E-01    3.22074E-03   -1.31723E-02    3.66227E-03   -1.35311E-02    2.32324E-03   -5.47297E-03    2.20524E-02   -3.92028E-02
     1.68676E+00    7.91176E-02    8.27754E-02    4.56229E-01    4.30301E-02   -8.42624E-02    1.30259E-01    3.09480E-03   -1.26643E-02    3.53270E-03   -1.30498E-02    2.27080E-03   -5.28359E-03    2.16738E-02   -3.84659E-02
     1.69651E+00    7.70507E-02    8.06780E-02    4.56643E-01    4.18071E-02   -8.30032E-02    1.28059E-01    2.97372E-03   -1.21753E-02    3.40775E-03   -1.25854E-02    2.22018E-03   -5.10184E-03    2.13023E-02   -3.77425E-02
     1.70626E+00    7.50397E-02    7.86342E-02    4.57045E-01    4.06205E-02   -8.17652E-02    1.25902E-01    2.85732E-03   -1.17049E-02    3.28724E-03   -1.21374E-02    2.17130E-03   -4.92739E-03    2.09377E-02   -3.70325E-02
     1.71601E+00    7.30832E-02    7.66426E-02    4.57435E-01    3.94692E-02   -8.05480E-02    1.23786E-01    2.74542E-03   -1.12522E-02    3.17102E-03   -1.17052E-02    2.12408E-03   -4.75995E-03    2.05801E-02   -3.63357E-02
     1.72576E+00    7.11797E-02    7.47018E-02    4.57815E-01    3.83521E-02   -7.93512E-02    1.21711E-01    2.63785E-03   -1.08167E-02    3.05894E-03   -1.12883E-02    2.07845E-03   -4.59920E-03    2.02291E-02   -3.56519E-02
     1.73551E+00    6.93275E-02    7.28107E-02    4.58183E-01    3.72682E-02   -7.81745E-02    1.19675E-01    2.53444E-03   -1.03977E-02    2.95085E-03   -1.08861E-02    2.03437E-03   -4.44487E-03    1.98848E-02   -3.49809E-02
     1.74526E+00    6.75254E-02    7.09680E-02    4.58541E-01    3.62164E-02   -7.70174E-02    1.17678E-01    2.43504E-03   -9.99461E-03    2.84661E-03   -1.04982E-02    1.99176E-03   -4.29668E-03    1.95470E-02   -3.43225E-02
     1.75501E+00    6.57718E-02    6.91723E-02    4.58890E-01    3.51956E-02   -7.58796E-02    1.15720E-01    2.33950E-03   -9.60686E-03    2.74609E-03   -1.01241E-02    1.95057E-03   -4.15437E-03    1.92155E-02   -3.36765E-02
     1.76476E+00    6.40655E-02    6.74227E-02    4.59228E-01    3.42050E-02   -7.47608E-02    1.13799E-01    2.24766E-03   -9.23387E-03    2.64915E-03   -9.76321E-03    1.91073E-03   -4.01770E-03    1.88902E-02   -3.30428E-02
     1.77451E+00    6.24051E-02    6.57177E-02    4.59557E-01    3.32436E-02   -7.36604E-02    1.11914E-01    2.15939E-03   -8.87511E-03    2.55567E-03   -9.41517E-03    1.87220E-03   -3.88641E-03    1.85711E-02   -3.24212E-02
     1.78426E+00    6.07893E-02    6.40564E-02    4.59876E-01    3.23105E-02   -7.25783E-02    1.10066E-01    2.07455E-03   -8.53004E-03    2.46551E-03   -9.07951E-03    1.83493E-03   -3.76029E-03    1.82580E-02   -3.18114E-02
     1.79401E+00    5.92169E-02    6.24376E-02    4.60187E-01    3.14049E-02   -7.15141E-02    1.08252E-01    1.99301E-03   -8.19816E-03    2.37858E-03   -8.75580E-03    1.79886E-03   -3.63911E-03    1.79508E-02   -3.12134E-02
     1.80376E+00    5.76866E-02    6.08603E-02    4.60489E-01    3.05258E-02   -7.04673E-02    1.06474E-01    1.91465E-03   -7.87898E-03    2.29474E-03   -8.44363E-03    1.76395E-03   -3.52267E-03    1.76493E-02   -3.06268E-02
     1.81351E+00    5.61974E-02    5.93233E-02    4.60782E-01    2.96724E-02   -6.94377E-02    1.04729E-01    1.83934E-03   -7.57203E-03    2.21389E-03   -8.14258E-03    1.73016E-03   -3.41076E-03    1.73535E-02   -3.00515E-02
     1.82326E+00    5.47480E-02    5.78256E-02    4.61067E-01    2.88440E-02   -6.84250E-02    1.03017E-01    1.76696E-03   -7.27685E-03    2.13592E-03   -7.85228E-03    1.69743E-03   -3.30320E-03    1.70633E-02   -2.94874E-02
     1.83301E+00    5.33374E-02    5.63663E-02    4.61345E-01    2.80399E-02   -6.74288E-02    1.01338E-01    1.69740E-03   -6.99299E-03    2.06074E-03   -7.57234E-03    1.66573E-03   -3.19979E-03    1.67785E-02   -2.89342E-02
     1.84276E+00    5.19644E-02    5.49443E-02    4.61614E-01    2.72591E-02   -6.64488E-02    9.96906E-02    1.63056E-03   -6.72005E-03    1.98823E-03   -7.30240E-03    1.63502E-03   -3.10037E-03    1.64990E-02   -2.83917E-02
     1.85251E+00    5.06280E-02    5.35587E-02    4.61876E-01    2.65011E-02   -6.54847E-02    9.80746E-02    1.56633E-03   -6.45761E-03    1.91831E-03   -7.04210E-03    1.60526E-03   -3.00477E-03    1.62248E-02   -2.78598E-02
     1.86226E+00    4.93273E-02    5.22086E-02    4.62131E-01    2.57652E-02   -6.45362E-02    9.64891E-02    1.50460E-03   -6.20527E-03    1.85088E-03   -6.79112E-03    1.57642E-03   -2.91283E-03    1.59557E-02   -2.73383E-02
     1.87201E+00    4.80612E-02    5.08930E-02    4.62379E-01    2.50506E-02   -6.36031E-02    9.49336E-02    1.44529E-03   -5.96266E-03    1.78585E-03   -6.54912E-03    1.54845E-03   -2.82438E-03    1.56917E-02   -2.68270E-02
     1.88176E+00    4.68288E-02    4.96110E-02    4.62620E-01    2.43567E-02   -6.26850E-02    9.34074E-02    1.38830E-03   -5.72940E-03    1.72314E-03   -6.31577E-03    1.52133E-03   -2.73930E-03    1.54326E-02   -2.63256E-02
     1.89151E+00    4.56291E-02    4.83619E-02    4.62854E-01    2.36829E-02   -6.17816E-02    9.19101E-02    1.33354E-03   -5.50515E-03    1.66267E-03   -6.09079E-03    1.49502E-03   -2.65743E-03    1.51783E-02   -2.58342E-02
     1.90126E+00    4.44612E-02    4.71447E-02    4.63081E-01    2.30286E-02   -6.08926E-02    9.04409E-02    1.28092E-03   -5.28957E-03    1.60435E-03   -5.87387E-03    1.46950E-03   -2.57864E-03    1.49288E-02   -2.53523E-02
     1.91101E+00    4.33243E-02    4.59586E-02    4.63303E-01    2.23931E-02   -6.00179E-02    8.89993E-02    1.23037E-03   -5.08233E-03    1.54810E-03   -5.66471E-03    1.44473E-03   -2.50280E-03    1.46839E-02   -2.48800E-02
     1.92076E+00    4.22176E-02    4.48028E-02    4.63518E-01    2.17760E-02   -5.91570E-02    8.75848E-02    1.18179E-03   -4.88310E-03    1.49386E-03   -5.46306E-03    1.42069E-03   -2.42980E-03    1.44436E-02   -2.44169E-02
     1.93051E+00    4.11400E-02    4.36766E-02    4.63728E-01    2.11766E-02   -5.83099E-02    8.61968E-02    1.13512E-03   -4.69160E-03    1.44155E-03   -5.26864E-03    1.39734E-03   -2.35950E-03    1.42077E-02   -2.39630E-02
     1.94026E+00    4.00910E-02    4.25792E-02    4.63931E-01    2.05944E-02   -5.74761E-02    8.48348E-02    1.09028E-03   -4.50752E-03    1.39110E-03   -5.08119E-03    1.37467E-03   -2.29181E-03    1.39763E-02   -2.35180E-02
     1.95000E+00    3.90697E-02    4.15098E-02    4.64129E-01    2.00290E-02   -5.66555E-02    8.34982E-02    1.04720E-03   -4.33058E-03    1.34245E-03   -4.90047E-03    1.35264E-03   -2.22660E-03    1.37491E-02   -2.30819E-02
     1.95975E+00    3.80753E-02    4.04677E-02    4.64322E-01    1.94797E-02   -5.58478E-02    8.21865E-02    1.00581E-03   -4.16052E-03    1.29552E-03   -4.72623E-03    1.33124E-03   -2.16379E-03    1.35261E-02   -2.26543E-02
     1.96950E+00    3.71071E-02    3.94522E-02    4.64509E-01    1.89461E-02   -5.50528E-02    8.08992E-02    9.66049E-04   -3.99706E-03    1.25026E-03   -4.55825E-03    1.31044E-03   -2.10326E-03    1.33073E-02   -2.22352E-02
     1.97925E+00    3.61643E-02    3.84626E-02    4.64691E-01    1.84278E-02   -5.42702E-02    7.96358E-02    9.27849E-04   -3.83996E-03    1.20662E-03   -4.39630E-03    1.29022E-03   -2.04493E-03    1.30925E-02   -2.18244E-02
     1.98900E+00    3.52464E-02    3.74983E-02    4.64868E-01    1.79243E-02   -5.34998E-02    7.83959E-02    8.91150E-04   -3.68897E-03    1.16452E-03   -4.24016E-03    1.27056E-03   -1.98870E-03    1.28817E-02   -2.14217E-02
     1.99875E+00    3.43526E-02    3.65586E-02    4.65041E-01    1.74351E-02   -5.27414E-02    7.71789E-02    8.55895E-04   -3.54386E-03    1.12391E-03   -4.08962E-03    1.25143E-03   -1.93449E-03    1.26748E-02   -2.10271E-02
     2.00850E+00    3.34822E-02    3.56429E-02    4.65209E-01    1.69598E-02   -5.19948E-02    7.59844E-02    8.22027E-04   -3.40441E-03    1.08475E-03   -3.94449E-03    1.23283E-03   -1.88222E-03    1.24717E-02   -2.06402E-02
     2.01825E+00    3.26346E-02    3.47505E-02    4.65372E-01    1.64980E-02   -5.12597E-02    7.48120E-02    7.89492E-04   -3.27039E-03    1.04698E-03   -3.80458E-03    1.21472E-03   -1.83180E-03    1.22723E-02   -2.02610E-02
     2.02800E+00    3.18093E-02    3.38808E-02    4.65530E-01    1.60493E-02   -5.05359E-02    7.36611E-02    7.58237E-04   -3.14160E-03    1.01055E-03   -3.66968E-03    1.19710E-03   -1.78316E-03    1.20765E-02   -1.98893E-02
     2.03775E+00    3.10055E-02    3.30333E-02    4.65685E-01    1.56133E-02   -4.98232E-02    7.25314E-02    7.28214E-04   -3.01784E-03    9.75406E-04   -3.53963E-03    1.17995E-03   -1.73623E-03    1.18844E-02   -1.95250E-02
     2.04750E+00    3.02227E-02    3.22074E-02    4.65835E-01    1.51897E-02   -4.91215E-02    7.14223E-02    6.99374E-04   -2.89891E-03    9.41510E-04   -3.41425E-03    1.16324E-03   -1.69094E-03    1.16958E-02   -1.91679E-02
     2.05725E+00    2.94604E-02    3.14025E-02    4.65981E-01    1.47780E-02   -4.84304E-02    7.03336E-02    6.71671E-04   -2.78463E-03    9.08814E-04   -3.29337E-03    1.14697E-03   -1.64722E-03    1.15106E-02   -1.88178E-02
     2.06700E+00    2.87179E-02    3.06181E-02    4.66123E-01    1.43779E-02   -4.77499E-02    6.92648E-02    6.45059E-04   -2.67482E-03    8.77275E-04   -3.17683E-03    1.13112E-03   -1.60501E-03    1.13288E-02   -1.84748E-02
     2.07675E+00    2.79948E-02    2.98537E-02    4.66261E-01    1.39891E-02   -4.70797E-02    6.82154E-02    6.19498E-04   -2.56931E-03    8.46852E-04   -3.06448E-03    1.11567E-03   -1.56424E-03    1.11503E-02   -1.81385E-02
     2.08650E+00    2.72905E-02    2.91087E-02    4.66396E-01    1.36112E-02   -4.64196E-02    6.71851E-02    5.94944E-04   -2.46793E-03    8.17505E-04   -2.95615E-03    1.10061E-03   -1.52487E-03    1.09751E-02   -1.78089E-02
     2.09625E+00    2.66045E-02    2.83826E-02    4.66527E-01    1.32439E-02   -4.57695E-02    6.61735E-02    5.71360E-04   -2.37051E-03    7.89195E-04   -2.85172E-03    1.08593E-03   -1.48682E-03    1.08030E-02   -1.74858E-02
     2.10600E+00    2.59364E-02    2.76749E-02    4.66654E-01    1.28869E-02   -4.51292E-02    6.51803E-02    5.48707E-04   -2.27692E-03    7.61884E-04   -2.75103E-03    1.07161E-03   -1.45006E-03    1.06341E-02   -1.71690E-02
     2.11575E+00    2.52856E-02    2.69853E-02    4.66778E-01    1.25399E-02   -4.44985E-02    6.42050E-02    5.26949E-04   -2.18699E-03    7.35538E-04   -2.65395E-03    1.05765E-03   -1.41453E-03    1.04682E-02   -1.68586E-02
     2.12550E+00    2.46516E-02    2.63131E-02    4.66899E-01    1.22027E-02   -4.38771E-02    6.32472E-02    5.06049E-04   -2.10059E-03    7.10121E-04   -2.56036E-03    1.04402E-03   -1.38017E-03    1.03053E-02   -1.65543E-02
     2.13525E+00    2.40341E-02    2.56580E-02    4.67016E-01    1.18748E-02   -4.32651E-02    6.23068E-02    4.85976E-04   -2.01759E-03    6.85600E-04   -2.47012E-03    1.03073E-03   -1.34695E-03    1.01454E-02   -1.62560E-02
     2.14500E+00    2.34326E-02    2.50195E-02    4.67130E-01    1.15561E-02   -4.26621E-02    6.13832E-02    4.66696E-04   -1.93784E-03    6.61943E-04   -2.38311E-03    1.01775E-03   -1.31481E-03    9.98833E-03   -1.59636E-02
     2.15475E+00    2.28466E-02    2.43972E-02    4.67241E-01    1.12463E-02   -4.20681E-02    6.04762E-02    4.48178E-04   -1.86122E-03    6.39120E-04   -2.29923E-03    1.00509E-03   -1.28372E-03    9.83409E-03   -1.56770E-02
     2.16450E+00    2.22758E-02    2.37906E-02    4.67350E-01    1.09450E-02   -4.14828E-02    5.95854E-02    4.30393E-04   -1.78761E-03    6.17099E-04   -2.21834E-03    9.92719E-04   -1.25364E-03    9.68261E-03   -1.53960E-02
     2.17425E+00    2.17197E-02    2.31994E-02    4.67455E-01    1.06522E-02   -4.09061E-02    5.87104E-02    4.13310E-04   -1.71690E-03    5.95853E-04   -2.14036E-03    9.80639E-04   -1.22451E-03    9.53385E-03   -1.51205E-02
     2.18400E+00    2.11779E-02    2.26232E-02    4.67557E-01    1.03675E-02   -4.03379E-02    5.78511E-02    3.96904E-04   -1.64897E-03    5.75353E-04   -2.06517E-03    9.68838E-04   -1.19632E-03    9.38775E-03   -1.48505E-02
     2.19375E+00    2.06501E-02    2.20615E-02    4.67657E-01    1.00906E-02   -3.97780E-02    5.70071E-02    3.81147E-04   -1.58371E-03    5.55573E-04   -1.99267E-03    9.57308E-04   -1.16901E-03    9.24425E-03   -1.45858E-02
     2.20350E+00    2.01359E-02    2.15141E-02    4.67754E-01    9.82147E-03   -3.92262E-02    5.61780E-02    3.66013E-04   -1.52102E-03    5.36488E-04   -1.92276E-03    9.46040E-04   -1.14256E-03    9.10331E-03   -1.43262E-02
     2.21325E+00    1.96349E-02    2.09805E-02    4.67849E-01    9.55974E-03   -3.86824E-02    5.53636E-02    3.51479E-04   -1.46080E-03    5.18071E-04   -1.85536E-03    9.35025E-04   -1.11693E-03    8.96487E-03   -1.40718E-02
     2.22300E+00    1.91468E-02    2.04603E-02    4.67941E-01    9.30523E-03   -3.81466E-02    5.45635E-02    3.37520E-04   -1.40295E-03    5.00300E-04   -1.79036E-03    9.24257E-04   -1.09209E-03    8.82889E-03   -1.38224E-02
     2.23275E+00    1.86712E-02    1.99533E-02    4.68030E-01    9.05774E-03   -3.76184E-02    5.37776E-02    3.24114E-04   -1.34738E-03    4.83152E-04   -1.72769E-03    9.13727E-04   -1.06802E-03    8.69532E-03   -1.35778E-02
     2.24250E+00    1.82078E-02    1.94591E-02    4.68117E-01    8.81706E-03   -3.70979E-02    5.30054E-02    3.11239E-04   -1.29400E-03    4.66603E-04   -1.66725E-03    9.03428E-04   -1.04467E-03    8.56411E-03   -1.33380E-02
     2.25225E+00    1.77562E-02    1.89774E-02    4.68202E-01    8.58300E-03   -3.65848E-02    5.22469E-02    2.98874E-04   -1.24273E-03    4.50633E-04   -1.60897E-03    8.93354E-04   -1.02203E-03    8.43522E-03   -1.31029E-02
     2.26200E+00    1.73163E-02    1.85078E-02    4.68285E-01    8.35537E-03   -3.60790E-02    5.15016E-02    2.87000E-04   -1.19347E-03    4.35222E-04   -1.55278E-03    8.83497E-04   -1.00006E-03    8.30859E-03   -1.28724E-02
     2.27175E+00    1.68876E-02    1.80500E-02    4.68365E-01    8.13398E-03   -3.55804E-02    5.07693E-02    2.75595E-04   -1.14616E-03    4.20348E-04   -1.49858E-03    8.73851E-04   -9.78743E-04    8.18419E-03   -1.26464E-02
     2.28150E+00    1.64698E-02    1.76037E-02    4.68443E-01    7.91866E-03   -3.50890E-02    5.00497E-02    2.64643E-04   -1.10072E-03    4.05993E-04   -1.44632E-03    8.64409E-04   -9.58052E-04    8.06197E-03   -1.24247E-02
     2.29125E+00    1.60627E-02    1.71687E-02    4.68519E-01    7.70923E-03   -3.46044E-02    4.93427E-02    2.54126E-04   -1.05707E-03    3.92139E-04   -1.39593E-03    8.55167E-04   -9.37963E-04    7.94189E-03   -1.22074E-02
     2.30100E+00    1.56660E-02    1.67446E-02    4.68594E-01    7.50552E-03   -3.41267E-02    4.86480E-02    2.44025E-04   -1.01515E-03    3.78767E-04   -1.34732E-03    8.46117E-04   -9.18454E-04    7.82391E-03   -1.19943E-02
     2.31075E+00    1.52795E-02    1.63312E-02    4.68666E-01    7.30737E-03   -3.36558E-02    4.79652E-02    2.34325E-04   -9.74879E-04    3.65860E-04   -1.30045E-03    8.37255E-04   -8.99503E-04    7.70799E-03   -1.17853E-02
     2.32050E+00    1.49027E-02    1.59282E-02    4.68736E-01    7.11462E-03   -3.31914E-02    4.72943E-02    2.25010E-04   -9.36202E-04    3.53403E-04   -1.25524E-03    8.28575E-04   -8.81090E-04    7.59409E-03   -1.15804E-02
     2.33025E+00    1.45356E-02    1.55353E-02    4.68805E-01    6.92713E-03   -3.27335E-02    4.66349E-02    2.16064E-04   -8.99054E-04    3.41378E-04   -1.21165E-03    8.20072E-04   -8.63194E-04    7.48216E-03   -1.13794E-02
     2.34000E+00    1.41778E-02    1.51522E-02    4.68871E-01    6.74473E-03   -3.22820E-02    4.59869E-02    2.07473E-04   -8.63374E-04    3.29771E-04   -1.16960E-03    8.11741E-04   -8.45796E-04    7.37218E-03   -1.11823E-02
     2.34975E+00    1.38291E-02    1.47788E-02    4.68936E-01    6.56728E-03   -3.18367E-02    4.53500E-02    1.99224E-04   -8.29105E-04    3.18566E-04   -1.12904E-03    8.03578E-04   -8.28878E-04    7.26410E-03   -1.09890E-02
     2.35950E+00    1.34892E-02    1.44147E-02    4.68999E-01    6.39465E-03   -3.13976E-02    4.47240E-02    1.91301E-04   -7.96191E-04    3.07750E-04   -1.08993E-03    7.95577E-04   -8.12422E-04    7.15788E-03   -1.07994E-02
     2.36925E+00    1.31580E-02    1.40597E-02    4.69061E-01    6.22669E-03   -3.09646E-02    4.41087E-02    1.83694E-04   -7.64580E-04    2.97308E-04   -1.05220E-03    7.87734E-04   -7.96412E-04    7.05350E-03   -1.06134E-02
     2.37900E+00    1.28351E-02    1.37136E-02    4.69121E-01    6.06328E-03   -3.05375E-02    4.35039E-02    1.76388E-04   -7.34220E-04    2.87227E-04   -1.01581E-03    7.80045E-04   -7.80831E-04    6.95091E-03   -1.04310E-02
     2.38875E+00    1.25205E-02    1.33762E-02    4.69179E-01    5.90429E-03   -3.01162E-02    4.29094E-02    1.69373E-04   -7.05062E-04    2.77496E-04   -9.80704E-04    7.72506E-04   -7.65665E-04    6.85008E-03   -1.02521E-02
     2.39850E+00    1.22138E-02    1.30472E-02    4.69236E-01    5.74959E-03   -2.97007E-02    4.23249E-02    1.62636E-04   -6.77058E-04    2.68100E-04   -9.46845E-04    7.65114E-04   -7.50897E-04    6.75098E-03   -1.00766E-02
     2.40825E+00    1.19148E-02    1.27265E-02    4.69291E-01    5.59906E-03   -2.92908E-02    4.17504E-02    1.56166E-04   -6.50163E-04    2.59028E-04   -9.14184E-04    7.57863E-04   -7.36514E-04    6.65358E-03   -9.90446E-03
     2.41800E+00    1.16235E-02    1.24137E-02    4.69345E-01    5.45259E-03   -2.88865E-02    4.11856E-02    1.49954E-04   -6.24333E-04    2.50269E-04   -8.82677E-04    7.50750E-04   -7.22502E-04    6.55783E-03   -9.73559E-03
     2.42775E+00    1.13395E-02    1.21087E-02    4.69397E-01    5.31005E-03   -2.84877E-02    4.06303E-02    1.43989E-04   -5.99527E-04    2.41812E-04   -8.52283E-04    7.43773E-04   -7.08849E-04    6.46372E-03   -9.56991E-03
     2.43750E+00    1.10626E-02    1.18114E-02    4.69449E-01    5.17135E-03   -2.80942E-02    4.00844E-02    1.38260E-04   -5.75704E-04    2.33646E-04   -8.22963E-04    7.36927E-04   -6.95540E-04    6.37121E-03   -9.40738E-03
     2.44725E+00    1.07928E-02    1.15215E-02    4.69498E-01    5.03637E-03   -2.77060E-02    3.95477E-02    1.32759E-04   -5.52824E-04    2.25761E-04   -7.94676E-04    7.30209E-04   -6.82565E-04    6.28027E-03   -9.24792E-03
     2.45700E+00    1.05297E-02    1.12388E-02    4.69547E-01    4.90501E-03   -2.73230E-02    3.90199E-02    1.27477E-04   -5.30852E-04    2.18147E-04   -7.67387E-04    7.23616E-04   -6.69912E-04    6.19087E-03   -9.09147E-03
     2.46675E+00    1.02733E-02    1.09631E-02    4.69594E-01    4.77716E-03   -2.69451E-02    3.85010E-02    1.22405E-04   -5.09751E-04    2.10794E-04   -7.41059E-04    7.17145E-04   -6.57569E-04    6.10298E-03   -8.93796E-03
     2.47650E+00    1.00233E-02    1.06943E-02    4.69640E-01    4.65274E-03   -2.65722E-02    3.79907E-02    1.17534E-04   -4.89487E-04    2.03693E-04   -7.15657E-04    7.10792E-04   -6.45526E-04    6.01657E-03   -8.78735E-03
     2.48625E+00    9.77960E-03    1.04321E-02    4.69685E-01    4.53164E-03   -2.62043E-02    3.74890E-02    1.12857E-04   -4.70026E-04    1.96836E-04   -6.91149E-04    7.04556E-04   -6.33772E-04    5.93161E-03   -8.63955E-03
     2.49600E+00    9.54204E-03    1.01765E-02    4.69728E-01    4.41377E-03   -2.58412E-02    3.69955E-02    1.08366E-04   -4.51338E-04    1.90213E-04   -6.67503E-04    6.98433E-04   -6.22299E-04    5.84809E-03   -8.49453E-03
     2.50575E+00    9.31044E-03    9.92726E-03    4.69771E-01    4.29904E-03   -2.54828E-02    3.65103E-02    1.04054E-04   -4.33391E-04    1.83817E-04   -6.44686E-04    6.92420E-04   -6.11095E-04    5.76596E-03   -8.35221E-03
     2.51550E+00    9.08467E-03    9.68418E-03    4.69812E-01    4.18736E-03   -2.51292E-02    3.60331E-02    9.99129E-05   -4.16156E-04    1.77639E-04   -6.22670E-04    6.86516E-04   -6.00152E-04    5.68521E-03   -8.21255E-03
     2.52525E+00    8.86455E-03    9.44712E-03    4.69852E-01    4.07866E-03   -2.47801E-02    3.55638E-02    9.59366E-05   -3.99605E-04    1.71673E-04   -6.01426E-04    6.80716E-04   -5.89462E-04    5.60581E-03   -8.07549E-03
     2.53500E+00    8.64996E-03    9.21594E-03    4.69892E-01    3.97284E-03   -2.44357E-02    3.51023E-02    9.21184E-05   -3.83711E-04    1.65909E-04   -5.80926E-04    6.75020E-04   -5.79016E-04    5.52773E-03   -7.94097E-03
     2.54475E+00    8.44075E-03    8.99049E-03    4.69930E-01    3.86984E-03   -2.40956E-02    3.46483E-02    8.84522E-05   -3.68448E-04    1.60342E-04   -5.61143E-04    6.69425E-04   -5.68806E-04    5.45095E-03   -7.80894E-03
     2.55450E+00    8.23678E-03    8.77061E-03    4.69967E-01    3.76956E-03   -2.37600E-02    3.42018E-02    8.49317E-05   -3.53791E-04    1.54965E-04   -5.42052E-04    6.63928E-04   -5.58824E-04    5.37545E-03   -7.67936E-03
     2.56425E+00    8.03791E-03    8.55618E-03    4.70003E-01    3.67193E-03   -2.34287E-02    3.37627E-02    8.15514E-05   -3.39716E-04    1.49770E-04   -5.23628E-04    6.58527E-04   -5.49062E-04    5.30120E-03   -7.55216E-03
     2.57400E+00    7.84402E-03    8.34704E-03    4.70039E-01    3.57689E-03   -2.31016E-02    3.33307E-02    7.83055E-05   -3.26200E-04    1.44752E-04   -5.05847E-04    6.53220E-04   -5.39514E-04    5.22818E-03   -7.42730E-03
     2.58375E+00    7.65498E-03    8.14306E-03    4.70073E-01    3.48435E-03   -2.27787E-02    3.29058E-02    7.51887E-05   -3.13221E-04    1.39904E-04   -4.88687E-04    6.48006E-04   -5.30173E-04    5.15636E-03   -7.30474E-03
     2.59350E+00    7.47067E-03    7.94412E-03    4.70107E-01    3.39426E-03   -2.24599E-02    3.24878E-02    7.21960E-05   -3.00758E-04    1.35221E-04   -4.72124E-04    6.42882E-04   -5.21031E-04    5.08573E-03   -7.18442E-03
     2.60325E+00    7.29096E-03    7.75009E-03    4.70139E-01    3.30654E-03   -2.21452E-02    3.20766E-02    6.93224E-05   -2.88790E-04    1.30696E-04   -4.56137E-04    6.37845E-04   -5.12083E-04    5.01626E-03   -7.06630E-03
     2.61300E+00    7.11573E-03    7.56084E-03    4.70171E-01    3.22113E-03   -2.18344E-02    3.16721E-02    6.65631E-05   -2.77297E-04    1.26324E-04   -4.40707E-04    6.32895E-04   -5.03323E-04    4.94793E-03   -6.95033E-03
     2.62275E+00    6.94488E-03    7.37625E-03    4.70202E-01    3.13797E-03   -2.15275E-02    3.12741E-02    6.39136E-05   -2.66261E-04    1.22100E-04   -4.25813E-04    6.28030E-04   -4.94744E-04    4.88072E-03   -6.83647E-03
     2.63250E+00    6.77830E-03    7.19620E-03    4.70232E-01    3.05699E-03   -2.12245E-02    3.08826E-02    6.13696E-05   -2.55664E-04    1.18019E-04   -4.11436E-04    6.23247E-04   -4.86341E-04    4.81461E-03   -6.72468E-03
     2.64225E+00    6.61586E-03    7.02058E-03    4.70262E-01    2.97813E-03   -2.09253E-02    3.04974E-02    5.89268E-05   -2.45487E-04    1.14076E-04   -3.97557E-04    6.18546E-04   -4.78108E-04    4.74958E-03   -6.61491E-03
     2.65200E+00    6.45748E-03    6.84927E-03    4.70291E-01    2.90134E-03   -2.06298E-02    3.01185E-02    5.65813E-05   -2.35716E-04    1.10265E-04   -3.84160E-04    6.13924E-04   -4.70040E-04    4.68561E-03   -6.50712E-03
     2.66175E+00    6.30304E-03    6.68217E-03    4.70318E-01    2.82656E-03   -2.03380E-02    2.97456E-02    5.43291E-05   -2.26333E-04    1.06583E-04   -3.71226E-04    6.09379E-04   -4.62133E-04    4.62268E-03   -6.40127E-03
     2.67150E+00    6.15245E-03    6.51917E-03    4.70346E-01    2.75374E-03   -2.00498E-02    2.93787E-02    5.21666E-05   -2.17322E-04    1.03025E-04   -3.58739E-04    6.04912E-04   -4.54381E-04    4.56078E-03   -6.29733E-03
     2.68125E+00    6.00561E-03    6.36016E-03    4.70372E-01    2.68281E-03   -1.97651E-02    2.90178E-02    5.00901E-05   -2.08671E-04    9.95862E-05   -3.46684E-04    6.00519E-04   -4.46779E-04    4.49988E-03   -6.19524E-03
     2.69100E+00    5.86242E-03    6.20505E-03    4.70398E-01    2.61374E-03   -1.94839E-02    2.86626E-02    4.80964E-05   -2.00363E-04    9.62631E-05   -3.35045E-04    5.96199E-04   -4.39324E-04    4.43997E-03   -6.09498E-03
     2.70075E+00    5.72279E-03    6.05374E-03    4.70423E-01    2.54646E-03   -1.92061E-02    2.83131E-02    4.61820E-05   -1.92385E-04    9.30516E-05   -3.23807E-04    5.91951E-04   -4.32010E-04    4.38102E-03   -5.99650E-03
     2.71050E+00    5.58664E-03    5.90612E-03    4.70448E-01    2.48093E-03   -1.89318E-02    2.79691E-02    4.43439E-05   -1.84725E-04    8.99477E-05   -3.12956E-04    5.87774E-04   -4.24833E-04    4.32303E-03   -5.89977E-03
     2.72025E+00    5.45387E-03    5.76211E-03    4.70472E-01    2.41711E-03   -1.86607E-02    2.76307E-02    4.25789E-05   -1.77370E-04    8.69477E-05   -3.02479E-04    5.83667E-04   -4.17790E-04    4.26597E-03   -5.80476E-03
     2.73000E+00    5.32441E-03    5.62162E-03    4.70495E-01    2.35494E-03   -1.83930E-02    2.72976E-02    4.08842E-05   -1.70307E-04    8.40482E-05   -2.92362E-04    5.79627E-04   -4.10877E-04    4.20983E-03   -5.71143E-03
     2.73975E+00    5.19816E-03    5.48456E-03    4.70517E-01    2.29439E-03   -1.81284E-02    2.69699E-02    3.92570E-05   -1.63525E-04    8.12455E-05   -2.82592E-04    5.75654E-04   -4.04089E-04    4.15459E-03   -5.61973E-03
     2.74950E+00    5.07504E-03    5.35083E-03    4.70540E-01    2.23540E-03   -1.78670E-02    2.66473E-02    3.76946E-05   -1.57012E-04    7.85365E-05   -2.73157E-04    5.71747E-04   -3.97424E-04    4.10024E-03   -5.52965E-03
     2.75925E+00    4.95499E-03    5.22036E-03    4.70561E-01    2.17794E-03   -1.76088E-02    2.63298E-02    3.61944E-05   -1.50759E-04    7.59180E-05   -2.64045E-04    5.67904E-04   -3.90877E-04    4.04676E-03   -5.44115E-03
     2.76900E+00    4.83791E-03    5.09307E-03    4.70582E-01    2.12197E-03   -1.73536E-02    2.60174E-02    3.47540E-05   -1.44755E-04    7.33867E-05   -2.55246E-04    5.64124E-04   -3.84446E-04    3.99414E-03   -5.35419E-03
     2.77875E+00    4.72375E-03    4.96887E-03    4.70602E-01    2.06743E-03   -1.71014E-02    2.57099E-02    3.33709E-05   -1.38989E-04    7.09397E-05   -2.46747E-04    5.60407E-04   -3.78126E-04    3.94235E-03   -5.26875E-03
     2.78850E+00    4.61242E-03    4.84768E-03    4.70622E-01    2.01431E-03   -1.68522E-02    2.54073E-02    3.20430E-05   -1.33453E-04    6.85742E-05   -2.38538E-04    5.56751E-04   -3.71916E-04    3.89139E-03   -5.18479E-03
     2.79825E+00    4.50385E-03    4.72944E-03    4.70642E-01    1.96255E-03   -1.66060E-02    2.51094E-02    3.07679E-05   -1.28138E-04    6.62873E-05   -2.30610E-04    5.53154E-04   -3.65812E-04    3.84124E-03   -5.10228E-03
     2.80800E+00    4.39798E-03    4.61406E-03    4.70661E-01    1.91212E-03   -1.63626E-02    2.48162E-02    2.95436E-05   -1.23033E-04    6.40764E-05   -2.22952E-04    5.49617E-04   -3.59810E-04    3.79189E-03   -5.02120E-03
     2.81775E+00    4.29473E-03    4.50147E-03    4.70679E-01    1.86298E-03   -1.61220E-02    2.45276E-02    2.83681E-05   -1.18132E-04    6.19389E-05   -2.15554E-04    5.46138E-04   -3.53909E-04    3.74332E-03   -4.94151E-03
     2.82750E+00    4.19405E-03    4.39161E-03    4.70697E-01    1.81511E-03   -1.58843E-02    2.42435E-02    2.72394E-05   -1.13426E-04    5.98723E-05   -2.08408E-04    5.42715E-04   -3.48106E-04    3.69553E-03   -4.86318E-03
     2.83725E+00    4.09587E-03    4.28440E-03    4.70714E-01    1.76846E-03   -1.56493E-02    2.39639E-02    2.61557E-05   -1.08907E-04    5.78742E-05   -2.01505E-04    5.39349E-04   -3.42397E-04    3.64849E-03   -4.78619E-03
     2.84700E+00    4.00013E-03    4.17978E-03    4.70731E-01    1.72300E-03   -1.54170E-02    2.36887E-02    2.51151E-05   -1.04568E-04    5.59422E-05   -1.94836E-04    5.36038E-04   -3.36781E-04    3.60219E-03   -4.71051E-03
     2.85675E+00    3.90676E-03    4.07769E-03    4.70748E-01    1.67871E-03   -1.51873E-02    2.34177E-02    2.41160E-05   -1.00402E-04    5.40741E-05   -1.88393E-04    5.32782E-04   -3.31255E-04    3.55663E-03   -4.63611E-03
     2.86650E+00    3.81571E-03    3.97805E-03    4.70764E-01    1.63554E-03   -1.49603E-02    2.31510E-02    2.31568E-05   -9.64015E-05    5.22678E-05   -1.82168E-04    5.29579E-04   -3.25816E-04    3.51179E-03   -4.56297E-03
     2.87625E+00    3.72693E-03    3.88081E-03    4.70780E-01    1.59348E-03   -1.47359E-02    2.28885E-02    2.22357E-05   -9.25602E-05    5.05212E-05   -1.76154E-04    5.26428E-04   -3.20462E-04    3.46765E-03   -4.49106E-03
     2.88600E+00    3.64034E-03    3.78591E-03    4.70795E-01    1.55248E-03   -1.45140E-02    2.26300E-02    2.13513E-05   -8.88718E-05    4.88322E-05   -1.70343E-04    5.23329E-04   -3.15192E-04    3.42421E-03   -4.42036E-03
     2.89575E+00    3.55591E-03    3.69328E-03    4.70810E-01    1.51253E-03   -1.42946E-02    2.23756E-02    2.05022E-05   -8.53301E-05    4.71989E-05   -1.64728E-04    5.20282E-04   -3.10003E-04    3.38145E-03   -4.35083E-03
     2.90550E+00    3.47358E-03    3.60288E-03    4.70825E-01    1.47359E-03   -1.40776E-02    2.21251E-02    1.96869E-05   -8.19294E-05    4.56194E-05   -1.59302E-04    5.17284E-04   -3.04892E-04    3.33936E-03   -4.28246E-03
     2.91525E+00    3.39330E-03    3.51464E-03    4.70839E-01    1.43563E-03   -1.38631E-02    2.18785E-02    1.89042E-05   -7.86640E-05    4.40919E-05   -1.54059E-04    5.14336E-04   -2.99859E-04    3.29794E-03   -4.21523E-03
     2.92500E+00    3.31501E-03    3.42851E-03    4.70853E-01    1.39864E-03   -1.36510E-02    2.16357E-02    1.81526E-05   -7.55286E-05    4.26147E-05   -1.48992E-04    5.11437E-04   -2.94900E-04    3.25716E-03   -4.14910E-03
     2.93475E+00    3.23867E-03    3.34444E-03    4.70866E-01    1.36258E-03   -1.34412E-02    2.13967E-02    1.74310E-05   -7.25179E-05    4.11860E-05   -1.44096E-04    5.08585E-04   -2.90015E-04    3.21703E-03   -4.08406E-03
     2.94450E+00    3.16423E-03    3.26237E-03    4.70879E-01    1.32743E-03   -1.32338E-02    2.11614E-02    1.67381E-05   -6.96270E-05    3.98043E-05   -1.39364E-04    5.05781E-04   -2.85201E-04    3.17752E-03   -4.02008E-03
     2.95425E+00    3.09164E-03    3.18226E-03    4.70892E-01    1.29317E-03   -1.30286E-02    2.09297E-02    1.60729E-05   -6.68512E-05    3.84679E-05   -1.34790E-04    5.03024E-04   -2.80456E-04    3.13863E-03   -3.95715E-03
     2.96400E+00    3.02086E-03    3.10406E-03    4.70905E-01    1.25977E-03   -1.28256E-02    2.07016E-02    1.54341E-05   -6.41858E-05    3.71754E-05   -1.30369E-04    5.00312E-04   -2.75779E-04    3.10035E-03   -3.89523E-03
     2.97375E+00    2.95185E-03    3.02771E-03    4.70917E-01    1.22721E-03   -1.26249E-02    2.04770E-02    1.48209E-05   -6.16265E-05    3.59252E-05   -1.26096E-04    4.97646E-04   -2.71169E-04    3.06267E-03   -3.83431E-03
     2.98350E+00    2.88456E-03    2.95318E-03    4.70928E-01    1.19546E-03   -1.24263E-02    2.02559E-02    1.42321E-05   -5.91689E-05    3.47160E-05   -1.21966E-04    4.95024E-04   -2.66623E-04    3.02558E-03   -3.77437E-03
     2.99325E+00    2.81895E-03    2.88041E-03    4.70940E-01    1.16451E-03   -1.22299E-02    2.00382E-02    1.36668E-05   -5.68091E-05    3.35464E-05   -1.17974E-04    4.92446E-04   -2.62140E-04    2.98907E-03   -3.71538E-03
     3.00300E+00    2.75498E-03    2.80936E-03    4.70951E-01    1.13433E-03   -1.20355E-02    1.98238E-02    1.31240E-05   -5.45432E-05    3.24151E-05   -1.14115E-04    4.89912E-04   -2.57719E-04    2.95313E-03   -3.65733E-03
     3.01275E+00    2.69261E-03    2.73999E-03    4.70962E-01    1.10490E-03   -1.18433E-02    1.96128E-02    1.26029E-05   -5.23674E-05    3.13208E-05   -1.10384E-04    4.87421E-04   -2.53358E-04    2.91775E-03   -3.60020E-03
     3.02250E+00    2.63180E-03    2.67226E-03    4.70973E-01    1.07621E-03   -1.16531E-02    1.94049E-02    1.21026E-05   -5.02782E-05    3.02622E-05   -1.06777E-04    4.84971E-04   -2.49056E-04    2.88292E-03   -3.54396E-03
     3.03225E+00    2.57251E-03    2.60612E-03    4.70983E-01    1.04823E-03   -1.14649E-02    1.92003E-02    1.16222E-05   -4.82720E-05    2.92382E-05   -1.03290E-04    4.82564E-04   -2.44811E-04    2.84864E-03   -3.48860E-03
     3.04200E+00    2.51471E-03    2.54153E-03    4.70993E-01    1.02095E-03   -1.12787E-02    1.89988E-02    1.11610E-05   -4.63456E-05    2.82477E-05   -9.99193E-05    4.80198E-04   -2.40622E-04    2.81489E-03   -3.43410E-03
     3.05175E+00    2.45837E-03    2.47846E-03    4.71003E-01    9.94341E-04   -1.10944E-02    1.88004E-02    1.07182E-05   -4.44958E-05    2.72895E-05   -9.66598E-05    4.77872E-04   -2.36488E-04    2.78167E-03   -3.38044E-03
     3.06150E+00    2.40344E-03    2.41686E-03    4.71013E-01    9.68391E-04   -1.09121E-02    1.86051E-02    1.02931E-05   -4.27195E-05    2.63625E-05   -9.35082E-05    4.75586E-04   -2.32408E-04    2.74897E-03   -3.32760E-03
     3.07125E+00    2.34989E-03    2.35671E-03    4.71022E-01    9.43082E-04   -1.07316E-02    1.84127E-02    9.88497E-06   -4.10137E-05    2.54657E-05   -9.04608E-05    4.73340E-04   -2.28380E-04    2.71678E-03   -3.27556E-03
     3.08100E+00    2.29769E-03    2.29795E-03    4.71031E-01    9.18396E-04   -1.05530E-02    1.82233E-02    9.49312E-06   -3.93758E-05    2.45982E-05   -8.75141E-05    4.71132E-04   -2.24403E-04    2.68509E-03   -3.22430E-03
     3.09075E+00    2.24682E-03    2.24057E-03    4.71040E-01    8.94318E-04   -1.03762E-02    1.80368E-02    9.11693E-06   -3.78029E-05    2.37589E-05   -8.46646E-05    4.68964E-04   -2.20477E-04    2.65390E-03   -3.17382E-03
     3.10050E+00    2.19722E-03    2.18452E-03    4.71048E-01    8.70830E-04   -1.02013E-02    1.78531E-02    8.75577E-06   -3.62925E-05    2.29469E-05   -8.19091E-05    4.66833E-04   -2.16599E-04    2.62320E-03   -3.12408E-03
     3.11025E+00    2.14889E-03    2.12976E-03    4.71057E-01    8.47918E-04   -1.00281E-02    1.76723E-02    8.40903E-06   -3.48421E-05    2.21614E-05   -7.92444E-05    4.64740E-04   -2.12769E-04    2.59298E-03   -3.07508E-03
     3.12000E+00    2.10178E-03    2.07628E-03    4.71065E-01    8.25565E-04   -9.85666E-03    1.74942E-02    8.07616E-06   -3.34493E-05    2.14014E-05   -7.66673E-05    4.62684E-04   -2.08986E-04    2.56323E-03   -3.02679E-03
     3.12975E+00    2.05587E-03    2.02402E-03    4.71073E-01    8.03758E-04   -9.68694E-03    1.73189E-02    7.75659E-06   -3.21117E-05    2.06661E-05   -7.41749E-05    4.60664E-04   -2.05249E-04    2.53396E-03   -2.97920E-03
     3.13950E+00    2.01112E-03    1.97297E-03    4.71081E-01    7.82481E-04   -9.51893E-03    1.71462E-02    7.44981E-06   -3.08273E-05    1.99547E-05   -7.17644E-05    4.58681E-04   -2.01557E-04    2.50514E-03   -2.93230E-03
     3.14925E+00    1.96752E-03    1.92309E-03    4.71088E-01    7.61720E-04   -9.35259E-03    1.69762E-02    7.15530E-06   -2.95937E-05    1.92664E-05   -6.94330E-05    4.56734E-04   -1.97909E-04    2.47677E-03   -2.88606E-03
     3.15900E+00    1.92504E-03    1.87436E-03    4.71095E-01    7.41463E-04   -9.18789E-03    1.68087E-02    6.87257E-06   -2.84091E-05    1.86005E-05   -6.71780E-05    4.54822E-04   -1.94303E-04    2.44886E-03   -2.84047E-03
     3.16875E+00    1.88364E-03    1.82674E-03    4.71103E-01    7.21694E-04   -9.02481E-03    1.66438E-02    6.60117E-06   -2.72714E-05    1.79562E-05   -6.49969E-05    4.52945E-04   -1.90740E-04    2.42138E-03   -2.79552E-03
     3.17850E+00    1.84331E-03    1.78020E-03    4.71110E-01    7.02403E-04   -8.86333E-03    1.64815E-02    6.34064E-06   -2.61789E-05    1.73328E-05   -6.28871E-05    4.51102E-04   -1.87218E-04    2.39434E-03   -2.75119E-03
     3.18825E+00    1.80402E-03    1.73472E-03    4.71116E-01    6.83574E-04   -8.70341E-03    1.63216E-02    6.09054E-06   -2.51295E-05    1.67297E-05   -6.08464E-05    4.49294E-04   -1.83736E-04    2.36773E-03   -2.70745E-03
     3.19800E+00    1.76574E-03    1.69027E-03    4.71123E-01    6.65197E-04   -8.54505E-03    1.61642E-02    5.85048E-06   -2.41218E-05    1.61461E-05   -5.88723E-05    4.47519E-04   -1.80294E-04    2.34155E-03   -2.66431E-03
     3.20775E+00    1.72846E-03    1.64682E-03    4.71129E-01    6.47260E-04   -8.38820E-03    1.60092E-02    5.62004E-06   -2.31538E-05    1.55815E-05   -5.69628E-05    4.45778E-04   -1.76891E-04    2.31578E-03   -2.62174E-03
     3.21750E+00    1.69214E-03    1.60435E-03    4.71135E-01    6.29750E-04   -8.23286E-03    1.58565E-02    5.39885E-06   -2.22242E-05    1.50351E-05   -5.51155E-05    4.44070E-04   -1.73525E-04    2.29042E-03   -2.57972E-03
     3.22725E+00    1.65678E-03    1.56284E-03    4.71142E-01    6.12656E-04   -8.07899E-03    1.57062E-02    5.18655E-06   -2.13313E-05    1.45065E-05   -5.33285E-05    4.42394E-04   -1.70197E-04    2.26547E-03   -2.53825E-03
     3.23700E+00    1.62233E-03    1.52225E-03    4.71147E-01    5.95967E-04   -7.92658E-03    1.55582E-02    4.98278E-06   -2.04737E-05    1.39950E-05   -5.15998E-05    4.40751E-04   -1.66905E-04    2.24092E-03   -2.49730E-03
     3.24675E+00    1.58879E-03    1.48256E-03    4.71153E-01    5.79672E-04   -7.77560E-03    1.54125E-02    4.78720E-06   -1.96499E-05    1.35001E-05   -4.99274E-05    4.39139E-04   -1.63649E-04    2.21677E-03   -2.45686E-03
     3.25650E+00    1.55614E-03    1.44376E-03    4.71159E-01    5.63761E-04   -7.62603E-03    1.52690E-02    4.59950E-06   -1.88586E-05    1.30213E-05   -4.83095E-05    4.37560E-04   -1.60427E-04    2.19301E-03   -2.41692E-03
     3.26625E+00    1.52435E-03    1.40582E-03    4.71164E-01    5.48223E-04   -7.47785E-03    1.51277E-02    4.41936E-06   -1.80985E-05    1.25579E-05   -4.67442E-05    4.36011E-04   -1.57240E-04    2.16964E-03   -2.37746E-03
     3.27600E+00    1.49340E-03    1.36871E-03    4.71169E-01    5.33049E-04   -7.33104E-03    1.49885E-02    4.24648E-06   -1.73684E-05    1.21096E-05   -4.52300E-05    4.34493E-04   -1.54087E-04    2.14665E-03   -2.33847E-03
     3.28575E+00    1.46328E-03    1.33242E-03    4.71175E-01    5.18228E-04   -7.18557E-03    1.48515E-02    4.08058E-06   -1.66669E-05    1.16758E-05   -4.37650E-05    4.33006E-04   -1.50966E-04    2.12404E-03   -2.29993E-03
     3.29550E+00    1.43397E-03    1.29692E-03    4.71180E-01    5.03751E-04   -7.04142E-03    1.47166E-02    3.92139E-06   -1.59931E-05    1.12560E-05   -4.23478E-05    4.31549E-04   -1.47878E-04    2.10180E-03   -2.26183E-03
     3.30525E+00    1.40544E-03    1.26219E-03    4.71184E-01    4.89609E-04   -6.89859E-03    1.45838E-02    3.76863E-06   -1.53456E-05    1.08499E-05   -4.09767E-05    4.30123E-04   -1.44821E-04    2.07993E-03   -2.22415E-03
     3.31500E+00    1.37769E-03    1.22822E-03    4.71189E-01    4.75793E-04   -6.75704E-03    1.44530E-02    3.62207E-06   -1.47236E-05    1.04568E-05   -3.96502E-05    4.28725E-04   -1.41795E-04    2.05843E-03   -2.18688E-03
     3.32475E+00    1.35069E-03    1.19497E-03    4.71194E-01    4.62293E-04   -6.61675E-03    1.43242E-02    3.48144E-06   -1.41259E-05    1.00765E-05   -3.83670E-05    4.27357E-04   -1.38800E-04    2.03729E-03   -2.15000E-03
     3.33450E+00    1.32443E-03    1.16244E-03    4.71198E-01    4.49102E-04   -6.47771E-03    1.41974E-02    3.34654E-06   -1.35516E-05    9.70856E-06   -3.71256E-05    4.26019E-04   -1.35835E-04    2.01650E-03   -2.11350E-03
     3.34425E+00    1.29890E-03    1.13061E-03    4.71202E-01    4.36210E-04   -6.33989E-03    1.40726E-02    3.21712E-06   -1.29998E-05    9.35247E-06   -3.59247E-05    4.24709E-04   -1.32899E-04    1.99607E-03   -2.07736E-03
     3.35400E+00    1.27407E-03    1.09945E-03    4.71207E-01    4.23610E-04   -6.20329E-03    1.39497E-02    3.09297E-06   -1.24694E-05    9.00790E-06   -3.47629E-05    4.23427E-04   -1.29991E-04    1.97599E-03   -2.04157E-03
     3.36375E+00    1.24993E-03    1.06895E-03    4.71211E-01    4.11294E-04   -6.06787E-03    1.38287E-02    2.97390E-06   -1.19597E-05    8.67447E-06   -3.36391E-05    4.22174E-04   -1.27112E-04    1.95626E-03   -2.00611E-03
     3.37350E+00    1.22647E-03    1.03908E-03    4.71215E-01    3.99254E-04   -5.93362E-03    1.37096E-02    2.85969E-06   -1.14698E-05    8.35182E-06   -3.25521E-05    4.20948E-04   -1.24261E-04    1.93687E-03   -1.97097E-03
     3.38325E+00    1.20366E-03    1.00984E-03    4.71218E-01    3.87483E-04   -5.80053E-03    1.35923E-02    2.75017E-06   -1.09989E-05    8.03959E-06   -3.15007E-05    4.19750E-04   -1.21436E-04    1.91783E-03   -1.93613E-03
     3.39300E+00    1.18151E-03    9.81212E-04    4.71222E-01    3.75972E-04   -5.66857E-03    1.34768E-02    2.64515E-06   -1.05463E-05    7.73745E-06   -3.04838E-05    4.18580E-04   -1.18638E-04    1.89912E-03   -1.90158E-03
     3.40275E+00    1.16000E-03    9.53170E-04    4.71226E-01    3.64715E-04   -5.53772E-03    1.33631E-02    2.54446E-06   -1.01111E-05    7.44505E-06   -2.95002E-05    4.17437E-04   -1.15866E-04    1.88074E-03   -1.86730E-03
     3.41250E+00    1.13910E-03    9.25702E-04    4.71229E-01    3.53705E-04   -5.40798E-03    1.32512E-02    2.44793E-06   -9.69266E-06    7.16209E-06   -2.85491E-05    4.16321E-04   -1.13120E-04    1.86270E-03   -1.83328E-03
     3.42225E+00    1.11881E-03    8.98792E-04    4.71233E-01    3.42934E-04   -5.27932E-03    1.31410E-02    2.35540E-06   -9.29031E-06    6.88824E-06   -2.76293E-05    4.15231E-04   -1.10399E-04    1.84499E-03   -1.79950E-03
     3.43200E+00    1.09912E-03    8.72425E-04    4.71236E-01    3.32397E-04   -5.15172E-03    1.30326E-02    2.26672E-06   -8.90337E-06    6.62322E-06   -2.67400E-05    4.14168E-04   -1.07703E-04    1.82761E-03   -1.76595E-03
     3.44175E+00    1.08001E-03    8.46586E-04    4.71239E-01    3.22086E-04   -5.02518E-03    1.29259E-02    2.18174E-06   -8.53121E-06    6.36672E-06   -2.58802E-05    4.13131E-04   -1.05031E-04    1.81056E-03   -1.73260E-03
     3.45150E+00    1.06147E-03    8.21261E-04    4.71242E-01    3.11995E-04   -4.89967E-03    1.28208E-02    2.10032E-06   -8.17322E-06    6.11846E-06   -2.50489E-05    4.12120E-04   -1.02382E-04    1.79383E-03   -1.69944E-03
     3.46125E+00    1.04350E-03    7.96434E-04    4.71245E-01    3.02118E-04   -4.77517E-03    1.27173E-02    2.02232E-06   -7.82880E-06    5.87818E-06   -2.42455E-05    4.11134E-04   -9.97572E-05    1.77742E-03   -1.66647E-03
     3.47100E+00    1.02607E-03    7.72093E-04    4.71248E-01    2.92449E-04   -4.65167E-03    1.26155E-02    1.94762E-06   -7.49739E-06    5.64559E-06   -2.34690E-05    4.10174E-04   -9.71549E-05    1.76133E-03   -1.63364E-03
     3.48075E+00    1.00918E-03    7.48223E-04    4.71251E-01    2.82982E-04   -4.52916E-03    1.25153E-02    1.87608E-06   -7.17845E-06    5.42045E-06   -2.27186E-05    4.09240E-04   -9.45752E-05    1.74556E-03   -1.60097E-03
     3.49050E+00    9.92822E-04    7.24812E-04    4.71254E-01    2.73711E-04   -4.40762E-03    1.24167E-02    1.80760E-06   -6.87146E-06    5.20250E-06   -2.19936E-05    4.08330E-04   -9.20175E-05    1.73011E-03   -1.56841E-03
     3.50025E+00    9.76979E-04    7.01845E-04    4.71256E-01    2.64630E-04   -4.28703E-03    1.23197E-02    1.74205E-06   -6.57591E-06    4.99149E-06   -2.12933E-05    4.07445E-04   -8.94814E-05    1.71498E-03   -1.53596E-03
     3.51000E+00    9.61643E-04    6.79310E-04    4.71259E-01    2.55734E-04   -4.16738E-03    1.22241E-02    1.67933E-06   -6.29132E-06    4.78720E-06   -2.06169E-05    4.06585E-04   -8.69666E-05    1.70016E-03   -1.50360E-03
     3.51975E+00    9.46805E-04    6.57196E-04    4.71261E-01    2.47018E-04   -4.04866E-03    1.21301E-02    1.61934E-06   -6.01722E-06    4.58939E-06   -1.99639E-05    4.05749E-04   -8.44726E-05    1.68566E-03   -1.47131E-03
     3.52950E+00    9.32456E-04    6.35488E-04    4.71264E-01    2.38475E-04   -3.93084E-03    1.20376E-02    1.56196E-06   -5.75317E-06    4.39783E-06   -1.93334E-05    4.04938E-04   -8.19992E-05    1.67147E-03   -1.43907E-03
     3.53925E+00    9.18586E-04    6.14176E-04    4.71266E-01    2.30101E-04   -3.81392E-03    1.19466E-02    1.50712E-06   -5.49873E-06    4.21231E-06   -1.87250E-05    4.04150E-04   -7.95458E-05    1.65760E-03   -1.40686E-03
     3.54900E+00    9.05187E-04    5.93248E-04    4.71268E-01    2.21892E-04   -3.69788E-03    1.18570E-02    1.45471E-06   -5.25349E-06    4.03263E-06   -1.81380E-05    4.03387E-04   -7.71121E-05    1.64404E-03   -1.37467E-03
     3.55875E+00    8.92250E-04    5.72691E-04    4.71270E-01    2.13840E-04   -3.58270E-03    1.17689E-02    1.40465E-06   -5.01705E-06    3.85856E-06   -1.75718E-05    4.02647E-04   -7.46979E-05    1.63079E-03   -1.34246E-03
     3.56850E+00    8.79767E-04    5.52496E-04    4.71272E-01    2.05943E-04   -3.46838E-03    1.16822E-02    1.35685E-06   -4.78902E-06    3.68991E-06   -1.70260E-05    4.01930E-04   -7.23026E-05    1.61786E-03   -1.31023E-03
     3.57825E+00    8.67729E-04    5.32650E-04    4.71274E-01    1.98196E-04   -3.35490E-03    1.15969E-02    1.31123E-06   -4.56903E-06    3.52649E-06   -1.65000E-05    4.01237E-04   -6.99260E-05    1.60524E-03   -1.27795E-03
     3.58800E+00    8.56129E-04    5.13143E-04    4.71276E-01    1.90592E-04   -3.24224E-03    1.15130E-02    1.26773E-06   -4.35672E-06    3.36810E-06   -1.59932E-05    4.00566E-04   -6.75677E-05    1.59294E-03   -1.24559E-03
     3.59775E+00    8.44960E-04    4.93965E-04    4.71278E-01    1.83129E-04   -3.13039E-03    1.14304E-02    1.22626E-06   -4.15175E-06    3.21456E-06   -1.55053E-05    3.99919E-04   -6.52274E-05    1.58095E-03   -1.21315E-03
     3.60750E+00    8.34214E-04    4.75104E-04    4.71280E-01    1.75801E-04   -3.01934E-03    1.13492E-02    1.18675E-06   -3.95379E-06    3.06569E-06   -1.50357E-05    3.99294E-04   -6.29048E-05    1.56928E-03   -1.18058E-03
     3.61725E+00    8.23884E-04    4.56552E-04    4.71281E-01    1.68605E-04   -2.90908E-03    1.12693E-02    1.14913E-06   -3.76252E-06    2.92130E-06   -1.45841E-05    3.98692E-04   -6.05995E-05    1.55793E-03   -1.14788E-03
     3.62700E+00    8.13964E-04    4.38297E-04    4.71283E-01    1.61535E-04   -2.79959E-03    1.11907E-02    1.11336E-06   -3.57762E-06    2.78124E-06   -1.41500E-05    3.98113E-04   -5.83112E-05    1.54690E-03   -1.11501E-03
     3.63675E+00    8.04445E-04    4.20330E-04    4.71285E-01    1.54589E-04   -2.69085E-03    1.11134E-02    1.07935E-06   -3.39880E-06    2.64532E-06   -1.37331E-05    3.97555E-04   -5.60397E-05    1.53619E-03   -1.08195E-03
     3.64650E+00    7.95323E-04    4.02642E-04    4.71286E-01    1.47760E-04   -2.58287E-03    1.10374E-02    1.04706E-06   -3.22577E-06    2.51339E-06   -1.33329E-05    3.97020E-04   -5.37845E-05    1.52580E-03   -1.04868E-03
     3.65625E+00    7.86591E-04    3.85222E-04    4.71287E-01    1.41047E-04   -2.47562E-03    1.09627E-02    1.01643E-06   -3.05825E-06    2.38528E-06   -1.29491E-05    3.96506E-04   -5.15454E-05    1.51574E-03   -1.01516E-03
     3.66600E+00    7.78244E-04    3.68063E-04    4.71289E-01    1.34444E-04   -2.36909E-03    1.08892E-02    9.87408E-07   -2.89597E-06    2.26083E-06   -1.25815E-05    3.96015E-04   -4.93221E-05    1.50601E-03   -9.81378E-04
     3.67575E+00    7.70274E-04    3.51154E-04    4.71290E-01    1.27948E-04   -2.26328E-03    1.08169E-02    9.59944E-07   -2.73868E-06    2.13989E-06   -1.22296E-05    3.95544E-04   -4.71143E-05    1.49660E-03   -9.47297E-04
     3.68550E+00    7.62677E-04    3.34487E-04    4.71291E-01    1.21554E-04   -2.15816E-03    1.07458E-02    9.33989E-07   -2.58611E-06    2.02230E-06   -1.18933E-05    3.95096E-04   -4.49217E-05    1.48754E-03   -9.12891E-04
     3.69525E+00    7.55448E-04    3.18053E-04    4.71292E-01    1.15260E-04   -2.05373E-03    1.06760E-02    9.09500E-07   -2.43803E-06    1.90792E-06   -1.15722E-05    3.94668E-04   -4.27441E-05    1.47880E-03   -8.78129E-04
     3.70500E+00    7.48581E-04    3.01843E-04    4.71294E-01    1.09062E-04   -1.94998E-03    1.06073E-02    8.86434E-07   -2.29420E-06    1.79660E-06   -1.12661E-05    3.94262E-04   -4.05811E-05    1.47041E-03   -8.42981E-04
     3.71475E+00    7.42071E-04    2.85849E-04    4.71295E-01    1.02955E-04   -1.84689E-03    1.05398E-02    8.64750E-07   -2.15439E-06    1.68819E-06   -1.09747E-05    3.93877E-04   -3.84324E-05    1.46237E-03   -8.07413E-04
     3.72450E+00    7.35914E-04    2.70063E-04    4.71296E-01    9.69373E-05   -1.74445E-03    1.04735E-02    8.44411E-07   -2.01837E-06    1.58254E-06   -1.06979E-05    3.93513E-04   -3.62979E-05    1.45467E-03   -7.71394E-04
     3.73425E+00    7.30105E-04    2.54477E-04    4.71296E-01    9.10042E-05   -1.64265E-03    1.04083E-02    8.25380E-07   -1.88595E-06    1.47953E-06   -1.04354E-05    3.93169E-04   -3.41772E-05    1.44733E-03   -7.34889E-04
     3.74400E+00    7.24640E-04    2.39082E-04    4.71297E-01    8.51525E-05   -1.54148E-03    1.03442E-02    8.07624E-07   -1.75689E-06    1.37901E-06   -1.01871E-05    3.92846E-04   -3.20700E-05    1.44034E-03   -6.97863E-04
     3.75375E+00    7.19513E-04    2.23871E-04    4.71298E-01    7.93789E-05   -1.44093E-03    1.02812E-02    7.91111E-07   -1.63101E-06    1.28084E-06   -9.95280E-06    3.92544E-04   -2.99762E-05    1.43372E-03   -6.60278E-04
     3.76350E+00    7.14723E-04    2.08836E-04    4.71299E-01    7.36802E-05   -1.34100E-03    1.02194E-02    7.75810E-07   -1.50811E-06    1.18488E-06   -9.73239E-06    3.92262E-04   -2.78954E-05    1.42747E-03   -6.22097E-04
     3.77325E+00    7.10263E-04    1.93969E-04    4.71300E-01    6.80529E-05   -1.24165E-03    1.01586E-02    7.61694E-07   -1.38799E-06    1.09101E-06   -9.52574E-06    3.92000E-04   -2.58275E-05    1.42159E-03   -5.83281E-04
     3.78300E+00    7.06132E-04    1.79262E-04    4.71300E-01    6.24940E-05   -1.14290E-03    1.00989E-02    7.48736E-07   -1.27046E-06    9.99089E-07   -9.33275E-06    3.91758E-04   -2.37721E-05    1.41610E-03   -5.43788E-04
     3.79275E+00    7.02324E-04    1.64709E-04    4.71301E-01    5.70002E-05   -1.04472E-03    1.00402E-02    7.36912E-07   -1.15534E-06    9.08980E-07   -9.15333E-06    3.91536E-04   -2.17290E-05    1.41099E-03   -5.03577E-04
     3.80250E+00    6.98838E-04    1.50302E-04    4.71301E-01    5.15685E-05   -9.47113E-04    9.98263E-03    7.26199E-07   -1.04246E-06    8.20555E-07   -8.98741E-06    3.91334E-04   -1.96979E-05    1.40628E-03   -4.62603E-04
     3.81225E+00    6.95669E-04    1.36034E-04    4.71302E-01    4.61956E-05   -8.50059E-04    9.92607E-03    7.16577E-07   -9.31646E-07    7.33682E-07   -8.83496E-06    3.91152E-04   -1.76787E-05    1.40197E-03   -4.20821E-04
     3.82200E+00    6.92815E-04    1.21898E-04    4.71302E-01    4.08787E-05   -7.53551E-04    9.87053E-03    7.08026E-07   -8.22718E-07    6.48230E-07   -8.69594E-06    3.90989E-04   -1.56711E-05    1.39808E-03   -3.78184E-04
     3.83175E+00    6.90273E-04    1.07886E-04    4.71303E-01    3.56146E-05   -6.57581E-04    9.81600E-03    7.00529E-07   -7.15514E-07    5.64068E-07   -8.57035E-06    3.90846E-04   -1.36748E-05    1.39460E-03   -3.34643E-04
     3.84150E+00    6.88040E-04    9.39929E-05    4.71303E-01    3.04003E-05   -5.62137E-04    9.76247E-03    6.94069E-07   -6.09871E-07    4.81065E-07   -8.45821E-06    3.90723E-04   -1.16897E-05    1.39155E-03   -2.90146E-04
     3.85125E+00    6.86114E-04    8.02103E-05    4.71303E-01    2.52331E-05   -4.67210E-04    9.70993E-03    6.88632E-07   -5.05629E-07    3.99090E-07   -8.35953E-06    3.90618E-04   -9.71543E-06    1.38895E-03   -2.44642E-04
     3.86100E+00    6.84491E-04    6.65322E-05    4.71303E-01    2.01098E-05   -3.72790E-04    9.65837E-03    6.84205E-07   -4.02629E-07    3.18011E-07   -8.27437E-06    3.90533E-04   -7.75188E-06    1.38679E-03   -1.98074E-04
     3.87075E+00    6.83171E-04    5.29517E-05    4.71304E-01    1.50277E-05   -2.78869E-04    9.60777E-03    6.80777E-07   -3.00718E-07    2.37696E-07   -8.20281E-06    3.90467E-04   -5.79877E-06    1.38509E-03   -1.50387E-04
     3.88050E+00    6.82150E-04    3.94625E-05    4.71304E-01    9.98393E-06   -1.85436E-04    9.55812E-03    6.78338E-07   -1.99743E-07    1.58012E-07   -8.14494E-06    3.90420E-04   -3.85590E-06    1.38386E-03   -1.01520E-04
     3.89025E+00    6.81427E-04    2.60580E-05    4.71304E-01    4.97563E-06   -9.24829E-05    9.50942E-03    6.76879E-07   -9.95531E-08    7.88250E-08   -8.10087E-06    3.90392E-04   -1.92305E-06    1.38311E-03   -5.14124E-05
     3.90000E+00    6.81001E-04    1.27318E-05    4.71304E-01    7.72453E-26   -4.42077E-24    9.46165E-03    6.76394E-07   -5.26471E-28    8.11236E-29   -8.07074E-06    3.90383E-04   -2.44829E-25    1.38286E-03   -1.86694E-24
