     1.00000E-05    3.76247E+00   -2.02719E-05   -5.31939E-01    2.18003E-19   -1.64631E-05   -1.64631E+00    4.18764E-01   -2.99425E-19    6.68195E-06    6.68195E-01    3.50515E-01    4.45172E-19    7.95913E-11    1.59183E-05
     1.00100E-02    3.76149E+00    3.84943E-02   -5.31621E-01    6.36783E-02   -1.64751E-02   -1.64499E+00    4.18648E-01   -2.31476E-02    6.68604E-03    6.67423E-01    3.50377E-01   -2.75638E-02    7.97201E-05    1.59226E-02
     2.00099E-02    3.75857E+00    7.68831E-02   -5.30666E-01    1.27142E-01   -3.29074E-02   -1.64103E+00    4.18301E-01   -4.62269E-02    1.33500E-02    6.65113E-01    3.49964E-01   -5.50205E-02    3.18227E-04    3.17624E-02
     3.00099E-02    3.75371E+00    1.15138E-01   -5.29079E-01    1.90306E-01   -4.92869E-02   -1.63444E+00    4.17724E-01   -6.92159E-02    1.99832E-02    6.61277E-01    3.49277E-01   -8.23187E-02    7.14520E-04    4.74692E-02
     4.00099E-02    3.74692E+00    1.53193E-01   -5.26862E-01    2.53022E-01   -6.55875E-02   -1.62526E+00    4.16918E-01   -9.20701E-02    2.65705E-02    6.55931E-01    3.48319E-01   -1.09380E-01    1.26694E-03    6.29777E-02
     5.00099E-02    3.73822E+00    1.90983E-01   -5.24020E-01    3.15143E-01   -8.17835E-02   -1.61352E+00    4.15883E-01   -1.14745E-01    3.30968E-02    6.49101E-01    3.47091E-01   -1.36129E-01    1.97319E-03    7.82240E-02
     6.00099E-02    3.72761E+00    2.28443E-01   -5.20561E-01    3.76526E-01   -9.78493E-02   -1.59925E+00    4.14623E-01   -1.37198E-01    3.95476E-02    6.40819E-01    3.45597E-01   -1.62489E-01    2.83033E-03    9.31457E-02
     7.00098E-02    3.71513E+00    2.65509E-01   -5.16493E-01    4.37034E-01   -1.13760E-01   -1.58251E+00    4.13140E-01   -1.59385E-01    4.59085E-02    6.31123E-01    3.43842E-01   -1.88388E-01    3.83481E-03    1.07683E-01
     8.00098E-02    3.70079E+00    3.02120E-01   -5.11824E-01    4.96529E-01   -1.29491E-01   -1.56337E+00    4.11437E-01   -1.81265E-01    5.21655E-02    6.20057E-01    3.41831E-01   -2.13756E-01    4.98250E-03    1.21778E-01
     9.00098E-02    3.68463E+00    3.38215E-01   -5.06566E-01    5.54884E-01   -1.45020E-01   -1.54189E+00    4.09516E-01   -2.02797E-01    5.83052E-02    6.07671E-01    3.39569E-01   -2.38526E-01    6.26869E-03    1.35375E-01
     1.00010E-01    3.66668E+00    3.73735E-01   -5.00731E-01    6.11972E-01   -1.60322E-01   -1.51814E+00    4.07382E-01   -2.23942E-01    6.43146E-02    5.94022E-01    3.37063E-01   -2.62633E-01    7.68816E-03    1.48425E-01
     1.10010E-01    3.64697E+00    4.08625E-01   -4.94331E-01    6.67676E-01   -1.75375E-01   -1.49222E+00    4.05039E-01   -2.44661E-01    7.01816E-02    5.79170E-01    3.34319E-01   -2.86017E-01    9.23518E-03    1.60877E-01
     1.20010E-01    3.62553E+00    4.42828E-01   -4.87382E-01    7.21884E-01   -1.90159E-01   -1.46420E+00    4.02490E-01   -2.64919E-01    7.58942E-02    5.63180E-01    3.31345E-01   -3.08622E-01    1.09036E-02    1.72689E-01
     1.30010E-01    3.60242E+00    4.76294E-01   -4.79899E-01    7.74490E-01   -2.04652E-01   -1.43420E+00    3.99742E-01   -2.84680E-01    8.14416E-02    5.46124E-01    3.28149E-01   -3.30394E-01    1.26867E-02    1.83820E-01
     1.40010E-01    3.57767E+00    5.08973E-01   -4.71898E-01    8.25398E-01   -2.18836E-01   -1.40231E+00    3.96799E-01   -3.03910E-01    8.68133E-02    5.28073E-01    3.24740E-01   -3.51287E-01    1.45776E-02    1.94234E-01
     1.50010E-01    3.55134E+00    5.40817E-01   -4.63397E-01    8.74516E-01   -2.32693E-01   -1.36863E+00    3.93666E-01   -3.22580E-01    9.20000E-02    5.09105E-01    3.21127E-01   -3.71256E-01    1.65688E-02    2.03898E-01
     1.60010E-01    3.52346E+00    5.71782E-01   -4.54414E-01    9.21763E-01   -2.46203E-01   -1.33328E+00    3.90349E-01   -3.40658E-01    9.69926E-02    4.89300E-01    3.17318E-01   -3.90262E-01    1.86529E-02    2.12786E-01
     1.70010E-01    3.49410E+00    6.01827E-01   -4.44968E-01    9.67064E-01   -2.59353E-01   -1.29638E+00    3.86855E-01   -3.58117E-01    1.01783E-01    4.68738E-01    3.13325E-01   -4.08272E-01    2.08219E-02    2.20875E-01
     1.80010E-01    3.46330E+00    6.30914E-01   -4.35079E-01    1.01035E+00   -2.72126E-01   -1.25803E+00    3.83189E-01   -3.74933E-01    1.06365E-01    4.47502E-01    3.09156E-01   -4.25256E-01    2.30677E-02    2.28147E-01
     1.90010E-01    3.43113E+00    6.59006E-01   -4.24768E-01    1.05157E+00   -2.84509E-01   -1.21837E+00    3.79358E-01   -3.91082E-01    1.10731E-01    4.25678E-01    3.04823E-01   -4.41189E-01    2.53820E-02    2.34587E-01
     2.00010E-01    3.39763E+00    6.86072E-01   -4.14055E-01    1.09067E+00   -2.96489E-01   -1.17750E+00    3.75370E-01   -4.06543E-01    1.14877E-01    4.03349E-01    3.00336E-01   -4.56051E-01    2.77566E-02    2.40187E-01
     2.10009E-01    3.36287E+00    7.12083E-01   -4.02962E-01    1.12761E+00   -3.08056E-01   -1.13555E+00    3.71230E-01   -4.21297E-01    1.18797E-01    3.80599E-01    2.95706E-01   -4.69829E-01    3.01829E-02    2.44942E-01
     2.20009E-01    3.32691E+00    7.37013E-01   -3.91510E-01    1.16234E+00   -3.19197E-01   -1.09265E+00    3.66946E-01   -4.35327E-01    1.22488E-01    3.57515E-01    2.90943E-01   -4.82511E-01    3.26526E-02    2.48851E-01
     2.30009E-01    3.28981E+00    7.60839E-01   -3.79723E-01    1.19486E+00   -3.29906E-01   -1.04892E+00    3.62526E-01   -4.48619E-01    1.25946E-01    3.34177E-01    2.86059E-01   -4.94093E-01    3.51571E-02    2.51919E-01
     2.40009E-01    3.25163E+00    7.83542E-01   -3.67621E-01    1.22514E+00   -3.40173E-01   -1.00447E+00    3.57976E-01   -4.61161E-01    1.29171E-01    3.10669E-01    2.81065E-01   -5.04572E-01    3.76881E-02    2.54153E-01
     2.50009E-01    3.21244E+00    8.05105E-01   -3.55227E-01    1.25316E+00   -3.49993E-01   -9.59426E-01    3.53305E-01   -4.72944E-01    1.32160E-01    2.87071E-01    2.75972E-01   -5.13954E-01    4.02374E-02    2.55565E-01
     2.60009E-01    3.17231E+00    8.25515E-01   -3.42565E-01    1.27893E+00   -3.59360E-01   -9.13908E-01    3.48520E-01   -4.83960E-01    1.34912E-01    2.63459E-01    2.70790E-01   -5.22244E-01    4.27967E-02    2.56170E-01
     2.70009E-01    3.13128E+00    8.44763E-01   -3.29656E-01    1.30245E+00   -3.68270E-01   -8.68030E-01    3.43628E-01   -4.94204E-01    1.37429E-01    2.39911E-01    2.65530E-01   -5.29456E-01    4.53581E-02    2.55987E-01
     2.80009E-01    3.08944E+00    8.62843E-01   -3.16524E-01    1.32373E+00   -3.76720E-01   -8.21906E-01    3.38638E-01   -5.03672E-01    1.39711E-01    2.16497E-01    2.60204E-01   -5.35603E-01    4.79139E-02    2.55038E-01
     2.90009E-01    3.04684E+00    8.79749E-01   -3.03189E-01    1.34278E+00   -3.84708E-01   -7.75646E-01    3.33558E-01   -5.12365E-01    1.41760E-01    1.93288E-01    2.54822E-01   -5.40705E-01    5.04564E-02    2.53349E-01
     3.00009E-01    3.00355E+00    8.95482E-01   -2.89675E-01    1.35962E+00   -3.92233E-01   -7.29357E-01    3.28394E-01   -5.20283E-01    1.43577E-01    1.70349E-01    2.49394E-01   -5.44785E-01    5.29785E-02    2.50946E-01
     3.10009E-01    2.95964E+00    9.10045E-01   -2.76004E-01    1.37429E+00   -3.99295E-01   -6.83142E-01    3.23155E-01   -5.27430E-01    1.45168E-01    1.47742E-01    2.43930E-01   -5.47866E-01    5.54730E-02    2.47861E-01
     3.20009E-01    2.91516E+00    9.23441E-01   -2.62197E-01    1.38681E+00   -4.05896E-01   -6.37101E-01    3.17848E-01   -5.33811E-01    1.46534E-01    1.25526E-01    2.38440E-01   -5.49978E-01    5.79335E-02    2.44124E-01
     3.30009E-01    2.87019E+00    9.35679E-01   -2.48275E-01    1.39723E+00   -4.12038E-01   -5.91331E-01    3.12481E-01   -5.39433E-01    1.47680E-01    1.03755E-01    2.32933E-01   -5.51150E-01    6.03534E-02    2.39770E-01
     3.40009E-01    2.82477E+00    9.46769E-01   -2.34259E-01    1.40559E+00   -4.17724E-01   -5.45921E-01    3.07062E-01   -5.44307E-01    1.48610E-01    8.24783E-02    2.27420E-01   -5.51416E-01    6.27269E-02    2.34834E-01
     3.50009E-01    2.77899E+00    9.56725E-01   -2.20170E-01    1.41193E+00   -4.22958E-01   -5.00960E-01    3.01597E-01   -5.48442E-01    1.49331E-01    6.17431E-02    2.21908E-01   -5.50810E-01    6.50483E-02    2.29354E-01
     3.60009E-01    2.73289E+00    9.65560E-01   -2.06027E-01    1.41630E+00   -4.27745E-01   -4.56530E-01    2.96095E-01   -5.51851E-01    1.49847E-01    4.15908E-02    2.16406E-01   -5.49367E-01    6.73123E-02    2.23366E-01
     3.70009E-01    2.68653E+00    9.73294E-01   -1.91850E-01    1.41877E+00   -4.32090E-01   -4.12709E-01    2.90563E-01   -5.54549E-01    1.50165E-01    2.20589E-02    2.10923E-01   -5.47127E-01    6.95140E-02    2.16910E-01
     3.80009E-01    2.63998E+00    9.79944E-01   -1.77658E-01    1.41937E+00   -4.36001E-01   -3.69572E-01    2.85007E-01   -5.56551E-01    1.50290E-01    3.18069E-03    2.05466E-01   -5.44128E-01    7.16490E-02    2.10024E-01
     3.90009E-01    2.59328E+00    9.85534E-01   -1.63469E-01    1.41819E+00   -4.39484E-01   -3.27186E-01    2.79434E-01   -5.57874E-01    1.50231E-01   -1.50147E-02    2.00043E-01   -5.40410E-01    7.37132E-02    2.02748E-01
     4.00009E-01    2.54650E+00    9.90086E-01   -1.49300E-01    1.41527E+00   -4.42548E-01   -2.85617E-01    2.73851E-01   -5.58536E-01    1.49993E-01   -3.25023E-02    1.94660E-01   -5.36012E-01    7.57028E-02    1.95121E-01
     4.10009E-01    2.49969E+00    9.93625E-01   -1.35169E-01    1.41069E+00   -4.45200E-01   -2.44923E-01    2.68265E-01   -5.58557E-01    1.49583E-01   -4.92612E-02    1.89325E-01   -5.30978E-01    7.76146E-02    1.87181E-01
     4.20009E-01    2.45290E+00    9.96178E-01   -1.21092E-01    1.40451E+00   -4.47449E-01   -2.05159E-01    2.62682E-01   -5.57958E-01    1.49010E-01   -6.52744E-02    1.84043E-01   -5.25346E-01    7.94455E-02    1.78969E-01
     4.30009E-01    2.40617E+00    9.97772E-01   -1.07084E-01    1.39680E+00   -4.49306E-01   -1.66377E-01    2.57108E-01   -5.56759E-01    1.48280E-01   -8.05288E-02    1.78820E-01   -5.19160E-01    8.11931E-02    1.70520E-01
     4.40009E-01    2.35956E+00    9.98437E-01   -9.31608E-02    1.38762E+00   -4.50780E-01   -1.28621E-01    2.51549E-01   -5.54982E-01    1.47402E-01   -9.50150E-02    1.73661E-01   -5.12459E-01    8.28552E-02    1.61873E-01
     4.50009E-01    2.31312E+00    9.98203E-01   -7.93363E-02    1.37706E+00   -4.51882E-01   -9.19319E-02    2.46010E-01   -5.52652E-01    1.46382E-01   -1.08727E-01    1.68572E-01   -5.05284E-01    8.44300E-02    1.53064E-01
     4.60009E-01    2.26688E+00    9.97101E-01   -6.56240E-02    1.36519E+00   -4.52622E-01   -5.63469E-02    2.40498E-01   -5.49790E-01    1.45230E-01   -1.21662E-01    1.63557E-01   -4.97677E-01    8.59161E-02    1.44127E-01
     4.70009E-01    2.22089E+00    9.95163E-01   -5.20368E-02    1.35207E+00   -4.53013E-01   -2.18976E-02    2.35016E-01   -5.46422E-01    1.43952E-01   -1.33820E-01    1.58620E-01   -4.89675E-01    8.73123E-02    1.35098E-01
     4.80009E-01    2.17518E+00    9.92422E-01   -3.85866E-02    1.33778E+00   -4.53064E-01    1.13883E-02    2.29571E-01   -5.42571E-01    1.42556E-01   -1.45205E-01    1.53765E-01   -4.81317E-01    8.86178E-02    1.26008E-01
     4.90009E-01    2.12980E+00    9.88911E-01   -2.52848E-02    1.32240E+00   -4.52789E-01    4.34876E-02    2.24166E-01   -5.38262E-01    1.41050E-01   -1.55824E-01    1.48995E-01   -4.72642E-01    8.98323E-02    1.16888E-01
     5.00009E-01    2.08479E+00    9.84664E-01   -1.21421E-02    1.30599E+00   -4.52199E-01    7.43812E-02    2.18807E-01   -5.33520E-01    1.39442E-01   -1.65685E-01    1.44313E-01   -4.63686E-01    9.09556E-02    1.07769E-01
     5.10009E-01    2.04017E+00    9.79714E-01    8.31771E-04    1.28864E+00   -4.51305E-01    1.04054E-01    2.13497E-01   -5.28369E-01    1.37739E-01   -1.74798E-01    1.39722E-01   -4.54484E-01    9.19878E-02    9.86779E-02
     5.20009E-01    1.99598E+00    9.74095E-01    1.36277E-02    1.27041E+00   -4.50122E-01    1.32496E-01    2.08241E-01   -5.22835E-01    1.35949E-01   -1.83179E-01    1.35224E-01   -4.45071E-01    9.29293E-02    8.96417E-02
     5.30009E-01    1.95224E+00    9.67842E-01    2.62371E-02    1.25137E+00   -4.48660E-01    1.59699E-01    2.03042E-01   -5.16943E-01    1.34078E-01   -1.90841E-01    1.30821E-01   -4.35480E-01    9.37809E-02    8.06852E-02
     5.40009E-01    1.90899E+00    9.60988E-01    3.86526E-02    1.23160E+00   -4.46932E-01    1.85660E-01    1.97903E-01   -5.10716E-01    1.32134E-01   -1.97802E-01    1.26515E-01   -4.25741E-01    9.45434E-02    7.18315E-02
     5.50009E-01    1.86625E+00    9.53568E-01    5.08669E-02    1.21117E+00   -4.44950E-01    2.10380E-01    1.92829E-01   -5.04179E-01    1.30124E-01   -2.04080E-01    1.22307E-01   -4.15885E-01    9.52179E-02    6.31020E-02
     5.60009E-01    1.82404E+00    9.45614E-01    6.28739E-02    1.19014E+00   -4.42728E-01    2.33861E-01    1.87821E-01   -4.97357E-01    1.28055E-01   -2.09696E-01    1.18197E-01   -4.05940E-01    9.58059E-02    5.45165E-02
     5.70009E-01    1.78238E+00    9.37160E-01    7.46679E-02    1.16859E+00   -4.40277E-01    2.56113E-01    1.82882E-01   -4.90272E-01    1.25932E-01   -2.14670E-01    1.14188E-01   -3.95935E-01    9.63088E-02    4.60931E-02
     5.80009E-01    1.74130E+00    9.28239E-01    8.62441E-02    1.14657E+00   -4.37610E-01    2.77144E-01    1.78016E-01   -4.82948E-01    1.23763E-01   -2.19025E-01    1.10279E-01   -3.85893E-01    9.67283E-02    3.78482E-02
     5.90009E-01    1.70081E+00    9.18882E-01    9.75980E-02    1.12416E+00   -4.34739E-01    2.96967E-01    1.73224E-01   -4.75408E-01    1.21554E-01   -2.22784E-01    1.06470E-01   -3.75841E-01    9.70664E-02    2.97965E-02
     6.00008E-01    1.66093E+00    9.09123E-01    1.08726E-01    1.10140E+00   -4.31675E-01    3.15600E-01    1.68509E-01   -4.67674E-01    1.19310E-01   -2.25970E-01    1.02762E-01   -3.65799E-01    9.73250E-02    2.19513E-02
     6.10008E-01    1.62168E+00    8.98990E-01    1.19625E-01    1.07837E+00   -4.28430E-01    3.33060E-01    1.63871E-01   -4.59766E-01    1.17036E-01   -2.28609E-01    9.91542E-02   -3.55789E-01    9.75062E-02    1.43243E-02
     6.20008E-01    1.58305E+00    8.88515E-01    1.30293E-01    1.05512E+00   -4.25017E-01    3.49368E-01    1.59314E-01   -4.51707E-01    1.14739E-01   -2.30723E-01    9.56462E-02   -3.45831E-01    9.76122E-02    6.92547E-03
     6.30008E-01    1.54507E+00    8.77727E-01    1.40727E-01    1.03170E+00   -4.21447E-01    3.64548E-01    1.54838E-01   -4.43516E-01    1.12424E-01   -2.32338E-01    9.22374E-02   -3.35942E-01    9.76455E-02   -2.36423E-04
     6.40008E-01    1.50775E+00    8.66654E-01    1.50926E-01    1.00818E+00   -4.17730E-01    3.78624E-01    1.50444E-01   -4.35213E-01    1.10094E-01   -2.33480E-01    8.89271E-02   -3.26141E-01    9.76083E-02   -7.15410E-03
     6.50008E-01    1.47108E+00    8.55325E-01    1.60890E-01    9.84583E-01   -4.13878E-01    3.91624E-01    1.46134E-01   -4.26816E-01    1.07755E-01   -2.34172E-01    8.57143E-02   -3.16441E-01    9.75032E-02   -1.38216E-02
     6.60008E-01    1.43509E+00    8.43766E-01    1.70618E-01    9.60975E-01   -4.09901E-01    4.03576E-01    1.41908E-01   -4.18343E-01    1.05412E-01   -2.34440E-01    8.25979E-02   -3.06857E-01    9.73327E-02   -2.02342E-02
     6.70008E-01    1.39976E+00    8.32003E-01    1.80110E-01    9.37397E-01   -4.05810E-01    4.14511E-01    1.37767E-01   -4.09812E-01    1.03068E-01   -2.34308E-01    7.95767E-02   -2.97402E-01    9.70994E-02   -2.63885E-02
     6.80008E-01    1.36511E+00    8.20060E-01    1.89366E-01    9.13891E-01   -4.01614E-01    4.24459E-01    1.33712E-01   -4.01239E-01    1.00727E-01   -2.33800E-01    7.66494E-02   -2.88088E-01    9.68058E-02   -3.22820E-02
     6.90008E-01    1.33114E+00    8.07963E-01    1.98388E-01    8.90497E-01   -3.97324E-01    4.33452E-01    1.29742E-01   -3.92639E-01    9.83932E-02   -2.32941E-01    7.38145E-02   -2.78923E-01    9.64546E-02   -3.79134E-02
     7.00008E-01    1.29785E+00    7.95734E-01    2.07176E-01    8.67251E-01   -3.92948E-01    4.41525E-01    1.25859E-01   -3.84028E-01    9.60695E-02   -2.31753E-01    7.10704E-02   -2.69918E-01    9.60484E-02   -4.32825E-02
     7.10008E-01    1.26524E+00    7.83395E-01    2.15733E-01    8.44189E-01   -3.88496E-01    4.48710E-01    1.22062E-01   -3.75419E-01    9.37591E-02   -2.30260E-01    6.84155E-02   -2.61081E-01    9.55899E-02   -4.83897E-02
     7.20008E-01    1.23331E+00    7.70967E-01    2.24061E-01    8.21342E-01   -3.83977E-01    4.55042E-01    1.18351E-01   -3.66826E-01    9.14652E-02   -2.28484E-01    6.58482E-02   -2.52418E-01    9.50815E-02   -5.32366E-02
     7.30008E-01    1.20205E+00    7.58470E-01    2.32161E-01    7.98739E-01   -3.79398E-01    4.60555E-01    1.14725E-01   -3.58262E-01    8.91904E-02   -2.26445E-01    6.33666E-02   -2.43935E-01    9.45260E-02   -5.78252E-02
     7.40008E-01    1.17146E+00    7.45923E-01    2.40036E-01    7.76408E-01   -3.74769E-01    4.65285E-01    1.11185E-01   -3.49737E-01    8.69371E-02   -2.24166E-01    6.09689E-02   -2.35637E-01    9.39259E-02   -6.21587E-02
     7.50008E-01    1.14154E+00    7.33344E-01    2.47690E-01    7.54373E-01   -3.70095E-01    4.69265E-01    1.07730E-01   -3.41263E-01    8.47078E-02   -2.21667E-01    5.86532E-02   -2.27530E-01    9.32837E-02   -6.62404E-02
     7.60008E-01    1.11228E+00    7.20751E-01    2.55125E-01    7.32656E-01   -3.65386E-01    4.72531E-01    1.04360E-01   -3.32851E-01    8.25045E-02   -2.18966E-01    5.64177E-02   -2.19614E-01    9.26019E-02   -7.00746E-02
     7.70008E-01    1.08369E+00    7.08159E-01    2.62344E-01    7.11278E-01   -3.60647E-01    4.75117E-01    1.01073E-01   -3.24509E-01    8.03291E-02   -2.16083E-01    5.42603E-02   -2.11895E-01    9.18830E-02   -7.36658E-02
     7.80008E-01    1.05574E+00    6.95584E-01    2.69352E-01    6.90256E-01   -3.55885E-01    4.77057E-01    9.78695E-02   -3.16247E-01    7.81834E-02   -2.13035E-01    5.21791E-02   -2.04372E-01    9.11294E-02   -7.70193E-02
     7.90008E-01    1.02844E+00    6.83041E-01    2.76151E-01    6.69605E-01   -3.51108E-01    4.78385E-01    9.47480E-02   -3.08073E-01    7.60689E-02   -2.09840E-01    5.01722E-02   -1.97047E-01    9.03434E-02   -8.01406E-02
     8.00008E-01    1.00177E+00    6.70542E-01    2.82745E-01    6.49340E-01   -3.46320E-01    4.79133E-01    9.17077E-02   -2.99993E-01    7.39870E-02   -2.06514E-01    4.82375E-02   -1.89922E-01    8.95273E-02   -8.30355E-02
     8.10008E-01    9.75737E-01    6.58100E-01    2.89139E-01    6.29472E-01   -3.41527E-01    4.79335E-01    8.87478E-02   -2.92015E-01    7.19390E-02   -2.03073E-01    4.63731E-02   -1.82995E-01    8.86834E-02   -8.57101E-02
     8.20008E-01    9.50322E-01    6.45727E-01    2.95336E-01    6.10011E-01   -3.36735E-01    4.79021E-01    8.58671E-02   -2.84146E-01    6.99259E-02   -1.99530E-01    4.45770E-02   -1.76266E-01    8.78138E-02   -8.81710E-02
     8.30008E-01    9.25520E-01    6.33434E-01    3.01340E-01    5.90965E-01   -3.31948E-01    4.78224E-01    8.30645E-02   -2.76390E-01    6.79487E-02   -1.95901E-01    4.28472E-02   -1.69734E-01    8.69207E-02   -9.04248E-02
     8.40008E-01    9.01320E-01    6.21231E-01    3.07156E-01    5.72341E-01   -3.27172E-01    4.76972E-01    8.03389E-02   -2.68752E-01    6.60081E-02   -1.92199E-01    4.11817E-02   -1.63398E-01    8.60060E-02   -9.24782E-02
     8.50008E-01    8.77714E-01    6.09127E-01    3.12789E-01    5.54143E-01   -3.22410E-01    4.75296E-01    7.76891E-02   -2.61238E-01    6.41049E-02   -1.88436E-01    3.95786E-02   -1.57256E-01    8.50718E-02   -9.43382E-02
     8.60008E-01    8.54691E-01    5.97131E-01    3.18241E-01    5.36376E-01   -3.17667E-01    4.73223E-01    7.51137E-02   -2.53851E-01    6.22396E-02   -1.84623E-01    3.80359E-02   -1.51305E-01    8.41199E-02   -9.60117E-02
     8.70008E-01    8.32242E-01    5.85251E-01    3.23517E-01    5.19042E-01   -3.12947E-01    4.70780E-01    7.26116E-02   -2.46594E-01    6.04126E-02   -1.80771E-01    3.65518E-02   -1.45543E-01    8.31522E-02   -9.75058E-02
     8.80008E-01    8.10357E-01    5.73495E-01    3.28623E-01    5.02142E-01   -3.08253E-01    4.67995E-01    7.01814E-02   -2.39470E-01    5.86243E-02   -1.76892E-01    3.51244E-02   -1.39968E-01    8.21704E-02   -9.88277E-02
     8.90008E-01    7.89025E-01    5.61868E-01    3.33562E-01    4.85676E-01   -3.03588E-01    4.64893E-01    6.78218E-02   -2.32483E-01    5.68748E-02   -1.72994E-01    3.37519E-02   -1.34575E-01    8.11762E-02   -9.99843E-02
     9.00008E-01    7.68235E-01    5.50376E-01    3.38338E-01    4.69643E-01   -2.98956E-01    4.61498E-01    6.55313E-02   -2.25633E-01    5.51644E-02   -1.69087E-01    3.24323E-02   -1.29362E-01    8.01712E-02   -1.00983E-01
     9.10008E-01    7.47977E-01    5.39026E-01    3.42956E-01    4.54040E-01   -2.94359E-01    4.57833E-01    6.33087E-02   -2.18923E-01    5.34931E-02   -1.65178E-01    3.11641E-02   -1.24326E-01    7.91570E-02   -1.01830E-01
     9.20008E-01    7.28241E-01    5.27822E-01    3.47420E-01    4.38865E-01   -2.89800E-01    4.53920E-01    6.11524E-02   -2.12354E-01    5.18608E-02   -1.61276E-01    2.99453E-02   -1.19462E-01    7.81351E-02   -1.02533E-01
     9.30008E-01    7.09015E-01    5.16768E-01    3.51735E-01    4.24115E-01   -2.85281E-01    4.49782E-01    5.90611E-02   -2.05927E-01    5.02675E-02   -1.57387E-01    2.87743E-02   -1.14767E-01    7.71068E-02   -1.03099E-01
     9.40008E-01    6.90290E-01    5.05868E-01    3.55904E-01    4.09785E-01   -2.80805E-01    4.45438E-01    5.70334E-02   -1.99642E-01    4.87130E-02   -1.53519E-01    2.76494E-02   -1.10237E-01    7.60736E-02   -1.03533E-01
     9.50008E-01    6.72053E-01    4.95125E-01    3.59932E-01    3.95869E-01   -2.76373E-01    4.40908E-01    5.50678E-02   -1.93500E-01    4.71971E-02   -1.49676E-01    2.65690E-02   -1.05869E-01    7.50366E-02   -1.03844E-01
     9.60008E-01    6.54295E-01    4.84542E-01    3.63823E-01    3.82363E-01   -2.71988E-01    4.36211E-01    5.31629E-02   -1.87501E-01    4.57194E-02   -1.45864E-01    2.55315E-02   -1.01657E-01    7.39971E-02   -1.04037E-01
     9.70008E-01    6.37004E-01    4.74122E-01    3.67580E-01    3.69259E-01   -2.67650E-01    4.31363E-01    5.13173E-02   -1.81644E-01    4.42797E-02   -1.42089E-01    2.45353E-02   -9.75988E-02    7.29562E-02   -1.04119E-01
     9.80008E-01    6.20171E-01    4.63866E-01    3.71209E-01    3.56552E-01   -2.63361E-01    4.26381E-01    4.95296E-02   -1.75930E-01    4.28775E-02   -1.38355E-01    2.35790E-02   -9.36891E-02    7.19151E-02   -1.04095E-01
     9.90008E-01    6.03784E-01    4.53777E-01    3.74713E-01    3.44235E-01   -2.59122E-01    4.21282E-01    4.77983E-02   -1.70357E-01    4.15124E-02   -1.34666E-01    2.26611E-02   -8.99242E-02    7.08747E-02   -1.03972E-01
     1.00001E+00    5.87833E-01    4.43855E-01    3.78095E-01    3.32300E-01   -2.54936E-01    4.16079E-01    4.61220E-02   -1.64924E-01    4.01840E-02   -1.31025E-01    2.17801E-02   -8.62998E-02    6.98359E-02   -1.03755E-01
     1.01001E+00    5.72309E-01    4.34101E-01    3.81360E-01    3.20739E-01   -2.50801E-01    4.10786E-01    4.44993E-02   -1.59631E-01    3.88918E-02   -1.27436E-01    2.09346E-02   -8.28120E-02    6.87998E-02   -1.03451E-01
     1.02001E+00    5.57199E-01    4.24517E-01    3.84511E-01    3.09546E-01   -2.46720E-01    4.05418E-01    4.29289E-02   -1.54475E-01    3.76351E-02   -1.23902E-01    2.01234E-02   -7.94566E-02    6.77672E-02   -1.03064E-01
     1.03001E+00    5.42495E-01    4.15101E-01    3.87552E-01    2.98711E-01   -2.42693E-01    3.99986E-01    4.14094E-02   -1.49456E-01    3.64135E-02   -1.20425E-01    1.93451E-02   -7.62294E-02    6.67388E-02   -1.02600E-01
     1.04001E+00    5.28186E-01    4.05856E-01    3.90486E-01    2.88227E-01   -2.38721E-01    3.94501E-01    3.99394E-02   -1.44572E-01    3.52264E-02   -1.17008E-01    1.85984E-02   -7.31266E-02    6.57155E-02   -1.02064E-01
     1.05001E+00    5.14263E-01    3.96780E-01    3.93318E-01    2.78085E-01   -2.34803E-01    3.88974E-01    3.85175E-02   -1.39821E-01    3.40732E-02   -1.13652E-01    1.78821E-02   -7.01440E-02    6.46978E-02   -1.01461E-01
     1.06001E+00    5.00716E-01    3.87872E-01    3.96049E-01    2.68277E-01   -2.30941E-01    3.83416E-01    3.71425E-02   -1.35201E-01    3.29532E-02   -1.10358E-01    1.71951E-02   -6.72778E-02    6.36865E-02   -1.00795E-01
     1.07001E+00    4.87535E-01    3.79133E-01    3.98684E-01    2.58795E-01   -2.27135E-01    3.77836E-01    3.58131E-02   -1.30710E-01    3.18658E-02   -1.07129E-01    1.65362E-02   -6.45242E-02    6.26821E-02   -1.00071E-01
     1.08001E+00    4.74710E-01    3.70562E-01    4.01226E-01    2.49630E-01   -2.23385E-01    3.72243E-01    3.45279E-02   -1.26346E-01    3.08104E-02   -1.03966E-01    1.59043E-02   -6.18792E-02    6.16852E-02   -9.92937E-02
     1.09001E+00    4.62234E-01    3.62157E-01    4.03678E-01    2.40773E-01   -2.19690E-01    3.66645E-01    3.32857E-02   -1.22108E-01    2.97863E-02   -1.00869E-01    1.52983E-02   -5.93392E-02    6.06964E-02   -9.84668E-02
     1.10001E+00    4.50096E-01    3.53917E-01    4.06043E-01    2.32217E-01   -2.16052E-01    3.61049E-01    3.20853E-02   -1.17992E-01    2.87928E-02   -9.78380E-02    1.47172E-02   -5.69005E-02    5.97160E-02   -9.75942E-02
     1.11001E+00    4.38288E-01    3.45841E-01    4.08323E-01    2.23953E-01   -2.12469E-01    3.55463E-01    3.09255E-02   -1.13997E-01    2.78293E-02   -9.48749E-02    1.41599E-02   -5.45596E-02    5.87446E-02   -9.66800E-02
     1.12001E+00    4.26801E-01    3.37928E-01    4.10523E-01    2.15972E-01   -2.08942E-01    3.49892E-01    2.98050E-02   -1.10120E-01    2.68951E-02   -9.19793E-02    1.36257E-02   -5.23130E-02    5.77826E-02   -9.57276E-02
     1.13001E+00    4.15627E-01    3.30176E-01    4.12644E-01    2.08267E-01   -2.05471E-01    3.44344E-01    2.87227E-02   -1.06359E-01    2.59895E-02   -8.91515E-02    1.31134E-02   -5.01572E-02    5.68302E-02   -9.47405E-02
     1.14001E+00    4.04757E-01    3.22583E-01    4.14689E-01    2.00829E-01   -2.02055E-01    3.38823E-01    2.76774E-02   -1.02711E-01    2.51118E-02   -8.63913E-02    1.26222E-02   -4.80890E-02    5.58879E-02   -9.37221E-02
     1.15001E+00    3.94183E-01    3.15148E-01    4.16661E-01    1.93650E-01   -1.98695E-01    3.33334E-01    2.66681E-02   -9.91748E-02    2.42614E-02   -8.36985E-02    1.21513E-02   -4.61051E-02    5.49559E-02   -9.26753E-02
     1.16001E+00    3.83898E-01    3.07868E-01    4.18563E-01    1.86722E-01   -1.95389E-01    3.27883E-01    2.56936E-02   -9.57467E-02    2.34376E-02   -8.10729E-02    1.16999E-02   -4.42023E-02    5.40345E-02   -9.16033E-02
     1.17001E+00    3.73892E-01    3.00742E-01    4.20396E-01    1.80038E-01   -1.92137E-01    3.22473E-01    2.47528E-02   -9.24247E-02    2.26398E-02   -7.85140E-02    1.12670E-02   -4.23777E-02    5.31239E-02   -9.05087E-02
     1.18001E+00    3.64160E-01    2.93768E-01    4.22164E-01    1.73590E-01   -1.88939E-01    3.17108E-01    2.38448E-02   -8.92063E-02    2.18671E-02   -7.60212E-02    1.08521E-02   -4.06283E-02    5.22243E-02   -8.93943E-02
     1.19001E+00    3.54692E-01    2.86943E-01    4.23869E-01    1.67370E-01   -1.85795E-01    3.11792E-01    2.29684E-02   -8.60892E-02    2.11191E-02   -7.35940E-02    1.04542E-02   -3.89511E-02    5.13361E-02   -8.82626E-02
     1.20001E+00    3.45483E-01    2.80265E-01    4.25512E-01    1.61371E-01   -1.82703E-01    3.06527E-01    2.21227E-02   -8.30707E-02    2.03951E-02   -7.12316E-02    1.00728E-02   -3.73435E-02    5.04591E-02   -8.71160E-02
     1.21001E+00    3.36524E-01    2.73733E-01    4.27097E-01    1.55587E-01   -1.79664E-01    3.01318E-01    2.13066E-02   -8.01484E-02    1.96943E-02   -6.89331E-02    9.70713E-03   -3.58026E-02    4.95938E-02   -8.59567E-02
     1.22001E+00    3.27810E-01    2.67343E-01    4.28625E-01    1.50009E-01   -1.76677E-01    2.96165E-01    2.05194E-02   -7.73200E-02    1.90162E-02   -6.66979E-02    9.35654E-03   -3.43259E-02    4.87401E-02   -8.47869E-02
     1.23001E+00    3.19333E-01    2.61094E-01    4.30098E-01    1.44631E-01   -1.73740E-01    2.91072E-01    1.97599E-02   -7.45830E-02    1.83601E-02   -6.45248E-02    9.02040E-03   -3.29109E-02    4.78981E-02   -8.36085E-02
     1.24001E+00    3.11086E-01    2.54983E-01    4.31518E-01    1.39446E-01   -1.70855E-01    2.86040E-01    1.90274E-02   -7.19349E-02    1.77255E-02   -6.24130E-02    8.69812E-03   -3.15551E-02    4.70679E-02   -8.24234E-02
     1.25001E+00    3.03064E-01    2.49009E-01    4.32887E-01    1.34449E-01   -1.68019E-01    2.81071E-01    1.83210E-02   -6.93735E-02    1.71117E-02   -6.03614E-02    8.38911E-03   -3.02561E-02    4.62496E-02   -8.12334E-02
     1.26001E+00    2.95260E-01    2.43167E-01    4.34208E-01    1.29632E-01   -1.65233E-01    2.76167E-01    1.76397E-02   -6.68964E-02    1.65181E-02   -5.83689E-02    8.09282E-03   -2.90117E-02    4.54433E-02   -8.00401E-02
     1.27001E+00    2.87668E-01    2.37458E-01    4.35480E-01    1.24989E-01   -1.62496E-01    2.71329E-01    1.69828E-02   -6.45012E-02    1.59441E-02   -5.64345E-02    7.80871E-03   -2.78197E-02    4.46488E-02   -7.88452E-02
     1.28001E+00    2.80281E-01    2.31876E-01    4.36708E-01    1.20514E-01   -1.59807E-01    2.66558E-01    1.63494E-02   -6.21857E-02    1.53892E-02   -5.45570E-02    7.53626E-03   -2.66779E-02    4.38664E-02   -7.76499E-02
     1.29001E+00    2.73096E-01    2.26422E-01    4.37891E-01    1.16202E-01   -1.57165E-01    2.61855E-01    1.57388E-02   -5.99476E-02    1.48528E-02   -5.27353E-02    7.27499E-03   -2.55844E-02    4.30958E-02   -7.64558E-02
     1.30001E+00    2.66104E-01    2.21092E-01    4.39032E-01    1.12047E-01   -1.54569E-01    2.57221E-01    1.51502E-02   -5.77847E-02    1.43343E-02   -5.09682E-02    7.02442E-03   -2.45370E-02    4.23372E-02   -7.52640E-02
     1.31001E+00    2.59302E-01    2.15883E-01    4.40133E-01    1.08043E-01   -1.52020E-01    2.52656E-01    1.45829E-02   -5.56949E-02    1.38332E-02   -4.92546E-02    6.78410E-03   -2.35340E-02    4.15905E-02   -7.40758E-02
     1.32001E+00    2.52684E-01    2.10794E-01    4.41194E-01    1.04185E-01   -1.49516E-01    2.48160E-01    1.40361E-02   -5.36759E-02    1.33490E-02   -4.75932E-02    6.55360E-03   -2.25735E-02    4.08557E-02   -7.28921E-02
     1.33001E+00    2.46245E-01    2.05822E-01    4.42217E-01    1.00468E-01   -1.47056E-01    2.43735E-01    1.35091E-02   -5.17258E-02    1.28812E-02   -4.59828E-02    6.33250E-03   -2.16538E-02    4.01327E-02   -7.17141E-02
     1.34001E+00    2.39980E-01    2.00964E-01    4.43204E-01    9.68872E-02   -1.44641E-01    2.39380E-01    1.30013E-02   -4.98424E-02    1.24292E-02   -4.44223E-02    6.12040E-03   -2.07730E-02    3.94214E-02   -7.05427E-02
     1.35001E+00    2.33883E-01    1.96220E-01    4.44155E-01    9.34369E-02   -1.42269E-01    2.35095E-01    1.25120E-02   -4.80237E-02    1.19926E-02   -4.29105E-02    5.91691E-03   -1.99298E-02    3.87218E-02   -6.93787E-02
     1.36001E+00    2.27950E-01    1.91585E-01    4.45073E-01    9.01129E-02   -1.39939E-01    2.30881E-01    1.20406E-02   -4.62677E-02    1.15709E-02   -4.14461E-02    5.72168E-03   -1.91223E-02    3.80338E-02   -6.82229E-02
     1.37001E+00    2.22177E-01    1.87058E-01    4.45958E-01    8.69105E-02   -1.37651E-01    2.26737E-01    1.15865E-02   -4.45726E-02    1.11635E-02   -4.00279E-02    5.53435E-03   -1.83492E-02    3.73573E-02   -6.70761E-02
     1.38001E+00    2.16559E-01    1.82637E-01    4.46811E-01    8.38255E-02   -1.35404E-01    2.22662E-01    1.11490E-02   -4.29364E-02    1.07701E-02   -3.86549E-02    5.35459E-03   -1.76091E-02    3.66923E-02   -6.59390E-02
     1.39001E+00    2.11092E-01    1.78319E-01    4.47635E-01    8.08534E-02   -1.33197E-01    2.18657E-01    1.07276E-02   -4.13573E-02    1.03903E-02   -3.73258E-02    5.18207E-03   -1.69004E-02    3.60385E-02   -6.48120E-02
     1.40001E+00    2.05771E-01    1.74103E-01    4.48429E-01    7.79903E-02   -1.31030E-01    2.14721E-01    1.03217E-02   -3.98336E-02    1.00235E-02   -3.60393E-02    5.01648E-03   -1.62219E-02    3.53960E-02   -6.36959E-02
     1.41001E+00    2.00592E-01    1.69986E-01    4.49195E-01    7.52322E-02   -1.28903E-01    2.10855E-01    9.93073E-03   -3.83633E-02    9.66936E-03   -3.47945E-02    4.85753E-03   -1.55723E-02    3.47646E-02   -6.25911E-02
     1.42001E+00    1.95552E-01    1.65965E-01    4.49934E-01    7.25751E-02   -1.26813E-01    2.07056E-01    9.55423E-03   -3.69449E-02    9.32747E-03   -3.35902E-02    4.70494E-03   -1.49504E-02    3.41441E-02   -6.14981E-02
     1.43001E+00    1.90646E-01    1.62040E-01    4.50647E-01    7.00155E-02   -1.24761E-01    2.03325E-01    9.19166E-03   -3.55766E-02    8.99743E-03   -3.24251E-02    4.55844E-03   -1.43550E-02    3.35346E-02   -6.04172E-02
     1.44001E+00    1.85870E-01    1.58207E-01    4.51334E-01    6.75496E-02   -1.22746E-01    1.99661E-01    8.84254E-03   -3.42569E-02    8.67884E-03   -3.12983E-02    4.41776E-03   -1.37850E-02    3.29357E-02   -5.93489E-02
     1.45001E+00    1.81222E-01    1.54465E-01    4.51998E-01    6.51741E-02   -1.20768E-01    1.96063E-01    8.50637E-03   -3.29842E-02    8.37134E-03   -3.02087E-02    4.28266E-03   -1.32392E-02    3.23475E-02   -5.82934E-02
     1.46001E+00    1.76697E-01    1.50811E-01    4.52638E-01    6.28857E-02   -1.18825E-01    1.92531E-01    8.18270E-03   -3.17568E-02    8.07455E-03   -2.91551E-02    4.15290E-03   -1.27167E-02    3.17698E-02   -5.72511E-02
     1.47001E+00    1.72292E-01    1.47244E-01    4.53256E-01    6.06810E-02   -1.16917E-01    1.89064E-01    7.87109E-03   -3.05734E-02    7.78812E-03   -2.81365E-02    4.02825E-03   -1.22164E-02    3.12025E-02   -5.62223E-02
     1.48001E+00    1.68003E-01    1.43762E-01    4.53852E-01    5.85570E-02   -1.15044E-01    1.85661E-01    7.57109E-03   -2.94324E-02    7.51171E-03   -2.71519E-02    3.90850E-03   -1.17374E-02    3.06453E-02   -5.52070E-02
     1.49001E+00    1.63828E-01    1.40363E-01    4.54427E-01    5.65107E-02   -1.13204E-01    1.82321E-01    7.28230E-03   -2.83325E-02    7.24497E-03   -2.62003E-02    3.79344E-03   -1.12788E-02    3.00983E-02   -5.42056E-02
     1.50001E+00    1.59763E-01    1.37045E-01    4.54982E-01    5.45393E-02   -1.11397E-01    1.79043E-01    7.00431E-03   -2.72723E-02    6.98760E-03   -2.52807E-02    3.68286E-03   -1.08396E-02    2.95612E-02   -5.32181E-02
     1.51001E+00    1.55805E-01    1.33806E-01    4.55518E-01    5.26398E-02   -1.09623E-01    1.75828E-01    6.73673E-03   -2.62503E-02    6.73926E-03   -2.43921E-02    3.57658E-03   -1.04191E-02    2.90339E-02   -5.22448E-02
     1.52001E+00    1.51951E-01    1.30644E-01    4.56035E-01    5.08098E-02   -1.07880E-01    1.72673E-01    6.47918E-03   -2.52654E-02    6.49966E-03   -2.35336E-02    3.47442E-03   -1.00165E-02    2.85163E-02   -5.12856E-02
     1.53001E+00    1.48198E-01    1.27558E-01    4.56535E-01    4.90464E-02   -1.06169E-01    1.69578E-01    6.23131E-03   -2.43163E-02    6.26849E-03   -2.27042E-02    3.37620E-03   -9.63091E-03    2.80081E-02   -5.03408E-02
     1.54001E+00    1.44544E-01    1.24545E-01    4.57017E-01    4.73474E-02   -1.04488E-01    1.66542E-01    5.99274E-03   -2.34017E-02    6.04548E-03   -2.19031E-02    3.28175E-03   -9.26167E-03    2.75094E-02   -4.94102E-02
     1.55001E+00    1.40985E-01    1.21605E-01    4.57482E-01    4.57102E-02   -1.02838E-01    1.63564E-01    5.76316E-03   -2.25205E-02    5.83034E-03   -2.11294E-02    3.19091E-03   -8.90805E-03    2.70199E-02   -4.84940E-02
     1.56001E+00    1.37520E-01    1.18735E-01    4.57931E-01    4.41326E-02   -1.01217E-01    1.60643E-01    5.54223E-03   -2.16715E-02    5.62280E-03   -2.03822E-02    3.10354E-03   -8.56938E-03    2.65395E-02   -4.75923E-02
     1.57001E+00    1.34144E-01    1.15934E-01    4.58365E-01    4.26123E-02   -9.96249E-02    1.57779E-01    5.32963E-03   -2.08536E-02    5.42261E-03   -1.96606E-02    3.01948E-03   -8.24501E-03    2.60680E-02   -4.67048E-02
     1.58001E+00    1.30857E-01    1.13199E-01    4.58783E-01    4.11472E-02   -9.80612E-02    1.54969E-01    5.12506E-03   -2.00657E-02    5.22951E-03   -1.89639E-02    2.93859E-03   -7.93432E-03    2.56053E-02   -4.58318E-02
     1.59001E+00    1.27655E-01    1.10531E-01    4.59188E-01    3.97353E-02   -9.65253E-02    1.52214E-01    4.92822E-03   -1.93068E-02    5.04325E-03   -1.82912E-02    2.86075E-03   -7.63672E-03    2.51513E-02   -4.49730E-02
     1.60001E+00    1.24536E-01    1.07926E-01    4.59578E-01    3.83745E-02   -9.50167E-02    1.49513E-01    4.73883E-03   -1.85759E-02    4.86361E-03   -1.76418E-02    2.78581E-03   -7.35163E-03    2.47058E-02   -4.41285E-02
     1.61001E+00    1.21498E-01    1.05384E-01    4.59955E-01    3.70629E-02   -9.35349E-02    1.46864E-01    4.55661E-03   -1.78719E-02    4.69034E-03   -1.70150E-02    2.71367E-03   -7.07851E-03    2.42687E-02   -4.32982E-02
     1.62001E+00    1.18538E-01    1.02903E-01    4.60320E-01    3.57987E-02   -9.20793E-02    1.44267E-01    4.38130E-03   -1.71939E-02    4.52324E-03   -1.64099E-02    2.64421E-03   -6.81684E-03    2.38398E-02   -4.24820E-02
     1.63001E+00    1.15655E-01    1.00481E-01    4.60672E-01    3.45801E-02   -9.06494E-02    1.41720E-01    4.21265E-03   -1.65411E-02    4.36207E-03   -1.58259E-02    2.57730E-03   -6.56613E-03    2.34190E-02   -4.16798E-02
     1.64001E+00    1.12847E-01    9.81175E-02    4.61011E-01    3.34055E-02   -8.92447E-02    1.39223E-01    4.05040E-03   -1.59125E-02    4.20665E-03   -1.52623E-02    2.51285E-03   -6.32589E-03    2.30062E-02   -4.08916E-02
     1.65001E+00    1.10110E-01    9.58107E-02    4.61340E-01    3.22731E-02   -8.78648E-02    1.36776E-01    3.89432E-03   -1.53072E-02    4.05676E-03   -1.47184E-02    2.45075E-03   -6.09567E-03    2.26011E-02   -4.01172E-02
     1.66001E+00    1.07444E-01    9.35593E-02    4.61657E-01    3.11814E-02   -8.65091E-02    1.34375E-01    3.74418E-03   -1.47244E-02    3.91222E-03   -1.41936E-02    2.39090E-03   -5.87504E-03    2.22038E-02   -3.93564E-02
     1.67001E+00    1.04846E-01    9.13620E-02    4.61964E-01    3.01289E-02   -8.51771E-02    1.32023E-01    3.59976E-03   -1.41634E-02    3.77283E-03   -1.36871E-02    2.33322E-03   -5.66358E-03    2.18140E-02   -3.86093E-02
     1.68001E+00    1.02315E-01    8.92174E-02    4.62260E-01    2.91141E-02   -8.38685E-02    1.29716E-01    3.46085E-03   -1.36233E-02    3.63842E-03   -1.31985E-02    2.27760E-03   -5.46088E-03    2.14315E-02   -3.78755E-02
     1.69001E+00    9.98483E-02    8.71243E-02    4.62546E-01    2.81355E-02   -8.25827E-02    1.27454E-01    3.32723E-03   -1.31034E-02    3.50880E-03   -1.27271E-02    2.22397E-03   -5.26657E-03    2.10564E-02   -3.71551E-02
     1.70001E+00    9.74447E-02    8.50815E-02    4.62823E-01    2.71920E-02   -8.13192E-02    1.25237E-01    3.19872E-03   -1.26029E-02    3.38382E-03   -1.22723E-02    2.17225E-03   -5.08028E-03    2.06884E-02   -3.64478E-02
     1.71001E+00    9.51024E-02    8.30877E-02    4.63090E-01    2.62820E-02   -8.00778E-02    1.23064E-01    3.07511E-03   -1.21212E-02    3.26331E-03   -1.18335E-02    2.12234E-03   -4.90167E-03    2.03274E-02   -3.57535E-02
     1.72001E+00    9.28196E-02    8.11417E-02    4.63348E-01    2.54045E-02   -7.88578E-02    1.20933E-01    2.95623E-03   -1.16576E-02    3.14710E-03   -1.14103E-02    2.07419E-03   -4.73040E-03    1.99733E-02   -3.50720E-02
     1.73001E+00    9.05948E-02    7.92424E-02    4.63598E-01    2.45581E-02   -7.76590E-02    1.18844E-01    2.84190E-03   -1.12114E-02    3.03505E-03   -1.10021E-02    2.02771E-03   -4.56614E-03    1.96259E-02   -3.44032E-02
     1.74001E+00    8.84264E-02    7.73887E-02    4.63840E-01    2.37418E-02   -7.64808E-02    1.16796E-01    2.73195E-03   -1.07820E-02    2.92701E-03   -1.06083E-02    1.98284E-03   -4.40861E-03    1.92852E-02   -3.37469E-02
     1.75001E+00    8.63128E-02    7.55795E-02    4.64073E-01    2.29544E-02   -7.53229E-02    1.14789E-01    2.62621E-03   -1.03687E-02    2.82284E-03   -1.02285E-02    1.93952E-03   -4.25750E-03    1.89510E-02   -3.31029E-02
     1.76001E+00    8.42527E-02    7.38137E-02    4.64299E-01    2.21948E-02   -7.41849E-02    1.12821E-01    2.52452E-03   -9.97102E-03    2.72240E-03   -9.86222E-03    1.89767E-03   -4.11253E-03    1.86231E-02   -3.24712E-02
     1.77001E+00    8.22445E-02    7.20901E-02    4.64517E-01    2.14620E-02   -7.30664E-02    1.10891E-01    2.42674E-03   -9.58835E-03    2.62555E-03   -9.50896E-03    1.85725E-03   -3.97344E-03    1.83015E-02   -3.18514E-02
     1.78001E+00    8.02869E-02    7.04079E-02    4.64728E-01    2.07550E-02   -7.19670E-02    1.08999E-01    2.33271E-03   -9.22014E-03    2.53218E-03   -9.16828E-03    1.81819E-03   -3.83998E-03    1.79860E-02   -3.12434E-02
     1.79001E+00    7.83786E-02    6.87660E-02    4.64932E-01    2.00729E-02   -7.08863E-02    1.07145E-01    2.24229E-03   -8.86586E-03    2.44215E-03   -8.83975E-03    1.78043E-03   -3.71190E-03    1.76766E-02   -3.06471E-02
     1.80001E+00    7.65181E-02    6.71634E-02    4.65130E-01    1.94147E-02   -6.98240E-02    1.05327E-01    2.15535E-03   -8.52500E-03    2.35534E-03   -8.52294E-03    1.74393E-03   -3.58897E-03    1.73730E-02   -3.00623E-02
     1.81001E+00    7.47043E-02    6.55991E-02    4.65321E-01    1.87796E-02   -6.87796E-02    1.03544E-01    2.07175E-03   -8.19705E-03    2.27165E-03   -8.21744E-03    1.70863E-03   -3.47096E-03    1.70753E-02   -2.94887E-02
     1.82001E+00    7.29358E-02    6.40723E-02    4.65505E-01    1.81667E-02   -6.77530E-02    1.01797E-01    1.99137E-03   -7.88154E-03    2.19096E-03   -7.92287E-03    1.67450E-03   -3.35767E-03    1.67832E-02   -2.89263E-02
     1.83001E+00    7.12115E-02    6.25820E-02    4.65684E-01    1.75751E-02   -6.67436E-02    1.00083E-01    1.91408E-03   -7.57802E-03    2.11316E-03   -7.63883E-03    1.64147E-03   -3.24888E-03    1.64967E-02   -2.83748E-02
     1.84001E+00    6.95302E-02    6.11273E-02    4.65857E-01    1.70042E-02   -6.57512E-02    9.84029E-02    1.83977E-03   -7.28603E-03    2.03815E-03   -7.36497E-03    1.60950E-03   -3.14441E-03    1.62157E-02   -2.78341E-02
     1.85001E+00    6.78908E-02    5.97074E-02    4.66024E-01    1.64531E-02   -6.47754E-02    9.67556E-02    1.76832E-03   -7.00515E-03    1.96583E-03   -7.10091E-03    1.57856E-03   -3.04407E-03    1.59400E-02   -2.73039E-02
     1.86001E+00    6.62922E-02    5.83214E-02    4.66186E-01    1.59211E-02   -6.38160E-02    9.51405E-02    1.69963E-03   -6.73497E-03    1.89610E-03   -6.84632E-03    1.54861E-03   -2.94769E-03    1.56696E-02   -2.67841E-02
     1.87001E+00    6.47332E-02    5.69685E-02    4.66343E-01    1.54075E-02   -6.28725E-02    9.35567E-02    1.63359E-03   -6.47508E-03    1.82887E-03   -6.60087E-03    1.51960E-03   -2.85508E-03    1.54043E-02   -2.62746E-02
     1.88001E+00    6.32129E-02    5.56478E-02    4.66494E-01    1.49116E-02   -6.19448E-02    9.20037E-02    1.57009E-03   -6.22510E-03    1.76405E-03   -6.36422E-03    1.49150E-03   -2.76609E-03    1.51441E-02   -2.57751E-02
     1.89001E+00    6.17302E-02    5.43587E-02    4.66641E-01    1.44329E-02   -6.10324E-02    9.04809E-02    1.50905E-03   -5.98466E-03    1.70156E-03   -6.13608E-03    1.46427E-03   -2.68057E-03    1.48888E-02   -2.52855E-02
     1.90001E+00    6.02841E-02    5.31002E-02    4.66783E-01    1.39706E-02   -6.01350E-02    8.89875E-02    1.45037E-03   -5.75341E-03    1.64130E-03   -5.91613E-03    1.43787E-03   -2.59836E-03    1.46383E-02   -2.48055E-02
     1.91001E+00    5.88737E-02    5.18718E-02    4.66920E-01    1.35241E-02   -5.92525E-02    8.75231E-02    1.39396E-03   -5.53099E-03    1.58321E-03   -5.70409E-03    1.41229E-03   -2.51933E-03    1.43926E-02   -2.43351E-02
     1.92001E+00    5.74981E-02    5.06725E-02    4.67053E-01    1.30930E-02   -5.83845E-02    8.60870E-02    1.33972E-03   -5.31709E-03    1.52720E-03   -5.49968E-03    1.38748E-03   -2.44334E-03    1.41516E-02   -2.38741E-02
     1.93001E+00    5.61562E-02    4.95018E-02    4.67182E-01    1.26766E-02   -5.75307E-02    8.46785E-02    1.28759E-03   -5.11137E-03    1.47319E-03   -5.30262E-03    1.36341E-03   -2.37025E-03    1.39151E-02   -2.34222E-02
     1.94001E+00    5.48474E-02    4.83590E-02    4.67307E-01    1.22744E-02   -5.66908E-02    8.32972E-02    1.23747E-03   -4.91354E-03    1.42112E-03   -5.11266E-03    1.34006E-03   -2.29995E-03    1.36831E-02   -2.29793E-02
     1.95001E+00    5.35706E-02    4.72432E-02    4.67428E-01    1.18858E-02   -5.58647E-02    8.19425E-02    1.18929E-03   -4.72329E-03    1.37091E-03   -4.92953E-03    1.31740E-03   -2.23232E-03    1.34555E-02   -2.25452E-02
     1.96001E+00    5.23251E-02    4.61540E-02    4.67545E-01    1.15105E-02   -5.50519E-02    8.06137E-02    1.14298E-03   -4.54033E-03    1.32251E-03   -4.75301E-03    1.29541E-03   -2.16724E-03    1.32322E-02   -2.21199E-02
     1.97001E+00    5.11100E-02    4.50906E-02    4.67658E-01    1.11479E-02   -5.42523E-02    7.93104E-02    1.09846E-03   -4.36440E-03    1.27583E-03   -4.58284E-03    1.27405E-03   -2.10461E-03    1.30131E-02   -2.17030E-02
     1.98001E+00    4.99246E-02    4.40525E-02    4.67768E-01    1.07975E-02   -5.34656E-02    7.80320E-02    1.05567E-03   -4.19523E-03    1.23083E-03   -4.41881E-03    1.25331E-03   -2.04432E-03    1.27981E-02   -2.12945E-02
     1.99001E+00    4.87681E-02    4.30389E-02    4.67874E-01    1.04589E-02   -5.26916E-02    7.67781E-02    1.01454E-03   -4.03255E-03    1.18744E-03   -4.26068E-03    1.23316E-03   -1.98627E-03    1.25872E-02   -2.08942E-02
     2.00000E+00    4.76398E-02    4.20493E-02    4.67977E-01    1.01318E-02   -5.19300E-02    7.55480E-02    9.74997E-04   -3.87614E-03    1.14560E-03   -4.10827E-03    1.21358E-03   -1.93038E-03    1.23802E-02   -2.05019E-02
     2.01000E+00    4.65389E-02    4.10832E-02    4.68077E-01    9.81561E-03   -5.11806E-02    7.43413E-02    9.36993E-04   -3.72574E-03    1.10525E-03   -3.96134E-03    1.19454E-03   -1.87654E-03    1.21771E-02   -2.01174E-02
     2.02000E+00    4.54647E-02    4.01399E-02    4.68173E-01    9.51003E-03   -5.04431E-02    7.31575E-02    9.00463E-04   -3.58113E-03    1.06635E-03   -3.81972E-03    1.17604E-03   -1.82467E-03    1.19778E-02   -1.97407E-02
     2.03000E+00    4.44165E-02    3.92189E-02    4.68267E-01    9.21465E-03   -4.97173E-02    7.19961E-02    8.65352E-04   -3.44209E-03    1.02884E-03   -3.68321E-03    1.15804E-03   -1.77469E-03    1.17823E-02   -1.93716E-02
     2.04000E+00    4.33937E-02    3.83196E-02    4.68358E-01    8.92913E-03   -4.90031E-02    7.08567E-02    8.31604E-04   -3.30841E-03    9.92673E-04   -3.55162E-03    1.14054E-03   -1.72652E-03    1.15904E-02   -1.90099E-02
     2.05000E+00    4.23957E-02    3.74416E-02    4.68446E-01    8.65311E-03   -4.83001E-02    6.97388E-02    7.99167E-04   -3.17988E-03    9.57795E-04   -3.42477E-03    1.12351E-03   -1.68009E-03    1.14020E-02   -1.86554E-02
     2.06000E+00    4.14217E-02    3.65842E-02    4.68531E-01    8.38624E-03   -4.76082E-02    6.86419E-02    7.67990E-04   -3.05631E-03    9.24163E-04   -3.30251E-03    1.10693E-03   -1.63532E-03    1.12172E-02   -1.83081E-02
     2.07000E+00    4.04712E-02    3.57471E-02    4.68613E-01    8.12821E-03   -4.69272E-02    6.75657E-02    7.38025E-04   -2.93751E-03    8.91731E-04   -3.18466E-03    1.09080E-03   -1.59214E-03    1.10359E-02   -1.79678E-02
     2.08000E+00    3.95436E-02    3.49297E-02    4.68693E-01    7.87871E-03   -4.62569E-02    6.65096E-02    7.09225E-04   -2.82330E-03    8.60456E-04   -3.07106E-03    1.07508E-03   -1.55049E-03    1.08579E-02   -1.76343E-02
     2.09000E+00    3.86383E-02    3.41315E-02    4.68771E-01    7.63743E-03   -4.55970E-02    6.54733E-02    6.81545E-04   -2.71349E-03    8.30296E-04   -2.96155E-03    1.05978E-03   -1.51031E-03    1.06832E-02   -1.73075E-02
     2.10000E+00    3.77547E-02    3.33520E-02    4.68846E-01    7.40409E-03   -4.49473E-02    6.44563E-02    6.54941E-04   -2.60794E-03    8.01212E-04   -2.85600E-03    1.04487E-03   -1.47153E-03    1.05117E-02   -1.69873E-02
     2.11000E+00    3.68923E-02    3.25909E-02    4.68919E-01    7.17840E-03   -4.43078E-02    6.34582E-02    6.29372E-04   -2.50646E-03    7.73163E-04   -2.75426E-03    1.03035E-03   -1.43410E-03    1.03434E-02   -1.66736E-02
     2.12000E+00    3.60505E-02    3.18476E-02    4.68990E-01    6.96009E-03   -4.36781E-02    6.24787E-02    6.04799E-04   -2.40891E-03    7.46114E-04   -2.65619E-03    1.01619E-03   -1.39795E-03    1.01782E-02   -1.63661E-02
     2.13000E+00    3.52289E-02    3.11218E-02    4.69058E-01    6.74891E-03   -4.30582E-02    6.15174E-02    5.81182E-04   -2.31513E-03    7.20028E-04   -2.56165E-03    1.00238E-03   -1.36305E-03    1.00160E-02   -1.60648E-02
     2.14000E+00    3.44269E-02    3.04130E-02    4.69125E-01    6.54462E-03   -4.24477E-02    6.05739E-02    5.58484E-04   -2.22499E-03    6.94870E-04   -2.47053E-03    9.88921E-04   -1.32933E-03    9.85688E-03   -1.57696E-02
     2.15000E+00    3.36441E-02    2.97208E-02    4.69189E-01    6.34696E-03   -4.18466E-02    5.96477E-02    5.36670E-04   -2.13833E-03    6.70607E-04   -2.38269E-03    9.75792E-04   -1.29676E-03    9.70064E-03   -1.54802E-02
     2.16000E+00    3.28798E-02    2.90448E-02    4.69252E-01    6.15570E-03   -4.12547E-02    5.87387E-02    5.15706E-04   -2.05503E-03    6.47206E-04   -2.29802E-03    9.62982E-04   -1.26528E-03    9.54726E-03   -1.51967E-02
     2.17000E+00    3.21338E-02    2.83846E-02    4.69312E-01    5.97064E-03   -4.06718E-02    5.78463E-02    4.95559E-04   -1.97496E-03    6.24636E-04   -2.21640E-03    9.50483E-04   -1.23484E-03    9.39668E-03   -1.49189E-02
     2.18000E+00    3.14055E-02    2.77398E-02    4.69371E-01    5.79154E-03   -4.00977E-02    5.69703E-02    4.76197E-04   -1.89800E-03    6.02868E-04   -2.13772E-03    9.38282E-04   -1.20541E-03    9.24886E-03   -1.46467E-02
     2.19000E+00    3.06945E-02    2.71101E-02    4.69428E-01    5.61821E-03   -3.95323E-02    5.61104E-02    4.57589E-04   -1.82402E-03    5.81873E-04   -2.06188E-03    9.26371E-04   -1.17695E-03    9.10373E-03   -1.43798E-02
     2.20000E+00    3.00003E-02    2.64950E-02    4.69484E-01    5.45044E-03   -3.89755E-02    5.52661E-02    4.39707E-04   -1.75291E-03    5.61622E-04   -1.98877E-03    9.14740E-04   -1.14942E-03    8.96125E-03   -1.41184E-02
     2.21000E+00    2.93226E-02    2.58943E-02    4.69537E-01    5.28805E-03   -3.84270E-02    5.44372E-02    4.22522E-04   -1.68456E-03    5.42089E-04   -1.91829E-03    9.03380E-04   -1.12278E-03    8.82135E-03   -1.38621E-02
     2.22000E+00    2.86609E-02    2.53076E-02    4.69589E-01    5.13085E-03   -3.78867E-02    5.36234E-02    4.06007E-04   -1.61886E-03    5.23247E-04   -1.85035E-03    8.92282E-04   -1.09699E-03    8.68399E-03   -1.36110E-02
     2.23000E+00    2.80149E-02    2.47346E-02    4.69640E-01    4.97866E-03   -3.73545E-02    5.28243E-02    3.90136E-04   -1.55571E-03    5.05073E-04   -1.78486E-03    8.81438E-04   -1.07202E-03    8.54911E-03   -1.33649E-02
     2.24000E+00    2.73840E-02    2.41748E-02    4.69689E-01    4.83131E-03   -3.68301E-02    5.20397E-02    3.74885E-04   -1.49502E-03    4.87542E-04   -1.72172E-03    8.70839E-04   -1.04784E-03    8.41667E-03   -1.31237E-02
     2.25000E+00    2.67681E-02    2.36281E-02    4.69736E-01    4.68863E-03   -3.63136E-02    5.12693E-02    3.60228E-04   -1.43669E-03    4.70631E-04   -1.66086E-03    8.60478E-04   -1.02442E-03    8.28662E-03   -1.28873E-02
     2.26000E+00    2.61666E-02    2.30940E-02    4.69783E-01    4.55047E-03   -3.58047E-02    5.05127E-02    3.46144E-04   -1.38062E-03    4.54318E-04   -1.60218E-03    8.50348E-04   -1.00173E-03    8.15891E-03   -1.26556E-02
     2.27000E+00    2.55793E-02    2.25724E-02    4.69828E-01    4.41667E-03   -3.53033E-02    4.97697E-02    3.32609E-04   -1.32673E-03    4.38581E-04   -1.54562E-03    8.40441E-04   -9.79735E-04    8.03350E-03   -1.24284E-02
     2.28000E+00    2.50058E-02    2.20628E-02    4.69871E-01    4.28709E-03   -3.48093E-02    4.90400E-02    3.19602E-04   -1.27494E-03    4.23399E-04   -1.49108E-03    8.30751E-04   -9.58413E-04    7.91033E-03   -1.22058E-02
     2.29000E+00    2.44457E-02    2.15651E-02    4.69913E-01    4.16157E-03   -3.43225E-02    4.83233E-02    3.07103E-04   -1.22516E-03    4.08753E-04   -1.43851E-03    8.21271E-04   -9.37737E-04    7.78937E-03   -1.19877E-02
     2.30000E+00    2.38988E-02    2.10788E-02    4.69954E-01    4.03999E-03   -3.38428E-02    4.76195E-02    2.95092E-04   -1.17732E-03    3.94623E-04   -1.38782E-03    8.11995E-04   -9.17682E-04    7.67056E-03   -1.17738E-02
     2.31000E+00    2.33646E-02    2.06038E-02    4.69994E-01    3.92222E-03   -3.33700E-02    4.69282E-02    2.83551E-04   -1.13134E-03    3.80990E-04   -1.33895E-03    8.02916E-04   -8.98224E-04    7.55388E-03   -1.15641E-02
     2.32000E+00    2.28430E-02    2.01398E-02    4.70033E-01    3.80811E-03   -3.29042E-02    4.62491E-02    2.72460E-04   -1.08715E-03    3.67838E-04   -1.29184E-03    7.94028E-04   -8.79341E-04    7.43927E-03   -1.13586E-02
     2.33000E+00    2.23335E-02    1.96864E-02    4.70070E-01    3.69756E-03   -3.24450E-02    4.55821E-02    2.61802E-04   -1.04468E-03    3.55148E-04   -1.24642E-03    7.85327E-04   -8.61009E-04    7.32669E-03   -1.11572E-02
     2.34000E+00    2.18360E-02    1.92436E-02    4.70107E-01    3.59044E-03   -3.19925E-02    4.49268E-02    2.51561E-04   -1.00387E-03    3.42904E-04   -1.20262E-03    7.76806E-04   -8.43209E-04    7.21611E-03   -1.09597E-02
     2.35000E+00    2.13500E-02    1.88109E-02    4.70142E-01    3.48663E-03   -3.15465E-02    4.42831E-02    2.41719E-04   -9.64643E-04    3.31090E-04   -1.16040E-03    7.68461E-04   -8.25920E-04    7.10748E-03   -1.07661E-02
     2.36000E+00    2.08754E-02    1.83882E-02    4.70176E-01    3.38604E-03   -3.11068E-02    4.36508E-02    2.32263E-04   -9.26947E-04    3.19691E-04   -1.11968E-03    7.60286E-04   -8.09122E-04    7.00078E-03   -1.05763E-02
     2.37000E+00    2.04117E-02    1.79752E-02    4.70210E-01    3.28854E-03   -3.06734E-02    4.30295E-02    2.23176E-04   -8.90719E-04    3.08692E-04   -1.08042E-03    7.52277E-04   -7.92798E-04    6.89595E-03   -1.03902E-02
     2.38000E+00    1.99589E-02    1.75717E-02    4.70242E-01    3.19404E-03   -3.02462E-02    4.24191E-02    2.14444E-04   -8.55904E-04    2.98078E-04   -1.04257E-03    7.44429E-04   -7.76930E-04    6.79296E-03   -1.02078E-02
     2.39000E+00    1.95166E-02    1.71775E-02    4.70274E-01    3.10244E-03   -2.98250E-02    4.18194E-02    2.06053E-04   -8.22446E-04    2.87836E-04   -1.00607E-03    7.36737E-04   -7.61500E-04    6.69178E-03   -1.00289E-02
     2.40000E+00    1.90845E-02    1.67923E-02    4.70304E-01    3.01364E-03   -2.94098E-02    4.12301E-02    1.97990E-04   -7.90293E-04    2.77952E-04   -9.70880E-04    7.29197E-04   -7.46492E-04    6.59237E-03   -9.85348E-03
     2.41000E+00    1.86625E-02    1.64159E-02    4.70334E-01    2.92755E-03   -2.90004E-02    4.06511E-02    1.90243E-04   -7.59394E-04    2.68414E-04   -9.36943E-04    7.21806E-04   -7.31892E-04    6.49470E-03   -9.68150E-03
     2.42000E+00    1.82502E-02    1.60482E-02    4.70363E-01    2.84408E-03   -2.85967E-02    4.00821E-02    1.82799E-04   -7.29700E-04    2.59209E-04   -9.04218E-04    7.14558E-04   -7.17683E-04    6.39873E-03   -9.51286E-03
     2.43000E+00    1.78475E-02    1.56889E-02    4.70391E-01    2.76315E-03   -2.81987E-02    3.95230E-02    1.75645E-04   -7.01164E-04    2.50326E-04   -8.72661E-04    7.07451E-04   -7.03852E-04    6.30443E-03   -9.34749E-03
     2.44000E+00    1.74541E-02    1.53378E-02    4.70418E-01    2.68466E-03   -2.78062E-02    3.89735E-02    1.68772E-04   -6.73742E-04    2.41753E-04   -8.42229E-04    7.00480E-04   -6.90385E-04    6.21177E-03   -9.18533E-03
     2.45000E+00    1.70697E-02    1.49947E-02    4.70445E-01    2.60856E-03   -2.74192E-02    3.84335E-02    1.62167E-04   -6.47391E-04    2.33478E-04   -8.12881E-04    6.93642E-04   -6.77269E-04    6.12071E-03   -9.02630E-03
     2.46000E+00    1.66943E-02    1.46594E-02    4.70470E-01    2.53474E-03   -2.70375E-02    3.79028E-02    1.55820E-04   -6.22067E-04    2.25491E-04   -7.84579E-04    6.86934E-04   -6.64491E-04    6.03123E-03   -8.87034E-03
     2.47000E+00    1.63275E-02    1.43318E-02    4.70495E-01    2.46315E-03   -2.66611E-02    3.73812E-02    1.49722E-04   -5.97733E-04    2.17783E-04   -7.57284E-04    6.80351E-04   -6.52039E-04    5.94330E-03   -8.71738E-03
     2.48000E+00    1.59691E-02    1.40116E-02    4.70520E-01    2.39371E-03   -2.62899E-02    3.68685E-02    1.43863E-04   -5.74348E-04    2.10343E-04   -7.30960E-04    6.73892E-04   -6.39901E-04    5.85688E-03   -8.56736E-03
     2.49000E+00    1.56190E-02    1.36988E-02    4.70543E-01    2.32634E-03   -2.59237E-02    3.63646E-02    1.38232E-04   -5.51877E-04    2.03161E-04   -7.05572E-04    6.67552E-04   -6.28067E-04    5.77194E-03   -8.42022E-03
     2.50000E+00    1.52769E-02    1.33930E-02    4.70566E-01    2.26099E-03   -2.55625E-02    3.58692E-02    1.32822E-04   -5.30284E-04    1.96228E-04   -6.81086E-04    6.61330E-04   -6.16526E-04    5.68846E-03   -8.27590E-03
     2.51000E+00    1.49427E-02    1.30942E-02    4.70588E-01    2.19758E-03   -2.52063E-02    3.53823E-02    1.27624E-04   -5.09534E-04    1.89536E-04   -6.57469E-04    6.55221E-04   -6.05267E-04    5.60642E-03   -8.13434E-03
     2.52000E+00    1.46162E-02    1.28022E-02    4.70610E-01    2.13606E-03   -2.48549E-02    3.49037E-02    1.22629E-04   -4.89594E-04    1.83076E-04   -6.34690E-04    6.49223E-04   -5.94281E-04    5.52577E-03   -7.99547E-03
     2.53000E+00    1.42971E-02    1.25168E-02    4.70631E-01    2.07637E-03   -2.45082E-02    3.44331E-02    1.17829E-04   -4.70434E-04    1.76840E-04   -6.12719E-04    6.43334E-04   -5.83559E-04    5.44650E-03   -7.85925E-03
     2.54000E+00    1.39854E-02    1.22379E-02    4.70652E-01    2.01844E-03   -2.41662E-02    3.39705E-02    1.13218E-04   -4.52022E-04    1.70819E-04   -5.91526E-04    6.37551E-04   -5.73090E-04    5.36858E-03   -7.72562E-03
     2.55000E+00    1.36808E-02    1.19653E-02    4.70671E-01    1.96221E-03   -2.38288E-02    3.35157E-02    1.08787E-04   -4.34330E-04    1.65007E-04   -5.71084E-04    6.31872E-04   -5.62867E-04    5.29198E-03   -7.59452E-03
     2.56000E+00    1.33832E-02    1.16988E-02    4.70691E-01    1.90765E-03   -2.34958E-02    3.30686E-02    1.04529E-04   -4.17330E-04    1.59395E-04   -5.51364E-04    6.26293E-04   -5.52882E-04    5.21668E-03   -7.46590E-03
     2.57000E+00    1.30924E-02    1.14384E-02    4.70710E-01    1.85469E-03   -2.31674E-02    3.26289E-02    1.00438E-04   -4.00994E-04    1.53977E-04   -5.32342E-04    6.20813E-04   -5.43125E-04    5.14265E-03   -7.33970E-03
     2.58000E+00    1.28082E-02    1.11838E-02    4.70728E-01    1.80328E-03   -2.28432E-02    3.21967E-02    9.65068E-05   -3.85296E-04    1.48746E-04   -5.13992E-04    6.15430E-04   -5.33590E-04    5.06988E-03   -7.21589E-03
     2.59000E+00    1.25306E-02    1.09350E-02    4.70746E-01    1.75337E-03   -2.25234E-02    3.17716E-02    9.27298E-05   -3.70213E-04    1.43695E-04   -4.96290E-04    6.10141E-04   -5.24270E-04    4.99833E-03   -7.09440E-03
     2.60000E+00    1.22593E-02    1.06918E-02    4.70763E-01    1.70492E-03   -2.22078E-02    3.13537E-02    8.91006E-05   -3.55719E-04    1.38818E-04   -4.79212E-04    6.04944E-04   -5.15156E-04    4.92798E-03   -6.97519E-03
     2.61000E+00    1.19941E-02    1.04541E-02    4.70780E-01    1.65788E-03   -2.18963E-02    3.09427E-02    8.56135E-05   -3.41792E-04    1.34109E-04   -4.62736E-04    5.99837E-04   -5.06243E-04    4.85882E-03   -6.85821E-03
     2.62000E+00    1.17350E-02    1.02217E-02    4.70796E-01    1.61220E-03   -2.15889E-02    3.05385E-02    8.22630E-05   -3.28410E-04    1.29561E-04   -4.46841E-04    5.94819E-04   -4.97524E-04    4.79081E-03   -6.74341E-03
     2.63000E+00    1.14819E-02    9.99456E-03    4.70812E-01    1.56785E-03   -2.12855E-02    3.01410E-02    7.90436E-05   -3.15551E-04    1.25170E-04   -4.31504E-04    5.89886E-04   -4.88992E-04    4.72394E-03   -6.63075E-03
     2.64000E+00    1.12344E-02    9.77250E-03    4.70828E-01    1.52478E-03   -2.09861E-02    2.97501E-02    7.59503E-05   -3.03195E-04    1.20930E-04   -4.16707E-04    5.85038E-04   -4.80642E-04    4.65819E-03   -6.52018E-03
     2.65000E+00    1.09927E-02    9.55542E-03    4.70843E-01    1.48295E-03   -2.06905E-02    2.93657E-02    7.29781E-05   -2.91322E-04    1.16834E-04   -4.02430E-04    5.80273E-04   -4.72468E-04    4.59353E-03   -6.41166E-03
     2.66000E+00    1.07564E-02    9.34320E-03    4.70857E-01    1.44232E-03   -2.03987E-02    2.89876E-02    7.01223E-05   -2.79914E-04    1.12879E-04   -3.88654E-04    5.75588E-04   -4.64463E-04    4.52995E-03   -6.30515E-03
     2.67000E+00    1.05255E-02    9.13573E-03    4.70871E-01    1.40286E-03   -2.01107E-02    2.86158E-02    6.73783E-05   -2.68953E-04    1.09060E-04   -3.75362E-04    5.70983E-04   -4.56624E-04    4.46742E-03   -6.20061E-03
     2.68000E+00    1.02998E-02    8.93290E-03    4.70885E-01    1.36453E-03   -1.98264E-02    2.82500E-02    6.47418E-05   -2.58420E-04    1.05371E-04   -3.62535E-04    5.66455E-04   -4.48944E-04    4.40593E-03   -6.09799E-03
     2.69000E+00    1.00793E-02    8.73460E-03    4.70899E-01    1.32729E-03   -1.95457E-02    2.78902E-02    6.22086E-05   -2.48299E-04    1.01808E-04   -3.50157E-04    5.62004E-04   -4.41418E-04    4.34545E-03   -5.99725E-03
     2.70000E+00    9.86378E-03    8.54072E-03    4.70912E-01    1.29112E-03   -1.92686E-02    2.75364E-02    5.97746E-05   -2.38575E-04    9.83660E-05   -3.38213E-04    5.57626E-04   -4.34043E-04    4.28598E-03   -5.89836E-03
     2.71000E+00    9.65315E-03    8.35117E-03    4.70925E-01    1.25597E-03   -1.89950E-02    2.71883E-02    5.74358E-05   -2.29231E-04    9.50419E-05   -3.26686E-04    5.53322E-04   -4.26812E-04    4.22748E-03   -5.80127E-03
     2.72000E+00    9.44731E-03    8.16583E-03    4.70937E-01    1.22182E-03   -1.87248E-02    2.68458E-02    5.51887E-05   -2.20252E-04    9.18310E-05   -3.15561E-04    5.49090E-04   -4.19723E-04    4.16995E-03   -5.70595E-03
     2.73000E+00    9.24613E-03    7.98462E-03    4.70949E-01    1.18864E-03   -1.84580E-02    2.65090E-02    5.30296E-05   -2.11625E-04    8.87294E-05   -3.04825E-04    5.44927E-04   -4.12770E-04    4.11336E-03   -5.61237E-03
     2.74000E+00    9.04952E-03    7.80743E-03    4.70961E-01    1.15639E-03   -1.81946E-02    2.61776E-02    5.09551E-05   -2.03336E-04    8.57333E-05   -2.94463E-04    5.40834E-04   -4.05950E-04    4.05769E-03   -5.52048E-03
     2.75000E+00    8.85737E-03    7.63418E-03    4.70972E-01    1.12506E-03   -1.79345E-02    2.58516E-02    4.89618E-05   -1.95371E-04    8.28389E-05   -2.84462E-04    5.36808E-04   -3.99259E-04    4.00294E-03   -5.43025E-03
     2.76000E+00    8.66957E-03    7.46476E-03    4.70983E-01    1.09460E-03   -1.76776E-02    2.55309E-02    4.70467E-05   -1.87719E-04    8.00429E-05   -2.74809E-04    5.32848E-04   -3.92692E-04    3.94908E-03   -5.34165E-03
     2.77000E+00    8.48602E-03    7.29910E-03    4.70994E-01    1.06500E-03   -1.74238E-02    2.52153E-02    4.52065E-05   -1.80365E-04    7.73417E-05   -2.65492E-04    5.28954E-04   -3.86246E-04    3.89610E-03   -5.25464E-03
     2.78000E+00    8.30664E-03    7.13710E-03    4.71005E-01    1.03622E-03   -1.71732E-02    2.49049E-02    4.34384E-05   -1.73300E-04    7.47320E-05   -2.56498E-04    5.25123E-04   -3.79918E-04    3.84399E-03   -5.16919E-03
     2.79000E+00    8.13132E-03    6.97869E-03    4.71015E-01    1.00825E-03   -1.69257E-02    2.45994E-02    4.17396E-05   -1.66511E-04    7.22107E-05   -2.47817E-04    5.21355E-04   -3.73705E-04    3.79272E-03   -5.08527E-03
     2.80000E+00    7.95997E-03    6.82376E-03    4.71025E-01    9.81058E-04   -1.66812E-02    2.42989E-02    4.01073E-05   -1.59988E-04    6.97747E-05   -2.39436E-04    5.17649E-04   -3.67602E-04    3.74228E-03   -5.00285E-03
     2.81000E+00    7.79250E-03    6.67225E-03    4.71034E-01    9.54621E-04   -1.64397E-02    2.40032E-02    3.85390E-05   -1.53720E-04    6.74210E-05   -2.31346E-04    5.14003E-04   -3.61607E-04    3.69265E-03   -4.92189E-03
     2.82000E+00    7.62883E-03    6.52408E-03    4.71044E-01    9.28917E-04   -1.62011E-02    2.37122E-02    3.70321E-05   -1.47698E-04    6.51468E-05   -2.23536E-04    5.10416E-04   -3.55717E-04    3.64383E-03   -4.84237E-03
     2.83000E+00    7.46886E-03    6.37917E-03    4.71053E-01    9.03925E-04   -1.59655E-02    2.34259E-02    3.55842E-05   -1.41911E-04    6.29494E-05   -2.15996E-04    5.06888E-04   -3.49929E-04    3.59580E-03   -4.76425E-03
     2.84000E+00    7.31251E-03    6.23744E-03    4.71062E-01    8.79622E-04   -1.57326E-02    2.31441E-02    3.41931E-05   -1.36352E-04    6.08260E-05   -2.08716E-04    5.03417E-04   -3.44240E-04    3.54854E-03   -4.68751E-03
     2.85000E+00    7.15970E-03    6.09881E-03    4.71071E-01    8.55988E-04   -1.55026E-02    2.28669E-02    3.28565E-05   -1.31009E-04    5.87742E-05   -2.01687E-04    5.00003E-04   -3.38647E-04    3.50205E-03   -4.61212E-03
     2.86000E+00    7.01036E-03    5.96323E-03    4.71079E-01    8.33004E-04   -1.52753E-02    2.25940E-02    3.15722E-05   -1.25876E-04    5.67915E-05   -1.94901E-04    4.96644E-04   -3.33148E-04    3.45630E-03   -4.53805E-03
     2.87000E+00    6.86439E-03    5.83061E-03    4.71087E-01    8.10650E-04   -1.50507E-02    2.23255E-02    3.03383E-05   -1.20944E-04    5.48754E-05   -1.88349E-04    4.93340E-04   -3.27740E-04    3.41128E-03   -4.46527E-03
     2.88000E+00    6.72173E-03    5.70089E-03    4.71095E-01    7.88907E-04   -1.48287E-02    2.20613E-02    2.91527E-05   -1.16205E-04    5.30238E-05   -1.82022E-04    4.90089E-04   -3.22421E-04    3.36699E-03   -4.39376E-03
     2.89000E+00    6.58231E-03    5.57399E-03    4.71103E-01    7.67758E-04   -1.46094E-02    2.18013E-02    2.80136E-05   -1.11652E-04    5.12343E-05   -1.75912E-04    4.86891E-04   -3.17188E-04    3.32340E-03   -4.32349E-03
     2.90000E+00    6.44604E-03    5.44987E-03    4.71111E-01    7.47185E-04   -1.43927E-02    2.15453E-02    2.69191E-05   -1.07277E-04    4.95048E-05   -1.70012E-04    4.83745E-04   -3.12039E-04    3.28052E-03   -4.25443E-03
     2.91000E+00    6.31286E-03    5.32844E-03    4.71118E-01    7.27170E-04   -1.41785E-02    2.12935E-02    2.58675E-05   -1.03073E-04    4.78334E-05   -1.64314E-04    4.80650E-04   -3.06972E-04    3.23831E-03   -4.18656E-03
     2.92000E+00    6.18270E-03    5.20966E-03    4.71125E-01    7.07698E-04   -1.39668E-02    2.10456E-02    2.48571E-05   -9.90342E-05    4.62179E-05   -1.58812E-04    4.77605E-04   -3.01985E-04    3.19678E-03   -4.11986E-03
     2.93000E+00    6.05550E-03    5.09345E-03    4.71132E-01    6.88753E-04   -1.37576E-02    2.08016E-02    2.38863E-05   -9.51532E-05    4.46565E-05   -1.53498E-04    4.74610E-04   -2.97076E-04    3.15591E-03   -4.05430E-03
     2.94000E+00    5.93118E-03    4.97976E-03    4.71139E-01    6.70319E-04   -1.35508E-02    2.05614E-02    2.29535E-05   -9.14242E-05    4.31474E-05   -1.48366E-04    4.71663E-04   -2.92242E-04    3.11569E-03   -3.98986E-03
     2.95000E+00    5.80968E-03    4.86853E-03    4.71145E-01    6.52381E-04   -1.33464E-02    2.03251E-02    2.20573E-05   -8.78412E-05    4.16886E-05   -1.43409E-04    4.68765E-04   -2.87482E-04    3.07611E-03   -3.92651E-03
     2.96000E+00    5.69094E-03    4.75970E-03    4.71152E-01    6.34925E-04   -1.31443E-02    2.00924E-02    2.11962E-05   -8.43985E-05    4.02786E-05   -1.38621E-04    4.65914E-04   -2.82794E-04    3.03716E-03   -3.86424E-03
     2.97000E+00    5.57490E-03    4.65322E-03    4.71158E-01    6.17937E-04   -1.29445E-02    1.98635E-02    2.03689E-05   -8.10905E-05    3.89157E-05   -1.33997E-04    4.63109E-04   -2.78176E-04    2.99882E-03   -3.80301E-03
     2.98000E+00    5.46150E-03    4.54903E-03    4.71164E-01    6.01404E-04   -1.27470E-02    1.96381E-02    1.95740E-05   -7.79121E-05    3.75982E-05   -1.29530E-04    4.60350E-04   -2.73627E-04    2.96109E-03   -3.74282E-03
     2.99000E+00    5.35067E-03    4.44708E-03    4.71170E-01    5.85311E-04   -1.25517E-02    1.94162E-02    1.88102E-05   -7.48581E-05    3.63246E-05   -1.25214E-04    4.57636E-04   -2.69144E-04    2.92396E-03   -3.68363E-03
     3.00000E+00    5.24238E-03    4.34732E-03    4.71176E-01    5.69647E-04   -1.23587E-02    1.91978E-02    1.80764E-05   -7.19236E-05    3.50934E-05   -1.21046E-04    4.54967E-04   -2.64726E-04    2.88742E-03   -3.62542E-03
     3.01000E+00    5.13654E-03    4.24970E-03    4.71182E-01    5.54399E-04   -1.21678E-02    1.89828E-02    1.73714E-05   -6.91040E-05    3.39032E-05   -1.17019E-04    4.52341E-04   -2.60372E-04    2.85145E-03   -3.56818E-03
     3.02000E+00    5.03313E-03    4.15417E-03    4.71187E-01    5.39555E-04   -1.19790E-02    1.87712E-02    1.66940E-05   -6.63948E-05    3.27526E-05   -1.13128E-04    4.49759E-04   -2.56080E-04    2.81605E-03   -3.51189E-03
     3.03000E+00    4.93207E-03    4.06068E-03    4.71192E-01    5.25103E-04   -1.17923E-02    1.85629E-02    1.60431E-05   -6.37916E-05    3.16402E-05   -1.09370E-04    4.47220E-04   -2.51848E-04    2.78121E-03   -3.45652E-03
     3.04000E+00    4.83332E-03    3.96917E-03    4.71198E-01    5.11033E-04   -1.16077E-02    1.83578E-02    1.54178E-05   -6.12902E-05    3.05648E-05   -1.05738E-04    4.44722E-04   -2.47676E-04    2.74692E-03   -3.40206E-03
     3.05000E+00    4.73683E-03    3.87962E-03    4.71203E-01    4.97333E-04   -1.14252E-02    1.81559E-02    1.48170E-05   -5.88868E-05    2.95250E-05   -1.02230E-04    4.42266E-04   -2.43561E-04    2.71317E-03   -3.34849E-03
     3.06000E+00    4.64255E-03    3.79197E-03    4.71208E-01    4.83992E-04   -1.12446E-02    1.79572E-02    1.42398E-05   -5.65774E-05    2.85198E-05   -9.88394E-05    4.39851E-04   -2.39503E-04    2.67995E-03   -3.29578E-03
     3.07000E+00    4.55043E-03    3.70617E-03    4.71212E-01    4.71002E-04   -1.10660E-02    1.77616E-02    1.36852E-05   -5.43583E-05    2.75479E-05   -9.55635E-05    4.37476E-04   -2.35499E-04    2.64725E-03   -3.24392E-03
     3.08000E+00    4.46043E-03    3.62219E-03    4.71217E-01    4.58350E-04   -1.08894E-02    1.75690E-02    1.31523E-05   -5.22261E-05    2.66081E-05   -9.23981E-05    4.35140E-04   -2.31550E-04    2.61506E-03   -3.19290E-03
     3.09000E+00    4.37249E-03    3.53998E-03    4.71221E-01    4.46029E-04   -1.07146E-02    1.73794E-02    1.26404E-05   -5.01772E-05    2.56995E-05   -8.93391E-05    4.32844E-04   -2.27653E-04    2.58339E-03   -3.14269E-03
     3.10000E+00    4.28658E-03    3.45950E-03    4.71226E-01    4.34028E-04   -1.05418E-02    1.71927E-02    1.21485E-05   -4.82085E-05    2.48210E-05   -8.63831E-05    4.30587E-04   -2.23807E-04    2.55221E-03   -3.09327E-03
     3.11000E+00    4.20264E-03    3.38072E-03    4.71230E-01    4.22339E-04   -1.03707E-02    1.70089E-02    1.16759E-05   -4.63167E-05    2.39716E-05   -8.35264E-05    4.28368E-04   -2.20011E-04    2.52152E-03   -3.04464E-03
     3.12000E+00    4.12065E-03    3.30358E-03    4.71234E-01    4.10952E-04   -1.02016E-02    1.68280E-02    1.12219E-05   -4.44990E-05    2.31502E-05   -8.07655E-05    4.26187E-04   -2.16265E-04    2.49131E-03   -2.99677E-03
     3.13000E+00    4.04055E-03    3.22806E-03    4.71238E-01    3.99860E-04   -1.00342E-02    1.66499E-02    1.07857E-05   -4.27522E-05    2.23559E-05   -7.80972E-05    4.24043E-04   -2.12567E-04    2.46158E-03   -2.94964E-03
     3.14000E+00    3.96231E-03    3.15412E-03    4.71242E-01    3.89053E-04   -9.86856E-03    1.64745E-02    1.03667E-05   -4.10738E-05    2.15879E-05   -7.55182E-05    4.21935E-04   -2.08916E-04    2.43232E-03   -2.90325E-03
     3.15000E+00    3.88588E-03    3.08171E-03    4.71246E-01    3.78524E-04   -9.70468E-03    1.63019E-02    9.96403E-06   -3.94609E-05    2.08453E-05   -7.30255E-05    4.19864E-04   -2.05310E-04    2.40351E-03   -2.85756E-03
     3.16000E+00    3.81124E-03    3.01081E-03    4.71250E-01    3.68265E-04   -9.54252E-03    1.61319E-02    9.57723E-06   -3.79110E-05    2.01272E-05   -7.06162E-05    4.17829E-04   -2.01750E-04    2.37516E-03   -2.81258E-03
     3.17000E+00    3.73833E-03    2.94137E-03    4.71254E-01    3.58269E-04   -9.38204E-03    1.59645E-02    9.20561E-06   -3.64217E-05    1.94327E-05   -6.82873E-05    4.15829E-04   -1.98233E-04    2.34726E-03   -2.76828E-03
     3.18000E+00    3.66712E-03    2.87338E-03    4.71257E-01    3.48527E-04   -9.22322E-03    1.57998E-02    8.84860E-06   -3.49905E-05    1.87612E-05   -6.60361E-05    4.13864E-04   -1.94760E-04    2.31980E-03   -2.72464E-03
     3.19000E+00    3.59758E-03    2.80678E-03    4.71260E-01    3.39034E-04   -9.06603E-03    1.56375E-02    8.50562E-06   -3.36152E-05    1.81117E-05   -6.38599E-05    4.11934E-04   -1.91329E-04    2.29277E-03   -2.68166E-03
     3.20000E+00    3.52968E-03    2.74155E-03    4.71264E-01    3.29782E-04   -8.91046E-03    1.54778E-02    8.17612E-06   -3.22936E-05    1.74837E-05   -6.17562E-05    4.10037E-04   -1.87939E-04    2.26616E-03   -2.63931E-03
     3.21000E+00    3.46337E-03    2.67766E-03    4.71267E-01    3.20764E-04   -8.75647E-03    1.53206E-02    7.85958E-06   -3.10235E-05    1.68764E-05   -5.97225E-05    4.08175E-04   -1.84589E-04    2.23998E-03   -2.59758E-03
     3.22000E+00    3.39862E-03    2.61507E-03    4.71270E-01    3.11974E-04   -8.60404E-03    1.51658E-02    7.55548E-06   -2.98030E-05    1.62890E-05   -5.77564E-05    4.06346E-04   -1.81279E-04    2.21421E-03   -2.55646E-03
     3.23000E+00    3.33541E-03    2.55375E-03    4.71273E-01    3.03405E-04   -8.45315E-03    1.50134E-02    7.26336E-06   -2.86301E-05    1.57210E-05   -5.58556E-05    4.04549E-04   -1.78008E-04    2.18885E-03   -2.51594E-03
     3.24000E+00    3.27370E-03    2.49368E-03    4.71276E-01    2.95051E-04   -8.30377E-03    1.48633E-02    6.98273E-06   -2.75028E-05    1.51717E-05   -5.40179E-05    4.02785E-04   -1.74774E-04    2.16389E-03   -2.47599E-03
     3.25000E+00    3.21345E-03    2.43483E-03    4.71279E-01    2.86907E-04   -8.15587E-03    1.47155E-02    6.71316E-06   -2.64195E-05    1.46405E-05   -5.22410E-05    4.01054E-04   -1.71578E-04    2.13932E-03   -2.43661E-03
     3.26000E+00    3.15465E-03    2.37716E-03    4.71282E-01    2.78967E-04   -8.00945E-03    1.45701E-02    6.45420E-06   -2.53783E-05    1.41267E-05   -5.05231E-05    3.99354E-04   -1.68418E-04    2.11515E-03   -2.39777E-03
     3.27000E+00    3.09725E-03    2.32066E-03    4.71285E-01    2.71225E-04   -7.86447E-03    1.44268E-02    6.20546E-06   -2.43777E-05    1.36298E-05   -4.88621E-05    3.97685E-04   -1.65294E-04    2.09137E-03   -2.35948E-03
     3.28000E+00    3.04124E-03    2.26528E-03    4.71287E-01    2.63675E-04   -7.72091E-03    1.42858E-02    5.96652E-06   -2.34160E-05    1.31493E-05   -4.72560E-05    3.96048E-04   -1.62205E-04    2.06796E-03   -2.32170E-03
     3.29000E+00    2.98657E-03    2.21101E-03    4.71290E-01    2.56312E-04   -7.57874E-03    1.41470E-02    5.73701E-06   -2.24917E-05    1.26845E-05   -4.57030E-05    3.94441E-04   -1.59150E-04    2.04493E-03   -2.28444E-03
     3.30000E+00    2.93323E-03    2.15781E-03    4.71293E-01    2.49131E-04   -7.43796E-03    1.40103E-02    5.51657E-06   -2.16033E-05    1.22351E-05   -4.42013E-05    3.92865E-04   -1.56129E-04    2.02227E-03   -2.24767E-03
     3.31000E+00    2.88119E-03    2.10567E-03    4.71295E-01    2.42127E-04   -7.29853E-03    1.38757E-02    5.30483E-06   -2.07494E-05    1.18003E-05   -4.27493E-05    3.91318E-04   -1.53140E-04    1.99998E-03   -2.21138E-03
     3.32000E+00    2.83042E-03    2.05456E-03    4.71297E-01    2.35295E-04   -7.16044E-03    1.37432E-02    5.10147E-06   -1.99286E-05    1.13799E-05   -4.13451E-05    3.89802E-04   -1.50184E-04    1.97804E-03   -2.17556E-03
     3.33000E+00    2.78090E-03    2.00445E-03    4.71300E-01    2.28631E-04   -7.02366E-03    1.36128E-02    4.90616E-06   -1.91397E-05    1.09733E-05   -3.99873E-05    3.88314E-04   -1.47259E-04    1.95646E-03   -2.14020E-03
     3.34000E+00    2.73260E-03    1.95532E-03    4.71302E-01    2.22130E-04   -6.88818E-03    1.34844E-02    4.71858E-06   -1.83813E-05    1.05800E-05   -3.86743E-05    3.86856E-04   -1.44366E-04    1.93524E-03   -2.10528E-03
     3.35000E+00    2.68549E-03    1.90715E-03    4.71304E-01    2.15786E-04   -6.75397E-03    1.33579E-02    4.53843E-06   -1.76523E-05    1.01997E-05   -3.74046E-05    3.85427E-04   -1.41502E-04    1.91436E-03   -2.07079E-03
     3.36000E+00    2.63956E-03    1.85991E-03    4.71306E-01    2.09597E-04   -6.62101E-03    1.32335E-02    4.36544E-06   -1.69514E-05    9.83179E-06   -3.61768E-05    3.84026E-04   -1.38669E-04    1.89382E-03   -2.03672E-03
     3.37000E+00    2.59478E-03    1.81358E-03    4.71308E-01    2.03558E-04   -6.48929E-03    1.31109E-02    4.19932E-06   -1.62777E-05    9.47599E-06   -3.49894E-05    3.82654E-04   -1.35865E-04    1.87362E-03   -2.00305E-03
     3.38000E+00    2.55112E-03    1.76814E-03    4.71310E-01    1.97664E-04   -6.35879E-03    1.29903E-02    4.03980E-06   -1.56299E-05    9.13187E-06   -3.38412E-05    3.81309E-04   -1.33089E-04    1.85376E-03   -1.96977E-03
     3.39000E+00    2.50857E-03    1.72357E-03    4.71312E-01    1.91912E-04   -6.22948E-03    1.28715E-02    3.88664E-06   -1.50071E-05    8.79905E-06   -3.27309E-05    3.79992E-04   -1.30342E-04    1.83423E-03   -1.93687E-03
     3.40000E+00    2.46710E-03    1.67984E-03    4.71314E-01    1.86298E-04   -6.10135E-03    1.27546E-02    3.73958E-06   -1.44083E-05    8.47714E-06   -3.16571E-05    3.78702E-04   -1.27623E-04    1.81502E-03   -1.90433E-03
     3.41000E+00    2.42670E-03    1.63694E-03    4.71316E-01    1.80818E-04   -5.97438E-03    1.26395E-02    3.59839E-06   -1.38325E-05    8.16579E-06   -3.06188E-05    3.77439E-04   -1.24930E-04    1.79614E-03   -1.87214E-03
     3.42000E+00    2.38734E-03    1.59485E-03    4.71318E-01    1.75468E-04   -5.84856E-03    1.25262E-02    3.46286E-06   -1.32788E-05    7.86465E-06   -2.96147E-05    3.76203E-04   -1.22264E-04    1.77758E-03   -1.84029E-03
     3.43000E+00    2.34900E-03    1.55354E-03    4.71320E-01    1.70244E-04   -5.72385E-03    1.24146E-02    3.33275E-06   -1.27463E-05    7.57338E-06   -2.86438E-05    3.74994E-04   -1.19624E-04    1.75933E-03   -1.80876E-03
     3.44000E+00    2.31167E-03    1.51299E-03    4.71321E-01    1.65145E-04   -5.60026E-03    1.23048E-02    3.20786E-06   -1.22343E-05    7.29167E-06   -2.77050E-05    3.73811E-04   -1.17010E-04    1.74140E-03   -1.77755E-03
     3.45000E+00    2.27532E-03    1.47320E-03    4.71323E-01    1.60165E-04   -5.47775E-03    1.21967E-02    3.08800E-06   -1.17417E-05    7.01918E-06   -2.67972E-05    3.72654E-04   -1.14421E-04    1.72378E-03   -1.74664E-03
     3.46000E+00    2.23994E-03    1.43413E-03    4.71324E-01    1.55301E-04   -5.35632E-03    1.20904E-02    2.97296E-06   -1.12680E-05    6.75562E-06   -2.59195E-05    3.71522E-04   -1.11856E-04    1.70647E-03   -1.71601E-03
     3.47000E+00    2.20550E-03    1.39578E-03    4.71326E-01    1.50552E-04   -5.23594E-03    1.19856E-02    2.86258E-06   -1.08122E-05    6.50069E-06   -2.50709E-05    3.70416E-04   -1.09316E-04    1.68946E-03   -1.68565E-03
     3.48000E+00    2.17200E-03    1.35812E-03    4.71327E-01    1.45912E-04   -5.11660E-03    1.18825E-02    2.75666E-06   -1.03738E-05    6.25411E-06   -2.42505E-05    3.69336E-04   -1.06799E-04    1.67275E-03   -1.65555E-03
     3.49000E+00    2.13941E-03    1.32113E-03    4.71329E-01    1.41380E-04   -4.99828E-03    1.17811E-02    2.65505E-06   -9.95200E-06    6.01560E-06   -2.34573E-05    3.68280E-04   -1.04306E-04    1.65635E-03   -1.62570E-03
     3.50000E+00    2.10771E-03    1.28481E-03    4.71330E-01    1.36952E-04   -4.88097E-03    1.16812E-02    2.55757E-06   -9.54611E-06    5.78488E-06   -2.26906E-05    3.67250E-04   -1.01835E-04    1.64024E-03   -1.59607E-03
     3.51000E+00    2.07690E-03    1.24912E-03    4.71332E-01    1.32626E-04   -4.76466E-03    1.15829E-02    2.46407E-06   -9.15551E-06    5.56170E-06   -2.19494E-05    3.66243E-04   -9.93874E-05    1.62442E-03   -1.56667E-03
     3.52000E+00    2.04695E-03    1.21406E-03    4.71333E-01    1.28398E-04   -4.64931E-03    1.14862E-02    2.37441E-06   -8.77957E-06    5.34581E-06   -2.12331E-05    3.65262E-04   -9.69615E-05    1.60890E-03   -1.53746E-03
     3.53000E+00    2.01785E-03    1.17961E-03    4.71334E-01    1.24266E-04   -4.53493E-03    1.13910E-02    2.28844E-06   -8.41771E-06    5.13696E-06   -2.05408E-05    3.64304E-04   -9.45572E-05    1.59367E-03   -1.50845E-03
     3.54000E+00    1.98958E-03    1.14576E-03    4.71335E-01    1.20228E-04   -4.42149E-03    1.12973E-02    2.20601E-06   -8.06934E-06    4.93492E-06   -1.98718E-05    3.63371E-04   -9.21742E-05    1.57873E-03   -1.47961E-03
     3.55000E+00    1.96214E-03    1.11248E-03    4.71337E-01    1.16280E-04   -4.30898E-03    1.12051E-02    2.12701E-06   -7.73392E-06    4.73945E-06   -1.92254E-05    3.62461E-04   -8.98120E-05    1.56408E-03   -1.45093E-03
     3.56000E+00    1.93550E-03    1.07977E-03    4.71338E-01    1.12420E-04   -4.19738E-03    1.11143E-02    2.05129E-06   -7.41091E-06    4.55034E-06   -1.86009E-05    3.61574E-04   -8.74703E-05    1.54972E-03   -1.42239E-03
     3.57000E+00    1.90965E-03    1.04760E-03    4.71339E-01    1.08646E-04   -4.08669E-03    1.10250E-02    1.97875E-06   -7.09981E-06    4.36736E-06   -1.79977E-05    3.60711E-04   -8.51488E-05    1.53563E-03   -1.39398E-03
     3.58000E+00    1.88458E-03    1.01597E-03    4.71340E-01    1.04955E-04   -3.97688E-03    1.09371E-02    1.90926E-06   -6.80011E-06    4.19032E-06   -1.74151E-05    3.59871E-04   -8.28470E-05    1.52184E-03   -1.36569E-03
     3.59000E+00    1.86028E-03    9.84865E-04    4.71341E-01    1.01346E-04   -3.86794E-03    1.08507E-02    1.84271E-06   -6.51136E-06    4.01899E-06   -1.68525E-05    3.59054E-04   -8.05645E-05    1.50832E-03   -1.33750E-03
     3.60000E+00    1.83673E-03    9.54262E-04    4.71342E-01    9.78146E-05   -3.75986E-03    1.07656E-02    1.77900E-06   -6.23308E-06    3.85320E-06   -1.63094E-05    3.58260E-04   -7.83012E-05    1.49509E-03   -1.30938E-03
     3.61000E+00    1.81392E-03    9.24151E-04    4.71343E-01    9.43600E-05   -3.65262E-03    1.06819E-02    1.71802E-06   -5.96484E-06    3.69274E-06   -1.57852E-05    3.57488E-04   -7.60565E-05    1.48213E-03   -1.28134E-03
     3.62000E+00    1.79184E-03    8.94519E-04    4.71344E-01    9.09797E-05   -3.54622E-03    1.05996E-02    1.65967E-06   -5.70622E-06    3.53744E-06   -1.52793E-05    3.56739E-04   -7.38301E-05    1.46946E-03   -1.25334E-03
     3.63000E+00    1.77047E-03    8.65353E-04    4.71345E-01    8.76715E-05   -3.44063E-03    1.05185E-02    1.60386E-06   -5.45681E-06    3.38710E-06   -1.47913E-05    3.56011E-04   -7.16218E-05    1.45706E-03   -1.22538E-03
     3.64000E+00    1.74981E-03    8.36641E-04    4.71346E-01    8.44335E-05   -3.33584E-03    1.04388E-02    1.55050E-06   -5.21622E-06    3.24155E-06   -1.43206E-05    3.55306E-04   -6.94312E-05    1.44495E-03   -1.19743E-03
     3.65000E+00    1.72984E-03    8.08368E-04    4.71346E-01    8.12634E-05   -3.23185E-03    1.03604E-02    1.49951E-06   -4.98406E-06    3.10063E-06   -1.38668E-05    3.54623E-04   -6.72579E-05    1.43312E-03   -1.16947E-03
     3.66000E+00    1.71056E-03    7.80524E-04    4.71347E-01    7.81595E-05   -3.12863E-03    1.02833E-02    1.45080E-06   -4.75998E-06    2.96416E-06   -1.34294E-05    3.53961E-04   -6.51017E-05    1.42156E-03   -1.14150E-03
     3.67000E+00    1.69195E-03    7.53096E-04    4.71348E-01    7.51197E-05   -3.02618E-03    1.02075E-02    1.40428E-06   -4.54362E-06    2.83199E-06   -1.30081E-05    3.53321E-04   -6.29623E-05    1.41029E-03   -1.11348E-03
     3.68000E+00    1.67400E-03    7.26071E-04    4.71349E-01    7.21421E-05   -2.92448E-03    1.01328E-02    1.35990E-06   -4.33464E-06    2.70395E-06   -1.26023E-05    3.52702E-04   -6.08393E-05    1.39929E-03   -1.08541E-03
     3.69000E+00    1.65670E-03    6.99439E-04    4.71349E-01    6.92249E-05   -2.82352E-03    1.00595E-02    1.31757E-06   -4.13272E-06    2.57989E-06   -1.22117E-05    3.52104E-04   -5.87325E-05    1.38858E-03   -1.05725E-03
     3.70000E+00    1.64005E-03    6.73187E-04    4.71350E-01    6.63663E-05   -2.72328E-03    9.98729E-03    1.27722E-06   -3.93754E-06    2.45967E-06   -1.18359E-05    3.51527E-04   -5.66415E-05    1.37815E-03   -1.02900E-03
     3.71000E+00    1.62403E-03    6.47304E-04    4.71351E-01    6.35644E-05   -2.62377E-03    9.91633E-03    1.23880E-06   -3.74879E-06    2.34313E-06   -1.14746E-05    3.50971E-04   -5.45661E-05    1.36800E-03   -1.00062E-03
     3.72000E+00    1.60864E-03    6.21779E-04    4.71351E-01    6.08176E-05   -2.52495E-03    9.84654E-03    1.20223E-06   -3.56619E-06    2.23013E-06   -1.11274E-05    3.50436E-04   -5.25059E-05    1.35814E-03   -9.72102E-04
     3.73000E+00    1.59386E-03    5.96601E-04    4.71352E-01    5.81242E-05   -2.42683E-03    9.77792E-03    1.16745E-06   -3.38944E-06    2.12053E-06   -1.07940E-05    3.49921E-04   -5.04608E-05    1.34856E-03   -9.43418E-04
     3.74000E+00    1.57969E-03    5.71760E-04    4.71353E-01    5.54824E-05   -2.32939E-03    9.71046E-03    1.13442E-06   -3.21827E-06    2.01420E-06   -1.04742E-05    3.49426E-04   -4.84304E-05    1.33927E-03   -9.14546E-04
     3.75000E+00    1.56613E-03    5.47245E-04    4.71353E-01    5.28907E-05   -2.23262E-03    9.64413E-03    1.10307E-06   -3.05241E-06    1.91101E-06   -1.01675E-05    3.48952E-04   -4.64144E-05    1.33027E-03   -8.85461E-04
     3.76000E+00    1.55315E-03    5.23044E-04    4.71354E-01    5.03474E-05   -2.13651E-03    9.57892E-03    1.07335E-06   -2.89162E-06    1.81081E-06   -9.87381E-06    3.48498E-04   -4.44126E-05    1.32156E-03   -8.56141E-04
     3.77000E+00    1.54076E-03    4.99150E-04    4.71354E-01    4.78509E-05   -2.04104E-03    9.51483E-03    1.04522E-06   -2.73563E-06    1.71349E-06   -9.59279E-06    3.48064E-04   -4.24248E-05    1.31315E-03   -8.26559E-04
     3.78000E+00    1.52894E-03    4.75550E-04    4.71355E-01    4.53996E-05   -1.94621E-03    9.45183E-03    1.01863E-06   -2.58421E-06    1.61891E-06   -9.32422E-06    3.47649E-04   -4.04506E-05    1.30503E-03   -7.96689E-04
     3.79000E+00    1.51769E-03    4.52235E-04    4.71355E-01    4.29921E-05   -1.85200E-03    9.38991E-03    9.93524E-07   -2.43713E-06    1.52696E-06   -9.06788E-06    3.47255E-04   -3.84899E-05    1.29721E-03   -7.66504E-04
     3.80000E+00    1.50701E-03    4.29197E-04    4.71355E-01    4.06268E-05   -1.75841E-03    9.32906E-03    9.69870E-07   -2.29416E-06    1.43752E-06   -8.82357E-06    3.46880E-04   -3.65423E-05    1.28970E-03   -7.35977E-04
     3.81000E+00    1.49688E-03    4.06424E-04    4.71356E-01    3.83023E-05   -1.66542E-03    9.26926E-03    9.47627E-07   -2.15508E-06    1.35045E-06   -8.59108E-06    3.46524E-04   -3.46076E-05    1.28249E-03   -7.05078E-04
     3.82000E+00    1.48730E-03    3.83907E-04    4.71356E-01    3.60170E-05   -1.57302E-03    9.21051E-03    9.26757E-07   -2.01968E-06    1.26566E-06   -8.37025E-06    3.46187E-04   -3.26856E-05    1.27560E-03   -6.73778E-04
     3.83000E+00    1.47827E-03    3.61638E-04    4.71357E-01    3.37695E-05   -1.48120E-03    9.15279E-03    9.07222E-07   -1.88776E-06    1.18301E-06   -8.16092E-06    3.45870E-04   -3.07761E-05    1.26902E-03   -6.42045E-04
     3.84000E+00    1.46977E-03    3.39607E-04    4.71357E-01    3.15584E-05   -1.38996E-03    9.09608E-03    8.88991E-07   -1.75910E-06    1.10240E-06   -7.96293E-06    3.45572E-04   -2.88787E-05    1.26276E-03   -6.09847E-04
     3.85000E+00    1.46180E-03    3.17806E-04    4.71357E-01    2.93822E-05   -1.29928E-03    9.04037E-03    8.72030E-07   -1.63352E-06    1.02372E-06   -7.77616E-06    3.45293E-04   -2.69933E-05    1.25683E-03   -5.77151E-04
     3.86000E+00    1.45437E-03    2.96224E-04    4.71357E-01    2.72396E-05   -1.20915E-03    8.98566E-03    8.56311E-07   -1.51082E-06    9.46842E-07   -7.60049E-06    3.45032E-04   -2.51197E-05    1.25122E-03   -5.43923E-04
     3.87000E+00    1.44745E-03    2.74855E-04    4.71358E-01    2.51291E-05   -1.11956E-03    8.93192E-03    8.41805E-07   -1.39083E-06    8.71670E-07   -7.43582E-06    3.44790E-04   -2.32576E-05    1.24595E-03   -5.10126E-04
     3.88000E+00    1.44104E-03    2.53688E-04    4.71358E-01    2.30495E-05   -1.03051E-03    8.87916E-03    8.28486E-07   -1.27336E-06    7.98089E-07   -7.28208E-06    3.44567E-04   -2.14067E-05    1.24102E-03   -4.75724E-04
     3.89000E+00    1.43515E-03    2.32716E-04    4.71358E-01    2.09992E-05   -9.41976E-04    8.82734E-03    8.16330E-07   -1.15824E-06    7.25992E-07   -7.13917E-06    3.44362E-04   -1.95670E-05    1.23644E-03   -4.40678E-04
     3.90000E+00    1.42977E-03    2.11929E-04    4.71358E-01    1.89770E-05   -8.53958E-04    8.77648E-03    8.05314E-07   -1.04529E-06    6.55270E-07   -7.00707E-06    3.44175E-04   -1.77380E-05    1.23221E-03   -4.04948E-04
     3.91000E+00    1.42488E-03    1.91321E-04    4.71359E-01    1.69815E-05   -7.66444E-04    8.72655E-03    7.95417E-07   -9.34340E-07    5.85815E-07   -6.88572E-06    3.44007E-04   -1.59198E-05    1.22834E-03   -3.68492E-04
     3.92000E+00    1.42050E-03    1.70883E-04    4.71359E-01    1.50114E-05   -6.79425E-04    8.67754E-03    7.86621E-07   -8.25237E-07    5.17521E-07   -6.77509E-06    3.43857E-04   -1.41119E-05    1.22484E-03   -3.31267E-04
     3.93000E+00    1.41660E-03    1.50606E-04    4.71359E-01    1.30652E-05   -5.92891E-04    8.62944E-03    7.78907E-07   -7.17815E-07    4.50278E-07   -6.67520E-06    3.43725E-04   -1.23143E-05    1.22172E-03   -2.93228E-04
     3.94000E+00    1.41320E-03    1.30483E-04    4.71359E-01    1.11416E-05   -5.06833E-04    8.58224E-03    7.72260E-07   -6.11916E-07    3.83981E-07   -6.58604E-06    3.43611E-04   -1.05267E-05    1.21898E-03   -2.54328E-04
     3.95000E+00    1.41028E-03    1.10506E-04    4.71359E-01    9.23938E-06   -4.21243E-04    8.53593E-03    7.66664E-07   -5.07385E-07    3.18522E-07   -6.50763E-06    3.43514E-04   -8.74887E-06    1.21663E-03   -2.14520E-04
     3.96000E+00    1.40785E-03    9.06669E-05    4.71359E-01    7.35708E-06   -3.36112E-04    8.49051E-03    7.62108E-07   -4.04070E-07    2.53793E-07   -6.44003E-06    3.43436E-04   -6.98067E-06    1.21469E-03   -1.73751E-04
     3.97000E+00    1.40589E-03    7.09585E-05    4.71359E-01    5.49335E-06   -2.51431E-04    8.44595E-03    7.58579E-07   -3.01821E-07    1.89685E-07   -6.38329E-06    3.43375E-04   -5.22188E-06    1.21316E-03   -1.31971E-04
     3.98000E+00    1.40442E-03    5.13732E-05    4.71359E-01    3.64685E-06   -1.67191E-04    8.40226E-03    7.56069E-07   -2.00490E-07    1.26091E-07   -6.33748E-06    3.43331E-04   -3.47230E-06    1.21206E-03   -8.91239E-05
     3.99000E+00    1.40341E-03    3.19033E-05    4.71359E-01    1.81619E-06   -8.33832E-05    8.35941E-03    7.54567E-07   -9.99307E-08    6.28994E-08   -6.30270E-06    3.43305E-04   -1.73174E-06    1.21138E-03   -4.51533E-05
     4.00000E+00    1.40287E-03    1.25416E-05    4.71359E-01    6.06200E-50   -3.59879E-48    8.31741E-03    7.54068E-07   -4.97986E-52   -3.36500E-28   -6.27907E-06    3.43297E-04   -1.67206E-49    1.21116E-03   -1.24330E-48
