     1.00000E-05    3.48410E+00   -2.66194E-05   -5.81067E-01   -7.13039E-20   -1.08826E-05   -1.08826E+00    5.73659E-01   -2.46895E-21    3.05758E-06    3.05758E-01    3.26298E-01    1.30539E-20    3.22682E-11    6.45364E-06
     1.90997E-03    3.48409E+00    4.57229E-03   -5.81060E-01    7.47102E-03   -2.07854E-03   -1.08824E+00    5.73657E-01   -2.26569E-03    5.83983E-04    3.05747E-01    3.26296E-01   -2.03820E-03    1.17714E-06    1.23261E-03
     3.80995E-03    3.48405E+00    9.12044E-03   -5.81038E-01    1.49028E-02   -4.14611E-03   -1.08818E+00    5.73651E-01   -4.51942E-03    1.16487E-03    3.05716E-01    3.26291E-01   -4.06559E-03    4.68383E-06    2.45867E-03
     5.70992E-03    3.48399E+00    1.36682E-02   -5.81003E-01    2.23342E-02   -6.21352E-03   -1.08807E+00    5.73640E-01   -6.77297E-03    1.74567E-03    3.05664E-01    3.26281E-01   -6.09273E-03    1.05199E-05    3.68454E-03
     7.60990E-03    3.48389E+00    1.82153E-02   -5.80953E-01    2.97651E-02   -8.28070E-03   -1.08793E+00    5.73625E-01   -9.02625E-03    2.32636E-03    3.05591E-01    3.26267E-01   -8.11950E-03    1.86847E-05    4.91012E-03
     9.50987E-03    3.48378E+00    2.27617E-02   -5.80890E-01    3.71954E-02   -1.03476E-02   -1.08774E+00    5.73606E-01   -1.12792E-02    2.90689E-03    3.05497E-01    3.26250E-01   -1.01458E-02    2.91778E-05    6.13532E-03
     1.14098E-02    3.48363E+00    2.73070E-02   -5.80812E-01    4.46248E-02   -1.24140E-02   -1.08751E+00    5.73582E-01   -1.35317E-02    3.48722E-03    3.05383E-01    3.26229E-01   -1.21714E-02    4.19983E-05    7.36004E-03
     1.33098E-02    3.48346E+00    3.18511E-02   -5.80720E-01    5.20532E-02   -1.44800E-02   -1.08724E+00    5.73554E-01   -1.57836E-02    4.06732E-03    3.05248E-01    3.26204E-01   -1.41963E-02    5.71452E-05    8.58418E-03
     1.52098E-02    3.48327E+00    3.63938E-02   -5.80614E-01    5.94805E-02   -1.65454E-02   -1.08692E+00    5.73522E-01   -1.80349E-02    4.64713E-03    3.05092E-01    3.26175E-01   -1.62203E-02    7.46174E-05    9.80765E-03
     1.71098E-02    3.48304E+00    4.09349E-02   -5.80494E-01    6.69065E-02   -1.86102E-02   -1.08657E+00    5.73486E-01   -2.02855E-02    5.22664E-03    3.04915E-01    3.26142E-01   -1.82433E-02    9.44133E-05    1.10304E-02
     1.90097E-02    3.48280E+00    4.54741E-02   -5.80360E-01    7.43310E-02   -2.06743E-02   -1.08617E+00    5.73445E-01   -2.25353E-02    5.80578E-03    3.04718E-01    3.26106E-01   -2.02652E-02    1.16532E-04    1.22522E-02
     2.09097E-02    3.48252E+00    5.00114E-02   -5.80212E-01    8.17539E-02   -2.27376E-02   -1.08573E+00    5.73400E-01   -2.47841E-02    6.38453E-03    3.04499E-01    3.26065E-01   -2.22859E-02    1.40970E-04    1.34731E-02
     2.28097E-02    3.48222E+00    5.45464E-02   -5.80049E-01    8.91749E-02   -2.48000E-02   -1.08525E+00    5.73351E-01   -2.70320E-02    6.96285E-03    3.04261E-01    3.26021E-01   -2.43051E-02    1.67728E-04    1.46929E-02
     2.47097E-02    3.48189E+00    5.90790E-02   -5.79873E-01    9.65940E-02   -2.68615E-02   -1.08473E+00    5.73297E-01   -2.92788E-02    7.54070E-03    3.04001E-01    3.25973E-01   -2.63229E-02    1.96802E-04    1.59116E-02
     2.66096E-02    3.48154E+00    6.36090E-02   -5.79682E-01    1.04011E-01   -2.89219E-02   -1.08417E+00    5.73240E-01   -3.15245E-02    8.11803E-03    3.03721E-01    3.25921E-01   -2.83391E-02    2.28190E-04    1.71290E-02
     2.85096E-02    3.48116E+00    6.81362E-02   -5.79478E-01    1.11426E-01   -3.09812E-02   -1.08356E+00    5.73178E-01   -3.37688E-02    8.69481E-03    3.03420E-01    3.25865E-01   -3.03535E-02    2.61891E-04    1.83451E-02
     3.04096E-02    3.48076E+00    7.26603E-02   -5.79259E-01    1.18838E-01   -3.30394E-02   -1.08292E+00    5.73111E-01   -3.60119E-02    9.27100E-03    3.03099E-01    3.25806E-01   -3.23660E-02    2.97900E-04    1.95598E-02
     3.23096E-02    3.48033E+00    7.71812E-02   -5.79026E-01    1.26247E-01   -3.50962E-02   -1.08223E+00    5.73041E-01   -3.82535E-02    9.84655E-03    3.02757E-01    3.25742E-01   -3.43765E-02    3.36216E-04    2.07729E-02
     3.42095E-02    3.47987E+00    8.16987E-02   -5.78779E-01    1.33654E-01   -3.71518E-02   -1.08150E+00    5.72966E-01   -4.04935E-02    1.04214E-02    3.02394E-01    3.25675E-01   -3.63849E-02    3.76835E-04    2.19844E-02
     3.61095E-02    3.47939E+00    8.62125E-02   -5.78518E-01    1.41058E-01   -3.92059E-02   -1.08073E+00    5.72887E-01   -4.27320E-02    1.09956E-02    3.02011E-01    3.25604E-01   -3.83911E-02    4.19755E-04    2.31942E-02
     3.80095E-02    3.47888E+00    9.07225E-02   -5.78243E-01    1.48459E-01   -4.12585E-02   -1.07992E+00    5.72804E-01   -4.49687E-02    1.15691E-02    3.01607E-01    3.25529E-01   -4.03949E-02    4.64971E-04    2.44022E-02
     3.99095E-02    3.47834E+00    9.52285E-02   -5.77954E-01    1.55856E-01   -4.33095E-02   -1.07906E+00    5.72716E-01   -4.72036E-02    1.21417E-02    3.01183E-01    3.25450E-01   -4.23962E-02    5.12481E-04    2.56083E-02
     4.18094E-02    3.47778E+00    9.97303E-02   -5.77651E-01    1.63250E-01   -4.53588E-02   -1.07817E+00    5.72624E-01   -4.94366E-02    1.27135E-02    3.00739E-01    3.25368E-01   -4.43949E-02    5.62280E-04    2.68124E-02
     4.37094E-02    3.47720E+00    1.04228E-01   -5.77334E-01    1.70641E-01   -4.74064E-02   -1.07723E+00    5.72528E-01   -5.16677E-02    1.32845E-02    3.00274E-01    3.25282E-01   -4.63909E-02    6.14365E-04    2.80144E-02
     4.56094E-02    3.47658E+00    1.08720E-01   -5.77003E-01    1.78027E-01   -4.94522E-02   -1.07625E+00    5.72428E-01   -5.38967E-02    1.38545E-02    2.99788E-01    3.25192E-01   -4.83840E-02    6.68732E-04    2.92141E-02
     4.75094E-02    3.47594E+00    1.13208E-01   -5.76657E-01    1.85410E-01   -5.14961E-02   -1.07523E+00    5.72323E-01   -5.61235E-02    1.44236E-02    2.99282E-01    3.25098E-01   -5.03741E-02    7.25376E-04    3.04117E-02
     4.94093E-02    3.47528E+00    1.17691E-01   -5.76298E-01    1.92789E-01   -5.35380E-02   -1.07417E+00    5.72215E-01   -5.83480E-02    1.49918E-02    2.98756E-01    3.25000E-01   -5.23611E-02    7.84293E-04    3.16068E-02
     5.13093E-02    3.47459E+00    1.22168E-01   -5.75925E-01    2.00164E-01   -5.55779E-02   -1.07307E+00    5.72102E-01   -6.05702E-02    1.55589E-02    2.98210E-01    3.24899E-01   -5.43449E-02    8.45479E-04    3.27995E-02
     5.32093E-02    3.47387E+00    1.26640E-01   -5.75537E-01    2.07534E-01   -5.76156E-02   -1.07193E+00    5.71985E-01   -6.27900E-02    1.61249E-02    2.97643E-01    3.24794E-01   -5.63254E-02    9.08928E-04    3.39896E-02
     5.51093E-02    3.47313E+00    1.31107E-01   -5.75136E-01    2.14899E-01   -5.96511E-02   -1.07074E+00    5.71863E-01   -6.50072E-02    1.66899E-02    2.97056E-01    3.24685E-01   -5.83024E-02    9.74636E-04    3.51770E-02
     5.70092E-02    3.47236E+00    1.35567E-01   -5.74721E-01    2.22260E-01   -6.16843E-02   -1.06952E+00    5.71737E-01   -6.72219E-02    1.72537E-02    2.96449E-01    3.24572E-01   -6.02758E-02    1.04260E-03    3.63617E-02
     5.89092E-02    3.47156E+00    1.40022E-01   -5.74291E-01    2.29617E-01   -6.37152E-02   -1.06825E+00    5.71608E-01   -6.94338E-02    1.78164E-02    2.95822E-01    3.24456E-01   -6.22454E-02    1.11281E-03    3.75436E-02
     6.08092E-02    3.47074E+00    1.44470E-01   -5.73848E-01    2.36968E-01   -6.57436E-02   -1.06694E+00    5.71474E-01   -7.16429E-02    1.83778E-02    2.95175E-01    3.24336E-01   -6.42113E-02    1.18526E-03    3.87226E-02
     6.27092E-02    3.46990E+00    1.48912E-01   -5.73391E-01    2.44314E-01   -6.77695E-02   -1.06559E+00    5.71335E-01   -7.38491E-02    1.89380E-02    2.94507E-01    3.24212E-01   -6.61732E-02    1.25995E-03    3.98985E-02
     6.46091E-02    3.46902E+00    1.53347E-01   -5.72920E-01    2.51654E-01   -6.97928E-02   -1.06420E+00    5.71193E-01   -7.60523E-02    1.94969E-02    2.93820E-01    3.24084E-01   -6.81310E-02    1.33687E-03    4.10713E-02
     6.65091E-02    3.46812E+00    1.57776E-01   -5.72435E-01    2.58990E-01   -7.18134E-02   -1.06277E+00    5.71046E-01   -7.82524E-02    2.00545E-02    2.93113E-01    3.23953E-01   -7.00846E-02    1.41602E-03    4.22409E-02
     6.84091E-02    3.46720E+00    1.62197E-01   -5.71936E-01    2.66319E-01   -7.38312E-02   -1.06130E+00    5.70896E-01   -8.04494E-02    2.06107E-02    2.92386E-01    3.23818E-01   -7.20339E-02    1.49738E-03    4.34072E-02
     7.03091E-02    3.46625E+00    1.66611E-01   -5.71423E-01    2.73643E-01   -7.58462E-02   -1.05979E+00    5.70741E-01   -8.26431E-02    2.11655E-02    2.91639E-01    3.23679E-01   -7.39788E-02    1.58096E-03    4.45701E-02
     7.22090E-02    3.46527E+00    1.71017E-01   -5.70896E-01    2.80961E-01   -7.78583E-02   -1.05823E+00    5.70582E-01   -8.48335E-02    2.17189E-02    2.90872E-01    3.23537E-01   -7.59191E-02    1.66674E-03    4.57296E-02
     7.41090E-02    3.46427E+00    1.75416E-01   -5.70355E-01    2.88273E-01   -7.98674E-02   -1.05664E+00    5.70418E-01   -8.70204E-02    2.22708E-02    2.90085E-01    3.23391E-01   -7.78547E-02    1.75473E-03    4.68855E-02
     7.60090E-02    3.46324E+00    1.79807E-01   -5.69800E-01    2.95579E-01   -8.18735E-02   -1.05501E+00    5.70251E-01   -8.92037E-02    2.28212E-02    2.89279E-01    3.23241E-01   -7.97856E-02    1.84490E-03    4.80377E-02
     7.79090E-02    3.46219E+00    1.84190E-01   -5.69232E-01    3.02878E-01   -8.38764E-02   -1.05333E+00    5.70079E-01   -9.13835E-02    2.33701E-02    2.88454E-01    3.23088E-01   -8.17115E-02    1.93726E-03    4.91862E-02
     7.98089E-02    3.46111E+00    1.88565E-01   -5.68650E-01    3.10171E-01   -8.58761E-02   -1.05161E+00    5.69904E-01   -9.35595E-02    2.39173E-02    2.87608E-01    3.22930E-01   -8.36324E-02    2.03181E-03    5.03309E-02
     8.17089E-02    3.46001E+00    1.92931E-01   -5.68053E-01    3.17457E-01   -8.78724E-02   -1.04986E+00    5.69724E-01   -9.57317E-02    2.44630E-02    2.86743E-01    3.22770E-01   -8.55482E-02    2.12852E-03    5.14716E-02
     8.36089E-02    3.45888E+00    1.97289E-01   -5.67443E-01    3.24736E-01   -8.98654E-02   -1.04806E+00    5.69540E-01   -9.78999E-02    2.50069E-02    2.85859E-01    3.22605E-01   -8.74587E-02    2.22739E-03    5.26084E-02
     8.55089E-02    3.45772E+00    2.01637E-01   -5.66819E-01    3.32009E-01   -9.18550E-02   -1.04622E+00    5.69352E-01   -1.00064E-01    2.55492E-02    2.84956E-01    3.22437E-01   -8.93638E-02    2.32842E-03    5.37410E-02
     8.74088E-02    3.45654E+00    2.05977E-01   -5.66182E-01    3.39274E-01   -9.38410E-02   -1.04434E+00    5.69160E-01   -1.02224E-01    2.60897E-02    2.84033E-01    3.22266E-01   -9.12635E-02    2.43160E-03    5.48694E-02
     8.93088E-02    3.45533E+00    2.10307E-01   -5.65530E-01    3.46532E-01   -9.58234E-02   -1.04243E+00    5.68963E-01   -1.04380E-01    2.66285E-02    2.83091E-01    3.22091E-01   -9.31575E-02    2.53692E-03    5.59936E-02
     9.12088E-02    3.45410E+00    2.14628E-01   -5.64865E-01    3.53783E-01   -9.78021E-02   -1.04047E+00    5.68763E-01   -1.06532E-01    2.71654E-02    2.82129E-01    3.21912E-01   -9.50458E-02    2.64437E-03    5.71135E-02
     9.31088E-02    3.45284E+00    2.18939E-01   -5.64186E-01    3.61026E-01   -9.97771E-02   -1.03847E+00    5.68559E-01   -1.08679E-01    2.77006E-02    2.81149E-01    3.21729E-01   -9.69282E-02    2.75395E-03    5.82288E-02
     9.50087E-02    3.45156E+00    2.23240E-01   -5.63493E-01    3.68262E-01   -1.01748E-01   -1.03643E+00    5.68350E-01   -1.10822E-01    2.82338E-02    2.80149E-01    3.21543E-01   -9.88047E-02    2.86564E-03    5.93397E-02
     9.69087E-02    3.45025E+00    2.27532E-01   -5.62786E-01    3.75490E-01   -1.03715E-01   -1.03435E+00    5.68137E-01   -1.12960E-01    2.87651E-02    2.79131E-01    3.21354E-01   -1.00675E-01    2.97943E-03    6.04459E-02
     9.88087E-02    3.44891E+00    2.31813E-01   -5.62066E-01    3.82710E-01   -1.05679E-01   -1.03223E+00    5.67921E-01   -1.15094E-01    2.92945E-02    2.78094E-01    3.21161E-01   -1.02539E-01    3.09533E-03    6.15475E-02
     1.00709E-01    3.44755E+00    2.36083E-01   -5.61332E-01    3.89922E-01   -1.07638E-01   -1.03007E+00    5.67700E-01   -1.17223E-01    2.98218E-02    2.77037E-01    3.20964E-01   -1.04397E-01    3.21331E-03    6.26442E-02
     1.02609E-01    3.44616E+00    2.40343E-01   -5.60584E-01    3.97125E-01   -1.09593E-01   -1.02787E+00    5.67475E-01   -1.19347E-01    3.03472E-02    2.75963E-01    3.20764E-01   -1.06249E-01    3.33337E-03    6.37361E-02
     1.04509E-01    3.44475E+00    2.44592E-01   -5.59823E-01    4.04321E-01   -1.11544E-01   -1.02564E+00    5.67247E-01   -1.21466E-01    3.08705E-02    2.74869E-01    3.20561E-01   -1.08094E-01    3.45550E-03    6.48231E-02
     1.06409E-01    3.44331E+00    2.48829E-01   -5.59048E-01    4.11508E-01   -1.13490E-01   -1.02336E+00    5.67014E-01   -1.23580E-01    3.13916E-02    2.73757E-01    3.20353E-01   -1.09932E-01    3.57969E-03    6.59050E-02
     1.08309E-01    3.44185E+00    2.53056E-01   -5.58259E-01    4.18686E-01   -1.15432E-01   -1.02104E+00    5.66777E-01   -1.25689E-01    3.19107E-02    2.72626E-01    3.20143E-01   -1.11764E-01    3.70593E-03    6.69817E-02
     1.10209E-01    3.44036E+00    2.57271E-01   -5.57457E-01    4.25856E-01   -1.17370E-01   -1.01868E+00    5.66536E-01   -1.27792E-01    3.24276E-02    2.71477E-01    3.19929E-01   -1.13588E-01    3.83421E-03    6.80533E-02
     1.12109E-01    3.43885E+00    2.61474E-01   -5.56641E-01    4.33016E-01   -1.19303E-01   -1.01628E+00    5.66291E-01   -1.29891E-01    3.29423E-02    2.70310E-01    3.19711E-01   -1.15406E-01    3.96453E-03    6.91196E-02
     1.14008E-01    3.43731E+00    2.65665E-01   -5.55812E-01    4.40168E-01   -1.21232E-01   -1.01385E+00    5.66043E-01   -1.31984E-01    3.34547E-02    2.69124E-01    3.19490E-01   -1.17217E-01    4.09686E-03    7.01806E-02
     1.15908E-01    3.43575E+00    2.69845E-01   -5.54969E-01    4.47311E-01   -1.23156E-01   -1.01137E+00    5.65790E-01   -1.34071E-01    3.39649E-02    2.67920E-01    3.19266E-01   -1.19020E-01    4.23120E-03    7.12361E-02
     1.17808E-01    3.43416E+00    2.74012E-01   -5.54112E-01    4.54444E-01   -1.25075E-01   -1.00886E+00    5.65533E-01   -1.36153E-01    3.44728E-02    2.66698E-01    3.19038E-01   -1.20816E-01    4.36755E-03    7.22860E-02
     1.19708E-01    3.43254E+00    2.78166E-01   -5.53242E-01    4.61568E-01   -1.26989E-01   -1.00630E+00    5.65273E-01   -1.38229E-01    3.49784E-02    2.65458E-01    3.18807E-01   -1.22605E-01    4.50588E-03    7.33304E-02
     1.21608E-01    3.43090E+00    2.82308E-01   -5.52358E-01    4.68683E-01   -1.28899E-01   -1.00371E+00    5.65008E-01   -1.40299E-01    3.54815E-02    2.64200E-01    3.18572E-01   -1.24386E-01    4.64620E-03    7.43691E-02
     1.23508E-01    3.42924E+00    2.86437E-01   -5.51461E-01    4.75788E-01   -1.30803E-01   -1.00107E+00    5.64739E-01   -1.42363E-01    3.59823E-02    2.62924E-01    3.18334E-01   -1.26160E-01    4.78848E-03    7.54020E-02
     1.25408E-01    3.42755E+00    2.90553E-01   -5.50550E-01    4.82883E-01   -1.32703E-01   -9.98401E-01    5.64467E-01   -1.44422E-01    3.64806E-02    2.61631E-01    3.18093E-01   -1.27926E-01    4.93272E-03    7.64291E-02
     1.27308E-01    3.42583E+00    2.94655E-01   -5.49626E-01    4.89968E-01   -1.34597E-01   -9.95690E-01    5.64191E-01   -1.46474E-01    3.69765E-02    2.60320E-01    3.17848E-01   -1.29684E-01    5.07890E-03    7.74502E-02
     1.29208E-01    3.42409E+00    2.98745E-01   -5.48688E-01    4.97044E-01   -1.36486E-01   -9.92940E-01    5.63910E-01   -1.48520E-01    3.74698E-02    2.58991E-01    3.17600E-01   -1.31434E-01    5.22702E-03    7.84654E-02
     1.31108E-01    3.42233E+00    3.02820E-01   -5.47737E-01    5.04109E-01   -1.38370E-01   -9.90151E-01    5.63626E-01   -1.50560E-01    3.79606E-02    2.57645E-01    3.17349E-01   -1.33176E-01    5.37706E-03    7.94745E-02
     1.33008E-01    3.42054E+00    3.06881E-01   -5.46773E-01    5.11164E-01   -1.40249E-01   -9.87323E-01    5.63338E-01   -1.52593E-01    3.84488E-02    2.56282E-01    3.17094E-01   -1.34910E-01    5.52902E-03    8.04774E-02
     1.34908E-01    3.41872E+00    3.10929E-01   -5.45795E-01    5.18209E-01   -1.42122E-01   -9.84457E-01    5.63046E-01   -1.54620E-01    3.89345E-02    2.54901E-01    3.16836E-01   -1.36635E-01    5.68287E-03    8.14741E-02
     1.36808E-01    3.41688E+00    3.14962E-01   -5.44803E-01    5.25243E-01   -1.43990E-01   -9.81552E-01    5.62751E-01   -1.56640E-01    3.94174E-02    2.53503E-01    3.16575E-01   -1.38352E-01    5.83861E-03    8.24645E-02
     1.38708E-01    3.41502E+00    3.18980E-01   -5.43799E-01    5.32267E-01   -1.45852E-01   -9.78608E-01    5.62451E-01   -1.58654E-01    3.98977E-02    2.52088E-01    3.16310E-01   -1.40061E-01    5.99623E-03    8.34485E-02
     1.40608E-01    3.41312E+00    3.22984E-01   -5.42781E-01    5.39280E-01   -1.47708E-01   -9.75626E-01    5.62148E-01   -1.60660E-01    4.03753E-02    2.50656E-01    3.16042E-01   -1.41761E-01    6.15571E-03    8.44261E-02
     1.42508E-01    3.41121E+00    3.26973E-01   -5.41750E-01    5.46282E-01   -1.49559E-01   -9.72605E-01    5.61841E-01   -1.62660E-01    4.08502E-02    2.49207E-01    3.15771E-01   -1.43453E-01    6.31704E-03    8.53971E-02
     1.44408E-01    3.40927E+00    3.30947E-01   -5.40705E-01    5.53273E-01   -1.51404E-01   -9.69547E-01    5.61530E-01   -1.64653E-01    4.13223E-02    2.47741E-01    3.15497E-01   -1.45135E-01    6.48021E-03    8.63616E-02
     1.46308E-01    3.40731E+00    3.34905E-01   -5.39647E-01    5.60254E-01   -1.53243E-01   -9.66449E-01    5.61215E-01   -1.66639E-01    4.17916E-02    2.46259E-01    3.15220E-01   -1.46809E-01    6.64520E-03    8.73194E-02
     1.48208E-01    3.40532E+00    3.38848E-01   -5.38576E-01    5.67223E-01   -1.55077E-01   -9.63314E-01    5.60897E-01   -1.68618E-01    4.22581E-02    2.44760E-01    3.14939E-01   -1.48474E-01    6.81201E-03    8.82704E-02
     1.50108E-01    3.40330E+00    3.42776E-01   -5.37492E-01    5.74181E-01   -1.56904E-01   -9.60141E-01    5.60574E-01   -1.70589E-01    4.27217E-02    2.43245E-01    3.14656E-01   -1.50129E-01    6.98062E-03    8.92146E-02
     1.52008E-01    3.40126E+00    3.46687E-01   -5.36394E-01    5.81128E-01   -1.58725E-01   -9.56929E-01    5.60248E-01   -1.72553E-01    4.31824E-02    2.41713E-01    3.14369E-01   -1.51776E-01    7.15102E-03    9.01520E-02
     1.53908E-01    3.39920E+00    3.50582E-01   -5.35283E-01    5.88063E-01   -1.60540E-01   -9.53680E-01    5.59919E-01   -1.74509E-01    4.36402E-02    2.40165E-01    3.14079E-01   -1.53413E-01    7.32319E-03    9.10824E-02
     1.55808E-01    3.39711E+00    3.54461E-01   -5.34160E-01    5.94987E-01   -1.62349E-01   -9.50393E-01    5.59585E-01   -1.76458E-01    4.40950E-02    2.38602E-01    3.13786E-01   -1.55041E-01    7.49712E-03    9.20057E-02
     1.57708E-01    3.39500E+00    3.58324E-01   -5.33023E-01    6.01899E-01   -1.64152E-01   -9.47068E-01    5.59248E-01   -1.78399E-01    4.45468E-02    2.37022E-01    3.13490E-01   -1.56659E-01    7.67280E-03    9.29220E-02
     1.59608E-01    3.39286E+00    3.62170E-01   -5.31872E-01    6.08800E-01   -1.65948E-01   -9.43705E-01    5.58907E-01   -1.80333E-01    4.49956E-02    2.35426E-01    3.13191E-01   -1.58268E-01    7.85022E-03    9.38311E-02
     1.61508E-01    3.39070E+00    3.65999E-01   -5.30709E-01    6.15688E-01   -1.67738E-01   -9.40305E-01    5.58563E-01   -1.82258E-01    4.54414E-02    2.33814E-01    3.12889E-01   -1.59867E-01    8.02935E-03    9.47330E-02
     1.63408E-01    3.38851E+00    3.69810E-01   -5.29533E-01    6.22565E-01   -1.69521E-01   -9.36867E-01    5.58215E-01   -1.84176E-01    4.58841E-02    2.32187E-01    3.12583E-01   -1.61456E-01    8.21019E-03    9.56276E-02
     1.65308E-01    3.38630E+00    3.73605E-01   -5.28343E-01    6.29430E-01   -1.71298E-01   -9.33392E-01    5.57863E-01   -1.86085E-01    4.63237E-02    2.30544E-01    3.12275E-01   -1.63035E-01    8.39273E-03    9.65148E-02
     1.67208E-01    3.38407E+00    3.77382E-01   -5.27141E-01    6.36282E-01   -1.73068E-01   -9.29879E-01    5.57508E-01   -1.87987E-01    4.67602E-02    2.28885E-01    3.11964E-01   -1.64605E-01    8.57694E-03    9.73946E-02
     1.69108E-01    3.38181E+00    3.81141E-01   -5.25926E-01    6.43123E-01   -1.74831E-01   -9.26329E-01    5.57149E-01   -1.89880E-01    4.71935E-02    2.27212E-01    3.11650E-01   -1.66164E-01    8.76282E-03    9.82669E-02
     1.71008E-01    3.37953E+00    3.84882E-01   -5.24697E-01    6.49951E-01   -1.76588E-01   -9.22741E-01    5.56786E-01   -1.91764E-01    4.76235E-02    2.25523E-01    3.11332E-01   -1.67713E-01    8.95034E-03    9.91316E-02
     1.72908E-01    3.37722E+00    3.88606E-01   -5.23456E-01    6.56766E-01   -1.78338E-01   -9.19117E-01    5.56420E-01   -1.93640E-01    4.80504E-02    2.23819E-01    3.11012E-01   -1.69252E-01    9.13951E-03    9.99887E-02
     1.74808E-01    3.37489E+00    3.92311E-01   -5.22202E-01    6.63570E-01   -1.80080E-01   -9.15455E-01    5.56050E-01   -1.95508E-01    4.84740E-02    2.22100E-01    3.10689E-01   -1.70780E-01    9.33029E-03    1.00838E-01
     1.76708E-01    3.37253E+00    3.95997E-01   -5.20934E-01    6.70360E-01   -1.81816E-01   -9.11756E-01    5.55677E-01   -1.97366E-01    4.88944E-02    2.20366E-01    3.10363E-01   -1.72299E-01    9.52268E-03    1.01680E-01
     1.78608E-01    3.37015E+00    3.99665E-01   -5.19654E-01    6.77138E-01   -1.83545E-01   -9.08021E-01    5.55300E-01   -1.99216E-01    4.93114E-02    2.18618E-01    3.10034E-01   -1.73806E-01    9.71666E-03    1.02514E-01
     1.80508E-01    3.36775E+00    4.03314E-01   -5.18361E-01    6.83904E-01   -1.85267E-01   -9.04248E-01    5.54920E-01   -2.01057E-01    4.97251E-02    2.16855E-01    3.09703E-01   -1.75303E-01    9.91222E-03    1.03340E-01
     1.82408E-01    3.36532E+00    4.06944E-01   -5.17055E-01    6.90656E-01   -1.86981E-01   -9.00439E-01    5.54536E-01   -2.02890E-01    5.01354E-02    2.15077E-01    3.09368E-01   -1.76789E-01    1.01093E-02    1.04158E-01
     1.84308E-01    3.36287E+00    4.10554E-01   -5.15737E-01    6.97396E-01   -1.88688E-01   -8.96593E-01    5.54149E-01   -2.04712E-01    5.05424E-02    2.13285E-01    3.09031E-01   -1.78265E-01    1.03080E-02    1.04968E-01
     1.86208E-01    3.36039E+00    4.14145E-01   -5.14405E-01    7.04122E-01   -1.90388E-01   -8.92710E-01    5.53758E-01   -2.06526E-01    5.09459E-02    2.11479E-01    3.08691E-01   -1.79729E-01    1.05082E-02    1.05770E-01
     1.88108E-01    3.35789E+00    4.17716E-01   -5.13061E-01    7.10836E-01   -1.92080E-01   -8.88790E-01    5.53364E-01   -2.08331E-01    5.13460E-02    2.09659E-01    3.08348E-01   -1.81183E-01    1.07099E-02    1.06564E-01
     1.90007E-01    3.35537E+00    4.21268E-01   -5.11704E-01    7.17537E-01   -1.93765E-01   -8.84834E-01    5.52967E-01   -2.10125E-01    5.17426E-02    2.07825E-01    3.08002E-01   -1.82625E-01    1.09131E-02    1.07349E-01
     1.91907E-01    3.35282E+00    4.24799E-01   -5.10335E-01    7.24224E-01   -1.95443E-01   -8.80842E-01    5.52566E-01   -2.11911E-01    5.21357E-02    2.05977E-01    3.07654E-01   -1.84057E-01    1.11178E-02    1.08127E-01
     1.93807E-01    3.35025E+00    4.28310E-01   -5.08952E-01    7.30898E-01   -1.97112E-01   -8.76813E-01    5.52162E-01   -2.13687E-01    5.25253E-02    2.04116E-01    3.07303E-01   -1.85477E-01    1.13240E-02    1.08896E-01
     1.95707E-01    3.34766E+00    4.31801E-01   -5.07557E-01    7.37558E-01   -1.98775E-01   -8.72748E-01    5.51754E-01   -2.15453E-01    5.29113E-02    2.02240E-01    3.06949E-01   -1.86886E-01    1.15316E-02    1.09657E-01
     1.97607E-01    3.34504E+00    4.35270E-01   -5.06150E-01    7.44205E-01   -2.00429E-01   -8.68647E-01    5.51343E-01   -2.17209E-01    5.32938E-02    2.00352E-01    3.06593E-01   -1.88283E-01    1.17407E-02    1.10410E-01
     1.99507E-01    3.34240E+00    4.38719E-01   -5.04729E-01    7.50839E-01   -2.02075E-01   -8.64509E-01    5.50928E-01   -2.18955E-01    5.36726E-02    1.98450E-01    3.06234E-01   -1.89669E-01    1.19512E-02    1.11154E-01
     2.01407E-01    3.33974E+00    4.42147E-01   -5.03296E-01    7.57459E-01   -2.03714E-01   -8.60335E-01    5.50511E-01   -2.20691E-01    5.40479E-02    1.96535E-01    3.05872E-01   -1.91043E-01    1.21631E-02    1.11889E-01
     2.03307E-01    3.33705E+00    4.45554E-01   -5.01851E-01    7.64065E-01   -2.05345E-01   -8.56125E-01    5.50090E-01   -2.22417E-01    5.44194E-02    1.94607E-01    3.05508E-01   -1.92406E-01    1.23764E-02    1.12616E-01
     2.05207E-01    3.33434E+00    4.48939E-01   -5.00393E-01    7.70658E-01   -2.06967E-01   -8.51879E-01    5.49666E-01   -2.24133E-01    5.47874E-02    1.92666E-01    3.05141E-01   -1.93757E-01    1.25910E-02    1.13335E-01
     2.07107E-01    3.33160E+00    4.52303E-01   -4.98923E-01    7.77237E-01   -2.08582E-01   -8.47598E-01    5.49238E-01   -2.25839E-01    5.51516E-02    1.90712E-01    3.04772E-01   -1.95096E-01    1.28070E-02    1.14044E-01
     2.09007E-01    3.32884E+00    4.55644E-01   -4.97440E-01    7.83802E-01   -2.10188E-01   -8.43280E-01    5.48807E-01   -2.27534E-01    5.55120E-02    1.88746E-01    3.04400E-01   -1.96423E-01    1.30244E-02    1.14745E-01
     2.10907E-01    3.32606E+00    4.58964E-01   -4.95944E-01    7.90353E-01   -2.11786E-01   -8.38926E-01    5.48374E-01   -2.29218E-01    5.58688E-02    1.86767E-01    3.04025E-01   -1.97738E-01    1.32430E-02    1.15437E-01
     2.12807E-01    3.32326E+00    4.62261E-01   -4.94436E-01    7.96890E-01   -2.13376E-01   -8.34537E-01    5.47936E-01   -2.30892E-01    5.62217E-02    1.84776E-01    3.03648E-01   -1.99042E-01    1.34630E-02    1.16121E-01
     2.14707E-01    3.32043E+00    4.65536E-01   -4.92916E-01    8.03414E-01   -2.14957E-01   -8.30112E-01    5.47496E-01   -2.32554E-01    5.65709E-02    1.82773E-01    3.03269E-01   -2.00333E-01    1.36843E-02    1.16795E-01
     2.16607E-01    3.31758E+00    4.68788E-01   -4.91383E-01    8.09923E-01   -2.16530E-01   -8.25651E-01    5.47053E-01   -2.34206E-01    5.69163E-02    1.80757E-01    3.02887E-01   -2.01611E-01    1.39068E-02    1.17461E-01
     2.18507E-01    3.31471E+00    4.72018E-01   -4.89838E-01    8.16417E-01   -2.18095E-01   -8.21155E-01    5.46606E-01   -2.35847E-01    5.72578E-02    1.78730E-01    3.02503E-01   -2.02878E-01    1.41306E-02    1.18118E-01
     2.20407E-01    3.31181E+00    4.75224E-01   -4.88281E-01    8.22898E-01   -2.19650E-01   -8.16623E-01    5.46157E-01   -2.37477E-01    5.75954E-02    1.76691E-01    3.02116E-01   -2.04132E-01    1.43557E-02    1.18765E-01
     2.22307E-01    3.30889E+00    4.78407E-01   -4.86711E-01    8.29364E-01   -2.21198E-01   -8.12056E-01    5.45704E-01   -2.39096E-01    5.79292E-02    1.74640E-01    3.01727E-01   -2.05374E-01    1.45819E-02    1.19404E-01
     2.24207E-01    3.30595E+00    4.81567E-01   -4.85129E-01    8.35816E-01   -2.22736E-01   -8.07453E-01    5.45248E-01   -2.40703E-01    5.82590E-02    1.72578E-01    3.01336E-01   -2.06603E-01    1.48094E-02    1.20034E-01
     2.26107E-01    3.30299E+00    4.84703E-01   -4.83535E-01    8.42254E-01   -2.24266E-01   -8.02815E-01    5.44789E-01   -2.42299E-01    5.85850E-02    1.70505E-01    3.00942E-01   -2.07819E-01    1.50380E-02    1.20654E-01
     2.28007E-01    3.30000E+00    4.87815E-01   -4.81929E-01    8.48677E-01   -2.25787E-01   -7.98141E-01    5.44327E-01   -2.43883E-01    5.89069E-02    1.68420E-01    3.00546E-01   -2.09023E-01    1.52679E-02    1.21265E-01
     2.29907E-01    3.29699E+00    4.90903E-01   -4.80310E-01    8.55086E-01   -2.27299E-01   -7.93432E-01    5.43862E-01   -2.45455E-01    5.92249E-02    1.66325E-01    3.00148E-01   -2.10215E-01    1.54988E-02    1.21867E-01
     2.31807E-01    3.29396E+00    4.93967E-01   -4.78680E-01    8.61480E-01   -2.28802E-01   -7.88688E-01    5.43395E-01   -2.47016E-01    5.95390E-02    1.64218E-01    2.99747E-01   -2.11393E-01    1.57309E-02    1.22460E-01
     2.33707E-01    3.29091E+00    4.97007E-01   -4.77037E-01    8.67859E-01   -2.30296E-01   -7.83909E-01    5.42924E-01   -2.48565E-01    5.98490E-02    1.62101E-01    2.99345E-01   -2.12558E-01    1.59642E-02    1.23043E-01
     2.35607E-01    3.28783E+00    5.00022E-01   -4.75382E-01    8.74224E-01   -2.31781E-01   -7.79094E-01    5.42450E-01   -2.50102E-01    6.01549E-02    1.59973E-01    2.98940E-01   -2.13711E-01    1.61985E-02    1.23617E-01
     2.37507E-01    3.28473E+00    5.03012E-01   -4.73715E-01    8.80574E-01   -2.33256E-01   -7.74244E-01    5.41973E-01   -2.51627E-01    6.04568E-02    1.57835E-01    2.98532E-01   -2.14850E-01    1.64339E-02    1.24182E-01
     2.39407E-01    3.28161E+00    5.05977E-01   -4.72036E-01    8.86910E-01   -2.34723E-01   -7.69359E-01    5.41494E-01   -2.53140E-01    6.07547E-02    1.55687E-01    2.98123E-01   -2.15977E-01    1.66704E-02    1.24737E-01
     2.41307E-01    3.27847E+00    5.08917E-01   -4.70345E-01    8.93230E-01   -2.36180E-01   -7.64439E-01    5.41012E-01   -2.54640E-01    6.10484E-02    1.53528E-01    2.97712E-01   -2.17090E-01    1.69079E-02    1.25283E-01
     2.43207E-01    3.27531E+00    5.11832E-01   -4.68642E-01    8.99536E-01   -2.37628E-01   -7.59484E-01    5.40526E-01   -2.56128E-01    6.13381E-02    1.51360E-01    2.97298E-01   -2.18190E-01    1.71464E-02    1.25819E-01
     2.45107E-01    3.27212E+00    5.14721E-01   -4.66926E-01    9.05827E-01   -2.39066E-01   -7.54494E-01    5.40038E-01   -2.57603E-01    6.16236E-02    1.49181E-01    2.96883E-01   -2.19277E-01    1.73860E-02    1.26346E-01
     2.47007E-01    3.26891E+00    5.17584E-01   -4.65199E-01    9.12102E-01   -2.40495E-01   -7.49469E-01    5.39547E-01   -2.59066E-01    6.19049E-02    1.46994E-01    2.96465E-01   -2.20350E-01    1.76265E-02    1.26863E-01
     2.48907E-01    3.26568E+00    5.20421E-01   -4.63460E-01    9.18363E-01   -2.41914E-01   -7.44409E-01    5.39054E-01   -2.60516E-01    6.21821E-02    1.44796E-01    2.96045E-01   -2.21410E-01    1.78681E-02    1.27371E-01
     2.50807E-01    3.26243E+00    5.23233E-01   -4.61710E-01    9.24609E-01   -2.43323E-01   -7.39314E-01    5.38557E-01   -2.61953E-01    6.24552E-02    1.42589E-01    2.95624E-01   -2.22457E-01    1.81105E-02    1.27868E-01
     2.52707E-01    3.25915E+00    5.26017E-01   -4.59947E-01    9.30840E-01   -2.44723E-01   -7.34184E-01    5.38058E-01   -2.63378E-01    6.27240E-02    1.40373E-01    2.95200E-01   -2.23490E-01    1.83539E-02    1.28356E-01
     2.54607E-01    3.25586E+00    5.28776E-01   -4.58173E-01    9.37055E-01   -2.46113E-01   -7.29019E-01    5.37557E-01   -2.64789E-01    6.29886E-02    1.38148E-01    2.94774E-01   -2.24509E-01    1.85983E-02    1.28835E-01
     2.56507E-01    3.25254E+00    5.31507E-01   -4.56386E-01    9.43256E-01   -2.47493E-01   -7.23819E-01    5.37052E-01   -2.66187E-01    6.32489E-02    1.35915E-01    2.94347E-01   -2.25514E-01    1.88435E-02    1.29304E-01
     2.58407E-01    3.24920E+00    5.34212E-01   -4.54588E-01    9.49441E-01   -2.48864E-01   -7.18584E-01    5.36545E-01   -2.67572E-01    6.35050E-02    1.33672E-01    2.93918E-01   -2.26506E-01    1.90896E-02    1.29762E-01
     2.60307E-01    3.24585E+00    5.36890E-01   -4.52778E-01    9.55611E-01   -2.50224E-01   -7.13314E-01    5.36035E-01   -2.68943E-01    6.37569E-02    1.31421E-01    2.93486E-01   -2.27484E-01    1.93366E-02    1.30211E-01
     2.62207E-01    3.24246E+00    5.39540E-01   -4.50957E-01    9.61765E-01   -2.51574E-01   -7.08010E-01    5.35523E-01   -2.70301E-01    6.40044E-02    1.29162E-01    2.93053E-01   -2.28449E-01    1.95844E-02    1.30651E-01
     2.64107E-01    3.23906E+00    5.42163E-01   -4.49124E-01    9.67905E-01   -2.52914E-01   -7.02670E-01    5.35008E-01   -2.71645E-01    6.42477E-02    1.26894E-01    2.92618E-01   -2.29399E-01    1.98330E-02    1.31080E-01
     2.66006E-01    3.23564E+00    5.44758E-01   -4.47279E-01    9.74029E-01   -2.54244E-01   -6.97296E-01    5.34491E-01   -2.72975E-01    6.44866E-02    1.24618E-01    2.92181E-01   -2.30335E-01    2.00825E-02    1.31499E-01
     2.67906E-01    3.23220E+00    5.47326E-01   -4.45423E-01    9.80137E-01   -2.55564E-01   -6.91886E-01    5.33971E-01   -2.74292E-01    6.47212E-02    1.22335E-01    2.91743E-01   -2.31258E-01    2.03327E-02    1.31909E-01
     2.69806E-01    3.22873E+00    5.49865E-01   -4.43555E-01    9.86230E-01   -2.56873E-01   -6.86442E-01    5.33449E-01   -2.75595E-01    6.49515E-02    1.20043E-01    2.91303E-01   -2.32166E-01    2.05837E-02    1.32308E-01
     2.71706E-01    3.22525E+00    5.52376E-01   -4.41675E-01    9.92308E-01   -2.58172E-01   -6.80963E-01    5.32924E-01   -2.76883E-01    6.51774E-02    1.17744E-01    2.90861E-01   -2.33060E-01    2.08355E-02    1.32698E-01
     2.73606E-01    3.22174E+00    5.54859E-01   -4.39784E-01    9.98369E-01   -2.59461E-01   -6.75449E-01    5.32397E-01   -2.78158E-01    6.53989E-02    1.15438E-01    2.90417E-01   -2.33940E-01    2.10880E-02    1.33077E-01
     2.75506E-01    3.21821E+00    5.57313E-01   -4.37881E-01    1.00442E+00   -2.60739E-01   -6.69900E-01    5.31867E-01   -2.79418E-01    6.56160E-02    1.13125E-01    2.89972E-01   -2.34805E-01    2.13412E-02    1.33447E-01
     2.77406E-01    3.21467E+00    5.59738E-01   -4.35967E-01    1.01045E+00   -2.62006E-01   -6.64316E-01    5.31335E-01   -2.80664E-01    6.58287E-02    1.10804E-01    2.89525E-01   -2.35657E-01    2.15951E-02    1.33806E-01
     2.79306E-01    3.21110E+00    5.62134E-01   -4.34042E-01    1.01646E+00   -2.63263E-01   -6.58696E-01    5.30800E-01   -2.81895E-01    6.60371E-02    1.08477E-01    2.89076E-01   -2.36494E-01    2.18496E-02    1.34155E-01
     2.81206E-01    3.20751E+00    5.64502E-01   -4.32105E-01    1.02246E+00   -2.64509E-01   -6.53042E-01    5.30264E-01   -2.83112E-01    6.62409E-02    1.06142E-01    2.88626E-01   -2.37316E-01    2.21048E-02    1.34495E-01
     2.83106E-01    3.20390E+00    5.66839E-01   -4.30156E-01    1.02844E+00   -2.65745E-01   -6.47353E-01    5.29725E-01   -2.84314E-01    6.64404E-02    1.03802E-01    2.88174E-01   -2.38124E-01    2.23607E-02    1.34824E-01
     2.85006E-01    3.20027E+00    5.69148E-01   -4.28197E-01    1.03441E+00   -2.66969E-01   -6.41629E-01    5.29183E-01   -2.85501E-01    6.66354E-02    1.01455E-01    2.87721E-01   -2.38918E-01    2.26172E-02    1.35142E-01
     2.86906E-01    3.19663E+00    5.71426E-01   -4.26226E-01    1.04036E+00   -2.68183E-01   -6.35870E-01    5.28640E-01   -2.86673E-01    6.68259E-02    9.91011E-02    2.87267E-01   -2.39697E-01    2.28742E-02    1.35451E-01
     2.88806E-01    3.19296E+00    5.73675E-01   -4.24243E-01    1.04630E+00   -2.69386E-01   -6.30075E-01    5.28094E-01   -2.87830E-01    6.70120E-02    9.67417E-02    2.86810E-01   -2.40461E-01    2.31319E-02    1.35750E-01
     2.90706E-01    3.18927E+00    5.75893E-01   -4.22250E-01    1.05222E+00   -2.70577E-01   -6.24245E-01    5.27546E-01   -2.88973E-01    6.71935E-02    9.43764E-02    2.86353E-01   -2.41211E-01    2.33901E-02    1.36038E-01
     2.92606E-01    3.18556E+00    5.78081E-01   -4.20245E-01    1.05812E+00   -2.71758E-01   -6.18380E-01    5.26996E-01   -2.90099E-01    6.73706E-02    9.20054E-02    2.85894E-01   -2.41946E-01    2.36488E-02    1.36316E-01
     2.94506E-01    3.18183E+00    5.80239E-01   -4.18229E-01    1.06401E+00   -2.72927E-01   -6.12480E-01    5.26444E-01   -2.91211E-01    6.75431E-02    8.96288E-02    2.85433E-01   -2.42666E-01    2.39080E-02    1.36584E-01
     2.96406E-01    3.17809E+00    5.82366E-01   -4.16202E-01    1.06988E+00   -2.74085E-01   -6.06544E-01    5.25889E-01   -2.92307E-01    6.77112E-02    8.72469E-02    2.84972E-01   -2.43371E-01    2.41678E-02    1.36841E-01
     2.98306E-01    3.17432E+00    5.84463E-01   -4.14163E-01    1.07574E+00   -2.75232E-01   -6.00573E-01    5.25333E-01   -2.93387E-01    6.78747E-02    8.48598E-02    2.84509E-01   -2.44062E-01    2.44280E-02    1.37088E-01
     3.00206E-01    3.17053E+00    5.86528E-01   -4.12114E-01    1.08158E+00   -2.76367E-01   -5.94567E-01    5.24774E-01   -2.94452E-01    6.80336E-02    8.24676E-02    2.84044E-01   -2.44738E-01    2.46887E-02    1.37325E-01
     3.02106E-01    3.16673E+00    5.88562E-01   -4.10053E-01    1.08740E+00   -2.77491E-01   -5.88525E-01    5.24214E-01   -2.95501E-01    6.81880E-02    8.00706E-02    2.83579E-01   -2.45398E-01    2.49498E-02    1.37552E-01
     3.04006E-01    3.16291E+00    5.90565E-01   -4.07982E-01    1.09321E+00   -2.78603E-01   -5.82447E-01    5.23652E-01   -2.96534E-01    6.83379E-02    7.76690E-02    2.83112E-01   -2.46044E-01    2.52114E-02    1.37768E-01
     3.05906E-01    3.15906E+00    5.92536E-01   -4.05899E-01    1.09900E+00   -2.79704E-01   -5.76333E-01    5.23087E-01   -2.97551E-01    6.84832E-02    7.52628E-02    2.82644E-01   -2.46675E-01    2.54733E-02    1.37974E-01
     3.07806E-01    3.15520E+00    5.94476E-01   -4.03806E-01    1.10478E+00   -2.80794E-01   -5.70184E-01    5.22521E-01   -2.98552E-01    6.86239E-02    7.28523E-02    2.82175E-01   -2.47290E-01    2.57357E-02    1.38169E-01
     3.09706E-01    3.15132E+00    5.96383E-01   -4.01701E-01    1.11054E+00   -2.81871E-01   -5.63999E-01    5.21953E-01   -2.99536E-01    6.87600E-02    7.04376E-02    2.81704E-01   -2.47891E-01    2.59984E-02    1.38355E-01
     3.11606E-01    3.14742E+00    5.98259E-01   -3.99586E-01    1.11628E+00   -2.82937E-01   -5.57777E-01    5.21383E-01   -3.00505E-01    6.88915E-02    6.80190E-02    2.81233E-01   -2.48476E-01    2.62614E-02    1.38529E-01
     3.13506E-01    3.14350E+00    6.00102E-01   -3.97459E-01    1.12200E+00   -2.83990E-01   -5.51520E-01    5.20811E-01   -3.01457E-01    6.90185E-02    6.55966E-02    2.80760E-01   -2.49047E-01    2.65248E-02    1.38694E-01
     3.15406E-01    3.13957E+00    6.01913E-01   -3.95322E-01    1.12771E+00   -2.85032E-01   -5.45227E-01    5.20237E-01   -3.02392E-01    6.91408E-02    6.31705E-02    2.80286E-01   -2.49602E-01    2.67884E-02    1.38848E-01
     3.17306E-01    3.13561E+00    6.03691E-01   -3.93174E-01    1.13341E+00   -2.86062E-01   -5.38897E-01    5.19662E-01   -3.03311E-01    6.92585E-02    6.07410E-02    2.79811E-01   -2.50141E-01    2.70524E-02    1.38991E-01
     3.19206E-01    3.13164E+00    6.05437E-01   -3.91015E-01    1.13908E+00   -2.87080E-01   -5.32531E-01    5.19085E-01   -3.04213E-01    6.93716E-02    5.83083E-02    2.79336E-01   -2.50666E-01    2.73166E-02    1.39124E-01
     3.21106E-01    3.12765E+00    6.07149E-01   -3.88846E-01    1.14474E+00   -2.88086E-01   -5.26128E-01    5.18506E-01   -3.05098E-01    6.94801E-02    5.58724E-02    2.78859E-01   -2.51175E-01    2.75810E-02    1.39247E-01
     3.23006E-01    3.12364E+00    6.08829E-01   -3.86665E-01    1.15038E+00   -2.89079E-01   -5.19689E-01    5.17925E-01   -3.05966E-01    6.95839E-02    5.34337E-02    2.78381E-01   -2.51669E-01    2.78457E-02    1.39359E-01
     3.24906E-01    3.11961E+00    6.10475E-01   -3.84474E-01    1.15601E+00   -2.90061E-01   -5.13213E-01    5.17343E-01   -3.06817E-01    6.96831E-02    5.09922E-02    2.77903E-01   -2.52147E-01    2.81106E-02    1.39461E-01
     3.26806E-01    3.11557E+00    6.12087E-01   -3.82273E-01    1.16162E+00   -2.91030E-01   -5.06700E-01    5.16759E-01   -3.07651E-01    6.97777E-02    4.85481E-02    2.77423E-01   -2.52610E-01    2.83757E-02    1.39553E-01
     3.28706E-01    3.11150E+00    6.13666E-01   -3.80060E-01    1.16721E+00   -2.91986E-01   -5.00150E-01    5.16174E-01   -3.08467E-01    6.98676E-02    4.61017E-02    2.76943E-01   -2.53057E-01    2.86409E-02    1.39634E-01
     3.30606E-01    3.10742E+00    6.15211E-01   -3.77837E-01    1.17278E+00   -2.92930E-01   -4.93562E-01    5.15587E-01   -3.09266E-01    6.99529E-02    4.36531E-02    2.76462E-01   -2.53489E-01    2.89063E-02    1.39704E-01
     3.32506E-01    3.10333E+00    6.16722E-01   -3.75604E-01    1.17834E+00   -2.93862E-01   -4.86938E-01    5.14999E-01   -3.10048E-01    7.00335E-02    4.12025E-02    2.75979E-01   -2.53906E-01    2.91717E-02    1.39764E-01
     3.34406E-01    3.09921E+00    6.18199E-01   -3.73360E-01    1.18388E+00   -2.94780E-01   -4.80276E-01    5.14409E-01   -3.10812E-01    7.01094E-02    3.87500E-02    2.75497E-01   -2.54307E-01    2.94373E-02    1.39814E-01
     3.36306E-01    3.09508E+00    6.19642E-01   -3.71105E-01    1.18940E+00   -2.95687E-01   -4.73576E-01    5.13818E-01   -3.11558E-01    7.01807E-02    3.62959E-02    2.75013E-01   -2.54692E-01    2.97030E-02    1.39853E-01
     3.38206E-01    3.09094E+00    6.21050E-01   -3.68840E-01    1.19491E+00   -2.96580E-01   -4.66839E-01    5.13225E-01   -3.12287E-01    7.02473E-02    3.38403E-02    2.74529E-01   -2.55061E-01    2.99688E-02    1.39882E-01
     3.40106E-01    3.08677E+00    6.22423E-01   -3.66564E-01    1.20040E+00   -2.97460E-01   -4.60063E-01    5.12631E-01   -3.12998E-01    7.03093E-02    3.13835E-02    2.74044E-01   -2.55415E-01    3.02346E-02    1.39900E-01
     3.42005E-01    3.08259E+00    6.23762E-01   -3.64279E-01    1.20587E+00   -2.98328E-01   -4.53250E-01    5.12036E-01   -3.13690E-01    7.03666E-02    2.89255E-02    2.73558E-01   -2.55754E-01    3.05004E-02    1.39908E-01
     3.43905E-01    3.07839E+00    6.25065E-01   -3.61982E-01    1.21132E+00   -2.99183E-01   -4.46398E-01    5.11439E-01   -3.14365E-01    7.04192E-02    2.64666E-02    2.73072E-01   -2.56076E-01    3.07662E-02    1.39905E-01
     3.45805E-01    3.07418E+00    6.26334E-01   -3.59676E-01    1.21676E+00   -3.00024E-01   -4.39507E-01    5.10841E-01   -3.15021E-01    7.04672E-02    2.40069E-02    2.72585E-01   -2.56383E-01    3.10320E-02    1.39892E-01
     3.47705E-01    3.06995E+00    6.27567E-01   -3.57359E-01    1.22217E+00   -3.00853E-01   -4.32578E-01    5.10242E-01   -3.15659E-01    7.05104E-02    2.15468E-02    2.72098E-01   -2.56674E-01    3.12978E-02    1.39868E-01
     3.49605E-01    3.06570E+00    6.28765E-01   -3.55031E-01    1.22757E+00   -3.01668E-01   -4.25610E-01    5.09642E-01   -3.16279E-01    7.05491E-02    1.90862E-02    2.71610E-01   -2.56949E-01    3.15635E-02    1.39834E-01
     3.51505E-01    3.06144E+00    6.29927E-01   -3.52694E-01    1.23296E+00   -3.02470E-01   -4.18602E-01    5.09040E-01   -3.16880E-01    7.05830E-02    1.66254E-02    2.71121E-01   -2.57209E-01    3.18291E-02    1.39790E-01
     3.53405E-01    3.05716E+00    6.31053E-01   -3.50346E-01    1.23832E+00   -3.03259E-01   -4.11556E-01    5.08438E-01   -3.17463E-01    7.06122E-02    1.41646E-02    2.70633E-01   -2.57452E-01    3.20947E-02    1.39735E-01
     3.55305E-01    3.05286E+00    6.32143E-01   -3.47988E-01    1.24366E+00   -3.04034E-01   -4.04469E-01    5.07834E-01   -3.18027E-01    7.06368E-02    1.17040E-02    2.70143E-01   -2.57680E-01    3.23601E-02    1.39670E-01
     3.57205E-01    3.04856E+00    6.33197E-01   -3.45620E-01    1.24899E+00   -3.04796E-01   -3.97343E-01    5.07229E-01   -3.18572E-01    7.06567E-02    9.24381E-03    2.69653E-01   -2.57892E-01    3.26254E-02    1.39594E-01
     3.59105E-01    3.04423E+00    6.34214E-01   -3.43242E-01    1.25430E+00   -3.05544E-01   -3.90177E-01    5.06623E-01   -3.19098E-01    7.06719E-02    6.78412E-03    2.69163E-01   -2.58088E-01    3.28906E-02    1.39508E-01
     3.61005E-01    3.03989E+00    6.35196E-01   -3.40854E-01    1.25959E+00   -3.06278E-01   -3.82971E-01    5.06017E-01   -3.19605E-01    7.06825E-02    4.32516E-03    2.68673E-01   -2.58268E-01    3.31555E-02    1.39411E-01
     3.62905E-01    3.03554E+00    6.36140E-01   -3.38456E-01    1.26486E+00   -3.06999E-01   -3.75724E-01    5.05409E-01   -3.20093E-01    7.06884E-02    1.86712E-03    2.68182E-01   -2.58432E-01    3.34203E-02    1.39304E-01
     3.64805E-01    3.03117E+00    6.37048E-01   -3.36048E-01    1.27011E+00   -3.07706E-01   -3.68436E-01    5.04800E-01   -3.20562E-01    7.06896E-02   -5.89822E-04    2.67691E-01   -2.58581E-01    3.36849E-02    1.39187E-01
     3.66705E-01    3.02678E+00    6.37919E-01   -3.33630E-01    1.27534E+00   -3.08399E-01   -3.61107E-01    5.04191E-01   -3.21011E-01    7.06861E-02   -3.04548E-03    2.67199E-01   -2.58713E-01    3.39492E-02    1.39059E-01
     3.68605E-01    3.02238E+00    6.38753E-01   -3.31202E-01    1.28056E+00   -3.09078E-01   -3.53737E-01    5.03581E-01   -3.21442E-01    7.06780E-02   -5.49966E-03    2.66708E-01   -2.58829E-01    3.42133E-02    1.38921E-01
     3.70505E-01    3.01797E+00    6.39550E-01   -3.28764E-01    1.28575E+00   -3.09743E-01   -3.46325E-01    5.02969E-01   -3.21852E-01    7.06652E-02   -7.95218E-03    2.66216E-01   -2.58929E-01    3.44771E-02    1.38773E-01
     3.72405E-01    3.01354E+00    6.40309E-01   -3.26316E-01    1.29093E+00   -3.10394E-01   -3.38872E-01    5.02357E-01   -3.22244E-01    7.06478E-02   -1.04029E-02    2.65724E-01   -2.59014E-01    3.47406E-02    1.38614E-01
     3.74305E-01    3.00910E+00    6.41030E-01   -3.23858E-01    1.29608E+00   -3.11031E-01   -3.31376E-01    5.01745E-01   -3.22615E-01    7.06257E-02   -1.28515E-02    2.65231E-01   -2.59082E-01    3.50038E-02    1.38445E-01
     3.76205E-01    3.00464E+00    6.41715E-01   -3.21391E-01    1.30122E+00   -3.11653E-01   -3.23837E-01    5.01132E-01   -3.22967E-01    7.05990E-02   -1.52979E-02    2.64739E-01   -2.59134E-01    3.52667E-02    1.38266E-01
     3.78105E-01    3.00017E+00    6.42361E-01   -3.18914E-01    1.30634E+00   -3.12261E-01   -3.16256E-01    5.00518E-01   -3.23299E-01    7.05676E-02   -1.77420E-02    2.64247E-01   -2.59170E-01    3.55292E-02    1.38076E-01
     3.80005E-01    2.99569E+00    6.42969E-01   -3.16427E-01    1.31143E+00   -3.12855E-01   -3.08632E-01    4.99903E-01   -3.23611E-01    7.05315E-02   -2.01834E-02    2.63754E-01   -2.59190E-01    3.57914E-02    1.37876E-01
     3.81905E-01    2.99120E+00    6.43539E-01   -3.13930E-01    1.31651E+00   -3.13434E-01   -3.00964E-01    4.99288E-01   -3.23903E-01    7.04909E-02   -2.26220E-02    2.63262E-01   -2.59194E-01    3.60531E-02    1.37666E-01
     3.83805E-01    2.98669E+00    6.44071E-01   -3.11424E-01    1.32156E+00   -3.13999E-01   -2.93252E-01    4.98672E-01   -3.24175E-01    7.04456E-02   -2.50577E-02    2.62769E-01   -2.59182E-01    3.63145E-02    1.37446E-01
     3.85705E-01    2.98216E+00    6.44564E-01   -3.08908E-01    1.32659E+00   -3.14549E-01   -2.85496E-01    4.98056E-01   -3.24427E-01    7.03957E-02   -2.74902E-02    2.62277E-01   -2.59153E-01    3.65754E-02    1.37215E-01
     3.87605E-01    2.97763E+00    6.45019E-01   -3.06383E-01    1.33161E+00   -3.15084E-01   -2.77696E-01    4.97439E-01   -3.24659E-01    7.03411E-02   -2.99194E-02    2.61785E-01   -2.59109E-01    3.68359E-02    1.36974E-01
     3.89505E-01    2.97308E+00    6.45435E-01   -3.03848E-01    1.33660E+00   -3.15604E-01   -2.69851E-01    4.96822E-01   -3.24870E-01    7.02820E-02   -3.23451E-02    2.61292E-01   -2.59048E-01    3.70959E-02    1.36723E-01
     3.91405E-01    2.96852E+00    6.45813E-01   -3.01304E-01    1.34157E+00   -3.16109E-01   -2.61961E-01    4.96205E-01   -3.25061E-01    7.02182E-02   -3.47670E-02    2.60800E-01   -2.58972E-01    3.73554E-02    1.36462E-01
     3.93305E-01    2.96395E+00    6.46151E-01   -2.98750E-01    1.34651E+00   -3.16599E-01   -2.54025E-01    4.95587E-01   -3.25231E-01    7.01499E-02   -3.71850E-02    2.60308E-01   -2.58879E-01    3.76144E-02    1.36191E-01
     3.95205E-01    2.95936E+00    6.46450E-01   -2.96187E-01    1.35144E+00   -3.17074E-01   -2.46043E-01    4.94969E-01   -3.25381E-01    7.00769E-02   -3.95990E-02    2.59817E-01   -2.58770E-01    3.78729E-02    1.35910E-01
     3.97105E-01    2.95477E+00    6.46710E-01   -2.93615E-01    1.35634E+00   -3.17534E-01   -2.38015E-01    4.94351E-01   -3.25510E-01    6.99994E-02   -4.20086E-02    2.59325E-01   -2.58645E-01    3.81309E-02    1.35618E-01
     3.99005E-01    2.95016E+00    6.46931E-01   -2.91033E-01    1.36123E+00   -3.17979E-01   -2.29941E-01    4.93732E-01   -3.25618E-01    6.99173E-02   -4.44138E-02    2.58834E-01   -2.58504E-01    3.83883E-02    1.35317E-01
     4.00905E-01    2.94554E+00    6.47112E-01   -2.88442E-01    1.36608E+00   -3.18408E-01   -2.21819E-01    4.93113E-01   -3.25706E-01    6.98306E-02   -4.68143E-02    2.58343E-01   -2.58346E-01    3.86451E-02    1.35005E-01
     4.02805E-01    2.94091E+00    6.47253E-01   -2.85842E-01    1.37092E+00   -3.18821E-01   -2.13649E-01    4.92495E-01   -3.25772E-01    6.97394E-02   -4.92099E-02    2.57852E-01   -2.58173E-01    3.89013E-02    1.34684E-01
     4.04705E-01    2.93627E+00    6.47355E-01   -2.83233E-01    1.37573E+00   -3.19220E-01   -2.05431E-01    4.91876E-01   -3.25818E-01    6.96436E-02   -5.16005E-02    2.57362E-01   -2.57983E-01    3.91568E-02    1.34352E-01
     4.06605E-01    2.93161E+00    6.47417E-01   -2.80615E-01    1.38052E+00   -3.19602E-01   -1.97165E-01    4.91257E-01   -3.25842E-01    6.95433E-02   -5.39859E-02    2.56872E-01   -2.57777E-01    3.94118E-02    1.34011E-01
     4.08505E-01    2.92695E+00    6.47438E-01   -2.77987E-01    1.38528E+00   -3.19969E-01   -1.88851E-01    4.90637E-01   -3.25846E-01    6.94385E-02   -5.63659E-02    2.56382E-01   -2.57555E-01    3.96661E-02    1.33659E-01
     4.10405E-01    2.92228E+00    6.47420E-01   -2.75351E-01    1.39002E+00   -3.20320E-01   -1.80486E-01    4.90018E-01   -3.25828E-01    6.93291E-02   -5.87403E-02    2.55893E-01   -2.57316E-01    3.99197E-02    1.33298E-01
     4.12305E-01    2.91759E+00    6.47361E-01   -2.72705E-01    1.39474E+00   -3.20655E-01   -1.72073E-01    4.89399E-01   -3.25789E-01    6.92153E-02   -6.11088E-02    2.55404E-01   -2.57062E-01    4.01726E-02    1.32927E-01
     4.14205E-01    2.91290E+00    6.47262E-01   -2.70051E-01    1.39943E+00   -3.20974E-01   -1.63608E-01    4.88780E-01   -3.25728E-01    6.90969E-02   -6.34714E-02    2.54916E-01   -2.56791E-01    4.04248E-02    1.32546E-01
     4.16105E-01    2.90819E+00    6.47123E-01   -2.67387E-01    1.40409E+00   -3.21276E-01   -1.55093E-01    4.88162E-01   -3.25647E-01    6.89741E-02   -6.58278E-02    2.54429E-01   -2.56504E-01    4.06763E-02    1.32155E-01
     4.18004E-01    2.90348E+00    6.46942E-01   -2.64715E-01    1.40873E+00   -3.21563E-01   -1.46527E-01    4.87543E-01   -3.25543E-01    6.88468E-02   -6.81778E-02    2.53942E-01   -2.56201E-01    4.09270E-02    1.31754E-01
     4.19904E-01    2.89876E+00    6.46721E-01   -2.62034E-01    1.41334E+00   -3.21833E-01   -1.37909E-01    4.86925E-01   -3.25418E-01    6.87150E-02   -7.05213E-02    2.53455E-01   -2.55882E-01    4.11769E-02    1.31344E-01
     4.21804E-01    2.89402E+00    6.46459E-01   -2.59345E-01    1.41793E+00   -3.22087E-01   -1.29239E-01    4.86306E-01   -3.25272E-01    6.85788E-02   -7.28580E-02    2.52969E-01   -2.55547E-01    4.14261E-02    1.30924E-01
     4.23704E-01    2.88928E+00    6.46157E-01   -2.56646E-01    1.42249E+00   -3.22324E-01   -1.20517E-01    4.85689E-01   -3.25104E-01    6.84382E-02   -7.51878E-02    2.52484E-01   -2.55196E-01    4.16744E-02    1.30494E-01
     4.25604E-01    2.88453E+00    6.45813E-01   -2.53939E-01    1.42702E+00   -3.22545E-01   -1.11741E-01    4.85071E-01   -3.24914E-01    6.82931E-02   -7.75105E-02    2.52000E-01   -2.54828E-01    4.19219E-02    1.30055E-01
     4.27504E-01    2.87977E+00    6.45428E-01   -2.51224E-01    1.43152E+00   -3.22749E-01   -1.02911E-01    4.84454E-01   -3.24702E-01    6.81436E-02   -7.98258E-02    2.51516E-01   -2.54444E-01    4.21686E-02    1.29606E-01
     4.29404E-01    2.87501E+00    6.45001E-01   -2.48500E-01    1.43600E+00   -3.22936E-01   -9.40265E-02    4.83837E-01   -3.24469E-01    6.79898E-02   -8.21337E-02    2.51033E-01   -2.54044E-01    4.24144E-02    1.29148E-01
     4.31304E-01    2.87023E+00    6.44533E-01   -2.45767E-01    1.44044E+00   -3.23106E-01   -8.50874E-02    4.83221E-01   -3.24214E-01    6.78315E-02   -8.44338E-02    2.50550E-01   -2.53628E-01    4.26594E-02    1.28680E-01
     4.33204E-01    2.86545E+00    6.44024E-01   -2.43026E-01    1.44486E+00   -3.23259E-01   -7.60929E-02    4.82605E-01   -3.23936E-01    6.76689E-02   -8.67261E-02    2.50069E-01   -2.53196E-01    4.29034E-02    1.28203E-01
     4.35104E-01    2.86066E+00    6.43473E-01   -2.40277E-01    1.44925E+00   -3.23395E-01   -6.70424E-02    4.81990E-01   -3.23637E-01    6.75020E-02   -8.90103E-02    2.49588E-01   -2.52748E-01    4.31465E-02    1.27716E-01
     4.37004E-01    2.85586E+00    6.42880E-01   -2.37519E-01    1.45360E+00   -3.23514E-01   -5.79352E-02    4.81375E-01   -3.23315E-01    6.73307E-02   -9.12862E-02    2.49108E-01   -2.52284E-01    4.33887E-02    1.27219E-01
     4.38904E-01    2.85106E+00    6.42245E-01   -2.34753E-01    1.45793E+00   -3.23615E-01   -4.87709E-02    4.80761E-01   -3.22972E-01    6.71551E-02   -9.35537E-02    2.48630E-01   -2.51804E-01    4.36299E-02    1.26714E-01
     4.40804E-01    2.84625E+00    6.41569E-01   -2.31979E-01    1.46222E+00   -3.23699E-01   -3.95488E-02    4.80148E-01   -3.22606E-01    6.69752E-02   -9.58125E-02    2.48152E-01   -2.51307E-01    4.38702E-02    1.26199E-01
     4.42704E-01    2.84143E+00    6.40850E-01   -2.29197E-01    1.46648E+00   -3.23765E-01   -3.02684E-02    4.79536E-01   -3.22218E-01    6.67910E-02   -9.80625E-02    2.47675E-01   -2.50795E-01    4.41095E-02    1.25675E-01
     4.44604E-01    2.83661E+00    6.40089E-01   -2.26406E-01    1.47071E+00   -3.23814E-01   -2.09289E-02    4.78924E-01   -3.21808E-01    6.66026E-02   -1.00303E-01    2.47199E-01   -2.50266E-01    4.43478E-02    1.25142E-01
     4.46504E-01    2.83178E+00    6.39287E-01   -2.23608E-01    1.47490E+00   -3.23845E-01   -1.15297E-02    4.78313E-01   -3.21376E-01    6.64099E-02   -1.02535E-01    2.46724E-01   -2.49722E-01    4.45850E-02    1.24599E-01
     4.48404E-01    2.82694E+00    6.38441E-01   -2.20802E-01    1.47906E+00   -3.23858E-01   -2.07035E-03    4.77703E-01   -3.20921E-01    6.62130E-02   -1.04758E-01    2.46250E-01   -2.49161E-01    4.48212E-02    1.24047E-01
     4.50304E-01    2.82210E+00    6.37554E-01   -2.17988E-01    1.48319E+00   -3.23853E-01    7.44994E-03    4.77093E-01   -3.20443E-01    6.60118E-02   -1.06970E-01    2.45777E-01   -2.48585E-01    4.50564E-02    1.23487E-01
     4.52204E-01    2.81725E+00    6.36624E-01   -2.15166E-01    1.48727E+00   -3.23830E-01    1.70318E-02    4.76485E-01   -3.19944E-01    6.58065E-02   -1.09173E-01    2.45305E-01   -2.47992E-01    4.52905E-02    1.22917E-01
     4.54104E-01    2.81240E+00    6.35651E-01   -2.12336E-01    1.49133E+00   -3.23788E-01    2.66759E-02    4.75877E-01   -3.19422E-01    6.55970E-02   -1.11366E-01    2.44835E-01   -2.47384E-01    4.55234E-02    1.22338E-01
     4.56004E-01    2.80754E+00    6.34636E-01   -2.09499E-01    1.49534E+00   -3.23728E-01    3.63828E-02    4.75271E-01   -3.18877E-01    6.53833E-02   -1.13549E-01    2.44365E-01   -2.46760E-01    4.57553E-02    1.21751E-01
     4.57904E-01    2.80268E+00    6.33578E-01   -2.06654E-01    1.49932E+00   -3.23650E-01    4.61534E-02    4.74666E-01   -3.18310E-01    6.51655E-02   -1.15721E-01    2.43897E-01   -2.46119E-01    4.59861E-02    1.21154E-01
     4.59804E-01    2.79782E+00    6.32478E-01   -2.03802E-01    1.50326E+00   -3.23553E-01    5.59882E-02    4.74062E-01   -3.17720E-01    6.49436E-02   -1.17883E-01    2.43430E-01   -2.45463E-01    4.62157E-02    1.20549E-01
     4.61704E-01    2.79295E+00    6.31334E-01   -2.00942E-01    1.50716E+00   -3.23437E-01    6.58879E-02    4.73458E-01   -3.17108E-01    6.47176E-02   -1.20035E-01    2.42964E-01   -2.44791E-01    4.64442E-02    1.19935E-01
     4.63604E-01    2.78808E+00    6.30148E-01   -1.98074E-01    1.51102E+00   -3.23302E-01    7.58532E-02    4.72857E-01   -3.16473E-01    6.44875E-02   -1.22175E-01    2.42500E-01   -2.44103E-01    4.66714E-02    1.19313E-01
     4.65504E-01    2.78320E+00    6.28919E-01   -1.95200E-01    1.51483E+00   -3.23149E-01    8.58850E-02    4.72256E-01   -3.15815E-01    6.42533E-02   -1.24304E-01    2.42037E-01   -2.43400E-01    4.68975E-02    1.18681E-01
     4.67404E-01    2.77832E+00    6.27646E-01   -1.92318E-01    1.51861E+00   -3.22976E-01    9.59838E-02    4.71657E-01   -3.15135E-01    6.40151E-02   -1.26422E-01    2.41575E-01   -2.42681E-01    4.71224E-02    1.18041E-01
     4.69304E-01    2.77344E+00    6.26331E-01   -1.89429E-01    1.52234E+00   -3.22784E-01    1.06150E-01    4.71058E-01   -3.14432E-01    6.37729E-02   -1.28528E-01    2.41114E-01   -2.41945E-01    4.73461E-02    1.17393E-01
     4.71204E-01    2.76856E+00    6.24972E-01   -1.86533E-01    1.52603E+00   -3.22572E-01    1.16385E-01    4.70462E-01   -3.13707E-01    6.35267E-02   -1.30623E-01    2.40655E-01   -2.41194E-01    4.75685E-02    1.16736E-01
     4.73104E-01    2.76367E+00    6.23570E-01   -1.83631E-01    1.52967E+00   -3.22342E-01    1.26690E-01    4.69866E-01   -3.12958E-01    6.32766E-02   -1.32706E-01    2.40198E-01   -2.40428E-01    4.77897E-02    1.16071E-01
     4.75004E-01    2.75879E+00    6.22125E-01   -1.80721E-01    1.53327E+00   -3.22091E-01    1.37064E-01    4.69273E-01   -3.12187E-01    6.30225E-02   -1.34776E-01    2.39742E-01   -2.39646E-01    4.80096E-02    1.15397E-01
     4.76904E-01    2.75390E+00    6.20637E-01   -1.77804E-01    1.53682E+00   -3.21821E-01    1.47509E-01    4.68680E-01   -3.11393E-01    6.27644E-02   -1.36835E-01    2.39287E-01   -2.38848E-01    4.82282E-02    1.14715E-01
     4.78804E-01    2.74901E+00    6.19105E-01   -1.74881E-01    1.54032E+00   -3.21530E-01    1.58026E-01    4.68089E-01   -3.10577E-01    6.25025E-02   -1.38881E-01    2.38834E-01   -2.38034E-01    4.84455E-02    1.14025E-01
     4.80704E-01    2.74412E+00    6.17530E-01   -1.71951E-01    1.54377E+00   -3.21220E-01    1.68615E-01    4.67500E-01   -3.09737E-01    6.22367E-02   -1.40914E-01    2.38383E-01   -2.37205E-01    4.86615E-02    1.13327E-01
     4.82604E-01    2.73923E+00    6.15911E-01   -1.69015E-01    1.54717E+00   -3.20890E-01    1.79277E-01    4.66912E-01   -3.08875E-01    6.19671E-02   -1.42935E-01    2.37933E-01   -2.36361E-01    4.88761E-02    1.12621E-01
     4.84504E-01    2.73434E+00    6.14249E-01   -1.66072E-01    1.55052E+00   -3.20539E-01    1.90013E-01    4.66326E-01   -3.07990E-01    6.16936E-02   -1.44943E-01    2.37485E-01   -2.35501E-01    4.90894E-02    1.11907E-01
     4.86404E-01    2.72944E+00    6.12544E-01   -1.63123E-01    1.55381E+00   -3.20168E-01    2.00823E-01    4.65742E-01   -3.07082E-01    6.14163E-02   -1.46937E-01    2.37038E-01   -2.34625E-01    4.93013E-02    1.11185E-01
     4.88304E-01    2.72455E+00    6.10794E-01   -1.60168E-01    1.55705E+00   -3.19776E-01    2.11709E-01    4.65159E-01   -3.06152E-01    6.11352E-02   -1.48918E-01    2.36593E-01   -2.33734E-01    4.95119E-02    1.10455E-01
     4.90204E-01    2.71966E+00    6.09002E-01   -1.57206E-01    1.56024E+00   -3.19363E-01    2.22671E-01    4.64579E-01   -3.05199E-01    6.08504E-02   -1.50886E-01    2.36150E-01   -2.32828E-01    4.97211E-02    1.09717E-01
     4.92104E-01    2.71477E+00    6.07165E-01   -1.54239E-01    1.56336E+00   -3.18929E-01    2.33710E-01    4.64000E-01   -3.04223E-01    6.05619E-02   -1.52839E-01    2.35708E-01   -2.31906E-01    4.99288E-02    1.08971E-01
     4.94003E-01    2.70989E+00    6.05285E-01   -1.51266E-01    1.56643E+00   -3.18475E-01    2.44826E-01    4.63423E-01   -3.03224E-01    6.02696E-02   -1.54779E-01    2.35269E-01   -2.30969E-01    5.01351E-02    1.08218E-01
     4.95903E-01    2.70500E+00    6.03361E-01   -1.48287E-01    1.56944E+00   -3.17999E-01    2.56021E-01    4.62847E-01   -3.02202E-01    5.99737E-02   -1.56705E-01    2.34831E-01   -2.30017E-01    5.03400E-02    1.07458E-01
     4.97803E-01    2.70012E+00    6.01394E-01   -1.45302E-01    1.57239E+00   -3.17502E-01    2.67296E-01    4.62274E-01   -3.01158E-01    5.96742E-02   -1.58616E-01    2.34395E-01   -2.29049E-01    5.05435E-02    1.06690E-01
     4.99703E-01    2.69524E+00    5.99383E-01   -1.42312E-01    1.57527E+00   -3.16983E-01    2.78650E-01    4.61703E-01   -3.00091E-01    5.93710E-02   -1.60513E-01    2.33960E-01   -2.28067E-01    5.07454E-02    1.05914E-01
     5.01603E-01    2.69036E+00    5.97328E-01   -1.39316E-01    1.57809E+00   -3.16443E-01    2.90085E-01    4.61134E-01   -2.99002E-01    5.90643E-02   -1.62395E-01    2.33528E-01   -2.27069E-01    5.09459E-02    1.05131E-01
     5.03503E-01    2.68548E+00    5.95230E-01   -1.36315E-01    1.58084E+00   -3.15881E-01    3.01602E-01    4.60567E-01   -2.97889E-01    5.87539E-02   -1.64263E-01    2.33097E-01   -2.26056E-01    5.11449E-02    1.04341E-01
     5.05403E-01    2.68061E+00    5.93088E-01   -1.33309E-01    1.58353E+00   -3.15297E-01    3.13202E-01    4.60002E-01   -2.96754E-01    5.84401E-02   -1.66115E-01    2.32669E-01   -2.25028E-01    5.13424E-02    1.03544E-01
     5.07303E-01    2.67574E+00    5.90902E-01   -1.30298E-01    1.58614E+00   -3.14691E-01    3.24884E-01    4.59439E-01   -2.95597E-01    5.81227E-02   -1.67952E-01    2.32242E-01   -2.23986E-01    5.15384E-02    1.02740E-01
     5.09203E-01    2.67088E+00    5.88673E-01   -1.27282E-01    1.58869E+00   -3.14062E-01    3.36651E-01    4.58879E-01   -2.94417E-01    5.78019E-02   -1.69774E-01    2.31818E-01   -2.22928E-01    5.17328E-02    1.01929E-01
     5.11103E-01    2.66602E+00    5.86399E-01   -1.24261E-01    1.59115E+00   -3.13411E-01    3.48502E-01    4.58320E-01   -2.93214E-01    5.74776E-02   -1.71580E-01    2.31395E-01   -2.21855E-01    5.19257E-02    1.01111E-01
     5.13003E-01    2.66117E+00    5.84083E-01   -1.21235E-01    1.59355E+00   -3.12738E-01    3.60439E-01    4.57765E-01   -2.91989E-01    5.71499E-02   -1.73370E-01    2.30975E-01   -2.20768E-01    5.21170E-02    1.00286E-01
     5.14903E-01    2.65632E+00    5.81722E-01   -1.18205E-01    1.59586E+00   -3.12042E-01    3.72462E-01    4.57211E-01   -2.90741E-01    5.68188E-02   -1.75144E-01    2.30556E-01   -2.19666E-01    5.23068E-02    9.94550E-02
     5.16803E-01    2.65148E+00    5.79318E-01   -1.15171E-01    1.59810E+00   -3.11323E-01    3.84572E-01    4.56660E-01   -2.89471E-01    5.64844E-02   -1.76902E-01    2.30140E-01   -2.18549E-01    5.24950E-02    9.86170E-02
     5.18703E-01    2.64664E+00    5.76870E-01   -1.12133E-01    1.60026E+00   -3.10580E-01    3.96770E-01    4.56111E-01   -2.88178E-01    5.61466E-02   -1.78644E-01    2.29726E-01   -2.17417E-01    5.26815E-02    9.77726E-02
     5.20603E-01    2.64181E+00    5.74379E-01   -1.09090E-01    1.60233E+00   -3.09815E-01    4.09057E-01    4.55565E-01   -2.86864E-01    5.58055E-02   -1.80369E-01    2.29314E-01   -2.16271E-01    5.28665E-02    9.69218E-02
     5.22503E-01    2.63699E+00    5.71844E-01   -1.06044E-01    1.60431E+00   -3.09026E-01    4.21432E-01    4.55021E-01   -2.85527E-01    5.54612E-02   -1.82078E-01    2.28904E-01   -2.15110E-01    5.30498E-02    9.60647E-02
     5.24403E-01    2.63218E+00    5.69266E-01   -1.02994E-01    1.60621E+00   -3.08213E-01    4.33898E-01    4.54480E-01   -2.84167E-01    5.51137E-02   -1.83770E-01    2.28496E-01   -2.13935E-01    5.32315E-02    9.52014E-02
     5.26303E-01    2.62737E+00    5.66645E-01   -9.99406E-02    1.60802E+00   -3.07377E-01    4.46454E-01    4.53941E-01   -2.82786E-01    5.47629E-02   -1.85444E-01    2.28091E-01   -2.12746E-01    5.34116E-02    9.43321E-02
     5.28203E-01    2.62257E+00    5.63979E-01   -9.68837E-02    1.60973E+00   -3.06517E-01    4.59101E-01    4.53405E-01   -2.81382E-01    5.44090E-02   -1.87102E-01    2.27688E-01   -2.11542E-01    5.35900E-02    9.34568E-02
     5.30103E-01    2.61778E+00    5.61271E-01   -9.38237E-02    1.61135E+00   -3.05632E-01    4.71840E-01    4.52872E-01   -2.79956E-01    5.40519E-02   -1.88742E-01    2.27287E-01   -2.10324E-01    5.37667E-02    9.25756E-02
     5.32003E-01    2.61300E+00    5.58519E-01   -9.07607E-02    1.61287E+00   -3.04724E-01    4.84672E-01    4.52341E-01   -2.78509E-01    5.36918E-02   -1.90364E-01    2.26889E-01   -2.09091E-01    5.39418E-02    9.16888E-02
     5.33903E-01    2.60823E+00    5.55724E-01   -8.76949E-02    1.61430E+00   -3.03791E-01    4.97597E-01    4.51814E-01   -2.77039E-01    5.33286E-02   -1.91969E-01    2.26493E-01   -2.07845E-01    5.41151E-02    9.07963E-02
     5.35803E-01    2.60347E+00    5.52886E-01   -8.46266E-02    1.61561E+00   -3.02833E-01    5.10615E-01    4.51289E-01   -2.75548E-01    5.29623E-02   -1.93556E-01    2.26099E-01   -2.06585E-01    5.42868E-02    8.98982E-02
     5.37703E-01    2.59872E+00    5.50005E-01   -8.15558E-02    1.61683E+00   -3.01850E-01    5.23728E-01    4.50767E-01   -2.74035E-01    5.25931E-02   -1.95124E-01    2.25708E-01   -2.05310E-01    5.44567E-02    8.89949E-02
     5.39603E-01    2.59398E+00    5.47081E-01   -7.84828E-02    1.61793E+00   -3.00843E-01    5.36936E-01    4.50247E-01   -2.72500E-01    5.22209E-02   -1.96674E-01    2.25319E-01   -2.04022E-01    5.46249E-02    8.80862E-02
     5.41503E-01    2.58925E+00    5.44114E-01   -7.54078E-02    1.61892E+00   -2.99810E-01    5.50238E-01    4.49731E-01   -2.70944E-01    5.18457E-02   -1.98206E-01    2.24933E-01   -2.02720E-01    5.47914E-02    8.71724E-02
     5.43403E-01    2.58453E+00    5.41104E-01   -7.23310E-02    1.61980E+00   -2.98752E-01    5.63637E-01    4.49218E-01   -2.69366E-01    5.14677E-02   -1.99719E-01    2.24549E-01   -2.01404E-01    5.49562E-02    8.62536E-02
     5.45303E-01    2.57983E+00    5.38051E-01   -6.92527E-02    1.62056E+00   -2.97668E-01    5.77131E-01    4.48708E-01   -2.67766E-01    5.10868E-02   -2.01214E-01    2.24167E-01   -2.00075E-01    5.51192E-02    8.53298E-02
     5.47203E-01    2.57513E+00    5.34956E-01   -6.61731E-02    1.62119E+00   -2.96559E-01    5.90722E-01    4.48200E-01   -2.66146E-01    5.07031E-02   -2.02689E-01    2.23788E-01   -1.98732E-01    5.52804E-02    8.44014E-02
     5.49103E-01    2.57046E+00    5.31818E-01   -6.30923E-02    1.62171E+00   -2.95423E-01    6.04410E-01    4.47696E-01   -2.64504E-01    5.03166E-02   -2.04145E-01    2.23412E-01   -1.97375E-01    5.54399E-02    8.34683E-02
     5.51003E-01    2.56579E+00    5.28638E-01   -6.00107E-02    1.62209E+00   -2.94262E-01    6.18195E-01    4.47195E-01   -2.62841E-01    4.99274E-02   -2.05582E-01    2.23038E-01   -1.96005E-01    5.55976E-02    8.25307E-02
     5.52903E-01    2.56114E+00    5.25416E-01   -5.69285E-02    1.62235E+00   -2.93074E-01    6.32077E-01    4.46697E-01   -2.61157E-01    4.95354E-02   -2.07000E-01    2.22667E-01   -1.94622E-01    5.57535E-02    8.15887E-02
     5.54803E-01    2.55650E+00    5.22151E-01   -5.38460E-02    1.62247E+00   -2.91860E-01    6.46056E-01    4.46203E-01   -2.59452E-01    4.91408E-02   -2.08397E-01    2.22299E-01   -1.93226E-01    5.59076E-02    8.06425E-02
     5.56703E-01    2.55188E+00    5.18844E-01   -5.07633E-02    1.62246E+00   -2.90619E-01    6.60133E-01    4.45712E-01   -2.57727E-01    4.87436E-02   -2.09775E-01    2.21933E-01   -1.91816E-01    5.60600E-02    7.96923E-02
     5.58603E-01    2.54727E+00    5.15496E-01   -4.76808E-02    1.62230E+00   -2.89351E-01    6.74308E-01    4.45224E-01   -2.55980E-01    4.83437E-02   -2.11133E-01    2.21570E-01   -1.90394E-01    5.62105E-02    7.87381E-02
     5.60503E-01    2.54268E+00    5.12105E-01   -4.45988E-02    1.62200E+00   -2.88057E-01    6.88581E-01    4.44739E-01   -2.54213E-01    4.79413E-02   -2.12471E-01    2.21210E-01   -1.88958E-01    5.63592E-02    7.77802E-02
     5.62403E-01    2.53811E+00    5.08673E-01   -4.15174E-02    1.62154E+00   -2.86735E-01    7.02951E-01    4.44258E-01   -2.52426E-01    4.75363E-02   -2.13788E-01    2.20852E-01   -1.87510E-01    5.65060E-02    7.68186E-02
     5.64303E-01    2.53355E+00    5.05199E-01   -3.84371E-02    1.62094E+00   -2.85385E-01    7.17418E-01    4.43780E-01   -2.50619E-01    4.71289E-02   -2.15085E-01    2.20497E-01   -1.86049E-01    5.66511E-02    7.58535E-02
     5.66203E-01    2.52901E+00    5.01685E-01   -3.53580E-02    1.62018E+00   -2.84009E-01    7.31983E-01    4.43305E-01   -2.48791E-01    4.67190E-02   -2.16362E-01    2.20145E-01   -1.84576E-01    5.67943E-02    7.48851E-02
     5.68103E-01    2.52449E+00    4.98129E-01   -3.22806E-02    1.61925E+00   -2.82604E-01    7.46645E-01    4.42834E-01   -2.46943E-01    4.63068E-02   -2.17617E-01    2.19796E-01   -1.83090E-01    5.69356E-02    7.39136E-02
     5.70002E-01    2.51998E+00    4.94532E-01   -2.92050E-02    1.61816E+00   -2.81171E-01    7.61403E-01    4.42367E-01   -2.45075E-01    4.58921E-02   -2.18852E-01    2.19449E-01   -1.81591E-01    5.70751E-02    7.29391E-02
     5.71902E-01    2.51550E+00    4.90894E-01   -2.61317E-02    1.61690E+00   -2.79710E-01    7.76257E-01    4.41903E-01   -2.43188E-01    4.54751E-02   -2.20065E-01    2.19106E-01   -1.80081E-01    5.72128E-02    7.19617E-02
     5.73802E-01    2.51103E+00    4.87215E-01   -2.30610E-02    1.61547E+00   -2.78221E-01    7.91207E-01    4.41443E-01   -2.41281E-01    4.50559E-02   -2.21258E-01    2.18765E-01   -1.78558E-01    5.73486E-02    7.09816E-02
     5.75702E-01    2.50659E+00    4.83497E-01   -1.99931E-02    1.61386E+00   -2.76704E-01    8.06252E-01    4.40986E-01   -2.39354E-01    4.46344E-02   -2.22428E-01    2.18427E-01   -1.77023E-01    5.74825E-02    6.99991E-02
     5.77602E-01    2.50216E+00    4.79738E-01   -1.69285E-02    1.61206E+00   -2.75158E-01    8.21391E-01    4.40533E-01   -2.37409E-01    4.42107E-02   -2.23578E-01    2.18092E-01   -1.75476E-01    5.76146E-02    6.90143E-02
     5.79502E-01    2.49776E+00    4.75939E-01   -1.38675E-02    1.61008E+00   -2.73583E-01    8.36623E-01    4.40084E-01   -2.35444E-01    4.37848E-02   -2.24705E-01    2.17760E-01   -1.73917E-01    5.77448E-02    6.80273E-02
     5.81402E-01    2.49337E+00    4.72100E-01   -1.08104E-02    1.60790E+00   -2.71978E-01    8.51947E-01    4.39639E-01   -2.33460E-01    4.33568E-02   -2.25811E-01    2.17431E-01   -1.72347E-01    5.78731E-02    6.70383E-02
     5.83302E-01    2.48901E+00    4.68221E-01   -7.75767E-03    1.60553E+00   -2.70345E-01    8.67362E-01    4.39197E-01   -2.31457E-01    4.29268E-02   -2.26895E-01    2.17105E-01   -1.70765E-01    5.79995E-02    6.60476E-02
     5.85202E-01    2.48468E+00    4.64304E-01   -4.70962E-03    1.60295E+00   -2.68682E-01    8.82867E-01    4.38759E-01   -2.29436E-01    4.24947E-02   -2.27956E-01    2.16782E-01   -1.69172E-01    5.81240E-02    6.50552E-02
     5.87102E-01    2.48036E+00    4.60347E-01   -1.66666E-03    1.60017E+00   -2.66990E-01    8.98461E-01    4.38325E-01   -2.27396E-01    4.20606E-02   -2.28996E-01    2.16463E-01   -1.67568E-01    5.82467E-02    6.40615E-02
     5.89002E-01    2.47607E+00    4.56351E-01    1.37080E-03    1.59717E+00   -2.65268E-01    9.14141E-01    4.37895E-01   -2.25339E-01    4.16245E-02   -2.30013E-01    2.16146E-01   -1.65952E-01    5.83675E-02    6.30666E-02
     5.90902E-01    2.47180E+00    4.52317E-01    4.40236E-03    1.59395E+00   -2.63517E-01    9.29906E-01    4.37469E-01   -2.23262E-01    4.11865E-02   -2.31007E-01    2.15832E-01   -1.64325E-01    5.84864E-02    6.20706E-02
     5.92802E-01    2.46756E+00    4.48245E-01    7.42759E-03    1.59051E+00   -2.61735E-01    9.45755E-01    4.37047E-01   -2.21169E-01    4.07467E-02   -2.31979E-01    2.15521E-01   -1.62688E-01    5.86033E-02    6.10739E-02
     5.94702E-01    2.46335E+00    4.44134E-01    1.04461E-02    1.58684E+00   -2.59923E-01    9.61685E-01    4.36628E-01   -2.19057E-01    4.03050E-02   -2.32928E-01    2.15214E-01   -1.61040E-01    5.87184E-02    6.00765E-02
     5.96602E-01    2.45915E+00    4.39986E-01    1.34573E-02    1.58293E+00   -2.58080E-01    9.77695E-01    4.36214E-01   -2.16928E-01    3.98616E-02   -2.33854E-01    2.14909E-01   -1.59381E-01    5.88316E-02    5.90788E-02
     5.98502E-01    2.45499E+00    4.35801E-01    1.64610E-02    1.57879E+00   -2.56207E-01    9.93781E-01    4.35804E-01   -2.14781E-01    3.94164E-02   -2.34757E-01    2.14608E-01   -1.57712E-01    5.89429E-02    5.80808E-02
     6.00402E-01    2.45085E+00    4.31578E-01    1.94565E-02    1.57439E+00   -2.54304E-01    1.00994E+00    4.35398E-01   -2.12618E-01    3.89696E-02   -2.35637E-01    2.14310E-01   -1.56032E-01    5.90523E-02    5.70829E-02
     6.02302E-01    2.44674E+00    4.27318E-01    2.24434E-02    1.56975E+00   -2.52370E-01    1.02617E+00    4.34996E-01   -2.10437E-01    3.85210E-02   -2.36493E-01    2.14015E-01   -1.54343E-01    5.91598E-02    5.60852E-02
     6.04202E-01    2.44266E+00    4.23022E-01    2.54213E-02    1.56484E+00   -2.50404E-01    1.04247E+00    4.34598E-01   -2.08240E-01    3.80709E-02   -2.37326E-01    2.13724E-01   -1.52643E-01    5.92655E-02    5.50880E-02
     6.06102E-01    2.43861E+00    4.18690E-01    2.83896E-02    1.55968E+00   -2.48408E-01    1.05884E+00    4.34205E-01   -2.06027E-01    3.76192E-02   -2.38136E-01    2.13435E-01   -1.50934E-01    5.93692E-02    5.40915E-02
     6.08002E-01    2.43459E+00    4.14322E-01    3.13478E-02    1.55424E+00   -2.46381E-01    1.07527E+00    4.33816E-01   -2.03797E-01    3.71660E-02   -2.38922E-01    2.13150E-01   -1.49215E-01    5.94710E-02    5.30959E-02
     6.09902E-01    2.43060E+00    4.09918E-01    3.42955E-02    1.54853E+00   -2.44322E-01    1.09175E+00    4.33430E-01   -2.01551E-01    3.67113E-02   -2.39684E-01    2.12868E-01   -1.47486E-01    5.95709E-02    5.21015E-02
     6.11802E-01    2.42663E+00    4.05479E-01    3.72320E-02    1.54253E+00   -2.42232E-01    1.10829E+00    4.33050E-01   -1.99289E-01    3.62552E-02   -2.40423E-01    2.12590E-01   -1.45749E-01    5.96690E-02    5.11084E-02
     6.13702E-01    2.42270E+00    4.01006E-01    4.01568E-02    1.53624E+00   -2.40111E-01    1.12488E+00    4.32673E-01   -1.97012E-01    3.57978E-02   -2.41138E-01    2.12314E-01   -1.44002E-01    5.97651E-02    5.01169E-02
     6.15602E-01    2.41880E+00    3.96498E-01    4.30694E-02    1.52966E+00   -2.37958E-01    1.14152E+00    4.32301E-01   -1.94720E-01    3.53389E-02   -2.41828E-01    2.12042E-01   -1.42246E-01    5.98594E-02    4.91274E-02
     6.17502E-01    2.41494E+00    3.91956E-01    4.59693E-02    1.52278E+00   -2.35773E-01    1.15820E+00    4.31933E-01   -1.92413E-01    3.48788E-02   -2.42495E-01    2.11774E-01   -1.40482E-01    5.99518E-02    4.81399E-02
     6.19402E-01    2.41110E+00    3.87381E-01    4.88557E-02    1.51559E+00   -2.33557E-01    1.17491E+00    4.31570E-01   -1.90090E-01    3.44175E-02   -2.43138E-01    2.11509E-01   -1.38709E-01    6.00424E-02    4.71548E-02
     6.21302E-01    2.40730E+00    3.82772E-01    5.17282E-02    1.50809E+00   -2.31308E-01    1.19166E+00    4.31211E-01   -1.87754E-01    3.39549E-02   -2.43756E-01    2.11247E-01   -1.36927E-01    6.01310E-02    4.61723E-02
     6.23202E-01    2.40354E+00    3.78131E-01    5.45862E-02    1.50027E+00   -2.29028E-01    1.20843E+00    4.30856E-01   -1.85403E-01    3.34912E-02   -2.44350E-01    2.10988E-01   -1.35137E-01    6.02178E-02    4.51926E-02
     6.25102E-01    2.39981E+00    3.73457E-01    5.74290E-02    1.49212E+00   -2.26716E-01    1.22523E+00    4.30506E-01   -1.83037E-01    3.30264E-02   -2.44920E-01    2.10733E-01   -1.33340E-01    6.03027E-02    4.42161E-02
     6.27002E-01    2.39611E+00    3.68752E-01    6.02560E-02    1.48364E+00   -2.24373E-01    1.24203E+00    4.30161E-01   -1.80659E-01    3.25606E-02   -2.45465E-01    2.10482E-01   -1.31534E-01    6.03858E-02    4.32430E-02
     6.28902E-01    2.39245E+00    3.64015E-01    6.30665E-02    1.47482E+00   -2.21997E-01    1.25885E+00    4.29820E-01   -1.78266E-01    3.20937E-02   -2.45986E-01    2.10233E-01   -1.29721E-01    6.04671E-02    4.22736E-02
     6.30802E-01    2.38883E+00    3.59247E-01    6.58600E-02    1.46566E+00   -2.19589E-01    1.27566E+00    4.29484E-01   -1.75861E-01    3.16259E-02   -2.46482E-01    2.09989E-01   -1.27901E-01    6.05465E-02    4.13080E-02
     6.32702E-01    2.38524E+00    3.54449E-01    6.86357E-02    1.45614E+00   -2.17149E-01    1.29247E+00    4.29152E-01   -1.73443E-01    3.11571E-02   -2.46953E-01    2.09747E-01   -1.26073E-01    6.06240E-02    4.03466E-02
     6.34602E-01    2.38169E+00    3.49621E-01    7.13930E-02    1.44627E+00   -2.14678E-01    1.30927E+00    4.28824E-01   -1.71011E-01    3.06875E-02   -2.47401E-01    2.09510E-01   -1.24239E-01    6.06998E-02    3.93898E-02
     6.36502E-01    2.37818E+00    3.44764E-01    7.41313E-02    1.43603E+00   -2.12174E-01    1.32605E+00    4.28502E-01   -1.68568E-01    3.02170E-02   -2.47823E-01    2.09275E-01   -1.22397E-01    6.07737E-02    3.84376E-02
     6.38402E-01    2.37471E+00    3.39877E-01    7.68497E-02    1.42543E+00   -2.09639E-01    1.34279E+00    4.28184E-01   -1.66113E-01    2.97458E-02   -2.48221E-01    2.09044E-01   -1.20549E-01    6.08459E-02    3.74905E-02
     6.40302E-01    2.37128E+00    3.34962E-01    7.95476E-02    1.41445E+00   -2.07072E-01    1.35950E+00    4.27871E-01   -1.63645E-01    2.92738E-02   -2.48594E-01    2.08817E-01   -1.18695E-01    6.09162E-02    3.65486E-02
     6.42202E-01    2.36789E+00    3.30020E-01    8.22243E-02    1.40309E+00   -2.04473E-01    1.37617E+00    4.27562E-01   -1.61167E-01    2.88011E-02   -2.48942E-01    2.08593E-01   -1.16834E-01    6.09847E-02    3.56124E-02
     6.44102E-01    2.36454E+00    3.25050E-01    8.48790E-02    1.39135E+00   -2.01842E-01    1.39278E+00    4.27258E-01   -1.58677E-01    2.83278E-02   -2.49266E-01    2.08373E-01   -1.14968E-01    6.10515E-02    3.46820E-02
     6.46001E-01    2.36123E+00    3.20053E-01    8.75111E-02    1.37921E+00   -1.99180E-01    1.40932E+00    4.26959E-01   -1.56176E-01    2.78540E-02   -2.49565E-01    2.08157E-01   -1.13096E-01    6.11165E-02    3.37578E-02
     6.47901E-01    2.35797E+00    3.15031E-01    9.01197E-02    1.36668E+00   -1.96487E-01    1.42580E+00    4.26665E-01   -1.53665E-01    2.73795E-02   -2.49839E-01    2.07944E-01   -1.11219E-01    6.11798E-02    3.28401E-02
     6.49801E-01    2.35474E+00    3.09982E-01    9.27041E-02    1.35375E+00   -1.93762E-01    1.44218E+00    4.26375E-01   -1.51144E-01    2.69046E-02   -2.50088E-01    2.07734E-01   -1.09336E-01    6.12413E-02    3.19291E-02
     6.51701E-01    2.35156E+00    3.04909E-01    9.52636E-02    1.34042E+00   -1.91007E-01    1.45848E+00    4.26090E-01   -1.48613E-01    2.64292E-02   -2.50313E-01    2.07528E-01   -1.07449E-01    6.13011E-02    3.10251E-02
     6.53601E-01    2.34843E+00    2.99812E-01    9.77974E-02    1.32667E+00   -1.88220E-01    1.47466E+00    4.25810E-01   -1.46072E-01    2.59534E-02   -2.50513E-01    2.07326E-01   -1.05556E-01    6.13592E-02    3.01285E-02
     6.55501E-01    2.34534E+00    2.94691E-01    1.00305E-01    1.31251E+00   -1.85403E-01    1.49073E+00    4.25535E-01   -1.43522E-01    2.54773E-02   -2.50689E-01    2.07127E-01   -1.03659E-01    6.14156E-02    2.92395E-02
     6.57401E-01    2.34229E+00    2.89547E-01    1.02785E-01    1.29794E+00   -1.82556E-01    1.50668E+00    4.25265E-01   -1.40963E-01    2.50009E-02   -2.50840E-01    2.06932E-01   -1.01758E-01    6.14703E-02    2.83584E-02
     6.59301E-01    2.33929E+00    2.84380E-01    1.05236E-01    1.28295E+00   -1.79678E-01    1.52248E+00    4.25000E-01   -1.38396E-01    2.45241E-02   -2.50966E-01    2.06740E-01   -9.98535E-02    6.15234E-02    2.74855E-02
     6.61201E-01    2.33633E+00    2.79192E-01    1.07659E-01    1.26753E+00   -1.76770E-01    1.53813E+00    4.24739E-01   -1.35820E-01    2.40472E-02   -2.51068E-01    2.06552E-01   -9.79448E-02    6.15748E-02    2.66212E-02
     6.63101E-01    2.33342E+00    2.73983E-01    1.10053E-01    1.25169E+00   -1.73833E-01    1.55362E+00    4.24484E-01   -1.33237E-01    2.35701E-02   -2.51146E-01    2.06368E-01   -9.60326E-02    6.16246E-02    2.57657E-02
     6.65001E-01    2.33056E+00    2.68754E-01    1.12416E-01    1.23542E+00   -1.70867E-01    1.56892E+00    4.24233E-01   -1.30646E-01    2.30929E-02   -2.51199E-01    2.06187E-01   -9.41172E-02    6.16727E-02    2.49194E-02
     6.66901E-01    2.32775E+00    2.63505E-01    1.14747E-01    1.21872E+00   -1.67872E-01    1.58404E+00    4.23987E-01   -1.28047E-01    2.26156E-02   -2.51229E-01    2.06010E-01   -9.21988E-02    6.17193E-02    2.40824E-02
     6.68801E-01    2.32499E+00    2.58237E-01    1.17046E-01    1.20159E+00   -1.64848E-01    1.59896E+00    4.23746E-01   -1.25443E-01    2.21382E-02   -2.51234E-01    2.05837E-01   -9.02778E-02    6.17642E-02    2.32552E-02
     6.70701E-01    2.32227E+00    2.52951E-01    1.19313E-01    1.18404E+00   -1.61796E-01    1.61366E+00    4.23510E-01   -1.22831E-01    2.16609E-02   -2.51214E-01    2.05667E-01   -8.83543E-02    6.18076E-02    2.24380E-02
     6.72601E-01    2.31961E+00    2.47648E-01    1.21545E-01    1.16605E+00   -1.58716E-01    1.62812E+00    4.23280E-01   -1.20214E-01    2.11837E-02   -2.51171E-01    2.05501E-01   -8.64286E-02    6.18495E-02    2.16311E-02
     6.74501E-01    2.31699E+00    2.42328E-01    1.23743E-01    1.14763E+00   -1.55609E-01    1.64234E+00    4.23054E-01   -1.17591E-01    2.07065E-02   -2.51105E-01    2.05339E-01   -8.45010E-02    6.18898E-02    2.08349E-02
     6.76401E-01    2.31443E+00    2.36993E-01    1.25906E-01    1.12878E+00   -1.52475E-01    1.65630E+00    4.22833E-01   -1.14962E-01    2.02295E-02   -2.51014E-01    2.05180E-01   -8.25717E-02    6.19287E-02    2.00495E-02
     6.78301E-01    2.31191E+00    2.31642E-01    1.28032E-01    1.10951E+00   -1.49315E-01    1.66999E+00    4.22617E-01   -1.12329E-01    1.97527E-02   -2.50900E-01    2.05025E-01   -8.06411E-02    6.19660E-02    1.92754E-02
     6.80201E-01    2.30945E+00    2.26277E-01    1.30122E-01    1.08980E+00   -1.46130E-01    1.68339E+00    4.22406E-01   -1.09691E-01    1.92761E-02   -2.50763E-01    2.04874E-01   -7.87094E-02    6.20019E-02    1.85127E-02
     6.82101E-01    2.30704E+00    2.20899E-01    1.32173E-01    1.06968E+00   -1.42919E-01    1.69649E+00    4.22200E-01   -1.07049E-01    1.87998E-02   -2.50602E-01    2.04726E-01   -7.67768E-02    6.20364E-02    1.77618E-02
     6.84001E-01    2.30468E+00    2.15508E-01    1.34186E-01    1.04914E+00   -1.39683E-01    1.70927E+00    4.21999E-01   -1.04403E-01    1.83238E-02   -2.50419E-01    2.04582E-01   -7.48436E-02    6.20694E-02    1.70230E-02
     6.85901E-01    2.30238E+00    2.10105E-01    1.36160E-01    1.02818E+00   -1.36424E-01    1.72171E+00    4.21803E-01   -1.01753E-01    1.78482E-02   -2.50212E-01    2.04442E-01   -7.29102E-02    6.21011E-02    1.62966E-02
     6.87801E-01    2.30013E+00    2.04691E-01    1.38093E-01    1.00681E+00   -1.33141E-01    1.73381E+00    4.21612E-01   -9.91007E-02    1.73731E-02   -2.49983E-01    2.04305E-01   -7.09767E-02    6.21314E-02    1.55827E-02
     6.89701E-01    2.29793E+00    1.99268E-01    1.39985E-01    9.85040E-01   -1.29836E-01    1.74554E+00    4.21427E-01   -9.64456E-02    1.68983E-02   -2.49732E-01    2.04172E-01   -6.90435E-02    6.21603E-02    1.48818E-02
     6.91601E-01    2.29579E+00    1.93835E-01    1.41836E-01    9.62869E-01   -1.26508E-01    1.75690E+00    4.21246E-01   -9.37881E-02    1.64241E-02   -2.49458E-01    2.04043E-01   -6.71108E-02    6.21879E-02    1.41940E-02
     6.93501E-01    2.29370E+00    1.88394E-01    1.43644E-01    9.40306E-01   -1.23160E-01    1.76787E+00    4.21070E-01   -9.11289E-02    1.59504E-02   -2.49162E-01    2.03917E-01   -6.51789E-02    6.22142E-02    1.35197E-02
     6.95401E-01    2.29167E+00    1.82945E-01    1.45409E-01    9.17358E-01   -1.19791E-01    1.77843E+00    4.20900E-01   -8.84681E-02    1.54773E-02   -2.48844E-01    2.03795E-01   -6.32481E-02    6.22393E-02    1.28591E-02
     6.97301E-01    2.28970E+00    1.77490E-01    1.47130E-01    8.94034E-01   -1.16402E-01    1.78857E+00    4.20734E-01   -8.58063E-02    1.50048E-02   -2.48504E-01    2.03677E-01   -6.13186E-02    6.22631E-02    1.22124E-02
     6.99201E-01    2.28778E+00    1.72029E-01    1.48806E-01    8.70343E-01   -1.12995E-01    1.79827E+00    4.20574E-01   -8.31437E-02    1.45330E-02   -2.48144E-01    2.03562E-01   -5.93907E-02    6.22857E-02    1.15800E-02
     7.01101E-01    2.28591E+00    1.66564E-01    1.50437E-01    8.46294E-01   -1.09569E-01    1.80753E+00    4.20418E-01   -8.04809E-02    1.40619E-02   -2.47762E-01    2.03451E-01   -5.74646E-02    6.23071E-02    1.09620E-02
     7.03001E-01    2.28411E+00    1.61095E-01    1.52021E-01    8.21897E-01   -1.06126E-01    1.81632E+00    4.20268E-01   -7.78183E-02    1.35916E-02   -2.47359E-01    2.03344E-01   -5.55407E-02    6.23274E-02    1.03587E-02
     7.04901E-01    2.28236E+00    1.55623E-01    1.53560E-01    7.97164E-01   -1.02668E-01    1.82463E+00    4.20123E-01   -7.51561E-02    1.31220E-02   -2.46936E-01    2.03240E-01   -5.36193E-02    6.23465E-02    9.77035E-03
     7.06801E-01    2.28067E+00    1.50149E-01    1.55050E-01    7.72105E-01   -9.91932E-02    1.83246E+00    4.19982E-01   -7.24949E-02    1.26532E-02   -2.46492E-01    2.03140E-01   -5.17004E-02    6.23645E-02    9.19717E-03
     7.08701E-01    2.27903E+00    1.44674E-01    1.56493E-01    7.46734E-01   -9.57046E-02    1.83978E+00    4.19847E-01   -6.98350E-02    1.21853E-02   -2.46029E-01    2.03043E-01   -4.97845E-02    6.23815E-02    8.63938E-03
     7.10601E-01    2.27746E+00    1.39199E-01    1.57888E-01    7.21063E-01   -9.22025E-02    1.84659E+00    4.19717E-01   -6.71769E-02    1.17183E-02   -2.45546E-01    2.02951E-01   -4.78718E-02    6.23974E-02    8.09719E-03
     7.12501E-01    2.27594E+00    1.33725E-01    1.59233E-01    6.95105E-01   -8.86879E-02    1.85288E+00    4.19592E-01   -6.45209E-02    1.12523E-02   -2.45043E-01    2.02862E-01   -4.59625E-02    6.24122E-02    7.57081E-03
     7.14401E-01    2.27448E+00    1.28252E-01    1.60529E-01    6.68874E-01   -8.51620E-02    1.85863E+00    4.19472E-01   -6.18675E-02    1.07872E-02   -2.44522E-01    2.02776E-01   -4.40569E-02    6.24261E-02    7.06045E-03
     7.16301E-01    2.27308E+00    1.22783E-01    1.61775E-01    6.42384E-01   -8.16256E-02    1.86383E+00    4.19357E-01   -5.92170E-02    1.03231E-02   -2.43981E-01    2.02694E-01   -4.21553E-02    6.24391E-02    6.56630E-03
     7.18201E-01    2.27174E+00    1.17318E-01    1.62970E-01    6.15651E-01   -7.80799E-02    1.86847E+00    4.19247E-01   -5.65700E-02    9.86009E-03   -2.43423E-01    2.02616E-01   -4.02578E-02    6.24511E-02    6.08855E-03
     7.20101E-01    2.27046E+00    1.11857E-01    1.64114E-01    5.88691E-01   -7.45259E-02    1.87255E+00    4.19142E-01   -5.39267E-02    9.39814E-03   -2.42846E-01    2.02541E-01   -3.83648E-02    6.24622E-02    5.62738E-03
     7.22000E-01    2.26924E+00    1.06402E-01    1.65207E-01    5.61518E-01   -7.09646E-02    1.87605E+00    4.19042E-01   -5.12875E-02    8.93730E-03   -2.42252E-01    2.02470E-01   -3.64764E-02    6.24725E-02    5.18296E-03
     7.23900E-01    2.26808E+00    1.00954E-01    1.66248E-01    5.34149E-01   -6.73973E-02    1.87896E+00    4.18947E-01   -4.86530E-02    8.47761E-03   -2.41640E-01    2.02403E-01   -3.45929E-02    6.24819E-02    4.75544E-03
     7.25800E-01    2.26697E+00    9.55138E-02    1.67236E-01    5.06601E-01   -6.38251E-02    1.88129E+00    4.18857E-01   -4.60235E-02    8.01909E-03   -2.41012E-01    2.02339E-01   -3.27144E-02    6.24906E-02    4.34500E-03
     7.27700E-01    2.26593E+00    9.00822E-02    1.68173E-01    4.78890E-01   -6.02489E-02    1.88301E+00    4.18772E-01   -4.33993E-02    7.56179E-03   -2.40366E-01    2.02278E-01   -3.08414E-02    6.24985E-02    3.95177E-03
     7.29600E-01    2.26495E+00    8.46602E-02    1.69056E-01    4.51034E-01   -5.66701E-02    1.88413E+00    4.18692E-01   -4.07810E-02    7.10572E-03   -2.39705E-01    2.02221E-01   -2.89739E-02    6.25056E-02    3.57588E-03
     7.31500E-01    2.26403E+00    7.92489E-02    1.69886E-01    4.23051E-01   -5.30897E-02    1.88464E+00    4.18617E-01   -3.81689E-02    6.65093E-03   -2.39028E-01    2.02168E-01   -2.71121E-02    6.25120E-02    3.21749E-03
     7.33400E-01    2.26316E+00    7.38492E-02    1.70664E-01    3.94957E-01   -4.95090E-02    1.88454E+00    4.18547E-01   -3.55634E-02    6.19744E-03   -2.38335E-01    2.02118E-01   -2.52563E-02    6.25178E-02    2.87669E-03
     7.35300E-01    2.26236E+00    6.84621E-02    1.71387E-01    3.66771E-01   -4.59290E-02    1.88381E+00    4.18482E-01   -3.29649E-02    5.74528E-03   -2.37627E-01    2.02072E-01   -2.34067E-02    6.25230E-02    2.55360E-03
     7.37200E-01    2.26162E+00    6.30886E-02    1.72057E-01    3.38511E-01   -4.23510E-02    1.88247E+00    4.18422E-01   -3.03738E-02    5.29448E-03   -2.36905E-01    2.02029E-01   -2.15634E-02    6.25276E-02    2.24834E-03
     7.39100E-01    2.26094E+00    5.77297E-02    1.72673E-01    3.10193E-01   -3.87761E-02    1.88050E+00    4.18366E-01   -2.77906E-02    4.84506E-03   -2.36169E-01    2.01990E-01   -1.97266E-02    6.25315E-02    1.96098E-03
     7.41000E-01    2.26031E+00    5.23862E-02    1.73236E-01    2.81837E-01   -3.52056E-02    1.87790E+00    4.18316E-01   -2.52155E-02    4.39706E-03   -2.35418E-01    2.01954E-01   -1.78966E-02    6.25350E-02    1.69162E-03
     7.42900E-01    2.25975E+00    4.70592E-02    1.73744E-01    2.53460E-01   -3.16405E-02    1.87468E+00    4.18271E-01   -2.26490E-02    3.95049E-03   -2.34655E-01    2.01922E-01   -1.60734E-02    6.25380E-02    1.44033E-03
     7.44800E-01    2.25925E+00    4.17496E-02    1.74199E-01    2.25080E-01   -2.80823E-02    1.87083E+00    4.18230E-01   -2.00914E-02    3.50539E-03   -2.33878E-01    2.01893E-01   -1.42574E-02    6.25405E-02    1.20718E-03
     7.46700E-01    2.25880E+00    3.64584E-02    1.74600E-01    1.96714E-01   -2.45319E-02    1.86636E+00    4.18194E-01   -1.75433E-02    3.06178E-03   -2.33089E-01    2.01868E-01   -1.24485E-02    6.25426E-02    9.92222E-04
     7.48600E-01    2.25842E+00    3.11865E-02    1.74947E-01    1.68380E-01   -2.09906E-02    1.86125E+00    4.18163E-01   -1.50049E-02    2.61967E-03   -2.32287E-01    2.01846E-01   -1.06470E-02    6.25443E-02    7.95512E-04
     7.50500E-01    2.25810E+00    2.59348E-02    1.75240E-01    1.40095E-01   -1.74596E-02    1.85553E+00    4.18137E-01   -1.24766E-02    2.17910E-03   -2.31474E-01    2.01828E-01   -8.85295E-03    6.25456E-02    6.17088E-04
     7.52400E-01    2.25783E+00    2.07042E-02    1.75479E-01    1.11877E-01   -1.39401E-02    1.84919E+00    4.18116E-01   -9.95877E-03    1.74009E-03   -2.30650E-01    2.01812E-01   -7.06658E-03    6.25466E-02    4.56978E-04
     7.54300E-01    2.25763E+00    1.54957E-02    1.75665E-01    8.37422E-02   -1.04332E-02    1.84222E+00    4.18099E-01   -7.45184E-03    1.30265E-03   -2.29815E-01    2.01801E-01   -5.28799E-03    6.25474E-02    3.15206E-04
     7.56200E-01    2.25748E+00    1.03102E-02    1.75797E-01    5.57069E-02   -6.94009E-03    1.83465E+00    4.18088E-01   -4.95617E-03    8.66812E-04   -2.28969E-01    2.01792E-01   -3.51728E-03    6.25478E-02    1.91785E-04
     7.58100E-01    2.25739E+00    5.14853E-03    1.75877E-01    2.77876E-02   -3.46198E-03    1.82646E+00    4.18081E-01   -2.47210E-03    4.32589E-04   -2.28113E-01    2.01787E-01   -1.75459E-03    6.25481E-02    8.67174E-05
     7.60000E-01    2.25736E+00    1.16137E-05    1.75903E-01    0.00000E+00   -1.60895-265    1.81768E+00    4.18078E-01    0.00000E+00    2.09860E-25   -2.27248E-01    2.01786E-01    0.00000E+00    6.25482E-02    0.00000E+00
