     1.00000E-05    4.40689E+00   -1.91999E-05   -4.38525E-01   -1.46056E-05    5.28217E-01    5.63598E-06    3.61374E-01    7.92134E-11
     5.25998E-03    4.40653E+00    2.37824E-02   -4.38440E-01   -7.68193E-03    5.28170E-01    2.96414E-03    3.61332E-01    2.19137E-05
     1.05100E-02    4.40544E+00    4.75066E-02   -4.38186E-01   -1.53458E-02    5.28029E-01    5.92044E-03    3.61206E-01    8.74608E-05
     1.57599E-02    4.40363E+00    7.12048E-02   -4.37764E-01   -2.30030E-02    5.27793E-01    8.87233E-03    3.60997E-01    1.96559E-04
     2.10099E-02    4.40110E+00    9.48640E-02   -4.37174E-01   -3.06499E-02    5.27464E-01    1.18176E-02    3.60704E-01    3.49072E-04
     2.62599E-02    4.39784E+00    1.18471E-01   -4.36415E-01   -3.82833E-02    5.27041E-01    1.47541E-02    3.60327E-01    5.44807E-04
     3.15098E-02    4.39387E+00    1.42014E-01   -4.35489E-01   -4.58998E-02    5.26525E-01    1.76797E-02    3.59867E-01    7.83521E-04
     3.67598E-02    4.38918E+00    1.65479E-01   -4.34396E-01   -5.34961E-02    5.25915E-01    2.05921E-02    3.59325E-01    1.06491E-03
     4.20098E-02    4.38378E+00    1.88853E-01   -4.33137E-01   -6.10687E-02    5.25213E-01    2.34893E-02    3.58701E-01    1.38863E-03
     4.72598E-02    4.37767E+00    2.12125E-01   -4.31712E-01   -6.86145E-02    5.24418E-01    2.63692E-02    3.57995E-01    1.75428E-03
     5.25098E-02    4.37084E+00    2.35281E-01   -4.30122E-01   -7.61300E-02    5.23532E-01    2.92297E-02    3.57208E-01    2.16139E-03
     5.77597E-02    4.36332E+00    2.58310E-01   -4.28368E-01   -8.36121E-02    5.22555E-01    3.20686E-02    3.56340E-01    2.60947E-03
     6.30097E-02    4.35510E+00    2.81198E-01   -4.26451E-01   -9.10574E-02    5.21486E-01    3.48841E-02    3.55393E-01    3.09796E-03
     6.82597E-02    4.34618E+00    3.03934E-01   -4.24373E-01   -9.84629E-02    5.20328E-01    3.76741E-02    3.54367E-01    3.62625E-03
     7.35097E-02    4.33658E+00    3.26506E-01   -4.22134E-01   -1.05825E-01    5.19081E-01    4.04367E-02    3.53263E-01    4.19369E-03
     7.87596E-02    4.32629E+00    3.48901E-01   -4.19736E-01   -1.13141E-01    5.17745E-01    4.31700E-02    3.52082E-01    4.79959E-03
     8.40096E-02    4.31533E+00    3.71109E-01   -4.17181E-01   -1.20408E-01    5.16321E-01    4.58721E-02    3.50824E-01    5.44320E-03
     8.92596E-02    4.30369E+00    3.93118E-01   -4.14469E-01   -1.27623E-01    5.14810E-01    4.85412E-02    3.49491E-01    6.12373E-03
     9.45095E-02    4.29139E+00    4.14916E-01   -4.11602E-01   -1.34782E-01    5.13214E-01    5.11756E-02    3.48084E-01    6.84036E-03
     9.97595E-02    4.27843E+00    4.36494E-01   -4.08582E-01   -1.41883E-01    5.11533E-01    5.37735E-02    3.46604E-01    7.59222E-03
     1.05010E-01    4.26483E+00    4.57838E-01   -4.05411E-01   -1.48922E-01    5.09767E-01    5.63333E-02    3.45052E-01    8.37841E-03
     1.10259E-01    4.25058E+00    4.78940E-01   -4.02090E-01   -1.55898E-01    5.07919E-01    5.88534E-02    3.43430E-01    9.19797E-03
     1.15509E-01    4.23569E+00    4.99789E-01   -3.98622E-01   -1.62806E-01    5.05989E-01    6.13323E-02    3.41738E-01    1.00499E-02
     1.20759E-01    4.22019E+00    5.20375E-01   -3.95009E-01   -1.69645E-01    5.03979E-01    6.37685E-02    3.39978E-01    1.09333E-02
     1.26009E-01    4.20406E+00    5.40688E-01   -3.91251E-01   -1.76411E-01    5.01889E-01    6.61605E-02    3.38152E-01    1.18469E-02
     1.31259E-01    4.18733E+00    5.60718E-01   -3.87353E-01   -1.83102E-01    4.99721E-01    6.85070E-02    3.36260E-01    1.27899E-02
     1.36509E-01    4.17000E+00    5.80456E-01   -3.83315E-01   -1.89715E-01    4.97476E-01    7.08067E-02    3.34304E-01    1.37609E-02
     1.41759E-01    4.15208E+00    5.99894E-01   -3.79140E-01   -1.96248E-01    4.95155E-01    7.30583E-02    3.32287E-01    1.47590E-02
     1.47009E-01    4.13358E+00    6.19022E-01   -3.74831E-01   -2.02699E-01    4.92760E-01    7.52608E-02    3.30208E-01    1.57830E-02
     1.52259E-01    4.11452E+00    6.37832E-01   -3.70390E-01   -2.09064E-01    4.90293E-01    7.74130E-02    3.28071E-01    1.68317E-02
     1.57509E-01    4.09490E+00    6.56316E-01   -3.65819E-01   -2.15342E-01    4.87754E-01    7.95139E-02    3.25876E-01    1.79038E-02
     1.62759E-01    4.07473E+00    6.74467E-01   -3.61121E-01   -2.21531E-01    4.85145E-01    8.15625E-02    3.23625E-01    1.89982E-02
     1.68009E-01    4.05402E+00    6.92276E-01   -3.56298E-01   -2.27627E-01    4.82468E-01    8.35579E-02    3.21319E-01    2.01137E-02
     1.73259E-01    4.03280E+00    7.09737E-01   -3.51354E-01   -2.33629E-01    4.79724E-01    8.54994E-02    3.18961E-01    2.12490E-02
     1.78509E-01    4.01105E+00    7.26843E-01   -3.46290E-01   -2.39535E-01    4.76914E-01    8.73861E-02    3.16553E-01    2.24028E-02
     1.83759E-01    3.98881E+00    7.43587E-01   -3.41110E-01   -2.45344E-01    4.74041E-01    8.92173E-02    3.14095E-01    2.35738E-02
     1.89009E-01    3.96608E+00    7.59964E-01   -3.35817E-01   -2.51052E-01    4.71106E-01    9.09926E-02    3.11589E-01    2.47609E-02
     1.94259E-01    3.94287E+00    7.75967E-01   -3.30413E-01   -2.56658E-01    4.68110E-01    9.27112E-02    3.09038E-01    2.59626E-02
     1.99509E-01    3.91920E+00    7.91592E-01   -3.24901E-01   -2.62161E-01    4.65055E-01    9.43727E-02    3.06444E-01    2.71778E-02
     2.04759E-01    3.89507E+00    8.06832E-01   -3.19285E-01   -2.67558E-01    4.61944E-01    9.59768E-02    3.03807E-01    2.84051E-02
     2.10009E-01    3.87051E+00    8.21684E-01   -3.13567E-01   -2.72849E-01    4.58776E-01    9.75230E-02    3.01130E-01    2.96432E-02
     2.15259E-01    3.84552E+00    8.36143E-01   -3.07750E-01   -2.78031E-01    4.55555E-01    9.90112E-02    2.98414E-01    3.08909E-02
     2.20509E-01    3.82011E+00    8.50204E-01   -3.01838E-01   -2.83103E-01    4.52282E-01    1.00441E-01    2.95662E-01    3.21469E-02
     2.25759E-01    3.79431E+00    8.63865E-01   -2.95833E-01   -2.88064E-01    4.48959E-01    1.01812E-01    2.92875E-01    3.34098E-02
     2.31009E-01    3.76812E+00    8.77122E-01   -2.89738E-01   -2.92913E-01    4.45588E-01    1.03125E-01    2.90055E-01    3.46784E-02
     2.36259E-01    3.74155E+00    8.89972E-01   -2.83558E-01   -2.97647E-01    4.42169E-01    1.04379E-01    2.87204E-01    3.59515E-02
     2.41509E-01    3.71462E+00    9.02412E-01   -2.77294E-01   -3.02267E-01    4.38706E-01    1.05575E-01    2.84323E-01    3.72278E-02
     2.46759E-01    3.68735E+00    9.14440E-01   -2.70951E-01   -3.06771E-01    4.35200E-01    1.06712E-01    2.81416E-01    3.85061E-02
     2.52009E-01    3.65974E+00    9.26055E-01   -2.64531E-01   -3.11158E-01    4.31652E-01    1.07791E-01    2.78482E-01    3.97851E-02
     2.57259E-01    3.63182E+00    9.37254E-01   -2.58038E-01   -3.15427E-01    4.28064E-01    1.08812E-01    2.75524E-01    4.10636E-02
     2.62509E-01    3.60359E+00    9.48036E-01   -2.51476E-01   -3.19578E-01    4.24439E-01    1.09775E-01    2.72545E-01    4.23405E-02
     2.67759E-01    3.57506E+00    9.58402E-01   -2.44846E-01   -3.23609E-01    4.20778E-01    1.10680E-01    2.69545E-01    4.36145E-02
     2.73009E-01    3.54626E+00    9.68349E-01   -2.38153E-01   -3.27521E-01    4.17083E-01    1.11529E-01    2.66526E-01    4.48845E-02
     2.78259E-01    3.51719E+00    9.77878E-01   -2.31400E-01   -3.31312E-01    4.13355E-01    1.12320E-01    2.63491E-01    4.61494E-02
     2.83509E-01    3.48787E+00    9.86990E-01   -2.24590E-01   -3.34982E-01    4.09597E-01    1.13056E-01    2.60440E-01    4.74081E-02
     2.88759E-01    3.45831E+00    9.95684E-01   -2.17727E-01   -3.38531E-01    4.05810E-01    1.13736E-01    2.57376E-01    4.86595E-02
     2.94009E-01    3.42853E+00    1.00396E+00   -2.10814E-01   -3.41958E-01    4.01997E-01    1.14360E-01    2.54300E-01    4.99025E-02
     2.99259E-01    3.39854E+00    1.01182E+00   -2.03855E-01   -3.45263E-01    3.98157E-01    1.14930E-01    2.51215E-01    5.11360E-02
     3.04509E-01    3.36835E+00    1.01927E+00   -1.96851E-01   -3.48446E-01    3.94295E-01    1.15446E-01    2.48121E-01    5.23592E-02
     3.09759E-01    3.33798E+00    1.02631E+00   -1.89808E-01   -3.51508E-01    3.90411E-01    1.15909E-01    2.45020E-01    5.35710E-02
     3.15009E-01    3.30744E+00    1.03293E+00   -1.82728E-01   -3.54447E-01    3.86507E-01    1.16320E-01    2.41914E-01    5.47704E-02
     3.20258E-01    3.27674E+00    1.03915E+00   -1.75614E-01   -3.57264E-01    3.82584E-01    1.16678E-01    2.38804E-01    5.59566E-02
     3.25508E-01    3.24590E+00    1.04496E+00   -1.68471E-01   -3.59960E-01    3.78646E-01    1.16986E-01    2.35692E-01    5.71287E-02
     3.30758E-01    3.21492E+00    1.05037E+00   -1.61300E-01   -3.62534E-01    3.74692E-01    1.17244E-01    2.32580E-01    5.82857E-02
     3.36008E-01    3.18384E+00    1.05538E+00   -1.54106E-01   -3.64987E-01    3.70725E-01    1.17452E-01    2.29469E-01    5.94269E-02
     3.41258E-01    3.15264E+00    1.06000E+00   -1.46891E-01   -3.67319E-01    3.66747E-01    1.17612E-01    2.26360E-01    6.05515E-02
     3.46508E-01    3.12136E+00    1.06422E+00   -1.39659E-01   -3.69532E-01    3.62759E-01    1.17724E-01    2.23255E-01    6.16587E-02
     3.51758E-01    3.09000E+00    1.06805E+00   -1.32412E-01   -3.71624E-01    3.58763E-01    1.17790E-01    2.20155E-01    6.27478E-02
     3.57008E-01    3.05857E+00    1.07151E+00   -1.25155E-01   -3.73598E-01    3.54760E-01    1.17810E-01    2.17061E-01    6.38181E-02
     3.62258E-01    3.02709E+00    1.07458E+00   -1.17890E-01   -3.75453E-01    3.50752E-01    1.17785E-01    2.13976E-01    6.48689E-02
     3.67508E-01    2.99556E+00    1.07728E+00   -1.10619E-01   -3.77191E-01    3.46740E-01    1.17717E-01    2.10899E-01    6.58997E-02
     3.72758E-01    2.96401E+00    1.07960E+00   -1.03348E-01   -3.78813E-01    3.42727E-01    1.17606E-01    2.07833E-01    6.69097E-02
     3.78008E-01    2.93244E+00    1.08157E+00   -9.60768E-02   -3.80319E-01    3.38713E-01    1.17453E-01    2.04779E-01    6.78986E-02
     3.83258E-01    2.90086E+00    1.08317E+00   -8.88101E-02   -3.81710E-01    3.34701E-01    1.17260E-01    2.01737E-01    6.88657E-02
     3.88508E-01    2.86928E+00    1.08442E+00   -8.15504E-02   -3.82988E-01    3.30690E-01    1.17027E-01    1.98709E-01    6.98105E-02
     3.93758E-01    2.83773E+00    1.08532E+00   -7.43006E-02   -3.84153E-01    3.26684E-01    1.16755E-01    1.95696E-01    7.07326E-02
     3.99008E-01    2.80620E+00    1.08588E+00   -6.70633E-02   -3.85207E-01    3.22683E-01    1.16446E-01    1.92699E-01    7.16316E-02
     4.04258E-01    2.77470E+00    1.08610E+00   -5.98414E-02   -3.86152E-01    3.18688E-01    1.16101E-01    1.89720E-01    7.25071E-02
     4.09508E-01    2.74326E+00    1.08600E+00   -5.26376E-02   -3.86988E-01    3.14702E-01    1.15720E-01    1.86758E-01    7.33587E-02
     4.14758E-01    2.71187E+00    1.08556E+00   -4.54544E-02   -3.87716E-01    3.10724E-01    1.15304E-01    1.83815E-01    7.41861E-02
     4.20008E-01    2.68056E+00    1.08482E+00   -3.82945E-02   -3.88339E-01    3.06757E-01    1.14856E-01    1.80892E-01    7.49890E-02
     4.25258E-01    2.64932E+00    1.08375E+00   -3.11603E-02   -3.88858E-01    3.02802E-01    1.14375E-01    1.77990E-01    7.57672E-02
     4.30508E-01    2.61817E+00    1.08239E+00   -2.40543E-02   -3.89274E-01    2.98860E-01    1.13863E-01    1.75110E-01    7.65204E-02
     4.35758E-01    2.58712E+00    1.08073E+00   -1.69788E-02   -3.89589E-01    2.94932E-01    1.13321E-01    1.72252E-01    7.72485E-02
     4.41008E-01    2.55617E+00    1.07877E+00   -9.93630E-03   -3.89805E-01    2.91019E-01    1.12750E-01    1.69417E-01    7.79512E-02
     4.46258E-01    2.52534E+00    1.07654E+00   -2.92891E-03   -3.89922E-01    2.87123E-01    1.12151E-01    1.66606E-01    7.86284E-02
     4.51508E-01    2.49463E+00    1.07402E+00    4.04117E-03   -3.89944E-01    2.83244E-01    1.11525E-01    1.63820E-01    7.92801E-02
     4.56758E-01    2.46405E+00    1.07123E+00    1.09718E-02   -3.89871E-01    2.79384E-01    1.10873E-01    1.61059E-01    7.99061E-02
     4.62008E-01    2.43362E+00    1.06819E+00    1.78610E-02   -3.89706E-01    2.75543E-01    1.10197E-01    1.58324E-01    8.05065E-02
     4.67258E-01    2.40333E+00    1.06488E+00    2.47067E-02   -3.89450E-01    2.71722E-01    1.09496E-01    1.55615E-01    8.10811E-02
     4.72508E-01    2.37320E+00    1.06133E+00    3.15070E-02   -3.89106E-01    2.67923E-01    1.08773E-01    1.52933E-01    8.16300E-02
     4.77758E-01    2.34323E+00    1.05753E+00    3.82602E-02   -3.88674E-01    2.64146E-01    1.08028E-01    1.50279E-01    8.21532E-02
     4.83008E-01    2.31343E+00    1.05350E+00    4.49645E-02   -3.88158E-01    2.60392E-01    1.07263E-01    1.47653E-01    8.26507E-02
     4.88258E-01    2.28380E+00    1.04925E+00    5.16182E-02   -3.87558E-01    2.56663E-01    1.06477E-01    1.45055E-01    8.31227E-02
     4.93508E-01    2.25436E+00    1.04477E+00    5.82196E-02   -3.86877E-01    2.52958E-01    1.05673E-01    1.42486E-01    8.35693E-02
     4.98758E-01    2.22511E+00    1.04008E+00    6.47673E-02   -3.86117E-01    2.49279E-01    1.04850E-01    1.39946E-01    8.39905E-02
     5.04008E-01    2.19605E+00    1.03519E+00    7.12598E-02   -3.85280E-01    2.45626E-01    1.04011E-01    1.37436E-01    8.43865E-02
     5.09258E-01    2.16719E+00    1.03009E+00    7.76958E-02   -3.84368E-01    2.42000E-01    1.03156E-01    1.34955E-01    8.47575E-02
     5.14508E-01    2.13854E+00    1.02480E+00    8.40738E-02   -3.83382E-01    2.38401E-01    1.02286E-01    1.32505E-01    8.51037E-02
     5.19758E-01    2.11010E+00    1.01933E+00    9.03927E-02   -3.82325E-01    2.34832E-01    1.01401E-01    1.30085E-01    8.54253E-02
     5.25008E-01    2.08187E+00    1.01369E+00    9.66512E-02   -3.81199E-01    2.31291E-01    1.00503E-01    1.27696E-01    8.57224E-02
     5.30257E-01    2.05386E+00    1.00787E+00    1.02848E-01   -3.80006E-01    2.27779E-01    9.95926E-02    1.25337E-01    8.59954E-02
     5.35507E-01    2.02608E+00    1.00188E+00    1.08983E-01   -3.78748E-01    2.24298E-01    9.86705E-02    1.23010E-01    8.62445E-02
     5.40757E-01    1.99853E+00    9.95746E-01    1.15055E-01   -3.77427E-01    2.20848E-01    9.77376E-02    1.20714E-01    8.64699E-02
     5.46007E-01    1.97121E+00    9.89457E-01    1.21062E-01   -3.76044E-01    2.17428E-01    9.67947E-02    1.18448E-01    8.66720E-02
     5.51257E-01    1.94412E+00    9.83024E-01    1.27004E-01   -3.74603E-01    2.14040E-01    9.58426E-02    1.16215E-01    8.68511E-02
     5.56507E-01    1.91728E+00    9.76455E-01    1.32880E-01   -3.73104E-01    2.10684E-01    9.48820E-02    1.14012E-01    8.70074E-02
     5.61757E-01    1.89068E+00    9.69755E-01    1.38690E-01   -3.71550E-01    2.07360E-01    9.39137E-02    1.11841E-01    8.71413E-02
     5.67007E-01    1.86432E+00    9.62932E-01    1.44432E-01   -3.69943E-01    2.04070E-01    9.29385E-02    1.09702E-01    8.72531E-02
     5.72257E-01    1.83821E+00    9.55991E-01    1.50107E-01   -3.68284E-01    2.00812E-01    9.19569E-02    1.07594E-01    8.73433E-02
     5.77507E-01    1.81236E+00    9.48939E-01    1.55714E-01   -3.66577E-01    1.97588E-01    9.09698E-02    1.05517E-01    8.74120E-02
     5.82757E-01    1.78675E+00    9.41782E-01    1.61252E-01   -3.64821E-01    1.94397E-01    8.99779E-02    1.03472E-01    8.74598E-02
     5.88007E-01    1.76141E+00    9.34526E-01    1.66722E-01   -3.63021E-01    1.91240E-01    8.89817E-02    1.01458E-01    8.74870E-02
     5.93257E-01    1.73631E+00    9.27177E-01    1.72122E-01   -3.61176E-01    1.88118E-01    8.79819E-02    9.94750E-02    8.74939E-02
     5.98507E-01    1.71148E+00    9.19740E-01    1.77452E-01   -3.59290E-01    1.85030E-01    8.69791E-02    9.75234E-02    8.74810E-02
     6.03757E-01    1.68691E+00    9.12222E-01    1.82713E-01   -3.57364E-01    1.81977E-01    8.59740E-02    9.56029E-02    8.74487E-02
     6.09007E-01    1.66260E+00    9.04629E-01    1.87904E-01   -3.55400E-01    1.78958E-01    8.49671E-02    9.37132E-02    8.73973E-02
     6.14257E-01    1.63855E+00    8.96964E-01    1.93025E-01   -3.53399E-01    1.75975E-01    8.39589E-02    9.18543E-02    8.73272E-02
     6.19507E-01    1.61477E+00    8.89235E-01    1.98076E-01   -3.51363E-01    1.73026E-01    8.29501E-02    9.00260E-02    8.72390E-02
     6.24757E-01    1.59125E+00    8.81446E-01    2.03057E-01   -3.49295E-01    1.70113E-01    8.19412E-02    8.82280E-02    8.71329E-02
     6.30007E-01    1.56800E+00    8.73602E-01    2.07968E-01   -3.47195E-01    1.67235E-01    8.09326E-02    8.64603E-02    8.70094E-02
     6.35257E-01    1.54501E+00    8.65709E-01    2.12809E-01   -3.45066E-01    1.64392E-01    7.99249E-02    8.47225E-02    8.68690E-02
     6.40507E-01    1.52229E+00    8.57771E-01    2.17580E-01   -3.42908E-01    1.61584E-01    7.89185E-02    8.30145E-02    8.67120E-02
     6.45757E-01    1.49983E+00    8.49792E-01    2.22282E-01   -3.40724E-01    1.58812E-01    7.79139E-02    8.13361E-02    8.65388E-02
     6.51007E-01    1.47764E+00    8.41779E-01    2.26914E-01   -3.38515E-01    1.56075E-01    7.69115E-02    7.96869E-02    8.63500E-02
     6.56257E-01    1.45571E+00    8.33734E-01    2.31477E-01   -3.36283E-01    1.53373E-01    7.59118E-02    7.80668E-02    8.61458E-02
     6.61507E-01    1.43405E+00    8.25663E-01    2.35972E-01   -3.34029E-01    1.50707E-01    7.49151E-02    7.64754E-02    8.59268E-02
     6.66757E-01    1.41266E+00    8.17569E-01    2.40398E-01   -3.31754E-01    1.48076E-01    7.39219E-02    7.49126E-02    8.56933E-02
     6.72007E-01    1.39153E+00    8.09458E-01    2.44755E-01   -3.29461E-01    1.45480E-01    7.29325E-02    7.33780E-02    8.54458E-02
     6.77257E-01    1.37066E+00    8.01332E-01    2.49045E-01   -3.27149E-01    1.42919E-01    7.19473E-02    7.18713E-02    8.51847E-02
     6.82507E-01    1.35006E+00    7.93196E-01    2.53268E-01   -3.24822E-01    1.40393E-01    7.09666E-02    7.03923E-02    8.49104E-02
     6.87757E-01    1.32972E+00    7.85053E-01    2.57424E-01   -3.22479E-01    1.37902E-01    6.99907E-02    6.89406E-02    8.46233E-02
     6.93007E-01    1.30964E+00    7.76908E-01    2.61513E-01   -3.20123E-01    1.35446E-01    6.90200E-02    6.75160E-02    8.43239E-02
     6.98257E-01    1.28982E+00    7.68764E-01    2.65537E-01   -3.17754E-01    1.33024E-01    6.80548E-02    6.61181E-02    8.40124E-02
     7.03507E-01    1.27026E+00    7.60623E-01    2.69495E-01   -3.15374E-01    1.30637E-01    6.70953E-02    6.47466E-02    8.36894E-02
     7.08757E-01    1.25095E+00    7.52490E-01    2.73388E-01   -3.12984E-01    1.28284E-01    6.61419E-02    6.34011E-02    8.33553E-02
     7.14007E-01    1.23190E+00    7.44368E-01    2.77217E-01   -3.10585E-01    1.25965E-01    6.51946E-02    6.20815E-02    8.30104E-02
     7.19257E-01    1.21311E+00    7.36259E-01    2.80982E-01   -3.08178E-01    1.23680E-01    6.42539E-02    6.07873E-02    8.26551E-02
     7.24507E-01    1.19457E+00    7.28167E-01    2.84683E-01   -3.05765E-01    1.21428E-01    6.33200E-02    5.95181E-02    8.22899E-02
     7.29757E-01    1.17628E+00    7.20095E-01    2.88323E-01   -3.03346E-01    1.19210E-01    6.23930E-02    5.82737E-02    8.19150E-02
     7.35007E-01    1.15824E+00    7.12044E-01    2.91900E-01   -3.00922E-01    1.17026E-01    6.14731E-02    5.70538E-02    8.15309E-02
     7.40256E-01    1.14045E+00    7.04019E-01    2.95417E-01   -2.98494E-01    1.14874E-01    6.05606E-02    5.58579E-02    8.11379E-02
     7.45506E-01    1.12290E+00    6.96020E-01    2.98872E-01   -2.96064E-01    1.12755E-01    5.96556E-02    5.46858E-02    8.07365E-02
     7.50756E-01    1.10560E+00    6.88052E-01    3.02268E-01   -2.93632E-01    1.10668E-01    5.87584E-02    5.35370E-02    8.03269E-02
     7.56006E-01    1.08854E+00    6.80115E-01    3.05604E-01   -2.91199E-01    1.08614E-01    5.78689E-02    5.24113E-02    7.99096E-02
     7.61256E-01    1.07172E+00    6.72213E-01    3.08882E-01   -2.88766E-01    1.06591E-01    5.69875E-02    5.13083E-02    7.94848E-02
     7.66506E-01    1.05514E+00    6.64347E-01    3.12102E-01   -2.86333E-01    1.04601E-01    5.61142E-02    5.02276E-02    7.90529E-02
     7.71756E-01    1.03880E+00    6.56520E-01    3.15265E-01   -2.83903E-01    1.02642E-01    5.52492E-02    4.91690E-02    7.86143E-02
     7.77006E-01    1.02269E+00    6.48733E-01    3.18371E-01   -2.81474E-01    1.00713E-01    5.43926E-02    4.81320E-02    7.81693E-02
     7.82256E-01    1.00681E+00    6.40988E-01    3.21422E-01   -2.79048E-01    9.88162E-02    5.35444E-02    4.71163E-02    7.77182E-02
     7.87506E-01    9.91161E-01    6.33286E-01    3.24418E-01   -2.76627E-01    9.69495E-02    5.27048E-02    4.61216E-02    7.72613E-02
     7.92756E-01    9.75740E-01    6.25631E-01    3.27359E-01   -2.74209E-01    9.51131E-02    5.18739E-02    4.51476E-02    7.67990E-02
     7.98006E-01    9.60544E-01    6.18022E-01    3.30247E-01   -2.71797E-01    9.33066E-02    5.10518E-02    4.41938E-02    7.63315E-02
     8.03256E-01    9.45572E-01    6.10462E-01    3.33082E-01   -2.69390E-01    9.15298E-02    5.02384E-02    4.32600E-02    7.58591E-02
     8.08506E-01    9.30820E-01    6.02953E-01    3.35865E-01   -2.66990E-01    8.97822E-02    4.94340E-02    4.23458E-02    7.53822E-02
     8.13756E-01    9.16286E-01    5.95494E-01    3.38596E-01   -2.64596E-01    8.80637E-02    4.86385E-02    4.14509E-02    7.49010E-02
     8.19006E-01    9.01968E-01    5.88088E-01    3.41277E-01   -2.62210E-01    8.63739E-02    4.78520E-02    4.05749E-02    7.44158E-02
     8.24256E-01    8.87864E-01    5.80736E-01    3.43908E-01   -2.59832E-01    8.47125E-02    4.70745E-02    3.97176E-02    7.39269E-02
     8.29506E-01    8.73971E-01    5.73438E-01    3.46490E-01   -2.57462E-01    8.30790E-02    4.63061E-02    3.88785E-02    7.34345E-02
     8.34756E-01    8.60287E-01    5.66197E-01    3.49023E-01   -2.55102E-01    8.14733E-02    4.55467E-02    3.80574E-02    7.29389E-02
     8.40006E-01    8.46809E-01    5.59012E-01    3.51509E-01   -2.52750E-01    7.98950E-02    4.47965E-02    3.72539E-02    7.24404E-02
     8.45256E-01    8.33536E-01    5.51885E-01    3.53947E-01   -2.50409E-01    7.83438E-02    4.40554E-02    3.64677E-02    7.19392E-02
     8.50506E-01    8.20464E-01    5.44816E-01    3.56340E-01   -2.48077E-01    7.68192E-02    4.33235E-02    3.56985E-02    7.14355E-02
     8.55756E-01    8.07591E-01    5.37807E-01    3.58687E-01   -2.45757E-01    7.53211E-02    4.26007E-02    3.49460E-02    7.09296E-02
     8.61006E-01    7.94916E-01    5.30858E-01    3.60989E-01   -2.43447E-01    7.38490E-02    4.18870E-02    3.42099E-02    7.04217E-02
     8.66256E-01    7.82434E-01    5.23970E-01    3.63247E-01   -2.41149E-01    7.24026E-02    4.11824E-02    3.34898E-02    6.99120E-02
     8.71506E-01    7.70145E-01    5.17142E-01    3.65461E-01   -2.38862E-01    7.09816E-02    4.04870E-02    3.27855E-02    6.94007E-02
     8.76756E-01    7.58045E-01    5.10377E-01    3.67633E-01   -2.36587E-01    6.95857E-02    3.98007E-02    3.20966E-02    6.88882E-02
     8.82006E-01    7.46133E-01    5.03674E-01    3.69763E-01   -2.34325E-01    6.82145E-02    3.91234E-02    3.14229E-02    6.83744E-02
     8.87256E-01    7.34405E-01    4.97034E-01    3.71852E-01   -2.32075E-01    6.68677E-02    3.84552E-02    3.07641E-02    6.78597E-02
     8.92506E-01    7.22859E-01    4.90456E-01    3.73900E-01   -2.29838E-01    6.55449E-02    3.77960E-02    3.01199E-02    6.73443E-02
     8.97756E-01    7.11494E-01    4.83943E-01    3.75908E-01   -2.27614E-01    6.42458E-02    3.71458E-02    2.94899E-02    6.68283E-02
     9.03006E-01    7.00306E-01    4.77493E-01    3.77877E-01   -2.25404E-01    6.29702E-02    3.65045E-02    2.88739E-02    6.63118E-02
     9.08256E-01    6.89294E-01    4.71106E-01    3.79808E-01   -2.23207E-01    6.17175E-02    3.58722E-02    2.82717E-02    6.57952E-02
     9.13506E-01    6.78454E-01    4.64784E-01    3.81700E-01   -2.21024E-01    6.04876E-02    3.52487E-02    2.76829E-02    6.52785E-02
     9.18756E-01    6.67785E-01    4.58527E-01    3.83555E-01   -2.18855E-01    5.92802E-02    3.46340E-02    2.71074E-02    6.47620E-02
     9.24006E-01    6.57284E-01    4.52334E-01    3.85374E-01   -2.16700E-01    5.80947E-02    3.40281E-02    2.65447E-02    6.42457E-02
     9.29256E-01    6.46949E-01    4.46205E-01    3.87157E-01   -2.14559E-01    5.69311E-02    3.34309E-02    2.59947E-02    6.37298E-02
     9.34506E-01    6.36778E-01    4.40141E-01    3.88904E-01   -2.12432E-01    5.57888E-02    3.28423E-02    2.54570E-02    6.32145E-02
     9.39756E-01    6.26768E-01    4.34142E-01    3.90617E-01   -2.10321E-01    5.46677E-02    3.22624E-02    2.49316E-02    6.26999E-02
     9.45006E-01    6.16917E-01    4.28207E-01    3.92295E-01   -2.08223E-01    5.35673E-02    3.16909E-02    2.44180E-02    6.21862E-02
     9.50255E-01    6.07223E-01    4.22337E-01    3.93941E-01   -2.06141E-01    5.24874E-02    3.11280E-02    2.39160E-02    6.16735E-02
     9.55505E-01    5.97683E-01    4.16532E-01    3.95553E-01   -2.04074E-01    5.14276E-02    3.05734E-02    2.34255E-02    6.11618E-02
     9.60755E-01    5.88296E-01    4.10790E-01    3.97133E-01   -2.02021E-01    5.03877E-02    3.00271E-02    2.29461E-02    6.06514E-02
     9.66005E-01    5.79059E-01    4.05113E-01    3.98682E-01   -1.99984E-01    4.93673E-02    2.94892E-02    2.24777E-02    6.01424E-02
     9.71255E-01    5.69969E-01    3.99500E-01    4.00199E-01   -1.97962E-01    4.83661E-02    2.89594E-02    2.20199E-02    5.96348E-02
     9.76505E-01    5.61026E-01    3.93951E-01    4.01686E-01   -1.95955E-01    4.73838E-02    2.84377E-02    2.15726E-02    5.91288E-02
     9.81755E-01    5.52226E-01    3.88466E-01    4.03143E-01   -1.93963E-01    4.64202E-02    2.79241E-02    2.11356E-02    5.86245E-02
     9.87005E-01    5.43568E-01    3.83044E-01    4.04570E-01   -1.91987E-01    4.54748E-02    2.74184E-02    2.07086E-02    5.81219E-02
     9.92255E-01    5.35050E-01    3.77685E-01    4.05969E-01   -1.90026E-01    4.45475E-02    2.69206E-02    2.02914E-02    5.76213E-02
     9.97505E-01    5.26668E-01    3.72389E-01    4.07339E-01   -1.88080E-01    4.36379E-02    2.64307E-02    1.98838E-02    5.71226E-02
     1.00276E+00    5.18423E-01    3.67156E-01    4.08682E-01   -1.86150E-01    4.27457E-02    2.59484E-02    1.94856E-02    5.66260E-02
     1.00801E+00    5.10310E-01    3.61985E-01    4.09997E-01   -1.84235E-01    4.18706E-02    2.54738E-02    1.90965E-02    5.61315E-02
     1.01326E+00    5.02329E-01    3.56876E-01    4.11286E-01   -1.82336E-01    4.10124E-02    2.50068E-02    1.87165E-02    5.56392E-02
     1.01851E+00    4.94477E-01    3.51828E-01    4.12548E-01   -1.80452E-01    4.01708E-02    2.45473E-02    1.83453E-02    5.51493E-02
     1.02376E+00    4.86752E-01    3.46842E-01    4.13785E-01   -1.78583E-01    3.93455E-02    2.40951E-02    1.79826E-02    5.46617E-02
     1.02901E+00    4.79153E-01    3.41917E-01    4.14997E-01   -1.76730E-01    3.85361E-02    2.36503E-02    1.76284E-02    5.41766E-02
     1.03426E+00    4.71677E-01    3.37052E-01    4.16184E-01   -1.74892E-01    3.77426E-02    2.32127E-02    1.72824E-02    5.36940E-02
     1.03951E+00    4.64323E-01    3.32247E-01    4.17346E-01   -1.73070E-01    3.69645E-02    2.27823E-02    1.69445E-02    5.32140E-02
     1.04476E+00    4.57089E-01    3.27502E-01    4.18485E-01   -1.71262E-01    3.62016E-02    2.23590E-02    1.66144E-02    5.27366E-02
     1.05001E+00    4.49972E-01    3.22816E-01    4.19601E-01   -1.69471E-01    3.54536E-02    2.19426E-02    1.62920E-02    5.22619E-02
     1.05525E+00    4.42972E-01    3.18189E-01    4.20693E-01   -1.67694E-01    3.47204E-02    2.15331E-02    1.59771E-02    5.17900E-02
     1.06050E+00    4.36086E-01    3.13620E-01    4.21763E-01   -1.65932E-01    3.40015E-02    2.11304E-02    1.56695E-02    5.13208E-02
     1.06575E+00    4.29312E-01    3.09109E-01    4.22812E-01   -1.64186E-01    3.32969E-02    2.07345E-02    1.53692E-02    5.08545E-02
     1.07100E+00    4.22649E-01    3.04655E-01    4.23838E-01   -1.62455E-01    3.26061E-02    2.03452E-02    1.50759E-02    5.03912E-02
     1.07625E+00    4.16095E-01    3.00258E-01    4.24844E-01   -1.60739E-01    3.19291E-02    1.99625E-02    1.47894E-02    4.99307E-02
     1.08150E+00    4.09649E-01    2.95918E-01    4.25829E-01   -1.59037E-01    3.12655E-02    1.95862E-02    1.45097E-02    4.94733E-02
     1.08675E+00    4.03308E-01    2.91634E-01    4.26793E-01   -1.57351E-01    3.06150E-02    1.92163E-02    1.42365E-02    4.90188E-02
     1.09200E+00    3.97070E-01    2.87405E-01    4.27738E-01   -1.55679E-01    2.99776E-02    1.88527E-02    1.39697E-02    4.85674E-02
     1.09725E+00    3.90935E-01    2.83231E-01    4.28663E-01   -1.54023E-01    2.93528E-02    1.84954E-02    1.37092E-02    4.81192E-02
     1.10250E+00    3.84901E-01    2.79111E-01    4.29569E-01   -1.52380E-01    2.87406E-02    1.81441E-02    1.34548E-02    4.76740E-02
     1.10775E+00    3.78966E-01    2.75045E-01    4.30457E-01   -1.50753E-01    2.81406E-02    1.77989E-02    1.32064E-02    4.72320E-02
     1.11300E+00    3.73128E-01    2.71033E-01    4.31326E-01   -1.49140E-01    2.75527E-02    1.74597E-02    1.29638E-02    4.67931E-02
     1.11825E+00    3.67387E-01    2.67073E-01    4.32177E-01   -1.47541E-01    2.69766E-02    1.71263E-02    1.27270E-02    4.63575E-02
     1.12350E+00    3.61739E-01    2.63166E-01    4.33010E-01   -1.45957E-01    2.64120E-02    1.67988E-02    1.24957E-02    4.59250E-02
     1.12875E+00    3.56185E-01    2.59310E-01    4.33826E-01   -1.44387E-01    2.58589E-02    1.64769E-02    1.22699E-02    4.54959E-02
     1.13400E+00    3.50722E-01    2.55506E-01    4.34626E-01   -1.42831E-01    2.53170E-02    1.61607E-02    1.20494E-02    4.50699E-02
     1.13925E+00    3.45349E-01    2.51753E-01    4.35408E-01   -1.41289E-01    2.47860E-02    1.58501E-02    1.18341E-02    4.46473E-02
     1.14450E+00    3.40064E-01    2.48049E-01    4.36175E-01   -1.39761E-01    2.42658E-02    1.55449E-02    1.16239E-02    4.42280E-02
     1.14975E+00    3.34867E-01    2.44396E-01    4.36925E-01   -1.38247E-01    2.37562E-02    1.52451E-02    1.14186E-02    4.38119E-02
     1.15500E+00    3.29755E-01    2.40791E-01    4.37660E-01   -1.36747E-01    2.32570E-02    1.49506E-02    1.12182E-02    4.33992E-02
     1.16025E+00    3.24727E-01    2.37236E-01    4.38380E-01   -1.35261E-01    2.27679E-02    1.46613E-02    1.10226E-02    4.29898E-02
     1.16550E+00    3.19783E-01    2.33728E-01    4.39085E-01   -1.33788E-01    2.22888E-02    1.43772E-02    1.08315E-02    4.25838E-02
     1.17075E+00    3.14920E-01    2.30267E-01    4.39775E-01   -1.32328E-01    2.18195E-02    1.40981E-02    1.06450E-02    4.21810E-02
     1.17600E+00    3.10137E-01    2.26854E-01    4.40450E-01   -1.30882E-01    2.13598E-02    1.38241E-02    1.04629E-02    4.17817E-02
     1.18125E+00    3.05433E-01    2.23487E-01    4.41112E-01   -1.29450E-01    2.09095E-02    1.35549E-02    1.02852E-02    4.13857E-02
     1.18650E+00    3.00807E-01    2.20166E-01    4.41760E-01   -1.28030E-01    2.04685E-02    1.32907E-02    1.01116E-02    4.09930E-02
     1.19175E+00    2.96258E-01    2.16890E-01    4.42394E-01   -1.26623E-01    2.00365E-02    1.30311E-02    9.94213E-03    4.06038E-02
     1.19700E+00    2.91783E-01    2.13660E-01    4.43015E-01   -1.25230E-01    1.96134E-02    1.27763E-02    9.77669E-03    4.02178E-02
     1.20225E+00    2.87383E-01    2.10473E-01    4.43623E-01   -1.23849E-01    1.91991E-02    1.25261E-02    9.61517E-03    3.98353E-02
     1.20750E+00    2.83055E-01    2.07330E-01    4.44219E-01   -1.22481E-01    1.87933E-02    1.22804E-02    9.45748E-03    3.94561E-02
     1.21275E+00    2.78800E-01    2.04231E-01    4.44802E-01   -1.21125E-01    1.83959E-02    1.20392E-02    9.30353E-03    3.90802E-02
     1.21800E+00    2.74614E-01    2.01174E-01    4.45373E-01   -1.19782E-01    1.80067E-02    1.18024E-02    9.15324E-03    3.87077E-02
     1.22325E+00    2.70498E-01    1.98160E-01    4.45932E-01   -1.18452E-01    1.76256E-02    1.15699E-02    9.00651E-03    3.83385E-02
     1.22850E+00    2.66450E-01    1.95187E-01    4.46479E-01   -1.17133E-01    1.72524E-02    1.13416E-02    8.86326E-03    3.79727E-02
     1.23375E+00    2.62469E-01    1.92255E-01    4.47015E-01   -1.15827E-01    1.68870E-02    1.11176E-02    8.72341E-03    3.76102E-02
     1.23900E+00    2.58554E-01    1.89364E-01    4.47539E-01   -1.14533E-01    1.65292E-02    1.08977E-02    8.58688E-03    3.72511E-02
     1.24425E+00    2.54704E-01    1.86513E-01    4.48053E-01   -1.13251E-01    1.61788E-02    1.06818E-02    8.45359E-03    3.68952E-02
     1.24950E+00    2.50918E-01    1.83702E-01    4.48556E-01   -1.11981E-01    1.58357E-02    1.04700E-02    8.32347E-03    3.65427E-02
     1.25475E+00    2.47194E-01    1.80930E-01    4.49048E-01   -1.10722E-01    1.54998E-02    1.02620E-02    8.19644E-03    3.61935E-02
     1.26000E+00    2.43533E-01    1.78196E-01    4.49531E-01   -1.09475E-01    1.51709E-02    1.00579E-02    8.07243E-03    3.58475E-02
     1.26525E+00    2.39932E-01    1.75501E-01    4.50003E-01   -1.08240E-01    1.48489E-02    9.85759E-03    7.95136E-03    3.55049E-02
     1.27050E+00    2.36391E-01    1.72843E-01    4.50465E-01   -1.07016E-01    1.45336E-02    9.66101E-03    7.83316E-03    3.51655E-02
     1.27575E+00    2.32909E-01    1.70222E-01    4.50917E-01   -1.05803E-01    1.42250E-02    9.46809E-03    7.71778E-03    3.48293E-02
     1.28100E+00    2.29485E-01    1.67638E-01    4.51360E-01   -1.04602E-01    1.39228E-02    9.27877E-03    7.60513E-03    3.44964E-02
     1.28625E+00    2.26117E-01    1.65090E-01    4.51794E-01   -1.03411E-01    1.36270E-02    9.09299E-03    7.49516E-03    3.41667E-02
     1.29150E+00    2.22806E-01    1.62578E-01    4.52219E-01   -1.02232E-01    1.33375E-02    8.91069E-03    7.38781E-03    3.38402E-02
     1.29675E+00    2.19550E-01    1.60101E-01    4.52634E-01   -1.01063E-01    1.30540E-02    8.73181E-03    7.28300E-03    3.35169E-02
     1.30200E+00    2.16348E-01    1.57659E-01    4.53041E-01   -9.99055E-02    1.27765E-02    8.55629E-03    7.18068E-03    3.31968E-02
     1.30725E+00    2.13199E-01    1.55251E-01    4.53440E-01   -9.87583E-02    1.25049E-02    8.38408E-03    7.08080E-03    3.28799E-02
     1.31250E+00    2.10103E-01    1.52877E-01    4.53830E-01   -9.76216E-02    1.22390E-02    8.21511E-03    6.98328E-03    3.25661E-02
     1.31775E+00    2.07058E-01    1.50536E-01    4.54212E-01   -9.64953E-02    1.19787E-02    8.04933E-03    6.88809E-03    3.22555E-02
     1.32300E+00    2.04064E-01    1.48228E-01    4.54586E-01   -9.53793E-02    1.17239E-02    7.88668E-03    6.79515E-03    3.19479E-02
     1.32825E+00    2.01120E-01    1.45952E-01    4.54952E-01   -9.42736E-02    1.14746E-02    7.72712E-03    6.70442E-03    3.16435E-02
     1.33350E+00    1.98225E-01    1.43709E-01    4.55310E-01   -9.31779E-02    1.12305E-02    7.57057E-03    6.61585E-03    3.13421E-02
     1.33875E+00    1.95379E-01    1.41497E-01    4.55661E-01   -9.20922E-02    1.09917E-02    7.41700E-03    6.52938E-03    3.10438E-02
     1.34400E+00    1.92580E-01    1.39316E-01    4.56004E-01   -9.10164E-02    1.07579E-02    7.26635E-03    6.44496E-03    3.07485E-02
     1.34925E+00    1.89828E-01    1.37166E-01    4.56341E-01   -8.99505E-02    1.05291E-02    7.11857E-03    6.36255E-03    3.04563E-02
     1.35450E+00    1.87122E-01    1.35046E-01    4.56670E-01   -8.88941E-02    1.03051E-02    6.97360E-03    6.28209E-03    3.01671E-02
     1.35975E+00    1.84461E-01    1.32956E-01    4.56992E-01   -8.78474E-02    1.00860E-02    6.83140E-03    6.20355E-03    2.98808E-02
     1.36500E+00    1.81845E-01    1.30895E-01    4.57308E-01   -8.68102E-02    9.87150E-03    6.69192E-03    6.12687E-03    2.95976E-02
     1.37025E+00    1.79272E-01    1.28863E-01    4.57616E-01   -8.57823E-02    9.66161E-03    6.55510E-03    6.05201E-03    2.93173E-02
     1.37550E+00    1.76743E-01    1.26860E-01    4.57919E-01   -8.47637E-02    9.45621E-03    6.42090E-03    5.97892E-03    2.90399E-02
     1.38075E+00    1.74256E-01    1.24885E-01    4.58215E-01   -8.37543E-02    9.25521E-03    6.28928E-03    5.90757E-03    2.87654E-02
     1.38600E+00    1.71811E-01    1.22938E-01    4.58504E-01   -8.27539E-02    9.05852E-03    6.16018E-03    5.83792E-03    2.84938E-02
     1.39125E+00    1.69407E-01    1.21018E-01    4.58788E-01   -8.17626E-02    8.86605E-03    6.03357E-03    5.76991E-03    2.82251E-02
     1.39650E+00    1.67043E-01    1.19126E-01    4.59066E-01   -8.07801E-02    8.67772E-03    5.90939E-03    5.70352E-03    2.79592E-02
     1.40175E+00    1.64720E-01    1.17259E-01    4.59338E-01   -7.98064E-02    8.49344E-03    5.78760E-03    5.63871E-03    2.76962E-02
     1.40700E+00    1.62435E-01    1.15419E-01    4.59604E-01   -7.88414E-02    8.31312E-03    5.66815E-03    5.57543E-03    2.74359E-02
     1.41225E+00    1.60189E-01    1.13605E-01    4.59864E-01   -7.78849E-02    8.13670E-03    5.55101E-03    5.51366E-03    2.71785E-02
     1.41750E+00    1.57981E-01    1.11817E-01    4.60119E-01   -7.69370E-02    7.96407E-03    5.43614E-03    5.45334E-03    2.69238E-02
     1.42275E+00    1.55810E-01    1.10053E-01    4.60368E-01   -7.59975E-02    7.79517E-03    5.32348E-03    5.39446E-03    2.66719E-02
     1.42800E+00    1.53676E-01    1.08314E-01    4.60613E-01   -7.50663E-02    7.62993E-03    5.21300E-03    5.33698E-03    2.64227E-02
     1.43325E+00    1.51578E-01    1.06600E-01    4.60852E-01   -7.41433E-02    7.46826E-03    5.10466E-03    5.28086E-03    2.61762E-02
     1.43850E+00    1.49515E-01    1.04909E-01    4.61086E-01   -7.32284E-02    7.31009E-03    4.99842E-03    5.22607E-03    2.59325E-02
     1.44375E+00    1.47488E-01    1.03242E-01    4.61315E-01   -7.23216E-02    7.15535E-03    4.89425E-03    5.17258E-03    2.56913E-02
     1.44900E+00    1.45495E-01    1.01599E-01    4.61539E-01   -7.14227E-02    7.00397E-03    4.79209E-03    5.12035E-03    2.54529E-02
     1.45425E+00    1.43536E-01    9.99781E-02    4.61759E-01   -7.05317E-02    6.85587E-03    4.69192E-03    5.06937E-03    2.52170E-02
     1.45950E+00    1.41610E-01    9.83801E-02    4.61973E-01   -6.96484E-02    6.71100E-03    4.59369E-03    5.01959E-03    2.49838E-02
     1.46475E+00    1.39717E-01    9.68043E-02    4.62184E-01   -6.87729E-02    6.56928E-03    4.49738E-03    4.97100E-03    2.47531E-02
     1.47000E+00    1.37856E-01    9.52506E-02    4.62390E-01   -6.79049E-02    6.43065E-03    4.40294E-03    4.92355E-03    2.45250E-02
     1.47525E+00    1.36027E-01    9.37184E-02    4.62591E-01   -6.70444E-02    6.29505E-03    4.31034E-03    4.87723E-03    2.42995E-02
     1.48050E+00    1.34230E-01    9.22075E-02    4.62788E-01   -6.61914E-02    6.16241E-03    4.21954E-03    4.83201E-03    2.40765E-02
     1.48575E+00    1.32463E-01    9.07176E-02    4.62981E-01   -6.53457E-02    6.03267E-03    4.13052E-03    4.78787E-03    2.38560E-02
     1.49100E+00    1.30727E-01    8.92484E-02    4.63170E-01   -6.45072E-02    5.90576E-03    4.04323E-03    4.74476E-03    2.36379E-02
     1.49625E+00    1.29020E-01    8.77995E-02    4.63355E-01   -6.36759E-02    5.78165E-03    3.95765E-03    4.70268E-03    2.34224E-02
     1.50150E+00    1.27343E-01    8.63707E-02    4.63535E-01   -6.28518E-02    5.66025E-03    3.87373E-03    4.66160E-03    2.32093E-02
     1.50675E+00    1.25695E-01    8.49616E-02    4.63712E-01   -6.20346E-02    5.54152E-03    3.79146E-03    4.62150E-03    2.29986E-02
     1.51200E+00    1.24075E-01    8.35719E-02    4.63886E-01   -6.12244E-02    5.42540E-03    3.71080E-03    4.58234E-03    2.27904E-02
     1.51725E+00    1.22483E-01    8.22013E-02    4.64055E-01   -6.04210E-02    5.31185E-03    3.63171E-03    4.54411E-03    2.25845E-02
     1.52250E+00    1.20919E-01    8.08497E-02    4.64221E-01   -5.96244E-02    5.20079E-03    3.55417E-03    4.50679E-03    2.23810E-02
     1.52775E+00    1.19383E-01    7.95165E-02    4.64383E-01   -5.88345E-02    5.09219E-03    3.47815E-03    4.47036E-03    2.21798E-02
     1.53300E+00    1.17873E-01    7.82017E-02    4.64542E-01   -5.80512E-02    4.98599E-03    3.40362E-03    4.43479E-03    2.19810E-02
     1.53825E+00    1.16389E-01    7.69048E-02    4.64697E-01   -5.72745E-02    4.88214E-03    3.33054E-03    4.40007E-03    2.17845E-02
     1.54350E+00    1.14931E-01    7.56257E-02    4.64849E-01   -5.65042E-02    4.78060E-03    3.25890E-03    4.36617E-03    2.15903E-02
     1.54875E+00    1.13499E-01    7.43640E-02    4.64998E-01   -5.57403E-02    4.68130E-03    3.18866E-03    4.33308E-03    2.13984E-02
     1.55400E+00    1.12092E-01    7.31195E-02    4.65144E-01   -5.49828E-02    4.58422E-03    3.11980E-03    4.30077E-03    2.12087E-02
     1.55925E+00    1.10710E-01    7.18919E-02    4.65286E-01   -5.42315E-02    4.48930E-03    3.05229E-03    4.26923E-03    2.10213E-02
     1.56450E+00    1.09352E-01    7.06809E-02    4.65425E-01   -5.34864E-02    4.39650E-03    2.98610E-03    4.23845E-03    2.08361E-02
     1.56975E+00    1.08018E-01    6.94863E-02    4.65562E-01   -5.27474E-02    4.30577E-03    2.92121E-03    4.20839E-03    2.06531E-02
     1.57500E+00    1.06708E-01    6.83079E-02    4.65695E-01   -5.20144E-02    4.21707E-03    2.85759E-03    4.17906E-03    2.04723E-02
     1.58025E+00    1.05422E-01    6.71453E-02    4.65826E-01   -5.12874E-02    4.13035E-03    2.79522E-03    4.15042E-03    2.02936E-02
     1.58550E+00    1.04158E-01    6.59984E-02    4.65953E-01   -5.05663E-02    4.04559E-03    2.73407E-03    4.12246E-03    2.01171E-02
     1.59075E+00    1.02917E-01    6.48668E-02    4.66078E-01   -4.98510E-02    3.96273E-03    2.67411E-03    4.09518E-03    1.99428E-02
     1.59600E+00    1.01698E-01    6.37504E-02    4.66200E-01   -4.91415E-02    3.88174E-03    2.61534E-03    4.06854E-03    1.97706E-02
     1.60125E+00    1.00501E-01    6.26490E-02    4.66319E-01   -4.84377E-02    3.80258E-03    2.55771E-03    4.04254E-03    1.96005E-02
     1.60650E+00    9.93263E-02    6.15621E-02    4.66436E-01   -4.77395E-02    3.72521E-03    2.50121E-03    4.01716E-03    1.94325E-02
     1.61175E+00    9.81725E-02    6.04897E-02    4.66550E-01   -4.70469E-02    3.64959E-03    2.44582E-03    3.99240E-03    1.92665E-02
     1.61700E+00    9.70396E-02    5.94316E-02    4.66662E-01   -4.63597E-02    3.57569E-03    2.39152E-03    3.96822E-03    1.91026E-02
     1.62225E+00    9.59275E-02    5.83874E-02    4.66771E-01   -4.56781E-02    3.50347E-03    2.33827E-03    3.94463E-03    1.89408E-02
     1.62750E+00    9.48358E-02    5.73569E-02    4.66878E-01   -4.50017E-02    3.43289E-03    2.28607E-03    3.92160E-03    1.87809E-02
     1.63275E+00    9.37642E-02    5.63400E-02    4.66983E-01   -4.43307E-02    3.36393E-03    2.23489E-03    3.89913E-03    1.86231E-02
     1.63800E+00    9.27124E-02    5.53364E-02    4.67085E-01   -4.36650E-02    3.29656E-03    2.18470E-03    3.87719E-03    1.84673E-02
     1.64325E+00    9.16801E-02    5.43460E-02    4.67184E-01   -4.30044E-02    3.23072E-03    2.13550E-03    3.85579E-03    1.83135E-02
     1.64850E+00    9.06670E-02    5.33684E-02    4.67282E-01   -4.23490E-02    3.16641E-03    2.08726E-03    3.83491E-03    1.81616E-02
     1.65375E+00    8.96729E-02    5.24035E-02    4.67377E-01   -4.16987E-02    3.10358E-03    2.03995E-03    3.81453E-03    1.80117E-02
     1.65900E+00    8.86975E-02    5.14511E-02    4.67471E-01   -4.10533E-02    3.04220E-03    1.99357E-03    3.79464E-03    1.78638E-02
     1.66425E+00    8.77405E-02    5.05110E-02    4.67562E-01   -4.04129E-02    2.98225E-03    1.94809E-03    3.77524E-03    1.77177E-02
     1.66950E+00    8.68017E-02    4.95830E-02    4.67651E-01   -3.97774E-02    2.92369E-03    1.90350E-03    3.75631E-03    1.75736E-02
     1.67475E+00    8.58808E-02    4.86668E-02    4.67738E-01   -3.91468E-02    2.86650E-03    1.85977E-03    3.73784E-03    1.74314E-02
     1.68000E+00    8.49775E-02    4.77623E-02    4.67823E-01   -3.85209E-02    2.81065E-03    1.81689E-03    3.71982E-03    1.72911E-02
     1.68525E+00    8.40917E-02    4.68694E-02    4.67906E-01   -3.78997E-02    2.75611E-03    1.77484E-03    3.70224E-03    1.71526E-02
     1.69050E+00    8.32230E-02    4.59877E-02    4.67987E-01   -3.72833E-02    2.70285E-03    1.73360E-03    3.68510E-03    1.70160E-02
     1.69575E+00    8.23712E-02    4.51172E-02    4.68067E-01   -3.66714E-02    2.65086E-03    1.69316E-03    3.66837E-03    1.68813E-02
     1.70100E+00    8.15361E-02    4.42576E-02    4.68144E-01   -3.60641E-02    2.60010E-03    1.65350E-03    3.65206E-03    1.67484E-02
     1.70625E+00    8.07175E-02    4.34087E-02    4.68220E-01   -3.54614E-02    2.55055E-03    1.61460E-03    3.63615E-03    1.66173E-02
     1.71150E+00    7.99151E-02    4.25705E-02    4.68294E-01   -3.48630E-02    2.50218E-03    1.57646E-03    3.62064E-03    1.64881E-02
     1.71675E+00    7.91287E-02    4.17426E-02    4.68366E-01   -3.42691E-02    2.45497E-03    1.53904E-03    3.60551E-03    1.63606E-02
     1.72200E+00    7.83581E-02    4.09250E-02    4.68437E-01   -3.36796E-02    2.40890E-03    1.50234E-03    3.59076E-03    1.62350E-02
     1.72725E+00    7.76031E-02    4.01174E-02    4.68505E-01   -3.30943E-02    2.36395E-03    1.46634E-03    3.57638E-03    1.61111E-02
     1.73250E+00    7.68635E-02    3.93197E-02    4.68573E-01   -3.25134E-02    2.32009E-03    1.43103E-03    3.56236E-03    1.59890E-02
     1.73775E+00    7.61390E-02    3.85318E-02    4.68638E-01   -3.19366E-02    2.27730E-03    1.39640E-03    3.54870E-03    1.58687E-02
     1.74300E+00    7.54295E-02    3.77533E-02    4.68702E-01   -3.13640E-02    2.23555E-03    1.36242E-03    3.53538E-03    1.57502E-02
     1.74825E+00    7.47347E-02    3.69843E-02    4.68765E-01   -3.07955E-02    2.19484E-03    1.32908E-03    3.52240E-03    1.56334E-02
     1.75350E+00    7.40545E-02    3.62245E-02    4.68826E-01   -3.02310E-02    2.15514E-03    1.29637E-03    3.50975E-03    1.55183E-02
     1.75875E+00    7.33887E-02    3.54738E-02    4.68885E-01   -2.96706E-02    2.11643E-03    1.26428E-03    3.49742E-03    1.54050E-02
     1.76400E+00    7.27370E-02    3.47320E-02    4.68943E-01   -2.91141E-02    2.07868E-03    1.23279E-03    3.48541E-03    1.52934E-02
     1.76925E+00    7.20994E-02    3.39990E-02    4.69000E-01   -2.85616E-02    2.04189E-03    1.20190E-03    3.47371E-03    1.51835E-02
     1.77450E+00    7.14756E-02    3.32746E-02    4.69055E-01   -2.80130E-02    2.00603E-03    1.17158E-03    3.46232E-03    1.50753E-02
     1.77975E+00    7.08654E-02    3.25586E-02    4.69109E-01   -2.74681E-02    1.97108E-03    1.14182E-03    3.45123E-03    1.49688E-02
     1.78500E+00    7.02687E-02    3.18510E-02    4.69161E-01   -2.69271E-02    1.93703E-03    1.11261E-03    3.44042E-03    1.48640E-02
     1.79025E+00    6.96854E-02    3.11515E-02    4.69212E-01   -2.63898E-02    1.90386E-03    1.08395E-03    3.42991E-03    1.47609E-02
     1.79550E+00    6.91151E-02    3.04600E-02    4.69262E-01   -2.58562E-02    1.87155E-03    1.05581E-03    3.41967E-03    1.46595E-02
     1.80075E+00    6.85578E-02    2.97765E-02    4.69311E-01   -2.53263E-02    1.84009E-03    1.02819E-03    3.40971E-03    1.45597E-02
     1.80600E+00    6.80134E-02    2.91007E-02    4.69358E-01   -2.48000E-02    1.80946E-03    1.00107E-03    3.40001E-03    1.44617E-02
     1.81125E+00    6.74816E-02    2.84324E-02    4.69404E-01   -2.42773E-02    1.77965E-03    9.74444E-04    3.39058E-03    1.43653E-02
     1.81650E+00    6.69623E-02    2.77717E-02    4.69449E-01   -2.37581E-02    1.75064E-03    9.48299E-04    3.38141E-03    1.42705E-02
     1.82175E+00    6.64553E-02    2.71183E-02    4.69492E-01   -2.32424E-02    1.72241E-03    9.22625E-04    3.37249E-03    1.41774E-02
     1.82700E+00    6.59606E-02    2.64721E-02    4.69535E-01   -2.27302E-02    1.69495E-03    8.97410E-04    3.36382E-03    1.40860E-02
     1.83225E+00    6.54779E-02    2.58330E-02    4.69576E-01   -2.22213E-02    1.66825E-03    8.72643E-04    3.35540E-03    1.39962E-02
     1.83750E+00    6.50071E-02    2.52008E-02    4.69616E-01   -2.17159E-02    1.64229E-03    8.48315E-04    3.34721E-03    1.39080E-02
     1.84275E+00    6.45481E-02    2.45754E-02    4.69655E-01   -2.12138E-02    1.61706E-03    8.24414E-04    3.33925E-03    1.38215E-02
     1.84800E+00    6.41007E-02    2.39567E-02    4.69693E-01   -2.07150E-02    1.59255E-03    8.00932E-04    3.33153E-03    1.37367E-02
     1.85325E+00    6.36648E-02    2.33446E-02    4.69730E-01   -2.02194E-02    1.56874E-03    7.77857E-04    3.32403E-03    1.36534E-02
     1.85850E+00    6.32403E-02    2.27389E-02    4.69766E-01   -1.97271E-02    1.54562E-03    7.55180E-04    3.31675E-03    1.35718E-02
     1.86375E+00    6.28270E-02    2.21395E-02    4.69801E-01   -1.92379E-02    1.52318E-03    7.32891E-04    3.30969E-03    1.34919E-02
     1.86900E+00    6.24249E-02    2.15464E-02    4.69834E-01   -1.87519E-02    1.50141E-03    7.10981E-04    3.30284E-03    1.34135E-02
     1.87425E+00    6.20337E-02    2.09593E-02    4.69867E-01   -1.82690E-02    1.48029E-03    6.89440E-04    3.29620E-03    1.33368E-02
     1.87950E+00    6.16534E-02    2.03782E-02    4.69899E-01   -1.77892E-02    1.45982E-03    6.68259E-04    3.28976E-03    1.32618E-02
     1.88475E+00    6.12839E-02    1.98029E-02    4.69930E-01   -1.73124E-02    1.43998E-03    6.47430E-04    3.28353E-03    1.31883E-02
     1.89000E+00    6.09250E-02    1.92334E-02    4.69959E-01   -1.68387E-02    1.42076E-03    6.26942E-04    3.27749E-03    1.31165E-02
     1.89525E+00    6.05766E-02    1.86695E-02    4.69988E-01   -1.63679E-02    1.40216E-03    6.06788E-04    3.27165E-03    1.30463E-02
     1.90050E+00    6.02386E-02    1.81111E-02    4.70016E-01   -1.59000E-02    1.38416E-03    5.86959E-04    3.26600E-03    1.29778E-02
     1.90575E+00    5.99110E-02    1.75582E-02    4.70043E-01   -1.54351E-02    1.36676E-03    5.67446E-04    3.26054E-03    1.29109E-02
     1.91100E+00    5.95935E-02    1.70105E-02    4.70069E-01   -1.49730E-02    1.34993E-03    5.48241E-04    3.25527E-03    1.28456E-02
     1.91625E+00    5.92861E-02    1.64681E-02    4.70094E-01   -1.45137E-02    1.33369E-03    5.29335E-04    3.25017E-03    1.27819E-02
     1.92150E+00    5.89888E-02    1.59307E-02    4.70119E-01   -1.40573E-02    1.31800E-03    5.10721E-04    3.24526E-03    1.27199E-02
     1.92675E+00    5.87013E-02    1.53983E-02    4.70142E-01   -1.36036E-02    1.30288E-03    4.92390E-04    3.24052E-03    1.26596E-02
     1.93200E+00    5.84236E-02    1.48708E-02    4.70165E-01   -1.31527E-02    1.28830E-03    4.74335E-04    3.23595E-03    1.26009E-02
     1.93725E+00    5.81555E-02    1.43480E-02    4.70187E-01   -1.27045E-02    1.27426E-03    4.56548E-04    3.23155E-03    1.25438E-02
     1.94250E+00    5.78971E-02    1.38300E-02    4.70208E-01   -1.22590E-02    1.26075E-03    4.39021E-04    3.22732E-03    1.24884E-02
     1.94775E+00    5.76483E-02    1.33165E-02    4.70228E-01   -1.18161E-02    1.24777E-03    4.21746E-04    3.22326E-03    1.24347E-02
     1.95300E+00    5.74088E-02    1.28075E-02    4.70247E-01   -1.13758E-02    1.23530E-03    4.04716E-04    3.21936E-03    1.23826E-02
     1.95825E+00    5.71787E-02    1.23030E-02    4.70266E-01   -1.09382E-02    1.22335E-03    3.87925E-04    3.21562E-03    1.23322E-02
     1.96350E+00    5.69578E-02    1.18027E-02    4.70284E-01   -1.05030E-02    1.21189E-03    3.71364E-04    3.21204E-03    1.22835E-02
     1.96875E+00    5.67461E-02    1.13066E-02    4.70301E-01   -1.00705E-02    1.20094E-03    3.55026E-04    3.20861E-03    1.22365E-02
     1.97400E+00    5.65435E-02    1.08146E-02    4.70317E-01   -9.64039E-03    1.19047E-03    3.38905E-04    3.20534E-03    1.21911E-02
     1.97925E+00    5.63498E-02    1.03266E-02    4.70332E-01   -9.21279E-03    1.18048E-03    3.22993E-04    3.20221E-03    1.21475E-02
     1.98450E+00    5.61652E-02    9.84254E-03    4.70347E-01   -8.78763E-03    1.17097E-03    3.07283E-04    3.19924E-03    1.21056E-02
     1.98975E+00    5.59894E-02    9.36232E-03    4.70361E-01   -8.36488E-03    1.16193E-03    2.91770E-04    3.19642E-03    1.20654E-02
     1.99500E+00    5.58223E-02    8.88584E-03    4.70375E-01   -7.94453E-03    1.15336E-03    2.76445E-04    3.19374E-03    1.20269E-02
     2.00025E+00    5.56640E-02    8.41303E-03    4.70387E-01   -7.52654E-03    1.14524E-03    2.61303E-04    3.19120E-03    1.19901E-02
     2.00550E+00    5.55143E-02    7.94378E-03    4.70399E-01   -7.11089E-03    1.13758E-03    2.46336E-04    3.18881E-03    1.19552E-02
     2.01075E+00    5.53732E-02    7.47802E-03    4.70410E-01   -6.69755E-03    1.13037E-03    2.31540E-04    3.18656E-03    1.19219E-02
     2.01600E+00    5.52406E-02    7.01566E-03    4.70421E-01   -6.28649E-03    1.12360E-03    2.16906E-04    3.18445E-03    1.18905E-02
     2.02125E+00    5.51164E-02    6.55662E-03    4.70431E-01   -5.87769E-03    1.11727E-03    2.02429E-04    3.18247E-03    1.18608E-02
     2.02650E+00    5.50007E-02    6.10081E-03    4.70440E-01   -5.47113E-03    1.11137E-03    1.88103E-04    3.18063E-03    1.18329E-02
     2.03175E+00    5.48932E-02    5.64816E-03    4.70448E-01   -5.06677E-03    1.10590E-03    1.73921E-04    3.17892E-03    1.18069E-02
     2.03700E+00    5.47940E-02    5.19857E-03    4.70456E-01   -4.66459E-03    1.10086E-03    1.59877E-04    3.17735E-03    1.17826E-02
     2.04225E+00    5.47030E-02    4.75198E-03    4.70463E-01   -4.26457E-03    1.09625E-03    1.45966E-04    3.17591E-03    1.17602E-02
     2.04750E+00    5.46202E-02    4.30829E-03    4.70470E-01   -3.86668E-03    1.09205E-03    1.32181E-04    3.17460E-03    1.17397E-02
     2.05275E+00    5.45455E-02    3.86744E-03    4.70476E-01   -3.47090E-03    1.08826E-03    1.18516E-04    3.17342E-03    1.17210E-02
     2.05800E+00    5.44788E-02    3.42934E-03    4.70481E-01   -3.07721E-03    1.08489E-03    1.04966E-04    3.17237E-03    1.17042E-02
     2.06325E+00    5.44201E-02    2.99392E-03    4.70486E-01   -2.68558E-03    1.08192E-03    9.15240E-05    3.17144E-03    1.16893E-02
     2.06850E+00    5.43693E-02    2.56111E-03    4.70490E-01   -2.29599E-03    1.07936E-03    7.81854E-05    3.17064E-03    1.16763E-02
     2.07375E+00    5.43264E-02    2.13082E-03    4.70493E-01   -1.90842E-03    1.07719E-03    6.49440E-05    3.16997E-03    1.16653E-02
     2.07900E+00    5.42914E-02    1.70298E-03    4.70496E-01   -1.52283E-03    1.07543E-03    5.17943E-05    3.16942E-03    1.16562E-02
     2.08425E+00    5.42642E-02    1.27752E-03    4.70498E-01   -1.13922E-03    1.07406E-03    3.87306E-05    3.16899E-03    1.16492E-02
     2.08950E+00    5.42447E-02    8.54369E-04    4.70499E-01   -7.57562E-04    1.07309E-03    2.57473E-05    3.16869E-03    1.16441E-02
     2.09475E+00    5.42329E-02    4.33449E-04    4.70500E-01   -3.77828E-04    1.07251E-03    1.28389E-05    3.16851E-03    1.16410E-02
     2.10000E+00    5.42289E-02    1.46896E-05    4.70500E-01   -2.80207-218    1.07231E-03   -5.96634E-26    3.16845E-03    1.16400E-02
