     1.00000E-05    3.54051E+00   -2.68666E-05   -5.03412E-01   -1.75744E-05    3.84535E-01    6.82137E-06    3.32267E-01    2.12188E-06
     2.42497E-03    3.54047E+00    7.89458E-03   -5.03399E-01   -2.84473E-03    3.84530E-01    1.65413E-03    3.32261E-01    5.14547E-04
     4.83995E-03    3.54035E+00    1.57560E-02   -5.03359E-01   -5.67225E-03    3.84515E-01    3.30120E-03    3.32242E-01    1.02695E-03
     7.25492E-03    3.54016E+00    2.36160E-02   -5.03293E-01   -8.49986E-03    3.84491E-01    4.94780E-03    3.32211E-01    1.53931E-03
     9.66990E-03    3.53988E+00    3.14740E-02   -5.03200E-01   -1.13273E-02    3.84457E-01    6.59370E-03    3.32168E-01    2.05161E-03
     1.20849E-02    3.53953E+00    3.93293E-02   -5.03081E-01   -1.41541E-02    3.84412E-01    8.23866E-03    3.32113E-01    2.56382E-03
     1.44998E-02    3.53910E+00    4.71813E-02   -5.02935E-01   -1.69802E-02    3.84359E-01    9.88246E-03    3.32045E-01    3.07593E-03
     1.69148E-02    3.53860E+00    5.50293E-02   -5.02763E-01   -1.98052E-02    3.84295E-01    1.15248E-02    3.31965E-01    3.58791E-03
     1.93298E-02    3.53801E+00    6.28727E-02   -5.02565E-01   -2.26287E-02    3.84222E-01    1.31656E-02    3.31872E-01    4.09974E-03
     2.17448E-02    3.53735E+00    7.07106E-02   -5.02340E-01   -2.54504E-02    3.84138E-01    1.48045E-02    3.31768E-01    4.61140E-03
     2.41598E-02    3.53662E+00    7.85426E-02   -5.02089E-01   -2.82701E-02    3.84045E-01    1.64413E-02    3.31651E-01    5.12286E-03
     2.65747E-02    3.53580E+00    8.63679E-02   -5.01811E-01   -3.10876E-02    3.83943E-01    1.80758E-02    3.31522E-01    5.63412E-03
     2.89897E-02    3.53491E+00    9.41859E-02   -5.01507E-01   -3.39028E-02    3.83830E-01    1.97077E-02    3.31380E-01    6.14514E-03
     3.14047E-02    3.53393E+00    1.01996E-01   -5.01177E-01   -3.67153E-02    3.83708E-01    2.13368E-02    3.31226E-01    6.65591E-03
     3.38196E-02    3.53289E+00    1.09797E-01   -5.00820E-01   -3.95251E-02    3.83576E-01    2.29629E-02    3.31061E-01    7.16640E-03
     3.62346E-02    3.53176E+00    1.17589E-01   -5.00437E-01   -4.23319E-02    3.83435E-01    2.45858E-02    3.30883E-01    7.67660E-03
     3.86496E-02    3.53056E+00    1.25371E-01   -5.00028E-01   -4.51354E-02    3.83283E-01    2.62052E-02    3.30692E-01    8.18647E-03
     4.10646E-02    3.52928E+00    1.33142E-01   -4.99593E-01   -4.79355E-02    3.83122E-01    2.78209E-02    3.30490E-01    8.69601E-03
     4.34795E-02    3.52792E+00    1.40903E-01   -4.99131E-01   -5.07319E-02    3.82952E-01    2.94328E-02    3.30275E-01    9.20519E-03
     4.58945E-02    3.52649E+00    1.48651E-01   -4.98643E-01   -5.35245E-02    3.82771E-01    3.10404E-02    3.30049E-01    9.71398E-03
     4.83095E-02    3.52498E+00    1.56386E-01   -4.98130E-01   -5.63130E-02    3.82581E-01    3.26437E-02    3.29810E-01    1.02224E-02
     5.07245E-02    3.52339E+00    1.64108E-01   -4.97590E-01   -5.90972E-02    3.82382E-01    3.42425E-02    3.29559E-01    1.07303E-02
     5.31394E-02    3.52173E+00    1.71817E-01   -4.97024E-01   -6.18770E-02    3.82172E-01    3.58364E-02    3.29296E-01    1.12379E-02
     5.55544E-02    3.51999E+00    1.79510E-01   -4.96433E-01   -6.46520E-02    3.81953E-01    3.74254E-02    3.29022E-01    1.17449E-02
     5.79694E-02    3.51817E+00    1.87189E-01   -4.95815E-01   -6.74221E-02    3.81725E-01    3.90091E-02    3.28735E-01    1.22515E-02
     6.03844E-02    3.51628E+00    1.94852E-01   -4.95172E-01   -7.01871E-02    3.81487E-01    4.05874E-02    3.28436E-01    1.27576E-02
     6.27994E-02    3.51431E+00    2.02498E-01   -4.94503E-01   -7.29468E-02    3.81239E-01    4.21600E-02    3.28126E-01    1.32631E-02
     6.52143E-02    3.51227E+00    2.10127E-01   -4.93808E-01   -7.57009E-02    3.80982E-01    4.37267E-02    3.27803E-01    1.37681E-02
     6.76293E-02    3.51015E+00    2.17738E-01   -4.93087E-01   -7.84493E-02    3.80715E-01    4.52875E-02    3.27469E-01    1.42725E-02
     7.00443E-02    3.50796E+00    2.25331E-01   -4.92341E-01   -8.11918E-02    3.80439E-01    4.68419E-02    3.27123E-01    1.47764E-02
     7.24593E-02    3.50569E+00    2.32904E-01   -4.91569E-01   -8.39281E-02    3.80153E-01    4.83898E-02    3.26765E-01    1.52796E-02
     7.48742E-02    3.50334E+00    2.40459E-01   -4.90771E-01   -8.66580E-02    3.79858E-01    4.99311E-02    3.26396E-01    1.57822E-02
     7.72892E-02    3.50092E+00    2.47992E-01   -4.89949E-01   -8.93814E-02    3.79554E-01    5.14655E-02    3.26014E-01    1.62842E-02
     7.97042E-02    3.49843E+00    2.55505E-01   -4.89101E-01   -9.20981E-02    3.79240E-01    5.29929E-02    3.25621E-01    1.67854E-02
     8.21192E-02    3.49586E+00    2.62996E-01   -4.88227E-01   -9.48078E-02    3.78917E-01    5.45129E-02    3.25217E-01    1.72860E-02
     8.45341E-02    3.49321E+00    2.70465E-01   -4.87328E-01   -9.75103E-02    3.78584E-01    5.60256E-02    3.24801E-01    1.77859E-02
     8.69491E-02    3.49049E+00    2.77911E-01   -4.86405E-01   -1.00205E-01    3.78242E-01    5.75305E-02    3.24374E-01    1.82850E-02
     8.93641E-02    3.48770E+00    2.85334E-01   -4.85456E-01   -1.02893E-01    3.77890E-01    5.90276E-02    3.23935E-01    1.87834E-02
     9.17791E-02    3.48484E+00    2.92732E-01   -4.84482E-01   -1.05573E-01    3.77530E-01    6.05167E-02    3.23484E-01    1.92810E-02
     9.41940E-02    3.48190E+00    3.00106E-01   -4.83483E-01   -1.08245E-01    3.77160E-01    6.19976E-02    3.23023E-01    1.97778E-02
     9.66090E-02    3.47889E+00    3.07455E-01   -4.82459E-01   -1.10909E-01    3.76781E-01    6.34702E-02    3.22550E-01    2.02738E-02
     9.90240E-02    3.47580E+00    3.14777E-01   -4.81411E-01   -1.13564E-01    3.76392E-01    6.49341E-02    3.22065E-01    2.07690E-02
     1.01439E-01    3.47264E+00    3.22074E-01   -4.80337E-01   -1.16211E-01    3.75995E-01    6.63893E-02    3.21570E-01    2.12633E-02
     1.03854E-01    3.46941E+00    3.29343E-01   -4.79240E-01   -1.18849E-01    3.75588E-01    6.78356E-02    3.21063E-01    2.17568E-02
     1.06269E-01    3.46611E+00    3.36584E-01   -4.78117E-01   -1.21479E-01    3.75172E-01    6.92728E-02    3.20545E-01    2.22494E-02
     1.08684E-01    3.46273E+00    3.43797E-01   -4.76970E-01   -1.24099E-01    3.74748E-01    7.07008E-02    3.20017E-01    2.27410E-02
     1.11099E-01    3.45928E+00    3.50981E-01   -4.75799E-01   -1.26710E-01    3.74314E-01    7.21193E-02    3.19477E-01    2.32317E-02
     1.13514E-01    3.45576E+00    3.58136E-01   -4.74604E-01   -1.29311E-01    3.73871E-01    7.35283E-02    3.18926E-01    2.37215E-02
     1.15929E-01    3.45217E+00    3.65260E-01   -4.73385E-01   -1.31903E-01    3.73419E-01    7.49276E-02    3.18365E-01    2.42103E-02
     1.18344E-01    3.44851E+00    3.72354E-01   -4.72141E-01   -1.34485E-01    3.72958E-01    7.63169E-02    3.17793E-01    2.46981E-02
     1.20759E-01    3.44478E+00    3.79417E-01   -4.70874E-01   -1.37057E-01    3.72488E-01    7.76963E-02    3.17210E-01    2.51849E-02
     1.23174E-01    3.44098E+00    3.86447E-01   -4.69582E-01   -1.39618E-01    3.72010E-01    7.90654E-02    3.16616E-01    2.56706E-02
     1.25589E-01    3.43711E+00    3.93446E-01   -4.68267E-01   -1.42170E-01    3.71522E-01    8.04242E-02    3.16011E-01    2.61553E-02
     1.28004E-01    3.43316E+00    4.00411E-01   -4.66928E-01   -1.44710E-01    3.71026E-01    8.17725E-02    3.15397E-01    2.66390E-02
     1.30419E-01    3.42915E+00    4.07343E-01   -4.65566E-01   -1.47240E-01    3.70521E-01    8.31102E-02    3.14771E-01    2.71216E-02
     1.32834E-01    3.42507E+00    4.14241E-01   -4.64180E-01   -1.49760E-01    3.70007E-01    8.44371E-02    3.14135E-01    2.76030E-02
     1.35249E-01    3.42092E+00    4.21104E-01   -4.62771E-01   -1.52267E-01    3.69485E-01    8.57532E-02    3.13489E-01    2.80834E-02
     1.37664E-01    3.41670E+00    4.27932E-01   -4.61339E-01   -1.54764E-01    3.68954E-01    8.70582E-02    3.12833E-01    2.85626E-02
     1.40079E-01    3.41241E+00    4.34725E-01   -4.59884E-01   -1.57249E-01    3.68414E-01    8.83521E-02    3.12166E-01    2.90406E-02
     1.42494E-01    3.40806E+00    4.41481E-01   -4.58405E-01   -1.59723E-01    3.67865E-01    8.96347E-02    3.11490E-01    2.95174E-02
     1.44908E-01    3.40363E+00    4.48200E-01   -4.56904E-01   -1.62185E-01    3.67309E-01    9.09058E-02    3.10803E-01    2.99931E-02
     1.47323E-01    3.39914E+00    4.54882E-01   -4.55380E-01   -1.64635E-01    3.66743E-01    9.21655E-02    3.10106E-01    3.04675E-02
     1.49738E-01    3.39459E+00    4.61526E-01   -4.53833E-01   -1.67073E-01    3.66169E-01    9.34135E-02    3.09399E-01    3.09407E-02
     1.52153E-01    3.38996E+00    4.68131E-01   -4.52264E-01   -1.69498E-01    3.65587E-01    9.46498E-02    3.08683E-01    3.14127E-02
     1.54568E-01    3.38527E+00    4.74698E-01   -4.50672E-01   -1.71911E-01    3.64997E-01    9.58743E-02    3.07956E-01    3.18834E-02
     1.56983E-01    3.38051E+00    4.81225E-01   -4.49058E-01   -1.74311E-01    3.64398E-01    9.70867E-02    3.07220E-01    3.23528E-02
     1.59398E-01    3.37569E+00    4.87712E-01   -4.47422E-01   -1.76699E-01    3.63791E-01    9.82871E-02    3.06475E-01    3.28208E-02
     1.61813E-01    3.37080E+00    4.94159E-01   -4.45764E-01   -1.79074E-01    3.63175E-01    9.94754E-02    3.05720E-01    3.32876E-02
     1.64228E-01    3.36585E+00    5.00564E-01   -4.44083E-01   -1.81435E-01    3.62551E-01    1.00651E-01    3.04955E-01    3.37530E-02
     1.66643E-01    3.36083E+00    5.06928E-01   -4.42381E-01   -1.83784E-01    3.61920E-01    1.01815E-01    3.04181E-01    3.42171E-02
     1.69058E-01    3.35575E+00    5.13251E-01   -4.40658E-01   -1.86119E-01    3.61280E-01    1.02966E-01    3.03398E-01    3.46798E-02
     1.71473E-01    3.35061E+00    5.19530E-01   -4.38913E-01   -1.88440E-01    3.60632E-01    1.04105E-01    3.02606E-01    3.51410E-02
     1.73888E-01    3.34540E+00    5.25767E-01   -4.37146E-01   -1.90748E-01    3.59976E-01    1.05231E-01    3.01804E-01    3.56009E-02
     1.76303E-01    3.34013E+00    5.31960E-01   -4.35358E-01   -1.93042E-01    3.59312E-01    1.06344E-01    3.00993E-01    3.60594E-02
     1.78718E-01    3.33479E+00    5.38110E-01   -4.33549E-01   -1.95321E-01    3.58640E-01    1.07445E-01    3.00174E-01    3.65164E-02
     1.81133E-01    3.32940E+00    5.44214E-01   -4.31719E-01   -1.97587E-01    3.57961E-01    1.08532E-01    2.99345E-01    3.69719E-02
     1.83548E-01    3.32394E+00    5.50275E-01   -4.29868E-01   -1.99838E-01    3.57273E-01    1.09607E-01    2.98508E-01    3.74259E-02
     1.85963E-01    3.31842E+00    5.56289E-01   -4.27996E-01   -2.02075E-01    3.56578E-01    1.10669E-01    2.97662E-01    3.78785E-02
     1.88378E-01    3.31284E+00    5.62258E-01   -4.26103E-01   -2.04298E-01    3.55875E-01    1.11718E-01    2.96808E-01    3.83295E-02
     1.90793E-01    3.30720E+00    5.68181E-01   -4.24190E-01   -2.06505E-01    3.55165E-01    1.12753E-01    2.95944E-01    3.87791E-02
     1.93208E-01    3.30150E+00    5.74057E-01   -4.22257E-01   -2.08698E-01    3.54447E-01    1.13776E-01    2.95073E-01    3.92270E-02
     1.95623E-01    3.29574E+00    5.79886E-01   -4.20304E-01   -2.10876E-01    3.53721E-01    1.14785E-01    2.94193E-01    3.96734E-02
     1.98038E-01    3.28992E+00    5.85667E-01   -4.18330E-01   -2.13038E-01    3.52988E-01    1.15781E-01    2.93305E-01    4.01183E-02
     2.00453E-01    3.28404E+00    5.91401E-01   -4.16337E-01   -2.15186E-01    3.52247E-01    1.16764E-01    2.92409E-01    4.05615E-02
     2.02868E-01    3.27810E+00    5.97086E-01   -4.14323E-01   -2.17317E-01    3.51499E-01    1.17733E-01    2.91504E-01    4.10031E-02
     2.05283E-01    3.27211E+00    6.02722E-01   -4.12291E-01   -2.19434E-01    3.50744E-01    1.18689E-01    2.90592E-01    4.14431E-02
     2.07698E-01    3.26605E+00    6.08308E-01   -4.10238E-01   -2.21535E-01    3.49981E-01    1.19631E-01    2.89672E-01    4.18814E-02
     2.10113E-01    3.25994E+00    6.13846E-01   -4.08166E-01   -2.23619E-01    3.49211E-01    1.20560E-01    2.88744E-01    4.23181E-02
     2.12528E-01    3.25378E+00    6.19333E-01   -4.06075E-01   -2.25688E-01    3.48434E-01    1.21476E-01    2.87808E-01    4.27532E-02
     2.14943E-01    3.24755E+00    6.24769E-01   -4.03965E-01   -2.27741E-01    3.47650E-01    1.22378E-01    2.86865E-01    4.31865E-02
     2.17358E-01    3.24127E+00    6.30155E-01   -4.01836E-01   -2.29778E-01    3.46858E-01    1.23266E-01    2.85914E-01    4.36181E-02
     2.19773E-01    3.23494E+00    6.35490E-01   -3.99689E-01   -2.31799E-01    3.46060E-01    1.24141E-01    2.84956E-01    4.40480E-02
     2.22188E-01    3.22855E+00    6.40772E-01   -3.97522E-01   -2.33803E-01    3.45255E-01    1.25002E-01    2.83990E-01    4.44762E-02
     2.24603E-01    3.22211E+00    6.46003E-01   -3.95337E-01   -2.35790E-01    3.44443E-01    1.25849E-01    2.83017E-01    4.49026E-02
     2.27018E-01    3.21561E+00    6.51182E-01   -3.93134E-01   -2.37761E-01    3.43624E-01    1.26683E-01    2.82037E-01    4.53273E-02
     2.29433E-01    3.20906E+00    6.56308E-01   -3.90913E-01   -2.39715E-01    3.42798E-01    1.27503E-01    2.81050E-01    4.57502E-02
     2.31848E-01    3.20245E+00    6.61380E-01   -3.88674E-01   -2.41652E-01    3.41965E-01    1.28309E-01    2.80056E-01    4.61713E-02
     2.34263E-01    3.19580E+00    6.66399E-01   -3.86417E-01   -2.43573E-01    3.41126E-01    1.29102E-01    2.79055E-01    4.65905E-02
     2.36678E-01    3.18909E+00    6.71365E-01   -3.84142E-01   -2.45476E-01    3.40281E-01    1.29881E-01    2.78048E-01    4.70080E-02
     2.39093E-01    3.18233E+00    6.76276E-01   -3.81849E-01   -2.47362E-01    3.39428E-01    1.30646E-01    2.77034E-01    4.74236E-02
     2.41507E-01    3.17552E+00    6.81133E-01   -3.79539E-01   -2.49230E-01    3.38570E-01    1.31398E-01    2.76013E-01    4.78374E-02
     2.43922E-01    3.16866E+00    6.85935E-01   -3.77212E-01   -2.51081E-01    3.37704E-01    1.32136E-01    2.74986E-01    4.82493E-02
     2.46337E-01    3.16175E+00    6.90682E-01   -3.74868E-01   -2.52915E-01    3.36833E-01    1.32860E-01    2.73953E-01    4.86594E-02
     2.48752E-01    3.15479E+00    6.95373E-01   -3.72507E-01   -2.54731E-01    3.35955E-01    1.33571E-01    2.72913E-01    4.90675E-02
     2.51167E-01    3.14778E+00    7.00009E-01   -3.70129E-01   -2.56530E-01    3.35071E-01    1.34267E-01    2.71867E-01    4.94738E-02
     2.53582E-01    3.14072E+00    7.04588E-01   -3.67734E-01   -2.58310E-01    3.34180E-01    1.34951E-01    2.70815E-01    4.98781E-02
     2.55997E-01    3.13361E+00    7.09111E-01   -3.65323E-01   -2.60073E-01    3.33284E-01    1.35620E-01    2.69757E-01    5.02805E-02
     2.58412E-01    3.12646E+00    7.13578E-01   -3.62896E-01   -2.61817E-01    3.32382E-01    1.36276E-01    2.68694E-01    5.06810E-02
     2.60827E-01    3.11926E+00    7.17987E-01   -3.60453E-01   -2.63544E-01    3.31473E-01    1.36919E-01    2.67624E-01    5.10795E-02
     2.63242E-01    3.11201E+00    7.22339E-01   -3.57993E-01   -2.65252E-01    3.30559E-01    1.37547E-01    2.66549E-01    5.14760E-02
     2.65657E-01    3.10472E+00    7.26634E-01   -3.55518E-01   -2.66942E-01    3.29638E-01    1.38163E-01    2.65469E-01    5.18706E-02
     2.68072E-01    3.09738E+00    7.30871E-01   -3.53027E-01   -2.68614E-01    3.28712E-01    1.38764E-01    2.64383E-01    5.22632E-02
     2.70487E-01    3.08999E+00    7.35050E-01   -3.50520E-01   -2.70267E-01    3.27781E-01    1.39353E-01    2.63292E-01    5.26537E-02
     2.72902E-01    3.08257E+00    7.39170E-01   -3.47998E-01   -2.71901E-01    3.26843E-01    1.39927E-01    2.62195E-01    5.30423E-02
     2.75317E-01    3.07509E+00    7.43232E-01   -3.45461E-01   -2.73517E-01    3.25900E-01    1.40489E-01    2.61093E-01    5.34288E-02
     2.77732E-01    3.06758E+00    7.47236E-01   -3.42909E-01   -2.75114E-01    3.24951E-01    1.41037E-01    2.59987E-01    5.38133E-02
     2.80147E-01    3.06002E+00    7.51180E-01   -3.40342E-01   -2.76693E-01    3.23997E-01    1.41571E-01    2.58875E-01    5.41957E-02
     2.82562E-01    3.05242E+00    7.55064E-01   -3.37761E-01   -2.78252E-01    3.23038E-01    1.42093E-01    2.57759E-01    5.45760E-02
     2.84977E-01    3.04478E+00    7.58890E-01   -3.35164E-01   -2.79793E-01    3.22073E-01    1.42601E-01    2.56638E-01    5.49543E-02
     2.87392E-01    3.03710E+00    7.62655E-01   -3.32554E-01   -2.81314E-01    3.21102E-01    1.43096E-01    2.55512E-01    5.53305E-02
     2.89807E-01    3.02937E+00    7.66361E-01   -3.29929E-01   -2.82817E-01    3.20127E-01    1.43577E-01    2.54382E-01    5.57046E-02
     2.92222E-01    3.02161E+00    7.70007E-01   -3.27290E-01   -2.84300E-01    3.19146E-01    1.44046E-01    2.53247E-01    5.60766E-02
     2.94637E-01    3.01381E+00    7.73592E-01   -3.24637E-01   -2.85763E-01    3.18161E-01    1.44501E-01    2.52108E-01    5.64465E-02
     2.97052E-01    3.00597E+00    7.77116E-01   -3.21971E-01   -2.87208E-01    3.17170E-01    1.44944E-01    2.50965E-01    5.68143E-02
     2.99467E-01    2.99809E+00    7.80580E-01   -3.19291E-01   -2.88633E-01    3.16174E-01    1.45373E-01    2.49818E-01    5.71799E-02
     3.01882E-01    2.99017E+00    7.83983E-01   -3.16597E-01   -2.90039E-01    3.15174E-01    1.45790E-01    2.48667E-01    5.75433E-02
     3.04297E-01    2.98221E+00    7.87325E-01   -3.13890E-01   -2.91425E-01    3.14168E-01    1.46194E-01    2.47512E-01    5.79046E-02
     3.06712E-01    2.97422E+00    7.90605E-01   -3.11171E-01   -2.92791E-01    3.13158E-01    1.46584E-01    2.46353E-01    5.82638E-02
     3.09127E-01    2.96619E+00    7.93824E-01   -3.08438E-01   -2.94138E-01    3.12143E-01    1.46963E-01    2.45191E-01    5.86207E-02
     3.11542E-01    2.95813E+00    7.96982E-01   -3.05692E-01   -2.95465E-01    3.11123E-01    1.47328E-01    2.44025E-01    5.89755E-02
     3.13957E-01    2.95003E+00    8.00077E-01   -3.02934E-01   -2.96772E-01    3.10099E-01    1.47681E-01    2.42855E-01    5.93280E-02
     3.16372E-01    2.94190E+00    8.03111E-01   -3.00164E-01   -2.98059E-01    3.09071E-01    1.48022E-01    2.41683E-01    5.96784E-02
     3.18787E-01    2.93373E+00    8.06083E-01   -2.97381E-01   -2.99327E-01    3.08038E-01    1.48350E-01    2.40506E-01    6.00265E-02
     3.21202E-01    2.92553E+00    8.08992E-01   -2.94586E-01   -3.00574E-01    3.07000E-01    1.48665E-01    2.39327E-01    6.03724E-02
     3.23617E-01    2.91730E+00    8.11839E-01   -2.91780E-01   -3.01801E-01    3.05959E-01    1.48968E-01    2.38145E-01    6.07161E-02
     3.26032E-01    2.90904E+00    8.14624E-01   -2.88961E-01   -3.03008E-01    3.04913E-01    1.49259E-01    2.36960E-01    6.10575E-02
     3.28447E-01    2.90074E+00    8.17347E-01   -2.86131E-01   -3.04195E-01    3.03863E-01    1.49538E-01    2.35772E-01    6.13967E-02
     3.30862E-01    2.89241E+00    8.20006E-01   -2.83290E-01   -3.05362E-01    3.02809E-01    1.49805E-01    2.34581E-01    6.17336E-02
     3.33277E-01    2.88406E+00    8.22603E-01   -2.80437E-01   -3.06509E-01    3.01750E-01    1.50059E-01    2.33387E-01    6.20682E-02
     3.35692E-01    2.87567E+00    8.25137E-01   -2.77573E-01   -3.07635E-01    3.00688E-01    1.50302E-01    2.32191E-01    6.24005E-02
     3.38106E-01    2.86725E+00    8.27608E-01   -2.74698E-01   -3.08741E-01    2.99622E-01    1.50533E-01    2.30993E-01    6.27306E-02
     3.40521E-01    2.85881E+00    8.30016E-01   -2.71813E-01   -3.09826E-01    2.98552E-01    1.50752E-01    2.29792E-01    6.30584E-02
     3.42936E-01    2.85033E+00    8.32361E-01   -2.68917E-01   -3.10891E-01    2.97479E-01    1.50959E-01    2.28589E-01    6.33839E-02
     3.45351E-01    2.84183E+00    8.34643E-01   -2.66010E-01   -3.11935E-01    2.96401E-01    1.51155E-01    2.27384E-01    6.37070E-02
     3.47766E-01    2.83331E+00    8.36861E-01   -2.63093E-01   -3.12959E-01    2.95320E-01    1.51339E-01    2.26177E-01    6.40279E-02
     3.50181E-01    2.82475E+00    8.39017E-01   -2.60167E-01   -3.13962E-01    2.94236E-01    1.51512E-01    2.24967E-01    6.43464E-02
     3.52596E-01    2.81617E+00    8.41109E-01   -2.57230E-01   -3.14945E-01    2.93148E-01    1.51673E-01    2.23756E-01    6.46626E-02
     3.55011E-01    2.80757E+00    8.43137E-01   -2.54283E-01   -3.15906E-01    2.92057E-01    1.51823E-01    2.22544E-01    6.49764E-02
     3.57426E-01    2.79894E+00    8.45102E-01   -2.51327E-01   -3.16848E-01    2.90962E-01    1.51961E-01    2.21329E-01    6.52879E-02
     3.59841E-01    2.79029E+00    8.47004E-01   -2.48362E-01   -3.17768E-01    2.89864E-01    1.52089E-01    2.20113E-01    6.55970E-02
     3.62256E-01    2.78161E+00    8.48842E-01   -2.45387E-01   -3.18667E-01    2.88763E-01    1.52206E-01    2.18896E-01    6.59038E-02
     3.64671E-01    2.77291E+00    8.50617E-01   -2.42403E-01   -3.19546E-01    2.87658E-01    1.52311E-01    2.17677E-01    6.62082E-02
     3.67086E-01    2.76419E+00    8.52328E-01   -2.39410E-01   -3.20404E-01    2.86551E-01    1.52406E-01    2.16458E-01    6.65103E-02
     3.69501E-01    2.75545E+00    8.53975E-01   -2.36409E-01   -3.21240E-01    2.85441E-01    1.52490E-01    2.15236E-01    6.68100E-02
     3.71916E-01    2.74669E+00    8.55559E-01   -2.33399E-01   -3.22056E-01    2.84327E-01    1.52563E-01    2.14014E-01    6.71072E-02
     3.74331E-01    2.73790E+00    8.57080E-01   -2.30380E-01   -3.22851E-01    2.83211E-01    1.52626E-01    2.12791E-01    6.74021E-02
     3.76746E-01    2.72910E+00    8.58537E-01   -2.27354E-01   -3.23625E-01    2.82092E-01    1.52678E-01    2.11567E-01    6.76946E-02
     3.79161E-01    2.72028E+00    8.59930E-01   -2.24319E-01   -3.24377E-01    2.80970E-01    1.52720E-01    2.10343E-01    6.79847E-02
     3.81576E-01    2.71144E+00    8.61260E-01   -2.21276E-01   -3.25109E-01    2.79846E-01    1.52752E-01    2.09117E-01    6.82724E-02
     3.83991E-01    2.70258E+00    8.62527E-01   -2.18226E-01   -3.25819E-01    2.78719E-01    1.52773E-01    2.07891E-01    6.85577E-02
     3.86406E-01    2.69370E+00    8.63730E-01   -2.15168E-01   -3.26509E-01    2.77589E-01    1.52784E-01    2.06665E-01    6.88406E-02
     3.88821E-01    2.68481E+00    8.64870E-01   -2.12102E-01   -3.27177E-01    2.76457E-01    1.52785E-01    2.05438E-01    6.91210E-02
     3.91236E-01    2.67590E+00    8.65946E-01   -2.09030E-01   -3.27823E-01    2.75323E-01    1.52777E-01    2.04211E-01    6.93990E-02
     3.93651E-01    2.66698E+00    8.66959E-01   -2.05950E-01   -3.28449E-01    2.74186E-01    1.52758E-01    2.02984E-01    6.96746E-02
     3.96066E-01    2.65804E+00    8.67909E-01   -2.02864E-01   -3.29053E-01    2.73047E-01    1.52730E-01    2.01756E-01    6.99478E-02
     3.98481E-01    2.64909E+00    8.68796E-01   -1.99771E-01   -3.29636E-01    2.71906E-01    1.52692E-01    2.00529E-01    7.02185E-02
     4.00896E-01    2.64012E+00    8.69620E-01   -1.96671E-01   -3.30198E-01    2.70763E-01    1.52644E-01    1.99301E-01    7.04868E-02
     4.03311E-01    2.63115E+00    8.70380E-01   -1.93565E-01   -3.30738E-01    2.69618E-01    1.52587E-01    1.98074E-01    7.07526E-02
     4.05726E-01    2.62215E+00    8.71078E-01   -1.90453E-01   -3.31257E-01    2.68470E-01    1.52521E-01    1.96847E-01    7.10160E-02
     4.08141E-01    2.61315E+00    8.71713E-01   -1.87335E-01   -3.31755E-01    2.67321E-01    1.52445E-01    1.95621E-01    7.12769E-02
     4.10556E-01    2.60414E+00    8.72285E-01   -1.84210E-01   -3.32231E-01    2.66170E-01    1.52361E-01    1.94395E-01    7.15353E-02
     4.12971E-01    2.59511E+00    8.72795E-01   -1.81081E-01   -3.32686E-01    2.65017E-01    1.52267E-01    1.93169E-01    7.17913E-02
     4.15386E-01    2.58608E+00    8.73242E-01   -1.77945E-01   -3.33119E-01    2.63862E-01    1.52164E-01    1.91944E-01    7.20449E-02
     4.17801E-01    2.57704E+00    8.73627E-01   -1.74805E-01   -3.33531E-01    2.62706E-01    1.52053E-01    1.90720E-01    7.22959E-02
     4.20216E-01    2.56798E+00    8.73949E-01   -1.71659E-01   -3.33921E-01    2.61548E-01    1.51932E-01    1.89496E-01    7.25445E-02
     4.22631E-01    2.55892E+00    8.74209E-01   -1.68509E-01   -3.34290E-01    2.60389E-01    1.51804E-01    1.88273E-01    7.27907E-02
     4.25046E-01    2.54986E+00    8.74407E-01   -1.65353E-01   -3.34638E-01    2.59228E-01    1.51666E-01    1.87052E-01    7.30343E-02
     4.27461E-01    2.54078E+00    8.74544E-01   -1.62193E-01   -3.34963E-01    2.58066E-01    1.51520E-01    1.85831E-01    7.32755E-02
     4.29876E-01    2.53170E+00    8.74618E-01   -1.59029E-01   -3.35268E-01    2.56902E-01    1.51366E-01    1.84611E-01    7.35142E-02
     4.32291E-01    2.52261E+00    8.74631E-01   -1.55860E-01   -3.35550E-01    2.55737E-01    1.51203E-01    1.83393E-01    7.37504E-02
     4.34705E-01    2.51352E+00    8.74583E-01   -1.52687E-01   -3.35812E-01    2.54571E-01    1.51032E-01    1.82176E-01    7.39841E-02
     4.37120E-01    2.50443E+00    8.74473E-01   -1.49510E-01   -3.36051E-01    2.53404E-01    1.50854E-01    1.80960E-01    7.42153E-02
     4.39535E-01    2.49533E+00    8.74302E-01   -1.46330E-01   -3.36269E-01    2.52236E-01    1.50667E-01    1.79746E-01    7.44440E-02
     4.41950E-01    2.48623E+00    8.74070E-01   -1.43146E-01   -3.36466E-01    2.51066E-01    1.50472E-01    1.78533E-01    7.46703E-02
     4.44365E-01    2.47712E+00    8.73777E-01   -1.39958E-01   -3.36641E-01    2.49896E-01    1.50270E-01    1.77322E-01    7.48941E-02
     4.46780E-01    2.46801E+00    8.73424E-01   -1.36768E-01   -3.36794E-01    2.48725E-01    1.50060E-01    1.76112E-01    7.51153E-02
     4.49195E-01    2.45891E+00    8.73010E-01   -1.33574E-01   -3.36925E-01    2.47553E-01    1.49842E-01    1.74905E-01    7.53341E-02
     4.51610E-01    2.44980E+00    8.72537E-01   -1.30378E-01   -3.37035E-01    2.46381E-01    1.49617E-01    1.73699E-01    7.55504E-02
     4.54025E-01    2.44069E+00    8.72003E-01   -1.27178E-01   -3.37124E-01    2.45207E-01    1.49384E-01    1.72495E-01    7.57642E-02
     4.56440E-01    2.43158E+00    8.71409E-01   -1.23977E-01   -3.37191E-01    2.44033E-01    1.49145E-01    1.71293E-01    7.59754E-02
     4.58855E-01    2.42247E+00    8.70756E-01   -1.20773E-01   -3.37236E-01    2.42859E-01    1.48898E-01    1.70093E-01    7.61842E-02
     4.61270E-01    2.41337E+00    8.70043E-01   -1.17567E-01   -3.37259E-01    2.41684E-01    1.48644E-01    1.68895E-01    7.63905E-02
     4.63685E-01    2.40427E+00    8.69271E-01   -1.14359E-01   -3.37261E-01    2.40508E-01    1.48383E-01    1.67700E-01    7.65943E-02
     4.66100E-01    2.39517E+00    8.68441E-01   -1.11149E-01   -3.37242E-01    2.39333E-01    1.48115E-01    1.66506E-01    7.67956E-02
     4.68515E-01    2.38607E+00    8.67551E-01   -1.07938E-01   -3.37200E-01    2.38156E-01    1.47840E-01    1.65315E-01    7.69944E-02
     4.70930E-01    2.37698E+00    8.66603E-01   -1.04726E-01   -3.37137E-01    2.36980E-01    1.47559E-01    1.64127E-01    7.71907E-02
     4.73345E-01    2.36789E+00    8.65597E-01   -1.01512E-01   -3.37053E-01    2.35803E-01    1.47271E-01    1.62941E-01    7.73845E-02
     4.75760E-01    2.35881E+00    8.64533E-01   -9.82969E-02   -3.36947E-01    2.34627E-01    1.46977E-01    1.61758E-01    7.75758E-02
     4.78175E-01    2.34974E+00    8.63411E-01   -9.50813E-02   -3.36819E-01    2.33450E-01    1.46676E-01    1.60577E-01    7.77646E-02
     4.80590E-01    2.34067E+00    8.62232E-01   -9.18651E-02   -3.36670E-01    2.32273E-01    1.46369E-01    1.59399E-01    7.79509E-02
     4.83005E-01    2.33161E+00    8.60996E-01   -8.86484E-02   -3.36499E-01    2.31096E-01    1.46056E-01    1.58223E-01    7.81347E-02
     4.85420E-01    2.32255E+00    8.59702E-01   -8.54315E-02   -3.36307E-01    2.29920E-01    1.45736E-01    1.57051E-01    7.83160E-02
     4.87835E-01    2.31351E+00    8.58352E-01   -8.22145E-02   -3.36093E-01    2.28743E-01    1.45411E-01    1.55881E-01    7.84949E-02
     4.90250E-01    2.30447E+00    8.56946E-01   -7.89977E-02   -3.35857E-01    2.27567E-01    1.45080E-01    1.54715E-01    7.86712E-02
     4.92665E-01    2.29545E+00    8.55484E-01   -7.57811E-02   -3.35600E-01    2.26391E-01    1.44742E-01    1.53551E-01    7.88450E-02
     4.95080E-01    2.28643E+00    8.53965E-01   -7.25651E-02   -3.35322E-01    2.25215E-01    1.44400E-01    1.52391E-01    7.90164E-02
     4.97495E-01    2.27743E+00    8.52392E-01   -6.93498E-02   -3.35022E-01    2.24040E-01    1.44051E-01    1.51234E-01    7.91853E-02
     4.99910E-01    2.26843E+00    8.50763E-01   -6.61354E-02   -3.34701E-01    2.22865E-01    1.43697E-01    1.50080E-01    7.93516E-02
     5.02325E-01    2.25945E+00    8.49079E-01   -6.29220E-02   -3.34358E-01    2.21691E-01    1.43337E-01    1.48929E-01    7.95155E-02
     5.04740E-01    2.25048E+00    8.47341E-01   -5.97100E-02   -3.33994E-01    2.20517E-01    1.42972E-01    1.47781E-01    7.96770E-02
     5.07155E-01    2.24153E+00    8.45548E-01   -5.64994E-02   -3.33608E-01    2.19344E-01    1.42602E-01    1.46637E-01    7.98359E-02
     5.09570E-01    2.23259E+00    8.43702E-01   -5.32904E-02   -3.33201E-01    2.18172E-01    1.42227E-01    1.45497E-01    7.99923E-02
     5.11985E-01    2.22366E+00    8.41802E-01   -5.00834E-02   -3.32773E-01    2.17000E-01    1.41846E-01    1.44360E-01    8.01463E-02
     5.14400E-01    2.21475E+00    8.39848E-01   -4.68784E-02   -3.32324E-01    2.15829E-01    1.41461E-01    1.43226E-01    8.02978E-02
     5.16815E-01    2.20585E+00    8.37842E-01   -4.36757E-02   -3.31853E-01    2.14659E-01    1.41071E-01    1.42096E-01    8.04469E-02
     5.19230E-01    2.19697E+00    8.35783E-01   -4.04754E-02   -3.31361E-01    2.13490E-01    1.40675E-01    1.40970E-01    8.05934E-02
     5.21645E-01    2.18811E+00    8.33672E-01   -3.72777E-02   -3.30848E-01    2.12322E-01    1.40275E-01    1.39848E-01    8.07375E-02
     5.24060E-01    2.17926E+00    8.31509E-01   -3.40830E-02   -3.30313E-01    2.11155E-01    1.39871E-01    1.38729E-01    8.08792E-02
     5.26475E-01    2.17043E+00    8.29294E-01   -3.08912E-02   -3.29758E-01    2.09989E-01    1.39462E-01    1.37614E-01    8.10183E-02
     5.28890E-01    2.16162E+00    8.27028E-01   -2.77027E-02   -3.29181E-01    2.08824E-01    1.39048E-01    1.36503E-01    8.11551E-02
     5.31304E-01    2.15283E+00    8.24711E-01   -2.45177E-02   -3.28584E-01    2.07660E-01    1.38630E-01    1.35396E-01    8.12894E-02
     5.33719E-01    2.14406E+00    8.22344E-01   -2.13364E-02   -3.27965E-01    2.06498E-01    1.38208E-01    1.34293E-01    8.14212E-02
     5.36134E-01    2.13531E+00    8.19927E-01   -1.81586E-02   -3.27325E-01    2.05337E-01    1.37781E-01    1.33194E-01    8.15506E-02
     5.38549E-01    2.12658E+00    8.17459E-01   -1.49851E-02   -3.26665E-01    2.04177E-01    1.37350E-01    1.32100E-01    8.16775E-02
     5.40964E-01    2.11787E+00    8.14943E-01   -1.18168E-02   -3.25984E-01    2.03018E-01    1.36916E-01    1.31009E-01    8.18020E-02
     5.43379E-01    2.10919E+00    8.12378E-01   -8.65332E-03   -3.25281E-01    2.01861E-01    1.36477E-01    1.29922E-01    8.19241E-02
     5.45794E-01    2.10052E+00    8.09764E-01   -5.49390E-03   -3.24559E-01    2.00706E-01    1.36034E-01    1.28840E-01    8.20437E-02
     5.48209E-01    2.09188E+00    8.07102E-01   -2.33780E-03   -3.23815E-01    1.99552E-01    1.35588E-01    1.27762E-01    8.21609E-02
     5.50624E-01    2.08326E+00    8.04392E-01    8.15649E-04   -3.23051E-01    1.98399E-01    1.35138E-01    1.26688E-01    8.22757E-02
     5.53039E-01    2.07467E+00    8.01634E-01    3.96672E-03   -3.22266E-01    1.97248E-01    1.34684E-01    1.25619E-01    8.23881E-02
     5.55454E-01    2.06610E+00    7.98830E-01    7.11547E-03   -3.21461E-01    1.96099E-01    1.34227E-01    1.24554E-01    8.24981E-02
     5.57869E-01    2.05756E+00    7.95978E-01    1.02626E-02   -3.20635E-01    1.94952E-01    1.33766E-01    1.23494E-01    8.26056E-02
     5.60284E-01    2.04904E+00    7.93080E-01    1.34091E-02   -3.19789E-01    1.93806E-01    1.33302E-01    1.22438E-01    8.27108E-02
     5.62699E-01    2.04055E+00    7.90136E-01    1.65554E-02   -3.18923E-01    1.92662E-01    1.32834E-01    1.21386E-01    8.28135E-02
     5.65114E-01    2.03208E+00    7.87145E-01    1.97007E-02   -3.18036E-01    1.91520E-01    1.32363E-01    1.20339E-01    8.29139E-02
     5.67529E-01    2.02365E+00    7.84109E-01    2.28443E-02   -3.17130E-01    1.90380E-01    1.31889E-01    1.19297E-01    8.30119E-02
     5.69944E-01    2.01523E+00    7.81028E-01    2.59860E-02   -3.16203E-01    1.89242E-01    1.31412E-01    1.18260E-01    8.31075E-02
     5.72359E-01    2.00685E+00    7.77901E-01    2.91254E-02   -3.15256E-01    1.88106E-01    1.30932E-01    1.17227E-01    8.32007E-02
     5.74774E-01    1.99850E+00    7.74730E-01    3.22623E-02   -3.14289E-01    1.86972E-01    1.30449E-01    1.16198E-01    8.32915E-02
     5.77189E-01    1.99017E+00    7.71514E-01    3.53964E-02   -3.13303E-01    1.85840E-01    1.29963E-01    1.15175E-01    8.33800E-02
     5.79604E-01    1.98188E+00    7.68255E-01    3.85274E-02   -3.12297E-01    1.84711E-01    1.29474E-01    1.14156E-01    8.34661E-02
     5.82019E-01    1.97361E+00    7.64951E-01    4.16550E-02   -3.11271E-01    1.83583E-01    1.28983E-01    1.13142E-01    8.35499E-02
     5.84434E-01    1.96538E+00    7.61605E-01    4.47789E-02   -3.10226E-01    1.82458E-01    1.28489E-01    1.12133E-01    8.36313E-02
     5.86849E-01    1.95717E+00    7.58215E-01    4.78988E-02   -3.09161E-01    1.81335E-01    1.27992E-01    1.11129E-01    8.37104E-02
     5.89264E-01    1.94900E+00    7.54783E-01    5.10145E-02   -3.08077E-01    1.80214E-01    1.27493E-01    1.10130E-01    8.37871E-02
     5.91679E-01    1.94086E+00    7.51309E-01    5.41257E-02   -3.06973E-01    1.79096E-01    1.26992E-01    1.09135E-01    8.38615E-02
     5.94094E-01    1.93275E+00    7.47793E-01    5.72320E-02   -3.05851E-01    1.77980E-01    1.26488E-01    1.08146E-01    8.39336E-02
     5.96509E-01    1.92468E+00    7.44235E-01    6.03332E-02   -3.04709E-01    1.76867E-01    1.25981E-01    1.07162E-01    8.40034E-02
     5.98924E-01    1.91663E+00    7.40637E-01    6.34291E-02   -3.03549E-01    1.75756E-01    1.25473E-01    1.06182E-01    8.40708E-02
     6.01339E-01    1.90863E+00    7.36998E-01    6.65193E-02   -3.02370E-01    1.74647E-01    1.24962E-01    1.05208E-01    8.41360E-02
     6.03754E-01    1.90065E+00    7.33319E-01    6.96035E-02   -3.01172E-01    1.73541E-01    1.24449E-01    1.04239E-01    8.41988E-02
     6.06169E-01    1.89271E+00    7.29600E-01    7.26815E-02   -2.99956E-01    1.72438E-01    1.23935E-01    1.03274E-01    8.42594E-02
     6.08584E-01    1.88481E+00    7.25841E-01    7.57530E-02   -2.98721E-01    1.71337E-01    1.23418E-01    1.02315E-01    8.43176E-02
     6.10999E-01    1.87694E+00    7.22044E-01    7.88178E-02   -2.97468E-01    1.70240E-01    1.22899E-01    1.01362E-01    8.43736E-02
     6.13414E-01    1.86911E+00    7.18208E-01    8.18754E-02   -2.96197E-01    1.69144E-01    1.22379E-01    1.00413E-01    8.44274E-02
     6.15829E-01    1.86131E+00    7.14335E-01    8.49258E-02   -2.94908E-01    1.68052E-01    1.21857E-01    9.94693E-02    8.44788E-02
     6.18244E-01    1.85355E+00    7.10423E-01    8.79685E-02   -2.93601E-01    1.66962E-01    1.21333E-01    9.85310E-02    8.45280E-02
     6.20659E-01    1.84583E+00    7.06475E-01    9.10034E-02   -2.92277E-01    1.65876E-01    1.20807E-01    9.75979E-02    8.45749E-02
     6.23074E-01    1.83814E+00    7.02490E-01    9.40301E-02   -2.90935E-01    1.64792E-01    1.20280E-01    9.66701E-02    8.46196E-02
     6.25489E-01    1.83050E+00    6.98468E-01    9.70483E-02   -2.89575E-01    1.63711E-01    1.19751E-01    9.57475E-02    8.46621E-02
     6.27903E-01    1.82289E+00    6.94411E-01    1.00058E-01   -2.88199E-01    1.62633E-01    1.19221E-01    9.48303E-02    8.47024E-02
     6.30318E-01    1.81532E+00    6.90318E-01    1.03059E-01   -2.86805E-01    1.61558E-01    1.18690E-01    9.39183E-02    8.47404E-02
     6.32733E-01    1.80779E+00    6.86191E-01    1.06050E-01   -2.85394E-01    1.60486E-01    1.18157E-01    9.30116E-02    8.47762E-02
     6.35148E-01    1.80030E+00    6.82029E-01    1.09032E-01   -2.83967E-01    1.59417E-01    1.17623E-01    9.21103E-02    8.48098E-02
     6.37563E-01    1.79285E+00    6.77834E-01    1.12004E-01   -2.82523E-01    1.58351E-01    1.17088E-01    9.12144E-02    8.48412E-02
     6.39978E-01    1.78545E+00    6.73605E-01    1.14966E-01   -2.81063E-01    1.57288E-01    1.16551E-01    9.03238E-02    8.48704E-02
     6.42393E-01    1.77808E+00    6.69343E-01    1.17918E-01   -2.79586E-01    1.56228E-01    1.16013E-01    8.94385E-02    8.48974E-02
     6.44808E-01    1.77075E+00    6.65048E-01    1.20859E-01   -2.78094E-01    1.55172E-01    1.15475E-01    8.85587E-02    8.49223E-02
     6.47223E-01    1.76347E+00    6.60722E-01    1.23789E-01   -2.76586E-01    1.54119E-01    1.14935E-01    8.76843E-02    8.49450E-02
     6.49638E-01    1.75623E+00    6.56364E-01    1.26708E-01   -2.75062E-01    1.53069E-01    1.14395E-01    8.68153E-02    8.49655E-02
     6.52053E-01    1.74903E+00    6.51975E-01    1.29616E-01   -2.73522E-01    1.52022E-01    1.13853E-01    8.59517E-02    8.49839E-02
     6.54468E-01    1.74187E+00    6.47556E-01    1.32513E-01   -2.71968E-01    1.50979E-01    1.13311E-01    8.50935E-02    8.50002E-02
     6.56883E-01    1.73476E+00    6.43107E-01    1.35397E-01   -2.70398E-01    1.49939E-01    1.12768E-01    8.42408E-02    8.50143E-02
     6.59298E-01    1.72769E+00    6.38628E-01    1.38269E-01   -2.68814E-01    1.48902E-01    1.12224E-01    8.33936E-02    8.50263E-02
     6.61713E-01    1.72067E+00    6.34121E-01    1.41129E-01   -2.67215E-01    1.47869E-01    1.11680E-01    8.25517E-02    8.50362E-02
     6.64128E-01    1.71369E+00    6.29585E-01    1.43976E-01   -2.65601E-01    1.46839E-01    1.11135E-01    8.17154E-02    8.50439E-02
     6.66543E-01    1.70675E+00    6.25021E-01    1.46811E-01   -2.63973E-01    1.45813E-01    1.10589E-01    8.08845E-02    8.50496E-02
     6.68958E-01    1.69986E+00    6.20430E-01    1.49632E-01   -2.62332E-01    1.44790E-01    1.10043E-01    8.00592E-02    8.50532E-02
     6.71373E-01    1.69302E+00    6.15811E-01    1.52440E-01   -2.60676E-01    1.43771E-01    1.09497E-01    7.92393E-02    8.50547E-02
     6.73788E-01    1.68622E+00    6.11167E-01    1.55234E-01   -2.59007E-01    1.42755E-01    1.08950E-01    7.84248E-02    8.50542E-02
     6.76203E-01    1.67947E+00    6.06497E-01    1.58014E-01   -2.57325E-01    1.41743E-01    1.08402E-01    7.76159E-02    8.50515E-02
     6.78618E-01    1.67276E+00    6.01801E-01    1.60781E-01   -2.55629E-01    1.40734E-01    1.07855E-01    7.68125E-02    8.50469E-02
     6.81033E-01    1.66610E+00    5.97081E-01    1.63533E-01   -2.53921E-01    1.39729E-01    1.07307E-01    7.60146E-02    8.50401E-02
     6.83448E-01    1.65949E+00    5.92336E-01    1.66270E-01   -2.52200E-01    1.38728E-01    1.06758E-01    7.52221E-02    8.50314E-02
     6.85863E-01    1.65293E+00    5.87567E-01    1.68992E-01   -2.50466E-01    1.37730E-01    1.06210E-01    7.44352E-02    8.50206E-02
     6.88278E-01    1.64641E+00    5.82776E-01    1.71700E-01   -2.48721E-01    1.36736E-01    1.05662E-01    7.36538E-02    8.50078E-02
     6.90693E-01    1.63994E+00    5.77962E-01    1.74392E-01   -2.46963E-01    1.35746E-01    1.05113E-01    7.28778E-02    8.49930E-02
     6.93108E-01    1.63353E+00    5.73125E-01    1.77068E-01   -2.45194E-01    1.34759E-01    1.04564E-01    7.21074E-02    8.49762E-02
     6.95523E-01    1.62715E+00    5.68267E-01    1.79729E-01   -2.43413E-01    1.33776E-01    1.04016E-01    7.13425E-02    8.49574E-02
     6.97938E-01    1.62083E+00    5.63388E-01    1.82374E-01   -2.41621E-01    1.32797E-01    1.03467E-01    7.05830E-02    8.49367E-02
     7.00353E-01    1.61456E+00    5.58488E-01    1.85003E-01   -2.39818E-01    1.31822E-01    1.02919E-01    6.98291E-02    8.49139E-02
     7.02768E-01    1.60834E+00    5.53568E-01    1.87615E-01   -2.38004E-01    1.30851E-01    1.02370E-01    6.90806E-02    8.48892E-02
     7.05183E-01    1.60216E+00    5.48629E-01    1.90211E-01   -2.36180E-01    1.29883E-01    1.01822E-01    6.83376E-02    8.48626E-02
     7.07598E-01    1.59604E+00    5.43671E-01    1.92789E-01   -2.34345E-01    1.28920E-01    1.01274E-01    6.76002E-02    8.48340E-02
     7.10013E-01    1.58997E+00    5.38694E-01    1.95351E-01   -2.32501E-01    1.27960E-01    1.00726E-01    6.68682E-02    8.48035E-02
     7.12428E-01    1.58395E+00    5.33700E-01    1.97896E-01   -2.30646E-01    1.27004E-01    1.00179E-01    6.61416E-02    8.47711E-02
     7.14843E-01    1.57797E+00    5.28688E-01    2.00423E-01   -2.28782E-01    1.26052E-01    9.96317E-02    6.54206E-02    8.47367E-02
     7.17258E-01    1.57205E+00    5.23659E-01    2.02932E-01   -2.26909E-01    1.25104E-01    9.90850E-02    6.47049E-02    8.47005E-02
     7.19673E-01    1.56619E+00    5.18614E-01    2.05424E-01   -2.25027E-01    1.24160E-01    9.85386E-02    6.39948E-02    8.46624E-02
     7.22088E-01    1.56037E+00    5.13554E-01    2.07897E-01   -2.23136E-01    1.23220E-01    9.79926E-02    6.32901E-02    8.46224E-02
     7.24502E-01    1.55460E+00    5.08478E-01    2.10352E-01   -2.21237E-01    1.22284E-01    9.74472E-02    6.25908E-02    8.45805E-02
     7.26917E-01    1.54889E+00    5.03387E-01    2.12789E-01   -2.19329E-01    1.21352E-01    9.69022E-02    6.18970E-02    8.45367E-02
     7.29332E-01    1.54323E+00    4.98282E-01    2.15207E-01   -2.17414E-01    1.20424E-01    9.63578E-02    6.12086E-02    8.44912E-02
     7.31747E-01    1.53762E+00    4.93163E-01    2.17606E-01   -2.15490E-01    1.19501E-01    9.58140E-02    6.05256E-02    8.44437E-02
     7.34162E-01    1.53206E+00    4.88031E-01    2.19987E-01   -2.13559E-01    1.18581E-01    9.52708E-02    5.98480E-02    8.43945E-02
     7.36577E-01    1.52656E+00    4.82887E-01    2.22348E-01   -2.11621E-01    1.17665E-01    9.47283E-02    5.91757E-02    8.43434E-02
     7.38992E-01    1.52111E+00    4.77730E-01    2.24690E-01   -2.09676E-01    1.16753E-01    9.41865E-02    5.85089E-02    8.42905E-02
     7.41407E-01    1.51571E+00    4.72562E-01    2.27012E-01   -2.07724E-01    1.15846E-01    9.36453E-02    5.78474E-02    8.42358E-02
     7.43822E-01    1.51036E+00    4.67383E-01    2.29315E-01   -2.05765E-01    1.14943E-01    9.31049E-02    5.71913E-02    8.41794E-02
     7.46237E-01    1.50507E+00    4.62193E-01    2.31598E-01   -2.03800E-01    1.14043E-01    9.25653E-02    5.65406E-02    8.41211E-02
     7.48652E-01    1.49984E+00    4.56993E-01    2.33861E-01   -2.01830E-01    1.13148E-01    9.20266E-02    5.58951E-02    8.40611E-02
     7.51067E-01    1.49465E+00    4.51783E-01    2.36104E-01   -1.99853E-01    1.12257E-01    9.14886E-02    5.52550E-02    8.39993E-02
     7.53482E-01    1.48952E+00    4.46564E-01    2.38327E-01   -1.97871E-01    1.11371E-01    9.09516E-02    5.46202E-02    8.39358E-02
     7.55897E-01    1.48445E+00    4.41337E-01    2.40529E-01   -1.95883E-01    1.10488E-01    9.04154E-02    5.39907E-02    8.38706E-02
     7.58312E-01    1.47943E+00    4.36102E-01    2.42711E-01   -1.93891E-01    1.09610E-01    8.98802E-02    5.33664E-02    8.38036E-02
     7.60727E-01    1.47446E+00    4.30859E-01    2.44872E-01   -1.91893E-01    1.08735E-01    8.93460E-02    5.27475E-02    8.37349E-02
     7.63142E-01    1.46955E+00    4.25609E-01    2.47012E-01   -1.89891E-01    1.07866E-01    8.88128E-02    5.21337E-02    8.36645E-02
     7.65557E-01    1.46469E+00    4.20353E-01    2.49132E-01   -1.87885E-01    1.07000E-01    8.82805E-02    5.15252E-02    8.35924E-02
     7.67972E-01    1.45989E+00    4.15090E-01    2.51230E-01   -1.85874E-01    1.06138E-01    8.77494E-02    5.09219E-02    8.35187E-02
     7.70387E-01    1.45514E+00    4.09822E-01    2.53307E-01   -1.83860E-01    1.05281E-01    8.72193E-02    5.03238E-02    8.34433E-02
     7.72802E-01    1.45044E+00    4.04548E-01    2.55363E-01   -1.81842E-01    1.04428E-01    8.66903E-02    4.97309E-02    8.33662E-02
     7.75217E-01    1.44581E+00    3.99270E-01    2.57398E-01   -1.79821E-01    1.03580E-01    8.61624E-02    4.91432E-02    8.32874E-02
     7.77632E-01    1.44122E+00    3.93988E-01    2.59411E-01   -1.77796E-01    1.02735E-01    8.56357E-02    4.85605E-02    8.32070E-02
     7.80047E-01    1.43669E+00    3.88702E-01    2.61402E-01   -1.75768E-01    1.01895E-01    8.51102E-02    4.79831E-02    8.31250E-02
     7.82462E-01    1.43222E+00    3.83412E-01    2.63372E-01   -1.73738E-01    1.01060E-01    8.45859E-02    4.74107E-02    8.30414E-02
     7.84877E-01    1.42780E+00    3.78120E-01    2.65320E-01   -1.71705E-01    1.00228E-01    8.40629E-02    4.68434E-02    8.29562E-02
     7.87292E-01    1.42344E+00    3.72825E-01    2.67246E-01   -1.69670E-01    9.94009E-02    8.35410E-02    4.62812E-02    8.28694E-02
     7.89707E-01    1.41913E+00    3.67529E-01    2.69150E-01   -1.67632E-01    9.85781E-02    8.30205E-02    4.57240E-02    8.27809E-02
     7.92122E-01    1.41488E+00    3.62231E-01    2.71032E-01   -1.65593E-01    9.77596E-02    8.25013E-02    4.51719E-02    8.26910E-02
     7.94537E-01    1.41069E+00    3.56932E-01    2.72892E-01   -1.63552E-01    9.69454E-02    8.19834E-02    4.46248E-02    8.25994E-02
     7.96952E-01    1.40655E+00    3.51632E-01    2.74730E-01   -1.61509E-01    9.61355E-02    8.14668E-02    4.40827E-02    8.25063E-02
     7.99367E-01    1.40246E+00    3.46332E-01    2.76545E-01   -1.59466E-01    9.53300E-02    8.09516E-02    4.35455E-02    8.24117E-02
     8.01782E-01    1.39843E+00    3.41033E-01    2.78339E-01   -1.57421E-01    9.45288E-02    8.04379E-02    4.30133E-02    8.23155E-02
     8.04197E-01    1.39446E+00    3.35734E-01    2.80110E-01   -1.55375E-01    9.37320E-02    7.99255E-02    4.24860E-02    8.22179E-02
     8.06612E-01    1.39054E+00    3.30436E-01    2.81858E-01   -1.53329E-01    9.29395E-02    7.94145E-02    4.19636E-02    8.21187E-02
     8.09027E-01    1.38668E+00    3.25140E-01    2.83584E-01   -1.51282E-01    9.21514E-02    7.89050E-02    4.14462E-02    8.20180E-02
     8.11442E-01    1.38288E+00    3.19846E-01    2.85287E-01   -1.49235E-01    9.13676E-02    7.83970E-02    4.09335E-02    8.19159E-02
     8.13857E-01    1.37913E+00    3.14554E-01    2.86968E-01   -1.47188E-01    9.05882E-02    7.78905E-02    4.04258E-02    8.18122E-02
     8.16272E-01    1.37543E+00    3.09265E-01    2.88626E-01   -1.45140E-01    8.98132E-02    7.73855E-02    3.99228E-02    8.17071E-02
     8.18687E-01    1.37180E+00    3.03979E-01    2.90262E-01   -1.43093E-01    8.90425E-02    7.68820E-02    3.94246E-02    8.16006E-02
     8.21101E-01    1.36821E+00    2.98696E-01    2.91874E-01   -1.41047E-01    8.82762E-02    7.63800E-02    3.89312E-02    8.14926E-02
     8.23516E-01    1.36469E+00    2.93417E-01    2.93464E-01   -1.39001E-01    8.75142E-02    7.58797E-02    3.84426E-02    8.13832E-02
     8.25931E-01    1.36122E+00    2.88143E-01    2.95032E-01   -1.36956E-01    8.67566E-02    7.53809E-02    3.79587E-02    8.12724E-02
     8.28346E-01    1.35780E+00    2.82873E-01    2.96576E-01   -1.34912E-01    8.60034E-02    7.48837E-02    3.74794E-02    8.11601E-02
     8.30761E-01    1.35444E+00    2.77609E-01    2.98098E-01   -1.32869E-01    8.52546E-02    7.43881E-02    3.70049E-02    8.10465E-02
     8.33176E-01    1.35114E+00    2.72349E-01    2.99597E-01   -1.30827E-01    8.45101E-02    7.38942E-02    3.65350E-02    8.09315E-02
     8.35591E-01    1.34789E+00    2.67096E-01    3.01073E-01   -1.28787E-01    8.37700E-02    7.34019E-02    3.60697E-02    8.08151E-02
     8.38006E-01    1.34470E+00    2.61848E-01    3.02526E-01   -1.26748E-01    8.30343E-02    7.29113E-02    3.56091E-02    8.06974E-02
     8.40421E-01    1.34156E+00    2.56607E-01    3.03956E-01   -1.24712E-01    8.23029E-02    7.24224E-02    3.51530E-02    8.05783E-02
     8.42836E-01    1.33848E+00    2.51373E-01    3.05364E-01   -1.22677E-01    8.15759E-02    7.19351E-02    3.47015E-02    8.04578E-02
     8.45251E-01    1.33546E+00    2.46146E-01    3.06749E-01   -1.20644E-01    8.08532E-02    7.14496E-02    3.42545E-02    8.03361E-02
     8.47666E-01    1.33249E+00    2.40927E-01    3.08110E-01   -1.18614E-01    8.01350E-02    7.09658E-02    3.38120E-02    8.02130E-02
     8.50081E-01    1.32957E+00    2.35715E-01    3.09449E-01   -1.16585E-01    7.94210E-02    7.04837E-02    3.33740E-02    8.00886E-02
     8.52496E-01    1.32671E+00    2.30512E-01    3.10765E-01   -1.14560E-01    7.87115E-02    7.00034E-02    3.29404E-02    7.99629E-02
     8.54911E-01    1.32391E+00    2.25317E-01    3.12059E-01   -1.12537E-01    7.80063E-02    6.95248E-02    3.25113E-02    7.98360E-02
     8.57326E-01    1.32116E+00    2.20130E-01    3.13329E-01   -1.10517E-01    7.73054E-02    6.90480E-02    3.20865E-02    7.97078E-02
     8.59741E-01    1.31847E+00    2.14953E-01    3.14577E-01   -1.08500E-01    7.66089E-02    6.85731E-02    3.16662E-02    7.95783E-02
     8.62156E-01    1.31583E+00    2.09785E-01    3.15802E-01   -1.06486E-01    7.59167E-02    6.80999E-02    3.12502E-02    7.94475E-02
     8.64571E-01    1.31324E+00    2.04627E-01    3.17004E-01   -1.04475E-01    7.52289E-02    6.76285E-02    3.08385E-02    7.93156E-02
     8.66986E-01    1.31071E+00    1.99479E-01    3.18183E-01   -1.02468E-01    7.45454E-02    6.71590E-02    3.04311E-02    7.91824E-02
     8.69401E-01    1.30824E+00    1.94341E-01    3.19340E-01   -1.00464E-01    7.38662E-02    6.66912E-02    3.00280E-02    7.90480E-02
     8.71816E-01    1.30582E+00    1.89214E-01    3.20474E-01   -9.84632E-02    7.31914E-02    6.62254E-02    2.96291E-02    7.89124E-02
     8.74231E-01    1.30346E+00    1.84097E-01    3.21585E-01   -9.64665E-02    7.25208E-02    6.57614E-02    2.92344E-02    7.87756E-02
     8.76646E-01    1.30115E+00    1.78992E-01    3.22674E-01   -9.44737E-02    7.18546E-02    6.52992E-02    2.88439E-02    7.86376E-02
     8.79061E-01    1.29889E+00    1.73898E-01    3.23740E-01   -9.24849E-02    7.11927E-02    6.48390E-02    2.84576E-02    7.84984E-02
     8.81476E-01    1.29669E+00    1.68815E-01    3.24784E-01   -9.05002E-02    7.05351E-02    6.43806E-02    2.80754E-02    7.83581E-02
     8.83891E-01    1.29454E+00    1.63745E-01    3.25805E-01   -8.85196E-02    6.98818E-02    6.39241E-02    2.76973E-02    7.82166E-02
     8.86306E-01    1.29245E+00    1.58687E-01    3.26804E-01   -8.65433E-02    6.92328E-02    6.34695E-02    2.73233E-02    7.80740E-02
     8.88721E-01    1.29041E+00    1.53641E-01    3.27780E-01   -8.45715E-02    6.85880E-02    6.30169E-02    2.69533E-02    7.79303E-02
     8.91136E-01    1.28843E+00    1.48607E-01    3.28734E-01   -8.26041E-02    6.79476E-02    6.25662E-02    2.65874E-02    7.77855E-02
     8.93551E-01    1.28649E+00    1.43587E-01    3.29666E-01   -8.06414E-02    6.73114E-02    6.21173E-02    2.62255E-02    7.76396E-02
     8.95966E-01    1.28462E+00    1.38580E-01    3.30575E-01   -7.86835E-02    6.66794E-02    6.16705E-02    2.58675E-02    7.74925E-02
     8.98381E-01    1.28279E+00    1.33586E-01    3.31462E-01   -7.67303E-02    6.60517E-02    6.12256E-02    2.55134E-02    7.73444E-02
     9.00796E-01    1.28102E+00    1.28606E-01    3.32327E-01   -7.47821E-02    6.54283E-02    6.07826E-02    2.51633E-02    7.71952E-02
     9.03211E-01    1.27930E+00    1.23640E-01    3.33170E-01   -7.28388E-02    6.48091E-02    6.03416E-02    2.48171E-02    7.70450E-02
     9.05626E-01    1.27764E+00    1.18688E-01    3.33990E-01   -7.09007E-02    6.41941E-02    5.99026E-02    2.44747E-02    7.68937E-02
     9.08041E-01    1.27603E+00    1.13750E-01    3.34789E-01   -6.89678E-02    6.35833E-02    5.94655E-02    2.41362E-02    7.67414E-02
     9.10456E-01    1.27447E+00    1.08826E-01    3.35566E-01   -6.70402E-02    6.29768E-02    5.90304E-02    2.38014E-02    7.65880E-02
     9.12871E-01    1.27296E+00    1.03917E-01    3.36320E-01   -6.51180E-02    6.23744E-02    5.85973E-02    2.34704E-02    7.64337E-02
     9.15286E-01    1.27151E+00    9.90233E-02    3.37053E-01   -6.32012E-02    6.17762E-02    5.81662E-02    2.31432E-02    7.62783E-02
     9.17700E-01    1.27011E+00    9.41444E-02    3.37765E-01   -6.12900E-02    6.11822E-02    5.77371E-02    2.28197E-02    7.61220E-02
     9.20115E-01    1.26876E+00    8.92809E-02    3.38454E-01   -5.93845E-02    6.05924E-02    5.73100E-02    2.24998E-02    7.59646E-02
     9.22530E-01    1.26746E+00    8.44328E-02    3.39122E-01   -5.74846E-02    6.00067E-02    5.68849E-02    2.21837E-02    7.58063E-02
     9.24945E-01    1.26621E+00    7.96004E-02    3.39768E-01   -5.55906E-02    5.94252E-02    5.64618E-02    2.18711E-02    7.56471E-02
     9.27360E-01    1.26502E+00    7.47839E-02    3.40393E-01   -5.37025E-02    5.88478E-02    5.60408E-02    2.15622E-02    7.54869E-02
     9.29775E-01    1.26388E+00    6.99833E-02    3.40996E-01   -5.18203E-02    5.82746E-02    5.56217E-02    2.12568E-02    7.53257E-02
     9.32190E-01    1.26279E+00    6.51990E-02    3.41578E-01   -4.99441E-02    5.77054E-02    5.52047E-02    2.09550E-02    7.51636E-02
     9.34605E-01    1.26175E+00    6.04311E-02    3.42139E-01   -4.80741E-02    5.71404E-02    5.47897E-02    2.06567E-02    7.50007E-02
     9.37020E-01    1.26076E+00    5.56798E-02    3.42678E-01   -4.62102E-02    5.65795E-02    5.43768E-02    2.03619E-02    7.48368E-02
     9.39435E-01    1.25982E+00    5.09451E-02    3.43196E-01   -4.43526E-02    5.60226E-02    5.39659E-02    2.00706E-02    7.46720E-02
     9.41850E-01    1.25894E+00    4.62273E-02    3.43693E-01   -4.25013E-02    5.54698E-02    5.35570E-02    1.97827E-02    7.45063E-02
     9.44265E-01    1.25810E+00    4.15266E-02    3.44169E-01   -4.06564E-02    5.49211E-02    5.31501E-02    1.94982E-02    7.43398E-02
     9.46680E-01    1.25731E+00    3.68431E-02    3.44624E-01   -3.88180E-02    5.43764E-02    5.27453E-02    1.92170E-02    7.41724E-02
     9.49095E-01    1.25658E+00    3.21769E-02    3.45058E-01   -3.69861E-02    5.38357E-02    5.23426E-02    1.89393E-02    7.40041E-02
     9.51510E-01    1.25589E+00    2.75283E-02    3.45471E-01   -3.51608E-02    5.32991E-02    5.19419E-02    1.86648E-02    7.38350E-02
     9.53925E-01    1.25526E+00    2.28972E-02    3.45863E-01   -3.33421E-02    5.27664E-02    5.15433E-02    1.83937E-02    7.36651E-02
     9.56340E-01    1.25467E+00    1.82840E-02    3.46235E-01   -3.15302E-02    5.22378E-02    5.11467E-02    1.81258E-02    7.34943E-02
     9.58755E-01    1.25413E+00    1.36887E-02    3.46586E-01   -2.97250E-02    5.17131E-02    5.07521E-02    1.78611E-02    7.33228E-02
     9.61170E-01    1.25365E+00    9.11149E-03    3.46916E-01   -2.79267E-02    5.11924E-02    5.03597E-02    1.75997E-02    7.31504E-02
     9.63585E-01    1.25321E+00    4.55248E-03    3.47226E-01   -2.61353E-02    5.06757E-02    4.99692E-02    1.73414E-02    7.29773E-02
     9.66000E-01    1.25282E+00    1.18017E-05    3.47516E-01   -2.43509E-02    5.01629E-02    4.95809E-02    1.70863E-02    7.28034E-02
