     1.00000E-05    3.98347E+00   -1.43510E-05   -3.97800E-01   -1.24243E-05    4.60265E-01    4.55989E-06    3.08523E-01    6.05654E-11
     8.00998E-03    3.98281E+00    3.08087E-02   -3.97638E-01   -9.95024E-03    4.60181E-01    3.65152E-03    3.08448E-01    3.88494E-05
     1.60100E-02    3.98083E+00    6.15443E-02   -3.97152E-01   -1.98786E-02    4.59927E-01    7.29288E-03    3.08226E-01    1.55103E-04
     2.40099E-02    3.97754E+00    9.22108E-02   -3.96344E-01   -2.97882E-02    4.59505E-01    1.09231E-02    3.07856E-01    3.48459E-04
     3.20099E-02    3.97294E+00    1.22774E-01   -3.95214E-01   -3.96697E-02    4.58915E-01    1.45365E-02    3.07338E-01    6.18418E-04
     4.00099E-02    3.96703E+00    1.53199E-01   -3.93764E-01   -4.95136E-02    4.58157E-01    1.81277E-02    3.06675E-01    9.64283E-04
     4.80098E-02    3.95983E+00    1.83454E-01   -3.91995E-01   -5.93109E-02    4.57233E-01    2.16913E-02    3.05866E-01    1.38516E-03
     5.60098E-02    3.95133E+00    2.13503E-01   -3.89910E-01   -6.90524E-02    4.56144E-01    2.52219E-02    3.04914E-01    1.87997E-03
     6.40098E-02    3.94156E+00    2.43314E-01   -3.87512E-01   -7.87290E-02    4.54891E-01    2.87143E-02    3.03819E-01    2.44744E-03
     7.20098E-02    3.93052E+00    2.72855E-01   -3.84803E-01   -8.83319E-02    4.53476E-01    3.21634E-02    3.02584E-01    3.08613E-03
     8.00098E-02    3.91822E+00    3.02094E-01   -3.81786E-01   -9.78522E-02    4.51901E-01    3.55643E-02    3.01212E-01    3.79440E-03
     8.80097E-02    3.90469E+00    3.30999E-01   -3.78467E-01   -1.07281E-01    4.50167E-01    3.89120E-02    2.99703E-01    4.57045E-03
     9.60097E-02    3.88993E+00    3.59540E-01   -3.74848E-01   -1.16611E-01    4.48276E-01    4.22020E-02    2.98061E-01    5.41234E-03
     1.04010E-01    3.87396E+00    3.87686E-01   -3.70934E-01   -1.25833E-01    4.46232E-01    4.54298E-02    2.96288E-01    6.31794E-03
     1.12010E-01    3.85681E+00    4.15409E-01   -3.66731E-01   -1.34939E-01    4.44036E-01    4.85911E-02    2.94388E-01    7.28500E-03
     1.20010E-01    3.83848E+00    4.42681E-01   -3.62242E-01   -1.43921E-01    4.41691E-01    5.16818E-02    2.92363E-01    8.31111E-03
     1.28010E-01    3.81901E+00    4.69475E-01   -3.57475E-01   -1.52772E-01    4.39200E-01    5.46980E-02    2.90217E-01    9.39374E-03
     1.36010E-01    3.79842E+00    4.95763E-01   -3.52433E-01   -1.61484E-01    4.36567E-01    5.76360E-02    2.87953E-01    1.05302E-02
     1.44010E-01    3.77673E+00    5.21521E-01   -3.47125E-01   -1.70050E-01    4.33793E-01    6.04926E-02    2.85574E-01    1.17179E-02
     1.52010E-01    3.75395E+00    5.46725E-01   -3.41556E-01   -1.78463E-01    4.30883E-01    6.32643E-02    2.83086E-01    1.29537E-02
     1.60009E-01    3.73013E+00    5.71352E-01   -3.35732E-01   -1.86718E-01    4.27841E-01    6.59484E-02    2.80491E-01    1.42349E-02
     1.68009E-01    3.70529E+00    5.95380E-01   -3.29661E-01   -1.94806E-01    4.24668E-01    6.85420E-02    2.77793E-01    1.55583E-02
     1.76009E-01    3.67945E+00    6.18787E-01   -3.23349E-01   -2.02723E-01    4.21371E-01    7.10427E-02    2.74997E-01    1.69210E-02
     1.84009E-01    3.65264E+00    6.41555E-01   -3.16805E-01   -2.10462E-01    4.17951E-01    7.34483E-02    2.72107E-01    1.83196E-02
     1.92009E-01    3.62489E+00    6.63666E-01   -3.10035E-01   -2.18019E-01    4.14413E-01    7.57568E-02    2.69127E-01    1.97510E-02
     2.00009E-01    3.59624E+00    6.85102E-01   -3.03048E-01   -2.25388E-01    4.10762E-01    7.79666E-02    2.66061E-01    2.12120E-02
     2.08009E-01    3.56671E+00    7.05848E-01   -2.95851E-01   -2.32563E-01    4.07002E-01    8.00761E-02    2.62915E-01    2.26992E-02
     2.16009E-01    3.53634E+00    7.25890E-01   -2.88453E-01   -2.39542E-01    4.03135E-01    8.20841E-02    2.59692E-01    2.42095E-02
     2.24009E-01    3.50516E+00    7.45214E-01   -2.80862E-01   -2.46319E-01    3.99168E-01    8.39897E-02    2.56398E-01    2.57395E-02
     2.32009E-01    3.47320E+00    7.63808E-01   -2.73086E-01   -2.52890E-01    3.95105E-01    8.57921E-02    2.53036E-01    2.72859E-02
     2.40009E-01    3.44049E+00    7.81663E-01   -2.65134E-01   -2.59253E-01    3.90949E-01    8.74909E-02    2.49612E-01    2.88455E-02
     2.48009E-01    3.40707E+00    7.98770E-01   -2.57014E-01   -2.65404E-01    3.86705E-01    8.90858E-02    2.46130E-01    3.04150E-02
     2.56009E-01    3.37298E+00    8.15120E-01   -2.48736E-01   -2.71339E-01    3.82378E-01    9.05767E-02    2.42594E-01    3.19912E-02
     2.64009E-01    3.33824E+00    8.30708E-01   -2.40309E-01   -2.77057E-01    3.77973E-01    9.19639E-02    2.39010E-01    3.35709E-02
     2.72009E-01    3.30290E+00    8.45529E-01   -2.31740E-01   -2.82556E-01    3.73494E-01    9.32478E-02    2.35381E-01    3.51511E-02
     2.80009E-01    3.26698E+00    8.59578E-01   -2.23039E-01   -2.87833E-01    3.68945E-01    9.44289E-02    2.31713E-01    3.67286E-02
     2.88009E-01    3.23053E+00    8.72854E-01   -2.14216E-01   -2.92886E-01    3.64332E-01    9.55081E-02    2.28010E-01    3.83004E-02
     2.96009E-01    3.19357E+00    8.85355E-01   -2.05279E-01   -2.97715E-01    3.59658E-01    9.64864E-02    2.24276E-01    3.98638E-02
     3.04009E-01    3.15615E+00    8.97082E-01   -1.96236E-01   -3.02320E-01    3.54929E-01    9.73649E-02    2.20516E-01    4.14158E-02
     3.12009E-01    3.11830E+00    9.08036E-01   -1.87098E-01   -3.06698E-01    3.50150E-01    9.81450E-02    2.16734E-01    4.29536E-02
     3.20009E-01    3.08005E+00    9.18221E-01   -1.77873E-01   -3.10850E-01    3.45324E-01    9.88281E-02    2.12934E-01    4.44747E-02
     3.28009E-01    3.04144E+00    9.27638E-01   -1.68570E-01   -3.14776E-01    3.40456E-01    9.94160E-02    2.09121E-01    4.59765E-02
     3.36009E-01    3.00250E+00    9.36295E-01   -1.59198E-01   -3.18476E-01    3.35551E-01    9.99105E-02    2.05298E-01    4.74565E-02
     3.44009E-01    2.96327E+00    9.44196E-01   -1.49766E-01   -3.21952E-01    3.30613E-01    1.00313E-01    2.01470E-01    4.89125E-02
     3.52009E-01    2.92378E+00    9.51350E-01   -1.40282E-01   -3.25203E-01    3.25647E-01    1.00627E-01    1.97640E-01    5.03421E-02
     3.60009E-01    2.88406E+00    9.57764E-01   -1.30756E-01   -3.28232E-01    3.20656E-01    1.00853E-01    1.93813E-01    5.17434E-02
     3.68009E-01    2.84416E+00    9.63448E-01   -1.21195E-01   -3.31040E-01    3.15646E-01    1.00994E-01    1.89991E-01    5.31142E-02
     3.76009E-01    2.80409E+00    9.68412E-01   -1.11609E-01   -3.33629E-01    3.10621E-01    1.01052E-01    1.86178E-01    5.44527E-02
     3.84009E-01    2.76390E+00    9.72667E-01   -1.02004E-01   -3.36000E-01    3.05584E-01    1.01030E-01    1.82378E-01    5.57573E-02
     3.92009E-01    2.72361E+00    9.76225E-01   -9.23907E-02   -3.38157E-01    3.00539E-01    1.00930E-01    1.78594E-01    5.70262E-02
     4.00009E-01    2.68326E+00    9.79099E-01   -8.27755E-02   -3.40102E-01    2.95491E-01    1.00754E-01    1.74829E-01    5.82580E-02
     4.08009E-01    2.64287E+00    9.81302E-01   -7.31666E-02   -3.41838E-01    2.90443E-01    1.00506E-01    1.71086E-01    5.94513E-02
     4.16009E-01    2.60248E+00    9.82850E-01   -6.35715E-02   -3.43368E-01    2.85400E-01    1.00188E-01    1.67368E-01    6.06049E-02
     4.24009E-01    2.56211E+00    9.83756E-01   -5.39977E-02   -3.44695E-01    2.80364E-01    9.98025E-02    1.63678E-01    6.17176E-02
     4.32009E-01    2.52179E+00    9.84036E-01   -4.44524E-02   -3.45824E-01    2.75340E-01    9.93523E-02    1.60018E-01    6.27884E-02
     4.40009E-01    2.48155E+00    9.83708E-01   -3.49426E-02   -3.46757E-01    2.70331E-01    9.88402E-02    1.56391E-01    6.38165E-02
     4.48009E-01    2.44141E+00    9.82786E-01   -2.54749E-02   -3.47499E-01    2.65339E-01    9.82688E-02    1.52799E-01    6.48011E-02
     4.56009E-01    2.40141E+00    9.81289E-01   -1.60560E-02   -3.48055E-01    2.60370E-01    9.76410E-02    1.49244E-01    6.57415E-02
     4.64009E-01    2.36156E+00    9.79234E-01   -6.69199E-03   -3.48428E-01    2.55424E-01    9.69594E-02    1.45729E-01    6.66372E-02
     4.72009E-01    2.32188E+00    9.76639E-01    2.61102E-03   -3.48623E-01    2.50506E-01    9.62267E-02    1.42254E-01    6.74879E-02
     4.80009E-01    2.28241E+00    9.73521E-01    1.18473E-02   -3.48645E-01    2.45618E-01    9.54457E-02    1.38823E-01    6.82932E-02
     4.88008E-01    2.24316E+00    9.69900E-01    2.10114E-02   -3.48499E-01    2.40763E-01    9.46190E-02    1.35437E-01    6.90528E-02
     4.96008E-01    2.20415E+00    9.65794E-01    3.00981E-02   -3.48188E-01    2.35944E-01    9.37492E-02    1.32096E-01    6.97668E-02
     5.04008E-01    2.16541E+00    9.61222E-01    3.91023E-02   -3.47720E-01    2.31163E-01    9.28391E-02    1.28804E-01    7.04350E-02
     5.12008E-01    2.12695E+00    9.56202E-01    4.80196E-02   -3.47098E-01    2.26423E-01    9.18910E-02    1.25560E-01    7.10577E-02
     5.20008E-01    2.08879E+00    9.50754E-01    5.68454E-02   -3.46327E-01    2.21725E-01    9.09077E-02    1.22366E-01    7.16349E-02
     5.28008E-01    2.05094E+00    9.44896E-01    6.55756E-02   -3.45413E-01    2.17072E-01    8.98915E-02    1.19223E-01    7.21669E-02
     5.36008E-01    2.01343E+00    9.38648E-01    7.42064E-02   -3.44362E-01    2.12466E-01    8.88449E-02    1.16132E-01    7.26540E-02
     5.44008E-01    1.97627E+00    9.32028E-01    8.27343E-02   -3.43178E-01    2.07909E-01    8.77702E-02    1.13094E-01    7.30968E-02
     5.52008E-01    1.93947E+00    9.25055E-01    9.11559E-02   -3.41867E-01    2.03402E-01    8.66698E-02    1.10109E-01    7.34957E-02
     5.60008E-01    1.90304E+00    9.17747E-01    9.94682E-02   -3.40434E-01    1.98948E-01    8.55459E-02    1.07178E-01    7.38512E-02
     5.68008E-01    1.86700E+00    9.10123E-01    1.07668E-01   -3.38884E-01    1.94547E-01    8.44008E-02    1.04302E-01    7.41639E-02
     5.76008E-01    1.83136E+00    9.02201E-01    1.15754E-01   -3.37223E-01    1.90201E-01    8.32365E-02    1.01481E-01    7.44346E-02
     5.84008E-01    1.79613E+00    8.93999E-01    1.23723E-01   -3.35455E-01    1.85912E-01    8.20551E-02    9.87144E-02    7.46640E-02
     5.92008E-01    1.76132E+00    8.85535E-01    1.31573E-01   -3.33587E-01    1.81681E-01    8.08586E-02    9.60035E-02    7.48529E-02
     6.00008E-01    1.72694E+00    8.76825E-01    1.39302E-01   -3.31623E-01    1.77508E-01    7.96490E-02    9.33479E-02    7.50021E-02
     6.08008E-01    1.69300E+00    8.67888E-01    1.46910E-01   -3.29568E-01    1.73395E-01    7.84281E-02    9.07478E-02    7.51124E-02
     6.16008E-01    1.65950E+00    8.58739E-01    1.54394E-01   -3.27428E-01    1.69342E-01    7.71978E-02    8.82031E-02    7.51849E-02
     6.24008E-01    1.62645E+00    8.49394E-01    1.61753E-01   -3.25206E-01    1.65351E-01    7.59596E-02    8.57138E-02    7.52203E-02
     6.32008E-01    1.59385E+00    8.39871E-01    1.68988E-01   -3.22909E-01    1.61421E-01    7.47154E-02    8.32794E-02    7.52198E-02
     6.40008E-01    1.56172E+00    8.30184E-01    1.76096E-01   -3.20540E-01    1.57555E-01    7.34666E-02    8.09000E-02    7.51843E-02
     6.48008E-01    1.53005E+00    8.20348E-01    1.83078E-01   -3.18105E-01    1.53751E-01    7.22148E-02    7.85750E-02    7.51147E-02
     6.56008E-01    1.49884E+00    8.10378E-01    1.89933E-01   -3.15608E-01    1.50011E-01    7.09615E-02    7.63041E-02    7.50122E-02
     6.64008E-01    1.46811E+00    8.00289E-01    1.96662E-01   -3.13053E-01    1.46335E-01    6.97080E-02    7.40870E-02    7.48779E-02
     6.72008E-01    1.43786E+00    7.90093E-01    2.03263E-01   -3.10444E-01    1.42723E-01    6.84556E-02    7.19230E-02    7.47126E-02
     6.80008E-01    1.40807E+00    7.79805E-01    2.09738E-01   -3.07787E-01    1.39175E-01    6.72056E-02    6.98117E-02    7.45176E-02
     6.88008E-01    1.37877E+00    7.69436E-01    2.16087E-01   -3.05084E-01    1.35691E-01    6.59592E-02    6.77525E-02    7.42939E-02
     6.96008E-01    1.34994E+00    7.59001E-01    2.22311E-01   -3.02340E-01    1.32272E-01    6.47175E-02    6.57448E-02    7.40426E-02
     7.04008E-01    1.32159E+00    7.48509E-01    2.28409E-01   -2.99558E-01    1.28917E-01    6.34815E-02    6.37879E-02    7.37647E-02
     7.12008E-01    1.29372E+00    7.37974E-01    2.34384E-01   -2.96742E-01    1.25626E-01    6.22522E-02    6.18811E-02    7.34614E-02
     7.20008E-01    1.26632E+00    7.27406E-01    2.40234E-01   -2.93897E-01    1.22399E-01    6.10307E-02    6.00238E-02    7.31336E-02
     7.28008E-01    1.23939E+00    7.16815E-01    2.45963E-01   -2.91024E-01    1.19236E-01    5.98176E-02    5.82151E-02    7.27825E-02
     7.36008E-01    1.21294E+00    7.06212E-01    2.51570E-01   -2.88128E-01    1.16136E-01    5.86140E-02    5.64544E-02    7.24091E-02
     7.44008E-01    1.18696E+00    6.95606E-01    2.57058E-01   -2.85211E-01    1.13099E-01    5.74205E-02    5.47408E-02    7.20144E-02
     7.52008E-01    1.16144E+00    6.85006E-01    2.62426E-01   -2.82277E-01    1.10125E-01    5.62379E-02    5.30736E-02    7.15995E-02
     7.60008E-01    1.13639E+00    6.74422E-01    2.67677E-01   -2.79329E-01    1.07213E-01    5.50668E-02    5.14518E-02    7.11654E-02
     7.68008E-01    1.11181E+00    6.63861E-01    2.72812E-01   -2.76369E-01    1.04363E-01    5.39078E-02    4.98748E-02    7.07131E-02
     7.76008E-01    1.08768E+00    6.53332E-01    2.77833E-01   -2.73399E-01    1.01574E-01    5.27615E-02    4.83415E-02    7.02435E-02
     7.84008E-01    1.06400E+00    6.42842E-01    2.82740E-01   -2.70424E-01    9.88458E-02    5.16284E-02    4.68513E-02    6.97576E-02
     7.92008E-01    1.04077E+00    6.32397E-01    2.87536E-01   -2.67444E-01    9.61774E-02    5.05090E-02    4.54031E-02    6.92565E-02
     8.00008E-01    1.01799E+00    6.22006E-01    2.92222E-01   -2.64462E-01    9.35684E-02    4.94037E-02    4.39963E-02    6.87408E-02
     8.08007E-01    9.95655E-01    6.11673E-01    2.96800E-01   -2.61480E-01    9.10180E-02    4.83130E-02    4.26297E-02    6.82117E-02
     8.16007E-01    9.73753E-01    6.01405E-01    3.01271E-01   -2.58501E-01    8.85257E-02    4.72370E-02    4.13027E-02    6.76700E-02
     8.24007E-01    9.52283E-01    5.91208E-01    3.05638E-01   -2.55527E-01    8.60906E-02    4.61763E-02    4.00144E-02    6.71164E-02
     8.32007E-01    9.31238E-01    5.81086E-01    3.09902E-01   -2.52558E-01    8.37120E-02    4.51309E-02    3.87638E-02    6.65520E-02
     8.40007E-01    9.10615E-01    5.71045E-01    3.14064E-01   -2.49598E-01    8.13891E-02    4.41012E-02    3.75500E-02    6.59774E-02
     8.48007E-01    8.90408E-01    5.61089E-01    3.18127E-01   -2.46647E-01    7.91212E-02    4.30875E-02    3.63724E-02    6.53934E-02
     8.56007E-01    8.70611E-01    5.51222E-01    3.22092E-01   -2.43707E-01    7.69074E-02    4.20897E-02    3.52299E-02    6.48009E-02
     8.64007E-01    8.51219E-01    5.41449E-01    3.25961E-01   -2.40781E-01    7.47469E-02    4.11082E-02    3.41217E-02    6.42006E-02
     8.72007E-01    8.32225E-01    5.31772E-01    3.29737E-01   -2.37868E-01    7.26389E-02    4.01430E-02    3.30470E-02    6.35932E-02
     8.80007E-01    8.13625E-01    5.22194E-01    3.33420E-01   -2.34970E-01    7.05825E-02    3.91942E-02    3.20049E-02    6.29793E-02
     8.88007E-01    7.95412E-01    5.12720E-01    3.37012E-01   -2.32089E-01    6.85769E-02    3.82619E-02    3.09947E-02    6.23597E-02
     8.96007E-01    7.77581E-01    5.03352E-01    3.40516E-01   -2.29226E-01    6.66212E-02    3.73461E-02    3.00154E-02    6.17350E-02
     9.04007E-01    7.60125E-01    4.94092E-01    3.43933E-01   -2.26382E-01    6.47145E-02    3.64469E-02    2.90663E-02    6.11058E-02
     9.12007E-01    7.43038E-01    4.84942E-01    3.47265E-01   -2.23557E-01    6.28559E-02    3.55642E-02    2.81466E-02    6.04727E-02
     9.20007E-01    7.26315E-01    4.75904E-01    3.50514E-01   -2.20753E-01    6.10446E-02    3.46980E-02    2.72556E-02    5.98363E-02
     9.28007E-01    7.09949E-01    4.66981E-01    3.53681E-01   -2.17970E-01    5.92797E-02    3.38482E-02    2.63923E-02    5.91972E-02
     9.36007E-01    6.93934E-01    4.58174E-01    3.56768E-01   -2.15209E-01    5.75603E-02    3.30149E-02    2.55562E-02    5.85559E-02
     9.44007E-01    6.78265E-01    4.49484E-01    3.59777E-01   -2.12472E-01    5.58856E-02    3.21980E-02    2.47464E-02    5.79129E-02
     9.52007E-01    6.62935E-01    4.40912E-01    3.62710E-01   -2.09758E-01    5.42545E-02    3.13972E-02    2.39621E-02    5.72687E-02
     9.60007E-01    6.47938E-01    4.32459E-01    3.65568E-01   -2.07068E-01    5.26664E-02    3.06127E-02    2.32028E-02    5.66237E-02
     9.68007E-01    6.33268E-01    4.24126E-01    3.68354E-01   -2.04402E-01    5.11202E-02    2.98441E-02    2.24676E-02    5.59784E-02
     9.76007E-01    6.18919E-01    4.15915E-01    3.71067E-01   -2.01762E-01    4.96151E-02    2.90915E-02    2.17559E-02    5.53333E-02
     9.84007E-01    6.04886E-01    4.07824E-01    3.73712E-01   -1.99148E-01    4.81502E-02    2.83546E-02    2.10670E-02    5.46886E-02
     9.92007E-01    5.91162E-01    3.99855E-01    3.76288E-01   -1.96560E-01    4.67247E-02    2.76333E-02    2.04003E-02    5.40450E-02
     1.00001E+00    5.77741E-01    3.92008E-01    3.78797E-01   -1.93998E-01    4.53378E-02    2.69274E-02    1.97550E-02    5.34026E-02
     1.00801E+00    5.64618E-01    3.84282E-01    3.81242E-01   -1.91462E-01    4.39885E-02    2.62368E-02    1.91307E-02    5.27618E-02
     1.01601E+00    5.51786E-01    3.76678E-01    3.83623E-01   -1.88954E-01    4.26761E-02    2.55614E-02    1.85265E-02    5.21230E-02
     1.02401E+00    5.39241E-01    3.69196E-01    3.85943E-01   -1.86472E-01    4.13997E-02    2.49008E-02    1.79420E-02    5.14865E-02
     1.03201E+00    5.26976E-01    3.61835E-01    3.88202E-01   -1.84018E-01    4.01585E-02    2.42549E-02    1.73765E-02    5.08526E-02
     1.04001E+00    5.14986E-01    3.54595E-01    3.90402E-01   -1.81592E-01    3.89517E-02    2.36236E-02    1.68295E-02    5.02215E-02
     1.04801E+00    5.03266E-01    3.47475E-01    3.92544E-01   -1.79193E-01    3.77784E-02    2.30066E-02    1.63004E-02    4.95936E-02
     1.05601E+00    4.91809E-01    3.40474E-01    3.94631E-01   -1.76822E-01    3.66379E-02    2.24037E-02    1.57886E-02    4.89691E-02
     1.06401E+00    4.80611E-01    3.33593E-01    3.96662E-01   -1.74478E-01    3.55294E-02    2.18147E-02    1.52937E-02    4.83482E-02
     1.07201E+00    4.69665E-01    3.26830E-01    3.98640E-01   -1.72162E-01    3.44522E-02    2.12394E-02    1.48150E-02    4.77311E-02
     1.08001E+00    4.58968E-01    3.20185E-01    4.00567E-01   -1.69874E-01    3.34054E-02    2.06775E-02    1.43522E-02    4.71180E-02
     1.08801E+00    4.48513E-01    3.13656E-01    4.02442E-01   -1.67614E-01    3.23884E-02    2.01290E-02    1.39046E-02    4.65092E-02
     1.09601E+00    4.38296E-01    3.07243E-01    4.04268E-01   -1.65381E-01    3.14004E-02    1.95934E-02    1.34719E-02    4.59048E-02
     1.10401E+00    4.28311E-01    3.00944E-01    4.06046E-01   -1.63176E-01    3.04406E-02    1.90706E-02    1.30535E-02    4.53050E-02
     1.11201E+00    4.18554E-01    2.94759E-01    4.07776E-01   -1.60999E-01    2.95084E-02    1.85604E-02    1.26490E-02    4.47099E-02
     1.12001E+00    4.09020E-01    2.88686E-01    4.09461E-01   -1.58849E-01    2.86031E-02    1.80626E-02    1.22579E-02    4.41197E-02
     1.12801E+00    3.99704E-01    2.82724E-01    4.11101E-01   -1.56727E-01    2.77240E-02    1.75769E-02    1.18799E-02    4.35346E-02
     1.13601E+00    3.90600E-01    2.76872E-01    4.12698E-01   -1.54631E-01    2.68704E-02    1.71031E-02    1.15145E-02    4.29546E-02
     1.14401E+00    3.81706E-01    2.71129E-01    4.14252E-01   -1.52563E-01    2.60416E-02    1.66409E-02    1.11612E-02    4.23798E-02
     1.15201E+00    3.73015E-01    2.65494E-01    4.15765E-01   -1.50522E-01    2.52371E-02    1.61903E-02    1.08198E-02    4.18104E-02
     1.16001E+00    3.64524E-01    2.59965E-01    4.17237E-01   -1.48508E-01    2.44561E-02    1.57508E-02    1.04898E-02    4.12464E-02
     1.16801E+00    3.56228E-01    2.54540E-01    4.18671E-01   -1.46520E-01    2.36980E-02    1.53223E-02    1.01708E-02    4.06880E-02
     1.17601E+00    3.48123E-01    2.49219E-01    4.20066E-01   -1.44558E-01    2.29623E-02    1.49047E-02    9.86248E-03    4.01352E-02
     1.18401E+00    3.40204E-01    2.44000E-01    4.21424E-01   -1.42623E-01    2.22484E-02    1.44975E-02    9.56452E-03    3.95880E-02
     1.19201E+00    3.32468E-01    2.38882E-01    4.22746E-01   -1.40713E-01    2.15556E-02    1.41007E-02    9.27655E-03    3.90466E-02
     1.20001E+00    3.24910E-01    2.33863E-01    4.24032E-01   -1.38829E-01    2.08834E-02    1.37141E-02    8.99825E-03    3.85110E-02
     1.20801E+00    3.17527E-01    2.28942E-01    4.25284E-01   -1.36971E-01    2.02312E-02    1.33373E-02    8.72930E-03    3.79812E-02
     1.21601E+00    3.10313E-01    2.24118E-01    4.26503E-01   -1.35138E-01    1.95986E-02    1.29702E-02    8.46938E-03    3.74573E-02
     1.22401E+00    3.03267E-01    2.19388E-01    4.27689E-01   -1.33330E-01    1.89848E-02    1.26127E-02    8.21820E-03    3.69394E-02
     1.23201E+00    2.96383E-01    2.14752E-01    4.28843E-01   -1.31547E-01    1.83895E-02    1.22643E-02    7.97546E-03    3.64273E-02
     1.24001E+00    2.89658E-01    2.10208E-01    4.29967E-01   -1.29788E-01    1.78121E-02    1.19251E-02    7.74089E-03    3.59212E-02
     1.24801E+00    2.83089E-01    2.05755E-01    4.31060E-01   -1.28054E-01    1.72522E-02    1.15947E-02    7.51422E-03    3.54211E-02
     1.25601E+00    2.76672E-01    2.01391E-01    4.32124E-01   -1.26343E-01    1.67091E-02    1.12730E-02    7.29516E-03    3.49270E-02
     1.26401E+00    2.70403E-01    1.97115E-01    4.33160E-01   -1.24657E-01    1.61825E-02    1.09597E-02    7.08348E-03    3.44388E-02
     1.27201E+00    2.64279E-01    1.92925E-01    4.34168E-01   -1.22993E-01    1.56719E-02    1.06547E-02    6.87893E-03    3.39566E-02
     1.28001E+00    2.58297E-01    1.88820E-01    4.35149E-01   -1.21353E-01    1.51769E-02    1.03578E-02    6.68126E-03    3.34805E-02
     1.28801E+00    2.52454E-01    1.84799E-01    4.36104E-01   -1.19736E-01    1.46969E-02    1.00687E-02    6.49024E-03    3.30102E-02
     1.29601E+00    2.46745E-01    1.80860E-01    4.37033E-01   -1.18141E-01    1.42316E-02    9.78738E-03    6.30564E-03    3.25460E-02
     1.30401E+00    2.41169E-01    1.77001E-01    4.37937E-01   -1.16569E-01    1.37806E-02    9.51356E-03    6.12726E-03    3.20877E-02
     1.31201E+00    2.35722E-01    1.73221E-01    4.38817E-01   -1.15019E-01    1.33434E-02    9.24707E-03    5.95487E-03    3.16353E-02
     1.32001E+00    2.30401E-01    1.69520E-01    4.39674E-01   -1.13491E-01    1.29196E-02    8.98774E-03    5.78828E-03    3.11888E-02
     1.32801E+00    2.25203E-01    1.65894E-01    4.40508E-01   -1.11984E-01    1.25089E-02    8.73540E-03    5.62729E-03    3.07482E-02
     1.33601E+00    2.20126E-01    1.62344E-01    4.41319E-01   -1.10498E-01    1.21108E-02    8.48987E-03    5.47170E-03    3.03134E-02
     1.34401E+00    2.15166E-01    1.58868E-01    4.42108E-01   -1.09033E-01    1.17250E-02    8.25098E-03    5.32134E-03    2.98845E-02
     1.35201E+00    2.10321E-01    1.55463E-01    4.42877E-01   -1.07589E-01    1.13512E-02    8.01858E-03    5.17602E-03    2.94613E-02
     1.36001E+00    2.05588E-01    1.52130E-01    4.43625E-01   -1.06165E-01    1.09890E-02    7.79251E-03    5.03558E-03    2.90439E-02
     1.36801E+00    2.00964E-01    1.48867E-01    4.44353E-01   -1.04762E-01    1.06380E-02    7.57259E-03    4.89984E-03    2.86322E-02
     1.37601E+00    1.96447E-01    1.45672E-01    4.45061E-01   -1.03378E-01    1.02979E-02    7.35869E-03    4.76865E-03    2.82262E-02
     1.38401E+00    1.92035E-01    1.42543E-01    4.45750E-01   -1.02014E-01    9.96839E-03    7.15064E-03    4.64185E-03    2.78257E-02
     1.39201E+00    1.87725E-01    1.39481E-01    4.46421E-01   -1.00669E-01    9.64918E-03    6.94830E-03    4.51929E-03    2.74309E-02
     1.40001E+00    1.83514E-01    1.36483E-01    4.47075E-01   -9.93429E-02    9.33993E-03    6.75152E-03    4.40082E-03    2.70416E-02
     1.40801E+00    1.79401E-01    1.33549E-01    4.47710E-01   -9.80357E-02    9.04036E-03    6.56016E-03    4.28631E-03    2.66578E-02
     1.41601E+00    1.75383E-01    1.30677E-01    4.48329E-01   -9.67470E-02    8.75018E-03    6.37408E-03    4.17562E-03    2.62794E-02
     1.42401E+00    1.71457E-01    1.27865E-01    4.48931E-01   -9.54764E-02    8.46909E-03    6.19314E-03    4.06861E-03    2.59063E-02
     1.43201E+00    1.67622E-01    1.25113E-01    4.49517E-01   -9.42238E-02    8.19683E-03    6.01722E-03    3.96516E-03    2.55387E-02
     1.44001E+00    1.63875E-01    1.22420E-01    4.50087E-01   -9.29889E-02    7.93313E-03    5.84617E-03    3.86515E-03    2.51763E-02
     1.44801E+00    1.60215E-01    1.19784E-01    4.50643E-01   -9.17714E-02    7.67774E-03    5.67988E-03    3.76846E-03    2.48191E-02
     1.45601E+00    1.56640E-01    1.17204E-01    4.51183E-01   -9.05711E-02    7.43040E-03    5.51821E-03    3.67497E-03    2.44671E-02
     1.46401E+00    1.53146E-01    1.14679E-01    4.51709E-01   -8.93876E-02    7.19086E-03    5.36105E-03    3.58458E-03    2.41202E-02
     1.47201E+00    1.49733E-01    1.12208E-01    4.52221E-01   -8.82208E-02    6.95890E-03    5.20827E-03    3.49718E-03    2.37784E-02
     1.48001E+00    1.46399E-01    1.09790E-01    4.52720E-01   -8.70704E-02    6.73427E-03    5.05977E-03    3.41266E-03    2.34416E-02
     1.48801E+00    1.43141E-01    1.07424E-01    4.53205E-01   -8.59361E-02    6.51675E-03    4.91542E-03    3.33093E-03    2.31098E-02
     1.49601E+00    1.39958E-01    1.05108E-01    4.53677E-01   -8.48178E-02    6.30614E-03    4.77511E-03    3.25188E-03    2.27828E-02
     1.50401E+00    1.36849E-01    1.02843E-01    4.54137E-01   -8.37151E-02    6.10220E-03    4.63875E-03    3.17544E-03    2.24607E-02
     1.51201E+00    1.33811E-01    1.00625E-01    4.54584E-01   -8.26278E-02    5.90475E-03    4.50621E-03    3.10150E-03    2.21434E-02
     1.52001E+00    1.30842E-01    9.84559E-02    4.55020E-01   -8.15557E-02    5.71358E-03    4.37740E-03    3.02999E-03    2.18307E-02
     1.52801E+00    1.27942E-01    9.63332E-02    4.55444E-01   -8.04985E-02    5.52849E-03    4.25222E-03    2.96081E-03    2.15228E-02
     1.53601E+00    1.25108E-01    9.42561E-02    4.55856E-01   -7.94561E-02    5.34930E-03    4.13057E-03    2.89389E-03    2.12194E-02
     1.54401E+00    1.22339E-01    9.22238E-02    4.56258E-01   -7.84282E-02    5.17582E-03    4.01235E-03    2.82915E-03    2.09206E-02
     1.55201E+00    1.19633E-01    9.02354E-02    4.56649E-01   -7.74145E-02    5.00789E-03    3.89747E-03    2.76651E-03    2.06263E-02
     1.56001E+00    1.16990E-01    8.82898E-02    4.57030E-01   -7.64149E-02    4.84532E-03    3.78584E-03    2.70590E-03    2.03364E-02
     1.56801E+00    1.14407E-01    8.63863E-02    4.57401E-01   -7.54291E-02    4.68795E-03    3.67737E-03    2.64726E-03    2.00509E-02
     1.57601E+00    1.11883E-01    8.45240E-02    4.57762E-01   -7.44570E-02    4.53562E-03    3.57197E-03    2.59051E-03    1.97697E-02
     1.58401E+00    1.09416E-01    8.27019E-02    4.58113E-01   -7.34982E-02    4.38817E-03    3.46956E-03    2.53559E-03    1.94927E-02
     1.59201E+00    1.07006E-01    8.09192E-02    4.58455E-01   -7.25526E-02    4.24544E-03    3.37005E-03    2.48244E-03    1.92200E-02
     1.60001E+00    1.04651E-01    7.91751E-02    4.58788E-01   -7.16200E-02    4.10730E-03    3.27337E-03    2.43099E-03    1.89514E-02
     1.60800E+00    1.02350E-01    7.74688E-02    4.59113E-01   -7.07002E-02    3.97359E-03    3.17944E-03    2.38119E-03    1.86869E-02
     1.61600E+00    1.00101E-01    7.57994E-02    4.59428E-01   -6.97930E-02    3.84418E-03    3.08819E-03    2.33299E-03    1.84264E-02
     1.62400E+00    9.79030E-02    7.41662E-02    4.59736E-01   -6.88981E-02    3.71893E-03    2.99953E-03    2.28631E-03    1.81698E-02
     1.63200E+00    9.57552E-02    7.25685E-02    4.60035E-01   -6.80154E-02    3.59771E-03    2.91339E-03    2.24112E-03    1.79172E-02
     1.64000E+00    9.36563E-02    7.10053E-02    4.60327E-01   -6.71447E-02    3.48040E-03    2.82971E-03    2.19737E-03    1.76685E-02
     1.64800E+00    9.16051E-02    6.94761E-02    4.60610E-01   -6.62858E-02    3.36687E-03    2.74842E-03    2.15499E-03    1.74235E-02
     1.65600E+00    8.96005E-02    6.79801E-02    4.60887E-01   -6.54386E-02    3.25700E-03    2.66945E-03    2.11395E-03    1.71823E-02
     1.66400E+00    8.76414E-02    6.65165E-02    4.61156E-01   -6.46027E-02    3.15068E-03    2.59273E-03    2.07421E-03    1.69448E-02
     1.67200E+00    8.57267E-02    6.50847E-02    4.61418E-01   -6.37782E-02    3.04779E-03    2.51820E-03    2.03570E-03    1.67110E-02
     1.68000E+00    8.38554E-02    6.36840E-02    4.61673E-01   -6.29646E-02    2.94822E-03    2.44581E-03    1.99841E-03    1.64807E-02
     1.68800E+00    8.20265E-02    6.23137E-02    4.61921E-01   -6.21620E-02    2.85187E-03    2.37548E-03    1.96227E-03    1.62540E-02
     1.69600E+00    8.02389E-02    6.09731E-02    4.62163E-01   -6.13701E-02    2.75865E-03    2.30717E-03    1.92726E-03    1.60307E-02
     1.70400E+00    7.84918E-02    5.96617E-02    4.62399E-01   -6.05888E-02    2.66844E-03    2.24081E-03    1.89333E-03    1.58109E-02
     1.71200E+00    7.67842E-02    5.83788E-02    4.62628E-01   -5.98178E-02    2.58115E-03    2.17636E-03    1.86045E-03    1.55944E-02
     1.72000E+00    7.51151E-02    5.71237E-02    4.62852E-01   -5.90571E-02    2.49669E-03    2.11375E-03    1.82859E-03    1.53813E-02
     1.72800E+00    7.34838E-02    5.58958E-02    4.63070E-01   -5.83064E-02    2.41497E-03    2.05293E-03    1.79770E-03    1.51715E-02
     1.73600E+00    7.18892E-02    5.46947E-02    4.63282E-01   -5.75656E-02    2.33590E-03    1.99386E-03    1.76775E-03    1.49649E-02
     1.74400E+00    7.03305E-02    5.35196E-02    4.63488E-01   -5.68346E-02    2.25940E-03    1.93648E-03    1.73872E-03    1.47614E-02
     1.75200E+00    6.88070E-02    5.23700E-02    4.63689E-01   -5.61132E-02    2.18538E-03    1.88075E-03    1.71057E-03    1.45611E-02
     1.76000E+00    6.73177E-02    5.12454E-02    4.63885E-01   -5.54012E-02    2.11377E-03    1.82662E-03    1.68328E-03    1.43639E-02
     1.76800E+00    6.58619E-02    5.01453E-02    4.64076E-01   -5.46984E-02    2.04449E-03    1.77404E-03    1.65681E-03    1.41697E-02
     1.77600E+00    6.44389E-02    4.90690E-02    4.64261E-01   -5.40048E-02    1.97746E-03    1.72298E-03    1.63113E-03    1.39785E-02
     1.78400E+00    6.30478E-02    4.80160E-02    4.64442E-01   -5.33203E-02    1.91261E-03    1.67337E-03    1.60622E-03    1.37902E-02
     1.79200E+00    6.16879E-02    4.69860E-02    4.64619E-01   -5.26445E-02    1.84987E-03    1.62520E-03    1.58206E-03    1.36048E-02
     1.80000E+00    6.03585E-02    4.59782E-02    4.64790E-01   -5.19775E-02    1.78918E-03    1.57841E-03    1.55861E-03    1.34223E-02
     1.80800E+00    5.90590E-02    4.49924E-02    4.64958E-01   -5.13191E-02    1.73047E-03    1.53296E-03    1.53586E-03    1.32426E-02
     1.81600E+00    5.77885E-02    4.40279E-02    4.65121E-01   -5.06691E-02    1.67366E-03    1.48882E-03    1.51378E-03    1.30657E-02
     1.82400E+00    5.65464E-02    4.30843E-02    4.65279E-01   -5.00274E-02    1.61871E-03    1.44595E-03    1.49235E-03    1.28914E-02
     1.83200E+00    5.53322E-02    4.21612E-02    4.65434E-01   -4.93938E-02    1.56556E-03    1.40431E-03    1.47154E-03    1.27199E-02
     1.84000E+00    5.41451E-02    4.12581E-02    4.65584E-01   -4.87684E-02    1.51414E-03    1.36387E-03    1.45134E-03    1.25509E-02
     1.84800E+00    5.29845E-02    4.03746E-02    4.65731E-01   -4.81508E-02    1.46440E-03    1.32459E-03    1.43173E-03    1.23846E-02
     1.85600E+00    5.18498E-02    3.95102E-02    4.65874E-01   -4.75410E-02    1.41628E-03    1.28644E-03    1.41269E-03    1.22208E-02
     1.86400E+00    5.07404E-02    3.86645E-02    4.66013E-01   -4.69390E-02    1.36973E-03    1.24939E-03    1.39419E-03    1.20595E-02
     1.87200E+00    4.96558E-02    3.78372E-02    4.66149E-01   -4.63444E-02    1.32471E-03    1.21340E-03    1.37623E-03    1.19007E-02
     1.88000E+00    4.85953E-02    3.70277E-02    4.66281E-01   -4.57573E-02    1.28116E-03    1.17845E-03    1.35877E-03    1.17443E-02
     1.88800E+00    4.75584E-02    3.62357E-02    4.66410E-01   -4.51775E-02    1.23903E-03    1.14451E-03    1.34182E-03    1.15903E-02
     1.89600E+00    4.65446E-02    3.54609E-02    4.66536E-01   -4.46050E-02    1.19828E-03    1.11154E-03    1.32534E-03    1.14387E-02
     1.90400E+00    4.55534E-02    3.47029E-02    4.66658E-01   -4.40395E-02    1.15887E-03    1.07952E-03    1.30933E-03    1.12894E-02
     1.91200E+00    4.45841E-02    3.39612E-02    4.66777E-01   -4.34810E-02    1.12074E-03    1.04842E-03    1.29376E-03    1.11423E-02
     1.92000E+00    4.36364E-02    3.32355E-02    4.66893E-01   -4.29293E-02    1.08387E-03    1.01822E-03    1.27863E-03    1.09975E-02
     1.92800E+00    4.27098E-02    3.25255E-02    4.67006E-01   -4.23845E-02    1.04820E-03    9.88882E-04    1.26392E-03    1.08550E-02
     1.93600E+00    4.18036E-02    3.18308E-02    4.67116E-01   -4.18463E-02    1.01370E-03    9.60391E-04    1.24962E-03    1.07145E-02
     1.94400E+00    4.09176E-02    3.11511E-02    4.67224E-01   -4.13146E-02    9.80336E-04    9.32719E-04    1.23571E-03    1.05762E-02
     1.95200E+00    4.00512E-02    3.04861E-02    4.67328E-01   -4.07894E-02    9.48063E-04    9.05844E-04    1.22218E-03    1.04401E-02
     1.96000E+00    3.92040E-02    2.98353E-02    4.67430E-01   -4.02705E-02    9.16848E-04    8.79741E-04    1.20902E-03    1.03059E-02
     1.96800E+00    3.83756E-02    2.91986E-02    4.67530E-01   -3.97580E-02    8.86658E-04    8.54389E-04    1.19622E-03    1.01739E-02
     1.97600E+00    3.75654E-02    2.85757E-02    4.67627E-01   -3.92515E-02    8.57458E-04    8.29767E-04    1.18377E-03    1.00438E-02
     1.98400E+00    3.67732E-02    2.79661E-02    4.67721E-01   -3.87511E-02    8.29217E-04    8.05852E-04    1.17164E-03    9.91566E-03
     1.99200E+00    3.59985E-02    2.73696E-02    4.67813E-01   -3.82568E-02    8.01903E-04    7.82625E-04    1.15985E-03    9.78949E-03
     2.00000E+00    3.52409E-02    2.67859E-02    4.67903E-01   -3.77682E-02    7.75486E-04    7.60066E-04    1.14836E-03    9.66522E-03
     2.00800E+00    3.45000E-02    2.62148E-02    4.67990E-01   -3.72855E-02    7.49937E-04    7.38155E-04    1.13718E-03    9.54283E-03
     2.01600E+00    3.37755E-02    2.56560E-02    4.68075E-01   -3.68085E-02    7.25228E-04    7.16874E-04    1.12630E-03    9.42228E-03
     2.02400E+00    3.30669E-02    2.51091E-02    4.68158E-01   -3.63370E-02    7.01331E-04    6.96205E-04    1.11570E-03    9.30355E-03
     2.03200E+00    3.23739E-02    2.45739E-02    4.68239E-01   -3.58712E-02    6.78219E-04    6.76130E-04    1.10537E-03    9.18660E-03
     2.04000E+00    3.16963E-02    2.40503E-02    4.68318E-01   -3.54107E-02    6.55867E-04    6.56631E-04    1.09532E-03    9.07142E-03
     2.04800E+00    3.10335E-02    2.35378E-02    4.68395E-01   -3.49556E-02    6.34251E-04    6.37692E-04    1.08552E-03    8.95796E-03
     2.05600E+00    3.03853E-02    2.30363E-02    4.68470E-01   -3.45058E-02    6.13345E-04    6.19298E-04    1.07598E-03    8.84620E-03
     2.06400E+00    2.97514E-02    2.25456E-02    4.68543E-01   -3.40612E-02    5.93128E-04    6.01431E-04    1.06668E-03    8.73612E-03
     2.07200E+00    2.91315E-02    2.20653E-02    4.68614E-01   -3.36217E-02    5.73575E-04    5.84078E-04    1.05761E-03    8.62769E-03
     2.08000E+00    2.85251E-02    2.15953E-02    4.68683E-01   -3.31872E-02    5.54667E-04    5.67223E-04    1.04878E-03    8.52088E-03
     2.08800E+00    2.79321E-02    2.11353E-02    4.68751E-01   -3.27577E-02    5.36380E-04    5.50851E-04    1.04016E-03    8.41566E-03
     2.09600E+00    2.73521E-02    2.06851E-02    4.68817E-01   -3.23331E-02    5.18696E-04    5.34950E-04    1.03177E-03    8.31201E-03
     2.10400E+00    2.67849E-02    2.02445E-02    4.68881E-01   -3.19133E-02    5.01595E-04    5.19504E-04    1.02358E-03    8.20991E-03
     2.11200E+00    2.62301E-02    1.98133E-02    4.68944E-01   -3.14983E-02    4.85056E-04    5.04502E-04    1.01559E-03    8.10933E-03
     2.12000E+00    2.56875E-02    1.93913E-02    4.69005E-01   -3.10879E-02    4.69063E-04    4.89929E-04    1.00780E-03    8.01024E-03
     2.12800E+00    2.51568E-02    1.89783E-02    4.69064E-01   -3.06821E-02    4.53596E-04    4.75775E-04    1.00020E-03    7.91263E-03
     2.13600E+00    2.46377E-02    1.85740E-02    4.69122E-01   -3.02809E-02    4.38640E-04    4.62026E-04    9.92791E-04    7.81646E-03
     2.14400E+00    2.41300E-02    1.81783E-02    4.69179E-01   -2.98841E-02    4.24176E-04    4.48672E-04    9.85558E-04    7.72172E-03
     2.15200E+00    2.36335E-02    1.77910E-02    4.69234E-01   -2.94917E-02    4.10189E-04    4.35700E-04    9.78500E-04    7.62838E-03
     2.16000E+00    2.31478E-02    1.74119E-02    4.69288E-01   -2.91037E-02    3.96664E-04    4.23100E-04    9.71611E-04    7.53641E-03
     2.16800E+00    2.26728E-02    1.70409E-02    4.69340E-01   -2.87199E-02    3.83584E-04    4.10860E-04    9.64887E-04    7.44581E-03
     2.17600E+00    2.22082E-02    1.66777E-02    4.69391E-01   -2.83403E-02    3.70936E-04    3.98971E-04    9.58322E-04    7.35655E-03
     2.18400E+00    2.17537E-02    1.63222E-02    4.69441E-01   -2.79649E-02    3.58706E-04    3.87423E-04    9.51913E-04    7.26860E-03
     2.19200E+00    2.13093E-02    1.59741E-02    4.69490E-01   -2.75936E-02    3.46878E-04    3.76205E-04    9.45655E-04    7.18194E-03
     2.20000E+00    2.08745E-02    1.56335E-02    4.69537E-01   -2.72262E-02    3.35442E-04    3.65308E-04    9.39543E-04    7.09656E-03
     2.20800E+00    2.04493E-02    1.53000E-02    4.69583E-01   -2.68629E-02    3.24382E-04    3.54722E-04    9.33574E-04    7.01244E-03
     2.21600E+00    2.00334E-02    1.49735E-02    4.69628E-01   -2.65034E-02    3.13688E-04    3.44440E-04    9.27744E-04    6.92955E-03
     2.22400E+00    1.96266E-02    1.46539E-02    4.69672E-01   -2.61478E-02    3.03347E-04    3.34451E-04    9.22047E-04    6.84787E-03
     2.23200E+00    1.92288E-02    1.43410E-02    4.69715E-01   -2.57959E-02    2.93347E-04    3.24748E-04    9.16482E-04    6.76739E-03
     2.24000E+00    1.88396E-02    1.40347E-02    4.69757E-01   -2.54478E-02    2.83678E-04    3.15322E-04    9.11044E-04    6.68809E-03
     2.24800E+00    1.84590E-02    1.37348E-02    4.69798E-01   -2.51034E-02    2.74328E-04    3.06166E-04    9.05730E-04    6.60995E-03
     2.25600E+00    1.80867E-02    1.34412E-02    4.69837E-01   -2.47626E-02    2.65287E-04    2.97271E-04    9.00536E-04    6.53295E-03
     2.26400E+00    1.77225E-02    1.31537E-02    4.69876E-01   -2.44254E-02    2.56545E-04    2.88631E-04    8.95460E-04    6.45707E-03
     2.27200E+00    1.73664E-02    1.28723E-02    4.69914E-01   -2.40916E-02    2.48092E-04    2.80237E-04    8.90497E-04    6.38230E-03
     2.28000E+00    1.70181E-02    1.25967E-02    4.69950E-01   -2.37614E-02    2.39918E-04    2.72082E-04    8.85646E-04    6.30862E-03
     2.28800E+00    1.66774E-02    1.23269E-02    4.69986E-01   -2.34346E-02    2.32014E-04    2.64160E-04    8.80903E-04    6.23601E-03
     2.29600E+00    1.63441E-02    1.20627E-02    4.70021E-01   -2.31111E-02    2.24372E-04    2.56465E-04    8.76264E-04    6.16445E-03
     2.30400E+00    1.60182E-02    1.18040E-02    4.70055E-01   -2.27910E-02    2.16983E-04    2.48989E-04    8.71729E-04    6.09394E-03
     2.31200E+00    1.56995E-02    1.15506E-02    4.70089E-01   -2.24741E-02    2.09838E-04    2.41726E-04    8.67293E-04    6.02445E-03
     2.32000E+00    1.53877E-02    1.13025E-02    4.70121E-01   -2.21605E-02    2.02929E-04    2.34670E-04    8.62954E-04    5.95597E-03
     2.32800E+00    1.50828E-02    1.10596E-02    4.70153E-01   -2.18500E-02    1.96249E-04    2.27815E-04    8.58710E-04    5.88849E-03
     2.33600E+00    1.47846E-02    1.08217E-02    4.70183E-01   -2.15426E-02    1.89790E-04    2.21156E-04    8.54558E-04    5.82198E-03
     2.34400E+00    1.44930E-02    1.05887E-02    4.70214E-01   -2.12384E-02    1.83545E-04    2.14686E-04    8.50497E-04    5.75643E-03
     2.35200E+00    1.42078E-02    1.03605E-02    4.70243E-01   -2.09372E-02    1.77506E-04    2.08401E-04    8.46523E-04    5.69184E-03
     2.36000E+00    1.39288E-02    1.01370E-02    4.70271E-01   -2.06390E-02    1.71668E-04    2.02295E-04    8.42634E-04    5.62818E-03
     2.36800E+00    1.36560E-02    9.91815E-03    4.70299E-01   -2.03437E-02    1.66023E-04    1.96362E-04    8.38830E-04    5.56544E-03
     2.37600E+00    1.33893E-02    9.70376E-03    4.70326E-01   -2.00513E-02    1.60565E-04    1.90599E-04    8.35106E-04    5.50360E-03
     2.38400E+00    1.31284E-02    9.49377E-03    4.70353E-01   -1.97619E-02    1.55288E-04    1.84999E-04    8.31462E-04    5.44267E-03
     2.39200E+00    1.28733E-02    9.28808E-03    4.70379E-01   -1.94752E-02    1.50186E-04    1.79559E-04    8.27896E-04    5.38261E-03
     2.40000E+00    1.26238E-02    9.08660E-03    4.70404E-01   -1.91913E-02    1.45253E-04    1.74273E-04    8.24405E-04    5.32342E-03
     2.40800E+00    1.23799E-02    8.88923E-03    4.70429E-01   -1.89102E-02    1.40483E-04    1.69138E-04    8.20989E-04    5.26509E-03
     2.41600E+00    1.21413E-02    8.69588E-03    4.70452E-01   -1.86318E-02    1.35872E-04    1.64149E-04    8.17644E-04    5.20760E-03
     2.42400E+00    1.19081E-02    8.50646E-03    4.70476E-01   -1.83561E-02    1.31414E-04    1.59302E-04    8.14370E-04    5.15094E-03
     2.43200E+00    1.16800E-02    8.32089E-03    4.70499E-01   -1.80830E-02    1.27104E-04    1.54592E-04    8.11165E-04    5.09510E-03
     2.44000E+00    1.14571E-02    8.13908E-03    4.70521E-01   -1.78125E-02    1.22937E-04    1.50016E-04    8.08027E-04    5.04007E-03
     2.44800E+00    1.12390E-02    7.96095E-03    4.70542E-01   -1.75446E-02    1.18908E-04    1.45570E-04    8.04956E-04    4.98583E-03
     2.45600E+00    1.10259E-02    7.78641E-03    4.70563E-01   -1.72792E-02    1.15013E-04    1.41251E-04    8.01948E-04    4.93238E-03
     2.46400E+00    1.08175E-02    7.61539E-03    4.70584E-01   -1.70162E-02    1.11248E-04    1.37054E-04    7.99003E-04    4.87971E-03
     2.47200E+00    1.06138E-02    7.44780E-03    4.70604E-01   -1.67558E-02    1.07608E-04    1.32976E-04    7.96120E-04    4.82780E-03
     2.48000E+00    1.04146E-02    7.28358E-03    4.70624E-01   -1.64977E-02    1.04089E-04    1.29014E-04    7.93297E-04    4.77664E-03
     2.48800E+00    1.02199E-02    7.12264E-03    4.70643E-01   -1.62420E-02    1.00687E-04    1.25164E-04    7.90533E-04    4.72622E-03
     2.49600E+00    1.00296E-02    6.96492E-03    4.70661E-01   -1.59887E-02    9.73983E-05    1.21424E-04    7.87826E-04    4.67654E-03
     2.50400E+00    9.84361E-03    6.81033E-03    4.70679E-01   -1.57377E-02    9.42192E-05    1.17789E-04    7.85176E-04    4.62757E-03
     2.51200E+00    9.66180E-03    6.65882E-03    4.70697E-01   -1.54890E-02    9.11460E-05    1.14258E-04    7.82582E-04    4.57932E-03
     2.52000E+00    9.48411E-03    6.51031E-03    4.70714E-01   -1.52425E-02    8.81753E-05    1.10827E-04    7.80041E-04    4.53178E-03
     2.52800E+00    9.31045E-03    6.36474E-03    4.70731E-01   -1.49983E-02    8.53038E-05    1.07493E-04    7.77553E-04    4.48493E-03
     2.53600E+00    9.14074E-03    6.22204E-03    4.70747E-01   -1.47563E-02    8.25281E-05    1.04253E-04    7.75117E-04    4.43876E-03
     2.54400E+00    8.97490E-03    6.08215E-03    4.70763E-01   -1.45164E-02    7.98451E-05    1.01105E-04    7.72732E-04    4.39327E-03
     2.55200E+00    8.81285E-03    5.94499E-03    4.70779E-01   -1.42786E-02    7.72518E-05    9.80463E-05    7.70397E-04    4.34845E-03
     2.56000E+00    8.65451E-03    5.81052E-03    4.70794E-01   -1.40429E-02    7.47452E-05    9.50741E-05    7.68111E-04    4.30429E-03
     2.56800E+00    8.49982E-03    5.67868E-03    4.70808E-01   -1.38094E-02    7.23226E-05    9.21859E-05    7.65873E-04    4.26078E-03
     2.57600E+00    8.34870E-03    5.54939E-03    4.70823E-01   -1.35778E-02    6.99812E-05    8.93794E-05    7.63681E-04    4.21792E-03
     2.58400E+00    8.20107E-03    5.42261E-03    4.70837E-01   -1.33483E-02    6.77182E-05    8.66522E-05    7.61536E-04    4.17569E-03
     2.59200E+00    8.05687E-03    5.29827E-03    4.70850E-01   -1.31207E-02    6.55313E-05    8.40021E-05    7.59436E-04    4.13408E-03
     2.60000E+00    7.91602E-03    5.17633E-03    4.70864E-01   -1.28952E-02    6.34178E-05    8.14268E-05    7.57381E-04    4.09310E-03
     2.60800E+00    7.77847E-03    5.05673E-03    4.70877E-01   -1.26715E-02    6.13754E-05    7.89242E-05    7.55369E-04    4.05273E-03
     2.61600E+00    7.64415E-03    4.93941E-03    4.70889E-01   -1.24498E-02    5.94017E-05    7.64923E-05    7.53400E-04    4.01297E-03
     2.62400E+00    7.51299E-03    4.82433E-03    4.70902E-01   -1.22299E-02    5.74946E-05    7.41289E-05    7.51473E-04    3.97381E-03
     2.63200E+00    7.38493E-03    4.71143E-03    4.70913E-01   -1.20119E-02    5.56519E-05    7.18321E-05    7.49587E-04    3.93524E-03
     2.64000E+00    7.25991E-03    4.60066E-03    4.70925E-01   -1.17957E-02    5.38714E-05    6.96000E-05    7.47742E-04    3.89726E-03
     2.64800E+00    7.13788E-03    4.49198E-03    4.70936E-01   -1.15813E-02    5.21512E-05    6.74308E-05    7.45937E-04    3.85985E-03
     2.65600E+00    7.01877E-03    4.38533E-03    4.70947E-01   -1.13687E-02    5.04893E-05    6.53225E-05    7.44170E-04    3.82302E-03
     2.66400E+00    6.90253E-03    4.28067E-03    4.70958E-01   -1.11578E-02    4.88839E-05    6.32736E-05    7.42443E-04    3.78676E-03
     2.67200E+00    6.78911E-03    4.17795E-03    4.70969E-01   -1.09487E-02    4.73330E-05    6.12822E-05    7.40753E-04    3.75106E-03
     2.68000E+00    6.67844E-03    4.07714E-03    4.70979E-01   -1.07412E-02    4.58349E-05    5.93466E-05    7.39101E-04    3.71592E-03
     2.68800E+00    6.57049E-03    3.97818E-03    4.70989E-01   -1.05355E-02    4.43880E-05    5.74654E-05    7.37485E-04    3.68133E-03
     2.69600E+00    6.46519E-03    3.88103E-03    4.70998E-01   -1.03314E-02    4.29906E-05    5.56368E-05    7.35905E-04    3.64729E-03
     2.70400E+00    6.36249E-03    3.78565E-03    4.71008E-01   -1.01289E-02    4.16411E-05    5.38595E-05    7.34361E-04    3.61379E-03
     2.71200E+00    6.26236E-03    3.69199E-03    4.71017E-01   -9.92810E-03    4.03380E-05    5.21318E-05    7.32852E-04    3.58082E-03
     2.72000E+00    6.16473E-03    3.60003E-03    4.71026E-01   -9.72885E-03    3.90797E-05    5.04523E-05    7.31377E-04    3.54839E-03
     2.72800E+00    6.06958E-03    3.50971E-03    4.71034E-01   -9.53116E-03    3.78649E-05    4.88197E-05    7.29936E-04    3.51648E-03
     2.73600E+00    5.97684E-03    3.42101E-03    4.71043E-01   -9.33502E-03    3.66922E-05    4.72325E-05    7.28528E-04    3.48510E-03
     2.74400E+00    5.88647E-03    3.33387E-03    4.71051E-01   -9.14041E-03    3.55601E-05    4.56894E-05    7.27153E-04    3.45424E-03
     2.75200E+00    5.79844E-03    3.24827E-03    4.71059E-01   -8.94730E-03    3.44676E-05    4.41892E-05    7.25811E-04    3.42389E-03
     2.76000E+00    5.71270E-03    3.16416E-03    4.71066E-01   -8.75568E-03    3.34132E-05    4.27305E-05    7.24500E-04    3.39405E-03
     2.76800E+00    5.62920E-03    3.08151E-03    4.71074E-01   -8.56552E-03    3.23958E-05    4.13122E-05    7.23221E-04    3.36473E-03
     2.77600E+00    5.54792E-03    3.00030E-03    4.71081E-01   -8.37680E-03    3.14143E-05    3.99330E-05    7.21973E-04    3.33591E-03
     2.78400E+00    5.46880E-03    2.92047E-03    4.71088E-01   -8.18950E-03    3.04675E-05    3.85917E-05    7.20756E-04    3.30759E-03
     2.79200E+00    5.39182E-03    2.84200E-03    4.71095E-01   -8.00361E-03    2.95543E-05    3.72874E-05    7.19568E-04    3.27977E-03
     2.80000E+00    5.31693E-03    2.76485E-03    4.71102E-01   -7.81911E-03    2.86737E-05    3.60187E-05    7.18411E-04    3.25245E-03
     2.80800E+00    5.24410E-03    2.68899E-03    4.71108E-01   -7.63597E-03    2.78246E-05    3.47847E-05    7.17283E-04    3.22562E-03
     2.81600E+00    5.17330E-03    2.61440E-03    4.71114E-01   -7.45418E-03    2.70062E-05    3.35844E-05    7.16184E-04    3.19928E-03
     2.82400E+00    5.10448E-03    2.54103E-03    4.71121E-01   -7.27372E-03    2.62174E-05    3.24166E-05    7.15113E-04    3.17344E-03
     2.83200E+00    5.03762E-03    2.46886E-03    4.71126E-01   -7.09456E-03    2.54574E-05    3.12804E-05    7.14071E-04    3.14808E-03
     2.84000E+00    4.97268E-03    2.39786E-03    4.71132E-01   -6.91670E-03    2.47253E-05    3.01749E-05    7.13056E-04    3.12321E-03
     2.84800E+00    4.90964E-03    2.32800E-03    4.71138E-01   -6.74012E-03    2.40202E-05    2.90991E-05    7.12070E-04    3.09882E-03
     2.85600E+00    4.84845E-03    2.25925E-03    4.71143E-01   -6.56479E-03    2.33414E-05    2.80520E-05    7.11110E-04    3.07492E-03
     2.86400E+00    4.78910E-03    2.19158E-03    4.71148E-01   -6.39070E-03    2.26880E-05    2.70328E-05    7.10177E-04    3.05150E-03
     2.87200E+00    4.73154E-03    2.12496E-03    4.71153E-01   -6.21783E-03    2.20593E-05    2.60405E-05    7.09271E-04    3.02857E-03
     2.88000E+00    4.67576E-03    2.05936E-03    4.71158E-01   -6.04617E-03    2.14546E-05    2.50744E-05    7.08391E-04    3.00611E-03
     2.88800E+00    4.62172E-03    1.99477E-03    4.71163E-01   -5.87570E-03    2.08732E-05    2.41336E-05    7.07537E-04    2.98414E-03
     2.89600E+00    4.56940E-03    1.93114E-03    4.71167E-01   -5.70640E-03    2.03143E-05    2.32173E-05    7.06709E-04    2.96265E-03
     2.90400E+00    4.51878E-03    1.86846E-03    4.71172E-01   -5.53826E-03    1.97774E-05    2.23247E-05    7.05906E-04    2.94164E-03
     2.91200E+00    4.46981E-03    1.80671E-03    4.71176E-01   -5.37126E-03    1.92619E-05    2.14550E-05    7.05128E-04    2.92111E-03
     2.92000E+00    4.42249E-03    1.74585E-03    4.71180E-01   -5.20539E-03    1.87670E-05    2.06075E-05    7.04375E-04    2.90106E-03
     2.92800E+00    4.37679E-03    1.68586E-03    4.71184E-01   -5.04062E-03    1.82923E-05    1.97813E-05    7.03646E-04    2.88150E-03
     2.93600E+00    4.33267E-03    1.62671E-03    4.71188E-01   -4.87695E-03    1.78372E-05    1.89759E-05    7.02942E-04    2.86242E-03
     2.94400E+00    4.29013E-03    1.56839E-03    4.71191E-01   -4.71436E-03    1.74011E-05    1.81904E-05    7.02262E-04    2.84383E-03
     2.95200E+00    4.24914E-03    1.51087E-03    4.71195E-01   -4.55283E-03    1.69836E-05    1.74243E-05    7.01606E-04    2.82573E-03
     2.96000E+00    4.20967E-03    1.45413E-03    4.71198E-01   -4.39235E-03    1.65841E-05    1.66767E-05    7.00973E-04    2.80811E-03
     2.96800E+00    4.17170E-03    1.39814E-03    4.71201E-01   -4.23291E-03    1.62022E-05    1.59471E-05    7.00364E-04    2.79099E-03
     2.97600E+00    4.13523E-03    1.34289E-03    4.71205E-01   -4.07449E-03    1.58375E-05    1.52347E-05    6.99777E-04    2.77436E-03
     2.98400E+00    4.10021E-03    1.28834E-03    4.71208E-01   -3.91707E-03    1.54894E-05    1.45390E-05    6.99214E-04    2.75823E-03
     2.99200E+00    4.06665E-03    1.23449E-03    4.71210E-01   -3.76065E-03    1.51575E-05    1.38594E-05    6.98673E-04    2.74260E-03
     3.00000E+00    4.03451E-03    1.18130E-03    4.71213E-01   -3.60520E-03    1.48416E-05    1.31951E-05    6.98155E-04    2.72747E-03
     3.00800E+00    4.00378E-03    1.12876E-03    4.71216E-01   -3.45072E-03    1.45411E-05    1.25457E-05    6.97659E-04    2.71285E-03
     3.01600E+00    3.97445E-03    1.07685E-03    4.71218E-01   -3.29719E-03    1.42558E-05    1.19105E-05    6.97185E-04    2.69874E-03
     3.02400E+00    3.94649E-03    1.02554E-03    4.71221E-01   -3.14460E-03    1.39852E-05    1.12890E-05    6.96733E-04    2.68515E-03
     3.03200E+00    3.91988E-03    9.74820E-04    4.71223E-01   -2.99293E-03    1.37290E-05    1.06805E-05    6.96303E-04    2.67208E-03
     3.04000E+00    3.89463E-03    9.24669E-04    4.71225E-01   -2.84218E-03    1.34870E-05    1.00845E-05    6.95894E-04    2.65953E-03
     3.04800E+00    3.87070E-03    8.75066E-04    4.71227E-01   -2.69233E-03    1.32588E-05    9.50056E-06    6.95507E-04    2.64752E-03
     3.05600E+00    3.84809E-03    8.25993E-04    4.71229E-01   -2.54336E-03    1.30441E-05    8.92800E-06    6.95141E-04    2.63604E-03
     3.06400E+00    3.82677E-03    7.77432E-04    4.71231E-01   -2.39526E-03    1.28427E-05    8.36633E-06    6.94796E-04    2.62510E-03
     3.07200E+00    3.80674E-03    7.29363E-04    4.71232E-01   -2.24803E-03    1.26543E-05    7.81504E-06    6.94471E-04    2.61471E-03
     3.08000E+00    3.78799E-03    6.81769E-04    4.71234E-01   -2.10165E-03    1.24787E-05    7.27359E-06    6.94168E-04    2.60488E-03
     3.08800E+00    3.77049E-03    6.34631E-04    4.71235E-01   -1.95610E-03    1.23155E-05    6.74148E-06    6.93885E-04    2.59562E-03
     3.09600E+00    3.75425E-03    5.87934E-04    4.71237E-01   -1.81138E-03    1.21647E-05    6.21821E-06    6.93622E-04    2.58692E-03
     3.10400E+00    3.73924E-03    5.41658E-04    4.71238E-01   -1.66748E-03    1.20260E-05    5.70328E-06    6.93379E-04    2.57880E-03
     3.11200E+00    3.72545E-03    4.95788E-04    4.71239E-01   -1.52437E-03    1.18991E-05    5.19619E-06    6.93157E-04    2.57127E-03
     3.12000E+00    3.71288E-03    4.50305E-04    4.71240E-01   -1.38206E-03    1.17840E-05    4.69646E-06    6.92955E-04    2.56434E-03
     3.12800E+00    3.70152E-03    4.05195E-04    4.71241E-01   -1.24053E-03    1.16805E-05    4.20362E-06    6.92772E-04    2.55801E-03
     3.13600E+00    3.69135E-03    3.60439E-04    4.71242E-01   -1.09976E-03    1.15883E-05    3.71717E-06    6.92609E-04    2.55230E-03
     3.14400E+00    3.68237E-03    3.16023E-04    4.71242E-01   -9.59755E-04    1.15074E-05    3.23665E-06    6.92466E-04    2.54722E-03
     3.15200E+00    3.67456E-03    2.71929E-04    4.71243E-01   -8.20493E-04    1.14376E-05    2.76159E-06    6.92342E-04    2.54277E-03
     3.16000E+00    3.66792E-03    2.28143E-04    4.71244E-01   -6.81967E-04    1.13788E-05    2.29153E-06    6.92238E-04    2.53897E-03
     3.16800E+00    3.66244E-03    1.84648E-04    4.71244E-01   -5.44166E-04    1.13309E-05    1.82599E-06    6.92152E-04    2.53583E-03
     3.17600E+00    3.65811E-03    1.41430E-04    4.71244E-01   -4.07079E-04    1.12938E-05    1.36453E-06    6.92086E-04    2.53337E-03
     3.18400E+00    3.65493E-03    9.84717E-05    4.71245E-01   -2.70696E-04    1.12674E-05    9.06678E-07    6.92039E-04    2.53159E-03
     3.19200E+00    3.65289E-03    5.57596E-05    4.71245E-01   -1.35006E-04    1.12516E-05    4.51987E-07    6.92011E-04    2.53052E-03
     3.20000E+00    3.65198E-03    1.32782E-05    4.71245E-01   -2.20814-102    1.12463E-05    9.21354E-27    6.92002E-04    2.53015E-03
