     1.00000E-05    3.77137E+00   -2.44180E-05   -5.01392E-01   -1.36224E-05    3.84535E-01    6.82137E-06    3.32267E-01    2.12188E-06
     3.35998E-03    3.77127E+00    1.29927E-02   -5.01362E-01   -4.57698E-03    3.84526E-01    2.29186E-03    3.32255E-01    7.12937E-04
     6.70995E-03    3.77096E+00    2.59443E-02   -5.01272E-01   -9.13959E-03    3.84497E-01    4.57627E-03    3.32219E-01    1.42370E-03
     1.00599E-02    3.77045E+00    3.88912E-02   -5.01122E-01   -1.37007E-02    3.84450E-01    6.85943E-03    3.32160E-01    2.13434E-03
     1.34099E-02    3.76973E+00    5.18311E-02   -5.00913E-01   -1.82596E-02    3.84384E-01    9.14072E-03    3.32077E-01    2.84481E-03
     1.67599E-02    3.76881E+00    6.47615E-02   -5.00643E-01   -2.28155E-02    3.84299E-01    1.14195E-02    3.31970E-01    3.55506E-03
     2.01099E-02    3.76768E+00    7.76801E-02   -5.00314E-01   -2.73678E-02    3.84196E-01    1.36952E-02    3.31840E-01    4.26502E-03
     2.34598E-02    3.76635E+00    9.05846E-02   -4.99925E-01   -3.19155E-02    3.84073E-01    1.59671E-02    3.31686E-01    4.97465E-03
     2.68098E-02    3.76482E+00    1.03473E-01   -4.99477E-01   -3.64581E-02    3.83932E-01    1.82347E-02    3.31508E-01    5.68387E-03
     3.01598E-02    3.76308E+00    1.16342E-01   -4.98969E-01   -4.09948E-02    3.83772E-01    2.04974E-02    3.31307E-01    6.39265E-03
     3.35098E-02    3.76114E+00    1.29190E-01   -4.98402E-01   -4.55248E-02    3.83594E-01    2.27544E-02    3.31083E-01    7.10091E-03
     3.68597E-02    3.75899E+00    1.42015E-01   -4.97775E-01   -5.00475E-02    3.83396E-01    2.50053E-02    3.30834E-01    7.80861E-03
     4.02097E-02    3.75665E+00    1.54813E-01   -4.97089E-01   -5.45620E-02    3.83180E-01    2.72494E-02    3.30563E-01    8.51568E-03
     4.35597E-02    3.75410E+00    1.67584E-01   -4.96345E-01   -5.90678E-02    3.82946E-01    2.94862E-02    3.30268E-01    9.22207E-03
     4.69097E-02    3.75135E+00    1.80324E-01   -4.95541E-01   -6.35639E-02    3.82693E-01    3.17149E-02    3.29950E-01    9.92773E-03
     5.02596E-02    3.74839E+00    1.93032E-01   -4.94679E-01   -6.80498E-02    3.82421E-01    3.39351E-02    3.29608E-01    1.06326E-02
     5.36096E-02    3.74524E+00    2.05705E-01   -4.93759E-01   -7.25247E-02    3.82130E-01    3.61462E-02    3.29244E-01    1.13366E-02
     5.69596E-02    3.74189E+00    2.18340E-01   -4.92780E-01   -7.69879E-02    3.81822E-01    3.83475E-02    3.28856E-01    1.20397E-02
     6.03096E-02    3.73834E+00    2.30936E-01   -4.91743E-01   -8.14387E-02    3.81494E-01    4.05385E-02    3.28446E-01    1.27419E-02
     6.36595E-02    3.73459E+00    2.43491E-01   -4.90648E-01   -8.58763E-02    3.81149E-01    4.27187E-02    3.28012E-01    1.34431E-02
     6.70095E-02    3.73064E+00    2.56001E-01   -4.89496E-01   -9.03002E-02    3.80785E-01    4.48875E-02    3.27556E-01    1.41431E-02
     7.03595E-02    3.72649E+00    2.68465E-01   -4.88286E-01   -9.47096E-02    3.80402E-01    4.70443E-02    3.27077E-01    1.48421E-02
     7.37095E-02    3.72215E+00    2.80881E-01   -4.87019E-01   -9.91037E-02    3.80002E-01    4.91886E-02    3.26575E-01    1.55399E-02
     7.70594E-02    3.71761E+00    2.93247E-01   -4.85696E-01   -1.03482E-01    3.79583E-01    5.13198E-02    3.26051E-01    1.62364E-02
     8.04094E-02    3.71288E+00    3.05559E-01   -4.84315E-01   -1.07844E-01    3.79146E-01    5.34375E-02    3.25505E-01    1.69317E-02
     8.37594E-02    3.70796E+00    3.17817E-01   -4.82879E-01   -1.12188E-01    3.78692E-01    5.55411E-02    3.24936E-01    1.76256E-02
     8.71094E-02    3.70284E+00    3.30018E-01   -4.81386E-01   -1.16515E-01    3.78219E-01    5.76301E-02    3.24345E-01    1.83181E-02
     9.04593E-02    3.69753E+00    3.42160E-01   -4.79838E-01   -1.20823E-01    3.77728E-01    5.97040E-02    3.23732E-01    1.90092E-02
     9.38093E-02    3.69203E+00    3.54241E-01   -4.78234E-01   -1.25112E-01    3.77219E-01    6.17623E-02    3.23097E-01    1.96987E-02
     9.71593E-02    3.68634E+00    3.66258E-01   -4.76576E-01   -1.29381E-01    3.76693E-01    6.38045E-02    3.22440E-01    2.03868E-02
     1.00509E-01    3.68046E+00    3.78210E-01   -4.74862E-01   -1.33629E-01    3.76149E-01    6.58301E-02    3.21762E-01    2.10731E-02
     1.03859E-01    3.67439E+00    3.90095E-01   -4.73094E-01   -1.37856E-01    3.75587E-01    6.78388E-02    3.21062E-01    2.17579E-02
     1.07209E-01    3.66814E+00    4.01910E-01   -4.71273E-01   -1.42062E-01    3.75008E-01    6.98299E-02    3.20341E-01    2.24409E-02
     1.10559E-01    3.66170E+00    4.13654E-01   -4.69397E-01   -1.46245E-01    3.74412E-01    7.18032E-02    3.19599E-01    2.31221E-02
     1.13909E-01    3.65508E+00    4.25325E-01   -4.67468E-01   -1.50405E-01    3.73797E-01    7.37580E-02    3.18835E-01    2.38016E-02
     1.17259E-01    3.64828E+00    4.36921E-01   -4.65487E-01   -1.54541E-01    3.73166E-01    7.56942E-02    3.18051E-01    2.44791E-02
     1.20609E-01    3.64129E+00    4.48439E-01   -4.63453E-01   -1.58654E-01    3.72518E-01    7.76111E-02    3.17246E-01    2.51547E-02
     1.23959E-01    3.63413E+00    4.59879E-01   -4.61367E-01   -1.62741E-01    3.71852E-01    7.95084E-02    3.16420E-01    2.58284E-02
     1.27309E-01    3.62678E+00    4.71237E-01   -4.59229E-01   -1.66803E-01    3.71170E-01    8.13858E-02    3.15575E-01    2.65000E-02
     1.30659E-01    3.61926E+00    4.82513E-01   -4.57041E-01   -1.70839E-01    3.70470E-01    8.32428E-02    3.14708E-01    2.71695E-02
     1.34009E-01    3.61156E+00    4.93704E-01   -4.54801E-01   -1.74849E-01    3.69754E-01    8.50790E-02    3.13822E-01    2.78369E-02
     1.37359E-01    3.60369E+00    5.04809E-01   -4.52511E-01   -1.78831E-01    3.69021E-01    8.68942E-02    3.12916E-01    2.85022E-02
     1.40709E-01    3.59564E+00    5.15826E-01   -4.50171E-01   -1.82786E-01    3.68271E-01    8.86880E-02    3.11991E-01    2.91652E-02
     1.44059E-01    3.58742E+00    5.26753E-01   -4.47782E-01   -1.86712E-01    3.67505E-01    9.04599E-02    3.11046E-01    2.98259E-02
     1.47409E-01    3.57904E+00    5.37588E-01   -4.45344E-01   -1.90610E-01    3.66723E-01    9.22098E-02    3.10081E-01    3.04843E-02
     1.50759E-01    3.57048E+00    5.48330E-01   -4.42858E-01   -1.94478E-01    3.65924E-01    9.39374E-02    3.09098E-01    3.11403E-02
     1.54109E-01    3.56176E+00    5.58977E-01   -4.40323E-01   -1.98317E-01    3.65110E-01    9.56422E-02    3.08095E-01    3.17939E-02
     1.57459E-01    3.55287E+00    5.69528E-01   -4.37741E-01   -2.02126E-01    3.64279E-01    9.73240E-02    3.07074E-01    3.24450E-02
     1.60809E-01    3.54381E+00    5.79981E-01   -4.35112E-01   -2.05903E-01    3.63432E-01    9.89826E-02    3.06035E-01    3.30936E-02
     1.64159E-01    3.53460E+00    5.90334E-01   -4.32437E-01   -2.09650E-01    3.62570E-01    1.00618E-01    3.04977E-01    3.37396E-02
     1.67509E-01    3.52523E+00    6.00586E-01   -4.29715E-01   -2.13364E-01    3.61691E-01    1.02229E-01    3.03902E-01    3.43831E-02
     1.70859E-01    3.51569E+00    6.10735E-01   -4.26948E-01   -2.17047E-01    3.60798E-01    1.03816E-01    3.02808E-01    3.50238E-02
     1.74209E-01    3.50600E+00    6.20781E-01   -4.24137E-01   -2.20696E-01    3.59888E-01    1.05379E-01    3.01697E-01    3.56618E-02
     1.77559E-01    3.49615E+00    6.30720E-01   -4.21281E-01   -2.24313E-01    3.58964E-01    1.06918E-01    3.00568E-01    3.62971E-02
     1.80909E-01    3.48615E+00    6.40553E-01   -4.18381E-01   -2.27896E-01    3.58024E-01    1.08432E-01    2.99423E-01    3.69296E-02
     1.84259E-01    3.47600E+00    6.50277E-01   -4.15438E-01   -2.31445E-01    3.57070E-01    1.09921E-01    2.98260E-01    3.75593E-02
     1.87609E-01    3.46570E+00    6.59892E-01   -4.12452E-01   -2.34959E-01    3.56100E-01    1.11385E-01    2.97081E-01    3.81860E-02
     1.90959E-01    3.45525E+00    6.69396E-01   -4.09424E-01   -2.38439E-01    3.55116E-01    1.12824E-01    2.95885E-01    3.88098E-02
     1.94309E-01    3.44466E+00    6.78787E-01   -4.06354E-01   -2.41883E-01    3.54117E-01    1.14237E-01    2.94673E-01    3.94307E-02
     1.97659E-01    3.43392E+00    6.88065E-01   -4.03243E-01   -2.45292E-01    3.53103E-01    1.15625E-01    2.93445E-01    4.00485E-02
     2.01009E-01    3.42303E+00    6.97229E-01   -4.00092E-01   -2.48665E-01    3.52076E-01    1.16988E-01    2.92201E-01    4.06632E-02
     2.04358E-01    3.41201E+00    7.06277E-01   -3.96901E-01   -2.52001E-01    3.51034E-01    1.18325E-01    2.90942E-01    4.12749E-02
     2.07708E-01    3.40085E+00    7.15207E-01   -3.93670E-01   -2.55301E-01    3.49977E-01    1.19635E-01    2.89668E-01    4.18834E-02
     2.11058E-01    3.38955E+00    7.24020E-01   -3.90401E-01   -2.58563E-01    3.48908E-01    1.20920E-01    2.88378E-01    4.24887E-02
     2.14408E-01    3.37812E+00    7.32713E-01   -3.87094E-01   -2.61788E-01    3.47824E-01    1.22179E-01    2.87074E-01    4.30907E-02
     2.17758E-01    3.36655E+00    7.41287E-01   -3.83749E-01   -2.64975E-01    3.46726E-01    1.23412E-01    2.85755E-01    4.36895E-02
     2.21108E-01    3.35485E+00    7.49739E-01   -3.80367E-01   -2.68124E-01    3.45616E-01    1.24618E-01    2.84422E-01    4.42850E-02
     2.24458E-01    3.34303E+00    7.58069E-01   -3.76949E-01   -2.71235E-01    3.44491E-01    1.25799E-01    2.83075E-01    4.48772E-02
     2.27808E-01    3.33108E+00    7.66276E-01   -3.73495E-01   -2.74307E-01    3.43354E-01    1.26953E-01    2.81715E-01    4.54659E-02
     2.31158E-01    3.31900E+00    7.74360E-01   -3.70006E-01   -2.77339E-01    3.42204E-01    1.28080E-01    2.80341E-01    4.60512E-02
     2.34508E-01    3.30680E+00    7.82318E-01   -3.66483E-01   -2.80333E-01    3.41041E-01    1.29182E-01    2.78953E-01    4.66331E-02
     2.37858E-01    3.29448E+00    7.90151E-01   -3.62925E-01   -2.83287E-01    3.39865E-01    1.30257E-01    2.77553E-01    4.72114E-02
     2.41208E-01    3.28204E+00    7.97857E-01   -3.59335E-01   -2.86201E-01    3.38676E-01    1.31305E-01    2.76140E-01    4.77862E-02
     2.44558E-01    3.26949E+00    8.05437E-01   -3.55711E-01   -2.89075E-01    3.37475E-01    1.32328E-01    2.74715E-01    4.83574E-02
     2.47908E-01    3.25682E+00    8.12888E-01   -3.52056E-01   -2.91908E-01    3.36262E-01    1.33324E-01    2.73277E-01    4.89250E-02
     2.51258E-01    3.24404E+00    8.20211E-01   -3.48369E-01   -2.94701E-01    3.35037E-01    1.34293E-01    2.71828E-01    4.94890E-02
     2.54608E-01    3.23115E+00    8.27405E-01   -3.44651E-01   -2.97454E-01    3.33800E-01    1.35237E-01    2.70367E-01    5.00493E-02
     2.57958E-01    3.21815E+00    8.34470E-01   -3.40904E-01   -3.00165E-01    3.32552E-01    1.36154E-01    2.68894E-01    5.06058E-02
     2.61308E-01    3.20505E+00    8.41404E-01   -3.37126E-01   -3.02835E-01    3.31292E-01    1.37045E-01    2.67411E-01    5.11586E-02
     2.64658E-01    3.19184E+00    8.48207E-01   -3.33320E-01   -3.05463E-01    3.30020E-01    1.37910E-01    2.65917E-01    5.17076E-02
     2.68008E-01    3.17853E+00    8.54878E-01   -3.29485E-01   -3.08050E-01    3.28737E-01    1.38749E-01    2.64412E-01    5.22527E-02
     2.71358E-01    3.16513E+00    8.61418E-01   -3.25623E-01   -3.10595E-01    3.27443E-01    1.39561E-01    2.62897E-01    5.27940E-02
     2.74708E-01    3.15162E+00    8.67826E-01   -3.21734E-01   -3.13098E-01    3.26138E-01    1.40348E-01    2.61372E-01    5.33315E-02
     2.78058E-01    3.13802E+00    8.74101E-01   -3.17818E-01   -3.15559E-01    3.24823E-01    1.41110E-01    2.59837E-01    5.38650E-02
     2.81408E-01    3.12433E+00    8.80243E-01   -3.13877E-01   -3.17978E-01    3.23497E-01    1.41845E-01    2.58293E-01    5.43945E-02
     2.84758E-01    3.11054E+00    8.86252E-01   -3.09911E-01   -3.20355E-01    3.22160E-01    1.42555E-01    2.56740E-01    5.49201E-02
     2.88108E-01    3.09667E+00    8.92127E-01   -3.05920E-01   -3.22689E-01    3.20814E-01    1.43240E-01    2.55178E-01    5.54416E-02
     2.91458E-01    3.08272E+00    8.97869E-01   -3.01905E-01   -3.24980E-01    3.19457E-01    1.43899E-01    2.53607E-01    5.59592E-02
     2.94808E-01    3.06868E+00    9.03476E-01   -2.97867E-01   -3.27228E-01    3.18091E-01    1.44533E-01    2.52028E-01    5.64726E-02
     2.98158E-01    3.05455E+00    9.08949E-01   -2.93806E-01   -3.29434E-01    3.16715E-01    1.45142E-01    2.50441E-01    5.69819E-02
     3.01508E-01    3.04035E+00    9.14288E-01   -2.89724E-01   -3.31597E-01    3.15329E-01    1.45726E-01    2.48846E-01    5.74872E-02
     3.04858E-01    3.02607E+00    9.19493E-01   -2.85620E-01   -3.33717E-01    3.13934E-01    1.46285E-01    2.47243E-01    5.79882E-02
     3.08208E-01    3.01172E+00    9.24562E-01   -2.81495E-01   -3.35793E-01    3.12530E-01    1.46820E-01    2.45634E-01    5.84851E-02
     3.11558E-01    2.99729E+00    9.29497E-01   -2.77351E-01   -3.37827E-01    3.11117E-01    1.47331E-01    2.44017E-01    5.89778E-02
     3.14908E-01    2.98279E+00    9.34298E-01   -2.73187E-01   -3.39817E-01    3.09695E-01    1.47817E-01    2.42394E-01    5.94662E-02
     3.18258E-01    2.96822E+00    9.38964E-01   -2.69004E-01   -3.41764E-01    3.08264E-01    1.48279E-01    2.40764E-01    5.99504E-02
     3.21608E-01    2.95359E+00    9.43495E-01   -2.64803E-01   -3.43668E-01    3.06826E-01    1.48717E-01    2.39129E-01    6.04303E-02
     3.24958E-01    2.93889E+00    9.47892E-01   -2.60585E-01   -3.45528E-01    3.05378E-01    1.49131E-01    2.37487E-01    6.09059E-02
     3.28308E-01    2.92413E+00    9.52155E-01   -2.56350E-01   -3.47345E-01    3.03923E-01    1.49522E-01    2.35840E-01    6.13772E-02
     3.31658E-01    2.90932E+00    9.56283E-01   -2.52098E-01   -3.49119E-01    3.02460E-01    1.49890E-01    2.34188E-01    6.18441E-02
     3.35008E-01    2.89444E+00    9.60277E-01   -2.47831E-01   -3.50849E-01    3.00989E-01    1.50235E-01    2.32530E-01    6.23066E-02
     3.38357E-01    2.87951E+00    9.64138E-01   -2.43549E-01   -3.52536E-01    2.99511E-01    1.50556E-01    2.30868E-01    6.27648E-02
     3.41707E-01    2.86452E+00    9.67865E-01   -2.39252E-01   -3.54180E-01    2.98025E-01    1.50855E-01    2.29201E-01    6.32185E-02
     3.45057E-01    2.84949E+00    9.71459E-01   -2.34941E-01   -3.55780E-01    2.96533E-01    1.51132E-01    2.27531E-01    6.36678E-02
     3.48407E-01    2.83441E+00    9.74919E-01   -2.30618E-01   -3.57337E-01    2.95033E-01    1.51386E-01    2.25856E-01    6.41126E-02
     3.51757E-01    2.81927E+00    9.78247E-01   -2.26282E-01   -3.58851E-01    2.93526E-01    1.51618E-01    2.24177E-01    6.45530E-02
     3.55107E-01    2.80410E+00    9.81443E-01   -2.21934E-01   -3.60322E-01    2.92013E-01    1.51828E-01    2.22495E-01    6.49888E-02
     3.58457E-01    2.78888E+00    9.84507E-01   -2.17574E-01   -3.61749E-01    2.90494E-01    1.52017E-01    2.20810E-01    6.54202E-02
     3.61807E-01    2.77362E+00    9.87440E-01   -2.13204E-01   -3.63134E-01    2.88968E-01    1.52185E-01    2.19123E-01    6.58470E-02
     3.65157E-01    2.75833E+00    9.90241E-01   -2.08824E-01   -3.64475E-01    2.87436E-01    1.52331E-01    2.17432E-01    6.62692E-02
     3.68507E-01    2.74300E+00    9.92912E-01   -2.04434E-01   -3.65773E-01    2.85898E-01    1.52457E-01    2.15739E-01    6.66869E-02
     3.71857E-01    2.72763E+00    9.95453E-01   -2.00035E-01   -3.67029E-01    2.84355E-01    1.52562E-01    2.14044E-01    6.71000E-02
     3.75207E-01    2.71224E+00    9.97865E-01   -1.95628E-01   -3.68241E-01    2.82805E-01    1.52646E-01    2.12347E-01    6.75085E-02
     3.78557E-01    2.69681E+00    1.00015E+00   -1.91214E-01   -3.69411E-01    2.81251E-01    1.52711E-01    2.10649E-01    6.79124E-02
     3.81907E-01    2.68136E+00    1.00230E+00   -1.86792E-01   -3.70539E-01    2.79692E-01    1.52755E-01    2.08949E-01    6.83117E-02
     3.85257E-01    2.66588E+00    1.00433E+00   -1.82364E-01   -3.71624E-01    2.78127E-01    1.52780E-01    2.07248E-01    6.87063E-02
     3.88607E-01    2.65037E+00    1.00623E+00   -1.77929E-01   -3.72666E-01    2.76558E-01    1.52786E-01    2.05547E-01    6.90963E-02
     3.91957E-01    2.63485E+00    1.00800E+00   -1.73490E-01   -3.73667E-01    2.74984E-01    1.52772E-01    2.03845E-01    6.94816E-02
     3.95307E-01    2.61931E+00    1.00965E+00   -1.69045E-01   -3.74625E-01    2.73405E-01    1.52740E-01    2.02142E-01    6.98622E-02
     3.98657E-01    2.60375E+00    1.01117E+00   -1.64596E-01   -3.75541E-01    2.71823E-01    1.52689E-01    2.00439E-01    7.02382E-02
     4.02007E-01    2.58817E+00    1.01257E+00   -1.60144E-01   -3.76415E-01    2.70236E-01    1.52619E-01    1.98737E-01    7.06094E-02
     4.05357E-01    2.57258E+00    1.01385E+00   -1.55689E-01   -3.77248E-01    2.68646E-01    1.52532E-01    1.97035E-01    7.09759E-02
     4.08707E-01    2.55698E+00    1.01500E+00   -1.51231E-01   -3.78040E-01    2.67051E-01    1.52426E-01    1.95333E-01    7.13377E-02
     4.12057E-01    2.54137E+00    1.01603E+00   -1.46771E-01   -3.78789E-01    2.65453E-01    1.52304E-01    1.93633E-01    7.16948E-02
     4.15407E-01    2.52576E+00    1.01694E+00   -1.42310E-01   -3.79498E-01    2.63852E-01    1.52163E-01    1.91933E-01    7.20471E-02
     4.18757E-01    2.51014E+00    1.01773E+00   -1.37848E-01   -3.80166E-01    2.62248E-01    1.52006E-01    1.90235E-01    7.23947E-02
     4.22107E-01    2.49451E+00    1.01840E+00   -1.33385E-01   -3.80793E-01    2.60640E-01    1.51832E-01    1.88538E-01    7.27375E-02
     4.25457E-01    2.47889E+00    1.01895E+00   -1.28923E-01   -3.81379E-01    2.59030E-01    1.51642E-01    1.86844E-01    7.30755E-02
     4.28807E-01    2.46326E+00    1.01939E+00   -1.24462E-01   -3.81925E-01    2.57417E-01    1.51435E-01    1.85151E-01    7.34088E-02
     4.32157E-01    2.44764E+00    1.01970E+00   -1.20002E-01   -3.82431E-01    2.55802E-01    1.51212E-01    1.83460E-01    7.37373E-02
     4.35507E-01    2.43202E+00    1.01991E+00   -1.15544E-01   -3.82896E-01    2.54184E-01    1.50974E-01    1.81772E-01    7.40611E-02
     4.38857E-01    2.41640E+00    1.02000E+00   -1.11088E-01   -3.83322E-01    2.52564E-01    1.50720E-01    1.80087E-01    7.43800E-02
     4.42207E-01    2.40080E+00    1.01997E+00   -1.06636E-01   -3.83708E-01    2.50942E-01    1.50451E-01    1.78404E-01    7.46942E-02
     4.45557E-01    2.38520E+00    1.01983E+00   -1.02187E-01   -3.84055E-01    2.49319E-01    1.50167E-01    1.76725E-01    7.50035E-02
     4.48907E-01    2.36962E+00    1.01958E+00   -9.77413E-02   -3.84363E-01    2.47693E-01    1.49868E-01    1.75049E-01    7.53081E-02
     4.52257E-01    2.35404E+00    1.01922E+00   -9.33006E-02   -3.84632E-01    2.46067E-01    1.49555E-01    1.73376E-01    7.56078E-02
     4.55607E-01    2.33849E+00    1.01875E+00   -8.88649E-02   -3.84862E-01    2.44439E-01    1.49228E-01    1.71708E-01    7.59028E-02
     4.58957E-01    2.32295E+00    1.01818E+00   -8.44347E-02   -3.85053E-01    2.42810E-01    1.48887E-01    1.70043E-01    7.61929E-02
     4.62307E-01    2.30743E+00    1.01749E+00   -8.00105E-02   -3.85207E-01    2.41179E-01    1.48533E-01    1.68382E-01    7.64783E-02
     4.65657E-01    2.29193E+00    1.01670E+00   -7.55928E-02   -3.85323E-01    2.39549E-01    1.48165E-01    1.66725E-01    7.67588E-02
     4.69007E-01    2.27645E+00    1.01581E+00   -7.11821E-02   -3.85401E-01    2.37917E-01    1.47784E-01    1.65073E-01    7.70345E-02
     4.72356E-01    2.26099E+00    1.01481E+00   -6.67789E-02   -3.85441E-01    2.36285E-01    1.47390E-01    1.63426E-01    7.73055E-02
     4.75706E-01    2.24556E+00    1.01370E+00   -6.23836E-02   -3.85445E-01    2.34653E-01    1.46983E-01    1.61784E-01    7.75716E-02
     4.79056E-01    2.23016E+00    1.01250E+00   -5.79967E-02   -3.85412E-01    2.33020E-01    1.46565E-01    1.60147E-01    7.78329E-02
     4.82406E-01    2.21478E+00    1.01120E+00   -5.36188E-02   -3.85342E-01    2.31388E-01    1.46134E-01    1.58515E-01    7.80894E-02
     4.85756E-01    2.19944E+00    1.00979E+00   -4.92502E-02   -3.85236E-01    2.29756E-01    1.45691E-01    1.56888E-01    7.83411E-02
     4.89106E-01    2.18412E+00    1.00829E+00   -4.48914E-02   -3.85094E-01    2.28124E-01    1.45237E-01    1.55267E-01    7.85880E-02
     4.92456E-01    2.16884E+00    1.00670E+00   -4.05429E-02   -3.84916E-01    2.26492E-01    1.44772E-01    1.53652E-01    7.88301E-02
     4.95806E-01    2.15359E+00    1.00500E+00   -3.62052E-02   -3.84703E-01    2.24862E-01    1.44295E-01    1.52042E-01    7.90675E-02
     4.99156E-01    2.13838E+00    1.00322E+00   -3.18786E-02   -3.84455E-01    2.23232E-01    1.43808E-01    1.50439E-01    7.93000E-02
     5.02506E-01    2.12321E+00    1.00134E+00   -2.75636E-02   -3.84172E-01    2.21603E-01    1.43310E-01    1.48842E-01    7.95278E-02
     5.05856E-01    2.10808E+00    9.99367E-01   -2.32606E-02   -3.83855E-01    2.19975E-01    1.42802E-01    1.47252E-01    7.97507E-02
     5.09206E-01    2.09298E+00    9.97305E-01   -1.89701E-02   -3.83504E-01    2.18348E-01    1.42284E-01    1.45668E-01    7.99689E-02
     5.12556E-01    2.07793E+00    9.95154E-01   -1.46925E-02   -3.83118E-01    2.16723E-01    1.41756E-01    1.44091E-01    8.01824E-02
     5.15906E-01    2.06292E+00    9.92916E-01   -1.04282E-02   -3.82700E-01    2.15099E-01    1.41218E-01    1.42521E-01    8.03911E-02
     5.19256E-01    2.04796E+00    9.90590E-01   -6.17756E-03   -3.82248E-01    2.13478E-01    1.40671E-01    1.40958E-01    8.05950E-02
     5.22606E-01    2.03304E+00    9.88180E-01   -1.94104E-03   -3.81763E-01    2.11857E-01    1.40115E-01    1.39402E-01    8.07942E-02
     5.25956E-01    2.01817E+00    9.85685E-01    2.28098E-03   -3.81246E-01    2.10239E-01    1.39550E-01    1.37853E-01    8.09887E-02
     5.29306E-01    2.00334E+00    9.83108E-01    6.48811E-03   -3.80697E-01    2.08623E-01    1.38976E-01    1.36312E-01    8.11784E-02
     5.32656E-01    1.98857E+00    9.80449E-01    1.06800E-02   -3.80116E-01    2.07010E-01    1.38394E-01    1.34779E-01    8.13634E-02
     5.36006E-01    1.97385E+00    9.77711E-01    1.48562E-02   -3.79503E-01    2.05398E-01    1.37804E-01    1.33253E-01    8.15437E-02
     5.39356E-01    1.95918E+00    9.74893E-01    1.90164E-02   -3.78860E-01    2.03790E-01    1.37206E-01    1.31735E-01    8.17194E-02
     5.42706E-01    1.94456E+00    9.71998E-01    2.31602E-02   -3.78186E-01    2.02184E-01    1.36600E-01    1.30225E-01    8.18903E-02
     5.46056E-01    1.93000E+00    9.69027E-01    2.72872E-02   -3.77481E-01    2.00581E-01    1.35986E-01    1.28723E-01    8.20565E-02
     5.49406E-01    1.91550E+00    9.65981E-01    3.13972E-02   -3.76746E-01    1.98980E-01    1.35365E-01    1.27230E-01    8.22181E-02
     5.52756E-01    1.90105E+00    9.62862E-01    3.54897E-02   -3.75982E-01    1.97383E-01    1.34737E-01    1.25744E-01    8.23750E-02
     5.56106E-01    1.88665E+00    9.59671E-01    3.95645E-02   -3.75188E-01    1.95789E-01    1.34103E-01    1.24268E-01    8.25273E-02
     5.59456E-01    1.87232E+00    9.56409E-01    4.36211E-02   -3.74366E-01    1.94199E-01    1.33461E-01    1.22800E-01    8.26750E-02
     5.62806E-01    1.85805E+00    9.53077E-01    4.76593E-02   -3.73515E-01    1.92612E-01    1.32813E-01    1.21340E-01    8.28180E-02
     5.66156E-01    1.84384E+00    9.49677E-01    5.16788E-02   -3.72636E-01    1.91028E-01    1.32159E-01    1.19889E-01    8.29565E-02
     5.69506E-01    1.82969E+00    9.46211E-01    5.56792E-02   -3.71729E-01    1.89449E-01    1.31499E-01    1.18448E-01    8.30903E-02
     5.72856E-01    1.81560E+00    9.42679E-01    5.96602E-02   -3.70794E-01    1.87873E-01    1.30833E-01    1.17015E-01    8.32196E-02
     5.76206E-01    1.80158E+00    9.39083E-01    6.36216E-02   -3.69833E-01    1.86301E-01    1.30161E-01    1.15591E-01    8.33443E-02
     5.79556E-01    1.78763E+00    9.35423E-01    6.75630E-02   -3.68845E-01    1.84733E-01    1.29484E-01    1.14176E-01    8.34644E-02
     5.82906E-01    1.77374E+00    9.31703E-01    7.14842E-02   -3.67830E-01    1.83170E-01    1.28802E-01    1.12771E-01    8.35801E-02
     5.86256E-01    1.75991E+00    9.27922E-01    7.53849E-02   -3.66790E-01    1.81611E-01    1.28115E-01    1.11375E-01    8.36912E-02
     5.89606E-01    1.74616E+00    9.24082E-01    7.92648E-02   -3.65724E-01    1.80056E-01    1.27422E-01    1.09989E-01    8.37978E-02
     5.92956E-01    1.73247E+00    9.20185E-01    8.31236E-02   -3.64633E-01    1.78506E-01    1.26725E-01    1.08612E-01    8.38999E-02
     5.96306E-01    1.71885E+00    9.16232E-01    8.69611E-02   -3.63517E-01    1.76960E-01    1.26024E-01    1.07244E-01    8.39976E-02
     5.99656E-01    1.70530E+00    9.12223E-01    9.07771E-02   -3.62377E-01    1.75419E-01    1.25318E-01    1.05886E-01    8.40908E-02
     6.03006E-01    1.69182E+00    9.08161E-01    9.45713E-02   -3.61213E-01    1.73884E-01    1.24608E-01    1.04538E-01    8.41796E-02
     6.06355E-01    1.67842E+00    9.04047E-01    9.83435E-02   -3.60026E-01    1.72353E-01    1.23895E-01    1.03200E-01    8.42640E-02
     6.09705E-01    1.66509E+00    8.99881E-01    1.02093E-01   -3.58815E-01    1.70827E-01    1.23177E-01    1.01872E-01    8.43439E-02
     6.13055E-01    1.65183E+00    8.95666E-01    1.05821E-01   -3.57581E-01    1.69307E-01    1.22456E-01    1.00553E-01    8.44195E-02
     6.16405E-01    1.63864E+00    8.91402E-01    1.09526E-01   -3.56326E-01    1.67791E-01    1.21732E-01    9.92447E-02    8.44908E-02
     6.19755E-01    1.62553E+00    8.87091E-01    1.13208E-01   -3.55048E-01    1.66282E-01    1.21004E-01    9.79463E-02    8.45577E-02
     6.23105E-01    1.61249E+00    8.82734E-01    1.16866E-01   -3.53748E-01    1.64777E-01    1.20273E-01    9.66579E-02    8.46202E-02
     6.26455E-01    1.59953E+00    8.78332E-01    1.20502E-01   -3.52428E-01    1.63279E-01    1.19539E-01    9.53797E-02    8.46785E-02
     6.29805E-01    1.58665E+00    8.73887E-01    1.24114E-01   -3.51086E-01    1.61786E-01    1.18803E-01    9.41116E-02    8.47325E-02
     6.33155E-01    1.57384E+00    8.69399E-01    1.27703E-01   -3.49724E-01    1.60299E-01    1.18064E-01    9.28538E-02    8.47822E-02
     6.36505E-01    1.56111E+00    8.64871E-01    1.31267E-01   -3.48342E-01    1.58817E-01    1.17322E-01    9.16063E-02    8.48277E-02
     6.39855E-01    1.54846E+00    8.60303E-01    1.34808E-01   -3.46941E-01    1.57342E-01    1.16578E-01    9.03691E-02    8.48690E-02
     6.43205E-01    1.53589E+00    8.55696E-01    1.38325E-01   -3.45520E-01    1.55873E-01    1.15833E-01    8.91422E-02    8.49060E-02
     6.46555E-01    1.52339E+00    8.51052E-01    1.41817E-01   -3.44081E-01    1.54410E-01    1.15085E-01    8.79257E-02    8.49389E-02
     6.49905E-01    1.51098E+00    8.46371E-01    1.45285E-01   -3.42623E-01    1.52953E-01    1.14335E-01    8.67196E-02    8.49677E-02
     6.53255E-01    1.49864E+00    8.41656E-01    1.48728E-01   -3.41146E-01    1.51503E-01    1.13583E-01    8.55239E-02    8.49923E-02
     6.56605E-01    1.48639E+00    8.36907E-01    1.52147E-01   -3.39653E-01    1.50058E-01    1.12831E-01    8.43387E-02    8.50128E-02
     6.59955E-01    1.47421E+00    8.32125E-01    1.55541E-01   -3.38142E-01    1.48621E-01    1.12076E-01    8.31640E-02    8.50292E-02
     6.63305E-01    1.46212E+00    8.27312E-01    1.58910E-01   -3.36614E-01    1.47190E-01    1.11321E-01    8.19998E-02    8.50415E-02
     6.66655E-01    1.45011E+00    8.22468E-01    1.62254E-01   -3.35069E-01    1.45765E-01    1.10564E-01    8.08462E-02    8.50498E-02
     6.70005E-01    1.43818E+00    8.17596E-01    1.65573E-01   -3.33509E-01    1.44348E-01    1.09806E-01    7.97031E-02    8.50541E-02
     6.73355E-01    1.42633E+00    8.12695E-01    1.68866E-01   -3.31932E-01    1.42937E-01    1.09048E-01    7.85705E-02    8.50544E-02
     6.76705E-01    1.41457E+00    8.07767E-01    1.72135E-01   -3.30340E-01    1.41533E-01    1.08288E-01    7.74485E-02    8.50507E-02
     6.80055E-01    1.40288E+00    8.02814E-01    1.75378E-01   -3.28734E-01    1.40136E-01    1.07529E-01    7.63370E-02    8.50431E-02
     6.83405E-01    1.39128E+00    7.97835E-01    1.78595E-01   -3.27112E-01    1.38746E-01    1.06768E-01    7.52362E-02    8.50316E-02
     6.86755E-01    1.37977E+00    7.92833E-01    1.81788E-01   -3.25477E-01    1.37362E-01    1.06008E-01    7.41459E-02    8.50161E-02
     6.90105E-01    1.36834E+00    7.87809E-01    1.84954E-01   -3.23827E-01    1.35987E-01    1.05247E-01    7.30662E-02    8.49968E-02
     6.93455E-01    1.35699E+00    7.82763E-01    1.88095E-01   -3.22164E-01    1.34618E-01    1.04486E-01    7.19971E-02    8.49736E-02
     6.96805E-01    1.34572E+00    7.77696E-01    1.91210E-01   -3.20488E-01    1.33256E-01    1.03725E-01    7.09386E-02    8.49466E-02
     7.00155E-01    1.33454E+00    7.72610E-01    1.94300E-01   -3.18799E-01    1.31902E-01    1.02964E-01    6.98907E-02    8.49159E-02
     7.03505E-01    1.32344E+00    7.67505E-01    1.97364E-01   -3.17098E-01    1.30555E-01    1.02203E-01    6.88533E-02    8.48813E-02
     7.06855E-01    1.31243E+00    7.62383E-01    2.00402E-01   -3.15385E-01    1.29216E-01    1.01443E-01    6.78265E-02    8.48430E-02
     7.10205E-01    1.30150E+00    7.57244E-01    2.03414E-01   -3.13660E-01    1.27884E-01    1.00683E-01    6.68102E-02    8.48010E-02
     7.13555E-01    1.29066E+00    7.52090E-01    2.06400E-01   -3.11923E-01    1.26559E-01    9.99235E-02    6.58044E-02    8.47553E-02
     7.16905E-01    1.27990E+00    7.46922E-01    2.09361E-01   -3.10176E-01    1.25243E-01    9.91648E-02    6.48092E-02    8.47059E-02
     7.20255E-01    1.26923E+00    7.41740E-01    2.12295E-01   -3.08418E-01    1.23933E-01    9.84070E-02    6.38244E-02    8.46529E-02
     7.23605E-01    1.25864E+00    7.36545E-01    2.15204E-01   -3.06649E-01    1.22632E-01    9.76499E-02    6.28502E-02    8.45963E-02
     7.26955E-01    1.24813E+00    7.31338E-01    2.18087E-01   -3.04871E-01    1.21338E-01    9.68939E-02    6.18864E-02    8.45361E-02
     7.30305E-01    1.23771E+00    7.26121E-01    2.20944E-01   -3.03083E-01    1.20052E-01    9.61389E-02    6.09330E-02    8.44723E-02
     7.33655E-01    1.22738E+00    7.20893E-01    2.23776E-01   -3.01286E-01    1.18774E-01    9.53850E-02    5.99900E-02    8.44050E-02
     7.37005E-01    1.21713E+00    7.15657E-01    2.26581E-01   -2.99479E-01    1.17504E-01    9.46324E-02    5.90574E-02    8.43342E-02
     7.40354E-01    1.20696E+00    7.10413E-01    2.29361E-01   -2.97665E-01    1.16241E-01    9.38811E-02    5.81352E-02    8.42599E-02
     7.43704E-01    1.19688E+00    7.05161E-01    2.32115E-01   -2.95841E-01    1.14987E-01    9.31313E-02    5.72232E-02    8.41822E-02
     7.47054E-01    1.18689E+00    6.99903E-01    2.34843E-01   -2.94010E-01    1.13740E-01    9.23829E-02    5.63216E-02    8.41010E-02
     7.50404E-01    1.17698E+00    6.94639E-01    2.37546E-01   -2.92171E-01    1.12501E-01    9.16362E-02    5.54302E-02    8.40165E-02
     7.53754E-01    1.16715E+00    6.89370E-01    2.40223E-01   -2.90325E-01    1.11271E-01    9.08911E-02    5.45490E-02    8.39286E-02
     7.57104E-01    1.15741E+00    6.84097E-01    2.42875E-01   -2.88472E-01    1.10048E-01    9.01478E-02    5.36780E-02    8.38373E-02
     7.60454E-01    1.14775E+00    6.78821E-01    2.45500E-01   -2.86612E-01    1.08834E-01    8.94063E-02    5.28171E-02    8.37428E-02
     7.63804E-01    1.13818E+00    6.73543E-01    2.48101E-01   -2.84745E-01    1.07628E-01    8.86667E-02    5.19664E-02    8.36449E-02
     7.67154E-01    1.12869E+00    6.68263E-01    2.50676E-01   -2.82872E-01    1.06430E-01    8.79291E-02    5.11256E-02    8.35439E-02
     7.70504E-01    1.11929E+00    6.62982E-01    2.53226E-01   -2.80994E-01    1.05240E-01    8.71936E-02    5.02949E-02    8.34395E-02
     7.73854E-01    1.10996E+00    6.57700E-01    2.55750E-01   -2.79110E-01    1.04058E-01    8.64602E-02    4.94742E-02    8.33321E-02
     7.77204E-01    1.10073E+00    6.52420E-01    2.58249E-01   -2.77220E-01    1.02885E-01    8.57290E-02    4.86634E-02    8.32214E-02
     7.80554E-01    1.09157E+00    6.47140E-01    2.60723E-01   -2.75326E-01    1.01719E-01    8.50000E-02    4.78624E-02    8.31076E-02
     7.83904E-01    1.08250E+00    6.41862E-01    2.63172E-01   -2.73427E-01    1.00562E-01    8.42734E-02    4.70713E-02    8.29907E-02
     7.87254E-01    1.07352E+00    6.36587E-01    2.65597E-01   -2.71523E-01    9.94138E-02    8.35492E-02    4.62899E-02    8.28707E-02
     7.90604E-01    1.06461E+00    6.31315E-01    2.67996E-01   -2.69615E-01    9.82735E-02    8.28274E-02    4.55183E-02    8.27477E-02
     7.93954E-01    1.05579E+00    6.26047E-01    2.70370E-01   -2.67704E-01    9.71414E-02    8.21082E-02    4.47563E-02    8.26217E-02
     7.97304E-01    1.04705E+00    6.20784E-01    2.72720E-01   -2.65788E-01    9.60177E-02    8.13916E-02    4.40040E-02    8.24926E-02
     8.00654E-01    1.03840E+00    6.15526E-01    2.75045E-01   -2.63869E-01    9.49024E-02    8.06776E-02    4.32612E-02    8.23606E-02
     8.04004E-01    1.02982E+00    6.10273E-01    2.77346E-01   -2.61948E-01    9.37954E-02    7.99663E-02    4.25279E-02    8.22257E-02
     8.07354E-01    1.02133E+00    6.05027E-01    2.79622E-01   -2.60023E-01    9.26968E-02    7.92578E-02    4.18041E-02    8.20879E-02
     8.10704E-01    1.01292E+00    5.99788E-01    2.81874E-01   -2.58095E-01    9.16066E-02    7.85520E-02    4.10896E-02    8.19472E-02
     8.14054E-01    1.00459E+00    5.94556E-01    2.84102E-01   -2.56165E-01    9.05247E-02    7.78492E-02    4.03845E-02    8.18037E-02
     8.17404E-01    9.96345E-01    5.89332E-01    2.86305E-01   -2.54233E-01    8.94513E-02    7.71492E-02    3.96886E-02    8.16573E-02
     8.20754E-01    9.88178E-01    5.84117E-01    2.88485E-01   -2.52299E-01    8.83862E-02    7.64522E-02    3.90020E-02    8.15082E-02
     8.24104E-01    9.80092E-01    5.78911E-01    2.90641E-01   -2.50364E-01    8.73296E-02    7.57582E-02    3.83244E-02    8.13564E-02
     8.27454E-01    9.72085E-01    5.73715E-01    2.92773E-01   -2.48426E-01    8.62813E-02    7.50673E-02    3.76560E-02    8.12018E-02
     8.30804E-01    9.64159E-01    5.68529E-01    2.94882E-01   -2.46488E-01    8.52415E-02    7.43794E-02    3.69966E-02    8.10445E-02
     8.34154E-01    9.56312E-01    5.63354E-01    2.96967E-01   -2.44548E-01    8.42101E-02    7.36948E-02    3.63461E-02    8.08845E-02
     8.37504E-01    9.48545E-01    5.58189E-01    2.99029E-01   -2.42608E-01    8.31870E-02    7.30133E-02    3.57046E-02    8.07220E-02
     8.40854E-01    9.40856E-01    5.53037E-01    3.01067E-01   -2.40667E-01    8.21724E-02    7.23350E-02    3.50718E-02    8.05568E-02
     8.44204E-01    9.33246E-01    5.47896E-01    3.03082E-01   -2.38726E-01    8.11662E-02    7.16600E-02    3.44478E-02    8.03890E-02
     8.47554E-01    9.25715E-01    5.42768E-01    3.05075E-01   -2.36784E-01    8.01683E-02    7.09883E-02    3.38325E-02    8.02188E-02
     8.50904E-01    9.18261E-01    5.37653E-01    3.07045E-01   -2.34842E-01    7.91789E-02    7.03199E-02    3.32258E-02    8.00460E-02
     8.54254E-01    9.10885E-01    5.32551E-01    3.08992E-01   -2.32901E-01    7.81978E-02    6.96549E-02    3.26277E-02    7.98707E-02
     8.57604E-01    9.03586E-01    5.27464E-01    3.10916E-01   -2.30960E-01    7.72252E-02    6.89934E-02    3.20380E-02    7.96930E-02
     8.60954E-01    8.96365E-01    5.22390E-01    3.12818E-01   -2.29019E-01    7.62608E-02    6.83353E-02    3.14568E-02    7.95128E-02
     8.64304E-01    8.89219E-01    5.17331E-01    3.14697E-01   -2.27079E-01    7.53048E-02    6.76806E-02    3.08839E-02    7.93303E-02
     8.67654E-01    8.82150E-01    5.12286E-01    3.16555E-01   -2.25140E-01    7.43572E-02    6.70295E-02    3.03192E-02    7.91454E-02
     8.71004E-01    8.75157E-01    5.07257E-01    3.18390E-01   -2.23202E-01    7.34179E-02    6.63819E-02    2.97628E-02    7.89581E-02
     8.74353E-01    8.68239E-01    5.02244E-01    3.20204E-01   -2.21266E-01    7.24869E-02    6.57379E-02    2.92145E-02    7.87686E-02
     8.77703E-01    8.61397E-01    4.97247E-01    3.21996E-01   -2.19330E-01    7.15642E-02    6.50974E-02    2.86742E-02    7.85768E-02
     8.81053E-01    8.54629E-01    4.92266E-01    3.23766E-01   -2.17397E-01    7.06498E-02    6.44606E-02    2.81419E-02    7.83827E-02
     8.84403E-01    8.47935E-01    4.87301E-01    3.25515E-01   -2.15465E-01    6.97437E-02    6.38275E-02    2.76176E-02    7.81865E-02
     8.87753E-01    8.41315E-01    4.82354E-01    3.27243E-01   -2.13535E-01    6.88458E-02    6.31980E-02    2.71011E-02    7.79880E-02
     8.91103E-01    8.34769E-01    4.77424E-01    3.28949E-01   -2.11607E-01    6.79561E-02    6.25722E-02    2.65923E-02    7.77874E-02
     8.94453E-01    8.28296E-01    4.72511E-01    3.30634E-01   -2.09681E-01    6.70747E-02    6.19501E-02    2.60912E-02    7.75847E-02
     8.97803E-01    8.21895E-01    4.67616E-01    3.32299E-01   -2.07758E-01    6.62014E-02    6.13318E-02    2.55977E-02    7.73799E-02
     9.01153E-01    8.15567E-01    4.62740E-01    3.33943E-01   -2.05837E-01    6.53363E-02    6.07172E-02    2.51118E-02    7.71731E-02
     9.04503E-01    8.09311E-01    4.57881E-01    3.35566E-01   -2.03918E-01    6.44794E-02    6.01064E-02    2.46334E-02    7.69642E-02
     9.07853E-01    8.03127E-01    4.53042E-01    3.37169E-01   -2.02003E-01    6.36306E-02    5.94993E-02    2.41623E-02    7.67532E-02
     9.11203E-01    7.97013E-01    4.48221E-01    3.38752E-01   -2.00090E-01    6.27898E-02    5.88961E-02    2.36985E-02    7.65404E-02
     9.14553E-01    7.90970E-01    4.43419E-01    3.40314E-01   -1.98181E-01    6.19572E-02    5.82967E-02    2.32420E-02    7.63255E-02
     9.17903E-01    7.84998E-01    4.38636E-01    3.41857E-01   -1.96274E-01    6.11326E-02    5.77012E-02    2.27927E-02    7.61088E-02
     9.21253E-01    7.79095E-01    4.33873E-01    3.43380E-01   -1.94371E-01    6.03160E-02    5.71095E-02    2.23504E-02    7.58902E-02
     9.24603E-01    7.73262E-01    4.29130E-01    3.44883E-01   -1.92471E-01    5.95074E-02    5.65217E-02    2.19152E-02    7.56697E-02
     9.27953E-01    7.67498E-01    4.24406E-01    3.46366E-01   -1.90575E-01    5.87068E-02    5.59377E-02    2.14869E-02    7.54474E-02
     9.31303E-01    7.61803E-01    4.19703E-01    3.47831E-01   -1.88682E-01    5.79141E-02    5.53577E-02    2.10655E-02    7.52233E-02
     9.34653E-01    7.56176E-01    4.15020E-01    3.49276E-01   -1.86793E-01    5.71293E-02    5.47815E-02    2.06509E-02    7.49974E-02
     9.38003E-01    7.50617E-01    4.10357E-01    3.50702E-01   -1.84907E-01    5.63524E-02    5.42093E-02    2.02429E-02    7.47698E-02
     9.41353E-01    7.45125E-01    4.05715E-01    3.52109E-01   -1.83026E-01    5.55833E-02    5.36410E-02    1.98417E-02    7.45405E-02
     9.44703E-01    7.39700E-01    4.01094E-01    3.53497E-01   -1.81149E-01    5.48220E-02    5.30766E-02    1.94470E-02    7.43095E-02
     9.48053E-01    7.34341E-01    3.96493E-01    3.54867E-01   -1.79276E-01    5.40685E-02    5.25162E-02    1.90587E-02    7.40768E-02
     9.51403E-01    7.29049E-01    3.91914E-01    3.56218E-01   -1.77407E-01    5.33228E-02    5.19597E-02    1.86769E-02    7.38425E-02
     9.54753E-01    7.23823E-01    3.87355E-01    3.57551E-01   -1.75542E-01    5.25848E-02    5.14071E-02    1.83015E-02    7.36067E-02
     9.58103E-01    7.18661E-01    3.82818E-01    3.58866E-01   -1.73682E-01    5.18544E-02    5.08585E-02    1.79323E-02    7.33692E-02
     9.61453E-01    7.13565E-01    3.78302E-01    3.60163E-01   -1.71827E-01    5.11317E-02    5.03138E-02    1.75693E-02    7.31302E-02
     9.64803E-01    7.08533E-01    3.73808E-01    3.61442E-01   -1.69975E-01    5.04166E-02    4.97732E-02    1.72124E-02    7.28897E-02
     9.68153E-01    7.03565E-01    3.69335E-01    3.62703E-01   -1.68129E-01    4.97090E-02    4.92364E-02    1.68616E-02    7.26477E-02
     9.71503E-01    6.98661E-01    3.64884E-01    3.63947E-01   -1.66287E-01    4.90090E-02    4.87037E-02    1.65167E-02    7.24043E-02
     9.74853E-01    6.93820E-01    3.60455E-01    3.65173E-01   -1.64451E-01    4.83165E-02    4.81749E-02    1.61777E-02    7.21594E-02
     9.78203E-01    6.89042E-01    3.56048E-01    3.66382E-01   -1.62619E-01    4.76314E-02    4.76501E-02    1.58446E-02    7.19132E-02
     9.81553E-01    6.84326E-01    3.51662E-01    3.67574E-01   -1.60792E-01    4.69537E-02    4.71292E-02    1.55172E-02    7.16655E-02
     9.84903E-01    6.79672E-01    3.47299E-01    3.68749E-01   -1.58970E-01    4.62834E-02    4.66123E-02    1.51955E-02    7.14165E-02
     9.88253E-01    6.75080E-01    3.42957E-01    3.69908E-01   -1.57153E-01    4.56205E-02    4.60994E-02    1.48794E-02    7.11662E-02
     9.91603E-01    6.70548E-01    3.38638E-01    3.71049E-01   -1.55341E-01    4.49648E-02    4.55904E-02    1.45689E-02    7.09147E-02
     9.94953E-01    6.66078E-01    3.34340E-01    3.72174E-01   -1.53535E-01    4.43164E-02    4.50854E-02    1.42638E-02    7.06618E-02
     9.98303E-01    6.61667E-01    3.30065E-01    3.73282E-01   -1.51733E-01    4.36752E-02    4.45844E-02    1.39641E-02    7.04077E-02
     1.00165E+00    6.57317E-01    3.25812E-01    3.74375E-01   -1.49938E-01    4.30412E-02    4.40873E-02    1.36697E-02    7.01524E-02
     1.00500E+00    6.53026E-01    3.21581E-01    3.75451E-01   -1.48147E-01    4.24143E-02    4.35942E-02    1.33805E-02    6.98960E-02
     1.00835E+00    6.48794E-01    3.17373E-01    3.76511E-01   -1.46362E-01    4.17945E-02    4.31050E-02    1.30966E-02    6.96383E-02
     1.01170E+00    6.44621E-01    3.13187E-01    3.77556E-01   -1.44583E-01    4.11817E-02    4.26197E-02    1.28177E-02    6.93796E-02
     1.01505E+00    6.40506E-01    3.09023E-01    3.78584E-01   -1.42809E-01    4.05759E-02    4.21384E-02    1.25439E-02    6.91197E-02
     1.01840E+00    6.36448E-01    3.04881E-01    3.79597E-01   -1.41041E-01    3.99771E-02    4.16610E-02    1.22751E-02    6.88588E-02
     1.02175E+00    6.32449E-01    3.00762E-01    3.80595E-01   -1.39278E-01    3.93851E-02    4.11876E-02    1.20112E-02    6.85968E-02
     1.02510E+00    6.28506E-01    2.96665E-01    3.81578E-01   -1.37521E-01    3.88001E-02    4.07180E-02    1.17521E-02    6.83338E-02
     1.02845E+00    6.24620E-01    2.92590E-01    3.82545E-01   -1.35770E-01    3.82218E-02    4.02524E-02    1.14978E-02    6.80698E-02
     1.03180E+00    6.20790E-01    2.88538E-01    3.83497E-01   -1.34025E-01    3.76504E-02    3.97906E-02    1.12482E-02    6.78048E-02
     1.03515E+00    6.17016E-01    2.84507E-01    3.84435E-01   -1.32285E-01    3.70856E-02    3.93327E-02    1.10032E-02    6.75389E-02
     1.03850E+00    6.13297E-01    2.80499E-01    3.85357E-01   -1.30551E-01    3.65276E-02    3.88788E-02    1.07628E-02    6.72721E-02
     1.04185E+00    6.09634E-01    2.76514E-01    3.86265E-01   -1.28824E-01    3.59761E-02    3.84286E-02    1.05268E-02    6.70043E-02
     1.04520E+00    6.06025E-01    2.72550E-01    3.87159E-01   -1.27102E-01    3.54313E-02    3.79824E-02    1.02954E-02    6.67357E-02
     1.04855E+00    6.02470E-01    2.68608E-01    3.88038E-01   -1.25386E-01    3.48930E-02    3.75400E-02    1.00683E-02    6.64663E-02
     1.05190E+00    5.98969E-01    2.64689E-01    3.88903E-01   -1.23676E-01    3.43612E-02    3.71014E-02    9.84545E-03    6.61960E-02
     1.05525E+00    5.95522E-01    2.60792E-01    3.89754E-01   -1.21972E-01    3.38359E-02    3.66667E-02    9.62689E-03    6.59249E-02
     1.05860E+00    5.92128E-01    2.56916E-01    3.90591E-01   -1.20274E-01    3.33169E-02    3.62357E-02    9.41251E-03    6.56531E-02
     1.06195E+00    5.88786E-01    2.53063E-01    3.91414E-01   -1.18583E-01    3.28043E-02    3.58086E-02    9.20225E-03    6.53805E-02
     1.06530E+00    5.85497E-01    2.49232E-01    3.92224E-01   -1.16897E-01    3.22980E-02    3.53853E-02    8.99604E-03    6.51072E-02
     1.06865E+00    5.82260E-01    2.45422E-01    3.93019E-01   -1.15218E-01    3.17980E-02    3.49657E-02    8.79383E-03    6.48332E-02
     1.07200E+00    5.79075E-01    2.41634E-01    3.93802E-01   -1.13544E-01    3.13041E-02    3.45499E-02    8.59555E-03    6.45586E-02
     1.07535E+00    5.75940E-01    2.37868E-01    3.94571E-01   -1.11877E-01    3.08165E-02    3.41378E-02    8.40114E-03    6.42832E-02
     1.07870E+00    5.72857E-01    2.34124E-01    3.95327E-01   -1.10216E-01    3.03349E-02    3.37295E-02    8.21054E-03    6.40073E-02
     1.08205E+00    5.69824E-01    2.30401E-01    3.96069E-01   -1.08561E-01    2.98594E-02    3.33249E-02    8.02369E-03    6.37308E-02
     1.08540E+00    5.66841E-01    2.26700E-01    3.96799E-01   -1.06913E-01    2.93899E-02    3.29240E-02    7.84053E-03    6.34536E-02
     1.08875E+00    5.63909E-01    2.23020E-01    3.97516E-01   -1.05270E-01    2.89264E-02    3.25268E-02    7.66101E-03    6.31759E-02
     1.09210E+00    5.61025E-01    2.19362E-01    3.98220E-01   -1.03634E-01    2.84688E-02    3.21333E-02    7.48507E-03    6.28977E-02
     1.09545E+00    5.58191E-01    2.15725E-01    3.98911E-01   -1.02005E-01    2.80171E-02    3.17435E-02    7.31264E-03    6.26190E-02
     1.09880E+00    5.55405E-01    2.12109E-01    3.99590E-01   -1.00381E-01    2.75711E-02    3.13572E-02    7.14367E-03    6.23398E-02
     1.10215E+00    5.52668E-01    2.08514E-01    4.00257E-01   -9.87641E-02    2.71310E-02    3.09747E-02    6.97812E-03    6.20601E-02
     1.10550E+00    5.49979E-01    2.04940E-01    4.00911E-01   -9.71532E-02    2.66966E-02    3.05957E-02    6.81591E-03    6.17800E-02
     1.10885E+00    5.47337E-01    2.01387E-01    4.01553E-01   -9.55487E-02    2.62678E-02    3.02203E-02    6.65699E-03    6.14995E-02
     1.11220E+00    5.44743E-01    1.97855E-01    4.02183E-01   -9.39505E-02    2.58446E-02    2.98485E-02    6.50132E-03    6.12185E-02
     1.11555E+00    5.42196E-01    1.94344E-01    4.02801E-01   -9.23586E-02    2.54271E-02    2.94803E-02    6.34884E-03    6.09372E-02
     1.11890E+00    5.39695E-01    1.90853E-01    4.03407E-01   -9.07731E-02    2.50150E-02    2.91156E-02    6.19949E-03    6.06555E-02
     1.12225E+00    5.37241E-01    1.87383E-01    4.04001E-01   -8.91939E-02    2.46084E-02    2.87544E-02    6.05322E-03    6.03735E-02
     1.12560E+00    5.34833E-01    1.83934E-01    4.04584E-01   -8.76210E-02    2.42073E-02    2.83967E-02    5.90998E-03    6.00912E-02
     1.12895E+00    5.32471E-01    1.80504E-01    4.05155E-01   -8.60546E-02    2.38115E-02    2.80426E-02    5.76971E-03    5.98086E-02
     1.13230E+00    5.30154E-01    1.77095E-01    4.05715E-01   -8.44945E-02    2.34210E-02    2.76919E-02    5.63238E-03    5.95257E-02
     1.13565E+00    5.27882E-01    1.73706E-01    4.06263E-01   -8.29407E-02    2.30358E-02    2.73446E-02    5.49792E-03    5.92426E-02
     1.13900E+00    5.25654E-01    1.70337E-01    4.06800E-01   -8.13934E-02    2.26559E-02    2.70008E-02    5.36629E-03    5.89593E-02
     1.14235E+00    5.23471E-01    1.66988E-01    4.07326E-01   -7.98524E-02    2.22811E-02    2.66605E-02    5.23743E-03    5.86757E-02
     1.14570E+00    5.21333E-01    1.63659E-01    4.07841E-01   -7.83177E-02    2.19114E-02    2.63235E-02    5.11130E-03    5.83919E-02
     1.14905E+00    5.19238E-01    1.60349E-01    4.08345E-01   -7.67894E-02    2.15469E-02    2.59899E-02    4.98786E-03    5.81080E-02
     1.15240E+00    5.17186E-01    1.57059E-01    4.08838E-01   -7.52676E-02    2.11873E-02    2.56596E-02    4.86705E-03    5.78240E-02
     1.15575E+00    5.15178E-01    1.53788E-01    4.09320E-01   -7.37520E-02    2.08327E-02    2.53327E-02    4.74883E-03    5.75398E-02
     1.15910E+00    5.13213E-01    1.50537E-01    4.09791E-01   -7.22429E-02    2.04831E-02    2.50091E-02    4.63314E-03    5.72555E-02
     1.16245E+00    5.11290E-01    1.47305E-01    4.10252E-01   -7.07400E-02    2.01383E-02    2.46888E-02    4.51996E-03    5.69711E-02
     1.16580E+00    5.09409E-01    1.44092E-01    4.10703E-01   -6.92436E-02    1.97984E-02    2.43718E-02    4.40922E-03    5.66866E-02
     1.16915E+00    5.07571E-01    1.40898E-01    4.11143E-01   -6.77535E-02    1.94632E-02    2.40581E-02    4.30089E-03    5.64021E-02
     1.17250E+00    5.05774E-01    1.37722E-01    4.11573E-01   -6.62698E-02    1.91328E-02    2.37476E-02    4.19492E-03    5.61176E-02
     1.17585E+00    5.04018E-01    1.34566E-01    4.11993E-01   -6.47924E-02    1.88071E-02    2.34403E-02    4.09127E-03    5.58330E-02
     1.17920E+00    5.02304E-01    1.31428E-01    4.12402E-01   -6.33213E-02    1.84860E-02    2.31362E-02    3.98990E-03    5.55485E-02
     1.18255E+00    5.00631E-01    1.28308E-01    4.12802E-01   -6.18566E-02    1.81695E-02    2.28354E-02    3.89076E-03    5.52639E-02
     1.18590E+00    4.98998E-01    1.25207E-01    4.13191E-01   -6.03983E-02    1.78576E-02    2.25376E-02    3.79381E-03    5.49794E-02
     1.18925E+00    4.97406E-01    1.22124E-01    4.13571E-01   -5.89462E-02    1.75501E-02    2.22430E-02    3.69902E-03    5.46950E-02
     1.19260E+00    4.95853E-01    1.19059E-01    4.13940E-01   -5.75005E-02    1.72471E-02    2.19515E-02    3.60633E-03    5.44107E-02
     1.19595E+00    4.94340E-01    1.16011E-01    4.14300E-01   -5.60610E-02    1.69485E-02    2.16632E-02    3.51572E-03    5.41264E-02
     1.19930E+00    4.92867E-01    1.12982E-01    4.14651E-01   -5.46279E-02    1.66543E-02    2.13779E-02    3.42714E-03    5.38423E-02
     1.20265E+00    4.91433E-01    1.09970E-01    4.14992E-01   -5.32011E-02    1.63644E-02    2.10956E-02    3.34055E-03    5.35583E-02
     1.20600E+00    4.90038E-01    1.06976E-01    4.15323E-01   -5.17806E-02    1.60787E-02    2.08164E-02    3.25592E-03    5.32744E-02
     1.20935E+00    4.88682E-01    1.03999E-01    4.15645E-01   -5.03663E-02    1.57972E-02    2.05402E-02    3.17321E-03    5.29907E-02
     1.21270E+00    4.87364E-01    1.01040E-01    4.15958E-01   -4.89583E-02    1.55199E-02    2.02670E-02    3.09237E-03    5.27072E-02
     1.21605E+00    4.86085E-01    9.80972E-02    4.16261E-01   -4.75566E-02    1.52467E-02    1.99968E-02    3.01339E-03    5.24239E-02
     1.21940E+00    4.84843E-01    9.51718E-02    4.16555E-01   -4.61611E-02    1.49776E-02    1.97295E-02    2.93620E-03    5.21407E-02
     1.22275E+00    4.83640E-01    9.22632E-02    4.16840E-01   -4.47719E-02    1.47125E-02    1.94651E-02    2.86079E-03    5.18579E-02
     1.22610E+00    4.82473E-01    8.93713E-02    4.17116E-01   -4.33889E-02    1.44514E-02    1.92037E-02    2.78712E-03    5.15752E-02
     1.22945E+00    4.81344E-01    8.64959E-02    4.17383E-01   -4.20121E-02    1.41943E-02    1.89451E-02    2.71516E-03    5.12929E-02
     1.23280E+00    4.80252E-01    8.36370E-02    4.17642E-01   -4.06415E-02    1.39410E-02    1.86895E-02    2.64486E-03    5.10108E-02
     1.23615E+00    4.79197E-01    8.07944E-02    4.17891E-01   -3.92772E-02    1.36916E-02    1.84366E-02    2.57620E-03    5.07290E-02
     1.23950E+00    4.78178E-01    7.79680E-02    4.18131E-01   -3.79190E-02    1.34460E-02    1.81866E-02    2.50914E-03    5.04475E-02
     1.24285E+00    4.77196E-01    7.51576E-02    4.18363E-01   -3.65670E-02    1.32042E-02    1.79394E-02    2.44365E-03    5.01663E-02
     1.24620E+00    4.76249E-01    7.23631E-02    4.18587E-01   -3.52212E-02    1.29660E-02    1.76949E-02    2.37970E-03    4.98854E-02
     1.24955E+00    4.75339E-01    6.95843E-02    4.18801E-01   -3.38815E-02    1.27316E-02    1.74532E-02    2.31726E-03    4.96050E-02
     1.25290E+00    4.74464E-01    6.68212E-02    4.19007E-01   -3.25480E-02    1.25007E-02    1.72143E-02    2.25630E-03    4.93248E-02
     1.25625E+00    4.73624E-01    6.40735E-02    4.19205E-01   -3.12207E-02    1.22735E-02    1.69781E-02    2.19678E-03    4.90451E-02
     1.25960E+00    4.72820E-01    6.13412E-02    4.19394E-01   -2.98994E-02    1.20498E-02    1.67445E-02    2.13868E-03    4.87658E-02
     1.26295E+00    4.72051E-01    5.86241E-02    4.19575E-01   -2.85843E-02    1.18295E-02    1.65137E-02    2.08197E-03    4.84868E-02
     1.26630E+00    4.71316E-01    5.59220E-02    4.19748E-01   -2.72753E-02    1.16128E-02    1.62855E-02    2.02662E-03    4.82083E-02
     1.26965E+00    4.70617E-01    5.32349E-02    4.19913E-01   -2.59724E-02    1.13994E-02    1.60599E-02    1.97260E-03    4.79303E-02
     1.27300E+00    4.69951E-01    5.05625E-02    4.20069E-01   -2.46755E-02    1.11895E-02    1.58369E-02    1.91988E-03    4.76526E-02
     1.27635E+00    4.69320E-01    4.79048E-02    4.20217E-01   -2.33848E-02    1.09828E-02    1.56165E-02    1.86844E-03    4.73755E-02
     1.27970E+00    4.68722E-01    4.52617E-02    4.20357E-01   -2.21001E-02    1.07795E-02    1.53987E-02    1.81825E-03    4.70988E-02
     1.28305E+00    4.68159E-01    4.26329E-02    4.20490E-01   -2.08214E-02    1.05793E-02    1.51834E-02    1.76927E-03    4.68226E-02
     1.28640E+00    4.67629E-01    4.00183E-02    4.20614E-01   -1.95488E-02    1.03824E-02    1.49707E-02    1.72150E-03    4.65469E-02
     1.28975E+00    4.67132E-01    3.74179E-02    4.20730E-01   -1.82822E-02    1.01887E-02    1.47604E-02    1.67489E-03    4.62717E-02
     1.29310E+00    4.66669E-01    3.48314E-02    4.20839E-01   -1.70217E-02    9.99809E-03    1.45526E-02    1.62943E-03    4.59971E-02
     1.29645E+00    4.66238E-01    3.22587E-02    4.20940E-01   -1.57671E-02    9.81057E-03    1.43473E-02    1.58509E-03    4.57230E-02
     1.29980E+00    4.65841E-01    2.96998E-02    4.21033E-01   -1.45186E-02    9.62609E-03    1.41444E-02    1.54185E-03    4.54495E-02
     1.30315E+00    4.65476E-01    2.71544E-02    4.21118E-01   -1.32760E-02    9.44461E-03    1.39440E-02    1.49968E-03    4.51765E-02
     1.30650E+00    4.65143E-01    2.46225E-02    4.21196E-01   -1.20394E-02    9.26610E-03    1.37459E-02    1.45856E-03    4.49041E-02
     1.30985E+00    4.64843E-01    2.21039E-02    4.21266E-01   -1.08088E-02    9.09052E-03    1.35502E-02    1.41847E-03    4.46322E-02
     1.31320E+00    4.64575E-01    1.95984E-02    4.21328E-01   -9.58411E-03    8.91783E-03    1.33569E-02    1.37938E-03    4.43610E-02
     1.31655E+00    4.64339E-01    1.71059E-02    4.21383E-01   -8.36539E-03    8.74800E-03    1.31659E-02    1.34127E-03    4.40904E-02
     1.31990E+00    4.64135E-01    1.46264E-02    4.21431E-01   -7.15260E-03    8.58097E-03    1.29772E-02    1.30412E-03    4.38204E-02
     1.32325E+00    4.63962E-01    1.21596E-02    4.21471E-01   -5.94574E-03    8.41673E-03    1.27908E-02    1.26791E-03    4.35511E-02
     1.32660E+00    4.63821E-01    9.70544E-03    4.21504E-01   -4.74479E-03    8.25522E-03    1.26067E-02    1.23261E-03    4.32823E-02
     1.32995E+00    4.63711E-01    7.26379E-03    4.21529E-01   -3.54976E-03    8.09642E-03    1.24248E-02    1.19822E-03    4.30143E-02
     1.33330E+00    4.63632E-01    4.83452E-03    4.21547E-01   -2.36062E-03    7.94028E-03    1.22452E-02    1.16470E-03    4.27469E-02
     1.33665E+00    4.63584E-01    2.41749E-03    4.21558E-01   -1.17737E-03    7.78677E-03    1.20678E-02    1.13203E-03    4.24802E-02
     1.34000E+00    4.63567E-01    1.25712E-05    4.21562E-01    0.00000E+00    7.63585E-03    1.18925E-02    1.10021E-03    4.22141E-02
