     1.00000E-05    3.83330E+00   -2.60024E-05   -5.15621E-01   -1.40864E-05    0.00000E+00    0.00000E+00    0.00000E+00    0.00000E+00
     4.50997E-03    3.83310E+00    1.79863E-02   -5.15565E-01   -6.35261E-03    0.00000E+00    0.00000E+00    0.00000E+00    0.00000E+00
     9.00995E-03    3.83253E+00    3.59268E-02   -5.15399E-01   -1.26893E-02    0.00000E+00    0.00000E+00    0.00000E+00    0.00000E+00
     1.35099E-02    3.83157E+00    5.38555E-02   -5.15123E-01   -1.90222E-02    0.00000E+00    0.00000E+00    0.00000E+00    0.00000E+00
     1.80099E-02    3.83024E+00    7.17667E-02   -5.14736E-01   -2.53496E-02    0.00000E+00    0.00000E+00    0.00000E+00    0.00000E+00
     2.25099E-02    3.82852E+00    8.96544E-02   -5.14239E-01   -3.16696E-02    0.00000E+00    0.00000E+00    0.00000E+00    0.00000E+00
     2.70098E-02    3.82642E+00    1.07513E-01   -5.13633E-01   -3.79803E-02    0.00000E+00    0.00000E+00    0.00000E+00    0.00000E+00
     3.15098E-02    3.82394E+00    1.25336E-01   -5.12916E-01   -4.42799E-02    0.00000E+00    0.00000E+00    0.00000E+00    0.00000E+00
     3.60098E-02    3.82108E+00    1.43119E-01   -5.12090E-01   -5.05666E-02    0.00000E+00    0.00000E+00    0.00000E+00    0.00000E+00
     4.05098E-02    3.81784E+00    1.60854E-01   -5.11155E-01   -5.68385E-02    0.00000E+00    0.00000E+00    0.00000E+00    0.00000E+00
     4.50097E-02    3.81423E+00    1.78538E-01   -5.10111E-01   -6.30939E-02    0.00000E+00    0.00000E+00    0.00000E+00    0.00000E+00
     4.95097E-02    3.81024E+00    1.96163E-01   -5.08959E-01   -6.93309E-02    0.00000E+00    0.00000E+00    0.00000E+00    0.00000E+00
     5.40097E-02    3.80587E+00    2.13724E-01   -5.07699E-01   -7.55477E-02    0.00000E+00    0.00000E+00    0.00000E+00    0.00000E+00
     5.85097E-02    3.80114E+00    2.31216E-01   -5.06332E-01   -8.17426E-02    0.00000E+00    0.00000E+00    0.00000E+00    0.00000E+00
     6.30097E-02    3.79603E+00    2.48634E-01   -5.04858E-01   -8.79139E-02    0.00000E+00    0.00000E+00    0.00000E+00    0.00000E+00
     6.75096E-02    3.79055E+00    2.65970E-01   -5.03278E-01   -9.40596E-02    0.00000E+00    0.00000E+00    0.00000E+00    0.00000E+00
     7.20096E-02    3.78471E+00    2.83221E-01   -5.01592E-01   -1.00178E-01    0.00000E+00    0.00000E+00    0.00000E+00    0.00000E+00
     7.65096E-02    3.77850E+00    3.00380E-01   -4.99801E-01   -1.06268E-01    0.00000E+00    0.00000E+00    0.00000E+00    0.00000E+00
     8.10095E-02    3.77193E+00    3.17442E-01   -4.97906E-01   -1.12327E-01    0.00000E+00    0.00000E+00    0.00000E+00    0.00000E+00
     8.55095E-02    3.76499E+00    3.34402E-01   -4.95908E-01   -1.18354E-01    0.00000E+00    0.00000E+00    0.00000E+00    0.00000E+00
     9.00095E-02    3.75770E+00    3.51254E-01   -4.93806E-01   -1.24347E-01    0.00000E+00    0.00000E+00    0.00000E+00    0.00000E+00
     9.45095E-02    3.75005E+00    3.67994E-01   -4.91603E-01   -1.30304E-01    0.00000E+00    0.00000E+00    0.00000E+00    0.00000E+00
     9.90094E-02    3.74205E+00    3.84616E-01   -4.89299E-01   -1.36224E-01    0.00000E+00    0.00000E+00    0.00000E+00    0.00000E+00
     1.03509E-01    3.73370E+00    4.01115E-01   -4.86894E-01   -1.42106E-01    0.00000E+00    0.00000E+00    0.00000E+00    0.00000E+00
     1.08009E-01    3.72501E+00    4.17487E-01   -4.84390E-01   -1.47947E-01    0.00000E+00    0.00000E+00    0.00000E+00    0.00000E+00
     1.12509E-01    3.71596E+00    4.33725E-01   -4.81788E-01   -1.53746E-01    0.00000E+00    0.00000E+00    0.00000E+00    0.00000E+00
     1.17009E-01    3.70658E+00    4.49826E-01   -4.79089E-01   -1.59502E-01    0.00000E+00    0.00000E+00    0.00000E+00    0.00000E+00
     1.21509E-01    3.69686E+00    4.65785E-01   -4.76293E-01   -1.65213E-01    0.00000E+00    0.00000E+00    0.00000E+00    0.00000E+00
     1.26009E-01    3.68680E+00    4.81597E-01   -4.73402E-01   -1.70878E-01    0.00000E+00    0.00000E+00    0.00000E+00    0.00000E+00
     1.30509E-01    3.67641E+00    4.97257E-01   -4.70417E-01   -1.76495E-01    0.00000E+00    0.00000E+00    0.00000E+00    0.00000E+00
     1.35009E-01    3.66570E+00    5.12761E-01   -4.67339E-01   -1.82063E-01    0.00000E+00    0.00000E+00    0.00000E+00    0.00000E+00
     1.39509E-01    3.65466E+00    5.28105E-01   -4.64170E-01   -1.87580E-01    0.00000E+00    0.00000E+00    0.00000E+00    0.00000E+00
     1.44009E-01    3.64330E+00    5.43284E-01   -4.60909E-01   -1.93045E-01    0.00000E+00    0.00000E+00    0.00000E+00    0.00000E+00
     1.48509E-01    3.63162E+00    5.58294E-01   -4.57559E-01   -1.98457E-01    0.00000E+00    0.00000E+00    0.00000E+00    0.00000E+00
     1.53009E-01    3.61963E+00    5.73130E-01   -4.54121E-01   -2.03815E-01    0.00000E+00    0.00000E+00    0.00000E+00    0.00000E+00
     1.57509E-01    3.60733E+00    5.87790E-01   -4.50595E-01   -2.09116E-01    0.00000E+00    0.00000E+00    0.00000E+00    0.00000E+00
     1.62009E-01    3.59473E+00    6.02269E-01   -4.46984E-01   -2.14361E-01    0.00000E+00    0.00000E+00    0.00000E+00    0.00000E+00
     1.66509E-01    3.58183E+00    6.16563E-01   -4.43289E-01   -2.19548E-01    0.00000E+00    0.00000E+00    0.00000E+00    0.00000E+00
     1.71009E-01    3.56863E+00    6.30669E-01   -4.39510E-01   -2.24675E-01    0.00000E+00    0.00000E+00    0.00000E+00    0.00000E+00
     1.75509E-01    3.55514E+00    6.44582E-01   -4.35650E-01   -2.29742E-01    0.00000E+00    0.00000E+00    0.00000E+00    0.00000E+00
     1.80009E-01    3.54136E+00    6.58300E-01   -4.31710E-01   -2.34747E-01    0.00000E+00    0.00000E+00    0.00000E+00    0.00000E+00
     1.84509E-01    3.52730E+00    6.71819E-01   -4.27690E-01   -2.39690E-01    0.00000E+00    0.00000E+00    0.00000E+00    0.00000E+00
     1.89009E-01    3.51296E+00    6.85136E-01   -4.23593E-01   -2.44569E-01    0.00000E+00    0.00000E+00    0.00000E+00    0.00000E+00
     1.93509E-01    3.49835E+00    6.98247E-01   -4.19420E-01   -2.49384E-01    0.00000E+00    0.00000E+00    0.00000E+00    0.00000E+00
     1.98009E-01    3.48347E+00    7.11151E-01   -4.15172E-01   -2.54133E-01    0.00000E+00    0.00000E+00    0.00000E+00    0.00000E+00
     2.02509E-01    3.46832E+00    7.23843E-01   -4.10852E-01   -2.58815E-01    0.00000E+00    0.00000E+00    0.00000E+00    0.00000E+00
     2.07009E-01    3.45292E+00    7.36320E-01   -4.06459E-01   -2.63431E-01    0.00000E+00    0.00000E+00    0.00000E+00    0.00000E+00
     2.11509E-01    3.43726E+00    7.48582E-01   -4.01996E-01   -2.67978E-01    0.00000E+00    0.00000E+00    0.00000E+00    0.00000E+00
     2.16009E-01    3.42135E+00    7.60624E-01   -3.97465E-01   -2.72456E-01    0.00000E+00    0.00000E+00    0.00000E+00    0.00000E+00
     2.20509E-01    3.40520E+00    7.72444E-01   -3.92866E-01   -2.76864E-01    0.00000E+00    0.00000E+00    0.00000E+00    0.00000E+00
     2.25009E-01    3.38881E+00    7.84040E-01   -3.88201E-01   -2.81201E-01    0.00000E+00    0.00000E+00    0.00000E+00    0.00000E+00
     2.29509E-01    3.37218E+00    7.95410E-01   -3.83473E-01   -2.85468E-01    0.00000E+00    0.00000E+00    0.00000E+00    0.00000E+00
     2.34009E-01    3.35533E+00    8.06551E-01   -3.78682E-01   -2.89662E-01    0.00000E+00    0.00000E+00    0.00000E+00    0.00000E+00
     2.38509E-01    3.33825E+00    8.17462E-01   -3.73830E-01   -2.93784E-01    0.00000E+00    0.00000E+00    0.00000E+00    0.00000E+00
     2.43009E-01    3.32095E+00    8.28141E-01   -3.68919E-01   -2.97833E-01    0.00000E+00    0.00000E+00    0.00000E+00    0.00000E+00
     2.47509E-01    3.30344E+00    8.38586E-01   -3.63950E-01   -3.01808E-01    0.00000E+00    0.00000E+00    0.00000E+00    0.00000E+00
     2.52009E-01    3.28572E+00    8.48796E-01   -3.58924E-01   -3.05709E-01    0.00000E+00    0.00000E+00    0.00000E+00    0.00000E+00
     2.56509E-01    3.26780E+00    8.58769E-01   -3.53844E-01   -3.09535E-01    0.00000E+00    0.00000E+00    0.00000E+00    0.00000E+00
     2.61009E-01    3.24968E+00    8.68503E-01   -3.48711E-01   -3.13286E-01    0.00000E+00    0.00000E+00    0.00000E+00    0.00000E+00
     2.65509E-01    3.23137E+00    8.77998E-01   -3.43527E-01   -3.16962E-01    0.00000E+00    0.00000E+00    0.00000E+00    0.00000E+00
     2.70008E-01    3.21287E+00    8.87252E-01   -3.38292E-01   -3.20561E-01    0.00000E+00    0.00000E+00    0.00000E+00    0.00000E+00
     2.74508E-01    3.19419E+00    8.96264E-01   -3.33010E-01   -3.24084E-01    0.00000E+00    0.00000E+00    0.00000E+00    0.00000E+00
     2.79008E-01    3.17534E+00    9.05034E-01   -3.27681E-01   -3.27530E-01    0.00000E+00    0.00000E+00    0.00000E+00    0.00000E+00
     2.83508E-01    3.15631E+00    9.13561E-01   -3.22306E-01   -3.30899E-01    0.00000E+00    0.00000E+00    0.00000E+00    0.00000E+00
     2.88008E-01    3.13712E+00    9.21843E-01   -3.16889E-01   -3.34192E-01    0.00000E+00    0.00000E+00    0.00000E+00    0.00000E+00
     2.92508E-01    3.11777E+00    9.29881E-01   -3.11429E-01   -3.37406E-01    0.00000E+00    0.00000E+00    0.00000E+00    0.00000E+00
     2.97008E-01    3.09827E+00    9.37675E-01   -3.05929E-01   -3.40543E-01    0.00000E+00    0.00000E+00    0.00000E+00    0.00000E+00
     3.01508E-01    3.07862E+00    9.45223E-01   -3.00391E-01   -3.43602E-01    0.00000E+00    0.00000E+00    0.00000E+00    0.00000E+00
     3.06008E-01    3.05882E+00    9.52525E-01   -2.94816E-01   -3.46583E-01    0.00000E+00    0.00000E+00    0.00000E+00    0.00000E+00
     3.10508E-01    3.03889E+00    9.59583E-01   -2.89205E-01   -3.49486E-01    0.00000E+00    0.00000E+00    0.00000E+00    0.00000E+00
     3.15008E-01    3.01883E+00    9.66394E-01   -2.83560E-01   -3.52311E-01    0.00000E+00    0.00000E+00    0.00000E+00    0.00000E+00
     3.19508E-01    2.99864E+00    9.72961E-01   -2.77883E-01   -3.55058E-01    0.00000E+00    0.00000E+00    0.00000E+00    0.00000E+00
     3.24008E-01    2.97833E+00    9.79283E-01   -2.72175E-01   -3.57726E-01    0.00000E+00    0.00000E+00    0.00000E+00    0.00000E+00
     3.28508E-01    2.95790E+00    9.85360E-01   -2.66439E-01   -3.60316E-01    0.00000E+00    0.00000E+00    0.00000E+00    0.00000E+00
     3.33008E-01    2.93737E+00    9.91193E-01   -2.60674E-01   -3.62829E-01    0.00000E+00    0.00000E+00    0.00000E+00    0.00000E+00
     3.37508E-01    2.91673E+00    9.96782E-01   -2.54884E-01   -3.65263E-01    0.00000E+00    0.00000E+00    0.00000E+00    0.00000E+00
     3.42008E-01    2.89599E+00    1.00213E+00   -2.49069E-01   -3.67619E-01    0.00000E+00    0.00000E+00    0.00000E+00    0.00000E+00
     3.46508E-01    2.87515E+00    1.00723E+00   -2.43231E-01   -3.69897E-01    0.00000E+00    0.00000E+00    0.00000E+00    0.00000E+00
     3.51008E-01    2.85423E+00    1.01210E+00   -2.37372E-01   -3.72098E-01    0.00000E+00    0.00000E+00    0.00000E+00    0.00000E+00
     3.55508E-01    2.83322E+00    1.01672E+00   -2.31493E-01   -3.74222E-01    0.00000E+00    0.00000E+00    0.00000E+00    0.00000E+00
     3.60008E-01    2.81214E+00    1.02110E+00   -2.25596E-01   -3.76268E-01    0.00000E+00    0.00000E+00    0.00000E+00    0.00000E+00
     3.64508E-01    2.79098E+00    1.02525E+00   -2.19682E-01   -3.78237E-01    0.00000E+00    0.00000E+00    0.00000E+00    0.00000E+00
     3.69008E-01    2.76976E+00    1.02916E+00   -2.13752E-01   -3.80129E-01    0.00000E+00    0.00000E+00    0.00000E+00    0.00000E+00
     3.73508E-01    2.74847E+00    1.03284E+00   -2.07809E-01   -3.81945E-01    0.00000E+00    0.00000E+00    0.00000E+00    0.00000E+00
     3.78008E-01    2.72713E+00    1.03628E+00   -2.01853E-01   -3.83685E-01    0.00000E+00    0.00000E+00    0.00000E+00    0.00000E+00
     3.82508E-01    2.70573E+00    1.03949E+00   -1.95886E-01   -3.85349E-01    0.00000E+00    0.00000E+00    0.00000E+00    0.00000E+00
     3.87008E-01    2.68429E+00    1.04246E+00   -1.89910E-01   -3.86938E-01    0.00000E+00    0.00000E+00    0.00000E+00    0.00000E+00
     3.91508E-01    2.66281E+00    1.04521E+00   -1.83925E-01   -3.88452E-01    0.00000E+00    0.00000E+00    0.00000E+00    0.00000E+00
     3.96008E-01    2.64129E+00    1.04774E+00   -1.77934E-01   -3.89891E-01    0.00000E+00    0.00000E+00    0.00000E+00    0.00000E+00
     4.00508E-01    2.61974E+00    1.05003E+00   -1.71937E-01   -3.91255E-01    0.00000E+00    0.00000E+00    0.00000E+00    0.00000E+00
     4.05008E-01    2.59816E+00    1.05211E+00   -1.65937E-01   -3.92546E-01    0.00000E+00    0.00000E+00    0.00000E+00    0.00000E+00
     4.09508E-01    2.57655E+00    1.05396E+00   -1.59934E-01   -3.93764E-01    0.00000E+00    0.00000E+00    0.00000E+00    0.00000E+00
     4.14008E-01    2.55493E+00    1.05559E+00   -1.53930E-01   -3.94909E-01    0.00000E+00    0.00000E+00    0.00000E+00    0.00000E+00
     4.18508E-01    2.53330E+00    1.05701E+00   -1.47926E-01   -3.95982E-01    0.00000E+00    0.00000E+00    0.00000E+00    0.00000E+00
     4.23008E-01    2.51166E+00    1.05822E+00   -1.41923E-01   -3.96983E-01    0.00000E+00    0.00000E+00    0.00000E+00    0.00000E+00
     4.27508E-01    2.49002E+00    1.05921E+00   -1.35923E-01   -3.97913E-01    0.00000E+00    0.00000E+00    0.00000E+00    0.00000E+00
     4.32008E-01    2.46838E+00    1.05999E+00   -1.29927E-01   -3.98772E-01    0.00000E+00    0.00000E+00    0.00000E+00    0.00000E+00
     4.36508E-01    2.44674E+00    1.06056E+00   -1.23937E-01   -3.99561E-01    0.00000E+00    0.00000E+00    0.00000E+00    0.00000E+00
     4.41008E-01    2.42512E+00    1.06093E+00   -1.17953E-01   -4.00281E-01    0.00000E+00    0.00000E+00    0.00000E+00    0.00000E+00
     4.45508E-01    2.40350E+00    1.06110E+00   -1.11977E-01   -4.00932E-01    0.00000E+00    0.00000E+00    0.00000E+00    0.00000E+00
     4.50007E-01    2.38191E+00    1.06106E+00   -1.06010E-01   -4.01515E-01    0.00000E+00    0.00000E+00    0.00000E+00    0.00000E+00
     4.54507E-01    2.36034E+00    1.06083E+00   -1.00053E-01   -4.02030E-01    0.00000E+00    0.00000E+00    0.00000E+00    0.00000E+00
     4.59007E-01    2.33880E+00    1.06041E+00   -9.41074E-02   -4.02479E-01    0.00000E+00    0.00000E+00    0.00000E+00    0.00000E+00
     4.63507E-01    2.31729E+00    1.05979E+00   -8.81746E-02   -4.02861E-01    0.00000E+00    0.00000E+00    0.00000E+00    0.00000E+00
     4.68007E-01    2.29582E+00    1.05899E+00   -8.22555E-02   -4.03179E-01    0.00000E+00    0.00000E+00    0.00000E+00    0.00000E+00
     4.72507E-01    2.27438E+00    1.05800E+00   -7.63512E-02   -4.03431E-01    0.00000E+00    0.00000E+00    0.00000E+00    0.00000E+00
     4.77007E-01    2.25299E+00    1.05682E+00   -7.04629E-02   -4.03619E-01    0.00000E+00    0.00000E+00    0.00000E+00    0.00000E+00
     4.81507E-01    2.23165E+00    1.05547E+00   -6.45917E-02   -4.03745E-01    0.00000E+00    0.00000E+00    0.00000E+00    0.00000E+00
     4.86007E-01    2.21035E+00    1.05394E+00   -5.87386E-02   -4.03807E-01    0.00000E+00    0.00000E+00    0.00000E+00    0.00000E+00
     4.90507E-01    2.18911E+00    1.05223E+00   -5.29046E-02   -4.03808E-01    0.00000E+00    0.00000E+00    0.00000E+00    0.00000E+00
     4.95007E-01    2.16794E+00    1.05036E+00   -4.70909E-02   -4.03749E-01    0.00000E+00    0.00000E+00    0.00000E+00    0.00000E+00
     4.99507E-01    2.14682E+00    1.04832E+00   -4.12984E-02   -4.03629E-01    0.00000E+00    0.00000E+00    0.00000E+00    0.00000E+00
     5.04007E-01    2.12577E+00    1.04611E+00   -3.55281E-02   -4.03450E-01    0.00000E+00    0.00000E+00    0.00000E+00    0.00000E+00
     5.08507E-01    2.10478E+00    1.04374E+00   -2.97809E-02   -4.03212E-01    0.00000E+00    0.00000E+00    0.00000E+00    0.00000E+00
     5.13007E-01    2.08387E+00    1.04121E+00   -2.40578E-02   -4.02917E-01    0.00000E+00    0.00000E+00    0.00000E+00    0.00000E+00
     5.17507E-01    2.06304E+00    1.03853E+00   -1.83598E-02   -4.02565E-01    0.00000E+00    0.00000E+00    0.00000E+00    0.00000E+00
     5.22007E-01    2.04228E+00    1.03569E+00   -1.26878E-02   -4.02157E-01    0.00000E+00    0.00000E+00    0.00000E+00    0.00000E+00
     5.26507E-01    2.02161E+00    1.03271E+00   -7.04249E-03   -4.01694E-01    0.00000E+00    0.00000E+00    0.00000E+00    0.00000E+00
     5.31007E-01    2.00102E+00    1.02957E+00   -1.42490E-03   -4.01176E-01    0.00000E+00    0.00000E+00    0.00000E+00    0.00000E+00
     5.35507E-01    1.98052E+00    1.02630E+00    4.16417E-03   -4.00606E-01    0.00000E+00    0.00000E+00    0.00000E+00    0.00000E+00
     5.40007E-01    1.96011E+00    1.02289E+00    9.72391E-03   -3.99983E-01    0.00000E+00    0.00000E+00    0.00000E+00    0.00000E+00
     5.44507E-01    1.93979E+00    1.01934E+00    1.52535E-02   -3.99308E-01    0.00000E+00    0.00000E+00    0.00000E+00    0.00000E+00
     5.49007E-01    1.91957E+00    1.01566E+00    2.07522E-02   -3.98583E-01    0.00000E+00    0.00000E+00    0.00000E+00    0.00000E+00
     5.53507E-01    1.89945E+00    1.01185E+00    2.62193E-02   -3.97808E-01    0.00000E+00    0.00000E+00    0.00000E+00    0.00000E+00
     5.58007E-01    1.87943E+00    1.00791E+00    3.16540E-02   -3.96984E-01    0.00000E+00    0.00000E+00    0.00000E+00    0.00000E+00
     5.62507E-01    1.85951E+00    1.00385E+00    3.70557E-02   -3.96113E-01    0.00000E+00    0.00000E+00    0.00000E+00    0.00000E+00
     5.67007E-01    1.83970E+00    9.99673E-01    4.24236E-02   -3.95194E-01    0.00000E+00    0.00000E+00    0.00000E+00    0.00000E+00
     5.71507E-01    1.82000E+00    9.95377E-01    4.77570E-02   -3.94229E-01    0.00000E+00    0.00000E+00    0.00000E+00    0.00000E+00
     5.76007E-01    1.80041E+00    9.90967E-01    5.30555E-02   -3.93219E-01    0.00000E+00    0.00000E+00    0.00000E+00    0.00000E+00
     5.80507E-01    1.78093E+00    9.86447E-01    5.83182E-02   -3.92165E-01    0.00000E+00    0.00000E+00    0.00000E+00    0.00000E+00
     5.85007E-01    1.76157E+00    9.81821E-01    6.35448E-02   -3.91067E-01    0.00000E+00    0.00000E+00    0.00000E+00    0.00000E+00
     5.89507E-01    1.74232E+00    9.77090E-01    6.87345E-02   -3.89927E-01    0.00000E+00    0.00000E+00    0.00000E+00    0.00000E+00
     5.94007E-01    1.72320E+00    9.72259E-01    7.38868E-02   -3.88746E-01    0.00000E+00    0.00000E+00    0.00000E+00    0.00000E+00
     5.98507E-01    1.70419E+00    9.67331E-01    7.90013E-02   -3.87524E-01    0.00000E+00    0.00000E+00    0.00000E+00    0.00000E+00
     6.03007E-01    1.68531E+00    9.62308E-01    8.40774E-02   -3.86263E-01    0.00000E+00    0.00000E+00    0.00000E+00    0.00000E+00
     6.07507E-01    1.66655E+00    9.57194E-01    8.91147E-02   -3.84963E-01    0.00000E+00    0.00000E+00    0.00000E+00    0.00000E+00
     6.12007E-01    1.64792E+00    9.51992E-01    9.41126E-02   -3.83625E-01    0.00000E+00    0.00000E+00    0.00000E+00    0.00000E+00
     6.16507E-01    1.62942E+00    9.46706E-01    9.90708E-02   -3.82250E-01    0.00000E+00    0.00000E+00    0.00000E+00    0.00000E+00
     6.21007E-01    1.61105E+00    9.41337E-01    1.03989E-01   -3.80840E-01    0.00000E+00    0.00000E+00    0.00000E+00    0.00000E+00
     6.25507E-01    1.59280E+00    9.35890E-01    1.08866E-01   -3.79394E-01    0.00000E+00    0.00000E+00    0.00000E+00    0.00000E+00
     6.30006E-01    1.57469E+00    9.30367E-01    1.13703E-01   -3.77915E-01    0.00000E+00    0.00000E+00    0.00000E+00    0.00000E+00
     6.34506E-01    1.55672E+00    9.24771E-01    1.18498E-01   -3.76403E-01    0.00000E+00    0.00000E+00    0.00000E+00    0.00000E+00
     6.39006E-01    1.53887E+00    9.19105E-01    1.23252E-01   -3.74858E-01    0.00000E+00    0.00000E+00    0.00000E+00    0.00000E+00
     6.43506E-01    1.52117E+00    9.13372E-01    1.27964E-01   -3.73282E-01    0.00000E+00    0.00000E+00    0.00000E+00    0.00000E+00
     6.48006E-01    1.50360E+00    9.07576E-01    1.32634E-01   -3.71676E-01    0.00000E+00    0.00000E+00    0.00000E+00    0.00000E+00
     6.52506E-01    1.48617E+00    9.01718E-01    1.37261E-01   -3.70040E-01    0.00000E+00    0.00000E+00    0.00000E+00    0.00000E+00
     6.57006E-01    1.46887E+00    8.95801E-01    1.41846E-01   -3.68376E-01    0.00000E+00    0.00000E+00    0.00000E+00    0.00000E+00
     6.61506E-01    1.45172E+00    8.89830E-01    1.46388E-01   -3.66684E-01    0.00000E+00    0.00000E+00    0.00000E+00    0.00000E+00
     6.66006E-01    1.43471E+00    8.83805E-01    1.50887E-01   -3.64966E-01    0.00000E+00    0.00000E+00    0.00000E+00    0.00000E+00
     6.70506E-01    1.41784E+00    8.77730E-01    1.55343E-01   -3.63221E-01    0.00000E+00    0.00000E+00    0.00000E+00    0.00000E+00
     6.75006E-01    1.40111E+00    8.71608E-01    1.59755E-01   -3.61452E-01    0.00000E+00    0.00000E+00    0.00000E+00    0.00000E+00
     6.79506E-01    1.38452E+00    8.65441E-01    1.64124E-01   -3.59658E-01    0.00000E+00    0.00000E+00    0.00000E+00    0.00000E+00
     6.84006E-01    1.36808E+00    8.59232E-01    1.68449E-01   -3.57841E-01    0.00000E+00    0.00000E+00    0.00000E+00    0.00000E+00
     6.88506E-01    1.35178E+00    8.52983E-01    1.72731E-01   -3.56002E-01    0.00000E+00    0.00000E+00    0.00000E+00    0.00000E+00
     6.93006E-01    1.33562E+00    8.46698E-01    1.76968E-01   -3.54141E-01    0.00000E+00    0.00000E+00    0.00000E+00    0.00000E+00
     6.97506E-01    1.31961E+00    8.40377E-01    1.81162E-01   -3.52259E-01    0.00000E+00    0.00000E+00    0.00000E+00    0.00000E+00
     7.02006E-01    1.30374E+00    8.34025E-01    1.85312E-01   -3.50357E-01    0.00000E+00    0.00000E+00    0.00000E+00    0.00000E+00
     7.06506E-01    1.28802E+00    8.27643E-01    1.89418E-01   -3.48436E-01    0.00000E+00    0.00000E+00    0.00000E+00    0.00000E+00
     7.11006E-01    1.27245E+00    8.21233E-01    1.93480E-01   -3.46497E-01    0.00000E+00    0.00000E+00    0.00000E+00    0.00000E+00
     7.15506E-01    1.25702E+00    8.14799E-01    1.97498E-01   -3.44540E-01    0.00000E+00    0.00000E+00    0.00000E+00    0.00000E+00
     7.20006E-01    1.24173E+00    8.08341E-01    2.01472E-01   -3.42567E-01    0.00000E+00    0.00000E+00    0.00000E+00    0.00000E+00
     7.24506E-01    1.22660E+00    8.01863E-01    2.05402E-01   -3.40577E-01    0.00000E+00    0.00000E+00    0.00000E+00    0.00000E+00
     7.29006E-01    1.21160E+00    7.95367E-01    2.09288E-01   -3.38573E-01    0.00000E+00    0.00000E+00    0.00000E+00    0.00000E+00
     7.33506E-01    1.19676E+00    7.88855E-01    2.13131E-01   -3.36553E-01    0.00000E+00    0.00000E+00    0.00000E+00    0.00000E+00
     7.38006E-01    1.18206E+00    7.82328E-01    2.16930E-01   -3.34520E-01    0.00000E+00    0.00000E+00    0.00000E+00    0.00000E+00
     7.42506E-01    1.16750E+00    7.75790E-01    2.20685E-01   -3.32474E-01    0.00000E+00    0.00000E+00    0.00000E+00    0.00000E+00
     7.47006E-01    1.15309E+00    7.69241E-01    2.24397E-01   -3.30416E-01    0.00000E+00    0.00000E+00    0.00000E+00    0.00000E+00
     7.51506E-01    1.13883E+00    7.62684E-01    2.28065E-01   -3.28346E-01    0.00000E+00    0.00000E+00    0.00000E+00    0.00000E+00
     7.56006E-01    1.12471E+00    7.56122E-01    2.31691E-01   -3.26265E-01    0.00000E+00    0.00000E+00    0.00000E+00    0.00000E+00
     7.60506E-01    1.11074E+00    7.49554E-01    2.35273E-01   -3.24173E-01    0.00000E+00    0.00000E+00    0.00000E+00    0.00000E+00
     7.65006E-01    1.09691E+00    7.42985E-01    2.38812E-01   -3.22073E-01    0.00000E+00    0.00000E+00    0.00000E+00    0.00000E+00
     7.69506E-01    1.08322E+00    7.36415E-01    2.42309E-01   -3.19963E-01    0.00000E+00    0.00000E+00    0.00000E+00    0.00000E+00
     7.74006E-01    1.06968E+00    7.29846E-01    2.45763E-01   -3.17845E-01    0.00000E+00    0.00000E+00    0.00000E+00    0.00000E+00
     7.78506E-01    1.05628E+00    7.23280E-01    2.49174E-01   -3.15719E-01    0.00000E+00    0.00000E+00    0.00000E+00    0.00000E+00
     7.83006E-01    1.04303E+00    7.16718E-01    2.52544E-01   -3.13586E-01    0.00000E+00    0.00000E+00    0.00000E+00    0.00000E+00
     7.87506E-01    1.02991E+00    7.10163E-01    2.55871E-01   -3.11447E-01    0.00000E+00    0.00000E+00    0.00000E+00    0.00000E+00
     7.92006E-01    1.01694E+00    7.03615E-01    2.59157E-01   -3.09302E-01    0.00000E+00    0.00000E+00    0.00000E+00    0.00000E+00
     7.96506E-01    1.00412E+00    6.97076E-01    2.62402E-01   -3.07152E-01    0.00000E+00    0.00000E+00    0.00000E+00    0.00000E+00
     8.01006E-01    9.91427E-01    6.90548E-01    2.65605E-01   -3.04997E-01    0.00000E+00    0.00000E+00    0.00000E+00    0.00000E+00
     8.05506E-01    9.78879E-01    6.84032E-01    2.68767E-01   -3.02837E-01    0.00000E+00    0.00000E+00    0.00000E+00    0.00000E+00
     8.10005E-01    9.66470E-01    6.77530E-01    2.71889E-01   -3.00674E-01    0.00000E+00    0.00000E+00    0.00000E+00    0.00000E+00
     8.14505E-01    9.54200E-01    6.71043E-01    2.74970E-01   -2.98509E-01    0.00000E+00    0.00000E+00    0.00000E+00    0.00000E+00
     8.19005E-01    9.42069E-01    6.64572E-01    2.78010E-01   -2.96340E-01    0.00000E+00    0.00000E+00    0.00000E+00    0.00000E+00
     8.23505E-01    9.30074E-01    6.58119E-01    2.81011E-01   -2.94170E-01    0.00000E+00    0.00000E+00    0.00000E+00    0.00000E+00
     8.28005E-01    9.18217E-01    6.51684E-01    2.83973E-01   -2.91997E-01    0.00000E+00    0.00000E+00    0.00000E+00    0.00000E+00
     8.32505E-01    9.06496E-01    6.45270E-01    2.86895E-01   -2.89824E-01    0.00000E+00    0.00000E+00    0.00000E+00    0.00000E+00
     8.37005E-01    8.94909E-01    6.38876E-01    2.89778E-01   -2.87650E-01    0.00000E+00    0.00000E+00    0.00000E+00    0.00000E+00
     8.41505E-01    8.83457E-01    6.32505E-01    2.92622E-01   -2.85476E-01    0.00000E+00    0.00000E+00    0.00000E+00    0.00000E+00
     8.46005E-01    8.72139E-01    6.26157E-01    2.95428E-01   -2.83303E-01    0.00000E+00    0.00000E+00    0.00000E+00    0.00000E+00
     8.50505E-01    8.60954E-01    6.19834E-01    2.98196E-01   -2.81130E-01    0.00000E+00    0.00000E+00    0.00000E+00    0.00000E+00
     8.55005E-01    8.49900E-01    6.13536E-01    3.00926E-01   -2.78958E-01    0.00000E+00    0.00000E+00    0.00000E+00    0.00000E+00
     8.59505E-01    8.38977E-01    6.07265E-01    3.03619E-01   -2.76788E-01    0.00000E+00    0.00000E+00    0.00000E+00    0.00000E+00
     8.64005E-01    8.28184E-01    6.01021E-01    3.06274E-01   -2.74619E-01    0.00000E+00    0.00000E+00    0.00000E+00    0.00000E+00
     8.68505E-01    8.17521E-01    5.94805E-01    3.08893E-01   -2.72453E-01    0.00000E+00    0.00000E+00    0.00000E+00    0.00000E+00
     8.73005E-01    8.06985E-01    5.88618E-01    3.11475E-01   -2.70290E-01    0.00000E+00    0.00000E+00    0.00000E+00    0.00000E+00
     8.77505E-01    7.96577E-01    5.82461E-01    3.14021E-01   -2.68129E-01    0.00000E+00    0.00000E+00    0.00000E+00    0.00000E+00
     8.82005E-01    7.86296E-01    5.76335E-01    3.16532E-01   -2.65973E-01    0.00000E+00    0.00000E+00    0.00000E+00    0.00000E+00
     8.86505E-01    7.76140E-01    5.70241E-01    3.19007E-01   -2.63819E-01    0.00000E+00    0.00000E+00    0.00000E+00    0.00000E+00
     8.91005E-01    7.66108E-01    5.64179E-01    3.21447E-01   -2.61670E-01    0.00000E+00    0.00000E+00    0.00000E+00    0.00000E+00
     8.95505E-01    7.56199E-01    5.58150E-01    3.23852E-01   -2.59526E-01    0.00000E+00    0.00000E+00    0.00000E+00    0.00000E+00
     9.00005E-01    7.46414E-01    5.52154E-01    3.26223E-01   -2.57386E-01    0.00000E+00    0.00000E+00    0.00000E+00    0.00000E+00
     9.04505E-01    7.36749E-01    5.46193E-01    3.28560E-01   -2.55251E-01    0.00000E+00    0.00000E+00    0.00000E+00    0.00000E+00
     9.09005E-01    7.27205E-01    5.40267E-01    3.30863E-01   -2.53121E-01    0.00000E+00    0.00000E+00    0.00000E+00    0.00000E+00
     9.13505E-01    7.17781E-01    5.34376E-01    3.33133E-01   -2.50997E-01    0.00000E+00    0.00000E+00    0.00000E+00    0.00000E+00
     9.18005E-01    7.08475E-01    5.28521E-01    3.35370E-01   -2.48879E-01    0.00000E+00    0.00000E+00    0.00000E+00    0.00000E+00
     9.22505E-01    6.99286E-01    5.22703E-01    3.37575E-01   -2.46767E-01    0.00000E+00    0.00000E+00    0.00000E+00    0.00000E+00
     9.27005E-01    6.90214E-01    5.16922E-01    3.39747E-01   -2.44661E-01    0.00000E+00    0.00000E+00    0.00000E+00    0.00000E+00
     9.31505E-01    6.81257E-01    5.11179E-01    3.41887E-01   -2.42562E-01    0.00000E+00    0.00000E+00    0.00000E+00    0.00000E+00
     9.36005E-01    6.72414E-01    5.05473E-01    3.43996E-01   -2.40470E-01    0.00000E+00    0.00000E+00    0.00000E+00    0.00000E+00
     9.40505E-01    6.63685E-01    4.99806E-01    3.46074E-01   -2.38385E-01    0.00000E+00    0.00000E+00    0.00000E+00    0.00000E+00
     9.45005E-01    6.55067E-01    4.94177E-01    3.48120E-01   -2.36307E-01    0.00000E+00    0.00000E+00    0.00000E+00    0.00000E+00
     9.49505E-01    6.46561E-01    4.88588E-01    3.50137E-01   -2.34237E-01    0.00000E+00    0.00000E+00    0.00000E+00    0.00000E+00
     9.54005E-01    6.38165E-01    4.83038E-01    3.52123E-01   -2.32174E-01    0.00000E+00    0.00000E+00    0.00000E+00    0.00000E+00
     9.58505E-01    6.29878E-01    4.77528E-01    3.54079E-01   -2.30119E-01    0.00000E+00    0.00000E+00    0.00000E+00    0.00000E+00
     9.63005E-01    6.21699E-01    4.72058E-01    3.56006E-01   -2.28072E-01    0.00000E+00    0.00000E+00    0.00000E+00    0.00000E+00
     9.67505E-01    6.13627E-01    4.66628E-01    3.57904E-01   -2.26034E-01    0.00000E+00    0.00000E+00    0.00000E+00    0.00000E+00
     9.72005E-01    6.05661E-01    4.61239E-01    3.59773E-01   -2.24004E-01    0.00000E+00    0.00000E+00    0.00000E+00    0.00000E+00
     9.76505E-01    5.97800E-01    4.55891E-01    3.61614E-01   -2.21982E-01    0.00000E+00    0.00000E+00    0.00000E+00    0.00000E+00
     9.81005E-01    5.90042E-01    4.50584E-01    3.63427E-01   -2.19969E-01    0.00000E+00    0.00000E+00    0.00000E+00    0.00000E+00
     9.85505E-01    5.82387E-01    4.45318E-01    3.65213E-01   -2.17965E-01    0.00000E+00    0.00000E+00    0.00000E+00    0.00000E+00
     9.90004E-01    5.74834E-01    4.40094E-01    3.66971E-01   -2.15970E-01    0.00000E+00    0.00000E+00    0.00000E+00    0.00000E+00
     9.94504E-01    5.67382E-01    4.34911E-01    3.68702E-01   -2.13984E-01    0.00000E+00    0.00000E+00    0.00000E+00    0.00000E+00
     9.99004E-01    5.60029E-01    4.29770E-01    3.70406E-01   -2.12008E-01    0.00000E+00    0.00000E+00    0.00000E+00    0.00000E+00
     1.00350E+00    5.52774E-01    4.24670E-01    3.72084E-01   -2.10041E-01    0.00000E+00    0.00000E+00    0.00000E+00    0.00000E+00
     1.00800E+00    5.45617E-01    4.19613E-01    3.73736E-01   -2.08083E-01    0.00000E+00    0.00000E+00    0.00000E+00    0.00000E+00
     1.01250E+00    5.38557E-01    4.14597E-01    3.75363E-01   -2.06135E-01    0.00000E+00    0.00000E+00    0.00000E+00    0.00000E+00
     1.01700E+00    5.31591E-01    4.09623E-01    3.76964E-01   -2.04196E-01    0.00000E+00    0.00000E+00    0.00000E+00    0.00000E+00
     1.02150E+00    5.24721E-01    4.04692E-01    3.78540E-01   -2.02267E-01    0.00000E+00    0.00000E+00    0.00000E+00    0.00000E+00
     1.02600E+00    5.17943E-01    3.99802E-01    3.80092E-01   -2.00348E-01    0.00000E+00    0.00000E+00    0.00000E+00    0.00000E+00
     1.03050E+00    5.11258E-01    3.94955E-01    3.81619E-01   -1.98439E-01    0.00000E+00    0.00000E+00    0.00000E+00    0.00000E+00
     1.03500E+00    5.04664E-01    3.90150E-01    3.83123E-01   -1.96540E-01    0.00000E+00    0.00000E+00    0.00000E+00    0.00000E+00
     1.03950E+00    4.98161E-01    3.85387E-01    3.84603E-01   -1.94651E-01    0.00000E+00    0.00000E+00    0.00000E+00    0.00000E+00
     1.04400E+00    4.91747E-01    3.80665E-01    3.86059E-01   -1.92773E-01    0.00000E+00    0.00000E+00    0.00000E+00    0.00000E+00
     1.04850E+00    4.85421E-01    3.75986E-01    3.87492E-01   -1.90904E-01    0.00000E+00    0.00000E+00    0.00000E+00    0.00000E+00
     1.05300E+00    4.79182E-01    3.71349E-01    3.88903E-01   -1.89046E-01    0.00000E+00    0.00000E+00    0.00000E+00    0.00000E+00
     1.05750E+00    4.73030E-01    3.66754E-01    3.90291E-01   -1.87198E-01    0.00000E+00    0.00000E+00    0.00000E+00    0.00000E+00
     1.06200E+00    4.66963E-01    3.62200E-01    3.91658E-01   -1.85360E-01    0.00000E+00    0.00000E+00    0.00000E+00    0.00000E+00
     1.06650E+00    4.60981E-01    3.57688E-01    3.93002E-01   -1.83533E-01    0.00000E+00    0.00000E+00    0.00000E+00    0.00000E+00
     1.07100E+00    4.55081E-01    3.53218E-01    3.94325E-01   -1.81716E-01    0.00000E+00    0.00000E+00    0.00000E+00    0.00000E+00
     1.07550E+00    4.49265E-01    3.48789E-01    3.95627E-01   -1.79910E-01    0.00000E+00    0.00000E+00    0.00000E+00    0.00000E+00
     1.08000E+00    4.43529E-01    3.44402E-01    3.96907E-01   -1.78114E-01    0.00000E+00    0.00000E+00    0.00000E+00    0.00000E+00
     1.08450E+00    4.37875E-01    3.40056E-01    3.98168E-01   -1.76329E-01    0.00000E+00    0.00000E+00    0.00000E+00    0.00000E+00
     1.08900E+00    4.32299E-01    3.35751E-01    3.99408E-01   -1.74554E-01    0.00000E+00    0.00000E+00    0.00000E+00    0.00000E+00
     1.09350E+00    4.26803E-01    3.31487E-01    4.00627E-01   -1.72790E-01    0.00000E+00    0.00000E+00    0.00000E+00    0.00000E+00
     1.09800E+00    4.21384E-01    3.27264E-01    4.01828E-01   -1.71036E-01    0.00000E+00    0.00000E+00    0.00000E+00    0.00000E+00
     1.10250E+00    4.16042E-01    3.23081E-01    4.03008E-01   -1.69293E-01    0.00000E+00    0.00000E+00    0.00000E+00    0.00000E+00
     1.10700E+00    4.10776E-01    3.18939E-01    4.04170E-01   -1.67561E-01    0.00000E+00    0.00000E+00    0.00000E+00    0.00000E+00
     1.11150E+00    4.05585E-01    3.14837E-01    4.05312E-01   -1.65839E-01    0.00000E+00    0.00000E+00    0.00000E+00    0.00000E+00
     1.11600E+00    4.00467E-01    3.10775E-01    4.06436E-01   -1.64128E-01    0.00000E+00    0.00000E+00    0.00000E+00    0.00000E+00
     1.12050E+00    3.95423E-01    3.06752E-01    4.07542E-01   -1.62427E-01    0.00000E+00    0.00000E+00    0.00000E+00    0.00000E+00
     1.12500E+00    3.90452E-01    3.02770E-01    4.08630E-01   -1.60737E-01    0.00000E+00    0.00000E+00    0.00000E+00    0.00000E+00
     1.12950E+00    3.85552E-01    2.98827E-01    4.09699E-01   -1.59058E-01    0.00000E+00    0.00000E+00    0.00000E+00    0.00000E+00
     1.13400E+00    3.80722E-01    2.94923E-01    4.10751E-01   -1.57389E-01    0.00000E+00    0.00000E+00    0.00000E+00    0.00000E+00
     1.13850E+00    3.75962E-01    2.91058E-01    4.11786E-01   -1.55731E-01    0.00000E+00    0.00000E+00    0.00000E+00    0.00000E+00
     1.14300E+00    3.71271E-01    2.87232E-01    4.12804E-01   -1.54083E-01    0.00000E+00    0.00000E+00    0.00000E+00    0.00000E+00
     1.14750E+00    3.66648E-01    2.83444E-01    4.13804E-01   -1.52446E-01    0.00000E+00    0.00000E+00    0.00000E+00    0.00000E+00
     1.15200E+00    3.62092E-01    2.79695E-01    4.14789E-01   -1.50819E-01    0.00000E+00    0.00000E+00    0.00000E+00    0.00000E+00
     1.15650E+00    3.57602E-01    2.75984E-01    4.15757E-01   -1.49203E-01    0.00000E+00    0.00000E+00    0.00000E+00    0.00000E+00
     1.16100E+00    3.53178E-01    2.72310E-01    4.16708E-01   -1.47597E-01    0.00000E+00    0.00000E+00    0.00000E+00    0.00000E+00
     1.16550E+00    3.48819E-01    2.68674E-01    4.17644E-01   -1.46002E-01    0.00000E+00    0.00000E+00    0.00000E+00    0.00000E+00
     1.17000E+00    3.44523E-01    2.65075E-01    4.18565E-01   -1.44417E-01    0.00000E+00    0.00000E+00    0.00000E+00    0.00000E+00
     1.17450E+00    3.40291E-01    2.61513E-01    4.19470E-01   -1.42842E-01    0.00000E+00    0.00000E+00    0.00000E+00    0.00000E+00
     1.17900E+00    3.36121E-01    2.57988E-01    4.20360E-01   -1.41278E-01    0.00000E+00    0.00000E+00    0.00000E+00    0.00000E+00
     1.18350E+00    3.32012E-01    2.54499E-01    4.21234E-01   -1.39724E-01    0.00000E+00    0.00000E+00    0.00000E+00    0.00000E+00
     1.18800E+00    3.27965E-01    2.51047E-01    4.22095E-01   -1.38181E-01    0.00000E+00    0.00000E+00    0.00000E+00    0.00000E+00
     1.19250E+00    3.23977E-01    2.47630E-01    4.22940E-01   -1.36647E-01    0.00000E+00    0.00000E+00    0.00000E+00    0.00000E+00
     1.19700E+00    3.20049E-01    2.44249E-01    4.23772E-01   -1.35124E-01    0.00000E+00    0.00000E+00    0.00000E+00    0.00000E+00
     1.20150E+00    3.16179E-01    2.40904E-01    4.24589E-01   -1.33611E-01    0.00000E+00    0.00000E+00    0.00000E+00    0.00000E+00
     1.20600E+00    3.12367E-01    2.37593E-01    4.25392E-01   -1.32108E-01    0.00000E+00    0.00000E+00    0.00000E+00    0.00000E+00
     1.21050E+00    3.08613E-01    2.34317E-01    4.26182E-01   -1.30615E-01    0.00000E+00    0.00000E+00    0.00000E+00    0.00000E+00
     1.21500E+00    3.04914E-01    2.31076E-01    4.26959E-01   -1.29132E-01    0.00000E+00    0.00000E+00    0.00000E+00    0.00000E+00
     1.21950E+00    3.01271E-01    2.27869E-01    4.27722E-01   -1.27659E-01    0.00000E+00    0.00000E+00    0.00000E+00    0.00000E+00
     1.22400E+00    2.97683E-01    2.24695E-01    4.28472E-01   -1.26196E-01    0.00000E+00    0.00000E+00    0.00000E+00    0.00000E+00
     1.22850E+00    2.94150E-01    2.21556E-01    4.29209E-01   -1.24742E-01    0.00000E+00    0.00000E+00    0.00000E+00    0.00000E+00
     1.23300E+00    2.90670E-01    2.18449E-01    4.29934E-01   -1.23299E-01    0.00000E+00    0.00000E+00    0.00000E+00    0.00000E+00
     1.23750E+00    2.87243E-01    2.15376E-01    4.30646E-01   -1.21865E-01    0.00000E+00    0.00000E+00    0.00000E+00    0.00000E+00
     1.24200E+00    2.83868E-01    2.12335E-01    4.31346E-01   -1.20441E-01    0.00000E+00    0.00000E+00    0.00000E+00    0.00000E+00
     1.24650E+00    2.80544E-01    2.09327E-01    4.32033E-01   -1.19027E-01    0.00000E+00    0.00000E+00    0.00000E+00    0.00000E+00
     1.25100E+00    2.77272E-01    2.06351E-01    4.32709E-01   -1.17622E-01    0.00000E+00    0.00000E+00    0.00000E+00    0.00000E+00
     1.25550E+00    2.74050E-01    2.03406E-01    4.33374E-01   -1.16227E-01    0.00000E+00    0.00000E+00    0.00000E+00    0.00000E+00
     1.26000E+00    2.70877E-01    2.00493E-01    4.34026E-01   -1.14842E-01    0.00000E+00    0.00000E+00    0.00000E+00    0.00000E+00
     1.26450E+00    2.67754E-01    1.97612E-01    4.34668E-01   -1.13465E-01    0.00000E+00    0.00000E+00    0.00000E+00    0.00000E+00
     1.26900E+00    2.64679E-01    1.94761E-01    4.35298E-01   -1.12098E-01    0.00000E+00    0.00000E+00    0.00000E+00    0.00000E+00
     1.27350E+00    2.61652E-01    1.91941E-01    4.35917E-01   -1.10741E-01    0.00000E+00    0.00000E+00    0.00000E+00    0.00000E+00
     1.27800E+00    2.58671E-01    1.89151E-01    4.36525E-01   -1.09393E-01    0.00000E+00    0.00000E+00    0.00000E+00    0.00000E+00
     1.28250E+00    2.55738E-01    1.86391E-01    4.37122E-01   -1.08054E-01    0.00000E+00    0.00000E+00    0.00000E+00    0.00000E+00
     1.28700E+00    2.52850E-01    1.83661E-01    4.37709E-01   -1.06724E-01    0.00000E+00    0.00000E+00    0.00000E+00    0.00000E+00
     1.29150E+00    2.50008E-01    1.80960E-01    4.38286E-01   -1.05403E-01    0.00000E+00    0.00000E+00    0.00000E+00    0.00000E+00
     1.29600E+00    2.47211E-01    1.78288E-01    4.38853E-01   -1.04091E-01    0.00000E+00    0.00000E+00    0.00000E+00    0.00000E+00
     1.30050E+00    2.44457E-01    1.75645E-01    4.39409E-01   -1.02788E-01    0.00000E+00    0.00000E+00    0.00000E+00    0.00000E+00
     1.30500E+00    2.41748E-01    1.73031E-01    4.39955E-01   -1.01494E-01    0.00000E+00    0.00000E+00    0.00000E+00    0.00000E+00
     1.30950E+00    2.39082E-01    1.70444E-01    4.40492E-01   -1.00209E-01    0.00000E+00    0.00000E+00    0.00000E+00    0.00000E+00
     1.31400E+00    2.36458E-01    1.67886E-01    4.41019E-01   -9.89331E-02    0.00000E+00    0.00000E+00    0.00000E+00    0.00000E+00
     1.31850E+00    2.33876E-01    1.65355E-01    4.41537E-01   -9.76655E-02    0.00000E+00    0.00000E+00    0.00000E+00    0.00000E+00
     1.32300E+00    2.31336E-01    1.62851E-01    4.42045E-01   -9.64066E-02    0.00000E+00    0.00000E+00    0.00000E+00    0.00000E+00
     1.32750E+00    2.28837E-01    1.60375E-01    4.42545E-01   -9.51563E-02    0.00000E+00    0.00000E+00    0.00000E+00    0.00000E+00
     1.33200E+00    2.26378E-01    1.57925E-01    4.43035E-01   -9.39145E-02    0.00000E+00    0.00000E+00    0.00000E+00    0.00000E+00
     1.33650E+00    2.23960E-01    1.55501E-01    4.43516E-01   -9.26812E-02    0.00000E+00    0.00000E+00    0.00000E+00    0.00000E+00
     1.34100E+00    2.21580E-01    1.53104E-01    4.43989E-01   -9.14562E-02    0.00000E+00    0.00000E+00    0.00000E+00    0.00000E+00
     1.34550E+00    2.19240E-01    1.50732E-01    4.44453E-01   -9.02396E-02    0.00000E+00    0.00000E+00    0.00000E+00    0.00000E+00
     1.35000E+00    2.16939E-01    1.48386E-01    4.44908E-01   -8.90313E-02    0.00000E+00    0.00000E+00    0.00000E+00    0.00000E+00
     1.35450E+00    2.14675E-01    1.46065E-01    4.45355E-01   -8.78312E-02    0.00000E+00    0.00000E+00    0.00000E+00    0.00000E+00
     1.35900E+00    2.12449E-01    1.43770E-01    4.45794E-01   -8.66393E-02    0.00000E+00    0.00000E+00    0.00000E+00    0.00000E+00
     1.36350E+00    2.10259E-01    1.41498E-01    4.46225E-01   -8.54554E-02    0.00000E+00    0.00000E+00    0.00000E+00    0.00000E+00
     1.36800E+00    2.08107E-01    1.39251E-01    4.46647E-01   -8.42796E-02    0.00000E+00    0.00000E+00    0.00000E+00    0.00000E+00
     1.37250E+00    2.05991E-01    1.37029E-01    4.47062E-01   -8.31117E-02    0.00000E+00    0.00000E+00    0.00000E+00    0.00000E+00
     1.37700E+00    2.03910E-01    1.34830E-01    4.47469E-01   -8.19517E-02    0.00000E+00    0.00000E+00    0.00000E+00    0.00000E+00
     1.38150E+00    2.01864E-01    1.32654E-01    4.47869E-01   -8.07996E-02    0.00000E+00    0.00000E+00    0.00000E+00    0.00000E+00
     1.38600E+00    1.99854E-01    1.30502E-01    4.48261E-01   -7.96552E-02    0.00000E+00    0.00000E+00    0.00000E+00    0.00000E+00
     1.39050E+00    1.97878E-01    1.28373E-01    4.48645E-01   -7.85186E-02    0.00000E+00    0.00000E+00    0.00000E+00    0.00000E+00
     1.39500E+00    1.95935E-01    1.26266E-01    4.49023E-01   -7.73895E-02    0.00000E+00    0.00000E+00    0.00000E+00    0.00000E+00
     1.39950E+00    1.94027E-01    1.24182E-01    4.49393E-01   -7.62681E-02    0.00000E+00    0.00000E+00    0.00000E+00    0.00000E+00
     1.40400E+00    1.92151E-01    1.22120E-01    4.49756E-01   -7.51542E-02    0.00000E+00    0.00000E+00    0.00000E+00    0.00000E+00
     1.40850E+00    1.90308E-01    1.20079E-01    4.50112E-01   -7.40477E-02    0.00000E+00    0.00000E+00    0.00000E+00    0.00000E+00
     1.41300E+00    1.88497E-01    1.18061E-01    4.50461E-01   -7.29486E-02    0.00000E+00    0.00000E+00    0.00000E+00    0.00000E+00
     1.41750E+00    1.86719E-01    1.16063E-01    4.50803E-01   -7.18569E-02    0.00000E+00    0.00000E+00    0.00000E+00    0.00000E+00
     1.42200E+00    1.84972E-01    1.14087E-01    4.51139E-01   -7.07724E-02    0.00000E+00    0.00000E+00    0.00000E+00    0.00000E+00
     1.42650E+00    1.83256E-01    1.12132E-01    4.51468E-01   -6.96952E-02    0.00000E+00    0.00000E+00    0.00000E+00    0.00000E+00
     1.43100E+00    1.81571E-01    1.10197E-01    4.51791E-01   -6.86251E-02    0.00000E+00    0.00000E+00    0.00000E+00    0.00000E+00
     1.43550E+00    1.79916E-01    1.08282E-01    4.52107E-01   -6.75620E-02    0.00000E+00    0.00000E+00    0.00000E+00    0.00000E+00
     1.44000E+00    1.78291E-01    1.06387E-01    4.52418E-01   -6.65060E-02    0.00000E+00    0.00000E+00    0.00000E+00    0.00000E+00
     1.44450E+00    1.76696E-01    1.04512E-01    4.52721E-01   -6.54570E-02    0.00000E+00    0.00000E+00    0.00000E+00    0.00000E+00
     1.44900E+00    1.75131E-01    1.02656E-01    4.53019E-01   -6.44149E-02    0.00000E+00    0.00000E+00    0.00000E+00    0.00000E+00
     1.45350E+00    1.73594E-01    1.00820E-01    4.53311E-01   -6.33796E-02    0.00000E+00    0.00000E+00    0.00000E+00    0.00000E+00
     1.45800E+00    1.72086E-01    9.90029E-02    4.53597E-01   -6.23511E-02    0.00000E+00    0.00000E+00    0.00000E+00    0.00000E+00
     1.46250E+00    1.70606E-01    9.72043E-02    4.53877E-01   -6.13293E-02    0.00000E+00    0.00000E+00    0.00000E+00    0.00000E+00
     1.46700E+00    1.69155E-01    9.54241E-02    4.54151E-01   -6.03141E-02    0.00000E+00    0.00000E+00    0.00000E+00    0.00000E+00
     1.47150E+00    1.67730E-01    9.36622E-02    4.54420E-01   -5.93056E-02    0.00000E+00    0.00000E+00    0.00000E+00    0.00000E+00
     1.47600E+00    1.66334E-01    9.19183E-02    4.54683E-01   -5.83036E-02    0.00000E+00    0.00000E+00    0.00000E+00    0.00000E+00
     1.48050E+00    1.64964E-01    9.01922E-02    4.54941E-01   -5.73081E-02    0.00000E+00    0.00000E+00    0.00000E+00    0.00000E+00
     1.48500E+00    1.63621E-01    8.84835E-02    4.55193E-01   -5.63191E-02    0.00000E+00    0.00000E+00    0.00000E+00    0.00000E+00
     1.48950E+00    1.62304E-01    8.67921E-02    4.55440E-01   -5.53364E-02    0.00000E+00    0.00000E+00    0.00000E+00    0.00000E+00
     1.49400E+00    1.61014E-01    8.51178E-02    4.55681E-01   -5.43600E-02    0.00000E+00    0.00000E+00    0.00000E+00    0.00000E+00
     1.49850E+00    1.59749E-01    8.34602E-02    4.55917E-01   -5.33899E-02    0.00000E+00    0.00000E+00    0.00000E+00    0.00000E+00
     1.50300E+00    1.58509E-01    8.18191E-02    4.56149E-01   -5.24259E-02    0.00000E+00    0.00000E+00    0.00000E+00    0.00000E+00
     1.50750E+00    1.57295E-01    8.01945E-02    4.56375E-01   -5.14681E-02    0.00000E+00    0.00000E+00    0.00000E+00    0.00000E+00
     1.51200E+00    1.56106E-01    7.85858E-02    4.56596E-01   -5.05164E-02    0.00000E+00    0.00000E+00    0.00000E+00    0.00000E+00
     1.51650E+00    1.54941E-01    7.69931E-02    4.56812E-01   -4.95708E-02    0.00000E+00    0.00000E+00    0.00000E+00    0.00000E+00
     1.52100E+00    1.53801E-01    7.54160E-02    4.57024E-01   -4.86311E-02    0.00000E+00    0.00000E+00    0.00000E+00    0.00000E+00
     1.52550E+00    1.52685E-01    7.38544E-02    4.57230E-01   -4.76973E-02    0.00000E+00    0.00000E+00    0.00000E+00    0.00000E+00
     1.53000E+00    1.51593E-01    7.23079E-02    4.57432E-01   -4.67694E-02    0.00000E+00    0.00000E+00    0.00000E+00    0.00000E+00
     1.53450E+00    1.50524E-01    7.07764E-02    4.57630E-01   -4.58473E-02    0.00000E+00    0.00000E+00    0.00000E+00    0.00000E+00
     1.53900E+00    1.49479E-01    6.92597E-02    4.57823E-01   -4.49309E-02    0.00000E+00    0.00000E+00    0.00000E+00    0.00000E+00
     1.54350E+00    1.48456E-01    6.77575E-02    4.58011E-01   -4.40203E-02    0.00000E+00    0.00000E+00    0.00000E+00    0.00000E+00
     1.54800E+00    1.47457E-01    6.62696E-02    4.58195E-01   -4.31153E-02    0.00000E+00    0.00000E+00    0.00000E+00    0.00000E+00
     1.55250E+00    1.46480E-01    6.47959E-02    4.58374E-01   -4.22159E-02    0.00000E+00    0.00000E+00    0.00000E+00    0.00000E+00
     1.55700E+00    1.45525E-01    6.33360E-02    4.58549E-01   -4.13221E-02    0.00000E+00    0.00000E+00    0.00000E+00    0.00000E+00
     1.56150E+00    1.44593E-01    6.18899E-02    4.58720E-01   -4.04337E-02    0.00000E+00    0.00000E+00    0.00000E+00    0.00000E+00
     1.56600E+00    1.43682E-01    6.04572E-02    4.58886E-01   -3.95508E-02    0.00000E+00    0.00000E+00    0.00000E+00    0.00000E+00
     1.57050E+00    1.42793E-01    5.90379E-02    4.59049E-01   -3.86733E-02    0.00000E+00    0.00000E+00    0.00000E+00    0.00000E+00
     1.57500E+00    1.41925E-01    5.76316E-02    4.59207E-01   -3.78011E-02    0.00000E+00    0.00000E+00    0.00000E+00    0.00000E+00
     1.57950E+00    1.41079E-01    5.62382E-02    4.59361E-01   -3.69342E-02    0.00000E+00    0.00000E+00    0.00000E+00    0.00000E+00
     1.58400E+00    1.40253E-01    5.48575E-02    4.59511E-01   -3.60725E-02    0.00000E+00    0.00000E+00    0.00000E+00    0.00000E+00
     1.58850E+00    1.39449E-01    5.34893E-02    4.59658E-01   -3.52161E-02    0.00000E+00    0.00000E+00    0.00000E+00    0.00000E+00
     1.59300E+00    1.38664E-01    5.21334E-02    4.59800E-01   -3.43647E-02    0.00000E+00    0.00000E+00    0.00000E+00    0.00000E+00
     1.59750E+00    1.37901E-01    5.07895E-02    4.59939E-01   -3.35185E-02    0.00000E+00    0.00000E+00    0.00000E+00    0.00000E+00
     1.60200E+00    1.37157E-01    4.94576E-02    4.60073E-01   -3.26773E-02    0.00000E+00    0.00000E+00    0.00000E+00    0.00000E+00
     1.60650E+00    1.36433E-01    4.81374E-02    4.60204E-01   -3.18411E-02    0.00000E+00    0.00000E+00    0.00000E+00    0.00000E+00
     1.61100E+00    1.35729E-01    4.68287E-02    4.60331E-01   -3.10099E-02    0.00000E+00    0.00000E+00    0.00000E+00    0.00000E+00
     1.61550E+00    1.35045E-01    4.55314E-02    4.60455E-01   -3.01836E-02    0.00000E+00    0.00000E+00    0.00000E+00    0.00000E+00
     1.62000E+00    1.34380E-01    4.42452E-02    4.60575E-01   -2.93621E-02    0.00000E+00    0.00000E+00    0.00000E+00    0.00000E+00
     1.62450E+00    1.33734E-01    4.29699E-02    4.60691E-01   -2.85454E-02    0.00000E+00    0.00000E+00    0.00000E+00    0.00000E+00
     1.62900E+00    1.33107E-01    4.17055E-02    4.60804E-01   -2.77335E-02    0.00000E+00    0.00000E+00    0.00000E+00    0.00000E+00
     1.63350E+00    1.32499E-01    4.04517E-02    4.60913E-01   -2.69263E-02    0.00000E+00    0.00000E+00    0.00000E+00    0.00000E+00
     1.63800E+00    1.31910E-01    3.92083E-02    4.61019E-01   -2.61238E-02    0.00000E+00    0.00000E+00    0.00000E+00    0.00000E+00
     1.64250E+00    1.31339E-01    3.79751E-02    4.61121E-01   -2.53259E-02    0.00000E+00    0.00000E+00    0.00000E+00    0.00000E+00
     1.64700E+00    1.30786E-01    3.67520E-02    4.61220E-01   -2.45326E-02    0.00000E+00    0.00000E+00    0.00000E+00    0.00000E+00
     1.65150E+00    1.30252E-01    3.55389E-02    4.61316E-01   -2.37438E-02    0.00000E+00    0.00000E+00    0.00000E+00    0.00000E+00
     1.65600E+00    1.29735E-01    3.43354E-02    4.61408E-01   -2.29596E-02    0.00000E+00    0.00000E+00    0.00000E+00    0.00000E+00
     1.66050E+00    1.29237E-01    3.31415E-02    4.61497E-01   -2.21798E-02    0.00000E+00    0.00000E+00    0.00000E+00    0.00000E+00
     1.66500E+00    1.28756E-01    3.19571E-02    4.61583E-01   -2.14044E-02    0.00000E+00    0.00000E+00    0.00000E+00    0.00000E+00
     1.66950E+00    1.28293E-01    3.07818E-02    4.61666E-01   -2.06333E-02    0.00000E+00    0.00000E+00    0.00000E+00    0.00000E+00
     1.67400E+00    1.27847E-01    2.96156E-02    4.61745E-01   -1.98666E-02    0.00000E+00    0.00000E+00    0.00000E+00    0.00000E+00
     1.67850E+00    1.27418E-01    2.84583E-02    4.61822E-01   -1.91042E-02    0.00000E+00    0.00000E+00    0.00000E+00    0.00000E+00
     1.68300E+00    1.27007E-01    2.73097E-02    4.61895E-01   -1.83460E-02    0.00000E+00    0.00000E+00    0.00000E+00    0.00000E+00
     1.68750E+00    1.26612E-01    2.61697E-02    4.61965E-01   -1.75921E-02    0.00000E+00    0.00000E+00    0.00000E+00    0.00000E+00
     1.69200E+00    1.26235E-01    2.50381E-02    4.62032E-01   -1.68423E-02    0.00000E+00    0.00000E+00    0.00000E+00    0.00000E+00
     1.69650E+00    1.25874E-01    2.39148E-02    4.62096E-01   -1.60966E-02    0.00000E+00    0.00000E+00    0.00000E+00    0.00000E+00
     1.70100E+00    1.25529E-01    2.27995E-02    4.62157E-01   -1.53550E-02    0.00000E+00    0.00000E+00    0.00000E+00    0.00000E+00
     1.70550E+00    1.25201E-01    2.16922E-02    4.62215E-01   -1.46175E-02    0.00000E+00    0.00000E+00    0.00000E+00    0.00000E+00
     1.71000E+00    1.24890E-01    2.05927E-02    4.62271E-01   -1.38840E-02    0.00000E+00    0.00000E+00    0.00000E+00    0.00000E+00
     1.71450E+00    1.24594E-01    1.95008E-02    4.62323E-01   -1.31544E-02    0.00000E+00    0.00000E+00    0.00000E+00    0.00000E+00
     1.71900E+00    1.24315E-01    1.84164E-02    4.62372E-01   -1.24288E-02    0.00000E+00    0.00000E+00    0.00000E+00    0.00000E+00
     1.72350E+00    1.24051E-01    1.73394E-02    4.62419E-01   -1.17071E-02    0.00000E+00    0.00000E+00    0.00000E+00    0.00000E+00
     1.72800E+00    1.23804E-01    1.62695E-02    4.62463E-01   -1.09892E-02    0.00000E+00    0.00000E+00    0.00000E+00    0.00000E+00
     1.73250E+00    1.23572E-01    1.52066E-02    4.62504E-01   -1.02752E-02    0.00000E+00    0.00000E+00    0.00000E+00    0.00000E+00
     1.73700E+00    1.23356E-01    1.41507E-02    4.62542E-01   -9.56493E-03    0.00000E+00    0.00000E+00    0.00000E+00    0.00000E+00
     1.74150E+00    1.23155E-01    1.31015E-02    4.62577E-01   -8.85844E-03    0.00000E+00    0.00000E+00    0.00000E+00    0.00000E+00
     1.74600E+00    1.22970E-01    1.20589E-02    4.62610E-01   -8.15566E-03    0.00000E+00    0.00000E+00    0.00000E+00    0.00000E+00
     1.75050E+00    1.22800E-01    1.10228E-02    4.62640E-01   -7.45656E-03    0.00000E+00    0.00000E+00    0.00000E+00    0.00000E+00
     1.75500E+00    1.22645E-01    9.99299E-03    4.62667E-01   -6.76112E-03    0.00000E+00    0.00000E+00    0.00000E+00    0.00000E+00
     1.75950E+00    1.22506E-01    8.96937E-03    4.62692E-01   -6.06928E-03    0.00000E+00    0.00000E+00    0.00000E+00    0.00000E+00
     1.76400E+00    1.22381E-01    7.95180E-03    4.62714E-01   -5.38103E-03    0.00000E+00    0.00000E+00    0.00000E+00    0.00000E+00
     1.76850E+00    1.22272E-01    6.94014E-03    4.62733E-01   -4.69632E-03    0.00000E+00    0.00000E+00    0.00000E+00    0.00000E+00
     1.77300E+00    1.22177E-01    5.93426E-03    4.62750E-01   -4.01513E-03    0.00000E+00    0.00000E+00    0.00000E+00    0.00000E+00
     1.77750E+00    1.22097E-01    4.93401E-03    4.62764E-01   -3.33742E-03    0.00000E+00    0.00000E+00    0.00000E+00    0.00000E+00
     1.78200E+00    1.22032E-01    3.93928E-03    4.62775E-01   -2.66316E-03    0.00000E+00    0.00000E+00    0.00000E+00    0.00000E+00
     1.78650E+00    1.21981E-01    2.94991E-03    4.62784E-01   -1.99232E-03    0.00000E+00    0.00000E+00    0.00000E+00    0.00000E+00
     1.79100E+00    1.21945E-01    1.96580E-03    4.62791E-01   -1.32487E-03    0.00000E+00    0.00000E+00    0.00000E+00    0.00000E+00
     1.79550E+00    1.21923E-01    9.86794E-04    4.62794E-01   -6.60772E-04    0.00000E+00    0.00000E+00    0.00000E+00    0.00000E+00
     1.80000E+00    1.21916E-01    1.27777E-05    4.62796E-01   -2.44597-245    0.00000E+00    0.00000E+00    0.00000E+00    0.00000E+00
