     1.00000E-05    3.71610E+00   -2.68701E-05   -5.18353E-01   -1.36891E-05    3.84535E-01    6.82137E-06    3.32267E-01    2.12188E-06
     1.21850E-02    3.71482E+00    4.54808E-02   -5.17976E-01   -1.66746E-02    3.84410E-01    8.30682E-03    3.32110E-01    2.58505E-03
     2.43600E-02    3.71096E+00    9.08209E-02   -5.16847E-01   -3.33026E-02    3.84037E-01    1.65769E-02    3.31641E-01    5.16526E-03
     3.65349E-02    3.70455E+00    1.35954E-01   -5.14968E-01   -4.98647E-02    3.83416E-01    2.47874E-02    3.30860E-01    7.74002E-03
     4.87099E-02    3.69560E+00    1.80780E-01   -5.12346E-01   -6.63285E-02    3.82549E-01    3.29091E-02    3.29769E-01    1.03066E-02
     6.08849E-02    3.68413E+00    2.25196E-01   -5.08987E-01   -8.26619E-02    3.81436E-01    4.09137E-02    3.28373E-01    1.28624E-02
     7.30598E-02    3.67017E+00    2.69103E-01   -5.04901E-01   -9.88333E-02    3.80081E-01    4.87738E-02    3.26674E-01    1.54047E-02
     8.52348E-02    3.65376E+00    3.12406E-01   -5.00098E-01   -1.14812E-01    3.78486E-01    5.64630E-02    3.24678E-01    1.79308E-02
     9.74098E-02    3.63492E+00    3.55009E-01   -4.94591E-01   -1.30568E-01    3.76653E-01    6.39566E-02    3.22390E-01    2.04381E-02
     1.09585E-01    3.61371E+00    3.96822E-01   -4.88395E-01   -1.46072E-01    3.74587E-01    7.12311E-02    3.19817E-01    2.29242E-02
     1.21760E-01    3.59018E+00    4.37756E-01   -4.81527E-01   -1.61297E-01    3.72291E-01    7.82650E-02    3.16965E-01    2.53863E-02
     1.33935E-01    3.56438E+00    4.77727E-01   -4.74004E-01   -1.76216E-01    3.69770E-01    8.50385E-02    3.13842E-01    2.78222E-02
     1.46110E-01    3.53638E+00    5.16655E-01   -4.65846E-01   -1.90803E-01    3.67028E-01    9.15338E-02    3.10457E-01    3.02292E-02
     1.58285E-01    3.50624E+00    5.54463E-01   -4.57074E-01   -2.05034E-01    3.64072E-01    9.77351E-02    3.06820E-01    3.26051E-02
     1.70460E-01    3.47403E+00    5.91079E-01   -4.47710E-01   -2.18886E-01    3.60905E-01    1.03628E-01    3.02939E-01    3.49476E-02
     1.82635E-01    3.43982E+00    6.26438E-01   -4.37777E-01   -2.32339E-01    3.57534E-01    1.09202E-01    2.98826E-01    3.72544E-02
     1.94810E-01    3.40369E+00    6.60477E-01   -4.27300E-01   -2.45373E-01    3.53966E-01    1.14447E-01    2.94490E-01    3.95233E-02
     2.06985E-01    3.36572E+00    6.93140E-01   -4.16304E-01   -2.57970E-01    3.50207E-01    1.19354E-01    2.89944E-01    4.17521E-02
     2.19160E-01    3.32600E+00    7.24374E-01   -4.04815E-01   -2.70114E-01    3.46263E-01    1.23920E-01    2.85200E-01    4.39390E-02
     2.31335E-01    3.28462E+00    7.54135E-01   -3.92861E-01   -2.81789E-01    3.42143E-01    1.28139E-01    2.80268E-01    4.60819E-02
     2.43510E-01    3.24165E+00    7.82382E-01   -3.80468E-01   -2.92983E-01    3.37853E-01    1.32011E-01    2.75162E-01    4.81790E-02
     2.55684E-01    3.19720E+00    8.09080E-01   -3.67664E-01   -3.03684E-01    3.33401E-01    1.35534E-01    2.69895E-01    5.02285E-02
     2.67859E-01    3.15136E+00    8.34200E-01   -3.54478E-01   -3.13883E-01    3.28794E-01    1.38712E-01    2.64479E-01    5.22286E-02
     2.80034E-01    3.10422E+00    8.57719E-01   -3.40939E-01   -3.23572E-01    3.24042E-01    1.41547E-01    2.58927E-01    5.41779E-02
     2.92209E-01    3.05587E+00    8.79618E-01   -3.27074E-01   -3.32743E-01    3.19151E-01    1.44043E-01    2.53253E-01    5.60747E-02
     3.04384E-01    3.00642E+00    8.99886E-01   -3.12913E-01   -3.41392E-01    3.14132E-01    1.46208E-01    2.47470E-01    5.79177E-02
     3.16559E-01    2.95597E+00    9.18515E-01   -2.98484E-01   -3.49515E-01    3.08991E-01    1.48048E-01    2.41591E-01    5.97055E-02
     3.28734E-01    2.90459E+00    9.35504E-01   -2.83817E-01   -3.57111E-01    3.03737E-01    1.49570E-01    2.35630E-01    6.14369E-02
     3.40909E-01    2.85241E+00    9.50857E-01   -2.68938E-01   -3.64179E-01    2.98380E-01    1.50786E-01    2.29599E-01    6.31108E-02
     3.53084E-01    2.79950E+00    9.64582E-01   -2.53876E-01   -3.70720E-01    2.92928E-01    1.51704E-01    2.23512E-01    6.47262E-02
     3.65259E-01    2.74597E+00    9.76694E-01   -2.38660E-01   -3.76735E-01    2.87389E-01    1.52335E-01    2.17381E-01    6.62820E-02
     3.77434E-01    2.69191E+00    9.87209E-01   -2.23315E-01   -3.82229E-01    2.81773E-01    1.52691E-01    2.11218E-01    6.77775E-02
     3.89609E-01    2.63741E+00    9.96152E-01   -2.07869E-01   -3.87206E-01    2.76087E-01    1.52784E-01    2.05038E-01    6.92120E-02
     4.01784E-01    2.58256E+00    1.00355E+00   -1.92348E-01   -3.91672E-01    2.70342E-01    1.52624E-01    1.98850E-01    7.05848E-02
     4.13959E-01    2.52745E+00    1.00943E+00   -1.76777E-01   -3.95634E-01    2.64545E-01    1.52226E-01    1.92668E-01    7.18954E-02
     4.26134E-01    2.47218E+00    1.01383E+00   -1.61181E-01   -3.99099E-01    2.58704E-01    1.51601E-01    1.86501E-01    7.31433E-02
     4.38309E-01    2.41682E+00    1.01679E+00   -1.45585E-01   -4.02078E-01    2.52829E-01    1.50763E-01    1.80362E-01    7.43282E-02
     4.50484E-01    2.36145E+00    1.01835E+00   -1.30011E-01   -4.04579E-01    2.46928E-01    1.49723E-01    1.74261E-01    7.54498E-02
     4.62659E-01    2.30616E+00    1.01856E+00   -1.14483E-01   -4.06613E-01    2.41008E-01    1.48495E-01    1.68207E-01    7.65080E-02
     4.74834E-01    2.25102E+00    1.01745E+00   -9.90222E-02   -4.08192E-01    2.35078E-01    1.47091E-01    1.62211E-01    7.75027E-02
     4.87009E-01    2.19611E+00    1.01508E+00   -8.36495E-02   -4.09328E-01    2.29145E-01    1.45523E-01    1.56281E-01    7.84340E-02
     4.99184E-01    2.14149E+00    1.01151E+00   -6.83849E-02   -4.10035E-01    2.23218E-01    1.43804E-01    1.50426E-01    7.93019E-02
     5.11359E-01    2.08724E+00    1.00678E+00   -5.32476E-02   -4.10325E-01    2.17304E-01    1.41946E-01    1.44654E-01    8.01067E-02
     5.23534E-01    2.03341E+00    1.00095E+00   -3.82557E-02   -4.10214E-01    2.11409E-01    1.39959E-01    1.38972E-01    8.08485E-02
     5.35709E-01    1.98006E+00    9.94071E-01   -2.34264E-02   -4.09715E-01    2.05541E-01    1.37857E-01    1.33388E-01    8.15279E-02
     5.47884E-01    1.92726E+00    9.86205E-01   -8.77581E-03   -4.08845E-01    1.99707E-01    1.35648E-01    1.27907E-01    8.21453E-02
     5.60059E-01    1.87505E+00    9.77406E-01    5.68097E-03   -4.07618E-01    1.93913E-01    1.33345E-01    1.22536E-01    8.27011E-02
     5.72234E-01    1.82348E+00    9.67734E-01    1.99298E-02   -4.06050E-01    1.88165E-01    1.30957E-01    1.17280E-01    8.31959E-02
     5.84409E-01    1.77261E+00    9.57244E-01    3.39578E-02   -4.04158E-01    1.82470E-01    1.28494E-01    1.12144E-01    8.36305E-02
     5.96584E-01    1.72246E+00    9.45995E-01    4.77529E-02   -4.01958E-01    1.76832E-01    1.25966E-01    1.07131E-01    8.40055E-02
     6.08759E-01    1.67309E+00    9.34042E-01    6.13043E-02   -3.99466E-01    1.71258E-01    1.23380E-01    1.02246E-01    8.43218E-02
     6.20934E-01    1.62452E+00    9.21443E-01    7.46021E-02   -3.96700E-01    1.65752E-01    1.20747E-01    9.74919E-02    8.45802E-02
     6.33109E-01    1.57679E+00    9.08254E-01    8.76376E-02   -3.93675E-01    1.60319E-01    1.18074E-01    9.28712E-02    8.47815E-02
     6.45284E-01    1.52992E+00    8.94527E-01    1.00403E-01   -3.90408E-01    1.54964E-01    1.15369E-01    8.83862E-02    8.49269E-02
     6.57459E-01    1.48393E+00    8.80317E-01    1.12892E-01   -3.86915E-01    1.49692E-01    1.12638E-01    8.40384E-02    8.50173E-02
     6.69634E-01    1.43886E+00    8.65676E-01    1.25099E-01   -3.83213E-01    1.44505E-01    1.09890E-01    7.98293E-02    8.50538E-02
     6.81809E-01    1.39471E+00    8.50653E-01    1.37018E-01   -3.79318E-01    1.39407E-01    1.07131E-01    7.57594E-02    8.50375E-02
     6.93984E-01    1.35151E+00    8.35299E-01    1.48647E-01   -3.75245E-01    1.34402E-01    1.04365E-01    7.18294E-02    8.49696E-02
     7.06159E-01    1.30926E+00    8.19658E-01    1.59983E-01   -3.71010E-01    1.29494E-01    1.01601E-01    6.80390E-02    8.48513E-02
     7.18334E-01    1.26797E+00    8.03778E-01    1.71024E-01   -3.66628E-01    1.24683E-01    9.88415E-02    6.43879E-02    8.46837E-02
     7.30509E-01    1.22765E+00    7.87700E-01    1.81768E-01   -3.62113E-01    1.19974E-01    9.60929E-02    6.08753E-02    8.44683E-02
     7.42683E-01    1.18831E+00    7.71468E-01    1.92216E-01   -3.57479E-01    1.15368E-01    9.33597E-02    5.75001E-02    8.42062E-02
     7.54858E-01    1.14994E+00    7.55118E-01    2.02367E-01   -3.52741E-01    1.10867E-01    9.06459E-02    5.42608E-02    8.38989E-02
     7.67033E-01    1.11255E+00    7.38690E-01    2.12224E-01   -3.47911E-01    1.06473E-01    8.79557E-02    5.11558E-02    8.35476E-02
     7.79208E-01    1.07613E+00    7.22218E-01    2.21788E-01   -3.43001E-01    1.02187E-01    8.52926E-02    4.81830E-02    8.31537E-02
     7.91383E-01    1.04067E+00    7.05735E-01    2.31062E-01   -3.38025E-01    9.80094E-02    8.26599E-02    4.53402E-02    8.27186E-02
     8.03558E-01    1.00618E+00    6.89273E-01    2.40048E-01   -3.32993E-01    9.39422E-02    8.00608E-02    4.26249E-02    8.22438E-02
     8.15733E-01    9.72642E-01    6.72860E-01    2.48751E-01   -3.27916E-01    8.99855E-02    7.74979E-02    4.00345E-02    8.17307E-02
     8.27908E-01    9.40045E-01    6.56524E-01    2.57173E-01   -3.22805E-01    8.61398E-02    7.49738E-02    3.75660E-02    8.11806E-02
     8.40083E-01    9.08381E-01    6.40289E-01    2.65320E-01   -3.17669E-01    8.24050E-02    7.24907E-02    3.52166E-02    8.05950E-02
     8.52258E-01    8.77637E-01    6.24179E-01    2.73197E-01   -3.12518E-01    7.87812E-02    7.00506E-02    3.29829E-02    7.99754E-02
     8.64433E-01    8.47799E-01    6.08215E-01    2.80808E-01   -3.07360E-01    7.52680E-02    6.76554E-02    3.08619E-02    7.93231E-02
     8.76608E-01    8.18854E-01    5.92417E-01    2.88159E-01   -3.02204E-01    7.18650E-02    6.53064E-02    2.88500E-02    7.86397E-02
     8.88783E-01    7.90786E-01    5.76802E-01    2.95255E-01   -2.97056E-01    6.85714E-02    6.30052E-02    2.69438E-02    7.79266E-02
     9.00958E-01    7.63579E-01    5.61386E-01    3.02103E-01   -2.91925E-01    6.53865E-02    6.07529E-02    2.51399E-02    7.71852E-02
     9.13133E-01    7.37216E-01    5.46185E-01    3.08707E-01   -2.86815E-01    6.23092E-02    5.85504E-02    2.34347E-02    7.64168E-02
     9.25308E-01    7.11681E-01    5.31209E-01    3.15075E-01   -2.81734E-01    5.93382E-02    5.63985E-02    2.18245E-02    7.56231E-02
     9.37483E-01    6.86955E-01    5.16472E-01    3.21212E-01   -2.76687E-01    5.64724E-02    5.42979E-02    2.03058E-02    7.48053E-02
     9.49658E-01    6.63021E-01    5.01983E-01    3.27125E-01   -2.71678E-01    5.37103E-02    5.22490E-02    1.88750E-02    7.39648E-02
     9.61833E-01    6.39861E-01    4.87751E-01    3.32820E-01   -2.66713E-01    5.10502E-02    5.02523E-02    1.75285E-02    7.31030E-02
     9.74008E-01    6.17455E-01    4.73783E-01    3.38303E-01   -2.61795E-01    4.84904E-02    4.83078E-02    1.62627E-02    7.22213E-02
     9.86183E-01    5.95785E-01    4.60085E-01    3.43581E-01   -2.56929E-01    4.60292E-02    4.64158E-02    1.50740E-02    7.13210E-02
     9.98358E-01    5.74832E-01    4.46663E-01    3.48660E-01   -2.52117E-01    4.36647E-02    4.45761E-02    1.39591E-02    7.04035E-02
     1.01053E+00    5.54577E-01    4.33521E-01    3.53545E-01   -2.47363E-01    4.13948E-02    4.27887E-02    1.29145E-02    6.94700E-02
     1.02271E+00    5.35002E-01    4.20662E-01    3.58243E-01   -2.42669E-01    3.92176E-02    4.10532E-02    1.19368E-02    6.85219E-02
     1.03488E+00    5.16088E-01    4.08088E-01    3.62761E-01   -2.38037E-01    3.71308E-02    3.93694E-02    1.10227E-02    6.75603E-02
     1.04706E+00    4.97817E-01    3.95801E-01    3.67104E-01   -2.33471E-01    3.51323E-02    3.77368E-02    1.01690E-02    6.65866E-02
     1.05923E+00    4.80169E-01    3.83801E-01    3.71278E-01   -2.28970E-01    3.32199E-02    3.61550E-02    9.37261E-03    6.56018E-02
     1.07141E+00    4.63127E-01    3.72089E-01    3.75289E-01   -2.24538E-01    3.13913E-02    3.46234E-02    8.63043E-03    6.46073E-02
     1.08358E+00    4.46672E-01    3.60664E-01    3.79143E-01   -2.20175E-01    2.96441E-02    3.31413E-02    7.93954E-03    6.36042E-02
     1.09576E+00    4.30788E-01    3.49524E-01    3.82844E-01   -2.15881E-01    2.79761E-02    3.17080E-02    7.29706E-03    6.25935E-02
     1.10793E+00    4.15456E-01    3.38668E-01    3.86399E-01   -2.11659E-01    2.63849E-02    3.03229E-02    6.70026E-03    6.15765E-02
     1.12011E+00    4.00659E-01    3.28093E-01    3.89813E-01   -2.07508E-01    2.48680E-02    2.89851E-02    6.14647E-03    6.05540E-02
     1.13228E+00    3.86381E-01    3.17798E-01    3.93091E-01   -2.03429E-01    2.34232E-02    2.76939E-02    5.63314E-03    5.95273E-02
     1.14446E+00    3.72605E-01    3.07778E-01    3.96238E-01   -1.99423E-01    2.20481E-02    2.64482E-02    5.15782E-03    5.84973E-02
     1.15663E+00    3.59314E-01    2.98031E-01    3.99259E-01   -1.95488E-01    2.07403E-02    2.52473E-02    4.71815E-03    5.74650E-02
     1.16881E+00    3.46494E-01    2.88552E-01    4.02158E-01   -1.91626E-01    1.94974E-02    2.40901E-02    4.31189E-03    5.64313E-02
     1.18098E+00    3.34128E-01    2.79338E-01    4.04941E-01   -1.87836E-01    1.83172E-02    2.29758E-02    3.93690E-03    5.53972E-02
     1.19316E+00    3.22202E-01    2.70384E-01    4.07611E-01   -1.84117E-01    1.71972E-02    2.19034E-02    3.59114E-03    5.43634E-02
     1.20533E+00    3.10700E-01    2.61687E-01    4.10173E-01   -1.80470E-01    1.61353E-02    2.08719E-02    3.27266E-03    5.33310E-02
     1.21751E+00    2.99609E-01    2.53240E-01    4.12632E-01   -1.76894E-01    1.51292E-02    1.98802E-02    2.97961E-03    5.23007E-02
     1.22968E+00    2.88915E-01    2.45040E-01    4.14990E-01   -1.73388E-01    1.41767E-02    1.89274E-02    2.71024E-03    5.12733E-02
     1.24186E+00    2.78604E-01    2.37082E-01    4.17253E-01   -1.69952E-01    1.32755E-02    1.80124E-02    2.46290E-03    5.02496E-02
     1.25403E+00    2.68663E-01    2.29360E-01    4.19424E-01   -1.66584E-01    1.24235E-02    1.71342E-02    2.23603E-03    4.92303E-02
     1.26621E+00    2.59078E-01    2.21870E-01    4.21506E-01   -1.63285E-01    1.16188E-02    1.62918E-02    2.02814E-03    4.82161E-02
     1.27838E+00    2.49839E-01    2.14606E-01    4.23503E-01   -1.60053E-01    1.08591E-02    1.54841E-02    1.83785E-03    4.72076E-02
     1.29056E+00    2.40932E-01    2.07563E-01    4.25419E-01   -1.56887E-01    1.01425E-02    1.47101E-02    1.66384E-03    4.62055E-02
     1.30273E+00    2.32347E-01    2.00736E-01    4.27257E-01   -1.53787E-01    9.46709E-03    1.39689E-02    1.50488E-03    4.52105E-02
     1.31491E+00    2.24071E-01    1.94120E-01    4.29019E-01   -1.50751E-01    8.83093E-03    1.32593E-02    1.35983E-03    4.42230E-02
     1.32708E+00    2.16094E-01    1.87709E-01    4.30709E-01   -1.47779E-01    8.23220E-03    1.25804E-02    1.22761E-03    4.32437E-02
     1.33926E+00    2.08405E-01    1.81499E-01    4.32330E-01   -1.44869E-01    7.66909E-03    1.19312E-02    1.10719E-03    4.22731E-02
     1.35143E+00    2.00994E-01    1.75483E-01    4.33885E-01   -1.42021E-01    7.13988E-03    1.13107E-02    9.97649E-04    4.13115E-02
     1.36361E+00    1.93851E-01    1.69658E-01    4.35376E-01   -1.39233E-01    6.64289E-03    1.07179E-02    8.98096E-04    4.03596E-02
     1.37578E+00    1.86966E-01    1.64017E-01    4.36807E-01   -1.36505E-01    6.17650E-03    1.01519E-02    8.07715E-04    3.94178E-02
     1.38796E+00    1.80330E-01    1.58557E-01    4.38178E-01   -1.33834E-01    5.73913E-03    9.61168E-03    7.25745E-04    3.84864E-02
     1.40013E+00    1.73934E-01    1.53271E-01    4.39494E-01   -1.31221E-01    5.32929E-03    9.09641E-03    6.51479E-04    3.75658E-02
     1.41231E+00    1.67770E-01    1.48155E-01    4.40755E-01   -1.28664E-01    4.94551E-03    8.60515E-03    5.84262E-04    3.66564E-02
     1.42448E+00    1.61829E-01    1.43205E-01    4.41965E-01   -1.26162E-01    4.58641E-03    8.13699E-03    5.23487E-04    3.57585E-02
     1.43666E+00    1.56102E-01    1.38415E-01    4.43126E-01   -1.23714E-01    4.25062E-03    7.69108E-03    4.68591E-04    3.48725E-02
     1.44883E+00    1.50583E-01    1.33781E-01    4.44239E-01   -1.21319E-01    3.93687E-03    7.26657E-03    4.19056E-04    3.39985E-02
     1.46101E+00    1.45263E-01    1.29297E-01    4.45306E-01   -1.18975E-01    3.64392E-03    6.86261E-03    3.74405E-04    3.31370E-02
     1.47318E+00    1.40136E-01    1.24961E-01    4.46330E-01   -1.16682E-01    3.37059E-03    6.47841E-03    3.34196E-04    3.22880E-02
     1.48536E+00    1.35194E-01    1.20767E-01    4.47313E-01   -1.14439E-01    3.11575E-03    6.11316E-03    2.98024E-04    3.14518E-02
     1.49753E+00    1.30431E-01    1.16711E-01    4.48255E-01   -1.12244E-01    2.87831E-03    5.76610E-03    2.65517E-04    3.06286E-02
     1.50971E+00    1.25839E-01    1.12789E-01    4.49158E-01   -1.10097E-01    2.65724E-03    5.43648E-03    2.36333E-04    2.98185E-02
     1.52188E+00    1.21413E-01    1.08996E-01    4.50025E-01   -1.07996E-01    2.45157E-03    5.12358E-03    2.10158E-04    2.90218E-02
     1.53406E+00    1.17147E-01    1.05330E-01    4.50857E-01   -1.05940E-01    2.26035E-03    4.82667E-03    1.86706E-04    2.82385E-02
     1.54623E+00    1.13035E-01    1.01785E-01    4.51655E-01   -1.03930E-01    2.08270E-03    4.54509E-03    1.65715E-04    2.74688E-02
     1.55841E+00    1.09071E-01    9.83580E-02    4.52420E-01   -1.01962E-01    1.91777E-03    4.27816E-03    1.46945E-04    2.67126E-02
     1.57058E+00    1.05249E-01    9.50454E-02    4.53155E-01   -1.00037E-01    1.76476E-03    4.02523E-03    1.30179E-04    2.59702E-02
     1.58276E+00    1.01565E-01    9.18435E-02    4.53859E-01   -9.81538E-02    1.62290E-03    3.78569E-03    1.15216E-04    2.52416E-02
     1.59493E+00    9.80139E-02    8.87487E-02    4.54535E-01   -9.63110E-02    1.49149E-03    3.55893E-03    1.01878E-04    2.45267E-02
     1.60711E+00    9.45901E-02    8.57576E-02    4.55184E-01   -9.45078E-02    1.36983E-03    3.34438E-03    8.99985E-05    2.38257E-02
     1.61928E+00    9.12891E-02    8.28668E-02    4.55807E-01   -9.27435E-02    1.25727E-03    3.14145E-03    7.94294E-05    2.31385E-02
     1.63146E+00    8.81065E-02    8.00732E-02    4.56404E-01   -9.10170E-02    1.15322E-03    2.94962E-03    7.00355E-05    2.24652E-02
     1.64363E+00    8.50379E-02    7.73736E-02    4.56977E-01   -8.93275E-02    1.05710E-03    2.76836E-03    6.16944E-05    2.18056E-02
     1.65581E+00    8.20793E-02    7.47649E-02    4.57528E-01   -8.76742E-02    9.68363E-04    2.59717E-03    5.42954E-05    2.11598E-02
     1.66798E+00    7.92265E-02    7.22441E-02    4.58056E-01   -8.60562E-02    8.86500E-04    2.43556E-03    4.77388E-05    2.05277E-02
     1.68016E+00    7.64757E-02    6.98084E-02    4.58563E-01   -8.44727E-02    8.11033E-04    2.28306E-03    4.19344E-05    1.99093E-02
     1.69233E+00    7.38230E-02    6.74550E-02    4.59050E-01   -8.29228E-02    7.41510E-04    2.13923E-03    3.68011E-05    1.93045E-02
     1.70451E+00    7.12651E-02    6.51811E-02    4.59517E-01   -8.14059E-02    6.77508E-04    2.00364E-03    3.22656E-05    1.87132E-02
     1.71668E+00    6.87983E-02    6.29841E-02    4.59965E-01   -7.99211E-02    6.18630E-04    1.87587E-03    2.82625E-05    1.81353E-02
     1.72886E+00    6.64193E-02    6.08615E-02    4.60396E-01   -7.84676E-02    5.64503E-04    1.75552E-03    2.47327E-05    1.75707E-02
     1.74103E+00    6.41250E-02    5.88107E-02    4.60810E-01   -7.70448E-02    5.14779E-04    1.64221E-03    2.16234E-05    1.70194E-02
     1.75321E+00    6.19122E-02    5.68295E-02    4.61207E-01   -7.56520E-02    4.69131E-04    1.53559E-03    1.88871E-05    1.64811E-02
     1.76538E+00    5.97779E-02    5.49154E-02    4.61588E-01   -7.42883E-02    4.27255E-04    1.43530E-03    1.64816E-05    1.59558E-02
     1.77756E+00    5.77194E-02    5.30662E-02    4.61954E-01   -7.29532E-02    3.88865E-04    1.34101E-03    1.43688E-05    1.54433E-02
     1.78973E+00    5.57337E-02    5.12798E-02    4.62306E-01   -7.16459E-02    3.53695E-04    1.25239E-03    1.25151E-05    1.49435E-02
     1.80191E+00    5.38184E-02    4.95539E-02    4.62644E-01   -7.03658E-02    3.21498E-04    1.16915E-03    1.08903E-05    1.44562E-02
     1.81408E+00    5.19707E-02    4.78867E-02    4.62968E-01   -6.91123E-02    2.92043E-04    1.09100E-03    9.46749E-06    1.39813E-02
     1.82626E+00    5.01883E-02    4.62760E-02    4.63280E-01   -6.78848E-02    2.65115E-04    1.01765E-03    8.22281E-06    1.35187E-02
     1.83843E+00    4.84688E-02    4.47201E-02    4.63580E-01   -6.66825E-02    2.40514E-04    9.48837E-04    7.13504E-06    1.30680E-02
     1.85061E+00    4.68099E-02    4.32170E-02    4.63867E-01   -6.55050E-02    2.18055E-04    8.84317E-04    6.18533E-06    1.26293E-02
     1.86278E+00    4.52094E-02    4.17649E-02    4.64144E-01   -6.43517E-02    1.97565E-04    8.23846E-04    5.35698E-06    1.22023E-02
     1.87496E+00    4.36651E-02    4.03622E-02    4.64410E-01   -6.32219E-02    1.78885E-04    7.67194E-04    4.63519E-06    1.17868E-02
     1.88713E+00    4.21751E-02    3.90071E-02    4.64665E-01   -6.21152E-02    1.61866E-04    7.14144E-04    4.00687E-06    1.13826E-02
     1.89931E+00    4.07374E-02    3.76980E-02    4.64910E-01   -6.10310E-02    1.46372E-04    6.64489E-04    3.46046E-06    1.09896E-02
     1.91148E+00    3.93501E-02    3.64334E-02    4.65146E-01   -5.99687E-02    1.32275E-04    6.18033E-04    2.98575E-06    1.06076E-02
     1.92366E+00    3.80114E-02    3.52117E-02    4.65373E-01   -5.89279E-02    1.19458E-04    5.74588E-04    2.57373E-06    1.02364E-02
     1.93583E+00    3.67194E-02    3.40315E-02    4.65591E-01   -5.79081E-02    1.07814E-04    5.33978E-04    2.21648E-06    9.87577E-03
     1.94801E+00    3.54726E-02    3.28914E-02    4.65800E-01   -5.69088E-02    9.72415E-05    4.96033E-04    1.90702E-06    9.52553E-03
     1.96018E+00    3.42694E-02    3.17900E-02    4.66002E-01   -5.59294E-02    8.76491E-05    4.60596E-04    1.63921E-06    9.18549E-03
     1.97236E+00    3.31080E-02    3.07260E-02    4.66196E-01   -5.49696E-02    7.89519E-05    4.27514E-04    1.40769E-06    8.85546E-03
     1.98453E+00    3.19872E-02    2.96980E-02    4.66382E-01   -5.40288E-02    7.10717E-05    3.96646E-04    1.20773E-06    8.53523E-03
     1.99671E+00    3.09053E-02    2.87050E-02    4.66561E-01   -5.31067E-02    6.39367E-05    3.67854E-04    1.03520E-06    8.22461E-03
     2.00888E+00    2.98610E-02    2.77456E-02    4.66733E-01   -5.22028E-02    5.74807E-05    3.41013E-04    8.86475E-07    7.92340E-03
     2.02106E+00    2.88529E-02    2.68187E-02    4.66899E-01   -5.13168E-02    5.16432E-05    3.16000E-04    7.58403E-07    7.63140E-03
     2.03323E+00    2.78798E-02    2.59233E-02    4.67059E-01   -5.04480E-02    4.63685E-05    2.92701E-04    6.48224E-07    7.34841E-03
     2.04541E+00    2.69404E-02    2.50582E-02    4.67212E-01   -4.95963E-02    4.16056E-05    2.71008E-04    5.53528E-07    7.07424E-03
     2.05758E+00    2.60335E-02    2.42224E-02    4.67360E-01   -4.87612E-02    3.73078E-05    2.50820E-04    4.72221E-07    6.80868E-03
     2.06976E+00    2.51579E-02    2.34149E-02    4.67502E-01   -4.79423E-02    3.34324E-05    2.32041E-04    4.02478E-07    6.55155E-03
     2.08193E+00    2.43126E-02    2.26348E-02    4.67638E-01   -4.71393E-02    2.99401E-05    2.14579E-04    3.42711E-07    6.30264E-03
     2.09411E+00    2.34964E-02    2.18810E-02    4.67770E-01   -4.63517E-02    2.67953E-05    1.98349E-04    2.91545E-07    6.06176E-03
     2.10628E+00    2.27084E-02    2.11527E-02    4.67896E-01   -4.55794E-02    2.39652E-05    1.83272E-04    2.47784E-07    5.82872E-03
     2.11846E+00    2.19474E-02    2.04491E-02    4.68018E-01   -4.48218E-02    2.14203E-05    1.69270E-04    2.10393E-07    5.60333E-03
     2.13063E+00    2.12127E-02    1.97692E-02    4.68135E-01   -4.40786E-02    1.91332E-05    1.56275E-04    1.78476E-07    5.38539E-03
     2.14281E+00    2.05031E-02    1.91123E-02    4.68248E-01   -4.33497E-02    1.70792E-05    1.44217E-04    1.51259E-07    5.17473E-03
     2.15498E+00    1.98179E-02    1.84775E-02    4.68357E-01   -4.26345E-02    1.52359E-05    1.33035E-04    1.28071E-07    4.97115E-03
     2.16716E+00    1.91562E-02    1.78642E-02    4.68461E-01   -4.19329E-02    1.35827E-05    1.22669E-04    1.08335E-07    4.77446E-03
     2.17933E+00    1.85172E-02    1.72716E-02    4.68562E-01   -4.12445E-02    1.21011E-05    1.13065E-04    9.15548E-08    4.58450E-03
     2.19151E+00    1.78999E-02    1.66990E-02    4.68659E-01   -4.05690E-02    1.07741E-05    1.04169E-04    7.73006E-08    4.40108E-03
     2.20368E+00    1.73038E-02    1.61456E-02    4.68753E-01   -3.99062E-02    9.58642E-06    9.59342E-05    6.52041E-08    4.22402E-03
     2.21586E+00    1.67281E-02    1.56109E-02    4.68843E-01   -3.92557E-02    8.52415E-06    8.83137E-05    5.49487E-08    4.05315E-03
     2.22803E+00    1.61719E-02    1.50942E-02    4.68929E-01   -3.86174E-02    7.57469E-06    8.12649E-05    4.62627E-08    3.88829E-03
     2.24021E+00    1.56347E-02    1.45949E-02    4.69013E-01   -3.79908E-02    6.72663E-06    7.47479E-05    3.89130E-08    3.72929E-03
     2.25238E+00    1.51158E-02    1.41123E-02    4.69093E-01   -3.73758E-02    5.96965E-06    6.87252E-05    3.27001E-08    3.57597E-03
     2.26456E+00    1.46145E-02    1.36460E-02    4.69171E-01   -3.67722E-02    5.29444E-06    6.31617E-05    2.74532E-08    3.42816E-03
     2.27673E+00    1.41303E-02    1.31953E-02    4.69246E-01   -3.61796E-02    4.69255E-06    5.80246E-05    2.30265E-08    3.28572E-03
     2.28891E+00    1.36625E-02    1.27598E-02    4.69318E-01   -3.55978E-02    4.15641E-06    5.32834E-05    1.92954E-08    3.14847E-03
     2.30108E+00    1.32105E-02    1.23389E-02    4.69387E-01   -3.50267E-02    3.67913E-06    4.89093E-05    1.61536E-08    3.01627E-03
     2.31326E+00    1.27738E-02    1.19321E-02    4.69454E-01   -3.44659E-02    3.25456E-06    4.48758E-05    1.35107E-08    2.88897E-03
     2.32543E+00    1.23519E-02    1.15390E-02    4.69519E-01   -3.39153E-02    2.87712E-06    4.11579E-05    1.12895E-08    2.76640E-03
     2.33761E+00    1.19443E-02    1.11590E-02    4.69581E-01   -3.33745E-02    2.54180E-06    3.77325E-05    9.42460E-09    2.64844E-03
     2.34978E+00    1.15505E-02    1.07917E-02    4.69641E-01   -3.28435E-02    2.24412E-06    3.45778E-05    7.86034E-09    2.53493E-03
     2.36196E+00    1.11699E-02    1.04367E-02    4.69698E-01   -3.23221E-02    1.98001E-06    3.16738E-05    6.54953E-09    2.42574E-03
     2.37413E+00    1.08021E-02    1.00936E-02    4.69754E-01   -3.18099E-02    1.74586E-06    2.90017E-05    5.45218E-09    2.32073E-03
     2.38631E+00    1.04467E-02    9.76201E-03    4.69808E-01   -3.13068E-02    1.53840E-06    2.65441E-05    4.53440E-09    2.21977E-03
     2.39848E+00    1.01033E-02    9.44145E-03    4.69860E-01   -3.08127E-02    1.35472E-06    2.42847E-05    3.76756E-09    2.12271E-03
     2.41066E+00    9.77146E-03    9.13160E-03    4.69910E-01   -3.03273E-02    1.19220E-06    2.22084E-05    3.12746E-09    2.02945E-03
     2.42283E+00    9.45073E-03    8.83208E-03    4.69958E-01   -2.98504E-02    1.04849E-06    2.03012E-05    2.59366E-09    1.93985E-03
     2.43500E+00    9.14076E-03    8.54256E-03    4.70005E-01   -2.93820E-02    9.21513E-07    1.85502E-05    2.14895E-09    1.85378E-03
     2.44718E+00    8.84117E-03    8.26268E-03    4.70049E-01   -2.89217E-02    8.09388E-07    1.69431E-05    1.77881E-09    1.77114E-03
     2.45935E+00    8.55163E-03    7.99212E-03    4.70093E-01   -2.84694E-02    7.10446E-07    1.54689E-05    1.47103E-09    1.69181E-03
     2.47153E+00    8.27176E-03    7.73057E-03    4.70135E-01   -2.80250E-02    6.23196E-07    1.41171E-05    1.21536E-09    1.61566E-03
     2.48370E+00    8.00126E-03    7.47773E-03    4.70175E-01   -2.75883E-02    5.46307E-07    1.28781E-05    1.00318E-09    1.54260E-03
     2.49588E+00    7.73978E-03    7.23328E-03    4.70214E-01   -2.71592E-02    4.78595E-07    1.17430E-05    8.27265E-10    1.47252E-03
     2.50805E+00    7.48704E-03    6.99697E-03    4.70251E-01   -2.67374E-02    4.19004E-07    1.07035E-05    6.81554E-10    1.40530E-03
     2.52023E+00    7.24272E-03    6.76849E-03    4.70288E-01   -2.63229E-02    3.66596E-07    9.75193E-06    5.60978E-10    1.34086E-03
     2.53240E+00    7.00654E-03    6.54761E-03    4.70323E-01   -2.59154E-02    3.20535E-07    8.88131E-06    4.61299E-10    1.27908E-03
     2.54458E+00    6.77822E-03    6.33405E-03    4.70357E-01   -2.55149E-02    2.80080E-07    8.08507E-06    3.78974E-10    1.21988E-03
     2.55675E+00    6.55749E-03    6.12756E-03    4.70389E-01   -2.51213E-02    2.44573E-07    7.35716E-06    3.11048E-10    1.16317E-03
     2.56893E+00    6.34410E-03    5.92792E-03    4.70421E-01   -2.47342E-02    2.13429E-07    6.69201E-06    2.55056E-10    1.10884E-03
     2.58110E+00    6.13779E-03    5.73489E-03    4.70451E-01   -2.43537E-02    1.86131E-07    6.08447E-06    2.08946E-10    1.05682E-03
     2.59328E+00    5.93833E-03    5.54825E-03    4.70481E-01   -2.39797E-02    1.62219E-07    5.52979E-06    1.71011E-10    1.00701E-03
     2.60545E+00    5.74548E-03    5.36778E-03    4.70509E-01   -2.36118E-02    1.41287E-07    5.02359E-06    1.39831E-10    9.59344E-04
     2.61763E+00    5.55902E-03    5.19328E-03    4.70537E-01   -2.32502E-02    1.22977E-07    4.56184E-06    1.14228E-10    9.13729E-04
     2.62980E+00    5.37872E-03    5.02454E-03    4.70563E-01   -2.28945E-02    1.06971E-07    4.14081E-06    9.32253E-11    8.70091E-04
     2.64198E+00    5.20439E-03    4.86137E-03    4.70589E-01   -2.25448E-02    9.29872E-08    3.75708E-06    7.60125E-11    8.28354E-04
     2.65415E+00    5.03582E-03    4.70358E-03    4.70613E-01   -2.22009E-02    8.07795E-08    3.40750E-06    6.19195E-11    7.88446E-04
     2.66633E+00    4.87282E-03    4.55100E-03    4.70637E-01   -2.18626E-02    7.01291E-08    3.08915E-06    5.03918E-11    7.50295E-04
     2.67850E+00    4.71519E-03    4.40345E-03    4.70660E-01   -2.15299E-02    6.08435E-08    2.79939E-06    4.09716E-11    7.13834E-04
     2.69068E+00    4.56275E-03    4.26075E-03    4.70683E-01   -2.12027E-02    5.27532E-08    2.53575E-06    3.32810E-11    6.78995E-04
     2.70285E+00    4.41534E-03    4.12275E-03    4.70704E-01   -2.08808E-02    4.57091E-08    2.29599E-06    2.70085E-11    6.45714E-04
     2.71503E+00    4.27278E-03    3.98930E-03    4.70725E-01   -2.05641E-02    3.95800E-08    2.07803E-06    2.18975E-11    6.13930E-04
     2.72720E+00    4.13491E-03    3.86023E-03    4.70745E-01   -2.02526E-02    3.42505E-08    1.87998E-06    1.77370E-11    5.83583E-04
     2.73938E+00    4.00157E-03    3.73540E-03    4.70765E-01   -1.99462E-02    2.96195E-08    1.70010E-06    1.43534E-11    5.54614E-04
     2.75155E+00    3.87261E-03    3.61467E-03    4.70784E-01   -1.96447E-02    2.55981E-08    1.53680E-06    1.16044E-11    5.26968E-04
     2.76373E+00    3.74788E-03    3.49790E-03    4.70802E-01   -1.93480E-02    2.21084E-08    1.38860E-06    9.37298E-12    5.00591E-04
     2.77590E+00    3.62724E-03    3.38497E-03    4.70820E-01   -1.90561E-02    1.90820E-08    1.25417E-06    7.56354E-12    4.75429E-04
     2.78808E+00    3.51056E-03    3.27573E-03    4.70837E-01   -1.87689E-02    1.64593E-08    1.13228E-06    6.09765E-12    4.51434E-04
     2.80025E+00    3.39769E-03    3.17008E-03    4.70853E-01   -1.84862E-02    1.41879E-08    1.02181E-06    4.91124E-12    4.28557E-04
     2.81243E+00    3.28852E-03    3.06788E-03    4.70869E-01   -1.82081E-02    1.22220E-08    9.21741E-07    3.95194E-12    4.06750E-04
     2.82460E+00    3.18292E-03    2.96903E-03    4.70885E-01   -1.79343E-02    1.05217E-08    8.31123E-07    3.17701E-12    3.85968E-04
     2.83678E+00    3.08076E-03    2.87341E-03    4.70899E-01   -1.76649E-02    9.05208E-09    7.49101E-07    2.55164E-12    3.66169E-04
     2.84895E+00    2.98195E-03    2.78092E-03    4.70914E-01   -1.73997E-02    7.78269E-09    6.74893E-07    2.04743E-12    3.47309E-04
     2.86113E+00    2.88635E-03    2.69145E-03    4.70928E-01   -1.71386E-02    6.68699E-09    6.07783E-07    1.64131E-12    3.29349E-04
     2.87330E+00    2.79388E-03    2.60490E-03    4.70941E-01   -1.68817E-02    5.74183E-09    5.47118E-07    1.31450E-12    3.12250E-04
     2.88548E+00    2.70442E-03    2.52118E-03    4.70954E-01   -1.66287E-02    4.92707E-09    4.92303E-07    1.05178E-12    2.95975E-04
     2.89765E+00    2.61787E-03    2.44019E-03    4.70967E-01   -1.63797E-02    4.22519E-09    4.42795E-07    8.40768E-13    2.80487E-04
     2.90983E+00    2.53413E-03    2.36184E-03    4.70979E-01   -1.61346E-02    3.62095E-09    3.98100E-07    6.71459E-13    2.65751E-04
     2.92200E+00    2.45312E-03    2.28604E-03    4.70991E-01   -1.58932E-02    3.10112E-09    3.57767E-07    5.35739E-13    2.51735E-04
     2.93418E+00    2.37474E-03    2.21270E-03    4.71003E-01   -1.56555E-02    2.65419E-09    3.21387E-07    4.27049E-13    2.38407E-04
     2.94635E+00    2.29891E-03    2.14176E-03    4.71014E-01   -1.54215E-02    2.27021E-09    2.88585E-07    3.40089E-13    2.25735E-04
     2.95853E+00    2.22554E-03    2.07312E-03    4.71025E-01   -1.51911E-02    1.94052E-09    2.59023E-07    2.70581E-13    2.13690E-04
     2.97070E+00    2.15455E-03    2.00672E-03    4.71035E-01   -1.49642E-02    1.65764E-09    2.32393E-07    2.15077E-13    2.02245E-04
     2.98288E+00    2.08586E-03    1.94247E-03    4.71045E-01   -1.47408E-02    1.41508E-09    2.08413E-07    1.70797E-13    1.91371E-04
     2.99505E+00    2.01939E-03    1.88031E-03    4.71055E-01   -1.45207E-02    1.20723E-09    1.86830E-07    1.35505E-13    1.81042E-04
     3.00723E+00    1.95508E-03    1.82016E-03    4.71064E-01   -1.43039E-02    1.02924E-09    1.67411E-07    1.07405E-13    1.71234E-04
     3.01940E+00    1.89284E-03    1.76197E-03    4.71073E-01   -1.40905E-02    8.76932E-10    1.49949E-07    8.50514E-14    1.61922E-04
     3.03158E+00    1.83262E-03    1.70566E-03    4.71082E-01   -1.38802E-02    7.46676E-10    1.34252E-07    6.72868E-14    1.53084E-04
     3.04375E+00    1.77435E-03    1.65118E-03    4.71091E-01   -1.36731E-02    6.35356E-10    1.20148E-07    5.31825E-14    1.44696E-04
     3.05593E+00    1.71795E-03    1.59846E-03    4.71099E-01   -1.34690E-02    5.40283E-10    1.07481E-07    4.19951E-14    1.36739E-04
     3.06810E+00    1.66338E-03    1.54745E-03    4.71107E-01   -1.32680E-02    4.59140E-10    9.61087E-08    3.31298E-14    1.29192E-04
     3.08028E+00    1.61057E-03    1.49809E-03    4.71115E-01   -1.30700E-02    3.89930E-10    8.59041E-08    2.61113E-14    1.22034E-04
     3.09245E+00    1.55946E-03    1.45033E-03    4.71123E-01   -1.28749E-02    3.30939E-10    7.67509E-08    2.05603E-14    1.15249E-04
     3.10463E+00    1.50999E-03    1.40410E-03    4.71130E-01   -1.26827E-02    2.80691E-10    6.85443E-08    1.61742E-14    1.08817E-04
     3.11680E+00    1.46212E-03    1.35938E-03    4.71137E-01   -1.24933E-02    2.37918E-10    6.11896E-08    1.27117E-14    1.02722E-04
     3.12898E+00    1.41579E-03    1.31609E-03    4.71144E-01   -1.23067E-02    2.01533E-10    5.46012E-08    9.98106E-15    9.69473E-05
     3.14115E+00    1.37094E-03    1.27421E-03    4.71151E-01   -1.21228E-02    1.70602E-10    4.87019E-08    7.82961E-15    9.14777E-05
     3.15333E+00    1.32754E-03    1.23367E-03    4.71157E-01   -1.19415E-02    1.44324E-10    4.34217E-08    6.13612E-15    8.62981E-05
     3.16550E+00    1.28554E-03    1.19444E-03    4.71163E-01   -1.17629E-02    1.22015E-10    3.86978E-08    4.80439E-15    8.13943E-05
     3.17768E+00    1.24488E-03    1.15648E-03    4.71169E-01   -1.15869E-02    1.03088E-10    3.44734E-08    3.75814E-15    7.67526E-05
     3.18985E+00    1.20553E-03    1.11973E-03    4.71175E-01   -1.14134E-02    8.70405E-11    3.06973E-08    2.93696E-15    7.23600E-05
     3.20203E+00    1.16743E-03    1.08417E-03    4.71181E-01   -1.12424E-02    7.34435E-11    2.73234E-08    2.29305E-15    6.82042E-05
     3.21420E+00    1.13056E-03    1.04976E-03    4.71187E-01   -1.10739E-02    6.19305E-11    2.43101E-08    1.78863E-15    6.42732E-05
     3.22638E+00    1.09487E-03    1.01645E-03    4.71192E-01   -1.09077E-02    5.21885E-11    2.16201E-08    1.39386E-15    6.05558E-05
     3.23855E+00    1.06033E-03    9.84208E-04    4.71197E-01   -1.07440E-02    4.39505E-11    1.92197E-08    1.08519E-15    5.70412E-05
     3.25073E+00    1.02688E-03    9.53005E-04    4.71202E-01   -1.05825E-02    3.69889E-11    1.70787E-08    8.44080E-16    5.37189E-05
     3.26290E+00    9.94512E-04    9.22804E-04    4.71207E-01   -1.04233E-02    3.11099E-11    1.51698E-08    6.55922E-16    5.05794E-05
     3.27508E+00    9.63174E-04    8.93571E-04    4.71212E-01   -1.02664E-02    2.61484E-11    1.34686E-08    5.09227E-16    4.76131E-05
     3.28725E+00    9.32838E-04    8.65277E-04    4.71216E-01   -1.01117E-02    2.19639E-11    1.19532E-08    3.94967E-16    4.48111E-05
     3.29943E+00    9.03470E-04    8.37889E-04    4.71221E-01   -9.95909E-03    1.84371E-11    1.06038E-08    3.06056E-16    4.21650E-05
     3.31160E+00    8.75039E-04    8.11380E-04    4.71225E-01   -9.80864E-03    1.54666E-11    9.40283E-09    2.36937E-16    3.96666E-05
     3.32378E+00    8.47516E-04    7.85719E-04    4.71229E-01   -9.66029E-03    1.29664E-11    8.33438E-09    1.83254E-16    3.73083E-05
     3.33595E+00    8.20869E-04    7.60880E-04    4.71233E-01   -9.51399E-03    1.08632E-11    7.38424E-09    1.41601E-16    3.50827E-05
     3.34813E+00    7.95072E-04    7.36835E-04    4.71237E-01   -9.36970E-03    9.09533E-12    6.53968E-09    1.09312E-16    3.29827E-05
     3.36030E+00    7.70097E-04    7.13560E-04    4.71241E-01   -9.22740E-03    7.61022E-12    5.78928E-09    8.43065E-17    3.10018E-05
     3.37248E+00    7.45916E-04    6.91029E-04    4.71245E-01   -9.08705E-03    6.36349E-12    5.12284E-09    6.49598E-17    2.91337E-05
     3.38465E+00    7.22505E-04    6.69217E-04    4.71248E-01   -8.94862E-03    5.31755E-12    4.53122E-09    5.00056E-17    2.73722E-05
     3.39683E+00    6.99839E-04    6.48103E-04    4.71252E-01   -8.81206E-03    4.44066E-12    4.00624E-09    3.84577E-17    2.57118E-05
     3.40900E+00    6.77893E-04    6.27662E-04    4.71255E-01   -8.67736E-03    3.70597E-12    3.54060E-09    2.95487E-17    2.41469E-05
     3.42118E+00    6.56644E-04    6.07873E-04    4.71259E-01   -8.54448E-03    3.09084E-12    3.12776E-09    2.26821E-17    2.26724E-05
     3.43335E+00    6.36070E-04    5.88716E-04    4.71262E-01   -8.41339E-03    2.57614E-12    2.76190E-09    1.73948E-17    2.12834E-05
     3.44553E+00    6.16149E-04    5.70169E-04    4.71265E-01   -8.28405E-03    2.14576E-12    2.43782E-09    1.33274E-17    1.99752E-05
     3.45770E+00    5.96860E-04    5.52214E-04    4.71268E-01   -8.15645E-03    1.78612E-12    2.15086E-09    1.02015E-17    1.87434E-05
     3.46988E+00    5.78183E-04    5.34830E-04    4.71271E-01   -8.03054E-03    1.48580E-12    1.89688E-09    7.80139E-18    1.75838E-05
     3.48205E+00    5.60098E-04    5.17999E-04    4.71274E-01   -7.90630E-03    1.23518E-12    1.67219E-09    5.96033E-18    1.64924E-05
     3.49423E+00    5.42586E-04    5.01704E-04    4.71276E-01   -7.78371E-03    1.02616E-12    1.47349E-09    4.54946E-18    1.54655E-05
     3.50640E+00    5.25628E-04    4.85928E-04    4.71279E-01   -7.66273E-03    8.51968E-13    1.29786E-09    3.46928E-18    1.44993E-05
     3.51858E+00    5.09208E-04    4.70652E-04    4.71282E-01   -7.54333E-03    7.06885E-13    1.14268E-09    2.64307E-18    1.35907E-05
     3.53075E+00    4.93307E-04    4.55863E-04    4.71284E-01   -7.42550E-03    5.86129E-13    1.00564E-09    2.01173E-18    1.27363E-05
     3.54293E+00    4.77909E-04    4.41543E-04    4.71287E-01   -7.30920E-03    4.85687E-13    8.84657E-10    1.52975E-18    1.19330E-05
     3.55510E+00    4.62997E-04    4.27677E-04    4.71289E-01   -7.19441E-03    4.02198E-13    7.77903E-10    1.16215E-18    1.11780E-05
     3.56728E+00    4.48557E-04    4.14252E-04    4.71291E-01   -7.08110E-03    3.32844E-13    6.83744E-10    8.82052E-19    1.04685E-05
     3.57945E+00    4.34573E-04    4.01252E-04    4.71293E-01   -6.96925E-03    2.75272E-13    6.00729E-10    6.68832E-19    9.80202E-06
     3.59163E+00    4.21031E-04    3.88665E-04    4.71296E-01   -6.85884E-03    2.27510E-13    5.27572E-10    5.06676E-19    9.17597E-06
     3.60380E+00    4.07916E-04    3.76476E-04    4.71298E-01   -6.74983E-03    1.87914E-13    4.63129E-10    3.83472E-19    8.58808E-06
     3.61598E+00    3.95215E-04    3.64673E-04    4.71300E-01   -6.64221E-03    1.55109E-13    4.06386E-10    2.89954E-19    8.03613E-06
     3.62815E+00    3.82914E-04    3.53245E-04    4.71302E-01   -6.53595E-03    1.27948E-13    3.56446E-10    2.19035E-19    7.51806E-06
     3.64033E+00    3.71002E-04    3.42177E-04    4.71304E-01   -6.43104E-03    1.05475E-13    3.12511E-10    1.65306E-19    7.03188E-06
     3.65250E+00    3.59464E-04    3.31460E-04    4.71305E-01   -6.32744E-03    8.68925E-14    2.73877E-10    1.24639E-19    6.57574E-06
     3.66468E+00    3.48290E-04    3.21082E-04    4.71307E-01   -6.22514E-03    7.15378E-14    2.39917E-10    9.38883E-20    6.14788E-06
     3.67685E+00    3.37468E-04    3.11032E-04    4.71309E-01   -6.12411E-03    5.88584E-14    2.10080E-10    7.06575E-20    5.74663E-06
     3.68903E+00    3.26987E-04    3.01299E-04    4.71311E-01   -6.02433E-03    4.83949E-14    1.83877E-10    5.31247E-20    5.37042E-06
     3.70120E+00    3.16835E-04    2.91873E-04    4.71312E-01   -5.92579E-03    3.97658E-14    1.60873E-10    3.99047E-20    5.01777E-06
     3.71338E+00    3.07003E-04    2.82745E-04    4.71314E-01   -5.82846E-03    3.26542E-14    1.40689E-10    2.99463E-20    4.68728E-06
     3.72555E+00    2.97480E-04    2.73905E-04    4.71316E-01   -5.73232E-03    2.67971E-14    1.22985E-10    2.24519E-20    4.37762E-06
     3.73773E+00    2.88256E-04    2.65344E-04    4.71317E-01   -5.63735E-03    2.19763E-14    1.07464E-10    1.68171E-20    4.08755E-06
     3.74990E+00    2.79323E-04    2.57053E-04    4.71319E-01   -5.54354E-03    1.80111E-14    9.38617E-11    1.25847E-20    3.81589E-06
     3.76208E+00    2.70669E-04    2.49022E-04    4.71320E-01   -5.45085E-03    1.47518E-14    8.19468E-11    9.40857E-21    3.56152E-06
     3.77425E+00    2.62288E-04    2.41245E-04    4.71321E-01   -5.35929E-03    1.20745E-14    7.15143E-11    7.02740E-21    3.32340E-06
     3.78643E+00    2.54169E-04    2.33712E-04    4.71323E-01   -5.26882E-03    9.87672E-15    6.23837E-11    5.24393E-21    3.10054E-06
     3.79860E+00    2.46306E-04    2.26417E-04    4.71324E-01   -5.17942E-03    8.07375E-15    5.43958E-11    3.90939E-21    2.89201E-06
     3.81078E+00    2.38689E-04    2.19350E-04    4.71325E-01   -5.09109E-03    6.59563E-15    4.74108E-11    2.91174E-21    2.69692E-06
     3.82295E+00    2.31311E-04    2.12506E-04    4.71326E-01   -5.00380E-03    5.38463E-15    4.13054E-11    2.16664E-21    2.51447E-06
     3.83513E+00    2.24164E-04    2.05877E-04    4.71328E-01   -4.91753E-03    4.39314E-15    3.59710E-11    1.61068E-21    2.34385E-06
     3.84730E+00    2.17242E-04    1.99456E-04    4.71329E-01   -4.83228E-03    3.58190E-15    3.13123E-11    1.19626E-21    2.18435E-06
     3.85948E+00    2.10536E-04    1.93237E-04    4.71330E-01   -4.74801E-03    2.91857E-15    2.72455E-11    8.87627E-22    2.03527E-06
     3.87165E+00    2.04041E-04    1.87213E-04    4.71331E-01   -4.66472E-03    2.37655E-15    2.36969E-11    6.58001E-22    1.89596E-06
     3.88383E+00    1.97749E-04    1.81377E-04    4.71332E-01   -4.58239E-03    1.93393E-15    2.06018E-11    4.87318E-22    1.76581E-06
     3.89600E+00    1.91654E-04    1.75725E-04    4.71333E-01   -4.50100E-03    1.57273E-15    1.79034E-11    3.60570E-22    1.64424E-06
     3.90818E+00    1.85749E-04    1.70249E-04    4.71334E-01   -4.42054E-03    1.27817E-15    1.55518E-11    2.66537E-22    1.53072E-06
     3.92035E+00    1.80030E-04    1.64945E-04    4.71335E-01   -4.34099E-03    1.03810E-15    1.35035E-11    1.96841E-22    1.42473E-06
     3.93253E+00    1.74490E-04    1.59807E-04    4.71336E-01   -4.26234E-03    8.42580E-16    1.17200E-11    1.45233E-22    1.32580E-06
     3.94470E+00    1.69123E-04    1.54830E-04    4.71337E-01   -4.18457E-03    6.83441E-16    1.01677E-11    1.07054E-22    1.23347E-06
     3.95688E+00    1.63924E-04    1.50008E-04    4.71338E-01   -4.10767E-03    5.54000E-16    8.81736E-12    7.88375E-23    1.14733E-06
     3.96905E+00    1.58887E-04    1.45337E-04    4.71339E-01   -4.03162E-03    4.48784E-16    7.64310E-12    5.80033E-23    1.06698E-06
     3.98123E+00    1.54008E-04    1.40812E-04    4.71339E-01   -3.95641E-03    3.63316E-16    6.62243E-12    4.26348E-23    9.92045E-07
     3.99340E+00    1.49282E-04    1.36428E-04    4.71340E-01   -3.88203E-03    2.93934E-16    5.73564E-12    3.13087E-23    9.22176E-07
     4.00558E+00    1.44703E-04    1.32180E-04    4.71341E-01   -3.80845E-03    2.37649E-16    4.96550E-12    2.29698E-23    8.57045E-07
     4.01775E+00    1.40268E-04    1.28066E-04    4.71342E-01   -3.73568E-03    1.92017E-16    4.29695E-12    1.68360E-23    7.96345E-07
     4.02993E+00    1.35971E-04    1.24079E-04    4.71343E-01   -3.66369E-03    1.55046E-16    3.71685E-12    1.23286E-23    7.39787E-07
     4.04210E+00    1.31808E-04    1.20217E-04    4.71343E-01   -3.59247E-03    1.25113E-16    3.21371E-12    9.01937E-24    6.87099E-07
     4.05428E+00    1.27776E-04    1.16474E-04    4.71344E-01   -3.52200E-03    1.00894E-16    2.77750E-12    6.59220E-24    6.38028E-07
     4.06645E+00    1.23870E-04    1.12849E-04    4.71345E-01   -3.45229E-03    8.13100E-17    2.39949E-12    4.81366E-24    5.92336E-07
     4.07863E+00    1.20086E-04    1.09335E-04    4.71345E-01   -3.38330E-03    6.54851E-17    2.07205E-12    3.51164E-24    5.49798E-07
     4.09080E+00    1.16420E-04    1.05931E-04    4.71346E-01   -3.31504E-03    5.27060E-17    1.78853E-12    2.55939E-24    5.10207E-07
     4.10298E+00    1.12868E-04    1.02633E-04    4.71347E-01   -3.24749E-03    4.23933E-17    1.54316E-12    1.86360E-24    4.73366E-07
     4.11515E+00    1.09428E-04    9.94370E-05    4.71347E-01   -3.18063E-03    3.40763E-17    1.33089E-12    1.35569E-24    4.39092E-07
     4.12733E+00    1.06095E-04    9.63400E-05    4.71348E-01   -3.11446E-03    2.73733E-17    1.14733E-12    9.85273E-25    4.07213E-07
     4.13950E+00    1.02867E-04    9.33390E-05    4.71348E-01   -3.04896E-03    2.19746E-17    9.88672E-13    7.15393E-25    3.77568E-07
     4.15168E+00    9.97391E-05    9.04309E-05    4.71349E-01   -2.98413E-03    1.76292E-17    8.51594E-13    5.18947E-25    3.50007E-07
     4.16385E+00    9.67094E-05    8.76128E-05    4.71349E-01   -2.91994E-03    1.41340E-17    7.33211E-13    3.76091E-25    3.24389E-07
     4.17603E+00    9.37744E-05    8.48818E-05    4.71350E-01   -2.85640E-03    1.13244E-17    6.31019E-13    2.72303E-25    3.00582E-07
     4.18820E+00    9.09313E-05    8.22351E-05    4.71350E-01   -2.79348E-03    9.06746E-18    5.42840E-13    1.96971E-25    2.78462E-07
     4.20038E+00    8.81771E-05    7.96701E-05    4.71351E-01   -2.73119E-03    7.25561E-18    4.66786E-13    1.42345E-25    2.57916E-07
     4.21255E+00    8.55092E-05    7.71842E-05    4.71351E-01   -2.66950E-03    5.80205E-18    4.01218E-13    1.02772E-25    2.38835E-07
     4.22473E+00    8.29249E-05    7.47748E-05    4.71352E-01   -2.60841E-03    4.63669E-18    3.44714E-13    7.41304E-26    2.21118E-07
     4.23690E+00    8.04215E-05    7.24397E-05    4.71352E-01   -2.54790E-03    3.70300E-18    2.96042E-13    5.34206E-26    2.04672E-07
     4.24908E+00    7.79966E-05    7.01763E-05    4.71353E-01   -2.48798E-03    2.95541E-18    2.54135E-13    3.84602E-26    1.89409E-07
     4.26125E+00    7.56477E-05    6.79825E-05    4.71353E-01   -2.42862E-03    2.35723E-18    2.18069E-13    2.76634E-26    1.75247E-07
     4.27343E+00    7.33726E-05    6.58560E-05    4.71353E-01   -2.36981E-03    1.87890E-18    1.87041E-13    1.98788E-26    1.62110E-07
     4.28560E+00    7.11688E-05    6.37947E-05    4.71354E-01   -2.31156E-03    1.49667E-18    1.60361E-13    1.42713E-26    1.49925E-07
     4.29778E+00    6.90343E-05    6.17965E-05    4.71354E-01   -2.25384E-03    1.19142E-18    1.37428E-13    1.02360E-26    1.38627E-07
     4.30995E+00    6.69670E-05    5.98594E-05    4.71354E-01   -2.19666E-03    9.47819E-19    1.17725E-13    7.33475E-27    1.28153E-07
     4.32213E+00    6.49646E-05    5.79815E-05    4.71355E-01   -2.13999E-03    7.53535E-19    1.00804E-13    5.25088E-27    1.18445E-07
     4.33430E+00    6.30253E-05    5.61610E-05    4.71355E-01   -2.08383E-03    5.98689E-19    8.62784E-14    3.75551E-27    1.09449E-07
     4.34648E+00    6.11472E-05    5.43959E-05    4.71355E-01   -2.02818E-03    4.75354E-19    7.38149E-14    2.68347E-27    1.01115E-07
     4.35865E+00    5.93282E-05    5.26845E-05    4.71356E-01   -1.97301E-03    3.77184E-19    6.31251E-14    1.91564E-27    9.33957E-08
     4.37083E+00    5.75667E-05    5.10251E-05    4.71356E-01   -1.91833E-03    2.99094E-19    5.39605E-14    1.36623E-27    8.62474E-08
     4.38300E+00    5.58610E-05    4.94161E-05    4.71356E-01   -1.86413E-03    2.37017E-19    4.61069E-14    9.73469E-28    7.96292E-08
     4.39518E+00    5.42091E-05    4.78558E-05    4.71357E-01   -1.81039E-03    1.87704E-19    3.93797E-14    6.92966E-28    7.35033E-08
     4.40735E+00    5.26097E-05    4.63428E-05    4.71357E-01   -1.75712E-03    1.48554E-19    3.36198E-14    4.92824E-28    6.78342E-08
     4.41953E+00    5.10610E-05    4.48754E-05    4.71357E-01   -1.70429E-03    1.17494E-19    2.86903E-14    3.50157E-28    6.25890E-08
     4.43170E+00    4.95615E-05    4.34523E-05    4.71357E-01   -1.65190E-03    9.28674E-20    2.44731E-14    2.48556E-28    5.77371E-08
     4.44388E+00    4.81098E-05    4.20720E-05    4.71358E-01   -1.59995E-03    7.33553E-20    2.08670E-14    1.76269E-28    5.32500E-08
     4.45605E+00    4.67043E-05    4.07331E-05    4.71358E-01   -1.54843E-03    5.79054E-20    1.77848E-14    1.24888E-28    4.91012E-08
     4.46823E+00    4.53438E-05    3.94344E-05    4.71358E-01   -1.49732E-03    4.56799E-20    1.51514E-14    8.84000E-29    4.52660E-08
     4.48040E+00    4.40268E-05    3.81745E-05    4.71358E-01   -1.44662E-03    3.60123E-20    1.29024E-14    6.25138E-29    4.17215E-08
     4.49258E+00    4.27520E-05    3.69522E-05    4.71359E-01   -1.39633E-03    2.83723E-20    1.09826E-14    4.41662E-29    3.84464E-08
     4.50475E+00    4.15182E-05    3.57663E-05    4.71359E-01   -1.34643E-03    2.23387E-20    9.34454E-15    3.11742E-29    3.54208E-08
     4.51693E+00    4.03242E-05    3.46156E-05    4.71359E-01   -1.29692E-03    1.75768E-20    7.94741E-15    2.19832E-29    3.26264E-08
     4.52910E+00    3.91688E-05    3.34990E-05    4.71359E-01   -1.24780E-03    1.38211E-20    6.75630E-15    1.54873E-29    3.00461E-08
     4.54128E+00    3.80508E-05    3.24154E-05    4.71359E-01   -1.19904E-03    1.08608E-20    5.74128E-15    1.09007E-29    2.76640E-08
     4.55345E+00    3.69690E-05    3.13637E-05    4.71359E-01   -1.15065E-03    8.52904E-21    4.87668E-15    7.66513E-30    2.54653E-08
     4.56563E+00    3.59226E-05    3.03428E-05    4.71360E-01   -1.10263E-03    6.69358E-21    4.14053E-15    5.38490E-30    2.34363E-08
     4.57780E+00    3.49103E-05    2.93519E-05    4.71360E-01   -1.05495E-03    5.24971E-21    3.51401E-15    3.77942E-30    2.15645E-08
     4.58998E+00    3.39313E-05    2.83898E-05    4.71360E-01   -1.00762E-03    4.11464E-21    2.98104E-15    2.65011E-30    1.98379E-08
     4.60215E+00    3.29845E-05    2.74558E-05    4.71360E-01   -9.60630E-04    3.22290E-21    2.52782E-15    1.85649E-30    1.82457E-08
     4.61433E+00    3.20690E-05    2.65487E-05    4.71360E-01   -9.13972E-04    2.52279E-21    2.14260E-15    1.29931E-30    1.67777E-08
     4.62650E+00    3.11838E-05    2.56679E-05    4.71360E-01   -8.67640E-04    1.97348E-21    1.81532E-15    9.08498E-31    1.54245E-08
     4.63868E+00    3.03282E-05    2.48123E-05    4.71360E-01   -8.21628E-04    1.54279E-21    1.53738E-15    6.34636E-31    1.41775E-08
     4.65085E+00    2.95013E-05    2.39812E-05    4.71360E-01   -7.75928E-04    1.20530E-21    1.30144E-15    4.42911E-31    1.30285E-08
     4.66303E+00    2.87022E-05    2.31737E-05    4.71361E-01   -7.30535E-04    9.41037E-22    1.10124E-15    3.08815E-31    1.19701E-08
     4.67520E+00    2.79301E-05    2.23891E-05    4.71361E-01   -6.85442E-04    7.34236E-22    9.31446E-16    2.15115E-31    1.09953E-08
     4.68738E+00    2.71843E-05    2.16267E-05    4.71361E-01   -6.40644E-04    5.72511E-22    7.87497E-16    1.49704E-31    1.00978E-08
     4.69955E+00    2.64641E-05    2.08856E-05    4.71361E-01   -5.96134E-04    4.46119E-22    6.65511E-16    1.04085E-31    9.27153E-09
     4.71173E+00    2.57687E-05    2.01651E-05    4.71361E-01   -5.51905E-04    3.47405E-22    5.62183E-16    7.22991E-32    8.51108E-09
     4.72390E+00    2.50974E-05    1.94646E-05    4.71361E-01   -5.07954E-04    2.70359E-22    4.74697E-16    5.01727E-32    7.81134E-09
     4.73608E+00    2.44496E-05    1.87834E-05    4.71361E-01   -4.64272E-04    2.10264E-22    4.00655E-16    3.47851E-32    7.16761E-09
     4.74825E+00    2.38246E-05    1.81208E-05    4.71361E-01   -4.20855E-04    1.63421E-22    3.38018E-16    2.40940E-32    6.57553E-09
     4.76043E+00    2.32218E-05    1.74762E-05    4.71361E-01   -3.77696E-04    1.26932E-22    2.85053E-16    1.66731E-32    6.03108E-09
     4.77260E+00    2.26405E-05    1.68489E-05    4.71361E-01   -3.34791E-04    9.85260E-23    2.40285E-16    1.15269E-32    5.53053E-09
     4.78478E+00    2.20803E-05    1.62384E-05    4.71361E-01   -2.92133E-04    7.64277E-23    2.02463E-16    7.96161E-33    5.07044E-09
     4.79695E+00    2.15406E-05    1.56441E-05    4.71361E-01   -2.49717E-04    5.92474E-23    1.70521E-16    5.49388E-33    4.64764E-09
     4.80913E+00    2.10207E-05    1.50654E-05    4.71361E-01   -2.07538E-04    4.58994E-23    1.43558E-16    3.78746E-33    4.25919E-09
     4.82130E+00    2.05203E-05    1.45017E-05    4.71361E-01   -1.65589E-04    3.55356E-23    1.20807E-16    2.60860E-33    3.90238E-09
     4.83348E+00    2.00387E-05    1.39526E-05    4.71361E-01   -1.23867E-04    2.74941E-23    1.01618E-16    1.79497E-33    3.57470E-09
     4.84565E+00    1.95755E-05    1.34174E-05    4.71361E-01   -8.23643E-05    2.12587E-23    8.54412E-17    1.23396E-33    3.27384E-09
     4.85783E+00    1.91303E-05    1.28957E-05    4.71361E-01   -4.10772E-05    1.64265E-23    7.18088E-17    8.47447E-34    2.99766E-09
     4.87000E+00    1.87025E-05    1.23870E-05    4.71361E-01   -1.11620-103    1.26852E-23    6.03266E-17    5.81608E-34    2.74420E-09
