     1.00000E-05    3.79337E+00    1.26446E-05   -5.18713E-01   -1.39767E-05    4.35018E-01    4.62039E-06    3.01385E-01    5.74217E-11
     5.50997E-03    3.79309E+00    2.14502E-02   -5.18632E-01   -7.70059E-03    4.34983E-01    2.54553E-03    3.01353E-01    1.74313E-05
     1.10099E-02    3.79226E+00    4.28513E-02   -5.18391E-01   -1.53839E-02    4.34879E-01    5.08470E-03    3.01255E-01    6.95786E-05
     1.65099E-02    3.79088E+00    6.42318E-02   -5.17989E-01   -2.30608E-02    4.34705E-01    7.62039E-03    3.01093E-01    1.56382E-04
     2.20099E-02    3.78894E+00    8.55816E-02   -5.17427E-01   -3.07279E-02    4.34461E-01    1.01509E-02    3.00866E-01    2.77740E-04
     2.75099E-02    3.78645E+00    1.06890E-01   -5.16705E-01   -3.83821E-02    4.34148E-01    1.26744E-02    3.00575E-01    4.33515E-04
     3.30098E-02    3.78342E+00    1.28148E-01   -5.15824E-01   -4.60201E-02    4.33766E-01    1.51893E-02    3.00219E-01    6.23525E-04
     3.85098E-02    3.77983E+00    1.49345E-01   -5.14784E-01   -5.36386E-02    4.33315E-01    1.76938E-02    2.99800E-01    8.47553E-04
     4.40098E-02    3.77570E+00    1.70470E-01   -5.13585E-01   -6.12347E-02    4.32795E-01    2.01863E-02    2.99316E-01    1.10534E-03
     4.95098E-02    3.77102E+00    1.91515E-01   -5.12229E-01   -6.88049E-02    4.32207E-01    2.26650E-02    2.98770E-01    1.39659E-03
     5.50097E-02    3.76580E+00    2.12468E-01   -5.10716E-01   -7.63464E-02    4.31550E-01    2.51284E-02    2.98161E-01    1.72097E-03
     6.05097E-02    3.76004E+00    2.33320E-01   -5.09046E-01   -8.38558E-02    4.30826E-01    2.75748E-02    2.97489E-01    2.07811E-03
     6.60097E-02    3.75375E+00    2.54061E-01   -5.07222E-01   -9.13302E-02    4.30034E-01    3.00026E-02    2.96755E-01    2.46761E-03
     7.15097E-02    3.74692E+00    2.74682E-01   -5.05244E-01   -9.87665E-02    4.29175E-01    3.24102E-02    2.95960E-01    2.88901E-03
     7.70096E-02    3.73956E+00    2.95173E-01   -5.03113E-01   -1.06162E-01    4.28250E-01    3.47960E-02    2.95104E-01    3.34184E-03
     8.25096E-02    3.73167E+00    3.15525E-01   -5.00830E-01   -1.13513E-01    4.27259E-01    3.71587E-02    2.94188E-01    3.82558E-03
     8.80096E-02    3.72327E+00    3.35728E-01   -4.98397E-01   -1.20817E-01    4.26202E-01    3.94965E-02    2.93213E-01    4.33970E-03
     9.35096E-02    3.71435E+00    3.55774E-01   -4.95814E-01   -1.28071E-01    4.25080E-01    4.18082E-02    2.92179E-01    4.88361E-03
     9.90095E-02    3.70491E+00    3.75653E-01   -4.93085E-01   -1.35272E-01    4.23894E-01    4.40922E-02    2.91088E-01    5.45670E-03
     1.04510E-01    3.69496E+00    3.95356E-01   -4.90209E-01   -1.42418E-01    4.22644E-01    4.63473E-02    2.89939E-01    6.05833E-03
     1.10009E-01    3.68452E+00    4.14874E-01   -4.87189E-01   -1.49505E-01    4.21330E-01    4.85720E-02    2.88734E-01    6.68783E-03
     1.15509E-01    3.67357E+00    4.34200E-01   -4.84026E-01   -1.56532E-01    4.19955E-01    5.07651E-02    2.87473E-01    7.34451E-03
     1.21009E-01    3.66213E+00    4.53324E-01   -4.80722E-01   -1.63495E-01    4.18517E-01    5.29253E-02    2.86159E-01    8.02763E-03
     1.26509E-01    3.65021E+00    4.72239E-01   -4.77279E-01   -1.70391E-01    4.17019E-01    5.50514E-02    2.84791E-01    8.73645E-03
     1.32009E-01    3.63780E+00    4.90936E-01   -4.73699E-01   -1.77219E-01    4.15460E-01    5.71422E-02    2.83370E-01    9.47019E-03
     1.37509E-01    3.62492E+00    5.09408E-01   -4.69984E-01   -1.83976E-01    4.13842E-01    5.91966E-02    2.81898E-01    1.02281E-02
     1.43009E-01    3.61157E+00    5.27647E-01   -4.66135E-01   -1.90659E-01    4.12165E-01    6.12135E-02    2.80375E-01    1.10092E-02
     1.48509E-01    3.59776E+00    5.45645E-01   -4.62156E-01   -1.97266E-01    4.10431E-01    6.31919E-02    2.78804E-01    1.18129E-02
     1.54009E-01    3.58349E+00    5.63395E-01   -4.58047E-01   -2.03795E-01    4.08640E-01    6.51308E-02    2.77184E-01    1.26381E-02
     1.59509E-01    3.56878E+00    5.80891E-01   -4.53811E-01   -2.10243E-01    4.06792E-01    6.70293E-02    2.75517E-01    1.34841E-02
     1.65009E-01    3.55363E+00    5.98124E-01   -4.49451E-01   -2.16609E-01    4.04890E-01    6.88865E-02    2.73804E-01    1.43499E-02
     1.70509E-01    3.53804E+00    6.15090E-01   -4.44969E-01   -2.22890E-01    4.02933E-01    7.07016E-02    2.72047E-01    1.52346E-02
     1.76009E-01    3.52203E+00    6.31781E-01   -4.40366E-01   -2.29084E-01    4.00924E-01    7.24738E-02    2.70246E-01    1.61373E-02
     1.81509E-01    3.50559E+00    6.48191E-01   -4.35646E-01   -2.35190E-01    3.98862E-01    7.42023E-02    2.68403E-01    1.70571E-02
     1.87009E-01    3.48875E+00    6.64315E-01   -4.30811E-01   -2.41206E-01    3.96750E-01    7.58865E-02    2.66519E-01    1.79930E-02
     1.92509E-01    3.47151E+00    6.80146E-01   -4.25864E-01   -2.47129E-01    3.94587E-01    7.75259E-02    2.64595E-01    1.89440E-02
     1.98009E-01    3.45387E+00    6.95680E-01   -4.20806E-01   -2.52958E-01    3.92375E-01    7.91197E-02    2.62633E-01    1.99093E-02
     2.03509E-01    3.43584E+00    7.10910E-01   -4.15641E-01   -2.58692E-01    3.90115E-01    8.06675E-02    2.60634E-01    2.08877E-02
     2.09009E-01    3.41744E+00    7.25833E-01   -4.10371E-01   -2.64328E-01    3.87809E-01    8.21688E-02    2.58598E-01    2.18785E-02
     2.14509E-01    3.39867E+00    7.40443E-01   -4.04998E-01   -2.69866E-01    3.85457E-01    8.36232E-02    2.56529E-01    2.28805E-02
     2.20009E-01    3.37954E+00    7.54736E-01   -3.99526E-01   -2.75304E-01    3.83060E-01    8.50303E-02    2.54426E-01    2.38928E-02
     2.25509E-01    3.36005E+00    7.68708E-01   -3.93957E-01   -2.80640E-01    3.80620E-01    8.63899E-02    2.52291E-01    2.49144E-02
     2.31009E-01    3.34023E+00    7.82354E-01   -3.88294E-01   -2.85874E-01    3.78138E-01    8.77016E-02    2.50126E-01    2.59443E-02
     2.36509E-01    3.32007E+00    7.95672E-01   -3.82539E-01   -2.91004E-01    3.75614E-01    8.89652E-02    2.47931E-01    2.69816E-02
     2.42009E-01    3.29958E+00    8.08657E-01   -3.76695E-01   -2.96029E-01    3.73051E-01    9.01806E-02    2.45709E-01    2.80253E-02
     2.47509E-01    3.27879E+00    8.21307E-01   -3.70765E-01   -3.00948E-01    3.70449E-01    9.13477E-02    2.43460E-01    2.90743E-02
     2.53009E-01    3.25768E+00    8.33618E-01   -3.64752E-01   -3.05759E-01    3.67809E-01    9.24663E-02    2.41186E-01    3.01278E-02
     2.58509E-01    3.23628E+00    8.45588E-01   -3.58659E-01   -3.10463E-01    3.65133E-01    9.35365E-02    2.38888E-01    3.11848E-02
     2.64009E-01    3.21459E+00    8.57215E-01   -3.52487E-01   -3.15058E-01    3.62422E-01    9.45583E-02    2.36568E-01    3.22443E-02
     2.69509E-01    3.19262E+00    8.68496E-01   -3.46241E-01   -3.19544E-01    3.59678E-01    9.55318E-02    2.34227E-01    3.33054E-02
     2.75009E-01    3.17038E+00    8.79429E-01   -3.39923E-01   -3.23920E-01    3.56900E-01    9.64570E-02    2.31866E-01    3.43671E-02
     2.80509E-01    3.14788E+00    8.90013E-01   -3.33536E-01   -3.28185E-01    3.54092E-01    9.73341E-02    2.29486E-01    3.54286E-02
     2.86009E-01    3.12514E+00    9.00247E-01   -3.27082E-01   -3.32338E-01    3.51253E-01    9.81633E-02    2.27089E-01    3.64888E-02
     2.91509E-01    3.10215E+00    9.10129E-01   -3.20564E-01   -3.36380E-01    3.48385E-01    9.89448E-02    2.24677E-01    3.75470E-02
     2.97009E-01    3.07894E+00    9.19658E-01   -3.13986E-01   -3.40310E-01    3.45490E-01    9.96790E-02    2.22250E-01    3.86023E-02
     3.02509E-01    3.05550E+00    9.28833E-01   -3.07349E-01   -3.44127E-01    3.42568E-01    1.00366E-01    2.19810E-01    3.96537E-02
     3.08009E-01    3.03185E+00    9.37655E-01   -3.00658E-01   -3.47831E-01    3.39621E-01    1.01006E-01    2.17358E-01    4.07004E-02
     3.13509E-01    3.00800E+00    9.46123E-01   -2.93914E-01   -3.51423E-01    3.36651E-01    1.01600E-01    2.14895E-01    4.17416E-02
     3.19009E-01    2.98395E+00    9.54237E-01   -2.87120E-01   -3.54901E-01    3.33657E-01    1.02148E-01    2.12423E-01    4.27765E-02
     3.24509E-01    2.95973E+00    9.61998E-01   -2.80280E-01   -3.58266E-01    3.30643E-01    1.02651E-01    2.09943E-01    4.38043E-02
     3.30008E-01    2.93533E+00    9.69405E-01   -2.73396E-01   -3.61518E-01    3.27608E-01    1.03109E-01    2.07456E-01    4.48242E-02
     3.35508E-01    2.91077E+00    9.76460E-01   -2.66470E-01   -3.64657E-01    3.24554E-01    1.03522E-01    2.04963E-01    4.58355E-02
     3.41008E-01    2.88605E+00    9.83164E-01   -2.59506E-01   -3.67684E-01    3.21483E-01    1.03891E-01    2.02465E-01    4.68373E-02
     3.46508E-01    2.86119E+00    9.89518E-01   -2.52506E-01   -3.70597E-01    3.18395E-01    1.04217E-01    1.99964E-01    4.78291E-02
     3.52008E-01    2.83619E+00    9.95523E-01   -2.45472E-01   -3.73398E-01    3.15293E-01    1.04500E-01    1.97461E-01    4.88101E-02
     3.57508E-01    2.81107E+00    1.00118E+00   -2.38409E-01   -3.76086E-01    3.12176E-01    1.04741E-01    1.94957E-01    4.97796E-02
     3.63008E-01    2.78583E+00    1.00649E+00   -2.31317E-01   -3.78663E-01    3.09046E-01    1.04940E-01    1.92452E-01    5.07369E-02
     3.68508E-01    2.76048E+00    1.01146E+00   -2.24200E-01   -3.81128E-01    3.05905E-01    1.05099E-01    1.89949E-01    5.16816E-02
     3.74008E-01    2.73504E+00    1.01609E+00   -2.17061E-01   -3.83483E-01    3.02753E-01    1.05217E-01    1.87448E-01    5.26129E-02
     3.79508E-01    2.70951E+00    1.02038E+00   -2.09902E-01   -3.85726E-01    2.99593E-01    1.05296E-01    1.84950E-01    5.35303E-02
     3.85008E-01    2.68389E+00    1.02434E+00   -2.02725E-01   -3.87860E-01    2.96424E-01    1.05336E-01    1.82456E-01    5.44331E-02
     3.90508E-01    2.65821E+00    1.02796E+00   -1.95534E-01   -3.89885E-01    2.93248E-01    1.05338E-01    1.79967E-01    5.53210E-02
     3.96008E-01    2.63246E+00    1.03125E+00   -1.88330E-01   -3.91801E-01    2.90067E-01    1.05303E-01    1.77485E-01    5.61934E-02
     4.01508E-01    2.60666E+00    1.03422E+00   -1.81117E-01   -3.93609E-01    2.86881E-01    1.05232E-01    1.75009E-01    5.70497E-02
     4.07008E-01    2.58081E+00    1.03686E+00   -1.73896E-01   -3.95310E-01    2.83691E-01    1.05124E-01    1.72542E-01    5.78896E-02
     4.12508E-01    2.55493E+00    1.03918E+00   -1.66670E-01   -3.96904E-01    2.80499E-01    1.04982E-01    1.70083E-01    5.87126E-02
     4.18008E-01    2.52902E+00    1.04119E+00   -1.59441E-01   -3.98394E-01    2.77306E-01    1.04806E-01    1.67635E-01    5.95183E-02
     4.23508E-01    2.50309E+00    1.04288E+00   -1.52212E-01   -3.99778E-01    2.74112E-01    1.04597E-01    1.65196E-01    6.03064E-02
     4.29008E-01    2.47714E+00    1.04427E+00   -1.44985E-01   -4.01059E-01    2.70919E-01    1.04355E-01    1.62769E-01    6.10763E-02
     4.34508E-01    2.45120E+00    1.04535E+00   -1.37763E-01   -4.02237E-01    2.67728E-01    1.04081E-01    1.60355E-01    6.18279E-02
     4.40008E-01    2.42526E+00    1.04613E+00   -1.30547E-01   -4.03314E-01    2.64540E-01    1.03777E-01    1.57953E-01    6.25608E-02
     4.45508E-01    2.39933E+00    1.04662E+00   -1.23340E-01   -4.04290E-01    2.61356E-01    1.03442E-01    1.55565E-01    6.32747E-02
     4.51008E-01    2.37342E+00    1.04681E+00   -1.16143E-01   -4.05166E-01    2.58177E-01    1.03079E-01    1.53192E-01    6.39693E-02
     4.56508E-01    2.34754E+00    1.04672E+00   -1.08960E-01   -4.05944E-01    2.55003E-01    1.02687E-01    1.50833E-01    6.46444E-02
     4.62008E-01    2.32169E+00    1.04634E+00   -1.01793E-01   -4.06625E-01    2.51836E-01    1.02268E-01    1.48490E-01    6.52999E-02
     4.67508E-01    2.29589E+00    1.04569E+00   -9.46423E-02   -4.07210E-01    2.48677E-01    1.01822E-01    1.46164E-01    6.59354E-02
     4.73008E-01    2.27013E+00    1.04477E+00   -8.75112E-02   -4.07700E-01    2.45526E-01    1.01351E-01    1.43855E-01    6.65508E-02
     4.78508E-01    2.24444E+00    1.04358E+00   -8.04014E-02   -4.08097E-01    2.42385E-01    1.00854E-01    1.41563E-01    6.71460E-02
     4.84008E-01    2.21880E+00    1.04212E+00   -7.33148E-02   -4.08401E-01    2.39254E-01    1.00334E-01    1.39289E-01    6.77209E-02
     4.89508E-01    2.19324E+00    1.04041E+00   -6.62534E-02   -4.08615E-01    2.36134E-01    9.97901E-02    1.37034E-01    6.82752E-02
     4.95008E-01    2.16775E+00    1.03845E+00   -5.92190E-02   -4.08739E-01    2.33027E-01    9.92240E-02    1.34798E-01    6.88091E-02
     5.00508E-01    2.14234E+00    1.03624E+00   -5.22134E-02   -4.08775E-01    2.29932E-01    9.86364E-02    1.32582E-01    6.93223E-02
     5.06008E-01    2.11703E+00    1.03379E+00   -4.52384E-02   -4.08724E-01    2.26850E-01    9.80280E-02    1.30386E-01    6.98148E-02
     5.11508E-01    2.09181E+00    1.03111E+00   -3.82957E-02   -4.08588E-01    2.23783E-01    9.73997E-02    1.28210E-01    7.02867E-02
     5.17008E-01    2.06669E+00    1.02820E+00   -3.13869E-02   -4.08368E-01    2.20731E-01    9.67524E-02    1.26055E-01    7.07378E-02
     5.22508E-01    2.04167E+00    1.02506E+00   -2.45139E-02   -4.08065E-01    2.17694E-01    9.60868E-02    1.23922E-01    7.11683E-02
     5.28008E-01    2.01677E+00    1.02170E+00   -1.76780E-02   -4.07681E-01    2.14674E-01    9.54036E-02    1.21810E-01    7.15781E-02
     5.33508E-01    1.99199E+00    1.01813E+00   -1.08809E-02   -4.07218E-01    2.11671E-01    9.47038E-02    1.19720E-01    7.19673E-02
     5.39008E-01    1.96733E+00    1.01435E+00   -4.12403E-03   -4.06677E-01    2.08686E-01    9.39880E-02    1.17653E-01    7.23360E-02
     5.44508E-01    1.94280E+00    1.01037E+00    2.59111E-03   -4.06060E-01    2.05719E-01    9.32571E-02    1.15608E-01    7.26843E-02
     5.50007E-01    1.91841E+00    1.00619E+00    9.26312E-03   -4.05368E-01    2.02772E-01    9.25118E-02    1.13586E-01    7.30121E-02
     5.55507E-01    1.89415E+00    1.00182E+00    1.58907E-02   -4.04603E-01    1.99844E-01    9.17528E-02    1.11586E-01    7.33198E-02
     5.61007E-01    1.87003E+00    9.97270E-01    2.24724E-02   -4.03766E-01    1.96935E-01    9.09809E-02    1.09611E-01    7.36073E-02
     5.66507E-01    1.84606E+00    9.92538E-01    2.90071E-02   -4.02859E-01    1.94048E-01    9.01968E-02    1.07659E-01    7.38749E-02
     5.72007E-01    1.82225E+00    9.87632E-01    3.54936E-02   -4.01883E-01    1.91182E-01    8.94013E-02    1.05730E-01    7.41226E-02
     5.77507E-01    1.79859E+00    9.82559E-01    4.19306E-02   -4.00841E-01    1.88337E-01    8.85950E-02    1.03825E-01    7.43507E-02
     5.83007E-01    1.77508E+00    9.77322E-01    4.83171E-02   -3.99733E-01    1.85515E-01    8.77786E-02    1.01945E-01    7.45594E-02
     5.88507E-01    1.75174E+00    9.71929E-01    5.46520E-02   -3.98562E-01    1.82715E-01    8.69529E-02    1.00088E-01    7.47488E-02
     5.94007E-01    1.72857E+00    9.66385E-01    6.09342E-02   -3.97328E-01    1.79938E-01    8.61184E-02    9.82555E-02    7.49192E-02
     5.99507E-01    1.70557E+00    9.60696E-01    6.71629E-02   -3.96035E-01    1.77185E-01    8.52758E-02    9.64474E-02    7.50707E-02
     6.05007E-01    1.68274E+00    9.54866E-01    7.33370E-02   -3.94682E-01    1.74455E-01    8.44257E-02    9.46636E-02    7.52036E-02
     6.10507E-01    1.66009E+00    9.48902E-01    7.94557E-02   -3.93273E-01    1.71749E-01    8.35689E-02    9.29042E-02    7.53181E-02
     6.16007E-01    1.63762E+00    9.42809E-01    8.55181E-02   -3.91808E-01    1.69069E-01    8.27058E-02    9.11693E-02    7.54146E-02
     6.21507E-01    1.61534E+00    9.36592E-01    9.15236E-02   -3.90289E-01    1.66412E-01    8.18372E-02    8.94588E-02    7.54932E-02
     6.27007E-01    1.59323E+00    9.30257E-01    9.74713E-02   -3.88718E-01    1.63782E-01    8.09635E-02    8.77728E-02    7.55541E-02
     6.32507E-01    1.57132E+00    9.23808E-01    1.03361E-01   -3.87096E-01    1.61176E-01    8.00853E-02    8.61112E-02    7.55978E-02
     6.38007E-01    1.54960E+00    9.17253E-01    1.09191E-01   -3.85425E-01    1.58596E-01    7.92033E-02    8.44740E-02    7.56244E-02
     6.43507E-01    1.52807E+00    9.10594E-01    1.14961E-01   -3.83707E-01    1.56042E-01    7.83178E-02    8.28612E-02    7.56343E-02
     6.49007E-01    1.50673E+00    9.03839E-01    1.20672E-01   -3.81943E-01    1.53515E-01    7.74296E-02    8.12727E-02    7.56277E-02
     6.54507E-01    1.48559E+00    8.96990E-01    1.26321E-01   -3.80135E-01    1.51014E-01    7.65390E-02    7.97084E-02    7.56049E-02
     6.60007E-01    1.46465E+00    8.90055E-01    1.31910E-01   -3.78285E-01    1.48539E-01    7.56465E-02    7.81683E-02    7.55663E-02
     6.65507E-01    1.44391E+00    8.83037E-01    1.37436E-01   -3.76393E-01    1.46091E-01    7.47528E-02    7.66522E-02    7.55121E-02
     6.71007E-01    1.42337E+00    8.75942E-01    1.42901E-01   -3.74462E-01    1.43670E-01    7.38581E-02    7.51601E-02    7.54427E-02
     6.76507E-01    1.40303E+00    8.68774E-01    1.48304E-01   -3.72492E-01    1.41276E-01    7.29631E-02    7.36919E-02    7.53583E-02
     6.82007E-01    1.38290E+00    8.61538E-01    1.53644E-01   -3.70487E-01    1.38909E-01    7.20680E-02    7.22473E-02    7.52594E-02
     6.87507E-01    1.36297E+00    8.54238E-01    1.58921E-01   -3.68446E-01    1.36570E-01    7.11734E-02    7.08263E-02    7.51461E-02
     6.93007E-01    1.34325E+00    8.46880E-01    1.64135E-01   -3.66372E-01    1.34258E-01    7.02797E-02    6.94287E-02    7.50189E-02
     6.98507E-01    1.32374E+00    8.39467E-01    1.69286E-01   -3.64266E-01    1.31973E-01    6.93872E-02    6.80544E-02    7.48781E-02
     7.04007E-01    1.30443E+00    8.32004E-01    1.74374E-01   -3.62129E-01    1.29716E-01    6.84964E-02    6.67032E-02    7.47240E-02
     7.09507E-01    1.28533E+00    8.24495E-01    1.79398E-01   -3.59964E-01    1.27486E-01    6.76075E-02    6.53749E-02    7.45569E-02
     7.15007E-01    1.26645E+00    8.16945E-01    1.84358E-01   -3.57770E-01    1.25284E-01    6.67211E-02    6.40694E-02    7.43771E-02
     7.20507E-01    1.24777E+00    8.09357E-01    1.89256E-01   -3.55551E-01    1.23110E-01    6.58374E-02    6.27864E-02    7.41850E-02
     7.26007E-01    1.22930E+00    8.01735E-01    1.94089E-01   -3.53306E-01    1.20963E-01    6.49567E-02    6.15257E-02    7.39809E-02
     7.31507E-01    1.21104E+00    7.94084E-01    1.98860E-01   -3.51038E-01    1.18843E-01    6.40794E-02    6.02872E-02    7.37652E-02
     7.37007E-01    1.19299E+00    7.86408E-01    2.03566E-01   -3.48748E-01    1.16752E-01    6.32058E-02    5.90707E-02    7.35381E-02
     7.42507E-01    1.17515E+00    7.78709E-01    2.08210E-01   -3.46437E-01    1.14687E-01    6.23362E-02    5.78758E-02    7.33001E-02
     7.48007E-01    1.15752E+00    7.70992E-01    2.12791E-01   -3.44106E-01    1.12651E-01    6.14708E-02    5.67025E-02    7.30513E-02
     7.53507E-01    1.14011E+00    7.63260E-01    2.17308E-01   -3.41756E-01    1.10641E-01    6.06100E-02    5.55504E-02    7.27922E-02
     7.59007E-01    1.12290E+00    7.55517E-01    2.21763E-01   -3.39390E-01    1.08659E-01    5.97539E-02    5.44194E-02    7.25231E-02
     7.64507E-01    1.10590E+00    7.47765E-01    2.26156E-01   -3.37008E-01    1.06705E-01    5.89029E-02    5.33093E-02    7.22443E-02
     7.70006E-01    1.08910E+00    7.40010E-01    2.30486E-01   -3.34611E-01    1.04777E-01    5.80571E-02    5.22197E-02    7.19560E-02
     7.75506E-01    1.07252E+00    7.32252E-01    2.34754E-01   -3.32200E-01    1.02876E-01    5.72169E-02    5.11504E-02    7.16588E-02
     7.81006E-01    1.05614E+00    7.24496E-01    2.38961E-01   -3.29777E-01    1.01003E-01    5.63823E-02    5.01012E-02    7.13527E-02
     7.86506E-01    1.03997E+00    7.16745E-01    2.43106E-01   -3.27342E-01    9.91559E-02    5.55537E-02    4.90718E-02    7.10382E-02
     7.92006E-01    1.02401E+00    7.09001E-01    2.47190E-01   -3.24897E-01    9.73358E-02    5.47311E-02    4.80621E-02    7.07156E-02
     7.97506E-01    1.00825E+00    7.01267E-01    2.51214E-01   -3.22443E-01    9.55422E-02    5.39148E-02    4.70717E-02    7.03851E-02
     8.03006E-01    9.92693E-01    6.93547E-01    2.55178E-01   -3.19981E-01    9.37750E-02    5.31050E-02    4.61003E-02    7.00471E-02
     8.08506E-01    9.77340E-01    6.85842E-01    2.59081E-01   -3.17512E-01    9.20340E-02    5.23018E-02    4.51478E-02    6.97018E-02
     8.14006E-01    9.62190E-01    6.78155E-01    2.62926E-01   -3.15036E-01    9.03191E-02    5.15053E-02    4.42139E-02    6.93496E-02
     8.19506E-01    9.47240E-01    6.70488E-01    2.66711E-01   -3.12555E-01    8.86301E-02    5.07158E-02    4.32983E-02    6.89908E-02
     8.25006E-01    9.32490E-01    6.62845E-01    2.70438E-01   -3.10069E-01    8.69668E-02    4.99333E-02    4.24007E-02    6.86255E-02
     8.30506E-01    9.17938E-01    6.55227E-01    2.74108E-01   -3.07581E-01    8.53290E-02    4.91579E-02    4.15209E-02    6.82542E-02
     8.36006E-01    9.03584E-01    6.47636E-01    2.77719E-01   -3.05089E-01    8.37165E-02    4.83899E-02    4.06586E-02    6.78771E-02
     8.41506E-01    8.89425E-01    6.40075E-01    2.81274E-01   -3.02596E-01    8.21292E-02    4.76292E-02    3.98136E-02    6.74944E-02
     8.47006E-01    8.75461E-01    6.32546E-01    2.84772E-01   -3.00102E-01    8.05668E-02    4.68760E-02    3.89856E-02    6.71065E-02
     8.52506E-01    8.61689E-01    6.25050E-01    2.88214E-01   -2.97608E-01    7.90291E-02    4.61303E-02    3.81744E-02    6.67135E-02
     8.58006E-01    8.48110E-01    6.17590E-01    2.91601E-01   -2.95114E-01    7.75159E-02    4.53924E-02    3.73796E-02    6.63157E-02
     8.63506E-01    8.34720E-01    6.10167E-01    2.94934E-01   -2.92622E-01    7.60270E-02    4.46621E-02    3.66011E-02    6.59135E-02
     8.69006E-01    8.21519E-01    6.02782E-01    2.98211E-01   -2.90132E-01    7.45622E-02    4.39396E-02    3.58385E-02    6.55070E-02
     8.74506E-01    8.08505E-01    5.95438E-01    3.01436E-01   -2.87644E-01    7.31212E-02    4.32251E-02    3.50916E-02    6.50965E-02
     8.80006E-01    7.95676E-01    5.88137E-01    3.04607E-01   -2.85161E-01    7.17038E-02    4.25184E-02    3.43602E-02    6.46823E-02
     8.85506E-01    7.83031E-01    5.80879E-01    3.07725E-01   -2.82681E-01    7.03097E-02    4.18197E-02    3.36439E-02    6.42644E-02
     8.91006E-01    7.70568E-01    5.73665E-01    3.10792E-01   -2.80206E-01    6.89388E-02    4.11289E-02    3.29426E-02    6.38433E-02
     8.96506E-01    7.58286E-01    5.66499E-01    3.13807E-01   -2.77736E-01    6.75908E-02    4.04462E-02    3.22560E-02    6.34191E-02
     9.02006E-01    7.46182E-01    5.59379E-01    3.16772E-01   -2.75273E-01    6.62654E-02    3.97716E-02    3.15838E-02    6.29920E-02
     9.07506E-01    7.34255E-01    5.52309E-01    3.19687E-01   -2.72815E-01    6.49624E-02    3.91051E-02    3.09257E-02    6.25623E-02
     9.13006E-01    7.22504E-01    5.45289E-01    3.22552E-01   -2.70365E-01    6.36816E-02    3.84467E-02    3.02817E-02    6.21301E-02
     9.18506E-01    7.10926E-01    5.38319E-01    3.25368E-01   -2.67923E-01    6.24226E-02    3.77964E-02    2.96513E-02    6.16957E-02
     9.24006E-01    6.99519E-01    5.31402E-01    3.28136E-01   -2.65488E-01    6.11853E-02    3.71542E-02    2.90343E-02    6.12593E-02
     9.29506E-01    6.88283E-01    5.24538E-01    3.30856E-01   -2.63062E-01    5.99694E-02    3.65202E-02    2.84305E-02    6.08210E-02
     9.35006E-01    6.77214E-01    5.17727E-01    3.33529E-01   -2.60645E-01    5.87746E-02    3.58942E-02    2.78397E-02    6.03810E-02
     9.40506E-01    6.66312E-01    5.10972E-01    3.36156E-01   -2.58237E-01    5.76006E-02    3.52765E-02    2.72617E-02    5.99396E-02
     9.46006E-01    6.55574E-01    5.04271E-01    3.38737E-01   -2.55839E-01    5.64473E-02    3.46668E-02    2.66961E-02    5.94968E-02
     9.51506E-01    6.44999E-01    4.97627E-01    3.41273E-01   -2.53451E-01    5.53144E-02    3.40652E-02    2.61427E-02    5.90530E-02
     9.57006E-01    6.34585E-01    4.91040E-01    3.43764E-01   -2.51074E-01    5.42015E-02    3.34716E-02    2.56014E-02    5.86082E-02
     9.62506E-01    6.24329E-01    4.84511E-01    3.46211E-01   -2.48708E-01    5.31085E-02    3.28862E-02    2.50719E-02    5.81626E-02
     9.68006E-01    6.14231E-01    4.78039E-01    3.48615E-01   -2.46353E-01    5.20350E-02    3.23087E-02    2.45540E-02    5.77164E-02
     9.73506E-01    6.04288E-01    4.71627E-01    3.50977E-01   -2.44009E-01    5.09809E-02    3.17393E-02    2.40474E-02    5.72697E-02
     9.79006E-01    5.94498E-01    4.65273E-01    3.53296E-01   -2.41678E-01    4.99458E-02    3.11778E-02    2.35520E-02    5.68227E-02
     9.84506E-01    5.84859E-01    4.58979E-01    3.55574E-01   -2.39359E-01    4.89295E-02    3.06242E-02    2.30674E-02    5.63756E-02
     9.90005E-01    5.75371E-01    4.52744E-01    3.57811E-01   -2.37052E-01    4.79318E-02    3.00785E-02    2.25936E-02    5.59284E-02
     9.95505E-01    5.66030E-01    4.46570E-01    3.60008E-01   -2.34758E-01    4.69523E-02    2.95407E-02    2.21303E-02    5.54813E-02
     1.00101E+00    5.56835E-01    4.40457E-01    3.62165E-01   -2.32477E-01    4.59908E-02    2.90106E-02    2.16772E-02    5.50345E-02
     1.00651E+00    5.47784E-01    4.34404E-01    3.64283E-01   -2.30209E-01    4.50471E-02    2.84883E-02    2.12343E-02    5.45880E-02
     1.01201E+00    5.38875E-01    4.28412E-01    3.66362E-01   -2.27955E-01    4.41210E-02    2.79737E-02    2.08012E-02    5.41421E-02
     1.01751E+00    5.30107E-01    4.22481E-01    3.68404E-01   -2.25714E-01    4.32120E-02    2.74668E-02    2.03778E-02    5.36967E-02
     1.02301E+00    5.21477E-01    4.16612E-01    3.70409E-01   -2.23487E-01    4.23201E-02    2.69674E-02    1.99639E-02    5.32521E-02
     1.02851E+00    5.12984E-01    4.10804E-01    3.72376E-01   -2.21275E-01    4.14449E-02    2.64756E-02    1.95592E-02    5.28084E-02
     1.03401E+00    5.04626E-01    4.05057E-01    3.74308E-01   -2.19076E-01    4.05862E-02    2.59912E-02    1.91637E-02    5.23656E-02
     1.03951E+00    4.96402E-01    3.99372E-01    3.76204E-01   -2.16892E-01    3.97437E-02    2.55142E-02    1.87771E-02    5.19239E-02
     1.04501E+00    4.88308E-01    3.93749E-01    3.78065E-01   -2.14722E-01    3.89172E-02    2.50446E-02    1.83992E-02    5.14833E-02
     1.05051E+00    4.80344E-01    3.88187E-01    3.79892E-01   -2.12567E-01    3.81065E-02    2.45823E-02    1.80299E-02    5.10440E-02
     1.05601E+00    4.72508E-01    3.82686E-01    3.81685E-01   -2.10426E-01    3.73113E-02    2.41272E-02    1.76689E-02    5.06061E-02
     1.06151E+00    4.64798E-01    3.77247E-01    3.83445E-01   -2.08300E-01    3.65313E-02    2.36793E-02    1.73161E-02    5.01696E-02
     1.06701E+00    4.57212E-01    3.71869E-01    3.85172E-01   -2.06190E-01    3.57663E-02    2.32385E-02    1.69714E-02    4.97346E-02
     1.07251E+00    4.49749E-01    3.66553E-01    3.86867E-01   -2.04094E-01    3.50161E-02    2.28046E-02    1.66345E-02    4.93013E-02
     1.07801E+00    4.42406E-01    3.61297E-01    3.88530E-01   -2.02013E-01    3.42805E-02    2.23777E-02    1.63053E-02    4.88697E-02
     1.08351E+00    4.35183E-01    3.56102E-01    3.90162E-01   -1.99948E-01    3.35591E-02    2.19577E-02    1.59836E-02    4.84398E-02
     1.08901E+00    4.28077E-01    3.50968E-01    3.91763E-01   -1.97898E-01    3.28518E-02    2.15445E-02    1.56693E-02    4.80118E-02
     1.09451E+00    4.21086E-01    3.45894E-01    3.93334E-01   -1.95863E-01    3.21583E-02    2.11381E-02    1.53622E-02    4.75857E-02
     1.10000E+00    4.14210E-01    3.40881E-01    3.94876E-01   -1.93843E-01    3.14785E-02    2.07382E-02    1.50621E-02    4.71616E-02
     1.10550E+00    4.07446E-01    3.35927E-01    3.96388E-01   -1.91839E-01    3.08120E-02    2.03450E-02    1.47689E-02    4.67395E-02
     1.11100E+00    4.00793E-01    3.31033E-01    3.97872E-01   -1.89850E-01    3.01587E-02    1.99583E-02    1.44825E-02    4.63196E-02
     1.11650E+00    3.94249E-01    3.26198E-01    3.99328E-01   -1.87877E-01    2.95183E-02    1.95780E-02    1.42027E-02    4.59018E-02
     1.12200E+00    3.87812E-01    3.21422E-01    4.00757E-01   -1.85918E-01    2.88906E-02    1.92041E-02    1.39293E-02    4.54862E-02
     1.12750E+00    3.81482E-01    3.16705E-01    4.02158E-01   -1.83976E-01    2.82754E-02    1.88365E-02    1.36622E-02    4.50730E-02
     1.13300E+00    3.75256E-01    3.12047E-01    4.03533E-01   -1.82049E-01    2.76725E-02    1.84750E-02    1.34014E-02    4.46620E-02
     1.13850E+00    3.69132E-01    3.07446E-01    4.04881E-01   -1.80137E-01    2.70816E-02    1.81197E-02    1.31465E-02    4.42535E-02
     1.14400E+00    3.63110E-01    3.02903E-01    4.06204E-01   -1.78241E-01    2.65026E-02    1.77705E-02    1.28976E-02    4.38474E-02
     1.14950E+00    3.57187E-01    2.98417E-01    4.07501E-01   -1.76360E-01    2.59353E-02    1.74272E-02    1.26544E-02    4.34437E-02
     1.15500E+00    3.51363E-01    2.93988E-01    4.08774E-01   -1.74494E-01    2.53794E-02    1.70898E-02    1.24169E-02    4.30425E-02
     1.16050E+00    3.45635E-01    2.89615E-01    4.10022E-01   -1.72644E-01    2.48347E-02    1.67583E-02    1.21849E-02    4.26439E-02
     1.16600E+00    3.40003E-01    2.85299E-01    4.11246E-01   -1.70809E-01    2.43011E-02    1.64325E-02    1.19583E-02    4.22479E-02
     1.17150E+00    3.34464E-01    2.81038E-01    4.12447E-01   -1.68989E-01    2.37783E-02    1.61123E-02    1.17370E-02    4.18545E-02
     1.17700E+00    3.29018E-01    2.76832E-01    4.13625E-01   -1.67185E-01    2.32661E-02    1.57978E-02    1.15209E-02    4.14637E-02
     1.18250E+00    3.23662E-01    2.72681E-01    4.14780E-01   -1.65396E-01    2.27644E-02    1.54887E-02    1.13098E-02    4.10757E-02
     1.18800E+00    3.18396E-01    2.68584E-01    4.15913E-01   -1.63622E-01    2.22730E-02    1.51852E-02    1.11036E-02    4.06903E-02
     1.19350E+00    3.13218E-01    2.64541E-01    4.17023E-01   -1.61863E-01    2.17917E-02    1.48869E-02    1.09022E-02    4.03076E-02
     1.19900E+00    3.08127E-01    2.60551E-01    4.18113E-01   -1.60119E-01    2.13202E-02    1.45940E-02    1.07056E-02    3.99278E-02
     1.20450E+00    3.03121E-01    2.56614E-01    4.19181E-01   -1.58390E-01    2.08584E-02    1.43063E-02    1.05135E-02    3.95506E-02
     1.21000E+00    2.98199E-01    2.52730E-01    4.20229E-01   -1.56675E-01    2.04062E-02    1.40237E-02    1.03259E-02    3.91763E-02
     1.21550E+00    2.93360E-01    2.48897E-01    4.21256E-01   -1.54976E-01    1.99633E-02    1.37462E-02    1.01428E-02    3.88048E-02
     1.22100E+00    2.88603E-01    2.45116E-01    4.22264E-01   -1.53292E-01    1.95296E-02    1.34736E-02    9.96390E-03    3.84362E-02
     1.22650E+00    2.83925E-01    2.41386E-01    4.23252E-01   -1.51622E-01    1.91049E-02    1.32060E-02    9.78922E-03    3.80704E-02
     1.23200E+00    2.79326E-01    2.37706E-01    4.24221E-01   -1.49966E-01    1.86891E-02    1.29433E-02    9.61864E-03    3.77074E-02
     1.23750E+00    2.74805E-01    2.34076E-01    4.25171E-01   -1.48325E-01    1.82819E-02    1.26853E-02    9.45207E-03    3.73474E-02
     1.24300E+00    2.70360E-01    2.30495E-01    4.26102E-01   -1.46699E-01    1.78832E-02    1.24320E-02    9.28941E-03    3.69902E-02
     1.24850E+00    2.65991E-01    2.26963E-01    4.27015E-01   -1.45087E-01    1.74929E-02    1.21833E-02    9.13058E-03    3.66359E-02
     1.25400E+00    2.61695E-01    2.23480E-01    4.27911E-01   -1.43489E-01    1.71107E-02    1.19392E-02    8.97548E-03    3.62845E-02
     1.25950E+00    2.57472E-01    2.20045E-01    4.28788E-01   -1.41906E-01    1.67366E-02    1.16995E-02    8.82402E-03    3.59361E-02
     1.26500E+00    2.53321E-01    2.16657E-01    4.29649E-01   -1.40336E-01    1.63703E-02    1.14643E-02    8.67613E-03    3.55905E-02
     1.27050E+00    2.49240E-01    2.13316E-01    4.30493E-01   -1.38780E-01    1.60118E-02    1.12334E-02    8.53173E-03    3.52479E-02
     1.27600E+00    2.45228E-01    2.10021E-01    4.31321E-01   -1.37239E-01    1.56609E-02    1.10068E-02    8.39072E-03    3.49082E-02
     1.28150E+00    2.41285E-01    2.06772E-01    4.32132E-01   -1.35711E-01    1.53173E-02    1.07844E-02    8.25304E-03    3.45715E-02
     1.28700E+00    2.37408E-01    2.03568E-01    4.32927E-01   -1.34197E-01    1.49811E-02    1.05662E-02    8.11860E-03    3.42376E-02
     1.29250E+00    2.33598E-01    2.00409E-01    4.33707E-01   -1.32696E-01    1.46519E-02    1.03520E-02    7.98732E-03    3.39067E-02
     1.29800E+00    2.29852E-01    1.97294E-01    4.34471E-01   -1.31209E-01    1.43298E-02    1.01418E-02    7.85915E-03    3.35788E-02
     1.30350E+00    2.26171E-01    1.94224E-01    4.35221E-01   -1.29735E-01    1.40146E-02    9.93559E-03    7.73399E-03    3.32537E-02
     1.30900E+00    2.22552E-01    1.91196E-01    4.35955E-01   -1.28275E-01    1.37060E-02    9.73324E-03    7.61179E-03    3.29316E-02
     1.31450E+00    2.18995E-01    1.88211E-01    4.36675E-01   -1.26827E-01    1.34041E-02    9.53470E-03    7.49247E-03    3.26124E-02
     1.32000E+00    2.15499E-01    1.85269E-01    4.37381E-01   -1.25393E-01    1.31086E-02    9.33991E-03    7.37597E-03    3.22961E-02
     1.32550E+00    2.12062E-01    1.82368E-01    4.38073E-01   -1.23972E-01    1.28194E-02    9.14882E-03    7.26221E-03    3.19827E-02
     1.33100E+00    2.08685E-01    1.79508E-01    4.38752E-01   -1.22564E-01    1.25365E-02    8.96134E-03    7.15115E-03    3.16723E-02
     1.33650E+00    2.05365E-01    1.76689E-01    4.39417E-01   -1.21168E-01    1.22596E-02    8.77744E-03    7.04270E-03    3.13647E-02
     1.34200E+00    2.02102E-01    1.73910E-01    4.40069E-01   -1.19785E-01    1.19887E-02    8.59704E-03    6.93681E-03    3.10600E-02
     1.34750E+00    1.98895E-01    1.71171E-01    4.40708E-01   -1.18415E-01    1.17236E-02    8.42008E-03    6.83342E-03    3.07583E-02
     1.35300E+00    1.95743E-01    1.68472E-01    4.41334E-01   -1.17057E-01    1.14643E-02    8.24651E-03    6.73248E-03    3.04593E-02
     1.35850E+00    1.92646E-01    1.65810E-01    4.41948E-01   -1.15711E-01    1.12106E-02    8.07627E-03    6.63392E-03    3.01633E-02
     1.36400E+00    1.89601E-01    1.63188E-01    4.42550E-01   -1.14377E-01    1.09623E-02    7.90930E-03    6.53768E-03    2.98701E-02
     1.36950E+00    1.86609E-01    1.60602E-01    4.43140E-01   -1.13056E-01    1.07195E-02    7.74554E-03    6.44372E-03    2.95797E-02
     1.37500E+00    1.83669E-01    1.58054E-01    4.43718E-01   -1.11747E-01    1.04819E-02    7.58494E-03    6.35197E-03    2.92922E-02
     1.38050E+00    1.80779E-01    1.55543E-01    4.44285E-01   -1.10449E-01    1.02494E-02    7.42745E-03    6.26240E-03    2.90075E-02
     1.38600E+00    1.77939E-01    1.53068E-01    4.44840E-01   -1.09164E-01    1.00221E-02    7.27300E-03    6.17494E-03    2.87257E-02
     1.39150E+00    1.75148E-01    1.50629E-01    4.45385E-01   -1.07890E-01    9.79967E-03    7.12155E-03    6.08954E-03    2.84466E-02
     1.39700E+00    1.72405E-01    1.48225E-01    4.45918E-01   -1.06627E-01    9.58211E-03    6.97304E-03    6.00616E-03    2.81703E-02
     1.40250E+00    1.69710E-01    1.45856E-01    4.46441E-01   -1.05376E-01    9.36931E-03    6.82742E-03    5.92475E-03    2.78968E-02
     1.40800E+00    1.67061E-01    1.43522E-01    4.46954E-01   -1.04136E-01    9.16117E-03    6.68464E-03    5.84526E-03    2.76260E-02
     1.41350E+00    1.64458E-01    1.41221E-01    4.47456E-01   -1.02908E-01    8.95759E-03    6.54465E-03    5.76765E-03    2.73580E-02
     1.41900E+00    1.61900E-01    1.38954E-01    4.47948E-01   -1.01691E-01    8.75847E-03    6.40740E-03    5.69187E-03    2.70927E-02
     1.42450E+00    1.59387E-01    1.36720E-01    4.48431E-01   -1.00484E-01    8.56373E-03    6.27283E-03    5.61788E-03    2.68301E-02
     1.43000E+00    1.56917E-01    1.34518E-01    4.48904E-01   -9.92891E-02    8.37327E-03    6.14090E-03    5.54564E-03    2.65702E-02
     1.43550E+00    1.54490E-01    1.32348E-01    4.49367E-01   -9.81045E-02    8.18700E-03    6.01156E-03    5.47510E-03    2.63130E-02
     1.44100E+00    1.52105E-01    1.30210E-01    4.49821E-01   -9.69306E-02    8.00484E-03    5.88477E-03    5.40622E-03    2.60585E-02
     1.44650E+00    1.49762E-01    1.28104E-01    4.50266E-01   -9.57673E-02    7.82671E-03    5.76048E-03    5.33897E-03    2.58066E-02
     1.45200E+00    1.47460E-01    1.26028E-01    4.50702E-01   -9.46145E-02    7.65251E-03    5.63864E-03    5.27331E-03    2.55574E-02
     1.45750E+00    1.45198E-01    1.23982E-01    4.51130E-01   -9.34720E-02    7.48216E-03    5.51920E-03    5.20920E-03    2.53108E-02
     1.46300E+00    1.42975E-01    1.21966E-01    4.51549E-01   -9.23398E-02    7.31559E-03    5.40213E-03    5.14660E-03    2.50667E-02
     1.46850E+00    1.40791E-01    1.19980E-01    4.51959E-01   -9.12178E-02    7.15271E-03    5.28738E-03    5.08548E-03    2.48253E-02
     1.47400E+00    1.38645E-01    1.18023E-01    4.52361E-01   -9.01059E-02    6.99345E-03    5.17491E-03    5.02580E-03    2.45865E-02
     1.47950E+00    1.36537E-01    1.16094E-01    4.52755E-01   -8.90038E-02    6.83773E-03    5.06467E-03    4.96752E-03    2.43502E-02
     1.48500E+00    1.34466E-01    1.14194E-01    4.53142E-01   -8.79117E-02    6.68548E-03    4.95662E-03    4.91062E-03    2.41164E-02
     1.49050E+00    1.32431E-01    1.12321E-01    4.53520E-01   -8.68293E-02    6.53662E-03    4.85072E-03    4.85506E-03    2.38852E-02
     1.49600E+00    1.30432E-01    1.10476E-01    4.53891E-01   -8.57565E-02    6.39108E-03    4.74694E-03    4.80081E-03    2.36564E-02
     1.50150E+00    1.28468E-01    1.08658E-01    4.54254E-01   -8.46933E-02    6.24879E-03    4.64522E-03    4.74785E-03    2.34302E-02
     1.50700E+00    1.26538E-01    1.06866E-01    4.54610E-01   -8.36395E-02    6.10969E-03    4.54554E-03    4.69612E-03    2.32064E-02
     1.51250E+00    1.24643E-01    1.05101E-01    4.54959E-01   -8.25950E-02    5.97370E-03    4.44785E-03    4.64562E-03    2.29851E-02
     1.51800E+00    1.22781E-01    1.03362E-01    4.55300E-01   -8.15598E-02    5.84076E-03    4.35212E-03    4.59631E-03    2.27662E-02
     1.52350E+00    1.20951E-01    1.01648E-01    4.55635E-01   -8.05338E-02    5.71080E-03    4.25831E-03    4.54816E-03    2.25497E-02
     1.52900E+00    1.19155E-01    9.99588E-02    4.55963E-01   -7.95168E-02    5.58377E-03    4.16637E-03    4.50115E-03    2.23356E-02
     1.53450E+00    1.17390E-01    9.82946E-02    4.56284E-01   -7.85087E-02    5.45959E-03    4.07629E-03    4.45524E-03    2.21239E-02
     1.54000E+00    1.15656E-01    9.66548E-02    4.56599E-01   -7.75095E-02    5.33821E-03    3.98802E-03    4.41042E-03    2.19145E-02
     1.54550E+00    1.13953E-01    9.50389E-02    4.56908E-01   -7.65190E-02    5.21957E-03    3.90152E-03    4.36665E-03    2.17075E-02
     1.55100E+00    1.12280E-01    9.34467E-02    4.57210E-01   -7.55372E-02    5.10361E-03    3.81676E-03    4.32391E-03    2.15029E-02
     1.55650E+00    1.10637E-01    9.18777E-02    4.57506E-01   -7.45640E-02    4.99026E-03    3.73372E-03    4.28218E-03    2.13005E-02
     1.56200E+00    1.09024E-01    9.03316E-02    4.57796E-01   -7.35992E-02    4.87949E-03    3.65234E-03    4.24143E-03    2.11004E-02
     1.56750E+00    1.07439E-01    8.88081E-02    4.58080E-01   -7.26428E-02    4.77123E-03    3.57262E-03    4.20164E-03    2.09027E-02
     1.57300E+00    1.05883E-01    8.73068E-02    4.58358E-01   -7.16947E-02    4.66542E-03    3.49450E-03    4.16280E-03    2.07071E-02
     1.57850E+00    1.04354E-01    8.58273E-02    4.58630E-01   -7.07548E-02    4.56202E-03    3.41796E-03    4.12486E-03    2.05138E-02
     1.58400E+00    1.02853E-01    8.43694E-02    4.58897E-01   -6.98230E-02    4.46097E-03    3.34297E-03    4.08782E-03    2.03228E-02
     1.58950E+00    1.01379E-01    8.29327E-02    4.59159E-01   -6.88992E-02    4.36222E-03    3.26950E-03    4.05166E-03    2.01339E-02
     1.59500E+00    9.99317E-02    8.15169E-02    4.59415E-01   -6.79833E-02    4.26573E-03    3.19752E-03    4.01634E-03    1.99472E-02
     1.60050E+00    9.85103E-02    8.01217E-02    4.59665E-01   -6.70753E-02    4.17144E-03    3.12700E-03    3.98186E-03    1.97627E-02
     1.60600E+00    9.71147E-02    7.87466E-02    4.59911E-01   -6.61750E-02    4.07930E-03    3.05791E-03    3.94819E-03    1.95804E-02
     1.61150E+00    9.57443E-02    7.73915E-02    4.60152E-01   -6.52823E-02    3.98928E-03    2.99022E-03    3.91532E-03    1.94002E-02
     1.61700E+00    9.43989E-02    7.60560E-02    4.60387E-01   -6.43973E-02    3.90133E-03    2.92390E-03    3.88322E-03    1.92221E-02
     1.62250E+00    9.30779E-02    7.47398E-02    4.60618E-01   -6.35197E-02    3.81539E-03    2.85894E-03    3.85188E-03    1.90461E-02
     1.62800E+00    9.17810E-02    7.34426E-02    4.60844E-01   -6.26495E-02    3.73143E-03    2.79529E-03    3.82128E-03    1.88722E-02
     1.63350E+00    9.05078E-02    7.21642E-02    4.61065E-01   -6.17867E-02    3.64941E-03    2.73294E-03    3.79141E-03    1.87004E-02
     1.63900E+00    8.92580E-02    7.09041E-02    4.61281E-01   -6.09311E-02    3.56928E-03    2.67186E-03    3.76224E-03    1.85306E-02
     1.64450E+00    8.80311E-02    6.96621E-02    4.61493E-01   -6.00826E-02    3.49100E-03    2.61202E-03    3.73376E-03    1.83629E-02
     1.65000E+00    8.68268E-02    6.84379E-02    4.61701E-01   -5.92412E-02    3.41454E-03    2.55340E-03    3.70595E-03    1.81972E-02
     1.65550E+00    8.56447E-02    6.72313E-02    4.61904E-01   -5.84068E-02    3.33985E-03    2.49597E-03    3.67880E-03    1.80335E-02
     1.66100E+00    8.44845E-02    6.60419E-02    4.62103E-01   -5.75794E-02    3.26689E-03    2.43972E-03    3.65230E-03    1.78719E-02
     1.66650E+00    8.33459E-02    6.48696E-02    4.62298E-01   -5.67587E-02    3.19563E-03    2.38461E-03    3.62642E-03    1.77121E-02
     1.67200E+00    8.22285E-02    6.37139E-02    4.62489E-01   -5.59448E-02    3.12603E-03    2.33062E-03    3.60116E-03    1.75544E-02
     1.67750E+00    8.11319E-02    6.25747E-02    4.62676E-01   -5.51376E-02    3.05806E-03    2.27773E-03    3.57649E-03    1.73986E-02
     1.68300E+00    8.00558E-02    6.14516E-02    4.62858E-01   -5.43370E-02    2.99168E-03    2.22592E-03    3.55242E-03    1.72447E-02
     1.68850E+00    7.90000E-02    6.03445E-02    4.63037E-01   -5.35430E-02    2.92686E-03    2.17517E-03    3.52891E-03    1.70928E-02
     1.69400E+00    7.79640E-02    5.92530E-02    4.63212E-01   -5.27553E-02    2.86355E-03    2.12545E-03    3.50597E-03    1.69427E-02
     1.69950E+00    7.69477E-02    5.81769E-02    4.63384E-01   -5.19741E-02    2.80174E-03    2.07675E-03    3.48357E-03    1.67946E-02
     1.70500E+00    7.59506E-02    5.71159E-02    4.63551E-01   -5.11992E-02    2.74139E-03    2.02904E-03    3.46171E-03    1.66483E-02
     1.71050E+00    7.49725E-02    5.60698E-02    4.63715E-01   -5.04305E-02    2.68246E-03    1.98229E-03    3.44037E-03    1.65039E-02
     1.71600E+00    7.40131E-02    5.50384E-02    4.63876E-01   -4.96679E-02    2.62493E-03    1.93651E-03    3.41954E-03    1.63613E-02
     1.72150E+00    7.30721E-02    5.40214E-02    4.64033E-01   -4.89114E-02    2.56876E-03    1.89165E-03    3.39920E-03    1.62205E-02
     1.72700E+00    7.21493E-02    5.30186E-02    4.64187E-01   -4.81610E-02    2.51393E-03    1.84771E-03    3.37936E-03    1.60816E-02
     1.73250E+00    7.12442E-02    5.20297E-02    4.64337E-01   -4.74165E-02    2.46041E-03    1.80466E-03    3.35999E-03    1.59445E-02
     1.73800E+00    7.03568E-02    5.10545E-02    4.64484E-01   -4.66779E-02    2.40817E-03    1.76249E-03    3.34109E-03    1.58092E-02
     1.74350E+00    6.94866E-02    5.00928E-02    4.64628E-01   -4.59451E-02    2.35718E-03    1.72117E-03    3.32265E-03    1.56757E-02
     1.74900E+00    6.86335E-02    4.91443E-02    4.64769E-01   -4.52180E-02    2.30742E-03    1.68069E-03    3.30465E-03    1.55439E-02
     1.75450E+00    6.77972E-02    4.82088E-02    4.64906E-01   -4.44966E-02    2.25886E-03    1.64104E-03    3.28709E-03    1.54139E-02
     1.76000E+00    6.69774E-02    4.72862E-02    4.65041E-01   -4.37809E-02    2.21147E-03    1.60219E-03    3.26995E-03    1.52856E-02
     1.76550E+00    6.61739E-02    4.63761E-02    4.65173E-01   -4.30706E-02    2.16523E-03    1.56413E-03    3.25323E-03    1.51591E-02
     1.77100E+00    6.53864E-02    4.54784E-02    4.65301E-01   -4.23659E-02    2.12012E-03    1.52683E-03    3.23691E-03    1.50343E-02
     1.77650E+00    6.46147E-02    4.45929E-02    4.65427E-01   -4.16665E-02    2.07611E-03    1.49030E-03    3.22100E-03    1.49112E-02
     1.78200E+00    6.38586E-02    4.37194E-02    4.65550E-01   -4.09726E-02    2.03317E-03    1.45450E-03    3.20547E-03    1.47898E-02
     1.78750E+00    6.31178E-02    4.28575E-02    4.65670E-01   -4.02839E-02    1.99130E-03    1.41942E-03    3.19033E-03    1.46701E-02
     1.79300E+00    6.23922E-02    4.20073E-02    4.65788E-01   -3.96004E-02    1.95045E-03    1.38505E-03    3.17556E-03    1.45521E-02
     1.79850E+00    6.16814E-02    4.11683E-02    4.65903E-01   -3.89221E-02    1.91061E-03    1.35138E-03    3.16116E-03    1.44358E-02
     1.80400E+00    6.09853E-02    4.03406E-02    4.66015E-01   -3.82489E-02    1.87177E-03    1.31838E-03    3.14711E-03    1.43211E-02
     1.80950E+00    6.03036E-02    3.95238E-02    4.66125E-01   -3.75808E-02    1.83389E-03    1.28604E-03    3.13341E-03    1.42080E-02
     1.81500E+00    5.96363E-02    3.87177E-02    4.66232E-01   -3.69176E-02    1.79696E-03    1.25435E-03    3.12005E-03    1.40966E-02
     1.82050E+00    5.89829E-02    3.79222E-02    4.66336E-01   -3.62594E-02    1.76096E-03    1.22330E-03    3.10703E-03    1.39869E-02
     1.82600E+00    5.83434E-02    3.71372E-02    4.66438E-01   -3.56060E-02    1.72587E-03    1.19286E-03    3.09434E-03    1.38787E-02
     1.83150E+00    5.77176E-02    3.63623E-02    4.66538E-01   -3.49575E-02    1.69167E-03    1.16303E-03    3.08196E-03    1.37722E-02
     1.83700E+00    5.71052E-02    3.55974E-02    4.66636E-01   -3.43137E-02    1.65834E-03    1.13380E-03    3.06990E-03    1.36672E-02
     1.84250E+00    5.65060E-02    3.48424E-02    4.66731E-01   -3.36746E-02    1.62587E-03    1.10514E-03    3.05815E-03    1.35639E-02
     1.84800E+00    5.59200E-02    3.40971E-02    4.66824E-01   -3.30402E-02    1.59424E-03    1.07706E-03    3.04670E-03    1.34621E-02
     1.85350E+00    5.53468E-02    3.33613E-02    4.66914E-01   -3.24103E-02    1.56342E-03    1.04952E-03    3.03554E-03    1.33620E-02
     1.85900E+00    5.47864E-02    3.26348E-02    4.67003E-01   -3.17850E-02    1.53341E-03    1.02253E-03    3.02468E-03    1.32634E-02
     1.86450E+00    5.42385E-02    3.19174E-02    4.67089E-01   -3.11642E-02    1.50418E-03    9.96072E-04    3.01409E-03    1.31663E-02
     1.87000E+00    5.37030E-02    3.12091E-02    4.67173E-01   -3.05478E-02    1.47572E-03    9.70130E-04    3.00379E-03    1.30709E-02
     1.87550E+00    5.31796E-02    3.05096E-02    4.67255E-01   -2.99358E-02    1.44802E-03    9.44694E-04    2.99375E-03    1.29770E-02
     1.88100E+00    5.26684E-02    2.98187E-02    4.67335E-01   -2.93281E-02    1.42106E-03    9.19752E-04    2.98398E-03    1.28846E-02
     1.88650E+00    5.21690E-02    2.91364E-02    4.67413E-01   -2.87247E-02    1.39482E-03    8.95295E-04    2.97447E-03    1.27938E-02
     1.89200E+00    5.16813E-02    2.84624E-02    4.67489E-01   -2.81255E-02    1.36930E-03    8.71309E-04    2.96522E-03    1.27045E-02
     1.89750E+00    5.12052E-02    2.77966E-02    4.67563E-01   -2.75305E-02    1.34447E-03    8.47785E-04    2.95622E-03    1.26167E-02
     1.90300E+00    5.07404E-02    2.71388E-02    4.67635E-01   -2.69396E-02    1.32032E-03    8.24712E-04    2.94746E-03    1.25305E-02
     1.90850E+00    5.02870E-02    2.64889E-02    4.67705E-01   -2.63527E-02    1.29684E-03    8.02078E-04    2.93894E-03    1.24457E-02
     1.91400E+00    4.98447E-02    2.58467E-02    4.67774E-01   -2.57700E-02    1.27402E-03    7.79875E-04    2.93066E-03    1.23625E-02
     1.91950E+00    4.94133E-02    2.52122E-02    4.67841E-01   -2.51912E-02    1.25184E-03    7.58091E-04    2.92262E-03    1.22808E-02
     1.92500E+00    4.89928E-02    2.45851E-02    4.67905E-01   -2.46163E-02    1.23030E-03    7.36716E-04    2.91480E-03    1.22007E-02
     1.93050E+00    4.85830E-02    2.39653E-02    4.67968E-01   -2.40453E-02    1.20937E-03    7.15741E-04    2.90720E-03    1.21220E-02
     1.93600E+00    4.81837E-02    2.33526E-02    4.68030E-01   -2.34782E-02    1.18905E-03    6.95156E-04    2.89982E-03    1.20448E-02
     1.94150E+00    4.77949E-02    2.27470E-02    4.68089E-01   -2.29148E-02    1.16933E-03    6.74952E-04    2.89266E-03    1.19691E-02
     1.94700E+00    4.74163E-02    2.21482E-02    4.68147E-01   -2.23552E-02    1.15019E-03    6.55119E-04    2.88570E-03    1.18950E-02
     1.95250E+00    4.70480E-02    2.15562E-02    4.68203E-01   -2.17993E-02    1.13163E-03    6.35648E-04    2.87896E-03    1.18223E-02
     1.95800E+00    4.66897E-02    2.09709E-02    4.68258E-01   -2.12471E-02    1.11362E-03    6.16530E-04    2.87241E-03    1.17511E-02
     1.96350E+00    4.63413E-02    2.03920E-02    4.68311E-01   -2.06985E-02    1.09618E-03    5.97756E-04    2.86607E-03    1.16814E-02
     1.96900E+00    4.60027E-02    1.98194E-02    4.68363E-01   -2.01535E-02    1.07927E-03    5.79317E-04    2.85992E-03    1.16132E-02
     1.97450E+00    4.56739E-02    1.92531E-02    4.68413E-01   -1.96120E-02    1.06290E-03    5.61205E-04    2.85397E-03    1.15465E-02
     1.98000E+00    4.53546E-02    1.86928E-02    4.68461E-01   -1.90740E-02    1.04705E-03    5.43412E-04    2.84821E-03    1.14813E-02
     1.98550E+00    4.50448E-02    1.81386E-02    4.68508E-01   -1.85394E-02    1.03172E-03    5.25928E-04    2.84263E-03    1.14176E-02
     1.99100E+00    4.47444E-02    1.75902E-02    4.68553E-01   -1.80083E-02    1.01689E-03    5.08747E-04    2.83723E-03    1.13553E-02
     1.99650E+00    4.44532E-02    1.70475E-02    4.68597E-01   -1.74805E-02    1.00256E-03    4.91859E-04    2.83202E-03    1.12946E-02
     2.00200E+00    4.41712E-02    1.65104E-02    4.68640E-01   -1.69561E-02    9.88721E-04    4.75258E-04    2.82698E-03    1.12353E-02
     2.00750E+00    4.38983E-02    1.59787E-02    4.68681E-01   -1.64349E-02    9.75359E-04    4.58934E-04    2.82212E-03    1.11776E-02
     2.01300E+00    4.36343E-02    1.54525E-02    4.68720E-01   -1.59170E-02    9.62471E-04    4.42881E-04    2.81742E-03    1.11213E-02
     2.01850E+00    4.33792E-02    1.49315E-02    4.68759E-01   -1.54023E-02    9.50046E-04    4.27091E-04    2.81290E-03    1.10665E-02
     2.02400E+00    4.31328E-02    1.44156E-02    4.68796E-01   -1.48908E-02    9.38079E-04    4.11557E-04    2.80854E-03    1.10133E-02
     2.02950E+00    4.28952E-02    1.39048E-02    4.68831E-01   -1.43824E-02    9.26562E-04    3.96271E-04    2.80435E-03    1.09615E-02
     2.03500E+00    4.26661E-02    1.33988E-02    4.68865E-01   -1.38771E-02    9.15488E-04    3.81225E-04    2.80032E-03    1.09113E-02
     2.04050E+00    4.24455E-02    1.28977E-02    4.68898E-01   -1.33748E-02    9.04849E-04    3.66414E-04    2.79644E-03    1.08626E-02
     2.04600E+00    4.22333E-02    1.24013E-02    4.68930E-01   -1.28756E-02    8.94640E-04    3.51830E-04    2.79273E-03    1.08154E-02
     2.05150E+00    4.20295E-02    1.19094E-02    4.68960E-01   -1.23794E-02    8.84854E-04    3.37466E-04    2.78916E-03    1.07697E-02
     2.05700E+00    4.18339E-02    1.14220E-02    4.68989E-01   -1.18861E-02    8.75484E-04    3.23315E-04    2.78575E-03    1.07255E-02
     2.06250E+00    4.16465E-02    1.09390E-02    4.69017E-01   -1.13958E-02    8.66526E-04    3.09371E-04    2.78249E-03    1.06829E-02
     2.06800E+00    4.14672E-02    1.04602E-02    4.69044E-01   -1.09083E-02    8.57972E-04    2.95626E-04    2.77938E-03    1.06418E-02
     2.07350E+00    4.12959E-02    9.98564E-03    4.69069E-01   -1.04237E-02    8.49817E-04    2.82076E-04    2.77641E-03    1.06023E-02
     2.07900E+00    4.11326E-02    9.51512E-03    4.69094E-01   -9.94188E-03    8.42057E-04    2.68712E-04    2.77359E-03    1.05643E-02
     2.08450E+00    4.09771E-02    9.04856E-03    4.69117E-01   -9.46285E-03    8.34685E-04    2.55529E-04    2.77091E-03    1.05279E-02
     2.09000E+00    4.08294E-02    8.58586E-03    4.69138E-01   -8.98657E-03    8.27697E-04    2.42521E-04    2.76837E-03    1.04931E-02
     2.09550E+00    4.06895E-02    8.12692E-03    4.69159E-01   -8.51301E-03    8.21087E-04    2.29680E-04    2.76597E-03    1.04598E-02
     2.10100E+00    4.05572E-02    7.67165E-03    4.69179E-01   -8.04212E-03    8.14852E-04    2.17002E-04    2.76370E-03    1.04281E-02
     2.10650E+00    4.04326E-02    7.21996E-03    4.69197E-01   -7.57389E-03    8.08987E-04    2.04481E-04    2.76157E-03    1.03981E-02
     2.11200E+00    4.03155E-02    6.77175E-03    4.69214E-01   -7.10827E-03    8.03487E-04    1.92109E-04    2.75958E-03    1.03696E-02
     2.11750E+00    4.02059E-02    6.32692E-03    4.69231E-01   -6.64524E-03    7.98348E-04    1.79882E-04    2.75772E-03    1.03428E-02
     2.12300E+00    4.01037E-02    5.88538E-03    4.69246E-01   -6.18477E-03    7.93567E-04    1.67794E-04    2.75599E-03    1.03176E-02
     2.12850E+00    4.00089E-02    5.44705E-03    4.69260E-01   -5.72682E-03    7.89139E-04    1.55838E-04    2.75439E-03    1.02940E-02
     2.13400E+00    3.99214E-02    5.01182E-03    4.69272E-01   -5.27136E-03    7.85060E-04    1.44010E-04    2.75292E-03    1.02721E-02
     2.13950E+00    3.98412E-02    4.57962E-03    4.69284E-01   -4.81838E-03    7.81329E-04    1.32303E-04    2.75158E-03    1.02518E-02
     2.14500E+00    3.97682E-02    4.15035E-03    4.69295E-01   -4.36782E-03    7.77940E-04    1.20712E-04    2.75036E-03    1.02333E-02
     2.15050E+00    3.97024E-02    3.72392E-03    4.69305E-01   -3.91968E-03    7.74892E-04    1.09232E-04    2.74927E-03    1.02164E-02
     2.15600E+00    3.96436E-02    3.30026E-03    4.69313E-01   -3.47391E-03    7.72180E-04    9.78563E-05    2.74830E-03    1.02012E-02
     2.16150E+00    3.95920E-02    2.87926E-03    4.69321E-01   -3.03049E-03    7.69803E-04    8.65807E-05    2.74746E-03    1.01878E-02
     2.16700E+00    3.95473E-02    2.46086E-03    4.69328E-01   -2.58939E-03    7.67757E-04    7.53994E-05    2.74674E-03    1.01761E-02
     2.17250E+00    3.95096E-02    2.04496E-03    4.69333E-01   -2.15058E-03    7.66041E-04    6.43072E-05    2.74614E-03    1.01662E-02
     2.17800E+00    3.94789E-02    1.63148E-03    4.69338E-01   -1.71404E-03    7.64651E-04    5.32988E-05    2.74566E-03    1.01580E-02
     2.18350E+00    3.94551E-02    1.22034E-03    4.69341E-01   -1.27974E-03    7.63586E-04    4.23691E-05    2.74530E-03    1.01516E-02
     2.18900E+00    3.94381E-02    8.11453E-04    4.69344E-01   -8.47650E-04    7.62842E-04    3.15127E-05    2.74506E-03    1.01471E-02
     2.19450E+00    3.94280E-02    4.04747E-04    4.69345E-01   -4.17746E-04    7.62420E-04    2.07247E-05    2.74494E-03    1.01443E-02
     2.20000E+00    3.94246E-02    1.38297E-07    4.69346E-01    1.00000E-05    7.62316E-04    1.00000E-05    2.74493E-03    1.01435E-02
