     1.00000E-05    3.45728E+00   -2.25028E-05   -4.89286E-01   -1.23849E-05    0.00000E+00    0.00000E+00    0.00000E+00    0.00000E+00
     9.25998E-03    3.45665E+00    3.13708E-02   -4.89091E-01   -1.14663E-02    0.00000E+00    0.00000E+00    0.00000E+00    0.00000E+00
     1.85100E-02    3.45475E+00    6.26695E-02   -4.88507E-01   -2.29073E-02    0.00000E+00    0.00000E+00    0.00000E+00    0.00000E+00
     2.77599E-02    3.45159E+00    9.38921E-02   -4.87534E-01   -3.43227E-02    0.00000E+00    0.00000E+00    0.00000E+00    0.00000E+00
     3.70099E-02    3.44717E+00    1.25001E-01   -4.86174E-01   -4.56998E-02    0.00000E+00    0.00000E+00    0.00000E+00    0.00000E+00
     4.62599E-02    3.44150E+00    1.55958E-01   -4.84430E-01   -5.70258E-02    0.00000E+00    0.00000E+00    0.00000E+00    0.00000E+00
     5.55098E-02    3.43458E+00    1.86727E-01   -4.82304E-01   -6.82884E-02    0.00000E+00    0.00000E+00    0.00000E+00    0.00000E+00
     6.47598E-02    3.42643E+00    2.17270E-01   -4.79799E-01   -7.94751E-02    0.00000E+00    0.00000E+00    0.00000E+00    0.00000E+00
     7.40098E-02    3.41705E+00    2.47551E-01   -4.76919E-01   -9.05739E-02    0.00000E+00    0.00000E+00    0.00000E+00    0.00000E+00
     8.32598E-02    3.40646E+00    2.77535E-01   -4.73668E-01   -1.01573E-01    0.00000E+00    0.00000E+00    0.00000E+00    0.00000E+00
     9.25098E-02    3.39467E+00    3.07187E-01   -4.70051E-01   -1.12460E-01    0.00000E+00    0.00000E+00    0.00000E+00    0.00000E+00
     1.01760E-01    3.38170E+00    3.36472E-01   -4.66074E-01   -1.23224E-01    0.00000E+00    0.00000E+00    0.00000E+00    0.00000E+00
     1.11010E-01    3.36757E+00    3.65357E-01   -4.61743E-01   -1.33854E-01    0.00000E+00    0.00000E+00    0.00000E+00    0.00000E+00
     1.20260E-01    3.35228E+00    3.93809E-01   -4.57063E-01   -1.44339E-01    0.00000E+00    0.00000E+00    0.00000E+00    0.00000E+00
     1.29510E-01    3.33587E+00    4.21798E-01   -4.52043E-01   -1.54669E-01    0.00000E+00    0.00000E+00    0.00000E+00    0.00000E+00
     1.38760E-01    3.31834E+00    4.49292E-01   -4.46688E-01   -1.64833E-01    0.00000E+00    0.00000E+00    0.00000E+00    0.00000E+00
     1.48010E-01    3.29974E+00    4.76262E-01   -4.41008E-01   -1.74822E-01    0.00000E+00    0.00000E+00    0.00000E+00    0.00000E+00
     1.57260E-01    3.28007E+00    5.02681E-01   -4.35009E-01   -1.84627E-01    0.00000E+00    0.00000E+00    0.00000E+00    0.00000E+00
     1.66510E-01    3.25936E+00    5.28520E-01   -4.28701E-01   -1.94239E-01    0.00000E+00    0.00000E+00    0.00000E+00    0.00000E+00
     1.75760E-01    3.23765E+00    5.53754E-01   -4.22093E-01   -2.03648E-01    0.00000E+00    0.00000E+00    0.00000E+00    0.00000E+00
     1.85010E-01    3.21494E+00    5.78358E-01   -4.15193E-01   -2.12848E-01    0.00000E+00    0.00000E+00    0.00000E+00    0.00000E+00
     1.94259E-01    3.19128E+00    6.02310E-01   -4.08011E-01   -2.21831E-01    0.00000E+00    0.00000E+00    0.00000E+00    0.00000E+00
     2.03509E-01    3.16670E+00    6.25588E-01   -4.00557E-01   -2.30590E-01    0.00000E+00    0.00000E+00    0.00000E+00    0.00000E+00
     2.12759E-01    3.14121E+00    6.48171E-01   -3.92840E-01   -2.39119E-01    0.00000E+00    0.00000E+00    0.00000E+00    0.00000E+00
     2.22009E-01    3.11486E+00    6.70041E-01   -3.84872E-01   -2.47410E-01    0.00000E+00    0.00000E+00    0.00000E+00    0.00000E+00
     2.31259E-01    3.08767E+00    6.91180E-01   -3.76662E-01   -2.55459E-01    0.00000E+00    0.00000E+00    0.00000E+00    0.00000E+00
     2.40509E-01    3.05967E+00    7.11572E-01   -3.68222E-01   -2.63261E-01    0.00000E+00    0.00000E+00    0.00000E+00    0.00000E+00
     2.49759E-01    3.03091E+00    7.31202E-01   -3.59561E-01   -2.70810E-01    0.00000E+00    0.00000E+00    0.00000E+00    0.00000E+00
     2.59009E-01    3.00140E+00    7.50058E-01   -3.50690E-01   -2.78104E-01    0.00000E+00    0.00000E+00    0.00000E+00    0.00000E+00
     2.68259E-01    2.97119E+00    7.68129E-01   -3.41621E-01   -2.85138E-01    0.00000E+00    0.00000E+00    0.00000E+00    0.00000E+00
     2.77509E-01    2.94030E+00    7.85404E-01   -3.32365E-01   -2.91909E-01    0.00000E+00    0.00000E+00    0.00000E+00    0.00000E+00
     2.86759E-01    2.90877E+00    8.01874E-01   -3.22932E-01   -2.98415E-01    0.00000E+00    0.00000E+00    0.00000E+00    0.00000E+00
     2.96009E-01    2.87664E+00    8.17534E-01   -3.13334E-01   -3.04653E-01    0.00000E+00    0.00000E+00    0.00000E+00    0.00000E+00
     3.05259E-01    2.84395E+00    8.32378E-01   -3.03581E-01   -3.10622E-01    0.00000E+00    0.00000E+00    0.00000E+00    0.00000E+00
     3.14509E-01    2.81071E+00    8.46402E-01   -2.93685E-01   -3.16321E-01    0.00000E+00    0.00000E+00    0.00000E+00    0.00000E+00
     3.23759E-01    2.77698E+00    8.59603E-01   -2.83657E-01   -3.21748E-01    0.00000E+00    0.00000E+00    0.00000E+00    0.00000E+00
     3.33009E-01    2.74277E+00    8.71980E-01   -2.73507E-01   -3.26903E-01    0.00000E+00    0.00000E+00    0.00000E+00    0.00000E+00
     3.42259E-01    2.70814E+00    8.83534E-01   -2.63246E-01   -3.31787E-01    0.00000E+00    0.00000E+00    0.00000E+00    0.00000E+00
     3.51509E-01    2.67311E+00    8.94267E-01   -2.52885E-01   -3.36400E-01    0.00000E+00    0.00000E+00    0.00000E+00    0.00000E+00
     3.60759E-01    2.63772E+00    9.04181E-01   -2.42435E-01   -3.40742E-01    0.00000E+00    0.00000E+00    0.00000E+00    0.00000E+00
     3.70009E-01    2.60200E+00    9.13282E-01   -2.31906E-01   -3.44816E-01    0.00000E+00    0.00000E+00    0.00000E+00    0.00000E+00
     3.79259E-01    2.56599E+00    9.21575E-01   -2.21309E-01   -3.48622E-01    0.00000E+00    0.00000E+00    0.00000E+00    0.00000E+00
     3.88509E-01    2.52971E+00    9.29066E-01   -2.10652E-01   -3.52163E-01    0.00000E+00    0.00000E+00    0.00000E+00    0.00000E+00
     3.97759E-01    2.49321E+00    9.35764E-01   -1.99948E-01   -3.55440E-01    0.00000E+00    0.00000E+00    0.00000E+00    0.00000E+00
     4.07009E-01    2.45651E+00    9.41679E-01   -1.89204E-01   -3.58458E-01    0.00000E+00    0.00000E+00    0.00000E+00    0.00000E+00
     4.16259E-01    2.41964E+00    9.46820E-01   -1.78432E-01   -3.61218E-01    0.00000E+00    0.00000E+00    0.00000E+00    0.00000E+00
     4.25509E-01    2.38265E+00    9.51199E-01   -1.67640E-01   -3.63724E-01    0.00000E+00    0.00000E+00    0.00000E+00    0.00000E+00
     4.34759E-01    2.34555E+00    9.54829E-01   -1.56837E-01   -3.65979E-01    0.00000E+00    0.00000E+00    0.00000E+00    0.00000E+00
     4.44009E-01    2.30838E+00    9.57723E-01   -1.46032E-01   -3.67987E-01    0.00000E+00    0.00000E+00    0.00000E+00    0.00000E+00
     4.53259E-01    2.27117E+00    9.59895E-01   -1.35234E-01   -3.69753E-01    0.00000E+00    0.00000E+00    0.00000E+00    0.00000E+00
     4.62509E-01    2.23395E+00    9.61360E-01   -1.24452E-01   -3.71280E-01    0.00000E+00    0.00000E+00    0.00000E+00    0.00000E+00
     4.71759E-01    2.19674E+00    9.62134E-01   -1.13694E-01   -3.72573E-01    0.00000E+00    0.00000E+00    0.00000E+00    0.00000E+00
     4.81009E-01    2.15958E+00    9.62234E-01   -1.02967E-01   -3.73636E-01    0.00000E+00    0.00000E+00    0.00000E+00    0.00000E+00
     4.90259E-01    2.12249E+00    9.61677E-01   -9.22794E-02   -3.74476E-01    0.00000E+00    0.00000E+00    0.00000E+00    0.00000E+00
     4.99509E-01    2.08549E+00    9.60480E-01   -8.16386E-02   -3.75096E-01    0.00000E+00    0.00000E+00    0.00000E+00    0.00000E+00
     5.08759E-01    2.04861E+00    9.58663E-01   -7.10518E-02   -3.75502E-01    0.00000E+00    0.00000E+00    0.00000E+00    0.00000E+00
     5.18009E-01    2.01188E+00    9.56244E-01   -6.05258E-02   -3.75699E-01    0.00000E+00    0.00000E+00    0.00000E+00    0.00000E+00
     5.27259E-01    1.97532E+00    9.53242E-01   -5.00672E-02   -3.75693E-01    0.00000E+00    0.00000E+00    0.00000E+00    0.00000E+00
     5.36509E-01    1.93895E+00    9.49677E-01   -3.96824E-02   -3.75490E-01    0.00000E+00    0.00000E+00    0.00000E+00    0.00000E+00
     5.45759E-01    1.90279E+00    9.45570E-01   -2.93775E-02   -3.75095E-01    0.00000E+00    0.00000E+00    0.00000E+00    0.00000E+00
     5.55009E-01    1.86687E+00    9.40940E-01   -1.91583E-02   -3.74514E-01    0.00000E+00    0.00000E+00    0.00000E+00    0.00000E+00
     5.64258E-01    1.83120E+00    9.35808E-01   -9.03017E-03   -3.73754E-01    0.00000E+00    0.00000E+00    0.00000E+00    0.00000E+00
     5.73508E-01    1.79580E+00    9.30194E-01    1.00157E-03   -3.72819E-01    0.00000E+00    0.00000E+00    0.00000E+00    0.00000E+00
     5.82758E-01    1.76069E+00    9.24120E-01    1.09320E-02   -3.71717E-01    0.00000E+00    0.00000E+00    0.00000E+00    0.00000E+00
     5.92008E-01    1.72589E+00    9.17606E-01    2.07565E-02   -3.70453E-01    0.00000E+00    0.00000E+00    0.00000E+00    0.00000E+00
     6.01258E-01    1.69141E+00    9.10673E-01    3.04706E-02   -3.69033E-01    0.00000E+00    0.00000E+00    0.00000E+00    0.00000E+00
     6.10508E-01    1.65727E+00    9.03343E-01    4.00703E-02   -3.67464E-01    0.00000E+00    0.00000E+00    0.00000E+00    0.00000E+00
     6.19758E-01    1.62348E+00    8.95635E-01    4.95518E-02   -3.65752E-01    0.00000E+00    0.00000E+00    0.00000E+00    0.00000E+00
     6.29008E-01    1.59006E+00    8.87570E-01    5.89116E-02   -3.63903E-01    0.00000E+00    0.00000E+00    0.00000E+00    0.00000E+00
     6.38258E-01    1.55702E+00    8.79169E-01    6.81464E-02   -3.61923E-01    0.00000E+00    0.00000E+00    0.00000E+00    0.00000E+00
     6.47508E-01    1.52436E+00    8.70453E-01    7.72532E-02   -3.59818E-01    0.00000E+00    0.00000E+00    0.00000E+00    0.00000E+00
     6.56758E-01    1.49211E+00    8.61440E-01    8.62294E-02   -3.57594E-01    0.00000E+00    0.00000E+00    0.00000E+00    0.00000E+00
     6.66008E-01    1.46027E+00    8.52151E-01    9.50725E-02   -3.55259E-01    0.00000E+00    0.00000E+00    0.00000E+00    0.00000E+00
     6.75258E-01    1.42885E+00    8.42606E-01    1.03780E-01   -3.52816E-01    0.00000E+00    0.00000E+00    0.00000E+00    0.00000E+00
     6.84508E-01    1.39785E+00    8.32823E-01    1.12351E-01   -3.50273E-01    0.00000E+00    0.00000E+00    0.00000E+00    0.00000E+00
     6.93758E-01    1.36730E+00    8.22821E-01    1.20783E-01   -3.47635E-01    0.00000E+00    0.00000E+00    0.00000E+00    0.00000E+00
     7.03008E-01    1.33718E+00    8.12619E-01    1.29074E-01   -3.44908E-01    0.00000E+00    0.00000E+00    0.00000E+00    0.00000E+00
     7.12258E-01    1.30751E+00    8.02234E-01    1.37224E-01   -3.42098E-01    0.00000E+00    0.00000E+00    0.00000E+00    0.00000E+00
     7.21508E-01    1.27829E+00    7.91684E-01    1.45232E-01   -3.39209E-01    0.00000E+00    0.00000E+00    0.00000E+00    0.00000E+00
     7.30758E-01    1.24953E+00    7.80986E-01    1.53097E-01   -3.36249E-01    0.00000E+00    0.00000E+00    0.00000E+00    0.00000E+00
     7.40008E-01    1.22124E+00    7.70157E-01    1.60818E-01   -3.33221E-01    0.00000E+00    0.00000E+00    0.00000E+00    0.00000E+00
     7.49258E-01    1.19340E+00    7.59212E-01    1.68395E-01   -3.30132E-01    0.00000E+00    0.00000E+00    0.00000E+00    0.00000E+00
     7.58508E-01    1.16603E+00    7.48167E-01    1.75828E-01   -3.26986E-01    0.00000E+00    0.00000E+00    0.00000E+00    0.00000E+00
     7.67758E-01    1.13913E+00    7.37038E-01    1.83117E-01   -3.23788E-01    0.00000E+00    0.00000E+00    0.00000E+00    0.00000E+00
     7.77008E-01    1.11270E+00    7.25838E-01    1.90262E-01   -3.20543E-01    0.00000E+00    0.00000E+00    0.00000E+00    0.00000E+00
     7.86258E-01    1.08673E+00    7.14582E-01    1.97264E-01   -3.17255E-01    0.00000E+00    0.00000E+00    0.00000E+00    0.00000E+00
     7.95508E-01    1.06124E+00    7.03283E-01    2.04123E-01   -3.13930E-01    0.00000E+00    0.00000E+00    0.00000E+00    0.00000E+00
     8.04758E-01    1.03621E+00    6.91955E-01    2.10841E-01   -3.10572E-01    0.00000E+00    0.00000E+00    0.00000E+00    0.00000E+00
     8.14008E-01    1.01165E+00    6.80609E-01    2.17417E-01   -3.07184E-01    0.00000E+00    0.00000E+00    0.00000E+00    0.00000E+00
     8.23258E-01    9.87560E-01    6.69257E-01    2.23854E-01   -3.03770E-01    0.00000E+00    0.00000E+00    0.00000E+00    0.00000E+00
     8.32508E-01    9.63931E-01    6.57912E-01    2.30151E-01   -3.00336E-01    0.00000E+00    0.00000E+00    0.00000E+00    0.00000E+00
     8.41758E-01    9.40763E-01    6.46582E-01    2.36311E-01   -2.96884E-01    0.00000E+00    0.00000E+00    0.00000E+00    0.00000E+00
     8.51008E-01    9.18054E-01    6.35280E-01    2.42335E-01   -2.93418E-01    0.00000E+00    0.00000E+00    0.00000E+00    0.00000E+00
     8.60258E-01    8.95801E-01    6.24015E-01    2.48224E-01   -2.89941E-01    0.00000E+00    0.00000E+00    0.00000E+00    0.00000E+00
     8.69508E-01    8.74000E-01    6.12795E-01    2.53980E-01   -2.86458E-01    0.00000E+00    0.00000E+00    0.00000E+00    0.00000E+00
     8.78758E-01    8.52646E-01    6.01630E-01    2.59605E-01   -2.82970E-01    0.00000E+00    0.00000E+00    0.00000E+00    0.00000E+00
     8.88008E-01    8.31737E-01    5.90527E-01    2.65100E-01   -2.79481E-01    0.00000E+00    0.00000E+00    0.00000E+00    0.00000E+00
     8.97258E-01    8.11267E-01    5.79496E-01    2.70466E-01   -2.75993E-01    0.00000E+00    0.00000E+00    0.00000E+00    0.00000E+00
     9.06508E-01    7.91232E-01    5.68542E-01    2.75707E-01   -2.72510E-01    0.00000E+00    0.00000E+00    0.00000E+00    0.00000E+00
     9.15758E-01    7.71627E-01    5.57673E-01    2.80824E-01   -2.69034E-01    0.00000E+00    0.00000E+00    0.00000E+00    0.00000E+00
     9.25008E-01    7.52447E-01    5.46895E-01    2.85818E-01   -2.65568E-01    0.00000E+00    0.00000E+00    0.00000E+00    0.00000E+00
     9.34257E-01    7.33687E-01    5.36214E-01    2.90692E-01   -2.62113E-01    0.00000E+00    0.00000E+00    0.00000E+00    0.00000E+00
     9.43507E-01    7.15340E-01    5.25635E-01    2.95448E-01   -2.58672E-01    0.00000E+00    0.00000E+00    0.00000E+00    0.00000E+00
     9.52757E-01    6.97402E-01    5.15165E-01    3.00088E-01   -2.55247E-01    0.00000E+00    0.00000E+00    0.00000E+00    0.00000E+00
     9.62007E-01    6.79866E-01    5.04806E-01    3.04614E-01   -2.51839E-01    0.00000E+00    0.00000E+00    0.00000E+00    0.00000E+00
     9.71257E-01    6.62727E-01    4.94564E-01    3.09028E-01   -2.48451E-01    0.00000E+00    0.00000E+00    0.00000E+00    0.00000E+00
     9.80507E-01    6.45978E-01    4.84443E-01    3.13332E-01   -2.45084E-01    0.00000E+00    0.00000E+00    0.00000E+00    0.00000E+00
     9.89757E-01    6.29614E-01    4.74445E-01    3.17528E-01   -2.41740E-01    0.00000E+00    0.00000E+00    0.00000E+00    0.00000E+00
     9.99007E-01    6.13628E-01    4.64576E-01    3.21619E-01   -2.38420E-01    0.00000E+00    0.00000E+00    0.00000E+00    0.00000E+00
     1.00826E+00    5.98014E-01    4.54836E-01    3.25606E-01   -2.35125E-01    0.00000E+00    0.00000E+00    0.00000E+00    0.00000E+00
     1.01751E+00    5.82765E-01    4.45229E-01    3.29492E-01   -2.31857E-01    0.00000E+00    0.00000E+00    0.00000E+00    0.00000E+00
     1.02676E+00    5.67876E-01    4.35757E-01    3.33279E-01   -2.28617E-01    0.00000E+00    0.00000E+00    0.00000E+00    0.00000E+00
     1.03601E+00    5.53340E-01    4.26423E-01    3.36968E-01   -2.25406E-01    0.00000E+00    0.00000E+00    0.00000E+00    0.00000E+00
     1.04526E+00    5.39150E-01    4.17227E-01    3.40563E-01   -2.22225E-01    0.00000E+00    0.00000E+00    0.00000E+00    0.00000E+00
     1.05451E+00    5.25300E-01    4.08172E-01    3.44065E-01   -2.19074E-01    0.00000E+00    0.00000E+00    0.00000E+00    0.00000E+00
     1.06376E+00    5.11784E-01    3.99257E-01    3.47476E-01   -2.15955E-01    0.00000E+00    0.00000E+00    0.00000E+00    0.00000E+00
     1.07301E+00    4.98594E-01    3.90486E-01    3.50798E-01   -2.12867E-01    0.00000E+00    0.00000E+00    0.00000E+00    0.00000E+00
     1.08226E+00    4.85726E-01    3.81857E-01    3.54034E-01   -2.09813E-01    0.00000E+00    0.00000E+00    0.00000E+00    0.00000E+00
     1.09151E+00    4.73172E-01    3.73373E-01    3.57184E-01   -2.06792E-01    0.00000E+00    0.00000E+00    0.00000E+00    0.00000E+00
     1.10076E+00    4.60926E-01    3.65032E-01    3.60252E-01   -2.03804E-01    0.00000E+00    0.00000E+00    0.00000E+00    0.00000E+00
     1.11001E+00    4.48982E-01    3.56835E-01    3.63239E-01   -2.00851E-01    0.00000E+00    0.00000E+00    0.00000E+00    0.00000E+00
     1.11926E+00    4.37333E-01    3.48783E-01    3.66148E-01   -1.97933E-01    0.00000E+00    0.00000E+00    0.00000E+00    0.00000E+00
     1.12851E+00    4.25974E-01    3.40874E-01    3.68979E-01   -1.95049E-01    0.00000E+00    0.00000E+00    0.00000E+00    0.00000E+00
     1.13776E+00    4.14897E-01    3.33109E-01    3.71735E-01   -1.92201E-01    0.00000E+00    0.00000E+00    0.00000E+00    0.00000E+00
     1.14701E+00    4.04098E-01    3.25487E-01    3.74417E-01   -1.89388E-01    0.00000E+00    0.00000E+00    0.00000E+00    0.00000E+00
     1.15626E+00    3.93570E-01    3.18008E-01    3.77029E-01   -1.86610E-01    0.00000E+00    0.00000E+00    0.00000E+00    0.00000E+00
     1.16551E+00    3.83307E-01    3.10670E-01    3.79570E-01   -1.83868E-01    0.00000E+00    0.00000E+00    0.00000E+00    0.00000E+00
     1.17476E+00    3.73303E-01    3.03472E-01    3.82044E-01   -1.81162E-01    0.00000E+00    0.00000E+00    0.00000E+00    0.00000E+00
     1.18401E+00    3.63553E-01    2.96415E-01    3.84451E-01   -1.78492E-01    0.00000E+00    0.00000E+00    0.00000E+00    0.00000E+00
     1.19326E+00    3.54050E-01    2.89495E-01    3.86793E-01   -1.75857E-01    0.00000E+00    0.00000E+00    0.00000E+00    0.00000E+00
     1.20251E+00    3.44789E-01    2.82714E-01    3.89073E-01   -1.73258E-01    0.00000E+00    0.00000E+00    0.00000E+00    0.00000E+00
     1.21176E+00    3.35765E-01    2.76068E-01    3.91291E-01   -1.70695E-01    0.00000E+00    0.00000E+00    0.00000E+00    0.00000E+00
     1.22101E+00    3.26972E-01    2.69557E-01    3.93450E-01   -1.68167E-01    0.00000E+00    0.00000E+00    0.00000E+00    0.00000E+00
     1.23026E+00    3.18404E-01    2.63179E-01    3.95550E-01   -1.65674E-01    0.00000E+00    0.00000E+00    0.00000E+00    0.00000E+00
     1.23951E+00    3.10057E-01    2.56934E-01    3.97593E-01   -1.63217E-01    0.00000E+00    0.00000E+00    0.00000E+00    0.00000E+00
     1.24876E+00    3.01925E-01    2.50818E-01    3.99581E-01   -1.60794E-01    0.00000E+00    0.00000E+00    0.00000E+00    0.00000E+00
     1.25801E+00    2.94003E-01    2.44831E-01    4.01516E-01   -1.58407E-01    0.00000E+00    0.00000E+00    0.00000E+00    0.00000E+00
     1.26726E+00    2.86286E-01    2.38970E-01    4.03398E-01   -1.56054E-01    0.00000E+00    0.00000E+00    0.00000E+00    0.00000E+00
     1.27651E+00    2.78768E-01    2.33235E-01    4.05229E-01   -1.53735E-01    0.00000E+00    0.00000E+00    0.00000E+00    0.00000E+00
     1.28576E+00    2.71447E-01    2.27623E-01    4.07010E-01   -1.51450E-01    0.00000E+00    0.00000E+00    0.00000E+00    0.00000E+00
     1.29501E+00    2.64315E-01    2.22133E-01    4.08743E-01   -1.49200E-01    0.00000E+00    0.00000E+00    0.00000E+00    0.00000E+00
     1.30426E+00    2.57369E-01    2.16763E-01    4.10429E-01   -1.46982E-01    0.00000E+00    0.00000E+00    0.00000E+00    0.00000E+00
     1.31351E+00    2.50605E-01    2.11511E-01    4.12069E-01   -1.44798E-01    0.00000E+00    0.00000E+00    0.00000E+00    0.00000E+00
     1.32276E+00    2.44017E-01    2.06374E-01    4.13664E-01   -1.42647E-01    0.00000E+00    0.00000E+00    0.00000E+00    0.00000E+00
     1.33201E+00    2.37602E-01    2.01352E-01    4.15216E-01   -1.40528E-01    0.00000E+00    0.00000E+00    0.00000E+00    0.00000E+00
     1.34126E+00    2.31354E-01    1.96443E-01    4.16726E-01   -1.38441E-01    0.00000E+00    0.00000E+00    0.00000E+00    0.00000E+00
     1.35051E+00    2.25271E-01    1.91644E-01    4.18195E-01   -1.36386E-01    0.00000E+00    0.00000E+00    0.00000E+00    0.00000E+00
     1.35976E+00    2.19347E-01    1.86953E-01    4.19624E-01   -1.34363E-01    0.00000E+00    0.00000E+00    0.00000E+00    0.00000E+00
     1.36901E+00    2.13579E-01    1.82369E-01    4.21013E-01   -1.32371E-01    0.00000E+00    0.00000E+00    0.00000E+00    0.00000E+00
     1.37826E+00    2.07962E-01    1.77890E-01    4.22365E-01   -1.30409E-01    0.00000E+00    0.00000E+00    0.00000E+00    0.00000E+00
     1.38751E+00    2.02494E-01    1.73514E-01    4.23680E-01   -1.28478E-01    0.00000E+00    0.00000E+00    0.00000E+00    0.00000E+00
     1.39676E+00    1.97169E-01    1.69239E-01    4.24960E-01   -1.26577E-01    0.00000E+00    0.00000E+00    0.00000E+00    0.00000E+00
     1.40601E+00    1.91985E-01    1.65062E-01    4.26204E-01   -1.24705E-01    0.00000E+00    0.00000E+00    0.00000E+00    0.00000E+00
     1.41526E+00    1.86938E-01    1.60983E-01    4.27415E-01   -1.22863E-01    0.00000E+00    0.00000E+00    0.00000E+00    0.00000E+00
     1.42451E+00    1.82024E-01    1.57000E-01    4.28592E-01   -1.21049E-01    0.00000E+00    0.00000E+00    0.00000E+00    0.00000E+00
     1.43376E+00    1.77241E-01    1.53109E-01    4.29738E-01   -1.19264E-01    0.00000E+00    0.00000E+00    0.00000E+00    0.00000E+00
     1.44301E+00    1.72583E-01    1.49311E-01    4.30852E-01   -1.17506E-01    0.00000E+00    0.00000E+00    0.00000E+00    0.00000E+00
     1.45226E+00    1.68049E-01    1.45602E-01    4.31936E-01   -1.15777E-01    0.00000E+00    0.00000E+00    0.00000E+00    0.00000E+00
     1.46151E+00    1.63635E-01    1.41981E-01    4.32990E-01   -1.14074E-01    0.00000E+00    0.00000E+00    0.00000E+00    0.00000E+00
     1.47076E+00    1.59338E-01    1.38446E-01    4.34016E-01   -1.12398E-01    0.00000E+00    0.00000E+00    0.00000E+00    0.00000E+00
     1.48001E+00    1.55154E-01    1.34995E-01    4.35014E-01   -1.10749E-01    0.00000E+00    0.00000E+00    0.00000E+00    0.00000E+00
     1.48926E+00    1.51082E-01    1.31628E-01    4.35985E-01   -1.09126E-01    0.00000E+00    0.00000E+00    0.00000E+00    0.00000E+00
     1.49851E+00    1.47118E-01    1.28341E-01    4.36929E-01   -1.07528E-01    0.00000E+00    0.00000E+00    0.00000E+00    0.00000E+00
     1.50776E+00    1.43258E-01    1.25133E-01    4.37847E-01   -1.05956E-01    0.00000E+00    0.00000E+00    0.00000E+00    0.00000E+00
     1.51701E+00    1.39502E-01    1.22002E-01    4.38741E-01   -1.04409E-01    0.00000E+00    0.00000E+00    0.00000E+00    0.00000E+00
     1.52626E+00    1.35844E-01    1.18948E-01    4.39610E-01   -1.02886E-01    0.00000E+00    0.00000E+00    0.00000E+00    0.00000E+00
     1.53551E+00    1.32284E-01    1.15967E-01    4.40456E-01   -1.01387E-01    0.00000E+00    0.00000E+00    0.00000E+00    0.00000E+00
     1.54476E+00    1.28819E-01    1.13059E-01    4.41279E-01   -9.99117E-02    0.00000E+00    0.00000E+00    0.00000E+00    0.00000E+00
     1.55401E+00    1.25445E-01    1.10222E-01    4.42079E-01   -9.84599E-02    0.00000E+00    0.00000E+00    0.00000E+00    0.00000E+00
     1.56326E+00    1.22161E-01    1.07455E-01    4.42858E-01   -9.70311E-02    0.00000E+00    0.00000E+00    0.00000E+00    0.00000E+00
     1.57251E+00    1.18965E-01    1.04755E-01    4.43615E-01   -9.56248E-02    0.00000E+00    0.00000E+00    0.00000E+00    0.00000E+00
     1.58176E+00    1.15853E-01    1.02121E-01    4.44352E-01   -9.42409E-02    0.00000E+00    0.00000E+00    0.00000E+00    0.00000E+00
     1.59101E+00    1.12824E-01    9.95521E-02    4.45069E-01   -9.28787E-02    0.00000E+00    0.00000E+00    0.00000E+00    0.00000E+00
     1.60026E+00    1.09875E-01    9.70465E-02    4.45767E-01   -9.15381E-02    0.00000E+00    0.00000E+00    0.00000E+00    0.00000E+00
     1.60951E+00    1.07004E-01    9.46027E-02    4.46445E-01   -9.02187E-02    0.00000E+00    0.00000E+00    0.00000E+00    0.00000E+00
     1.61876E+00    1.04210E-01    9.22194E-02    4.47106E-01   -8.89200E-02    0.00000E+00    0.00000E+00    0.00000E+00    0.00000E+00
     1.62801E+00    1.01490E-01    8.98951E-02    4.47748E-01   -8.76418E-02    0.00000E+00    0.00000E+00    0.00000E+00    0.00000E+00
     1.63726E+00    9.88424E-02    8.76284E-02    4.48373E-01   -8.63838E-02    0.00000E+00    0.00000E+00    0.00000E+00    0.00000E+00
     1.64651E+00    9.62649E-02    8.54181E-02    4.48981E-01   -8.51455E-02    0.00000E+00    0.00000E+00    0.00000E+00    0.00000E+00
     1.65576E+00    9.37558E-02    8.32627E-02    4.49573E-01   -8.39267E-02    0.00000E+00    0.00000E+00    0.00000E+00    0.00000E+00
     1.66501E+00    9.13133E-02    8.11610E-02    4.50149E-01   -8.27270E-02    0.00000E+00    0.00000E+00    0.00000E+00    0.00000E+00
     1.67426E+00    8.89356E-02    7.91118E-02    4.50709E-01   -8.15461E-02    0.00000E+00    0.00000E+00    0.00000E+00    0.00000E+00
     1.68351E+00    8.66210E-02    7.71138E-02    4.51254E-01   -8.03837E-02    0.00000E+00    0.00000E+00    0.00000E+00    0.00000E+00
     1.69276E+00    8.43677E-02    7.51657E-02    4.51784E-01   -7.92394E-02    0.00000E+00    0.00000E+00    0.00000E+00    0.00000E+00
     1.70201E+00    8.21742E-02    7.32663E-02    4.52301E-01   -7.81130E-02    0.00000E+00    0.00000E+00    0.00000E+00    0.00000E+00
     1.71126E+00    8.00388E-02    7.14146E-02    4.52803E-01   -7.70042E-02    0.00000E+00    0.00000E+00    0.00000E+00    0.00000E+00
     1.72051E+00    7.79600E-02    6.96094E-02    4.53292E-01   -7.59126E-02    0.00000E+00    0.00000E+00    0.00000E+00    0.00000E+00
     1.72976E+00    7.59363E-02    6.78495E-02    4.53767E-01   -7.48380E-02    0.00000E+00    0.00000E+00    0.00000E+00    0.00000E+00
     1.73901E+00    7.39662E-02    6.61338E-02    4.54230E-01   -7.37800E-02    0.00000E+00    0.00000E+00    0.00000E+00    0.00000E+00
     1.74826E+00    7.20482E-02    6.44613E-02    4.54680E-01   -7.27384E-02    0.00000E+00    0.00000E+00    0.00000E+00    0.00000E+00
     1.75751E+00    7.01809E-02    6.28309E-02    4.55119E-01   -7.17129E-02    0.00000E+00    0.00000E+00    0.00000E+00    0.00000E+00
     1.76676E+00    6.83631E-02    6.12416E-02    4.55545E-01   -7.07032E-02    0.00000E+00    0.00000E+00    0.00000E+00    0.00000E+00
     1.77601E+00    6.65934E-02    5.96924E-02    4.55960E-01   -6.97090E-02    0.00000E+00    0.00000E+00    0.00000E+00    0.00000E+00
     1.78526E+00    6.48704E-02    5.81823E-02    4.56364E-01   -6.87302E-02    0.00000E+00    0.00000E+00    0.00000E+00    0.00000E+00
     1.79451E+00    6.31929E-02    5.67104E-02    4.56757E-01   -6.77663E-02    0.00000E+00    0.00000E+00    0.00000E+00    0.00000E+00
     1.80376E+00    6.15598E-02    5.52756E-02    4.57140E-01   -6.68171E-02    0.00000E+00    0.00000E+00    0.00000E+00    0.00000E+00
     1.81301E+00    5.99697E-02    5.38771E-02    4.57512E-01   -6.58825E-02    0.00000E+00    0.00000E+00    0.00000E+00    0.00000E+00
     1.82226E+00    5.84217E-02    5.25141E-02    4.57875E-01   -6.49621E-02    0.00000E+00    0.00000E+00    0.00000E+00    0.00000E+00
     1.83151E+00    5.69144E-02    5.11855E-02    4.58228E-01   -6.40557E-02    0.00000E+00    0.00000E+00    0.00000E+00    0.00000E+00
     1.84076E+00    5.54469E-02    4.98906E-02    4.58571E-01   -6.31630E-02    0.00000E+00    0.00000E+00    0.00000E+00    0.00000E+00
     1.85001E+00    5.40181E-02    4.86285E-02    4.58905E-01   -6.22839E-02    0.00000E+00    0.00000E+00    0.00000E+00    0.00000E+00
     1.85925E+00    5.26269E-02    4.73984E-02    4.59230E-01   -6.14180E-02    0.00000E+00    0.00000E+00    0.00000E+00    0.00000E+00
     1.86850E+00    5.12724E-02    4.61995E-02    4.59547E-01   -6.05652E-02    0.00000E+00    0.00000E+00    0.00000E+00    0.00000E+00
     1.87775E+00    4.99534E-02    4.50310E-02    4.59855E-01   -5.97252E-02    0.00000E+00    0.00000E+00    0.00000E+00    0.00000E+00
     1.88700E+00    4.86692E-02    4.38922E-02    4.60155E-01   -5.88977E-02    0.00000E+00    0.00000E+00    0.00000E+00    0.00000E+00
     1.89625E+00    4.74188E-02    4.27823E-02    4.60447E-01   -5.80827E-02    0.00000E+00    0.00000E+00    0.00000E+00    0.00000E+00
     1.90550E+00    4.62012E-02    4.17006E-02    4.60731E-01   -5.72798E-02    0.00000E+00    0.00000E+00    0.00000E+00    0.00000E+00
     1.91475E+00    4.50155E-02    4.06464E-02    4.61008E-01   -5.64889E-02    0.00000E+00    0.00000E+00    0.00000E+00    0.00000E+00
     1.92400E+00    4.38611E-02    3.96190E-02    4.61277E-01   -5.57097E-02    0.00000E+00    0.00000E+00    0.00000E+00    0.00000E+00
     1.93325E+00    4.27368E-02    3.86177E-02    4.61540E-01   -5.49420E-02    0.00000E+00    0.00000E+00    0.00000E+00    0.00000E+00
     1.94250E+00    4.16421E-02    3.76418E-02    4.61795E-01   -5.41857E-02    0.00000E+00    0.00000E+00    0.00000E+00    0.00000E+00
     1.95175E+00    4.05761E-02    3.66908E-02    4.62044E-01   -5.34405E-02    0.00000E+00    0.00000E+00    0.00000E+00    0.00000E+00
     1.96100E+00    3.95380E-02    3.57640E-02    4.62285E-01   -5.27062E-02    0.00000E+00    0.00000E+00    0.00000E+00    0.00000E+00
     1.97025E+00    3.85270E-02    3.48607E-02    4.62521E-01   -5.19828E-02    0.00000E+00    0.00000E+00    0.00000E+00    0.00000E+00
     1.97950E+00    3.75426E-02    3.39804E-02    4.62750E-01   -5.12699E-02    0.00000E+00    0.00000E+00    0.00000E+00    0.00000E+00
     1.98875E+00    3.65838E-02    3.31225E-02    4.62974E-01   -5.05673E-02    0.00000E+00    0.00000E+00    0.00000E+00    0.00000E+00
     1.99800E+00    3.56502E-02    3.22864E-02    4.63191E-01   -4.98750E-02    0.00000E+00    0.00000E+00    0.00000E+00    0.00000E+00
     2.00725E+00    3.47409E-02    3.14716E-02    4.63403E-01   -4.91928E-02    0.00000E+00    0.00000E+00    0.00000E+00    0.00000E+00
     2.01650E+00    3.38553E-02    3.06775E-02    4.63609E-01   -4.85204E-02    0.00000E+00    0.00000E+00    0.00000E+00    0.00000E+00
     2.02575E+00    3.29929E-02    2.99037E-02    4.63809E-01   -4.78576E-02    0.00000E+00    0.00000E+00    0.00000E+00    0.00000E+00
     2.03500E+00    3.21530E-02    2.91495E-02    4.64005E-01   -4.72045E-02    0.00000E+00    0.00000E+00    0.00000E+00    0.00000E+00
     2.04425E+00    3.13349E-02    2.84145E-02    4.64195E-01   -4.65606E-02    0.00000E+00    0.00000E+00    0.00000E+00    0.00000E+00
     2.05350E+00    3.05382E-02    2.76982E-02    4.64380E-01   -4.59260E-02    0.00000E+00    0.00000E+00    0.00000E+00    0.00000E+00
     2.06275E+00    2.97622E-02    2.70002E-02    4.64560E-01   -4.53004E-02    0.00000E+00    0.00000E+00    0.00000E+00    0.00000E+00
     2.07200E+00    2.90064E-02    2.63199E-02    4.64736E-01   -4.46837E-02    0.00000E+00    0.00000E+00    0.00000E+00    0.00000E+00
     2.08125E+00    2.82702E-02    2.56569E-02    4.64907E-01   -4.40758E-02    0.00000E+00    0.00000E+00    0.00000E+00    0.00000E+00
     2.09050E+00    2.75532E-02    2.50107E-02    4.65074E-01   -4.34764E-02    0.00000E+00    0.00000E+00    0.00000E+00    0.00000E+00
     2.09975E+00    2.68548E-02    2.43810E-02    4.65236E-01   -4.28855E-02    0.00000E+00    0.00000E+00    0.00000E+00    0.00000E+00
     2.10900E+00    2.61746E-02    2.37674E-02    4.65394E-01   -4.23029E-02    0.00000E+00    0.00000E+00    0.00000E+00    0.00000E+00
     2.11825E+00    2.55120E-02    2.31693E-02    4.65547E-01   -4.17284E-02    0.00000E+00    0.00000E+00    0.00000E+00    0.00000E+00
     2.12750E+00    2.48665E-02    2.25864E-02    4.65697E-01   -4.11620E-02    0.00000E+00    0.00000E+00    0.00000E+00    0.00000E+00
     2.13675E+00    2.42378E-02    2.20183E-02    4.65843E-01   -4.06034E-02    0.00000E+00    0.00000E+00    0.00000E+00    0.00000E+00
     2.14600E+00    2.36254E-02    2.14647E-02    4.65985E-01   -4.00526E-02    0.00000E+00    0.00000E+00    0.00000E+00    0.00000E+00
     2.15525E+00    2.30289E-02    2.09252E-02    4.66123E-01   -3.95094E-02    0.00000E+00    0.00000E+00    0.00000E+00    0.00000E+00
     2.16450E+00    2.24477E-02    2.03993E-02    4.66258E-01   -3.89737E-02    0.00000E+00    0.00000E+00    0.00000E+00    0.00000E+00
     2.17375E+00    2.18817E-02    1.98868E-02    4.66389E-01   -3.84454E-02    0.00000E+00    0.00000E+00    0.00000E+00    0.00000E+00
     2.18300E+00    2.13302E-02    1.93873E-02    4.66517E-01   -3.79243E-02    0.00000E+00    0.00000E+00    0.00000E+00    0.00000E+00
     2.19225E+00    2.07930E-02    1.89005E-02    4.66642E-01   -3.74103E-02    0.00000E+00    0.00000E+00    0.00000E+00    0.00000E+00
     2.20150E+00    2.02696E-02    1.84261E-02    4.66763E-01   -3.69033E-02    0.00000E+00    0.00000E+00    0.00000E+00    0.00000E+00
     2.21075E+00    1.97598E-02    1.79637E-02    4.66881E-01   -3.64033E-02    0.00000E+00    0.00000E+00    0.00000E+00    0.00000E+00
     2.22000E+00    1.92631E-02    1.75130E-02    4.66996E-01   -3.59099E-02    0.00000E+00    0.00000E+00    0.00000E+00    0.00000E+00
     2.22925E+00    1.87792E-02    1.70737E-02    4.67108E-01   -3.54233E-02    0.00000E+00    0.00000E+00    0.00000E+00    0.00000E+00
     2.23850E+00    1.83077E-02    1.66456E-02    4.67217E-01   -3.49432E-02    0.00000E+00    0.00000E+00    0.00000E+00    0.00000E+00
     2.24775E+00    1.78484E-02    1.62283E-02    4.67323E-01   -3.44695E-02    0.00000E+00    0.00000E+00    0.00000E+00    0.00000E+00
     2.25700E+00    1.74010E-02    1.58216E-02    4.67427E-01   -3.40021E-02    0.00000E+00    0.00000E+00    0.00000E+00    0.00000E+00
     2.26625E+00    1.69650E-02    1.54252E-02    4.67528E-01   -3.35410E-02    0.00000E+00    0.00000E+00    0.00000E+00    0.00000E+00
     2.27550E+00    1.65402E-02    1.50389E-02    4.67626E-01   -3.30860E-02    0.00000E+00    0.00000E+00    0.00000E+00    0.00000E+00
     2.28475E+00    1.61264E-02    1.46623E-02    4.67722E-01   -3.26371E-02    0.00000E+00    0.00000E+00    0.00000E+00    0.00000E+00
     2.29400E+00    1.57232E-02    1.42952E-02    4.67815E-01   -3.21940E-02    0.00000E+00    0.00000E+00    0.00000E+00    0.00000E+00
     2.30325E+00    1.53303E-02    1.39375E-02    4.67906E-01   -3.17568E-02    0.00000E+00    0.00000E+00    0.00000E+00    0.00000E+00
     2.31250E+00    1.49475E-02    1.35888E-02    4.67994E-01   -3.13253E-02    0.00000E+00    0.00000E+00    0.00000E+00    0.00000E+00
     2.32175E+00    1.45745E-02    1.32488E-02    4.68080E-01   -3.08994E-02    0.00000E+00    0.00000E+00    0.00000E+00    0.00000E+00
     2.33100E+00    1.42111E-02    1.29175E-02    4.68164E-01   -3.04791E-02    0.00000E+00    0.00000E+00    0.00000E+00    0.00000E+00
     2.34025E+00    1.38569E-02    1.25946E-02    4.68246E-01   -3.00642E-02    0.00000E+00    0.00000E+00    0.00000E+00    0.00000E+00
     2.34950E+00    1.35119E-02    1.22798E-02    4.68326E-01   -2.96547E-02    0.00000E+00    0.00000E+00    0.00000E+00    0.00000E+00
     2.35875E+00    1.31757E-02    1.19729E-02    4.68403E-01   -2.92505E-02    0.00000E+00    0.00000E+00    0.00000E+00    0.00000E+00
     2.36800E+00    1.28480E-02    1.16738E-02    4.68479E-01   -2.88514E-02    0.00000E+00    0.00000E+00    0.00000E+00    0.00000E+00
     2.37725E+00    1.25288E-02    1.13822E-02    4.68553E-01   -2.84575E-02    0.00000E+00    0.00000E+00    0.00000E+00    0.00000E+00
     2.38650E+00    1.22177E-02    1.10980E-02    4.68624E-01   -2.80686E-02    0.00000E+00    0.00000E+00    0.00000E+00    0.00000E+00
     2.39575E+00    1.19145E-02    1.08209E-02    4.68694E-01   -2.76846E-02    0.00000E+00    0.00000E+00    0.00000E+00    0.00000E+00
     2.40500E+00    1.16191E-02    1.05508E-02    4.68762E-01   -2.73055E-02    0.00000E+00    0.00000E+00    0.00000E+00    0.00000E+00
     2.41425E+00    1.13312E-02    1.02875E-02    4.68829E-01   -2.69312E-02    0.00000E+00    0.00000E+00    0.00000E+00    0.00000E+00
     2.42350E+00    1.10507E-02    1.00308E-02    4.68894E-01   -2.65616E-02    0.00000E+00    0.00000E+00    0.00000E+00    0.00000E+00
     2.43275E+00    1.07773E-02    9.78062E-03    4.68957E-01   -2.61966E-02    0.00000E+00    0.00000E+00    0.00000E+00    0.00000E+00
     2.44200E+00    1.05109E-02    9.53668E-03    4.69018E-01   -2.58362E-02    0.00000E+00    0.00000E+00    0.00000E+00    0.00000E+00
     2.45125E+00    1.02513E-02    9.29888E-03    4.69078E-01   -2.54803E-02    0.00000E+00    0.00000E+00    0.00000E+00    0.00000E+00
     2.46050E+00    9.99826E-03    9.06704E-03    4.69136E-01   -2.51288E-02    0.00000E+00    0.00000E+00    0.00000E+00    0.00000E+00
     2.46975E+00    9.75168E-03    8.84102E-03    4.69193E-01   -2.47816E-02    0.00000E+00    0.00000E+00    0.00000E+00    0.00000E+00
     2.47900E+00    9.51138E-03    8.62067E-03    4.69248E-01   -2.44387E-02    0.00000E+00    0.00000E+00    0.00000E+00    0.00000E+00
     2.48825E+00    9.27719E-03    8.40584E-03    4.69302E-01   -2.41000E-02    0.00000E+00    0.00000E+00    0.00000E+00    0.00000E+00
     2.49750E+00    9.04896E-03    8.19640E-03    4.69355E-01   -2.37654E-02    0.00000E+00    0.00000E+00    0.00000E+00    0.00000E+00
     2.50675E+00    8.82652E-03    7.99219E-03    4.69406E-01   -2.34349E-02    0.00000E+00    0.00000E+00    0.00000E+00    0.00000E+00
     2.51600E+00    8.60974E-03    7.79310E-03    4.69456E-01   -2.31085E-02    0.00000E+00    0.00000E+00    0.00000E+00    0.00000E+00
     2.52525E+00    8.39846E-03    7.59899E-03    4.69504E-01   -2.27859E-02    0.00000E+00    0.00000E+00    0.00000E+00    0.00000E+00
     2.53450E+00    8.19255E-03    7.40972E-03    4.69552E-01   -2.24673E-02    0.00000E+00    0.00000E+00    0.00000E+00    0.00000E+00
     2.54375E+00    7.99187E-03    7.22519E-03    4.69598E-01   -2.21525E-02    0.00000E+00    0.00000E+00    0.00000E+00    0.00000E+00
     2.55300E+00    7.79628E-03    7.04526E-03    4.69643E-01   -2.18414E-02    0.00000E+00    0.00000E+00    0.00000E+00    0.00000E+00
     2.56225E+00    7.60565E-03    6.86982E-03    4.69687E-01   -2.15341E-02    0.00000E+00    0.00000E+00    0.00000E+00    0.00000E+00
     2.57150E+00    7.41986E-03    6.69875E-03    4.69730E-01   -2.12303E-02    0.00000E+00    0.00000E+00    0.00000E+00    0.00000E+00
     2.58075E+00    7.23879E-03    6.53194E-03    4.69771E-01   -2.09302E-02    0.00000E+00    0.00000E+00    0.00000E+00    0.00000E+00
     2.59000E+00    7.06230E-03    6.36929E-03    4.69812E-01   -2.06336E-02    0.00000E+00    0.00000E+00    0.00000E+00    0.00000E+00
     2.59925E+00    6.89029E-03    6.21068E-03    4.69851E-01   -2.03405E-02    0.00000E+00    0.00000E+00    0.00000E+00    0.00000E+00
     2.60850E+00    6.72264E-03    6.05602E-03    4.69890E-01   -2.00508E-02    0.00000E+00    0.00000E+00    0.00000E+00    0.00000E+00
     2.61775E+00    6.55923E-03    5.90520E-03    4.69927E-01   -1.97645E-02    0.00000E+00    0.00000E+00    0.00000E+00    0.00000E+00
     2.62700E+00    6.39997E-03    5.75812E-03    4.69964E-01   -1.94815E-02    0.00000E+00    0.00000E+00    0.00000E+00    0.00000E+00
     2.63625E+00    6.24475E-03    5.61470E-03    4.70000E-01   -1.92017E-02    0.00000E+00    0.00000E+00    0.00000E+00    0.00000E+00
     2.64550E+00    6.09346E-03    5.47482E-03    4.70034E-01   -1.89252E-02    0.00000E+00    0.00000E+00    0.00000E+00    0.00000E+00
     2.65475E+00    5.94600E-03    5.33841E-03    4.70068E-01   -1.86519E-02    0.00000E+00    0.00000E+00    0.00000E+00    0.00000E+00
     2.66400E+00    5.80228E-03    5.20538E-03    4.70101E-01   -1.83816E-02    0.00000E+00    0.00000E+00    0.00000E+00    0.00000E+00
     2.67325E+00    5.66219E-03    5.07564E-03    4.70133E-01   -1.81145E-02    0.00000E+00    0.00000E+00    0.00000E+00    0.00000E+00
     2.68250E+00    5.52566E-03    4.94910E-03    4.70165E-01   -1.78503E-02    0.00000E+00    0.00000E+00    0.00000E+00    0.00000E+00
     2.69175E+00    5.39259E-03    4.82569E-03    4.70195E-01   -1.75891E-02    0.00000E+00    0.00000E+00    0.00000E+00    0.00000E+00
     2.70100E+00    5.26289E-03    4.70532E-03    4.70225E-01   -1.73309E-02    0.00000E+00    0.00000E+00    0.00000E+00    0.00000E+00
     2.71025E+00    5.13648E-03    4.58792E-03    4.70254E-01   -1.70755E-02    0.00000E+00    0.00000E+00    0.00000E+00    0.00000E+00
     2.71950E+00    5.01327E-03    4.47341E-03    4.70282E-01   -1.68230E-02    0.00000E+00    0.00000E+00    0.00000E+00    0.00000E+00
     2.72875E+00    4.89319E-03    4.36171E-03    4.70310E-01   -1.65733E-02    0.00000E+00    0.00000E+00    0.00000E+00    0.00000E+00
     2.73800E+00    4.77615E-03    4.25276E-03    4.70336E-01   -1.63263E-02    0.00000E+00    0.00000E+00    0.00000E+00    0.00000E+00
     2.74725E+00    4.66208E-03    4.14648E-03    4.70363E-01   -1.60820E-02    0.00000E+00    0.00000E+00    0.00000E+00    0.00000E+00
     2.75650E+00    4.55090E-03    4.04281E-03    4.70388E-01   -1.58404E-02    0.00000E+00    0.00000E+00    0.00000E+00    0.00000E+00
     2.76575E+00    4.44254E-03    3.94168E-03    4.70413E-01   -1.56015E-02    0.00000E+00    0.00000E+00    0.00000E+00    0.00000E+00
     2.77500E+00    4.33694E-03    3.84302E-03    4.70437E-01   -1.53651E-02    0.00000E+00    0.00000E+00    0.00000E+00    0.00000E+00
     2.78425E+00    4.23402E-03    3.74678E-03    4.70461E-01   -1.51313E-02    0.00000E+00    0.00000E+00    0.00000E+00    0.00000E+00
     2.79350E+00    4.13371E-03    3.65288E-03    4.70484E-01   -1.48999E-02    0.00000E+00    0.00000E+00    0.00000E+00    0.00000E+00
     2.80275E+00    4.03596E-03    3.56128E-03    4.70506E-01   -1.46711E-02    0.00000E+00    0.00000E+00    0.00000E+00    0.00000E+00
     2.81200E+00    3.94069E-03    3.47190E-03    4.70528E-01   -1.44447E-02    0.00000E+00    0.00000E+00    0.00000E+00    0.00000E+00
     2.82125E+00    3.84784E-03    3.38470E-03    4.70549E-01   -1.42207E-02    0.00000E+00    0.00000E+00    0.00000E+00    0.00000E+00
     2.83050E+00    3.75736E-03    3.29962E-03    4.70570E-01   -1.39990E-02    0.00000E+00    0.00000E+00    0.00000E+00    0.00000E+00
     2.83975E+00    3.66919E-03    3.21660E-03    4.70590E-01   -1.37797E-02    0.00000E+00    0.00000E+00    0.00000E+00    0.00000E+00
     2.84900E+00    3.58327E-03    3.13559E-03    4.70609E-01   -1.35627E-02    0.00000E+00    0.00000E+00    0.00000E+00    0.00000E+00
     2.85825E+00    3.49954E-03    3.05655E-03    4.70629E-01   -1.33479E-02    0.00000E+00    0.00000E+00    0.00000E+00    0.00000E+00
     2.86750E+00    3.41794E-03    2.97941E-03    4.70647E-01   -1.31354E-02    0.00000E+00    0.00000E+00    0.00000E+00    0.00000E+00
     2.87675E+00    3.33844E-03    2.90413E-03    4.70665E-01   -1.29250E-02    0.00000E+00    0.00000E+00    0.00000E+00    0.00000E+00
     2.88600E+00    3.26097E-03    2.83067E-03    4.70683E-01   -1.27168E-02    0.00000E+00    0.00000E+00    0.00000E+00    0.00000E+00
     2.89525E+00    3.18548E-03    2.75897E-03    4.70700E-01   -1.25107E-02    0.00000E+00    0.00000E+00    0.00000E+00    0.00000E+00
     2.90450E+00    3.11194E-03    2.68900E-03    4.70717E-01   -1.23067E-02    0.00000E+00    0.00000E+00    0.00000E+00    0.00000E+00
     2.91375E+00    3.04028E-03    2.62070E-03    4.70733E-01   -1.21048E-02    0.00000E+00    0.00000E+00    0.00000E+00    0.00000E+00
     2.92300E+00    2.97046E-03    2.55403E-03    4.70749E-01   -1.19049E-02    0.00000E+00    0.00000E+00    0.00000E+00    0.00000E+00
     2.93225E+00    2.90245E-03    2.48896E-03    4.70765E-01   -1.17070E-02    0.00000E+00    0.00000E+00    0.00000E+00    0.00000E+00
     2.94150E+00    2.83618E-03    2.42543E-03    4.70780E-01   -1.15111E-02    0.00000E+00    0.00000E+00    0.00000E+00    0.00000E+00
     2.95075E+00    2.77163E-03    2.36342E-03    4.70795E-01   -1.13171E-02    0.00000E+00    0.00000E+00    0.00000E+00    0.00000E+00
     2.96000E+00    2.70876E-03    2.30288E-03    4.70809E-01   -1.11250E-02    0.00000E+00    0.00000E+00    0.00000E+00    0.00000E+00
     2.96925E+00    2.64751E-03    2.24377E-03    4.70823E-01   -1.09348E-02    0.00000E+00    0.00000E+00    0.00000E+00    0.00000E+00
     2.97850E+00    2.58785E-03    2.18606E-03    4.70837E-01   -1.07464E-02    0.00000E+00    0.00000E+00    0.00000E+00    0.00000E+00
     2.98775E+00    2.52974E-03    2.12971E-03    4.70850E-01   -1.05599E-02    0.00000E+00    0.00000E+00    0.00000E+00    0.00000E+00
     2.99700E+00    2.47315E-03    2.07469E-03    4.70863E-01   -1.03752E-02    0.00000E+00    0.00000E+00    0.00000E+00    0.00000E+00
     3.00625E+00    2.41804E-03    2.02095E-03    4.70875E-01   -1.01922E-02    0.00000E+00    0.00000E+00    0.00000E+00    0.00000E+00
     3.01550E+00    2.36437E-03    1.96848E-03    4.70887E-01   -1.00110E-02    0.00000E+00    0.00000E+00    0.00000E+00    0.00000E+00
     3.02475E+00    2.31212E-03    1.91723E-03    4.70899E-01   -9.83152E-03    0.00000E+00    0.00000E+00    0.00000E+00    0.00000E+00
     3.03400E+00    2.26123E-03    1.86717E-03    4.70911E-01   -9.65372E-03    0.00000E+00    0.00000E+00    0.00000E+00    0.00000E+00
     3.04325E+00    2.21170E-03    1.81828E-03    4.70922E-01   -9.47758E-03    0.00000E+00    0.00000E+00    0.00000E+00    0.00000E+00
     3.05250E+00    2.16347E-03    1.77051E-03    4.70933E-01   -9.30308E-03    0.00000E+00    0.00000E+00    0.00000E+00    0.00000E+00
     3.06175E+00    2.11652E-03    1.72385E-03    4.70944E-01   -9.13020E-03    0.00000E+00    0.00000E+00    0.00000E+00    0.00000E+00
     3.07100E+00    2.07083E-03    1.67826E-03    4.70954E-01   -8.95892E-03    0.00000E+00    0.00000E+00    0.00000E+00    0.00000E+00
     3.08025E+00    2.02636E-03    1.63372E-03    4.70964E-01   -8.78920E-03    0.00000E+00    0.00000E+00    0.00000E+00    0.00000E+00
     3.08950E+00    1.98308E-03    1.59019E-03    4.70974E-01   -8.62103E-03    0.00000E+00    0.00000E+00    0.00000E+00    0.00000E+00
     3.09875E+00    1.94096E-03    1.54766E-03    4.70984E-01   -8.45438E-03    0.00000E+00    0.00000E+00    0.00000E+00    0.00000E+00
     3.10800E+00    1.89998E-03    1.50609E-03    4.70993E-01   -8.28923E-03    0.00000E+00    0.00000E+00    0.00000E+00    0.00000E+00
     3.11725E+00    1.86012E-03    1.46546E-03    4.71002E-01   -8.12555E-03    0.00000E+00    0.00000E+00    0.00000E+00    0.00000E+00
     3.12650E+00    1.82134E-03    1.42574E-03    4.71011E-01   -7.96333E-03    0.00000E+00    0.00000E+00    0.00000E+00    0.00000E+00
     3.13575E+00    1.78363E-03    1.38691E-03    4.71019E-01   -7.80255E-03    0.00000E+00    0.00000E+00    0.00000E+00    0.00000E+00
     3.14500E+00    1.74695E-03    1.34895E-03    4.71028E-01   -7.64317E-03    0.00000E+00    0.00000E+00    0.00000E+00    0.00000E+00
     3.15425E+00    1.71129E-03    1.31183E-03    4.71036E-01   -7.48519E-03    0.00000E+00    0.00000E+00    0.00000E+00    0.00000E+00
     3.16350E+00    1.67662E-03    1.27554E-03    4.71044E-01   -7.32857E-03    0.00000E+00    0.00000E+00    0.00000E+00    0.00000E+00
     3.17275E+00    1.64292E-03    1.24004E-03    4.71051E-01   -7.17330E-03    0.00000E+00    0.00000E+00    0.00000E+00    0.00000E+00
     3.18200E+00    1.61016E-03    1.20531E-03    4.71059E-01   -7.01936E-03    0.00000E+00    0.00000E+00    0.00000E+00    0.00000E+00
     3.19125E+00    1.57833E-03    1.17135E-03    4.71066E-01   -6.86673E-03    0.00000E+00    0.00000E+00    0.00000E+00    0.00000E+00
     3.20050E+00    1.54741E-03    1.13812E-03    4.71073E-01   -6.71538E-03    0.00000E+00    0.00000E+00    0.00000E+00    0.00000E+00
     3.20975E+00    1.51738E-03    1.10560E-03    4.71080E-01   -6.56530E-03    0.00000E+00    0.00000E+00    0.00000E+00    0.00000E+00
     3.21900E+00    1.48821E-03    1.07378E-03    4.71086E-01   -6.41648E-03    0.00000E+00    0.00000E+00    0.00000E+00    0.00000E+00
     3.22825E+00    1.45989E-03    1.04263E-03    4.71093E-01   -6.26888E-03    0.00000E+00    0.00000E+00    0.00000E+00    0.00000E+00
     3.23750E+00    1.43239E-03    1.01215E-03    4.71099E-01   -6.12249E-03    0.00000E+00    0.00000E+00    0.00000E+00    0.00000E+00
     3.24675E+00    1.40572E-03    9.82302E-04    4.71105E-01   -5.97730E-03    0.00000E+00    0.00000E+00    0.00000E+00    0.00000E+00
     3.25600E+00    1.37983E-03    9.53077E-04    4.71111E-01   -5.83328E-03    0.00000E+00    0.00000E+00    0.00000E+00    0.00000E+00
     3.26525E+00    1.35473E-03    9.24456E-04    4.71116E-01   -5.69042E-03    0.00000E+00    0.00000E+00    0.00000E+00    0.00000E+00
     3.27450E+00    1.33038E-03    8.96422E-04    4.71122E-01   -5.54870E-03    0.00000E+00    0.00000E+00    0.00000E+00    0.00000E+00
     3.28375E+00    1.30678E-03    8.68959E-04    4.71127E-01   -5.40810E-03    0.00000E+00    0.00000E+00    0.00000E+00    0.00000E+00
     3.29300E+00    1.28392E-03    8.42050E-04    4.71132E-01   -5.26861E-03    0.00000E+00    0.00000E+00    0.00000E+00    0.00000E+00
     3.30225E+00    1.26176E-03    8.15680E-04    4.71137E-01   -5.13020E-03    0.00000E+00    0.00000E+00    0.00000E+00    0.00000E+00
     3.31150E+00    1.24031E-03    7.89832E-04    4.71142E-01   -4.99287E-03    0.00000E+00    0.00000E+00    0.00000E+00    0.00000E+00
     3.32075E+00    1.21955E-03    7.64492E-04    4.71147E-01   -4.85659E-03    0.00000E+00    0.00000E+00    0.00000E+00    0.00000E+00
     3.33000E+00    1.19946E-03    7.39645E-04    4.71151E-01   -4.72135E-03    0.00000E+00    0.00000E+00    0.00000E+00    0.00000E+00
     3.33925E+00    1.18003E-03    7.15276E-04    4.71156E-01   -4.58713E-03    0.00000E+00    0.00000E+00    0.00000E+00    0.00000E+00
     3.34850E+00    1.16125E-03    6.91371E-04    4.71160E-01   -4.45391E-03    0.00000E+00    0.00000E+00    0.00000E+00    0.00000E+00
     3.35775E+00    1.14310E-03    6.67916E-04    4.71164E-01   -4.32169E-03    0.00000E+00    0.00000E+00    0.00000E+00    0.00000E+00
     3.36700E+00    1.12558E-03    6.44897E-04    4.71168E-01   -4.19044E-03    0.00000E+00    0.00000E+00    0.00000E+00    0.00000E+00
     3.37625E+00    1.10866E-03    6.22302E-04    4.71172E-01   -4.06015E-03    0.00000E+00    0.00000E+00    0.00000E+00    0.00000E+00
     3.38550E+00    1.09235E-03    6.00116E-04    4.71175E-01   -3.93081E-03    0.00000E+00    0.00000E+00    0.00000E+00    0.00000E+00
     3.39475E+00    1.07662E-03    5.78328E-04    4.71179E-01   -3.80240E-03    0.00000E+00    0.00000E+00    0.00000E+00    0.00000E+00
     3.40400E+00    1.06148E-03    5.56924E-04    4.71182E-01   -3.67490E-03    0.00000E+00    0.00000E+00    0.00000E+00    0.00000E+00
     3.41325E+00    1.04690E-03    5.35893E-04    4.71185E-01   -3.54831E-03    0.00000E+00    0.00000E+00    0.00000E+00    0.00000E+00
     3.42250E+00    1.03288E-03    5.15223E-04    4.71188E-01   -3.42260E-03    0.00000E+00    0.00000E+00    0.00000E+00    0.00000E+00
     3.43175E+00    1.01941E-03    4.94901E-04    4.71191E-01   -3.29776E-03    0.00000E+00    0.00000E+00    0.00000E+00    0.00000E+00
     3.44100E+00    1.00647E-03    4.74916E-04    4.71194E-01   -3.17379E-03    0.00000E+00    0.00000E+00    0.00000E+00    0.00000E+00
     3.45025E+00    9.94069E-04    4.55257E-04    4.71197E-01   -3.05066E-03    0.00000E+00    0.00000E+00    0.00000E+00    0.00000E+00
     3.45950E+00    9.82187E-04    4.35913E-04    4.71200E-01   -2.92836E-03    0.00000E+00    0.00000E+00    0.00000E+00    0.00000E+00
     3.46875E+00    9.70818E-04    4.16873E-04    4.71202E-01   -2.80688E-03    0.00000E+00    0.00000E+00    0.00000E+00    0.00000E+00
     3.47800E+00    9.59954E-04    3.98126E-04    4.71205E-01   -2.68620E-03    0.00000E+00    0.00000E+00    0.00000E+00    0.00000E+00
     3.48725E+00    9.49587E-04    3.79662E-04    4.71207E-01   -2.56632E-03    0.00000E+00    0.00000E+00    0.00000E+00    0.00000E+00
     3.49650E+00    9.39710E-04    3.61470E-04    4.71209E-01   -2.44722E-03    0.00000E+00    0.00000E+00    0.00000E+00    0.00000E+00
     3.50575E+00    9.30314E-04    3.43541E-04    4.71211E-01   -2.32888E-03    0.00000E+00    0.00000E+00    0.00000E+00    0.00000E+00
     3.51500E+00    9.21395E-04    3.25865E-04    4.71213E-01   -2.21130E-03    0.00000E+00    0.00000E+00    0.00000E+00    0.00000E+00
     3.52425E+00    9.12943E-04    3.08431E-04    4.71215E-01   -2.09445E-03    0.00000E+00    0.00000E+00    0.00000E+00    0.00000E+00
     3.53350E+00    9.04954E-04    2.91231E-04    4.71217E-01   -1.97834E-03    0.00000E+00    0.00000E+00    0.00000E+00    0.00000E+00
     3.54275E+00    8.97421E-04    2.74255E-04    4.71218E-01   -1.86295E-03    0.00000E+00    0.00000E+00    0.00000E+00    0.00000E+00
     3.55200E+00    8.90338E-04    2.57493E-04    4.71220E-01   -1.74826E-03    0.00000E+00    0.00000E+00    0.00000E+00    0.00000E+00
     3.56125E+00    8.83699E-04    2.40937E-04    4.71221E-01   -1.63426E-03    0.00000E+00    0.00000E+00    0.00000E+00    0.00000E+00
     3.57050E+00    8.77500E-04    2.24578E-04    4.71223E-01   -1.52095E-03    0.00000E+00    0.00000E+00    0.00000E+00    0.00000E+00
     3.57975E+00    8.71734E-04    2.08407E-04    4.71224E-01   -1.40831E-03    0.00000E+00    0.00000E+00    0.00000E+00    0.00000E+00
     3.58900E+00    8.66396E-04    1.92415E-04    4.71225E-01   -1.29633E-03    0.00000E+00    0.00000E+00    0.00000E+00    0.00000E+00
     3.59825E+00    8.61483E-04    1.76594E-04    4.71226E-01   -1.18499E-03    0.00000E+00    0.00000E+00    0.00000E+00    0.00000E+00
     3.60750E+00    8.56990E-04    1.60935E-04    4.71227E-01   -1.07429E-03    0.00000E+00    0.00000E+00    0.00000E+00    0.00000E+00
     3.61675E+00    8.52912E-04    1.45431E-04    4.71228E-01   -9.64222E-04    0.00000E+00    0.00000E+00    0.00000E+00    0.00000E+00
     3.62600E+00    8.49245E-04    1.30072E-04    4.71229E-01   -8.54765E-04    0.00000E+00    0.00000E+00    0.00000E+00    0.00000E+00
     3.63525E+00    8.45985E-04    1.14852E-04    4.71229E-01   -7.45913E-04    0.00000E+00    0.00000E+00    0.00000E+00    0.00000E+00
     3.64450E+00    8.43130E-04    9.97620E-05    4.71230E-01   -6.37655E-04    0.00000E+00    0.00000E+00    0.00000E+00    0.00000E+00
     3.65375E+00    8.40675E-04    8.47942E-05    4.71231E-01   -5.29980E-04    0.00000E+00    0.00000E+00    0.00000E+00    0.00000E+00
     3.66300E+00    8.38617E-04    6.99411E-05    4.71231E-01   -4.22878E-04    0.00000E+00    0.00000E+00    0.00000E+00    0.00000E+00
     3.67225E+00    8.36953E-04    5.51950E-05    4.71231E-01   -3.16339E-04    0.00000E+00    0.00000E+00    0.00000E+00    0.00000E+00
     3.68150E+00    8.35681E-04    4.05485E-05    4.71231E-01   -2.10353E-04    0.00000E+00    0.00000E+00    0.00000E+00    0.00000E+00
     3.69075E+00    8.34798E-04    2.59940E-05    4.71232E-01   -1.04910E-04    0.00000E+00    0.00000E+00    0.00000E+00    0.00000E+00
     3.70000E+00    8.34302E-04    1.15243E-05    4.71232E-01   -3.74453E-45    0.00000E+00    0.00000E+00    0.00000E+00    0.00000E+00
