     1.00000E-05    3.77196E+00    1.25732E-05   -5.18784E-01   -1.38990E-05    4.31645E-01    4.58043E-06    2.99584E-01    5.65914E-11
     6.00997E-03    3.77164E+00    2.31284E-02   -5.18690E-01   -8.35257E-03    4.31604E-01    2.75245E-03    2.99546E-01    2.04382E-05
     1.20100E-02    3.77066E+00    4.62052E-02   -5.18406E-01   -1.66871E-02    4.31482E-01    5.49810E-03    2.99432E-01    8.15888E-05
     1.80099E-02    3.76904E+00    6.92559E-02   -5.17934E-01   -2.50133E-02    4.31277E-01    8.23931E-03    2.99241E-01    1.83369E-04
     2.40099E-02    3.76677E+00    9.22676E-02   -5.17274E-01   -3.33272E-02    4.30992E-01    1.09739E-02    2.98975E-01    3.25639E-04
     3.00099E-02    3.76385E+00    1.15227E-01   -5.16425E-01   -4.16245E-02    4.30625E-01    1.36996E-02    2.98634E-01    5.08207E-04
     3.60098E-02    3.76029E+00    1.38122E-01   -5.15390E-01   -4.99012E-02    4.30177E-01    1.64143E-02    2.98217E-01    7.30824E-04
     4.20098E-02    3.75609E+00    1.60939E-01   -5.14168E-01   -5.81532E-02    4.29649E-01    1.91158E-02    2.97725E-01    9.93188E-04
     4.80098E-02    3.75125E+00    1.83665E-01   -5.12760E-01   -6.63765E-02    4.29040E-01    2.18020E-02    2.97159E-01    1.29494E-03
     5.40098E-02    3.74578E+00    2.06288E-01   -5.11168E-01   -7.45670E-02    4.28351E-01    2.44707E-02    2.96519E-01    1.63568E-03
     6.00098E-02    3.73967E+00    2.28796E-01   -5.09392E-01   -8.27208E-02    4.27582E-01    2.71199E-02    2.95806E-01    2.01495E-03
     6.60097E-02    3.73293E+00    2.51175E-01   -5.07433E-01   -9.08340E-02    4.26734E-01    2.97475E-02    2.95019E-01    2.43222E-03
     7.20097E-02    3.72556E+00    2.73414E-01   -5.05294E-01   -9.89026E-02    4.25808E-01    3.23516E-02    2.94161E-01    2.88695E-03
     7.80097E-02    3.71758E+00    2.95501E-01   -5.02974E-01   -1.06923E-01    4.24803E-01    3.49300E-02    2.93232E-01    3.37853E-03
     8.40096E-02    3.70898E+00    3.17423E-01   -5.00477E-01   -1.14891E-01    4.23722E-01    3.74809E-02    2.92232E-01    3.90629E-03
     9.00096E-02    3.69976E+00    3.39168E-01   -4.97803E-01   -1.22803E-01    4.22563E-01    4.00025E-02    2.91163E-01    4.46954E-03
     9.60096E-02    3.68995E+00    3.60726E-01   -4.94954E-01   -1.30656E-01    4.21329E-01    4.24928E-02    2.90026E-01    5.06752E-03
     1.02010E-01    3.67953E+00    3.82084E-01   -4.91933E-01   -1.38445E-01    4.20019E-01    4.49500E-02    2.88820E-01    5.69946E-03
     1.08010E-01    3.66852E+00    4.03232E-01   -4.88741E-01   -1.46168E-01    4.18635E-01    4.73725E-02    2.87549E-01    6.36451E-03
     1.14010E-01    3.65692E+00    4.24158E-01   -4.85380E-01   -1.53820E-01    4.17177E-01    4.97585E-02    2.86211E-01    7.06180E-03
     1.20009E-01    3.64475E+00    4.44852E-01   -4.81853E-01   -1.61399E-01    4.15646E-01    5.21064E-02    2.84810E-01    7.79043E-03
     1.26009E-01    3.63200E+00    4.65302E-01   -4.78161E-01   -1.68901E-01    4.14044E-01    5.44146E-02    2.83346E-01    8.54945E-03
     1.32009E-01    3.61868E+00    4.85500E-01   -4.74308E-01   -1.76323E-01    4.12371E-01    5.66817E-02    2.81820E-01    9.33789E-03
     1.38009E-01    3.60481E+00    5.05435E-01   -4.70295E-01   -1.83662E-01    4.10628E-01    5.89062E-02    2.80233E-01    1.01547E-02
     1.44009E-01    3.59039E+00    5.25096E-01   -4.66126E-01   -1.90914E-01    4.08817E-01    6.10867E-02    2.78587E-01    1.09989E-02
     1.50009E-01    3.57543E+00    5.44476E-01   -4.61803E-01   -1.98077E-01    4.06937E-01    6.32220E-02    2.76884E-01    1.18694E-02
     1.56009E-01    3.55994E+00    5.63563E-01   -4.57328E-01   -2.05148E-01    4.04992E-01    6.53107E-02    2.75124E-01    1.27650E-02
     1.62009E-01    3.54392E+00    5.82350E-01   -4.52705E-01   -2.12123E-01    4.02981E-01    6.73517E-02    2.73310E-01    1.36848E-02
     1.68009E-01    3.52739E+00    6.00828E-01   -4.47936E-01   -2.19001E-01    4.00905E-01    6.93439E-02    2.71442E-01    1.46274E-02
     1.74009E-01    3.51035E+00    6.18989E-01   -4.43025E-01   -2.25779E-01    3.98767E-01    7.12862E-02    2.69522E-01    1.55918E-02
     1.80009E-01    3.49282E+00    6.36824E-01   -4.37974E-01   -2.32453E-01    3.96567E-01    7.31778E-02    2.67552E-01    1.65768E-02
     1.86009E-01    3.47481E+00    6.54327E-01   -4.32786E-01   -2.39023E-01    3.94307E-01    7.50176E-02    2.65533E-01    1.75811E-02
     1.92009E-01    3.45631E+00    6.71489E-01   -4.27465E-01   -2.45485E-01    3.91988E-01    7.68050E-02    2.63468E-01    1.86036E-02
     1.98009E-01    3.43736E+00    6.88303E-01   -4.22013E-01   -2.51837E-01    3.89611E-01    7.85390E-02    2.61356E-01    1.96430E-02
     2.04009E-01    3.41795E+00    7.04764E-01   -4.16435E-01   -2.58077E-01    3.87177E-01    8.02192E-02    2.59201E-01    2.06982E-02
     2.10009E-01    3.39810E+00    7.20864E-01   -4.10733E-01   -2.64203E-01    3.84689E-01    8.18448E-02    2.57004E-01    2.17678E-02
     2.16009E-01    3.37781E+00    7.36598E-01   -4.04911E-01   -2.70213E-01    3.82147E-01    8.34154E-02    2.54766E-01    2.28506E-02
     2.22009E-01    3.35710E+00    7.51960E-01   -3.98972E-01   -2.76106E-01    3.79553E-01    8.49304E-02    2.52489E-01    2.39454E-02
     2.28009E-01    3.33598E+00    7.66944E-01   -3.92919E-01   -2.81880E-01    3.76909E-01    8.63895E-02    2.50176E-01    2.50509E-02
     2.34009E-01    3.31447E+00    7.81547E-01   -3.86756E-01   -2.87532E-01    3.74215E-01    8.77923E-02    2.47827E-01    2.61658E-02
     2.40009E-01    3.29256E+00    7.95762E-01   -3.80487E-01   -2.93062E-01    3.71473E-01    8.91386E-02    2.45444E-01    2.72890E-02
     2.46009E-01    3.27028E+00    8.09587E-01   -3.74115E-01   -2.98469E-01    3.68686E-01    9.04283E-02    2.43029E-01    2.84192E-02
     2.52009E-01    3.24764E+00    8.23016E-01   -3.67643E-01   -3.03750E-01    3.65854E-01    9.16612E-02    2.40584E-01    2.95551E-02
     2.58009E-01    3.22464E+00    8.36047E-01   -3.61075E-01   -3.08905E-01    3.62979E-01    9.28371E-02    2.38111E-01    3.06955E-02
     2.64009E-01    3.20130E+00    8.48677E-01   -3.54414E-01   -3.13932E-01    3.60062E-01    9.39563E-02    2.35610E-01    3.18392E-02
     2.70009E-01    3.17763E+00    8.60901E-01   -3.47665E-01   -3.18832E-01    3.57105E-01    9.50186E-02    2.33085E-01    3.29850E-02
     2.76009E-01    3.15365E+00    8.72719E-01   -3.40831E-01   -3.23602E-01    3.54110E-01    9.60243E-02    2.30536E-01    3.41318E-02
     2.82009E-01    3.12936E+00    8.84128E-01   -3.33915E-01   -3.28242E-01    3.51078E-01    9.69735E-02    2.27965E-01    3.52782E-02
     2.88009E-01    3.10478E+00    8.95126E-01   -3.26920E-01   -3.32751E-01    3.48011E-01    9.78665E-02    2.25375E-01    3.64233E-02
     2.94009E-01    3.07992E+00    9.05711E-01   -3.19852E-01   -3.37129E-01    3.44910E-01    9.87036E-02    2.22766E-01    3.75657E-02
     3.00009E-01    3.05479E+00    9.15883E-01   -3.12712E-01   -3.41376E-01    3.41778E-01    9.94852E-02    2.20140E-01    3.87045E-02
     3.06009E-01    3.02940E+00    9.25641E-01   -3.05505E-01   -3.45490E-01    3.38615E-01    1.00212E-01    2.17499E-01    3.98385E-02
     3.12009E-01    3.00377E+00    9.34984E-01   -2.98235E-01   -3.49472E-01    3.35423E-01    1.00883E-01    2.14845E-01    4.09667E-02
     3.18009E-01    2.97791E+00    9.43913E-01   -2.90904E-01   -3.53321E-01    3.32204E-01    1.01501E-01    2.12179E-01    4.20879E-02
     3.24009E-01    2.95183E+00    9.52427E-01   -2.83517E-01   -3.57037E-01    3.28959E-01    1.02065E-01    2.09503E-01    4.32013E-02
     3.30009E-01    2.92555E+00    9.60527E-01   -2.76076E-01   -3.60621E-01    3.25690E-01    1.02576E-01    2.06818E-01    4.43056E-02
     3.36009E-01    2.89906E+00    9.68214E-01   -2.68586E-01   -3.64072E-01    3.22398E-01    1.03034E-01    2.04126E-01    4.54001E-02
     3.42009E-01    2.87240E+00    9.75490E-01   -2.61050E-01   -3.67390E-01    3.19086E-01    1.03441E-01    2.01428E-01    4.64838E-02
     3.48009E-01    2.84556E+00    9.82355E-01   -2.53472E-01   -3.70575E-01    3.15755E-01    1.03797E-01    1.98726E-01    4.75557E-02
     3.54009E-01    2.81857E+00    9.88812E-01   -2.45854E-01   -3.73629E-01    3.12405E-01    1.04103E-01    1.96022E-01    4.86149E-02
     3.60009E-01    2.79142E+00    9.94862E-01   -2.38201E-01   -3.76551E-01    3.09040E-01    1.04359E-01    1.93316E-01    4.96606E-02
     3.66008E-01    2.76414E+00    1.00051E+00   -2.30515E-01   -3.79342E-01    3.05659E-01    1.04566E-01    1.90611E-01    5.06921E-02
     3.72008E-01    2.73674E+00    1.00575E+00   -2.22801E-01   -3.82001E-01    3.02266E-01    1.04726E-01    1.87906E-01    5.17084E-02
     3.78008E-01    2.70923E+00    1.01060E+00   -2.15060E-01   -3.84531E-01    2.98861E-01    1.04839E-01    1.85205E-01    5.27088E-02
     3.84008E-01    2.68162E+00    1.01505E+00   -2.07298E-01   -3.86932E-01    2.95446E-01    1.04906E-01    1.82508E-01    5.36926E-02
     3.90008E-01    2.65391E+00    1.01911E+00   -1.99516E-01   -3.89203E-01    2.92022E-01    1.04928E-01    1.79817E-01    5.46591E-02
     3.96008E-01    2.62613E+00    1.02278E+00   -1.91719E-01   -3.91347E-01    2.88591E-01    1.04906E-01    1.77132E-01    5.56077E-02
     4.02008E-01    2.59828E+00    1.02607E+00   -1.83909E-01   -3.93364E-01    2.85154E-01    1.04841E-01    1.74455E-01    5.65377E-02
     4.08008E-01    2.57038E+00    1.02898E+00   -1.76089E-01   -3.95255E-01    2.81712E-01    1.04734E-01    1.71787E-01    5.74486E-02
     4.14008E-01    2.54243E+00    1.03151E+00   -1.68263E-01   -3.97021E-01    2.78268E-01    1.04585E-01    1.69129E-01    5.83397E-02
     4.20008E-01    2.51445E+00    1.03368E+00   -1.60433E-01   -3.98663E-01    2.74823E-01    1.04397E-01    1.66483E-01    5.92105E-02
     4.26008E-01    2.48645E+00    1.03547E+00   -1.52603E-01   -4.00182E-01    2.71377E-01    1.04170E-01    1.63849E-01    6.00606E-02
     4.32008E-01    2.45843E+00    1.03691E+00   -1.44776E-01   -4.01580E-01    2.67932E-01    1.03904E-01    1.61229E-01    6.08895E-02
     4.38008E-01    2.43041E+00    1.03799E+00   -1.36954E-01   -4.02858E-01    2.64489E-01    1.03602E-01    1.58623E-01    6.16967E-02
     4.44008E-01    2.40240E+00    1.03872E+00   -1.29141E-01   -4.04016E-01    2.61051E-01    1.03263E-01    1.56032E-01    6.24819E-02
     4.50008E-01    2.37441E+00    1.03911E+00   -1.21339E-01   -4.05057E-01    2.57617E-01    1.02890E-01    1.53458E-01    6.32448E-02
     4.56008E-01    2.34644E+00    1.03915E+00   -1.13550E-01   -4.05982E-01    2.54190E-01    1.02484E-01    1.50901E-01    6.39849E-02
     4.62008E-01    2.31851E+00    1.03887E+00   -1.05779E-01   -4.06792E-01    2.50770E-01    1.02044E-01    1.48363E-01    6.47021E-02
     4.68008E-01    2.29062E+00    1.03826E+00   -9.80261E-02   -4.07488E-01    2.47358E-01    1.01573E-01    1.45843E-01    6.53959E-02
     4.74008E-01    2.26279E+00    1.03732E+00   -9.02955E-02   -4.08074E-01    2.43957E-01    1.01071E-01    1.43342E-01    6.60663E-02
     4.80008E-01    2.23503E+00    1.03608E+00   -8.25894E-02   -4.08549E-01    2.40566E-01    1.00541E-01    1.40863E-01    6.67130E-02
     4.86008E-01    2.20734E+00    1.03452E+00   -7.49102E-02   -4.08915E-01    2.37188E-01    9.99812E-02    1.38404E-01    6.73359E-02
     4.92008E-01    2.17972E+00    1.03267E+00   -6.72603E-02   -4.09175E-01    2.33822E-01    9.93946E-02    1.35967E-01    6.79347E-02
     4.98008E-01    2.15220E+00    1.03052E+00   -5.96421E-02   -4.09330E-01    2.30471E-01    9.87818E-02    1.33553E-01    6.85094E-02
     5.04008E-01    2.12478E+00    1.02808E+00   -5.20580E-02   -4.09381E-01    2.27135E-01    9.81439E-02    1.31162E-01    6.90600E-02
     5.10008E-01    2.09746E+00    1.02537E+00   -4.45101E-02   -4.09331E-01    2.23815E-01    9.74818E-02    1.28794E-01    6.95863E-02
     5.16008E-01    2.07026E+00    1.02237E+00   -3.70007E-02   -4.09182E-01    2.20512E-01    9.67967E-02    1.26451E-01    7.00883E-02
     5.22008E-01    2.04318E+00    1.01912E+00   -2.95319E-02   -4.08934E-01    2.17227E-01    9.60896E-02    1.24132E-01    7.05661E-02
     5.28008E-01    2.01623E+00    1.01560E+00   -2.21057E-02   -4.08591E-01    2.13961E-01    9.53614E-02    1.21838E-01    7.10196E-02
     5.34008E-01    1.98941E+00    1.01183E+00   -1.47241E-02   -4.08154E-01    2.10715E-01    9.46132E-02    1.19570E-01    7.14489E-02
     5.40008E-01    1.96273E+00    1.00781E+00   -7.38916E-03   -4.07625E-01    2.07490E-01    9.38461E-02    1.17328E-01    7.18542E-02
     5.46008E-01    1.93620E+00    1.00356E+00   -1.02647E-04   -4.07005E-01    2.04286E-01    9.30609E-02    1.15113E-01    7.22354E-02
     5.52008E-01    1.90983E+00    9.99077E-01    7.13360E-03   -4.06298E-01    2.01104E-01    9.22587E-02    1.12924E-01    7.25927E-02
     5.58008E-01    1.88362E+00    9.94369E-01    1.43179E-02   -4.05504E-01    1.97945E-01    9.14403E-02    1.10762E-01    7.29263E-02
     5.64008E-01    1.85758E+00    9.89445E-01    2.14484E-02   -4.04626E-01    1.94810E-01    9.06069E-02    1.08627E-01    7.32362E-02
     5.70008E-01    1.83171E+00    9.84311E-01    2.85237E-02   -4.03666E-01    1.91699E-01    8.97592E-02    1.06520E-01    7.35228E-02
     5.76008E-01    1.80601E+00    9.78975E-01    3.55422E-02   -4.02626E-01    1.88613E-01    8.88982E-02    1.04441E-01    7.37862E-02
     5.82008E-01    1.78050E+00    9.73445E-01    4.25024E-02   -4.01508E-01    1.85553E-01    8.80247E-02    1.02390E-01    7.40266E-02
     5.88008E-01    1.75518E+00    9.67726E-01    4.94029E-02   -4.00314E-01    1.82519E-01    8.71398E-02    1.00367E-01    7.42442E-02
     5.94008E-01    1.73005E+00    9.61828E-01    5.62423E-02   -3.99046E-01    1.79511E-01    8.62441E-02    9.83723E-02    7.44394E-02
     6.00008E-01    1.70512E+00    9.55756E-01    6.30194E-02   -3.97707E-01    1.76531E-01    8.53385E-02    9.64060E-02    7.46123E-02
     6.06007E-01    1.68040E+00    9.49517E-01    6.97330E-02   -3.96298E-01    1.73579E-01    8.44240E-02    9.44682E-02    7.47633E-02
     6.12007E-01    1.65587E+00    9.43119E-01    7.63819E-02   -3.94821E-01    1.70655E-01    8.35012E-02    9.25590E-02    7.48927E-02
     6.18007E-01    1.63156E+00    9.36569E-01    8.29651E-02   -3.93278E-01    1.67760E-01    8.25709E-02    9.06785E-02    7.50008E-02
     6.24007E-01    1.60746E+00    9.29874E-01    8.94815E-02   -3.91672E-01    1.64894E-01    8.16340E-02    8.88266E-02    7.50878E-02
     6.30007E-01    1.58358E+00    9.23040E-01    9.59302E-02   -3.90005E-01    1.62058E-01    8.06911E-02    8.70034E-02    7.51542E-02
     6.36007E-01    1.55992E+00    9.16074E-01    1.02310E-01   -3.88278E-01    1.59251E-01    7.97430E-02    8.52088E-02    7.52003E-02
     6.42007E-01    1.53648E+00    9.08983E-01    1.08621E-01   -3.86494E-01    1.56475E-01    7.87904E-02    8.34429E-02    7.52265E-02
     6.48007E-01    1.51327E+00    9.01774E-01    1.14862E-01   -3.84655E-01    1.53729E-01    7.78340E-02    8.17055E-02    7.52330E-02
     6.54007E-01    1.49029E+00    8.94452E-01    1.21032E-01   -3.82763E-01    1.51014E-01    7.68744E-02    7.99965E-02    7.52204E-02
     6.60007E-01    1.46754E+00    8.87025E-01    1.27130E-01   -3.80819E-01    1.48330E-01    7.59123E-02    7.83160E-02    7.51889E-02
     6.66007E-01    1.44502E+00    8.79499E-01    1.33156E-01   -3.78826E-01    1.45677E-01    7.49483E-02    7.66637E-02    7.51389E-02
     6.72007E-01    1.42274E+00    8.71880E-01    1.39110E-01   -3.76786E-01    1.43056E-01    7.39830E-02    7.50396E-02    7.50709E-02
     6.78007E-01    1.40069E+00    8.64173E-01    1.44991E-01   -3.74701E-01    1.40466E-01    7.30171E-02    7.34434E-02    7.49853E-02
     6.84007E-01    1.37889E+00    8.56386E-01    1.50799E-01   -3.72572E-01    1.37909E-01    7.20509E-02    7.18752E-02    7.48824E-02
     6.90007E-01    1.35732E+00    8.48524E-01    1.56532E-01   -3.70402E-01    1.35383E-01    7.10853E-02    7.03345E-02    7.47627E-02
     6.96007E-01    1.33600E+00    8.40592E-01    1.62192E-01   -3.68193E-01    1.32890E-01    7.01205E-02    6.88214E-02    7.46265E-02
     7.02007E-01    1.31492E+00    8.32597E-01    1.67778E-01   -3.65946E-01    1.30429E-01    6.91572E-02    6.73355E-02    7.44744E-02
     7.08007E-01    1.29408E+00    8.24544E-01    1.73289E-01   -3.63663E-01    1.28000E-01    6.81959E-02    6.58767E-02    7.43066E-02
     7.14007E-01    1.27348E+00    8.16439E-01    1.78726E-01   -3.61347E-01    1.25603E-01    6.72370E-02    6.44448E-02    7.41237E-02
     7.20007E-01    1.25314E+00    8.08286E-01    1.84089E-01   -3.58998E-01    1.23239E-01    6.62810E-02    6.30394E-02    7.39260E-02
     7.26007E-01    1.23303E+00    8.00091E-01    1.89377E-01   -3.56619E-01    1.20907E-01    6.53283E-02    6.16605E-02    7.37140E-02
     7.32007E-01    1.21318E+00    7.91859E-01    1.94590E-01   -3.54211E-01    1.18608E-01    6.43793E-02    6.03076E-02    7.34881E-02
     7.38007E-01    1.19357E+00    7.83595E-01    1.99729E-01   -3.51777E-01    1.16340E-01    6.34344E-02    5.89806E-02    7.32486E-02
     7.44007E-01    1.17420E+00    7.75304E-01    2.04794E-01   -3.49317E-01    1.14106E-01    6.24940E-02    5.76792E-02    7.29961E-02
     7.50007E-01    1.15508E+00    7.66991E-01    2.09784E-01   -3.46833E-01    1.11903E-01    6.15585E-02    5.64031E-02    7.27310E-02
     7.56007E-01    1.13621E+00    7.58659E-01    2.14701E-01   -3.44328E-01    1.09733E-01    6.06283E-02    5.51520E-02    7.24535E-02
     7.62007E-01    1.11758E+00    7.50314E-01    2.19544E-01   -3.41802E-01    1.07594E-01    5.97036E-02    5.39257E-02    7.21643E-02
     7.68007E-01    1.09920E+00    7.41959E-01    2.24314E-01   -3.39258E-01    1.05488E-01    5.87847E-02    5.27238E-02    7.18636E-02
     7.74007E-01    1.08106E+00    7.33599E-01    2.29010E-01   -3.36696E-01    1.03414E-01    5.78721E-02    5.15460E-02    7.15519E-02
     7.80007E-01    1.06317E+00    7.25238E-01    2.33634E-01   -3.34118E-01    1.01371E-01    5.69659E-02    5.03920E-02    7.12295E-02
     7.86007E-01    1.04552E+00    7.16880E-01    2.38185E-01   -3.31526E-01    9.93598E-02    5.60664E-02    4.92616E-02    7.08970E-02
     7.92007E-01    1.02811E+00    7.08529E-01    2.42665E-01   -3.28921E-01    9.73801E-02    5.51738E-02    4.81543E-02    7.05546E-02
     7.98007E-01    1.01094E+00    7.00188E-01    2.47073E-01   -3.26304E-01    9.54316E-02    5.42885E-02    4.70699E-02    7.02028E-02
     8.04007E-01    9.94013E-01    6.91860E-01    2.51410E-01   -3.23676E-01    9.35141E-02    5.34107E-02    4.60081E-02    6.98419E-02
     8.10007E-01    9.77323E-01    6.83550E-01    2.55677E-01   -3.21040E-01    9.16275E-02    5.25405E-02    4.49685E-02    6.94724E-02
     8.16007E-01    9.60869E-01    6.75261E-01    2.59874E-01   -3.18396E-01    8.97715E-02    5.16781E-02    4.39507E-02    6.90945E-02
     8.22007E-01    9.44652E-01    6.66995E-01    2.64002E-01   -3.15745E-01    8.79459E-02    5.08238E-02    4.29546E-02    6.87087E-02
     8.28007E-01    9.28669E-01    6.58755E-01    2.68060E-01   -3.13089E-01    8.61506E-02    4.99777E-02    4.19797E-02    6.83154E-02
     8.34007E-01    9.12918E-01    6.50545E-01    2.72051E-01   -3.10429E-01    8.43852E-02    4.91399E-02    4.10257E-02    6.79149E-02
     8.40006E-01    8.97399E-01    6.42368E-01    2.75974E-01   -3.07766E-01    8.26495E-02    4.83107E-02    4.00923E-02    6.75075E-02
     8.46006E-01    8.82109E-01    6.34226E-01    2.79831E-01   -3.05100E-01    8.09432E-02    4.74901E-02    3.91791E-02    6.70936E-02
     8.52006E-01    8.67047E-01    6.26121E-01    2.83621E-01   -3.02434E-01    7.92662E-02    4.66782E-02    3.82858E-02    6.66735E-02
     8.58006E-01    8.52211E-01    6.18056E-01    2.87345E-01   -2.99767E-01    7.76181E-02    4.58753E-02    3.74121E-02    6.62476E-02
     8.64006E-01    8.37599E-01    6.10034E-01    2.91005E-01   -2.97102E-01    7.59986E-02    4.50814E-02    3.65576E-02    6.58162E-02
     8.70006E-01    8.23208E-01    6.02057E-01    2.94600E-01   -2.94438E-01    7.44075E-02    4.42965E-02    3.57221E-02    6.53796E-02
     8.76006E-01    8.09038E-01    5.94126E-01    2.98132E-01   -2.91778E-01    7.28444E-02    4.35208E-02    3.49051E-02    6.49381E-02
     8.82006E-01    7.95086E-01    5.86244E-01    3.01602E-01   -2.89121E-01    7.13092E-02    4.27543E-02    3.41064E-02    6.44921E-02
     8.88006E-01    7.81350E-01    5.78413E-01    3.05009E-01   -2.86468E-01    6.98014E-02    4.19972E-02    3.33257E-02    6.40418E-02
     8.94006E-01    7.67828E-01    5.70634E-01    3.08355E-01   -2.83821E-01    6.83208E-02    4.12494E-02    3.25625E-02    6.35875E-02
     9.00006E-01    7.54518E-01    5.62910E-01    3.11641E-01   -2.81180E-01    6.68670E-02    4.05110E-02    3.18166E-02    6.31296E-02
     9.06006E-01    7.41417E-01    5.55242E-01    3.14867E-01   -2.78546E-01    6.54399E-02    3.97820E-02    3.10877E-02    6.26682E-02
     9.12006E-01    7.28524E-01    5.47631E-01    3.18035E-01   -2.75920E-01    6.40389E-02    3.90625E-02    3.03754E-02    6.22037E-02
     9.18006E-01    7.15836E-01    5.40079E-01    3.21144E-01   -2.73301E-01    6.26639E-02    3.83525E-02    2.96794E-02    6.17363E-02
     9.24006E-01    7.03351E-01    5.32587E-01    3.24195E-01   -2.70692E-01    6.13145E-02    3.76520E-02    2.89995E-02    6.12663E-02
     9.30006E-01    6.91067E-01    5.25157E-01    3.27191E-01   -2.68092E-01    5.99903E-02    3.69610E-02    2.83352E-02    6.07939E-02
     9.36006E-01    6.78981E-01    5.17790E-01    3.30130E-01   -2.65502E-01    5.86912E-02    3.62796E-02    2.76864E-02    6.03195E-02
     9.42006E-01    6.67091E-01    5.10486E-01    3.33015E-01   -2.62923E-01    5.74166E-02    3.56076E-02    2.70526E-02    5.98431E-02
     9.48006E-01    6.55395E-01    5.03248E-01    3.35845E-01   -2.60356E-01    5.61663E-02    3.49452E-02    2.64337E-02    5.93652E-02
     9.54006E-01    6.43891E-01    4.96075E-01    3.38622E-01   -2.57800E-01    5.49400E-02    3.42922E-02    2.58292E-02    5.88858E-02
     9.60006E-01    6.32575E-01    4.88968E-01    3.41346E-01   -2.55256E-01    5.37374E-02    3.36487E-02    2.52389E-02    5.84052E-02
     9.66006E-01    6.21447E-01    4.81930E-01    3.44019E-01   -2.52725E-01    5.25580E-02    3.30146E-02    2.46626E-02    5.79236E-02
     9.72006E-01    6.10502E-01    4.74959E-01    3.46640E-01   -2.50207E-01    5.14016E-02    3.23899E-02    2.40998E-02    5.74412E-02
     9.78006E-01    5.99740E-01    4.68057E-01    3.49211E-01   -2.47703E-01    5.02678E-02    3.17746E-02    2.35504E-02    5.69583E-02
     9.84006E-01    5.89158E-01    4.61225E-01    3.51733E-01   -2.45213E-01    4.91564E-02    3.11686E-02    2.30141E-02    5.64749E-02
     9.90006E-01    5.78752E-01    4.54463E-01    3.54206E-01   -2.42737E-01    4.80669E-02    3.05719E-02    2.24906E-02    5.59914E-02
     9.96006E-01    5.68522E-01    4.47771E-01    3.56631E-01   -2.40276E-01    4.69991E-02    2.99844E-02    2.19795E-02    5.55078E-02
     1.00201E+00    5.58464E-01    4.41151E-01    3.59009E-01   -2.37830E-01    4.59525E-02    2.94060E-02    2.14808E-02    5.50244E-02
     1.00801E+00    5.48577E-01    4.34601E-01    3.61341E-01   -2.35399E-01    4.49270E-02    2.88368E-02    2.09940E-02    5.45413E-02
     1.01401E+00    5.38857E-01    4.28123E-01    3.63627E-01   -2.32984E-01    4.39221E-02    2.82766E-02    2.05189E-02    5.40587E-02
     1.02001E+00    5.29303E-01    4.21717E-01    3.65868E-01   -2.30584E-01    4.29375E-02    2.77254E-02    2.00553E-02    5.35767E-02
     1.02601E+00    5.19912E-01    4.15382E-01    3.68066E-01   -2.28201E-01    4.19730E-02    2.71831E-02    1.96029E-02    5.30956E-02
     1.03201E+00    5.10682E-01    4.09120E-01    3.70219E-01   -2.25835E-01    4.10281E-02    2.66496E-02    1.91615E-02    5.26153E-02
     1.03801E+00    5.01611E-01    4.02930E-01    3.72331E-01   -2.23485E-01    4.01026E-02    2.61249E-02    1.87309E-02    5.21362E-02
     1.04401E+00    4.92695E-01    3.96813E-01    3.74400E-01   -2.21151E-01    3.91961E-02    2.56089E-02    1.83107E-02    5.16582E-02
     1.05001E+00    4.83934E-01    3.90767E-01    3.76428E-01   -2.18835E-01    3.83083E-02    2.51014E-02    1.79008E-02    5.11816E-02
     1.05601E+00    4.75324E-01    3.84794E-01    3.78416E-01   -2.16536E-01    3.74390E-02    2.46025E-02    1.75009E-02    5.07064E-02
     1.06201E+00    4.66864E-01    3.78894E-01    3.80364E-01   -2.14254E-01    3.65877E-02    2.41121E-02    1.71108E-02    5.02329E-02
     1.06801E+00    4.58551E-01    3.73065E-01    3.82273E-01   -2.11989E-01    3.57542E-02    2.36300E-02    1.67302E-02    4.97610E-02
     1.07401E+00    4.50383E-01    3.67308E-01    3.84144E-01   -2.09743E-01    3.49382E-02    2.31562E-02    1.63591E-02    4.92909E-02
     1.08001E+00    4.42358E-01    3.61623E-01    3.85977E-01   -2.07513E-01    3.41393E-02    2.26906E-02    1.59970E-02    4.88228E-02
     1.08601E+00    4.34473E-01    3.56010E-01    3.87773E-01   -2.05302E-01    3.33574E-02    2.22330E-02    1.56439E-02    4.83567E-02
     1.09201E+00    4.26727E-01    3.50468E-01    3.89533E-01   -2.03108E-01    3.25919E-02    2.17835E-02    1.52996E-02    4.78926E-02
     1.09801E+00    4.19116E-01    3.44997E-01    3.91257E-01   -2.00933E-01    3.18428E-02    2.13419E-02    1.49637E-02    4.74308E-02
     1.10401E+00    4.11640E-01    3.39596E-01    3.92946E-01   -1.98775E-01    3.11096E-02    2.09081E-02    1.46362E-02    4.69712E-02
     1.11001E+00    4.04296E-01    3.34266E-01    3.94601E-01   -1.96635E-01    3.03922E-02    2.04820E-02    1.43168E-02    4.65141E-02
     1.11601E+00    3.97082E-01    3.29007E-01    3.96223E-01   -1.94514E-01    2.96901E-02    2.00635E-02    1.40054E-02    4.60593E-02
     1.12201E+00    3.89996E-01    3.23816E-01    3.97811E-01   -1.92411E-01    2.90031E-02    1.96526E-02    1.37017E-02    4.56071E-02
     1.12801E+00    3.83035E-01    3.18696E-01    3.99367E-01   -1.90325E-01    2.83310E-02    1.92491E-02    1.34055E-02    4.51575E-02
     1.13401E+00    3.76198E-01    3.13644E-01    4.00891E-01   -1.88258E-01    2.76734E-02    1.88529E-02    1.31168E-02    4.47105E-02
     1.14001E+00    3.69483E-01    3.08660E-01    4.02383E-01   -1.86209E-01    2.70302E-02    1.84640E-02    1.28353E-02    4.42663E-02
     1.14601E+00    3.62887E-01    3.03745E-01    4.03845E-01   -1.84178E-01    2.64009E-02    1.80823E-02    1.25608E-02    4.38249E-02
     1.15201E+00    3.56409E-01    2.98897E-01    4.05278E-01   -1.82165E-01    2.57854E-02    1.77076E-02    1.22931E-02    4.33862E-02
     1.15801E+00    3.50047E-01    2.94116E-01    4.06680E-01   -1.80171E-01    2.51834E-02    1.73398E-02    1.20322E-02    4.29505E-02
     1.16401E+00    3.43799E-01    2.89401E-01    4.08054E-01   -1.78194E-01    2.45946E-02    1.69789E-02    1.17779E-02    4.25177E-02
     1.17001E+00    3.37663E-01    2.84752E-01    4.09399E-01   -1.76235E-01    2.40187E-02    1.66247E-02    1.15299E-02    4.20880E-02
     1.17601E+00    3.31638E-01    2.80169E-01    4.10717E-01   -1.74294E-01    2.34556E-02    1.62772E-02    1.12881E-02    4.16612E-02
     1.18201E+00    3.25720E-01    2.75651E-01    4.12007E-01   -1.72372E-01    2.29050E-02    1.59363E-02    1.10524E-02    4.12375E-02
     1.18801E+00    3.19909E-01    2.71197E-01    4.13271E-01   -1.70467E-01    2.23665E-02    1.56018E-02    1.08227E-02    4.08169E-02
     1.19401E+00    3.14203E-01    2.66806E-01    4.14508E-01   -1.68580E-01    2.18401E-02    1.52737E-02    1.05987E-02    4.03995E-02
     1.20000E+00    3.08599E-01    2.62479E-01    4.15720E-01   -1.66710E-01    2.13254E-02    1.49519E-02    1.03804E-02    3.99853E-02
     1.20600E+00    3.03097E-01    2.58214E-01    4.16907E-01   -1.64858E-01    2.08222E-02    1.46362E-02    1.01676E-02    3.95743E-02
     1.21200E+00    2.97694E-01    2.54012E-01    4.18069E-01   -1.63024E-01    2.03303E-02    1.43267E-02    9.96015E-03    3.91665E-02
     1.21800E+00    2.92389E-01    2.49870E-01    4.19207E-01   -1.61208E-01    1.98494E-02    1.40231E-02    9.75794E-03    3.87619E-02
     1.22400E+00    2.87180E-01    2.45789E-01    4.20321E-01   -1.59408E-01    1.93794E-02    1.37254E-02    9.56085E-03    3.83607E-02
     1.23000E+00    2.82065E-01    2.41769E-01    4.21411E-01   -1.57626E-01    1.89199E-02    1.34334E-02    9.36873E-03    3.79627E-02
     1.23600E+00    2.77044E-01    2.37808E-01    4.22479E-01   -1.55861E-01    1.84709E-02    1.31472E-02    9.18147E-03    3.75681E-02
     1.24200E+00    2.72113E-01    2.33905E-01    4.23525E-01   -1.54114E-01    1.80320E-02    1.28666E-02    8.99895E-03    3.71768E-02
     1.24800E+00    2.67272E-01    2.30061E-01    4.24549E-01   -1.52383E-01    1.76031E-02    1.25915E-02    8.82104E-03    3.67889E-02
     1.25400E+00    2.62519E-01    2.26274E-01    4.25552E-01   -1.50669E-01    1.71839E-02    1.23219E-02    8.64764E-03    3.64044E-02
     1.26000E+00    2.57852E-01    2.22544E-01    4.26533E-01   -1.48972E-01    1.67743E-02    1.20576E-02    8.47863E-03    3.60232E-02
     1.26600E+00    2.53271E-01    2.18870E-01    4.27494E-01   -1.47292E-01    1.63740E-02    1.17985E-02    8.31391E-03    3.56454E-02
     1.27200E+00    2.48773E-01    2.15252E-01    4.28435E-01   -1.45628E-01    1.59829E-02    1.15446E-02    8.15335E-03    3.52710E-02
     1.27800E+00    2.44357E-01    2.11689E-01    4.29356E-01   -1.43980E-01    1.56008E-02    1.12957E-02    7.99686E-03    3.49000E-02
     1.28400E+00    2.40022E-01    2.08180E-01    4.30257E-01   -1.42349E-01    1.52275E-02    1.10519E-02    7.84434E-03    3.45323E-02
     1.29000E+00    2.35765E-01    2.04725E-01    4.31140E-01   -1.40734E-01    1.48627E-02    1.08129E-02    7.69569E-03    3.41681E-02
     1.29600E+00    2.31587E-01    2.01323E-01    4.32004E-01   -1.39136E-01    1.45063E-02    1.05788E-02    7.55080E-03    3.38073E-02
     1.30200E+00    2.27485E-01    1.97973E-01    4.32850E-01   -1.37553E-01    1.41582E-02    1.03493E-02    7.40959E-03    3.34499E-02
     1.30800E+00    2.23458E-01    1.94674E-01    4.33678E-01   -1.35986E-01    1.38181E-02    1.01246E-02    7.27195E-03    3.30959E-02
     1.31400E+00    2.19504E-01    1.91427E-01    4.34489E-01   -1.34434E-01    1.34860E-02    9.90433E-03    7.13781E-03    3.27453E-02
     1.32000E+00    2.15623E-01    1.88230E-01    4.35283E-01   -1.32898E-01    1.31615E-02    9.68859E-03    7.00707E-03    3.23981E-02
     1.32600E+00    2.11814E-01    1.85082E-01    4.36060E-01   -1.31378E-01    1.28445E-02    9.47726E-03    6.87964E-03    3.20543E-02
     1.33200E+00    2.08073E-01    1.81984E-01    4.36820E-01   -1.29873E-01    1.25350E-02    9.27024E-03    6.75544E-03    3.17138E-02
     1.33800E+00    2.04402E-01    1.78934E-01    4.37565E-01   -1.28383E-01    1.22326E-02    9.06746E-03    6.63440E-03    3.13768E-02
     1.34400E+00    2.00798E-01    1.75932E-01    4.38294E-01   -1.26908E-01    1.19373E-02    8.86885E-03    6.51641E-03    3.10430E-02
     1.35000E+00    1.97260E-01    1.72977E-01    4.39007E-01   -1.25448E-01    1.16490E-02    8.67433E-03    6.40142E-03    3.07127E-02
     1.35600E+00    1.93787E-01    1.70069E-01    4.39705E-01   -1.24002E-01    1.13673E-02    8.48383E-03    6.28935E-03    3.03856E-02
     1.36200E+00    1.90378E-01    1.67206E-01    4.40389E-01   -1.22571E-01    1.10923E-02    8.29726E-03    6.18011E-03    3.00619E-02
     1.36800E+00    1.87031E-01    1.64388E-01    4.41058E-01   -1.21155E-01    1.08238E-02    8.11456E-03    6.07364E-03    2.97415E-02
     1.37400E+00    1.83746E-01    1.61615E-01    4.41713E-01   -1.19753E-01    1.05615E-02    7.93565E-03    5.96986E-03    2.94244E-02
     1.38000E+00    1.80521E-01    1.58887E-01    4.42354E-01   -1.18365E-01    1.03055E-02    7.76046E-03    5.86871E-03    2.91106E-02
     1.38600E+00    1.77356E-01    1.56201E-01    4.42981E-01   -1.16991E-01    1.00554E-02    7.58893E-03    5.77012E-03    2.88001E-02
     1.39200E+00    1.74249E-01    1.53558E-01    4.43596E-01   -1.15632E-01    9.81132E-03    7.42097E-03    5.67403E-03    2.84928E-02
     1.39800E+00    1.71199E-01    1.50958E-01    4.44197E-01   -1.14286E-01    9.57298E-03    7.25654E-03    5.58036E-03    2.81888E-02
     1.40400E+00    1.68205E-01    1.48399E-01    4.44785E-01   -1.12953E-01    9.34028E-03    7.09555E-03    5.48906E-03    2.78880E-02
     1.41000E+00    1.65266E-01    1.45880E-01    4.45361E-01   -1.11634E-01    9.11310E-03    6.93794E-03    5.40007E-03    2.75903E-02
     1.41600E+00    1.62382E-01    1.43403E-01    4.45925E-01   -1.10329E-01    8.89132E-03    6.78365E-03    5.31333E-03    2.72959E-02
     1.42200E+00    1.59551E-01    1.40965E-01    4.46477E-01   -1.09036E-01    8.67480E-03    6.63261E-03    5.22878E-03    2.70046E-02
     1.42800E+00    1.56771E-01    1.38566E-01    4.47017E-01   -1.07757E-01    8.46344E-03    6.48476E-03    5.14636E-03    2.67165E-02
     1.43400E+00    1.54044E-01    1.36205E-01    4.47546E-01   -1.06491E-01    8.25712E-03    6.34004E-03    5.06601E-03    2.64315E-02
     1.44000E+00    1.51366E-01    1.33883E-01    4.48063E-01   -1.05237E-01    8.05572E-03    6.19838E-03    4.98770E-03    2.61496E-02
     1.44600E+00    1.48738E-01    1.31598E-01    4.48570E-01   -1.03996E-01    7.85913E-03    6.05973E-03    4.91136E-03    2.58708E-02
     1.45200E+00    1.46158E-01    1.29351E-01    4.49065E-01   -1.02768E-01    7.66724E-03    5.92402E-03    4.83694E-03    2.55951E-02
     1.45800E+00    1.43626E-01    1.27139E-01    4.49550E-01   -1.01552E-01    7.47994E-03    5.79121E-03    4.76439E-03    2.53224E-02
     1.46400E+00    1.41141E-01    1.24963E-01    4.50025E-01   -1.00348E-01    7.29713E-03    5.66122E-03    4.69367E-03    2.50527E-02
     1.47000E+00    1.38701E-01    1.22823E-01    4.50490E-01   -9.91567E-02    7.11871E-03    5.53401E-03    4.62472E-03    2.47860E-02
     1.47600E+00    1.36307E-01    1.20717E-01    4.50945E-01   -9.79771E-02    6.94457E-03    5.40952E-03    4.55751E-03    2.45223E-02
     1.48200E+00    1.33957E-01    1.18645E-01    4.51390E-01   -9.68094E-02    6.77462E-03    5.28770E-03    4.49199E-03    2.42616E-02
     1.48800E+00    1.31650E-01    1.16608E-01    4.51826E-01   -9.56535E-02    6.60876E-03    5.16848E-03    4.42810E-03    2.40037E-02
     1.49400E+00    1.29386E-01    1.14603E-01    4.52252E-01   -9.45092E-02    6.44689E-03    5.05183E-03    4.36582E-03    2.37488E-02
     1.50000E+00    1.27164E-01    1.12631E-01    4.52669E-01   -9.33763E-02    6.28893E-03    4.93768E-03    4.30511E-03    2.34968E-02
     1.50600E+00    1.24983E-01    1.10690E-01    4.53078E-01   -9.22548E-02    6.13478E-03    4.82600E-03    4.24591E-03    2.32477E-02
     1.51200E+00    1.22843E-01    1.08782E-01    4.53478E-01   -9.11445E-02    5.98436E-03    4.71672E-03    4.18819E-03    2.30013E-02
     1.51800E+00    1.20742E-01    1.06905E-01    4.53869E-01   -9.00453E-02    5.83757E-03    4.60979E-03    4.13192E-03    2.27578E-02
     1.52400E+00    1.18680E-01    1.05058E-01    4.54252E-01   -8.89570E-02    5.69434E-03    4.50518E-03    4.07705E-03    2.25171E-02
     1.53000E+00    1.16656E-01    1.03241E-01    4.54626E-01   -8.78796E-02    5.55458E-03    4.40283E-03    4.02355E-03    2.22792E-02
     1.53600E+00    1.14669E-01    1.01455E-01    4.54993E-01   -8.68129E-02    5.41820E-03    4.30270E-03    3.97138E-03    2.20440E-02
     1.54200E+00    1.12720E-01    9.96969E-02    4.55352E-01   -8.57568E-02    5.28514E-03    4.20474E-03    3.92052E-03    2.18115E-02
     1.54800E+00    1.10807E-01    9.79679E-02    4.55703E-01   -8.47112E-02    5.15532E-03    4.10891E-03    3.87092E-03    2.15817E-02
     1.55400E+00    1.08929E-01    9.62672E-02    4.56047E-01   -8.36758E-02    5.02865E-03    4.01515E-03    3.82256E-03    2.13546E-02
     1.56000E+00    1.07086E-01    9.45943E-02    4.56383E-01   -8.26508E-02    4.90506E-03    3.92344E-03    3.77540E-03    2.11301E-02
     1.56600E+00    1.05277E-01    9.29488E-02    4.56713E-01   -8.16358E-02    4.78448E-03    3.83373E-03    3.72941E-03    2.09083E-02
     1.57200E+00    1.03502E-01    9.13302E-02    4.57035E-01   -8.06308E-02    4.66685E-03    3.74597E-03    3.68457E-03    2.06890E-02
     1.57800E+00    1.01760E-01    8.97381E-02    4.57350E-01   -7.96356E-02    4.55209E-03    3.66013E-03    3.64083E-03    2.04724E-02
     1.58400E+00    1.00050E-01    8.81720E-02    4.57659E-01   -7.86502E-02    4.44013E-03    3.57616E-03    3.59818E-03    2.02583E-02
     1.59000E+00    9.83719E-02    8.66316E-02    4.57961E-01   -7.76745E-02    4.33091E-03    3.49403E-03    3.55659E-03    2.00467E-02
     1.59600E+00    9.67252E-02    8.51164E-02    4.58256E-01   -7.67083E-02    4.22436E-03    3.41370E-03    3.51603E-03    1.98376E-02
     1.60200E+00    9.51092E-02    8.36260E-02    4.58545E-01   -7.57514E-02    4.12042E-03    3.33513E-03    3.47647E-03    1.96310E-02
     1.60800E+00    9.35232E-02    8.21599E-02    4.58828E-01   -7.48039E-02    4.01903E-03    3.25828E-03    3.43788E-03    1.94269E-02
     1.61400E+00    9.19669E-02    8.07179E-02    4.59105E-01   -7.38655E-02    3.92012E-03    3.18312E-03    3.40025E-03    1.92252E-02
     1.62000E+00    9.04396E-02    7.92994E-02    4.59376E-01   -7.29363E-02    3.82365E-03    3.10960E-03    3.36355E-03    1.90259E-02
     1.62600E+00    8.89407E-02    7.79042E-02    4.59641E-01   -7.20160E-02    3.72954E-03    3.03771E-03    3.32775E-03    1.88290E-02
     1.63200E+00    8.74699E-02    7.65318E-02    4.59901E-01   -7.11045E-02    3.63775E-03    2.96740E-03    3.29283E-03    1.86345E-02
     1.63800E+00    8.60266E-02    7.51818E-02    4.60155E-01   -7.02018E-02    3.54822E-03    2.89863E-03    3.25877E-03    1.84423E-02
     1.64400E+00    8.46103E-02    7.38538E-02    4.60403E-01   -6.93077E-02    3.46090E-03    2.83139E-03    3.22555E-03    1.82524E-02
     1.65000E+00    8.32205E-02    7.25476E-02    4.60646E-01   -6.84222E-02    3.37573E-03    2.76562E-03    3.19314E-03    1.80648E-02
     1.65600E+00    8.18567E-02    7.12627E-02    4.60884E-01   -6.75451E-02    3.29266E-03    2.70131E-03    3.16153E-03    1.78795E-02
     1.66200E+00    8.05185E-02    6.99987E-02    4.61117E-01   -6.66763E-02    3.21164E-03    2.63842E-03    3.13070E-03    1.76965E-02
     1.66800E+00    7.92054E-02    6.87554E-02    4.61345E-01   -6.58158E-02    3.13262E-03    2.57692E-03    3.10062E-03    1.75157E-02
     1.67400E+00    7.79170E-02    6.75324E-02    4.61568E-01   -6.49634E-02    3.05556E-03    2.51678E-03    3.07127E-03    1.73370E-02
     1.68000E+00    7.66528E-02    6.63293E-02    4.61786E-01   -6.41190E-02    2.98041E-03    2.45797E-03    3.04265E-03    1.71606E-02
     1.68600E+00    7.54124E-02    6.51457E-02    4.61999E-01   -6.32826E-02    2.90712E-03    2.40046E-03    3.01472E-03    1.69863E-02
     1.69200E+00    7.41954E-02    6.39814E-02    4.62208E-01   -6.24540E-02    2.83565E-03    2.34423E-03    2.98748E-03    1.68142E-02
     1.69800E+00    7.30012E-02    6.28361E-02    4.62412E-01   -6.16331E-02    2.76595E-03    2.28925E-03    2.96090E-03    1.66442E-02
     1.70400E+00    7.18297E-02    6.17094E-02    4.62612E-01   -6.08199E-02    2.69799E-03    2.23549E-03    2.93497E-03    1.64763E-02
     1.71000E+00    7.06803E-02    6.06009E-02    4.62807E-01   -6.00142E-02    2.63171E-03    2.18292E-03    2.90967E-03    1.63104E-02
     1.71600E+00    6.95526E-02    5.95105E-02    4.62999E-01   -5.92160E-02    2.56709E-03    2.13152E-03    2.88498E-03    1.61466E-02
     1.72200E+00    6.84462E-02    5.84377E-02    4.63186E-01   -5.84252E-02    2.50407E-03    2.08126E-03    2.86090E-03    1.59849E-02
     1.72800E+00    6.73609E-02    5.73822E-02    4.63369E-01   -5.76416E-02    2.44263E-03    2.03212E-03    2.83741E-03    1.58252E-02
     1.73400E+00    6.62962E-02    5.63438E-02    4.63548E-01   -5.68652E-02    2.38272E-03    1.98408E-03    2.81448E-03    1.56674E-02
     1.74000E+00    6.52517E-02    5.53222E-02    4.63723E-01   -5.60960E-02    2.32430E-03    1.93710E-03    2.79211E-03    1.55116E-02
     1.74600E+00    6.42271E-02    5.43171E-02    4.63895E-01   -5.53337E-02    2.26735E-03    1.89117E-03    2.77029E-03    1.53578E-02
     1.75200E+00    6.32220E-02    5.33282E-02    4.64062E-01   -5.45784E-02    2.21182E-03    1.84627E-03    2.74899E-03    1.52060E-02
     1.75800E+00    6.22362E-02    5.23552E-02    4.64226E-01   -5.38298E-02    2.15769E-03    1.80236E-03    2.72821E-03    1.50560E-02
     1.76400E+00    6.12692E-02    5.13978E-02    4.64387E-01   -5.30881E-02    2.10491E-03    1.75944E-03    2.70794E-03    1.49079E-02
     1.77000E+00    6.03207E-02    5.04558E-02    4.64544E-01   -5.23530E-02    2.05345E-03    1.71747E-03    2.68815E-03    1.47617E-02
     1.77600E+00    5.93904E-02    4.95289E-02    4.64697E-01   -5.16245E-02    2.00329E-03    1.67644E-03    2.66885E-03    1.46174E-02
     1.78200E+00    5.84781E-02    4.86168E-02    4.64847E-01   -5.09025E-02    1.95440E-03    1.63633E-03    2.65001E-03    1.44749E-02
     1.78800E+00    5.75833E-02    4.77193E-02    4.64994E-01   -5.01869E-02    1.90673E-03    1.59711E-03    2.63163E-03    1.43342E-02
     1.79400E+00    5.67057E-02    4.68361E-02    4.65138E-01   -4.94777E-02    1.86026E-03    1.55877E-03    2.61369E-03    1.41954E-02
     1.80000E+00    5.58452E-02    4.59670E-02    4.65278E-01   -4.87747E-02    1.81497E-03    1.52129E-03    2.59619E-03    1.40583E-02
     1.80600E+00    5.50013E-02    4.51117E-02    4.65415E-01   -4.80780E-02    1.77083E-03    1.48464E-03    2.57911E-03    1.39230E-02
     1.81200E+00    5.41738E-02    4.42700E-02    4.65550E-01   -4.73873E-02    1.72780E-03    1.44882E-03    2.56245E-03    1.37894E-02
     1.81800E+00    5.33625E-02    4.34416E-02    4.65681E-01   -4.67027E-02    1.68586E-03    1.41379E-03    2.54619E-03    1.36576E-02
     1.82400E+00    5.25669E-02    4.26263E-02    4.65809E-01   -4.60240E-02    1.64498E-03    1.37955E-03    2.53032E-03    1.35274E-02
     1.83000E+00    5.17869E-02    4.18238E-02    4.65935E-01   -4.53512E-02    1.60514E-03    1.34607E-03    2.51483E-03    1.33990E-02
     1.83600E+00    5.10223E-02    4.10340E-02    4.66058E-01   -4.46843E-02    1.56632E-03    1.31335E-03    2.49972E-03    1.32723E-02
     1.84200E+00    5.02726E-02    4.02566E-02    4.66178E-01   -4.40230E-02    1.52849E-03    1.28135E-03    2.48498E-03    1.31472E-02
     1.84800E+00    4.95377E-02    3.94914E-02    4.66295E-01   -4.33675E-02    1.49162E-03    1.25007E-03    2.47059E-03    1.30238E-02
     1.85400E+00    4.88174E-02    3.87382E-02    4.66410E-01   -4.27175E-02    1.45569E-03    1.21950E-03    2.45656E-03    1.29020E-02
     1.86000E+00    4.81113E-02    3.79967E-02    4.66522E-01   -4.20731E-02    1.42068E-03    1.18960E-03    2.44286E-03    1.27819E-02
     1.86600E+00    4.74193E-02    3.72667E-02    4.66632E-01   -4.14341E-02    1.38657E-03    1.16037E-03    2.42949E-03    1.26633E-02
     1.87200E+00    4.67411E-02    3.65481E-02    4.66739E-01   -4.08005E-02    1.35333E-03    1.13180E-03    2.41645E-03    1.25464E-02
     1.87800E+00    4.60764E-02    3.58406E-02    4.66844E-01   -4.01722E-02    1.32095E-03    1.10387E-03    2.40373E-03    1.24310E-02
     1.88400E+00    4.54251E-02    3.51440E-02    4.66946E-01   -3.95492E-02    1.28941E-03    1.07656E-03    2.39131E-03    1.23171E-02
     1.89000E+00    4.47870E-02    3.44582E-02    4.67046E-01   -3.89314E-02    1.25867E-03    1.04986E-03    2.37920E-03    1.22049E-02
     1.89600E+00    4.41617E-02    3.37829E-02    4.67144E-01   -3.83187E-02    1.22873E-03    1.02376E-03    2.36738E-03    1.20941E-02
     1.90200E+00    4.35491E-02    3.31179E-02    4.67240E-01   -3.77111E-02    1.19957E-03    9.98242E-04    2.35585E-03    1.19849E-02
     1.90800E+00    4.29490E-02    3.24631E-02    4.67333E-01   -3.71084E-02    1.17117E-03    9.73293E-04    2.34460E-03    1.18772E-02
     1.91400E+00    4.23612E-02    3.18183E-02    4.67424E-01   -3.65108E-02    1.14350E-03    9.48901E-04    2.33363E-03    1.17709E-02
     1.92000E+00    4.17854E-02    3.11832E-02    4.67514E-01   -3.59179E-02    1.11656E-03    9.25053E-04    2.32293E-03    1.16662E-02
     1.92600E+00    4.12216E-02    3.05577E-02    4.67601E-01   -3.53299E-02    1.09032E-03    9.01737E-04    2.31249E-03    1.15629E-02
     1.93200E+00    4.06694E-02    2.99417E-02    4.67686E-01   -3.47467E-02    1.06476E-03    8.78940E-04    2.30230E-03    1.14611E-02
     1.93800E+00    4.01287E-02    2.93349E-02    4.67769E-01   -3.41681E-02    1.03988E-03    8.56651E-04    2.29237E-03    1.13607E-02
     1.94400E+00    3.95993E-02    2.87372E-02    4.67850E-01   -3.35942E-02    1.01566E-03    8.34857E-04    2.28268E-03    1.12617E-02
     1.95000E+00    3.90811E-02    2.81484E-02    4.67929E-01   -3.30249E-02    9.92068E-04    8.13548E-04    2.27323E-03    1.11642E-02
     1.95600E+00    3.85738E-02    2.75683E-02    4.68007E-01   -3.24600E-02    9.69106E-04    7.92712E-04    2.26402E-03    1.10681E-02
     1.96200E+00    3.80772E-02    2.69968E-02    4.68082E-01   -3.18997E-02    9.46753E-04    7.72338E-04    2.25503E-03    1.09734E-02
     1.96800E+00    3.75913E-02    2.64337E-02    4.68156E-01   -3.13437E-02    9.24996E-04    7.52416E-04    2.24627E-03    1.08800E-02
     1.97400E+00    3.71158E-02    2.58789E-02    4.68228E-01   -3.07921E-02    9.03821E-04    7.32934E-04    2.23773E-03    1.07881E-02
     1.98000E+00    3.66506E-02    2.53322E-02    4.68298E-01   -3.02448E-02    8.83213E-04    7.13883E-04    2.22940E-03    1.06975E-02
     1.98600E+00    3.61955E-02    2.47934E-02    4.68367E-01   -2.97018E-02    8.63159E-04    6.95253E-04    2.22129E-03    1.06083E-02
     1.99200E+00    3.57503E-02    2.42624E-02    4.68434E-01   -2.91629E-02    8.43647E-04    6.77033E-04    2.21337E-03    1.05204E-02
     1.99800E+00    3.53150E-02    2.37391E-02    4.68499E-01   -2.86282E-02    8.24664E-04    6.59215E-04    2.20566E-03    1.04338E-02
     2.00400E+00    3.48892E-02    2.32232E-02    4.68563E-01   -2.80975E-02    8.06198E-04    6.41788E-04    2.19815E-03    1.03486E-02
     2.01000E+00    3.44730E-02    2.27148E-02    4.68625E-01   -2.75709E-02    7.88236E-04    6.24743E-04    2.19082E-03    1.02647E-02
     2.01600E+00    3.40662E-02    2.22135E-02    4.68686E-01   -2.70483E-02    7.70767E-04    6.08071E-04    2.18369E-03    1.01822E-02
     2.02200E+00    3.36685E-02    2.17193E-02    4.68745E-01   -2.65296E-02    7.53780E-04    5.91764E-04    2.17674E-03    1.01009E-02
     2.02800E+00    3.32799E-02    2.12320E-02    4.68802E-01   -2.60148E-02    7.37263E-04    5.75812E-04    2.16997E-03    1.00209E-02
     2.03400E+00    3.29003E-02    2.07516E-02    4.68858E-01   -2.55039E-02    7.21206E-04    5.60207E-04    2.16337E-03    9.94222E-03
     2.04000E+00    3.25295E-02    2.02778E-02    4.68913E-01   -2.49967E-02    7.05598E-04    5.44941E-04    2.15695E-03    9.86481E-03
     2.04600E+00    3.21673E-02    1.98105E-02    4.68967E-01   -2.44933E-02    6.90430E-04    5.30005E-04    2.15070E-03    9.78868E-03
     2.05200E+00    3.18137E-02    1.93496E-02    4.69019E-01   -2.39935E-02    6.75690E-04    5.15391E-04    2.14461E-03    9.71382E-03
     2.05800E+00    3.14685E-02    1.88951E-02    4.69069E-01   -2.34974E-02    6.61370E-04    5.01092E-04    2.13869E-03    9.64022E-03
     2.06400E+00    3.11316E-02    1.84466E-02    4.69119E-01   -2.30050E-02    6.47460E-04    4.87100E-04    2.13293E-03    9.56788E-03
     2.07000E+00    3.08028E-02    1.80042E-02    4.69167E-01   -2.25160E-02    6.33951E-04    4.73407E-04    2.12732E-03    9.49679E-03
     2.07600E+00    3.04822E-02    1.75677E-02    4.69213E-01   -2.20306E-02    6.20834E-04    4.60006E-04    2.12186E-03    9.42694E-03
     2.08200E+00    3.01695E-02    1.71370E-02    4.69259E-01   -2.15487E-02    6.08100E-04    4.46890E-04    2.11656E-03    9.35834E-03
     2.08800E+00    2.98646E-02    1.67120E-02    4.69303E-01   -2.10702E-02    5.95741E-04    4.34050E-04    2.11140E-03    9.29096E-03
     2.09400E+00    2.95674E-02    1.62925E-02    4.69346E-01   -2.05950E-02    5.83748E-04    4.21482E-04    2.10639E-03    9.22482E-03
     2.10000E+00    2.92779E-02    1.58784E-02    4.69388E-01   -2.01232E-02    5.72114E-04    4.09177E-04    2.10152E-03    9.15991E-03
     2.10600E+00    2.89958E-02    1.54697E-02    4.69429E-01   -1.96548E-02    5.60831E-04    3.97129E-04    2.09679E-03    9.09622E-03
     2.11200E+00    2.87212E-02    1.50662E-02    4.69468E-01   -1.91895E-02    5.49892E-04    3.85331E-04    2.09219E-03    9.03375E-03
     2.11800E+00    2.84539E-02    1.46678E-02    4.69507E-01   -1.87275E-02    5.39288E-04    3.73777E-04    2.08773E-03    8.97249E-03
     2.12400E+00    2.81938E-02    1.42744E-02    4.69544E-01   -1.82686E-02    5.29014E-04    3.62461E-04    2.08340E-03    8.91245E-03
     2.13000E+00    2.79408E-02    1.38858E-02    4.69580E-01   -1.78129E-02    5.19061E-04    3.51376E-04    2.07920E-03    8.85362E-03
     2.13600E+00    2.76949E-02    1.35021E-02    4.69615E-01   -1.73603E-02    5.09424E-04    3.40517E-04    2.07512E-03    8.79599E-03
     2.14200E+00    2.74558E-02    1.31231E-02    4.69650E-01   -1.69108E-02    5.00095E-04    3.29876E-04    2.07117E-03    8.73958E-03
     2.14800E+00    2.72236E-02    1.27486E-02    4.69683E-01   -1.64642E-02    4.91069E-04    3.19450E-04    2.06735E-03    8.68436E-03
     2.15400E+00    2.69982E-02    1.23786E-02    4.69715E-01   -1.60207E-02    4.82339E-04    3.09231E-04    2.06364E-03    8.63036E-03
     2.16000E+00    2.67794E-02    1.20130E-02    4.69746E-01   -1.55801E-02    4.73899E-04    2.99214E-04    2.06005E-03    8.57755E-03
     2.16600E+00    2.65672E-02    1.16516E-02    4.69776E-01   -1.51424E-02    4.65744E-04    2.89394E-04    2.05657E-03    8.52595E-03
     2.17200E+00    2.63615E-02    1.12945E-02    4.69805E-01   -1.47075E-02    4.57868E-04    2.79764E-04    2.05322E-03    8.47555E-03
     2.17800E+00    2.61622E-02    1.09415E-02    4.69833E-01   -1.42755E-02    4.50265E-04    2.70321E-04    2.04997E-03    8.42635E-03
     2.18400E+00    2.59693E-02    1.05924E-02    4.69860E-01   -1.38463E-02    4.42930E-04    2.61058E-04    2.04683E-03    8.37835E-03
     2.19000E+00    2.57826E-02    1.02473E-02    4.69887E-01   -1.34199E-02    4.35859E-04    2.51971E-04    2.04380E-03    8.33156E-03
     2.19600E+00    2.56022E-02    9.90597E-03    4.69912E-01   -1.29962E-02    4.29045E-04    2.43054E-04    2.04088E-03    8.28598E-03
     2.20200E+00    2.54278E-02    9.56838E-03    4.69936E-01   -1.25751E-02    4.22485E-04    2.34302E-04    2.03807E-03    8.24160E-03
     2.20800E+00    2.52595E-02    9.23444E-03    4.69960E-01   -1.21568E-02    4.16173E-04    2.25711E-04    2.03536E-03    8.19843E-03
     2.21400E+00    2.50972E-02    8.90405E-03    4.69983E-01   -1.17410E-02    4.10106E-04    2.17276E-04    2.03275E-03    8.15647E-03
     2.22000E+00    2.49408E-02    8.57713E-03    4.70005E-01   -1.13279E-02    4.04278E-04    2.08991E-04    2.03024E-03    8.11573E-03
     2.22600E+00    2.47903E-02    8.25359E-03    4.70026E-01   -1.09173E-02    3.98686E-04    2.00853E-04    2.02783E-03    8.07621E-03
     2.23200E+00    2.46455E-02    7.93335E-03    4.70046E-01   -1.05093E-02    3.93325E-04    1.92857E-04    2.02552E-03    8.03790E-03
     2.23800E+00    2.45065E-02    7.61633E-03    4.70065E-01   -1.01037E-02    3.88192E-04    1.84998E-04    2.02330E-03    8.00082E-03
     2.24400E+00    2.43732E-02    7.30246E-03    4.70084E-01   -9.70061E-03    3.83283E-04    1.77272E-04    2.02118E-03    7.96498E-03
     2.25000E+00    2.42454E-02    6.99163E-03    4.70102E-01   -9.29995E-03    3.78594E-04    1.69675E-04    2.01916E-03    7.93037E-03
     2.25600E+00    2.41232E-02    6.68379E-03    4.70119E-01   -8.90169E-03    3.74122E-04    1.62201E-04    2.01722E-03    7.89700E-03
     2.26200E+00    2.40065E-02    6.37885E-03    4.70135E-01   -8.50580E-03    3.69863E-04    1.54848E-04    2.01538E-03    7.86487E-03
     2.26800E+00    2.38953E-02    6.07673E-03    4.70150E-01   -8.11225E-03    3.65814E-04    1.47611E-04    2.01363E-03    7.83400E-03
     2.27400E+00    2.37894E-02    5.77736E-03    4.70165E-01   -7.72101E-03    3.61972E-04    1.40486E-04    2.01197E-03    7.80439E-03
     2.28000E+00    2.36889E-02    5.48066E-03    4.70179E-01   -7.33206E-03    3.58333E-04    1.33468E-04    2.01039E-03    7.77604E-03
     2.28600E+00    2.35936E-02    5.18656E-03    4.70192E-01   -6.94536E-03    3.54896E-04    1.26554E-04    2.00891E-03    7.74897E-03
     2.29200E+00    2.35036E-02    4.89498E-03    4.70204E-01   -6.56089E-03    3.51657E-04    1.19741E-04    2.00750E-03    7.72318E-03
     2.29800E+00    2.34188E-02    4.60586E-03    4.70216E-01   -6.17861E-03    3.48613E-04    1.13023E-04    2.00619E-03    7.69869E-03
     2.30400E+00    2.33392E-02    4.31912E-03    4.70227E-01   -5.79850E-03    3.45762E-04    1.06397E-04    2.00496E-03    7.67549E-03
     2.31000E+00    2.32646E-02    4.03469E-03    4.70237E-01   -5.42052E-03    3.43102E-04    9.98604E-05    2.00381E-03    7.65360E-03
     2.31600E+00    2.31951E-02    3.75251E-03    4.70247E-01   -5.04467E-03    3.40630E-04    9.34082E-05    2.00275E-03    7.63304E-03
     2.32200E+00    2.31307E-02    3.47249E-03    4.70256E-01   -4.67090E-03    3.38344E-04    8.70371E-05    2.00176E-03    7.61380E-03
     2.32800E+00    2.30712E-02    3.19458E-03    4.70264E-01   -4.29919E-03    3.36242E-04    8.07435E-05    2.00086E-03    7.59591E-03
     2.33400E+00    2.30167E-02    2.91871E-03    4.70272E-01   -3.92951E-03    3.34322E-04    7.45238E-05    2.00004E-03    7.57937E-03
     2.34000E+00    2.29671E-02    2.64481E-03    4.70278E-01   -3.56184E-03    3.32581E-04    6.83745E-05    1.99930E-03    7.56420E-03
     2.34600E+00    2.29223E-02    2.37281E-03    4.70285E-01   -3.19615E-03    3.31019E-04    6.22921E-05    1.99863E-03    7.55040E-03
     2.35200E+00    2.28824E-02    2.10266E-03    4.70290E-01   -2.83241E-03    3.29634E-04    5.62731E-05    1.99805E-03    7.53800E-03
     2.35800E+00    2.28473E-02    1.83428E-03    4.70295E-01   -2.47061E-03    3.28423E-04    5.03141E-05    1.99754E-03    7.52700E-03
     2.36400E+00    2.28170E-02    1.56761E-03    4.70299E-01   -2.11071E-03    3.27386E-04    4.44117E-05    1.99711E-03    7.51743E-03
     2.37000E+00    2.27914E-02    1.30259E-03    4.70303E-01   -1.75270E-03    3.26521E-04    3.85625E-05    1.99676E-03    7.50929E-03
     2.37600E+00    2.27705E-02    1.03916E-03    4.70306E-01   -1.39654E-03    3.25826E-04    3.27633E-05    1.99648E-03    7.50260E-03
     2.38200E+00    2.27543E-02    7.77252E-04    4.70308E-01   -1.04221E-03    3.25301E-04    2.70107E-05    1.99628E-03    7.49739E-03
     2.38800E+00    2.27428E-02    5.16810E-04    4.70310E-01   -6.89696E-04    3.24944E-04    2.13014E-05    1.99615E-03    7.49365E-03
     2.39400E+00    2.27359E-02    2.57773E-04    4.70311E-01   -3.38967E-04    3.24755E-04    1.56323E-05    1.99610E-03    7.49143E-03
     2.40000E+00    2.27336E-02    8.02355E-08    4.70311E-01    1.00000E-05    3.24732E-04    1.00000E-05    1.99612E-03    7.49072E-03
