     1.00000E-05    3.90638E+00   -2.73935E-05   -5.32418E-01   -1.74065E-05    4.02555E-01    7.34919E-06    3.66461E-01    9.01707E-11
     5.75997E-03    3.90602E+00    2.50117E-02   -5.32302E-01   -1.00251E-02    4.02517E-01    4.23253E-03    3.66410E-01    2.99121E-05
     1.15099E-02    3.90493E+00    4.99644E-02   -5.31955E-01   -2.00269E-02    4.02401E-01    8.45421E-03    3.66255E-01    1.19395E-04
     1.72599E-02    3.90311E+00    7.48861E-02   -5.31376E-01   -3.00170E-02    4.02209E-01    1.26689E-02    3.65998E-01    2.68313E-04
     2.30099E-02    3.90058E+00    9.97612E-02   -5.30567E-01   -3.99894E-02    4.01940E-01    1.68731E-02    3.65638E-01    4.76440E-04
     2.87599E-02    3.89732E+00    1.24574E-01   -5.29527E-01   -4.99383E-02    4.01594E-01    2.10635E-02    3.65176E-01    7.43460E-04
     3.45098E-02    3.89335E+00    1.49310E-01   -5.28259E-01   -5.98579E-02    4.01172E-01    2.52364E-02    3.64613E-01    1.06897E-03
     4.02598E-02    3.88866E+00    1.73953E-01   -5.26763E-01   -6.97425E-02    4.00674E-01    2.93886E-02    3.63949E-01    1.45247E-03
     4.60098E-02    3.88325E+00    1.98489E-01   -5.25040E-01   -7.95863E-02    4.00101E-01    3.35167E-02    3.63184E-01    1.89339E-03
     5.17598E-02    3.87714E+00    2.22902E-01   -5.23093E-01   -8.93836E-02    3.99452E-01    3.76174E-02    3.62320E-01    2.39107E-03
     5.75097E-02    3.87033E+00    2.47178E-01   -5.20922E-01   -9.91290E-02    3.98728E-01    4.16873E-02    3.61357E-01    2.94475E-03
     6.32597E-02    3.86281E+00    2.71302E-01   -5.18529E-01   -1.08817E-01    3.97930E-01    4.57232E-02    3.60297E-01    3.55360E-03
     6.90097E-02    3.85460E+00    2.95259E-01   -5.15917E-01   -1.18441E-01    3.97059E-01    4.97220E-02    3.59140E-01    4.21672E-03
     7.47597E-02    3.84571E+00    3.19035E-01   -5.13087E-01   -1.27998E-01    3.96114E-01    5.36805E-02    3.57887E-01    4.93311E-03
     8.05096E-02    3.83613E+00    3.42617E-01   -5.10043E-01   -1.37481E-01    3.95096E-01    5.75958E-02    3.56541E-01    5.70172E-03
     8.62596E-02    3.82588E+00    3.65990E-01   -5.06786E-01   -1.46884E-01    3.94007E-01    6.14648E-02    3.55102E-01    6.52142E-03
     9.20096E-02    3.81496E+00    3.89141E-01   -5.03320E-01   -1.56204E-01    3.92846E-01    6.52846E-02    3.53572E-01    7.39098E-03
     9.77596E-02    3.80339E+00    4.12057E-01   -4.99648E-01   -1.65435E-01    3.91615E-01    6.90524E-02    3.51951E-01    8.30915E-03
     1.03510E-01    3.79116E+00    4.34725E-01   -4.95772E-01   -1.74573E-01    3.90314E-01    7.27654E-02    3.50243E-01    9.27459E-03
     1.09260E-01    3.77829E+00    4.57133E-01   -4.91695E-01   -1.83612E-01    3.88945E-01    7.64211E-02    3.48449E-01    1.02859E-02
     1.15009E-01    3.76479E+00    4.79267E-01   -4.87422E-01   -1.92548E-01    3.87508E-01    8.00169E-02    3.46569E-01    1.13416E-02
     1.20759E-01    3.75066E+00    5.01116E-01   -4.82955E-01   -2.01376E-01    3.86004E-01    8.35503E-02    3.44607E-01    1.24402E-02
     1.26509E-01    3.73592E+00    5.22669E-01   -4.78299E-01   -2.10092E-01    3.84434E-01    8.70189E-02    3.42565E-01    1.35802E-02
     1.32259E-01    3.72058E+00    5.43914E-01   -4.73456E-01   -2.18693E-01    3.82800E-01    9.04205E-02    3.40443E-01    1.47598E-02
     1.38009E-01    3.70464E+00    5.64841E-01   -4.68432E-01   -2.27173E-01    3.81101E-01    9.37529E-02    3.38244E-01    1.59776E-02
     1.43759E-01    3.68812E+00    5.85438E-01   -4.63229E-01   -2.35530E-01    3.79340E-01    9.70141E-02    3.35970E-01    1.72317E-02
     1.49509E-01    3.67103E+00    6.05696E-01   -4.57853E-01   -2.43758E-01    3.77517E-01    1.00202E-01    3.33624E-01    1.85205E-02
     1.55259E-01    3.65338E+00    6.25605E-01   -4.52306E-01   -2.51856E-01    3.75634E-01    1.03315E-01    3.31208E-01    1.98421E-02
     1.61009E-01    3.63518E+00    6.45157E-01   -4.46595E-01   -2.59818E-01    3.73692E-01    1.06351E-01    3.28723E-01    2.11949E-02
     1.66759E-01    3.61645E+00    6.64341E-01   -4.40722E-01   -2.67643E-01    3.71691E-01    1.09309E-01    3.26172E-01    2.25769E-02
     1.72509E-01    3.59719E+00    6.83150E-01   -4.34692E-01   -2.75326E-01    3.69635E-01    1.12187E-01    3.23558E-01    2.39863E-02
     1.78259E-01    3.57743E+00    7.01575E-01   -4.28511E-01   -2.82866E-01    3.67522E-01    1.14984E-01    3.20882E-01    2.54213E-02
     1.84009E-01    3.55717E+00    7.19609E-01   -4.22183E-01   -2.90258E-01    3.65356E-01    1.17699E-01    3.18147E-01    2.68800E-02
     1.89759E-01    3.53642E+00    7.37246E-01   -4.15711E-01   -2.97501E-01    3.63136E-01    1.20329E-01    3.15356E-01    2.83605E-02
     1.95509E-01    3.51520E+00    7.54477E-01   -4.09102E-01   -3.04592E-01    3.60866E-01    1.22875E-01    3.12511E-01    2.98609E-02
     2.01259E-01    3.49352E+00    7.71297E-01   -4.02360E-01   -3.11528E-01    3.58545E-01    1.25336E-01    3.09614E-01    3.13793E-02
     2.07009E-01    3.47140E+00    7.87701E-01   -3.95489E-01   -3.18308E-01    3.56175E-01    1.27710E-01    3.06668E-01    3.29138E-02
     2.12759E-01    3.44886E+00    8.03682E-01   -3.88495E-01   -3.24930E-01    3.53759E-01    1.29997E-01    3.03675E-01    3.44625E-02
     2.18509E-01    3.42589E+00    8.19237E-01   -3.81383E-01   -3.31392E-01    3.51296E-01    1.32196E-01    3.00638E-01    3.60236E-02
     2.24259E-01    3.40252E+00    8.34360E-01   -3.74157E-01   -3.37691E-01    3.48790E-01    1.34307E-01    2.97560E-01    3.75951E-02
     2.30009E-01    3.37877E+00    8.49047E-01   -3.66823E-01   -3.43828E-01    3.46240E-01    1.36329E-01    2.94441E-01    3.91751E-02
     2.35759E-01    3.35464E+00    8.63295E-01   -3.59385E-01   -3.49800E-01    3.43649E-01    1.38263E-01    2.91286E-01    4.07620E-02
     2.41509E-01    3.33015E+00    8.77102E-01   -3.51848E-01   -3.55606E-01    3.41018E-01    1.40107E-01    2.88097E-01    4.23537E-02
     2.47259E-01    3.30532E+00    8.90463E-01   -3.44217E-01   -3.61245E-01    3.38349E-01    1.41863E-01    2.84875E-01    4.39485E-02
     2.53009E-01    3.28016E+00    9.03377E-01   -3.36498E-01   -3.66717E-01    3.35643E-01    1.43530E-01    2.81625E-01    4.55447E-02
     2.58759E-01    3.25468E+00    9.15843E-01   -3.28695E-01   -3.72020E-01    3.32901E-01    1.45108E-01    2.78346E-01    4.71404E-02
     2.64509E-01    3.22890E+00    9.27858E-01   -3.20812E-01   -3.77155E-01    3.30126E-01    1.46597E-01    2.75044E-01    4.87339E-02
     2.70259E-01    3.20283E+00    9.39423E-01   -3.12856E-01   -3.82121E-01    3.27318E-01    1.47999E-01    2.71718E-01    5.03236E-02
     2.76009E-01    3.17649E+00    9.50535E-01   -3.04831E-01   -3.86917E-01    3.24480E-01    1.49312E-01    2.68373E-01    5.19078E-02
     2.81759E-01    3.14989E+00    9.61196E-01   -2.96742E-01   -3.91543E-01    3.21612E-01    1.50539E-01    2.65010E-01    5.34848E-02
     2.87509E-01    3.12305E+00    9.71405E-01   -2.88592E-01   -3.96000E-01    3.18716E-01    1.51679E-01    2.61632E-01    5.50532E-02
     2.93259E-01    3.09598E+00    9.81164E-01   -2.80389E-01   -4.00288E-01    3.15794E-01    1.52733E-01    2.58240E-01    5.66112E-02
     2.99009E-01    3.06870E+00    9.90473E-01   -2.72135E-01   -4.04407E-01    3.12847E-01    1.53702E-01    2.54837E-01    5.81575E-02
     3.04759E-01    3.04121E+00    9.99333E-01   -2.63836E-01   -4.08358E-01    3.09877E-01    1.54587E-01    2.51426E-01    5.96906E-02
     3.10509E-01    3.01354E+00    1.00775E+00   -2.55496E-01   -4.12140E-01    3.06886E-01    1.55389E-01    2.48008E-01    6.12091E-02
     3.16259E-01    2.98569E+00    1.01572E+00   -2.47119E-01   -4.15756E-01    3.03874E-01    1.56108E-01    2.44585E-01    6.27116E-02
     3.22009E-01    2.95768E+00    1.02324E+00   -2.38711E-01   -4.19205E-01    3.00843E-01    1.56747E-01    2.41159E-01    6.41968E-02
     3.27759E-01    2.92953E+00    1.03033E+00   -2.30276E-01   -4.22489E-01    2.97795E-01    1.57305E-01    2.37733E-01    6.56634E-02
     3.33509E-01    2.90125E+00    1.03699E+00   -2.21818E-01   -4.25608E-01    2.94731E-01    1.57785E-01    2.34308E-01    6.71103E-02
     3.39259E-01    2.87284E+00    1.04321E+00   -2.13341E-01   -4.28564E-01    2.91652E-01    1.58187E-01    2.30887E-01    6.85362E-02
     3.45008E-01    2.84433E+00    1.04900E+00   -2.04850E-01   -4.31358E-01    2.88561E-01    1.58513E-01    2.27470E-01    6.99401E-02
     3.50758E-01    2.81573E+00    1.05437E+00   -1.96348E-01   -4.33992E-01    2.85458E-01    1.58764E-01    2.24061E-01    7.13208E-02
     3.56508E-01    2.78705E+00    1.05932E+00   -1.87841E-01   -4.36466E-01    2.82344E-01    1.58942E-01    2.20660E-01    7.26774E-02
     3.62258E-01    2.75830E+00    1.06385E+00   -1.79331E-01   -4.38783E-01    2.79222E-01    1.59047E-01    2.17269E-01    7.40090E-02
     3.68008E-01    2.72950E+00    1.06797E+00   -1.70822E-01   -4.40944E-01    2.76093E-01    1.59083E-01    2.13891E-01    7.53145E-02
     3.73758E-01    2.70065E+00    1.07169E+00   -1.62319E-01   -4.42951E-01    2.72957E-01    1.59049E-01    2.10526E-01    7.65932E-02
     3.79508E-01    2.67178E+00    1.07501E+00   -1.53825E-01   -4.44805E-01    2.69817E-01    1.58948E-01    2.07176E-01    7.78442E-02
     3.85258E-01    2.64288E+00    1.07793E+00   -1.45344E-01   -4.46510E-01    2.66673E-01    1.58781E-01    2.03842E-01    7.90669E-02
     3.91008E-01    2.61398E+00    1.08046E+00   -1.36880E-01   -4.48065E-01    2.63527E-01    1.58550E-01    2.00527E-01    8.02605E-02
     3.96758E-01    2.58508E+00    1.08262E+00   -1.28435E-01   -4.49474E-01    2.60380E-01    1.58257E-01    1.97231E-01    8.14243E-02
     4.02508E-01    2.55619E+00    1.08439E+00   -1.20014E-01   -4.50739E-01    2.57233E-01    1.57903E-01    1.93955E-01    8.25578E-02
     4.08258E-01    2.52734E+00    1.08580E+00   -1.11619E-01   -4.51862E-01    2.54088E-01    1.57489E-01    1.90702E-01    8.36605E-02
     4.14008E-01    2.49851E+00    1.08685E+00   -1.03253E-01   -4.52845E-01    2.50945E-01    1.57019E-01    1.87471E-01    8.47318E-02
     4.19758E-01    2.46974E+00    1.08753E+00   -9.49204E-02   -4.53690E-01    2.47807E-01    1.56492E-01    1.84265E-01    8.57713E-02
     4.25508E-01    2.44102E+00    1.08787E+00   -8.66234E-02   -4.54400E-01    2.44673E-01    1.55912E-01    1.81084E-01    8.67786E-02
     4.31258E-01    2.41237E+00    1.08787E+00   -7.83650E-02   -4.54977E-01    2.41545E-01    1.55279E-01    1.77929E-01    8.77533E-02
     4.37008E-01    2.38379E+00    1.08753E+00   -7.01481E-02   -4.55423E-01    2.38425E-01    1.54596E-01    1.74802E-01    8.86953E-02
     4.42758E-01    2.35530E+00    1.08686E+00   -6.19753E-02   -4.55742E-01    2.35313E-01    1.53864E-01    1.71703E-01    8.96041E-02
     4.48508E-01    2.32690E+00    1.08587E+00   -5.38493E-02   -4.55934E-01    2.32210E-01    1.53085E-01    1.68633E-01    9.04796E-02
     4.54258E-01    2.29861E+00    1.08457E+00   -4.57725E-02   -4.56004E-01    2.29117E-01    1.52261E-01    1.65594E-01    9.13217E-02
     4.60008E-01    2.27042E+00    1.08297E+00   -3.77474E-02   -4.55953E-01    2.26035E-01    1.51393E-01    1.62585E-01    9.21301E-02
     4.65758E-01    2.24236E+00    1.08106E+00   -2.97762E-02   -4.55785E-01    2.22966E-01    1.50484E-01    1.59607E-01    9.29049E-02
     4.71508E-01    2.21442E+00    1.07887E+00   -2.18613E-02   -4.55501E-01    2.19909E-01    1.49534E-01    1.56662E-01    9.36460E-02
     4.77258E-01    2.18662E+00    1.07639E+00   -1.40047E-02   -4.55104E-01    2.16867E-01    1.48546E-01    1.53749E-01    9.43534E-02
     4.83008E-01    2.15896E+00    1.07363E+00   -6.20857E-03   -4.54598E-01    2.13839E-01    1.47521E-01    1.50870E-01    9.50270E-02
     4.88758E-01    2.13145E+00    1.07061E+00    1.52528E-03   -4.53984E-01    2.10827E-01    1.46461E-01    1.48025E-01    9.56671E-02
     4.94508E-01    2.10409E+00    1.06733E+00    9.19495E-03   -4.53265E-01    2.07832E-01    1.45367E-01    1.45214E-01    9.62736E-02
     5.00258E-01    2.07690E+00    1.06380E+00    1.67987E-02   -4.52445E-01    2.04853E-01    1.44242E-01    1.42438E-01    9.68468E-02
     5.06008E-01    2.04988E+00    1.06002E+00    2.43348E-02   -4.51525E-01    2.01893E-01    1.43086E-01    1.39697E-01    9.73868E-02
     5.11758E-01    2.02303E+00    1.05600E+00    3.18018E-02   -4.50508E-01    1.98951E-01    1.41902E-01    1.36992E-01    9.78937E-02
     5.17508E-01    1.99636E+00    1.05176E+00    3.91981E-02   -4.49398E-01    1.96029E-01    1.40691E-01    1.34322E-01    9.83679E-02
     5.23258E-01    1.96987E+00    1.04730E+00    4.65223E-02   -4.48196E-01    1.93127E-01    1.39454E-01    1.31689E-01    9.88096E-02
     5.29008E-01    1.94358E+00    1.04262E+00    5.37732E-02   -4.46906E-01    1.90245E-01    1.38193E-01    1.29092E-01    9.92191E-02
     5.34758E-01    1.91749E+00    1.03773E+00    6.09494E-02   -4.45530E-01    1.87385E-01    1.36910E-01    1.26532E-01    9.95967E-02
     5.40508E-01    1.89159E+00    1.03265E+00    6.80500E-02   -4.44070E-01    1.84546E-01    1.35605E-01    1.24009E-01    9.99427E-02
     5.46258E-01    1.86590E+00    1.02738E+00    7.50737E-02   -4.42530E-01    1.81730E-01    1.34281E-01    1.21523E-01    1.00258E-01
     5.52008E-01    1.84042E+00    1.02192E+00    8.20197E-02   -4.40912E-01    1.78937E-01    1.32939E-01    1.19074E-01    1.00541E-01
     5.57758E-01    1.81515E+00    1.01628E+00    8.88870E-02   -4.39219E-01    1.76167E-01    1.31580E-01    1.16661E-01    1.00795E-01
     5.63508E-01    1.79010E+00    1.01048E+00    9.56748E-02   -4.37452E-01    1.73421E-01    1.30205E-01    1.14286E-01    1.01019E-01
     5.69258E-01    1.76526E+00    1.00451E+00    1.02382E-01   -4.35616E-01    1.70699E-01    1.28817E-01    1.11948E-01    1.01213E-01
     5.75008E-01    1.74066E+00    9.98392E-01    1.09009E-01   -4.33712E-01    1.68002E-01    1.27415E-01    1.09647E-01    1.01377E-01
     5.80757E-01    1.71627E+00    9.92123E-01    1.15554E-01   -4.31742E-01    1.65330E-01    1.26001E-01    1.07384E-01    1.01514E-01
     5.86507E-01    1.69212E+00    9.85714E-01    1.22018E-01   -4.29710E-01    1.62684E-01    1.24577E-01    1.05157E-01    1.01622E-01
     5.92257E-01    1.66820E+00    9.79170E-01    1.28399E-01   -4.27618E-01    1.60063E-01    1.23144E-01    1.02967E-01    1.01702E-01
     5.98007E-01    1.64451E+00    9.72499E-01    1.34697E-01   -4.25468E-01    1.57469E-01    1.21703E-01    1.00814E-01    1.01755E-01
     6.03757E-01    1.62106E+00    9.65706E-01    1.40911E-01   -4.23263E-01    1.54901E-01    1.20254E-01    9.86970E-02    1.01782E-01
     6.09507E-01    1.59785E+00    9.58800E-01    1.47043E-01   -4.21004E-01    1.52359E-01    1.18800E-01    9.66167E-02    1.01783E-01
     6.15257E-01    1.57488E+00    9.51785E-01    1.53091E-01   -4.18695E-01    1.49845E-01    1.17341E-01    9.45726E-02    1.01758E-01
     6.21007E-01    1.55214E+00    9.44669E-01    1.59055E-01   -4.16337E-01    1.47358E-01    1.15878E-01    9.25645E-02    1.01708E-01
     6.26757E-01    1.52965E+00    9.37457E-01    1.64936E-01   -4.13934E-01    1.44898E-01    1.14412E-01    9.05922E-02    1.01633E-01
     6.32507E-01    1.50741E+00    9.30155E-01    1.70732E-01   -4.11486E-01    1.42466E-01    1.12944E-01    8.86554E-02    1.01535E-01
     6.38257E-01    1.48541E+00    9.22770E-01    1.76446E-01   -4.08997E-01    1.40061E-01    1.11475E-01    8.67537E-02    1.01413E-01
     6.44007E-01    1.46366E+00    9.15306E-01    1.82075E-01   -4.06468E-01    1.37684E-01    1.10006E-01    8.48870E-02    1.01269E-01
     6.49757E-01    1.44215E+00    9.07770E-01    1.87621E-01   -4.03902E-01    1.35336E-01    1.08537E-01    8.30550E-02    1.01102E-01
     6.55507E-01    1.42089E+00    9.00167E-01    1.93084E-01   -4.01300E-01    1.33015E-01    1.07070E-01    8.12572E-02    1.00914E-01
     6.61257E-01    1.39987E+00    8.92503E-01    1.98463E-01   -3.98665E-01    1.30723E-01    1.05606E-01    7.94935E-02    1.00705E-01
     6.67007E-01    1.37911E+00    8.84782E-01    2.03760E-01   -3.95999E-01    1.28459E-01    1.04145E-01    7.77633E-02    1.00475E-01
     6.72757E-01    1.35859E+00    8.77011E-01    2.08975E-01   -3.93303E-01    1.26223E-01    1.02687E-01    7.60665E-02    1.00225E-01
     6.78507E-01    1.33832E+00    8.69193E-01    2.14108E-01   -3.90579E-01    1.24016E-01    1.01234E-01    7.44026E-02    9.99560E-02
     6.84257E-01    1.31829E+00    8.61333E-01    2.19159E-01   -3.87830E-01    1.21837E-01    9.97865E-02    7.27713E-02    9.96683E-02
     6.90007E-01    1.29852E+00    8.53437E-01    2.24129E-01   -3.85057E-01    1.19686E-01    9.83446E-02    7.11721E-02    9.93623E-02
     6.95757E-01    1.27899E+00    8.45509E-01    2.29018E-01   -3.82262E-01    1.17563E-01    9.69092E-02    6.96048E-02    9.90387E-02
     7.01507E-01    1.25970E+00    8.37554E-01    2.33828E-01   -3.79446E-01    1.15469E-01    9.54809E-02    6.80688E-02    9.86980E-02
     7.07257E-01    1.24066E+00    8.29575E-01    2.38557E-01   -3.76612E-01    1.13404E-01    9.40601E-02    6.65638E-02    9.83409E-02
     7.13007E-01    1.22187E+00    8.21577E-01    2.43208E-01   -3.73761E-01    1.11366E-01    9.26475E-02    6.50894E-02    9.79678E-02
     7.18757E-01    1.20331E+00    8.13564E-01    2.47781E-01   -3.70894E-01    1.09357E-01    9.12436E-02    6.36451E-02    9.75793E-02
     7.24507E-01    1.18500E+00    8.05540E-01    2.52275E-01   -3.68013E-01    1.07375E-01    8.98488E-02    6.22306E-02    9.71760E-02
     7.30257E-01    1.16694E+00    7.97509E-01    2.56693E-01   -3.65120E-01    1.05422E-01    8.84635E-02    6.08455E-02    9.67584E-02
     7.36007E-01    1.14911E+00    7.89474E-01    2.61035E-01   -3.62215E-01    1.03496E-01    8.70883E-02    5.94892E-02    9.63270E-02
     7.41757E-01    1.13152E+00    7.81439E-01    2.65301E-01   -3.59302E-01    1.01599E-01    8.57235E-02    5.81614E-02    9.58824E-02
     7.47507E-01    1.11416E+00    7.73408E-01    2.69492E-01   -3.56380E-01    9.97284E-02    8.43695E-02    5.68616E-02    9.54250E-02
     7.53257E-01    1.09705E+00    7.65383E-01    2.73609E-01   -3.53451E-01    9.78857E-02    8.30266E-02    5.55895E-02    9.49555E-02
     7.59007E-01    1.08016E+00    7.57369E-01    2.77653E-01   -3.50516E-01    9.60703E-02    8.16953E-02    5.43445E-02    9.44742E-02
     7.64757E-01    1.06351E+00    7.49367E-01    2.81625E-01   -3.47578E-01    9.42820E-02    8.03757E-02    5.31262E-02    9.39817E-02
     7.70507E-01    1.04709E+00    7.41382E-01    2.85524E-01   -3.44636E-01    9.25208E-02    7.90683E-02    5.19343E-02    9.34786E-02
     7.76257E-01    1.03090E+00    7.33415E-01    2.89353E-01   -3.41692E-01    9.07864E-02    7.77732E-02    5.07682E-02    9.29651E-02
     7.82007E-01    1.01494E+00    7.25470E-01    2.93112E-01   -3.38747E-01    8.90786E-02    7.64907E-02    4.96276E-02    9.24420E-02
     7.87757E-01    9.99205E-01    7.17549E-01    2.96802E-01   -3.35803E-01    8.73972E-02    7.52211E-02    4.85120E-02    9.19095E-02
     7.93507E-01    9.83692E-01    7.09655E-01    3.00424E-01   -3.32860E-01    8.57421E-02    7.39645E-02    4.74209E-02    9.13682E-02
     7.99257E-01    9.68400E-01    7.01790E-01    3.03978E-01   -3.29920E-01    8.41131E-02    7.27212E-02    4.63540E-02    9.08186E-02
     8.05006E-01    9.53329E-01    6.93956E-01    3.07465E-01   -3.26982E-01    8.25098E-02    7.14914E-02    4.53108E-02    9.02610E-02
     8.10756E-01    9.38475E-01    6.86156E-01    3.10887E-01   -3.24049E-01    8.09321E-02    7.02751E-02    4.42909E-02    8.96959E-02
     8.16506E-01    9.23837E-01    6.78392E-01    3.14245E-01   -3.21122E-01    7.93799E-02    6.90726E-02    4.32938E-02    8.91237E-02
     8.22256E-01    9.09412E-01    6.70666E-01    3.17538E-01   -3.18200E-01    7.78527E-02    6.78840E-02    4.23192E-02    8.85448E-02
     8.28006E-01    8.95199E-01    6.62979E-01    3.20768E-01   -3.15285E-01    7.63505E-02    6.67094E-02    4.13666E-02    8.79597E-02
     8.33756E-01    8.81195E-01    6.55334E-01    3.23937E-01   -3.12378E-01    7.48729E-02    6.55489E-02    4.04356E-02    8.73686E-02
     8.39506E-01    8.67398E-01    6.47732E-01    3.27044E-01   -3.09479E-01    7.34198E-02    6.44026E-02    3.95258E-02    8.67721E-02
     8.45256E-01    8.53807E-01    6.40175E-01    3.30091E-01   -3.06589E-01    7.19909E-02    6.32705E-02    3.86368E-02    8.61705E-02
     8.51006E-01    8.40417E-01    6.32665E-01    3.33079E-01   -3.03710E-01    7.05858E-02    6.21527E-02    3.77682E-02    8.55642E-02
     8.56756E-01    8.27229E-01    6.25202E-01    3.36008E-01   -3.00840E-01    6.92045E-02    6.10494E-02    3.69196E-02    8.49534E-02
     8.62506E-01    8.14238E-01    6.17789E-01    3.38880E-01   -2.97982E-01    6.78465E-02    5.99604E-02    3.60905E-02    8.43387E-02
     8.68256E-01    8.01444E-01    6.10426E-01    3.41695E-01   -2.95136E-01    6.65118E-02    5.88858E-02    3.52807E-02    8.37202E-02
     8.74006E-01    7.88843E-01    6.03115E-01    3.44454E-01   -2.92302E-01    6.51998E-02    5.78256E-02    3.44897E-02    8.30984E-02
     8.79756E-01    7.76433E-01    5.95858E-01    3.47158E-01   -2.89481E-01    6.39106E-02    5.67799E-02    3.37171E-02    8.24735E-02
     8.85506E-01    7.64213E-01    5.88654E-01    3.49809E-01   -2.86674E-01    6.26436E-02    5.57487E-02    3.29626E-02    8.18459E-02
     8.91256E-01    7.52179E-01    5.81506E-01    3.52406E-01   -2.83880E-01    6.13988E-02    5.47318E-02    3.22258E-02    8.12158E-02
     8.97006E-01    7.40329E-01    5.74413E-01    3.54952E-01   -2.81101E-01    6.01758E-02    5.37294E-02    3.15063E-02    8.05837E-02
     9.02756E-01    7.28662E-01    5.67378E-01    3.57446E-01   -2.78336E-01    5.89743E-02    5.27412E-02    3.08037E-02    7.99497E-02
     9.08506E-01    7.17174E-01    5.60400E-01    3.59889E-01   -2.75587E-01    5.77941E-02    5.17674E-02    3.01177E-02    7.93141E-02
     9.14256E-01    7.05864E-01    5.53481E-01    3.62284E-01   -2.72854E-01    5.66349E-02    5.08079E-02    2.94480E-02    7.86773E-02
     9.20006E-01    6.94729E-01    5.46620E-01    3.64629E-01   -2.70136E-01    5.54964E-02    4.98626E-02    2.87942E-02    7.80394E-02
     9.25756E-01    6.83767E-01    5.39820E-01    3.66926E-01   -2.67435E-01    5.43784E-02    4.89314E-02    2.81560E-02    7.74008E-02
     9.31506E-01    6.72976E-01    5.33081E-01    3.69177E-01   -2.64751E-01    5.32805E-02    4.80142E-02    2.75330E-02    7.67616E-02
     9.37256E-01    6.62352E-01    5.26402E-01    3.71381E-01   -2.62084E-01    5.22025E-02    4.71111E-02    2.69249E-02    7.61221E-02
     9.43006E-01    6.51895E-01    5.19784E-01    3.73540E-01   -2.59434E-01    5.11442E-02    4.62218E-02    2.63313E-02    7.54826E-02
     9.48756E-01    6.41602E-01    5.13229E-01    3.75655E-01   -2.56802E-01    5.01052E-02    4.53464E-02    2.57520E-02    7.48433E-02
     9.54506E-01    6.31469E-01    5.06735E-01    3.77726E-01   -2.54187E-01    4.90853E-02    4.44847E-02    2.51867E-02    7.42043E-02
     9.60256E-01    6.21497E-01    5.00304E-01    3.79754E-01   -2.51591E-01    4.80842E-02    4.36366E-02    2.46349E-02    7.35659E-02
     9.66006E-01    6.11681E-01    4.93936E-01    3.81739E-01   -2.49013E-01    4.71017E-02    4.28020E-02    2.40965E-02    7.29282E-02
     9.71756E-01    6.02019E-01    4.87631E-01    3.83684E-01   -2.46453E-01    4.61374E-02    4.19809E-02    2.35711E-02    7.22916E-02
     9.77506E-01    5.92511E-01    4.81390E-01    3.85588E-01   -2.43912E-01    4.51911E-02    4.11730E-02    2.30585E-02    7.16561E-02
     9.83256E-01    5.83153E-01    4.75211E-01    3.87452E-01   -2.41390E-01    4.42625E-02    4.03783E-02    2.25583E-02    7.10220E-02
     9.89006E-01    5.73943E-01    4.69096E-01    3.89277E-01   -2.38887E-01    4.33514E-02    3.95967E-02    2.20702E-02    7.03893E-02
     9.94756E-01    5.64878E-01    4.63045E-01    3.91064E-01   -2.36403E-01    4.24575E-02    3.88280E-02    2.15940E-02    6.97584E-02
     1.00051E+00    5.55958E-01    4.57057E-01    3.92813E-01   -2.33938E-01    4.15805E-02    3.80721E-02    2.11295E-02    6.91292E-02
     1.00626E+00    5.47180E-01    4.51133E-01    3.94525E-01   -2.31492E-01    4.07201E-02    3.73289E-02    2.06762E-02    6.85021E-02
     1.01201E+00    5.38541E-01    4.45273E-01    3.96202E-01   -2.29066E-01    3.98762E-02    3.65982E-02    2.02341E-02    6.78771E-02
     1.01776E+00    5.30040E-01    4.39476E-01    3.97842E-01   -2.26659E-01    3.90485E-02    3.58799E-02    1.98028E-02    6.72544E-02
     1.02351E+00    5.21674E-01    4.33743E-01    3.99448E-01   -2.24272E-01    3.82366E-02    3.51740E-02    1.93821E-02    6.66341E-02
     1.02926E+00    5.13442E-01    4.28073E-01    4.01020E-01   -2.21905E-01    3.74403E-02    3.44801E-02    1.89716E-02    6.60163E-02
     1.03501E+00    5.05341E-01    4.22466E-01    4.02559E-01   -2.19557E-01    3.66595E-02    3.37983E-02    1.85713E-02    6.54011E-02
     1.04076E+00    4.97370E-01    4.16922E-01    4.04065E-01   -2.17229E-01    3.58938E-02    3.31283E-02    1.81808E-02    6.47888E-02
     1.04651E+00    4.89526E-01    4.11441E-01    4.05539E-01   -2.14920E-01    3.51429E-02    3.24701E-02    1.78000E-02    6.41793E-02
     1.05226E+00    4.81807E-01    4.06023E-01    4.06981E-01   -2.12632E-01    3.44067E-02    3.18234E-02    1.74285E-02    6.35729E-02
     1.05801E+00    4.74212E-01    4.00667E-01    4.08393E-01   -2.10363E-01    3.36849E-02    3.11881E-02    1.70662E-02    6.29695E-02
     1.06376E+00    4.66739E-01    3.95374E-01    4.09775E-01   -2.08113E-01    3.29773E-02    3.05642E-02    1.67128E-02    6.23693E-02
     1.06951E+00    4.59385E-01    3.90142E-01    4.11127E-01   -2.05884E-01    3.22835E-02    2.99513E-02    1.63682E-02    6.17724E-02
     1.07526E+00    4.52149E-01    3.84972E-01    4.12450E-01   -2.03674E-01    3.16035E-02    2.93495E-02    1.60321E-02    6.11789E-02
     1.08101E+00    4.45030E-01    3.79863E-01    4.13744E-01   -2.01483E-01    3.09369E-02    2.87585E-02    1.57043E-02    6.05888E-02
     1.08676E+00    4.38024E-01    3.74815E-01    4.15011E-01   -1.99313E-01    3.02835E-02    2.81783E-02    1.53846E-02    6.00023E-02
     1.09251E+00    4.31131E-01    3.69828E-01    4.16251E-01   -1.97161E-01    2.96431E-02    2.76085E-02    1.50728E-02    5.94193E-02
     1.09826E+00    4.24348E-01    3.64901E-01    4.17464E-01   -1.95030E-01    2.90155E-02    2.70492E-02    1.47688E-02    5.88401E-02
     1.10401E+00    4.17674E-01    3.60034E-01    4.18650E-01   -1.92918E-01    2.84004E-02    2.65002E-02    1.44723E-02    5.82646E-02
     1.10976E+00    4.11107E-01    3.55226E-01    4.19812E-01   -1.90825E-01    2.77976E-02    2.59612E-02    1.41832E-02    5.76928E-02
     1.11551E+00    4.04646E-01    3.50478E-01    4.20948E-01   -1.88751E-01    2.72069E-02    2.54322E-02    1.39013E-02    5.71250E-02
     1.12126E+00    3.98288E-01    3.45788E-01    4.22060E-01   -1.86697E-01    2.66282E-02    2.49131E-02    1.36264E-02    5.65610E-02
     1.12701E+00    3.92032E-01    3.41156E-01    4.23148E-01   -1.84661E-01    2.60610E-02    2.44036E-02    1.33583E-02    5.60011E-02
     1.13276E+00    3.85877E-01    3.36582E-01    4.24212E-01   -1.82645E-01    2.55054E-02    2.39036E-02    1.30969E-02    5.54451E-02
     1.13851E+00    3.79820E-01    3.32066E-01    4.25253E-01   -1.80648E-01    2.49610E-02    2.34131E-02    1.28420E-02    5.48932E-02
     1.14426E+00    3.73860E-01    3.27606E-01    4.26272E-01   -1.78670E-01    2.44277E-02    2.29317E-02    1.25934E-02    5.43454E-02
     1.15000E+00    3.67996E-01    3.23203E-01    4.27268E-01   -1.76710E-01    2.39052E-02    2.24595E-02    1.23510E-02    5.38017E-02
     1.15575E+00    3.62226E-01    3.18856E-01    4.28244E-01   -1.74769E-01    2.33934E-02    2.19962E-02    1.21147E-02    5.32622E-02
     1.16150E+00    3.56548E-01    3.14565E-01    4.29197E-01   -1.72847E-01    2.28920E-02    2.15418E-02    1.18842E-02    5.27268E-02
     1.16725E+00    3.50962E-01    3.10328E-01    4.30131E-01   -1.70943E-01    2.24009E-02    2.10960E-02    1.16595E-02    5.21957E-02
     1.17300E+00    3.45464E-01    3.06146E-01    4.31044E-01   -1.69057E-01    2.19199E-02    2.06588E-02    1.14404E-02    5.16689E-02
     1.17875E+00    3.40055E-01    3.02018E-01    4.31937E-01   -1.67189E-01    2.14487E-02    2.02299E-02    1.12267E-02    5.11463E-02
     1.18450E+00    3.34732E-01    2.97944E-01    4.32811E-01   -1.65340E-01    2.09873E-02    1.98094E-02    1.10184E-02    5.06280E-02
     1.19025E+00    3.29494E-01    2.93923E-01    4.33666E-01   -1.63508E-01    2.05354E-02    1.93969E-02    1.08152E-02    5.01141E-02
     1.19600E+00    3.24340E-01    2.89954E-01    4.34502E-01   -1.61695E-01    2.00928E-02    1.89925E-02    1.06171E-02    4.96044E-02
     1.20175E+00    3.19269E-01    2.86037E-01    4.35320E-01   -1.59899E-01    1.96594E-02    1.85959E-02    1.04240E-02    4.90991E-02
     1.20750E+00    3.14278E-01    2.82172E-01    4.36120E-01   -1.58120E-01    1.92350E-02    1.82070E-02    1.02357E-02    4.85982E-02
     1.21325E+00    3.09366E-01    2.78358E-01    4.36903E-01   -1.56359E-01    1.88194E-02    1.78257E-02    1.00520E-02    4.81016E-02
     1.21900E+00    3.04534E-01    2.74594E-01    4.37669E-01   -1.54615E-01    1.84124E-02    1.74519E-02    9.87295E-03    4.76094E-02
     1.22475E+00    2.99778E-01    2.70881E-01    4.38418E-01   -1.52889E-01    1.80140E-02    1.70855E-02    9.69835E-03    4.71215E-02
     1.23050E+00    2.95097E-01    2.67217E-01    4.39151E-01   -1.51179E-01    1.76239E-02    1.67262E-02    9.52809E-03    4.66381E-02
     1.23625E+00    2.90491E-01    2.63602E-01    4.39868E-01   -1.49486E-01    1.72419E-02    1.63741E-02    9.36208E-03    4.61590E-02
     1.24200E+00    2.85959E-01    2.60035E-01    4.40570E-01   -1.47810E-01    1.68679E-02    1.60289E-02    9.20019E-03    4.56843E-02
     1.24775E+00    2.81498E-01    2.56516E-01    4.41256E-01   -1.46150E-01    1.65018E-02    1.56905E-02    9.04234E-03    4.52139E-02
     1.25350E+00    2.77108E-01    2.53045E-01    4.41927E-01   -1.44507E-01    1.61434E-02    1.53589E-02    8.88841E-03    4.47480E-02
     1.25925E+00    2.72788E-01    2.49620E-01    4.42583E-01   -1.42881E-01    1.57925E-02    1.50339E-02    8.73831E-03    4.42864E-02
     1.26500E+00    2.68536E-01    2.46242E-01    4.43226E-01   -1.41270E-01    1.54491E-02    1.47154E-02    8.59195E-03    4.38291E-02
     1.27075E+00    2.64351E-01    2.42910E-01    4.43854E-01   -1.39675E-01    1.51129E-02    1.44032E-02    8.44922E-03    4.33762E-02
     1.27650E+00    2.60233E-01    2.39623E-01    4.44468E-01   -1.38096E-01    1.47838E-02    1.40973E-02    8.31004E-03    4.29277E-02
     1.28225E+00    2.56179E-01    2.36381E-01    4.45069E-01   -1.36533E-01    1.44616E-02    1.37975E-02    8.17431E-03    4.24835E-02
     1.28800E+00    2.52190E-01    2.33183E-01    4.45658E-01   -1.34986E-01    1.41463E-02    1.35038E-02    8.04196E-03    4.20436E-02
     1.29375E+00    2.48263E-01    2.30029E-01    4.46233E-01   -1.33454E-01    1.38377E-02    1.32160E-02    7.91289E-03    4.16080E-02
     1.29950E+00    2.44398E-01    2.26918E-01    4.46795E-01   -1.31937E-01    1.35357E-02    1.29340E-02    7.78702E-03    4.11767E-02
     1.30525E+00    2.40594E-01    2.23850E-01    4.47346E-01   -1.30435E-01    1.32401E-02    1.26577E-02    7.66427E-03    4.07496E-02
     1.31100E+00    2.36850E-01    2.20825E-01    4.47884E-01   -1.28948E-01    1.29508E-02    1.23870E-02    7.54456E-03    4.03268E-02
     1.31675E+00    2.33164E-01    2.17841E-01    4.48411E-01   -1.27476E-01    1.26677E-02    1.21219E-02    7.42781E-03    3.99083E-02
     1.32250E+00    2.29537E-01    2.14898E-01    4.48926E-01   -1.26019E-01    1.23906E-02    1.18621E-02    7.31396E-03    3.94940E-02
     1.32825E+00    2.25966E-01    2.11997E-01    4.49430E-01   -1.24576E-01    1.21194E-02    1.16076E-02    7.20292E-03    3.90839E-02
     1.33400E+00    2.22451E-01    2.09135E-01    4.49923E-01   -1.23148E-01    1.18541E-02    1.13583E-02    7.09462E-03    3.86780E-02
     1.33975E+00    2.18990E-01    2.06313E-01    4.50406E-01   -1.21733E-01    1.15945E-02    1.11141E-02    6.98900E-03    3.82762E-02
     1.34550E+00    2.15584E-01    2.03531E-01    4.50877E-01   -1.20333E-01    1.13404E-02    1.08748E-02    6.88599E-03    3.78786E-02
     1.35125E+00    2.12231E-01    2.00787E-01    4.51339E-01   -1.18947E-01    1.10918E-02    1.06405E-02    6.78552E-03    3.74851E-02
     1.35700E+00    2.08930E-01    1.98082E-01    4.51790E-01   -1.17575E-01    1.08486E-02    1.04111E-02    6.68752E-03    3.70957E-02
     1.36275E+00    2.05680E-01    1.95415E-01    4.52232E-01   -1.16216E-01    1.06106E-02    1.01863E-02    6.59194E-03    3.67103E-02
     1.36850E+00    2.02481E-01    1.92785E-01    4.52664E-01   -1.14871E-01    1.03778E-02    9.96615E-03    6.49871E-03    3.63290E-02
     1.37425E+00    1.99331E-01    1.90192E-01    4.53086E-01   -1.13539E-01    1.01499E-02    9.75055E-03    6.40778E-03    3.59518E-02
     1.38000E+00    1.96230E-01    1.87635E-01    4.53500E-01   -1.12220E-01    9.92703E-03    9.53940E-03    6.31908E-03    3.55785E-02
     1.38575E+00    1.93177E-01    1.85115E-01    4.53904E-01   -1.10914E-01    9.70897E-03    9.33263E-03    6.23256E-03    3.52092E-02
     1.39150E+00    1.90171E-01    1.82629E-01    4.54299E-01   -1.09622E-01    9.49563E-03    9.13013E-03    6.14816E-03    3.48439E-02
     1.39725E+00    1.87211E-01    1.80179E-01    4.54686E-01   -1.08342E-01    9.28692E-03    8.93183E-03    6.06583E-03    3.44825E-02
     1.40300E+00    1.84297E-01    1.77764E-01    4.55065E-01   -1.07074E-01    9.08275E-03    8.73765E-03    5.98552E-03    3.41249E-02
     1.40875E+00    1.81427E-01    1.75383E-01    4.55435E-01   -1.05820E-01    8.88302E-03    8.54751E-03    5.90717E-03    3.37713E-02
     1.41450E+00    1.78602E-01    1.73036E-01    4.55797E-01   -1.04577E-01    8.68764E-03    8.36133E-03    5.83074E-03    3.34214E-02
     1.42025E+00    1.75820E-01    1.70721E-01    4.56151E-01   -1.03347E-01    8.49651E-03    8.17902E-03    5.75618E-03    3.30754E-02
     1.42600E+00    1.73081E-01    1.68440E-01    4.56498E-01   -1.02129E-01    8.30956E-03    8.00052E-03    5.68344E-03    3.27332E-02
     1.43175E+00    1.70383E-01    1.66191E-01    4.56837E-01   -1.00923E-01    8.12669E-03    7.82575E-03    5.61247E-03    3.23947E-02
     1.43750E+00    1.67726E-01    1.63975E-01    4.57169E-01   -9.97286E-02    7.94782E-03    7.65463E-03    5.54323E-03    3.20599E-02
     1.44325E+00    1.65110E-01    1.61790E-01    4.57493E-01   -9.85460E-02    7.77286E-03    7.48709E-03    5.47568E-03    3.17289E-02
     1.44900E+00    1.62534E-01    1.59636E-01    4.57810E-01   -9.73750E-02    7.60173E-03    7.32306E-03    5.40977E-03    3.14015E-02
     1.45475E+00    1.59996E-01    1.57512E-01    4.58121E-01   -9.62154E-02    7.43436E-03    7.16248E-03    5.34547E-03    3.10777E-02
     1.46050E+00    1.57498E-01    1.55420E-01    4.58424E-01   -9.50671E-02    7.27066E-03    7.00526E-03    5.28272E-03    3.07576E-02
     1.46625E+00    1.55036E-01    1.53357E-01    4.58721E-01   -9.39300E-02    7.11056E-03    6.85135E-03    5.22150E-03    3.04410E-02
     1.47200E+00    1.52612E-01    1.51323E-01    4.59012E-01   -9.28039E-02    6.95398E-03    6.70068E-03    5.16176E-03    3.01280E-02
     1.47775E+00    1.50225E-01    1.49319E-01    4.59296E-01   -9.16888E-02    6.80084E-03    6.55318E-03    5.10346E-03    2.98185E-02
     1.48350E+00    1.47873E-01    1.47344E-01    4.59574E-01   -9.05844E-02    6.65108E-03    6.40879E-03    5.04658E-03    2.95125E-02
     1.48925E+00    1.45557E-01    1.45397E-01    4.59846E-01   -8.94907E-02    6.50462E-03    6.26744E-03    4.99107E-03    2.92100E-02
     1.49500E+00    1.43276E-01    1.43478E-01    4.60112E-01   -8.84075E-02    6.36139E-03    6.12908E-03    4.93690E-03    2.89109E-02
     1.50075E+00    1.41028E-01    1.41587E-01    4.60372E-01   -8.73348E-02    6.22133E-03    5.99364E-03    4.88404E-03    2.86152E-02
     1.50650E+00    1.38814E-01    1.39723E-01    4.60627E-01   -8.62723E-02    6.08437E-03    5.86107E-03    4.83245E-03    2.83229E-02
     1.51225E+00    1.36634E-01    1.37886E-01    4.60876E-01   -8.52201E-02    5.95043E-03    5.73130E-03    4.78210E-03    2.80339E-02
     1.51800E+00    1.34485E-01    1.36075E-01    4.61120E-01   -8.41779E-02    5.81947E-03    5.60428E-03    4.73296E-03    2.77482E-02
     1.52375E+00    1.32369E-01    1.34291E-01    4.61358E-01   -8.31456E-02    5.69141E-03    5.47995E-03    4.68500E-03    2.74658E-02
     1.52950E+00    1.30284E-01    1.32532E-01    4.61591E-01   -8.21231E-02    5.56619E-03    5.35826E-03    4.63819E-03    2.71867E-02
     1.53525E+00    1.28229E-01    1.30799E-01    4.61819E-01   -8.11104E-02    5.44375E-03    5.23915E-03    4.59251E-03    2.69108E-02
     1.54100E+00    1.26205E-01    1.29091E-01    4.62042E-01   -8.01073E-02    5.32404E-03    5.12258E-03    4.54792E-03    2.66380E-02
     1.54675E+00    1.24211E-01    1.27408E-01    4.62260E-01   -7.91136E-02    5.20699E-03    5.00848E-03    4.50439E-03    2.63685E-02
     1.55250E+00    1.22246E-01    1.25749E-01    4.62474E-01   -7.81293E-02    5.09255E-03    4.89681E-03    4.46191E-03    2.61021E-02
     1.55825E+00    1.20310E-01    1.24115E-01    4.62682E-01   -7.71543E-02    4.98066E-03    4.78751E-03    4.42044E-03    2.58388E-02
     1.56400E+00    1.18402E-01    1.22504E-01    4.62886E-01   -7.61884E-02    4.87127E-03    4.68054E-03    4.37995E-03    2.55786E-02
     1.56975E+00    1.16522E-01    1.20916E-01    4.63086E-01   -7.52315E-02    4.76432E-03    4.57585E-03    4.34044E-03    2.53214E-02
     1.57550E+00    1.14670E-01    1.19352E-01    4.63281E-01   -7.42836E-02    4.65977E-03    4.47340E-03    4.30186E-03    2.50672E-02
     1.58125E+00    1.12844E-01    1.17811E-01    4.63473E-01   -7.33445E-02    4.55755E-03    4.37312E-03    4.26420E-03    2.48161E-02
     1.58700E+00    1.11045E-01    1.16292E-01    4.63659E-01   -7.24141E-02    4.45763E-03    4.27499E-03    4.22744E-03    2.45679E-02
     1.59275E+00    1.09272E-01    1.14795E-01    4.63842E-01   -7.14923E-02    4.35994E-03    4.17896E-03    4.19154E-03    2.43226E-02
     1.59850E+00    1.07524E-01    1.13320E-01    4.64021E-01   -7.05791E-02    4.26445E-03    4.08497E-03    4.15650E-03    2.40803E-02
     1.60425E+00    1.05802E-01    1.11867E-01    4.64196E-01   -6.96742E-02    4.17111E-03    3.99300E-03    4.12229E-03    2.38408E-02
     1.61000E+00    1.04104E-01    1.10435E-01    4.64367E-01   -6.87777E-02    4.07986E-03    3.90299E-03    4.08889E-03    2.36042E-02
     1.61575E+00    1.02431E-01    1.09024E-01    4.64534E-01   -6.78894E-02    3.99067E-03    3.81491E-03    4.05628E-03    2.33705E-02
     1.62150E+00    1.00782E-01    1.07634E-01    4.64698E-01   -6.70091E-02    3.90349E-03    3.72871E-03    4.02444E-03    2.31395E-02
     1.62725E+00    9.91561E-02    1.06264E-01    4.64858E-01   -6.61369E-02    3.81828E-03    3.64436E-03    3.99335E-03    2.29113E-02
     1.63300E+00    9.75535E-02    1.04914E-01    4.65014E-01   -6.52726E-02    3.73500E-03    3.56181E-03    3.96300E-03    2.26858E-02
     1.63875E+00    9.59736E-02    1.03585E-01    4.65167E-01   -6.44161E-02    3.65359E-03    3.48103E-03    3.93336E-03    2.24631E-02
     1.64450E+00    9.44161E-02    1.02274E-01    4.65317E-01   -6.35674E-02    3.57403E-03    3.40199E-03    3.90442E-03    2.22430E-02
     1.65025E+00    9.28805E-02    1.00984E-01    4.65463E-01   -6.27263E-02    3.49627E-03    3.32463E-03    3.87616E-03    2.20257E-02
     1.65600E+00    9.13666E-02    9.97119E-02    4.65607E-01   -6.18927E-02    3.42028E-03    3.24894E-03    3.84856E-03    2.18109E-02
     1.66175E+00    8.98740E-02    9.84589E-02    4.65747E-01   -6.10665E-02    3.34601E-03    3.17487E-03    3.82162E-03    2.15988E-02
     1.66750E+00    8.84023E-02    9.72244E-02    4.65883E-01   -6.02478E-02    3.27344E-03    3.10239E-03    3.79530E-03    2.13893E-02
     1.67325E+00    8.69511E-02    9.60083E-02    4.66017E-01   -5.94363E-02    3.20251E-03    3.03146E-03    3.76961E-03    2.11823E-02
     1.67900E+00    8.55201E-02    9.48102E-02    4.66148E-01   -5.86319E-02    3.13320E-03    2.96206E-03    3.74452E-03    2.09779E-02
     1.68475E+00    8.41091E-02    9.36299E-02    4.66276E-01   -5.78347E-02    3.06548E-03    2.89414E-03    3.72001E-03    2.07760E-02
     1.69050E+00    8.27175E-02    9.24671E-02    4.66401E-01   -5.70445E-02    2.99930E-03    2.82768E-03    3.69608E-03    2.05766E-02
     1.69625E+00    8.13452E-02    9.13216E-02    4.66524E-01   -5.62611E-02    2.93464E-03    2.76265E-03    3.67271E-03    2.03797E-02
     1.70200E+00    7.99918E-02    9.01932E-02    4.66644E-01   -5.54847E-02    2.87145E-03    2.69902E-03    3.64989E-03    2.01852E-02
     1.70775E+00    7.86569E-02    8.90815E-02    4.66761E-01   -5.47150E-02    2.80972E-03    2.63675E-03    3.62761E-03    1.99932E-02
     1.71350E+00    7.73403E-02    8.79865E-02    4.66875E-01   -5.39519E-02    2.74941E-03    2.57581E-03    3.60584E-03    1.98035E-02
     1.71925E+00    7.60417E-02    8.69079E-02    4.66987E-01   -5.31955E-02    2.69049E-03    2.51619E-03    3.58459E-03    1.96162E-02
     1.72500E+00    7.47607E-02    8.58454E-02    4.67096E-01   -5.24455E-02    2.63292E-03    2.45784E-03    3.56383E-03    1.94313E-02
     1.73075E+00    7.34971E-02    8.47988E-02    4.67203E-01   -5.17020E-02    2.57668E-03    2.40075E-03    3.54355E-03    1.92487E-02
     1.73650E+00    7.22506E-02    8.37679E-02    4.67307E-01   -5.09649E-02    2.52174E-03    2.34488E-03    3.52376E-03    1.90684E-02
     1.74225E+00    7.10208E-02    8.27525E-02    4.67410E-01   -5.02340E-02    2.46808E-03    2.29021E-03    3.50442E-03    1.88904E-02
     1.74800E+00    6.98076E-02    8.17524E-02    4.67509E-01   -4.95093E-02    2.41566E-03    2.23671E-03    3.48554E-03    1.87147E-02
     1.75375E+00    6.86106E-02    8.07674E-02    4.67607E-01   -4.87908E-02    2.36446E-03    2.18436E-03    3.46710E-03    1.85413E-02
     1.75950E+00    6.74295E-02    7.97972E-02    4.67702E-01   -4.80783E-02    2.31445E-03    2.13313E-03    3.44909E-03    1.83700E-02
     1.76525E+00    6.62642E-02    7.88416E-02    4.67796E-01   -4.73717E-02    2.26560E-03    2.08299E-03    3.43150E-03    1.82010E-02
     1.77100E+00    6.51142E-02    7.79005E-02    4.67887E-01   -4.66711E-02    2.21790E-03    2.03394E-03    3.41433E-03    1.80341E-02
     1.77675E+00    6.39794E-02    7.69737E-02    4.67976E-01   -4.59763E-02    2.17132E-03    1.98593E-03    3.39755E-03    1.78695E-02
     1.78250E+00    6.28595E-02    7.60609E-02    4.68063E-01   -4.52873E-02    2.12582E-03    1.93894E-03    3.38117E-03    1.77069E-02
     1.78825E+00    6.17543E-02    7.51620E-02    4.68148E-01   -4.46040E-02    2.08140E-03    1.89297E-03    3.36518E-03    1.75465E-02
     1.79400E+00    6.06635E-02    7.42768E-02    4.68231E-01   -4.39262E-02    2.03802E-03    1.84797E-03    3.34956E-03    1.73882E-02
     1.79975E+00    5.95868E-02    7.34051E-02    4.68312E-01   -4.32541E-02    1.99567E-03    1.80394E-03    3.33431E-03    1.72320E-02
     1.80550E+00    5.85241E-02    7.25466E-02    4.68391E-01   -4.25874E-02    1.95432E-03    1.76085E-03    3.31942E-03    1.70779E-02
     1.81125E+00    5.74751E-02    7.17014E-02    4.68469E-01   -4.19261E-02    1.91395E-03    1.71867E-03    3.30487E-03    1.69259E-02
     1.81700E+00    5.64395E-02    7.08690E-02    4.68544E-01   -4.12702E-02    1.87454E-03    1.67739E-03    3.29067E-03    1.67758E-02
     1.82275E+00    5.54171E-02    7.00495E-02    4.68618E-01   -4.06196E-02    1.83607E-03    1.63700E-03    3.27681E-03    1.66278E-02
     1.82850E+00    5.44078E-02    6.92425E-02    4.68690E-01   -3.99742E-02    1.79852E-03    1.59746E-03    3.26327E-03    1.64818E-02
     1.83425E+00    5.34112E-02    6.84480E-02    4.68761E-01   -3.93339E-02    1.76187E-03    1.55876E-03    3.25006E-03    1.63378E-02
     1.84000E+00    5.24272E-02    6.76658E-02    4.68830E-01   -3.86988E-02    1.72610E-03    1.52088E-03    3.23716E-03    1.61958E-02
     1.84575E+00    5.14556E-02    6.68956E-02    4.68897E-01   -3.80687E-02    1.69119E-03    1.48380E-03    3.22456E-03    1.60557E-02
     1.85150E+00    5.04961E-02    6.61374E-02    4.68963E-01   -3.74435E-02    1.65713E-03    1.44751E-03    3.21227E-03    1.59176E-02
     1.85725E+00    4.95485E-02    6.53910E-02    4.69027E-01   -3.68233E-02    1.62389E-03    1.41199E-03    3.20026E-03    1.57814E-02
     1.86300E+00    4.86127E-02    6.46562E-02    4.69089E-01   -3.62079E-02    1.59146E-03    1.37722E-03    3.18855E-03    1.56471E-02
     1.86875E+00    4.76884E-02    6.39328E-02    4.69150E-01   -3.55973E-02    1.55983E-03    1.34318E-03    3.17712E-03    1.55147E-02
     1.87450E+00    4.67754E-02    6.32208E-02    4.69210E-01   -3.49915E-02    1.52897E-03    1.30986E-03    3.16596E-03    1.53842E-02
     1.88025E+00    4.58735E-02    6.25200E-02    4.69268E-01   -3.43903E-02    1.49886E-03    1.27723E-03    3.15507E-03    1.52555E-02
     1.88600E+00    4.49827E-02    6.18301E-02    4.69325E-01   -3.37937E-02    1.46951E-03    1.24529E-03    3.14444E-03    1.51288E-02
     1.89175E+00    4.41025E-02    6.11511E-02    4.69380E-01   -3.32017E-02    1.44088E-03    1.21402E-03    3.13407E-03    1.50038E-02
     1.89750E+00    4.32329E-02    6.04828E-02    4.69434E-01   -3.26142E-02    1.41296E-03    1.18340E-03    3.12396E-03    1.48807E-02
     1.90325E+00    4.23738E-02    5.98252E-02    4.69487E-01   -3.20312E-02    1.38574E-03    1.15343E-03    3.11409E-03    1.47594E-02
     1.90900E+00    4.15248E-02    5.91779E-02    4.69538E-01   -3.14525E-02    1.35920E-03    1.12407E-03    3.10446E-03    1.46400E-02
     1.91475E+00    4.06858E-02    5.85410E-02    4.69588E-01   -3.08782E-02    1.33333E-03    1.09532E-03    3.09507E-03    1.45223E-02
     1.92050E+00    3.98567E-02    5.79142E-02    4.69637E-01   -3.03082E-02    1.30812E-03    1.06717E-03    3.08592E-03    1.44064E-02
     1.92625E+00    3.90373E-02    5.72974E-02    4.69685E-01   -2.97424E-02    1.28355E-03    1.03960E-03    3.07699E-03    1.42923E-02
     1.93200E+00    3.82274E-02    5.66906E-02    4.69731E-01   -2.91809E-02    1.25961E-03    1.01260E-03    3.06828E-03    1.41799E-02
     1.93775E+00    3.74269E-02    5.60935E-02    4.69777E-01   -2.86234E-02    1.23629E-03    9.86150E-04    3.05979E-03    1.40693E-02
     1.94350E+00    3.66355E-02    5.55061E-02    4.69821E-01   -2.80700E-02    1.21357E-03    9.60243E-04    3.05152E-03    1.39604E-02
     1.94925E+00    3.58532E-02    5.49282E-02    4.69864E-01   -2.75207E-02    1.19144E-03    9.34864E-04    3.04345E-03    1.38533E-02
     1.95500E+00    3.50797E-02    5.43597E-02    4.69906E-01   -2.69754E-02    1.16989E-03    9.10001E-04    3.03559E-03    1.37479E-02
     1.96075E+00    3.43149E-02    5.38005E-02    4.69946E-01   -2.64340E-02    1.14891E-03    8.85642E-04    3.02794E-03    1.36442E-02
     1.96650E+00    3.35586E-02    5.32504E-02    4.69986E-01   -2.58964E-02    1.12849E-03    8.61774E-04    3.02048E-03    1.35423E-02
     1.97225E+00    3.28108E-02    5.27093E-02    4.70025E-01   -2.53628E-02    1.10861E-03    8.38386E-04    3.01321E-03    1.34420E-02
     1.97800E+00    3.20712E-02    5.21772E-02    4.70062E-01   -2.48329E-02    1.08927E-03    8.15466E-04    3.00614E-03    1.33434E-02
     1.98375E+00    3.13397E-02    5.16539E-02    4.70099E-01   -2.43068E-02    1.07045E-03    7.93003E-04    2.99925E-03    1.32465E-02
     1.98950E+00    3.06161E-02    5.11393E-02    4.70134E-01   -2.37843E-02    1.05214E-03    7.70985E-04    2.99254E-03    1.31513E-02
     1.99525E+00    2.99004E-02    5.06333E-02    4.70169E-01   -2.32656E-02    1.03434E-03    7.49402E-04    2.98602E-03    1.30578E-02
     2.00100E+00    2.91923E-02    5.01357E-02    4.70203E-01   -2.27504E-02    1.01704E-03    7.28243E-04    2.97967E-03    1.29659E-02
     2.00675E+00    2.84917E-02    4.96465E-02    4.70235E-01   -2.22388E-02    1.00022E-03    7.07498E-04    2.97349E-03    1.28757E-02
     2.01250E+00    2.77985E-02    4.91656E-02    4.70267E-01   -2.17308E-02    9.83877E-04    6.87155E-04    2.96748E-03    1.27872E-02
     2.01825E+00    2.71126E-02    4.86928E-02    4.70298E-01   -2.12262E-02    9.68001E-04    6.67205E-04    2.96164E-03    1.27003E-02
     2.02400E+00    2.64338E-02    4.82281E-02    4.70328E-01   -2.07251E-02    9.52582E-04    6.47639E-04    2.95597E-03    1.26151E-02
     2.02975E+00    2.57620E-02    4.77713E-02    4.70357E-01   -2.02273E-02    9.37614E-04    6.28445E-04    2.95046E-03    1.25315E-02
     2.03550E+00    2.50970E-02    4.73224E-02    4.70385E-01   -1.97330E-02    9.23086E-04    6.09615E-04    2.94510E-03    1.24496E-02
     2.04125E+00    2.44388E-02    4.68813E-02    4.70413E-01   -1.92419E-02    9.08992E-04    5.91139E-04    2.93990E-03    1.23692E-02
     2.04700E+00    2.37872E-02    4.64478E-02    4.70439E-01   -1.87541E-02    8.95323E-04    5.73008E-04    2.93485E-03    1.22906E-02
     2.05275E+00    2.31420E-02    4.60219E-02    4.70465E-01   -1.82696E-02    8.82071E-04    5.55213E-04    2.92996E-03    1.22136E-02
     2.05850E+00    2.25032E-02    4.56034E-02    4.70490E-01   -1.77882E-02    8.69230E-04    5.37744E-04    2.92521E-03    1.21382E-02
     2.06425E+00    2.18706E-02    4.51924E-02    4.70514E-01   -1.73100E-02    8.56791E-04    5.20594E-04    2.92060E-03    1.20644E-02
     2.07000E+00    2.12442E-02    4.47886E-02    4.70538E-01   -1.68350E-02    8.44749E-04    5.03753E-04    2.91614E-03    1.19923E-02
     2.07575E+00    2.06237E-02    4.43920E-02    4.70560E-01   -1.63630E-02    8.33095E-04    4.87213E-04    2.91182E-03    1.19218E-02
     2.08150E+00    2.00091E-02    4.40026E-02    4.70582E-01   -1.58940E-02    8.21823E-04    4.70966E-04    2.90764E-03    1.18529E-02
     2.08725E+00    1.94003E-02    4.36202E-02    4.70603E-01   -1.54281E-02    8.10927E-04    4.55004E-04    2.90360E-03    1.17857E-02
     2.09300E+00    1.87971E-02    4.32447E-02    4.70624E-01   -1.49651E-02    8.00400E-04    4.39318E-04    2.89968E-03    1.17201E-02
     2.09875E+00    1.81995E-02    4.28761E-02    4.70644E-01   -1.45051E-02    7.90236E-04    4.23900E-04    2.89591E-03    1.16561E-02
     2.10450E+00    1.76072E-02    4.25143E-02    4.70663E-01   -1.40480E-02    7.80430E-04    4.08744E-04    2.89226E-03    1.15938E-02
     2.11025E+00    1.70204E-02    4.21592E-02    4.70681E-01   -1.35937E-02    7.70975E-04    3.93840E-04    2.88874E-03    1.15332E-02
     2.11600E+00    1.64387E-02    4.18107E-02    4.70699E-01   -1.31422E-02    7.61866E-04    3.79182E-04    2.88534E-03    1.14741E-02
     2.12175E+00    1.58621E-02    4.14688E-02    4.70716E-01   -1.26936E-02    7.53097E-04    3.64763E-04    2.88207E-03    1.14168E-02
     2.12750E+00    1.52905E-02    4.11334E-02    4.70732E-01   -1.22477E-02    7.44663E-04    3.50574E-04    2.87893E-03    1.13611E-02
     2.13325E+00    1.47239E-02    4.08043E-02    4.70748E-01   -1.18045E-02    7.36560E-04    3.36609E-04    2.87590E-03    1.13070E-02
     2.13900E+00    1.41620E-02    4.04816E-02    4.70763E-01   -1.13640E-02    7.28781E-04    3.22861E-04    2.87300E-03    1.12546E-02
     2.14475E+00    1.36048E-02    4.01651E-02    4.70777E-01   -1.09262E-02    7.21322E-04    3.09323E-04    2.87021E-03    1.12039E-02
     2.15050E+00    1.30522E-02    3.98548E-02    4.70791E-01   -1.04910E-02    7.14179E-04    2.95987E-04    2.86754E-03    1.11548E-02
     2.15625E+00    1.25041E-02    3.95505E-02    4.70804E-01   -1.00584E-02    7.07347E-04    2.82848E-04    2.86498E-03    1.11075E-02
     2.16200E+00    1.19604E-02    3.92524E-02    4.70817E-01   -9.62836E-03    7.00822E-04    2.69898E-04    2.86254E-03    1.10618E-02
     2.16775E+00    1.14211E-02    3.89602E-02    4.70829E-01   -9.20086E-03    6.94599E-04    2.57131E-04    2.86021E-03    1.10178E-02
     2.17350E+00    1.08859E-02    3.86739E-02    4.70840E-01   -8.77585E-03    6.88675E-04    2.44540E-04    2.85799E-03    1.09756E-02
     2.17925E+00    1.03548E-02    3.83935E-02    4.70851E-01   -8.35331E-03    6.83045E-04    2.32120E-04    2.85587E-03    1.09350E-02
     2.18500E+00    9.82781E-03    3.81188E-02    4.70861E-01   -7.93321E-03    6.77706E-04    2.19863E-04    2.85387E-03    1.08962E-02
     2.19075E+00    9.30472E-03    3.78498E-02    4.70871E-01   -7.51553E-03    6.72654E-04    2.07763E-04    2.85197E-03    1.08592E-02
     2.19650E+00    8.78548E-03    3.75865E-02    4.70880E-01   -7.10022E-03    6.67886E-04    1.95815E-04    2.85018E-03    1.08238E-02
     2.20225E+00    8.26999E-03    3.73288E-02    4.70889E-01   -6.68726E-03    6.63397E-04    1.84012E-04    2.84850E-03    1.07903E-02
     2.20800E+00    7.75817E-03    3.70766E-02    4.70897E-01   -6.27663E-03    6.59186E-04    1.72349E-04    2.84691E-03    1.07585E-02
     2.21375E+00    7.24993E-03    3.68299E-02    4.70905E-01   -5.86828E-03    6.55248E-04    1.60819E-04    2.84543E-03    1.07285E-02
     2.21950E+00    6.74519E-03    3.65886E-02    4.70912E-01   -5.46221E-03    6.51582E-04    1.49416E-04    2.84405E-03    1.07003E-02
     2.22525E+00    6.24386E-03    3.63527E-02    4.70918E-01   -5.05837E-03    6.48183E-04    1.38134E-04    2.84278E-03    1.06740E-02
     2.23100E+00    5.74586E-03    3.61220E-02    4.70924E-01   -4.65674E-03    6.45050E-04    1.26969E-04    2.84160E-03    1.06494E-02
     2.23675E+00    5.25109E-03    3.58966E-02    4.70930E-01   -4.25729E-03    6.42179E-04    1.15914E-04    2.84051E-03    1.06267E-02
     2.24250E+00    4.75950E-03    3.56764E-02    4.70935E-01   -3.86000E-03    6.39569E-04    1.04963E-04    2.83953E-03    1.06059E-02
     2.24825E+00    4.27098E-03    3.54613E-02    4.70939E-01   -3.46484E-03    6.37216E-04    9.41116E-05    2.83865E-03    1.05870E-02
     2.25400E+00    3.78546E-03    3.52513E-02    4.70943E-01   -3.07178E-03    6.35119E-04    8.33533E-05    2.83786E-03    1.05700E-02
     2.25975E+00    3.30286E-03    3.50463E-02    4.70947E-01   -2.68080E-03    6.33275E-04    7.26830E-05    2.83716E-03    1.05549E-02
     2.26550E+00    2.82311E-03    3.48464E-02    4.70950E-01   -2.29188E-03    6.31683E-04    6.20951E-05    2.83656E-03    1.05417E-02
     2.27125E+00    2.34612E-03    3.46513E-02    4.70952E-01   -1.90497E-03    6.30340E-04    5.15843E-05    2.83605E-03    1.05305E-02
     2.27700E+00    1.87182E-03    3.44612E-02    4.70954E-01   -1.52007E-03    6.29244E-04    4.11453E-05    2.83564E-03    1.05213E-02
     2.28275E+00    1.40014E-03    3.42758E-02    4.70956E-01   -1.13715E-03    6.28395E-04    3.07726E-05    2.83532E-03    1.05141E-02
     2.28850E+00    9.30987E-04    3.40953E-02    4.70957E-01   -7.56181E-04    6.27790E-04    2.04610E-05    2.83509E-03    1.05089E-02
     2.29425E+00    4.64299E-04    3.39195E-02    4.70958E-01   -3.77138E-04    6.27428E-04    1.02052E-05    2.83496E-03    1.05057E-02
     2.30000E+00    0.00000E+00    3.37485E-02    4.70958E-01    0.00000E+00    6.27308E-04    6.38608E-25    2.83491E-03    1.05047E-02
