     1.00000E-05    3.96820E+00   -3.28816E-05   -5.79314E-01   -1.83694E-05    4.16749E-01    8.01522E-06    3.88780E-01    9.80127E-11
     7.25998E-03    3.96760E+00    3.38459E-02   -5.79119E-01   -1.33340E-02    4.16686E-01    5.81773E-03    3.88691E-01    5.16482E-05
     1.45099E-02    3.96581E+00    6.76112E-02   -5.78535E-01   -2.66367E-02    4.16495E-01    1.16197E-02    3.88425E-01    2.06179E-04
     2.17599E-02    3.96282E+00    1.01309E-01   -5.77564E-01   -3.99136E-02    4.16178E-01    1.74060E-02    3.87981E-01    4.63209E-04
     2.90099E-02    3.95864E+00    1.34905E-01   -5.76206E-01   -5.31520E-02    4.15735E-01    2.31691E-02    3.87360E-01    8.22100E-04
     3.62599E-02    3.95327E+00    1.68366E-01   -5.74464E-01   -6.63392E-02    4.15166E-01    2.89012E-02    3.86565E-01    1.28196E-03
     4.35098E-02    3.94673E+00    2.01659E-01   -5.72341E-01   -7.94625E-02    4.14471E-01    3.45949E-02    3.85595E-01    1.84166E-03
     5.07598E-02    3.93901E+00    2.34751E-01   -5.69838E-01   -9.25095E-02    4.13653E-01    4.02426E-02    3.84453E-01    2.49980E-03
     5.80098E-02    3.93013E+00    2.67609E-01   -5.66960E-01   -1.05468E-01    4.12710E-01    4.58369E-02    3.83141E-01    3.25478E-03
     6.52598E-02    3.92010E+00    3.00202E-01   -5.63712E-01   -1.18326E-01    4.11645E-01    5.13708E-02    3.81660E-01    4.10475E-03
     7.25097E-02    3.90893E+00    3.32498E-01   -5.60097E-01   -1.31072E-01    4.10459E-01    5.68372E-02    3.80014E-01    5.04762E-03
     7.97597E-02    3.89664E+00    3.64467E-01   -5.56122E-01   -1.43693E-01    4.09152E-01    6.22291E-02    3.78205E-01    6.08111E-03
     8.70097E-02    3.88323E+00    3.96078E-01   -5.51791E-01   -1.56179E-01    4.07727E-01    6.75401E-02    3.76236E-01    7.20273E-03
     9.42597E-02    3.86872E+00    4.27302E-01   -5.47111E-01   -1.68520E-01    4.06184E-01    7.27637E-02    3.74110E-01    8.40978E-03
     1.01510E-01    3.85314E+00    4.58111E-01   -5.42088E-01   -1.80703E-01    4.04526E-01    7.78936E-02    3.71831E-01    9.69938E-03
     1.08760E-01    3.83649E+00    4.88475E-01   -5.36729E-01   -1.92719E-01    4.02754E-01    8.29239E-02    3.69403E-01    1.10685E-02
     1.16010E-01    3.81880E+00    5.18370E-01   -5.31043E-01   -2.04558E-01    4.00870E-01    8.78489E-02    3.66829E-01    1.25138E-02
     1.23260E-01    3.80008E+00    5.47769E-01   -5.25036E-01   -2.16210E-01    3.98875E-01    9.26633E-02    3.64113E-01    1.40321E-02
     1.30510E-01    3.78037E+00    5.76646E-01   -5.18717E-01   -2.27667E-01    3.96772E-01    9.73618E-02    3.61260E-01    1.56198E-02
     1.37760E-01    3.75967E+00    6.04979E-01   -5.12094E-01   -2.38919E-01    3.94564E-01    1.01940E-01    3.58275E-01    1.72732E-02
     1.45009E-01    3.73801E+00    6.32743E-01   -5.05176E-01   -2.49958E-01    3.92252E-01    1.06392E-01    3.55162E-01    1.89886E-02
     1.52259E-01    3.71543E+00    6.59918E-01   -4.97972E-01   -2.60777E-01    3.89838E-01    1.10715E-01    3.51925E-01    2.07622E-02
     1.59509E-01    3.69193E+00    6.86482E-01   -4.90492E-01   -2.71367E-01    3.87326E-01    1.14905E-01    3.48569E-01    2.25899E-02
     1.66759E-01    3.66755E+00    7.12417E-01   -4.82744E-01   -2.81722E-01    3.84717E-01    1.18958E-01    3.45101E-01    2.44679E-02
     1.74009E-01    3.64231E+00    7.37703E-01   -4.74740E-01   -2.91836E-01    3.82014E-01    1.22871E-01    3.41524E-01    2.63920E-02
     1.81259E-01    3.61625E+00    7.62324E-01   -4.66489E-01   -3.01702E-01    3.79220E-01    1.26640E-01    3.37844E-01    2.83581E-02
     1.88509E-01    3.58937E+00    7.86263E-01   -4.58000E-01   -3.11315E-01    3.76338E-01    1.30264E-01    3.34066E-01    3.03621E-02
     1.95759E-01    3.56173E+00    8.09507E-01   -4.49285E-01   -3.20670E-01    3.73369E-01    1.33739E-01    3.30196E-01    3.23998E-02
     2.03009E-01    3.53333E+00    8.32041E-01   -4.40354E-01   -3.29762E-01    3.70319E-01    1.37065E-01    3.26239E-01    3.44669E-02
     2.10259E-01    3.50422E+00    8.53853E-01   -4.31217E-01   -3.38587E-01    3.67188E-01    1.40238E-01    3.22200E-01    3.65594E-02
     2.17509E-01    3.47442E+00    8.74933E-01   -4.21885E-01   -3.47141E-01    3.63980E-01    1.43259E-01    3.18085E-01    3.86731E-02
     2.24759E-01    3.44396E+00    8.95270E-01   -4.12368E-01   -3.55421E-01    3.60699E-01    1.46126E-01    3.13899E-01    4.08038E-02
     2.32009E-01    3.41287E+00    9.14856E-01   -4.02678E-01   -3.63425E-01    3.57346E-01    1.48837E-01    3.09648E-01    4.29475E-02
     2.39259E-01    3.38118E+00    9.33684E-01   -3.92824E-01   -3.71149E-01    3.53926E-01    1.51394E-01    3.05337E-01    4.51002E-02
     2.46509E-01    3.34892E+00    9.51747E-01   -3.82817E-01   -3.78593E-01    3.50441E-01    1.53795E-01    3.00971E-01    4.72578E-02
     2.53759E-01    3.31611E+00    9.69041E-01   -3.72668E-01   -3.85754E-01    3.46894E-01    1.56041E-01    2.96556E-01    4.94165E-02
     2.61009E-01    3.28280E+00    9.85562E-01   -3.62387E-01   -3.92633E-01    3.43289E-01    1.58133E-01    2.92097E-01    5.15725E-02
     2.68259E-01    3.24901E+00    1.00131E+00   -3.51985E-01   -3.99227E-01    3.39628E-01    1.60071E-01    2.87600E-01    5.37220E-02
     2.75509E-01    3.21477E+00    1.01628E+00   -3.41472E-01   -4.05537E-01    3.35915E-01    1.61856E-01    2.83068E-01    5.58614E-02
     2.82759E-01    3.18011E+00    1.03047E+00   -3.30859E-01   -4.11564E-01    3.32153E-01    1.63489E-01    2.78508E-01    5.79872E-02
     2.90009E-01    3.14506E+00    1.04388E+00   -3.20154E-01   -4.17307E-01    3.28345E-01    1.64972E-01    2.73925E-01    6.00960E-02
     2.97259E-01    3.10965E+00    1.05653E+00   -3.09368E-01   -4.22768E-01    3.24495E-01    1.66307E-01    2.69322E-01    6.21845E-02
     3.04509E-01    3.07391E+00    1.06840E+00   -2.98512E-01   -4.27947E-01    3.20604E-01    1.67495E-01    2.64706E-01    6.42495E-02
     3.11759E-01    3.03787E+00    1.07950E+00   -2.87593E-01   -4.32848E-01    3.16677E-01    1.68539E-01    2.60080E-01    6.62880E-02
     3.19009E-01    3.00155E+00    1.08984E+00   -2.76623E-01   -4.37471E-01    3.12717E-01    1.69441E-01    2.55448E-01    6.82972E-02
     3.26259E-01    2.96499E+00    1.09942E+00   -2.65610E-01   -4.41819E-01    3.08727E-01    1.70204E-01    2.50817E-01    7.02741E-02
     3.33509E-01    2.92822E+00    1.10825E+00   -2.54562E-01   -4.45894E-01    3.04709E-01    1.70830E-01    2.46189E-01    7.22163E-02
     3.40759E-01    2.89126E+00    1.11635E+00   -2.43489E-01   -4.49699E-01    3.00667E-01    1.71322E-01    2.41568E-01    7.41212E-02
     3.48009E-01    2.85413E+00    1.12370E+00   -2.32400E-01   -4.53238E-01    2.96603E-01    1.71684E-01    2.36959E-01    7.59865E-02
     3.55259E-01    2.81687E+00    1.13034E+00   -2.21303E-01   -4.56514E-01    2.92522E-01    1.71917E-01    2.32366E-01    7.78100E-02
     3.62509E-01    2.77951E+00    1.13626E+00   -2.10205E-01   -4.59530E-01    2.88424E-01    1.72027E-01    2.27792E-01    7.95896E-02
     3.69759E-01    2.74206E+00    1.14147E+00   -1.99115E-01   -4.62289E-01    2.84315E-01    1.72015E-01    2.23240E-01    8.13236E-02
     3.77009E-01    2.70455E+00    1.14600E+00   -1.88040E-01   -4.64797E-01    2.80195E-01    1.71885E-01    2.18714E-01    8.30100E-02
     3.84259E-01    2.66701E+00    1.14984E+00   -1.76987E-01   -4.67057E-01    2.76068E-01    1.71642E-01    2.14218E-01    8.46474E-02
     3.91509E-01    2.62946E+00    1.15302E+00   -1.65965E-01   -4.69074E-01    2.71937E-01    1.71288E-01    2.09753E-01    8.62342E-02
     3.98759E-01    2.59193E+00    1.15554E+00   -1.54979E-01   -4.70852E-01    2.67804E-01    1.70827E-01    2.05324E-01    8.77692E-02
     4.06009E-01    2.55443E+00    1.15742E+00   -1.44036E-01   -4.72396E-01    2.63672E-01    1.70263E-01    2.00932E-01    8.92511E-02
     4.13259E-01    2.51699E+00    1.15868E+00   -1.33143E-01   -4.73710E-01    2.59544E-01    1.69600E-01    1.96581E-01    9.06789E-02
     4.20509E-01    2.47963E+00    1.15932E+00   -1.22306E-01   -4.74800E-01    2.55421E-01    1.68841E-01    1.92272E-01    9.20518E-02
     4.27759E-01    2.44237E+00    1.15937E+00   -1.11530E-01   -4.75670E-01    2.51306E-01    1.67991E-01    1.88009E-01    9.33689E-02
     4.35008E-01    2.40524E+00    1.15884E+00   -1.00822E-01   -4.76326E-01    2.47202E-01    1.67053E-01    1.83793E-01    9.46296E-02
     4.42258E-01    2.36824E+00    1.15773E+00   -9.01857E-02   -4.76773E-01    2.43110E-01    1.66031E-01    1.79626E-01    9.58334E-02
     4.49508E-01    2.33140E+00    1.15608E+00   -7.96274E-02   -4.77017E-01    2.39034E-01    1.64928E-01    1.75510E-01    9.69799E-02
     4.56758E-01    2.29474E+00    1.15390E+00   -6.91517E-02   -4.77062E-01    2.34974E-01    1.63750E-01    1.71447E-01    9.80688E-02
     4.64008E-01    2.25827E+00    1.15120E+00   -5.87631E-02   -4.76914E-01    2.30934E-01    1.62498E-01    1.67438E-01    9.91000E-02
     4.71258E-01    2.22201E+00    1.14800E+00   -4.84660E-02   -4.76578E-01    2.26914E-01    1.61178E-01    1.63485E-01    1.00073E-01
     4.78508E-01    2.18597E+00    1.14431E+00   -3.82645E-02   -4.76061E-01    2.22918E-01    1.59793E-01    1.59589E-01    1.00989E-01
     4.85758E-01    2.15018E+00    1.14015E+00   -2.81626E-02   -4.75366E-01    2.18946E-01    1.58346E-01    1.55751E-01    1.01847E-01
     4.93008E-01    2.11464E+00    1.13555E+00   -1.81639E-02   -4.74501E-01    2.15000E-01    1.56842E-01    1.51972E-01    1.02648E-01
     5.00258E-01    2.07937E+00    1.13050E+00   -8.27184E-03   -4.73471E-01    2.11083E-01    1.55283E-01    1.48254E-01    1.03392E-01
     5.07508E-01    2.04438E+00    1.12505E+00    1.51039E-03   -4.72280E-01    2.07195E-01    1.53674E-01    1.44596E-01    1.04079E-01
     5.14758E-01    2.00969E+00    1.11919E+00    1.11798E-02   -4.70935E-01    2.03339E-01    1.52017E-01    1.41000E-01    1.04710E-01
     5.22008E-01    1.97530E+00    1.11294E+00    2.07336E-02   -4.69441E-01    1.99515E-01    1.50317E-01    1.37466E-01    1.05286E-01
     5.29258E-01    1.94123E+00    1.10633E+00    3.01693E-02   -4.67803E-01    1.95725E-01    1.48576E-01    1.33995E-01    1.05806E-01
     5.36508E-01    1.90748E+00    1.09937E+00    3.94845E-02   -4.66027E-01    1.91970E-01    1.46797E-01    1.30586E-01    1.06273E-01
     5.43758E-01    1.87407E+00    1.09207E+00    4.86771E-02   -4.64119E-01    1.88252E-01    1.44985E-01    1.27242E-01    1.06686E-01
     5.51008E-01    1.84100E+00    1.08445E+00    5.77450E-02   -4.62083E-01    1.84572E-01    1.43141E-01    1.23960E-01    1.07047E-01
     5.58258E-01    1.80828E+00    1.07653E+00    6.66867E-02   -4.59925E-01    1.80930E-01    1.41269E-01    1.20742E-01    1.07357E-01
     5.65508E-01    1.77593E+00    1.06832E+00    7.55005E-02   -4.57651E-01    1.77328E-01    1.39372E-01    1.17588E-01    1.07615E-01
     5.72758E-01    1.74394E+00    1.05984E+00    8.41850E-02   -4.55264E-01    1.73767E-01    1.37452E-01    1.14497E-01    1.07824E-01
     5.80008E-01    1.71233E+00    1.05111E+00    9.27391E-02   -4.52772E-01    1.70247E-01    1.35513E-01    1.11470E-01    1.07985E-01
     5.87258E-01    1.68109E+00    1.04213E+00    1.01162E-01   -4.50177E-01    1.66769E-01    1.33557E-01    1.08506E-01    1.08098E-01
     5.94508E-01    1.65024E+00    1.03293E+00    1.09452E-01   -4.47486E-01    1.63335E-01    1.31586E-01    1.05605E-01    1.08164E-01
     6.01758E-01    1.61978E+00    1.02351E+00    1.17609E-01   -4.44703E-01    1.59944E-01    1.29603E-01    1.02766E-01    1.08186E-01
     6.09008E-01    1.58972E+00    1.01390E+00    1.25633E-01   -4.41834E-01    1.56598E-01    1.27610E-01    9.99895E-02    1.08163E-01
     6.16258E-01    1.56005E+00    1.00410E+00    1.33522E-01   -4.38882E-01    1.53296E-01    1.25610E-01    9.72746E-02    1.08097E-01
     6.23508E-01    1.53078E+00    9.94133E-01    1.41278E-01   -4.35853E-01    1.50040E-01    1.23605E-01    9.46209E-02    1.07989E-01
     6.30758E-01    1.50192E+00    9.84009E-01    1.48899E-01   -4.32750E-01    1.46830E-01    1.21596E-01    9.20277E-02    1.07841E-01
     6.38008E-01    1.47346E+00    9.73740E-01    1.56386E-01   -4.29579E-01    1.43666E-01    1.19587E-01    8.94945E-02    1.07654E-01
     6.45258E-01    1.44541E+00    9.63340E-01    1.63738E-01   -4.26344E-01    1.40549E-01    1.17578E-01    8.70207E-02    1.07428E-01
     6.52508E-01    1.41777E+00    9.52821E-01    1.70957E-01   -4.23048E-01    1.37478E-01    1.15571E-01    8.46056E-02    1.07166E-01
     6.59758E-01    1.39054E+00    9.42194E-01    1.78042E-01   -4.19697E-01    1.34454E-01    1.13569E-01    8.22483E-02    1.06868E-01
     6.67008E-01    1.36372E+00    9.31472E-01    1.84995E-01   -4.16293E-01    1.31478E-01    1.11573E-01    7.99483E-02    1.06536E-01
     6.74258E-01    1.33731E+00    9.20665E-01    1.91815E-01   -4.12842E-01    1.28548E-01    1.09585E-01    7.77046E-02    1.06170E-01
     6.81508E-01    1.31131E+00    9.09784E-01    1.98503E-01   -4.09346E-01    1.25667E-01    1.07605E-01    7.55165E-02    1.05773E-01
     6.88758E-01    1.28572E+00    8.98840E-01    2.05061E-01   -4.05810E-01    1.22832E-01    1.05636E-01    7.33831E-02    1.05345E-01
     6.96008E-01    1.26054E+00    8.87842E-01    2.11489E-01   -4.02236E-01    1.20045E-01    1.03679E-01    7.13037E-02    1.04887E-01
     7.03258E-01    1.23577E+00    8.76802E-01    2.17788E-01   -3.98630E-01    1.17305E-01    1.01734E-01    6.92773E-02    1.04402E-01
     7.10508E-01    1.21140E+00    8.65727E-01    2.23959E-01   -3.94993E-01    1.14613E-01    9.98037E-02    6.73030E-02    1.03889E-01
     7.17758E-01    1.18744E+00    8.54627E-01    2.30003E-01   -3.91330E-01    1.11968E-01    9.78886E-02    6.53799E-02    1.03351E-01
     7.25008E-01    1.16388E+00    8.43512E-01    2.35922E-01   -3.87642E-01    1.09369E-01    9.59897E-02    6.35071E-02    1.02787E-01
     7.32257E-01    1.14072E+00    8.32388E-01    2.41717E-01   -3.83935E-01    1.06818E-01    9.41081E-02    6.16838E-02    1.02201E-01
     7.39507E-01    1.11796E+00    8.21265E-01    2.47389E-01   -3.80209E-01    1.04313E-01    9.22446E-02    5.99089E-02    1.01592E-01
     7.46757E-01    1.09559E+00    8.10149E-01    2.52940E-01   -3.76469E-01    1.01854E-01    9.04000E-02    5.81815E-02    1.00962E-01
     7.54007E-01    1.07362E+00    7.99049E-01    2.58371E-01   -3.72717E-01    9.94414E-02    8.85750E-02    5.65007E-02    1.00311E-01
     7.61257E-01    1.05203E+00    7.87971E-01    2.63683E-01   -3.68956E-01    9.70744E-02    8.67705E-02    5.48656E-02    9.96417E-02
     7.68507E-01    1.03083E+00    7.76922E-01    2.68879E-01   -3.65187E-01    9.47527E-02    8.49870E-02    5.32752E-02    9.89543E-02
     7.75757E-01    1.01001E+00    7.65909E-01    2.73959E-01   -3.61415E-01    9.24760E-02    8.32252E-02    5.17285E-02    9.82499E-02
     7.83007E-01    9.89565E-01    7.54936E-01    2.78925E-01   -3.57640E-01    9.02439E-02    8.14855E-02    5.02247E-02    9.75295E-02
     7.90257E-01    9.69497E-01    7.44011E-01    2.83780E-01   -3.53865E-01    8.80560E-02    7.97684E-02    4.87627E-02    9.67942E-02
     7.97507E-01    9.49799E-01    7.33139E-01    2.88524E-01   -3.50093E-01    8.59119E-02    7.80744E-02    4.73417E-02    9.60449E-02
     8.04757E-01    9.30467E-01    7.22324E-01    2.93159E-01   -3.46325E-01    8.38111E-02    7.64038E-02    4.59607E-02    9.52825E-02
     8.12007E-01    9.11496E-01    7.11572E-01    2.97688E-01   -3.42563E-01    8.17531E-02    7.47569E-02    4.46188E-02    9.45080E-02
     8.19257E-01    8.92883E-01    7.00887E-01    3.02111E-01   -3.38810E-01    7.97376E-02    7.31342E-02    4.33152E-02    9.37223E-02
     8.26507E-01    8.74623E-01    6.90273E-01    3.06431E-01   -3.35066E-01    7.77639E-02    7.15357E-02    4.20488E-02    9.29262E-02
     8.33757E-01    8.56712E-01    6.79736E-01    3.10650E-01   -3.31334E-01    7.58316E-02    6.99618E-02    4.08188E-02    9.21205E-02
     8.41007E-01    8.39144E-01    6.69278E-01    3.14768E-01   -3.27616E-01    7.39401E-02    6.84125E-02    3.96244E-02    9.13061E-02
     8.48257E-01    8.21915E-01    6.58902E-01    3.18789E-01   -3.23912E-01    7.20890E-02    6.68881E-02    3.84645E-02    9.04839E-02
     8.55507E-01    8.05021E-01    6.48614E-01    3.22713E-01   -3.20224E-01    7.02777E-02    6.53886E-02    3.73385E-02    8.96544E-02
     8.62757E-01    7.88456E-01    6.38414E-01    3.26543E-01   -3.16554E-01    6.85056E-02    6.39140E-02    3.62454E-02    8.88185E-02
     8.70007E-01    7.72216E-01    6.28307E-01    3.30280E-01   -3.12902E-01    6.67722E-02    6.24645E-02    3.51844E-02    8.79770E-02
     8.77257E-01    7.56296E-01    6.18295E-01    3.33926E-01   -3.09271E-01    6.50769E-02    6.10400E-02    3.41547E-02    8.71304E-02
     8.84507E-01    7.40692E-01    6.08381E-01    3.37482E-01   -3.05661E-01    6.34192E-02    5.96406E-02    3.31554E-02    8.62795E-02
     8.91757E-01    7.25398E-01    5.98566E-01    3.40952E-01   -3.02073E-01    6.17985E-02    5.82660E-02    3.21858E-02    8.54250E-02
     8.99007E-01    7.10409E-01    5.88853E-01    3.44336E-01   -2.98508E-01    6.02142E-02    5.69164E-02    3.12451E-02    8.45673E-02
     9.06257E-01    6.95721E-01    5.79244E-01    3.47636E-01   -2.94968E-01    5.86658E-02    5.55916E-02    3.03325E-02    8.37072E-02
     9.13507E-01    6.81328E-01    5.69739E-01    3.50854E-01   -2.91452E-01    5.71525E-02    5.42914E-02    2.94472E-02    8.28452E-02
     9.20757E-01    6.67226E-01    5.60342E-01    3.53992E-01   -2.87963E-01    5.56740E-02    5.30157E-02    2.85885E-02    8.19819E-02
     9.28007E-01    6.53410E-01    5.51053E-01    3.57051E-01   -2.84500E-01    5.42295E-02    5.17645E-02    2.77557E-02    8.11178E-02
     9.35257E-01    6.39875E-01    5.41873E-01    3.60033E-01   -2.81065E-01    5.28185E-02    5.05375E-02    2.69481E-02    8.02533E-02
     9.42507E-01    6.26617E-01    5.32804E-01    3.62939E-01   -2.77657E-01    5.14404E-02    4.93344E-02    2.61650E-02    7.93891E-02
     9.49757E-01    6.13629E-01    5.23846E-01    3.65772E-01   -2.74278E-01    5.00946E-02    4.81552E-02    2.54057E-02    7.85255E-02
     9.57007E-01    6.00908E-01    5.14999E-01    3.68533E-01   -2.70928E-01    4.87806E-02    4.69996E-02    2.46694E-02    7.76630E-02
     9.64257E-01    5.88449E-01    5.06266E-01    3.71224E-01   -2.67608E-01    4.74977E-02    4.58674E-02    2.39557E-02    7.68021E-02
     9.71507E-01    5.76247E-01    4.97646E-01    3.73846E-01   -2.64318E-01    4.62454E-02    4.47583E-02    2.32637E-02    7.59431E-02
     9.78757E-01    5.64298E-01    4.89139E-01    3.76400E-01   -2.61058E-01    4.50231E-02    4.36720E-02    2.25930E-02    7.50864E-02
     9.86007E-01    5.52596E-01    4.80746E-01    3.78889E-01   -2.57830E-01    4.38302E-02    4.26084E-02    2.19429E-02    7.42323E-02
     9.93257E-01    5.41137E-01    4.72467E-01    3.81314E-01   -2.54632E-01    4.26661E-02    4.15670E-02    2.13127E-02    7.33814E-02
     1.00051E+00    5.29917E-01    4.64303E-01    3.83676E-01   -2.51466E-01    4.15304E-02    4.05478E-02    2.07020E-02    7.25338E-02
     1.00776E+00    5.18931E-01    4.56252E-01    3.85976E-01   -2.48331E-01    4.04223E-02    3.95503E-02    2.01101E-02    7.16899E-02
     1.01501E+00    5.08174E-01    4.48315E-01    3.88218E-01   -2.45228E-01    3.93415E-02    3.85743E-02    1.95366E-02    7.08500E-02
     1.02226E+00    4.97643E-01    4.40491E-01    3.90400E-01   -2.42157E-01    3.82872E-02    3.76194E-02    1.89807E-02    7.00143E-02
     1.02951E+00    4.87333E-01    4.32782E-01    3.92526E-01   -2.39119E-01    3.72591E-02    3.66854E-02    1.84421E-02    6.91832E-02
     1.03676E+00    4.77238E-01    4.25185E-01    3.94597E-01   -2.36113E-01    3.62564E-02    3.57720E-02    1.79202E-02    6.83569E-02
     1.04401E+00    4.67357E-01    4.17700E-01    3.96613E-01   -2.33139E-01    3.52788E-02    3.48788E-02    1.74145E-02    6.75356E-02
     1.05126E+00    4.57683E-01    4.10328E-01    3.98577E-01   -2.30197E-01    3.43256E-02    3.40055E-02    1.69246E-02    6.67196E-02
     1.05851E+00    4.48213E-01    4.03067E-01    4.00489E-01   -2.27289E-01    3.33964E-02    3.31518E-02    1.64499E-02    6.59090E-02
     1.06576E+00    4.38943E-01    3.95916E-01    4.02350E-01   -2.24412E-01    3.24906E-02    3.23174E-02    1.59900E-02    6.51041E-02
     1.07301E+00    4.29869E-01    3.88876E-01    4.04163E-01   -2.21568E-01    3.16078E-02    3.15020E-02    1.55444E-02    6.43051E-02
     1.08026E+00    4.20986E-01    3.81945E-01    4.05928E-01   -2.18757E-01    3.07474E-02    3.07053E-02    1.51128E-02    6.35120E-02
     1.08751E+00    4.12292E-01    3.75123E-01    4.07646E-01   -2.15977E-01    2.99089E-02    2.99268E-02    1.46946E-02    6.27251E-02
     1.09476E+00    4.03782E-01    3.68409E-01    4.09319E-01   -2.13230E-01    2.90919E-02    2.91663E-02    1.42895E-02    6.19446E-02
     1.10201E+00    3.95452E-01    3.61801E-01    4.10948E-01   -2.10516E-01    2.82958E-02    2.84235E-02    1.38970E-02    6.11705E-02
     1.10926E+00    3.87298E-01    3.55299E-01    4.12534E-01   -2.07833E-01    2.75202E-02    2.76981E-02    1.35168E-02    6.04030E-02
     1.11651E+00    3.79318E-01    3.48902E-01    4.14077E-01   -2.05182E-01    2.67647E-02    2.69897E-02    1.31486E-02    5.96422E-02
     1.12376E+00    3.71507E-01    3.42609E-01    4.15580E-01   -2.02563E-01    2.60287E-02    2.62980E-02    1.27918E-02    5.88882E-02
     1.13101E+00    3.63862E-01    3.36419E-01    4.17043E-01   -1.99976E-01    2.53118E-02    2.56226E-02    1.24462E-02    5.81410E-02
     1.13826E+00    3.56379E-01    3.30331E-01    4.18467E-01   -1.97420E-01    2.46137E-02    2.49634E-02    1.21115E-02    5.74009E-02
     1.14551E+00    3.49055E-01    3.24343E-01    4.19853E-01   -1.94895E-01    2.39337E-02    2.43199E-02    1.17872E-02    5.66679E-02
     1.15276E+00    3.41887E-01    3.18456E-01    4.21203E-01   -1.92401E-01    2.32716E-02    2.36919E-02    1.14731E-02    5.59420E-02
     1.16001E+00    3.34872E-01    3.12667E-01    4.22516E-01   -1.89939E-01    2.26269E-02    2.30789E-02    1.11688E-02    5.52233E-02
     1.16726E+00    3.28005E-01    3.06975E-01    4.23795E-01   -1.87506E-01    2.19992E-02    2.24809E-02    1.08741E-02    5.45118E-02
     1.17451E+00    3.21284E-01    3.01380E-01    4.25039E-01   -1.85105E-01    2.13880E-02    2.18973E-02    1.05886E-02    5.38077E-02
     1.18176E+00    3.14706E-01    2.95879E-01    4.26251E-01   -1.82733E-01    2.07931E-02    2.13280E-02    1.03120E-02    5.31108E-02
     1.18901E+00    3.08268E-01    2.90473E-01    4.27430E-01   -1.80391E-01    2.02139E-02    2.07726E-02    1.00441E-02    5.24214E-02
     1.19626E+00    3.01967E-01    2.85160E-01    4.28578E-01   -1.78079E-01    1.96501E-02    2.02308E-02    9.78452E-03    5.17394E-02
     1.20351E+00    2.95800E-01    2.79938E-01    4.29695E-01   -1.75796E-01    1.91014E-02    1.97024E-02    9.53310E-03    5.10648E-02
     1.21076E+00    2.89764E-01    2.74806E-01    4.30782E-01   -1.73542E-01    1.85673E-02    1.91870E-02    9.28953E-03    5.03976E-02
     1.21801E+00    2.83856E-01    2.69764E-01    4.31841E-01   -1.71317E-01    1.80476E-02    1.86844E-02    9.05357E-03    4.97379E-02
     1.22526E+00    2.78073E-01    2.64809E-01    4.32871E-01   -1.69121E-01    1.75418E-02    1.81943E-02    8.82499E-03    4.90857E-02
     1.23251E+00    2.72413E-01    2.59942E-01    4.33874E-01   -1.66953E-01    1.70496E-02    1.77164E-02    8.60353E-03    4.84409E-02
     1.23976E+00    2.66874E-01    2.55160E-01    4.34850E-01   -1.64813E-01    1.65707E-02    1.72505E-02    8.38898E-03    4.78036E-02
     1.24701E+00    2.61451E-01    2.50462E-01    4.35800E-01   -1.62700E-01    1.61047E-02    1.67963E-02    8.18112E-03    4.71737E-02
     1.25426E+00    2.56144E-01    2.45847E-01    4.36725E-01   -1.60615E-01    1.56514E-02    1.63535E-02    7.97973E-03    4.65512E-02
     1.26151E+00    2.50949E-01    2.41315E-01    4.37625E-01   -1.58558E-01    1.52103E-02    1.59218E-02    7.78460E-03    4.59362E-02
     1.26876E+00    2.45864E-01    2.36862E-01    4.38501E-01   -1.56526E-01    1.47812E-02    1.55011E-02    7.59553E-03    4.53285E-02
     1.27601E+00    2.40887E-01    2.32490E-01    4.39354E-01   -1.54522E-01    1.43639E-02    1.50910E-02    7.41234E-03    4.47282E-02
     1.28326E+00    2.36015E-01    2.28196E-01    4.40184E-01   -1.52543E-01    1.39578E-02    1.46914E-02    7.23483E-03    4.41352E-02
     1.29051E+00    2.31246E-01    2.23979E-01    4.40992E-01   -1.50591E-01    1.35629E-02    1.43019E-02    7.06282E-03    4.35496E-02
     1.29776E+00    2.26578E-01    2.19837E-01    4.41779E-01   -1.48664E-01    1.31788E-02    1.39223E-02    6.89613E-03    4.29712E-02
     1.30501E+00    2.22008E-01    2.15771E-01    4.42545E-01   -1.46762E-01    1.28053E-02    1.35525E-02    6.73460E-03    4.24001E-02
     1.31226E+00    2.17535E-01    2.11778E-01    4.43290E-01   -1.44886E-01    1.24420E-02    1.31921E-02    6.57805E-03    4.18361E-02
     1.31951E+00    2.13156E-01    2.07857E-01    4.44016E-01   -1.43034E-01    1.20886E-02    1.28410E-02    6.42633E-03    4.12793E-02
     1.32676E+00    2.08869E-01    2.04008E-01    4.44722E-01   -1.41206E-01    1.17451E-02    1.24990E-02    6.27928E-03    4.07296E-02
     1.33401E+00    2.04673E-01    2.00229E-01    4.45410E-01   -1.39402E-01    1.14110E-02    1.21657E-02    6.13675E-03    4.01870E-02
     1.34126E+00    2.00564E-01    1.96518E-01    4.46080E-01   -1.37623E-01    1.10861E-02    1.18411E-02    5.99859E-03    3.96513E-02
     1.34851E+00    1.96542E-01    1.92876E-01    4.46731E-01   -1.35866E-01    1.07702E-02    1.15248E-02    5.86467E-03    3.91227E-02
     1.35576E+00    1.92605E-01    1.89300E-01    4.47366E-01   -1.34133E-01    1.04631E-02    1.12168E-02    5.73485E-03    3.86009E-02
     1.36301E+00    1.88750E-01    1.85790E-01    4.47983E-01   -1.32423E-01    1.01645E-02    1.09167E-02    5.60900E-03    3.80860E-02
     1.37026E+00    1.84976E-01    1.82345E-01    4.48585E-01   -1.30735E-01    9.87422E-03    1.06245E-02    5.48699E-03    3.75779E-02
     1.37751E+00    1.81281E-01    1.78962E-01    4.49170E-01   -1.29069E-01    9.59200E-03    1.03399E-02    5.36869E-03    3.70765E-02
     1.38476E+00    1.77663E-01    1.75643E-01    4.49740E-01   -1.27426E-01    9.31765E-03    1.00626E-02    5.25399E-03    3.65818E-02
     1.39201E+00    1.74121E-01    1.72384E-01    4.50295E-01   -1.25804E-01    9.05096E-03    9.79269E-03    5.14277E-03    3.60937E-02
     1.39926E+00    1.70652E-01    1.69186E-01    4.50836E-01   -1.24203E-01    8.79172E-03    9.52979E-03    5.03491E-03    3.56122E-02
     1.40651E+00    1.67257E-01    1.66047E-01    4.51362E-01   -1.22624E-01    8.53973E-03    9.27379E-03    4.93032E-03    3.51372E-02
     1.41376E+00    1.63931E-01    1.62966E-01    4.51874E-01   -1.21065E-01    8.29480E-03    9.02450E-03    4.82888E-03    3.46686E-02
     1.42101E+00    1.60675E-01    1.59942E-01    4.52373E-01   -1.19527E-01    8.05673E-03    8.78176E-03    4.73050E-03    3.42064E-02
     1.42826E+00    1.57487E-01    1.56975E-01    4.52859E-01   -1.18010E-01    7.82535E-03    8.54541E-03    4.63507E-03    3.37504E-02
     1.43551E+00    1.54365E-01    1.54063E-01    4.53332E-01   -1.16512E-01    7.60048E-03    8.31529E-03    4.54250E-03    3.33008E-02
     1.44276E+00    1.51308E-01    1.51205E-01    4.53793E-01   -1.15033E-01    7.38193E-03    8.09123E-03    4.45270E-03    3.28573E-02
     1.45000E+00    1.48314E-01    1.48400E-01    4.54241E-01   -1.13575E-01    7.16954E-03    7.87310E-03    4.36558E-03    3.24199E-02
     1.45725E+00    1.45382E-01    1.45648E-01    4.54678E-01   -1.12135E-01    6.96313E-03    7.66072E-03    4.28106E-03    3.19885E-02
     1.46450E+00    1.42511E-01    1.42947E-01    4.55104E-01   -1.10714E-01    6.76256E-03    7.45397E-03    4.19905E-03    3.15632E-02
     1.47175E+00    1.39699E-01    1.40297E-01    4.55518E-01   -1.09312E-01    6.56765E-03    7.25270E-03    4.11946E-03    3.11437E-02
     1.47900E+00    1.36945E-01    1.37696E-01    4.55921E-01   -1.07928E-01    6.37825E-03    7.05677E-03    4.04223E-03    3.07301E-02
     1.48625E+00    1.34248E-01    1.35144E-01    4.56314E-01   -1.06562E-01    6.19421E-03    6.86603E-03    3.96728E-03    3.03223E-02
     1.49350E+00    1.31606E-01    1.32640E-01    4.56697E-01   -1.05214E-01    6.01540E-03    6.68037E-03    3.89453E-03    2.99202E-02
     1.50075E+00    1.29019E-01    1.30182E-01    4.57070E-01   -1.03883E-01    5.84165E-03    6.49964E-03    3.82391E-03    2.95237E-02
     1.50800E+00    1.26485E-01    1.27771E-01    4.57433E-01   -1.02570E-01    5.67283E-03    6.32373E-03    3.75537E-03    2.91328E-02
     1.51525E+00    1.24002E-01    1.25406E-01    4.57787E-01   -1.01274E-01    5.50882E-03    6.15250E-03    3.68882E-03    2.87474E-02
     1.52250E+00    1.21571E-01    1.23084E-01    4.58131E-01   -9.99943E-02    5.34946E-03    5.98584E-03    3.62421E-03    2.83674E-02
     1.52975E+00    1.19189E-01    1.20807E-01    4.58467E-01   -9.87315E-02    5.19465E-03    5.82362E-03    3.56147E-03    2.79928E-02
     1.53700E+00    1.16857E-01    1.18572E-01    4.58794E-01   -9.74849E-02    5.04424E-03    5.66574E-03    3.50055E-03    2.76236E-02
     1.54425E+00    1.14571E-01    1.16379E-01    4.59112E-01   -9.62544E-02    4.89812E-03    5.51209E-03    3.44138E-03    2.72595E-02
     1.55150E+00    1.12333E-01    1.14228E-01    4.59423E-01   -9.50398E-02    4.75618E-03    5.36254E-03    3.38392E-03    2.69007E-02
     1.55875E+00    1.10140E-01    1.12117E-01    4.59725E-01   -9.38408E-02    4.61828E-03    5.21699E-03    3.32811E-03    2.65469E-02
     1.56600E+00    1.07991E-01    1.10046E-01    4.60019E-01   -9.26571E-02    4.48433E-03    5.07535E-03    3.27389E-03    2.61982E-02
     1.57325E+00    1.05886E-01    1.08014E-01    4.60306E-01   -9.14886E-02    4.35421E-03    4.93750E-03    3.22122E-03    2.58545E-02
     1.58050E+00    1.03824E-01    1.06020E-01    4.60586E-01   -9.03350E-02    4.22781E-03    4.80335E-03    3.17004E-03    2.55157E-02
     1.58775E+00    1.01804E-01    1.04064E-01    4.60858E-01   -8.91961E-02    4.10503E-03    4.67280E-03    3.12031E-03    2.51817E-02
     1.59500E+00    9.98246E-02    1.02145E-01    4.61124E-01   -8.80717E-02    3.98577E-03    4.54575E-03    3.07199E-03    2.48525E-02
     1.60225E+00    9.78852E-02    1.00262E-01    4.61382E-01   -8.69616E-02    3.86994E-03    4.42212E-03    3.02503E-03    2.45281E-02
     1.60950E+00    9.59850E-02    9.84147E-02    4.61634E-01   -8.58655E-02    3.75742E-03    4.30182E-03    2.97938E-03    2.42083E-02
     1.61675E+00    9.41231E-02    9.66023E-02    4.61880E-01   -8.47833E-02    3.64814E-03    4.18475E-03    2.93501E-03    2.38931E-02
     1.62400E+00    9.22986E-02    9.48241E-02    4.62119E-01   -8.37148E-02    3.54200E-03    4.07083E-03    2.89188E-03    2.35824E-02
     1.63125E+00    9.05109E-02    9.30796E-02    4.62352E-01   -8.26597E-02    3.43891E-03    3.95998E-03    2.84994E-03    2.32762E-02
     1.63850E+00    8.87591E-02    9.13681E-02    4.62579E-01   -8.16178E-02    3.33879E-03    3.85212E-03    2.80917E-03    2.29744E-02
     1.64575E+00    8.70425E-02    8.96889E-02    4.62801E-01   -8.05890E-02    3.24155E-03    3.74716E-03    2.76951E-03    2.26769E-02
     1.65300E+00    8.53602E-02    8.80415E-02    4.63016E-01   -7.95730E-02    3.14712E-03    3.64504E-03    2.73095E-03    2.23838E-02
     1.66025E+00    8.37116E-02    8.64253E-02    4.63227E-01   -7.85697E-02    3.05540E-03    3.54567E-03    2.69344E-03    2.20948E-02
     1.66750E+00    8.20959E-02    8.48397E-02    4.63432E-01   -7.75789E-02    2.96633E-03    3.44898E-03    2.65696E-03    2.18101E-02
     1.67475E+00    8.05125E-02    8.32840E-02    4.63632E-01   -7.66004E-02    2.87983E-03    3.35490E-03    2.62146E-03    2.15294E-02
     1.68200E+00    7.89607E-02    8.17578E-02    4.63826E-01   -7.56339E-02    2.79583E-03    3.26336E-03    2.58693E-03    2.12529E-02
     1.68925E+00    7.74397E-02    8.02605E-02    4.64016E-01   -7.46794E-02    2.71426E-03    3.17430E-03    2.55333E-03    2.09803E-02
     1.69650E+00    7.59490E-02    7.87915E-02    4.64201E-01   -7.37367E-02    2.63504E-03    3.08765E-03    2.52063E-03    2.07116E-02
     1.70375E+00    7.44878E-02    7.73503E-02    4.64382E-01   -7.28055E-02    2.55812E-03    3.00333E-03    2.48880E-03    2.04468E-02
     1.71100E+00    7.30557E-02    7.59364E-02    4.64558E-01   -7.18857E-02    2.48342E-03    2.92130E-03    2.45783E-03    2.01859E-02
     1.71825E+00    7.16518E-02    7.45493E-02    4.64729E-01   -7.09772E-02    2.41088E-03    2.84149E-03    2.42767E-03    1.99287E-02
     1.72550E+00    7.02758E-02    7.31884E-02    4.64896E-01   -7.00797E-02    2.34045E-03    2.76384E-03    2.39831E-03    1.96753E-02
     1.73275E+00    6.89269E-02    7.18533E-02    4.65059E-01   -6.91931E-02    2.27206E-03    2.68829E-03    2.36973E-03    1.94255E-02
     1.74000E+00    6.76046E-02    7.05434E-02    4.65218E-01   -6.83172E-02    2.20565E-03    2.61478E-03    2.34189E-03    1.91793E-02
     1.74725E+00    6.63083E-02    6.92584E-02    4.65373E-01   -6.74519E-02    2.14116E-03    2.54327E-03    2.31479E-03    1.89367E-02
     1.75450E+00    6.50376E-02    6.79977E-02    4.65524E-01   -6.65971E-02    2.07855E-03    2.47370E-03    2.28838E-03    1.86976E-02
     1.76175E+00    6.37918E-02    6.67608E-02    4.65671E-01   -6.57525E-02    2.01776E-03    2.40601E-03    2.26266E-03    1.84620E-02
     1.76900E+00    6.25704E-02    6.55474E-02    4.65815E-01   -6.49180E-02    1.95873E-03    2.34015E-03    2.23761E-03    1.82298E-02
     1.77625E+00    6.13729E-02    6.43569E-02    4.65955E-01   -6.40935E-02    1.90141E-03    2.27608E-03    2.21320E-03    1.80009E-02
     1.78350E+00    6.01989E-02    6.31890E-02    4.66091E-01   -6.32787E-02    1.84577E-03    2.21375E-03    2.18941E-03    1.77754E-02
     1.79075E+00    5.90478E-02    6.20432E-02    4.66224E-01   -6.24737E-02    1.79174E-03    2.15311E-03    2.16623E-03    1.75531E-02
     1.79800E+00    5.79191E-02    6.09190E-02    4.66354E-01   -6.16782E-02    1.73928E-03    2.09411E-03    2.14364E-03    1.73340E-02
     1.80525E+00    5.68124E-02    5.98162E-02    4.66480E-01   -6.08920E-02    1.68835E-03    2.03671E-03    2.12161E-03    1.71181E-02
     1.81250E+00    5.57272E-02    5.87342E-02    4.66604E-01   -6.01151E-02    1.63890E-03    1.98088E-03    2.10015E-03    1.69053E-02
     1.81975E+00    5.46631E-02    5.76726E-02    4.66724E-01   -5.93473E-02    1.59090E-03    1.92655E-03    2.07921E-03    1.66956E-02
     1.82700E+00    5.36197E-02    5.66312E-02    4.66842E-01   -5.85885E-02    1.54429E-03    1.87370E-03    2.05881E-03    1.64889E-02
     1.83425E+00    5.25964E-02    5.56095E-02    4.66956E-01   -5.78385E-02    1.49904E-03    1.82229E-03    2.03890E-03    1.62852E-02
     1.84150E+00    5.15930E-02    5.46071E-02    4.67068E-01   -5.70972E-02    1.45511E-03    1.77227E-03    2.01949E-03    1.60844E-02
     1.84875E+00    5.06089E-02    5.36237E-02    4.67177E-01   -5.63644E-02    1.41246E-03    1.72361E-03    2.00056E-03    1.58865E-02
     1.85600E+00    4.96437E-02    5.26589E-02    4.67283E-01   -5.56402E-02    1.37106E-03    1.67627E-03    1.98209E-03    1.56915E-02
     1.86325E+00    4.86972E-02    5.17123E-02    4.67386E-01   -5.49242E-02    1.33087E-03    1.63022E-03    1.96408E-03    1.54993E-02
     1.87050E+00    4.77688E-02    5.07837E-02    4.67487E-01   -5.42165E-02    1.29185E-03    1.58542E-03    1.94650E-03    1.53099E-02
     1.87775E+00    4.68583E-02    4.98726E-02    4.67586E-01   -5.35169E-02    1.25397E-03    1.54184E-03    1.92934E-03    1.51232E-02
     1.88500E+00    4.59652E-02    4.89787E-02    4.67682E-01   -5.28252E-02    1.21719E-03    1.49943E-03    1.91260E-03    1.49392E-02
     1.89225E+00    4.50892E-02    4.81018E-02    4.67776E-01   -5.21413E-02    1.18150E-03    1.45819E-03    1.89626E-03    1.47578E-02
     1.89950E+00    4.42300E-02    4.72415E-02    4.67867E-01   -5.14652E-02    1.14684E-03    1.41806E-03    1.88031E-03    1.45791E-02
     1.90675E+00    4.33871E-02    4.63974E-02    4.67957E-01   -5.07967E-02    1.11320E-03    1.37902E-03    1.86474E-03    1.44029E-02
     1.91400E+00    4.25603E-02    4.55693E-02    4.68044E-01   -5.01357E-02    1.08055E-03    1.34104E-03    1.84954E-03    1.42293E-02
     1.92125E+00    4.17492E-02    4.47568E-02    4.68129E-01   -4.94821E-02    1.04885E-03    1.30410E-03    1.83469E-03    1.40581E-02
     1.92850E+00    4.09535E-02    4.39597E-02    4.68211E-01   -4.88358E-02    1.01808E-03    1.26816E-03    1.82020E-03    1.38894E-02
     1.93575E+00    4.01729E-02    4.31777E-02    4.68292E-01   -4.81967E-02    9.88206E-04    1.23320E-03    1.80604E-03    1.37232E-02
     1.94300E+00    3.94071E-02    4.24105E-02    4.68371E-01   -4.75647E-02    9.59211E-04    1.19918E-03    1.79221E-03    1.35593E-02
     1.95025E+00    3.86557E-02    4.16578E-02    4.68448E-01   -4.69396E-02    9.31067E-04    1.16609E-03    1.77871E-03    1.33978E-02
     1.95750E+00    3.79185E-02    4.09194E-02    4.68523E-01   -4.63214E-02    9.03747E-04    1.13390E-03    1.76551E-03    1.32386E-02
     1.96475E+00    3.71953E-02    4.01949E-02    4.68596E-01   -4.57099E-02    8.77229E-04    1.10259E-03    1.75262E-03    1.30816E-02
     1.97200E+00    3.64856E-02    3.94841E-02    4.68668E-01   -4.51052E-02    8.51488E-04    1.07213E-03    1.74002E-03    1.29270E-02
     1.97925E+00    3.57892E-02    3.87867E-02    4.68737E-01   -4.45070E-02    8.26504E-04    1.04249E-03    1.72771E-03    1.27745E-02
     1.98650E+00    3.51059E-02    3.81026E-02    4.68805E-01   -4.39153E-02    8.02252E-04    1.01366E-03    1.71568E-03    1.26242E-02
     1.99375E+00    3.44353E-02    3.74314E-02    4.68872E-01   -4.33300E-02    7.78713E-04    9.85614E-04    1.70393E-03    1.24761E-02
     2.00100E+00    3.37773E-02    3.67729E-02    4.68936E-01   -4.27509E-02    7.55866E-04    9.58330E-04    1.69243E-03    1.23301E-02
     2.00825E+00    3.31316E-02    3.61268E-02    4.69000E-01   -4.21781E-02    7.33690E-04    9.31788E-04    1.68120E-03    1.21862E-02
     2.01550E+00    3.24979E-02    3.54930E-02    4.69061E-01   -4.16114E-02    7.12165E-04    9.05967E-04    1.67021E-03    1.20443E-02
     2.02275E+00    3.18759E-02    3.48712E-02    4.69121E-01   -4.10507E-02    6.91274E-04    8.80847E-04    1.65947E-03    1.19045E-02
     2.03000E+00    3.12655E-02    3.42611E-02    4.69180E-01   -4.04960E-02    6.70997E-04    8.56411E-04    1.64897E-03    1.17667E-02
     2.03725E+00    3.06664E-02    3.36627E-02    4.69237E-01   -3.99471E-02    6.51317E-04    8.32639E-04    1.63870E-03    1.16308E-02
     2.04450E+00    3.00783E-02    3.30755E-02    4.69293E-01   -3.94039E-02    6.32216E-04    8.09513E-04    1.62866E-03    1.14969E-02
     2.05175E+00    2.95011E-02    3.24995E-02    4.69348E-01   -3.88665E-02    6.13678E-04    7.87015E-04    1.61883E-03    1.13649E-02
     2.05900E+00    2.89345E-02    3.19343E-02    4.69401E-01   -3.83347E-02    5.95685E-04    7.65129E-04    1.60923E-03    1.12348E-02
     2.06625E+00    2.83784E-02    3.13799E-02    4.69453E-01   -3.78083E-02    5.78223E-04    7.43837E-04    1.59983E-03    1.11065E-02
     2.07350E+00    2.78324E-02    3.08360E-02    4.69503E-01   -3.72875E-02    5.61275E-04    7.23125E-04    1.59063E-03    1.09801E-02
     2.08075E+00    2.72964E-02    3.03025E-02    4.69553E-01   -3.67720E-02    5.44827E-04    7.02974E-04    1.58164E-03    1.08554E-02
     2.08800E+00    2.67702E-02    2.97790E-02    4.69601E-01   -3.62617E-02    5.28864E-04    6.83372E-04    1.57284E-03    1.07326E-02
     2.09525E+00    2.62536E-02    2.92655E-02    4.69648E-01   -3.57567E-02    5.13372E-04    6.64302E-04    1.56422E-03    1.06115E-02
     2.10250E+00    2.57464E-02    2.87617E-02    4.69694E-01   -3.52569E-02    4.98337E-04    6.45750E-04    1.55580E-03    1.04921E-02
     2.10975E+00    2.52484E-02    2.82675E-02    4.69739E-01   -3.47621E-02    4.83747E-04    6.27702E-04    1.54755E-03    1.03744E-02
     2.11700E+00    2.47594E-02    2.77826E-02    4.69782E-01   -3.42723E-02    4.69587E-04    6.10144E-04    1.53948E-03    1.02585E-02
     2.12425E+00    2.42793E-02    2.73070E-02    4.69825E-01   -3.37874E-02    4.55846E-04    5.93063E-04    1.53158E-03    1.01441E-02
     2.13150E+00    2.38078E-02    2.68404E-02    4.69866E-01   -3.33074E-02    4.42511E-04    5.76446E-04    1.52385E-03    1.00314E-02
     2.13875E+00    2.33447E-02    2.63828E-02    4.69907E-01   -3.28321E-02    4.29570E-04    5.60281E-04    1.51628E-03    9.92035E-03
     2.14600E+00    2.28900E-02    2.59338E-02    4.69947E-01   -3.23616E-02    4.17013E-04    5.44554E-04    1.50887E-03    9.81085E-03
     2.15325E+00    2.24435E-02    2.54933E-02    4.69985E-01   -3.18957E-02    4.04827E-04    5.29254E-04    1.50162E-03    9.70292E-03
     2.16050E+00    2.20049E-02    2.50613E-02    4.70023E-01   -3.14344E-02    3.93002E-04    5.14370E-04    1.49452E-03    9.59653E-03
     2.16775E+00    2.15741E-02    2.46375E-02    4.70060E-01   -3.09776E-02    3.81527E-04    4.99890E-04    1.48757E-03    9.49166E-03
     2.17500E+00    2.11510E-02    2.42218E-02    4.70096E-01   -3.05253E-02    3.70392E-04    4.85802E-04    1.48076E-03    9.38830E-03
     2.18225E+00    2.07354E-02    2.38140E-02    4.70131E-01   -3.00774E-02    3.59588E-04    4.72097E-04    1.47410E-03    9.28641E-03
     2.18950E+00    2.03272E-02    2.34140E-02    4.70165E-01   -2.96338E-02    3.49105E-04    4.58764E-04    1.46758E-03    9.18598E-03
     2.19675E+00    1.99261E-02    2.30217E-02    4.70198E-01   -2.91945E-02    3.38932E-04    4.45793E-04    1.46119E-03    9.08700E-03
     2.20400E+00    1.95321E-02    2.26369E-02    4.70230E-01   -2.87594E-02    3.29062E-04    4.33173E-04    1.45494E-03    8.98943E-03
     2.21125E+00    1.91450E-02    2.22594E-02    4.70262E-01   -2.83284E-02    3.19486E-04    4.20896E-04    1.44881E-03    8.89327E-03
     2.21850E+00    1.87647E-02    2.18892E-02    4.70293E-01   -2.79015E-02    3.10194E-04    4.08951E-04    1.44282E-03    8.79850E-03
     2.22575E+00    1.83911E-02    2.15261E-02    4.70323E-01   -2.74787E-02    3.01179E-04    3.97331E-04    1.43695E-03    8.70508E-03
     2.23300E+00    1.80239E-02    2.11699E-02    4.70353E-01   -2.70598E-02    2.92432E-04    3.86025E-04    1.43120E-03    8.61302E-03
     2.24025E+00    1.76631E-02    2.08206E-02    4.70381E-01   -2.66449E-02    2.83947E-04    3.75026E-04    1.42556E-03    8.52228E-03
     2.24750E+00    1.73085E-02    2.04781E-02    4.70409E-01   -2.62338E-02    2.75714E-04    3.64325E-04    1.42005E-03    8.43286E-03
     2.25475E+00    1.69601E-02    2.01421E-02    4.70437E-01   -2.58265E-02    2.67727E-04    3.53913E-04    1.41465E-03    8.34474E-03
     2.26200E+00    1.66176E-02    1.98126E-02    4.70463E-01   -2.54230E-02    2.59979E-04    3.43784E-04    1.40936E-03    8.25789E-03
     2.26925E+00    1.62811E-02    1.94895E-02    4.70489E-01   -2.50232E-02    2.52462E-04    3.33929E-04    1.40419E-03    8.17230E-03
     2.27650E+00    1.59502E-02    1.91726E-02    4.70515E-01   -2.46271E-02    2.45171E-04    3.24340E-04    1.39912E-03    8.08797E-03
     2.28375E+00    1.56250E-02    1.88619E-02    4.70539E-01   -2.42346E-02    2.38098E-04    3.15011E-04    1.39415E-03    8.00486E-03
     2.29100E+00    1.53053E-02    1.85572E-02    4.70563E-01   -2.38456E-02    2.31237E-04    3.05934E-04    1.38929E-03    7.92297E-03
     2.29825E+00    1.49910E-02    1.82584E-02    4.70587E-01   -2.34601E-02    2.24582E-04    2.97103E-04    1.38453E-03    7.84228E-03
     2.30550E+00    1.46820E-02    1.79655E-02    4.70610E-01   -2.30781E-02    2.18127E-04    2.88510E-04    1.37987E-03    7.76278E-03
     2.31275E+00    1.43782E-02    1.76782E-02    4.70632E-01   -2.26995E-02    2.11866E-04    2.80149E-04    1.37531E-03    7.68446E-03
     2.32000E+00    1.40795E-02    1.73965E-02    4.70654E-01   -2.23243E-02    2.05794E-04    2.72014E-04    1.37084E-03    7.60729E-03
     2.32725E+00    1.37858E-02    1.71204E-02    4.70675E-01   -2.19524E-02    1.99905E-04    2.64099E-04    1.36646E-03    7.53126E-03
     2.33450E+00    1.34969E-02    1.68497E-02    4.70696E-01   -2.15837E-02    1.94194E-04    2.56397E-04    1.36218E-03    7.45637E-03
     2.34175E+00    1.32128E-02    1.65842E-02    4.70716E-01   -2.12183E-02    1.88656E-04    2.48902E-04    1.35799E-03    7.38260E-03
     2.34900E+00    1.29334E-02    1.63240E-02    4.70735E-01   -2.08560E-02    1.83285E-04    2.41610E-04    1.35388E-03    7.30993E-03
     2.35625E+00    1.26585E-02    1.60690E-02    4.70755E-01   -2.04969E-02    1.78078E-04    2.34514E-04    1.34987E-03    7.23836E-03
     2.36350E+00    1.23882E-02    1.58189E-02    4.70773E-01   -2.01409E-02    1.73028E-04    2.27609E-04    1.34593E-03    7.16787E-03
     2.37075E+00    1.21222E-02    1.55738E-02    4.70791E-01   -1.97879E-02    1.68132E-04    2.20889E-04    1.34209E-03    7.09845E-03
     2.37800E+00    1.18605E-02    1.53336E-02    4.70809E-01   -1.94379E-02    1.63386E-04    2.14350E-04    1.33832E-03    7.03009E-03
     2.38525E+00    1.16031E-02    1.50982E-02    4.70826E-01   -1.90909E-02    1.58785E-04    2.07986E-04    1.33464E-03    6.96278E-03
     2.39250E+00    1.13498E-02    1.48674E-02    4.70843E-01   -1.87468E-02    1.54324E-04    2.01793E-04    1.33103E-03    6.89650E-03
     2.39975E+00    1.11005E-02    1.46413E-02    4.70859E-01   -1.84056E-02    1.50001E-04    1.95766E-04    1.32750E-03    6.83125E-03
     2.40700E+00    1.08551E-02    1.44197E-02    4.70875E-01   -1.80673E-02    1.45810E-04    1.89901E-04    1.32405E-03    6.76702E-03
     2.41425E+00    1.06137E-02    1.42025E-02    4.70891E-01   -1.77317E-02    1.41748E-04    1.84192E-04    1.32068E-03    6.70379E-03
     2.42150E+00    1.03760E-02    1.39897E-02    4.70906E-01   -1.73990E-02    1.37812E-04    1.78635E-04    1.31738E-03    6.64156E-03
     2.42875E+00    1.01420E-02    1.37812E-02    4.70921E-01   -1.70689E-02    1.33998E-04    1.73227E-04    1.31415E-03    6.58032E-03
     2.43600E+00    9.91169E-03    1.35770E-02    4.70935E-01   -1.67416E-02    1.30303E-04    1.67962E-04    1.31100E-03    6.52006E-03
     2.44325E+00    9.68491E-03    1.33769E-02    4.70949E-01   -1.64168E-02    1.26722E-04    1.62838E-04    1.30791E-03    6.46077E-03
     2.45050E+00    9.46162E-03    1.31809E-02    4.70962E-01   -1.60948E-02    1.23254E-04    1.57850E-04    1.30490E-03    6.40244E-03
     2.45775E+00    9.24173E-03    1.29889E-02    4.70975E-01   -1.57752E-02    1.19894E-04    1.52994E-04    1.30195E-03    6.34506E-03
     2.46500E+00    9.02517E-03    1.28008E-02    4.70988E-01   -1.54583E-02    1.16640E-04    1.48266E-04    1.29907E-03    6.28864E-03
     2.47225E+00    8.81188E-03    1.26167E-02    4.71001E-01   -1.51438E-02    1.13489E-04    1.43663E-04    1.29626E-03    6.23314E-03
     2.47950E+00    8.60178E-03    1.24363E-02    4.71013E-01   -1.48318E-02    1.10437E-04    1.39182E-04    1.29351E-03    6.17858E-03
     2.48675E+00    8.39480E-03    1.22597E-02    4.71025E-01   -1.45223E-02    1.07483E-04    1.34818E-04    1.29083E-03    6.12495E-03
     2.49400E+00    8.19088E-03    1.20868E-02    4.71036E-01   -1.42152E-02    1.04623E-04    1.30569E-04    1.28821E-03    6.07223E-03
     2.50125E+00    7.98995E-03    1.19175E-02    4.71047E-01   -1.39104E-02    1.01855E-04    1.26431E-04    1.28565E-03    6.02043E-03
     2.50850E+00    7.79194E-03    1.17518E-02    4.71058E-01   -1.36080E-02    9.91765E-05    1.22401E-04    1.28316E-03    5.96953E-03
     2.51575E+00    7.59679E-03    1.15896E-02    4.71069E-01   -1.33079E-02    9.65846E-05    1.18476E-04    1.28072E-03    5.91953E-03
     2.52300E+00    7.40445E-03    1.14308E-02    4.71079E-01   -1.30101E-02    9.40773E-05    1.14652E-04    1.27835E-03    5.87043E-03
     2.53025E+00    7.21483E-03    1.12755E-02    4.71089E-01   -1.27145E-02    9.16521E-05    1.10928E-04    1.27603E-03    5.82222E-03
     2.53750E+00    7.02789E-03    1.11235E-02    4.71098E-01   -1.24212E-02    8.93069E-05    1.07300E-04    1.27378E-03    5.77489E-03
     2.54475E+00    6.84357E-03    1.09747E-02    4.71107E-01   -1.21300E-02    8.70396E-05    1.03764E-04    1.27158E-03    5.72845E-03
     2.55200E+00    6.66180E-03    1.08292E-02    4.71117E-01   -1.18410E-02    8.48480E-05    1.00320E-04    1.26944E-03    5.68288E-03
     2.55925E+00    6.48254E-03    1.06869E-02    4.71125E-01   -1.15541E-02    8.27301E-05    9.69624E-05    1.26735E-03    5.63818E-03
     2.56650E+00    6.30571E-03    1.05477E-02    4.71134E-01   -1.12693E-02    8.06841E-05    9.36904E-05    1.26532E-03    5.59436E-03
     2.57375E+00    6.13127E-03    1.04116E-02    4.71142E-01   -1.09866E-02    7.87079E-05    9.05010E-05    1.26334E-03    5.55140E-03
     2.58100E+00    5.95917E-03    1.02785E-02    4.71150E-01   -1.07059E-02    7.67998E-05    8.73916E-05    1.26142E-03    5.50931E-03
     2.58825E+00    5.78934E-03    1.01484E-02    4.71158E-01   -1.04272E-02    7.49580E-05    8.43598E-05    1.25955E-03    5.46808E-03
     2.59550E+00    5.62173E-03    1.00212E-02    4.71165E-01   -1.01505E-02    7.31808E-05    8.14033E-05    1.25773E-03    5.42771E-03
     2.60275E+00    5.45630E-03    9.89694E-03    4.71172E-01   -9.87578E-03    7.14665E-05    7.85197E-05    1.25597E-03    5.38820E-03
     2.61000E+00    5.29299E-03    9.77550E-03    4.71179E-01   -9.60297E-03    6.98136E-05    7.57068E-05    1.25425E-03    5.34955E-03
     2.61725E+00    5.13176E-03    9.65687E-03    4.71186E-01   -9.33206E-03    6.82205E-05    7.29623E-05    1.25259E-03    5.31175E-03
     2.62450E+00    4.97254E-03    9.54100E-03    4.71193E-01   -9.06302E-03    6.66857E-05    7.02840E-05    1.25098E-03    5.27481E-03
     2.63175E+00    4.81530E-03    9.42784E-03    4.71199E-01   -8.79584E-03    6.52078E-05    6.76699E-05    1.24941E-03    5.23872E-03
     2.63900E+00    4.65998E-03    9.31736E-03    4.71205E-01   -8.53048E-03    6.37855E-05    6.51179E-05    1.24790E-03    5.20349E-03
     2.64625E+00    4.50654E-03    9.20952E-03    4.71211E-01   -8.26692E-03    6.24172E-05    6.26259E-05    1.24643E-03    5.16911E-03
     2.65350E+00    4.35494E-03    9.10427E-03    4.71216E-01   -8.00513E-03    6.11018E-05    6.01920E-05    1.24502E-03    5.13560E-03
     2.66075E+00    4.20511E-03    9.00158E-03    4.71222E-01   -7.74509E-03    5.98381E-05    5.78142E-05    1.24365E-03    5.10294E-03
     2.66800E+00    4.05703E-03    8.90141E-03    4.71227E-01   -7.48677E-03    5.86247E-05    5.54906E-05    1.24232E-03    5.07114E-03
     2.67525E+00    3.91065E-03    8.80372E-03    4.71232E-01   -7.23015E-03    5.74606E-05    5.32194E-05    1.24105E-03    5.04020E-03
     2.68250E+00    3.76592E-03    8.70848E-03    4.71237E-01   -6.97521E-03    5.63446E-05    5.09987E-05    1.23982E-03    5.01013E-03
     2.68975E+00    3.62280E-03    8.61565E-03    4.71242E-01   -6.72193E-03    5.52757E-05    4.88267E-05    1.23863E-03    4.98092E-03
     2.69700E+00    3.48124E-03    8.52520E-03    4.71246E-01   -6.47027E-03    5.42528E-05    4.67017E-05    1.23749E-03    4.95258E-03
     2.70425E+00    3.34122E-03    8.43710E-03    4.71250E-01   -6.22022E-03    5.32749E-05    4.46220E-05    1.23639E-03    4.92512E-03
     2.71150E+00    3.20267E-03    8.35130E-03    4.71254E-01   -5.97175E-03    5.23411E-05    4.25859E-05    1.23534E-03    4.89854E-03
     2.71875E+00    3.06558E-03    8.26778E-03    4.71258E-01   -5.72485E-03    5.14505E-05    4.05917E-05    1.23434E-03    4.87284E-03
     2.72600E+00    2.92988E-03    8.18652E-03    4.71262E-01   -5.47948E-03    5.06021E-05    3.86378E-05    1.23337E-03    4.84803E-03
     2.73325E+00    2.79556E-03    8.10746E-03    4.71265E-01   -5.23564E-03    4.97952E-05    3.67225E-05    1.23245E-03    4.82411E-03
     2.74050E+00    2.66255E-03    8.03060E-03    4.71269E-01   -4.99329E-03    4.90289E-05    3.48444E-05    1.23157E-03    4.80109E-03
     2.74775E+00    2.53084E-03    7.95589E-03    4.71272E-01   -4.75241E-03    4.83024E-05    3.30019E-05    1.23074E-03    4.77898E-03
     2.75500E+00    2.40038E-03    7.88332E-03    4.71275E-01   -4.51299E-03    4.76150E-05    3.11934E-05    1.22994E-03    4.75778E-03
     2.76225E+00    2.27113E-03    7.81284E-03    4.71278E-01   -4.27501E-03    4.69659E-05    2.94175E-05    1.22919E-03    4.73750E-03
     2.76950E+00    2.14306E-03    7.74444E-03    4.71280E-01   -4.03844E-03    4.63546E-05    2.76726E-05    1.22848E-03    4.71816E-03
     2.77675E+00    2.01613E-03    7.67808E-03    4.71283E-01   -3.80326E-03    4.57804E-05    2.59574E-05    1.22781E-03    4.69974E-03
     2.78400E+00    1.89030E-03    7.61375E-03    4.71285E-01   -3.56945E-03    4.52426E-05    2.42703E-05    1.22718E-03    4.68228E-03
     2.79125E+00    1.76555E-03    7.55141E-03    4.71288E-01   -3.33700E-03    4.47406E-05    2.26100E-05    1.22659E-03    4.66577E-03
     2.79850E+00    1.64183E-03    7.49104E-03    4.71290E-01   -3.10588E-03    4.42740E-05    2.09751E-05    1.22604E-03    4.65022E-03
     2.80575E+00    1.51911E-03    7.43262E-03    4.71292E-01   -2.87608E-03    4.38421E-05    1.93642E-05    1.22552E-03    4.63566E-03
     2.81300E+00    1.39735E-03    7.37613E-03    4.71293E-01   -2.64758E-03    4.34445E-05    1.77759E-05    1.22505E-03    4.62208E-03
     2.82025E+00    1.27654E-03    7.32153E-03    4.71295E-01   -2.42035E-03    4.30808E-05    1.62089E-05    1.22462E-03    4.60950E-03
     2.82750E+00    1.15662E-03    7.26881E-03    4.71296E-01   -2.19438E-03    4.27504E-05    1.46618E-05    1.22423E-03    4.59794E-03
     2.83475E+00    1.03757E-03    7.21795E-03    4.71298E-01   -1.96965E-03    4.24530E-05    1.31333E-05    1.22387E-03    4.58740E-03
     2.84200E+00    9.19356E-04    7.16893E-03    4.71299E-01   -1.74614E-03    4.21881E-05    1.16222E-05    1.22356E-03    4.57790E-03
     2.84925E+00    8.01947E-04    7.12172E-03    4.71300E-01   -1.52384E-03    4.19555E-05    1.01270E-05    1.22328E-03    4.56945E-03
     2.85650E+00    6.85311E-04    7.07630E-03    4.71301E-01   -1.30273E-03    4.17547E-05    8.64643E-06    1.22304E-03    4.56208E-03
     2.86375E+00    5.69416E-04    7.03266E-03    4.71301E-01   -1.08278E-03    4.15855E-05    7.17931E-06    1.22284E-03    4.55579E-03
     2.87100E+00    4.54232E-04    6.99078E-03    4.71302E-01   -8.63988E-04    4.14476E-05    5.72431E-06    1.22267E-03    4.55060E-03
     2.87825E+00    3.39728E-04    6.95063E-03    4.71303E-01   -6.46330E-04    4.13407E-05    4.28014E-06    1.22254E-03    4.54653E-03
     2.88550E+00    2.25875E-04    6.91221E-03    4.71303E-01   -4.29790E-04    4.12646E-05    2.84555E-06    1.22245E-03    4.54361E-03
     2.89275E+00    1.12642E-04    6.87548E-03    4.71303E-01   -2.14352E-04    4.12190E-05    1.41926E-06    1.22240E-03    4.54183E-03
     2.90000E+00    0.00000E+00    6.84044E-03    4.71303E-01   -1.89696-129    4.12039E-05   -4.74130E-33    1.22238E-03    4.54124E-03
