     1.00000E-05    3.84652E+00   -1.89929E-05   -5.23146E-01   -1.61488E-05    4.76272E-01    6.16330E-06    3.64302E-01    7.89703E-11
     2.40997E-03    3.84647E+00    1.35680E-02   -5.23126E-01   -3.89176E-03    4.76265E-01    1.48530E-03    3.64294E-01    4.58648E-06
     4.80995E-03    3.84630E+00    2.70786E-02   -5.23066E-01   -7.76697E-03    4.76245E-01    2.96422E-03    3.64271E-01    1.82688E-05
     7.20992E-03    3.84603E+00    4.05874E-02   -5.22966E-01   -1.16414E-02    4.76210E-01    4.44271E-03    3.64232E-01    4.10436E-05
     9.60990E-03    3.84564E+00    5.40932E-02   -5.22826E-01   -1.55146E-02    4.76162E-01    5.92055E-03    3.64178E-01    7.29055E-05
     1.20099E-02    3.84514E+00    6.75951E-02   -5.22646E-01   -1.93862E-02    4.76100E-01    7.39751E-03    3.64108E-01    1.13847E-04
     1.44099E-02    3.84454E+00    8.10921E-02   -5.22426E-01   -2.32559E-02    4.76025E-01    8.87340E-03    3.64024E-01    1.63858E-04
     1.68098E-02    3.84382E+00    9.45833E-02   -5.22166E-01   -2.71232E-02    4.75935E-01    1.03480E-02    3.63923E-01    2.22926E-04
     1.92098E-02    3.84299E+00    1.08068E-01   -5.21867E-01   -3.09877E-02    4.75832E-01    1.18210E-02    3.63808E-01    2.91037E-04
     2.16098E-02    3.84206E+00    1.21544E-01   -5.21527E-01   -3.48490E-02    4.75715E-01    1.32924E-02    3.63677E-01    3.68176E-04
     2.40097E-02    3.84101E+00    1.35012E-01   -5.21148E-01   -3.87068E-02    4.75585E-01    1.47618E-02    3.63530E-01    4.54322E-04
     2.64097E-02    3.83985E+00    1.48471E-01   -5.20729E-01   -4.25606E-02    4.75441E-01    1.62290E-02    3.63368E-01    5.49456E-04
     2.88097E-02    3.83859E+00    1.61918E-01   -5.20271E-01   -4.64100E-02    4.75283E-01    1.76938E-02    3.63191E-01    6.53554E-04
     3.12097E-02    3.83721E+00    1.75354E-01   -5.19773E-01   -5.02547E-02    4.75111E-01    1.91561E-02    3.62999E-01    7.66592E-04
     3.36096E-02    3.83572E+00    1.88777E-01   -5.19235E-01   -5.40943E-02    4.74926E-01    2.06156E-02    3.62792E-01    8.88543E-04
     3.60096E-02    3.83413E+00    2.02187E-01   -5.18658E-01   -5.79283E-02    4.74728E-01    2.20720E-02    3.62569E-01    1.01938E-03
     3.84096E-02    3.83242E+00    2.15582E-01   -5.18041E-01   -6.17565E-02    4.74516E-01    2.35252E-02    3.62331E-01    1.15906E-03
     4.08096E-02    3.83061E+00    2.28962E-01   -5.17386E-01   -6.55783E-02    4.74290E-01    2.49750E-02    3.62079E-01    1.30756E-03
     4.32095E-02    3.82868E+00    2.42325E-01   -5.16690E-01   -6.93935E-02    4.74050E-01    2.64212E-02    3.61811E-01    1.46485E-03
     4.56095E-02    3.82665E+00    2.55671E-01   -5.15956E-01   -7.32016E-02    4.73798E-01    2.78635E-02    3.61528E-01    1.63088E-03
     4.80095E-02    3.82451E+00    2.68999E-01   -5.15183E-01   -7.70022E-02    4.73531E-01    2.93017E-02    3.61230E-01    1.80561E-03
     5.04095E-02    3.82226E+00    2.82307E-01   -5.14370E-01   -8.07950E-02    4.73252E-01    3.07357E-02    3.60917E-01    1.98901E-03
     5.28095E-02    3.81990E+00    2.95595E-01   -5.13519E-01   -8.45795E-02    4.72958E-01    3.21652E-02    3.60589E-01    2.18103E-03
     5.52094E-02    3.81743E+00    3.08862E-01   -5.12629E-01   -8.83555E-02    4.72652E-01    3.35900E-02    3.60247E-01    2.38162E-03
     5.76094E-02    3.81485E+00    3.22107E-01   -5.11700E-01   -9.21225E-02    4.72332E-01    3.50099E-02    3.59889E-01    2.59073E-03
     6.00094E-02    3.81217E+00    3.35328E-01   -5.10733E-01   -9.58801E-02    4.71999E-01    3.64248E-02    3.59517E-01    2.80832E-03
     6.24093E-02    3.80938E+00    3.48526E-01   -5.09728E-01   -9.96280E-02    4.71652E-01    3.78344E-02    3.59131E-01    3.03434E-03
     6.48093E-02    3.80648E+00    3.61698E-01   -5.08684E-01   -1.03366E-01    4.71293E-01    3.92385E-02    3.58730E-01    3.26872E-03
     6.72093E-02    3.80347E+00    3.74845E-01   -5.07601E-01   -1.07093E-01    4.70920E-01    4.06370E-02    3.58314E-01    3.51142E-03
     6.96093E-02    3.80035E+00    3.87965E-01   -5.06481E-01   -1.10810E-01    4.70534E-01    4.20296E-02    3.57884E-01    3.76238E-03
     7.20092E-02    3.79713E+00    4.01057E-01   -5.05323E-01   -1.14515E-01    4.70135E-01    4.34161E-02    3.57439E-01    4.02153E-03
     7.44092E-02    3.79380E+00    4.14120E-01   -5.04127E-01   -1.18209E-01    4.69723E-01    4.47963E-02    3.56981E-01    4.28882E-03
     7.68092E-02    3.79036E+00    4.27154E-01   -5.02894E-01   -1.21890E-01    4.69298E-01    4.61701E-02    3.56508E-01    4.56418E-03
     7.92092E-02    3.78682E+00    4.40158E-01   -5.01622E-01   -1.25560E-01    4.68859E-01    4.75373E-02    3.56021E-01    4.84755E-03
     8.16091E-02    3.78317E+00    4.53129E-01   -5.00314E-01   -1.29217E-01    4.68408E-01    4.88976E-02    3.55520E-01    5.13885E-03
     8.40091E-02    3.77942E+00    4.66069E-01   -4.98969E-01   -1.32860E-01    4.67944E-01    5.02510E-02    3.55005E-01    5.43804E-03
     8.64091E-02    3.77555E+00    4.78975E-01   -4.97586E-01   -1.36491E-01    4.67468E-01    5.15971E-02    3.54476E-01    5.74502E-03
     8.88091E-02    3.77159E+00    4.91847E-01   -4.96167E-01   -1.40108E-01    4.66978E-01    5.29358E-02    3.53933E-01    6.05973E-03
     9.12090E-02    3.76751E+00    5.04684E-01   -4.94711E-01   -1.43710E-01    4.66476E-01    5.42670E-02    3.53377E-01    6.38210E-03
     9.36090E-02    3.76334E+00    5.17485E-01   -4.93218E-01   -1.47299E-01    4.65961E-01    5.55905E-02    3.52806E-01    6.71204E-03
     9.60090E-02    3.75905E+00    5.30249E-01   -4.91689E-01   -1.50872E-01    4.65434E-01    5.69060E-02    3.52223E-01    7.04949E-03
     9.84090E-02    3.75467E+00    5.42976E-01   -4.90124E-01   -1.54430E-01    4.64894E-01    5.82135E-02    3.51626E-01    7.39437E-03
     1.00809E-01    3.75018E+00    5.55663E-01   -4.88523E-01   -1.57973E-01    4.64341E-01    5.95127E-02    3.51016E-01    7.74659E-03
     1.03209E-01    3.74558E+00    5.68312E-01   -4.86886E-01   -1.61501E-01    4.63776E-01    6.08035E-02    3.50392E-01    8.10607E-03
     1.05609E-01    3.74088E+00    5.80919E-01   -4.85214E-01   -1.65012E-01    4.63199E-01    6.20856E-02    3.49756E-01    8.47273E-03
     1.08009E-01    3.73608E+00    5.93486E-01   -4.83507E-01   -1.68506E-01    4.62609E-01    6.33590E-02    3.49106E-01    8.84648E-03
     1.10409E-01    3.73117E+00    6.06010E-01   -4.81764E-01   -1.71984E-01    4.62008E-01    6.46235E-02    3.48443E-01    9.22725E-03
     1.12809E-01    3.72616E+00    6.18492E-01   -4.79986E-01   -1.75445E-01    4.61394E-01    6.58789E-02    3.47768E-01    9.61493E-03
     1.15209E-01    3.72105E+00    6.30929E-01   -4.78173E-01   -1.78888E-01    4.60768E-01    6.71250E-02    3.47080E-01    1.00094E-02
     1.17609E-01    3.71584E+00    6.43322E-01   -4.76326E-01   -1.82314E-01    4.60130E-01    6.83617E-02    3.46379E-01    1.04107E-02
     1.20009E-01    3.71053E+00    6.55669E-01   -4.74445E-01   -1.85722E-01    4.59480E-01    6.95889E-02    3.45666E-01    1.08186E-02
     1.22409E-01    3.70511E+00    6.67970E-01   -4.72529E-01   -1.89111E-01    4.58818E-01    7.08064E-02    3.44941E-01    1.12330E-02
     1.24809E-01    3.69959E+00    6.80223E-01   -4.70580E-01   -1.92482E-01    4.58144E-01    7.20139E-02    3.44203E-01    1.16540E-02
     1.27209E-01    3.69398E+00    6.92429E-01   -4.68597E-01   -1.95833E-01    4.57459E-01    7.32115E-02    3.43454E-01    1.20812E-02
     1.29609E-01    3.68826E+00    7.04585E-01   -4.66581E-01   -1.99166E-01    4.56762E-01    7.43989E-02    3.42692E-01    1.25148E-02
     1.32009E-01    3.68244E+00    7.16692E-01   -4.64531E-01   -2.02479E-01    4.56053E-01    7.55760E-02    3.41918E-01    1.29545E-02
     1.34409E-01    3.67652E+00    7.28748E-01   -4.62448E-01   -2.05772E-01    4.55333E-01    7.67427E-02    3.41133E-01    1.34003E-02
     1.36809E-01    3.67051E+00    7.40753E-01   -4.60333E-01   -2.09044E-01    4.54601E-01    7.78988E-02    3.40336E-01    1.38520E-02
     1.39209E-01    3.66439E+00    7.52705E-01   -4.58185E-01   -2.12297E-01    4.53859E-01    7.90442E-02    3.39527E-01    1.43097E-02
     1.41609E-01    3.65818E+00    7.64605E-01   -4.56005E-01   -2.15528E-01    4.53104E-01    8.01787E-02    3.38707E-01    1.47730E-02
     1.44008E-01    3.65187E+00    7.76451E-01   -4.53793E-01   -2.18739E-01    4.52339E-01    8.13023E-02    3.37876E-01    1.52421E-02
     1.46408E-01    3.64546E+00    7.88242E-01   -4.51550E-01   -2.21928E-01    4.51563E-01    8.24148E-02    3.37034E-01    1.57167E-02
     1.48808E-01    3.63895E+00    7.99978E-01   -4.49275E-01   -2.25096E-01    4.50775E-01    8.35160E-02    3.36181E-01    1.61967E-02
     1.51208E-01    3.63235E+00    8.11658E-01   -4.46968E-01   -2.28242E-01    4.49977E-01    8.46059E-02    3.35317E-01    1.66821E-02
     1.53608E-01    3.62565E+00    8.23281E-01   -4.44631E-01   -2.31366E-01    4.49168E-01    8.56843E-02    3.34442E-01    1.71728E-02
     1.56008E-01    3.61886E+00    8.34846E-01   -4.42263E-01   -2.34468E-01    4.48348E-01    8.67512E-02    3.33556E-01    1.76685E-02
     1.58408E-01    3.61197E+00    8.46353E-01   -4.39864E-01   -2.37546E-01    4.47517E-01    8.78063E-02    3.32661E-01    1.81693E-02
     1.60808E-01    3.60498E+00    8.57801E-01   -4.37436E-01   -2.40602E-01    4.46676E-01    8.88497E-02    3.31754E-01    1.86750E-02
     1.63208E-01    3.59790E+00    8.69188E-01   -4.34977E-01   -2.43635E-01    4.45825E-01    8.98811E-02    3.30838E-01    1.91855E-02
     1.65608E-01    3.59073E+00    8.80515E-01   -4.32489E-01   -2.46645E-01    4.44963E-01    9.09005E-02    3.29912E-01    1.97007E-02
     1.68008E-01    3.58346E+00    8.91781E-01   -4.29972E-01   -2.49630E-01    4.44090E-01    9.19078E-02    3.28976E-01    2.02204E-02
     1.70408E-01    3.57610E+00    9.02985E-01   -4.27425E-01   -2.52592E-01    4.43208E-01    9.29028E-02    3.28030E-01    2.07446E-02
     1.72808E-01    3.56865E+00    9.14125E-01   -4.24850E-01   -2.55530E-01    4.42315E-01    9.38856E-02    3.27074E-01    2.12732E-02
     1.75208E-01    3.56111E+00    9.25202E-01   -4.22246E-01   -2.58444E-01    4.41413E-01    9.48559E-02    3.26109E-01    2.18060E-02
     1.77608E-01    3.55347E+00    9.36215E-01   -4.19615E-01   -2.61332E-01    4.40500E-01    9.58137E-02    3.25135E-01    2.23429E-02
     1.80008E-01    3.54574E+00    9.47163E-01   -4.16955E-01   -2.64197E-01    4.39578E-01    9.67590E-02    3.24151E-01    2.28839E-02
     1.82408E-01    3.53793E+00    9.58046E-01   -4.14267E-01   -2.67036E-01    4.38646E-01    9.76915E-02    3.23159E-01    2.34287E-02
     1.84808E-01    3.53002E+00    9.68862E-01   -4.11552E-01   -2.69849E-01    4.37704E-01    9.86113E-02    3.22157E-01    2.39773E-02
     1.87208E-01    3.52202E+00    9.79611E-01   -4.08810E-01   -2.72638E-01    4.36753E-01    9.95183E-02    3.21147E-01    2.45295E-02
     1.89608E-01    3.51394E+00    9.90292E-01   -4.06042E-01   -2.75400E-01    4.35792E-01    1.00412E-01    3.20129E-01    2.50854E-02
     1.92008E-01    3.50576E+00    1.00091E+00   -4.03247E-01   -2.78137E-01    4.34822E-01    1.01293E-01    3.19102E-01    2.56446E-02
     1.94408E-01    3.49750E+00    1.01145E+00   -4.00426E-01   -2.80847E-01    4.33843E-01    1.02161E-01    3.18066E-01    2.62071E-02
     1.96808E-01    3.48915E+00    1.02192E+00   -3.97578E-01   -2.83532E-01    4.32855E-01    1.03016E-01    3.17023E-01    2.67729E-02
     1.99208E-01    3.48072E+00    1.03233E+00   -3.94706E-01   -2.86190E-01    4.31858E-01    1.03858E-01    3.15971E-01    2.73417E-02
     2.01608E-01    3.47220E+00    1.04266E+00   -3.91808E-01   -2.88821E-01    4.30852E-01    1.04686E-01    3.14912E-01    2.79134E-02
     2.04008E-01    3.46359E+00    1.05292E+00   -3.88885E-01   -2.91425E-01    4.29837E-01    1.05501E-01    3.13845E-01    2.84881E-02
     2.06408E-01    3.45490E+00    1.06311E+00   -3.85938E-01   -2.94002E-01    4.28813E-01    1.06303E-01    3.12771E-01    2.90654E-02
     2.08808E-01    3.44612E+00    1.07323E+00   -3.82966E-01   -2.96552E-01    4.27781E-01    1.07091E-01    3.11689E-01    2.96453E-02
     2.11208E-01    3.43726E+00    1.08327E+00   -3.79970E-01   -2.99074E-01    4.26740E-01    1.07866E-01    3.10600E-01    3.02278E-02
     2.13608E-01    3.42831E+00    1.09324E+00   -3.76951E-01   -3.01569E-01    4.25691E-01    1.08628E-01    3.09504E-01    3.08125E-02
     2.16008E-01    3.41929E+00    1.10314E+00   -3.73908E-01   -3.04036E-01    4.24634E-01    1.09375E-01    3.08401E-01    3.13996E-02
     2.18408E-01    3.41018E+00    1.11296E+00   -3.70842E-01   -3.06476E-01    4.23569E-01    1.10109E-01    3.07291E-01    3.19888E-02
     2.20808E-01    3.40099E+00    1.12271E+00   -3.67753E-01   -3.08887E-01    4.22495E-01    1.10830E-01    3.06175E-01    3.25800E-02
     2.23208E-01    3.39172E+00    1.13237E+00   -3.64642E-01   -3.11269E-01    4.21414E-01    1.11537E-01    3.05052E-01    3.31731E-02
     2.25608E-01    3.38236E+00    1.14197E+00   -3.61509E-01   -3.13624E-01    4.20325E-01    1.12230E-01    3.03923E-01    3.37679E-02
     2.28008E-01    3.37293E+00    1.15148E+00   -3.58353E-01   -3.15950E-01    4.19228E-01    1.12909E-01    3.02788E-01    3.43645E-02
     2.30408E-01    3.36342E+00    1.16092E+00   -3.55177E-01   -3.18247E-01    4.18124E-01    1.13575E-01    3.01647E-01    3.49626E-02
     2.32808E-01    3.35383E+00    1.17028E+00   -3.51979E-01   -3.20515E-01    4.17012E-01    1.14226E-01    3.00500E-01    3.55621E-02
     2.35208E-01    3.34417E+00    1.17956E+00   -3.48761E-01   -3.22754E-01    4.15893E-01    1.14864E-01    2.99348E-01    3.61629E-02
     2.37608E-01    3.33442E+00    1.18876E+00   -3.45521E-01   -3.24964E-01    4.14766E-01    1.15488E-01    2.98190E-01    3.67650E-02
     2.40007E-01    3.32460E+00    1.19788E+00   -3.42262E-01   -3.27145E-01    4.13633E-01    1.16099E-01    2.97027E-01    3.73681E-02
     2.42407E-01    3.31471E+00    1.20692E+00   -3.38983E-01   -3.29297E-01    4.12492E-01    1.16695E-01    2.95858E-01    3.79722E-02
     2.44807E-01    3.30474E+00    1.21588E+00   -3.35684E-01   -3.31419E-01    4.11345E-01    1.17277E-01    2.94684E-01    3.85771E-02
     2.47207E-01    3.29469E+00    1.22476E+00   -3.32366E-01   -3.33511E-01    4.10191E-01    1.17846E-01    2.93506E-01    3.91828E-02
     2.49607E-01    3.28457E+00    1.23355E+00   -3.29030E-01   -3.35573E-01    4.09030E-01    1.18401E-01    2.92323E-01    3.97891E-02
     2.52007E-01    3.27438E+00    1.24227E+00   -3.25674E-01   -3.37606E-01    4.07862E-01    1.18941E-01    2.91135E-01    4.03959E-02
     2.54407E-01    3.26412E+00    1.25090E+00   -3.22301E-01   -3.39609E-01    4.06689E-01    1.19468E-01    2.89943E-01    4.10031E-02
     2.56807E-01    3.25378E+00    1.25945E+00   -3.18909E-01   -3.41581E-01    4.05509E-01    1.19981E-01    2.88747E-01    4.16106E-02
     2.59207E-01    3.24338E+00    1.26792E+00   -3.15500E-01   -3.43524E-01    4.04322E-01    1.20480E-01    2.87546E-01    4.22182E-02
     2.61607E-01    3.23290E+00    1.27630E+00   -3.12074E-01   -3.45436E-01    4.03130E-01    1.20965E-01    2.86342E-01    4.28260E-02
     2.64007E-01    3.22235E+00    1.28460E+00   -3.08630E-01   -3.47317E-01    4.01932E-01    1.21437E-01    2.85133E-01    4.34337E-02
     2.66407E-01    3.21174E+00    1.29281E+00   -3.05171E-01   -3.49169E-01    4.00728E-01    1.21894E-01    2.83922E-01    4.40412E-02
     2.68807E-01    3.20105E+00    1.30094E+00   -3.01694E-01   -3.50989E-01    3.99518E-01    1.22338E-01    2.82706E-01    4.46484E-02
     2.71207E-01    3.19030E+00    1.30898E+00   -2.98202E-01   -3.52779E-01    3.98302E-01    1.22768E-01    2.81487E-01    4.52553E-02
     2.73607E-01    3.17948E+00    1.31694E+00   -2.94695E-01   -3.54539E-01    3.97081E-01    1.23183E-01    2.80266E-01    4.58617E-02
     2.76007E-01    3.16860E+00    1.32481E+00   -2.91172E-01   -3.56267E-01    3.95855E-01    1.23586E-01    2.79041E-01    4.64676E-02
     2.78407E-01    3.15765E+00    1.33259E+00   -2.87634E-01   -3.57965E-01    3.94624E-01    1.23974E-01    2.77813E-01    4.70727E-02
     2.80807E-01    3.14663E+00    1.34029E+00   -2.84082E-01   -3.59631E-01    3.93387E-01    1.24349E-01    2.76582E-01    4.76770E-02
     2.83207E-01    3.13555E+00    1.34790E+00   -2.80515E-01   -3.61267E-01    3.92146E-01    1.24710E-01    2.75349E-01    4.82804E-02
     2.85607E-01    3.12441E+00    1.35543E+00   -2.76935E-01   -3.62871E-01    3.90899E-01    1.25057E-01    2.74114E-01    4.88828E-02
     2.88007E-01    3.11321E+00    1.36286E+00   -2.73340E-01   -3.64445E-01    3.89648E-01    1.25391E-01    2.72876E-01    4.94841E-02
     2.90407E-01    3.10194E+00    1.37021E+00   -2.69733E-01   -3.65987E-01    3.88393E-01    1.25711E-01    2.71636E-01    5.00842E-02
     2.92807E-01    3.09062E+00    1.37747E+00   -2.66113E-01   -3.67498E-01    3.87132E-01    1.26017E-01    2.70394E-01    5.06830E-02
     2.95207E-01    3.07923E+00    1.38464E+00   -2.62480E-01   -3.68977E-01    3.85868E-01    1.26310E-01    2.69150E-01    5.12804E-02
     2.97607E-01    3.06778E+00    1.39173E+00   -2.58834E-01   -3.70425E-01    3.84599E-01    1.26590E-01    2.67904E-01    5.18762E-02
     3.00007E-01    3.05628E+00    1.39872E+00   -2.55177E-01   -3.71842E-01    3.83326E-01    1.26856E-01    2.66657E-01    5.24705E-02
     3.02407E-01    3.04472E+00    1.40562E+00   -2.51509E-01   -3.73227E-01    3.82049E-01    1.27108E-01    2.65408E-01    5.30631E-02
     3.04807E-01    3.03310E+00    1.41244E+00   -2.47829E-01   -3.74581E-01    3.80768E-01    1.27348E-01    2.64159E-01    5.36538E-02
     3.07207E-01    3.02142E+00    1.41916E+00   -2.44138E-01   -3.75904E-01    3.79483E-01    1.27574E-01    2.62908E-01    5.42427E-02
     3.09607E-01    3.00969E+00    1.42580E+00   -2.40436E-01   -3.77195E-01    3.78195E-01    1.27787E-01    2.61656E-01    5.48295E-02
     3.12007E-01    2.99790E+00    1.43235E+00   -2.36724E-01   -3.78454E-01    3.76903E-01    1.27986E-01    2.60403E-01    5.54143E-02
     3.14407E-01    2.98606E+00    1.43880E+00   -2.33003E-01   -3.79682E-01    3.75608E-01    1.28173E-01    2.59149E-01    5.59969E-02
     3.16807E-01    2.97417E+00    1.44517E+00   -2.29271E-01   -3.80878E-01    3.74309E-01    1.28346E-01    2.57895E-01    5.65773E-02
     3.19207E-01    2.96222E+00    1.45144E+00   -2.25531E-01   -3.82042E-01    3.73008E-01    1.28507E-01    2.56640E-01    5.71553E-02
     3.21607E-01    2.95023E+00    1.45762E+00   -2.21781E-01   -3.83175E-01    3.71703E-01    1.28655E-01    2.55386E-01    5.77309E-02
     3.24007E-01    2.93818E+00    1.46372E+00   -2.18023E-01   -3.84276E-01    3.70395E-01    1.28789E-01    2.54131E-01    5.83039E-02
     3.26407E-01    2.92608E+00    1.46972E+00   -2.14257E-01   -3.85346E-01    3.69085E-01    1.28911E-01    2.52875E-01    5.88744E-02
     3.28807E-01    2.91393E+00    1.47563E+00   -2.10482E-01   -3.86384E-01    3.67772E-01    1.29021E-01    2.51620E-01    5.94421E-02
     3.31207E-01    2.90174E+00    1.48145E+00   -2.06700E-01   -3.87390E-01    3.66456E-01    1.29117E-01    2.50366E-01    6.00071E-02
     3.33607E-01    2.88949E+00    1.48717E+00   -2.02911E-01   -3.88365E-01    3.65138E-01    1.29202E-01    2.49111E-01    6.05692E-02
     3.36006E-01    2.87720E+00    1.49281E+00   -1.99115E-01   -3.89307E-01    3.63817E-01    1.29273E-01    2.47857E-01    6.11284E-02
     3.38406E-01    2.86487E+00    1.49835E+00   -1.95312E-01   -3.90219E-01    3.62495E-01    1.29332E-01    2.46604E-01    6.16845E-02
     3.40806E-01    2.85249E+00    1.50381E+00   -1.91503E-01   -3.91098E-01    3.61170E-01    1.29379E-01    2.45351E-01    6.22376E-02
     3.43206E-01    2.84006E+00    1.50917E+00   -1.87688E-01   -3.91946E-01    3.59843E-01    1.29414E-01    2.44100E-01    6.27875E-02
     3.45606E-01    2.82759E+00    1.51444E+00   -1.83867E-01   -3.92763E-01    3.58514E-01    1.29436E-01    2.42849E-01    6.33341E-02
     3.48006E-01    2.81508E+00    1.51961E+00   -1.80041E-01   -3.93548E-01    3.57184E-01    1.29447E-01    2.41599E-01    6.38774E-02
     3.50406E-01    2.80253E+00    1.52470E+00   -1.76210E-01   -3.94301E-01    3.55852E-01    1.29445E-01    2.40351E-01    6.44173E-02
     3.52806E-01    2.78993E+00    1.52969E+00   -1.72374E-01   -3.95023E-01    3.54519E-01    1.29432E-01    2.39104E-01    6.49538E-02
     3.55206E-01    2.77730E+00    1.53459E+00   -1.68534E-01   -3.95713E-01    3.53184E-01    1.29406E-01    2.37858E-01    6.54867E-02
     3.57606E-01    2.76462E+00    1.53940E+00   -1.64690E-01   -3.96372E-01    3.51848E-01    1.29369E-01    2.36614E-01    6.60161E-02
     3.60006E-01    2.75191E+00    1.54412E+00   -1.60843E-01   -3.97000E-01    3.50511E-01    1.29321E-01    2.35372E-01    6.65417E-02
     3.62406E-01    2.73916E+00    1.54875E+00   -1.56992E-01   -3.97596E-01    3.49173E-01    1.29260E-01    2.34132E-01    6.70636E-02
     3.64806E-01    2.72637E+00    1.55328E+00   -1.53137E-01   -3.98161E-01    3.47833E-01    1.29189E-01    2.32893E-01    6.75817E-02
     3.67206E-01    2.71355E+00    1.55772E+00   -1.49281E-01   -3.98694E-01    3.46493E-01    1.29106E-01    2.31657E-01    6.80960E-02
     3.69606E-01    2.70069E+00    1.56207E+00   -1.45421E-01   -3.99196E-01    3.45153E-01    1.29011E-01    2.30422E-01    6.86063E-02
     3.72006E-01    2.68780E+00    1.56633E+00   -1.41560E-01   -3.99667E-01    3.43812E-01    1.28906E-01    2.29190E-01    6.91126E-02
     3.74406E-01    2.67487E+00    1.57050E+00   -1.37697E-01   -4.00107E-01    3.42470E-01    1.28789E-01    2.27961E-01    6.96149E-02
     3.76806E-01    2.66191E+00    1.57458E+00   -1.33832E-01   -4.00516E-01    3.41128E-01    1.28662E-01    2.26734E-01    7.01131E-02
     3.79206E-01    2.64892E+00    1.57856E+00   -1.29967E-01   -4.00894E-01    3.39786E-01    1.28523E-01    2.25509E-01    7.06071E-02
     3.81606E-01    2.63589E+00    1.58245E+00   -1.26100E-01   -4.01241E-01    3.38443E-01    1.28374E-01    2.24287E-01    7.10969E-02
     3.84006E-01    2.62284E+00    1.58626E+00   -1.22233E-01   -4.01557E-01    3.37101E-01    1.28214E-01    2.23068E-01    7.15825E-02
     3.86406E-01    2.60976E+00    1.58997E+00   -1.18366E-01   -4.01842E-01    3.35759E-01    1.28044E-01    2.21852E-01    7.20637E-02
     3.88806E-01    2.59665E+00    1.59359E+00   -1.14499E-01   -4.02096E-01    3.34417E-01    1.27863E-01    2.20639E-01    7.25405E-02
     3.91206E-01    2.58351E+00    1.59711E+00   -1.10633E-01   -4.02320E-01    3.33075E-01    1.27672E-01    2.19429E-01    7.30129E-02
     3.93606E-01    2.57034E+00    1.60055E+00   -1.06767E-01   -4.02513E-01    3.31734E-01    1.27471E-01    2.18223E-01    7.34809E-02
     3.96006E-01    2.55715E+00    1.60390E+00   -1.02902E-01   -4.02675E-01    3.30393E-01    1.27259E-01    2.17019E-01    7.39443E-02
     3.98406E-01    2.54393E+00    1.60716E+00   -9.90388E-02   -4.02808E-01    3.29053E-01    1.27037E-01    2.15819E-01    7.44032E-02
     4.00806E-01    2.53069E+00    1.61032E+00   -9.51772E-02   -4.02909E-01    3.27713E-01    1.26806E-01    2.14623E-01    7.48575E-02
     4.03206E-01    2.51743E+00    1.61340E+00   -9.13176E-02   -4.02981E-01    3.26375E-01    1.26565E-01    2.13430E-01    7.53071E-02
     4.05606E-01    2.50414E+00    1.61639E+00   -8.74603E-02   -4.03022E-01    3.25037E-01    1.26314E-01    2.12240E-01    7.57521E-02
     4.08006E-01    2.49083E+00    1.61928E+00   -8.36057E-02   -4.03034E-01    3.23701E-01    1.26053E-01    2.11055E-01    7.61923E-02
     4.10406E-01    2.47750E+00    1.62209E+00   -7.97540E-02   -4.03015E-01    3.22366E-01    1.25783E-01    2.09873E-01    7.66278E-02
     4.12806E-01    2.46415E+00    1.62481E+00   -7.59054E-02   -4.02967E-01    3.21032E-01    1.25504E-01    2.08696E-01    7.70584E-02
     4.15206E-01    2.45078E+00    1.62744E+00   -7.20605E-02   -4.02888E-01    3.19699E-01    1.25215E-01    2.07522E-01    7.74842E-02
     4.17606E-01    2.43739E+00    1.62998E+00   -6.82193E-02   -4.02780E-01    3.18368E-01    1.24918E-01    2.06353E-01    7.79052E-02
     4.20006E-01    2.42398E+00    1.63244E+00   -6.43823E-02   -4.02643E-01    3.17038E-01    1.24611E-01    2.05187E-01    7.83213E-02
     4.22406E-01    2.41056E+00    1.63480E+00   -6.05498E-02   -4.02476E-01    3.15710E-01    1.24295E-01    2.04026E-01    7.87324E-02
     4.24806E-01    2.39712E+00    1.63708E+00   -5.67219E-02   -4.02280E-01    3.14384E-01    1.23971E-01    2.02869E-01    7.91385E-02
     4.27206E-01    2.38366E+00    1.63927E+00   -5.28991E-02   -4.02054E-01    3.13060E-01    1.23638E-01    2.01717E-01    7.95397E-02
     4.29606E-01    2.37019E+00    1.64137E+00   -4.90816E-02   -4.01800E-01    3.11738E-01    1.23296E-01    2.00570E-01    7.99358E-02
     4.32005E-01    2.35671E+00    1.64339E+00   -4.52697E-02   -4.01516E-01    3.10418E-01    1.22946E-01    1.99426E-01    8.03270E-02
     4.34405E-01    2.34322E+00    1.64531E+00   -4.14638E-02   -4.01204E-01    3.09100E-01    1.22588E-01    1.98288E-01    8.07130E-02
     4.36805E-01    2.32971E+00    1.64716E+00   -3.76640E-02   -4.00863E-01    3.07784E-01    1.22222E-01    1.97154E-01    8.10939E-02
     4.39205E-01    2.31619E+00    1.64891E+00   -3.38707E-02   -4.00493E-01    3.06471E-01    1.21847E-01    1.96025E-01    8.14698E-02
     4.41605E-01    2.30266E+00    1.65058E+00   -3.00842E-02   -4.00095E-01    3.05160E-01    1.21464E-01    1.94901E-01    8.18405E-02
     4.44005E-01    2.28912E+00    1.65217E+00   -2.63048E-02   -3.99669E-01    3.03852E-01    1.21074E-01    1.93782E-01    8.22061E-02
     4.46405E-01    2.27557E+00    1.65367E+00   -2.25327E-02   -3.99214E-01    3.02546E-01    1.20676E-01    1.92668E-01    8.25665E-02
     4.48805E-01    2.26202E+00    1.65508E+00   -1.87682E-02   -3.98732E-01    3.01243E-01    1.20270E-01    1.91559E-01    8.29217E-02
     4.51205E-01    2.24846E+00    1.65641E+00   -1.50117E-02   -3.98221E-01    2.99943E-01    1.19857E-01    1.90455E-01    8.32717E-02
     4.53605E-01    2.23489E+00    1.65766E+00   -1.12633E-02   -3.97683E-01    2.98646E-01    1.19437E-01    1.89356E-01    8.36165E-02
     4.56005E-01    2.22131E+00    1.65883E+00   -7.52344E-03   -3.97118E-01    2.97352E-01    1.19009E-01    1.88263E-01    8.39561E-02
     4.58405E-01    2.20773E+00    1.65991E+00   -3.79229E-03   -3.96524E-01    2.96061E-01    1.18574E-01    1.87175E-01    8.42904E-02
     4.60805E-01    2.19415E+00    1.66091E+00   -7.01634E-05   -3.95904E-01    2.94773E-01    1.18132E-01    1.86092E-01    8.46195E-02
     4.63205E-01    2.18056E+00    1.66182E+00    3.64268E-03   -3.95256E-01    2.93488E-01    1.17683E-01    1.85015E-01    8.49434E-02
     4.65605E-01    2.16698E+00    1.66266E+00    7.34596E-03   -3.94582E-01    2.92207E-01    1.17227E-01    1.83943E-01    8.52620E-02
     4.68005E-01    2.15339E+00    1.66341E+00    1.10394E-02   -3.93880E-01    2.90929E-01    1.16765E-01    1.82876E-01    8.55753E-02
     4.70405E-01    2.13979E+00    1.66408E+00    1.47228E-02   -3.93153E-01    2.89655E-01    1.16296E-01    1.81816E-01    8.58834E-02
     4.72805E-01    2.12620E+00    1.66467E+00    1.83958E-02   -3.92398E-01    2.88384E-01    1.15821E-01    1.80761E-01    8.61862E-02
     4.75205E-01    2.11261E+00    1.66518E+00    2.20581E-02   -3.91618E-01    2.87117E-01    1.15339E-01    1.79711E-01    8.64837E-02
     4.77605E-01    2.09902E+00    1.66561E+00    2.57096E-02   -3.90811E-01    2.85854E-01    1.14852E-01    1.78668E-01    8.67760E-02
     4.80005E-01    2.08544E+00    1.66597E+00    2.93500E-02   -3.89978E-01    2.84594E-01    1.14358E-01    1.77630E-01    8.70629E-02
     4.82405E-01    2.07185E+00    1.66624E+00    3.29790E-02   -3.89120E-01    2.83339E-01    1.13858E-01    1.76598E-01    8.73446E-02
     4.84805E-01    2.05828E+00    1.66643E+00    3.65963E-02   -3.88236E-01    2.82087E-01    1.13353E-01    1.75572E-01    8.76211E-02
     4.87205E-01    2.04470E+00    1.66655E+00    4.02017E-02   -3.87326E-01    2.80840E-01    1.12841E-01    1.74552E-01    8.78922E-02
     4.89605E-01    2.03113E+00    1.66659E+00    4.37949E-02   -3.86391E-01    2.79597E-01    1.12324E-01    1.73538E-01    8.81582E-02
     4.92005E-01    2.01757E+00    1.66656E+00    4.73758E-02   -3.85432E-01    2.78358E-01    1.11802E-01    1.72529E-01    8.84188E-02
     4.94405E-01    2.00401E+00    1.66644E+00    5.09440E-02   -3.84447E-01    2.77123E-01    1.11274E-01    1.71527E-01    8.86742E-02
     4.96805E-01    1.99046E+00    1.66625E+00    5.44994E-02   -3.83438E-01    2.75893E-01    1.10741E-01    1.70531E-01    8.89244E-02
     4.99205E-01    1.97692E+00    1.66599E+00    5.80416E-02   -3.82405E-01    2.74667E-01    1.10203E-01    1.69541E-01    8.91694E-02
     5.01605E-01    1.96338E+00    1.66565E+00    6.15704E-02   -3.81347E-01    2.73446E-01    1.09660E-01    1.68558E-01    8.94091E-02
     5.04005E-01    1.94986E+00    1.66524E+00    6.50857E-02   -3.80265E-01    2.72229E-01    1.09112E-01    1.67580E-01    8.96436E-02
     5.06405E-01    1.93635E+00    1.66475E+00    6.85872E-02   -3.79159E-01    2.71017E-01    1.08559E-01    1.66609E-01    8.98730E-02
     5.08805E-01    1.92285E+00    1.66420E+00    7.20746E-02   -3.78030E-01    2.69810E-01    1.08001E-01    1.65643E-01    9.00971E-02
     5.11205E-01    1.90936E+00    1.66356E+00    7.55477E-02   -3.76877E-01    2.68607E-01    1.07439E-01    1.64685E-01    9.03162E-02
     5.13605E-01    1.89588E+00    1.66286E+00    7.90063E-02   -3.75701E-01    2.67410E-01    1.06873E-01    1.63732E-01    9.05300E-02
     5.16005E-01    1.88241E+00    1.66208E+00    8.24502E-02   -3.74503E-01    2.66217E-01    1.06302E-01    1.62786E-01    9.07387E-02
     5.18405E-01    1.86896E+00    1.66124E+00    8.58791E-02   -3.73281E-01    2.65029E-01    1.05727E-01    1.61846E-01    9.09424E-02
     5.20805E-01    1.85552E+00    1.66032E+00    8.92929E-02   -3.72036E-01    2.63846E-01    1.05147E-01    1.60912E-01    9.11409E-02
     5.23205E-01    1.84210E+00    1.65934E+00    9.26913E-02   -3.70770E-01    2.62669E-01    1.04564E-01    1.59985E-01    9.13343E-02
     5.25605E-01    1.82870E+00    1.65828E+00    9.60741E-02   -3.69481E-01    2.61497E-01    1.03977E-01    1.59065E-01    9.15228E-02
     5.28004E-01    1.81531E+00    1.65716E+00    9.94412E-02   -3.68170E-01    2.60329E-01    1.03386E-01    1.58151E-01    9.17061E-02
     5.30404E-01    1.80194E+00    1.65597E+00    1.02792E-01   -3.66838E-01    2.59168E-01    1.02791E-01    1.57243E-01    9.18845E-02
     5.32804E-01    1.78858E+00    1.65471E+00    1.06127E-01   -3.65484E-01    2.58011E-01    1.02193E-01    1.56342E-01    9.20579E-02
     5.35204E-01    1.77524E+00    1.65338E+00    1.09446E-01   -3.64109E-01    2.56860E-01    1.01591E-01    1.55447E-01    9.22263E-02
     5.37604E-01    1.76193E+00    1.65199E+00    1.12747E-01   -3.62713E-01    2.55715E-01    1.00986E-01    1.54559E-01    9.23898E-02
     5.40004E-01    1.74863E+00    1.65053E+00    1.16033E-01   -3.61296E-01    2.54575E-01    1.00377E-01    1.53677E-01    9.25485E-02
     5.42404E-01    1.73535E+00    1.64901E+00    1.19301E-01   -3.59858E-01    2.53440E-01    9.97655E-02    1.52802E-01    9.27022E-02
     5.44804E-01    1.72209E+00    1.64742E+00    1.22552E-01   -3.58400E-01    2.52311E-01    9.91508E-02    1.51934E-01    9.28511E-02
     5.47204E-01    1.70886E+00    1.64577E+00    1.25785E-01   -3.56922E-01    2.51188E-01    9.85332E-02    1.51072E-01    9.29951E-02
     5.49604E-01    1.69564E+00    1.64406E+00    1.29002E-01   -3.55425E-01    2.50071E-01    9.79126E-02    1.50216E-01    9.31344E-02
     5.52004E-01    1.68245E+00    1.64228E+00    1.32200E-01   -3.53907E-01    2.48959E-01    9.72893E-02    1.49368E-01    9.32689E-02
     5.54404E-01    1.66929E+00    1.64044E+00    1.35381E-01   -3.52371E-01    2.47853E-01    9.66634E-02    1.48525E-01    9.33987E-02
     5.56804E-01    1.65614E+00    1.63854E+00    1.38543E-01   -3.50815E-01    2.46753E-01    9.60348E-02    1.47690E-01    9.35238E-02
     5.59204E-01    1.64302E+00    1.63658E+00    1.41688E-01   -3.49240E-01    2.45659E-01    9.54038E-02    1.46861E-01    9.36442E-02
     5.61604E-01    1.62993E+00    1.63456E+00    1.44814E-01   -3.47646E-01    2.44571E-01    9.47705E-02    1.46039E-01    9.37600E-02
     5.64004E-01    1.61686E+00    1.63248E+00    1.47922E-01   -3.46035E-01    2.43490E-01    9.41348E-02    1.45223E-01    9.38712E-02
     5.66404E-01    1.60381E+00    1.63034E+00    1.51010E-01   -3.44405E-01    2.42414E-01    9.34970E-02    1.44414E-01    9.39779E-02
     5.68804E-01    1.59080E+00    1.62814E+00    1.54081E-01   -3.42757E-01    2.41344E-01    9.28571E-02    1.43612E-01    9.40800E-02
     5.71204E-01    1.57781E+00    1.62589E+00    1.57132E-01   -3.41091E-01    2.40280E-01    9.22151E-02    1.42816E-01    9.41777E-02
     5.73604E-01    1.56484E+00    1.62358E+00    1.60164E-01   -3.39408E-01    2.39223E-01    9.15713E-02    1.42027E-01    9.42708E-02
     5.76004E-01    1.55191E+00    1.62121E+00    1.63176E-01   -3.37708E-01    2.38172E-01    9.09257E-02    1.41245E-01    9.43596E-02
     5.78404E-01    1.53900E+00    1.61879E+00    1.66170E-01   -3.35991E-01    2.37127E-01    9.02784E-02    1.40469E-01    9.44440E-02
     5.80804E-01    1.52612E+00    1.61631E+00    1.69144E-01   -3.34257E-01    2.36088E-01    8.96294E-02    1.39700E-01    9.45241E-02
     5.83204E-01    1.51328E+00    1.61378E+00    1.72098E-01   -3.32507E-01    2.35056E-01    8.89788E-02    1.38938E-01    9.45999E-02
     5.85604E-01    1.50046E+00    1.61119E+00    1.75032E-01   -3.30740E-01    2.34030E-01    8.83269E-02    1.38182E-01    9.46715E-02
     5.88004E-01    1.48767E+00    1.60855E+00    1.77947E-01   -3.28958E-01    2.33011E-01    8.76735E-02    1.37433E-01    9.47388E-02
     5.90404E-01    1.47492E+00    1.60586E+00    1.80842E-01   -3.27160E-01    2.31998E-01    8.70189E-02    1.36690E-01    9.48019E-02
     5.92804E-01    1.46219E+00    1.60312E+00    1.83716E-01   -3.25347E-01    2.30992E-01    8.63631E-02    1.35954E-01    9.48610E-02
     5.95204E-01    1.44950E+00    1.60032E+00    1.86570E-01   -3.23518E-01    2.29992E-01    8.57061E-02    1.35225E-01    9.49159E-02
     5.97604E-01    1.43684E+00    1.59748E+00    1.89404E-01   -3.21675E-01    2.28998E-01    8.50481E-02    1.34502E-01    9.49668E-02
     6.00004E-01    1.42421E+00    1.59459E+00    1.92217E-01   -3.19817E-01    2.28012E-01    8.43892E-02    1.33786E-01    9.50137E-02
     6.02404E-01    1.41162E+00    1.59164E+00    1.95010E-01   -3.17944E-01    2.27032E-01    8.37294E-02    1.33077E-01    9.50566E-02
     6.04804E-01    1.39906E+00    1.58865E+00    1.97782E-01   -3.16058E-01    2.26058E-01    8.30688E-02    1.32374E-01    9.50957E-02
     6.07204E-01    1.38653E+00    1.58561E+00    2.00533E-01   -3.14157E-01    2.25091E-01    8.24075E-02    1.31678E-01    9.51309E-02
     6.09604E-01    1.37404E+00    1.58253E+00    2.03264E-01   -3.12243E-01    2.24131E-01    8.17455E-02    1.30988E-01    9.51622E-02
     6.12004E-01    1.36158E+00    1.57939E+00    2.05973E-01   -3.10316E-01    2.23178E-01    8.10830E-02    1.30305E-01    9.51898E-02
     6.14404E-01    1.34916E+00    1.57622E+00    2.08662E-01   -3.08376E-01    2.22231E-01    8.04200E-02    1.29628E-01    9.52136E-02
     6.16804E-01    1.33677E+00    1.57299E+00    2.11329E-01   -3.06422E-01    2.21292E-01    7.97566E-02    1.28958E-01    9.52338E-02
     6.19204E-01    1.32442E+00    1.56973E+00    2.13976E-01   -3.04456E-01    2.20359E-01    7.90929E-02    1.28294E-01    9.52503E-02
     6.21604E-01    1.31211E+00    1.56641E+00    2.16601E-01   -3.02478E-01    2.19432E-01    7.84289E-02    1.27637E-01    9.52633E-02
     6.24003E-01    1.29983E+00    1.56306E+00    2.19204E-01   -3.00488E-01    2.18513E-01    7.77647E-02    1.26986E-01    9.52727E-02
     6.26403E-01    1.28759E+00    1.55966E+00    2.21787E-01   -2.98485E-01    2.17601E-01    7.71003E-02    1.26342E-01    9.52786E-02
     6.28803E-01    1.27539E+00    1.55622E+00    2.24347E-01   -2.96472E-01    2.16695E-01    7.64359E-02    1.25704E-01    9.52811E-02
     6.31203E-01    1.26322E+00    1.55274E+00    2.26887E-01   -2.94447E-01    2.15797E-01    7.57715E-02    1.25073E-01    9.52801E-02
     6.33603E-01    1.25110E+00    1.54922E+00    2.29404E-01   -2.92410E-01    2.14905E-01    7.51072E-02    1.24448E-01    9.52759E-02
     6.36003E-01    1.23901E+00    1.54566E+00    2.31901E-01   -2.90363E-01    2.14021E-01    7.44430E-02    1.23830E-01    9.52683E-02
     6.38403E-01    1.22696E+00    1.54206E+00    2.34375E-01   -2.88306E-01    2.13143E-01    7.37791E-02    1.23217E-01    9.52575E-02
     6.40803E-01    1.21495E+00    1.53842E+00    2.36828E-01   -2.86238E-01    2.12272E-01    7.31154E-02    1.22612E-01    9.52435E-02
     6.43203E-01    1.20297E+00    1.53474E+00    2.39259E-01   -2.84160E-01    2.11408E-01    7.24520E-02    1.22012E-01    9.52263E-02
     6.45603E-01    1.19104E+00    1.53103E+00    2.41668E-01   -2.82073E-01    2.10552E-01    7.17890E-02    1.21419E-01    9.52061E-02
     6.48003E-01    1.17915E+00    1.52728E+00    2.44055E-01   -2.79975E-01    2.09702E-01    7.11265E-02    1.20832E-01    9.51828E-02
     6.50403E-01    1.16730E+00    1.52349E+00    2.46421E-01   -2.77869E-01    2.08860E-01    7.04645E-02    1.20252E-01    9.51565E-02
     6.52803E-01    1.15549E+00    1.51967E+00    2.48765E-01   -2.75753E-01    2.08024E-01    6.98031E-02    1.19677E-01    9.51272E-02
     6.55203E-01    1.14372E+00    1.51581E+00    2.51086E-01   -2.73629E-01    2.07196E-01    6.91423E-02    1.19109E-01    9.50951E-02
     6.57603E-01    1.13199E+00    1.51192E+00    2.53386E-01   -2.71496E-01    2.06374E-01    6.84821E-02    1.18548E-01    9.50601E-02
     6.60003E-01    1.12030E+00    1.50799E+00    2.55664E-01   -2.69354E-01    2.05560E-01    6.78227E-02    1.17992E-01    9.50224E-02
     6.62403E-01    1.10865E+00    1.50404E+00    2.57920E-01   -2.67205E-01    2.04753E-01    6.71641E-02    1.17442E-01    9.49819E-02
     6.64803E-01    1.09704E+00    1.50005E+00    2.60154E-01   -2.65048E-01    2.03953E-01    6.65064E-02    1.16899E-01    9.49387E-02
     6.67203E-01    1.08548E+00    1.49602E+00    2.62366E-01   -2.62883E-01    2.03160E-01    6.58495E-02    1.16362E-01    9.48929E-02
     6.69603E-01    1.07396E+00    1.49197E+00    2.64555E-01   -2.60711E-01    2.02375E-01    6.51936E-02    1.15831E-01    9.48445E-02
     6.72003E-01    1.06248E+00    1.48789E+00    2.66723E-01   -2.58532E-01    2.01596E-01    6.45387E-02    1.15306E-01    9.47935E-02
     6.74403E-01    1.05104E+00    1.48377E+00    2.68869E-01   -2.56345E-01    2.00825E-01    6.38848E-02    1.14787E-01    9.47401E-02
     6.76803E-01    1.03965E+00    1.47963E+00    2.70993E-01   -2.54153E-01    2.00060E-01    6.32320E-02    1.14273E-01    9.46843E-02
     6.79203E-01    1.02830E+00    1.47546E+00    2.73095E-01   -2.51953E-01    1.99303E-01    6.25804E-02    1.13766E-01    9.46261E-02
     6.81603E-01    1.01699E+00    1.47126E+00    2.75175E-01   -2.49748E-01    1.98553E-01    6.19299E-02    1.13265E-01    9.45655E-02
     6.84003E-01    1.00572E+00    1.46703E+00    2.77233E-01   -2.47537E-01    1.97810E-01    6.12807E-02    1.12770E-01    9.45027E-02
     6.86403E-01    9.94502E-01    1.46278E+00    2.79269E-01   -2.45320E-01    1.97075E-01    6.06327E-02    1.12281E-01    9.44377E-02
     6.88803E-01    9.83323E-01    1.45850E+00    2.81283E-01   -2.43097E-01    1.96346E-01    5.99861E-02    1.11798E-01    9.43705E-02
     6.91203E-01    9.72189E-01    1.45419E+00    2.83275E-01   -2.40870E-01    1.95625E-01    5.93408E-02    1.11320E-01    9.43012E-02
     6.93603E-01    9.61098E-01    1.44986E+00    2.85245E-01   -2.38637E-01    1.94911E-01    5.86969E-02    1.10848E-01    9.42299E-02
     6.96003E-01    9.50051E-01    1.44550E+00    2.87193E-01   -2.36399E-01    1.94204E-01    5.80545E-02    1.10382E-01    9.41565E-02
     6.98403E-01    9.39049E-01    1.44112E+00    2.89119E-01   -2.34157E-01    1.93505E-01    5.74135E-02    1.09922E-01    9.40812E-02
     7.00803E-01    9.28090E-01    1.43672E+00    2.91024E-01   -2.31911E-01    1.92812E-01    5.67740E-02    1.09468E-01    9.40039E-02
     7.03203E-01    9.17176E-01    1.43229E+00    2.92907E-01   -2.29660E-01    1.92127E-01    5.61361E-02    1.09019E-01    9.39249E-02
     7.05603E-01    9.06306E-01    1.42784E+00    2.94768E-01   -2.27406E-01    1.91449E-01    5.54997E-02    1.08576E-01    9.38440E-02
     7.08003E-01    8.95481E-01    1.42337E+00    2.96607E-01   -2.25147E-01    1.90778E-01    5.48650E-02    1.08139E-01    9.37614E-02
     7.10403E-01    8.84700E-01    1.41888E+00    2.98425E-01   -2.22886E-01    1.90114E-01    5.42320E-02    1.07707E-01    9.36771E-02
     7.12803E-01    8.73964E-01    1.41437E+00    3.00221E-01   -2.20621E-01    1.89457E-01    5.36006E-02    1.07281E-01    9.35912E-02
     7.15203E-01    8.63273E-01    1.40983E+00    3.01995E-01   -2.18352E-01    1.88808E-01    5.29709E-02    1.06861E-01    9.35036E-02
     7.17603E-01    8.52627E-01    1.40528E+00    3.03748E-01   -2.16082E-01    1.88165E-01    5.23430E-02    1.06445E-01    9.34146E-02
     7.20002E-01    8.42026E-01    1.40071E+00    3.05479E-01   -2.13808E-01    1.87530E-01    5.17169E-02    1.06036E-01    9.33240E-02
     7.22402E-01    8.31469E-01    1.39612E+00    3.07189E-01   -2.11532E-01    1.86902E-01    5.10925E-02    1.05632E-01    9.32321E-02
     7.24802E-01    8.20958E-01    1.39151E+00    3.08877E-01   -2.09254E-01    1.86281E-01    5.04700E-02    1.05233E-01    9.31387E-02
     7.27202E-01    8.10492E-01    1.38689E+00    3.10544E-01   -2.06973E-01    1.85668E-01    4.98494E-02    1.04840E-01    9.30440E-02
     7.29602E-01    8.00071E-01    1.38224E+00    3.12190E-01   -2.04691E-01    1.85061E-01    4.92307E-02    1.04452E-01    9.29481E-02
     7.32002E-01    7.89695E-01    1.37759E+00    3.13815E-01   -2.02407E-01    1.84461E-01    4.86138E-02    1.04070E-01    9.28509E-02
     7.34402E-01    7.79365E-01    1.37291E+00    3.15418E-01   -2.00122E-01    1.83869E-01    4.79990E-02    1.03693E-01    9.27526E-02
     7.36802E-01    7.69080E-01    1.36822E+00    3.17000E-01   -1.97835E-01    1.83284E-01    4.73860E-02    1.03321E-01    9.26531E-02
     7.39202E-01    7.58840E-01    1.36352E+00    3.18561E-01   -1.95548E-01    1.82706E-01    4.67751E-02    1.02954E-01    9.25526E-02
     7.41602E-01    7.48645E-01    1.35880E+00    3.20102E-01   -1.93259E-01    1.82135E-01    4.61662E-02    1.02593E-01    9.24510E-02
     7.44002E-01    7.38496E-01    1.35406E+00    3.21621E-01   -1.90970E-01    1.81571E-01    4.55593E-02    1.02237E-01    9.23485E-02
     7.46402E-01    7.28392E-01    1.34931E+00    3.23119E-01   -1.88681E-01    1.81014E-01    4.49544E-02    1.01886E-01    9.22451E-02
     7.48802E-01    7.18333E-01    1.34455E+00    3.24597E-01   -1.86391E-01    1.80464E-01    4.43516E-02    1.01540E-01    9.21408E-02
     7.51202E-01    7.08320E-01    1.33978E+00    3.26054E-01   -1.84100E-01    1.79921E-01    4.37509E-02    1.01199E-01    9.20357E-02
     7.53602E-01    6.98351E-01    1.33500E+00    3.27490E-01   -1.81810E-01    1.79385E-01    4.31523E-02    1.00864E-01    9.19298E-02
     7.56002E-01    6.88429E-01    1.33020E+00    3.28906E-01   -1.79520E-01    1.78857E-01    4.25559E-02    1.00533E-01    9.18232E-02
     7.58402E-01    6.78551E-01    1.32539E+00    3.30301E-01   -1.77231E-01    1.78335E-01    4.19616E-02    1.00208E-01    9.17160E-02
     7.60802E-01    6.68719E-01    1.32057E+00    3.31676E-01   -1.74942E-01    1.77820E-01    4.13694E-02    9.98871E-02    9.16081E-02
     7.63202E-01    6.58932E-01    1.31575E+00    3.33031E-01   -1.72654E-01    1.77312E-01    4.07794E-02    9.95715E-02    9.14997E-02
     7.65602E-01    6.49190E-01    1.31091E+00    3.34365E-01   -1.70366E-01    1.76812E-01    4.01916E-02    9.92608E-02    9.13908E-02
     7.68002E-01    6.39493E-01    1.30606E+00    3.35679E-01   -1.68080E-01    1.76318E-01    3.96060E-02    9.89549E-02    9.12814E-02
     7.70402E-01    6.29842E-01    1.30120E+00    3.36973E-01   -1.65795E-01    1.75831E-01    3.90226E-02    9.86540E-02    9.11716E-02
     7.72802E-01    6.20235E-01    1.29634E+00    3.38247E-01   -1.63512E-01    1.75351E-01    3.84414E-02    9.83579E-02    9.10614E-02
     7.75202E-01    6.10674E-01    1.29146E+00    3.39501E-01   -1.61229E-01    1.74878E-01    3.78625E-02    9.80666E-02    9.09509E-02
     7.77602E-01    6.01157E-01    1.28658E+00    3.40736E-01   -1.58949E-01    1.74412E-01    3.72858E-02    9.77800E-02    9.08402E-02
     7.80002E-01    5.91685E-01    1.28169E+00    3.41950E-01   -1.56671E-01    1.73953E-01    3.67113E-02    9.74982E-02    9.07292E-02
     7.82402E-01    5.82258E-01    1.27680E+00    3.43145E-01   -1.54394E-01    1.73500E-01    3.61391E-02    9.72211E-02    9.06181E-02
     7.84802E-01    5.72876E-01    1.27190E+00    3.44320E-01   -1.52120E-01    1.73055E-01    3.55692E-02    9.69487E-02    9.05068E-02
     7.87202E-01    5.63539E-01    1.26699E+00    3.45476E-01   -1.49848E-01    1.72616E-01    3.50016E-02    9.66810E-02    9.03955E-02
     7.89602E-01    5.54246E-01    1.26208E+00    3.46613E-01   -1.47578E-01    1.72184E-01    3.44363E-02    9.64178E-02    9.02842E-02
     7.92002E-01    5.44997E-01    1.25716E+00    3.47730E-01   -1.45312E-01    1.71759E-01    3.38732E-02    9.61593E-02    9.01729E-02
     7.94402E-01    5.35793E-01    1.25224E+00    3.48828E-01   -1.43048E-01    1.71341E-01    3.33125E-02    9.59053E-02    9.00616E-02
     7.96802E-01    5.26634E-01    1.24731E+00    3.49907E-01   -1.40786E-01    1.70929E-01    3.27541E-02    9.56558E-02    8.99505E-02
     7.99202E-01    5.17518E-01    1.24238E+00    3.50967E-01   -1.38528E-01    1.70525E-01    3.21979E-02    9.54108E-02    8.98395E-02
     8.01602E-01    5.08447E-01    1.23744E+00    3.52008E-01   -1.36273E-01    1.70127E-01    3.16441E-02    9.51704E-02    8.97288E-02
     8.04002E-01    4.99420E-01    1.23250E+00    3.53030E-01   -1.34022E-01    1.69735E-01    3.10927E-02    9.49343E-02    8.96183E-02
     8.06402E-01    4.90436E-01    1.22756E+00    3.54033E-01   -1.31774E-01    1.69351E-01    3.05435E-02    9.47027E-02    8.95081E-02
     8.08802E-01    4.81497E-01    1.22261E+00    3.55018E-01   -1.29529E-01    1.68973E-01    2.99966E-02    9.44754E-02    8.93983E-02
     8.11202E-01    4.72601E-01    1.21767E+00    3.55984E-01   -1.27288E-01    1.68602E-01    2.94521E-02    9.42525E-02    8.92888E-02
     8.13602E-01    4.63749E-01    1.21272E+00    3.56932E-01   -1.25051E-01    1.68237E-01    2.89099E-02    9.40339E-02    8.91799E-02
     8.16001E-01    4.54940E-01    1.20777E+00    3.57861E-01   -1.22818E-01    1.67879E-01    2.83701E-02    9.38197E-02    8.90714E-02
     8.18401E-01    4.46175E-01    1.20282E+00    3.58772E-01   -1.20589E-01    1.67528E-01    2.78325E-02    9.36097E-02    8.89634E-02
     8.20801E-01    4.37453E-01    1.19786E+00    3.59665E-01   -1.18365E-01    1.67183E-01    2.72973E-02    9.34039E-02    8.88561E-02
     8.23201E-01    4.28774E-01    1.19291E+00    3.60540E-01   -1.16144E-01    1.66845E-01    2.67644E-02    9.32023E-02    8.87493E-02
     8.25601E-01    4.20138E-01    1.18796E+00    3.61397E-01   -1.13929E-01    1.66513E-01    2.62339E-02    9.30050E-02    8.86432E-02
     8.28001E-01    4.11544E-01    1.18300E+00    3.62237E-01   -1.11717E-01    1.66188E-01    2.57057E-02    9.28117E-02    8.85379E-02
     8.30401E-01    4.02994E-01    1.17805E+00    3.63058E-01   -1.09511E-01    1.65869E-01    2.51797E-02    9.26227E-02    8.84333E-02
     8.32801E-01    3.94486E-01    1.17310E+00    3.63862E-01   -1.07309E-01    1.65557E-01    2.46561E-02    9.24377E-02    8.83295E-02
     8.35201E-01    3.86020E-01    1.16815E+00    3.64648E-01   -1.05113E-01    1.65251E-01    2.41349E-02    9.22567E-02    8.82266E-02
     8.37601E-01    3.77597E-01    1.16319E+00    3.65417E-01   -1.02921E-01    1.64952E-01    2.36159E-02    9.20799E-02    8.81245E-02
     8.40001E-01    3.69215E-01    1.15825E+00    3.66168E-01   -1.00734E-01    1.64659E-01    2.30992E-02    9.19070E-02    8.80234E-02
     8.42401E-01    3.60876E-01    1.15330E+00    3.66902E-01   -9.85531E-02    1.64372E-01    2.25849E-02    9.17382E-02    8.79233E-02
     8.44801E-01    3.52579E-01    1.14835E+00    3.67619E-01   -9.63773E-02    1.64092E-01    2.20728E-02    9.15733E-02    8.78242E-02
     8.47201E-01    3.44323E-01    1.14341E+00    3.68319E-01   -9.42069E-02    1.63818E-01    2.15630E-02    9.14123E-02    8.77262E-02
     8.49601E-01    3.36109E-01    1.13847E+00    3.69002E-01   -9.20421E-02    1.63551E-01    2.10555E-02    9.12553E-02    8.76293E-02
     8.52001E-01    3.27936E-01    1.13353E+00    3.69668E-01   -8.98830E-02    1.63290E-01    2.05503E-02    9.11021E-02    8.75336E-02
     8.54401E-01    3.19804E-01    1.12860E+00    3.70317E-01   -8.77296E-02    1.63035E-01    2.00473E-02    9.09528E-02    8.74390E-02
     8.56801E-01    3.11713E-01    1.12367E+00    3.70950E-01   -8.55822E-02    1.62786E-01    1.95467E-02    9.08074E-02    8.73457E-02
     8.59201E-01    3.03663E-01    1.11874E+00    3.71566E-01   -8.34407E-02    1.62544E-01    1.90482E-02    9.06657E-02    8.72537E-02
     8.61601E-01    2.95654E-01    1.11382E+00    3.72166E-01   -8.13054E-02    1.62307E-01    1.85520E-02    9.05278E-02    8.71630E-02
     8.64001E-01    2.87685E-01    1.10890E+00    3.72749E-01   -7.91762E-02    1.62077E-01    1.80581E-02    9.03937E-02    8.70737E-02
     8.66401E-01    2.79757E-01    1.10399E+00    3.73316E-01   -7.70532E-02    1.61853E-01    1.75664E-02    9.02634E-02    8.69858E-02
     8.68801E-01    2.71868E-01    1.09908E+00    3.73867E-01   -7.49367E-02    1.61636E-01    1.70769E-02    9.01367E-02    8.68993E-02
     8.71201E-01    2.64020E-01    1.09417E+00    3.74402E-01   -7.28265E-02    1.61424E-01    1.65896E-02    9.00137E-02    8.68143E-02
     8.73601E-01    2.56212E-01    1.08927E+00    3.74921E-01   -7.07229E-02    1.61219E-01    1.61045E-02    8.98944E-02    8.67309E-02
     8.76001E-01    2.48443E-01    1.08438E+00    3.75424E-01   -6.86260E-02    1.61019E-01    1.56216E-02    8.97787E-02    8.66491E-02
     8.78401E-01    2.40713E-01    1.07949E+00    3.75911E-01   -6.65357E-02    1.60826E-01    1.51409E-02    8.96667E-02    8.65688E-02
     8.80801E-01    2.33023E-01    1.07461E+00    3.76383E-01   -6.44523E-02    1.60638E-01    1.46624E-02    8.95582E-02    8.64902E-02
     8.83201E-01    2.25372E-01    1.06973E+00    3.76839E-01   -6.23757E-02    1.60457E-01    1.41860E-02    8.94533E-02    8.64134E-02
     8.85601E-01    2.17760E-01    1.06486E+00    3.77279E-01   -6.03061E-02    1.60282E-01    1.37118E-02    8.93520E-02    8.63382E-02
     8.88001E-01    2.10186E-01    1.06000E+00    3.77704E-01   -5.82435E-02    1.60112E-01    1.32397E-02    8.92542E-02    8.62649E-02
     8.90401E-01    2.02651E-01    1.05514E+00    3.78114E-01   -5.61881E-02    1.59949E-01    1.27697E-02    8.91598E-02    8.61933E-02
     8.92801E-01    1.95155E-01    1.05029E+00    3.78509E-01   -5.41399E-02    1.59791E-01    1.23018E-02    8.90690E-02    8.61237E-02
     8.95201E-01    1.87696E-01    1.04544E+00    3.78888E-01   -5.20989E-02    1.59639E-01    1.18360E-02    8.89816E-02    8.60559E-02
     8.97601E-01    1.80275E-01    1.04061E+00    3.79253E-01   -5.00653E-02    1.59493E-01    1.13724E-02    8.88976E-02    8.59901E-02
     9.00001E-01    1.72893E-01    1.03578E+00    3.79603E-01   -4.80391E-02    1.59353E-01    1.09107E-02    8.88171E-02    8.59263E-02
     9.02401E-01    1.65547E-01    1.03096E+00    3.79938E-01   -4.60205E-02    1.59219E-01    1.04512E-02    8.87399E-02    8.58644E-02
     9.04801E-01    1.58239E-01    1.02614E+00    3.80258E-01   -4.40094E-02    1.59090E-01    9.99367E-03    8.86662E-02    8.58047E-02
     9.07201E-01    1.50968E-01    1.02134E+00    3.80563E-01   -4.20060E-02    1.58968E-01    9.53819E-03    8.85957E-02    8.57470E-02
     9.09601E-01    1.43734E-01    1.01654E+00    3.80854E-01   -4.00102E-02    1.58851E-01    9.08472E-03    8.85286E-02    8.56915E-02
     9.12000E-01    1.36537E-01    1.01175E+00    3.81131E-01   -3.80223E-02    1.58739E-01    8.63325E-03    8.84648E-02    8.56382E-02
     9.14400E-01    1.29377E-01    1.00697E+00    3.81393E-01   -3.60423E-02    1.58634E-01    8.18377E-03    8.84043E-02    8.55871E-02
     9.16800E-01    1.22252E-01    1.00220E+00    3.81641E-01   -3.40701E-02    1.58534E-01    7.73626E-03    8.83471E-02    8.55383E-02
     9.19200E-01    1.15164E-01    9.97435E-01    3.81875E-01   -3.21060E-02    1.58439E-01    7.29070E-03    8.82931E-02    8.54917E-02
     9.21600E-01    1.08112E-01    9.92681E-01    3.82095E-01   -3.01499E-02    1.58351E-01    6.84709E-03    8.82424E-02    8.54475E-02
     9.24000E-01    1.01096E-01    9.87935E-01    3.82301E-01   -2.82020E-02    1.58267E-01    6.40540E-03    8.81948E-02    8.54057E-02
     9.26400E-01    9.41149E-02    9.83198E-01    3.82492E-01   -2.62622E-02    1.58190E-01    5.96563E-03    8.81505E-02    8.53663E-02
     9.28800E-01    8.71694E-02    9.78471E-01    3.82671E-01   -2.43307E-02    1.58118E-01    5.52774E-03    8.81093E-02    8.53294E-02
     9.31200E-01    8.02591E-02    9.73753E-01    3.82835E-01   -2.24075E-02    1.58051E-01    5.09174E-03    8.80713E-02    8.52949E-02
     9.33600E-01    7.33836E-02    9.69045E-01    3.82986E-01   -2.04927E-02    1.57990E-01    4.65759E-03    8.80364E-02    8.52630E-02
     9.36000E-01    6.65429E-02    9.64347E-01    3.83123E-01   -1.85864E-02    1.57934E-01    4.22529E-03    8.80047E-02    8.52336E-02
     9.38400E-01    5.97367E-02    9.59658E-01    3.83247E-01   -1.66885E-02    1.57884E-01    3.79482E-03    8.79760E-02    8.52069E-02
     9.40800E-01    5.29648E-02    9.54979E-01    3.83357E-01   -1.47992E-02    1.57839E-01    3.36616E-03    8.79505E-02    8.51828E-02
     9.43200E-01    4.62270E-02    9.50311E-01    3.83454E-01   -1.29185E-02    1.57800E-01    2.93929E-03    8.79280E-02    8.51614E-02
     9.45600E-01    3.95231E-02    9.45653E-01    3.83538E-01   -1.10465E-02    1.57766E-01    2.51420E-03    8.79085E-02    8.51428E-02
     9.48000E-01    3.28529E-02    9.41004E-01    3.83609E-01   -9.18328E-03    1.57737E-01    2.09087E-03    8.78921E-02    8.51269E-02
     9.50400E-01    2.62162E-02    9.36367E-01    3.83666E-01   -7.32881E-03    1.57713E-01    1.66928E-03    8.78787E-02    8.51138E-02
     9.52800E-01    1.96128E-02    9.31740E-01    3.83711E-01   -5.48319E-03    1.57695E-01    1.24942E-03    8.78683E-02    8.51035E-02
     9.55200E-01    1.30424E-02    9.27123E-01    3.83743E-01   -3.64648E-03    1.57682E-01    8.31263E-04    8.78609E-02    8.50961E-02
     9.57600E-01    6.50486E-03    9.22517E-01    3.83762E-01   -1.81873E-03    1.57674E-01    4.14796E-04    8.78565E-02    8.50917E-02
     9.60000E-01    0.00000E+00    9.17922E-01    3.83768E-01    4.18429E-33    1.57672E-01    3.70479E-25    8.78550E-02    8.50902E-02
