     1.00000E-05    4.10135E+00   -2.48860E-05   -5.37753E-01   -1.84079E-05    4.06198E-01    7.88690E-06    3.93336E-01    1.02932E-10
     2.75998E-03    4.10126E+00    1.62405E-02   -5.37722E-01   -5.08041E-03    4.06189E-01    2.17669E-03    3.93322E-01    7.84051E-06
     5.50995E-03    4.10098E+00    3.24200E-02   -5.37629E-01   -1.01416E-02    4.06162E-01    4.34502E-03    3.93282E-01    3.12455E-05
     8.25993E-03    4.10050E+00    4.85952E-02   -5.37476E-01   -1.52012E-02    4.06116E-01    6.51242E-03    3.93216E-01    7.02061E-05
     1.10099E-02    4.09985E+00    6.47640E-02   -5.37261E-01   -2.02584E-02    4.06053E-01    8.67843E-03    3.93122E-01    1.24707E-04
     1.37599E-02    4.09900E+00    8.09241E-02   -5.36984E-01   -2.53125E-02    4.05971E-01    1.08426E-02    3.93003E-01    1.94729E-04
     1.65099E-02    4.09796E+00    9.70734E-02   -5.36646E-01   -3.03625E-02    4.05871E-01    1.30044E-02    3.92856E-01    2.80243E-04
     1.92598E-02    4.09674E+00    1.13210E-01   -5.36247E-01   -3.54078E-02    4.05753E-01    1.51635E-02    3.92684E-01    3.81218E-04
     2.20098E-02    4.09533E+00    1.29331E-01   -5.35787E-01   -4.04475E-02    4.05617E-01    1.73193E-02    3.92484E-01    4.97614E-04
     2.47598E-02    4.09374E+00    1.45435E-01   -5.35266E-01   -4.54809E-02    4.05463E-01    1.94714E-02    3.92259E-01    6.29388E-04
     2.75098E-02    4.09195E+00    1.61520E-01   -5.34684E-01   -5.05071E-02    4.05291E-01    2.16193E-02    3.92007E-01    7.76489E-04
     3.02597E-02    4.08998E+00    1.77584E-01   -5.34041E-01   -5.55254E-02    4.05101E-01    2.37626E-02    3.91728E-01    9.38861E-04
     3.30097E-02    4.08783E+00    1.93623E-01   -5.33338E-01   -6.05350E-02    4.04893E-01    2.59009E-02    3.91424E-01    1.11644E-03
     3.57597E-02    4.08548E+00    2.09637E-01   -5.32574E-01   -6.55352E-02    4.04667E-01    2.80337E-02    3.91093E-01    1.30916E-03
     3.85097E-02    4.08295E+00    2.25624E-01   -5.31750E-01   -7.05250E-02    4.04423E-01    3.01604E-02    3.90737E-01    1.51696E-03
     4.12596E-02    4.08024E+00    2.41580E-01   -5.30865E-01   -7.55039E-02    4.04161E-01    3.22808E-02    3.90354E-01    1.73974E-03
     4.40096E-02    4.07734E+00    2.57504E-01   -5.29921E-01   -8.04709E-02    4.03882E-01    3.43943E-02    3.89946E-01    1.97742E-03
     4.67596E-02    4.07426E+00    2.73395E-01   -5.28917E-01   -8.54254E-02    4.03584E-01    3.65005E-02    3.89511E-01    2.22992E-03
     4.95096E-02    4.07099E+00    2.89249E-01   -5.27854E-01   -9.03666E-02    4.03269E-01    3.85989E-02    3.89052E-01    2.49714E-03
     5.22595E-02    4.06754E+00    3.05064E-01   -5.26731E-01   -9.52937E-02    4.02937E-01    4.06892E-02    3.88566E-01    2.77897E-03
     5.50095E-02    4.06391E+00    3.20840E-01   -5.25549E-01   -1.00206E-01    4.02586E-01    4.27709E-02    3.88056E-01    3.07532E-03
     5.77595E-02    4.06010E+00    3.36573E-01   -5.24308E-01   -1.05103E-01    4.02218E-01    4.48435E-02    3.87520E-01    3.38607E-03
     6.05095E-02    4.05610E+00    3.52262E-01   -5.23009E-01   -1.09983E-01    4.01833E-01    4.69067E-02    3.86959E-01    3.71110E-03
     6.32594E-02    4.05192E+00    3.67905E-01   -5.21651E-01   -1.14846E-01    4.01430E-01    4.89600E-02    3.86373E-01    4.05029E-03
     6.60094E-02    4.04757E+00    3.83499E-01   -5.20236E-01   -1.19692E-01    4.01010E-01    5.10030E-02    3.85763E-01    4.40351E-03
     6.87594E-02    4.04303E+00    3.99042E-01   -5.18762E-01   -1.24519E-01    4.00572E-01    5.30353E-02    3.85127E-01    4.77064E-03
     7.15093E-02    4.03831E+00    4.14534E-01   -5.17232E-01   -1.29327E-01    4.00118E-01    5.50565E-02    3.84468E-01    5.15153E-03
     7.42593E-02    4.03342E+00    4.29971E-01   -5.15644E-01   -1.34115E-01    3.99646E-01    5.70662E-02    3.83784E-01    5.54604E-03
     7.70093E-02    4.02835E+00    4.45351E-01   -5.14000E-01   -1.38882E-01    3.99157E-01    5.90640E-02    3.83076E-01    5.95403E-03
     7.97593E-02    4.02310E+00    4.60674E-01   -5.12299E-01   -1.43628E-01    3.98651E-01    6.10494E-02    3.82343E-01    6.37534E-03
     8.25093E-02    4.01767E+00    4.75936E-01   -5.10542E-01   -1.48352E-01    3.98128E-01    6.30222E-02    3.81588E-01    6.80981E-03
     8.52592E-02    4.01208E+00    4.91136E-01   -5.08730E-01   -1.53053E-01    3.97588E-01    6.49819E-02    3.80808E-01    7.25730E-03
     8.80092E-02    4.00630E+00    5.06273E-01   -5.06862E-01   -1.57731E-01    3.97031E-01    6.69281E-02    3.80005E-01    7.71762E-03
     9.07592E-02    4.00036E+00    5.21343E-01   -5.04940E-01   -1.62384E-01    3.96458E-01    6.88605E-02    3.79180E-01    8.19062E-03
     9.35092E-02    3.99424E+00    5.36346E-01   -5.02963E-01   -1.67014E-01    3.95868E-01    7.07787E-02    3.78331E-01    8.67611E-03
     9.62591E-02    3.98795E+00    5.51279E-01   -5.00932E-01   -1.71617E-01    3.95262E-01    7.26824E-02    3.77459E-01    9.17393E-03
     9.90091E-02    3.98149E+00    5.66141E-01   -4.98847E-01   -1.76195E-01    3.94639E-01    7.45711E-02    3.76565E-01    9.68389E-03
     1.01759E-01    3.97486E+00    5.80930E-01   -4.96710E-01   -1.80746E-01    3.94001E-01    7.64446E-02    3.75649E-01    1.02058E-02
     1.04509E-01    3.96806E+00    5.95644E-01   -4.94519E-01   -1.85270E-01    3.93345E-01    7.83025E-02    3.74711E-01    1.07395E-02
     1.07259E-01    3.96110E+00    6.10282E-01   -4.92276E-01   -1.89766E-01    3.92674E-01    8.01444E-02    3.73750E-01    1.12847E-02
     1.10009E-01    3.95397E+00    6.24841E-01   -4.89981E-01   -1.94233E-01    3.91987E-01    8.19701E-02    3.72769E-01    1.18413E-02
     1.12759E-01    3.94667E+00    6.39319E-01   -4.87635E-01   -1.98671E-01    3.91284E-01    8.37792E-02    3.71766E-01    1.24091E-02
     1.15509E-01    3.93921E+00    6.53716E-01   -4.85238E-01   -2.03080E-01    3.90565E-01    8.55714E-02    3.70741E-01    1.29879E-02
     1.18259E-01    3.93159E+00    6.68030E-01   -4.82790E-01   -2.07458E-01    3.89831E-01    8.73463E-02    3.69697E-01    1.35774E-02
     1.21009E-01    3.92380E+00    6.82258E-01   -4.80292E-01   -2.11805E-01    3.89081E-01    8.91037E-02    3.68631E-01    1.41775E-02
     1.23759E-01    3.91586E+00    6.96400E-01   -4.77745E-01   -2.16121E-01    3.88316E-01    9.08433E-02    3.67545E-01    1.47879E-02
     1.26509E-01    3.90775E+00    7.10453E-01   -4.75149E-01   -2.20405E-01    3.87535E-01    9.25648E-02    3.66439E-01    1.54084E-02
     1.29259E-01    3.89949E+00    7.24416E-01   -4.72505E-01   -2.24657E-01    3.86740E-01    9.42679E-02    3.65314E-01    1.60389E-02
     1.32009E-01    3.89107E+00    7.38288E-01   -4.69813E-01   -2.28875E-01    3.85929E-01    9.59524E-02    3.64169E-01    1.66790E-02
     1.34759E-01    3.88250E+00    7.52066E-01   -4.67073E-01   -2.33060E-01    3.85103E-01    9.76178E-02    3.63004E-01    1.73286E-02
     1.37509E-01    3.87377E+00    7.65750E-01   -4.64286E-01   -2.37211E-01    3.84263E-01    9.92641E-02    3.61821E-01    1.79874E-02
     1.40259E-01    3.86488E+00    7.79338E-01   -4.61454E-01   -2.41327E-01    3.83408E-01    1.00891E-01    3.60619E-01    1.86553E-02
     1.43009E-01    3.85585E+00    7.92828E-01   -4.58575E-01   -2.45408E-01    3.82538E-01    1.02498E-01    3.59399E-01    1.93319E-02
     1.45759E-01    3.84667E+00    8.06220E-01   -4.55651E-01   -2.49453E-01    3.81654E-01    1.04085E-01    3.58160E-01    2.00170E-02
     1.48509E-01    3.83733E+00    8.19511E-01   -4.52683E-01   -2.53462E-01    3.80756E-01    1.05652E-01    3.56904E-01    2.07105E-02
     1.51259E-01    3.82785E+00    8.32700E-01   -4.49670E-01   -2.57435E-01    3.79844E-01    1.07199E-01    3.55631E-01    2.14120E-02
     1.54009E-01    3.81823E+00    8.45786E-01   -4.46614E-01   -2.61371E-01    3.78918E-01    1.08725E-01    3.54340E-01    2.21214E-02
     1.56759E-01    3.80845E+00    8.58767E-01   -4.43515E-01   -2.65269E-01    3.77978E-01    1.10230E-01    3.53032E-01    2.28383E-02
     1.59509E-01    3.79854E+00    8.71642E-01   -4.40374E-01   -2.69130E-01    3.77024E-01    1.11714E-01    3.51708E-01    2.35626E-02
     1.62259E-01    3.78848E+00    8.84411E-01   -4.37191E-01   -2.72952E-01    3.76057E-01    1.13177E-01    3.50367E-01    2.42940E-02
     1.65009E-01    3.77829E+00    8.97071E-01   -4.33967E-01   -2.76735E-01    3.75076E-01    1.14618E-01    3.49011E-01    2.50323E-02
     1.67758E-01    3.76795E+00    9.09621E-01   -4.30703E-01   -2.80480E-01    3.74082E-01    1.16038E-01    3.47638E-01    2.57772E-02
     1.70508E-01    3.75748E+00    9.22061E-01   -4.27399E-01   -2.84185E-01    3.73076E-01    1.17436E-01    3.46251E-01    2.65285E-02
     1.73258E-01    3.74687E+00    9.34388E-01   -4.24055E-01   -2.87850E-01    3.72056E-01    1.18812E-01    3.44848E-01    2.72859E-02
     1.76008E-01    3.73612E+00    9.46602E-01   -4.20672E-01   -2.91475E-01    3.71023E-01    1.20166E-01    3.43431E-01    2.80491E-02
     1.78758E-01    3.72525E+00    9.58702E-01   -4.17252E-01   -2.95059E-01    3.69978E-01    1.21498E-01    3.41999E-01    2.88181E-02
     1.81508E-01    3.71424E+00    9.70687E-01   -4.13794E-01   -2.98602E-01    3.68920E-01    1.22808E-01    3.40553E-01    2.95924E-02
     1.84258E-01    3.70310E+00    9.82555E-01   -4.10299E-01   -3.02104E-01    3.67850E-01    1.24095E-01    3.39094E-01    3.03718E-02
     1.87008E-01    3.69183E+00    9.94306E-01   -4.06768E-01   -3.05565E-01    3.66768E-01    1.25359E-01    3.37621E-01    3.11561E-02
     1.89758E-01    3.68044E+00    1.00594E+00   -4.03201E-01   -3.08983E-01    3.65674E-01    1.26600E-01    3.36135E-01    3.19451E-02
     1.92508E-01    3.66892E+00    1.01745E+00   -3.99600E-01   -3.12360E-01    3.64568E-01    1.27819E-01    3.34636E-01    3.27384E-02
     1.95258E-01    3.65728E+00    1.02884E+00   -3.95964E-01   -3.15693E-01    3.63451E-01    1.29015E-01    3.33124E-01    3.35359E-02
     1.98008E-01    3.64552E+00    1.04011E+00   -3.92295E-01   -3.18984E-01    3.62322E-01    1.30187E-01    3.31600E-01    3.43373E-02
     2.00758E-01    3.63364E+00    1.05126E+00   -3.88592E-01   -3.22232E-01    3.61181E-01    1.31337E-01    3.30065E-01    3.51423E-02
     2.03508E-01    3.62164E+00    1.06229E+00   -3.84857E-01   -3.25437E-01    3.60030E-01    1.32463E-01    3.28518E-01    3.59507E-02
     2.06258E-01    3.60952E+00    1.07319E+00   -3.81091E-01   -3.28598E-01    3.58867E-01    1.33566E-01    3.26960E-01    3.67623E-02
     2.09008E-01    3.59728E+00    1.08397E+00   -3.77293E-01   -3.31715E-01    3.57694E-01    1.34645E-01    3.25391E-01    3.75768E-02
     2.11758E-01    3.58494E+00    1.09462E+00   -3.73465E-01   -3.34788E-01    3.56510E-01    1.35701E-01    3.23811E-01    3.83939E-02
     2.14508E-01    3.57248E+00    1.10514E+00   -3.69607E-01   -3.37817E-01    3.55316E-01    1.36734E-01    3.22222E-01    3.92135E-02
     2.17258E-01    3.55991E+00    1.11554E+00   -3.65720E-01   -3.40802E-01    3.54111E-01    1.37743E-01    3.20622E-01    4.00352E-02
     2.20008E-01    3.54723E+00    1.12581E+00   -3.61804E-01   -3.43742E-01    3.52896E-01    1.38728E-01    3.19013E-01    4.08588E-02
     2.22758E-01    3.53445E+00    1.13595E+00   -3.57861E-01   -3.46637E-01    3.51671E-01    1.39690E-01    3.17394E-01    4.16841E-02
     2.25508E-01    3.52156E+00    1.14596E+00   -3.53890E-01   -3.49487E-01    3.50437E-01    1.40629E-01    3.15767E-01    4.25109E-02
     2.28258E-01    3.50857E+00    1.15584E+00   -3.49893E-01   -3.52292E-01    3.49192E-01    1.41543E-01    3.14131E-01    4.33388E-02
     2.31008E-01    3.49548E+00    1.16559E+00   -3.45870E-01   -3.55051E-01    3.47939E-01    1.42434E-01    3.12487E-01    4.41678E-02
     2.33758E-01    3.48228E+00    1.17522E+00   -3.41822E-01   -3.57765E-01    3.46676E-01    1.43302E-01    3.10834E-01    4.49974E-02
     2.36508E-01    3.46899E+00    1.18471E+00   -3.37749E-01   -3.60434E-01    3.45404E-01    1.44145E-01    3.09175E-01    4.58276E-02
     2.39258E-01    3.45560E+00    1.19406E+00   -3.33652E-01   -3.63057E-01    3.44123E-01    1.44965E-01    3.07507E-01    4.66580E-02
     2.42008E-01    3.44212E+00    1.20329E+00   -3.29532E-01   -3.65634E-01    3.42834E-01    1.45762E-01    3.05833E-01    4.74885E-02
     2.44758E-01    3.42854E+00    1.21238E+00   -3.25389E-01   -3.68165E-01    3.41535E-01    1.46535E-01    3.04153E-01    4.83187E-02
     2.47508E-01    3.41488E+00    1.22134E+00   -3.21224E-01   -3.70649E-01    3.40229E-01    1.47284E-01    3.02465E-01    4.91486E-02
     2.50258E-01    3.40112E+00    1.23017E+00   -3.17038E-01   -3.73088E-01    3.38914E-01    1.48010E-01    3.00772E-01    4.99778E-02
     2.53008E-01    3.38728E+00    1.23886E+00   -3.12831E-01   -3.75481E-01    3.37592E-01    1.48713E-01    2.99073E-01    5.08061E-02
     2.55758E-01    3.37335E+00    1.24742E+00   -3.08604E-01   -3.77827E-01    3.36261E-01    1.49392E-01    2.97369E-01    5.16333E-02
     2.58508E-01    3.35934E+00    1.25584E+00   -3.04358E-01   -3.80127E-01    3.34923E-01    1.50047E-01    2.95659E-01    5.24593E-02
     2.61258E-01    3.34524E+00    1.26413E+00   -3.00092E-01   -3.82381E-01    3.33577E-01    1.50680E-01    2.93945E-01    5.32837E-02
     2.64008E-01    3.33106E+00    1.27228E+00   -2.95809E-01   -3.84588E-01    3.32225E-01    1.51289E-01    2.92226E-01    5.41063E-02
     2.66758E-01    3.31681E+00    1.28030E+00   -2.91508E-01   -3.86749E-01    3.30865E-01    1.51875E-01    2.90503E-01    5.49271E-02
     2.69508E-01    3.30248E+00    1.28818E+00   -2.87191E-01   -3.88864E-01    3.29498E-01    1.52438E-01    2.88776E-01    5.57456E-02
     2.72258E-01    3.28807E+00    1.29593E+00   -2.82857E-01   -3.90932E-01    3.28124E-01    1.52978E-01    2.87045E-01    5.65619E-02
     2.75008E-01    3.27359E+00    1.30354E+00   -2.78507E-01   -3.92953E-01    3.26744E-01    1.53495E-01    2.85311E-01    5.73755E-02
     2.77757E-01    3.25904E+00    1.31101E+00   -2.74142E-01   -3.94928E-01    3.25358E-01    1.53989E-01    2.83574E-01    5.81864E-02
     2.80507E-01    3.24441E+00    1.31835E+00   -2.69763E-01   -3.96857E-01    3.23965E-01    1.54461E-01    2.81835E-01    5.89943E-02
     2.83257E-01    3.22972E+00    1.32556E+00   -2.65371E-01   -3.98740E-01    3.22566E-01    1.54910E-01    2.80093E-01    5.97991E-02
     2.86007E-01    3.21496E+00    1.33262E+00   -2.60965E-01   -4.00576E-01    3.21162E-01    1.55337E-01    2.78348E-01    6.06006E-02
     2.88757E-01    3.20014E+00    1.33955E+00   -2.56546E-01   -4.02365E-01    3.19751E-01    1.55741E-01    2.76602E-01    6.13985E-02
     2.91507E-01    3.18526E+00    1.34635E+00   -2.52116E-01   -4.04109E-01    3.18336E-01    1.56123E-01    2.74855E-01    6.21927E-02
     2.94257E-01    3.17031E+00    1.35301E+00   -2.47675E-01   -4.05806E-01    3.16915E-01    1.56483E-01    2.73106E-01    6.29830E-02
     2.97007E-01    3.15530E+00    1.35953E+00   -2.43222E-01   -4.07457E-01    3.15489E-01    1.56821E-01    2.71355E-01    6.37692E-02
     2.99757E-01    3.14024E+00    1.36592E+00   -2.38760E-01   -4.09062E-01    3.14058E-01    1.57138E-01    2.69605E-01    6.45512E-02
     3.02507E-01    3.12512E+00    1.37217E+00   -2.34288E-01   -4.10621E-01    3.12622E-01    1.57432E-01    2.67853E-01    6.53287E-02
     3.05257E-01    3.10995E+00    1.37828E+00   -2.29807E-01   -4.12134E-01    3.11182E-01    1.57706E-01    2.66102E-01    6.61016E-02
     3.08007E-01    3.09472E+00    1.38427E+00   -2.25318E-01   -4.13602E-01    3.09737E-01    1.57957E-01    2.64350E-01    6.68698E-02
     3.10757E-01    3.07944E+00    1.39011E+00   -2.20821E-01   -4.15024E-01    3.08288E-01    1.58188E-01    2.62599E-01    6.76331E-02
     3.13507E-01    3.06412E+00    1.39582E+00   -2.16317E-01   -4.16400E-01    3.06835E-01    1.58398E-01    2.60848E-01    6.83913E-02
     3.16257E-01    3.04874E+00    1.40140E+00   -2.11807E-01   -4.17731E-01    3.05378E-01    1.58586E-01    2.59098E-01    6.91442E-02
     3.19007E-01    3.03333E+00    1.40684E+00   -2.07290E-01   -4.19016E-01    3.03918E-01    1.58754E-01    2.57349E-01    6.98918E-02
     3.21757E-01    3.01786E+00    1.41215E+00   -2.02768E-01   -4.20256E-01    3.02454E-01    1.58902E-01    2.55602E-01    7.06338E-02
     3.24507E-01    3.00236E+00    1.41732E+00   -1.98241E-01   -4.21452E-01    3.00986E-01    1.59029E-01    2.53856E-01    7.13701E-02
     3.27257E-01    2.98681E+00    1.42236E+00   -1.93710E-01   -4.22602E-01    2.99516E-01    1.59136E-01    2.52111E-01    7.21006E-02
     3.30007E-01    2.97122E+00    1.42727E+00   -1.89175E-01   -4.23708E-01    2.98042E-01    1.59223E-01    2.50369E-01    7.28251E-02
     3.32757E-01    2.95560E+00    1.43204E+00   -1.84637E-01   -4.24769E-01    2.96566E-01    1.59290E-01    2.48629E-01    7.35435E-02
     3.35507E-01    2.93994E+00    1.43669E+00   -1.80096E-01   -4.25786E-01    2.95087E-01    1.59337E-01    2.46892E-01    7.42557E-02
     3.38257E-01    2.92425E+00    1.44120E+00   -1.75553E-01   -4.26758E-01    2.93606E-01    1.59366E-01    2.45157E-01    7.49615E-02
     3.41007E-01    2.90853E+00    1.44558E+00   -1.71009E-01   -4.27687E-01    2.92122E-01    1.59374E-01    2.43425E-01    7.56608E-02
     3.43757E-01    2.89277E+00    1.44983E+00   -1.66463E-01   -4.28571E-01    2.90636E-01    1.59364E-01    2.41696E-01    7.63536E-02
     3.46507E-01    2.87699E+00    1.45395E+00   -1.61917E-01   -4.29412E-01    2.89148E-01    1.59335E-01    2.39971E-01    7.70395E-02
     3.49257E-01    2.86118E+00    1.45793E+00   -1.57371E-01   -4.30210E-01    2.87659E-01    1.59288E-01    2.38249E-01    7.77187E-02
     3.52007E-01    2.84534E+00    1.46179E+00   -1.52826E-01   -4.30964E-01    2.86167E-01    1.59222E-01    2.36531E-01    7.83909E-02
     3.54757E-01    2.82948E+00    1.46552E+00   -1.48281E-01   -4.31675E-01    2.84675E-01    1.59137E-01    2.34817E-01    7.90560E-02
     3.57507E-01    2.81359E+00    1.46913E+00   -1.43738E-01   -4.32344E-01    2.83181E-01    1.59035E-01    2.33108E-01    7.97140E-02
     3.60257E-01    2.79769E+00    1.47260E+00   -1.39198E-01   -4.32969E-01    2.81685E-01    1.58915E-01    2.31402E-01    8.03647E-02
     3.63007E-01    2.78176E+00    1.47595E+00   -1.34659E-01   -4.33553E-01    2.80189E-01    1.58778E-01    2.29701E-01    8.10080E-02
     3.65757E-01    2.76582E+00    1.47917E+00   -1.30124E-01   -4.34094E-01    2.78692E-01    1.58623E-01    2.28005E-01    8.16439E-02
     3.68507E-01    2.74986E+00    1.48227E+00   -1.25593E-01   -4.34593E-01    2.77195E-01    1.58451E-01    2.26314E-01    8.22722E-02
     3.71257E-01    2.73389E+00    1.48524E+00   -1.21065E-01   -4.35051E-01    2.75697E-01    1.58262E-01    2.24629E-01    8.28929E-02
     3.74007E-01    2.71790E+00    1.48808E+00   -1.16542E-01   -4.35467E-01    2.74198E-01    1.58056E-01    2.22948E-01    8.35058E-02
     3.76757E-01    2.70190E+00    1.49081E+00   -1.12024E-01   -4.35843E-01    2.72700E-01    1.57834E-01    2.21273E-01    8.41110E-02
     3.79507E-01    2.68589E+00    1.49341E+00   -1.07511E-01   -4.36177E-01    2.71201E-01    1.57596E-01    2.19604E-01    8.47083E-02
     3.82257E-01    2.66988E+00    1.49588E+00   -1.03004E-01   -4.36470E-01    2.69702E-01    1.57341E-01    2.17940E-01    8.52977E-02
     3.85007E-01    2.65385E+00    1.49824E+00   -9.85037E-02   -4.36723E-01    2.68204E-01    1.57071E-01    2.16283E-01    8.58790E-02
     3.87756E-01    2.63782E+00    1.50048E+00   -9.40100E-02   -4.36936E-01    2.66706E-01    1.56785E-01    2.14632E-01    8.64522E-02
     3.90506E-01    2.62178E+00    1.50259E+00   -8.95236E-02   -4.37110E-01    2.65209E-01    1.56484E-01    2.12987E-01    8.70174E-02
     3.93256E-01    2.60575E+00    1.50459E+00   -8.50449E-02   -4.37243E-01    2.63713E-01    1.56168E-01    2.11348E-01    8.75743E-02
     3.96006E-01    2.58971E+00    1.50647E+00   -8.05743E-02   -4.37338E-01    2.62217E-01    1.55837E-01    2.09717E-01    8.81229E-02
     3.98756E-01    2.57367E+00    1.50823E+00   -7.61122E-02   -4.37393E-01    2.60722E-01    1.55492E-01    2.08092E-01    8.86632E-02
     4.01506E-01    2.55763E+00    1.50987E+00   -7.16591E-02   -4.37410E-01    2.59229E-01    1.55132E-01    2.06474E-01    8.91952E-02
     4.04256E-01    2.54159E+00    1.51140E+00   -6.72155E-02   -4.37388E-01    2.57737E-01    1.54758E-01    2.04863E-01    8.97188E-02
     4.07006E-01    2.52556E+00    1.51282E+00   -6.27816E-02   -4.37328E-01    2.56246E-01    1.54369E-01    2.03259E-01    9.02339E-02
     4.09756E-01    2.50953E+00    1.51412E+00   -5.83579E-02   -4.37230E-01    2.54757E-01    1.53968E-01    2.01663E-01    9.07405E-02
     4.12506E-01    2.49351E+00    1.51531E+00   -5.39449E-02   -4.37095E-01    2.53269E-01    1.53552E-01    2.00074E-01    9.12386E-02
     4.15256E-01    2.47750E+00    1.51638E+00   -4.95429E-02   -4.36922E-01    2.51784E-01    1.53124E-01    1.98492E-01    9.17281E-02
     4.18006E-01    2.46149E+00    1.51734E+00   -4.51522E-02   -4.36713E-01    2.50300E-01    1.52682E-01    1.96919E-01    9.22090E-02
     4.20756E-01    2.44550E+00    1.51820E+00   -4.07734E-02   -4.36467E-01    2.48819E-01    1.52228E-01    1.95353E-01    9.26813E-02
     4.23506E-01    2.42952E+00    1.51894E+00   -3.64067E-02   -4.36185E-01    2.47340E-01    1.51761E-01    1.93795E-01    9.31450E-02
     4.26256E-01    2.41355E+00    1.51958E+00   -3.20525E-02   -4.35867E-01    2.45863E-01    1.51282E-01    1.92246E-01    9.35999E-02
     4.29006E-01    2.39760E+00    1.52011E+00   -2.77113E-02   -4.35513E-01    2.44389E-01    1.50791E-01    1.90704E-01    9.40462E-02
     4.31756E-01    2.38166E+00    1.52053E+00   -2.33833E-02   -4.35123E-01    2.42917E-01    1.50288E-01    1.89171E-01    9.44838E-02
     4.34506E-01    2.36574E+00    1.52085E+00   -1.90689E-02   -4.34699E-01    2.41449E-01    1.49774E-01    1.87646E-01    9.49127E-02
     4.37256E-01    2.34984E+00    1.52106E+00   -1.47685E-02   -4.34240E-01    2.39983E-01    1.49248E-01    1.86130E-01    9.53329E-02
     4.40006E-01    2.33396E+00    1.52117E+00   -1.04824E-02   -4.33747E-01    2.38520E-01    1.48711E-01    1.84622E-01    9.57443E-02
     4.42756E-01    2.31810E+00    1.52117E+00   -6.21093E-03   -4.33220E-01    2.37060E-01    1.48163E-01    1.83123E-01    9.61470E-02
     4.45506E-01    2.30225E+00    1.52108E+00   -1.95445E-03   -4.32659E-01    2.35604E-01    1.47605E-01    1.81633E-01    9.65409E-02
     4.48256E-01    2.28644E+00    1.52088E+00    2.28672E-03   -4.32065E-01    2.34151E-01    1.47036E-01    1.80151E-01    9.69261E-02
     4.51006E-01    2.27064E+00    1.52059E+00    6.51226E-03   -4.31438E-01    2.32701E-01    1.46457E-01    1.78679E-01    9.73026E-02
     4.53756E-01    2.25487E+00    1.52019E+00    1.07219E-02   -4.30778E-01    2.31255E-01    1.45868E-01    1.77215E-01    9.76703E-02
     4.56506E-01    2.23913E+00    1.51970E+00    1.49152E-02   -4.30086E-01    2.29813E-01    1.45269E-01    1.75761E-01    9.80294E-02
     4.59256E-01    2.22341E+00    1.51911E+00    1.90920E-02   -4.29362E-01    2.28375E-01    1.44660E-01    1.74315E-01    9.83797E-02
     4.62006E-01    2.20773E+00    1.51843E+00    2.32519E-02   -4.28607E-01    2.26940E-01    1.44043E-01    1.72879E-01    9.87213E-02
     4.64756E-01    2.19207E+00    1.51766E+00    2.73947E-02   -4.27820E-01    2.25510E-01    1.43416E-01    1.71452E-01    9.90542E-02
     4.67506E-01    2.17644E+00    1.51679E+00    3.15201E-02   -4.27002E-01    2.24084E-01    1.42781E-01    1.70035E-01    9.93785E-02
     4.70256E-01    2.16085E+00    1.51582E+00    3.56277E-02   -4.26154E-01    2.22662E-01    1.42137E-01    1.68627E-01    9.96941E-02
     4.73006E-01    2.14528E+00    1.51477E+00    3.97173E-02   -4.25276E-01    2.21244E-01    1.41484E-01    1.67229E-01    1.00001E-01
     4.75756E-01    2.12975E+00    1.51363E+00    4.37887E-02   -4.24367E-01    2.19831E-01    1.40823E-01    1.65840E-01    1.00299E-01
     4.78506E-01    2.11425E+00    1.51240E+00    4.78416E-02   -4.23429E-01    2.18422E-01    1.40155E-01    1.64460E-01    1.00589E-01
     4.81256E-01    2.09879E+00    1.51108E+00    5.18757E-02   -4.22463E-01    2.17019E-01    1.39478E-01    1.63090E-01    1.00871E-01
     4.84006E-01    2.08337E+00    1.50968E+00    5.58908E-02   -4.21467E-01    2.15619E-01    1.38794E-01    1.61730E-01    1.01143E-01
     4.86756E-01    2.06798E+00    1.50819E+00    5.98865E-02   -4.20443E-01    2.14225E-01    1.38103E-01    1.60380E-01    1.01408E-01
     4.89506E-01    2.05263E+00    1.50661E+00    6.38628E-02   -4.19391E-01    2.12836E-01    1.37405E-01    1.59039E-01    1.01664E-01
     4.92256E-01    2.03732E+00    1.50495E+00    6.78193E-02   -4.18311E-01    2.11452E-01    1.36700E-01    1.57708E-01    1.01911E-01
     4.95006E-01    2.02205E+00    1.50321E+00    7.17559E-02   -4.17204E-01    2.10073E-01    1.35988E-01    1.56387E-01    1.02150E-01
     4.97755E-01    2.00682E+00    1.50139E+00    7.56722E-02   -4.16070E-01    2.08699E-01    1.35270E-01    1.55076E-01    1.02381E-01
     5.00505E-01    1.99163E+00    1.49949E+00    7.95681E-02   -4.14909E-01    2.07330E-01    1.34545E-01    1.53775E-01    1.02604E-01
     5.03255E-01    1.97649E+00    1.49751E+00    8.34434E-02   -4.13722E-01    2.05967E-01    1.33815E-01    1.52484E-01    1.02818E-01
     5.06005E-01    1.96138E+00    1.49545E+00    8.72978E-02   -4.12509E-01    2.04609E-01    1.33078E-01    1.51202E-01    1.03024E-01
     5.08755E-01    1.94633E+00    1.49332E+00    9.11312E-02   -4.11271E-01    2.03257E-01    1.32336E-01    1.49931E-01    1.03222E-01
     5.11505E-01    1.93131E+00    1.49111E+00    9.49433E-02   -4.10007E-01    2.01910E-01    1.31588E-01    1.48670E-01    1.03412E-01
     5.14255E-01    1.91634E+00    1.48883E+00    9.87340E-02   -4.08719E-01    2.00570E-01    1.30836E-01    1.47418E-01    1.03594E-01
     5.17005E-01    1.90142E+00    1.48647E+00    1.02503E-01   -4.07406E-01    1.99234E-01    1.30078E-01    1.46177E-01    1.03768E-01
     5.19755E-01    1.88655E+00    1.48404E+00    1.06250E-01   -4.06069E-01    1.97905E-01    1.29315E-01    1.44946E-01    1.03934E-01
     5.22505E-01    1.87172E+00    1.48154E+00    1.09976E-01   -4.04709E-01    1.96582E-01    1.28547E-01    1.43724E-01    1.04092E-01
     5.25255E-01    1.85694E+00    1.47897E+00    1.13679E-01   -4.03325E-01    1.95265E-01    1.27775E-01    1.42513E-01    1.04242E-01
     5.28005E-01    1.84221E+00    1.47633E+00    1.17360E-01   -4.01918E-01    1.93954E-01    1.26999E-01    1.41312E-01    1.04384E-01
     5.30755E-01    1.82753E+00    1.47363E+00    1.21018E-01   -4.00489E-01    1.92649E-01    1.26219E-01    1.40121E-01    1.04519E-01
     5.33505E-01    1.81290E+00    1.47086E+00    1.24654E-01   -3.99037E-01    1.91350E-01    1.25434E-01    1.38940E-01    1.04647E-01
     5.36255E-01    1.79832E+00    1.46802E+00    1.28267E-01   -3.97564E-01    1.90057E-01    1.24646E-01    1.37769E-01    1.04766E-01
     5.39005E-01    1.78379E+00    1.46512E+00    1.31858E-01   -3.96069E-01    1.88771E-01    1.23854E-01    1.36608E-01    1.04878E-01
     5.41755E-01    1.76932E+00    1.46215E+00    1.35425E-01   -3.94553E-01    1.87491E-01    1.23059E-01    1.35457E-01    1.04983E-01
     5.44505E-01    1.75489E+00    1.45912E+00    1.38969E-01   -3.93016E-01    1.86218E-01    1.22261E-01    1.34316E-01    1.05080E-01
     5.47255E-01    1.74053E+00    1.45603E+00    1.42490E-01   -3.91458E-01    1.84951E-01    1.21460E-01    1.33186E-01    1.05170E-01
     5.50005E-01    1.72621E+00    1.45288E+00    1.45987E-01   -3.89881E-01    1.83690E-01    1.20655E-01    1.32065E-01    1.05253E-01
     5.52755E-01    1.71195E+00    1.44968E+00    1.49461E-01   -3.88284E-01    1.82437E-01    1.19848E-01    1.30954E-01    1.05329E-01
     5.55505E-01    1.69775E+00    1.44641E+00    1.52911E-01   -3.86667E-01    1.81190E-01    1.19038E-01    1.29854E-01    1.05397E-01
     5.58255E-01    1.68360E+00    1.44309E+00    1.56338E-01   -3.85031E-01    1.79950E-01    1.18226E-01    1.28763E-01    1.05459E-01
     5.61005E-01    1.66950E+00    1.43971E+00    1.59740E-01   -3.83377E-01    1.78716E-01    1.17412E-01    1.27683E-01    1.05514E-01
     5.63755E-01    1.65546E+00    1.43628E+00    1.63119E-01   -3.81705E-01    1.77489E-01    1.16596E-01    1.26612E-01    1.05561E-01
     5.66505E-01    1.64148E+00    1.43280E+00    1.66474E-01   -3.80014E-01    1.76270E-01    1.15777E-01    1.25551E-01    1.05602E-01
     5.69255E-01    1.62756E+00    1.42926E+00    1.69804E-01   -3.78306E-01    1.75057E-01    1.14957E-01    1.24500E-01    1.05636E-01
     5.72005E-01    1.61370E+00    1.42567E+00    1.73111E-01   -3.76581E-01    1.73851E-01    1.14136E-01    1.23460E-01    1.05664E-01
     5.74755E-01    1.59989E+00    1.42203E+00    1.76393E-01   -3.74839E-01    1.72652E-01    1.13312E-01    1.22429E-01    1.05685E-01
     5.77505E-01    1.58614E+00    1.41834E+00    1.79651E-01   -3.73080E-01    1.71460E-01    1.12488E-01    1.21407E-01    1.05699E-01
     5.80255E-01    1.57245E+00    1.41460E+00    1.82885E-01   -3.71305E-01    1.70275E-01    1.11662E-01    1.20396E-01    1.05707E-01
     5.83005E-01    1.55882E+00    1.41082E+00    1.86094E-01   -3.69514E-01    1.69098E-01    1.10835E-01    1.19395E-01    1.05709E-01
     5.85755E-01    1.54525E+00    1.40699E+00    1.89278E-01   -3.67707E-01    1.67927E-01    1.10007E-01    1.18403E-01    1.05705E-01
     5.88505E-01    1.53174E+00    1.40311E+00    1.92438E-01   -3.65886E-01    1.66764E-01    1.09179E-01    1.17421E-01    1.05694E-01
     5.91255E-01    1.51829E+00    1.39919E+00    1.95574E-01   -3.64049E-01    1.65608E-01    1.08350E-01    1.16449E-01    1.05677E-01
     5.94005E-01    1.50491E+00    1.39523E+00    1.98685E-01   -3.62198E-01    1.64459E-01    1.07520E-01    1.15486E-01    1.05654E-01
     5.96755E-01    1.49158E+00    1.39123E+00    2.01771E-01   -3.60333E-01    1.63318E-01    1.06690E-01    1.14533E-01    1.05626E-01
     5.99505E-01    1.47831E+00    1.38718E+00    2.04832E-01   -3.58454E-01    1.62184E-01    1.05860E-01    1.13589E-01    1.05591E-01
     6.02255E-01    1.46511E+00    1.38310E+00    2.07869E-01   -3.56561E-01    1.61057E-01    1.05029E-01    1.12656E-01    1.05551E-01
     6.05005E-01    1.45197E+00    1.37897E+00    2.10881E-01   -3.54656E-01    1.59938E-01    1.04199E-01    1.11731E-01    1.05505E-01
     6.07754E-01    1.43889E+00    1.37481E+00    2.13868E-01   -3.52737E-01    1.58826E-01    1.03369E-01    1.10816E-01    1.05453E-01
     6.10504E-01    1.42587E+00    1.37061E+00    2.16831E-01   -3.50806E-01    1.57721E-01    1.02539E-01    1.09911E-01    1.05396E-01
     6.13254E-01    1.41292E+00    1.36637E+00    2.19768E-01   -3.48863E-01    1.56624E-01    1.01709E-01    1.09015E-01    1.05333E-01
     6.16004E-01    1.40002E+00    1.36210E+00    2.22681E-01   -3.46907E-01    1.55535E-01    1.00879E-01    1.08128E-01    1.05265E-01
     6.18754E-01    1.38720E+00    1.35780E+00    2.25569E-01   -3.44940E-01    1.54452E-01    1.00051E-01    1.07251E-01    1.05192E-01
     6.21504E-01    1.37443E+00    1.35346E+00    2.28432E-01   -3.42962E-01    1.53378E-01    9.92228E-02    1.06383E-01    1.05114E-01
     6.24254E-01    1.36173E+00    1.34909E+00    2.31271E-01   -3.40973E-01    1.52311E-01    9.83955E-02    1.05524E-01    1.05030E-01
     6.27004E-01    1.34909E+00    1.34468E+00    2.34084E-01   -3.38973E-01    1.51251E-01    9.75692E-02    1.04674E-01    1.04941E-01
     6.29754E-01    1.33652E+00    1.34025E+00    2.36873E-01   -3.36963E-01    1.50200E-01    9.67439E-02    1.03834E-01    1.04848E-01
     6.32504E-01    1.32401E+00    1.33579E+00    2.39637E-01   -3.34943E-01    1.49155E-01    9.59196E-02    1.03002E-01    1.04750E-01
     6.35254E-01    1.31156E+00    1.33130E+00    2.42377E-01   -3.32913E-01    1.48119E-01    9.50966E-02    1.02180E-01    1.04647E-01
     6.38004E-01    1.29918E+00    1.32678E+00    2.45091E-01   -3.30873E-01    1.47090E-01    9.42749E-02    1.01367E-01    1.04539E-01
     6.40754E-01    1.28686E+00    1.32223E+00    2.47781E-01   -3.28825E-01    1.46068E-01    9.34545E-02    1.00562E-01    1.04426E-01
     6.43504E-01    1.27461E+00    1.31766E+00    2.50446E-01   -3.26767E-01    1.45054E-01    9.26356E-02    9.97665E-02    1.04309E-01
     6.46254E-01    1.26242E+00    1.31306E+00    2.53087E-01   -3.24701E-01    1.44048E-01    9.18183E-02    9.89797E-02    1.04188E-01
     6.49004E-01    1.25029E+00    1.30844E+00    2.55703E-01   -3.22627E-01    1.43050E-01    9.10027E-02    9.82017E-02    1.04062E-01
     6.51754E-01    1.23823E+00    1.30379E+00    2.58295E-01   -3.20545E-01    1.42059E-01    9.01888E-02    9.74324E-02    1.03932E-01
     6.54504E-01    1.22624E+00    1.29912E+00    2.60862E-01   -3.18455E-01    1.41076E-01    8.93767E-02    9.66719E-02    1.03798E-01
     6.57254E-01    1.21431E+00    1.29443E+00    2.63404E-01   -3.16358E-01    1.40101E-01    8.85665E-02    9.59199E-02    1.03660E-01
     6.60004E-01    1.20244E+00    1.28972E+00    2.65922E-01   -3.14253E-01    1.39133E-01    8.77583E-02    9.51765E-02    1.03518E-01
     6.62754E-01    1.19064E+00    1.28499E+00    2.68416E-01   -3.12141E-01    1.38173E-01    8.69522E-02    9.44416E-02    1.03372E-01
     6.65504E-01    1.17891E+00    1.28024E+00    2.70886E-01   -3.10023E-01    1.37220E-01    8.61482E-02    9.37152E-02    1.03222E-01
     6.68254E-01    1.16724E+00    1.27547E+00    2.73331E-01   -3.07899E-01    1.36276E-01    8.53464E-02    9.29972E-02    1.03068E-01
     6.71004E-01    1.15563E+00    1.27068E+00    2.75752E-01   -3.05769E-01    1.35339E-01    8.45469E-02    9.22875E-02    1.02911E-01
     6.73754E-01    1.14409E+00    1.26587E+00    2.78149E-01   -3.03632E-01    1.34409E-01    8.37497E-02    9.15861E-02    1.02750E-01
     6.76504E-01    1.13261E+00    1.26105E+00    2.80522E-01   -3.01490E-01    1.33488E-01    8.29550E-02    9.08930E-02    1.02585E-01
     6.79254E-01    1.12120E+00    1.25622E+00    2.82872E-01   -2.99343E-01    1.32574E-01    8.21628E-02    9.02080E-02    1.02417E-01
     6.82004E-01    1.10986E+00    1.25136E+00    2.85197E-01   -2.97191E-01    1.31668E-01    8.13731E-02    8.95312E-02    1.02246E-01
     6.84754E-01    1.09857E+00    1.24650E+00    2.87498E-01   -2.95034E-01    1.30769E-01    8.05860E-02    8.88624E-02    1.02071E-01
     6.87504E-01    1.08736E+00    1.24162E+00    2.89776E-01   -2.92872E-01    1.29878E-01    7.98016E-02    8.82016E-02    1.01894E-01
     6.90254E-01    1.07620E+00    1.23673E+00    2.92030E-01   -2.90706E-01    1.28995E-01    7.90199E-02    8.75488E-02    1.01713E-01
     6.93004E-01    1.06511E+00    1.23182E+00    2.94260E-01   -2.88536E-01    1.28120E-01    7.82411E-02    8.69039E-02    1.01529E-01
     6.95754E-01    1.05409E+00    1.22691E+00    2.96467E-01   -2.86363E-01    1.27252E-01    7.74650E-02    8.62668E-02    1.01342E-01
     6.98504E-01    1.04313E+00    1.22198E+00    2.98651E-01   -2.84185E-01    1.26391E-01    7.66919E-02    8.56375E-02    1.01152E-01
     7.01254E-01    1.03223E+00    1.21705E+00    3.00811E-01   -2.82005E-01    1.25539E-01    7.59217E-02    8.50159E-02    1.00960E-01
     7.04004E-01    1.02140E+00    1.21210E+00    3.02948E-01   -2.79821E-01    1.24694E-01    7.51544E-02    8.44020E-02    1.00765E-01
     7.06754E-01    1.01063E+00    1.20715E+00    3.05062E-01   -2.77634E-01    1.23857E-01    7.43903E-02    8.37956E-02    1.00567E-01
     7.09504E-01    9.99931E-01    1.20219E+00    3.07153E-01   -2.75444E-01    1.23027E-01    7.36292E-02    8.31968E-02    1.00366E-01
     7.12254E-01    9.89291E-01    1.19722E+00    3.09221E-01   -2.73252E-01    1.22205E-01    7.28712E-02    8.26055E-02    1.00164E-01
     7.15004E-01    9.78714E-01    1.19225E+00    3.11266E-01   -2.71058E-01    1.21390E-01    7.21164E-02    8.20216E-02    9.99584E-02
     7.17753E-01    9.68201E-01    1.18727E+00    3.13289E-01   -2.68862E-01    1.20583E-01    7.13649E-02    8.14451E-02    9.97508E-02
     7.20503E-01    9.57751E-01    1.18228E+00    3.15289E-01   -2.66664E-01    1.19784E-01    7.06166E-02    8.08759E-02    9.95411E-02
     7.23253E-01    9.47364E-01    1.17729E+00    3.17266E-01   -2.64464E-01    1.18992E-01    6.98716E-02    8.03139E-02    9.93291E-02
     7.26003E-01    9.37041E-01    1.17230E+00    3.19221E-01   -2.62263E-01    1.18208E-01    6.91299E-02    7.97591E-02    9.91150E-02
     7.28753E-01    9.26779E-01    1.16730E+00    3.21154E-01   -2.60061E-01    1.17431E-01    6.83916E-02    7.92115E-02    9.88990E-02
     7.31503E-01    9.16581E-01    1.16230E+00    3.23064E-01   -2.57857E-01    1.16662E-01    6.76566E-02    7.86709E-02    9.86810E-02
     7.34253E-01    9.06445E-01    1.15729E+00    3.24952E-01   -2.55653E-01    1.15900E-01    6.69251E-02    7.81373E-02    9.84611E-02
     7.37003E-01    8.96371E-01    1.15229E+00    3.26819E-01   -2.53448E-01    1.15145E-01    6.61971E-02    7.76107E-02    9.82394E-02
     7.39753E-01    8.86359E-01    1.14728E+00    3.28664E-01   -2.51243E-01    1.14399E-01    6.54726E-02    7.70909E-02    9.80160E-02
     7.42503E-01    8.76409E-01    1.14228E+00    3.30487E-01   -2.49037E-01    1.13659E-01    6.47515E-02    7.65781E-02    9.77910E-02
     7.45253E-01    8.66521E-01    1.13727E+00    3.32288E-01   -2.46832E-01    1.12927E-01    6.40341E-02    7.60719E-02    9.75644E-02
     7.48003E-01    8.56694E-01    1.13226E+00    3.34068E-01   -2.44626E-01    1.12202E-01    6.33201E-02    7.55725E-02    9.73362E-02
     7.50753E-01    8.46928E-01    1.12726E+00    3.35826E-01   -2.42421E-01    1.11485E-01    6.26098E-02    7.50798E-02    9.71067E-02
     7.53503E-01    8.37224E-01    1.12225E+00    3.37563E-01   -2.40216E-01    1.10775E-01    6.19031E-02    7.45937E-02    9.68757E-02
     7.56253E-01    8.27580E-01    1.11725E+00    3.39279E-01   -2.38012E-01    1.10072E-01    6.12000E-02    7.41141E-02    9.66435E-02
     7.59003E-01    8.17996E-01    1.11225E+00    3.40975E-01   -2.35809E-01    1.09377E-01    6.05006E-02    7.36410E-02    9.64100E-02
     7.61753E-01    8.08473E-01    1.10725E+00    3.42649E-01   -2.33606E-01    1.08689E-01    5.98048E-02    7.31743E-02    9.61754E-02
     7.64503E-01    7.99010E-01    1.10226E+00    3.44302E-01   -2.31405E-01    1.08008E-01    5.91128E-02    7.27140E-02    9.59397E-02
     7.67253E-01    7.89607E-01    1.09727E+00    3.45935E-01   -2.29205E-01    1.07335E-01    5.84244E-02    7.22600E-02    9.57030E-02
     7.70003E-01    7.80263E-01    1.09228E+00    3.47547E-01   -2.27007E-01    1.06669E-01    5.77398E-02    7.18123E-02    9.54653E-02
     7.72753E-01    7.70979E-01    1.08730E+00    3.49139E-01   -2.24810E-01    1.06009E-01    5.70589E-02    7.13707E-02    9.52267E-02
     7.75503E-01    7.61753E-01    1.08232E+00    3.50711E-01   -2.22615E-01    1.05357E-01    5.63817E-02    7.09353E-02    9.49873E-02
     7.78253E-01    7.52586E-01    1.07735E+00    3.52262E-01   -2.20421E-01    1.04713E-01    5.57083E-02    7.05060E-02    9.47471E-02
     7.81003E-01    7.43478E-01    1.07239E+00    3.53794E-01   -2.18230E-01    1.04075E-01    5.50386E-02    7.00828E-02    9.45062E-02
     7.83753E-01    7.34428E-01    1.06743E+00    3.55306E-01   -2.16041E-01    1.03445E-01    5.43728E-02    6.96655E-02    9.42647E-02
     7.86503E-01    7.25436E-01    1.06248E+00    3.56798E-01   -2.13854E-01    1.02821E-01    5.37107E-02    6.92541E-02    9.40226E-02
     7.89253E-01    7.16502E-01    1.05753E+00    3.58270E-01   -2.11670E-01    1.02205E-01    5.30524E-02    6.88486E-02    9.37801E-02
     7.92003E-01    7.07625E-01    1.05259E+00    3.59723E-01   -2.09488E-01    1.01595E-01    5.23979E-02    6.84490E-02    9.35370E-02
     7.94753E-01    6.98806E-01    1.04767E+00    3.61156E-01   -2.07309E-01    1.00993E-01    5.17472E-02    6.80550E-02    9.32936E-02
     7.97503E-01    6.90043E-01    1.04275E+00    3.62570E-01   -2.05133E-01    1.00397E-01    5.11003E-02    6.76668E-02    9.30499E-02
     8.00253E-01    6.81337E-01    1.03783E+00    3.63966E-01   -2.02960E-01    9.98089E-02    5.04572E-02    6.72842E-02    9.28059E-02
     8.03003E-01    6.72686E-01    1.03293E+00    3.65342E-01   -2.00790E-01    9.92273E-02    4.98179E-02    6.69073E-02    9.25617E-02
     8.05753E-01    6.64092E-01    1.02804E+00    3.66699E-01   -1.98623E-01    9.86527E-02    4.91824E-02    6.65358E-02    9.23174E-02
     8.08503E-01    6.55554E-01    1.02316E+00    3.68038E-01   -1.96459E-01    9.80849E-02    4.85507E-02    6.61699E-02    9.20730E-02
     8.11253E-01    6.47071E-01    1.01828E+00    3.69358E-01   -1.94299E-01    9.75239E-02    4.79229E-02    6.58094E-02    9.18285E-02
     8.14003E-01    6.38643E-01    1.01342E+00    3.70660E-01   -1.92143E-01    9.69697E-02    4.72988E-02    6.54543E-02    9.15841E-02
     8.16753E-01    6.30270E-01    1.00857E+00    3.71943E-01   -1.89990E-01    9.64223E-02    4.66786E-02    6.51045E-02    9.13398E-02
     8.19503E-01    6.21951E-01    1.00373E+00    3.73208E-01   -1.87841E-01    9.58817E-02    4.60621E-02    6.47600E-02    9.10957E-02
     8.22253E-01    6.13686E-01    9.98899E-01    3.74456E-01   -1.85696E-01    9.53478E-02    4.54495E-02    6.44208E-02    9.08517E-02
     8.25003E-01    6.05476E-01    9.94081E-01    3.75685E-01   -1.83555E-01    9.48206E-02    4.48406E-02    6.40867E-02    9.06080E-02
     8.27752E-01    5.97318E-01    9.89276E-01    3.76897E-01   -1.81418E-01    9.43001E-02    4.42355E-02    6.37578E-02    9.03646E-02
     8.30502E-01    5.89214E-01    9.84483E-01    3.78090E-01   -1.79285E-01    9.37862E-02    4.36342E-02    6.34339E-02    9.01216E-02
     8.33252E-01    5.81163E-01    9.79702E-01    3.79267E-01   -1.77157E-01    9.32789E-02    4.30367E-02    6.31151E-02    8.98790E-02
     8.36002E-01    5.73164E-01    9.74935E-01    3.80426E-01   -1.75033E-01    9.27782E-02    4.24429E-02    6.28012E-02    8.96369E-02
     8.38752E-01    5.65218E-01    9.70180E-01    3.81568E-01   -1.72913E-01    9.22840E-02    4.18529E-02    6.24923E-02    8.93953E-02
     8.41502E-01    5.57324E-01    9.65439E-01    3.82692E-01   -1.70799E-01    9.17964E-02    4.12666E-02    6.21883E-02    8.91543E-02
     8.44252E-01    5.49481E-01    9.60712E-01    3.83800E-01   -1.68688E-01    9.13152E-02    4.06841E-02    6.18891E-02    8.89139E-02
     8.47002E-01    5.41689E-01    9.55998E-01    3.84891E-01   -1.66583E-01    9.08406E-02    4.01053E-02    6.15947E-02    8.86743E-02
     8.49752E-01    5.33948E-01    9.51299E-01    3.85965E-01   -1.64482E-01    9.03723E-02    3.95302E-02    6.13050E-02    8.84353E-02
     8.52502E-01    5.26258E-01    9.46614E-01    3.87022E-01   -1.62387E-01    8.99105E-02    3.89588E-02    6.10201E-02    8.81972E-02
     8.55252E-01    5.18619E-01    9.41944E-01    3.88063E-01   -1.60296E-01    8.94550E-02    3.83910E-02    6.07398E-02    8.79599E-02
     8.58002E-01    5.11029E-01    9.37288E-01    3.89088E-01   -1.58210E-01    8.90059E-02    3.78270E-02    6.04641E-02    8.77234E-02
     8.60752E-01    5.03489E-01    9.32648E-01    3.90096E-01   -1.56130E-01    8.85631E-02    3.72666E-02    6.01929E-02    8.74880E-02
     8.63502E-01    4.95998E-01    9.28022E-01    3.91089E-01   -1.54055E-01    8.81266E-02    3.67099E-02    5.99263E-02    8.72534E-02
     8.66252E-01    4.88556E-01    9.23413E-01    3.92065E-01   -1.51985E-01    8.76963E-02    3.61568E-02    5.96641E-02    8.70200E-02
     8.69002E-01    4.81163E-01    9.18819E-01    3.93025E-01   -1.49921E-01    8.72722E-02    3.56073E-02    5.94064E-02    8.67876E-02
     8.71752E-01    4.73818E-01    9.14240E-01    3.93970E-01   -1.47862E-01    8.68544E-02    3.50614E-02    5.91531E-02    8.65563E-02
     8.74502E-01    4.66521E-01    9.09678E-01    3.94900E-01   -1.45809E-01    8.64427E-02    3.45190E-02    5.89041E-02    8.63263E-02
     8.77252E-01    4.59272E-01    9.05132E-01    3.95813E-01   -1.43761E-01    8.60371E-02    3.39803E-02    5.86593E-02    8.60974E-02
     8.80002E-01    4.52070E-01    9.00603E-01    3.96712E-01   -1.41719E-01    8.56377E-02    3.34451E-02    5.84189E-02    8.58698E-02
     8.82752E-01    4.44915E-01    8.96090E-01    3.97595E-01   -1.39682E-01    8.52443E-02    3.29134E-02    5.81826E-02    8.56435E-02
     8.85502E-01    4.37806E-01    8.91594E-01    3.98463E-01   -1.37652E-01    8.48570E-02    3.23852E-02    5.79505E-02    8.54186E-02
     8.88252E-01    4.30744E-01    8.87115E-01    3.99317E-01   -1.35627E-01    8.44757E-02    3.18605E-02    5.77226E-02    8.51951E-02
     8.91002E-01    4.23728E-01    8.82652E-01    4.00155E-01   -1.33608E-01    8.41003E-02    3.13393E-02    5.74987E-02    8.49730E-02
     8.93752E-01    4.16757E-01    8.78207E-01    4.00979E-01   -1.31595E-01    8.37309E-02    3.08215E-02    5.72789E-02    8.47524E-02
     8.96502E-01    4.09832E-01    8.73780E-01    4.01788E-01   -1.29588E-01    8.33675E-02    3.03072E-02    5.70631E-02    8.45334E-02
     8.99252E-01    4.02951E-01    8.69370E-01    4.02582E-01   -1.27587E-01    8.30099E-02    2.97963E-02    5.68512E-02    8.43159E-02
     9.02002E-01    3.96116E-01    8.64977E-01    4.03363E-01   -1.25592E-01    8.26582E-02    2.92888E-02    5.66433E-02    8.41001E-02
     9.04752E-01    3.89324E-01    8.60603E-01    4.04129E-01   -1.23604E-01    8.23123E-02    2.87846E-02    5.64393E-02    8.38859E-02
     9.07502E-01    3.82576E-01    8.56246E-01    4.04881E-01   -1.21622E-01    8.19722E-02    2.82838E-02    5.62391E-02    8.36734E-02
     9.10252E-01    3.75872E-01    8.51907E-01    4.05618E-01   -1.19646E-01    8.16379E-02    2.77863E-02    5.60428E-02    8.34627E-02
     9.13002E-01    3.69212E-01    8.47586E-01    4.06342E-01   -1.17676E-01    8.13093E-02    2.72921E-02    5.58502E-02    8.32538E-02
     9.15752E-01    3.62594E-01    8.43284E-01    4.07053E-01   -1.15712E-01    8.09865E-02    2.68011E-02    5.56613E-02    8.30467E-02
     9.18502E-01    3.56018E-01    8.39000E-01    4.07749E-01   -1.13755E-01    8.06693E-02    2.63135E-02    5.54762E-02    8.28414E-02
     9.21252E-01    3.49485E-01    8.34734E-01    4.08432E-01   -1.11805E-01    8.03578E-02    2.58290E-02    5.52947E-02    8.26381E-02
     9.24002E-01    3.42994E-01    8.30487E-01    4.09102E-01   -1.09861E-01    8.00519E-02    2.53478E-02    5.51169E-02    8.24367E-02
     9.26752E-01    3.36545E-01    8.26259E-01    4.09758E-01   -1.07923E-01    7.97516E-02    2.48698E-02    5.49426E-02    8.22373E-02
     9.29502E-01    3.30136E-01    8.22049E-01    4.10401E-01   -1.05992E-01    7.94569E-02    2.43949E-02    5.47719E-02    8.20400E-02
     9.32252E-01    3.23769E-01    8.17858E-01    4.11031E-01   -1.04067E-01    7.91677E-02    2.39231E-02    5.46048E-02    8.18447E-02
     9.35002E-01    3.17442E-01    8.13686E-01    4.11648E-01   -1.02150E-01    7.88840E-02    2.34545E-02    5.44411E-02    8.16515E-02
     9.37751E-01    3.11155E-01    8.09533E-01    4.12252E-01   -1.00238E-01    7.86057E-02    2.29889E-02    5.42809E-02    8.14605E-02
     9.40501E-01    3.04909E-01    8.05399E-01    4.12844E-01   -9.83339E-02    7.83330E-02    2.25264E-02    5.41241E-02    8.12716E-02
     9.43251E-01    2.98702E-01    8.01284E-01    4.13422E-01   -9.64361E-02    7.80656E-02    2.20670E-02    5.39708E-02    8.10850E-02
     9.46001E-01    2.92534E-01    7.97189E-01    4.13988E-01   -9.45451E-02    7.78036E-02    2.16105E-02    5.38207E-02    8.09006E-02
     9.48751E-01    2.86405E-01    7.93112E-01    4.14542E-01   -9.26608E-02    7.75470E-02    2.11571E-02    5.36740E-02    8.07185E-02
     9.51501E-01    2.80314E-01    7.89055E-01    4.15084E-01   -9.07834E-02    7.72958E-02    2.07066E-02    5.35306E-02    8.05388E-02
     9.54251E-01    2.74262E-01    7.85018E-01    4.15613E-01   -8.89128E-02    7.70498E-02    2.02590E-02    5.33905E-02    8.03614E-02
     9.57001E-01    2.68248E-01    7.81000E-01    4.16130E-01   -8.70491E-02    7.68091E-02    1.98143E-02    5.32536E-02    8.01864E-02
     9.59751E-01    2.62271E-01    7.77001E-01    4.16634E-01   -8.51922E-02    7.65736E-02    1.93725E-02    5.31199E-02    8.00139E-02
     9.62501E-01    2.56332E-01    7.73022E-01    4.17127E-01   -8.33423E-02    7.63434E-02    1.89335E-02    5.29894E-02    7.98438E-02
     9.65251E-01    2.50429E-01    7.69062E-01    4.17609E-01   -8.14993E-02    7.61183E-02    1.84974E-02    5.28621E-02    7.96763E-02
     9.68001E-01    2.44563E-01    7.65122E-01    4.18078E-01   -7.96633E-02    7.58985E-02    1.80641E-02    5.27378E-02    7.95113E-02
     9.70751E-01    2.38734E-01    7.61201E-01    4.18536E-01   -7.78342E-02    7.56837E-02    1.76335E-02    5.26167E-02    7.93490E-02
     9.73501E-01    2.32940E-01    7.57301E-01    4.18982E-01   -7.60122E-02    7.54741E-02    1.72057E-02    5.24986E-02    7.91892E-02
     9.76251E-01    2.27182E-01    7.53420E-01    4.19417E-01   -7.41971E-02    7.52695E-02    1.67806E-02    5.23835E-02    7.90321E-02
     9.79001E-01    2.21460E-01    7.49558E-01    4.19840E-01   -7.23892E-02    7.50700E-02    1.63582E-02    5.22715E-02    7.88777E-02
     9.81751E-01    2.15772E-01    7.45717E-01    4.20252E-01   -7.05882E-02    7.48755E-02    1.59384E-02    5.21624E-02    7.87260E-02
     9.84501E-01    2.10119E-01    7.41895E-01    4.20653E-01   -6.87944E-02    7.46860E-02    1.55213E-02    5.20563E-02    7.85771E-02
     9.87251E-01    2.04501E-01    7.38093E-01    4.21043E-01   -6.70077E-02    7.45015E-02    1.51068E-02    5.19531E-02    7.84309E-02
     9.90001E-01    1.98916E-01    7.34310E-01    4.21422E-01   -6.52280E-02    7.43219E-02    1.46948E-02    5.18528E-02    7.82876E-02
     9.92751E-01    1.93366E-01    7.30548E-01    4.21790E-01   -6.34556E-02    7.41472E-02    1.42854E-02    5.17554E-02    7.81472E-02
     9.95501E-01    1.87848E-01    7.26805E-01    4.22148E-01   -6.16902E-02    7.39774E-02    1.38785E-02    5.16608E-02    7.80097E-02
     9.98251E-01    1.82364E-01    7.23082E-01    4.22494E-01   -5.99320E-02    7.38125E-02    1.34741E-02    5.15691E-02    7.78751E-02
     1.00100E+00    1.76913E-01    7.19379E-01    4.22830E-01   -5.81810E-02    7.36525E-02    1.30722E-02    5.14802E-02    7.77435E-02
     1.00375E+00    1.71494E-01    7.15696E-01    4.23156E-01   -5.64372E-02    7.34972E-02    1.26727E-02    5.13940E-02    7.76149E-02
     1.00650E+00    1.66107E-01    7.12033E-01    4.23471E-01   -5.47005E-02    7.33467E-02    1.22756E-02    5.13106E-02    7.74893E-02
     1.00925E+00    1.60753E-01    7.08389E-01    4.23775E-01   -5.29711E-02    7.32010E-02    1.18809E-02    5.12300E-02    7.73668E-02
     1.01200E+00    1.55429E-01    7.04766E-01    4.24070E-01   -5.12489E-02    7.30600E-02    1.14885E-02    5.11520E-02    7.72474E-02
     1.01475E+00    1.50137E-01    7.01162E-01    4.24354E-01   -4.95340E-02    7.29237E-02    1.10985E-02    5.10767E-02    7.71312E-02
     1.01750E+00    1.44876E-01    6.97578E-01    4.24628E-01   -4.78262E-02    7.27921E-02    1.07107E-02    5.10041E-02    7.70181E-02
     1.02025E+00    1.39646E-01    6.94013E-01    4.24892E-01   -4.61258E-02    7.26652E-02    1.03252E-02    5.09342E-02    7.69082E-02
     1.02300E+00    1.34446E-01    6.90469E-01    4.25146E-01   -4.44326E-02    7.25429E-02    9.94193E-03    5.08668E-02    7.68016E-02
     1.02575E+00    1.29276E-01    6.86944E-01    4.25390E-01   -4.27466E-02    7.24252E-02    9.56087E-03    5.08021E-02    7.66982E-02
     1.02850E+00    1.24136E-01    6.83439E-01    4.25624E-01   -4.10680E-02    7.23121E-02    9.18199E-03    5.07399E-02    7.65982E-02
     1.03125E+00    1.19026E-01    6.79954E-01    4.25849E-01   -3.93966E-02    7.22036E-02    8.80525E-03    5.06803E-02    7.65015E-02
     1.03400E+00    1.13944E-01    6.76488E-01    4.26064E-01   -3.77326E-02    7.20995E-02    8.43062E-03    5.06233E-02    7.64081E-02
     1.03675E+00    1.08892E-01    6.73042E-01    4.26269E-01   -3.60758E-02    7.20000E-02    8.05809E-03    5.05688E-02    7.63182E-02
     1.03950E+00    1.03868E-01    6.69616E-01    4.26465E-01   -3.44264E-02    7.19050E-02    7.68762E-03    5.05167E-02    7.62317E-02
     1.04225E+00    9.88720E-02    6.66209E-01    4.26652E-01   -3.27843E-02    7.18145E-02    7.31918E-03    5.04672E-02    7.61487E-02
     1.04500E+00    9.39043E-02    6.62822E-01    4.26829E-01   -3.11495E-02    7.17284E-02    6.95274E-03    5.04201E-02    7.60692E-02
     1.04775E+00    8.89644E-02    6.59454E-01    4.26997E-01   -2.95220E-02    7.16467E-02    6.58827E-03    5.03755E-02    7.59932E-02
     1.05050E+00    8.40518E-02    6.56106E-01    4.27156E-01   -2.79019E-02    7.15694E-02    6.22575E-03    5.03333E-02    7.59209E-02
     1.05325E+00    7.91665E-02    6.52777E-01    4.27305E-01   -2.62891E-02    7.14964E-02    5.86514E-03    5.02935E-02    7.58521E-02
     1.05600E+00    7.43080E-02    6.49468E-01    4.27446E-01   -2.46837E-02    7.14279E-02    5.50642E-03    5.02561E-02    7.57870E-02
     1.05875E+00    6.94761E-02    6.46178E-01    4.27577E-01   -2.30856E-02    7.13636E-02    5.14956E-03    5.02211E-02    7.57255E-02
     1.06150E+00    6.46704E-02    6.42908E-01    4.27700E-01   -2.14949E-02    7.13036E-02    4.79452E-03    5.01885E-02    7.56678E-02
     1.06425E+00    5.98908E-02    6.39656E-01    4.27814E-01   -1.99115E-02    7.12480E-02    4.44129E-03    5.01582E-02    7.56138E-02
     1.06700E+00    5.51370E-02    6.36424E-01    4.27919E-01   -1.83356E-02    7.11966E-02    4.08983E-03    5.01302E-02    7.55636E-02
     1.06975E+00    5.04086E-02    6.33212E-01    4.28015E-01   -1.67670E-02    7.11494E-02    3.74011E-03    5.01045E-02    7.55172E-02
     1.07250E+00    4.57054E-02    6.30018E-01    4.28102E-01   -1.52057E-02    7.11064E-02    3.39210E-03    5.00812E-02    7.54747E-02
     1.07525E+00    4.10272E-02    6.26844E-01    4.28181E-01   -1.36519E-02    7.10676E-02    3.04578E-03    5.00601E-02    7.54361E-02
     1.07800E+00    3.63736E-02    6.23688E-01    4.28251E-01   -1.21054E-02    7.10330E-02    2.70112E-03    5.00413E-02    7.54013E-02
     1.08075E+00    3.17443E-02    6.20552E-01    4.28313E-01   -1.05663E-02    7.10026E-02    2.35808E-03    5.00248E-02    7.53705E-02
     1.08350E+00    2.71392E-02    6.17434E-01    4.28367E-01   -9.03465E-03    7.09762E-02    2.01664E-03    5.00105E-02    7.53438E-02
     1.08625E+00    2.25579E-02    6.14336E-01    4.28412E-01   -7.51036E-03    7.09540E-02    1.67678E-03    4.99985E-02    7.53210E-02
     1.08900E+00    1.80002E-02    6.11256E-01    4.28448E-01   -5.99347E-03    7.09359E-02    1.33845E-03    4.99887E-02    7.53023E-02
     1.09175E+00    1.34659E-02    6.08195E-01    4.28477E-01   -4.48399E-03    7.09218E-02    1.00164E-03    4.99810E-02    7.52877E-02
     1.09450E+00    8.95454E-03    6.05153E-01    4.28497E-01   -2.98192E-03    7.09118E-02    6.66312E-04    4.99756E-02    7.52772E-02
     1.09725E+00    4.46600E-03    6.02130E-01    4.28509E-01   -1.48725E-03    7.09058E-02    3.32442E-04    4.99723E-02    7.52709E-02
     1.10000E+00    0.00000E+00    5.99125E-01    4.28513E-01   -1.31790E-23    7.09038E-02   -1.01235E-25    4.99713E-02    7.52688E-02
