     1.00000E-05    3.42376E+00   -1.21357E-05   -5.67176E-01   -1.42064E-05    4.41832E-01    4.93683E-06    3.63494E-01    5.83061E-11
     2.00998E-03    3.42373E+00    1.33817E-02   -5.67165E-01   -2.85543E-03    4.41830E-01    9.92276E-04    3.63490E-01    2.35554E-06
     4.00995E-03    3.42365E+00    2.66964E-02   -5.67131E-01   -5.69647E-03    4.41821E-01    1.97952E-03    3.63479E-01    9.37502E-06
     6.00993E-03    3.42350E+00    4.00103E-02   -5.67074E-01   -8.53717E-03    4.41807E-01    2.96659E-03    3.63459E-01    2.10576E-05
     8.00990E-03    3.42329E+00    5.33230E-02   -5.66995E-01   -1.13774E-02    4.41787E-01    3.95338E-03    3.63432E-01    3.74016E-05
     1.00099E-02    3.42303E+00    6.66340E-02   -5.66893E-01   -1.42169E-02    4.41762E-01    4.93980E-03    3.63398E-01    5.84050E-05
     1.20099E-02    3.42271E+00    7.99430E-02   -5.66768E-01   -1.70555E-02    4.41731E-01    5.92577E-03    3.63355E-01    8.40648E-05
     1.40098E-02    3.42232E+00    9.32495E-02   -5.66621E-01   -1.98931E-02    4.41694E-01    6.91120E-03    3.63305E-01    1.14378E-04
     1.60098E-02    3.42188E+00    1.06553E-01   -5.66451E-01   -2.27295E-02    4.41652E-01    7.89598E-03    3.63247E-01    1.49340E-04
     1.80098E-02    3.42138E+00    1.19854E-01   -5.66258E-01   -2.55645E-02    4.41604E-01    8.88004E-03    3.63181E-01    1.88946E-04
     2.00097E-02    3.42083E+00    1.33150E-01   -5.66043E-01   -2.83980E-02    4.41550E-01    9.86327E-03    3.63108E-01    2.33191E-04
     2.20097E-02    3.42021E+00    1.46443E-01   -5.65805E-01   -3.12297E-02    4.41491E-01    1.08456E-02    3.63027E-01    2.82070E-04
     2.40097E-02    3.41953E+00    1.59731E-01   -5.65545E-01   -3.40596E-02    4.41426E-01    1.18269E-02    3.62939E-01    3.35575E-04
     2.60097E-02    3.41880E+00    1.73015E-01   -5.65262E-01   -3.68874E-02    4.41356E-01    1.28072E-02    3.62842E-01    3.93699E-04
     2.80097E-02    3.41801E+00    1.86292E-01   -5.64957E-01   -3.97130E-02    4.41280E-01    1.37862E-02    3.62738E-01    4.56436E-04
     3.00096E-02    3.41715E+00    1.99565E-01   -5.64629E-01   -4.25361E-02    4.41198E-01    1.47640E-02    3.62627E-01    5.23775E-04
     3.20096E-02    3.41624E+00    2.12831E-01   -5.64278E-01   -4.53567E-02    4.41111E-01    1.57404E-02    3.62508E-01    5.95709E-04
     3.40096E-02    3.41528E+00    2.26090E-01   -5.63905E-01   -4.81746E-02    4.41018E-01    1.67154E-02    3.62381E-01    6.72228E-04
     3.60096E-02    3.41425E+00    2.39343E-01   -5.63510E-01   -5.09895E-02    4.40920E-01    1.76888E-02    3.62246E-01    7.53321E-04
     3.80095E-02    3.41316E+00    2.52588E-01   -5.63092E-01   -5.38014E-02    4.40816E-01    1.86606E-02    3.62104E-01    8.38978E-04
     4.00095E-02    3.41202E+00    2.65826E-01   -5.62652E-01   -5.66100E-02    4.40706E-01    1.96307E-02    3.61955E-01    9.29187E-04
     4.20095E-02    3.41081E+00    2.79055E-01   -5.62189E-01   -5.94151E-02    4.40591E-01    2.05990E-02    3.61797E-01    1.02394E-03
     4.40095E-02    3.40955E+00    2.92276E-01   -5.61704E-01   -6.22167E-02    4.40470E-01    2.15654E-02    3.61633E-01    1.12321E-03
     4.60094E-02    3.40823E+00    3.05488E-01   -5.61197E-01   -6.50146E-02    4.40344E-01    2.25298E-02    3.61460E-01    1.22701E-03
     4.80094E-02    3.40685E+00    3.18690E-01   -5.60667E-01   -6.78085E-02    4.40212E-01    2.34921E-02    3.61281E-01    1.33530E-03
     5.00094E-02    3.40541E+00    3.31883E-01   -5.60115E-01   -7.05983E-02    4.40075E-01    2.44523E-02    3.61093E-01    1.44808E-03
     5.20094E-02    3.40391E+00    3.45065E-01   -5.59541E-01   -7.33838E-02    4.39932E-01    2.54102E-02    3.60899E-01    1.56533E-03
     5.40093E-02    3.40236E+00    3.58237E-01   -5.58945E-01   -7.61650E-02    4.39783E-01    2.63658E-02    3.60696E-01    1.68703E-03
     5.60093E-02    3.40074E+00    3.71398E-01   -5.58326E-01   -7.89415E-02    4.39630E-01    2.73189E-02    3.60487E-01    1.81318E-03
     5.80093E-02    3.39907E+00    3.84547E-01   -5.57686E-01   -8.17133E-02    4.39470E-01    2.82696E-02    3.60270E-01    1.94374E-03
     6.00093E-02    3.39734E+00    3.97684E-01   -5.57023E-01   -8.44801E-02    4.39305E-01    2.92177E-02    3.60045E-01    2.07872E-03
     6.20092E-02    3.39555E+00    4.10809E-01   -5.56338E-01   -8.72419E-02    4.39135E-01    3.01630E-02    3.59813E-01    2.21808E-03
     6.40092E-02    3.39370E+00    4.23921E-01   -5.55631E-01   -8.99984E-02    4.38959E-01    3.11057E-02    3.59574E-01    2.36181E-03
     6.60092E-02    3.39179E+00    4.37021E-01   -5.54903E-01   -9.27494E-02    4.38777E-01    3.20454E-02    3.59327E-01    2.50989E-03
     6.80092E-02    3.38982E+00    4.50106E-01   -5.54152E-01   -9.54949E-02    4.38590E-01    3.29823E-02    3.59074E-01    2.66230E-03
     7.00091E-02    3.38780E+00    4.63178E-01   -5.53379E-01   -9.82347E-02    4.38398E-01    3.39161E-02    3.58812E-01    2.81902E-03
     7.20091E-02    3.38572E+00    4.76235E-01   -5.52585E-01   -1.00969E-01    4.38200E-01    3.48468E-02    3.58544E-01    2.98003E-03
     7.40091E-02    3.38357E+00    4.89278E-01   -5.51769E-01   -1.03696E-01    4.37997E-01    3.57743E-02    3.58268E-01    3.14531E-03
     7.60091E-02    3.38137E+00    5.02306E-01   -5.50931E-01   -1.06418E-01    4.37788E-01    3.66986E-02    3.57985E-01    3.31484E-03
     7.80090E-02    3.37911E+00    5.15317E-01   -5.50071E-01   -1.09133E-01    4.37574E-01    3.76195E-02    3.57695E-01    3.48859E-03
     8.00090E-02    3.37680E+00    5.28313E-01   -5.49190E-01   -1.11842E-01    4.37355E-01    3.85370E-02    3.57398E-01    3.66654E-03
     8.20090E-02    3.37442E+00    5.41293E-01   -5.48287E-01   -1.14543E-01    4.37130E-01    3.94509E-02    3.57094E-01    3.84867E-03
     8.40089E-02    3.37199E+00    5.54255E-01   -5.47362E-01   -1.17238E-01    4.36900E-01    4.03613E-02    3.56783E-01    4.03495E-03
     8.60089E-02    3.36949E+00    5.67200E-01   -5.46416E-01   -1.19926E-01    4.36664E-01    4.12680E-02    3.56464E-01    4.22537E-03
     8.80089E-02    3.36694E+00    5.80128E-01   -5.45449E-01   -1.22607E-01    4.36423E-01    4.21709E-02    3.56139E-01    4.41989E-03
     9.00089E-02    3.36433E+00    5.93038E-01   -5.44460E-01   -1.25281E-01    4.36177E-01    4.30700E-02    3.55806E-01    4.61849E-03
     9.20089E-02    3.36166E+00    6.05929E-01   -5.43450E-01   -1.27947E-01    4.35926E-01    4.39652E-02    3.55467E-01    4.82114E-03
     9.40088E-02    3.35893E+00    6.18801E-01   -5.42419E-01   -1.30605E-01    4.35669E-01    4.48564E-02    3.55121E-01    5.02781E-03
     9.60088E-02    3.35615E+00    6.31653E-01   -5.41366E-01   -1.33255E-01    4.35407E-01    4.57435E-02    3.54767E-01    5.23849E-03
     9.80088E-02    3.35330E+00    6.44486E-01   -5.40292E-01   -1.35898E-01    4.35140E-01    4.66265E-02    3.54407E-01    5.45314E-03
     1.00009E-01    3.35040E+00    6.57299E-01   -5.39197E-01   -1.38532E-01    4.34867E-01    4.75052E-02    3.54040E-01    5.67174E-03
     1.02009E-01    3.34744E+00    6.70091E-01   -5.38082E-01   -1.41158E-01    4.34589E-01    4.83796E-02    3.53666E-01    5.89425E-03
     1.04009E-01    3.34442E+00    6.82862E-01   -5.36945E-01   -1.43776E-01    4.34306E-01    4.92497E-02    3.53286E-01    6.12065E-03
     1.06009E-01    3.34134E+00    6.95612E-01   -5.35787E-01   -1.46385E-01    4.34018E-01    5.01153E-02    3.52899E-01    6.35090E-03
     1.08009E-01    3.33820E+00    7.08339E-01   -5.34609E-01   -1.48985E-01    4.33724E-01    5.09763E-02    3.52505E-01    6.58498E-03
     1.10009E-01    3.33501E+00    7.21045E-01   -5.33409E-01   -1.51577E-01    4.33426E-01    5.18328E-02    3.52104E-01    6.82286E-03
     1.12009E-01    3.33176E+00    7.33728E-01   -5.32189E-01   -1.54159E-01    4.33122E-01    5.26846E-02    3.51697E-01    7.06451E-03
     1.14009E-01    3.32844E+00    7.46387E-01   -5.30949E-01   -1.56732E-01    4.32813E-01    5.35316E-02    3.51284E-01    7.30989E-03
     1.16009E-01    3.32507E+00    7.59023E-01   -5.29687E-01   -1.59296E-01    4.32499E-01    5.43739E-02    3.50863E-01    7.55898E-03
     1.18009E-01    3.32165E+00    7.71635E-01   -5.28406E-01   -1.61851E-01    4.32180E-01    5.52112E-02    3.50437E-01    7.81173E-03
     1.20009E-01    3.31816E+00    7.84223E-01   -5.27104E-01   -1.64395E-01    4.31856E-01    5.60435E-02    3.50003E-01    8.06813E-03
     1.22008E-01    3.31461E+00    7.96785E-01   -5.25781E-01   -1.66931E-01    4.31527E-01    5.68709E-02    3.49564E-01    8.32813E-03
     1.24008E-01    3.31101E+00    8.09323E-01   -5.24439E-01   -1.69456E-01    4.31193E-01    5.76931E-02    3.49118E-01    8.59170E-03
     1.26008E-01    3.30735E+00    8.21834E-01   -5.23076E-01   -1.71971E-01    4.30853E-01    5.85101E-02    3.48666E-01    8.85882E-03
     1.28008E-01    3.30363E+00    8.34320E-01   -5.21693E-01   -1.74476E-01    4.30509E-01    5.93220E-02    3.48207E-01    9.12943E-03
     1.30008E-01    3.29985E+00    8.46779E-01   -5.20290E-01   -1.76970E-01    4.30160E-01    6.01285E-02    3.47743E-01    9.40352E-03
     1.32008E-01    3.29602E+00    8.59211E-01   -5.18867E-01   -1.79454E-01    4.29806E-01    6.09296E-02    3.47272E-01    9.68104E-03
     1.34008E-01    3.29212E+00    8.71616E-01   -5.17424E-01   -1.81928E-01    4.29447E-01    6.17253E-02    3.46795E-01    9.96196E-03
     1.36008E-01    3.28817E+00    8.83993E-01   -5.15961E-01   -1.84390E-01    4.29082E-01    6.25154E-02    3.46311E-01    1.02462E-02
     1.38008E-01    3.28416E+00    8.96342E-01   -5.14479E-01   -1.86842E-01    4.28714E-01    6.33000E-02    3.45822E-01    1.05339E-02
     1.40008E-01    3.28009E+00    9.08661E-01   -5.12976E-01   -1.89283E-01    4.28340E-01    6.40790E-02    3.45327E-01    1.08248E-02
     1.42008E-01    3.27597E+00    9.20952E-01   -5.11455E-01   -1.91712E-01    4.27961E-01    6.48523E-02    3.44826E-01    1.11189E-02
     1.44008E-01    3.27178E+00    9.33213E-01   -5.09914E-01   -1.94131E-01    4.27578E-01    6.56198E-02    3.44319E-01    1.14163E-02
     1.46008E-01    3.26754E+00    9.45445E-01   -5.08353E-01   -1.96537E-01    4.27189E-01    6.63815E-02    3.43806E-01    1.17168E-02
     1.48008E-01    3.26324E+00    9.57646E-01   -5.06773E-01   -1.98933E-01    4.26796E-01    6.71373E-02    3.43287E-01    1.20205E-02
     1.50008E-01    3.25888E+00    9.69816E-01   -5.05174E-01   -2.01316E-01    4.26398E-01    6.78871E-02    3.42762E-01    1.23273E-02
     1.52008E-01    3.25447E+00    9.81954E-01   -5.03556E-01   -2.03688E-01    4.25996E-01    6.86310E-02    3.42232E-01    1.26372E-02
     1.54008E-01    3.24999E+00    9.94061E-01   -5.01919E-01   -2.06047E-01    4.25589E-01    6.93688E-02    3.41696E-01    1.29501E-02
     1.56008E-01    3.24546E+00    1.00614E+00   -5.00262E-01   -2.08395E-01    4.25177E-01    7.01005E-02    3.41155E-01    1.32660E-02
     1.58008E-01    3.24087E+00    1.01818E+00   -4.98587E-01   -2.10730E-01    4.24760E-01    7.08260E-02    3.40607E-01    1.35848E-02
     1.60008E-01    3.23622E+00    1.03019E+00   -4.96893E-01   -2.13053E-01    4.24339E-01    7.15452E-02    3.40055E-01    1.39065E-02
     1.62008E-01    3.23152E+00    1.04216E+00   -4.95181E-01   -2.15364E-01    4.23913E-01    7.22582E-02    3.39497E-01    1.42311E-02
     1.64008E-01    3.22676E+00    1.05411E+00   -4.93449E-01   -2.17662E-01    4.23483E-01    7.29648E-02    3.38933E-01    1.45585E-02
     1.66008E-01    3.22194E+00    1.06601E+00   -4.91700E-01   -2.19947E-01    4.23048E-01    7.36650E-02    3.38364E-01    1.48887E-02
     1.68008E-01    3.21706E+00    1.07789E+00   -4.89931E-01   -2.22219E-01    4.22608E-01    7.43588E-02    3.37790E-01    1.52217E-02
     1.70008E-01    3.21213E+00    1.08972E+00   -4.88145E-01   -2.24478E-01    4.22164E-01    7.50461E-02    3.37211E-01    1.55574E-02
     1.72008E-01    3.20713E+00    1.10153E+00   -4.86340E-01   -2.26724E-01    4.21716E-01    7.57268E-02    3.36626E-01    1.58957E-02
     1.74008E-01    3.20208E+00    1.11329E+00   -4.84517E-01   -2.28957E-01    4.21263E-01    7.64009E-02    3.36036E-01    1.62366E-02
     1.76008E-01    3.19698E+00    1.12502E+00   -4.82676E-01   -2.31176E-01    4.20806E-01    7.70683E-02    3.35441E-01    1.65801E-02
     1.78008E-01    3.19181E+00    1.13672E+00   -4.80817E-01   -2.33383E-01    4.20344E-01    7.77291E-02    3.34841E-01    1.69262E-02
     1.80008E-01    3.18659E+00    1.14837E+00   -4.78941E-01   -2.35575E-01    4.19878E-01    7.83831E-02    3.34236E-01    1.72747E-02
     1.82008E-01    3.18131E+00    1.15999E+00   -4.77046E-01   -2.37754E-01    4.19407E-01    7.90303E-02    3.33627E-01    1.76257E-02
     1.84008E-01    3.17598E+00    1.17157E+00   -4.75134E-01   -2.39918E-01    4.18933E-01    7.96706E-02    3.33012E-01    1.79791E-02
     1.86008E-01    3.17058E+00    1.18311E+00   -4.73204E-01   -2.42069E-01    4.18454E-01    8.03041E-02    3.32392E-01    1.83349E-02
     1.88008E-01    3.16513E+00    1.19461E+00   -4.71257E-01   -2.44206E-01    4.17970E-01    8.09306E-02    3.31768E-01    1.86930E-02
     1.90008E-01    3.15962E+00    1.20607E+00   -4.69292E-01   -2.46329E-01    4.17483E-01    8.15501E-02    3.31139E-01    1.90534E-02
     1.92008E-01    3.15406E+00    1.21750E+00   -4.67310E-01   -2.48437E-01    4.16991E-01    8.21626E-02    3.30505E-01    1.94160E-02
     1.94008E-01    3.14844E+00    1.22888E+00   -4.65311E-01   -2.50531E-01    4.16495E-01    8.27681E-02    3.29867E-01    1.97808E-02
     1.96008E-01    3.14276E+00    1.24022E+00   -4.63295E-01   -2.52610E-01    4.15995E-01    8.33664E-02    3.29224E-01    2.01477E-02
     1.98008E-01    3.13703E+00    1.25152E+00   -4.61262E-01   -2.54675E-01    4.15491E-01    8.39576E-02    3.28577E-01    2.05168E-02
     2.00008E-01    3.13123E+00    1.26278E+00   -4.59212E-01   -2.56725E-01    4.14983E-01    8.45416E-02    3.27925E-01    2.08879E-02
     2.02007E-01    3.12539E+00    1.27399E+00   -4.57145E-01   -2.58760E-01    4.14471E-01    8.51184E-02    3.27269E-01    2.12610E-02
     2.04007E-01    3.11948E+00    1.28516E+00   -4.55062E-01   -2.60781E-01    4.13955E-01    8.56879E-02    3.26609E-01    2.16361E-02
     2.06007E-01    3.11352E+00    1.29630E+00   -4.52962E-01   -2.62786E-01    4.13434E-01    8.62501E-02    3.25944E-01    2.20131E-02
     2.08007E-01    3.10750E+00    1.30738E+00   -4.50845E-01   -2.64776E-01    4.12910E-01    8.68049E-02    3.25276E-01    2.23920E-02
     2.10007E-01    3.10143E+00    1.31842E+00   -4.48712E-01   -2.66751E-01    4.12382E-01    8.73524E-02    3.24603E-01    2.27728E-02
     2.12007E-01    3.09530E+00    1.32942E+00   -4.46563E-01   -2.68710E-01    4.11850E-01    8.78925E-02    3.23926E-01    2.31553E-02
     2.14007E-01    3.08911E+00    1.34038E+00   -4.44398E-01   -2.70654E-01    4.11315E-01    8.84251E-02    3.23245E-01    2.35396E-02
     2.16007E-01    3.08287E+00    1.35129E+00   -4.42217E-01   -2.72582E-01    4.10775E-01    8.89503E-02    3.22560E-01    2.39256E-02
     2.18007E-01    3.07657E+00    1.36215E+00   -4.40020E-01   -2.74495E-01    4.10232E-01    8.94680E-02    3.21871E-01    2.43132E-02
     2.20007E-01    3.07022E+00    1.37297E+00   -4.37807E-01   -2.76391E-01    4.09685E-01    8.99781E-02    3.21179E-01    2.47024E-02
     2.22007E-01    3.06380E+00    1.38374E+00   -4.35578E-01   -2.78272E-01    4.09134E-01    9.04807E-02    3.20482E-01    2.50932E-02
     2.24007E-01    3.05734E+00    1.39446E+00   -4.33334E-01   -2.80137E-01    4.08579E-01    9.09756E-02    3.19782E-01    2.54856E-02
     2.26007E-01    3.05082E+00    1.40514E+00   -4.31074E-01   -2.81986E-01    4.08021E-01    9.14630E-02    3.19078E-01    2.58793E-02
     2.28007E-01    3.04424E+00    1.41576E+00   -4.28799E-01   -2.83819E-01    4.07460E-01    9.19427E-02    3.18371E-01    2.62746E-02
     2.30007E-01    3.03761E+00    1.42634E+00   -4.26508E-01   -2.85635E-01    4.06894E-01    9.24147E-02    3.17660E-01    2.66712E-02
     2.32007E-01    3.03092E+00    1.43687E+00   -4.24203E-01   -2.87435E-01    4.06325E-01    9.28790E-02    3.16946E-01    2.70691E-02
     2.34007E-01    3.02417E+00    1.44736E+00   -4.21882E-01   -2.89219E-01    4.05753E-01    9.33356E-02    3.16228E-01    2.74683E-02
     2.36007E-01    3.01737E+00    1.45779E+00   -4.19546E-01   -2.90986E-01    4.05177E-01    9.37844E-02    3.15507E-01    2.78688E-02
     2.38007E-01    3.01052E+00    1.46817E+00   -4.17195E-01   -2.92737E-01    4.04598E-01    9.42255E-02    3.14783E-01    2.82705E-02
     2.40007E-01    3.00361E+00    1.47850E+00   -4.14830E-01   -2.94470E-01    4.04015E-01    9.46588E-02    3.14055E-01    2.86733E-02
     2.42007E-01    2.99664E+00    1.48879E+00   -4.12450E-01   -2.96187E-01    4.03429E-01    9.50842E-02    3.13325E-01    2.90772E-02
     2.44007E-01    2.98962E+00    1.49902E+00   -4.10056E-01   -2.97887E-01    4.02840E-01    9.55019E-02    3.12591E-01    2.94822E-02
     2.46007E-01    2.98255E+00    1.50919E+00   -4.07647E-01   -2.99570E-01    4.02248E-01    9.59116E-02    3.11854E-01    2.98883E-02
     2.48007E-01    2.97542E+00    1.51932E+00   -4.05224E-01   -3.01236E-01    4.01652E-01    9.63135E-02    3.11115E-01    3.02952E-02
     2.50007E-01    2.96824E+00    1.52939E+00   -4.02786E-01   -3.02885E-01    4.01053E-01    9.67075E-02    3.10372E-01    3.07031E-02
     2.52007E-01    2.96100E+00    1.53941E+00   -4.00335E-01   -3.04516E-01    4.00451E-01    9.70936E-02    3.09626E-01    3.11119E-02
     2.54007E-01    2.95371E+00    1.54938E+00   -3.97869E-01   -3.06130E-01    3.99845E-01    9.74718E-02    3.08878E-01    3.15215E-02
     2.56007E-01    2.94636E+00    1.55929E+00   -3.95390E-01   -3.07727E-01    3.99237E-01    9.78420E-02    3.08127E-01    3.19319E-02
     2.58007E-01    2.93896E+00    1.56915E+00   -3.92897E-01   -3.09306E-01    3.98625E-01    9.82043E-02    3.07374E-01    3.23431E-02
     2.60007E-01    2.93151E+00    1.57896E+00   -3.90390E-01   -3.10868E-01    3.98011E-01    9.85587E-02    3.06617E-01    3.27549E-02
     2.62007E-01    2.92400E+00    1.58871E+00   -3.87870E-01   -3.12411E-01    3.97393E-01    9.89050E-02    3.05859E-01    3.31674E-02
     2.64007E-01    2.91644E+00    1.59840E+00   -3.85336E-01   -3.13938E-01    3.96773E-01    9.92434E-02    3.05098E-01    3.35805E-02
     2.66007E-01    2.90882E+00    1.60804E+00   -3.82790E-01   -3.15446E-01    3.96150E-01    9.95738E-02    3.04334E-01    3.39942E-02
     2.68007E-01    2.90115E+00    1.61762E+00   -3.80230E-01   -3.16936E-01    3.95524E-01    9.98961E-02    3.03568E-01    3.44084E-02
     2.70007E-01    2.89343E+00    1.62714E+00   -3.77656E-01   -3.18409E-01    3.94895E-01    1.00210E-01    3.02800E-01    3.48230E-02
     2.72007E-01    2.88566E+00    1.63661E+00   -3.75070E-01   -3.19863E-01    3.94263E-01    1.00517E-01    3.02030E-01    3.52381E-02
     2.74007E-01    2.87783E+00    1.64602E+00   -3.72471E-01   -3.21299E-01    3.93628E-01    1.00815E-01    3.01257E-01    3.56535E-02
     2.76007E-01    2.86995E+00    1.65537E+00   -3.69860E-01   -3.22717E-01    3.92991E-01    1.01105E-01    3.00482E-01    3.60693E-02
     2.78007E-01    2.86201E+00    1.66466E+00   -3.67236E-01   -3.24117E-01    3.92351E-01    1.01388E-01    2.99706E-01    3.64854E-02
     2.80006E-01    2.85403E+00    1.67389E+00   -3.64599E-01   -3.25498E-01    3.91709E-01    1.01662E-01    2.98927E-01    3.69017E-02
     2.82006E-01    2.84599E+00    1.68307E+00   -3.61950E-01   -3.26861E-01    3.91064E-01    1.01928E-01    2.98147E-01    3.73182E-02
     2.84006E-01    2.83790E+00    1.69218E+00   -3.59289E-01   -3.28205E-01    3.90416E-01    1.02186E-01    2.97364E-01    3.77349E-02
     2.86006E-01    2.82975E+00    1.70123E+00   -3.56615E-01   -3.29531E-01    3.89766E-01    1.02436E-01    2.96580E-01    3.81517E-02
     2.88006E-01    2.82156E+00    1.71023E+00   -3.53930E-01   -3.30838E-01    3.89114E-01    1.02678E-01    2.95795E-01    3.85686E-02
     2.90006E-01    2.81331E+00    1.71916E+00   -3.51232E-01   -3.32127E-01    3.88459E-01    1.02912E-01    2.95007E-01    3.89855E-02
     2.92006E-01    2.80501E+00    1.72803E+00   -3.48523E-01   -3.33396E-01    3.87802E-01    1.03138E-01    2.94218E-01    3.94024E-02
     2.94006E-01    2.79666E+00    1.73684E+00   -3.45802E-01   -3.34647E-01    3.87142E-01    1.03356E-01    2.93428E-01    3.98192E-02
     2.96006E-01    2.78826E+00    1.74559E+00   -3.43070E-01   -3.35879E-01    3.86480E-01    1.03566E-01    2.92636E-01    4.02359E-02
     2.98006E-01    2.77981E+00    1.75427E+00   -3.40326E-01   -3.37091E-01    3.85816E-01    1.03767E-01    2.91842E-01    4.06524E-02
     3.00006E-01    2.77131E+00    1.76289E+00   -3.37570E-01   -3.38285E-01    3.85150E-01    1.03961E-01    2.91048E-01    4.10688E-02
     3.02006E-01    2.76275E+00    1.77145E+00   -3.34804E-01   -3.39459E-01    3.84482E-01    1.04147E-01    2.90252E-01    4.14850E-02
     3.04006E-01    2.75415E+00    1.77994E+00   -3.32026E-01   -3.40615E-01    3.83811E-01    1.04324E-01    2.89454E-01    4.19008E-02
     3.06006E-01    2.74549E+00    1.78837E+00   -3.29238E-01   -3.41751E-01    3.83139E-01    1.04494E-01    2.88656E-01    4.23164E-02
     3.08006E-01    2.73679E+00    1.79674E+00   -3.26439E-01   -3.42868E-01    3.82464E-01    1.04656E-01    2.87857E-01    4.27316E-02
     3.10006E-01    2.72803E+00    1.80504E+00   -3.23628E-01   -3.43965E-01    3.81787E-01    1.04809E-01    2.87056E-01    4.31464E-02
     3.12006E-01    2.71922E+00    1.81327E+00   -3.20808E-01   -3.45043E-01    3.81109E-01    1.04955E-01    2.86255E-01    4.35607E-02
     3.14006E-01    2.71037E+00    1.82144E+00   -3.17977E-01   -3.46101E-01    3.80429E-01    1.05093E-01    2.85453E-01    4.39746E-02
     3.16006E-01    2.70146E+00    1.82954E+00   -3.15135E-01   -3.47140E-01    3.79746E-01    1.05222E-01    2.84650E-01    4.43879E-02
     3.18006E-01    2.69251E+00    1.83758E+00   -3.12283E-01   -3.48159E-01    3.79062E-01    1.05344E-01    2.83846E-01    4.48007E-02
     3.20006E-01    2.68351E+00    1.84555E+00   -3.09421E-01   -3.49158E-01    3.78377E-01    1.05458E-01    2.83041E-01    4.52128E-02
     3.22006E-01    2.67446E+00    1.85345E+00   -3.06549E-01   -3.50137E-01    3.77689E-01    1.05564E-01    2.82236E-01    4.56243E-02
     3.24006E-01    2.66536E+00    1.86128E+00   -3.03667E-01   -3.51097E-01    3.77000E-01    1.05662E-01    2.81430E-01    4.60352E-02
     3.26006E-01    2.65621E+00    1.86905E+00   -3.00775E-01   -3.52037E-01    3.76309E-01    1.05752E-01    2.80624E-01    4.64452E-02
     3.28006E-01    2.64701E+00    1.87674E+00   -2.97874E-01   -3.52957E-01    3.75617E-01    1.05834E-01    2.79817E-01    4.68546E-02
     3.30006E-01    2.63776E+00    1.88437E+00   -2.94963E-01   -3.53856E-01    3.74923E-01    1.05908E-01    2.79010E-01    4.72631E-02
     3.32006E-01    2.62847E+00    1.89193E+00   -2.92043E-01   -3.54736E-01    3.74228E-01    1.05975E-01    2.78202E-01    4.76708E-02
     3.34006E-01    2.61913E+00    1.89942E+00   -2.89113E-01   -3.55596E-01    3.73531E-01    1.06033E-01    2.77394E-01    4.80775E-02
     3.36006E-01    2.60974E+00    1.90684E+00   -2.86174E-01   -3.56435E-01    3.72833E-01    1.06084E-01    2.76586E-01    4.84834E-02
     3.38006E-01    2.60031E+00    1.91419E+00   -2.83226E-01   -3.57254E-01    3.72134E-01    1.06127E-01    2.75778E-01    4.88883E-02
     3.40006E-01    2.59083E+00    1.92146E+00   -2.80269E-01   -3.58053E-01    3.71433E-01    1.06162E-01    2.74970E-01    4.92922E-02
     3.42006E-01    2.58130E+00    1.92867E+00   -2.77304E-01   -3.58831E-01    3.70731E-01    1.06190E-01    2.74161E-01    4.96951E-02
     3.44006E-01    2.57172E+00    1.93581E+00   -2.74329E-01   -3.59589E-01    3.70028E-01    1.06209E-01    2.73353E-01    5.00968E-02
     3.46006E-01    2.56210E+00    1.94287E+00   -2.71346E-01   -3.60327E-01    3.69324E-01    1.06221E-01    2.72545E-01    5.04975E-02
     3.48006E-01    2.55244E+00    1.94986E+00   -2.68355E-01   -3.61044E-01    3.68618E-01    1.06226E-01    2.71737E-01    5.08970E-02
     3.50006E-01    2.54273E+00    1.95678E+00   -2.65355E-01   -3.61740E-01    3.67912E-01    1.06222E-01    2.70929E-01    5.12954E-02
     3.52006E-01    2.53297E+00    1.96363E+00   -2.62347E-01   -3.62416E-01    3.67204E-01    1.06211E-01    2.70121E-01    5.16925E-02
     3.54006E-01    2.52317E+00    1.97040E+00   -2.59331E-01   -3.63071E-01    3.66496E-01    1.06193E-01    2.69313E-01    5.20883E-02
     3.56006E-01    2.51332E+00    1.97710E+00   -2.56307E-01   -3.63705E-01    3.65787E-01    1.06166E-01    2.68506E-01    5.24829E-02
     3.58006E-01    2.50343E+00    1.98373E+00   -2.53276E-01   -3.64318E-01    3.65076E-01    1.06133E-01    2.67700E-01    5.28761E-02
     3.60006E-01    2.49349E+00    1.99028E+00   -2.50236E-01   -3.64911E-01    3.64365E-01    1.06091E-01    2.66893E-01    5.32680E-02
     3.62005E-01    2.48351E+00    1.99675E+00   -2.47189E-01   -3.65482E-01    3.63654E-01    1.06043E-01    2.66088E-01    5.36584E-02
     3.64005E-01    2.47348E+00    2.00316E+00   -2.44135E-01   -3.66033E-01    3.62941E-01    1.05986E-01    2.65283E-01    5.40475E-02
     3.66005E-01    2.46342E+00    2.00948E+00   -2.41073E-01   -3.66563E-01    3.62228E-01    1.05923E-01    2.64478E-01    5.44350E-02
     3.68005E-01    2.45331E+00    2.01573E+00   -2.38004E-01   -3.67071E-01    3.61514E-01    1.05851E-01    2.63674E-01    5.48211E-02
     3.70005E-01    2.44315E+00    2.02191E+00   -2.34928E-01   -3.67558E-01    3.60800E-01    1.05773E-01    2.62872E-01    5.52056E-02
     3.72005E-01    2.43296E+00    2.02801E+00   -2.31845E-01   -3.68025E-01    3.60085E-01    1.05687E-01    2.62069E-01    5.55885E-02
     3.74005E-01    2.42272E+00    2.03403E+00   -2.28755E-01   -3.68470E-01    3.59369E-01    1.05594E-01    2.61268E-01    5.59699E-02
     3.76005E-01    2.41244E+00    2.03998E+00   -2.25659E-01   -3.68893E-01    3.58653E-01    1.05493E-01    2.60468E-01    5.63496E-02
     3.78005E-01    2.40211E+00    2.04585E+00   -2.22556E-01   -3.69296E-01    3.57937E-01    1.05385E-01    2.59668E-01    5.67277E-02
     3.80005E-01    2.39175E+00    2.05164E+00   -2.19446E-01   -3.69677E-01    3.57221E-01    1.05270E-01    2.58870E-01    5.71040E-02
     3.82005E-01    2.38135E+00    2.05736E+00   -2.16331E-01   -3.70036E-01    3.56504E-01    1.05148E-01    2.58073E-01    5.74786E-02
     3.84005E-01    2.37090E+00    2.06299E+00   -2.13209E-01   -3.70374E-01    3.55787E-01    1.05019E-01    2.57277E-01    5.78515E-02
     3.86005E-01    2.36041E+00    2.06855E+00   -2.10081E-01   -3.70691E-01    3.55069E-01    1.04883E-01    2.56482E-01    5.82226E-02
     3.88005E-01    2.34989E+00    2.07403E+00   -2.06947E-01   -3.70985E-01    3.54352E-01    1.04739E-01    2.55688E-01    5.85919E-02
     3.90005E-01    2.33932E+00    2.07943E+00   -2.03808E-01   -3.71259E-01    3.53634E-01    1.04588E-01    2.54896E-01    5.89593E-02
     3.92005E-01    2.32872E+00    2.08476E+00   -2.00663E-01   -3.71510E-01    3.52917E-01    1.04431E-01    2.54104E-01    5.93248E-02
     3.94005E-01    2.31807E+00    2.09000E+00   -1.97512E-01   -3.71740E-01    3.52199E-01    1.04266E-01    2.53315E-01    5.96884E-02
     3.96005E-01    2.30739E+00    2.09516E+00   -1.94357E-01   -3.71948E-01    3.51482E-01    1.04095E-01    2.52527E-01    6.00501E-02
     3.98005E-01    2.29666E+00    2.10025E+00   -1.91195E-01   -3.72134E-01    3.50764E-01    1.03916E-01    2.51740E-01    6.04099E-02
     4.00005E-01    2.28590E+00    2.10525E+00   -1.88029E-01   -3.72298E-01    3.50047E-01    1.03731E-01    2.50955E-01    6.07676E-02
     4.02005E-01    2.27511E+00    2.11017E+00   -1.84858E-01   -3.72441E-01    3.49330E-01    1.03539E-01    2.50171E-01    6.11233E-02
     4.04005E-01    2.26427E+00    2.11502E+00   -1.81682E-01   -3.72561E-01    3.48613E-01    1.03340E-01    2.49390E-01    6.14770E-02
     4.06005E-01    2.25340E+00    2.11978E+00   -1.78502E-01   -3.72659E-01    3.47897E-01    1.03135E-01    2.48609E-01    6.18286E-02
     4.08005E-01    2.24249E+00    2.12446E+00   -1.75317E-01   -3.72735E-01    3.47181E-01    1.02923E-01    2.47831E-01    6.21781E-02
     4.10005E-01    2.23154E+00    2.12906E+00   -1.72128E-01   -3.72789E-01    3.46465E-01    1.02704E-01    2.47054E-01    6.25255E-02
     4.12005E-01    2.22056E+00    2.13358E+00   -1.68934E-01   -3.72821E-01    3.45749E-01    1.02478E-01    2.46280E-01    6.28707E-02
     4.14005E-01    2.20954E+00    2.13802E+00   -1.65737E-01   -3.72831E-01    3.45035E-01    1.02246E-01    2.45507E-01    6.32138E-02
     4.16005E-01    2.19849E+00    2.14237E+00   -1.62535E-01   -3.72818E-01    3.44320E-01    1.02008E-01    2.44736E-01    6.35547E-02
     4.18005E-01    2.18740E+00    2.14664E+00   -1.59330E-01   -3.72783E-01    3.43607E-01    1.01763E-01    2.43967E-01    6.38933E-02
     4.20005E-01    2.17628E+00    2.15083E+00   -1.56121E-01   -3.72726E-01    3.42893E-01    1.01511E-01    2.43201E-01    6.42297E-02
     4.22005E-01    2.16512E+00    2.15494E+00   -1.52908E-01   -3.72646E-01    3.42181E-01    1.01254E-01    2.42436E-01    6.45638E-02
     4.24005E-01    2.15393E+00    2.15897E+00   -1.49693E-01   -3.72544E-01    3.41469E-01    1.00989E-01    2.41673E-01    6.48956E-02
     4.26005E-01    2.14270E+00    2.16291E+00   -1.46474E-01   -3.72419E-01    3.40759E-01    1.00719E-01    2.40913E-01    6.52251E-02
     4.28005E-01    2.13145E+00    2.16677E+00   -1.43252E-01   -3.72272E-01    3.40048E-01    1.00442E-01    2.40155E-01    6.55523E-02
     4.30005E-01    2.12016E+00    2.17054E+00   -1.40027E-01   -3.72102E-01    3.39339E-01    1.00160E-01    2.39399E-01    6.58771E-02
     4.32005E-01    2.10884E+00    2.17423E+00   -1.36800E-01   -3.71910E-01    3.38631E-01    9.98706E-02    2.38646E-01    6.61996E-02
     4.34005E-01    2.09748E+00    2.17784E+00   -1.33570E-01   -3.71695E-01    3.37924E-01    9.95755E-02    2.37895E-01    6.65196E-02
     4.36005E-01    2.08610E+00    2.18137E+00   -1.30337E-01   -3.71457E-01    3.37218E-01    9.92744E-02    2.37146E-01    6.68372E-02
     4.38005E-01    2.07468E+00    2.18481E+00   -1.27103E-01   -3.71196E-01    3.36512E-01    9.89673E-02    2.36400E-01    6.71524E-02
     4.40005E-01    2.06323E+00    2.18816E+00   -1.23866E-01   -3.70913E-01    3.35808E-01    9.86542E-02    2.35656E-01    6.74651E-02
     4.42004E-01    2.05176E+00    2.19144E+00   -1.20627E-01   -3.70606E-01    3.35106E-01    9.83352E-02    2.34915E-01    6.77754E-02
     4.44004E-01    2.04025E+00    2.19462E+00   -1.17387E-01   -3.70277E-01    3.34404E-01    9.80104E-02    2.34176E-01    6.80831E-02
     4.46004E-01    2.02871E+00    2.19773E+00   -1.14145E-01   -3.69925E-01    3.33703E-01    9.76798E-02    2.33440E-01    6.83883E-02
     4.48004E-01    2.01715E+00    2.20074E+00   -1.10902E-01   -3.69550E-01    3.33004E-01    9.73434E-02    2.32707E-01    6.86910E-02
     4.50004E-01    2.00555E+00    2.20368E+00   -1.07657E-01   -3.69151E-01    3.32307E-01    9.70014E-02    2.31977E-01    6.89912E-02
     4.52004E-01    1.99393E+00    2.20653E+00   -1.04411E-01   -3.68730E-01    3.31610E-01    9.66537E-02    2.31249E-01    6.92887E-02
     4.54004E-01    1.98228E+00    2.20929E+00   -1.01165E-01   -3.68286E-01    3.30916E-01    9.63004E-02    2.30524E-01    6.95837E-02
     4.56004E-01    1.97061E+00    2.21197E+00   -9.79174E-02   -3.67818E-01    3.30222E-01    9.59416E-02    2.29802E-01    6.98761E-02
     4.58004E-01    1.95890E+00    2.21456E+00   -9.46695E-02   -3.67327E-01    3.29530E-01    9.55773E-02    2.29083E-01    7.01659E-02
     4.60004E-01    1.94717E+00    2.21707E+00   -9.14213E-02   -3.66813E-01    3.28840E-01    9.52076E-02    2.28367E-01    7.04530E-02
     4.62004E-01    1.93542E+00    2.21949E+00   -8.81728E-02   -3.66276E-01    3.28152E-01    9.48325E-02    2.27653E-01    7.07375E-02
     4.64004E-01    1.92364E+00    2.22183E+00   -8.49243E-02   -3.65716E-01    3.27465E-01    9.44520E-02    2.26943E-01    7.10194E-02
     4.66004E-01    1.91183E+00    2.22408E+00   -8.16760E-02   -3.65132E-01    3.26780E-01    9.40663E-02    2.26236E-01    7.12985E-02
     4.68004E-01    1.90000E+00    2.22624E+00   -7.84281E-02   -3.64525E-01    3.26096E-01    9.36754E-02    2.25532E-01    7.15750E-02
     4.70004E-01    1.88815E+00    2.22832E+00   -7.51806E-02   -3.63894E-01    3.25415E-01    9.32793E-02    2.24831E-01    7.18488E-02
     4.72004E-01    1.87627E+00    2.23031E+00   -7.19339E-02   -3.63240E-01    3.24735E-01    9.28782E-02    2.24133E-01    7.21199E-02
     4.74004E-01    1.86437E+00    2.23222E+00   -6.86881E-02   -3.62562E-01    3.24058E-01    9.24719E-02    2.23438E-01    7.23882E-02
     4.76004E-01    1.85245E+00    2.23404E+00   -6.54435E-02   -3.61861E-01    3.23382E-01    9.20607E-02    2.22747E-01    7.26539E-02
     4.78004E-01    1.84050E+00    2.23578E+00   -6.22001E-02   -3.61137E-01    3.22708E-01    9.16445E-02    2.22059E-01    7.29167E-02
     4.80004E-01    1.82853E+00    2.23743E+00   -5.89582E-02   -3.60388E-01    3.22037E-01    9.12235E-02    2.21374E-01    7.31769E-02
     4.82004E-01    1.81654E+00    2.23899E+00   -5.57180E-02   -3.59617E-01    3.21367E-01    9.07976E-02    2.20692E-01    7.34342E-02
     4.84004E-01    1.80454E+00    2.24047E+00   -5.24797E-02   -3.58821E-01    3.20700E-01    9.03670E-02    2.20014E-01    7.36888E-02
     4.86004E-01    1.79251E+00    2.24186E+00   -4.92434E-02   -3.58002E-01    3.20034E-01    8.99317E-02    2.19340E-01    7.39406E-02
     4.88004E-01    1.78046E+00    2.24316E+00   -4.60095E-02   -3.57159E-01    3.19371E-01    8.94917E-02    2.18668E-01    7.41896E-02
     4.90004E-01    1.76839E+00    2.24438E+00   -4.27781E-02   -3.56293E-01    3.18711E-01    8.90471E-02    2.18000E-01    7.44359E-02
     4.92004E-01    1.75630E+00    2.24552E+00   -3.95494E-02   -3.55403E-01    3.18052E-01    8.85979E-02    2.17336E-01    7.46793E-02
     4.94004E-01    1.74420E+00    2.24656E+00   -3.63236E-02   -3.54489E-01    3.17397E-01    8.81443E-02    2.16676E-01    7.49199E-02
     4.96004E-01    1.73208E+00    2.24752E+00   -3.31010E-02   -3.53551E-01    3.16743E-01    8.76863E-02    2.16018E-01    7.51576E-02
     4.98004E-01    1.71994E+00    2.24840E+00   -2.98817E-02   -3.52590E-01    3.16092E-01    8.72239E-02    2.15365E-01    7.53926E-02
     5.00004E-01    1.70778E+00    2.24919E+00   -2.66660E-02   -3.51604E-01    3.15443E-01    8.67572E-02    2.14715E-01    7.56247E-02
     5.02004E-01    1.69561E+00    2.24989E+00   -2.34540E-02   -3.50595E-01    3.14797E-01    8.62862E-02    2.14069E-01    7.58540E-02
     5.04004E-01    1.68342E+00    2.25050E+00   -2.02461E-02   -3.49562E-01    3.14154E-01    8.58111E-02    2.13426E-01    7.60804E-02
     5.06004E-01    1.67122E+00    2.25104E+00   -1.70424E-02   -3.48505E-01    3.13513E-01    8.53318E-02    2.12787E-01    7.63040E-02
     5.08004E-01    1.65900E+00    2.25148E+00   -1.38432E-02   -3.47425E-01    3.12875E-01    8.48485E-02    2.12152E-01    7.65248E-02
     5.10004E-01    1.64677E+00    2.25184E+00   -1.06487E-02   -3.46320E-01    3.12240E-01    8.43611E-02    2.11521E-01    7.67427E-02
     5.12004E-01    1.63453E+00    2.25211E+00   -7.45910E-03   -3.45192E-01    3.11607E-01    8.38698E-02    2.10894E-01    7.69577E-02
     5.14004E-01    1.62227E+00    2.25230E+00   -4.27466E-03   -3.44039E-01    3.10977E-01    8.33746E-02    2.10270E-01    7.71699E-02
     5.16004E-01    1.61000E+00    2.25240E+00   -1.09561E-03   -3.42863E-01    3.10350E-01    8.28756E-02    2.09651E-01    7.73792E-02
     5.18004E-01    1.59772E+00    2.25242E+00    2.07781E-03   -3.41663E-01    3.09726E-01    8.23728E-02    2.09035E-01    7.75857E-02
     5.20004E-01    1.58542E+00    2.25235E+00    5.24535E-03   -3.40439E-01    3.09105E-01    8.18663E-02    2.08423E-01    7.77893E-02
     5.22003E-01    1.57312E+00    2.25220E+00    8.40678E-03   -3.39191E-01    3.08487E-01    8.13561E-02    2.07815E-01    7.79900E-02
     5.24003E-01    1.56080E+00    2.25196E+00    1.15618E-02   -3.37919E-01    3.07871E-01    8.08423E-02    2.07211E-01    7.81879E-02
     5.26003E-01    1.54848E+00    2.25164E+00    1.47103E-02   -3.36624E-01    3.07259E-01    8.03251E-02    2.06611E-01    7.83829E-02
     5.28003E-01    1.53614E+00    2.25123E+00    1.78519E-02   -3.35304E-01    3.06650E-01    7.98043E-02    2.06015E-01    7.85750E-02
     5.30003E-01    1.52380E+00    2.25074E+00    2.09864E-02   -3.33961E-01    3.06044E-01    7.92801E-02    2.05424E-01    7.87643E-02
     5.32003E-01    1.51145E+00    2.25016E+00    2.41135E-02   -3.32593E-01    3.05442E-01    7.87526E-02    2.04836E-01    7.89508E-02
     5.34003E-01    1.49909E+00    2.24950E+00    2.72329E-02   -3.31202E-01    3.04842E-01    7.82218E-02    2.04252E-01    7.91344E-02
     5.36003E-01    1.48673E+00    2.24875E+00    3.03445E-02   -3.29787E-01    3.04246E-01    7.76877E-02    2.03673E-01    7.93151E-02
     5.38003E-01    1.47436E+00    2.24792E+00    3.34480E-02   -3.28349E-01    3.03653E-01    7.71505E-02    2.03098E-01    7.94930E-02
     5.40003E-01    1.46198E+00    2.24701E+00    3.65430E-02   -3.26886E-01    3.03063E-01    7.66102E-02    2.02526E-01    7.96680E-02
     5.42003E-01    1.44960E+00    2.24601E+00    3.96294E-02   -3.25400E-01    3.02477E-01    7.60668E-02    2.01959E-01    7.98402E-02
     5.44003E-01    1.43721E+00    2.24493E+00    4.27068E-02   -3.23890E-01    3.01894E-01    7.55204E-02    2.01397E-01    8.00096E-02
     5.46003E-01    1.42482E+00    2.24377E+00    4.57750E-02   -3.22357E-01    3.01314E-01    7.49711E-02    2.00838E-01    8.01761E-02
     5.48003E-01    1.41242E+00    2.24252E+00    4.88337E-02   -3.20800E-01    3.00738E-01    7.44190E-02    2.00284E-01    8.03399E-02
     5.50003E-01    1.40002E+00    2.24119E+00    5.18826E-02   -3.19219E-01    3.00165E-01    7.38640E-02    1.99734E-01    8.05008E-02
     5.52003E-01    1.38762E+00    2.23978E+00    5.49215E-02   -3.17615E-01    2.99596E-01    7.33063E-02    1.99188E-01    8.06589E-02
     5.54003E-01    1.37522E+00    2.23829E+00    5.79500E-02   -3.15987E-01    2.99031E-01    7.27459E-02    1.98647E-01    8.08142E-02
     5.56003E-01    1.36282E+00    2.23671E+00    6.09680E-02   -3.14336E-01    2.98469E-01    7.21828E-02    1.98110E-01    8.09667E-02
     5.58003E-01    1.35041E+00    2.23505E+00    6.39750E-02   -3.12662E-01    2.97911E-01    7.16172E-02    1.97577E-01    8.11164E-02
     5.60003E-01    1.33801E+00    2.23332E+00    6.69709E-02   -3.10964E-01    2.97356E-01    7.10491E-02    1.97049E-01    8.12634E-02
     5.62003E-01    1.32560E+00    2.23149E+00    6.99553E-02   -3.09243E-01    2.96805E-01    7.04786E-02    1.96525E-01    8.14076E-02
     5.64003E-01    1.31320E+00    2.22959E+00    7.29280E-02   -3.07499E-01    2.96258E-01    6.99056E-02    1.96006E-01    8.15490E-02
     5.66003E-01    1.30079E+00    2.22761E+00    7.58886E-02   -3.05732E-01    2.95715E-01    6.93304E-02    1.95491E-01    8.16877E-02
     5.68003E-01    1.28839E+00    2.22555E+00    7.88369E-02   -3.03941E-01    2.95176E-01    6.87529E-02    1.94980E-01    8.18236E-02
     5.70003E-01    1.27600E+00    2.22341E+00    8.17726E-02   -3.02128E-01    2.94640E-01    6.81731E-02    1.94474E-01    8.19568E-02
     5.72003E-01    1.26360E+00    2.22118E+00    8.46953E-02   -3.00292E-01    2.94108E-01    6.75913E-02    1.93972E-01    8.20873E-02
     5.74003E-01    1.25121E+00    2.21888E+00    8.76048E-02   -2.98433E-01    2.93580E-01    6.70073E-02    1.93475E-01    8.22152E-02
     5.76003E-01    1.23882E+00    2.21650E+00    9.05008E-02   -2.96552E-01    2.93056E-01    6.64213E-02    1.92982E-01    8.23403E-02
     5.78003E-01    1.22644E+00    2.21404E+00    9.33830E-02   -2.94648E-01    2.92536E-01    6.58333E-02    1.92494E-01    8.24627E-02
     5.80003E-01    1.21406E+00    2.21150E+00    9.62511E-02   -2.92721E-01    2.92021E-01    6.52435E-02    1.92010E-01    8.25825E-02
     5.82003E-01    1.20169E+00    2.20888E+00    9.91047E-02   -2.90773E-01    2.91509E-01    6.46518E-02    1.91531E-01    8.26997E-02
     5.84003E-01    1.18933E+00    2.20619E+00    1.01944E-01   -2.88801E-01    2.91001E-01    6.40583E-02    1.91057E-01    8.28142E-02
     5.86003E-01    1.17697E+00    2.20342E+00    1.04768E-01   -2.86808E-01    2.90497E-01    6.34630E-02    1.90586E-01    8.29261E-02
     5.88003E-01    1.16463E+00    2.20057E+00    1.07576E-01   -2.84793E-01    2.89997E-01    6.28661E-02    1.90121E-01    8.30354E-02
     5.90003E-01    1.15229E+00    2.19764E+00    1.10369E-01   -2.82756E-01    2.89502E-01    6.22676E-02    1.89660E-01    8.31421E-02
     5.92003E-01    1.13995E+00    2.19464E+00    1.13146E-01   -2.80697E-01    2.89010E-01    6.16675E-02    1.89204E-01    8.32463E-02
     5.94003E-01    1.12763E+00    2.19156E+00    1.15907E-01   -2.78617E-01    2.88523E-01    6.10659E-02    1.88752E-01    8.33479E-02
     5.96003E-01    1.11532E+00    2.18841E+00    1.18651E-01   -2.76515E-01    2.88040E-01    6.04629E-02    1.88305E-01    8.34470E-02
     5.98003E-01    1.10302E+00    2.18518E+00    1.21378E-01   -2.74392E-01    2.87561E-01    5.98585E-02    1.87862E-01    8.35435E-02
     6.00002E-01    1.09073E+00    2.18188E+00    1.24088E-01   -2.72248E-01    2.87087E-01    5.92528E-02    1.87424E-01    8.36376E-02
     6.02002E-01    1.07845E+00    2.17850E+00    1.26781E-01   -2.70083E-01    2.86617E-01    5.86458E-02    1.86991E-01    8.37292E-02
     6.04002E-01    1.06618E+00    2.17505E+00    1.29456E-01   -2.67897E-01    2.86151E-01    5.80375E-02    1.86563E-01    8.38183E-02
     6.06002E-01    1.05393E+00    2.17152E+00    1.32113E-01   -2.65691E-01    2.85690E-01    5.74282E-02    1.86139E-01    8.39050E-02
     6.08002E-01    1.04169E+00    2.16792E+00    1.34751E-01   -2.63463E-01    2.85233E-01    5.68177E-02    1.85719E-01    8.39893E-02
     6.10002E-01    1.02947E+00    2.16425E+00    1.37371E-01   -2.61216E-01    2.84780E-01    5.62062E-02    1.85305E-01    8.40712E-02
     6.12002E-01    1.01725E+00    2.16051E+00    1.39972E-01   -2.58949E-01    2.84332E-01    5.55937E-02    1.84895E-01    8.41507E-02
     6.14002E-01    1.00506E+00    2.15670E+00    1.42553E-01   -2.56662E-01    2.83888E-01    5.49802E-02    1.84489E-01    8.42279E-02
     6.16002E-01    9.92879E-01    2.15281E+00    1.45115E-01   -2.54355E-01    2.83448E-01    5.43659E-02    1.84089E-01    8.43027E-02
     6.18002E-01    9.80714E-01    2.14885E+00    1.47657E-01   -2.52028E-01    2.83014E-01    5.37507E-02    1.83693E-01    8.43753E-02
     6.20002E-01    9.68567E-01    2.14483E+00    1.50179E-01   -2.49683E-01    2.82583E-01    5.31348E-02    1.83301E-01    8.44455E-02
     6.22002E-01    9.56437E-01    2.14073E+00    1.52680E-01   -2.47318E-01    2.82157E-01    5.25182E-02    1.82915E-01    8.45135E-02
     6.24002E-01    9.44325E-01    2.13657E+00    1.55160E-01   -2.44935E-01    2.81736E-01    5.19009E-02    1.82533E-01    8.45792E-02
     6.26002E-01    9.32231E-01    2.13233E+00    1.57619E-01   -2.42532E-01    2.81319E-01    5.12830E-02    1.82156E-01    8.46428E-02
     6.28002E-01    9.20156E-01    2.12803E+00    1.60057E-01   -2.40112E-01    2.80907E-01    5.06645E-02    1.81783E-01    8.47041E-02
     6.30002E-01    9.08101E-01    2.12366E+00    1.62474E-01   -2.37673E-01    2.80500E-01    5.00455E-02    1.81415E-01    8.47633E-02
     6.32002E-01    8.96065E-01    2.11923E+00    1.64868E-01   -2.35217E-01    2.80097E-01    4.94261E-02    1.81052E-01    8.48203E-02
     6.34002E-01    8.84050E-01    2.11472E+00    1.67240E-01   -2.32743E-01    2.79699E-01    4.88063E-02    1.80693E-01    8.48753E-02
     6.36002E-01    8.72057E-01    2.11015E+00    1.69589E-01   -2.30252E-01    2.79305E-01    4.81861E-02    1.80340E-01    8.49281E-02
     6.38002E-01    8.60084E-01    2.10552E+00    1.71916E-01   -2.27743E-01    2.78916E-01    4.75657E-02    1.79990E-01    8.49789E-02
     6.40002E-01    8.48134E-01    2.10082E+00    1.74220E-01   -2.25218E-01    2.78532E-01    4.69449E-02    1.79646E-01    8.50277E-02
     6.42002E-01    8.36207E-01    2.09605E+00    1.76500E-01   -2.22676E-01    2.78152E-01    4.63240E-02    1.79306E-01    8.50744E-02
     6.44002E-01    8.24302E-01    2.09123E+00    1.78756E-01   -2.20118E-01    2.77777E-01    4.57030E-02    1.78971E-01    8.51192E-02
     6.46002E-01    8.12421E-01    2.08633E+00    1.80989E-01   -2.17544E-01    2.77407E-01    4.50818E-02    1.78641E-01    8.51620E-02
     6.48002E-01    8.00565E-01    2.08138E+00    1.83197E-01   -2.14955E-01    2.77042E-01    4.44606E-02    1.78315E-01    8.52029E-02
     6.50002E-01    7.88733E-01    2.07636E+00    1.85381E-01   -2.12350E-01    2.76681E-01    4.38394E-02    1.77994E-01    8.52420E-02
     6.52002E-01    7.76926E-01    2.07129E+00    1.87541E-01   -2.09729E-01    2.76325E-01    4.32182E-02    1.77678E-01    8.52792E-02
     6.54002E-01    7.65144E-01    2.06615E+00    1.89675E-01   -2.07095E-01    2.75974E-01    4.25971E-02    1.77366E-01    8.53145E-02
     6.56002E-01    7.53389E-01    2.06095E+00    1.91784E-01   -2.04445E-01    2.75628E-01    4.19762E-02    1.77059E-01    8.53480E-02
     6.58002E-01    7.41660E-01    2.05569E+00    1.93868E-01   -2.01782E-01    2.75287E-01    4.13554E-02    1.76757E-01    8.53798E-02
     6.60002E-01    7.29959E-01    2.05037E+00    1.95926E-01   -1.99104E-01    2.74950E-01    4.07349E-02    1.76459E-01    8.54099E-02
     6.62002E-01    7.18285E-01    2.04500E+00    1.97958E-01   -1.96414E-01    2.74618E-01    4.01147E-02    1.76166E-01    8.54382E-02
     6.64002E-01    7.06639E-01    2.03956E+00    1.99964E-01   -1.93710E-01    2.74291E-01    3.94948E-02    1.75878E-01    8.54649E-02
     6.66002E-01    6.95021E-01    2.03407E+00    2.01943E-01   -1.90993E-01    2.73969E-01    3.88752E-02    1.75594E-01    8.54899E-02
     6.68002E-01    6.83432E-01    2.02852E+00    2.03896E-01   -1.88264E-01    2.73652E-01    3.82561E-02    1.75315E-01    8.55133E-02
     6.70002E-01    6.71873E-01    2.02292E+00    2.05823E-01   -1.85523E-01    2.73340E-01    3.76374E-02    1.75040E-01    8.55351E-02
     6.72002E-01    6.60343E-01    2.01726E+00    2.07722E-01   -1.82770E-01    2.73032E-01    3.70192E-02    1.74770E-01    8.55554E-02
     6.74002E-01    6.48844E-01    2.01154E+00    2.09594E-01   -1.80005E-01    2.72730E-01    3.64016E-02    1.74505E-01    8.55742E-02
     6.76002E-01    6.37376E-01    2.00577E+00    2.11438E-01   -1.77230E-01    2.72432E-01    3.57845E-02    1.74244E-01    8.55915E-02
     6.78002E-01    6.25938E-01    1.99995E+00    2.13255E-01   -1.74444E-01    2.72139E-01    3.51681E-02    1.73988E-01    8.56074E-02
     6.80002E-01    6.14532E-01    1.99407E+00    2.15044E-01   -1.71647E-01    2.71851E-01    3.45523E-02    1.73737E-01    8.56218E-02
     6.82001E-01    6.03158E-01    1.98814E+00    2.16805E-01   -1.68841E-01    2.71568E-01    3.39372E-02    1.73490E-01    8.56349E-02
     6.84001E-01    5.91816E-01    1.98216E+00    2.18538E-01   -1.66025E-01    2.71290E-01    3.33229E-02    1.73247E-01    8.56467E-02
     6.86001E-01    5.80507E-01    1.97613E+00    2.20243E-01   -1.63199E-01    2.71017E-01    3.27093E-02    1.73010E-01    8.56571E-02
     6.88001E-01    5.69232E-01    1.97005E+00    2.21919E-01   -1.60365E-01    2.70748E-01    3.20966E-02    1.72776E-01    8.56663E-02
     6.90001E-01    5.57989E-01    1.96392E+00    2.23566E-01   -1.57523E-01    2.70485E-01    3.14847E-02    1.72548E-01    8.56742E-02
     6.92001E-01    5.46781E-01    1.95774E+00    2.25185E-01   -1.54673E-01    2.70227E-01    3.08738E-02    1.72323E-01    8.56809E-02
     6.94001E-01    5.35607E-01    1.95151E+00    2.26774E-01   -1.51814E-01    2.69973E-01    3.02637E-02    1.72104E-01    8.56865E-02
     6.96001E-01    5.24468E-01    1.94524E+00    2.28335E-01   -1.48949E-01    2.69725E-01    2.96547E-02    1.71889E-01    8.56910E-02
     6.98001E-01    5.13364E-01    1.93892E+00    2.29866E-01   -1.46077E-01    2.69481E-01    2.90466E-02    1.71678E-01    8.56943E-02
     7.00001E-01    5.02295E-01    1.93255E+00    2.31368E-01   -1.43198E-01    2.69242E-01    2.84396E-02    1.71472E-01    8.56967E-02
     7.02001E-01    4.91262E-01    1.92613E+00    2.32840E-01   -1.40314E-01    2.69008E-01    2.78336E-02    1.71270E-01    8.56980E-02
     7.04001E-01    4.80265E-01    1.91967E+00    2.34283E-01   -1.37423E-01    2.68779E-01    2.72287E-02    1.71073E-01    8.56983E-02
     7.06001E-01    4.69305E-01    1.91317E+00    2.35696E-01   -1.34528E-01    2.68555E-01    2.66250E-02    1.70880E-01    8.56977E-02
     7.08001E-01    4.58381E-01    1.90662E+00    2.37080E-01   -1.31627E-01    2.68336E-01    2.60225E-02    1.70691E-01    8.56962E-02
     7.10001E-01    4.47495E-01    1.90003E+00    2.38433E-01   -1.28722E-01    2.68122E-01    2.54211E-02    1.70507E-01    8.56938E-02
     7.12001E-01    4.36646E-01    1.89340E+00    2.39757E-01   -1.25813E-01    2.67913E-01    2.48210E-02    1.70328E-01    8.56906E-02
     7.14001E-01    4.25834E-01    1.88672E+00    2.41050E-01   -1.22901E-01    2.67709E-01    2.42222E-02    1.70152E-01    8.56866E-02
     7.16001E-01    4.15061E-01    1.88001E+00    2.42313E-01   -1.19985E-01    2.67510E-01    2.36247E-02    1.69982E-01    8.56818E-02
     7.18001E-01    4.04327E-01    1.87325E+00    2.43546E-01   -1.17066E-01    2.67315E-01    2.30284E-02    1.69815E-01    8.56764E-02
     7.20001E-01    3.93630E-01    1.86646E+00    2.44749E-01   -1.14145E-01    2.67126E-01    2.24336E-02    1.69653E-01    8.56702E-02
     7.22001E-01    3.82973E-01    1.85962E+00    2.45922E-01   -1.11222E-01    2.66941E-01    2.18401E-02    1.69495E-01    8.56635E-02
     7.24001E-01    3.72355E-01    1.85275E+00    2.47064E-01   -1.08298E-01    2.66761E-01    2.12480E-02    1.69342E-01    8.56561E-02
     7.26001E-01    3.61777E-01    1.84584E+00    2.48176E-01   -1.05372E-01    2.66586E-01    2.06574E-02    1.69192E-01    8.56482E-02
     7.28001E-01    3.51238E-01    1.83889E+00    2.49257E-01   -1.02446E-01    2.66416E-01    2.00682E-02    1.69048E-01    8.56398E-02
     7.30001E-01    3.40740E-01    1.83191E+00    2.50308E-01   -9.95191E-02    2.66251E-01    1.94805E-02    1.68907E-01    8.56308E-02
     7.32001E-01    3.30281E-01    1.82489E+00    2.51328E-01   -9.65925E-02    2.66091E-01    1.88943E-02    1.68771E-01    8.56215E-02
     7.34001E-01    3.19863E-01    1.81784E+00    2.52318E-01   -9.36663E-02    2.65936E-01    1.83096E-02    1.68638E-01    8.56117E-02
     7.36001E-01    3.09486E-01    1.81075E+00    2.53277E-01   -9.07411E-02    2.65785E-01    1.77266E-02    1.68510E-01    8.56016E-02
     7.38001E-01    2.99150E-01    1.80363E+00    2.54206E-01   -8.78173E-02    2.65640E-01    1.71451E-02    1.68387E-01    8.55912E-02
     7.40001E-01    2.88855E-01    1.79647E+00    2.55104E-01   -8.48951E-02    2.65499E-01    1.65651E-02    1.68267E-01    8.55805E-02
     7.42001E-01    2.78602E-01    1.78929E+00    2.55972E-01   -8.19751E-02    2.65363E-01    1.59869E-02    1.68152E-01    8.55696E-02
     7.44001E-01    2.68390E-01    1.78207E+00    2.56810E-01   -7.90576E-02    2.65231E-01    1.54102E-02    1.68041E-01    8.55584E-02
     7.46001E-01    2.58220E-01    1.77482E+00    2.57617E-01   -7.61431E-02    2.65105E-01    1.48353E-02    1.67934E-01    8.55471E-02
     7.48001E-01    2.48092E-01    1.76754E+00    2.58393E-01   -7.32320E-02    2.64983E-01    1.42620E-02    1.67831E-01    8.55357E-02
     7.50001E-01    2.38007E-01    1.76023E+00    2.59139E-01   -7.03246E-02    2.64867E-01    1.36904E-02    1.67732E-01    8.55242E-02
     7.52001E-01    2.27963E-01    1.75289E+00    2.59855E-01   -6.74214E-02    2.64755E-01    1.31206E-02    1.67637E-01    8.55126E-02
     7.54001E-01    2.17963E-01    1.74553E+00    2.60541E-01   -6.45227E-02    2.64647E-01    1.25525E-02    1.67547E-01    8.55011E-02
     7.56001E-01    2.08005E-01    1.73813E+00    2.61196E-01   -6.16290E-02    2.64545E-01    1.19862E-02    1.67460E-01    8.54896E-02
     7.58001E-01    1.98090E-01    1.73071E+00    2.61821E-01   -5.87407E-02    2.64447E-01    1.14216E-02    1.67377E-01    8.54781E-02
     7.60001E-01    1.88218E-01    1.72327E+00    2.62416E-01   -5.58582E-02    2.64354E-01    1.08589E-02    1.67299E-01    8.54668E-02
     7.62000E-01    1.78389E-01    1.71580E+00    2.62981E-01   -5.29817E-02    2.64266E-01    1.02979E-02    1.67224E-01    8.54557E-02
     7.64000E-01    1.68603E-01    1.70830E+00    2.63516E-01   -5.01119E-02    2.64182E-01    9.73878E-03    1.67154E-01    8.54447E-02
     7.66000E-01    1.58861E-01    1.70078E+00    2.64021E-01   -4.72489E-02    2.64103E-01    9.18149E-03    1.67087E-01    8.54340E-02
     7.68000E-01    1.49163E-01    1.69323E+00    2.64496E-01   -4.43932E-02    2.64029E-01    8.62605E-03    1.67025E-01    8.54236E-02
     7.70000E-01    1.39508E-01    1.68566E+00    2.64942E-01   -4.15453E-02    2.63959E-01    8.07248E-03    1.66966E-01    8.54135E-02
     7.72000E-01    1.29898E-01    1.67807E+00    2.65358E-01   -3.87054E-02    2.63894E-01    7.52079E-03    1.66911E-01    8.54038E-02
     7.74000E-01    1.20331E-01    1.67046E+00    2.65744E-01   -3.58739E-02    2.63833E-01    6.97099E-03    1.66860E-01    8.53945E-02
     7.76000E-01    1.10808E-01    1.66283E+00    2.66102E-01   -3.30513E-02    2.63777E-01    6.42308E-03    1.66813E-01    8.53856E-02
     7.78000E-01    1.01330E-01    1.65517E+00    2.66429E-01   -3.02379E-02    2.63726E-01    5.87710E-03    1.66770E-01    8.53771E-02
     7.80000E-01    9.18951E-02    1.64750E+00    2.66728E-01   -2.74340E-02    2.63679E-01    5.33303E-03    1.66731E-01    8.53693E-02
     7.82000E-01    8.25051E-02    1.63980E+00    2.66997E-01   -2.46401E-02    2.63637E-01    4.79090E-03    1.66695E-01    8.53619E-02
     7.84000E-01    7.31595E-02    1.63209E+00    2.67238E-01   -2.18564E-02    2.63600E-01    4.25071E-03    1.66664E-01    8.53552E-02
     7.86000E-01    6.38583E-02    1.62436E+00    2.67450E-01   -1.90834E-02    2.63566E-01    3.71247E-03    1.66636E-01    8.53491E-02
     7.88000E-01    5.46017E-02    1.61661E+00    2.67633E-01   -1.63214E-02    2.63538E-01    3.17618E-03    1.66612E-01    8.53437E-02
     7.90000E-01    4.53896E-02    1.60884E+00    2.67787E-01   -1.35707E-02    2.63513E-01    2.64187E-03    1.66591E-01    8.53391E-02
     7.92000E-01    3.62222E-02    1.60106E+00    2.67913E-01   -1.08318E-02    2.63494E-01    2.10952E-03    1.66575E-01    8.53351E-02
     7.94000E-01    2.70995E-02    1.59327E+00    2.68011E-01   -8.10491E-03    2.63478E-01    1.57916E-03    1.66562E-01    8.53320E-02
     7.96000E-01    1.80216E-02    1.58545E+00    2.68081E-01   -5.39042E-03    2.63467E-01    1.05078E-03    1.66553E-01    8.53298E-02
     7.98000E-01    8.98838E-03    1.57762E+00    2.68122E-01   -2.68867E-03    2.63461E-01    5.24393E-04    1.66547E-01    8.53284E-02
     8.00000E-01    0.00000E+00    1.56978E+00    2.68136E-01   -1.52235E-96    2.63459E-01   -1.23109E-24    1.66545E-01    8.53279E-02
