     1.00000E-05    4.04434E+00   -3.03204E-05   -5.68559E-01   -1.83246E-05    4.69116E-01    7.90375E-06    3.93370E-01    9.97173E-11
     3.50997E-03    4.04420E+00    1.71687E-02   -5.68511E-01   -6.43163E-03    4.69099E-01    2.77405E-03    3.93349E-01    1.22844E-05
     7.00995E-03    4.04377E+00    3.42846E-02   -5.68369E-01   -1.28434E-02    4.69047E-01    5.53930E-03    3.93286E-01    4.89907E-05
     1.05099E-02    4.04307E+00    5.13930E-02   -5.68132E-01   -1.92522E-02    4.68962E-01    8.30276E-03    3.93181E-01    1.10097E-04
     1.40099E-02    4.04208E+00    6.84898E-02   -5.67800E-01   -2.56565E-02    4.68842E-01    1.10635E-02    3.93033E-01    1.95569E-04
     1.75099E-02    4.04080E+00    8.55714E-02   -5.67375E-01   -3.20548E-02    4.68687E-01    1.38208E-02    3.92844E-01    3.05356E-04
     2.10099E-02    4.03925E+00    1.02634E-01   -5.66855E-01   -3.84455E-02    4.68499E-01    1.65735E-02    3.92613E-01    4.39394E-04
     2.45098E-02    4.03741E+00    1.19674E-01   -5.66240E-01   -4.48273E-02    4.68277E-01    1.93210E-02    3.92340E-01    5.97606E-04
     2.80098E-02    4.03530E+00    1.36687E-01   -5.65532E-01   -5.11987E-02    4.68020E-01    2.20622E-02    3.92026E-01    7.79900E-04
     3.15098E-02    4.03290E+00    1.53670E-01   -5.64730E-01   -5.75580E-02    4.67730E-01    2.47964E-02    3.91670E-01    9.86169E-04
     3.50097E-02    4.03022E+00    1.70618E-01   -5.63835E-01   -6.39039E-02    4.67405E-01    2.75226E-02    3.91273E-01    1.21629E-03
     3.85097E-02    4.02726E+00    1.87529E-01   -5.62847E-01   -7.02350E-02    4.67047E-01    3.02399E-02    3.90834E-01    1.47014E-03
     4.20097E-02    4.02403E+00    2.04398E-01   -5.61766E-01   -7.65497E-02    4.66655E-01    3.29476E-02    3.90354E-01    1.74757E-03
     4.55097E-02    4.02052E+00    2.21222E-01   -5.60593E-01   -8.28465E-02    4.66229E-01    3.56447E-02    3.89834E-01    2.04841E-03
     4.90096E-02    4.01673E+00    2.37997E-01   -5.59327E-01   -8.91242E-02    4.65770E-01    3.83305E-02    3.89273E-01    2.37249E-03
     5.25096E-02    4.01266E+00    2.54720E-01   -5.57970E-01   -9.53812E-02    4.65277E-01    4.10040E-02    3.88671E-01    2.71963E-03
     5.60096E-02    4.00832E+00    2.71386E-01   -5.56522E-01   -1.01616E-01    4.64751E-01    4.36645E-02    3.88029E-01    3.08962E-03
     5.95096E-02    4.00371E+00    2.87992E-01   -5.54984E-01   -1.07827E-01    4.64192E-01    4.63111E-02    3.87347E-01    3.48226E-03
     6.30095E-02    3.99882E+00    3.04535E-01   -5.53355E-01   -1.14014E-01    4.63600E-01    4.89430E-02    3.86626E-01    3.89732E-03
     6.65095E-02    3.99366E+00    3.21011E-01   -5.51636E-01   -1.20174E-01    4.62975E-01    5.15593E-02    3.85865E-01    4.33456E-03
     7.00095E-02    3.98824E+00    3.37416E-01   -5.49828E-01   -1.26307E-01    4.62318E-01    5.41594E-02    3.85065E-01    4.79372E-03
     7.35095E-02    3.98254E+00    3.53747E-01   -5.47932E-01   -1.32410E-01    4.61628E-01    5.67424E-02    3.84227E-01    5.27457E-03
     7.70094E-02    3.97658E+00    3.70001E-01   -5.45949E-01   -1.38483E-01    4.60905E-01    5.93076E-02    3.83349E-01    5.77680E-03
     8.05094E-02    3.97035E+00    3.86174E-01   -5.43878E-01   -1.44525E-01    4.60150E-01    6.18541E-02    3.82434E-01    6.30015E-03
     8.40094E-02    3.96386E+00    4.02263E-01   -5.41720E-01   -1.50534E-01    4.59363E-01    6.43813E-02    3.81481E-01    6.84432E-03
     8.75094E-02    3.95711E+00    4.18265E-01   -5.39477E-01   -1.56508E-01    4.58545E-01    6.68883E-02    3.80491E-01    7.40900E-03
     9.10093E-02    3.95009E+00    4.34175E-01   -5.37148E-01   -1.62447E-01    4.57695E-01    6.93745E-02    3.79464E-01    7.99387E-03
     9.45093E-02    3.94282E+00    4.49991E-01   -5.34735E-01   -1.68349E-01    4.56813E-01    7.18392E-02    3.78400E-01    8.59861E-03
     9.80093E-02    3.93529E+00    4.65710E-01   -5.32239E-01   -1.74213E-01    4.55901E-01    7.42816E-02    3.77300E-01    9.22287E-03
     1.01509E-01    3.92750E+00    4.81328E-01   -5.29660E-01   -1.80038E-01    4.54957E-01    7.67011E-02    3.76164E-01    9.86632E-03
     1.05009E-01    3.91946E+00    4.96842E-01   -5.26999E-01   -1.85822E-01    4.53983E-01    7.90969E-02    3.74992E-01    1.05286E-02
     1.08509E-01    3.91117E+00    5.12250E-01   -5.24257E-01   -1.91565E-01    4.52978E-01    8.14685E-02    3.73786E-01    1.12093E-02
     1.12009E-01    3.90263E+00    5.27548E-01   -5.21434E-01   -1.97265E-01    4.51943E-01    8.38151E-02    3.72546E-01    1.19081E-02
     1.15509E-01    3.89385E+00    5.42733E-01   -5.18533E-01   -2.02921E-01    4.50878E-01    8.61363E-02    3.71271E-01    1.26246E-02
     1.19009E-01    3.88482E+00    5.57802E-01   -5.15553E-01   -2.08532E-01    4.49784E-01    8.84312E-02    3.69963E-01    1.33584E-02
     1.22509E-01    3.87554E+00    5.72752E-01   -5.12495E-01   -2.14096E-01    4.48660E-01    9.06994E-02    3.68622E-01    1.41092E-02
     1.26009E-01    3.86603E+00    5.87581E-01   -5.09361E-01   -2.19614E-01    4.47506E-01    9.29403E-02    3.67249E-01    1.48764E-02
     1.29509E-01    3.85628E+00    6.02285E-01   -5.06151E-01   -2.25084E-01    4.46324E-01    9.51532E-02    3.65843E-01    1.56597E-02
     1.33009E-01    3.84629E+00    6.16863E-01   -5.02867E-01   -2.30504E-01    4.45114E-01    9.73377E-02    3.64406E-01    1.64587E-02
     1.36509E-01    3.83607E+00    6.31310E-01   -4.99509E-01   -2.35874E-01    4.43875E-01    9.94932E-02    3.62939E-01    1.72729E-02
     1.40009E-01    3.82562E+00    6.45626E-01   -4.96078E-01   -2.41193E-01    4.42608E-01    1.01619E-01    3.61440E-01    1.81019E-02
     1.43509E-01    3.81494E+00    6.59806E-01   -4.92576E-01   -2.46459E-01    4.41314E-01    1.03715E-01    3.59912E-01    1.89453E-02
     1.47009E-01    3.80403E+00    6.73848E-01   -4.89003E-01   -2.51673E-01    4.39992E-01    1.05781E-01    3.58355E-01    1.98026E-02
     1.50509E-01    3.79291E+00    6.87751E-01   -4.85361E-01   -2.56832E-01    4.38643E-01    1.07815E-01    3.56768E-01    2.06733E-02
     1.54009E-01    3.78156E+00    7.01511E-01   -4.81651E-01   -2.61937E-01    4.37268E-01    1.09818E-01    3.55154E-01    2.15571E-02
     1.57509E-01    3.76999E+00    7.15127E-01   -4.77874E-01   -2.66985E-01    4.35866E-01    1.11790E-01    3.53512E-01    2.24535E-02
     1.61009E-01    3.75821E+00    7.28596E-01   -4.74030E-01   -2.71978E-01    4.34438E-01    1.13729E-01    3.51843E-01    2.33619E-02
     1.64509E-01    3.74622E+00    7.41915E-01   -4.70122E-01   -2.76912E-01    4.32984E-01    1.15635E-01    3.50147E-01    2.42820E-02
     1.68009E-01    3.73402E+00    7.55083E-01   -4.66149E-01   -2.81789E-01    4.31505E-01    1.17509E-01    3.48426E-01    2.52132E-02
     1.71509E-01    3.72161E+00    7.68097E-01   -4.62114E-01   -2.86607E-01    4.30001E-01    1.19349E-01    3.46679E-01    2.61551E-02
     1.75009E-01    3.70900E+00    7.80956E-01   -4.58017E-01   -2.91365E-01    4.28472E-01    1.21156E-01    3.44908E-01    2.71072E-02
     1.78509E-01    3.69619E+00    7.93658E-01   -4.53860E-01   -2.96063E-01    4.26919E-01    1.22928E-01    3.43112E-01    2.80690E-02
     1.82009E-01    3.68318E+00    8.06200E-01   -4.49644E-01   -3.00700E-01    4.25342E-01    1.24666E-01    3.41294E-01    2.90401E-02
     1.85509E-01    3.66997E+00    8.18581E-01   -4.45370E-01   -3.05275E-01    4.23742E-01    1.26370E-01    3.39452E-01    3.00200E-02
     1.89009E-01    3.65658E+00    8.30799E-01   -4.41039E-01   -3.09788E-01    4.22118E-01    1.28038E-01    3.37588E-01    3.10082E-02
     1.92509E-01    3.64299E+00    8.42852E-01   -4.36652E-01   -3.14237E-01    4.20472E-01    1.29672E-01    3.35702E-01    3.20041E-02
     1.96009E-01    3.62922E+00    8.54738E-01   -4.32211E-01   -3.18624E-01    4.18803E-01    1.31270E-01    3.33796E-01    3.30074E-02
     1.99509E-01    3.61527E+00    8.66457E-01   -4.27717E-01   -3.22946E-01    4.17112E-01    1.32833E-01    3.31869E-01    3.40176E-02
     2.03009E-01    3.60114E+00    8.78006E-01   -4.23171E-01   -3.27204E-01    4.15399E-01    1.34359E-01    3.29922E-01    3.50340E-02
     2.06509E-01    3.58683E+00    8.89384E-01   -4.18574E-01   -3.31397E-01    4.13666E-01    1.35850E-01    3.27957E-01    3.60564E-02
     2.10008E-01    3.57235E+00    9.00590E-01   -4.13928E-01   -3.35525E-01    4.11911E-01    1.37305E-01    3.25973E-01    3.70842E-02
     2.13508E-01    3.55770E+00    9.11622E-01   -4.09233E-01   -3.39586E-01    4.10135E-01    1.38724E-01    3.23970E-01    3.81169E-02
     2.17008E-01    3.54289E+00    9.22479E-01   -4.04491E-01   -3.43582E-01    4.08340E-01    1.40106E-01    3.21951E-01    3.91540E-02
     2.20508E-01    3.52791E+00    9.33160E-01   -3.99704E-01   -3.47510E-01    4.06525E-01    1.41452E-01    3.19915E-01    4.01951E-02
     2.24008E-01    3.51277E+00    9.43664E-01   -3.94872E-01   -3.51372E-01    4.04691E-01    1.42761E-01    3.17863E-01    4.12397E-02
     2.27508E-01    3.49747E+00    9.53989E-01   -3.89997E-01   -3.55166E-01    4.02837E-01    1.44034E-01    3.15796E-01    4.22872E-02
     2.31008E-01    3.48203E+00    9.64135E-01   -3.85079E-01   -3.58892E-01    4.00966E-01    1.45270E-01    3.13714E-01    4.33374E-02
     2.34508E-01    3.46643E+00    9.74101E-01   -3.80121E-01   -3.62550E-01    3.99076E-01    1.46470E-01    3.11618E-01    4.43896E-02
     2.38008E-01    3.45068E+00    9.83885E-01   -3.75124E-01   -3.66140E-01    3.97169E-01    1.47632E-01    3.09509E-01    4.54434E-02
     2.41508E-01    3.43480E+00    9.93488E-01   -3.70088E-01   -3.69661E-01    3.95244E-01    1.48758E-01    3.07387E-01    4.64984E-02
     2.45008E-01    3.41877E+00    1.00291E+00   -3.65014E-01   -3.73114E-01    3.93302E-01    1.49847E-01    3.05252E-01    4.75541E-02
     2.48508E-01    3.40260E+00    1.01214E+00   -3.59906E-01   -3.76498E-01    3.91345E-01    1.50900E-01    3.03106E-01    4.86101E-02
     2.52008E-01    3.38630E+00    1.02120E+00   -3.54762E-01   -3.79812E-01    3.89371E-01    1.51916E-01    3.00949E-01    4.96659E-02
     2.55508E-01    3.36988E+00    1.03007E+00   -3.49585E-01   -3.83057E-01    3.87381E-01    1.52895E-01    2.98781E-01    5.07210E-02
     2.59008E-01    3.35332E+00    1.03875E+00   -3.44376E-01   -3.86233E-01    3.85377E-01    1.53838E-01    2.96604E-01    5.17751E-02
     2.62508E-01    3.33665E+00    1.04725E+00   -3.39136E-01   -3.89340E-01    3.83357E-01    1.54745E-01    2.94417E-01    5.28276E-02
     2.66008E-01    3.31985E+00    1.05556E+00   -3.33866E-01   -3.92377E-01    3.81324E-01    1.55615E-01    2.92222E-01    5.38783E-02
     2.69508E-01    3.30294E+00    1.06369E+00   -3.28568E-01   -3.95344E-01    3.79276E-01    1.56449E-01    2.90019E-01    5.49265E-02
     2.73008E-01    3.28591E+00    1.07163E+00   -3.23243E-01   -3.98241E-01    3.77215E-01    1.57247E-01    2.87809E-01    5.59721E-02
     2.76508E-01    3.26877E+00    1.07938E+00   -3.17891E-01   -4.01069E-01    3.75141E-01    1.58009E-01    2.85591E-01    5.70144E-02
     2.80008E-01    3.25153E+00    1.08695E+00   -3.12515E-01   -4.03828E-01    3.73054E-01    1.58736E-01    2.83368E-01    5.80532E-02
     2.83508E-01    3.23419E+00    1.09433E+00   -3.07115E-01   -4.06516E-01    3.70955E-01    1.59427E-01    2.81139E-01    5.90880E-02
     2.87008E-01    3.21674E+00    1.10152E+00   -3.01692E-01   -4.09135E-01    3.68844E-01    1.60082E-01    2.78904E-01    6.01184E-02
     2.90508E-01    3.19920E+00    1.10853E+00   -2.96249E-01   -4.11685E-01    3.66722E-01    1.60702E-01    2.76666E-01    6.11441E-02
     2.94008E-01    3.18157E+00    1.11535E+00   -2.90785E-01   -4.14165E-01    3.64589E-01    1.61288E-01    2.74423E-01    6.21647E-02
     2.97508E-01    3.16385E+00    1.12199E+00   -2.85302E-01   -4.16576E-01    3.62446E-01    1.61839E-01    2.72177E-01    6.31798E-02
     3.01008E-01    3.14604E+00    1.12843E+00   -2.79801E-01   -4.18918E-01    3.60292E-01    1.62355E-01    2.69928E-01    6.41890E-02
     3.04508E-01    3.12815E+00    1.13470E+00   -2.74284E-01   -4.21191E-01    3.58128E-01    1.62837E-01    2.67676E-01    6.51920E-02
     3.08008E-01    3.11018E+00    1.14078E+00   -2.68751E-01   -4.23395E-01    3.55956E-01    1.63285E-01    2.65423E-01    6.61885E-02
     3.11508E-01    3.09213E+00    1.14667E+00   -2.63204E-01   -4.25530E-01    3.53774E-01    1.63700E-01    2.63169E-01    6.71780E-02
     3.15008E-01    3.07402E+00    1.15238E+00   -2.57643E-01   -4.27597E-01    3.51584E-01    1.64081E-01    2.60913E-01    6.81604E-02
     3.18508E-01    3.05583E+00    1.15791E+00   -2.52071E-01   -4.29595E-01    3.49386E-01    1.64429E-01    2.58658E-01    6.91352E-02
     3.22008E-01    3.03757E+00    1.16325E+00   -2.46487E-01   -4.31526E-01    3.47180E-01    1.64744E-01    2.56403E-01    7.01021E-02
     3.25508E-01    3.01925E+00    1.16841E+00   -2.40893E-01   -4.33389E-01    3.44967E-01    1.65027E-01    2.54148E-01    7.10608E-02
     3.29008E-01    3.00088E+00    1.17339E+00   -2.35291E-01   -4.35185E-01    3.42747E-01    1.65277E-01    2.51895E-01    7.20111E-02
     3.32508E-01    2.98244E+00    1.17818E+00   -2.29681E-01   -4.36913E-01    3.40521E-01    1.65496E-01    2.49644E-01    7.29526E-02
     3.36008E-01    2.96396E+00    1.18280E+00   -2.24063E-01   -4.38575E-01    3.38289E-01    1.65683E-01    2.47394E-01    7.38850E-02
     3.39508E-01    2.94542E+00    1.18724E+00   -2.18441E-01   -4.40170E-01    3.36051E-01    1.65839E-01    2.45147E-01    7.48081E-02
     3.43008E-01    2.92683E+00    1.19149E+00   -2.12813E-01   -4.41699E-01    3.33808E-01    1.65964E-01    2.42904E-01    7.57216E-02
     3.46508E-01    2.90820E+00    1.19557E+00   -2.07182E-01   -4.43162E-01    3.31560E-01    1.66059E-01    2.40664E-01    7.66252E-02
     3.50007E-01    2.88953E+00    1.19948E+00   -2.01548E-01   -4.44560E-01    3.29307E-01    1.66124E-01    2.38428E-01    7.75187E-02
     3.53507E-01    2.87083E+00    1.20320E+00   -1.95913E-01   -4.45892E-01    3.27051E-01    1.66159E-01    2.36196E-01    7.84019E-02
     3.57007E-01    2.85209E+00    1.20676E+00   -1.90277E-01   -4.47160E-01    3.24791E-01    1.66165E-01    2.33969E-01    7.92745E-02
     3.60507E-01    2.83331E+00    1.21014E+00   -1.84641E-01   -4.48364E-01    3.22527E-01    1.66142E-01    2.31748E-01    8.01362E-02
     3.64007E-01    2.81451E+00    1.21334E+00   -1.79006E-01   -4.49503E-01    3.20261E-01    1.66091E-01    2.29532E-01    8.09869E-02
     3.67507E-01    2.79568E+00    1.21638E+00   -1.73374E-01   -4.50580E-01    3.17992E-01    1.66011E-01    2.27322E-01    8.18263E-02
     3.71007E-01    2.77683E+00    1.21924E+00   -1.67745E-01   -4.51593E-01    3.15721E-01    1.65904E-01    2.25119E-01    8.26543E-02
     3.74507E-01    2.75796E+00    1.22194E+00   -1.62120E-01   -4.52544E-01    3.13448E-01    1.65770E-01    2.22923E-01    8.34707E-02
     3.78007E-01    2.73907E+00    1.22447E+00   -1.56500E-01   -4.53433E-01    3.11173E-01    1.65608E-01    2.20733E-01    8.42752E-02
     3.81507E-01    2.72017E+00    1.22683E+00   -1.50886E-01   -4.54260E-01    3.08898E-01    1.65420E-01    2.18552E-01    8.50677E-02
     3.85007E-01    2.70126E+00    1.22903E+00   -1.45279E-01   -4.55026E-01    3.06622E-01    1.65207E-01    2.16378E-01    8.58480E-02
     3.88507E-01    2.68234E+00    1.23106E+00   -1.39679E-01   -4.55732E-01    3.04345E-01    1.64967E-01    2.14212E-01    8.66160E-02
     3.92007E-01    2.66341E+00    1.23293E+00   -1.34088E-01   -4.56377E-01    3.02068E-01    1.64703E-01    2.12055E-01    8.73715E-02
     3.95507E-01    2.64448E+00    1.23465E+00   -1.28506E-01   -4.56963E-01    2.99792E-01    1.64414E-01    2.09907E-01    8.81144E-02
     3.99007E-01    2.62555E+00    1.23620E+00   -1.22935E-01   -4.57490E-01    2.97517E-01    1.64100E-01    2.07769E-01    8.88444E-02
     4.02507E-01    2.60663E+00    1.23759E+00   -1.17374E-01   -4.57958E-01    2.95242E-01    1.63763E-01    2.05640E-01    8.95616E-02
     4.06007E-01    2.58771E+00    1.23883E+00   -1.11825E-01   -4.58369E-01    2.92969E-01    1.63402E-01    2.03520E-01    9.02658E-02
     4.09507E-01    2.56879E+00    1.23992E+00   -1.06289E-01   -4.58722E-01    2.90697E-01    1.63019E-01    2.01411E-01    9.09568E-02
     4.13007E-01    2.54989E+00    1.24085E+00   -1.00766E-01   -4.59018E-01    2.88427E-01    1.62613E-01    1.99312E-01    9.16346E-02
     4.16507E-01    2.53100E+00    1.24163E+00   -9.52576E-02   -4.59259E-01    2.86160E-01    1.62184E-01    1.97224E-01    9.22990E-02
     4.20007E-01    2.51212E+00    1.24226E+00   -8.97638E-02   -4.59443E-01    2.83895E-01    1.61735E-01    1.95147E-01    9.29500E-02
     4.23507E-01    2.49327E+00    1.24274E+00   -8.42857E-02   -4.59572E-01    2.81634E-01    1.61264E-01    1.93082E-01    9.35875E-02
     4.27007E-01    2.47443E+00    1.24308E+00   -7.88239E-02   -4.59647E-01    2.79375E-01    1.60772E-01    1.91027E-01    9.42114E-02
     4.30507E-01    2.45561E+00    1.24327E+00   -7.33791E-02   -4.59668E-01    2.77120E-01    1.60261E-01    1.88985E-01    9.48216E-02
     4.34007E-01    2.43683E+00    1.24332E+00   -6.79521E-02   -4.59636E-01    2.74869E-01    1.59729E-01    1.86954E-01    9.54182E-02
     4.37507E-01    2.41806E+00    1.24323E+00   -6.25436E-02   -4.59551E-01    2.72622E-01    1.59178E-01    1.84936E-01    9.60009E-02
     4.41007E-01    2.39933E+00    1.24300E+00   -5.71541E-02   -4.59414E-01    2.70379E-01    1.58608E-01    1.82930E-01    9.65699E-02
     4.44507E-01    2.38063E+00    1.24263E+00   -5.17843E-02   -4.59225E-01    2.68141E-01    1.58020E-01    1.80937E-01    9.71250E-02
     4.48007E-01    2.36197E+00    1.24213E+00   -4.64349E-02   -4.58986E-01    2.65909E-01    1.57414E-01    1.78956E-01    9.76662E-02
     4.51507E-01    2.34334E+00    1.24149E+00   -4.11066E-02   -4.58697E-01    2.63681E-01    1.56790E-01    1.76989E-01    9.81935E-02
     4.55007E-01    2.32475E+00    1.24072E+00   -3.57998E-02   -4.58358E-01    2.61459E-01    1.56149E-01    1.75034E-01    9.87068E-02
     4.58507E-01    2.30620E+00    1.23983E+00   -3.05152E-02   -4.57970E-01    2.59243E-01    1.55492E-01    1.73093E-01    9.92062E-02
     4.62007E-01    2.28769E+00    1.23880E+00   -2.52534E-02   -4.57534E-01    2.57032E-01    1.54818E-01    1.71166E-01    9.96917E-02
     4.65507E-01    2.26923E+00    1.23765E+00   -2.00150E-02   -4.57050E-01    2.54828E-01    1.54128E-01    1.69252E-01    1.00163E-01
     4.69007E-01    2.25081E+00    1.23637E+00   -1.48005E-02   -4.56519E-01    2.52631E-01    1.53424E-01    1.67352E-01    1.00621E-01
     4.72507E-01    2.23244E+00    1.23497E+00   -9.61038E-03   -4.55942E-01    2.50441E-01    1.52704E-01    1.65467E-01    1.01064E-01
     4.76007E-01    2.21412E+00    1.23345E+00   -4.44527E-03   -4.55320E-01    2.48257E-01    1.51970E-01    1.63595E-01    1.01494E-01
     4.79507E-01    2.19586E+00    1.23181E+00    6.94365E-04   -4.54652E-01    2.46081E-01    1.51221E-01    1.61737E-01    1.01910E-01
     4.83007E-01    2.17765E+00    1.23006E+00    5.80802E-03   -4.53940E-01    2.43912E-01    1.50460E-01    1.59894E-01    1.02312E-01
     4.86507E-01    2.15950E+00    1.22819E+00    1.08952E-02   -4.53185E-01    2.41751E-01    1.49685E-01    1.58066E-01    1.02700E-01
     4.90006E-01    2.14140E+00    1.22621E+00    1.59555E-02   -4.52386E-01    2.39598E-01    1.48897E-01    1.56252E-01    1.03074E-01
     4.93506E-01    2.12336E+00    1.22412E+00    2.09883E-02   -4.51545E-01    2.37453E-01    1.48097E-01    1.54453E-01    1.03435E-01
     4.97006E-01    2.10539E+00    1.22191E+00    2.59933E-02   -4.50663E-01    2.35317E-01    1.47285E-01    1.52668E-01    1.03782E-01
     5.00506E-01    2.08747E+00    1.21961E+00    3.09701E-02   -4.49739E-01    2.33189E-01    1.46461E-01    1.50899E-01    1.04115E-01
     5.04006E-01    2.06963E+00    1.21719E+00    3.59182E-02   -4.48776E-01    2.31070E-01    1.45627E-01    1.49145E-01    1.04435E-01
     5.07506E-01    2.05184E+00    1.21468E+00    4.08372E-02   -4.47772E-01    2.28960E-01    1.44782E-01    1.47405E-01    1.04741E-01
     5.11006E-01    2.03413E+00    1.21206E+00    4.57267E-02   -4.46730E-01    2.26859E-01    1.43926E-01    1.45681E-01    1.05033E-01
     5.14506E-01    2.01648E+00    1.20935E+00    5.05863E-02   -4.45649E-01    2.24767E-01    1.43060E-01    1.43972E-01    1.05313E-01
     5.18006E-01    1.99891E+00    1.20653E+00    5.54158E-02   -4.44531E-01    2.22685E-01    1.42186E-01    1.42278E-01    1.05579E-01
     5.21506E-01    1.98140E+00    1.20363E+00    6.02147E-02   -4.43376E-01    2.20613E-01    1.41301E-01    1.40600E-01    1.05832E-01
     5.25006E-01    1.96397E+00    1.20062E+00    6.49826E-02   -4.42184E-01    2.18551E-01    1.40409E-01    1.38937E-01    1.06071E-01
     5.28506E-01    1.94662E+00    1.19753E+00    6.97194E-02   -4.40957E-01    2.16498E-01    1.39507E-01    1.37289E-01    1.06298E-01
     5.32006E-01    1.92934E+00    1.19435E+00    7.44246E-02   -4.39695E-01    2.14456E-01    1.38598E-01    1.35657E-01    1.06512E-01
     5.35506E-01    1.91214E+00    1.19108E+00    7.90979E-02   -4.38399E-01    2.12425E-01    1.37682E-01    1.34040E-01    1.06713E-01
     5.39006E-01    1.89501E+00    1.18773E+00    8.37392E-02   -4.37069E-01    2.10403E-01    1.36758E-01    1.32439E-01    1.06901E-01
     5.42506E-01    1.87797E+00    1.18429E+00    8.83480E-02   -4.35706E-01    2.08393E-01    1.35827E-01    1.30853E-01    1.07076E-01
     5.46006E-01    1.86100E+00    1.18077E+00    9.29241E-02   -4.34311E-01    2.06393E-01    1.34889E-01    1.29283E-01    1.07239E-01
     5.49506E-01    1.84412E+00    1.17718E+00    9.74674E-02   -4.32884E-01    2.04404E-01    1.33946E-01    1.27728E-01    1.07390E-01
     5.53006E-01    1.82732E+00    1.17350E+00    1.01978E-01   -4.31426E-01    2.02427E-01    1.32996E-01    1.26189E-01    1.07528E-01
     5.56506E-01    1.81060E+00    1.16975E+00    1.06454E-01   -4.29938E-01    2.00460E-01    1.32041E-01    1.24665E-01    1.07654E-01
     5.60006E-01    1.79397E+00    1.16592E+00    1.10897E-01   -4.28421E-01    1.98505E-01    1.31081E-01    1.23157E-01    1.07768E-01
     5.63506E-01    1.77743E+00    1.16202E+00    1.15307E-01   -4.26874E-01    1.96562E-01    1.30116E-01    1.21664E-01    1.07870E-01
     5.67006E-01    1.76097E+00    1.15806E+00    1.19682E-01   -4.25299E-01    1.94629E-01    1.29147E-01    1.20187E-01    1.07960E-01
     5.70506E-01    1.74460E+00    1.15402E+00    1.24023E-01   -4.23696E-01    1.92709E-01    1.28173E-01    1.18726E-01    1.08038E-01
     5.74006E-01    1.72831E+00    1.14992E+00    1.28330E-01   -4.22066E-01    1.90801E-01    1.27196E-01    1.17279E-01    1.08105E-01
     5.77506E-01    1.71212E+00    1.14575E+00    1.32603E-01   -4.20410E-01    1.88904E-01    1.26215E-01    1.15849E-01    1.08161E-01
     5.81006E-01    1.69602E+00    1.14152E+00    1.36840E-01   -4.18728E-01    1.87019E-01    1.25231E-01    1.14433E-01    1.08205E-01
     5.84506E-01    1.68000E+00    1.13723E+00    1.41044E-01   -4.17021E-01    1.85147E-01    1.24243E-01    1.13033E-01    1.08238E-01
     5.88006E-01    1.66408E+00    1.13288E+00    1.45212E-01   -4.15289E-01    1.83286E-01    1.23254E-01    1.11649E-01    1.08260E-01
     5.91506E-01    1.64825E+00    1.12847E+00    1.49345E-01   -4.13534E-01    1.81438E-01    1.22261E-01    1.10279E-01    1.08271E-01
     5.95006E-01    1.63252E+00    1.12401E+00    1.53443E-01   -4.11755E-01    1.79602E-01    1.21267E-01    1.08925E-01    1.08271E-01
     5.98506E-01    1.61687E+00    1.11949E+00    1.57506E-01   -4.09953E-01    1.77779E-01    1.20271E-01    1.07586E-01    1.08261E-01
     6.02006E-01    1.60133E+00    1.11492E+00    1.61534E-01   -4.08130E-01    1.75968E-01    1.19273E-01    1.06262E-01    1.08240E-01
     6.05506E-01    1.58587E+00    1.11030E+00    1.65526E-01   -4.06285E-01    1.74170E-01    1.18274E-01    1.04953E-01    1.08209E-01
     6.09006E-01    1.57051E+00    1.10563E+00    1.69483E-01   -4.04419E-01    1.72384E-01    1.17274E-01    1.03659E-01    1.08168E-01
     6.12506E-01    1.55525E+00    1.10091E+00    1.73405E-01   -4.02533E-01    1.70611E-01    1.16273E-01    1.02380E-01    1.08117E-01
     6.16006E-01    1.54008E+00    1.09615E+00    1.77291E-01   -4.00627E-01    1.68851E-01    1.15272E-01    1.01116E-01    1.08056E-01
     6.19506E-01    1.52501E+00    1.09134E+00    1.81141E-01   -3.98702E-01    1.67103E-01    1.14270E-01    9.98670E-02    1.07985E-01
     6.23006E-01    1.51003E+00    1.08649E+00    1.84956E-01   -3.96758E-01    1.65368E-01    1.13269E-01    9.86324E-02    1.07904E-01
     6.26506E-01    1.49516E+00    1.08160E+00    1.88736E-01   -3.94797E-01    1.63647E-01    1.12267E-01    9.74126E-02    1.07814E-01
     6.30005E-01    1.48038E+00    1.07667E+00    1.92480E-01   -3.92818E-01    1.61938E-01    1.11266E-01    9.62072E-02    1.07715E-01
     6.33505E-01    1.46570E+00    1.07171E+00    1.96188E-01   -3.90822E-01    1.60242E-01    1.10266E-01    9.50164E-02    1.07607E-01
     6.37005E-01    1.45111E+00    1.06670E+00    1.99861E-01   -3.88810E-01    1.58559E-01    1.09266E-01    9.38400E-02    1.07490E-01
     6.40505E-01    1.43663E+00    1.06167E+00    2.03499E-01   -3.86782E-01    1.56889E-01    1.08268E-01    9.26780E-02    1.07364E-01
     6.44005E-01    1.42224E+00    1.05660E+00    2.07101E-01   -3.84739E-01    1.55233E-01    1.07271E-01    9.15302E-02    1.07229E-01
     6.47505E-01    1.40795E+00    1.05150E+00    2.10667E-01   -3.82682E-01    1.53589E-01    1.06275E-01    9.03965E-02    1.07086E-01
     6.51005E-01    1.39377E+00    1.04636E+00    2.14199E-01   -3.80610E-01    1.51959E-01    1.05281E-01    8.92769E-02    1.06934E-01
     6.54505E-01    1.37968E+00    1.04120E+00    2.17695E-01   -3.78525E-01    1.50341E-01    1.04289E-01    8.81713E-02    1.06774E-01
     6.58005E-01    1.36569E+00    1.03602E+00    2.21155E-01   -3.76427E-01    1.48737E-01    1.03299E-01    8.70795E-02    1.06606E-01
     6.61505E-01    1.35180E+00    1.03080E+00    2.24581E-01   -3.74316E-01    1.47146E-01    1.02311E-01    8.60015E-02    1.06430E-01
     6.65005E-01    1.33801E+00    1.02557E+00    2.27971E-01   -3.72193E-01    1.45568E-01    1.01326E-01    8.49373E-02    1.06247E-01
     6.68505E-01    1.32432E+00    1.02031E+00    2.31327E-01   -3.70058E-01    1.44004E-01    1.00343E-01    8.38865E-02    1.06056E-01
     6.72005E-01    1.31072E+00    1.01502E+00    2.34647E-01   -3.67913E-01    1.42452E-01    9.93633E-02    8.28493E-02    1.05857E-01
     6.75505E-01    1.29723E+00    1.00972E+00    2.37933E-01   -3.65757E-01    1.40914E-01    9.83862E-02    8.18255E-02    1.05651E-01
     6.79005E-01    1.28384E+00    1.00440E+00    2.41184E-01   -3.63591E-01    1.39389E-01    9.74123E-02    8.08149E-02    1.05438E-01
     6.82505E-01    1.27055E+00    9.99062E-01    2.44400E-01   -3.61415E-01    1.37877E-01    9.64416E-02    7.98176E-02    1.05218E-01
     6.86005E-01    1.25735E+00    9.93707E-01    2.47582E-01   -3.59230E-01    1.36378E-01    9.54743E-02    7.88332E-02    1.04992E-01
     6.89505E-01    1.24426E+00    9.88336E-01    2.50730E-01   -3.57036E-01    1.34893E-01    9.45105E-02    7.78619E-02    1.04758E-01
     6.93005E-01    1.23127E+00    9.82952E-01    2.53843E-01   -3.54835E-01    1.33420E-01    9.35504E-02    7.69034E-02    1.04518E-01
     6.96505E-01    1.21837E+00    9.77554E-01    2.56923E-01   -3.52625E-01    1.31961E-01    9.25941E-02    7.59577E-02    1.04272E-01
     7.00005E-01    1.20558E+00    9.72145E-01    2.59968E-01   -3.50408E-01    1.30515E-01    9.16418E-02    7.50246E-02    1.04019E-01
     7.03505E-01    1.19288E+00    9.66726E-01    2.62980E-01   -3.48184E-01    1.29082E-01    9.06935E-02    7.41040E-02    1.03760E-01
     7.07005E-01    1.18028E+00    9.61297E-01    2.65958E-01   -3.45953E-01    1.27662E-01    8.97494E-02    7.31958E-02    1.03496E-01
     7.10505E-01    1.16778E+00    9.55860E-01    2.68902E-01   -3.43717E-01    1.26255E-01    8.88096E-02    7.23000E-02    1.03225E-01
     7.14005E-01    1.15538E+00    9.50416E-01    2.71814E-01   -3.41475E-01    1.24861E-01    8.78742E-02    7.14163E-02    1.02949E-01
     7.17505E-01    1.14308E+00    9.44966E-01    2.74692E-01   -3.39227E-01    1.23480E-01    8.69433E-02    7.05447E-02    1.02667E-01
     7.21005E-01    1.13087E+00    9.39512E-01    2.77537E-01   -3.36975E-01    1.22112E-01    8.60171E-02    6.96851E-02    1.02380E-01
     7.24505E-01    1.11877E+00    9.34053E-01    2.80349E-01   -3.34718E-01    1.20757E-01    8.50956E-02    6.88373E-02    1.02088E-01
     7.28005E-01    1.10676E+00    9.28591E-01    2.83129E-01   -3.32457E-01    1.19415E-01    8.41790E-02    6.80013E-02    1.01791E-01
     7.31505E-01    1.09484E+00    9.23128E-01    2.85877E-01   -3.30192E-01    1.18085E-01    8.32672E-02    6.71769E-02    1.01489E-01
     7.35005E-01    1.08303E+00    9.17663E-01    2.88592E-01   -3.27924E-01    1.16769E-01    8.23605E-02    6.63640E-02    1.01181E-01
     7.38505E-01    1.07131E+00    9.12199E-01    2.91275E-01   -3.25653E-01    1.15465E-01    8.14589E-02    6.55625E-02    1.00870E-01
     7.42005E-01    1.05968E+00    9.06735E-01    2.93926E-01   -3.23379E-01    1.14174E-01    8.05624E-02    6.47723E-02    1.00554E-01
     7.45505E-01    1.04816E+00    9.01274E-01    2.96546E-01   -3.21103E-01    1.12896E-01    7.96713E-02    6.39932E-02    1.00233E-01
     7.49005E-01    1.03673E+00    8.95815E-01    2.99134E-01   -3.18825E-01    1.11631E-01    7.87854E-02    6.32252E-02    9.99080E-02
     7.52505E-01    1.02539E+00    8.90360E-01    3.01691E-01   -3.16546E-01    1.10378E-01    7.79050E-02    6.24682E-02    9.95790E-02
     7.56005E-01    1.01415E+00    8.84910E-01    3.04217E-01   -3.14265E-01    1.09137E-01    7.70300E-02    6.17219E-02    9.92460E-02
     7.59505E-01    1.00300E+00    8.79465E-01    3.06712E-01   -3.11983E-01    1.07910E-01    7.61606E-02    6.09864E-02    9.89091E-02
     7.63005E-01    9.91946E-01    8.74026E-01    3.09177E-01   -3.09701E-01    1.06694E-01    7.52967E-02    6.02615E-02    9.85685E-02
     7.66505E-01    9.80985E-01    8.68594E-01    3.11611E-01   -3.07418E-01    1.05491E-01    7.44386E-02    5.95470E-02    9.82243E-02
     7.70004E-01    9.70118E-01    8.63171E-01    3.14015E-01   -3.05135E-01    1.04300E-01    7.35861E-02    5.88429E-02    9.78766E-02
     7.73504E-01    9.59344E-01    8.57755E-01    3.16389E-01   -3.02852E-01    1.03122E-01    7.27394E-02    5.81490E-02    9.75255E-02
     7.77004E-01    9.48661E-01    8.52349E-01    3.18734E-01   -3.00570E-01    1.01956E-01    7.18985E-02    5.74653E-02    9.71712E-02
     7.80504E-01    9.38071E-01    8.46953E-01    3.21049E-01   -2.98289E-01    1.00802E-01    7.10635E-02    5.67916E-02    9.68138E-02
     7.84004E-01    9.27572E-01    8.41568E-01    3.23335E-01   -2.96009E-01    9.96600E-02    7.02344E-02    5.61278E-02    9.64534E-02
     7.87504E-01    9.17163E-01    8.36194E-01    3.25592E-01   -2.93730E-01    9.85302E-02    6.94112E-02    5.54738E-02    9.60901E-02
     7.91004E-01    9.06845E-01    8.30832E-01    3.27820E-01   -2.91453E-01    9.74123E-02    6.85940E-02    5.48295E-02    9.57241E-02
     7.94504E-01    8.96617E-01    8.25483E-01    3.30019E-01   -2.89178E-01    9.63064E-02    6.77829E-02    5.41947E-02    9.53554E-02
     7.98004E-01    8.86478E-01    8.20148E-01    3.32190E-01   -2.86904E-01    9.52124E-02    6.69777E-02    5.35694E-02    9.49842E-02
     8.01504E-01    8.76427E-01    8.14826E-01    3.34333E-01   -2.84634E-01    9.41302E-02    6.61787E-02    5.29535E-02    9.46106E-02
     8.05004E-01    8.66465E-01    8.09520E-01    3.36449E-01   -2.82365E-01    9.30597E-02    6.53857E-02    5.23468E-02    9.42347E-02
     8.08504E-01    8.56591E-01    8.04228E-01    3.38536E-01   -2.80100E-01    9.20009E-02    6.45989E-02    5.17492E-02    9.38566E-02
     8.12004E-01    8.46804E-01    7.98952E-01    3.40597E-01   -2.77838E-01    9.09536E-02    6.38182E-02    5.11606E-02    9.34765E-02
     8.15504E-01    8.37104E-01    7.93693E-01    3.42630E-01   -2.75579E-01    8.99180E-02    6.30436E-02    5.05809E-02    9.30943E-02
     8.19004E-01    8.27490E-01    7.88450E-01    3.44636E-01   -2.73323E-01    8.88937E-02    6.22753E-02    5.00101E-02    9.27103E-02
     8.22504E-01    8.17961E-01    7.83225E-01    3.46616E-01   -2.71072E-01    8.78809E-02    6.15132E-02    4.94479E-02    9.23245E-02
     8.26004E-01    8.08518E-01    7.78018E-01    3.48569E-01   -2.68824E-01    8.68794E-02    6.07572E-02    4.88943E-02    9.19371E-02
     8.29504E-01    7.99159E-01    7.72830E-01    3.50496E-01   -2.66580E-01    8.58891E-02    6.00075E-02    4.83492E-02    9.15481E-02
     8.33004E-01    7.89884E-01    7.67660E-01    3.52397E-01   -2.64341E-01    8.49101E-02    5.92640E-02    4.78124E-02    9.11577E-02
     8.36504E-01    7.80692E-01    7.62510E-01    3.54273E-01   -2.62106E-01    8.39421E-02    5.85268E-02    4.72839E-02    9.07658E-02
     8.40004E-01    7.71583E-01    7.57379E-01    3.56123E-01   -2.59876E-01    8.29852E-02    5.77957E-02    4.67636E-02    9.03728E-02
     8.43504E-01    7.62557E-01    7.52269E-01    3.57948E-01   -2.57650E-01    8.20392E-02    5.70710E-02    4.62514E-02    8.99785E-02
     8.47004E-01    7.53612E-01    7.47180E-01    3.59748E-01   -2.55430E-01    8.11041E-02    5.63524E-02    4.57471E-02    8.95832E-02
     8.50504E-01    7.44748E-01    7.42111E-01    3.61523E-01   -2.53215E-01    8.01798E-02    5.56401E-02    4.52506E-02    8.91869E-02
     8.54004E-01    7.35965E-01    7.37064E-01    3.63274E-01   -2.51005E-01    7.92663E-02    5.49340E-02    4.47619E-02    8.87897E-02
     8.57504E-01    7.27261E-01    7.32039E-01    3.65001E-01   -2.48801E-01    7.83634E-02    5.42342E-02    4.42809E-02    8.83917E-02
     8.61004E-01    7.18637E-01    7.27037E-01    3.66704E-01   -2.46602E-01    7.74712E-02    5.35406E-02    4.38074E-02    8.79930E-02
     8.64504E-01    7.10091E-01    7.22056E-01    3.68383E-01   -2.44409E-01    7.65894E-02    5.28532E-02    4.33413E-02    8.75937E-02
     8.68004E-01    7.01624E-01    7.17099E-01    3.70038E-01   -2.42223E-01    7.57181E-02    5.21720E-02    4.28827E-02    8.71939E-02
     8.71504E-01    6.93234E-01    7.12165E-01    3.71670E-01   -2.40042E-01    7.48571E-02    5.14970E-02    4.24312E-02    8.67935E-02
     8.75004E-01    6.84921E-01    7.07255E-01    3.73280E-01   -2.37867E-01    7.40064E-02    5.08281E-02    4.19870E-02    8.63928E-02
     8.78504E-01    6.76684E-01    7.02368E-01    3.74866E-01   -2.35699E-01    7.31660E-02    5.01655E-02    4.15498E-02    8.59919E-02
     8.82004E-01    6.68523E-01    6.97506E-01    3.76430E-01   -2.33537E-01    7.23356E-02    4.95089E-02    4.11196E-02    8.55907E-02
     8.85504E-01    6.60438E-01    6.92668E-01    3.77972E-01   -2.31382E-01    7.15153E-02    4.88585E-02    4.06962E-02    8.51893E-02
     8.89004E-01    6.52426E-01    6.87855E-01    3.79491E-01   -2.29234E-01    7.07050E-02    4.82143E-02    4.02797E-02    8.47879E-02
     8.92504E-01    6.44489E-01    6.83067E-01    3.80989E-01   -2.27092E-01    6.99046E-02    4.75761E-02    3.98698E-02    8.43866E-02
     8.96004E-01    6.36625E-01    6.78304E-01    3.82465E-01   -2.24957E-01    6.91140E-02    4.69440E-02    3.94666E-02    8.39853E-02
     8.99504E-01    6.28833E-01    6.73566E-01    3.83920E-01   -2.22830E-01    6.83332E-02    4.63179E-02    3.90698E-02    8.35842E-02
     9.03004E-01    6.21114E-01    6.68855E-01    3.85354E-01   -2.20709E-01    6.75620E-02    4.56978E-02    3.86795E-02    8.31833E-02
     9.06504E-01    6.13466E-01    6.64169E-01    3.86766E-01   -2.18596E-01    6.68004E-02    4.50838E-02    3.82955E-02    8.27828E-02
     9.10003E-01    6.05889E-01    6.59509E-01    3.88159E-01   -2.16490E-01    6.60483E-02    4.44757E-02    3.79178E-02    8.23826E-02
     9.13503E-01    5.98382E-01    6.54875E-01    3.89530E-01   -2.14391E-01    6.53057E-02    4.38736E-02    3.75463E-02    8.19829E-02
     9.17003E-01    5.90945E-01    6.50268E-01    3.90882E-01   -2.12300E-01    6.45724E-02    4.32774E-02    3.71808E-02    8.15836E-02
     9.20503E-01    5.83577E-01    6.45688E-01    3.92213E-01   -2.10217E-01    6.38484E-02    4.26871E-02    3.68213E-02    8.11850E-02
     9.24003E-01    5.76277E-01    6.41134E-01    3.93525E-01   -2.08141E-01    6.31336E-02    4.21026E-02    3.64677E-02    8.07870E-02
     9.27503E-01    5.69046E-01    6.36608E-01    3.94817E-01   -2.06072E-01    6.24280E-02    4.15240E-02    3.61199E-02    8.03897E-02
     9.31003E-01    5.61881E-01    6.32108E-01    3.96090E-01   -2.04012E-01    6.17314E-02    4.09512E-02    3.57779E-02    7.99932E-02
     9.34503E-01    5.54783E-01    6.27636E-01    3.97344E-01   -2.01959E-01    6.10437E-02    4.03841E-02    3.54416E-02    7.95975E-02
     9.38003E-01    5.47751E-01    6.23191E-01    3.98579E-01   -1.99915E-01    6.03650E-02    3.98228E-02    3.51108E-02    7.92027E-02
     9.41503E-01    5.40785E-01    6.18774E-01    3.99795E-01   -1.97878E-01    5.96951E-02    3.92672E-02    3.47856E-02    7.88088E-02
     9.45003E-01    5.33883E-01    6.14384E-01    4.00993E-01   -1.95849E-01    5.90339E-02    3.87172E-02    3.44658E-02    7.84160E-02
     9.48503E-01    5.27046E-01    6.10022E-01    4.02173E-01   -1.93829E-01    5.83814E-02    3.81729E-02    3.41513E-02    7.80242E-02
     9.52003E-01    5.20272E-01    6.05687E-01    4.03334E-01   -1.91816E-01    5.77375E-02    3.76342E-02    3.38421E-02    7.76335E-02
     9.55503E-01    5.13561E-01    6.01381E-01    4.04478E-01   -1.89812E-01    5.71021E-02    3.71010E-02    3.35381E-02    7.72440E-02
     9.59003E-01    5.06913E-01    5.97103E-01    4.05604E-01   -1.87815E-01    5.64751E-02    3.65733E-02    3.32392E-02    7.68557E-02
     9.62503E-01    5.00326E-01    5.92852E-01    4.06713E-01   -1.85828E-01    5.58566E-02    3.60512E-02    3.29454E-02    7.64686E-02
     9.66003E-01    4.93801E-01    5.88630E-01    4.07805E-01   -1.83848E-01    5.52463E-02    3.55344E-02    3.26565E-02    7.60829E-02
     9.69503E-01    4.87337E-01    5.84436E-01    4.08879E-01   -1.81877E-01    5.46442E-02    3.50231E-02    3.23726E-02    7.56986E-02
     9.73003E-01    4.80933E-01    5.80270E-01    4.09937E-01   -1.79914E-01    5.40503E-02    3.45172E-02    3.20935E-02    7.53157E-02
     9.76503E-01    4.74588E-01    5.76132E-01    4.10978E-01   -1.77959E-01    5.34645E-02    3.40165E-02    3.18192E-02    7.49343E-02
     9.80003E-01    4.68302E-01    5.72023E-01    4.12003E-01   -1.76013E-01    5.28866E-02    3.35212E-02    3.15495E-02    7.45544E-02
     9.83503E-01    4.62074E-01    5.67942E-01    4.13012E-01   -1.74076E-01    5.23167E-02    3.30311E-02    3.12845E-02    7.41760E-02
     9.87003E-01    4.55905E-01    5.63889E-01    4.14005E-01   -1.72147E-01    5.17547E-02    3.25462E-02    3.10240E-02    7.37993E-02
     9.90503E-01    4.49792E-01    5.59865E-01    4.14982E-01   -1.70226E-01    5.12004E-02    3.20665E-02    3.07681E-02    7.34242E-02
     9.94003E-01    4.43736E-01    5.55869E-01    4.15943E-01   -1.68314E-01    5.06538E-02    3.15919E-02    3.05166E-02    7.30508E-02
     9.97503E-01    4.37736E-01    5.51902E-01    4.16889E-01   -1.66410E-01    5.01149E-02    3.11224E-02    3.02694E-02    7.26791E-02
     1.00100E+00    4.31792E-01    5.47963E-01    4.17820E-01   -1.64515E-01    4.95836E-02    3.06579E-02    3.00265E-02    7.23092E-02
     1.00450E+00    4.25903E-01    5.44052E-01    4.18735E-01   -1.62629E-01    4.90597E-02    3.01984E-02    2.97879E-02    7.19412E-02
     1.00800E+00    4.20068E-01    5.40170E-01    4.19636E-01   -1.60751E-01    4.85433E-02    2.97439E-02    2.95535E-02    7.15750E-02
     1.01150E+00    4.14287E-01    5.36316E-01    4.20522E-01   -1.58882E-01    4.80343E-02    2.92943E-02    2.93231E-02    7.12107E-02
     1.01500E+00    4.08559E-01    5.32490E-01    4.21394E-01   -1.57021E-01    4.75325E-02    2.88495E-02    2.90969E-02    7.08483E-02
     1.01850E+00    4.02884E-01    5.28693E-01    4.22251E-01   -1.55169E-01    4.70380E-02    2.84096E-02    2.88746E-02    7.04879E-02
     1.02200E+00    3.97262E-01    5.24924E-01    4.23094E-01   -1.53326E-01    4.65506E-02    2.79745E-02    2.86562E-02    7.01295E-02
     1.02550E+00    3.91691E-01    5.21184E-01    4.23923E-01   -1.51491E-01    4.60703E-02    2.75440E-02    2.84418E-02    6.97732E-02
     1.02900E+00    3.86171E-01    5.17471E-01    4.24739E-01   -1.49665E-01    4.55970E-02    2.71183E-02    2.82311E-02    6.94189E-02
     1.03250E+00    3.80701E-01    5.13787E-01    4.25541E-01   -1.47847E-01    4.51307E-02    2.66973E-02    2.80242E-02    6.90667E-02
     1.03600E+00    3.75282E-01    5.10131E-01    4.26329E-01   -1.46038E-01    4.46712E-02    2.62808E-02    2.78210E-02    6.87168E-02
     1.03950E+00    3.69912E-01    5.06503E-01    4.27104E-01   -1.44238E-01    4.42186E-02    2.58689E-02    2.76215E-02    6.83689E-02
     1.04300E+00    3.64592E-01    5.02903E-01    4.27866E-01   -1.42446E-01    4.37728E-02    2.54615E-02    2.74256E-02    6.80233E-02
     1.04650E+00    3.59319E-01    4.99332E-01    4.28615E-01   -1.40663E-01    4.33336E-02    2.50586E-02    2.72332E-02    6.76800E-02
     1.05000E+00    3.54095E-01    4.95788E-01    4.29351E-01   -1.38888E-01    4.29011E-02    2.46601E-02    2.70444E-02    6.73389E-02
     1.05350E+00    3.48918E-01    4.92272E-01    4.30075E-01   -1.37122E-01    4.24751E-02    2.42660E-02    2.68589E-02    6.70001E-02
     1.05700E+00    3.43788E-01    4.88784E-01    4.30786E-01   -1.35364E-01    4.20557E-02    2.38762E-02    2.66769E-02    6.66637E-02
     1.06050E+00    3.38705E-01    4.85323E-01    4.31485E-01   -1.33616E-01    4.16426E-02    2.34907E-02    2.64982E-02    6.63296E-02
     1.06400E+00    3.33667E-01    4.81890E-01    4.32172E-01   -1.31875E-01    4.12360E-02    2.31095E-02    2.63228E-02    6.59980E-02
     1.06750E+00    3.28675E-01    4.78485E-01    4.32846E-01   -1.30143E-01    4.08356E-02    2.27325E-02    2.61506E-02    6.56687E-02
     1.07100E+00    3.23728E-01    4.75107E-01    4.33509E-01   -1.28420E-01    4.04416E-02    2.23596E-02    2.59817E-02    6.53419E-02
     1.07450E+00    3.18825E-01    4.71757E-01    4.34160E-01   -1.26705E-01    4.00537E-02    2.19908E-02    2.58158E-02    6.50176E-02
     1.07800E+00    3.13966E-01    4.68434E-01    4.34800E-01   -1.24998E-01    3.96719E-02    2.16261E-02    2.56531E-02    6.46958E-02
     1.08150E+00    3.09151E-01    4.65138E-01    4.35428E-01   -1.23300E-01    3.92963E-02    2.12655E-02    2.54935E-02    6.43765E-02
     1.08500E+00    3.04378E-01    4.61870E-01    4.36045E-01   -1.21611E-01    3.89266E-02    2.09088E-02    2.53368E-02    6.40597E-02
     1.08850E+00    2.99648E-01    4.58628E-01    4.36651E-01   -1.19930E-01    3.85629E-02    2.05561E-02    2.51832E-02    6.37456E-02
     1.09200E+00    2.94960E-01    4.55414E-01    4.37245E-01   -1.18257E-01    3.82051E-02    2.02072E-02    2.50324E-02    6.34340E-02
     1.09550E+00    2.90314E-01    4.52226E-01    4.37829E-01   -1.16592E-01    3.78532E-02    1.98622E-02    2.48846E-02    6.31251E-02
     1.09900E+00    2.85709E-01    4.49065E-01    4.38402E-01   -1.14936E-01    3.75070E-02    1.95210E-02    2.47395E-02    6.28189E-02
     1.10250E+00    2.81144E-01    4.45931E-01    4.38965E-01   -1.13289E-01    3.71665E-02    1.91836E-02    2.45973E-02    6.25153E-02
     1.10600E+00    2.76619E-01    4.42823E-01    4.39517E-01   -1.11649E-01    3.68318E-02    1.88498E-02    2.44578E-02    6.22144E-02
     1.10950E+00    2.72134E-01    4.39742E-01    4.40059E-01   -1.10018E-01    3.65026E-02    1.85198E-02    2.43211E-02    6.19163E-02
     1.11300E+00    2.67689E-01    4.36687E-01    4.40591E-01   -1.08395E-01    3.61791E-02    1.81934E-02    2.41870E-02    6.16208E-02
     1.11650E+00    2.63282E-01    4.33659E-01    4.41113E-01   -1.06780E-01    3.58610E-02    1.78705E-02    2.40556E-02    6.13282E-02
     1.12000E+00    2.58913E-01    4.30656E-01    4.41624E-01   -1.05173E-01    3.55484E-02    1.75512E-02    2.39267E-02    6.10383E-02
     1.12350E+00    2.54583E-01    4.27680E-01    4.42126E-01   -1.03575E-01    3.52412E-02    1.72354E-02    2.38004E-02    6.07513E-02
     1.12700E+00    2.50289E-01    4.24729E-01    4.42619E-01   -1.01984E-01    3.49394E-02    1.69231E-02    2.36767E-02    6.04671E-02
     1.13050E+00    2.46033E-01    4.21804E-01    4.43101E-01   -1.00402E-01    3.46428E-02    1.66141E-02    2.35554E-02    6.01857E-02
     1.13400E+00    2.41813E-01    4.18905E-01    4.43575E-01   -9.88280E-02    3.43515E-02    1.63086E-02    2.34366E-02    5.99072E-02
     1.13750E+00    2.37630E-01    4.16032E-01    4.44039E-01   -9.72617E-02    3.40654E-02    1.60063E-02    2.33202E-02    5.96316E-02
     1.14100E+00    2.33482E-01    4.13183E-01    4.44493E-01   -9.57035E-02    3.37845E-02    1.57074E-02    2.32062E-02    5.93589E-02
     1.14450E+00    2.29369E-01    4.10361E-01    4.44939E-01   -9.41532E-02    3.35087E-02    1.54117E-02    2.30945E-02    5.90892E-02
     1.14800E+00    2.25291E-01    4.07563E-01    4.45376E-01   -9.26109E-02    3.32379E-02    1.51192E-02    2.29852E-02    5.88224E-02
     1.15150E+00    2.21248E-01    4.04790E-01    4.45804E-01   -9.10764E-02    3.29721E-02    1.48298E-02    2.28781E-02    5.85586E-02
     1.15500E+00    2.17239E-01    4.02043E-01    4.46223E-01   -8.95498E-02    3.27113E-02    1.45436E-02    2.27733E-02    5.82977E-02
     1.15850E+00    2.13263E-01    3.99320E-01    4.46633E-01   -8.80311E-02    3.24554E-02    1.42604E-02    2.26707E-02    5.80399E-02
     1.16200E+00    2.09321E-01    3.96622E-01    4.47035E-01   -8.65201E-02    3.22043E-02    1.39803E-02    2.25703E-02    5.77851E-02
     1.16550E+00    2.05411E-01    3.93948E-01    4.47429E-01   -8.50168E-02    3.19581E-02    1.37032E-02    2.24720E-02    5.75334E-02
     1.16900E+00    2.01534E-01    3.91299E-01    4.47814E-01   -8.35213E-02    3.17166E-02    1.34290E-02    2.23759E-02    5.72847E-02
     1.17250E+00    1.97689E-01    3.88674E-01    4.48191E-01   -8.20334E-02    3.14799E-02    1.31577E-02    2.22819E-02    5.70391E-02
     1.17600E+00    1.93875E-01    3.86073E-01    4.48560E-01   -8.05532E-02    3.12478E-02    1.28893E-02    2.21899E-02    5.67966E-02
     1.17950E+00    1.90093E-01    3.83497E-01    4.48921E-01   -7.90806E-02    3.10204E-02    1.26237E-02    2.21000E-02    5.65572E-02
     1.18300E+00    1.86342E-01    3.80944E-01    4.49274E-01   -7.76156E-02    3.07976E-02    1.23610E-02    2.20120E-02    5.63210E-02
     1.18650E+00    1.82621E-01    3.78415E-01    4.49619E-01   -7.61581E-02    3.05794E-02    1.21009E-02    2.19261E-02    5.60879E-02
     1.19000E+00    1.78930E-01    3.75909E-01    4.49957E-01   -7.47081E-02    3.03656E-02    1.18436E-02    2.18421E-02    5.58580E-02
     1.19350E+00    1.75269E-01    3.73428E-01    4.50287E-01   -7.32655E-02    3.01563E-02    1.15890E-02    2.17601E-02    5.56313E-02
     1.19700E+00    1.71637E-01    3.70969E-01    4.50609E-01   -7.18304E-02    2.99515E-02    1.13370E-02    2.16799E-02    5.54078E-02
     1.20050E+00    1.68034E-01    3.68534E-01    4.50924E-01   -7.04027E-02    2.97510E-02    1.10875E-02    2.16016E-02    5.51876E-02
     1.20400E+00    1.64460E-01    3.66122E-01    4.51231E-01   -6.89823E-02    2.95549E-02    1.08407E-02    2.15252E-02    5.49705E-02
     1.20750E+00    1.60914E-01    3.63733E-01    4.51531E-01   -6.75692E-02    2.93631E-02    1.05963E-02    2.14506E-02    5.47568E-02
     1.21100E+00    1.57395E-01    3.61366E-01    4.51825E-01   -6.61634E-02    2.91755E-02    1.03545E-02    2.13778E-02    5.45463E-02
     1.21450E+00    1.53905E-01    3.59023E-01    4.52111E-01   -6.47648E-02    2.89922E-02    1.01150E-02    2.13068E-02    5.43391E-02
     1.21800E+00    1.50441E-01    3.56702E-01    4.52390E-01   -6.33734E-02    2.88131E-02    9.87799E-03    2.12375E-02    5.41353E-02
     1.22150E+00    1.47005E-01    3.54403E-01    4.52662E-01   -6.19892E-02    2.86381E-02    9.64333E-03    2.11700E-02    5.39347E-02
     1.22500E+00    1.43595E-01    3.52127E-01    4.52927E-01   -6.06121E-02    2.84673E-02    9.41099E-03    2.11042E-02    5.37376E-02
     1.22850E+00    1.40211E-01    3.49873E-01    4.53185E-01   -5.92420E-02    2.83005E-02    9.18095E-03    2.10401E-02    5.35438E-02
     1.23200E+00    1.36852E-01    3.47641E-01    4.53437E-01   -5.78790E-02    2.81378E-02    8.95315E-03    2.09776E-02    5.33534E-02
     1.23550E+00    1.33520E-01    3.45430E-01    4.53682E-01   -5.65230E-02    2.79791E-02    8.72757E-03    2.09168E-02    5.31663E-02
     1.23900E+00    1.30212E-01    3.43242E-01    4.53921E-01   -5.51740E-02    2.78243E-02    8.50418E-03    2.08576E-02    5.29828E-02
     1.24250E+00    1.26929E-01    3.41075E-01    4.54153E-01   -5.38318E-02    2.76735E-02    8.28292E-03    2.08000E-02    5.28026E-02
     1.24600E+00    1.23671E-01    3.38930E-01    4.54379E-01   -5.24966E-02    2.75266E-02    8.06378E-03    2.07440E-02    5.26260E-02
     1.24950E+00    1.20436E-01    3.36806E-01    4.54599E-01   -5.11682E-02    2.73836E-02    7.84671E-03    2.06896E-02    5.24528E-02
     1.25300E+00    1.17226E-01    3.34703E-01    4.54812E-01   -4.98466E-02    2.72445E-02    7.63167E-03    2.06367E-02    5.22831E-02
     1.25650E+00    1.14039E-01    3.32622E-01    4.55019E-01   -4.85318E-02    2.71091E-02    7.41863E-03    2.05853E-02    5.21169E-02
     1.26000E+00    1.10875E-01    3.30561E-01    4.55220E-01   -4.72238E-02    2.69775E-02    7.20756E-03    2.05355E-02    5.19543E-02
     1.26350E+00    1.07734E-01    3.28521E-01    4.55415E-01   -4.59224E-02    2.68497E-02    6.99842E-03    2.04871E-02    5.17952E-02
     1.26700E+00    1.04616E-01    3.26502E-01    4.55604E-01   -4.46276E-02    2.67255E-02    6.79118E-03    2.04402E-02    5.16397E-02
     1.27050E+00    1.01520E-01    3.24504E-01    4.55788E-01   -4.33395E-02    2.66051E-02    6.58580E-03    2.03948E-02    5.14878E-02
     1.27400E+00    9.84453E-02    3.22525E-01    4.55965E-01   -4.20580E-02    2.64883E-02    6.38225E-03    2.03508E-02    5.13395E-02
     1.27750E+00    9.53926E-02    3.20568E-01    4.56137E-01   -4.07830E-02    2.63751E-02    6.18049E-03    2.03082E-02    5.11949E-02
     1.28100E+00    9.23613E-02    3.18630E-01    4.56303E-01   -3.95145E-02    2.62655E-02    5.98049E-03    2.02671E-02    5.10539E-02
     1.28450E+00    8.93510E-02    3.16712E-01    4.56463E-01   -3.82525E-02    2.61595E-02    5.78222E-03    2.02273E-02    5.09166E-02
     1.28800E+00    8.63614E-02    3.14814E-01    4.56618E-01   -3.69969E-02    2.60571E-02    5.58564E-03    2.01889E-02    5.07830E-02
     1.29150E+00    8.33922E-02    3.12936E-01    4.56767E-01   -3.57477E-02    2.59581E-02    5.39073E-03    2.01519E-02    5.06531E-02
     1.29500E+00    8.04432E-02    3.11078E-01    4.56911E-01   -3.45049E-02    2.58626E-02    5.19743E-03    2.01162E-02    5.05269E-02
     1.29850E+00    7.75141E-02    3.09239E-01    4.57049E-01   -3.32684E-02    2.57706E-02    5.00574E-03    2.00819E-02    5.04045E-02
     1.30200E+00    7.46045E-02    3.07420E-01    4.57182E-01   -3.20381E-02    2.56820E-02    4.81560E-03    2.00488E-02    5.02859E-02
     1.30550E+00    7.17142E-02    3.05620E-01    4.57310E-01   -3.08141E-02    2.55969E-02    4.62700E-03    2.00171E-02    5.01711E-02
     1.30900E+00    6.88429E-02    3.03839E-01    4.57432E-01   -2.95963E-02    2.55151E-02    4.43989E-03    1.99867E-02    5.00601E-02
     1.31250E+00    6.59903E-02    3.02076E-01    4.57550E-01   -2.83847E-02    2.54366E-02    4.25425E-03    1.99575E-02    4.99530E-02
     1.31600E+00    6.31562E-02    3.00333E-01    4.57662E-01   -2.71793E-02    2.53615E-02    4.07004E-03    1.99296E-02    4.98497E-02
     1.31950E+00    6.03403E-02    2.98609E-01    4.57769E-01   -2.59799E-02    2.52897E-02    3.88723E-03    1.99030E-02    4.97504E-02
     1.32300E+00    5.75423E-02    2.96903E-01    4.57871E-01   -2.47866E-02    2.52212E-02    3.70580E-03    1.98776E-02    4.96549E-02
     1.32650E+00    5.47620E-02    2.95216E-01    4.57968E-01   -2.35993E-02    2.51559E-02    3.52570E-03    1.98534E-02    4.95635E-02
     1.33000E+00    5.19990E-02    2.93546E-01    4.58060E-01   -2.24180E-02    2.50939E-02    3.34692E-03    1.98305E-02    4.94759E-02
     1.33350E+00    4.92531E-02    2.91896E-01    4.58148E-01   -2.12427E-02    2.50351E-02    3.16941E-03    1.98087E-02    4.93924E-02
     1.33700E+00    4.65241E-02    2.90263E-01    4.58230E-01   -2.00733E-02    2.49795E-02    2.99315E-03    1.97882E-02    4.93129E-02
     1.34050E+00    4.38117E-02    2.88648E-01    4.58308E-01   -1.89098E-02    2.49270E-02    2.81811E-03    1.97688E-02    4.92374E-02
     1.34400E+00    4.11156E-02    2.87052E-01    4.58381E-01   -1.77521E-02    2.48777E-02    2.64425E-03    1.97506E-02    4.91661E-02
     1.34750E+00    3.84356E-02    2.85472E-01    4.58449E-01   -1.66003E-02    2.48315E-02    2.47155E-03    1.97336E-02    4.90988E-02
     1.35100E+00    3.57715E-02    2.83911E-01    4.58513E-01   -1.54543E-02    2.47885E-02    2.29998E-03    1.97178E-02    4.90356E-02
     1.35450E+00    3.31229E-02    2.82367E-01    4.58571E-01   -1.43140E-02    2.47485E-02    2.12951E-03    1.97031E-02    4.89766E-02
     1.35800E+00    3.04897E-02    2.80841E-01    4.58626E-01   -1.31795E-02    2.47116E-02    1.96010E-03    1.96895E-02    4.89218E-02
     1.36150E+00    2.78715E-02    2.79331E-01    4.58676E-01   -1.20506E-02    2.46778E-02    1.79173E-03    1.96770E-02    4.88712E-02
     1.36500E+00    2.52682E-02    2.77839E-01    4.58721E-01   -1.09274E-02    2.46469E-02    1.62438E-03    1.96657E-02    4.88248E-02
     1.36850E+00    2.26796E-02    2.76364E-01    4.58762E-01   -9.80986E-03    2.46191E-02    1.45800E-03    1.96555E-02    4.87827E-02
     1.37200E+00    2.01052E-02    2.74906E-01    4.58798E-01   -8.69790E-03    2.45943E-02    1.29257E-03    1.96464E-02    4.87449E-02
     1.37550E+00    1.75451E-02    2.73464E-01    4.58830E-01   -7.59150E-03    2.45725E-02    1.12807E-03    1.96384E-02    4.87114E-02
     1.37900E+00    1.49988E-02    2.72040E-01    4.58857E-01   -6.49064E-03    2.45536E-02    9.64459E-04    1.96315E-02    4.86822E-02
     1.38250E+00    1.24662E-02    2.70631E-01    4.58881E-01   -5.39528E-03    2.45377E-02    8.01715E-04    1.96256E-02    4.86575E-02
     1.38600E+00    9.94696E-03    2.69240E-01    4.58900E-01   -4.30539E-03    2.45247E-02    6.39810E-04    1.96209E-02    4.86372E-02
     1.38950E+00    7.44098E-03    2.67864E-01    4.58914E-01   -3.22095E-03    2.45147E-02    4.78713E-04    1.96172E-02    4.86213E-02
     1.39300E+00    4.94798E-03    2.66505E-01    4.58925E-01   -2.14192E-03    2.45075E-02    3.18398E-04    1.96146E-02    4.86100E-02
     1.39650E+00    2.46772E-03    2.65162E-01    4.58931E-01   -1.06828E-03    2.45032E-02    1.58836E-04    1.96130E-02    4.86031E-02
     1.40000E+00    0.00000E+00    2.63835E-01    4.58933E-01   -2.20057E-23    2.45017E-02    1.57900E-25    1.96125E-02    4.86008E-02
