     1.00000E-05    3.83756E+00   -1.59466E-05   -5.13314E-01   -1.56159E-05    4.47141E-01    5.78267E-06    3.60695E-01    7.37735E-11
     2.25998E-03    3.83751E+00    1.38110E-02   -5.13297E-01   -3.52910E-03    4.47136E-01    1.30684E-03    3.60688E-01    3.76790E-06
     4.50995E-03    3.83736E+00    2.75600E-02   -5.13246E-01   -7.04228E-03    4.47120E-01    2.60773E-03    3.60670E-01    1.50042E-05
     6.75992E-03    3.83712E+00    4.13074E-02   -5.13161E-01   -1.05548E-02    4.47094E-01    3.90829E-03    3.60638E-01    3.37067E-05
     9.00990E-03    3.83678E+00    5.50524E-02   -5.13043E-01   -1.40665E-02    4.47058E-01    5.20834E-03    3.60594E-01    5.98715E-05
     1.12599E-02    3.83634E+00    6.87941E-02   -5.12890E-01   -1.75768E-02    4.47012E-01    6.50773E-03    3.60537E-01    9.34932E-05
     1.35099E-02    3.83580E+00    8.25317E-02   -5.12704E-01   -2.10857E-02    4.46955E-01    7.80628E-03    3.60468E-01    1.34565E-04
     1.57598E-02    3.83517E+00    9.62644E-02   -5.12484E-01   -2.45926E-02    4.46889E-01    9.10383E-03    3.60386E-01    1.83078E-04
     1.80098E-02    3.83443E+00    1.09991E-01   -5.12231E-01   -2.80974E-02    4.46811E-01    1.04002E-02    3.60292E-01    2.39023E-04
     2.02598E-02    3.83360E+00    1.23712E-01   -5.11943E-01   -3.15998E-02    4.46724E-01    1.16953E-02    3.60185E-01    3.02388E-04
     2.25098E-02    3.83268E+00    1.37425E-01   -5.11622E-01   -3.50993E-02    4.46627E-01    1.29888E-02    3.60065E-01    3.73161E-04
     2.47597E-02    3.83165E+00    1.51130E-01   -5.11267E-01   -3.85958E-02    4.46519E-01    1.42807E-02    3.59934E-01    4.51325E-04
     2.70097E-02    3.83053E+00    1.64826E-01   -5.10879E-01   -4.20888E-02    4.46401E-01    1.55707E-02    3.59789E-01    5.36866E-04
     2.92597E-02    3.82931E+00    1.78512E-01   -5.10457E-01   -4.55781E-02    4.46272E-01    1.68588E-02    3.59632E-01    6.29767E-04
     3.15097E-02    3.82800E+00    1.92188E-01   -5.10001E-01   -4.90634E-02    4.46134E-01    1.81447E-02    3.59463E-01    7.30007E-04
     3.37596E-02    3.82658E+00    2.05852E-01   -5.09512E-01   -5.25444E-02    4.45985E-01    1.94283E-02    3.59281E-01    8.37566E-04
     3.60096E-02    3.82507E+00    2.19504E-01   -5.08989E-01   -5.60208E-02    4.45826E-01    2.07094E-02    3.59087E-01    9.52423E-04
     3.82596E-02    3.82346E+00    2.33143E-01   -5.08433E-01   -5.94922E-02    4.45657E-01    2.19878E-02    3.58881E-01    1.07455E-03
     4.05095E-02    3.82176E+00    2.46768E-01   -5.07844E-01   -6.29585E-02    4.45478E-01    2.32635E-02    3.58662E-01    1.20393E-03
     4.27595E-02    3.81996E+00    2.60378E-01   -5.07221E-01   -6.64191E-02    4.45289E-01    2.45361E-02    3.58431E-01    1.34053E-03
     4.50095E-02    3.81806E+00    2.73973E-01   -5.06566E-01   -6.98740E-02    4.45090E-01    2.58057E-02    3.58188E-01    1.48433E-03
     4.72595E-02    3.81606E+00    2.87552E-01   -5.05877E-01   -7.33226E-02    4.44880E-01    2.70719E-02    3.57932E-01    1.63529E-03
     4.95095E-02    3.81397E+00    3.01114E-01   -5.05155E-01   -7.67649E-02    4.44661E-01    2.83347E-02    3.57664E-01    1.79339E-03
     5.17594E-02    3.81178E+00    3.14658E-01   -5.04399E-01   -8.02004E-02    4.44431E-01    2.95939E-02    3.57384E-01    1.95858E-03
     5.40094E-02    3.80950E+00    3.28183E-01   -5.03611E-01   -8.36289E-02    4.44191E-01    3.08493E-02    3.57092E-01    2.13085E-03
     5.62594E-02    3.80712E+00    3.41689E-01   -5.02791E-01   -8.70500E-02    4.43942E-01    3.21008E-02    3.56788E-01    2.31015E-03
     5.85094E-02    3.80464E+00    3.55174E-01   -5.01937E-01   -9.04635E-02    4.43682E-01    3.33482E-02    3.56472E-01    2.49644E-03
     6.07593E-02    3.80207E+00    3.68639E-01   -5.01051E-01   -9.38691E-02    4.43413E-01    3.45914E-02    3.56144E-01    2.68969E-03
     6.30093E-02    3.79940E+00    3.82081E-01   -5.00132E-01   -9.72665E-02    4.43133E-01    3.58302E-02    3.55804E-01    2.88987E-03
     6.52593E-02    3.79664E+00    3.95501E-01   -4.99180E-01   -1.00655E-01    4.42844E-01    3.70644E-02    3.55452E-01    3.09692E-03
     6.75093E-02    3.79378E+00    4.08898E-01   -4.98196E-01   -1.04035E-01    4.42545E-01    3.82940E-02    3.55089E-01    3.31081E-03
     6.97592E-02    3.79082E+00    4.22270E-01   -4.97180E-01   -1.07406E-01    4.42236E-01    3.95187E-02    3.54713E-01    3.53149E-03
     7.20092E-02    3.78777E+00    4.35618E-01   -4.96132E-01   -1.10768E-01    4.41917E-01    4.07384E-02    3.54326E-01    3.75892E-03
     7.42592E-02    3.78463E+00    4.48939E-01   -4.95051E-01   -1.14120E-01    4.41588E-01    4.19529E-02    3.53927E-01    3.99306E-03
     7.65091E-02    3.78139E+00    4.62234E-01   -4.93938E-01   -1.17462E-01    4.41250E-01    4.31622E-02    3.53517E-01    4.23385E-03
     7.87591E-02    3.77805E+00    4.75502E-01   -4.92794E-01   -1.20793E-01    4.40901E-01    4.43660E-02    3.53095E-01    4.48124E-03
     8.10091E-02    3.77462E+00    4.88741E-01   -4.91618E-01   -1.24115E-01    4.40544E-01    4.55643E-02    3.52661E-01    4.73520E-03
     8.32591E-02    3.77110E+00    5.01952E-01   -4.90410E-01   -1.27425E-01    4.40176E-01    4.67568E-02    3.52217E-01    4.99566E-03
     8.55091E-02    3.76748E+00    5.15133E-01   -4.89170E-01   -1.30724E-01    4.39799E-01    4.79434E-02    3.51760E-01    5.26257E-03
     8.77590E-02    3.76377E+00    5.28283E-01   -4.87899E-01   -1.34012E-01    4.39412E-01    4.91240E-02    3.51293E-01    5.53589E-03
     9.00090E-02    3.75996E+00    5.41402E-01   -4.86597E-01   -1.37289E-01    4.39016E-01    5.02985E-02    3.50814E-01    5.81555E-03
     9.22590E-02    3.75606E+00    5.54489E-01   -4.85264E-01   -1.40553E-01    4.38610E-01    5.14667E-02    3.50324E-01    6.10150E-03
     9.45090E-02    3.75206E+00    5.67544E-01   -4.83899E-01   -1.43805E-01    4.38195E-01    5.26284E-02    3.49823E-01    6.39368E-03
     9.67589E-02    3.74798E+00    5.80565E-01   -4.82504E-01   -1.47045E-01    4.37771E-01    5.37836E-02    3.49311E-01    6.69204E-03
     9.90089E-02    3.74380E+00    5.93551E-01   -4.81078E-01   -1.50272E-01    4.37337E-01    5.49321E-02    3.48788E-01    6.99652E-03
     1.01259E-01    3.73952E+00    6.06503E-01   -4.79621E-01   -1.53486E-01    4.36893E-01    5.60737E-02    3.48254E-01    7.30704E-03
     1.03509E-01    3.73516E+00    6.19419E-01   -4.78134E-01   -1.56687E-01    4.36441E-01    5.72084E-02    3.47709E-01    7.62357E-03
     1.05759E-01    3.73070E+00    6.32298E-01   -4.76617E-01   -1.59874E-01    4.35979E-01    5.83359E-02    3.47154E-01    7.94602E-03
     1.08009E-01    3.72615E+00    6.45140E-01   -4.75069E-01   -1.63048E-01    4.35507E-01    5.94563E-02    3.46588E-01    8.27433E-03
     1.10259E-01    3.72150E+00    6.57944E-01   -4.73491E-01   -1.66207E-01    4.35027E-01    6.05692E-02    3.46011E-01    8.60845E-03
     1.12509E-01    3.71677E+00    6.70709E-01   -4.71883E-01   -1.69352E-01    4.34538E-01    6.16747E-02    3.45424E-01    8.94831E-03
     1.14759E-01    3.71194E+00    6.83434E-01   -4.70246E-01   -1.72483E-01    4.34039E-01    6.27726E-02    3.44827E-01    9.29383E-03
     1.17009E-01    3.70702E+00    6.96120E-01   -4.68579E-01   -1.75599E-01    4.33532E-01    6.38628E-02    3.44219E-01    9.64496E-03
     1.19259E-01    3.70201E+00    7.08764E-01   -4.66882E-01   -1.78699E-01    4.33015E-01    6.49451E-02    3.43601E-01    1.00016E-02
     1.21509E-01    3.69692E+00    7.21367E-01   -4.65157E-01   -1.81785E-01    4.32490E-01    6.60194E-02    3.42973E-01    1.03637E-02
     1.23759E-01    3.69172E+00    7.33927E-01   -4.63402E-01   -1.84854E-01    4.31955E-01    6.70856E-02    3.42335E-01    1.07312E-02
     1.26009E-01    3.68644E+00    7.46444E-01   -4.61618E-01   -1.87909E-01    4.31412E-01    6.81437E-02    3.41686E-01    1.11041E-02
     1.28259E-01    3.68107E+00    7.58917E-01   -4.59805E-01   -1.90947E-01    4.30860E-01    6.91934E-02    3.41028E-01    1.14822E-02
     1.30509E-01    3.67561E+00    7.71345E-01   -4.57964E-01   -1.93968E-01    4.30300E-01    7.02347E-02    3.40360E-01    1.18654E-02
     1.32759E-01    3.67006E+00    7.83728E-01   -4.56095E-01   -1.96973E-01    4.29730E-01    7.12674E-02    3.39683E-01    1.22538E-02
     1.35009E-01    3.66443E+00    7.96065E-01   -4.54197E-01   -1.99962E-01    4.29152E-01    7.22915E-02    3.38996E-01    1.26471E-02
     1.37258E-01    3.65870E+00    8.08356E-01   -4.52271E-01   -2.02933E-01    4.28566E-01    7.33068E-02    3.38299E-01    1.30455E-02
     1.39508E-01    3.65288E+00    8.20598E-01   -4.50318E-01   -2.05887E-01    4.27971E-01    7.43133E-02    3.37593E-01    1.34487E-02
     1.41758E-01    3.64698E+00    8.32793E-01   -4.48336E-01   -2.08824E-01    4.27367E-01    7.53108E-02    3.36878E-01    1.38567E-02
     1.44008E-01    3.64098E+00    8.44939E-01   -4.46327E-01   -2.11743E-01    4.26755E-01    7.62992E-02    3.36153E-01    1.42694E-02
     1.46258E-01    3.63490E+00    8.57035E-01   -4.44291E-01   -2.14644E-01    4.26135E-01    7.72785E-02    3.35419E-01    1.46867E-02
     1.48508E-01    3.62874E+00    8.69082E-01   -4.42228E-01   -2.17527E-01    4.25506E-01    7.82485E-02    3.34677E-01    1.51087E-02
     1.50758E-01    3.62248E+00    8.81077E-01   -4.40137E-01   -2.20392E-01    4.24869E-01    7.92091E-02    3.33925E-01    1.55351E-02
     1.53008E-01    3.61614E+00    8.93020E-01   -4.38020E-01   -2.23238E-01    4.24224E-01    8.01602E-02    3.33164E-01    1.59658E-02
     1.55258E-01    3.60971E+00    9.04912E-01   -4.35877E-01   -2.26065E-01    4.23571E-01    8.11018E-02    3.32395E-01    1.64009E-02
     1.57508E-01    3.60320E+00    9.16750E-01   -4.33707E-01   -2.28873E-01    4.22910E-01    8.20338E-02    3.31617E-01    1.68403E-02
     1.59758E-01    3.59660E+00    9.28535E-01   -4.31511E-01   -2.31662E-01    4.22241E-01    8.29560E-02    3.30831E-01    1.72838E-02
     1.62008E-01    3.58991E+00    9.40266E-01   -4.29289E-01   -2.34432E-01    4.21564E-01    8.38684E-02    3.30036E-01    1.77313E-02
     1.64258E-01    3.58314E+00    9.51942E-01   -4.27041E-01   -2.37182E-01    4.20879E-01    8.47709E-02    3.29233E-01    1.81829E-02
     1.66508E-01    3.57629E+00    9.63562E-01   -4.24768E-01   -2.39912E-01    4.20187E-01    8.56634E-02    3.28422E-01    1.86383E-02
     1.68758E-01    3.56935E+00    9.75126E-01   -4.22469E-01   -2.42622E-01    4.19486E-01    8.65459E-02    3.27603E-01    1.90976E-02
     1.71008E-01    3.56232E+00    9.86633E-01   -4.20145E-01   -2.45312E-01    4.18778E-01    8.74182E-02    3.26776E-01    1.95606E-02
     1.73258E-01    3.55522E+00    9.98083E-01   -4.17797E-01   -2.47981E-01    4.18063E-01    8.82803E-02    3.25940E-01    2.00272E-02
     1.75508E-01    3.54803E+00    1.00947E+00   -4.15423E-01   -2.50630E-01    4.17339E-01    8.91320E-02    3.25098E-01    2.04974E-02
     1.77758E-01    3.54075E+00    1.02081E+00   -4.13026E-01   -2.53258E-01    4.16609E-01    8.99734E-02    3.24247E-01    2.09711E-02
     1.80008E-01    3.53340E+00    1.03208E+00   -4.10603E-01   -2.55865E-01    4.15871E-01    9.08044E-02    3.23389E-01    2.14482E-02
     1.82258E-01    3.52596E+00    1.04329E+00   -4.08157E-01   -2.58451E-01    4.15125E-01    9.16249E-02    3.22523E-01    2.19285E-02
     1.84508E-01    3.51844E+00    1.05445E+00   -4.05687E-01   -2.61016E-01    4.14373E-01    9.24347E-02    3.21651E-01    2.24121E-02
     1.86758E-01    3.51084E+00    1.06554E+00   -4.03194E-01   -2.63558E-01    4.13613E-01    9.32340E-02    3.20771E-01    2.28988E-02
     1.89008E-01    3.50316E+00    1.07657E+00   -4.00677E-01   -2.66080E-01    4.12846E-01    9.40225E-02    3.19883E-01    2.33885E-02
     1.91258E-01    3.49540E+00    1.08754E+00   -3.98136E-01   -2.68579E-01    4.12072E-01    9.48003E-02    3.18989E-01    2.38812E-02
     1.93508E-01    3.48756E+00    1.09844E+00   -3.95573E-01   -2.71056E-01    4.11291E-01    9.55672E-02    3.18088E-01    2.43767E-02
     1.95758E-01    3.47963E+00    1.10928E+00   -3.92987E-01   -2.73511E-01    4.10503E-01    9.63233E-02    3.17181E-01    2.48750E-02
     1.98008E-01    3.47163E+00    1.12006E+00   -3.90379E-01   -2.75944E-01    4.09709E-01    9.70684E-02    3.16266E-01    2.53760E-02
     2.00258E-01    3.46355E+00    1.13077E+00   -3.87748E-01   -2.78354E-01    4.08907E-01    9.78025E-02    3.15345E-01    2.58796E-02
     2.02508E-01    3.45539E+00    1.14142E+00   -3.85096E-01   -2.80741E-01    4.08099E-01    9.85256E-02    3.14418E-01    2.63857E-02
     2.04758E-01    3.44716E+00    1.15200E+00   -3.82421E-01   -2.83105E-01    4.07284E-01    9.92377E-02    3.13485E-01    2.68942E-02
     2.07008E-01    3.43884E+00    1.16251E+00   -3.79725E-01   -2.85446E-01    4.06463E-01    9.99385E-02    3.12545E-01    2.74050E-02
     2.09258E-01    3.43045E+00    1.17296E+00   -3.77008E-01   -2.87764E-01    4.05635E-01    1.00628E-01    3.11599E-01    2.79180E-02
     2.11508E-01    3.42198E+00    1.18334E+00   -3.74269E-01   -2.90059E-01    4.04801E-01    1.01307E-01    3.10648E-01    2.84332E-02
     2.13758E-01    3.41344E+00    1.19365E+00   -3.71510E-01   -2.92330E-01    4.03961E-01    1.01974E-01    3.09690E-01    2.89505E-02
     2.16008E-01    3.40482E+00    1.20390E+00   -3.68730E-01   -2.94578E-01    4.03114E-01    1.02630E-01    3.08727E-01    2.94697E-02
     2.18258E-01    3.39613E+00    1.21407E+00   -3.65930E-01   -2.96801E-01    4.02261E-01    1.03274E-01    3.07758E-01    2.99908E-02
     2.20508E-01    3.38736E+00    1.22417E+00   -3.63109E-01   -2.99001E-01    4.01403E-01    1.03908E-01    3.06784E-01    3.05137E-02
     2.22758E-01    3.37851E+00    1.23421E+00   -3.60269E-01   -3.01177E-01    4.00538E-01    1.04530E-01    3.05804E-01    3.10383E-02
     2.25007E-01    3.36959E+00    1.24417E+00   -3.57409E-01   -3.03328E-01    3.99667E-01    1.05140E-01    3.04820E-01    3.15645E-02
     2.27257E-01    3.36060E+00    1.25406E+00   -3.54529E-01   -3.05455E-01    3.98790E-01    1.05739E-01    3.03830E-01    3.20922E-02
     2.29507E-01    3.35154E+00    1.26388E+00   -3.51630E-01   -3.07557E-01    3.97908E-01    1.06326E-01    3.02835E-01    3.26213E-02
     2.31757E-01    3.34240E+00    1.27363E+00   -3.48713E-01   -3.09635E-01    3.97020E-01    1.06902E-01    3.01835E-01    3.31518E-02
     2.34007E-01    3.33319E+00    1.28331E+00   -3.45776E-01   -3.11689E-01    3.96126E-01    1.07467E-01    3.00831E-01    3.36835E-02
     2.36257E-01    3.32391E+00    1.29291E+00   -3.42821E-01   -3.13717E-01    3.95227E-01    1.08020E-01    2.99821E-01    3.42164E-02
     2.38507E-01    3.31456E+00    1.30244E+00   -3.39848E-01   -3.15720E-01    3.94323E-01    1.08561E-01    2.98808E-01    3.47503E-02
     2.40757E-01    3.30513E+00    1.31190E+00   -3.36857E-01   -3.17698E-01    3.93413E-01    1.09091E-01    2.97790E-01    3.52853E-02
     2.43007E-01    3.29564E+00    1.32128E+00   -3.33848E-01   -3.19651E-01    3.92497E-01    1.09609E-01    2.96768E-01    3.58211E-02
     2.45257E-01    3.28608E+00    1.33058E+00   -3.30822E-01   -3.21579E-01    3.91577E-01    1.10115E-01    2.95741E-01    3.63578E-02
     2.47507E-01    3.27645E+00    1.33981E+00   -3.27779E-01   -3.23481E-01    3.90651E-01    1.10610E-01    2.94711E-01    3.68951E-02
     2.49757E-01    3.26675E+00    1.34896E+00   -3.24718E-01   -3.25358E-01    3.89721E-01    1.11094E-01    2.93676E-01    3.74331E-02
     2.52007E-01    3.25698E+00    1.35804E+00   -3.21641E-01   -3.27208E-01    3.88785E-01    1.11565E-01    2.92638E-01    3.79717E-02
     2.54257E-01    3.24715E+00    1.36704E+00   -3.18548E-01   -3.29034E-01    3.87845E-01    1.12025E-01    2.91596E-01    3.85107E-02
     2.56507E-01    3.23725E+00    1.37597E+00   -3.15438E-01   -3.30833E-01    3.86900E-01    1.12474E-01    2.90551E-01    3.90501E-02
     2.58757E-01    3.22728E+00    1.38481E+00   -3.12312E-01   -3.32606E-01    3.85950E-01    1.12910E-01    2.89502E-01    3.95898E-02
     2.61007E-01    3.21725E+00    1.39358E+00   -3.09171E-01   -3.34353E-01    3.84995E-01    1.13335E-01    2.88450E-01    4.01297E-02
     2.63257E-01    3.20715E+00    1.40227E+00   -3.06014E-01   -3.36074E-01    3.84036E-01    1.13749E-01    2.87394E-01    4.06697E-02
     2.65507E-01    3.19698E+00    1.41088E+00   -3.02842E-01   -3.37769E-01    3.83073E-01    1.14151E-01    2.86336E-01    4.12097E-02
     2.67757E-01    3.18676E+00    1.41941E+00   -2.99654E-01   -3.39437E-01    3.82105E-01    1.14541E-01    2.85275E-01    4.17497E-02
     2.70007E-01    3.17646E+00    1.42786E+00   -2.96453E-01   -3.41079E-01    3.81133E-01    1.14920E-01    2.84210E-01    4.22896E-02
     2.72257E-01    3.16611E+00    1.43623E+00   -2.93237E-01   -3.42695E-01    3.80157E-01    1.15287E-01    2.83143E-01    4.28292E-02
     2.74507E-01    3.15569E+00    1.44453E+00   -2.90006E-01   -3.44284E-01    3.79177E-01    1.15642E-01    2.82074E-01    4.33686E-02
     2.76757E-01    3.14522E+00    1.45274E+00   -2.86762E-01   -3.45846E-01    3.78192E-01    1.15986E-01    2.81001E-01    4.39075E-02
     2.79007E-01    3.13468E+00    1.46087E+00   -2.83504E-01   -3.47381E-01    3.77204E-01    1.16318E-01    2.79927E-01    4.44460E-02
     2.81257E-01    3.12407E+00    1.46891E+00   -2.80232E-01   -3.48890E-01    3.76212E-01    1.16639E-01    2.78850E-01    4.49840E-02
     2.83507E-01    3.11341E+00    1.47688E+00   -2.76948E-01   -3.50372E-01    3.75216E-01    1.16948E-01    2.77771E-01    4.55213E-02
     2.85757E-01    3.10269E+00    1.48477E+00   -2.73650E-01   -3.51826E-01    3.74217E-01    1.17246E-01    2.76690E-01    4.60579E-02
     2.88007E-01    3.09191E+00    1.49257E+00   -2.70340E-01   -3.53254E-01    3.73213E-01    1.17532E-01    2.75607E-01    4.65938E-02
     2.90257E-01    3.08108E+00    1.50029E+00   -2.67018E-01   -3.54655E-01    3.72207E-01    1.17807E-01    2.74523E-01    4.71287E-02
     2.92507E-01    3.07018E+00    1.50793E+00   -2.63683E-01   -3.56028E-01    3.71197E-01    1.18071E-01    2.73436E-01    4.76628E-02
     2.94757E-01    3.05923E+00    1.51548E+00   -2.60337E-01   -3.57374E-01    3.70183E-01    1.18323E-01    2.72348E-01    4.81958E-02
     2.97007E-01    3.04822E+00    1.52295E+00   -2.56979E-01   -3.58693E-01    3.69167E-01    1.18563E-01    2.71259E-01    4.87277E-02
     2.99257E-01    3.03715E+00    1.53033E+00   -2.53610E-01   -3.59985E-01    3.68147E-01    1.18793E-01    2.70168E-01    4.92585E-02
     3.01507E-01    3.02603E+00    1.53764E+00   -2.50229E-01   -3.61249E-01    3.67124E-01    1.19011E-01    2.69076E-01    4.97880E-02
     3.03757E-01    3.01486E+00    1.54485E+00   -2.46838E-01   -3.62486E-01    3.66099E-01    1.19218E-01    2.67983E-01    5.03162E-02
     3.06007E-01    3.00363E+00    1.55199E+00   -2.43436E-01   -3.63695E-01    3.65070E-01    1.19413E-01    2.66889E-01    5.08430E-02
     3.08257E-01    2.99234E+00    1.55904E+00   -2.40024E-01   -3.64877E-01    3.64038E-01    1.19597E-01    2.65793E-01    5.13684E-02
     3.10507E-01    2.98101E+00    1.56600E+00   -2.36602E-01   -3.66031E-01    3.63004E-01    1.19771E-01    2.64698E-01    5.18922E-02
     3.12757E-01    2.96962E+00    1.57288E+00   -2.33170E-01   -3.67157E-01    3.61967E-01    1.19933E-01    2.63601E-01    5.24144E-02
     3.15007E-01    2.95818E+00    1.57967E+00   -2.29729E-01   -3.68256E-01    3.60928E-01    1.20084E-01    2.62504E-01    5.29349E-02
     3.17256E-01    2.94669E+00    1.58637E+00   -2.26278E-01   -3.69327E-01    3.59886E-01    1.20224E-01    2.61406E-01    5.34536E-02
     3.19506E-01    2.93515E+00    1.59299E+00   -2.22819E-01   -3.70370E-01    3.58842E-01    1.20353E-01    2.60308E-01    5.39706E-02
     3.21756E-01    2.92356E+00    1.59953E+00   -2.19350E-01   -3.71386E-01    3.57796E-01    1.20471E-01    2.59209E-01    5.44856E-02
     3.24006E-01    2.91192E+00    1.60598E+00   -2.15873E-01   -3.72374E-01    3.56747E-01    1.20578E-01    2.58111E-01    5.49987E-02
     3.26256E-01    2.90023E+00    1.61234E+00   -2.12388E-01   -3.73334E-01    3.55696E-01    1.20675E-01    2.57012E-01    5.55097E-02
     3.28506E-01    2.88849E+00    1.61861E+00   -2.08895E-01   -3.74266E-01    3.54644E-01    1.20760E-01    2.55914E-01    5.60187E-02
     3.30756E-01    2.87671E+00    1.62480E+00   -2.05395E-01   -3.75170E-01    3.53589E-01    1.20835E-01    2.54815E-01    5.65255E-02
     3.33006E-01    2.86488E+00    1.63090E+00   -2.01887E-01   -3.76047E-01    3.52533E-01    1.20899E-01    2.53717E-01    5.70301E-02
     3.35256E-01    2.85300E+00    1.63691E+00   -1.98372E-01   -3.76895E-01    3.51474E-01    1.20953E-01    2.52619E-01    5.75325E-02
     3.37506E-01    2.84108E+00    1.64284E+00   -1.94850E-01   -3.77715E-01    3.50414E-01    1.20996E-01    2.51522E-01    5.80324E-02
     3.39756E-01    2.82911E+00    1.64867E+00   -1.91321E-01   -3.78508E-01    3.49353E-01    1.21029E-01    2.50425E-01    5.85300E-02
     3.42006E-01    2.81710E+00    1.65442E+00   -1.87786E-01   -3.79272E-01    3.48290E-01    1.21051E-01    2.49329E-01    5.90251E-02
     3.44256E-01    2.80505E+00    1.66009E+00   -1.84245E-01   -3.80009E-01    3.47226E-01    1.21063E-01    2.48234E-01    5.95176E-02
     3.46506E-01    2.79295E+00    1.66566E+00   -1.80698E-01   -3.80718E-01    3.46160E-01    1.21064E-01    2.47139E-01    6.00076E-02
     3.48756E-01    2.78081E+00    1.67115E+00   -1.77146E-01   -3.81398E-01    3.45093E-01    1.21055E-01    2.46045E-01    6.04950E-02
     3.51006E-01    2.76864E+00    1.67655E+00   -1.73588E-01   -3.82051E-01    3.44025E-01    1.21036E-01    2.44953E-01    6.09796E-02
     3.53256E-01    2.75642E+00    1.68186E+00   -1.70025E-01   -3.82675E-01    3.42956E-01    1.21007E-01    2.43861E-01    6.14615E-02
     3.55506E-01    2.74416E+00    1.68708E+00   -1.66458E-01   -3.83272E-01    3.41886E-01    1.20968E-01    2.42771E-01    6.19405E-02
     3.57756E-01    2.73186E+00    1.69221E+00   -1.62885E-01   -3.83841E-01    3.40815E-01    1.20919E-01    2.41682E-01    6.24167E-02
     3.60006E-01    2.71952E+00    1.69726E+00   -1.59309E-01   -3.84381E-01    3.39743E-01    1.20860E-01    2.40595E-01    6.28900E-02
     3.62256E-01    2.70715E+00    1.70221E+00   -1.55729E-01   -3.84894E-01    3.38670E-01    1.20791E-01    2.39509E-01    6.33603E-02
     3.64506E-01    2.69474E+00    1.70708E+00   -1.52145E-01   -3.85379E-01    3.37597E-01    1.20712E-01    2.38425E-01    6.38275E-02
     3.66756E-01    2.68229E+00    1.71186E+00   -1.48557E-01   -3.85835E-01    3.36523E-01    1.20623E-01    2.37342E-01    6.42917E-02
     3.69006E-01    2.66980E+00    1.71655E+00   -1.44967E-01   -3.86264E-01    3.35449E-01    1.20525E-01    2.36261E-01    6.47528E-02
     3.71256E-01    2.65728E+00    1.72115E+00   -1.41373E-01   -3.86665E-01    3.34375E-01    1.20418E-01    2.35182E-01    6.52106E-02
     3.73506E-01    2.64473E+00    1.72567E+00   -1.37777E-01   -3.87038E-01    3.33300E-01    1.20300E-01    2.34105E-01    6.56653E-02
     3.75756E-01    2.63214E+00    1.73009E+00   -1.34178E-01   -3.87383E-01    3.32225E-01    1.20174E-01    2.33030E-01    6.61167E-02
     3.78006E-01    2.61952E+00    1.73443E+00   -1.30578E-01   -3.87700E-01    3.31150E-01    1.20038E-01    2.31957E-01    6.65648E-02
     3.80256E-01    2.60687E+00    1.73868E+00   -1.26975E-01   -3.87990E-01    3.30074E-01    1.19893E-01    2.30886E-01    6.70095E-02
     3.82506E-01    2.59419E+00    1.74283E+00   -1.23371E-01   -3.88251E-01    3.28999E-01    1.19738E-01    2.29818E-01    6.74508E-02
     3.84756E-01    2.58147E+00    1.74691E+00   -1.19765E-01   -3.88485E-01    3.27924E-01    1.19575E-01    2.28752E-01    6.78887E-02
     3.87006E-01    2.56873E+00    1.75089E+00   -1.16159E-01   -3.88691E-01    3.26849E-01    1.19402E-01    2.27688E-01    6.83230E-02
     3.89256E-01    2.55595E+00    1.75478E+00   -1.12551E-01   -3.88869E-01    3.25774E-01    1.19221E-01    2.26627E-01    6.87539E-02
     3.91506E-01    2.54315E+00    1.75859E+00   -1.08943E-01   -3.89020E-01    3.24700E-01    1.19031E-01    2.25569E-01    6.91812E-02
     3.93756E-01    2.53032E+00    1.76230E+00   -1.05335E-01   -3.89143E-01    3.23626E-01    1.18831E-01    2.24513E-01    6.96048E-02
     3.96006E-01    2.51746E+00    1.76593E+00   -1.01727E-01   -3.89238E-01    3.22553E-01    1.18624E-01    2.23460E-01    7.00249E-02
     3.98256E-01    2.50457E+00    1.76947E+00   -9.81187E-02   -3.89306E-01    3.21480E-01    1.18407E-01    2.22410E-01    7.04412E-02
     4.00506E-01    2.49166E+00    1.77293E+00   -9.45112E-02   -3.89346E-01    3.20408E-01    1.18182E-01    2.21363E-01    7.08538E-02
     4.02756E-01    2.47873E+00    1.77629E+00   -9.09044E-02   -3.89359E-01    3.19337E-01    1.17949E-01    2.20319E-01    7.12627E-02
     4.05006E-01    2.46577E+00    1.77957E+00   -8.72986E-02   -3.89344E-01    3.18267E-01    1.17707E-01    2.19277E-01    7.16678E-02
     4.07255E-01    2.45278E+00    1.78276E+00   -8.36941E-02   -3.89302E-01    3.17197E-01    1.17457E-01    2.18240E-01    7.20691E-02
     4.09505E-01    2.43977E+00    1.78586E+00   -8.00912E-02   -3.89233E-01    3.16129E-01    1.17199E-01    2.17205E-01    7.24665E-02
     4.11755E-01    2.42674E+00    1.78887E+00   -7.64901E-02   -3.89136E-01    3.15061E-01    1.16932E-01    2.16173E-01    7.28600E-02
     4.14005E-01    2.41369E+00    1.79180E+00   -7.28910E-02   -3.89013E-01    3.13995E-01    1.16658E-01    2.15145E-01    7.32497E-02
     4.16255E-01    2.40062E+00    1.79464E+00   -6.92943E-02   -3.88862E-01    3.12930E-01    1.16376E-01    2.14121E-01    7.36354E-02
     4.18505E-01    2.38752E+00    1.79739E+00   -6.57002E-02   -3.88684E-01    3.11866E-01    1.16085E-01    2.13099E-01    7.40171E-02
     4.20755E-01    2.37441E+00    1.80005E+00   -6.21089E-02   -3.88479E-01    3.10804E-01    1.15788E-01    2.12082E-01    7.43948E-02
     4.23005E-01    2.36128E+00    1.80263E+00   -5.85208E-02   -3.88247E-01    3.09743E-01    1.15482E-01    2.11068E-01    7.47685E-02
     4.25255E-01    2.34813E+00    1.80512E+00   -5.49360E-02   -3.87988E-01    3.08683E-01    1.15169E-01    2.10058E-01    7.51382E-02
     4.27505E-01    2.33496E+00    1.80753E+00   -5.13548E-02   -3.87703E-01    3.07626E-01    1.14848E-01    2.09051E-01    7.55038E-02
     4.29755E-01    2.32178E+00    1.80985E+00   -4.77775E-02   -3.87390E-01    3.06570E-01    1.14520E-01    2.08048E-01    7.58653E-02
     4.32005E-01    2.30858E+00    1.81208E+00   -4.42044E-02   -3.87051E-01    3.05515E-01    1.14185E-01    2.07050E-01    7.62227E-02
     4.34255E-01    2.29536E+00    1.81423E+00   -4.06357E-02   -3.86686E-01    3.04463E-01    1.13842E-01    2.06055E-01    7.65760E-02
     4.36505E-01    2.28213E+00    1.81629E+00   -3.70716E-02   -3.86294E-01    3.03412E-01    1.13493E-01    2.05064E-01    7.69251E-02
     4.38755E-01    2.26889E+00    1.81827E+00   -3.35125E-02   -3.85876E-01    3.02363E-01    1.13136E-01    2.04077E-01    7.72701E-02
     4.41005E-01    2.25563E+00    1.82016E+00   -2.99585E-02   -3.85431E-01    3.01317E-01    1.12772E-01    2.03094E-01    7.76108E-02
     4.43255E-01    2.24236E+00    1.82197E+00   -2.64099E-02   -3.84960E-01    3.00272E-01    1.12402E-01    2.02116E-01    7.79474E-02
     4.45505E-01    2.22908E+00    1.82369E+00   -2.28671E-02   -3.84463E-01    2.99230E-01    1.12024E-01    2.01141E-01    7.82797E-02
     4.47755E-01    2.21579E+00    1.82533E+00   -1.93301E-02   -3.83940E-01    2.98190E-01    1.11641E-01    2.00171E-01    7.86079E-02
     4.50005E-01    2.20249E+00    1.82688E+00   -1.57994E-02   -3.83391E-01    2.97152E-01    1.11250E-01    1.99206E-01    7.89317E-02
     4.52255E-01    2.18918E+00    1.82835E+00   -1.22751E-02   -3.82816E-01    2.96117E-01    1.10853E-01    1.98244E-01    7.92513E-02
     4.54505E-01    2.17585E+00    1.82974E+00   -8.75748E-03   -3.82216E-01    2.95084E-01    1.10450E-01    1.97288E-01    7.95667E-02
     4.56755E-01    2.16253E+00    1.83104E+00   -5.24682E-03   -3.81590E-01    2.94054E-01    1.10040E-01    1.96335E-01    7.98777E-02
     4.59005E-01    2.14919E+00    1.83226E+00   -1.74335E-03   -3.80938E-01    2.93026E-01    1.09624E-01    1.95387E-01    8.01845E-02
     4.61255E-01    2.13584E+00    1.83340E+00    1.75267E-03   -3.80261E-01    2.92001E-01    1.09203E-01    1.94444E-01    8.04869E-02
     4.63505E-01    2.12249E+00    1.83445E+00    5.24100E-03   -3.79559E-01    2.90979E-01    1.08775E-01    1.93506E-01    8.07851E-02
     4.65755E-01    2.10914E+00    1.83543E+00    8.72138E-03   -3.78831E-01    2.89959E-01    1.08341E-01    1.92572E-01    8.10789E-02
     4.68005E-01    2.09578E+00    1.83632E+00    1.21936E-02   -3.78078E-01    2.88943E-01    1.07901E-01    1.91642E-01    8.13685E-02
     4.70255E-01    2.08242E+00    1.83713E+00    1.56573E-02   -3.77301E-01    2.87929E-01    1.07456E-01    1.90718E-01    8.16537E-02
     4.72505E-01    2.06905E+00    1.83786E+00    1.91124E-02   -3.76499E-01    2.86918E-01    1.07005E-01    1.89798E-01    8.19345E-02
     4.74755E-01    2.05568E+00    1.83851E+00    2.25586E-02   -3.75671E-01    2.85911E-01    1.06548E-01    1.88884E-01    8.22111E-02
     4.77005E-01    2.04230E+00    1.83908E+00    2.59956E-02   -3.74820E-01    2.84906E-01    1.06086E-01    1.87974E-01    8.24833E-02
     4.79255E-01    2.02893E+00    1.83957E+00    2.94232E-02   -3.73944E-01    2.83905E-01    1.05619E-01    1.87069E-01    8.27511E-02
     4.81505E-01    2.01556E+00    1.83998E+00    3.28411E-02   -3.73043E-01    2.82907E-01    1.05146E-01    1.86169E-01    8.30146E-02
     4.83755E-01    2.00218E+00    1.84031E+00    3.62492E-02   -3.72119E-01    2.81912E-01    1.04668E-01    1.85274E-01    8.32738E-02
     4.86005E-01    1.98881E+00    1.84056E+00    3.96472E-02   -3.71170E-01    2.80920E-01    1.04185E-01    1.84384E-01    8.35287E-02
     4.88255E-01    1.97544E+00    1.84073E+00    4.30347E-02   -3.70198E-01    2.79932E-01    1.03698E-01    1.83499E-01    8.37792E-02
     4.90505E-01    1.96206E+00    1.84083E+00    4.64117E-02   -3.69201E-01    2.78948E-01    1.03205E-01    1.82619E-01    8.40254E-02
     4.92755E-01    1.94870E+00    1.84085E+00    4.97779E-02   -3.68182E-01    2.77966E-01    1.02707E-01    1.81745E-01    8.42673E-02
     4.95005E-01    1.93533E+00    1.84079E+00    5.31330E-02   -3.67138E-01    2.76989E-01    1.02205E-01    1.80875E-01    8.45049E-02
     4.97254E-01    1.92197E+00    1.84065E+00    5.64768E-02   -3.66071E-01    2.76015E-01    1.01698E-01    1.80011E-01    8.47381E-02
     4.99504E-01    1.90862E+00    1.84044E+00    5.98090E-02   -3.64982E-01    2.75045E-01    1.01187E-01    1.79152E-01    8.49670E-02
     5.01754E-01    1.89526E+00    1.84015E+00    6.31296E-02   -3.63869E-01    2.74079E-01    1.00671E-01    1.78299E-01    8.51917E-02
     5.04004E-01    1.88192E+00    1.83979E+00    6.64381E-02   -3.62733E-01    2.73116E-01    1.00151E-01    1.77450E-01    8.54120E-02
     5.06254E-01    1.86858E+00    1.83935E+00    6.97345E-02   -3.61575E-01    2.72157E-01    9.96264E-02    1.76607E-01    8.56281E-02
     5.08504E-01    1.85525E+00    1.83883E+00    7.30184E-02   -3.60394E-01    2.71203E-01    9.90979E-02    1.75770E-01    8.58399E-02
     5.10754E-01    1.84193E+00    1.83825E+00    7.62897E-02   -3.59191E-01    2.70252E-01    9.85652E-02    1.74938E-01    8.60474E-02
     5.13004E-01    1.82861E+00    1.83758E+00    7.95481E-02   -3.57965E-01    2.69305E-01    9.80286E-02    1.74111E-01    8.62507E-02
     5.15254E-01    1.81531E+00    1.83685E+00    8.27934E-02   -3.56717E-01    2.68363E-01    9.74881E-02    1.73289E-01    8.64497E-02
     5.17504E-01    1.80201E+00    1.83604E+00    8.60254E-02   -3.55448E-01    2.67424E-01    9.69438E-02    1.72474E-01    8.66446E-02
     5.19754E-01    1.78873E+00    1.83516E+00    8.92439E-02   -3.54157E-01    2.66490E-01    9.63957E-02    1.71663E-01    8.68352E-02
     5.22004E-01    1.77545E+00    1.83421E+00    9.24487E-02   -3.52844E-01    2.65560E-01    9.58441E-02    1.70858E-01    8.70216E-02
     5.24254E-01    1.76219E+00    1.83319E+00    9.56396E-02   -3.51510E-01    2.64634E-01    9.52889E-02    1.70059E-01    8.72039E-02
     5.26504E-01    1.74894E+00    1.83210E+00    9.88163E-02   -3.50155E-01    2.63712E-01    9.47303E-02    1.69265E-01    8.73819E-02
     5.28754E-01    1.73570E+00    1.83093E+00    1.01979E-01   -3.48779E-01    2.62795E-01    9.41683E-02    1.68477E-01    8.75559E-02
     5.31004E-01    1.72247E+00    1.82970E+00    1.05126E-01   -3.47382E-01    2.61882E-01    9.36030E-02    1.67694E-01    8.77257E-02
     5.33254E-01    1.70926E+00    1.82840E+00    1.08259E-01   -3.45965E-01    2.60974E-01    9.30345E-02    1.66917E-01    8.78914E-02
     5.35504E-01    1.69607E+00    1.82703E+00    1.11378E-01   -3.44527E-01    2.60070E-01    9.24630E-02    1.66146E-01    8.80530E-02
     5.37754E-01    1.68289E+00    1.82559E+00    1.14481E-01   -3.43069E-01    2.59171E-01    9.18884E-02    1.65380E-01    8.82106E-02
     5.40004E-01    1.66972E+00    1.82408E+00    1.17568E-01   -3.41591E-01    2.58276E-01    9.13108E-02    1.64620E-01    8.83641E-02
     5.42254E-01    1.65657E+00    1.82250E+00    1.20640E-01   -3.40093E-01    2.57387E-01    9.07305E-02    1.63865E-01    8.85135E-02
     5.44504E-01    1.64344E+00    1.82086E+00    1.23696E-01   -3.38575E-01    2.56501E-01    9.01473E-02    1.63117E-01    8.86590E-02
     5.46754E-01    1.63032E+00    1.81915E+00    1.26737E-01   -3.37038E-01    2.55621E-01    8.95615E-02    1.62373E-01    8.88005E-02
     5.49004E-01    1.61723E+00    1.81738E+00    1.29761E-01   -3.35482E-01    2.54745E-01    8.89731E-02    1.61636E-01    8.89380E-02
     5.51254E-01    1.60415E+00    1.81554E+00    1.32769E-01   -3.33907E-01    2.53874E-01    8.83822E-02    1.60904E-01    8.90716E-02
     5.53504E-01    1.59109E+00    1.81364E+00    1.35761E-01   -3.32312E-01    2.53008E-01    8.77888E-02    1.60178E-01    8.92013E-02
     5.55754E-01    1.57805E+00    1.81167E+00    1.38736E-01   -3.30700E-01    2.52147E-01    8.71931E-02    1.59458E-01    8.93271E-02
     5.58004E-01    1.56503E+00    1.80964E+00    1.41694E-01   -3.29069E-01    2.51290E-01    8.65950E-02    1.58744E-01    8.94490E-02
     5.60254E-01    1.55203E+00    1.80755E+00    1.44635E-01   -3.27419E-01    2.50439E-01    8.59948E-02    1.58035E-01    8.95671E-02
     5.62504E-01    1.53905E+00    1.80539E+00    1.47559E-01   -3.25752E-01    2.49593E-01    8.53925E-02    1.57332E-01    8.96814E-02
     5.64754E-01    1.52610E+00    1.80318E+00    1.50465E-01   -3.24067E-01    2.48751E-01    8.47881E-02    1.56635E-01    8.97919E-02
     5.67004E-01    1.51316E+00    1.80090E+00    1.53354E-01   -3.22364E-01    2.47915E-01    8.41818E-02    1.55943E-01    8.98987E-02
     5.69254E-01    1.50025E+00    1.79856E+00    1.56226E-01   -3.20644E-01    2.47084E-01    8.35736E-02    1.55258E-01    9.00017E-02
     5.71504E-01    1.48736E+00    1.79616E+00    1.59080E-01   -3.18907E-01    2.46258E-01    8.29636E-02    1.54578E-01    9.01011E-02
     5.73754E-01    1.47450E+00    1.79370E+00    1.61915E-01   -3.17153E-01    2.45437E-01    8.23518E-02    1.53904E-01    9.01968E-02
     5.76004E-01    1.46166E+00    1.79118E+00    1.64733E-01   -3.15382E-01    2.44622E-01    8.17384E-02    1.53235E-01    9.02888E-02
     5.78254E-01    1.44884E+00    1.78861E+00    1.67532E-01   -3.13595E-01    2.43811E-01    8.11234E-02    1.52573E-01    9.03773E-02
     5.80504E-01    1.43605E+00    1.78597E+00    1.70313E-01   -3.11791E-01    2.43006E-01    8.05068E-02    1.51916E-01    9.04622E-02
     5.82754E-01    1.42329E+00    1.78328E+00    1.73075E-01   -3.09972E-01    2.42207E-01    7.98889E-02    1.51265E-01    9.05436E-02
     5.85004E-01    1.41055E+00    1.78053E+00    1.75819E-01   -3.08137E-01    2.41412E-01    7.92696E-02    1.50620E-01    9.06214E-02
     5.87253E-01    1.39784E+00    1.77773E+00    1.78544E-01   -3.06286E-01    2.40623E-01    7.86489E-02    1.49980E-01    9.06958E-02
     5.89503E-01    1.38516E+00    1.77487E+00    1.81249E-01   -3.04420E-01    2.39839E-01    7.80271E-02    1.49347E-01    9.07668E-02
     5.91753E-01    1.37250E+00    1.77196E+00    1.83936E-01   -3.02539E-01    2.39061E-01    7.74041E-02    1.48719E-01    9.08343E-02
     5.94003E-01    1.35987E+00    1.76899E+00    1.86603E-01   -3.00643E-01    2.38288E-01    7.67800E-02    1.48097E-01    9.08985E-02
     5.96253E-01    1.34727E+00    1.76596E+00    1.89252E-01   -2.98732E-01    2.37521E-01    7.61549E-02    1.47480E-01    9.09594E-02
     5.98503E-01    1.33470E+00    1.76289E+00    1.91880E-01   -2.96807E-01    2.36759E-01    7.55288E-02    1.46870E-01    9.10169E-02
     6.00753E-01    1.32216E+00    1.75976E+00    1.94489E-01   -2.94868E-01    2.36003E-01    7.49019E-02    1.46265E-01    9.10712E-02
     6.03003E-01    1.30965E+00    1.75658E+00    1.97078E-01   -2.92915E-01    2.35252E-01    7.42742E-02    1.45666E-01    9.11223E-02
     6.05253E-01    1.29716E+00    1.75335E+00    1.99648E-01   -2.90948E-01    2.34507E-01    7.36456E-02    1.45073E-01    9.11702E-02
     6.07503E-01    1.28471E+00    1.75007E+00    2.02197E-01   -2.88968E-01    2.33767E-01    7.30165E-02    1.44485E-01    9.12149E-02
     6.09753E-01    1.27229E+00    1.74674E+00    2.04727E-01   -2.86975E-01    2.33033E-01    7.23866E-02    1.43903E-01    9.12565E-02
     6.12003E-01    1.25990E+00    1.74336E+00    2.07236E-01   -2.84968E-01    2.32305E-01    7.17563E-02    1.43327E-01    9.12950E-02
     6.14253E-01    1.24754E+00    1.73993E+00    2.09725E-01   -2.82949E-01    2.31582E-01    7.11254E-02    1.42757E-01    9.13305E-02
     6.16503E-01    1.23522E+00    1.73645E+00    2.12194E-01   -2.80918E-01    2.30865E-01    7.04941E-02    1.42192E-01    9.13630E-02
     6.18753E-01    1.22292E+00    1.73292E+00    2.14642E-01   -2.78874E-01    2.30154E-01    6.98624E-02    1.41633E-01    9.13925E-02
     6.21003E-01    1.21066E+00    1.72935E+00    2.17070E-01   -2.76818E-01    2.29449E-01    6.92304E-02    1.41080E-01    9.14192E-02
     6.23253E-01    1.19843E+00    1.72573E+00    2.19477E-01   -2.74751E-01    2.28749E-01    6.85981E-02    1.40533E-01    9.14429E-02
     6.25503E-01    1.18624E+00    1.72206E+00    2.21864E-01   -2.72672E-01    2.28055E-01    6.79657E-02    1.39991E-01    9.14638E-02
     6.27753E-01    1.17408E+00    1.71835E+00    2.24229E-01   -2.70581E-01    2.27366E-01    6.73331E-02    1.39454E-01    9.14819E-02
     6.30003E-01    1.16195E+00    1.71460E+00    2.26574E-01   -2.68480E-01    2.26684E-01    6.67004E-02    1.38924E-01    9.14972E-02
     6.32253E-01    1.14986E+00    1.71080E+00    2.28898E-01   -2.66368E-01    2.26007E-01    6.60677E-02    1.38399E-01    9.15098E-02
     6.34503E-01    1.13780E+00    1.70696E+00    2.31201E-01   -2.64245E-01    2.25337E-01    6.54350E-02    1.37880E-01    9.15197E-02
     6.36753E-01    1.12578E+00    1.70307E+00    2.33483E-01   -2.62112E-01    2.24672E-01    6.48024E-02    1.37366E-01    9.15270E-02
     6.39003E-01    1.11380E+00    1.69914E+00    2.35743E-01   -2.59969E-01    2.24013E-01    6.41700E-02    1.36858E-01    9.15317E-02
     6.41253E-01    1.10184E+00    1.69517E+00    2.37983E-01   -2.57816E-01    2.23359E-01    6.35377E-02    1.36355E-01    9.15338E-02
     6.43503E-01    1.08993E+00    1.69116E+00    2.40201E-01   -2.55654E-01    2.22712E-01    6.29057E-02    1.35858E-01    9.15334E-02
     6.45753E-01    1.07805E+00    1.68711E+00    2.42398E-01   -2.53482E-01    2.22071E-01    6.22739E-02    1.35367E-01    9.15305E-02
     6.48003E-01    1.06621E+00    1.68302E+00    2.44574E-01   -2.51301E-01    2.21435E-01    6.16425E-02    1.34881E-01    9.15252E-02
     6.50253E-01    1.05441E+00    1.67889E+00    2.46728E-01   -2.49111E-01    2.20805E-01    6.10115E-02    1.34401E-01    9.15176E-02
     6.52503E-01    1.04264E+00    1.67472E+00    2.48860E-01   -2.46913E-01    2.20182E-01    6.03809E-02    1.33926E-01    9.15075E-02
     6.54753E-01    1.03091E+00    1.67051E+00    2.50972E-01   -2.44706E-01    2.19564E-01    5.97508E-02    1.33456E-01    9.14952E-02
     6.57003E-01    1.01922E+00    1.66627E+00    2.53061E-01   -2.42491E-01    2.18952E-01    5.91213E-02    1.32993E-01    9.14806E-02
     6.59253E-01    1.00756E+00    1.66199E+00    2.55130E-01   -2.40268E-01    2.18346E-01    5.84923E-02    1.32534E-01    9.14638E-02
     6.61503E-01    9.95946E-01    1.65767E+00    2.57176E-01   -2.38038E-01    2.17747E-01    5.78639E-02    1.32081E-01    9.14449E-02
     6.63753E-01    9.84369E-01    1.65332E+00    2.59201E-01   -2.35800E-01    2.17153E-01    5.72363E-02    1.31634E-01    9.14238E-02
     6.66003E-01    9.72830E-01    1.64893E+00    2.61204E-01   -2.33555E-01    2.16565E-01    5.66093E-02    1.31191E-01    9.14006E-02
     6.68253E-01    9.61330E-01    1.64451E+00    2.63186E-01   -2.31303E-01    2.15983E-01    5.59831E-02    1.30755E-01    9.13754E-02
     6.70503E-01    9.49870E-01    1.64005E+00    2.65146E-01   -2.29044E-01    2.15407E-01    5.53577E-02    1.30323E-01    9.13482E-02
     6.72753E-01    9.38448E-01    1.63556E+00    2.67084E-01   -2.26779E-01    2.14838E-01    5.47331E-02    1.29897E-01    9.13190E-02
     6.75003E-01    9.27066E-01    1.63103E+00    2.69000E-01   -2.24508E-01    2.14274E-01    5.41094E-02    1.29476E-01    9.12879E-02
     6.77252E-01    9.15724E-01    1.62648E+00    2.70895E-01   -2.22230E-01    2.13716E-01    5.34866E-02    1.29061E-01    9.12550E-02
     6.79502E-01    9.04422E-01    1.62189E+00    2.72768E-01   -2.19947E-01    2.13164E-01    5.28648E-02    1.28651E-01    9.12203E-02
     6.81752E-01    8.93160E-01    1.61727E+00    2.74619E-01   -2.17659E-01    2.12618E-01    5.22440E-02    1.28246E-01    9.11837E-02
     6.84002E-01    8.81939E-01    1.61263E+00    2.76449E-01   -2.15365E-01    2.12079E-01    5.16242E-02    1.27846E-01    9.11455E-02
     6.86252E-01    8.70757E-01    1.60795E+00    2.78257E-01   -2.13066E-01    2.11545E-01    5.10054E-02    1.27452E-01    9.11056E-02
     6.88502E-01    8.59617E-01    1.60324E+00    2.80043E-01   -2.10762E-01    2.11017E-01    5.03878E-02    1.27063E-01    9.10640E-02
     6.90752E-01    8.48517E-01    1.59850E+00    2.81807E-01   -2.08453E-01    2.10496E-01    4.97713E-02    1.26679E-01    9.10208E-02
     6.93002E-01    8.37459E-01    1.59374E+00    2.83549E-01   -2.06140E-01    2.09980E-01    4.91560E-02    1.26300E-01    9.09761E-02
     6.95252E-01    8.26441E-01    1.58895E+00    2.85270E-01   -2.03823E-01    2.09471E-01    4.85420E-02    1.25926E-01    9.09299E-02
     6.97502E-01    8.15465E-01    1.58413E+00    2.86969E-01   -2.01502E-01    2.08967E-01    4.79291E-02    1.25557E-01    9.08822E-02
     6.99752E-01    8.04530E-01    1.57928E+00    2.88646E-01   -1.99178E-01    2.08470E-01    4.73175E-02    1.25194E-01    9.08331E-02
     7.02002E-01    7.93637E-01    1.57441E+00    2.90302E-01   -1.96849E-01    2.07979E-01    4.67072E-02    1.24836E-01    9.07827E-02
     7.04252E-01    7.82786E-01    1.56951E+00    2.91936E-01   -1.94518E-01    2.07493E-01    4.60983E-02    1.24482E-01    9.07309E-02
     7.06502E-01    7.71976E-01    1.56459E+00    2.93548E-01   -1.92183E-01    2.07014E-01    4.54907E-02    1.24134E-01    9.06778E-02
     7.08752E-01    7.61208E-01    1.55964E+00    2.95139E-01   -1.89846E-01    2.06541E-01    4.48845E-02    1.23790E-01    9.06235E-02
     7.11002E-01    7.50482E-01    1.55467E+00    2.96708E-01   -1.87506E-01    2.06074E-01    4.42798E-02    1.23452E-01    9.05681E-02
     7.13252E-01    7.39799E-01    1.54967E+00    2.98256E-01   -1.85164E-01    2.05613E-01    4.36765E-02    1.23119E-01    9.05114E-02
     7.15502E-01    7.29157E-01    1.54466E+00    2.99782E-01   -1.82819E-01    2.05158E-01    4.30746E-02    1.22790E-01    9.04537E-02
     7.17752E-01    7.18558E-01    1.53962E+00    3.01287E-01   -1.80473E-01    2.04708E-01    4.24743E-02    1.22467E-01    9.03949E-02
     7.20002E-01    7.08001E-01    1.53456E+00    3.02770E-01   -1.78124E-01    2.04265E-01    4.18755E-02    1.22148E-01    9.03352E-02
     7.22252E-01    6.97487E-01    1.52947E+00    3.04231E-01   -1.75774E-01    2.03828E-01    4.12782E-02    1.21834E-01    9.02744E-02
     7.24502E-01    6.87015E-01    1.52437E+00    3.05672E-01   -1.73423E-01    2.03397E-01    4.06825E-02    1.21525E-01    9.02128E-02
     7.26752E-01    6.76586E-01    1.51925E+00    3.07091E-01   -1.71071E-01    2.02972E-01    4.00884E-02    1.21221E-01    9.01503E-02
     7.29002E-01    6.66200E-01    1.51410E+00    3.08489E-01   -1.68717E-01    2.02553E-01    3.94959E-02    1.20922E-01    9.00869E-02
     7.31252E-01    6.55856E-01    1.50894E+00    3.09865E-01   -1.66363E-01    2.02140E-01    3.89051E-02    1.20627E-01    9.00228E-02
     7.33502E-01    6.45556E-01    1.50376E+00    3.11221E-01   -1.64008E-01    2.01733E-01    3.83159E-02    1.20338E-01    8.99579E-02
     7.35752E-01    6.35298E-01    1.49856E+00    3.12555E-01   -1.61653E-01    2.01332E-01    3.77284E-02    1.20053E-01    8.98924E-02
     7.38002E-01    6.25083E-01    1.49334E+00    3.13868E-01   -1.59298E-01    2.00937E-01    3.71426E-02    1.19772E-01    8.98262E-02
     7.40252E-01    6.14911E-01    1.48811E+00    3.15160E-01   -1.56943E-01    2.00548E-01    3.65585E-02    1.19496E-01    8.97594E-02
     7.42502E-01    6.04782E-01    1.48286E+00    3.16431E-01   -1.54588E-01    2.00165E-01    3.59762E-02    1.19225E-01    8.96920E-02
     7.44752E-01    5.94695E-01    1.47759E+00    3.17682E-01   -1.52234E-01    1.99788E-01    3.53956E-02    1.18959E-01    8.96241E-02
     7.47002E-01    5.84652E-01    1.47231E+00    3.18911E-01   -1.49880E-01    1.99417E-01    3.48168E-02    1.18697E-01    8.95558E-02
     7.49252E-01    5.74652E-01    1.46701E+00    3.20120E-01   -1.47527E-01    1.99052E-01    3.42398E-02    1.18440E-01    8.94870E-02
     7.51502E-01    5.64695E-01    1.46169E+00    3.21308E-01   -1.45175E-01    1.98692E-01    3.36645E-02    1.18187E-01    8.94179E-02
     7.53752E-01    5.54781E-01    1.45636E+00    3.22475E-01   -1.42824E-01    1.98339E-01    3.30911E-02    1.17939E-01    8.93484E-02
     7.56002E-01    5.44911E-01    1.45102E+00    3.23622E-01   -1.40475E-01    1.97991E-01    3.25196E-02    1.17696E-01    8.92786E-02
     7.58252E-01    5.35083E-01    1.44567E+00    3.24748E-01   -1.38127E-01    1.97650E-01    3.19499E-02    1.17457E-01    8.92086E-02
     7.60502E-01    5.25298E-01    1.44030E+00    3.25854E-01   -1.35781E-01    1.97314E-01    3.13820E-02    1.17222E-01    8.91384E-02
     7.62752E-01    5.15556E-01    1.43491E+00    3.26939E-01   -1.33436E-01    1.96984E-01    3.08160E-02    1.16992E-01    8.90680E-02
     7.65002E-01    5.05858E-01    1.42952E+00    3.28004E-01   -1.31094E-01    1.96660E-01    3.02519E-02    1.16766E-01    8.89975E-02
     7.67251E-01    4.96202E-01    1.42412E+00    3.29049E-01   -1.28754E-01    1.96342E-01    2.96897E-02    1.16545E-01    8.89270E-02
     7.69501E-01    4.86589E-01    1.41870E+00    3.30073E-01   -1.26417E-01    1.96030E-01    2.91294E-02    1.16328E-01    8.88564E-02
     7.71751E-01    4.77020E-01    1.41327E+00    3.31078E-01   -1.24082E-01    1.95724E-01    2.85710E-02    1.16115E-01    8.87859E-02
     7.74001E-01    4.67493E-01    1.40783E+00    3.32063E-01   -1.21750E-01    1.95423E-01    2.80146E-02    1.15906E-01    8.87154E-02
     7.76251E-01    4.58009E-01    1.40238E+00    3.33027E-01   -1.19420E-01    1.95128E-01    2.74600E-02    1.15702E-01    8.86450E-02
     7.78501E-01    4.48568E-01    1.39693E+00    3.33972E-01   -1.17094E-01    1.94839E-01    2.69075E-02    1.15503E-01    8.85747E-02
     7.80751E-01    4.39170E-01    1.39146E+00    3.34897E-01   -1.14771E-01    1.94556E-01    2.63568E-02    1.15307E-01    8.85046E-02
     7.83001E-01    4.29815E-01    1.38598E+00    3.35802E-01   -1.12452E-01    1.94278E-01    2.58082E-02    1.15116E-01    8.84348E-02
     7.85251E-01    4.20502E-01    1.38050E+00    3.36688E-01   -1.10136E-01    1.94007E-01    2.52615E-02    1.14929E-01    8.83653E-02
     7.87501E-01    4.11232E-01    1.37500E+00    3.37554E-01   -1.07824E-01    1.93741E-01    2.47167E-02    1.14746E-01    8.82961E-02
     7.89751E-01    4.02005E-01    1.36950E+00    3.38401E-01   -1.05516E-01    1.93480E-01    2.41740E-02    1.14567E-01    8.82272E-02
     7.92001E-01    3.92820E-01    1.36400E+00    3.39229E-01   -1.03212E-01    1.93226E-01    2.36332E-02    1.14392E-01    8.81587E-02
     7.94251E-01    3.83678E-01    1.35848E+00    3.40037E-01   -1.00912E-01    1.92977E-01    2.30944E-02    1.14221E-01    8.80907E-02
     7.96501E-01    3.74578E-01    1.35296E+00    3.40826E-01   -9.86161E-02    1.92734E-01    2.25576E-02    1.14055E-01    8.80232E-02
     7.98751E-01    3.65520E-01    1.34743E+00    3.41596E-01   -9.63250E-02    1.92496E-01    2.20228E-02    1.13893E-01    8.79562E-02
     8.01001E-01    3.56505E-01    1.34190E+00    3.42347E-01   -9.40385E-02    1.92264E-01    2.14901E-02    1.13734E-01    8.78898E-02
     8.03251E-01    3.47532E-01    1.33636E+00    3.43079E-01   -9.17569E-02    1.92038E-01    2.09593E-02    1.13580E-01    8.78240E-02
     8.05501E-01    3.38600E-01    1.33082E+00    3.43792E-01   -8.94802E-02    1.91818E-01    2.04305E-02    1.13429E-01    8.77588E-02
     8.07751E-01    3.29711E-01    1.32527E+00    3.44487E-01   -8.72085E-02    1.91603E-01    1.99037E-02    1.13283E-01    8.76944E-02
     8.10001E-01    3.20864E-01    1.31972E+00    3.45163E-01   -8.49421E-02    1.91393E-01    1.93789E-02    1.13140E-01    8.76307E-02
     8.12251E-01    3.12059E-01    1.31416E+00    3.45820E-01   -8.26811E-02    1.91189E-01    1.88561E-02    1.13002E-01    8.75678E-02
     8.14501E-01    3.03295E-01    1.30860E+00    3.46459E-01   -8.04256E-02    1.90991E-01    1.83354E-02    1.12867E-01    8.75057E-02
     8.16751E-01    2.94573E-01    1.30303E+00    3.47079E-01   -7.81757E-02    1.90798E-01    1.78166E-02    1.12736E-01    8.74445E-02
     8.19001E-01    2.85893E-01    1.29747E+00    3.47681E-01   -7.59316E-02    1.90611E-01    1.72999E-02    1.12609E-01    8.73842E-02
     8.21251E-01    2.77254E-01    1.29190E+00    3.48265E-01   -7.36934E-02    1.90429E-01    1.67851E-02    1.12486E-01    8.73248E-02
     8.23501E-01    2.68656E-01    1.28633E+00    3.48831E-01   -7.14612E-02    1.90253E-01    1.62724E-02    1.12367E-01    8.72664E-02
     8.25751E-01    2.60100E-01    1.28075E+00    3.49379E-01   -6.92352E-02    1.90082E-01    1.57617E-02    1.12252E-01    8.72090E-02
     8.28001E-01    2.51584E-01    1.27518E+00    3.49909E-01   -6.70155E-02    1.89916E-01    1.52530E-02    1.12140E-01    8.71528E-02
     8.30251E-01    2.43110E-01    1.26960E+00    3.50422E-01   -6.48022E-02    1.89756E-01    1.47462E-02    1.12032E-01    8.70976E-02
     8.32501E-01    2.34676E-01    1.26402E+00    3.50916E-01   -6.25955E-02    1.89601E-01    1.42415E-02    1.11928E-01    8.70436E-02
     8.34751E-01    2.26284E-01    1.25844E+00    3.51393E-01   -6.03954E-02    1.89452E-01    1.37388E-02    1.11827E-01    8.69907E-02
     8.37001E-01    2.17931E-01    1.25286E+00    3.51853E-01   -5.82021E-02    1.89308E-01    1.32380E-02    1.11730E-01    8.69392E-02
     8.39251E-01    2.09620E-01    1.24728E+00    3.52295E-01   -5.60158E-02    1.89170E-01    1.27393E-02    1.11637E-01    8.68888E-02
     8.41501E-01    2.01348E-01    1.24171E+00    3.52719E-01   -5.38365E-02    1.89036E-01    1.22425E-02    1.11547E-01    8.68398E-02
     8.43751E-01    1.93117E-01    1.23613E+00    3.53127E-01   -5.16643E-02    1.88908E-01    1.17477E-02    1.11462E-01    8.67922E-02
     8.46001E-01    1.84926E-01    1.23055E+00    3.53517E-01   -4.94994E-02    1.88786E-01    1.12549E-02    1.11379E-01    8.67459E-02
     8.48251E-01    1.76775E-01    1.22497E+00    3.53891E-01   -4.73418E-02    1.88668E-01    1.07640E-02    1.11300E-01    8.67011E-02
     8.50501E-01    1.68664E-01    1.21939E+00    3.54247E-01   -4.51918E-02    1.88556E-01    1.02751E-02    1.11225E-01    8.66577E-02
     8.52751E-01    1.60593E-01    1.21382E+00    3.54586E-01   -4.30493E-02    1.88449E-01    9.78816E-03    1.11154E-01    8.66158E-02
     8.55001E-01    1.52561E-01    1.20825E+00    3.54909E-01   -4.09146E-02    1.88348E-01    9.30316E-03    1.11085E-01    8.65755E-02
     8.57250E-01    1.44568E-01    1.20267E+00    3.55215E-01   -3.87877E-02    1.88251E-01    8.82011E-03    1.11021E-01    8.65368E-02
     8.59500E-01    1.36615E-01    1.19711E+00    3.55505E-01   -3.66688E-02    1.88160E-01    8.33899E-03    1.10960E-01    8.64997E-02
     8.61750E-01    1.28701E-01    1.19154E+00    3.55778E-01   -3.45578E-02    1.88073E-01    7.85980E-03    1.10902E-01    8.64643E-02
     8.64000E-01    1.20826E-01    1.18597E+00    3.56035E-01   -3.24550E-02    1.87992E-01    7.38252E-03    1.10848E-01    8.64306E-02
     8.66250E-01    1.12990E-01    1.18041E+00    3.56275E-01   -3.03605E-02    1.87916E-01    6.90716E-03    1.10797E-01    8.63986E-02
     8.68500E-01    1.05192E-01    1.17486E+00    3.56499E-01   -2.82743E-02    1.87845E-01    6.43371E-03    1.10749E-01    8.63685E-02
     8.70750E-01    9.74330E-02    1.16930E+00    3.56707E-01   -2.61966E-02    1.87779E-01    5.96215E-03    1.10705E-01    8.63401E-02
     8.73000E-01    8.97123E-02    1.16375E+00    3.56899E-01   -2.41275E-02    1.87718E-01    5.49247E-03    1.10665E-01    8.63136E-02
     8.75250E-01    8.20298E-02    1.15820E+00    3.57076E-01   -2.20669E-02    1.87662E-01    5.02467E-03    1.10628E-01    8.62890E-02
     8.77500E-01    7.43854E-02    1.15266E+00    3.57236E-01   -2.00152E-02    1.87611E-01    4.55874E-03    1.10594E-01    8.62663E-02
     8.79750E-01    6.67790E-02    1.14712E+00    3.57381E-01   -1.79723E-02    1.87565E-01    4.09467E-03    1.10563E-01    8.62457E-02
     8.82000E-01    5.92102E-02    1.14159E+00    3.57510E-01   -1.59383E-02    1.87524E-01    3.63245E-03    1.10536E-01    8.62270E-02
     8.84250E-01    5.16791E-02    1.13606E+00    3.57623E-01   -1.39134E-02    1.87488E-01    3.17207E-03    1.10511E-01    8.62104E-02
     8.86500E-01    4.41854E-02    1.13054E+00    3.57722E-01   -1.18976E-02    1.87457E-01    2.71352E-03    1.10491E-01    8.61958E-02
     8.88750E-01    3.67290E-02    1.12502E+00    3.57804E-01   -9.89109E-03    1.87431E-01    2.25678E-03    1.10473E-01    8.61835E-02
     8.91000E-01    2.93096E-02    1.11950E+00    3.57872E-01   -7.89386E-03    1.87409E-01    1.80186E-03    1.10459E-01    8.61732E-02
     8.93250E-01    2.19272E-02    1.11400E+00    3.57924E-01   -5.90605E-03    1.87392E-01    1.34873E-03    1.10448E-01    8.61652E-02
     8.95500E-01    1.45816E-02    1.10849E+00    3.57961E-01   -3.92774E-03    1.87380E-01    8.97380E-04    1.10440E-01    8.61594E-02
     8.97750E-01    7.27258E-03    1.10300E+00    3.57984E-01   -1.95903E-03    1.87373E-01    4.47809E-04    1.10435E-01    8.61559E-02
     9.00000E-01    0.00000E+00    1.09751E+00    3.57991E-01    0.00000E+00    1.87371E-01   -2.77287E-24    1.10433E-01    8.61548E-02
