     1.00000E-05    3.65570E+00   -1.81584E-05   -5.68682E-01   -1.66146E-05    4.33066E-01    6.52547E-06    3.87805E-01    8.16776E-11
     2.18498E-03    3.65566E+00    1.41216E-02   -5.68665E-01   -3.63019E-03    4.33062E-01    1.42577E-03    3.87799E-01    3.89931E-06
     4.35995E-03    3.65553E+00    2.81778E-02   -5.68615E-01   -7.24346E-03    4.33048E-01    2.84484E-03    3.87779E-01    1.55252E-05
     6.53492E-03    3.65532E+00    4.22325E-02   -5.68531E-01   -1.08561E-02    4.33026E-01    4.26356E-03    3.87747E-01    3.48754E-05
     8.70990E-03    3.65502E+00    5.62851E-02   -5.68415E-01   -1.44678E-02    4.32994E-01    5.68176E-03    3.87702E-01    6.19460E-05
     1.08849E-02    3.65463E+00    7.03347E-02   -5.68265E-01   -1.80782E-02    4.32954E-01    7.09926E-03    3.87643E-01    9.67317E-05
     1.30598E-02    3.65416E+00    8.43807E-02   -5.68081E-01   -2.16871E-02    4.32905E-01    8.51589E-03    3.87572E-01    1.39226E-04
     1.52348E-02    3.65360E+00    9.84223E-02   -5.67865E-01   -2.52941E-02    4.32846E-01    9.93147E-03    3.87488E-01    1.89419E-04
     1.74098E-02    3.65295E+00    1.12459E-01   -5.67615E-01   -2.88989E-02    4.32779E-01    1.13458E-02    3.87391E-01    2.47303E-04
     1.95848E-02    3.65222E+00    1.26489E-01   -5.67332E-01   -3.25012E-02    4.32702E-01    1.27588E-02    3.87281E-01    3.12864E-04
     2.17598E-02    3.65141E+00    1.40514E-01   -5.67016E-01   -3.61007E-02    4.32617E-01    1.41702E-02    3.87158E-01    3.86091E-04
     2.39347E-02    3.65051E+00    1.54530E-01   -5.66667E-01   -3.96970E-02    4.32523E-01    1.55799E-02    3.87022E-01    4.66968E-04
     2.61097E-02    3.64952E+00    1.68539E-01   -5.66285E-01   -4.32899E-02    4.32420E-01    1.69877E-02    3.86873E-01    5.55480E-04
     2.82847E-02    3.64845E+00    1.82539E-01   -5.65869E-01   -4.68791E-02    4.32308E-01    1.83934E-02    3.86712E-01    6.51609E-04
     3.04597E-02    3.64729E+00    1.96530E-01   -5.65421E-01   -5.04642E-02    4.32187E-01    1.97969E-02    3.86538E-01    7.55337E-04
     3.26346E-02    3.64605E+00    2.10510E-01   -5.64940E-01   -5.40450E-02    4.32057E-01    2.11979E-02    3.86351E-01    8.66641E-04
     3.48096E-02    3.64472E+00    2.24479E-01   -5.64426E-01   -5.76211E-02    4.31918E-01    2.25963E-02    3.86151E-01    9.85501E-04
     3.69846E-02    3.64330E+00    2.38437E-01   -5.63878E-01   -6.11922E-02    4.31770E-01    2.39920E-02    3.85938E-01    1.11189E-03
     3.91596E-02    3.64180E+00    2.52383E-01   -5.63298E-01   -6.47580E-02    4.31613E-01    2.53848E-02    3.85713E-01    1.24579E-03
     4.13345E-02    3.64022E+00    2.66315E-01   -5.62686E-01   -6.83182E-02    4.31448E-01    2.67744E-02    3.85475E-01    1.38717E-03
     4.35095E-02    3.63855E+00    2.80233E-01   -5.62040E-01   -7.18725E-02    4.31274E-01    2.81608E-02    3.85225E-01    1.53600E-03
     4.56845E-02    3.63679E+00    2.94137E-01   -5.61362E-01   -7.54206E-02    4.31090E-01    2.95438E-02    3.84962E-01    1.69226E-03
     4.78594E-02    3.63495E+00    3.08026E-01   -5.60652E-01   -7.89622E-02    4.30898E-01    3.09232E-02    3.84686E-01    1.85590E-03
     5.00344E-02    3.63303E+00    3.21899E-01   -5.59909E-01   -8.24971E-02    4.30698E-01    3.22988E-02    3.84398E-01    2.02691E-03
     5.22094E-02    3.63102E+00    3.35754E-01   -5.59134E-01   -8.60248E-02    4.30488E-01    3.36704E-02    3.84097E-01    2.20524E-03
     5.43844E-02    3.62892E+00    3.49593E-01   -5.58326E-01   -8.95451E-02    4.30270E-01    3.50380E-02    3.83784E-01    2.39086E-03
     5.65594E-02    3.62674E+00    3.63413E-01   -5.57486E-01   -9.30577E-02    4.30042E-01    3.64013E-02    3.83459E-01    2.58374E-03
     5.87343E-02    3.62448E+00    3.77215E-01   -5.56614E-01   -9.65623E-02    4.29807E-01    3.77603E-02    3.83121E-01    2.78384E-03
     6.09093E-02    3.62213E+00    3.90997E-01   -5.55710E-01   -1.00059E-01    4.29562E-01    3.91146E-02    3.82771E-01    2.99111E-03
     6.30843E-02    3.61970E+00    4.04759E-01   -5.54774E-01   -1.03546E-01    4.29309E-01    4.04642E-02    3.82409E-01    3.20552E-03
     6.52593E-02    3.61718E+00    4.18499E-01   -5.53806E-01   -1.07025E-01    4.29047E-01    4.18089E-02    3.82034E-01    3.42702E-03
     6.74342E-02    3.61458E+00    4.32218E-01   -5.52806E-01   -1.10495E-01    4.28776E-01    4.31485E-02    3.81647E-01    3.65558E-03
     6.96092E-02    3.61189E+00    4.45915E-01   -5.51774E-01   -1.13955E-01    4.28497E-01    4.44830E-02    3.81249E-01    3.89114E-03
     7.17842E-02    3.60912E+00    4.59588E-01   -5.50711E-01   -1.17405E-01    4.28209E-01    4.58120E-02    3.80838E-01    4.13366E-03
     7.39592E-02    3.60627E+00    4.73238E-01   -5.49617E-01   -1.20846E-01    4.27913E-01    4.71356E-02    3.80415E-01    4.38310E-03
     7.61341E-02    3.60333E+00    4.86863E-01   -5.48491E-01   -1.24276E-01    4.27608E-01    4.84534E-02    3.79981E-01    4.63940E-03
     7.83091E-02    3.60031E+00    5.00463E-01   -5.47334E-01   -1.27695E-01    4.27294E-01    4.97655E-02    3.79534E-01    4.90252E-03
     8.04841E-02    3.59720E+00    5.14037E-01   -5.46146E-01   -1.31104E-01    4.26972E-01    5.10715E-02    3.79076E-01    5.17240E-03
     8.26590E-02    3.59402E+00    5.27584E-01   -5.44927E-01   -1.34502E-01    4.26642E-01    5.23715E-02    3.78606E-01    5.44899E-03
     8.48340E-02    3.59075E+00    5.41104E-01   -5.43677E-01   -1.37887E-01    4.26303E-01    5.36651E-02    3.78124E-01    5.73224E-03
     8.70090E-02    3.58739E+00    5.54596E-01   -5.42396E-01   -1.41262E-01    4.25956E-01    5.49523E-02    3.77631E-01    6.02209E-03
     8.91840E-02    3.58395E+00    5.68059E-01   -5.41084E-01   -1.44624E-01    4.25600E-01    5.62330E-02    3.77126E-01    6.31850E-03
     9.13589E-02    3.58043E+00    5.81493E-01   -5.39742E-01   -1.47974E-01    4.25236E-01    5.75069E-02    3.76610E-01    6.62139E-03
     9.35339E-02    3.57683E+00    5.94896E-01   -5.38370E-01   -1.51311E-01    4.24863E-01    5.87740E-02    3.76082E-01    6.93071E-03
     9.57089E-02    3.57315E+00    6.08269E-01   -5.36968E-01   -1.54636E-01    4.24483E-01    6.00341E-02    3.75543E-01    7.24641E-03
     9.78839E-02    3.56938E+00    6.21610E-01   -5.35535E-01   -1.57948E-01    4.24094E-01    6.12870E-02    3.74993E-01    7.56841E-03
     1.00059E-01    3.56553E+00    6.34919E-01   -5.34073E-01   -1.61246E-01    4.23696E-01    6.25326E-02    3.74432E-01    7.89667E-03
     1.02234E-01    3.56160E+00    6.48196E-01   -5.32580E-01   -1.64530E-01    4.23291E-01    6.37709E-02    3.73859E-01    8.23112E-03
     1.04409E-01    3.55759E+00    6.61438E-01   -5.31058E-01   -1.67801E-01    4.22877E-01    6.50015E-02    3.73276E-01    8.57169E-03
     1.06584E-01    3.55349E+00    6.74646E-01   -5.29507E-01   -1.71058E-01    4.22456E-01    6.62245E-02    3.72681E-01    8.91832E-03
     1.08759E-01    3.54931E+00    6.87820E-01   -5.27926E-01   -1.74300E-01    4.22026E-01    6.74397E-02    3.72076E-01    9.27094E-03
     1.10934E-01    3.54506E+00    7.00958E-01   -5.26316E-01   -1.77528E-01    4.21588E-01    6.86469E-02    3.71460E-01    9.62949E-03
     1.13109E-01    3.54072E+00    7.14059E-01   -5.24677E-01   -1.80740E-01    4.21142E-01    6.98460E-02    3.70833E-01    9.99390E-03
     1.15284E-01    3.53630E+00    7.27124E-01   -5.23009E-01   -1.83938E-01    4.20688E-01    7.10369E-02    3.70196E-01    1.03641E-02
     1.17459E-01    3.53180E+00    7.40151E-01   -5.21313E-01   -1.87120E-01    4.20226E-01    7.22194E-02    3.69548E-01    1.07400E-02
     1.19634E-01    3.52722E+00    7.53139E-01   -5.19588E-01   -1.90286E-01    4.19756E-01    7.33935E-02    3.68890E-01    1.11216E-02
     1.21809E-01    3.52256E+00    7.66089E-01   -5.17834E-01   -1.93437E-01    4.19278E-01    7.45591E-02    3.68222E-01    1.15087E-02
     1.23984E-01    3.51782E+00    7.78999E-01   -5.16052E-01   -1.96572E-01    4.18793E-01    7.57159E-02    3.67543E-01    1.19014E-02
     1.26159E-01    3.51300E+00    7.91869E-01   -5.14243E-01   -1.99690E-01    4.18299E-01    7.68638E-02    3.66854E-01    1.22994E-02
     1.28334E-01    3.50809E+00    8.04698E-01   -5.12405E-01   -2.02791E-01    4.17798E-01    7.80029E-02    3.66155E-01    1.27029E-02
     1.30508E-01    3.50311E+00    8.17485E-01   -5.10540E-01   -2.05876E-01    4.17289E-01    7.91328E-02    3.65446E-01    1.31116E-02
     1.32683E-01    3.49805E+00    8.30230E-01   -5.08647E-01   -2.08944E-01    4.16773E-01    8.02536E-02    3.64727E-01    1.35255E-02
     1.34858E-01    3.49292E+00    8.42933E-01   -5.06727E-01   -2.11994E-01    4.16249E-01    8.13652E-02    3.63999E-01    1.39446E-02
     1.37033E-01    3.48770E+00    8.55591E-01   -5.04779E-01   -2.15027E-01    4.15717E-01    8.24673E-02    3.63261E-01    1.43687E-02
     1.39208E-01    3.48240E+00    8.68206E-01   -5.02805E-01   -2.18042E-01    4.15178E-01    8.35599E-02    3.62513E-01    1.47977E-02
     1.41383E-01    3.47703E+00    8.80775E-01   -5.00804E-01   -2.21039E-01    4.14631E-01    8.46429E-02    3.61756E-01    1.52317E-02
     1.43558E-01    3.47158E+00    8.93299E-01   -4.98776E-01   -2.24018E-01    4.14077E-01    8.57161E-02    3.60989E-01    1.56705E-02
     1.45733E-01    3.46605E+00    9.05778E-01   -4.96722E-01   -2.26979E-01    4.13515E-01    8.67796E-02    3.60213E-01    1.61140E-02
     1.47908E-01    3.46044E+00    9.18209E-01   -4.94642E-01   -2.29921E-01    4.12946E-01    8.78331E-02    3.59428E-01    1.65622E-02
     1.50083E-01    3.45475E+00    9.30593E-01   -4.92536E-01   -2.32844E-01    4.12370E-01    8.88766E-02    3.58633E-01    1.70149E-02
     1.52258E-01    3.44899E+00    9.42929E-01   -4.90404E-01   -2.35749E-01    4.11786E-01    8.99100E-02    3.57830E-01    1.74722E-02
     1.54433E-01    3.44315E+00    9.55216E-01   -4.88246E-01   -2.38633E-01    4.11195E-01    9.09332E-02    3.57018E-01    1.79338E-02
     1.56608E-01    3.43724E+00    9.67454E-01   -4.86063E-01   -2.41499E-01    4.10597E-01    9.19460E-02    3.56197E-01    1.83998E-02
     1.58783E-01    3.43124E+00    9.79642E-01   -4.83854E-01   -2.44345E-01    4.09992E-01    9.29485E-02    3.55368E-01    1.88700E-02
     1.60958E-01    3.42518E+00    9.91780E-01   -4.81621E-01   -2.47171E-01    4.09380E-01    9.39404E-02    3.54530E-01    1.93444E-02
     1.63133E-01    3.41903E+00    1.00387E+00   -4.79363E-01   -2.49977E-01    4.08761E-01    9.49218E-02    3.53683E-01    1.98228E-02
     1.65308E-01    3.41281E+00    1.01590E+00   -4.77080E-01   -2.52763E-01    4.08135E-01    9.58926E-02    3.52829E-01    2.03052E-02
     1.67483E-01    3.40652E+00    1.02788E+00   -4.74772E-01   -2.55528E-01    4.07501E-01    9.68525E-02    3.51966E-01    2.07916E-02
     1.69658E-01    3.40015E+00    1.03981E+00   -4.72441E-01   -2.58273E-01    4.06861E-01    9.78017E-02    3.51094E-01    2.12817E-02
     1.71833E-01    3.39370E+00    1.05169E+00   -4.70085E-01   -2.60997E-01    4.06215E-01    9.87399E-02    3.50215E-01    2.17756E-02
     1.74008E-01    3.38718E+00    1.06351E+00   -4.67706E-01   -2.63700E-01    4.05561E-01    9.96672E-02    3.49328E-01    2.22731E-02
     1.76183E-01    3.38059E+00    1.07528E+00   -4.65303E-01   -2.66382E-01    4.04901E-01    1.00583E-01    3.48433E-01    2.27741E-02
     1.78358E-01    3.37392E+00    1.08699E+00   -4.62877E-01   -2.69042E-01    4.04234E-01    1.01488E-01    3.47531E-01    2.32786E-02
     1.80533E-01    3.36718E+00    1.09865E+00   -4.60428E-01   -2.71682E-01    4.03560E-01    1.02382E-01    3.46621E-01    2.37865E-02
     1.82708E-01    3.36037E+00    1.11025E+00   -4.57956E-01   -2.74299E-01    4.02880E-01    1.03265E-01    3.45703E-01    2.42977E-02
     1.84883E-01    3.35348E+00    1.12179E+00   -4.55461E-01   -2.76895E-01    4.02194E-01    1.04136E-01    3.44778E-01    2.48121E-02
     1.87058E-01    3.34652E+00    1.13328E+00   -4.52943E-01   -2.79468E-01    4.01501E-01    1.04996E-01    3.43846E-01    2.53296E-02
     1.89233E-01    3.33949E+00    1.14470E+00   -4.50403E-01   -2.82020E-01    4.00801E-01    1.05844E-01    3.42907E-01    2.58501E-02
     1.91408E-01    3.33238E+00    1.15607E+00   -4.47841E-01   -2.84549E-01    4.00096E-01    1.06681E-01    3.41961E-01    2.63736E-02
     1.93583E-01    3.32521E+00    1.16738E+00   -4.45258E-01   -2.87056E-01    3.99384E-01    1.07506E-01    3.41008E-01    2.68999E-02
     1.95758E-01    3.31796E+00    1.17863E+00   -4.42652E-01   -2.89540E-01    3.98666E-01    1.08320E-01    3.40048E-01    2.74289E-02
     1.97933E-01    3.31064E+00    1.18982E+00   -4.40026E-01   -2.92001E-01    3.97941E-01    1.09122E-01    3.39082E-01    2.79607E-02
     2.00108E-01    3.30325E+00    1.20095E+00   -4.37378E-01   -2.94439E-01    3.97211E-01    1.09912E-01    3.38109E-01    2.84949E-02
     2.02283E-01    3.29579E+00    1.21201E+00   -4.34709E-01   -2.96854E-01    3.96475E-01    1.10690E-01    3.37129E-01    2.90317E-02
     2.04458E-01    3.28826E+00    1.22302E+00   -4.32020E-01   -2.99247E-01    3.95732E-01    1.11457E-01    3.36144E-01    2.95709E-02
     2.06633E-01    3.28067E+00    1.23396E+00   -4.29310E-01   -3.01615E-01    3.94984E-01    1.12211E-01    3.35152E-01    3.01124E-02
     2.08808E-01    3.27300E+00    1.24484E+00   -4.26579E-01   -3.03960E-01    3.94230E-01    1.12954E-01    3.34154E-01    3.06561E-02
     2.10983E-01    3.26526E+00    1.25565E+00   -4.23829E-01   -3.06282E-01    3.93470E-01    1.13685E-01    3.33150E-01    3.12019E-02
     2.13158E-01    3.25745E+00    1.26640E+00   -4.21059E-01   -3.08580E-01    3.92704E-01    1.14403E-01    3.32141E-01    3.17497E-02
     2.15333E-01    3.24958E+00    1.27709E+00   -4.18269E-01   -3.10854E-01    3.91933E-01    1.15110E-01    3.31126E-01    3.22995E-02
     2.17507E-01    3.24164E+00    1.28771E+00   -4.15460E-01   -3.13104E-01    3.91156E-01    1.15804E-01    3.30105E-01    3.28512E-02
     2.19682E-01    3.23363E+00    1.29827E+00   -4.12632E-01   -3.15329E-01    3.90374E-01    1.16487E-01    3.29078E-01    3.34046E-02
     2.21857E-01    3.22555E+00    1.30875E+00   -4.09785E-01   -3.17531E-01    3.89586E-01    1.17157E-01    3.28047E-01    3.39597E-02
     2.24032E-01    3.21740E+00    1.31918E+00   -4.06919E-01   -3.19708E-01    3.88793E-01    1.17815E-01    3.27010E-01    3.45164E-02
     2.26207E-01    3.20919E+00    1.32953E+00   -4.04035E-01   -3.21861E-01    3.87994E-01    1.18461E-01    3.25968E-01    3.50746E-02
     2.28382E-01    3.20091E+00    1.33982E+00   -4.01133E-01   -3.23989E-01    3.87190E-01    1.19094E-01    3.24921E-01    3.56342E-02
     2.30557E-01    3.19257E+00    1.35004E+00   -3.98213E-01   -3.26092E-01    3.86381E-01    1.19715E-01    3.23869E-01    3.61951E-02
     2.32732E-01    3.18416E+00    1.36019E+00   -3.95275E-01   -3.28170E-01    3.85567E-01    1.20324E-01    3.22813E-01    3.67572E-02
     2.34907E-01    3.17569E+00    1.37027E+00   -3.92319E-01   -3.30224E-01    3.84748E-01    1.20921E-01    3.21752E-01    3.73205E-02
     2.37082E-01    3.16715E+00    1.38028E+00   -3.89346E-01   -3.32252E-01    3.83923E-01    1.21505E-01    3.20686E-01    3.78848E-02
     2.39257E-01    3.15855E+00    1.39022E+00   -3.86357E-01   -3.34256E-01    3.83094E-01    1.22077E-01    3.19616E-01    3.84501E-02
     2.41432E-01    3.14988E+00    1.40010E+00   -3.83350E-01   -3.36234E-01    3.82260E-01    1.22636E-01    3.18542E-01    3.90163E-02
     2.43607E-01    3.14115E+00    1.40990E+00   -3.80327E-01   -3.38187E-01    3.81421E-01    1.23184E-01    3.17464E-01    3.95832E-02
     2.45782E-01    3.13236E+00    1.41962E+00   -3.77287E-01   -3.40114E-01    3.80577E-01    1.23718E-01    3.16381E-01    4.01509E-02
     2.47957E-01    3.12350E+00    1.42928E+00   -3.74232E-01   -3.42016E-01    3.79729E-01    1.24241E-01    3.15295E-01    4.07191E-02
     2.50132E-01    3.11459E+00    1.43886E+00   -3.71160E-01   -3.43892E-01    3.78876E-01    1.24751E-01    3.14205E-01    4.12880E-02
     2.52307E-01    3.10561E+00    1.44838E+00   -3.68073E-01   -3.45743E-01    3.78019E-01    1.25248E-01    3.13111E-01    4.18572E-02
     2.54482E-01    3.09657E+00    1.45781E+00   -3.64971E-01   -3.47567E-01    3.77157E-01    1.25733E-01    3.12014E-01    4.24268E-02
     2.56657E-01    3.08746E+00    1.46718E+00   -3.61853E-01   -3.49366E-01    3.76290E-01    1.26206E-01    3.10913E-01    4.29967E-02
     2.58832E-01    3.07830E+00    1.47647E+00   -3.58721E-01   -3.51139E-01    3.75420E-01    1.26666E-01    3.09809E-01    4.35667E-02
     2.61007E-01    3.06908E+00    1.48569E+00   -3.55574E-01   -3.52886E-01    3.74545E-01    1.27114E-01    3.08702E-01    4.41369E-02
     2.63182E-01    3.05980E+00    1.49483E+00   -3.52412E-01   -3.54607E-01    3.73666E-01    1.27550E-01    3.07592E-01    4.47071E-02
     2.65357E-01    3.05045E+00    1.50389E+00   -3.49236E-01   -3.56302E-01    3.72782E-01    1.27973E-01    3.06479E-01    4.52772E-02
     2.67532E-01    3.04105E+00    1.51288E+00   -3.46046E-01   -3.57971E-01    3.71895E-01    1.28384E-01    3.05363E-01    4.58472E-02
     2.69707E-01    3.03159E+00    1.52180E+00   -3.42843E-01   -3.59613E-01    3.71004E-01    1.28782E-01    3.04244E-01    4.64169E-02
     2.71882E-01    3.02208E+00    1.53063E+00   -3.39626E-01   -3.61229E-01    3.70109E-01    1.29168E-01    3.03123E-01    4.69863E-02
     2.74057E-01    3.01250E+00    1.53940E+00   -3.36395E-01   -3.62818E-01    3.69209E-01    1.29542E-01    3.01999E-01    4.75553E-02
     2.76232E-01    3.00287E+00    1.54808E+00   -3.33152E-01   -3.64381E-01    3.68307E-01    1.29903E-01    3.00873E-01    4.81239E-02
     2.78407E-01    2.99318E+00    1.55668E+00   -3.29896E-01   -3.65918E-01    3.67400E-01    1.30252E-01    2.99744E-01    4.86919E-02
     2.80582E-01    2.98343E+00    1.56521E+00   -3.26627E-01   -3.67428E-01    3.66490E-01    1.30589E-01    2.98614E-01    4.92593E-02
     2.82757E-01    2.97363E+00    1.57366E+00   -3.23346E-01   -3.68911E-01    3.65577E-01    1.30913E-01    2.97481E-01    4.98259E-02
     2.84932E-01    2.96378E+00    1.58203E+00   -3.20053E-01   -3.70368E-01    3.64659E-01    1.31226E-01    2.96347E-01    5.03918E-02
     2.87107E-01    2.95386E+00    1.59032E+00   -3.16748E-01   -3.71798E-01    3.63739E-01    1.31526E-01    2.95211E-01    5.09567E-02
     2.89282E-01    2.94390E+00    1.59854E+00   -3.13431E-01   -3.73201E-01    3.62815E-01    1.31813E-01    2.94073E-01    5.15208E-02
     2.91457E-01    2.93388E+00    1.60667E+00   -3.10103E-01   -3.74577E-01    3.61888E-01    1.32089E-01    2.92933E-01    5.20838E-02
     2.93632E-01    2.92380E+00    1.61472E+00   -3.06764E-01   -3.75927E-01    3.60958E-01    1.32352E-01    2.91792E-01    5.26457E-02
     2.95807E-01    2.91368E+00    1.62269E+00   -3.03413E-01   -3.77249E-01    3.60024E-01    1.32604E-01    2.90650E-01    5.32064E-02
     2.97982E-01    2.90350E+00    1.63058E+00   -3.00053E-01   -3.78545E-01    3.59088E-01    1.32843E-01    2.89506E-01    5.37659E-02
     3.00157E-01    2.89327E+00    1.63839E+00   -2.96681E-01   -3.79813E-01    3.58149E-01    1.33070E-01    2.88362E-01    5.43241E-02
     3.02332E-01    2.88298E+00    1.64612E+00   -2.93300E-01   -3.81055E-01    3.57206E-01    1.33286E-01    2.87216E-01    5.48808E-02
     3.04507E-01    2.87265E+00    1.65377E+00   -2.89908E-01   -3.82269E-01    3.56261E-01    1.33489E-01    2.86070E-01    5.54361E-02
     3.06681E-01    2.86227E+00    1.66133E+00   -2.86507E-01   -3.83457E-01    3.55313E-01    1.33680E-01    2.84922E-01    5.59899E-02
     3.08856E-01    2.85183E+00    1.66882E+00   -2.83096E-01   -3.84617E-01    3.54363E-01    1.33860E-01    2.83774E-01    5.65420E-02
     3.11031E-01    2.84135E+00    1.67622E+00   -2.79675E-01   -3.85751E-01    3.53410E-01    1.34027E-01    2.82626E-01    5.70925E-02
     3.13206E-01    2.83081E+00    1.68353E+00   -2.76246E-01   -3.86857E-01    3.52454E-01    1.34183E-01    2.81476E-01    5.76412E-02
     3.15381E-01    2.82023E+00    1.69077E+00   -2.72808E-01   -3.87936E-01    3.51496E-01    1.34327E-01    2.80327E-01    5.81880E-02
     3.17556E-01    2.80960E+00    1.69792E+00   -2.69361E-01   -3.88988E-01    3.50536E-01    1.34460E-01    2.79177E-01    5.87330E-02
     3.19731E-01    2.79892E+00    1.70499E+00   -2.65906E-01   -3.90012E-01    3.49573E-01    1.34580E-01    2.78028E-01    5.92761E-02
     3.21906E-01    2.78820E+00    1.71197E+00   -2.62442E-01   -3.91010E-01    3.48608E-01    1.34690E-01    2.76878E-01    5.98171E-02
     3.24081E-01    2.77742E+00    1.71887E+00   -2.58971E-01   -3.91980E-01    3.47641E-01    1.34787E-01    2.75728E-01    6.03560E-02
     3.26256E-01    2.76661E+00    1.72569E+00   -2.55492E-01   -3.92923E-01    3.46672E-01    1.34873E-01    2.74578E-01    6.08928E-02
     3.28431E-01    2.75574E+00    1.73242E+00   -2.52006E-01   -3.93838E-01    3.45701E-01    1.34948E-01    2.73429E-01    6.14273E-02
     3.30606E-01    2.74483E+00    1.73906E+00   -2.48512E-01   -3.94727E-01    3.44728E-01    1.35011E-01    2.72280E-01    6.19596E-02
     3.32781E-01    2.73388E+00    1.74562E+00   -2.45011E-01   -3.95588E-01    3.43753E-01    1.35063E-01    2.71131E-01    6.24896E-02
     3.34956E-01    2.72288E+00    1.75210E+00   -2.41503E-01   -3.96421E-01    3.42776E-01    1.35103E-01    2.69983E-01    6.30171E-02
     3.37131E-01    2.71184E+00    1.75849E+00   -2.37989E-01   -3.97228E-01    3.41798E-01    1.35133E-01    2.68836E-01    6.35422E-02
     3.39306E-01    2.70075E+00    1.76480E+00   -2.34469E-01   -3.98007E-01    3.40818E-01    1.35151E-01    2.67689E-01    6.40648E-02
     3.41481E-01    2.68963E+00    1.77101E+00   -2.30942E-01   -3.98759E-01    3.39837E-01    1.35158E-01    2.66544E-01    6.45847E-02
     3.43656E-01    2.67846E+00    1.77715E+00   -2.27409E-01   -3.99484E-01    3.38854E-01    1.35154E-01    2.65399E-01    6.51021E-02
     3.45831E-01    2.66725E+00    1.78319E+00   -2.23871E-01   -4.00181E-01    3.37869E-01    1.35139E-01    2.64255E-01    6.56167E-02
     3.48006E-01    2.65600E+00    1.78915E+00   -2.20327E-01   -4.00851E-01    3.36884E-01    1.35113E-01    2.63113E-01    6.61286E-02
     3.50181E-01    2.64470E+00    1.79503E+00   -2.16779E-01   -4.01494E-01    3.35897E-01    1.35076E-01    2.61971E-01    6.66377E-02
     3.52356E-01    2.63337E+00    1.80082E+00   -2.13225E-01   -4.02109E-01    3.34909E-01    1.35029E-01    2.60831E-01    6.71439E-02
     3.54531E-01    2.62200E+00    1.80652E+00   -2.09666E-01   -4.02698E-01    3.33919E-01    1.34971E-01    2.59693E-01    6.76473E-02
     3.56706E-01    2.61059E+00    1.81213E+00   -2.06103E-01   -4.03259E-01    3.32929E-01    1.34902E-01    2.58556E-01    6.81476E-02
     3.58881E-01    2.59914E+00    1.81766E+00   -2.02535E-01   -4.03792E-01    3.31938E-01    1.34822E-01    2.57420E-01    6.86450E-02
     3.61056E-01    2.58765E+00    1.82310E+00   -1.98963E-01   -4.04299E-01    3.30946E-01    1.34732E-01    2.56287E-01    6.91393E-02
     3.63231E-01    2.57613E+00    1.82845E+00   -1.95387E-01   -4.04778E-01    3.29953E-01    1.34632E-01    2.55155E-01    6.96304E-02
     3.65406E-01    2.56457E+00    1.83371E+00   -1.91808E-01   -4.05230E-01    3.28960E-01    1.34521E-01    2.54025E-01    7.01184E-02
     3.67581E-01    2.55298E+00    1.83889E+00   -1.88225E-01   -4.05655E-01    3.27966E-01    1.34400E-01    2.52897E-01    7.06032E-02
     3.69756E-01    2.54134E+00    1.84398E+00   -1.84639E-01   -4.06053E-01    3.26971E-01    1.34269E-01    2.51771E-01    7.10847E-02
     3.71931E-01    2.52968E+00    1.84898E+00   -1.81050E-01   -4.06423E-01    3.25976E-01    1.34128E-01    2.50647E-01    7.15630E-02
     3.74106E-01    2.51798E+00    1.85390E+00   -1.77458E-01   -4.06767E-01    3.24980E-01    1.33976E-01    2.49525E-01    7.20378E-02
     3.76281E-01    2.50624E+00    1.85872E+00   -1.73864E-01   -4.07083E-01    3.23984E-01    1.33815E-01    2.48406E-01    7.25093E-02
     3.78456E-01    2.49447E+00    1.86346E+00   -1.70267E-01   -4.07373E-01    3.22988E-01    1.33644E-01    2.47289E-01    7.29774E-02
     3.80631E-01    2.48267E+00    1.86811E+00   -1.66668E-01   -4.07635E-01    3.21991E-01    1.33463E-01    2.46174E-01    7.34419E-02
     3.82806E-01    2.47084E+00    1.87267E+00   -1.63068E-01   -4.07870E-01    3.20994E-01    1.33272E-01    2.45062E-01    7.39030E-02
     3.84981E-01    2.45898E+00    1.87715E+00   -1.59465E-01   -4.08078E-01    3.19998E-01    1.33071E-01    2.43953E-01    7.43605E-02
     3.87156E-01    2.44708E+00    1.88153E+00   -1.55861E-01   -4.08260E-01    3.19001E-01    1.32861E-01    2.42847E-01    7.48144E-02
     3.89331E-01    2.43516E+00    1.88583E+00   -1.52256E-01   -4.08414E-01    3.18005E-01    1.32642E-01    2.41743E-01    7.52647E-02
     3.91506E-01    2.42320E+00    1.89004E+00   -1.48649E-01   -4.08541E-01    3.17008E-01    1.32413E-01    2.40642E-01    7.57113E-02
     3.93680E-01    2.41121E+00    1.89416E+00   -1.45042E-01   -4.08642E-01    3.16012E-01    1.32174E-01    2.39544E-01    7.61541E-02
     3.95855E-01    2.39920E+00    1.89819E+00   -1.41434E-01   -4.08716E-01    3.15016E-01    1.31927E-01    2.38449E-01    7.65933E-02
     3.98030E-01    2.38716E+00    1.90214E+00   -1.37826E-01   -4.08763E-01    3.14021E-01    1.31670E-01    2.37357E-01    7.70287E-02
     4.00205E-01    2.37509E+00    1.90599E+00   -1.34218E-01   -4.08783E-01    3.13025E-01    1.31404E-01    2.36268E-01    7.74602E-02
     4.02380E-01    2.36299E+00    1.90976E+00   -1.30610E-01   -4.08776E-01    3.12031E-01    1.31129E-01    2.35183E-01    7.78879E-02
     4.04555E-01    2.35087E+00    1.91344E+00   -1.27002E-01   -4.08743E-01    3.11037E-01    1.30846E-01    2.34101E-01    7.83118E-02
     4.06730E-01    2.33872E+00    1.91703E+00   -1.23394E-01   -4.08683E-01    3.10044E-01    1.30553E-01    2.33022E-01    7.87317E-02
     4.08905E-01    2.32655E+00    1.92053E+00   -1.19787E-01   -4.08597E-01    3.09051E-01    1.30252E-01    2.31947E-01    7.91477E-02
     4.11080E-01    2.31435E+00    1.92395E+00   -1.16181E-01   -4.08484E-01    3.08059E-01    1.29942E-01    2.30875E-01    7.95598E-02
     4.13255E-01    2.30213E+00    1.92728E+00   -1.12576E-01   -4.08344E-01    3.07069E-01    1.29624E-01    2.29807E-01    7.99678E-02
     4.15430E-01    2.28988E+00    1.93051E+00   -1.08973E-01   -4.08178E-01    3.06079E-01    1.29297E-01    2.28742E-01    8.03719E-02
     4.17605E-01    2.27761E+00    1.93366E+00   -1.05371E-01   -4.07986E-01    3.05090E-01    1.28962E-01    2.27682E-01    8.07719E-02
     4.19780E-01    2.26532E+00    1.93673E+00   -1.01770E-01   -4.07767E-01    3.04102E-01    1.28618E-01    2.26625E-01    8.11678E-02
     4.21955E-01    2.25301E+00    1.93970E+00   -9.81721E-02   -4.07522E-01    3.03115E-01    1.28267E-01    2.25571E-01    8.15596E-02
     4.24130E-01    2.24068E+00    1.94259E+00   -9.45760E-02   -4.07251E-01    3.02130E-01    1.27907E-01    2.24522E-01    8.19474E-02
     4.26305E-01    2.22832E+00    1.94539E+00   -9.09824E-02   -4.06953E-01    3.01146E-01    1.27539E-01    2.23477E-01    8.23310E-02
     4.28480E-01    2.21595E+00    1.94810E+00   -8.73913E-02   -4.06629E-01    3.00163E-01    1.27164E-01    2.22436E-01    8.27104E-02
     4.30655E-01    2.20355E+00    1.95072E+00   -8.38031E-02   -4.06280E-01    2.99182E-01    1.26780E-01    2.21399E-01    8.30857E-02
     4.32830E-01    2.19114E+00    1.95326E+00   -8.02180E-02   -4.05904E-01    2.98202E-01    1.26389E-01    2.20366E-01    8.34568E-02
     4.35005E-01    2.17871E+00    1.95571E+00   -7.66361E-02   -4.05502E-01    2.97223E-01    1.25990E-01    2.19337E-01    8.38236E-02
     4.37180E-01    2.16626E+00    1.95807E+00   -7.30577E-02   -4.05074E-01    2.96247E-01    1.25584E-01    2.18312E-01    8.41863E-02
     4.39355E-01    2.15380E+00    1.96035E+00   -6.94830E-02   -4.04621E-01    2.95272E-01    1.25170E-01    2.17292E-01    8.45447E-02
     4.41530E-01    2.14132E+00    1.96254E+00   -6.59122E-02   -4.04141E-01    2.94299E-01    1.24749E-01    2.16276E-01    8.48988E-02
     4.43705E-01    2.12882E+00    1.96464E+00   -6.23455E-02   -4.03636E-01    2.93327E-01    1.24320E-01    2.15265E-01    8.52487E-02
     4.45880E-01    2.11631E+00    1.96665E+00   -5.87832E-02   -4.03106E-01    2.92358E-01    1.23885E-01    2.14258E-01    8.55942E-02
     4.48055E-01    2.10378E+00    1.96858E+00   -5.52254E-02   -4.02549E-01    2.91390E-01    1.23442E-01    2.13256E-01    8.59355E-02
     4.50230E-01    2.09124E+00    1.97043E+00   -5.16724E-02   -4.01967E-01    2.90425E-01    1.22992E-01    2.12258E-01    8.62725E-02
     4.52405E-01    2.07869E+00    1.97218E+00   -4.81244E-02   -4.01360E-01    2.89461E-01    1.22536E-01    2.11265E-01    8.66051E-02
     4.54580E-01    2.06612E+00    1.97385E+00   -4.45816E-02   -4.00727E-01    2.88500E-01    1.22073E-01    2.10277E-01    8.69334E-02
     4.56755E-01    2.05355E+00    1.97544E+00   -4.10442E-02   -4.00069E-01    2.87541E-01    1.21603E-01    2.09293E-01    8.72574E-02
     4.58930E-01    2.04096E+00    1.97694E+00   -3.75124E-02   -3.99386E-01    2.86584E-01    1.21126E-01    2.08314E-01    8.75770E-02
     4.61105E-01    2.02835E+00    1.97835E+00   -3.39865E-02   -3.98677E-01    2.85630E-01    1.20643E-01    2.07340E-01    8.78923E-02
     4.63280E-01    2.01574E+00    1.97968E+00   -3.04666E-02   -3.97944E-01    2.84678E-01    1.20154E-01    2.06371E-01    8.82032E-02
     4.65455E-01    2.00312E+00    1.98093E+00   -2.69530E-02   -3.97185E-01    2.83728E-01    1.19658E-01    2.05407E-01    8.85098E-02
     4.67630E-01    1.99049E+00    1.98209E+00   -2.34459E-02   -3.96402E-01    2.82781E-01    1.19156E-01    2.04447E-01    8.88120E-02
     4.69805E-01    1.97785E+00    1.98316E+00   -1.99455E-02   -3.95594E-01    2.81837E-01    1.18648E-01    2.03493E-01    8.91098E-02
     4.71980E-01    1.96521E+00    1.98415E+00   -1.64520E-02   -3.94760E-01    2.80895E-01    1.18134E-01    2.02544E-01    8.94032E-02
     4.74155E-01    1.95255E+00    1.98506E+00   -1.29656E-02   -3.93903E-01    2.79956E-01    1.17614E-01    2.01600E-01    8.96922E-02
     4.76330E-01    1.93989E+00    1.98589E+00   -9.48660E-03   -3.93020E-01    2.79019E-01    1.17088E-01    2.00661E-01    8.99769E-02
     4.78504E-01    1.92723E+00    1.98663E+00   -6.01514E-03   -3.92113E-01    2.78086E-01    1.16556E-01    1.99727E-01    9.02572E-02
     4.80679E-01    1.91455E+00    1.98728E+00   -2.55145E-03   -3.91182E-01    2.77155E-01    1.16019E-01    1.98798E-01    9.05331E-02
     4.82854E-01    1.90188E+00    1.98786E+00    9.04253E-04   -3.90227E-01    2.76228E-01    1.15476E-01    1.97875E-01    9.08047E-02
     4.85029E-01    1.88920E+00    1.98835E+00    4.35175E-03   -3.89247E-01    2.75303E-01    1.14928E-01    1.96957E-01    9.10718E-02
     4.87204E-01    1.87651E+00    1.98876E+00    7.79084E-03   -3.88243E-01    2.74381E-01    1.14374E-01    1.96044E-01    9.13346E-02
     4.89379E-01    1.86382E+00    1.98909E+00    1.12213E-02   -3.87215E-01    2.73463E-01    1.13815E-01    1.95137E-01    9.15931E-02
     4.91554E-01    1.85113E+00    1.98934E+00    1.46429E-02   -3.86163E-01    2.72547E-01    1.13251E-01    1.94235E-01    9.18471E-02
     4.93729E-01    1.83844E+00    1.98950E+00    1.80555E-02   -3.85087E-01    2.71635E-01    1.12682E-01    1.93338E-01    9.20968E-02
     4.95904E-01    1.82574E+00    1.98959E+00    2.14587E-02   -3.83988E-01    2.70727E-01    1.12108E-01    1.92447E-01    9.23422E-02
     4.98079E-01    1.81305E+00    1.98959E+00    2.48525E-02   -3.82865E-01    2.69821E-01    1.11529E-01    1.91561E-01    9.25832E-02
     5.00254E-01    1.80035E+00    1.98951E+00    2.82366E-02   -3.81718E-01    2.68919E-01    1.10945E-01    1.90681E-01    9.28199E-02
     5.02429E-01    1.78766E+00    1.98936E+00    3.16108E-02   -3.80548E-01    2.68020E-01    1.10357E-01    1.89806E-01    9.30523E-02
     5.04604E-01    1.77497E+00    1.98912E+00    3.49749E-02   -3.79354E-01    2.67125E-01    1.09764E-01    1.88937E-01    9.32804E-02
     5.06779E-01    1.76227E+00    1.98881E+00    3.83286E-02   -3.78138E-01    2.66234E-01    1.09166E-01    1.88074E-01    9.35041E-02
     5.08954E-01    1.74958E+00    1.98841E+00    4.16718E-02   -3.76898E-01    2.65346E-01    1.08564E-01    1.87216E-01    9.37236E-02
     5.11129E-01    1.73690E+00    1.98794E+00    4.50042E-02   -3.75636E-01    2.64461E-01    1.07958E-01    1.86364E-01    9.39387E-02
     5.13304E-01    1.72421E+00    1.98739E+00    4.83256E-02   -3.74350E-01    2.63581E-01    1.07347E-01    1.85517E-01    9.41497E-02
     5.15479E-01    1.71153E+00    1.98676E+00    5.16358E-02   -3.73042E-01    2.62704E-01    1.06733E-01    1.84676E-01    9.43563E-02
     5.17654E-01    1.69886E+00    1.98605E+00    5.49347E-02   -3.71712E-01    2.61831E-01    1.06114E-01    1.83841E-01    9.45587E-02
     5.19829E-01    1.68619E+00    1.98527E+00    5.82219E-02   -3.70358E-01    2.60962E-01    1.05491E-01    1.83012E-01    9.47569E-02
     5.22004E-01    1.67352E+00    1.98441E+00    6.14974E-02   -3.68983E-01    2.60096E-01    1.04865E-01    1.82188E-01    9.49509E-02
     5.24179E-01    1.66086E+00    1.98347E+00    6.47607E-02   -3.67585E-01    2.59235E-01    1.04234E-01    1.81370E-01    9.51407E-02
     5.26354E-01    1.64821E+00    1.98246E+00    6.80119E-02   -3.66165E-01    2.58378E-01    1.03600E-01    1.80558E-01    9.53263E-02
     5.28529E-01    1.63556E+00    1.98137E+00    7.12506E-02   -3.64724E-01    2.57524E-01    1.02963E-01    1.79752E-01    9.55077E-02
     5.30704E-01    1.62293E+00    1.98021E+00    7.44766E-02   -3.63260E-01    2.56675E-01    1.02321E-01    1.78952E-01    9.56850E-02
     5.32879E-01    1.61030E+00    1.97898E+00    7.76898E-02   -3.61775E-01    2.55830E-01    1.01677E-01    1.78157E-01    9.58582E-02
     5.35054E-01    1.59768E+00    1.97766E+00    8.08899E-02   -3.60268E-01    2.54989E-01    1.01029E-01    1.77368E-01    9.60273E-02
     5.37229E-01    1.58507E+00    1.97628E+00    8.40768E-02   -3.58740E-01    2.54153E-01    1.00378E-01    1.76586E-01    9.61923E-02
     5.39404E-01    1.57247E+00    1.97482E+00    8.72501E-02   -3.57190E-01    2.53320E-01    9.97234E-02    1.75809E-01    9.63533E-02
     5.41579E-01    1.55988E+00    1.97329E+00    9.04098E-02   -3.55620E-01    2.52492E-01    9.90660E-02    1.75038E-01    9.65102E-02
     5.43754E-01    1.54730E+00    1.97169E+00    9.35555E-02   -3.54028E-01    2.51669E-01    9.84056E-02    1.74273E-01    9.66631E-02
     5.45929E-01    1.53474E+00    1.97001E+00    9.66872E-02   -3.52416E-01    2.50849E-01    9.77423E-02    1.73514E-01    9.68120E-02
     5.48104E-01    1.52218E+00    1.96827E+00    9.98046E-02   -3.50783E-01    2.50034E-01    9.70761E-02    1.72760E-01    9.69569E-02
     5.50279E-01    1.50964E+00    1.96645E+00    1.02907E-01   -3.49129E-01    2.49224E-01    9.64073E-02    1.72013E-01    9.70979E-02
     5.52454E-01    1.49711E+00    1.96456E+00    1.05996E-01   -3.47456E-01    2.48418E-01    9.57358E-02    1.71272E-01    9.72350E-02
     5.54629E-01    1.48460E+00    1.96261E+00    1.09069E-01   -3.45762E-01    2.47617E-01    9.50617E-02    1.70537E-01    9.73682E-02
     5.56804E-01    1.47210E+00    1.96058E+00    1.12127E-01   -3.44048E-01    2.46821E-01    9.43852E-02    1.69807E-01    9.74975E-02
     5.58979E-01    1.45962E+00    1.95849E+00    1.15170E-01   -3.42314E-01    2.46029E-01    9.37062E-02    1.69084E-01    9.76230E-02
     5.61154E-01    1.44715E+00    1.95632E+00    1.18197E-01   -3.40560E-01    2.45241E-01    9.30249E-02    1.68367E-01    9.77446E-02
     5.63329E-01    1.43470E+00    1.95409E+00    1.21209E-01   -3.38787E-01    2.44459E-01    9.23414E-02    1.67655E-01    9.78625E-02
     5.65504E-01    1.42226E+00    1.95179E+00    1.24205E-01   -3.36995E-01    2.43681E-01    9.16558E-02    1.66950E-01    9.79766E-02
     5.67678E-01    1.40984E+00    1.94942E+00    1.27184E-01   -3.35183E-01    2.42908E-01    9.09681E-02    1.66251E-01    9.80870E-02
     5.69853E-01    1.39744E+00    1.94699E+00    1.30148E-01   -3.33352E-01    2.42140E-01    9.02783E-02    1.65558E-01    9.81937E-02
     5.72028E-01    1.38505E+00    1.94449E+00    1.33095E-01   -3.31503E-01    2.41377E-01    8.95867E-02    1.64870E-01    9.82967E-02
     5.74203E-01    1.37269E+00    1.94193E+00    1.36025E-01   -3.29635E-01    2.40618E-01    8.88932E-02    1.64189E-01    9.83961E-02
     5.76378E-01    1.36034E+00    1.93930E+00    1.38938E-01   -3.27749E-01    2.39865E-01    8.81980E-02    1.63514E-01    9.84919E-02
     5.78553E-01    1.34802E+00    1.93661E+00    1.41835E-01   -3.25844E-01    2.39116E-01    8.75011E-02    1.62845E-01    9.85841E-02
     5.80728E-01    1.33571E+00    1.93385E+00    1.44714E-01   -3.23921E-01    2.38373E-01    8.68025E-02    1.62182E-01    9.86727E-02
     5.82903E-01    1.32342E+00    1.93103E+00    1.47576E-01   -3.21980E-01    2.37634E-01    8.61025E-02    1.61525E-01    9.87579E-02
     5.85078E-01    1.31116E+00    1.92815E+00    1.50420E-01   -3.20022E-01    2.36901E-01    8.54009E-02    1.60874E-01    9.88396E-02
     5.87253E-01    1.29891E+00    1.92520E+00    1.53247E-01   -3.18046E-01    2.36173E-01    8.46981E-02    1.60229E-01    9.89178E-02
     5.89428E-01    1.28669E+00    1.92220E+00    1.56056E-01   -3.16053E-01    2.35450E-01    8.39938E-02    1.59590E-01    9.89926E-02
     5.91603E-01    1.27449E+00    1.91913E+00    1.58846E-01   -3.14043E-01    2.34732E-01    8.32884E-02    1.58957E-01    9.90640E-02
     5.93778E-01    1.26231E+00    1.91600E+00    1.61618E-01   -3.12016E-01    2.34019E-01    8.25818E-02    1.58330E-01    9.91321E-02
     5.95953E-01    1.25016E+00    1.91281E+00    1.64372E-01   -3.09972E-01    2.33312E-01    8.18741E-02    1.57709E-01    9.91969E-02
     5.98128E-01    1.23803E+00    1.90957E+00    1.67107E-01   -3.07911E-01    2.32609E-01    8.11654E-02    1.57095E-01    9.92585E-02
     6.00303E-01    1.22593E+00    1.90626E+00    1.69824E-01   -3.05835E-01    2.31912E-01    8.04557E-02    1.56486E-01    9.93168E-02
     6.02478E-01    1.21385E+00    1.90290E+00    1.72521E-01   -3.03742E-01    2.31221E-01    7.97452E-02    1.55883E-01    9.93719E-02
     6.04653E-01    1.20179E+00    1.89948E+00    1.75199E-01   -3.01633E-01    2.30534E-01    7.90338E-02    1.55286E-01    9.94238E-02
     6.06828E-01    1.18976E+00    1.89600E+00    1.77859E-01   -2.99509E-01    2.29853E-01    7.83217E-02    1.54695E-01    9.94726E-02
     6.09003E-01    1.17776E+00    1.89246E+00    1.80498E-01   -2.97370E-01    2.29178E-01    7.76090E-02    1.54111E-01    9.95184E-02
     6.11178E-01    1.16578E+00    1.88887E+00    1.83118E-01   -2.95215E-01    2.28507E-01    7.68956E-02    1.53532E-01    9.95610E-02
     6.13353E-01    1.15383E+00    1.88523E+00    1.85719E-01   -2.93045E-01    2.27843E-01    7.61816E-02    1.52959E-01    9.96007E-02
     6.15528E-01    1.14190E+00    1.88153E+00    1.88299E-01   -2.90860E-01    2.27183E-01    7.54672E-02    1.52392E-01    9.96374E-02
     6.17703E-01    1.13001E+00    1.87777E+00    1.90859E-01   -2.88661E-01    2.26530E-01    7.47524E-02    1.51831E-01    9.96712E-02
     6.19878E-01    1.11814E+00    1.87396E+00    1.93400E-01   -2.86448E-01    2.25881E-01    7.40372E-02    1.51276E-01    9.97021E-02
     6.22053E-01    1.10630E+00    1.87010E+00    1.95919E-01   -2.84220E-01    2.25238E-01    7.33218E-02    1.50727E-01    9.97302E-02
     6.24228E-01    1.09449E+00    1.86619E+00    1.98419E-01   -2.81979E-01    2.24601E-01    7.26061E-02    1.50184E-01    9.97554E-02
     6.26403E-01    1.08270E+00    1.86223E+00    2.00898E-01   -2.79724E-01    2.23969E-01    7.18902E-02    1.49647E-01    9.97779E-02
     6.28578E-01    1.07095E+00    1.85821E+00    2.03356E-01   -2.77456E-01    2.23343E-01    7.11743E-02    1.49116E-01    9.97977E-02
     6.30753E-01    1.05923E+00    1.85415E+00    2.05793E-01   -2.75174E-01    2.22723E-01    7.04583E-02    1.48590E-01    9.98147E-02
     6.32928E-01    1.04754E+00    1.85003E+00    2.08209E-01   -2.72880E-01    2.22108E-01    6.97423E-02    1.48071E-01    9.98291E-02
     6.35103E-01    1.03587E+00    1.84587E+00    2.10604E-01   -2.70573E-01    2.21498E-01    6.90264E-02    1.47557E-01    9.98410E-02
     6.37278E-01    1.02424E+00    1.84165E+00    2.12978E-01   -2.68253E-01    2.20895E-01    6.83106E-02    1.47049E-01    9.98502E-02
     6.39453E-01    1.01265E+00    1.83739E+00    2.15331E-01   -2.65921E-01    2.20297E-01    6.75950E-02    1.46547E-01    9.98570E-02
     6.41628E-01    1.00108E+00    1.83308E+00    2.17661E-01   -2.63578E-01    2.19705E-01    6.68796E-02    1.46051E-01    9.98613E-02
     6.43803E-01    9.89542E-01    1.82873E+00    2.19971E-01   -2.61222E-01    2.19118E-01    6.61646E-02    1.45561E-01    9.98631E-02
     6.45978E-01    9.78039E-01    1.82433E+00    2.22258E-01   -2.58855E-01    2.18537E-01    6.54498E-02    1.45077E-01    9.98626E-02
     6.48153E-01    9.66569E-01    1.81988E+00    2.24524E-01   -2.56477E-01    2.17962E-01    6.47355E-02    1.44598E-01    9.98597E-02
     6.50328E-01    9.55131E-01    1.81539E+00    2.26768E-01   -2.54088E-01    2.17393E-01    6.40217E-02    1.44125E-01    9.98545E-02
     6.52502E-01    9.43727E-01    1.81085E+00    2.28990E-01   -2.51688E-01    2.16829E-01    6.33083E-02    1.43658E-01    9.98470E-02
     6.54677E-01    9.32357E-01    1.80627E+00    2.31190E-01   -2.49278E-01    2.16271E-01    6.25955E-02    1.43197E-01    9.98374E-02
     6.56852E-01    9.21021E-01    1.80165E+00    2.33367E-01   -2.46857E-01    2.15719E-01    6.18834E-02    1.42741E-01    9.98255E-02
     6.59027E-01    9.09719E-01    1.79698E+00    2.35522E-01   -2.44427E-01    2.15173E-01    6.11718E-02    1.42291E-01    9.98116E-02
     6.61202E-01    8.98451E-01    1.79228E+00    2.37655E-01   -2.41987E-01    2.14632E-01    6.04610E-02    1.41847E-01    9.97956E-02
     6.63377E-01    8.87218E-01    1.78753E+00    2.39765E-01   -2.39537E-01    2.14098E-01    5.97510E-02    1.41408E-01    9.97775E-02
     6.65552E-01    8.76021E-01    1.78274E+00    2.41853E-01   -2.37078E-01    2.13569E-01    5.90417E-02    1.40975E-01    9.97575E-02
     6.67727E-01    8.64859E-01    1.77791E+00    2.43917E-01   -2.34610E-01    2.13046E-01    5.83333E-02    1.40548E-01    9.97355E-02
     6.69902E-01    8.53732E-01    1.77304E+00    2.45960E-01   -2.32134E-01    2.12529E-01    5.76258E-02    1.40126E-01    9.97116E-02
     6.72077E-01    8.42642E-01    1.76814E+00    2.47979E-01   -2.29649E-01    2.12017E-01    5.69192E-02    1.39710E-01    9.96859E-02
     6.74252E-01    8.31588E-01    1.76319E+00    2.49975E-01   -2.27155E-01    2.11512E-01    5.62136E-02    1.39299E-01    9.96583E-02
     6.76427E-01    8.20570E-01    1.75821E+00    2.51949E-01   -2.24654E-01    2.11012E-01    5.55090E-02    1.38894E-01    9.96290E-02
     6.78602E-01    8.09588E-01    1.75319E+00    2.53899E-01   -2.22145E-01    2.10519E-01    5.48055E-02    1.38495E-01    9.95980E-02
     6.80777E-01    7.98644E-01    1.74814E+00    2.55827E-01   -2.19629E-01    2.10031E-01    5.41030E-02    1.38101E-01    9.95653E-02
     6.82952E-01    7.87737E-01    1.74305E+00    2.57731E-01   -2.17106E-01    2.09549E-01    5.34018E-02    1.37712E-01    9.95310E-02
     6.85127E-01    7.76867E-01    1.73792E+00    2.59612E-01   -2.14576E-01    2.09073E-01    5.27017E-02    1.37329E-01    9.94951E-02
     6.87302E-01    7.66035E-01    1.73276E+00    2.61470E-01   -2.12039E-01    2.08603E-01    5.20028E-02    1.36952E-01    9.94577E-02
     6.89477E-01    7.55241E-01    1.72757E+00    2.63305E-01   -2.09495E-01    2.08139E-01    5.13052E-02    1.36580E-01    9.94188E-02
     6.91652E-01    7.44485E-01    1.72234E+00    2.65116E-01   -2.06946E-01    2.07680E-01    5.06089E-02    1.36213E-01    9.93785E-02
     6.93827E-01    7.33766E-01    1.71708E+00    2.66904E-01   -2.04391E-01    2.07228E-01    4.99140E-02    1.35852E-01    9.93368E-02
     6.96002E-01    7.23087E-01    1.71179E+00    2.68668E-01   -2.01830E-01    2.06781E-01    4.92204E-02    1.35496E-01    9.92937E-02
     6.98177E-01    7.12446E-01    1.70647E+00    2.70409E-01   -1.99263E-01    2.06341E-01    4.85282E-02    1.35146E-01    9.92494E-02
     7.00352E-01    7.01843E-01    1.70112E+00    2.72126E-01   -1.96692E-01    2.05906E-01    4.78375E-02    1.34800E-01    9.92037E-02
     7.02527E-01    6.91280E-01    1.69573E+00    2.73820E-01   -1.94116E-01    2.05477E-01    4.71482E-02    1.34460E-01    9.91569E-02
     7.04702E-01    6.80756E-01    1.69032E+00    2.75491E-01   -1.91535E-01    2.05054E-01    4.64604E-02    1.34126E-01    9.91090E-02
     7.06877E-01    6.70271E-01    1.68488E+00    2.77138E-01   -1.88950E-01    2.04637E-01    4.57742E-02    1.33796E-01    9.90599E-02
     7.09052E-01    6.59825E-01    1.67941E+00    2.78761E-01   -1.86361E-01    2.04226E-01    4.50896E-02    1.33472E-01    9.90098E-02
     7.11227E-01    6.49419E-01    1.67391E+00    2.80361E-01   -1.83768E-01    2.03821E-01    4.44065E-02    1.33153E-01    9.89587E-02
     7.13402E-01    6.39053E-01    1.66839E+00    2.81937E-01   -1.81172E-01    2.03422E-01    4.37251E-02    1.32840E-01    9.89066E-02
     7.15577E-01    6.28727E-01    1.66284E+00    2.83489E-01   -1.78572E-01    2.03029E-01    4.30453E-02    1.32531E-01    9.88536E-02
     7.17752E-01    6.18441E-01    1.65726E+00    2.85018E-01   -1.75969E-01    2.02641E-01    4.23672E-02    1.32228E-01    9.87997E-02
     7.19927E-01    6.08195E-01    1.65166E+00    2.86524E-01   -1.73363E-01    2.02260E-01    4.16908E-02    1.31929E-01    9.87450E-02
     7.22102E-01    5.97989E-01    1.64603E+00    2.88005E-01   -1.70755E-01    2.01884E-01    4.10162E-02    1.31636E-01    9.86895E-02
     7.24277E-01    5.87824E-01    1.64038E+00    2.89463E-01   -1.68145E-01    2.01515E-01    4.03433E-02    1.31348E-01    9.86332E-02
     7.26452E-01    5.77699E-01    1.63470E+00    2.90898E-01   -1.65532E-01    2.01151E-01    3.96722E-02    1.31065E-01    9.85764E-02
     7.28627E-01    5.67614E-01    1.62900E+00    2.92309E-01   -1.62918E-01    2.00793E-01    3.90029E-02    1.30787E-01    9.85188E-02
     7.30802E-01    5.57571E-01    1.62328E+00    2.93696E-01   -1.60302E-01    2.00441E-01    3.83355E-02    1.30514E-01    9.84607E-02
     7.32977E-01    5.47568E-01    1.61754E+00    2.95060E-01   -1.57685E-01    2.00095E-01    3.76699E-02    1.30246E-01    9.84020E-02
     7.35152E-01    5.37606E-01    1.61178E+00    2.96400E-01   -1.55067E-01    1.99754E-01    3.70062E-02    1.29983E-01    9.83429E-02
     7.37327E-01    5.27685E-01    1.60599E+00    2.97717E-01   -1.52448E-01    1.99420E-01    3.63444E-02    1.29725E-01    9.82833E-02
     7.39502E-01    5.17805E-01    1.60018E+00    2.99010E-01   -1.49829E-01    1.99091E-01    3.56845E-02    1.29471E-01    9.82233E-02
     7.41676E-01    5.07966E-01    1.59436E+00    3.00280E-01   -1.47209E-01    1.98769E-01    3.50265E-02    1.29223E-01    9.81629E-02
     7.43851E-01    4.98168E-01    1.58852E+00    3.01526E-01   -1.44589E-01    1.98452E-01    3.43705E-02    1.28979E-01    9.81023E-02
     7.46026E-01    4.88412E-01    1.58265E+00    3.02749E-01   -1.41969E-01    1.98141E-01    3.37165E-02    1.28741E-01    9.80414E-02
     7.48201E-01    4.78697E-01    1.57677E+00    3.03949E-01   -1.39350E-01    1.97836E-01    3.30645E-02    1.28507E-01    9.79802E-02
     7.50376E-01    4.69023E-01    1.57087E+00    3.05125E-01   -1.36732E-01    1.97536E-01    3.24145E-02    1.28278E-01    9.79189E-02
     7.52551E-01    4.59390E-01    1.56496E+00    3.06278E-01   -1.34114E-01    1.97243E-01    3.17665E-02    1.28053E-01    9.78575E-02
     7.54726E-01    4.49799E-01    1.55903E+00    3.07408E-01   -1.31498E-01    1.96955E-01    3.11206E-02    1.27834E-01    9.77961E-02
     7.56901E-01    4.40250E-01    1.55308E+00    3.08514E-01   -1.28882E-01    1.96673E-01    3.04767E-02    1.27619E-01    9.77345E-02
     7.59076E-01    4.30742E-01    1.54711E+00    3.09598E-01   -1.26269E-01    1.96397E-01    2.98349E-02    1.27409E-01    9.76731E-02
     7.61251E-01    4.21275E-01    1.54114E+00    3.10658E-01   -1.23657E-01    1.96126E-01    2.91952E-02    1.27203E-01    9.76117E-02
     7.63426E-01    4.11850E-01    1.53514E+00    3.11695E-01   -1.21047E-01    1.95862E-01    2.85576E-02    1.27002E-01    9.75504E-02
     7.65601E-01    4.02466E-01    1.52914E+00    3.12710E-01   -1.18440E-01    1.95603E-01    2.79221E-02    1.26806E-01    9.74892E-02
     7.67776E-01    3.93124E-01    1.52312E+00    3.13701E-01   -1.15835E-01    1.95350E-01    2.72887E-02    1.26614E-01    9.74283E-02
     7.69951E-01    3.83823E-01    1.51708E+00    3.14669E-01   -1.13233E-01    1.95102E-01    2.66575E-02    1.26427E-01    9.73676E-02
     7.72126E-01    3.74564E-01    1.51104E+00    3.15615E-01   -1.10634E-01    1.94861E-01    2.60284E-02    1.26244E-01    9.73072E-02
     7.74301E-01    3.65347E-01    1.50498E+00    3.16538E-01   -1.08038E-01    1.94624E-01    2.54015E-02    1.26066E-01    9.72472E-02
     7.76476E-01    3.56171E-01    1.49891E+00    3.17438E-01   -1.05445E-01    1.94394E-01    2.47767E-02    1.25893E-01    9.71875E-02
     7.78651E-01    3.47036E-01    1.49283E+00    3.18316E-01   -1.02856E-01    1.94169E-01    2.41541E-02    1.25723E-01    9.71283E-02
     7.80826E-01    3.37943E-01    1.48674E+00    3.19171E-01   -1.00271E-01    1.93950E-01    2.35337E-02    1.25559E-01    9.70696E-02
     7.83001E-01    3.28892E-01    1.48064E+00    3.20003E-01   -9.76898E-02    1.93737E-01    2.29154E-02    1.25399E-01    9.70114E-02
     7.85176E-01    3.19881E-01    1.47453E+00    3.20814E-01   -9.51129E-02    1.93529E-01    2.22994E-02    1.25243E-01    9.69538E-02
     7.87351E-01    3.10912E-01    1.46841E+00    3.21601E-01   -9.25405E-02    1.93327E-01    2.16856E-02    1.25091E-01    9.68968E-02
     7.89526E-01    3.01985E-01    1.46229E+00    3.22367E-01   -8.99728E-02    1.93131E-01    2.10739E-02    1.24944E-01    9.68405E-02
     7.91701E-01    2.93099E-01    1.45615E+00    3.23111E-01   -8.74099E-02    1.92940E-01    2.04645E-02    1.24801E-01    9.67848E-02
     7.93876E-01    2.84254E-01    1.45001E+00    3.23832E-01   -8.48522E-02    1.92754E-01    1.98573E-02    1.24663E-01    9.67299E-02
     7.96051E-01    2.75450E-01    1.44386E+00    3.24531E-01   -8.22998E-02    1.92575E-01    1.92523E-02    1.24528E-01    9.66759E-02
     7.98226E-01    2.66687E-01    1.43770E+00    3.25209E-01   -7.97528E-02    1.92400E-01    1.86496E-02    1.24398E-01    9.66226E-02
     8.00401E-01    2.57965E-01    1.43154E+00    3.25865E-01   -7.72116E-02    1.92231E-01    1.80490E-02    1.24273E-01    9.65703E-02
     8.02576E-01    2.49285E-01    1.42537E+00    3.26498E-01   -7.46762E-02    1.92068E-01    1.74507E-02    1.24151E-01    9.65188E-02
     8.04751E-01    2.40645E-01    1.41919E+00    3.27111E-01   -7.21470E-02    1.91910E-01    1.68546E-02    1.24034E-01    9.64684E-02
     8.06926E-01    2.32046E-01    1.41301E+00    3.27701E-01   -6.96240E-02    1.91758E-01    1.62608E-02    1.23921E-01    9.64190E-02
     8.09101E-01    2.23488E-01    1.40683E+00    3.28271E-01   -6.71075E-02    1.91611E-01    1.56692E-02    1.23812E-01    9.63706E-02
     8.11276E-01    2.14971E-01    1.40064E+00    3.28819E-01   -6.45976E-02    1.91470E-01    1.50798E-02    1.23707E-01    9.63234E-02
     8.13451E-01    2.06494E-01    1.39444E+00    3.29345E-01   -6.20947E-02    1.91334E-01    1.44927E-02    1.23606E-01    9.62773E-02
     8.15626E-01    1.98057E-01    1.38825E+00    3.29851E-01   -5.95987E-02    1.91203E-01    1.39078E-02    1.23509E-01    9.62324E-02
     8.17801E-01    1.89662E-01    1.38205E+00    3.30335E-01   -5.71100E-02    1.91078E-01    1.33251E-02    1.23416E-01    9.61887E-02
     8.19976E-01    1.81306E-01    1.37585E+00    3.30798E-01   -5.46288E-02    1.90958E-01    1.27447E-02    1.23328E-01    9.61463E-02
     8.22151E-01    1.72991E-01    1.36964E+00    3.31241E-01   -5.21551E-02    1.90844E-01    1.21664E-02    1.23243E-01    9.61053E-02
     8.24326E-01    1.64716E-01    1.36343E+00    3.31662E-01   -4.96891E-02    1.90734E-01    1.15904E-02    1.23162E-01    9.60656E-02
     8.26500E-01    1.56481E-01    1.35723E+00    3.32063E-01   -4.72312E-02    1.90630E-01    1.10167E-02    1.23085E-01    9.60273E-02
     8.28675E-01    1.48286E-01    1.35102E+00    3.32444E-01   -4.47813E-02    1.90532E-01    1.04451E-02    1.23013E-01    9.59905E-02
     8.30850E-01    1.40130E-01    1.34481E+00    3.32803E-01   -4.23398E-02    1.90438E-01    9.87579E-03    1.22944E-01    9.59552E-02
     8.33025E-01    1.32015E-01    1.33860E+00    3.33143E-01   -3.99067E-02    1.90350E-01    9.30867E-03    1.22879E-01    9.59214E-02
     8.35200E-01    1.23939E-01    1.33238E+00    3.33462E-01   -3.74823E-02    1.90267E-01    8.74375E-03    1.22818E-01    9.58892E-02
     8.37375E-01    1.15902E-01    1.32617E+00    3.33761E-01   -3.50667E-02    1.90190E-01    8.18104E-03    1.22760E-01    9.58587E-02
     8.39550E-01    1.07905E-01    1.31996E+00    3.34040E-01   -3.26601E-02    1.90117E-01    7.62052E-03    1.22707E-01    9.58298E-02
     8.41725E-01    9.99469E-02    1.31375E+00    3.34299E-01   -3.02626E-02    1.90050E-01    7.06220E-03    1.22657E-01    9.58026E-02
     8.43900E-01    9.20280E-02    1.30755E+00    3.34538E-01   -2.78744E-02    1.89987E-01    6.50606E-03    1.22612E-01    9.57772E-02
     8.46075E-01    8.41480E-02    1.30134E+00    3.34757E-01   -2.54957E-02    1.89930E-01    5.95209E-03    1.22569E-01    9.57535E-02
     8.48250E-01    7.63069E-02    1.29514E+00    3.34957E-01   -2.31267E-02    1.89878E-01    5.40030E-03    1.22531E-01    9.57317E-02
     8.50425E-01    6.85045E-02    1.28893E+00    3.35137E-01   -2.07674E-02    1.89831E-01    4.85067E-03    1.22497E-01    9.57118E-02
     8.52600E-01    6.07406E-02    1.28273E+00    3.35298E-01   -1.84181E-02    1.89789E-01    4.30320E-03    1.22466E-01    9.56938E-02
     8.54775E-01    5.30151E-02    1.27654E+00    3.35439E-01   -1.60789E-02    1.89752E-01    3.75787E-03    1.22439E-01    9.56778E-02
     8.56950E-01    4.53279E-02    1.27034E+00    3.35562E-01   -1.37499E-02    1.89720E-01    3.21469E-03    1.22415E-01    9.56638E-02
     8.59125E-01    3.76788E-02    1.26415E+00    3.35665E-01   -1.14314E-02    1.89693E-01    2.67363E-03    1.22395E-01    9.56518E-02
     8.61300E-01    3.00677E-02    1.25797E+00    3.35749E-01   -9.12337E-03    1.89671E-01    2.13470E-03    1.22379E-01    9.56419E-02
     8.63475E-01    2.24944E-02    1.25178E+00    3.35814E-01   -6.82609E-03    1.89654E-01    1.59788E-03    1.22367E-01    9.56341E-02
     8.65650E-01    1.49588E-02    1.24561E+00    3.35860E-01   -4.53968E-03    1.89642E-01    1.06316E-03    1.22358E-01    9.56285E-02
     8.67825E-01    7.46071E-03    1.23943E+00    3.35888E-01   -2.26426E-03    1.89635E-01    5.30541E-04    1.22353E-01    9.56251E-02
     8.70000E-01    0.00000E+00    1.23326E+00    3.35897E-01    4.78056E-34    1.89633E-01   -4.39283E-24    1.22351E-01    9.56240E-02
