     1.00000E-05    4.11957E+00   -3.28278E-05   -6.07595E-01   -2.03018E-05    4.71272E-01    9.26435E-06    4.34522E-01    1.20816E-10
     2.95997E-03    4.11946E+00    1.74489E-02   -6.07556E-01   -6.00908E-03    4.71260E-01    2.74211E-03    4.34504E-01    1.05848E-05
     5.90995E-03    4.11913E+00    3.48360E-02   -6.07438E-01   -1.19967E-02    4.71222E-01    5.47426E-03    4.34449E-01    4.21912E-05
     8.85992E-03    4.11857E+00    5.22175E-02   -6.07242E-01   -1.79820E-02    4.71159E-01    8.20502E-03    4.34359E-01    9.48048E-05
     1.18099E-02    4.11780E+00    6.95905E-02   -6.06967E-01   -2.39639E-02    4.71070E-01    1.09337E-02    4.34233E-01    1.68401E-04
     1.47599E-02    4.11680E+00    8.69522E-02   -6.06615E-01   -2.99412E-02    4.70957E-01    1.36596E-02    4.34071E-01    2.62947E-04
     1.77098E-02    4.11558E+00    1.04300E-01   -6.06184E-01   -3.59128E-02    4.70818E-01    1.63821E-02    4.33873E-01    3.78397E-04
     2.06598E-02    4.11414E+00    1.21630E-01   -6.05676E-01   -4.18775E-02    4.70655E-01    1.91004E-02    4.33640E-01    5.14699E-04
     2.36098E-02    4.11248E+00    1.38941E-01   -6.05089E-01   -4.78343E-02    4.70466E-01    2.18138E-02    4.33370E-01    6.71791E-04
     2.65598E-02    4.11060E+00    1.56230E-01   -6.04425E-01   -5.37818E-02    4.70252E-01    2.45218E-02    4.33065E-01    8.49598E-04
     2.95097E-02    4.10850E+00    1.73493E-01   -6.03684E-01   -5.97192E-02    4.70013E-01    2.72235E-02    4.32725E-01    1.04804E-03
     3.24597E-02    4.10618E+00    1.90728E-01   -6.02865E-01   -6.56451E-02    4.69749E-01    2.99184E-02    4.32349E-01    1.26703E-03
     3.54097E-02    4.10364E+00    2.07932E-01   -6.01969E-01   -7.15585E-02    4.69461E-01    3.26057E-02    4.31938E-01    1.50645E-03
     3.83597E-02    4.10088E+00    2.25102E-01   -6.00997E-01   -7.74583E-02    4.69147E-01    3.52848E-02    4.31491E-01    1.76621E-03
     4.13096E-02    4.09790E+00    2.42236E-01   -5.99947E-01   -8.33434E-02    4.68809E-01    3.79551E-02    4.31010E-01    2.04619E-03
     4.42596E-02    4.09471E+00    2.59331E-01   -5.98822E-01   -8.92127E-02    4.68445E-01    4.06157E-02    4.30494E-01    2.34624E-03
     4.72096E-02    4.09130E+00    2.76385E-01   -5.97621E-01   -9.50650E-02    4.68058E-01    4.32662E-02    4.29942E-01    2.66625E-03
     5.01596E-02    4.08767E+00    2.93393E-01   -5.96344E-01   -1.00899E-01    4.67645E-01    4.59059E-02    4.29357E-01    3.00606E-03
     5.31095E-02    4.08383E+00    3.10355E-01   -5.94992E-01   -1.06715E-01    4.67208E-01    4.85340E-02    4.28737E-01    3.36551E-03
     5.60595E-02    4.07977E+00    3.27266E-01   -5.93565E-01   -1.12510E-01    4.66747E-01    5.11500E-02    4.28083E-01    3.74444E-03
     5.90095E-02    4.07550E+00    3.44125E-01   -5.92063E-01   -1.18284E-01    4.66261E-01    5.37532E-02    4.27395E-01    4.14269E-03
     6.19595E-02    4.07102E+00    3.60928E-01   -5.90487E-01   -1.24035E-01    4.65751E-01    5.63430E-02    4.26673E-01    4.56006E-03
     6.49094E-02    4.06632E+00    3.77674E-01   -5.88838E-01   -1.29763E-01    4.65217E-01    5.89188E-02    4.25917E-01    4.99637E-03
     6.78594E-02    4.06141E+00    3.94359E-01   -5.87115E-01   -1.35467E-01    4.64658E-01    6.14800E-02    4.25129E-01    5.45143E-03
     7.08094E-02    4.05629E+00    4.10982E-01   -5.85320E-01   -1.41146E-01    4.64076E-01    6.40260E-02    4.24307E-01    5.92502E-03
     7.37594E-02    4.05097E+00    4.27538E-01   -5.83453E-01   -1.46798E-01    4.63470E-01    6.65561E-02    4.23453E-01    6.41694E-03
     7.67093E-02    4.04543E+00    4.44027E-01   -5.81513E-01   -1.52423E-01    4.62840E-01    6.90697E-02    4.22566E-01    6.92696E-03
     7.96593E-02    4.03969E+00    4.60444E-01   -5.79503E-01   -1.58019E-01    4.62187E-01    7.15664E-02    4.21647E-01    7.45486E-03
     8.26093E-02    4.03374E+00    4.76789E-01   -5.77421E-01   -1.63587E-01    4.61510E-01    7.40455E-02    4.20696E-01    8.00039E-03
     8.55593E-02    4.02759E+00    4.93058E-01   -5.75270E-01   -1.69123E-01    4.60810E-01    7.65064E-02    4.19713E-01    8.56332E-03
     8.85092E-02    4.02123E+00    5.09249E-01   -5.73049E-01   -1.74629E-01    4.60086E-01    7.89486E-02    4.18699E-01    9.14340E-03
     9.14592E-02    4.01467E+00    5.25359E-01   -5.70758E-01   -1.80102E-01    4.59339E-01    8.13716E-02    4.17654E-01    9.74036E-03
     9.44092E-02    4.00791E+00    5.41386E-01   -5.68400E-01   -1.85542E-01    4.58570E-01    8.37748E-02    4.16578E-01    1.03540E-02
     9.73592E-02    4.00094E+00    5.57328E-01   -5.65973E-01   -1.90948E-01    4.57777E-01    8.61577E-02    4.15472E-01    1.09839E-02
     1.00309E-01    3.99378E+00    5.73183E-01   -5.63480E-01   -1.96320E-01    4.56962E-01    8.85197E-02    4.14335E-01    1.16299E-02
     1.03259E-01    3.98642E+00    5.88947E-01   -5.60920E-01   -2.01655E-01    4.56124E-01    9.08604E-02    4.13169E-01    1.22917E-02
     1.06209E-01    3.97887E+00    6.04620E-01   -5.58294E-01   -2.06954E-01    4.55264E-01    9.31792E-02    4.11974E-01    1.29691E-02
     1.09159E-01    3.97112E+00    6.20198E-01   -5.55603E-01   -2.12215E-01    4.54381E-01    9.54757E-02    4.10749E-01    1.36616E-02
     1.12109E-01    3.96318E+00    6.35679E-01   -5.52847E-01   -2.17437E-01    4.53477E-01    9.77494E-02    4.09496E-01    1.43690E-02
     1.15059E-01    3.95504E+00    6.51061E-01   -5.50028E-01   -2.22621E-01    4.52551E-01    9.99999E-02    4.08215E-01    1.50911E-02
     1.18009E-01    3.94672E+00    6.66342E-01   -5.47146E-01   -2.27764E-01    4.51603E-01    1.02227E-01    4.06906E-01    1.58274E-02
     1.20959E-01    3.93821E+00    6.81520E-01   -5.44201E-01   -2.32867E-01    4.50633E-01    1.04429E-01    4.05569E-01    1.65778E-02
     1.23909E-01    3.92951E+00    6.96593E-01   -5.41195E-01   -2.37928E-01    4.49642E-01    1.06607E-01    4.04205E-01    1.73418E-02
     1.26859E-01    3.92062E+00    7.11558E-01   -5.38127E-01   -2.42947E-01    4.48630E-01    1.08760E-01    4.02815E-01    1.81191E-02
     1.29809E-01    3.91156E+00    7.26414E-01   -5.35000E-01   -2.47923E-01    4.47596E-01    1.10887E-01    4.01398E-01    1.89094E-02
     1.32759E-01    3.90230E+00    7.41159E-01   -5.31814E-01   -2.52854E-01    4.46542E-01    1.12989E-01    3.99955E-01    1.97125E-02
     1.35709E-01    3.89287E+00    7.55791E-01   -5.28569E-01   -2.57742E-01    4.45467E-01    1.15064E-01    3.98487E-01    2.05278E-02
     1.38659E-01    3.88326E+00    7.70307E-01   -5.25266E-01   -2.62584E-01    4.44372E-01    1.17113E-01    3.96994E-01    2.13552E-02
     1.41609E-01    3.87348E+00    7.84706E-01   -5.21906E-01   -2.67380E-01    4.43257E-01    1.19135E-01    3.95476E-01    2.21942E-02
     1.44559E-01    3.86352E+00    7.98986E-01   -5.18490E-01   -2.72130E-01    4.42121E-01    1.21129E-01    3.93934E-01    2.30445E-02
     1.47509E-01    3.85338E+00    8.13146E-01   -5.15019E-01   -2.76832E-01    4.40966E-01    1.23096E-01    3.92368E-01    2.39058E-02
     1.50459E-01    3.84307E+00    8.27183E-01   -5.11494E-01   -2.81487E-01    4.39791E-01    1.25035E-01    3.90779E-01    2.47776E-02
     1.53409E-01    3.83260E+00    8.41096E-01   -5.07915E-01   -2.86093E-01    4.38596E-01    1.26946E-01    3.89167E-01    2.56598E-02
     1.56359E-01    3.82195E+00    8.54882E-01   -5.04283E-01   -2.90650E-01    4.37382E-01    1.28828E-01    3.87533E-01    2.65518E-02
     1.59309E-01    3.81114E+00    8.68542E-01   -5.00600E-01   -2.95157E-01    4.36150E-01    1.30681E-01    3.85877E-01    2.74534E-02
     1.62259E-01    3.80017E+00    8.82071E-01   -4.96865E-01   -2.99615E-01    4.34898E-01    1.32505E-01    3.84199E-01    2.83641E-02
     1.65209E-01    3.78903E+00    8.95471E-01   -4.93080E-01   -3.04022E-01    4.33628E-01    1.34299E-01    3.82500E-01    2.92837E-02
     1.68159E-01    3.77774E+00    9.08737E-01   -4.89246E-01   -3.08377E-01    4.32339E-01    1.36064E-01    3.80780E-01    3.02117E-02
     1.71109E-01    3.76629E+00    9.21870E-01   -4.85364E-01   -3.12681E-01    4.31033E-01    1.37799E-01    3.79041E-01    3.11477E-02
     1.74059E-01    3.75468E+00    9.34868E-01   -4.81434E-01   -3.16933E-01    4.29708E-01    1.39504E-01    3.77281E-01    3.20915E-02
     1.77008E-01    3.74291E+00    9.47729E-01   -4.77458E-01   -3.21132E-01    4.28366E-01    1.41178E-01    3.75503E-01    3.30427E-02
     1.79958E-01    3.73100E+00    9.60452E-01   -4.73436E-01   -3.25278E-01    4.27006E-01    1.42822E-01    3.73705E-01    3.40008E-02
     1.82908E-01    3.71893E+00    9.73035E-01   -4.69369E-01   -3.29370E-01    4.25629E-01    1.44435E-01    3.71890E-01    3.49656E-02
     1.85858E-01    3.70672E+00    9.85477E-01   -4.65258E-01   -3.33409E-01    4.24235E-01    1.46018E-01    3.70057E-01    3.59366E-02
     1.88808E-01    3.69436E+00    9.97778E-01   -4.61104E-01   -3.37393E-01    4.22824E-01    1.47569E-01    3.68206E-01    3.69134E-02
     1.91758E-01    3.68185E+00    1.00994E+00   -4.56908E-01   -3.41323E-01    4.21397E-01    1.49089E-01    3.66339E-01    3.78958E-02
     1.94708E-01    3.66921E+00    1.02195E+00   -4.52671E-01   -3.45198E-01    4.19954E-01    1.50577E-01    3.64455E-01    3.88833E-02
     1.97658E-01    3.65643E+00    1.03382E+00   -4.48394E-01   -3.49017E-01    4.18494E-01    1.52034E-01    3.62555E-01    3.98756E-02
     2.00608E-01    3.64351E+00    1.04554E+00   -4.44078E-01   -3.52780E-01    4.17019E-01    1.53460E-01    3.60640E-01    4.08724E-02
     2.03558E-01    3.63045E+00    1.05711E+00   -4.39723E-01   -3.56488E-01    4.15528E-01    1.54853E-01    3.58710E-01    4.18731E-02
     2.06508E-01    3.61726E+00    1.06853E+00   -4.35330E-01   -3.60139E-01    4.14022E-01    1.56215E-01    3.56766E-01    4.28776E-02
     2.09458E-01    3.60394E+00    1.07981E+00   -4.30901E-01   -3.63734E-01    4.12501E-01    1.57545E-01    3.54807E-01    4.38853E-02
     2.12408E-01    3.59049E+00    1.09093E+00   -4.26437E-01   -3.67272E-01    4.10965E-01    1.58843E-01    3.52836E-01    4.48961E-02
     2.15358E-01    3.57692E+00    1.10191E+00   -4.21938E-01   -3.70753E-01    4.09415E-01    1.60109E-01    3.50851E-01    4.59094E-02
     2.18308E-01    3.56322E+00    1.11273E+00   -4.17404E-01   -3.74177E-01    4.07850E-01    1.61343E-01    3.48853E-01    4.69250E-02
     2.21258E-01    3.54940E+00    1.12339E+00   -4.12839E-01   -3.77543E-01    4.06272E-01    1.62545E-01    3.46844E-01    4.79425E-02
     2.24208E-01    3.53546E+00    1.13391E+00   -4.08241E-01   -3.80852E-01    4.04679E-01    1.63715E-01    3.44823E-01    4.89615E-02
     2.27158E-01    3.52140E+00    1.14427E+00   -4.03612E-01   -3.84103E-01    4.03073E-01    1.64853E-01    3.42791E-01    4.99817E-02
     2.30108E-01    3.50723E+00    1.15447E+00   -3.98953E-01   -3.87296E-01    4.01454E-01    1.65958E-01    3.40748E-01    5.10028E-02
     2.33058E-01    3.49294E+00    1.16452E+00   -3.94265E-01   -3.90431E-01    3.99822E-01    1.67032E-01    3.38695E-01    5.20244E-02
     2.36008E-01    3.47855E+00    1.17441E+00   -3.89548E-01   -3.93508E-01    3.98178E-01    1.68073E-01    3.36633E-01    5.30461E-02
     2.38958E-01    3.46404E+00    1.18414E+00   -3.84804E-01   -3.96526E-01    3.96520E-01    1.69082E-01    3.34561E-01    5.40677E-02
     2.41908E-01    3.44943E+00    1.19372E+00   -3.80034E-01   -3.99486E-01    3.94851E-01    1.70060E-01    3.32480E-01    5.50887E-02
     2.44858E-01    3.43471E+00    1.20314E+00   -3.75238E-01   -4.02388E-01    3.93170E-01    1.71005E-01    3.30391E-01    5.61089E-02
     2.47808E-01    3.41990E+00    1.21240E+00   -3.70418E-01   -4.05231E-01    3.91477E-01    1.71919E-01    3.28294E-01    5.71280E-02
     2.50758E-01    3.40498E+00    1.22150E+00   -3.65573E-01   -4.08016E-01    3.89773E-01    1.72800E-01    3.26190E-01    5.81455E-02
     2.53708E-01    3.38997E+00    1.23044E+00   -3.60706E-01   -4.10742E-01    3.88057E-01    1.73651E-01    3.24079E-01    5.91613E-02
     2.56658E-01    3.37486E+00    1.23922E+00   -3.55817E-01   -4.13410E-01    3.86331E-01    1.74469E-01    3.21962E-01    6.01749E-02
     2.59608E-01    3.35966E+00    1.24784E+00   -3.50906E-01   -4.16019E-01    3.84594E-01    1.75256E-01    3.19838E-01    6.11861E-02
     2.62558E-01    3.34437E+00    1.25631E+00   -3.45976E-01   -4.18570E-01    3.82847E-01    1.76011E-01    3.17709E-01    6.21945E-02
     2.65508E-01    3.32899E+00    1.26461E+00   -3.41026E-01   -4.21062E-01    3.81090E-01    1.76736E-01    3.15574E-01    6.31999E-02
     2.68458E-01    3.31353E+00    1.27275E+00   -3.36057E-01   -4.23496E-01    3.79323E-01    1.77429E-01    3.13435E-01    6.42020E-02
     2.71408E-01    3.29798E+00    1.28073E+00   -3.31071E-01   -4.25871E-01    3.77546E-01    1.78091E-01    3.11292E-01    6.52004E-02
     2.74358E-01    3.28235E+00    1.28855E+00   -3.26068E-01   -4.28188E-01    3.75761E-01    1.78723E-01    3.09144E-01    6.61948E-02
     2.77308E-01    3.26664E+00    1.29621E+00   -3.21049E-01   -4.30447E-01    3.73966E-01    1.79323E-01    3.06994E-01    6.71851E-02
     2.80258E-01    3.25086E+00    1.30371E+00   -3.16015E-01   -4.32648E-01    3.72163E-01    1.79893E-01    3.04840E-01    6.81708E-02
     2.83208E-01    3.23500E+00    1.31105E+00   -3.10967E-01   -4.34791E-01    3.70351E-01    1.80433E-01    3.02683E-01    6.91518E-02
     2.86158E-01    3.21906E+00    1.31823E+00   -3.05905E-01   -4.36876E-01    3.68531E-01    1.80943E-01    3.00525E-01    7.01277E-02
     2.89108E-01    3.20306E+00    1.32525E+00   -3.00831E-01   -4.38903E-01    3.66703E-01    1.81423E-01    2.98364E-01    7.10984E-02
     2.92058E-01    3.18699E+00    1.33211E+00   -2.95745E-01   -4.40873E-01    3.64867E-01    1.81873E-01    2.96202E-01    7.20634E-02
     2.95007E-01    3.17086E+00    1.33880E+00   -2.90648E-01   -4.42786E-01    3.63024E-01    1.82294E-01    2.94039E-01    7.30226E-02
     2.97957E-01    3.15466E+00    1.34534E+00   -2.85541E-01   -4.44641E-01    3.61174E-01    1.82685E-01    2.91876E-01    7.39758E-02
     3.00907E-01    3.13840E+00    1.35172E+00   -2.80424E-01   -4.46439E-01    3.59318E-01    1.83047E-01    2.89712E-01    7.49226E-02
     3.03857E-01    3.12208E+00    1.35794E+00   -2.75299E-01   -4.48180E-01    3.57454E-01    1.83380E-01    2.87549E-01    7.58629E-02
     3.06807E-01    3.10571E+00    1.36400E+00   -2.70166E-01   -4.49865E-01    3.55585E-01    1.83685E-01    2.85386E-01    7.67964E-02
     3.09757E-01    3.08928E+00    1.36990E+00   -2.65025E-01   -4.51493E-01    3.53709E-01    1.83961E-01    2.83223E-01    7.77228E-02
     3.12707E-01    3.07280E+00    1.37564E+00   -2.59879E-01   -4.53065E-01    3.51827E-01    1.84209E-01    2.81063E-01    7.86420E-02
     3.15657E-01    3.05626E+00    1.38123E+00   -2.54727E-01   -4.54581E-01    3.49940E-01    1.84429E-01    2.78903E-01    7.95538E-02
     3.18607E-01    3.03968E+00    1.38665E+00   -2.49570E-01   -4.56042E-01    3.48048E-01    1.84622E-01    2.76746E-01    8.04578E-02
     3.21557E-01    3.02306E+00    1.39192E+00   -2.44409E-01   -4.57447E-01    3.46150E-01    1.84787E-01    2.74591E-01    8.13540E-02
     3.24507E-01    3.00639E+00    1.39704E+00   -2.39245E-01   -4.58797E-01    3.44248E-01    1.84926E-01    2.72439E-01    8.22421E-02
     3.27457E-01    2.98968E+00    1.40200E+00   -2.34078E-01   -4.60092E-01    3.42342E-01    1.85037E-01    2.70290E-01    8.31219E-02
     3.30407E-01    2.97292E+00    1.40680E+00   -2.28910E-01   -4.61332E-01    3.40431E-01    1.85122E-01    2.68144E-01    8.39933E-02
     3.33357E-01    2.95614E+00    1.41145E+00   -2.23740E-01   -4.62519E-01    3.38516E-01    1.85180E-01    2.66002E-01    8.48559E-02
     3.36307E-01    2.93931E+00    1.41594E+00   -2.18569E-01   -4.63651E-01    3.36598E-01    1.85213E-01    2.63863E-01    8.57098E-02
     3.39257E-01    2.92245E+00    1.42028E+00   -2.13399E-01   -4.64729E-01    3.34675E-01    1.85220E-01    2.61729E-01    8.65546E-02
     3.42207E-01    2.90557E+00    1.42447E+00   -2.08230E-01   -4.65754E-01    3.32750E-01    1.85202E-01    2.59600E-01    8.73903E-02
     3.45157E-01    2.88865E+00    1.42851E+00   -2.03062E-01   -4.66726E-01    3.30822E-01    1.85158E-01    2.57476E-01    8.82166E-02
     3.48107E-01    2.87170E+00    1.43239E+00   -1.97897E-01   -4.67646E-01    3.28891E-01    1.85090E-01    2.55357E-01    8.90334E-02
     3.51057E-01    2.85473E+00    1.43612E+00   -1.92734E-01   -4.68513E-01    3.26958E-01    1.84998E-01    2.53243E-01    8.98405E-02
     3.54007E-01    2.83774E+00    1.43971E+00   -1.87575E-01   -4.69328E-01    3.25022E-01    1.84881E-01    2.51135E-01    9.06379E-02
     3.56957E-01    2.82072E+00    1.44314E+00   -1.82420E-01   -4.70091E-01    3.23084E-01    1.84740E-01    2.49033E-01    9.14253E-02
     3.59907E-01    2.80369E+00    1.44643E+00   -1.77269E-01   -4.70803E-01    3.21145E-01    1.84577E-01    2.46938E-01    9.22027E-02
     3.62857E-01    2.78664E+00    1.44957E+00   -1.72124E-01   -4.71464E-01    3.19204E-01    1.84389E-01    2.44849E-01    9.29699E-02
     3.65807E-01    2.76957E+00    1.45257E+00   -1.66986E-01   -4.72075E-01    3.17262E-01    1.84179E-01    2.42767E-01    9.37267E-02
     3.68757E-01    2.75249E+00    1.45541E+00   -1.61853E-01   -4.72635E-01    3.15318E-01    1.83947E-01    2.40693E-01    9.44731E-02
     3.71707E-01    2.73540E+00    1.45812E+00   -1.56728E-01   -4.73146E-01    3.13374E-01    1.83692E-01    2.38626E-01    9.52090E-02
     3.74657E-01    2.71830E+00    1.46068E+00   -1.51611E-01   -4.73607E-01    3.11430E-01    1.83416E-01    2.36566E-01    9.59342E-02
     3.77607E-01    2.70119E+00    1.46310E+00   -1.46502E-01   -4.74019E-01    3.09485E-01    1.83118E-01    2.34514E-01    9.66486E-02
     3.80557E-01    2.68408E+00    1.46537E+00   -1.41401E-01   -4.74382E-01    3.07539E-01    1.82799E-01    2.32471E-01    9.73522E-02
     3.83507E-01    2.66696E+00    1.46751E+00   -1.36311E-01   -4.74698E-01    3.05594E-01    1.82459E-01    2.30435E-01    9.80449E-02
     3.86457E-01    2.64983E+00    1.46950E+00   -1.31230E-01   -4.74965E-01    3.03650E-01    1.82099E-01    2.28409E-01    9.87265E-02
     3.89407E-01    2.63271E+00    1.47136E+00   -1.26160E-01   -4.75185E-01    3.01705E-01    1.81718E-01    2.26391E-01    9.93970E-02
     3.92357E-01    2.61559E+00    1.47308E+00   -1.21100E-01   -4.75359E-01    2.99762E-01    1.81318E-01    2.24382E-01    1.00056E-01
     3.95307E-01    2.59847E+00    1.47467E+00   -1.16053E-01   -4.75485E-01    2.97819E-01    1.80898E-01    2.22382E-01    1.00704E-01
     3.98257E-01    2.58136E+00    1.47612E+00   -1.11017E-01   -4.75566E-01    2.95878E-01    1.80459E-01    2.20392E-01    1.01341E-01
     4.01207E-01    2.56425E+00    1.47743E+00   -1.05994E-01   -4.75600E-01    2.93938E-01    1.80001E-01    2.18411E-01    1.01966E-01
     4.04157E-01    2.54715E+00    1.47862E+00   -1.00984E-01   -4.75590E-01    2.92000E-01    1.79525E-01    2.16441E-01    1.02580E-01
     4.07107E-01    2.53006E+00    1.47967E+00   -9.59881E-02   -4.75535E-01    2.90064E-01    1.79031E-01    2.14480E-01    1.03183E-01
     4.10057E-01    2.51299E+00    1.48059E+00   -9.10057E-02   -4.75435E-01    2.88129E-01    1.78518E-01    2.12529E-01    1.03773E-01
     4.13006E-01    2.49592E+00    1.48138E+00   -8.60379E-02   -4.75291E-01    2.86197E-01    1.77989E-01    2.10589E-01    1.04353E-01
     4.15956E-01    2.47887E+00    1.48205E+00   -8.10850E-02   -4.75104E-01    2.84267E-01    1.77443E-01    2.08659E-01    1.04920E-01
     4.18906E-01    2.46184E+00    1.48258E+00   -7.61475E-02   -4.74874E-01    2.82340E-01    1.76879E-01    2.06740E-01    1.05476E-01
     4.21856E-01    2.44482E+00    1.48300E+00   -7.12258E-02   -4.74601E-01    2.80416E-01    1.76300E-01    2.04831E-01    1.06021E-01
     4.24806E-01    2.42782E+00    1.48328E+00   -6.63204E-02   -4.74286E-01    2.78495E-01    1.75704E-01    2.02934E-01    1.06553E-01
     4.27756E-01    2.41085E+00    1.48345E+00   -6.14317E-02   -4.73930E-01    2.76577E-01    1.75093E-01    2.01047E-01    1.07074E-01
     4.30706E-01    2.39389E+00    1.48349E+00   -5.65600E-02   -4.73532E-01    2.74662E-01    1.74466E-01    1.99172E-01    1.07584E-01
     4.33656E-01    2.37696E+00    1.48341E+00   -5.17059E-02   -4.73093E-01    2.72751E-01    1.73825E-01    1.97309E-01    1.08081E-01
     4.36606E-01    2.36006E+00    1.48322E+00   -4.68696E-02   -4.72614E-01    2.70844E-01    1.73169E-01    1.95456E-01    1.08567E-01
     4.39556E-01    2.34318E+00    1.48290E+00   -4.20517E-02   -4.72095E-01    2.68940E-01    1.72498E-01    1.93616E-01    1.09041E-01
     4.42506E-01    2.32633E+00    1.48247E+00   -3.72524E-02   -4.71537E-01    2.67041E-01    1.71813E-01    1.91787E-01    1.09503E-01
     4.45456E-01    2.30951E+00    1.48193E+00   -3.24721E-02   -4.70940E-01    2.65146E-01    1.71115E-01    1.89970E-01    1.09953E-01
     4.48406E-01    2.29272E+00    1.48127E+00   -2.77112E-02   -4.70304E-01    2.63256E-01    1.70404E-01    1.88165E-01    1.10392E-01
     4.51356E-01    2.27597E+00    1.48050E+00   -2.29701E-02   -4.69631E-01    2.61370E-01    1.69679E-01    1.86372E-01    1.10819E-01
     4.54306E-01    2.25924E+00    1.47961E+00   -1.82491E-02   -4.68919E-01    2.59489E-01    1.68942E-01    1.84591E-01    1.11235E-01
     4.57256E-01    2.24255E+00    1.47862E+00   -1.35485E-02   -4.68171E-01    2.57613E-01    1.68192E-01    1.82823E-01    1.11638E-01
     4.60206E-01    2.22590E+00    1.47752E+00   -8.86872E-03   -4.67386E-01    2.55742E-01    1.67431E-01    1.81067E-01    1.12030E-01
     4.63156E-01    2.20929E+00    1.47631E+00   -4.21001E-03   -4.66565E-01    2.53877E-01    1.66658E-01    1.79323E-01    1.12411E-01
     4.66106E-01    2.19271E+00    1.47500E+00    4.27289E-04   -4.65709E-01    2.52016E-01    1.65873E-01    1.77592E-01    1.12780E-01
     4.69056E-01    2.17618E+00    1.47358E+00    5.04287E-03   -4.64817E-01    2.50162E-01    1.65078E-01    1.75873E-01    1.13137E-01
     4.72006E-01    2.15968E+00    1.47206E+00    9.63644E-03   -4.63890E-01    2.48313E-01    1.64271E-01    1.74168E-01    1.13483E-01
     4.74956E-01    2.14323E+00    1.47044E+00    1.42077E-02   -4.62929E-01    2.46470E-01    1.63455E-01    1.72474E-01    1.13817E-01
     4.77906E-01    2.12682E+00    1.46872E+00    1.87564E-02   -4.61935E-01    2.44634E-01    1.62628E-01    1.70794E-01    1.14140E-01
     4.80856E-01    2.11046E+00    1.46690E+00    2.32822E-02   -4.60907E-01    2.42803E-01    1.61792E-01    1.69127E-01    1.14452E-01
     4.83806E-01    2.09414E+00    1.46498E+00    2.77848E-02   -4.59846E-01    2.40979E-01    1.60946E-01    1.67472E-01    1.14752E-01
     4.86756E-01    2.07787E+00    1.46297E+00    3.22641E-02   -4.58753E-01    2.39161E-01    1.60091E-01    1.65831E-01    1.15041E-01
     4.89706E-01    2.06165E+00    1.46087E+00    3.67197E-02   -4.57628E-01    2.37350E-01    1.59227E-01    1.64202E-01    1.15319E-01
     4.92656E-01    2.04547E+00    1.45867E+00    4.11514E-02   -4.56471E-01    2.35545E-01    1.58354E-01    1.62586E-01    1.15586E-01
     4.95606E-01    2.02935E+00    1.45637E+00    4.55589E-02   -4.55283E-01    2.33748E-01    1.57473E-01    1.60984E-01    1.15842E-01
     4.98556E-01    2.01328E+00    1.45399E+00    4.99421E-02   -4.54065E-01    2.31957E-01    1.56585E-01    1.59395E-01    1.16086E-01
     5.01506E-01    1.99725E+00    1.45152E+00    5.43007E-02   -4.52817E-01    2.30174E-01    1.55688E-01    1.57819E-01    1.16320E-01
     5.04456E-01    1.98129E+00    1.44897E+00    5.86344E-02   -4.51540E-01    2.28397E-01    1.54784E-01    1.56256E-01    1.16543E-01
     5.07406E-01    1.96537E+00    1.44633E+00    6.29431E-02   -4.50233E-01    2.26629E-01    1.53873E-01    1.54706E-01    1.16755E-01
     5.10356E-01    1.94951E+00    1.44360E+00    6.72266E-02   -4.48897E-01    2.24867E-01    1.52956E-01    1.53169E-01    1.16956E-01
     5.13306E-01    1.93371E+00    1.44079E+00    7.14847E-02   -4.47534E-01    2.23113E-01    1.52032E-01    1.51646E-01    1.17147E-01
     5.16256E-01    1.91796E+00    1.43790E+00    7.57171E-02   -4.46142E-01    2.21367E-01    1.51101E-01    1.50136E-01    1.17327E-01
     5.19206E-01    1.90228E+00    1.43493E+00    7.99237E-02   -4.44724E-01    2.19629E-01    1.50165E-01    1.48639E-01    1.17497E-01
     5.22156E-01    1.88665E+00    1.43188E+00    8.41044E-02   -4.43278E-01    2.17899E-01    1.49222E-01    1.47156E-01    1.17656E-01
     5.25106E-01    1.87107E+00    1.42875E+00    8.82588E-02   -4.41806E-01    2.16177E-01    1.48275E-01    1.45685E-01    1.17805E-01
     5.28056E-01    1.85556E+00    1.42555E+00    9.23870E-02   -4.40309E-01    2.14462E-01    1.47322E-01    1.44228E-01    1.17944E-01
     5.31006E-01    1.84011E+00    1.42227E+00    9.64887E-02   -4.38785E-01    2.12756E-01    1.46364E-01    1.42785E-01    1.18072E-01
     5.33955E-01    1.82472E+00    1.41892E+00    1.00564E-01   -4.37237E-01    2.11059E-01    1.45402E-01    1.41354E-01    1.18191E-01
     5.36905E-01    1.80940E+00    1.41550E+00    1.04612E-01   -4.35664E-01    2.09370E-01    1.44435E-01    1.39937E-01    1.18300E-01
     5.39855E-01    1.79413E+00    1.41201E+00    1.08633E-01   -4.34068E-01    2.07689E-01    1.43464E-01    1.38533E-01    1.18399E-01
     5.42805E-01    1.77893E+00    1.40845E+00    1.12628E-01   -4.32447E-01    2.06017E-01    1.42489E-01    1.37142E-01    1.18488E-01
     5.45755E-01    1.76380E+00    1.40482E+00    1.16595E-01   -4.30803E-01    2.04353E-01    1.41510E-01    1.35764E-01    1.18567E-01
     5.48705E-01    1.74873E+00    1.40113E+00    1.20535E-01   -4.29137E-01    2.02699E-01    1.40528E-01    1.34400E-01    1.18637E-01
     5.51655E-01    1.73372E+00    1.39737E+00    1.24447E-01   -4.27448E-01    2.01053E-01    1.39543E-01    1.33049E-01    1.18698E-01
     5.54605E-01    1.71878E+00    1.39355E+00    1.28332E-01   -4.25738E-01    1.99416E-01    1.38554E-01    1.31711E-01    1.18749E-01
     5.57555E-01    1.70391E+00    1.38967E+00    1.32190E-01   -4.24005E-01    1.97788E-01    1.37563E-01    1.30386E-01    1.18791E-01
     5.60505E-01    1.68911E+00    1.38572E+00    1.36019E-01   -4.22252E-01    1.96169E-01    1.36570E-01    1.29074E-01    1.18823E-01
     5.63455E-01    1.67437E+00    1.38172E+00    1.39821E-01   -4.20479E-01    1.94559E-01    1.35574E-01    1.27775E-01    1.18847E-01
     5.66405E-01    1.65970E+00    1.37766E+00    1.43595E-01   -4.18685E-01    1.92959E-01    1.34576E-01    1.26489E-01    1.18862E-01
     5.69355E-01    1.64511E+00    1.37354E+00    1.47341E-01   -4.16871E-01    1.91367E-01    1.33576E-01    1.25216E-01    1.18868E-01
     5.72305E-01    1.63058E+00    1.36937E+00    1.51059E-01   -4.15038E-01    1.89785E-01    1.32574E-01    1.23956E-01    1.18865E-01
     5.75255E-01    1.61612E+00    1.36514E+00    1.54749E-01   -4.13186E-01    1.88213E-01    1.31571E-01    1.22708E-01    1.18854E-01
     5.78205E-01    1.60173E+00    1.36086E+00    1.58411E-01   -4.11316E-01    1.86650E-01    1.30567E-01    1.21474E-01    1.18834E-01
     5.81155E-01    1.58741E+00    1.35653E+00    1.62044E-01   -4.09428E-01    1.85096E-01    1.29562E-01    1.20252E-01    1.18806E-01
     5.84105E-01    1.57317E+00    1.35215E+00    1.65650E-01   -4.07522E-01    1.83552E-01    1.28556E-01    1.19044E-01    1.18770E-01
     5.87055E-01    1.55899E+00    1.34772E+00    1.69227E-01   -4.05598E-01    1.82018E-01    1.27549E-01    1.17847E-01    1.18725E-01
     5.90005E-01    1.54489E+00    1.34324E+00    1.72775E-01   -4.03658E-01    1.80493E-01    1.26541E-01    1.16664E-01    1.18673E-01
     5.92955E-01    1.53086E+00    1.33872E+00    1.76296E-01   -4.01702E-01    1.78978E-01    1.25534E-01    1.15493E-01    1.18613E-01
     5.95905E-01    1.51690E+00    1.33415E+00    1.79787E-01   -3.99729E-01    1.77473E-01    1.24526E-01    1.14335E-01    1.18544E-01
     5.98855E-01    1.50302E+00    1.32954E+00    1.83251E-01   -3.97741E-01    1.75977E-01    1.23518E-01    1.13189E-01    1.18468E-01
     6.01805E-01    1.48921E+00    1.32488E+00    1.86686E-01   -3.95738E-01    1.74492E-01    1.22511E-01    1.12055E-01    1.18385E-01
     6.04755E-01    1.47547E+00    1.32019E+00    1.90092E-01   -3.93720E-01    1.73016E-01    1.21503E-01    1.10934E-01    1.18294E-01
     6.07705E-01    1.46181E+00    1.31545E+00    1.93471E-01   -3.91687E-01    1.71550E-01    1.20497E-01    1.09825E-01    1.18196E-01
     6.10655E-01    1.44822E+00    1.31068E+00    1.96820E-01   -3.89641E-01    1.70094E-01    1.19491E-01    1.08728E-01    1.18090E-01
     6.13605E-01    1.43471E+00    1.30587E+00    2.00141E-01   -3.87581E-01    1.68648E-01    1.18486E-01    1.07644E-01    1.17978E-01
     6.16555E-01    1.42127E+00    1.30102E+00    2.03434E-01   -3.85507E-01    1.67212E-01    1.17482E-01    1.06571E-01    1.17858E-01
     6.19505E-01    1.40791E+00    1.29613E+00    2.06698E-01   -3.83421E-01    1.65786E-01    1.16480E-01    1.05511E-01    1.17732E-01
     6.22455E-01    1.39462E+00    1.29122E+00    2.09934E-01   -3.81322E-01    1.64371E-01    1.15478E-01    1.04462E-01    1.17599E-01
     6.25405E-01    1.38140E+00    1.28627E+00    2.13141E-01   -3.79210E-01    1.62965E-01    1.14479E-01    1.03426E-01    1.17459E-01
     6.28355E-01    1.36827E+00    1.28128E+00    2.16320E-01   -3.77087E-01    1.61569E-01    1.13480E-01    1.02401E-01    1.17313E-01
     6.31305E-01    1.35521E+00    1.27627E+00    2.19471E-01   -3.74953E-01    1.60184E-01    1.12484E-01    1.01388E-01    1.17160E-01
     6.34255E-01    1.34222E+00    1.27123E+00    2.22593E-01   -3.72808E-01    1.58808E-01    1.11489E-01    1.00387E-01    1.17001E-01
     6.37205E-01    1.32931E+00    1.26616E+00    2.25687E-01   -3.70651E-01    1.57443E-01    1.10497E-01    9.93970E-02    1.16836E-01
     6.40155E-01    1.31648E+00    1.26106E+00    2.28753E-01   -3.68485E-01    1.56088E-01    1.09507E-01    9.84188E-02    1.16665E-01
     6.43105E-01    1.30372E+00    1.25593E+00    2.31791E-01   -3.66308E-01    1.54744E-01    1.08519E-01    9.74520E-02    1.16488E-01
     6.46055E-01    1.29104E+00    1.25078E+00    2.34800E-01   -3.64122E-01    1.53409E-01    1.07533E-01    9.64965E-02    1.16305E-01
     6.49004E-01    1.27844E+00    1.24561E+00    2.37781E-01   -3.61927E-01    1.52085E-01    1.06550E-01    9.55524E-02    1.16116E-01
     6.51954E-01    1.26591E+00    1.24041E+00    2.40735E-01   -3.59722E-01    1.50771E-01    1.05570E-01    9.46195E-02    1.15922E-01
     6.54904E-01    1.25346E+00    1.23519E+00    2.43660E-01   -3.57509E-01    1.49467E-01    1.04593E-01    9.36977E-02    1.15722E-01
     6.57854E-01    1.24109E+00    1.22995E+00    2.46557E-01   -3.55287E-01    1.48173E-01    1.03618E-01    9.27870E-02    1.15517E-01
     6.60804E-01    1.22879E+00    1.22469E+00    2.49427E-01   -3.53058E-01    1.46890E-01    1.02646E-01    9.18872E-02    1.15307E-01
     6.63754E-01    1.21657E+00    1.21941E+00    2.52268E-01   -3.50821E-01    1.45617E-01    1.01678E-01    9.09983E-02    1.15092E-01
     6.66704E-01    1.20442E+00    1.21412E+00    2.55082E-01   -3.48576E-01    1.44354E-01    1.00712E-01    9.01202E-02    1.14871E-01
     6.69654E-01    1.19236E+00    1.20880E+00    2.57869E-01   -3.46325E-01    1.43102E-01    9.97505E-02    8.92529E-02    1.14646E-01
     6.72604E-01    1.18037E+00    1.20347E+00    2.60627E-01   -3.44066E-01    1.41859E-01    9.87918E-02    8.83962E-02    1.14416E-01
     6.75554E-01    1.16845E+00    1.19812E+00    2.63359E-01   -3.41802E-01    1.40627E-01    9.78367E-02    8.75501E-02    1.14181E-01
     6.78504E-01    1.15661E+00    1.19276E+00    2.66063E-01   -3.39531E-01    1.39406E-01    9.68852E-02    8.67145E-02    1.13942E-01
     6.81454E-01    1.14485E+00    1.18739E+00    2.68739E-01   -3.37254E-01    1.38194E-01    9.59373E-02    8.58892E-02    1.13698E-01
     6.84404E-01    1.13316E+00    1.18200E+00    2.71389E-01   -3.34972E-01    1.36993E-01    9.49932E-02    8.50743E-02    1.13450E-01
     6.87354E-01    1.12156E+00    1.17661E+00    2.74011E-01   -3.32685E-01    1.35801E-01    9.40530E-02    8.42696E-02    1.13198E-01
     6.90304E-01    1.11002E+00    1.17120E+00    2.76607E-01   -3.30393E-01    1.34621E-01    9.31166E-02    8.34750E-02    1.12941E-01
     6.93254E-01    1.09856E+00    1.16578E+00    2.79175E-01   -3.28096E-01    1.33450E-01    9.21843E-02    8.26905E-02    1.12681E-01
     6.96204E-01    1.08718E+00    1.16036E+00    2.81717E-01   -3.25795E-01    1.32289E-01    9.12560E-02    8.19160E-02    1.12417E-01
     6.99154E-01    1.07588E+00    1.15492E+00    2.84232E-01   -3.23490E-01    1.31139E-01    9.03319E-02    8.11514E-02    1.12149E-01
     7.02104E-01    1.06465E+00    1.14948E+00    2.86721E-01   -3.21180E-01    1.29999E-01    8.94119E-02    8.03966E-02    1.11877E-01
     7.05054E-01    1.05349E+00    1.14403E+00    2.89183E-01   -3.18868E-01    1.28869E-01    8.84963E-02    7.96515E-02    1.11601E-01
     7.08004E-01    1.04241E+00    1.13858E+00    2.91619E-01   -3.16552E-01    1.27749E-01    8.75850E-02    7.89160E-02    1.11323E-01
     7.10954E-01    1.03141E+00    1.13312E+00    2.94028E-01   -3.14233E-01    1.26639E-01    8.66780E-02    7.81901E-02    1.11040E-01
     7.13904E-01    1.02048E+00    1.12766E+00    2.96412E-01   -3.11912E-01    1.25539E-01    8.57756E-02    7.74736E-02    1.10755E-01
     7.16854E-01    1.00962E+00    1.12219E+00    2.98769E-01   -3.09587E-01    1.24449E-01    8.48776E-02    7.67665E-02    1.10466E-01
     7.19804E-01    9.98843E-01    1.11672E+00    3.01101E-01   -3.07261E-01    1.23369E-01    8.39843E-02    7.60688E-02    1.10174E-01
     7.22754E-01    9.88137E-01    1.11125E+00    3.03407E-01   -3.04933E-01    1.22300E-01    8.30955E-02    7.53802E-02    1.09880E-01
     7.25704E-01    9.77505E-01    1.10578E+00    3.05687E-01   -3.02603E-01    1.21240E-01    8.22114E-02    7.47007E-02    1.09582E-01
     7.28654E-01    9.66946E-01    1.10031E+00    3.07942E-01   -3.00271E-01    1.20190E-01    8.13320E-02    7.40303E-02    1.09282E-01
     7.31604E-01    9.56462E-01    1.09484E+00    3.10172E-01   -2.97938E-01    1.19150E-01    8.04574E-02    7.33688E-02    1.08979E-01
     7.34554E-01    9.46051E-01    1.08937E+00    3.12376E-01   -2.95604E-01    1.18121E-01    7.95876E-02    7.27163E-02    1.08673E-01
     7.37504E-01    9.35713E-01    1.08390E+00    3.14555E-01   -2.93270E-01    1.17100E-01    7.87226E-02    7.20724E-02    1.08365E-01
     7.40454E-01    9.25448E-01    1.07843E+00    3.16710E-01   -2.90934E-01    1.16090E-01    7.78625E-02    7.14373E-02    1.08055E-01
     7.43404E-01    9.15255E-01    1.07297E+00    3.18840E-01   -2.88599E-01    1.15090E-01    7.70074E-02    7.08108E-02    1.07742E-01
     7.46354E-01    9.05135E-01    1.06751E+00    3.20945E-01   -2.86263E-01    1.14099E-01    7.61572E-02    7.01929E-02    1.07428E-01
     7.49304E-01    8.95087E-01    1.06206E+00    3.23025E-01   -2.83927E-01    1.13119E-01    7.53119E-02    6.95833E-02    1.07111E-01
     7.52254E-01    8.85110E-01    1.05661E+00    3.25081E-01   -2.81592E-01    1.12147E-01    7.44717E-02    6.89822E-02    1.06792E-01
     7.55204E-01    8.75205E-01    1.05116E+00    3.27114E-01   -2.79257E-01    1.11186E-01    7.36366E-02    6.83893E-02    1.06471E-01
     7.58154E-01    8.65371E-01    1.04573E+00    3.29122E-01   -2.76923E-01    1.10234E-01    7.28065E-02    6.78046E-02    1.06148E-01
     7.61104E-01    8.55609E-01    1.04030E+00    3.31106E-01   -2.74589E-01    1.09292E-01    7.19815E-02    6.72280E-02    1.05824E-01
     7.64054E-01    8.45916E-01    1.03487E+00    3.33066E-01   -2.72257E-01    1.08360E-01    7.11616E-02    6.66595E-02    1.05498E-01
     7.67003E-01    8.36294E-01    1.02946E+00    3.35003E-01   -2.69926E-01    1.07437E-01    7.03468E-02    6.60989E-02    1.05171E-01
     7.69953E-01    8.26742E-01    1.02405E+00    3.36916E-01   -2.67596E-01    1.06523E-01    6.95372E-02    6.55462E-02    1.04842E-01
     7.72903E-01    8.17260E-01    1.01865E+00    3.38806E-01   -2.65268E-01    1.05619E-01    6.87328E-02    6.50012E-02    1.04511E-01
     7.75853E-01    8.07846E-01    1.01326E+00    3.40673E-01   -2.62942E-01    1.04725E-01    6.79336E-02    6.44640E-02    1.04180E-01
     7.78803E-01    7.98502E-01    1.00789E+00    3.42517E-01   -2.60618E-01    1.03840E-01    6.71396E-02    6.39344E-02    1.03847E-01
     7.81753E-01    7.89226E-01    1.00252E+00    3.44338E-01   -2.58296E-01    1.02964E-01    6.63508E-02    6.34123E-02    1.03513E-01
     7.84703E-01    7.80019E-01    9.97163E-01    3.46137E-01   -2.55976E-01    1.02097E-01    6.55672E-02    6.28977E-02    1.03178E-01
     7.87653E-01    7.70880E-01    9.91818E-01    3.47913E-01   -2.53659E-01    1.01240E-01    6.47889E-02    6.23905E-02    1.02842E-01
     7.90603E-01    7.61808E-01    9.86485E-01    3.49666E-01   -2.51344E-01    1.00392E-01    6.40159E-02    6.18906E-02    1.02505E-01
     7.93553E-01    7.52803E-01    9.81165E-01    3.51398E-01   -2.49033E-01    9.95535E-02    6.32480E-02    6.13980E-02    1.02168E-01
     7.96503E-01    7.43865E-01    9.75858E-01    3.53107E-01   -2.46724E-01    9.87239E-02    6.24855E-02    6.09124E-02    1.01829E-01
     7.99453E-01    7.34993E-01    9.70564E-01    3.54795E-01   -2.44419E-01    9.79035E-02    6.17282E-02    6.04340E-02    1.01490E-01
     8.02403E-01    7.26188E-01    9.65284E-01    3.56461E-01   -2.42116E-01    9.70921E-02    6.09761E-02    5.99625E-02    1.01151E-01
     8.05353E-01    7.17448E-01    9.60019E-01    3.58105E-01   -2.39817E-01    9.62898E-02    6.02294E-02    5.94980E-02    1.00811E-01
     8.08303E-01    7.08774E-01    9.54768E-01    3.59728E-01   -2.37522E-01    9.54964E-02    5.94879E-02    5.90403E-02    1.00471E-01
     8.11253E-01    7.00164E-01    9.49532E-01    3.61329E-01   -2.35231E-01    9.47120E-02    5.87516E-02    5.85894E-02    1.00130E-01
     8.14203E-01    6.91619E-01    9.44312E-01    3.62910E-01   -2.32943E-01    9.39366E-02    5.80207E-02    5.81452E-02    9.97889E-02
     8.17153E-01    6.83138E-01    9.39108E-01    3.64469E-01   -2.30659E-01    9.31699E-02    5.72949E-02    5.77076E-02    9.94478E-02
     8.20103E-01    6.74721E-01    9.33920E-01    3.66008E-01   -2.28380E-01    9.24121E-02    5.65745E-02    5.72766E-02    9.91065E-02
     8.23053E-01    6.66368E-01    9.28749E-01    3.67526E-01   -2.26104E-01    9.16631E-02    5.58592E-02    5.68520E-02    9.87653E-02
     8.26003E-01    6.58077E-01    9.23594E-01    3.69024E-01   -2.23833E-01    9.09228E-02    5.51492E-02    5.64338E-02    9.84240E-02
     8.28953E-01    6.49849E-01    9.18457E-01    3.70502E-01   -2.21567E-01    9.01912E-02    5.44445E-02    5.60220E-02    9.80829E-02
     8.31903E-01    6.41683E-01    9.13338E-01    3.71959E-01   -2.19305E-01    8.94682E-02    5.37449E-02    5.56164E-02    9.77419E-02
     8.34853E-01    6.33579E-01    9.08236E-01    3.73397E-01   -2.17048E-01    8.87538E-02    5.30506E-02    5.52170E-02    9.74011E-02
     8.37803E-01    6.25537E-01    9.03153E-01    3.74814E-01   -2.14795E-01    8.80479E-02    5.23615E-02    5.48238E-02    9.70607E-02
     8.40753E-01    6.17555E-01    8.98089E-01    3.76212E-01   -2.12548E-01    8.73506E-02    5.16775E-02    5.44365E-02    9.67206E-02
     8.43703E-01    6.09634E-01    8.93043E-01    3.77591E-01   -2.10305E-01    8.66617E-02    5.09987E-02    5.40553E-02    9.63809E-02
     8.46653E-01    6.01773E-01    8.88017E-01    3.78950E-01   -2.08068E-01    8.59812E-02    5.03251E-02    5.36800E-02    9.60418E-02
     8.49603E-01    5.93972E-01    8.83010E-01    3.80291E-01   -2.05836E-01    8.53090E-02    4.96565E-02    5.33105E-02    9.57032E-02
     8.52553E-01    5.86230E-01    8.78023E-01    3.81612E-01   -2.03609E-01    8.46452E-02    4.89932E-02    5.29468E-02    9.53652E-02
     8.55503E-01    5.78547E-01    8.73056E-01    3.82914E-01   -2.01388E-01    8.39896E-02    4.83349E-02    5.25888E-02    9.50280E-02
     8.58453E-01    5.70922E-01    8.68109E-01    3.84198E-01   -1.99173E-01    8.33423E-02    4.76817E-02    5.22365E-02    9.46914E-02
     8.61403E-01    5.63356E-01    8.63183E-01    3.85463E-01   -1.96963E-01    8.27031E-02    4.70335E-02    5.18897E-02    9.43557E-02
     8.64353E-01    5.55847E-01    8.58278E-01    3.86710E-01   -1.94758E-01    8.20721E-02    4.63904E-02    5.15485E-02    9.40208E-02
     8.67303E-01    5.48395E-01    8.53393E-01    3.87938E-01   -1.92560E-01    8.14491E-02    4.57523E-02    5.12127E-02    9.36869E-02
     8.70253E-01    5.41001E-01    8.48530E-01    3.89149E-01   -1.90367E-01    8.08342E-02    4.51193E-02    5.08822E-02    9.33540E-02
     8.73203E-01    5.33662E-01    8.43689E-01    3.90342E-01   -1.88180E-01    8.02272E-02    4.44912E-02    5.05572E-02    9.30220E-02
     8.76153E-01    5.26380E-01    8.38869E-01    3.91517E-01   -1.86000E-01    7.96282E-02    4.38680E-02    5.02373E-02    9.26912E-02
     8.79103E-01    5.19153E-01    8.34071E-01    3.92674E-01   -1.83825E-01    7.90371E-02    4.32498E-02    4.99227E-02    9.23616E-02
     8.82053E-01    5.11981E-01    8.29295E-01    3.93814E-01   -1.81657E-01    7.84538E-02    4.26365E-02    4.96132E-02    9.20331E-02
     8.85002E-01    5.04864E-01    8.24541E-01    3.94937E-01   -1.79495E-01    7.78783E-02    4.20280E-02    4.93088E-02    9.17059E-02
     8.87952E-01    4.97801E-01    8.19810E-01    3.96042E-01   -1.77339E-01    7.73106E-02    4.14245E-02    4.90095E-02    9.13801E-02
     8.90902E-01    4.90792E-01    8.15101E-01    3.97131E-01   -1.75190E-01    7.67506E-02    4.08257E-02    4.87150E-02    9.10555E-02
     8.93852E-01    4.83837E-01    8.10415E-01    3.98203E-01   -1.73047E-01    7.61982E-02    4.02318E-02    4.84255E-02    9.07325E-02
     8.96802E-01    4.76934E-01    8.05752E-01    3.99258E-01   -1.70911E-01    7.56534E-02    3.96426E-02    4.81409E-02    9.04109E-02
     8.99752E-01    4.70084E-01    8.01113E-01    4.00297E-01   -1.68781E-01    7.51162E-02    3.90581E-02    4.78610E-02    9.00908E-02
     9.02702E-01    4.63286E-01    7.96496E-01    4.01319E-01   -1.66658E-01    7.45865E-02    3.84784E-02    4.75858E-02    8.97722E-02
     9.05652E-01    4.56540E-01    7.91903E-01    4.02325E-01   -1.64541E-01    7.40642E-02    3.79034E-02    4.73154E-02    8.94553E-02
     9.08602E-01    4.49845E-01    7.87334E-01    4.03315E-01   -1.62431E-01    7.35494E-02    3.73330E-02    4.70495E-02    8.91401E-02
     9.11552E-01    4.43201E-01    7.82788E-01    4.04290E-01   -1.60329E-01    7.30419E-02    3.67672E-02    4.67882E-02    8.88266E-02
     9.14502E-01    4.36608E-01    7.78266E-01    4.05248E-01   -1.58233E-01    7.25418E-02    3.62061E-02    4.65315E-02    8.85149E-02
     9.17452E-01    4.30064E-01    7.73768E-01    4.06191E-01   -1.56143E-01    7.20489E-02    3.56495E-02    4.62792E-02    8.82050E-02
     9.20402E-01    4.23570E-01    7.69294E-01    4.07118E-01   -1.54061E-01    7.15633E-02    3.50974E-02    4.60313E-02    8.78969E-02
     9.23352E-01    4.17126E-01    7.64844E-01    4.08030E-01   -1.51986E-01    7.10849E-02    3.45498E-02    4.57877E-02    8.75908E-02
     9.26302E-01    4.10730E-01    7.60418E-01    4.08927E-01   -1.49918E-01    7.06136E-02    3.40067E-02    4.55485E-02    8.72866E-02
     9.29252E-01    4.04382E-01    7.56017E-01    4.09809E-01   -1.47857E-01    7.01494E-02    3.34680E-02    4.53135E-02    8.69844E-02
     9.32202E-01    3.98082E-01    7.51640E-01    4.10676E-01   -1.45803E-01    6.96922E-02    3.29338E-02    4.50827E-02    8.66842E-02
     9.35152E-01    3.91830E-01    7.47287E-01    4.11528E-01   -1.43756E-01    6.92421E-02    3.24039E-02    4.48560E-02    8.63861E-02
     9.38102E-01    3.85624E-01    7.42959E-01    4.12365E-01   -1.41716E-01    6.87989E-02    3.18783E-02    4.46335E-02    8.60902E-02
     9.41052E-01    3.79466E-01    7.38656E-01    4.13188E-01   -1.39684E-01    6.83626E-02    3.13570E-02    4.44150E-02    8.57964E-02
     9.44002E-01    3.73353E-01    7.34378E-01    4.13997E-01   -1.37659E-01    6.79332E-02    3.08400E-02    4.42005E-02    8.55048E-02
     9.46952E-01    3.67287E-01    7.30124E-01    4.14791E-01   -1.35641E-01    6.75106E-02    3.03273E-02    4.39900E-02    8.52155E-02
     9.49902E-01    3.61266E-01    7.25895E-01    4.15571E-01   -1.33630E-01    6.70948E-02    2.98187E-02    4.37834E-02    8.49285E-02
     9.52852E-01    3.55289E-01    7.21691E-01    4.16338E-01   -1.31627E-01    6.66857E-02    2.93142E-02    4.35807E-02    8.46438E-02
     9.55802E-01    3.49358E-01    7.17512E-01    4.17090E-01   -1.29631E-01    6.62833E-02    2.88139E-02    4.33818E-02    8.43615E-02
     9.58752E-01    3.43470E-01    7.13358E-01    4.17829E-01   -1.27642E-01    6.58876E-02    2.83177E-02    4.31867E-02    8.40817E-02
     9.61702E-01    3.37627E-01    7.09230E-01    4.18554E-01   -1.25661E-01    6.54984E-02    2.78256E-02    4.29953E-02    8.38042E-02
     9.64652E-01    3.31826E-01    7.05126E-01    4.19266E-01   -1.23688E-01    6.51158E-02    2.73374E-02    4.28076E-02    8.35293E-02
     9.67602E-01    3.26069E-01    7.01047E-01    4.19965E-01   -1.21721E-01    6.47397E-02    2.68533E-02    4.26235E-02    8.32569E-02
     9.70552E-01    3.20354E-01    6.96994E-01    4.20650E-01   -1.19763E-01    6.43701E-02    2.63730E-02    4.24430E-02    8.29871E-02
     9.73502E-01    3.14681E-01    6.92965E-01    4.21323E-01   -1.17811E-01    6.40069E-02    2.58967E-02    4.22661E-02    8.27199E-02
     9.76452E-01    3.09050E-01    6.88962E-01    4.21982E-01   -1.15868E-01    6.36501E-02    2.54243E-02    4.20928E-02    8.24553E-02
     9.79402E-01    3.03460E-01    6.84984E-01    4.22629E-01   -1.13931E-01    6.32997E-02    2.49556E-02    4.19229E-02    8.21934E-02
     9.82352E-01    2.97911E-01    6.81032E-01    4.23263E-01   -1.12003E-01    6.29555E-02    2.44908E-02    4.17564E-02    8.19343E-02
     9.85302E-01    2.92403E-01    6.77104E-01    4.23884E-01   -1.10082E-01    6.26176E-02    2.40297E-02    4.15934E-02    8.16778E-02
     9.88252E-01    2.86935E-01    6.73202E-01    4.24493E-01   -1.08168E-01    6.22860E-02    2.35724E-02    4.14337E-02    8.14242E-02
     9.91202E-01    2.81506E-01    6.69325E-01    4.25090E-01   -1.06262E-01    6.19605E-02    2.31187E-02    4.12773E-02    8.11734E-02
     9.94152E-01    2.76117E-01    6.65473E-01    4.25674E-01   -1.04364E-01    6.16411E-02    2.26687E-02    4.11242E-02    8.09255E-02
     9.97102E-01    2.70767E-01    6.61647E-01    4.26246E-01   -1.02473E-01    6.13278E-02    2.22223E-02    4.09744E-02    8.06805E-02
     1.00005E+00    2.65455E-01    6.57845E-01    4.26807E-01   -1.00590E-01    6.10206E-02    2.17794E-02    4.08278E-02    8.04384E-02
     1.00300E+00    2.60182E-01    6.54069E-01    4.27355E-01   -9.87144E-02    6.07194E-02    2.13401E-02    4.06843E-02    8.01993E-02
     1.00595E+00    2.54946E-01    6.50318E-01    4.27892E-01   -9.68465E-02    6.04242E-02    2.09042E-02    4.05440E-02    7.99632E-02
     1.00890E+00    2.49747E-01    6.46593E-01    4.28417E-01   -9.49862E-02    6.01349E-02    2.04718E-02    4.04068E-02    7.97301E-02
     1.01185E+00    2.44586E-01    6.42892E-01    4.28931E-01   -9.31335E-02    5.98515E-02    2.00429E-02    4.02727E-02    7.95000E-02
     1.01480E+00    2.39461E-01    6.39217E-01    4.29433E-01   -9.12885E-02    5.95739E-02    1.96173E-02    4.01416E-02    7.92731E-02
     1.01775E+00    2.34373E-01    6.35566E-01    4.29924E-01   -8.94511E-02    5.93022E-02    1.91950E-02    4.00135E-02    7.90493E-02
     1.02070E+00    2.29320E-01    6.31941E-01    4.30404E-01   -8.76213E-02    5.90362E-02    1.87761E-02    3.98884E-02    7.88287E-02
     1.02365E+00    2.24303E-01    6.28341E-01    4.30873E-01   -8.57992E-02    5.87760E-02    1.83604E-02    3.97662E-02    7.86113E-02
     1.02660E+00    2.19321E-01    6.24766E-01    4.31330E-01   -8.39848E-02    5.85215E-02    1.79479E-02    3.96469E-02    7.83971E-02
     1.02955E+00    2.14373E-01    6.21215E-01    4.31777E-01   -8.21779E-02    5.82727E-02    1.75386E-02    3.95305E-02    7.81862E-02
     1.03250E+00    2.09460E-01    6.17690E-01    4.32213E-01   -8.03787E-02    5.80294E-02    1.71325E-02    3.94169E-02    7.79786E-02
     1.03545E+00    2.04581E-01    6.14190E-01    4.32639E-01   -7.85872E-02    5.77918E-02    1.67294E-02    3.93061E-02    7.77743E-02
     1.03840E+00    1.99736E-01    6.10714E-01    4.33053E-01   -7.68033E-02    5.75597E-02    1.63295E-02    3.91981E-02    7.75734E-02
     1.04135E+00    1.94924E-01    6.07264E-01    4.33458E-01   -7.50270E-02    5.73332E-02    1.59325E-02    3.90929E-02    7.73759E-02
     1.04430E+00    1.90144E-01    6.03838E-01    4.33852E-01   -7.32584E-02    5.71121E-02    1.55386E-02    3.89904E-02    7.71818E-02
     1.04725E+00    1.85398E-01    6.00436E-01    4.34235E-01   -7.14973E-02    5.68965E-02    1.51476E-02    3.88906E-02    7.69911E-02
     1.05020E+00    1.80683E-01    5.97060E-01    4.34609E-01   -6.97439E-02    5.66863E-02    1.47595E-02    3.87935E-02    7.68039E-02
     1.05315E+00    1.76001E-01    5.93708E-01    4.34972E-01   -6.79982E-02    5.64815E-02    1.43743E-02    3.86989E-02    7.66203E-02
     1.05610E+00    1.71349E-01    5.90380E-01    4.35326E-01   -6.62600E-02    5.62820E-02    1.39920E-02    3.86071E-02    7.64402E-02
     1.05905E+00    1.66729E-01    5.87077E-01    4.35669E-01   -6.45294E-02    5.60878E-02    1.36124E-02    3.85177E-02    7.62637E-02
     1.06200E+00    1.62140E-01    5.83798E-01    4.36003E-01   -6.28065E-02    5.58989E-02    1.32356E-02    3.84310E-02    7.60908E-02
     1.06495E+00    1.57581E-01    5.80544E-01    4.36327E-01   -6.10911E-02    5.57152E-02    1.28616E-02    3.83468E-02    7.59216E-02
     1.06790E+00    1.53052E-01    5.77314E-01    4.36641E-01   -5.93833E-02    5.55367E-02    1.24902E-02    3.82651E-02    7.57560E-02
     1.07085E+00    1.48553E-01    5.74108E-01    4.36946E-01   -5.76831E-02    5.53634E-02    1.21214E-02    3.81858E-02    7.55941E-02
     1.07380E+00    1.44083E-01    5.70927E-01    4.37242E-01   -5.59904E-02    5.51953E-02    1.17553E-02    3.81091E-02    7.54360E-02
     1.07675E+00    1.39642E-01    5.67769E-01    4.37528E-01   -5.43053E-02    5.50323E-02    1.13918E-02    3.80347E-02    7.52816E-02
     1.07970E+00    1.35230E-01    5.64635E-01    4.37804E-01   -5.26277E-02    5.48743E-02    1.10308E-02    3.79628E-02    7.51310E-02
     1.08265E+00    1.30846E-01    5.61526E-01    4.38072E-01   -5.09577E-02    5.47214E-02    1.06722E-02    3.78933E-02    7.49843E-02
     1.08560E+00    1.26490E-01    5.58440E-01    4.38330E-01   -4.92952E-02    5.45735E-02    1.03162E-02    3.78261E-02    7.48414E-02
     1.08855E+00    1.22162E-01    5.55378E-01    4.38580E-01   -4.76403E-02    5.44305E-02    9.96253E-03    3.77613E-02    7.47024E-02
     1.09150E+00    1.17862E-01    5.52339E-01    4.38820E-01   -4.59928E-02    5.42926E-02    9.61127E-03    3.76988E-02    7.45673E-02
     1.09445E+00    1.13588E-01    5.49325E-01    4.39052E-01   -4.43529E-02    5.41595E-02    9.26236E-03    3.76386E-02    7.44362E-02
     1.09740E+00    1.09341E-01    5.46333E-01    4.39274E-01   -4.27204E-02    5.40314E-02    8.91576E-03    3.75807E-02    7.43091E-02
     1.10035E+00    1.05120E-01    5.43366E-01    4.39488E-01   -4.10954E-02    5.39081E-02    8.57143E-03    3.75250E-02    7.41859E-02
     1.10330E+00    1.00926E-01    5.40421E-01    4.39694E-01   -3.94778E-02    5.37896E-02    8.22934E-03    3.74716E-02    7.40669E-02
     1.10625E+00    9.67571E-02    5.37500E-01    4.39891E-01   -3.78677E-02    5.36760E-02    7.88944E-03    3.74204E-02    7.39519E-02
     1.10920E+00    9.26136E-02    5.34602E-01    4.40079E-01   -3.62651E-02    5.35671E-02    7.55170E-03    3.73714E-02    7.38410E-02
     1.11215E+00    8.84953E-02    5.31727E-01    4.40259E-01   -3.46699E-02    5.34629E-02    7.21609E-03    3.73246E-02    7.37342E-02
     1.11510E+00    8.44018E-02    5.28876E-01    4.40430E-01   -3.30820E-02    5.33635E-02    6.88257E-03    3.72799E-02    7.36316E-02
     1.11805E+00    8.03327E-02    5.26047E-01    4.40593E-01   -3.15016E-02    5.32688E-02    6.55110E-03    3.72374E-02    7.35332E-02
     1.12100E+00    7.62878E-02    5.23241E-01    4.40748E-01   -2.99286E-02    5.31787E-02    6.22164E-03    3.71970E-02    7.34391E-02
     1.12395E+00    7.22667E-02    5.20458E-01    4.40895E-01   -2.83630E-02    5.30933E-02    5.89415E-03    3.71587E-02    7.33492E-02
     1.12690E+00    6.82692E-02    5.17697E-01    4.41034E-01   -2.68047E-02    5.30125E-02    5.56861E-03    3.71226E-02    7.32636E-02
     1.12985E+00    6.42948E-02    5.14959E-01    4.41165E-01   -2.52537E-02    5.29362E-02    5.24498E-03    3.70885E-02    7.31824E-02
     1.13280E+00    6.03435E-02    5.12243E-01    4.41288E-01   -2.37101E-02    5.28645E-02    4.92321E-03    3.70564E-02    7.31055E-02
     1.13575E+00    5.64147E-02    5.09550E-01    4.41402E-01   -2.21739E-02    5.27974E-02    4.60327E-03    3.70264E-02    7.30330E-02
     1.13870E+00    5.25083E-02    5.06879E-01    4.41510E-01   -2.06449E-02    5.27348E-02    4.28514E-03    3.69985E-02    7.29650E-02
     1.14165E+00    4.86239E-02    5.04231E-01    4.41609E-01   -1.91233E-02    5.26766E-02    3.96876E-03    3.69725E-02    7.29014E-02
     1.14460E+00    4.47612E-02    5.01604E-01    4.41700E-01   -1.76089E-02    5.26229E-02    3.65411E-03    3.69486E-02    7.28423E-02
     1.14755E+00    4.09200E-02    4.98999E-01    4.41784E-01   -1.61018E-02    5.25736E-02    3.34114E-03    3.69266E-02    7.27877E-02
     1.15050E+00    3.70999E-02    4.96417E-01    4.41861E-01   -1.46019E-02    5.25287E-02    3.02984E-03    3.69067E-02    7.27377E-02
     1.15345E+00    3.33007E-02    4.93856E-01    4.41930E-01   -1.31094E-02    5.24882E-02    2.72015E-03    3.68886E-02    7.26923E-02
     1.15640E+00    2.95221E-02    4.91316E-01    4.41991E-01   -1.16240E-02    5.24521E-02    2.41204E-03    3.68726E-02    7.26515E-02
     1.15935E+00    2.57638E-02    4.88799E-01    4.42045E-01   -1.01459E-02    5.24203E-02    2.10548E-03    3.68584E-02    7.26154E-02
     1.16230E+00    2.20255E-02    4.86303E-01    4.42091E-01   -8.67492E-03    5.23928E-02    1.80044E-03    3.68462E-02    7.25840E-02
     1.16525E+00    1.83069E-02    4.83828E-01    4.42131E-01   -7.21118E-03    5.23696E-02    1.49687E-03    3.68359E-02    7.25573E-02
     1.16820E+00    1.46077E-02    4.81375E-01    4.42163E-01   -5.75463E-03    5.23507E-02    1.19475E-03    3.68275E-02    7.25354E-02
     1.17115E+00    1.09277E-02    4.78942E-01    4.42188E-01   -4.30525E-03    5.23360E-02    8.94034E-04    3.68210E-02    7.25183E-02
     1.17410E+00    7.26661E-03    4.76531E-01    4.42205E-01   -2.86302E-03    5.23255E-02    5.94695E-04    3.68163E-02    7.25060E-02
     1.17705E+00    3.62413E-03    4.74141E-01    4.42216E-01   -1.42795E-03    5.23192E-02    2.96695E-04    3.68135E-02    7.24986E-02
     1.18000E+00    0.00000E+00    4.71772E-01    4.42219E-01   -3.94811E-24    5.23172E-02    1.23908E-25    3.68126E-02    7.24961E-02
