     1.00000E-05    3.94469E+00   -2.32607E-05   -5.19292E-01   -1.65161E-05    4.85316E-01    6.43470E-06    3.58038E-01    8.23000E-11
     2.85997E-03    3.94461E+00    1.37214E-02   -5.19263E-01   -4.72345E-03    4.85305E-01    1.84024E-03    3.58026E-01    6.73148E-06
     5.70995E-03    3.94436E+00    2.73931E-02   -5.19177E-01   -9.42970E-03    4.85271E-01    3.67368E-03    3.57991E-01    2.68295E-05
     8.55992E-03    3.94395E+00    4.10615E-02   -5.19034E-01   -1.41346E-02    4.85216E-01    5.50636E-03    3.57934E-01    6.02871E-05
     1.14099E-02    3.94337E+00    5.47249E-02   -5.18834E-01   -1.88375E-02    4.85138E-01    7.33792E-03    3.57854E-01    1.07092E-04
     1.42599E-02    3.94262E+00    6.83816E-02   -5.18577E-01   -2.35376E-02    4.85038E-01    9.16798E-03    3.57750E-01    1.67229E-04
     1.71098E-02    3.94171E+00    8.20300E-02   -5.18262E-01   -2.82344E-02    4.84915E-01    1.09962E-02    3.57624E-01    2.40677E-04
     1.99598E-02    3.94064E+00    9.56685E-02   -5.17891E-01   -3.29271E-02    4.84771E-01    1.28221E-02    3.57475E-01    3.27409E-04
     2.28098E-02    3.93940E+00    1.09295E-01   -5.17463E-01   -3.76151E-02    4.84604E-01    1.46454E-02    3.57303E-01    4.27395E-04
     2.56598E-02    3.93800E+00    1.22909E-01   -5.16978E-01   -4.22977E-02    4.84415E-01    1.64658E-02    3.57108E-01    5.40601E-04
     2.85097E-02    3.93643E+00    1.36508E-01   -5.16437E-01   -4.69742E-02    4.84204E-01    1.82827E-02    3.56891E-01    6.66986E-04
     3.13597E-02    3.93470E+00    1.50090E-01   -5.15838E-01   -5.16440E-02    4.83971E-01    2.00960E-02    3.56651E-01    8.06508E-04
     3.42097E-02    3.93280E+00    1.63654E-01   -5.15184E-01   -5.63063E-02    4.83716E-01    2.19051E-02    3.56388E-01    9.59116E-04
     3.70597E-02    3.93074E+00    1.77198E-01   -5.14473E-01   -6.09606E-02    4.83439E-01    2.37098E-02    3.56103E-01    1.12476E-03
     3.99096E-02    3.92852E+00    1.90720E-01   -5.13705E-01   -6.56062E-02    4.83140E-01    2.55097E-02    3.55795E-01    1.30338E-03
     4.27596E-02    3.92613E+00    2.04220E-01   -5.12882E-01   -7.02423E-02    4.82819E-01    2.73044E-02    3.55465E-01    1.49491E-03
     4.56096E-02    3.92358E+00    2.17695E-01   -5.12002E-01   -7.48685E-02    4.82477E-01    2.90935E-02    3.55112E-01    1.69929E-03
     4.84596E-02    3.92087E+00    2.31143E-01   -5.11067E-01   -7.94839E-02    4.82112E-01    3.08768E-02    3.54737E-01    1.91644E-03
     5.13095E-02    3.91799E+00    2.44564E-01   -5.10076E-01   -8.40879E-02    4.81726E-01    3.26538E-02    3.54340E-01    2.14630E-03
     5.41595E-02    3.91496E+00    2.57954E-01   -5.09030E-01   -8.86800E-02    4.81318E-01    3.44241E-02    3.53921E-01    2.38878E-03
     5.70095E-02    3.91176E+00    2.71314E-01   -5.07929E-01   -9.32594E-02    4.80889E-01    3.61876E-02    3.53480E-01    2.64379E-03
     5.98595E-02    3.90840E+00    2.84641E-01   -5.06772E-01   -9.78255E-02    4.80438E-01    3.79437E-02    3.53017E-01    2.91125E-03
     6.27094E-02    3.90488E+00    2.97934E-01   -5.05561E-01   -1.02378E-01    4.79966E-01    3.96921E-02    3.52533E-01    3.19107E-03
     6.55594E-02    3.90120E+00    3.11191E-01   -5.04295E-01   -1.06915E-01    4.79472E-01    4.14326E-02    3.52026E-01    3.48315E-03
     6.84094E-02    3.89736E+00    3.24410E-01   -5.02974E-01   -1.11438E-01    4.78957E-01    4.31647E-02    3.51499E-01    3.78739E-03
     7.12594E-02    3.89336E+00    3.37590E-01   -5.01600E-01   -1.15945E-01    4.78421E-01    4.48882E-02    3.50950E-01    4.10368E-03
     7.41093E-02    3.88921E+00    3.50730E-01   -5.00171E-01   -1.20435E-01    4.77863E-01    4.66026E-02    3.50379E-01    4.43192E-03
     7.69593E-02    3.88489E+00    3.63828E-01   -4.98690E-01   -1.24908E-01    4.77285E-01    4.83077E-02    3.49788E-01    4.77199E-03
     7.98093E-02    3.88042E+00    3.76881E-01   -4.97154E-01   -1.29363E-01    4.76686E-01    5.00032E-02    3.49175E-01    5.12377E-03
     8.26593E-02    3.87579E+00    3.89890E-01   -4.95566E-01   -1.33801E-01    4.76066E-01    5.16887E-02    3.48542E-01    5.48716E-03
     8.55092E-02    3.87100E+00    4.02852E-01   -4.93925E-01   -1.38219E-01    4.75425E-01    5.33638E-02    3.47888E-01    5.86201E-03
     8.83592E-02    3.86606E+00    4.15766E-01   -4.92231E-01   -1.42618E-01    4.74764E-01    5.50284E-02    3.47213E-01    6.24821E-03
     9.12092E-02    3.86096E+00    4.28630E-01   -4.90485E-01   -1.46997E-01    4.74082E-01    5.66821E-02    3.46518E-01    6.64563E-03
     9.40592E-02    3.85571E+00    4.41443E-01   -4.88688E-01   -1.51355E-01    4.73380E-01    5.83245E-02    3.45803E-01    7.05412E-03
     9.69091E-02    3.85030E+00    4.54204E-01   -4.86839E-01   -1.55692E-01    4.72657E-01    5.99554E-02    3.45068E-01    7.47355E-03
     9.97591E-02    3.84474E+00    4.66910E-01   -4.84938E-01   -1.60007E-01    4.71914E-01    6.15744E-02    3.44313E-01    7.90378E-03
     1.02609E-01    3.83903E+00    4.79561E-01   -4.82987E-01   -1.64300E-01    4.71151E-01    6.31814E-02    3.43538E-01    8.34466E-03
     1.05459E-01    3.83317E+00    4.92155E-01   -4.80985E-01   -1.68570E-01    4.70369E-01    6.47759E-02    3.42744E-01    8.79605E-03
     1.08309E-01    3.82715E+00    5.04690E-01   -4.78933E-01   -1.72817E-01    4.69566E-01    6.63577E-02    3.41930E-01    9.25779E-03
     1.11159E-01    3.82099E+00    5.17166E-01   -4.76832E-01   -1.77039E-01    4.68744E-01    6.79266E-02    3.41097E-01    9.72973E-03
     1.14009E-01    3.81467E+00    5.29580E-01   -4.74681E-01   -1.81237E-01    4.67903E-01    6.94822E-02    3.40246E-01    1.02117E-02
     1.16859E-01    3.80821E+00    5.41932E-01   -4.72481E-01   -1.85410E-01    4.67041E-01    7.10242E-02    3.39375E-01    1.07036E-02
     1.19709E-01    3.80160E+00    5.54220E-01   -4.70232E-01   -1.89557E-01    4.66161E-01    7.25525E-02    3.38486E-01    1.12052E-02
     1.22559E-01    3.79484E+00    5.66443E-01   -4.67935E-01   -1.93678E-01    4.65262E-01    7.40668E-02    3.37579E-01    1.17163E-02
     1.25409E-01    3.78794E+00    5.78599E-01   -4.65590E-01   -1.97773E-01    4.64343E-01    7.55667E-02    3.36654E-01    1.22368E-02
     1.28259E-01    3.78089E+00    5.90687E-01   -4.63198E-01   -2.01840E-01    4.63406E-01    7.70521E-02    3.35710E-01    1.27665E-02
     1.31109E-01    3.77369E+00    6.02706E-01   -4.60759E-01   -2.05879E-01    4.62450E-01    7.85227E-02    3.34749E-01    1.33053E-02
     1.33959E-01    3.76635E+00    6.14654E-01   -4.58273E-01   -2.09890E-01    4.61476E-01    7.99783E-02    3.33771E-01    1.38529E-02
     1.36809E-01    3.75887E+00    6.26531E-01   -4.55741E-01   -2.13873E-01    4.60483E-01    8.14186E-02    3.32775E-01    1.44092E-02
     1.39659E-01    3.75125E+00    6.38334E-01   -4.53163E-01   -2.17827E-01    4.59472E-01    8.28434E-02    3.31762E-01    1.49740E-02
     1.42509E-01    3.74349E+00    6.50063E-01   -4.50541E-01   -2.21751E-01    4.58443E-01    8.42525E-02    3.30732E-01    1.55471E-02
     1.45359E-01    3.73559E+00    6.61717E-01   -4.47873E-01   -2.25644E-01    4.57397E-01    8.56456E-02    3.29686E-01    1.61284E-02
     1.48209E-01    3.72755E+00    6.73294E-01   -4.45161E-01   -2.29508E-01    4.56332E-01    8.70226E-02    3.28623E-01    1.67176E-02
     1.51059E-01    3.71937E+00    6.84793E-01   -4.42405E-01   -2.33340E-01    4.55250E-01    8.83832E-02    3.27544E-01    1.73145E-02
     1.53909E-01    3.71105E+00    6.96213E-01   -4.39605E-01   -2.37141E-01    4.54150E-01    8.97273E-02    3.26449E-01    1.79190E-02
     1.56759E-01    3.70260E+00    7.07552E-01   -4.36763E-01   -2.40910E-01    4.53034E-01    9.10546E-02    3.25339E-01    1.85309E-02
     1.59609E-01    3.69401E+00    7.18810E-01   -4.33878E-01   -2.44646E-01    4.51900E-01    9.23650E-02    3.24213E-01    1.91500E-02
     1.62459E-01    3.68529E+00    7.29986E-01   -4.30952E-01   -2.48350E-01    4.50750E-01    9.36583E-02    3.23072E-01    1.97760E-02
     1.65309E-01    3.67644E+00    7.41078E-01   -4.27983E-01   -2.52021E-01    4.49582E-01    9.49342E-02    3.21916E-01    2.04088E-02
     1.68159E-01    3.66746E+00    7.52085E-01   -4.24974E-01   -2.55659E-01    4.48399E-01    9.61927E-02    3.20745E-01    2.10483E-02
     1.71008E-01    3.65834E+00    7.63006E-01   -4.21924E-01   -2.59262E-01    4.47199E-01    9.74335E-02    3.19560E-01    2.16940E-02
     1.73858E-01    3.64910E+00    7.73840E-01   -4.18835E-01   -2.62831E-01    4.45983E-01    9.86566E-02    3.18361E-01    2.23460E-02
     1.76708E-01    3.63973E+00    7.84587E-01   -4.15705E-01   -2.66365E-01    4.44751E-01    9.98616E-02    3.17148E-01    2.30040E-02
     1.79558E-01    3.63023E+00    7.95244E-01   -4.12537E-01   -2.69865E-01    4.43503E-01    1.01049E-01    3.15922E-01    2.36677E-02
     1.82408E-01    3.62061E+00    8.05812E-01   -4.09331E-01   -2.73329E-01    4.42240E-01    1.02217E-01    3.14681E-01    2.43370E-02
     1.85258E-01    3.61086E+00    8.16288E-01   -4.06086E-01   -2.76757E-01    4.40961E-01    1.03368E-01    3.13428E-01    2.50117E-02
     1.88108E-01    3.60099E+00    8.26673E-01   -4.02805E-01   -2.80149E-01    4.39667E-01    1.04500E-01    3.12162E-01    2.56915E-02
     1.90958E-01    3.59100E+00    8.36965E-01   -3.99486E-01   -2.83505E-01    4.38359E-01    1.05613E-01    3.10883E-01    2.63763E-02
     1.93808E-01    3.58088E+00    8.47164E-01   -3.96131E-01   -2.86823E-01    4.37035E-01    1.06707E-01    3.09592E-01    2.70659E-02
     1.96658E-01    3.57065E+00    8.57268E-01   -3.92740E-01   -2.90105E-01    4.35697E-01    1.07783E-01    3.08289E-01    2.77599E-02
     1.99508E-01    3.56029E+00    8.67276E-01   -3.89314E-01   -2.93349E-01    4.34345E-01    1.08839E-01    3.06974E-01    2.84584E-02
     2.02358E-01    3.54982E+00    8.77188E-01   -3.85854E-01   -2.96556E-01    4.32978E-01    1.09877E-01    3.05648E-01    2.91609E-02
     2.05208E-01    3.53924E+00    8.87002E-01   -3.82359E-01   -2.99724E-01    4.31598E-01    1.10895E-01    3.04310E-01    2.98674E-02
     2.08058E-01    3.52854E+00    8.96719E-01   -3.78831E-01   -3.02855E-01    4.30204E-01    1.11895E-01    3.02961E-01    3.05775E-02
     2.10908E-01    3.51772E+00    9.06337E-01   -3.75269E-01   -3.05946E-01    4.28796E-01    1.12874E-01    3.01602E-01    3.12912E-02
     2.13758E-01    3.50680E+00    9.15855E-01   -3.71676E-01   -3.08999E-01    4.27375E-01    1.13835E-01    3.00232E-01    3.20082E-02
     2.16608E-01    3.49576E+00    9.25273E-01   -3.68050E-01   -3.12013E-01    4.25941E-01    1.14776E-01    2.98852E-01    3.27282E-02
     2.19458E-01    3.48461E+00    9.34590E-01   -3.64393E-01   -3.14987E-01    4.24494E-01    1.15697E-01    2.97461E-01    3.34511E-02
     2.22308E-01    3.47336E+00    9.43805E-01   -3.60705E-01   -3.17922E-01    4.23034E-01    1.16599E-01    2.96062E-01    3.41767E-02
     2.25158E-01    3.46200E+00    9.52918E-01   -3.56987E-01   -3.20817E-01    4.21562E-01    1.17481E-01    2.94653E-01    3.49048E-02
     2.28008E-01    3.45053E+00    9.61928E-01   -3.53240E-01   -3.23672E-01    4.20078E-01    1.18344E-01    2.93234E-01    3.56351E-02
     2.30858E-01    3.43896E+00    9.70833E-01   -3.49463E-01   -3.26487E-01    4.18581E-01    1.19186E-01    2.91807E-01    3.63674E-02
     2.33708E-01    3.42729E+00    9.79634E-01   -3.45658E-01   -3.29261E-01    4.17073E-01    1.20009E-01    2.90372E-01    3.71016E-02
     2.36558E-01    3.41551E+00    9.88331E-01   -3.41825E-01   -3.31994E-01    4.15553E-01    1.20812E-01    2.88928E-01    3.78375E-02
     2.39408E-01    3.40364E+00    9.96921E-01   -3.37965E-01   -3.34687E-01    4.14022E-01    1.21596E-01    2.87476E-01    3.85748E-02
     2.42258E-01    3.39167E+00    1.00541E+00   -3.34078E-01   -3.37338E-01    4.12480E-01    1.22359E-01    2.86016E-01    3.93133E-02
     2.45108E-01    3.37960E+00    1.01378E+00   -3.30165E-01   -3.39948E-01    4.10926E-01    1.23103E-01    2.84549E-01    4.00528E-02
     2.47958E-01    3.36743E+00    1.02205E+00   -3.26226E-01   -3.42517E-01    4.09362E-01    1.23827E-01    2.83075E-01    4.07932E-02
     2.50808E-01    3.35517E+00    1.03022E+00   -3.22263E-01   -3.45044E-01    4.07788E-01    1.24531E-01    2.81594E-01    4.15342E-02
     2.53658E-01    3.34282E+00    1.03827E+00   -3.18274E-01   -3.47530E-01    4.06203E-01    1.25215E-01    2.80106E-01    4.22757E-02
     2.56508E-01    3.33037E+00    1.04622E+00   -3.14263E-01   -3.49973E-01    4.04608E-01    1.25879E-01    2.78612E-01    4.30174E-02
     2.59358E-01    3.31784E+00    1.05405E+00   -3.10227E-01   -3.52375E-01    4.03004E-01    1.26523E-01    2.77111E-01    4.37591E-02
     2.62208E-01    3.30522E+00    1.06178E+00   -3.06170E-01   -3.54734E-01    4.01389E-01    1.27148E-01    2.75605E-01    4.45007E-02
     2.65058E-01    3.29251E+00    1.06940E+00   -3.02090E-01   -3.57052E-01    3.99766E-01    1.27753E-01    2.74093E-01    4.52419E-02
     2.67908E-01    3.27971E+00    1.07691E+00   -2.97988E-01   -3.59326E-01    3.98133E-01    1.28338E-01    2.72576E-01    4.59826E-02
     2.70758E-01    3.26683E+00    1.08430E+00   -2.93866E-01   -3.61559E-01    3.96491E-01    1.28903E-01    2.71054E-01    4.67225E-02
     2.73608E-01    3.25387E+00    1.09159E+00   -2.89723E-01   -3.63748E-01    3.94841E-01    1.29449E-01    2.69527E-01    4.74616E-02
     2.76458E-01    3.24083E+00    1.09876E+00   -2.85561E-01   -3.65896E-01    3.93182E-01    1.29975E-01    2.67995E-01    4.81995E-02
     2.79308E-01    3.22770E+00    1.10582E+00   -2.81380E-01   -3.68000E-01    3.91515E-01    1.30482E-01    2.66459E-01    4.89362E-02
     2.82158E-01    3.21450E+00    1.11277E+00   -2.77180E-01   -3.70061E-01    3.89840E-01    1.30969E-01    2.64920E-01    4.96714E-02
     2.85007E-01    3.20122E+00    1.11961E+00   -2.72962E-01   -3.72080E-01    3.88157E-01    1.31436E-01    2.63376E-01    5.04050E-02
     2.87857E-01    3.18787E+00    1.12634E+00   -2.68726E-01   -3.74056E-01    3.86467E-01    1.31885E-01    2.61829E-01    5.11367E-02
     2.90707E-01    3.17444E+00    1.13295E+00   -2.64474E-01   -3.75989E-01    3.84769E-01    1.32314E-01    2.60279E-01    5.18664E-02
     2.93557E-01    3.16094E+00    1.13946E+00   -2.60206E-01   -3.77878E-01    3.83064E-01    1.32723E-01    2.58725E-01    5.25939E-02
     2.96407E-01    3.14737E+00    1.14584E+00   -2.55922E-01   -3.79725E-01    3.81352E-01    1.33114E-01    2.57169E-01    5.33191E-02
     2.99257E-01    3.13373E+00    1.15212E+00   -2.51623E-01   -3.81529E-01    3.79634E-01    1.33485E-01    2.55611E-01    5.40418E-02
     3.02107E-01    3.12002E+00    1.15828E+00   -2.47309E-01   -3.83289E-01    3.77909E-01    1.33838E-01    2.54050E-01    5.47618E-02
     3.04957E-01    3.10625E+00    1.16433E+00   -2.42982E-01   -3.85007E-01    3.76178E-01    1.34171E-01    2.52487E-01    5.54789E-02
     3.07807E-01    3.09241E+00    1.17027E+00   -2.38641E-01   -3.86681E-01    3.74441E-01    1.34486E-01    2.50923E-01    5.61930E-02
     3.10657E-01    3.07851E+00    1.17609E+00   -2.34287E-01   -3.88312E-01    3.72698E-01    1.34782E-01    2.49357E-01    5.69039E-02
     3.13507E-01    3.06455E+00    1.18180E+00   -2.29922E-01   -3.89900E-01    3.70950E-01    1.35060E-01    2.47789E-01    5.76115E-02
     3.16357E-01    3.05052E+00    1.18740E+00   -2.25544E-01   -3.91445E-01    3.69196E-01    1.35319E-01    2.46221E-01    5.83156E-02
     3.19207E-01    3.03644E+00    1.19288E+00   -2.21156E-01   -3.92947E-01    3.67437E-01    1.35560E-01    2.44652E-01    5.90160E-02
     3.22057E-01    3.02230E+00    1.19825E+00   -2.16757E-01   -3.94406E-01    3.65673E-01    1.35782E-01    2.43082E-01    5.97127E-02
     3.24907E-01    3.00810E+00    1.20351E+00   -2.12349E-01   -3.95822E-01    3.63905E-01    1.35986E-01    2.41512E-01    6.04054E-02
     3.27757E-01    2.99385E+00    1.20865E+00   -2.07931E-01   -3.97195E-01    3.62132E-01    1.36173E-01    2.39942E-01    6.10940E-02
     3.30607E-01    2.97955E+00    1.21368E+00   -2.03504E-01   -3.98525E-01    3.60355E-01    1.36341E-01    2.38371E-01    6.17784E-02
     3.33457E-01    2.96520E+00    1.21860E+00   -1.99069E-01   -3.99813E-01    3.58574E-01    1.36492E-01    2.36802E-01    6.24584E-02
     3.36307E-01    2.95080E+00    1.22340E+00   -1.94627E-01   -4.01057E-01    3.56789E-01    1.36625E-01    2.35233E-01    6.31338E-02
     3.39157E-01    2.93634E+00    1.22810E+00   -1.90177E-01   -4.02259E-01    3.55001E-01    1.36741E-01    2.33664E-01    6.38047E-02
     3.42007E-01    2.92185E+00    1.23268E+00   -1.85721E-01   -4.03419E-01    3.53209E-01    1.36840E-01    2.32097E-01    6.44707E-02
     3.44857E-01    2.90730E+00    1.23715E+00   -1.81259E-01   -4.04535E-01    3.51414E-01    1.36921E-01    2.30530E-01    6.51318E-02
     3.47707E-01    2.89272E+00    1.24150E+00   -1.76791E-01   -4.05610E-01    3.49616E-01    1.36985E-01    2.28966E-01    6.57879E-02
     3.50557E-01    2.87809E+00    1.24575E+00   -1.72319E-01   -4.06642E-01    3.47816E-01    1.37033E-01    2.27402E-01    6.64388E-02
     3.53407E-01    2.86342E+00    1.24988E+00   -1.67842E-01   -4.07632E-01    3.46013E-01    1.37063E-01    2.25841E-01    6.70845E-02
     3.56257E-01    2.84871E+00    1.25390E+00   -1.63362E-01   -4.08580E-01    3.44207E-01    1.37077E-01    2.24282E-01    6.77247E-02
     3.59107E-01    2.83396E+00    1.25781E+00   -1.58878E-01   -4.09486E-01    3.42400E-01    1.37075E-01    2.22725E-01    6.83594E-02
     3.61957E-01    2.81918E+00    1.26161E+00   -1.54392E-01   -4.10350E-01    3.40590E-01    1.37057E-01    2.21170E-01    6.89885E-02
     3.64807E-01    2.80436E+00    1.26530E+00   -1.49903E-01   -4.11172E-01    3.38779E-01    1.37022E-01    2.19618E-01    6.96118E-02
     3.67657E-01    2.78951E+00    1.26888E+00   -1.45413E-01   -4.11953E-01    3.36967E-01    1.36972E-01    2.18069E-01    7.02293E-02
     3.70507E-01    2.77463E+00    1.27235E+00   -1.40921E-01   -4.12692E-01    3.35153E-01    1.36905E-01    2.16523E-01    7.08408E-02
     3.73357E-01    2.75972E+00    1.27571E+00   -1.36429E-01   -4.13390E-01    3.33338E-01    1.36824E-01    2.14979E-01    7.14463E-02
     3.76207E-01    2.74478E+00    1.27896E+00   -1.31937E-01   -4.14047E-01    3.31522E-01    1.36726E-01    2.13440E-01    7.20456E-02
     3.79057E-01    2.72981E+00    1.28210E+00   -1.27446E-01   -4.14663E-01    3.29706E-01    1.36614E-01    2.11904E-01    7.26386E-02
     3.81907E-01    2.71481E+00    1.28514E+00   -1.22955E-01   -4.15238E-01    3.27889E-01    1.36487E-01    2.10371E-01    7.32254E-02
     3.84757E-01    2.69980E+00    1.28807E+00   -1.18466E-01   -4.15773E-01    3.26072E-01    1.36344E-01    2.08843E-01    7.38056E-02
     3.87607E-01    2.68475E+00    1.29089E+00   -1.13979E-01   -4.16267E-01    3.24255E-01    1.36188E-01    2.07318E-01    7.43794E-02
     3.90457E-01    2.66969E+00    1.29360E+00   -1.09494E-01   -4.16721E-01    3.22437E-01    1.36016E-01    2.05798E-01    7.49465E-02
     3.93307E-01    2.65461E+00    1.29621E+00   -1.05012E-01   -4.17135E-01    3.20621E-01    1.35830E-01    2.04282E-01    7.55070E-02
     3.96157E-01    2.63950E+00    1.29871E+00   -1.00534E-01   -4.17509E-01    3.18804E-01    1.35631E-01    2.02771E-01    7.60607E-02
     3.99006E-01    2.62438E+00    1.30111E+00   -9.60593E-02   -4.17844E-01    3.16989E-01    1.35417E-01    2.01265E-01    7.66076E-02
     4.01856E-01    2.60925E+00    1.30341E+00   -9.15893E-02   -4.18139E-01    3.15174E-01    1.35189E-01    1.99763E-01    7.71475E-02
     4.04706E-01    2.59410E+00    1.30559E+00   -8.71242E-02   -4.18394E-01    3.13360E-01    1.34948E-01    1.98266E-01    7.76805E-02
     4.07556E-01    2.57894E+00    1.30768E+00   -8.26646E-02   -4.18611E-01    3.11547E-01    1.34694E-01    1.96775E-01    7.82064E-02
     4.10406E-01    2.56376E+00    1.30966E+00   -7.82108E-02   -4.18789E-01    3.09736E-01    1.34426E-01    1.95289E-01    7.87252E-02
     4.13256E-01    2.54858E+00    1.31154E+00   -7.37633E-02   -4.18929E-01    3.07927E-01    1.34146E-01    1.93808E-01    7.92368E-02
     4.16106E-01    2.53338E+00    1.31332E+00   -6.93227E-02   -4.19030E-01    3.06119E-01    1.33853E-01    1.92333E-01    7.97412E-02
     4.18956E-01    2.51818E+00    1.31500E+00   -6.48893E-02   -4.19093E-01    3.04313E-01    1.33547E-01    1.90864E-01    8.02383E-02
     4.21806E-01    2.50297E+00    1.31658E+00   -6.04636E-02   -4.19118E-01    3.02509E-01    1.33228E-01    1.89401E-01    8.07281E-02
     4.24656E-01    2.48776E+00    1.31806E+00   -5.60461E-02   -4.19106E-01    3.00708E-01    1.32898E-01    1.87943E-01    8.12105E-02
     4.27506E-01    2.47254E+00    1.31944E+00   -5.16372E-02   -4.19056E-01    2.98909E-01    1.32555E-01    1.86492E-01    8.16855E-02
     4.30356E-01    2.45732E+00    1.32072E+00   -4.72373E-02   -4.18969E-01    2.97113E-01    1.32201E-01    1.85047E-01    8.21530E-02
     4.33206E-01    2.44210E+00    1.32190E+00   -4.28470E-02   -4.18846E-01    2.95319E-01    1.31835E-01    1.83609E-01    8.26129E-02
     4.36056E-01    2.42688E+00    1.32299E+00   -3.84666E-02   -4.18685E-01    2.93528E-01    1.31458E-01    1.82177E-01    8.30653E-02
     4.38906E-01    2.41166E+00    1.32398E+00   -3.40965E-02   -4.18489E-01    2.91741E-01    1.31070E-01    1.80751E-01    8.35102E-02
     4.41756E-01    2.39644E+00    1.32488E+00   -2.97372E-02   -4.18257E-01    2.89957E-01    1.30670E-01    1.79333E-01    8.39473E-02
     4.44606E-01    2.38123E+00    1.32568E+00   -2.53891E-02   -4.17989E-01    2.88176E-01    1.30260E-01    1.77921E-01    8.43769E-02
     4.47456E-01    2.36603E+00    1.32639E+00   -2.10525E-02   -4.17685E-01    2.86399E-01    1.29839E-01    1.76516E-01    8.47987E-02
     4.50306E-01    2.35083E+00    1.32700E+00   -1.67280E-02   -4.17347E-01    2.84625E-01    1.29408E-01    1.75118E-01    8.52129E-02
     4.53156E-01    2.33563E+00    1.32752E+00   -1.24159E-02   -4.16973E-01    2.82855E-01    1.28966E-01    1.73728E-01    8.56193E-02
     4.56006E-01    2.32045E+00    1.32795E+00   -8.11662E-03   -4.16565E-01    2.81090E-01    1.28515E-01    1.72344E-01    8.60179E-02
     4.58856E-01    2.30528E+00    1.32829E+00   -3.83050E-03   -4.16123E-01    2.79328E-01    1.28054E-01    1.70968E-01    8.64088E-02
     4.61706E-01    2.29011E+00    1.32854E+00    4.42042E-04   -4.15647E-01    2.77571E-01    1.27583E-01    1.69600E-01    8.67920E-02
     4.64556E-01    2.27496E+00    1.32870E+00    4.70063E-03   -4.15137E-01    2.75819E-01    1.27103E-01    1.68239E-01    8.71673E-02
     4.67406E-01    2.25983E+00    1.32877E+00    8.94489E-03   -4.14594E-01    2.74071E-01    1.26613E-01    1.66885E-01    8.75348E-02
     4.70256E-01    2.24471E+00    1.32876E+00    1.31745E-02   -4.14018E-01    2.72327E-01    1.26115E-01    1.65539E-01    8.78945E-02
     4.73106E-01    2.22960E+00    1.32866E+00    1.73890E-02   -4.13409E-01    2.70589E-01    1.25607E-01    1.64202E-01    8.82464E-02
     4.75956E-01    2.21452E+00    1.32847E+00    2.15880E-02   -4.12767E-01    2.68856E-01    1.25091E-01    1.62872E-01    8.85905E-02
     4.78806E-01    2.19945E+00    1.32820E+00    2.57714E-02   -4.12094E-01    2.67127E-01    1.24567E-01    1.61550E-01    8.89267E-02
     4.81656E-01    2.18440E+00    1.32784E+00    2.99386E-02   -4.11389E-01    2.65405E-01    1.24035E-01    1.60235E-01    8.92552E-02
     4.84506E-01    2.16937E+00    1.32740E+00    3.40894E-02   -4.10653E-01    2.63687E-01    1.23494E-01    1.58929E-01    8.95758E-02
     4.87356E-01    2.15436E+00    1.32688E+00    3.82234E-02   -4.09886E-01    2.61975E-01    1.22946E-01    1.57632E-01    8.98886E-02
     4.90206E-01    2.13937E+00    1.32627E+00    4.23403E-02   -4.09088E-01    2.60269E-01    1.22390E-01    1.56342E-01    9.01937E-02
     4.93056E-01    2.12441E+00    1.32559E+00    4.64397E-02   -4.08259E-01    2.58568E-01    1.21826E-01    1.55061E-01    9.04909E-02
     4.95906E-01    2.10947E+00    1.32482E+00    5.05214E-02   -4.07401E-01    2.56874E-01    1.21255E-01    1.53788E-01    9.07804E-02
     4.98756E-01    2.09456E+00    1.32398E+00    5.45851E-02   -4.06512E-01    2.55185E-01    1.20678E-01    1.52523E-01    9.10621E-02
     5.01606E-01    2.07967E+00    1.32306E+00    5.86304E-02   -4.05595E-01    2.53502E-01    1.20093E-01    1.51267E-01    9.13361E-02
     5.04456E-01    2.06481E+00    1.32206E+00    6.26571E-02   -4.04648E-01    2.51826E-01    1.19502E-01    1.50019E-01    9.16024E-02
     5.07306E-01    2.04998E+00    1.32099E+00    6.66648E-02   -4.03673E-01    2.50156E-01    1.18904E-01    1.48780E-01    9.18609E-02
     5.10156E-01    2.03518E+00    1.31984E+00    7.06533E-02   -4.02670E-01    2.48493E-01    1.18300E-01    1.47550E-01    9.21119E-02
     5.13006E-01    2.02041E+00    1.31862E+00    7.46223E-02   -4.01639E-01    2.46836E-01    1.17689E-01    1.46328E-01    9.23551E-02
     5.15855E-01    2.00568E+00    1.31732E+00    7.85715E-02   -4.00580E-01    2.45186E-01    1.17073E-01    1.45115E-01    9.25907E-02
     5.18705E-01    1.99097E+00    1.31596E+00    8.25007E-02   -3.99494E-01    2.43542E-01    1.16451E-01    1.43910E-01    9.28188E-02
     5.21555E-01    1.97630E+00    1.31452E+00    8.64096E-02   -3.98381E-01    2.41906E-01    1.15823E-01    1.42715E-01    9.30393E-02
     5.24405E-01    1.96166E+00    1.31301E+00    9.02980E-02   -3.97241E-01    2.40276E-01    1.15190E-01    1.41528E-01    9.32522E-02
     5.27255E-01    1.94706E+00    1.31143E+00    9.41655E-02   -3.96076E-01    2.38654E-01    1.14552E-01    1.40350E-01    9.34577E-02
     5.30105E-01    1.93249E+00    1.30978E+00    9.80120E-02   -3.94884E-01    2.37038E-01    1.13909E-01    1.39181E-01    9.36557E-02
     5.32955E-01    1.91796E+00    1.30807E+00    1.01837E-01   -3.93667E-01    2.35430E-01    1.13261E-01    1.38020E-01    9.38463E-02
     5.35805E-01    1.90346E+00    1.30628E+00    1.05641E-01   -3.92426E-01    2.33829E-01    1.12608E-01    1.36869E-01    9.40296E-02
     5.38655E-01    1.88901E+00    1.30444E+00    1.09423E-01   -3.91159E-01    2.32236E-01    1.11951E-01    1.35726E-01    9.42055E-02
     5.41505E-01    1.87459E+00    1.30252E+00    1.13183E-01   -3.89868E-01    2.30650E-01    1.11289E-01    1.34593E-01    9.43741E-02
     5.44355E-01    1.86021E+00    1.30055E+00    1.16921E-01   -3.88554E-01    2.29072E-01    1.10623E-01    1.33468E-01    9.45354E-02
     5.47205E-01    1.84588E+00    1.29851E+00    1.20637E-01   -3.87216E-01    2.27501E-01    1.09953E-01    1.32353E-01    9.46896E-02
     5.50055E-01    1.83158E+00    1.29641E+00    1.24330E-01   -3.85854E-01    2.25938E-01    1.09279E-01    1.31246E-01    9.48366E-02
     5.52905E-01    1.81733E+00    1.29425E+00    1.28000E-01   -3.84470E-01    2.24383E-01    1.08601E-01    1.30148E-01    9.49765E-02
     5.55755E-01    1.80312E+00    1.29202E+00    1.31648E-01   -3.83063E-01    2.22836E-01    1.07920E-01    1.29060E-01    9.51093E-02
     5.58605E-01    1.78895E+00    1.28974E+00    1.35272E-01   -3.81635E-01    2.21297E-01    1.07236E-01    1.27980E-01    9.52351E-02
     5.61455E-01    1.77483E+00    1.28741E+00    1.38873E-01   -3.80184E-01    2.19766E-01    1.06548E-01    1.26910E-01    9.53540E-02
     5.64305E-01    1.76076E+00    1.28501E+00    1.42451E-01   -3.78712E-01    2.18243E-01    1.05857E-01    1.25848E-01    9.54660E-02
     5.67155E-01    1.74672E+00    1.28256E+00    1.46005E-01   -3.77220E-01    2.16728E-01    1.05164E-01    1.24796E-01    9.55712E-02
     5.70005E-01    1.73274E+00    1.28005E+00    1.49536E-01   -3.75706E-01    2.15221E-01    1.04467E-01    1.23752E-01    9.56696E-02
     5.72855E-01    1.71880E+00    1.27749E+00    1.53042E-01   -3.74173E-01    2.13723E-01    1.03768E-01    1.22718E-01    9.57612E-02
     5.75705E-01    1.70491E+00    1.27488E+00    1.56525E-01   -3.72620E-01    2.12233E-01    1.03067E-01    1.21693E-01    9.58462E-02
     5.78555E-01    1.69106E+00    1.27221E+00    1.59983E-01   -3.71047E-01    2.10752E-01    1.02363E-01    1.20676E-01    9.59245E-02
     5.81405E-01    1.67727E+00    1.26949E+00    1.63417E-01   -3.69455E-01    2.09279E-01    1.01657E-01    1.19669E-01    9.59964E-02
     5.84255E-01    1.66352E+00    1.26672E+00    1.66827E-01   -3.67844E-01    2.07814E-01    1.00949E-01    1.18671E-01    9.60617E-02
     5.87105E-01    1.64983E+00    1.26390E+00    1.70213E-01   -3.66215E-01    2.06358E-01    1.00239E-01    1.17682E-01    9.61206E-02
     5.89955E-01    1.63618E+00    1.26104E+00    1.73573E-01   -3.64568E-01    2.04911E-01    9.95274E-02    1.16701E-01    9.61732E-02
     5.92805E-01    1.62258E+00    1.25812E+00    1.76909E-01   -3.62903E-01    2.03472E-01    9.88142E-02    1.15730E-01    9.62194E-02
     5.95655E-01    1.60904E+00    1.25516E+00    1.80220E-01   -3.61221E-01    2.02043E-01    9.80995E-02    1.14768E-01    9.62595E-02
     5.98505E-01    1.59555E+00    1.25215E+00    1.83507E-01   -3.59523E-01    2.00621E-01    9.73834E-02    1.13814E-01    9.62934E-02
     6.01355E-01    1.58211E+00    1.24910E+00    1.86768E-01   -3.57807E-01    1.99209E-01    9.66661E-02    1.12870E-01    9.63211E-02
     6.04205E-01    1.56872E+00    1.24600E+00    1.90004E-01   -3.56075E-01    1.97806E-01    9.59477E-02    1.11934E-01    9.63429E-02
     6.07055E-01    1.55539E+00    1.24286E+00    1.93216E-01   -3.54328E-01    1.96411E-01    9.52284E-02    1.11008E-01    9.63587E-02
     6.09905E-01    1.54210E+00    1.23968E+00    1.96401E-01   -3.52565E-01    1.95026E-01    9.45083E-02    1.10090E-01    9.63686E-02
     6.12755E-01    1.52888E+00    1.23646E+00    1.99562E-01   -3.50787E-01    1.93649E-01    9.37874E-02    1.09181E-01    9.63727E-02
     6.15605E-01    1.51571E+00    1.23319E+00    2.02698E-01   -3.48994E-01    1.92282E-01    9.30660E-02    1.08281E-01    9.63711E-02
     6.18455E-01    1.50259E+00    1.22989E+00    2.05808E-01   -3.47187E-01    1.90923E-01    9.23441E-02    1.07390E-01    9.63637E-02
     6.21305E-01    1.48952E+00    1.22655E+00    2.08892E-01   -3.45365E-01    1.89574E-01    9.16218E-02    1.06507E-01    9.63508E-02
     6.24155E-01    1.47652E+00    1.22317E+00    2.11951E-01   -3.43530E-01    1.88233E-01    9.08993E-02    1.05634E-01    9.63323E-02
     6.27004E-01    1.46357E+00    1.21975E+00    2.14985E-01   -3.41682E-01    1.86902E-01    9.01767E-02    1.04769E-01    9.63084E-02
     6.29854E-01    1.45067E+00    1.21630E+00    2.17993E-01   -3.39821E-01    1.85580E-01    8.94540E-02    1.03912E-01    9.62791E-02
     6.32704E-01    1.43783E+00    1.21281E+00    2.20976E-01   -3.37946E-01    1.84267E-01    8.87315E-02    1.03064E-01    9.62445E-02
     6.35554E-01    1.42505E+00    1.20929E+00    2.23933E-01   -3.36060E-01    1.82963E-01    8.80091E-02    1.02225E-01    9.62047E-02
     6.38404E-01    1.41232E+00    1.20574E+00    2.26865E-01   -3.34161E-01    1.81669E-01    8.72871E-02    1.01395E-01    9.61596E-02
     6.41254E-01    1.39966E+00    1.20215E+00    2.29771E-01   -3.32251E-01    1.80384E-01    8.65654E-02    1.00573E-01    9.61095E-02
     6.44104E-01    1.38705E+00    1.19853E+00    2.32651E-01   -3.30329E-01    1.79108E-01    8.58443E-02    9.97595E-02    9.60544E-02
     6.46954E-01    1.37449E+00    1.19488E+00    2.35506E-01   -3.28397E-01    1.77841E-01    8.51238E-02    9.89546E-02    9.59944E-02
     6.49804E-01    1.36200E+00    1.19120E+00    2.38335E-01   -3.26454E-01    1.76584E-01    8.44040E-02    9.81581E-02    9.59295E-02
     6.52654E-01    1.34956E+00    1.18749E+00    2.41139E-01   -3.24500E-01    1.75336E-01    8.36850E-02    9.73700E-02    9.58598E-02
     6.55504E-01    1.33719E+00    1.18375E+00    2.43917E-01   -3.22536E-01    1.74097E-01    8.29668E-02    9.65902E-02    9.57854E-02
     6.58354E-01    1.32487E+00    1.17998E+00    2.46670E-01   -3.20563E-01    1.72868E-01    8.22497E-02    9.58188E-02    9.57063E-02
     6.61204E-01    1.31261E+00    1.17619E+00    2.49397E-01   -3.18580E-01    1.71647E-01    8.15336E-02    9.50557E-02    9.56227E-02
     6.64054E-01    1.30041E+00    1.17237E+00    2.52098E-01   -3.16588E-01    1.70437E-01    8.08187E-02    9.43008E-02    9.55347E-02
     6.66904E-01    1.28827E+00    1.16852E+00    2.54774E-01   -3.14587E-01    1.69235E-01    8.01050E-02    9.35542E-02    9.54422E-02
     6.69754E-01    1.27619E+00    1.16465E+00    2.57425E-01   -3.12578E-01    1.68044E-01    7.93927E-02    9.28156E-02    9.53454E-02
     6.72604E-01    1.26417E+00    1.16076E+00    2.60051E-01   -3.10560E-01    1.66861E-01    7.86817E-02    9.20852E-02    9.52443E-02
     6.75454E-01    1.25221E+00    1.15685E+00    2.62651E-01   -3.08535E-01    1.65688E-01    7.79723E-02    9.13629E-02    9.51391E-02
     6.78304E-01    1.24030E+00    1.15291E+00    2.65226E-01   -3.06502E-01    1.64524E-01    7.72644E-02    9.06486E-02    9.50298E-02
     6.81154E-01    1.22846E+00    1.14895E+00    2.67775E-01   -3.04461E-01    1.63370E-01    7.65581E-02    8.99423E-02    9.49165E-02
     6.84004E-01    1.21668E+00    1.14497E+00    2.70300E-01   -3.02414E-01    1.62224E-01    7.58536E-02    8.92439E-02    9.47992E-02
     6.86854E-01    1.20496E+00    1.14097E+00    2.72799E-01   -3.00360E-01    1.61089E-01    7.51508E-02    8.85533E-02    9.46780E-02
     6.89704E-01    1.19330E+00    1.13694E+00    2.75273E-01   -2.98299E-01    1.59963E-01    7.44499E-02    8.78707E-02    9.45531E-02
     6.92554E-01    1.18170E+00    1.13291E+00    2.77723E-01   -2.96233E-01    1.58846E-01    7.37509E-02    8.71958E-02    9.44245E-02
     6.95404E-01    1.17016E+00    1.12885E+00    2.80147E-01   -2.94160E-01    1.57738E-01    7.30539E-02    8.65287E-02    9.42922E-02
     6.98254E-01    1.15868E+00    1.12477E+00    2.82547E-01   -2.92082E-01    1.56640E-01    7.23589E-02    8.58692E-02    9.41564E-02
     7.01104E-01    1.14726E+00    1.12068E+00    2.84921E-01   -2.89998E-01    1.55551E-01    7.16660E-02    8.52174E-02    9.40170E-02
     7.03954E-01    1.13590E+00    1.11658E+00    2.87271E-01   -2.87910E-01    1.54472E-01    7.09754E-02    8.45732E-02    9.38743E-02
     7.06804E-01    1.12460E+00    1.11246E+00    2.89597E-01   -2.85816E-01    1.53401E-01    7.02869E-02    8.39366E-02    9.37283E-02
     7.09654E-01    1.11336E+00    1.10832E+00    2.91898E-01   -2.83718E-01    1.52341E-01    6.96008E-02    8.33074E-02    9.35790E-02
     7.12504E-01    1.10219E+00    1.10417E+00    2.94175E-01   -2.81616E-01    1.51289E-01    6.89170E-02    8.26857E-02    9.34265E-02
     7.15354E-01    1.09107E+00    1.10001E+00    2.96427E-01   -2.79510E-01    1.50247E-01    6.82355E-02    8.20714E-02    9.32709E-02
     7.18204E-01    1.08001E+00    1.09583E+00    2.98655E-01   -2.77399E-01    1.49214E-01    6.75566E-02    8.14644E-02    9.31123E-02
     7.21054E-01    1.06902E+00    1.09164E+00    3.00859E-01   -2.75286E-01    1.48190E-01    6.68801E-02    8.08647E-02    9.29507E-02
     7.23904E-01    1.05808E+00    1.08744E+00    3.03039E-01   -2.73169E-01    1.47176E-01    6.62062E-02    8.02723E-02    9.27863E-02
     7.26754E-01    1.04721E+00    1.08323E+00    3.05195E-01   -2.71049E-01    1.46171E-01    6.55349E-02    7.96870E-02    9.26190E-02
     7.29604E-01    1.03640E+00    1.07901E+00    3.07327E-01   -2.68926E-01    1.45175E-01    6.48663E-02    7.91089E-02    9.24491E-02
     7.32454E-01    1.02564E+00    1.07478E+00    3.09435E-01   -2.66800E-01    1.44188E-01    6.42003E-02    7.85379E-02    9.22764E-02
     7.35304E-01    1.01495E+00    1.07054E+00    3.11520E-01   -2.64672E-01    1.43211E-01    6.35371E-02    7.79739E-02    9.21012E-02
     7.38154E-01    1.00432E+00    1.06630E+00    3.13581E-01   -2.62542E-01    1.42242E-01    6.28766E-02    7.74169E-02    9.19235E-02
     7.41003E-01    9.93744E-01    1.06204E+00    3.15619E-01   -2.60410E-01    1.41283E-01    6.22189E-02    7.68668E-02    9.17433E-02
     7.43853E-01    9.83231E-01    1.05778E+00    3.17633E-01   -2.58277E-01    1.40333E-01    6.15641E-02    7.63236E-02    9.15608E-02
     7.46703E-01    9.72778E-01    1.05351E+00    3.19624E-01   -2.56142E-01    1.39392E-01    6.09122E-02    7.57872E-02    9.13760E-02
     7.49553E-01    9.62386E-01    1.04923E+00    3.21593E-01   -2.54005E-01    1.38461E-01    6.02632E-02    7.52576E-02    9.11889E-02
     7.52403E-01    9.52052E-01    1.04495E+00    3.23538E-01   -2.51868E-01    1.37538E-01    5.96172E-02    7.47347E-02    9.09997E-02
     7.55253E-01    9.41779E-01    1.04067E+00    3.25461E-01   -2.49729E-01    1.36624E-01    5.89742E-02    7.42184E-02    9.08085E-02
     7.58103E-01    9.31565E-01    1.03638E+00    3.27361E-01   -2.47590E-01    1.35720E-01    5.83341E-02    7.37088E-02    9.06152E-02
     7.60953E-01    9.21410E-01    1.03208E+00    3.29238E-01   -2.45451E-01    1.34824E-01    5.76972E-02    7.32057E-02    9.04199E-02
     7.63803E-01    9.11314E-01    1.02779E+00    3.31093E-01   -2.43311E-01    1.33937E-01    5.70633E-02    7.27091E-02    9.02228E-02
     7.66653E-01    9.01278E-01    1.02349E+00    3.32925E-01   -2.41171E-01    1.33060E-01    5.64325E-02    7.22190E-02    9.00239E-02
     7.69503E-01    8.91300E-01    1.01918E+00    3.34736E-01   -2.39031E-01    1.32191E-01    5.58048E-02    7.17352E-02    8.98233E-02
     7.72353E-01    8.81382E-01    1.01488E+00    3.36524E-01   -2.36892E-01    1.31331E-01    5.51803E-02    7.12578E-02    8.96210E-02
     7.75203E-01    8.71521E-01    1.01057E+00    3.38290E-01   -2.34753E-01    1.30480E-01    5.45590E-02    7.07867E-02    8.94171E-02
     7.78053E-01    8.61720E-01    1.00626E+00    3.40035E-01   -2.32614E-01    1.29638E-01    5.39409E-02    7.03219E-02    8.92117E-02
     7.80903E-01    8.51976E-01    1.00195E+00    3.41758E-01   -2.30477E-01    1.28804E-01    5.33260E-02    6.98632E-02    8.90048E-02
     7.83753E-01    8.42291E-01    9.97646E-01    3.43460E-01   -2.28340E-01    1.27980E-01    5.27143E-02    6.94107E-02    8.87965E-02
     7.86603E-01    8.32663E-01    9.93337E-01    3.45140E-01   -2.26205E-01    1.27164E-01    5.21059E-02    6.89642E-02    8.85869E-02
     7.89453E-01    8.23094E-01    9.89030E-01    3.46799E-01   -2.24071E-01    1.26357E-01    5.15008E-02    6.85238E-02    8.83760E-02
     7.92303E-01    8.13581E-01    9.84723E-01    3.48436E-01   -2.21938E-01    1.25558E-01    5.08989E-02    6.80893E-02    8.81639E-02
     7.95153E-01    8.04126E-01    9.80418E-01    3.50053E-01   -2.19807E-01    1.24768E-01    5.03004E-02    6.76607E-02    8.79507E-02
     7.98003E-01    7.94729E-01    9.76115E-01    3.51649E-01   -2.17678E-01    1.23987E-01    4.97052E-02    6.72381E-02    8.77364E-02
     8.00853E-01    7.85388E-01    9.71814E-01    3.53224E-01   -2.15551E-01    1.23214E-01    4.91133E-02    6.68212E-02    8.75210E-02
     8.03703E-01    7.76103E-01    9.67517E-01    3.54779E-01   -2.13426E-01    1.22450E-01    4.85247E-02    6.64101E-02    8.73048E-02
     8.06553E-01    7.66875E-01    9.63222E-01    3.56313E-01   -2.11303E-01    1.21695E-01    4.79395E-02    6.60048E-02    8.70876E-02
     8.09403E-01    7.57704E-01    9.58931E-01    3.57827E-01   -2.09183E-01    1.20948E-01    4.73577E-02    6.56051E-02    8.68697E-02
     8.12253E-01    7.48588E-01    9.54643E-01    3.59321E-01   -2.07065E-01    1.20209E-01    4.67793E-02    6.52110E-02    8.66509E-02
     8.15103E-01    7.39528E-01    9.50360E-01    3.60795E-01   -2.04950E-01    1.19479E-01    4.62042E-02    6.48224E-02    8.64315E-02
     8.17953E-01    7.30524E-01    9.46082E-01    3.62249E-01   -2.02837E-01    1.18758E-01    4.56325E-02    6.44394E-02    8.62114E-02
     8.20803E-01    7.21575E-01    9.41809E-01    3.63684E-01   -2.00728E-01    1.18044E-01    4.50642E-02    6.40619E-02    8.59908E-02
     8.23653E-01    7.12681E-01    9.37541E-01    3.65099E-01   -1.98621E-01    1.17339E-01    4.44993E-02    6.36897E-02    8.57696E-02
     8.26503E-01    7.03842E-01    9.33279E-01    3.66494E-01   -1.96518E-01    1.16642E-01    4.39378E-02    6.33229E-02    8.55479E-02
     8.29353E-01    6.95058E-01    9.29022E-01    3.67870E-01   -1.94418E-01    1.15954E-01    4.33797E-02    6.29615E-02    8.53259E-02
     8.32203E-01    6.86327E-01    9.24772E-01    3.69227E-01   -1.92322E-01    1.15274E-01    4.28249E-02    6.26053E-02    8.51035E-02
     8.35053E-01    6.77651E-01    9.20529E-01    3.70566E-01   -1.90229E-01    1.14602E-01    4.22736E-02    6.22543E-02    8.48808E-02
     8.37903E-01    6.69029E-01    9.16293E-01    3.71885E-01   -1.88139E-01    1.13938E-01    4.17257E-02    6.19084E-02    8.46579E-02
     8.40753E-01    6.60460E-01    9.12064E-01    3.73185E-01   -1.86054E-01    1.13282E-01    4.11812E-02    6.15677E-02    8.44348E-02
     8.43603E-01    6.51944E-01    9.07843E-01    3.74467E-01   -1.83972E-01    1.12634E-01    4.06401E-02    6.12321E-02    8.42116E-02
     8.46453E-01    6.43482E-01    9.03629E-01    3.75731E-01   -1.81895E-01    1.11994E-01    4.01024E-02    6.09014E-02    8.39883E-02
     8.49303E-01    6.35072E-01    8.99424E-01    3.76976E-01   -1.79821E-01    1.11363E-01    3.95681E-02    6.05758E-02    8.37650E-02
     8.52153E-01    6.26715E-01    8.95227E-01    3.78203E-01   -1.77752E-01    1.10739E-01    3.90372E-02    6.02551E-02    8.35417E-02
     8.55002E-01    6.18409E-01    8.91039E-01    3.79413E-01   -1.75687E-01    1.10123E-01    3.85097E-02    5.99392E-02    8.33186E-02
     8.57852E-01    6.10156E-01    8.86860E-01    3.80604E-01   -1.73626E-01    1.09515E-01    3.79855E-02    5.96282E-02    8.30956E-02
     8.60702E-01    6.01954E-01    8.82690E-01    3.81778E-01   -1.71570E-01    1.08915E-01    3.74648E-02    5.93220E-02    8.28728E-02
     8.63552E-01    5.93804E-01    8.78530E-01    3.82934E-01   -1.69518E-01    1.08323E-01    3.69473E-02    5.90205E-02    8.26502E-02
     8.66402E-01    5.85705E-01    8.74379E-01    3.84073E-01   -1.67471E-01    1.07739E-01    3.64333E-02    5.87237E-02    8.24280E-02
     8.69252E-01    5.77656E-01    8.70238E-01    3.85194E-01   -1.65429E-01    1.07162E-01    3.59226E-02    5.84315E-02    8.22061E-02
     8.72102E-01    5.69658E-01    8.66108E-01    3.86298E-01   -1.63392E-01    1.06593E-01    3.54152E-02    5.81440E-02    8.19846E-02
     8.74952E-01    5.61710E-01    8.61988E-01    3.87386E-01   -1.61360E-01    1.06031E-01    3.49112E-02    5.78610E-02    8.17636E-02
     8.77802E-01    5.53812E-01    8.57879E-01    3.88456E-01   -1.59332E-01    1.05478E-01    3.44105E-02    5.75825E-02    8.15431E-02
     8.80652E-01    5.45964E-01    8.53781E-01    3.89510E-01   -1.57310E-01    1.04932E-01    3.39131E-02    5.73086E-02    8.13232E-02
     8.83502E-01    5.38165E-01    8.49694E-01    3.90547E-01   -1.55293E-01    1.04393E-01    3.34191E-02    5.70390E-02    8.11039E-02
     8.86352E-01    5.30414E-01    8.45618E-01    3.91568E-01   -1.53281E-01    1.03862E-01    3.29283E-02    5.67738E-02    8.08852E-02
     8.89202E-01    5.22713E-01    8.41554E-01    3.92572E-01   -1.51275E-01    1.03338E-01    3.24408E-02    5.65130E-02    8.06672E-02
     8.92052E-01    5.15060E-01    8.37501E-01    3.93561E-01   -1.49273E-01    1.02822E-01    3.19565E-02    5.62564E-02    8.04500E-02
     8.94902E-01    5.07455E-01    8.33461E-01    3.94533E-01   -1.47278E-01    1.02313E-01    3.14755E-02    5.60041E-02    8.02336E-02
     8.97752E-01    4.99898E-01    8.29432E-01    3.95489E-01   -1.45287E-01    1.01812E-01    3.09977E-02    5.57561E-02    8.00180E-02
     9.00602E-01    4.92389E-01    8.25416E-01    3.96430E-01   -1.43303E-01    1.01318E-01    3.05232E-02    5.55122E-02    7.98033E-02
     9.03452E-01    4.84926E-01    8.21412E-01    3.97355E-01   -1.41324E-01    1.00831E-01    3.00519E-02    5.52724E-02    7.95896E-02
     9.06302E-01    4.77511E-01    8.17421E-01    3.98265E-01   -1.39350E-01    1.00351E-01    2.95837E-02    5.50368E-02    7.93769E-02
     9.09152E-01    4.70142E-01    8.13443E-01    3.99159E-01   -1.37383E-01    9.98791E-02    2.91188E-02    5.48052E-02    7.91651E-02
     9.12002E-01    4.62819E-01    8.09478E-01    4.00038E-01   -1.35421E-01    9.94139E-02    2.86570E-02    5.45776E-02    7.89545E-02
     9.14852E-01    4.55543E-01    8.05526E-01    4.00902E-01   -1.33465E-01    9.89559E-02    2.81983E-02    5.43539E-02    7.87450E-02
     9.17702E-01    4.48312E-01    8.01587E-01    4.01751E-01   -1.31515E-01    9.85050E-02    2.77428E-02    5.41343E-02    7.85366E-02
     9.20552E-01    4.41126E-01    7.97662E-01    4.02585E-01   -1.29571E-01    9.80611E-02    2.72903E-02    5.39185E-02    7.83295E-02
     9.23402E-01    4.33986E-01    7.93750E-01    4.03404E-01   -1.27633E-01    9.76242E-02    2.68410E-02    5.37066E-02    7.81236E-02
     9.26252E-01    4.26890E-01    7.89853E-01    4.04209E-01   -1.25702E-01    9.71943E-02    2.63947E-02    5.34984E-02    7.79190E-02
     9.29102E-01    4.19839E-01    7.85968E-01    4.04999E-01   -1.23776E-01    9.67714E-02    2.59515E-02    5.32941E-02    7.77157E-02
     9.31952E-01    4.12831E-01    7.82098E-01    4.05775E-01   -1.21856E-01    9.63553E-02    2.55113E-02    5.30936E-02    7.75138E-02
     9.34802E-01    4.05868E-01    7.78242E-01    4.06537E-01   -1.19943E-01    9.59462E-02    2.50742E-02    5.28967E-02    7.73134E-02
     9.37652E-01    3.98948E-01    7.74401E-01    4.07285E-01   -1.18036E-01    9.55438E-02    2.46400E-02    5.27035E-02    7.71143E-02
     9.40502E-01    3.92072E-01    7.70573E-01    4.08019E-01   -1.16135E-01    9.51483E-02    2.42088E-02    5.25140E-02    7.69168E-02
     9.43352E-01    3.85238E-01    7.66761E-01    4.08739E-01   -1.14240E-01    9.47595E-02    2.37806E-02    5.23280E-02    7.67209E-02
     9.46202E-01    3.78446E-01    7.62962E-01    4.09445E-01   -1.12352E-01    9.43774E-02    2.33553E-02    5.21456E-02    7.65265E-02
     9.49052E-01    3.71698E-01    7.59179E-01    4.10138E-01   -1.10471E-01    9.40020E-02    2.29329E-02    5.19668E-02    7.63338E-02
     9.51902E-01    3.64991E-01    7.55410E-01    4.10817E-01   -1.08595E-01    9.36333E-02    2.25134E-02    5.17914E-02    7.61427E-02
     9.54752E-01    3.58325E-01    7.51656E-01    4.11483E-01   -1.06727E-01    9.32712E-02    2.20967E-02    5.16196E-02    7.59533E-02
     9.57602E-01    3.51701E-01    7.47917E-01    4.12136E-01   -1.04864E-01    9.29156E-02    2.16829E-02    5.14511E-02    7.57657E-02
     9.60452E-01    3.45118E-01    7.44193E-01    4.12775E-01   -1.03009E-01    9.25666E-02    2.12720E-02    5.12861E-02    7.55798E-02
     9.63302E-01    3.38576E-01    7.40484E-01    4.13402E-01   -1.01159E-01    9.22241E-02    2.08638E-02    5.11244E-02    7.53958E-02
     9.66152E-01    3.32074E-01    7.36791E-01    4.14016E-01   -9.93168E-02    9.18880E-02    2.04584E-02    5.09660E-02    7.52136E-02
     9.69001E-01    3.25612E-01    7.33113E-01    4.14617E-01   -9.74808E-02    9.15584E-02    2.00558E-02    5.08110E-02    7.50333E-02
     9.71851E-01    3.19190E-01    7.29450E-01    4.15205E-01   -9.56515E-02    9.12352E-02    1.96559E-02    5.06592E-02    7.48550E-02
     9.74701E-01    3.12808E-01    7.25803E-01    4.15781E-01   -9.38289E-02    9.09183E-02    1.92587E-02    5.05107E-02    7.46786E-02
     9.77551E-01    3.06464E-01    7.22171E-01    4.16344E-01   -9.20130E-02    9.06078E-02    1.88643E-02    5.03654E-02    7.45042E-02
     9.80401E-01    3.00160E-01    7.18555E-01    4.16895E-01   -9.02038E-02    9.03035E-02    1.84724E-02    5.02232E-02    7.43319E-02
     9.83251E-01    2.93894E-01    7.14955E-01    4.17434E-01   -8.84014E-02    9.00055E-02    1.80832E-02    5.00843E-02    7.41617E-02
     9.86101E-01    2.87666E-01    7.11370E-01    4.17961E-01   -8.66057E-02    8.97137E-02    1.76967E-02    4.99484E-02    7.39936E-02
     9.88951E-01    2.81476E-01    7.07801E-01    4.18475E-01   -8.48168E-02    8.94281E-02    1.73127E-02    4.98156E-02    7.38276E-02
     9.91801E-01    2.75324E-01    7.04248E-01    4.18978E-01   -8.30348E-02    8.91486E-02    1.69313E-02    4.96859E-02    7.36639E-02
     9.94651E-01    2.69209E-01    7.00711E-01    4.19469E-01   -8.12595E-02    8.88753E-02    1.65524E-02    4.95592E-02    7.35024E-02
     9.97501E-01    2.63131E-01    6.97189E-01    4.19948E-01   -7.94911E-02    8.86080E-02    1.61761E-02    4.94355E-02    7.33431E-02
     1.00035E+00    2.57090E-01    6.93684E-01    4.20416E-01   -7.77296E-02    8.83467E-02    1.58022E-02    4.93148E-02    7.31861E-02
     1.00320E+00    2.51086E-01    6.90195E-01    4.20873E-01   -7.59749E-02    8.80915E-02    1.54309E-02    4.91971E-02    7.30315E-02
     1.00605E+00    2.45117E-01    6.86721E-01    4.21317E-01   -7.42272E-02    8.78423E-02    1.50619E-02    4.90823E-02    7.28793E-02
     1.00890E+00    2.39184E-01    6.83264E-01    4.21751E-01   -7.24863E-02    8.75990E-02    1.46954E-02    4.89703E-02    7.27294E-02
     1.01175E+00    2.33287E-01    6.79823E-01    4.22174E-01   -7.07524E-02    8.73616E-02    1.43313E-02    4.88613E-02    7.25820E-02
     1.01460E+00    2.27425E-01    6.76398E-01    4.22585E-01   -6.90254E-02    8.71301E-02    1.39695E-02    4.87551E-02    7.24371E-02
     1.01745E+00    2.21598E-01    6.72990E-01    4.22985E-01   -6.73054E-02    8.69044E-02    1.36101E-02    4.86517E-02    7.22947E-02
     1.02030E+00    2.15806E-01    6.69597E-01    4.23375E-01   -6.55923E-02    8.66846E-02    1.32530E-02    4.85511E-02    7.21549E-02
     1.02315E+00    2.10048E-01    6.66221E-01    4.23754E-01   -6.38862E-02    8.64705E-02    1.28982E-02    4.84533E-02    7.20176E-02
     1.02600E+00    2.04324E-01    6.62861E-01    4.24122E-01   -6.21870E-02    8.62621E-02    1.25456E-02    4.83582E-02    7.18829E-02
     1.02885E+00    1.98633E-01    6.59517E-01    4.24479E-01   -6.04949E-02    8.60595E-02    1.21953E-02    4.82659E-02    7.17509E-02
     1.03170E+00    1.92976E-01    6.56189E-01    4.24826E-01   -5.88097E-02    8.58626E-02    1.18472E-02    4.81762E-02    7.16216E-02
     1.03455E+00    1.87352E-01    6.52878E-01    4.25162E-01   -5.71316E-02    8.56713E-02    1.15013E-02    4.80893E-02    7.14950E-02
     1.03740E+00    1.81761E-01    6.49583E-01    4.25488E-01   -5.54604E-02    8.54857E-02    1.11576E-02    4.80050E-02    7.13712E-02
     1.04025E+00    1.76203E-01    6.46305E-01    4.25804E-01   -5.37963E-02    8.53056E-02    1.08160E-02    4.79233E-02    7.12501E-02
     1.04310E+00    1.70677E-01    6.43043E-01    4.26110E-01   -5.21392E-02    8.51311E-02    1.04765E-02    4.78442E-02    7.11319E-02
     1.04595E+00    1.65183E-01    6.39797E-01    4.26405E-01   -5.04891E-02    8.49621E-02    1.01391E-02    4.77677E-02    7.10165E-02
     1.04880E+00    1.59720E-01    6.36567E-01    4.26691E-01   -4.88461E-02    8.47986E-02    9.80373E-03    4.76938E-02    7.09040E-02
     1.05165E+00    1.54289E-01    6.33354E-01    4.26967E-01   -4.72101E-02    8.46406E-02    9.47041E-03    4.76224E-02    7.07944E-02
     1.05450E+00    1.48889E-01    6.30157E-01    4.27233E-01   -4.55812E-02    8.44880E-02    9.13908E-03    4.75536E-02    7.06878E-02
     1.05735E+00    1.43520E-01    6.26976E-01    4.27489E-01   -4.39593E-02    8.43409E-02    8.80974E-03    4.74872E-02    7.05842E-02
     1.06020E+00    1.38182E-01    6.23812E-01    4.27735E-01   -4.23445E-02    8.41991E-02    8.48234E-03    4.74234E-02    7.04836E-02
     1.06305E+00    1.32874E-01    6.20664E-01    4.27972E-01   -4.07367E-02    8.40626E-02    8.15688E-03    4.73620E-02    7.03860E-02
     1.06590E+00    1.27595E-01    6.17532E-01    4.28199E-01   -3.91360E-02    8.39315E-02    7.83330E-03    4.73031E-02    7.02916E-02
     1.06875E+00    1.22347E-01    6.14417E-01    4.28417E-01   -3.75424E-02    8.38057E-02    7.51161E-03    4.72465E-02    7.02002E-02
     1.07160E+00    1.17128E-01    6.11318E-01    4.28625E-01   -3.59558E-02    8.36851E-02    7.19175E-03    4.71924E-02    7.01121E-02
     1.07445E+00    1.11938E-01    6.08235E-01    4.28825E-01   -3.43763E-02    8.35697E-02    6.87372E-03    4.71407E-02    7.00271E-02
     1.07730E+00    1.06777E-01    6.05168E-01    4.29015E-01   -3.28039E-02    8.34596E-02    6.55747E-03    4.70914E-02    6.99453E-02
     1.08015E+00    1.01644E-01    6.02118E-01    4.29196E-01   -3.12385E-02    8.33547E-02    6.24300E-03    4.70444E-02    6.98669E-02
     1.08300E+00    9.65403E-02    5.99083E-01    4.29367E-01   -2.96802E-02    8.32548E-02    5.93026E-03    4.69997E-02    6.97917E-02
     1.08585E+00    9.14643E-02    5.96065E-01    4.29530E-01   -2.81290E-02    8.31602E-02    5.61924E-03    4.69574E-02    6.97198E-02
     1.08870E+00    8.64161E-02    5.93063E-01    4.29684E-01   -2.65848E-02    8.30706E-02    5.30990E-03    4.69174E-02    6.96513E-02
     1.09155E+00    8.13954E-02    5.90078E-01    4.29829E-01   -2.50478E-02    8.29860E-02    5.00222E-03    4.68796E-02    6.95862E-02
     1.09440E+00    7.64019E-02    5.87108E-01    4.29965E-01   -2.35178E-02    8.29066E-02    4.69617E-03    4.68442E-02    6.95245E-02
     1.09725E+00    7.14355E-02    5.84154E-01    4.30093E-01   -2.19949E-02    8.28321E-02    4.39173E-03    4.68110E-02    6.94663E-02
     1.10010E+00    6.64957E-02    5.81217E-01    4.30212E-01   -2.04790E-02    8.27626E-02    4.08888E-03    4.67800E-02    6.94116E-02
     1.10295E+00    6.15824E-02    5.78295E-01    4.30322E-01   -1.89703E-02    8.26981E-02    3.78757E-03    4.67513E-02    6.93605E-02
     1.10580E+00    5.66954E-02    5.75390E-01    4.30423E-01   -1.74686E-02    8.26385E-02    3.48779E-03    4.67247E-02    6.93129E-02
     1.10865E+00    5.18342E-02    5.72500E-01    4.30517E-01   -1.59740E-02    8.25838E-02    3.18952E-03    4.67004E-02    6.92689E-02
     1.11150E+00    4.69987E-02    5.69627E-01    4.30602E-01   -1.44864E-02    8.25340E-02    2.89271E-03    4.66782E-02    6.92285E-02
     1.11435E+00    4.21887E-02    5.66769E-01    4.30678E-01   -1.30060E-02    8.24891E-02    2.59736E-03    4.66583E-02    6.91918E-02
     1.11720E+00    3.74038E-02    5.63927E-01    4.30746E-01   -1.15326E-02    8.24490E-02    2.30343E-03    4.66404E-02    6.91589E-02
     1.12005E+00    3.26438E-02    5.61101E-01    4.30806E-01   -1.00663E-02    8.24137E-02    2.01089E-03    4.66247E-02    6.91296E-02
     1.12290E+00    2.79085E-02    5.58291E-01    4.30858E-01   -8.60702E-03    8.23832E-02    1.71972E-03    4.66112E-02    6.91042E-02
     1.12575E+00    2.31975E-02    5.55496E-01    4.30902E-01   -7.15484E-03    8.23574E-02    1.42990E-03    4.65998E-02    6.90825E-02
     1.12860E+00    1.85107E-02    5.52717E-01    4.30937E-01   -5.70974E-03    8.23364E-02    1.14139E-03    4.65904E-02    6.90648E-02
     1.13145E+00    1.38478E-02    5.49954E-01    4.30965E-01   -4.27170E-03    8.23201E-02    8.54173E-04    4.65832E-02    6.90509E-02
     1.13430E+00    9.20857E-03    5.47207E-01    4.30985E-01   -2.84073E-03    8.23085E-02    5.68219E-04    4.65780E-02    6.90409E-02
     1.13715E+00    4.59271E-03    5.44475E-01    4.30996E-01   -1.41683E-03    8.23015E-02    2.83504E-04    4.65750E-02    6.90349E-02
     1.14000E+00    0.00000E+00    5.41758E-01    4.31000E-01   -2.62771E-23    8.22992E-02   -2.32764E-25    4.65739E-02    6.90329E-02
