     1.00000E-05    3.37856E+00   -1.19562E-05   -4.91370E-01   -1.35281E-05    4.47036E-01    4.67458E-06    2.89634E-01    5.35246E-11
     8.38497E-03    3.37806E+00    2.23941E-02   -4.91192E-01   -1.13415E-02    4.46959E-01    3.91874E-03    2.89568E-01    3.76241E-05
     1.67599E-02    3.37656E+00    4.47390E-02   -4.90660E-01   -2.26589E-02    4.46727E-01    7.82756E-03    2.89372E-01    1.50229E-04
     2.51349E-02    3.37406E+00    6.70388E-02   -4.89774E-01   -3.39550E-02    4.46341E-01    1.17259E-02    2.89044E-01    3.37552E-04
     3.35099E-02    3.37057E+00    8.92712E-02   -4.88536E-01   -4.52195E-02    4.45802E-01    1.56085E-02    2.88587E-01    5.99157E-04
     4.18849E-02    3.36609E+00    1.11414E-01   -4.86947E-01   -5.64418E-02    4.45110E-01    1.94703E-02    2.88000E-01    9.34435E-04
     5.02599E-02    3.36062E+00    1.33445E-01   -4.85009E-01   -6.76115E-02    4.44266E-01    2.33061E-02    2.87285E-01    1.34261E-03
     5.86348E-02    3.35417E+00    1.55342E-01   -4.82725E-01   -7.87185E-02    4.43270E-01    2.71109E-02    2.86443E-01    1.82273E-03
     6.70098E-02    3.34675E+00    1.77084E-01   -4.80098E-01   -8.97524E-02    4.42125E-01    3.08797E-02    2.85474E-01    2.37369E-03
     7.53848E-02    3.33837E+00    1.98650E-01   -4.77131E-01   -1.00703E-01    4.40832E-01    3.46076E-02    2.84381E-01    2.99422E-03
     8.37598E-02    3.32903E+00    2.20018E-01   -4.73828E-01   -1.11562E-01    4.39391E-01    3.82899E-02    2.83166E-01    3.68289E-03
     9.21347E-02    3.31874E+00    2.41168E-01   -4.70193E-01   -1.22317E-01    4.37805E-01    4.19220E-02    2.81829E-01    4.43813E-03
     1.00510E-01    3.30753E+00    2.62080E-01   -4.66231E-01   -1.32961E-01    4.36076E-01    4.54992E-02    2.80374E-01    5.25821E-03
     1.08885E-01    3.29538E+00    2.82734E-01   -4.61947E-01   -1.43484E-01    4.34205E-01    4.90173E-02    2.78802E-01    6.14128E-03
     1.17260E-01    3.28234E+00    3.03111E-01   -4.57346E-01   -1.53877E-01    4.32196E-01    5.24719E-02    2.77117E-01    7.08533E-03
     1.25635E-01    3.26839E+00    3.23192E-01   -4.52435E-01   -1.64131E-01    4.30050E-01    5.58591E-02    2.75319E-01    8.08825E-03
     1.34010E-01    3.25357E+00    3.42960E-01   -4.47219E-01   -1.74238E-01    4.27769E-01    5.91748E-02    2.73413E-01    9.14781E-03
     1.42385E-01    3.23788E+00    3.62396E-01   -4.41705E-01   -1.84189E-01    4.25357E-01    6.24154E-02    2.71402E-01    1.02616E-02
     1.50760E-01    3.22134E+00    3.81484E-01   -4.35899E-01   -1.93978E-01    4.22816E-01    6.55773E-02    2.69287E-01    1.14273E-02
     1.59135E-01    3.20398E+00    4.00207E-01   -4.29809E-01   -2.03595E-01    4.20150E-01    6.86571E-02    2.67073E-01    1.26422E-02
     1.67510E-01    3.18580E+00    4.18551E-01   -4.23443E-01   -2.13034E-01    4.17360E-01    7.16517E-02    2.64762E-01    1.39038E-02
     1.75884E-01    3.16683E+00    4.36500E-01   -4.16807E-01   -2.22288E-01    4.14451E-01    7.45582E-02    2.62358E-01    1.52092E-02
     1.84259E-01    3.14708E+00    4.54040E-01   -4.09911E-01   -2.31351E-01    4.11425E-01    7.73736E-02    2.59865E-01    1.65558E-02
     1.92634E-01    3.12659E+00    4.71158E-01   -4.02761E-01   -2.40216E-01    4.08287E-01    8.00956E-02    2.57286E-01    1.79407E-02
     2.01009E-01    3.10536E+00    4.87842E-01   -3.95366E-01   -2.48877E-01    4.05038E-01    8.27217E-02    2.54624E-01    1.93610E-02
     2.09384E-01    3.08342E+00    5.04078E-01   -3.87736E-01   -2.57329E-01    4.01684E-01    8.52499E-02    2.51884E-01    2.08137E-02
     2.17759E-01    3.06079E+00    5.19857E-01   -3.79878E-01   -2.65566E-01    3.98228E-01    8.76783E-02    2.49069E-01    2.22958E-02
     2.26134E-01    3.03749E+00    5.35168E-01   -3.71802E-01   -2.73584E-01    3.94673E-01    9.00051E-02    2.46183E-01    2.38044E-02
     2.34509E-01    3.01355E+00    5.50002E-01   -3.63517E-01   -2.81378E-01    3.91023E-01    9.22289E-02    2.43230E-01    2.53365E-02
     2.42884E-01    2.98899E+00    5.64350E-01   -3.55032E-01   -2.88945E-01    3.87282E-01    9.43485E-02    2.40214E-01    2.68889E-02
     2.51259E-01    2.96384E+00    5.78204E-01   -3.46356E-01   -2.96280E-01    3.83455E-01    9.63628E-02    2.37138E-01    2.84587E-02
     2.59634E-01    2.93811E+00    5.91557E-01   -3.37499E-01   -3.03380E-01    3.79544E-01    9.82711E-02    2.34007E-01    3.00428E-02
     2.68009E-01    2.91184E+00    6.04404E-01   -3.28469E-01   -3.10242E-01    3.75554E-01    1.00073E-01    2.30825E-01    3.16383E-02
     2.76384E-01    2.88504E+00    6.16739E-01   -3.19278E-01   -3.16864E-01    3.71490E-01    1.01767E-01    2.27596E-01    3.32421E-02
     2.84759E-01    2.85774E+00    6.28558E-01   -3.09934E-01   -3.23244E-01    3.67354E-01    1.03355E-01    2.24323E-01    3.48513E-02
     2.93134E-01    2.82998E+00    6.39856E-01   -3.00446E-01   -3.29378E-01    3.63151E-01    1.04835E-01    2.21011E-01    3.64630E-02
     3.01509E-01    2.80176E+00    6.50632E-01   -2.90825E-01   -3.35267E-01    3.58886E-01    1.06208E-01    2.17664E-01    3.80744E-02
     3.09884E-01    2.77312E+00    6.60883E-01   -2.81080E-01   -3.40908E-01    3.54562E-01    1.07475E-01    2.14284E-01    3.96826E-02
     3.18259E-01    2.74409E+00    6.70607E-01   -2.71220E-01   -3.46301E-01    3.50184E-01    1.08636E-01    2.10878E-01    4.12848E-02
     3.26634E-01    2.71468E+00    6.79806E-01   -2.61256E-01   -3.51446E-01    3.45755E-01    1.09692E-01    2.07447E-01    4.28785E-02
     3.35009E-01    2.68493E+00    6.88478E-01   -2.51196E-01   -3.56341E-01    3.41279E-01    1.10643E-01    2.03996E-01    4.44609E-02
     3.43384E-01    2.65485E+00    6.96625E-01   -2.41050E-01   -3.60988E-01    3.36761E-01    1.11492E-01    2.00528E-01    4.60295E-02
     3.51759E-01    2.62448E+00    7.04249E-01   -2.30828E-01   -3.65387E-01    3.32205E-01    1.12238E-01    1.97048E-01    4.75820E-02
     3.60134E-01    2.59384E+00    7.11353E-01   -2.20538E-01   -3.69539E-01    3.27614E-01    1.12885E-01    1.93558E-01    4.91159E-02
     3.68509E-01    2.56295E+00    7.17939E-01   -2.10189E-01   -3.73444E-01    3.22993E-01    1.13433E-01    1.90062E-01    5.06289E-02
     3.76884E-01    2.53184E+00    7.24011E-01   -1.99791E-01   -3.77104E-01    3.18345E-01    1.13883E-01    1.86564E-01    5.21189E-02
     3.85259E-01    2.50054E+00    7.29575E-01   -1.89353E-01   -3.80521E-01    3.13675E-01    1.14239E-01    1.83066E-01    5.35838E-02
     3.93634E-01    2.46906E+00    7.34636E-01   -1.78883E-01   -3.83697E-01    3.08986E-01    1.14501E-01    1.79572E-01    5.50216E-02
     4.02009E-01    2.43743E+00    7.39198E-01   -1.68390E-01   -3.86633E-01    3.04281E-01    1.14672E-01    1.76085E-01    5.64304E-02
     4.10384E-01    2.40567E+00    7.43269E-01   -1.57882E-01   -3.89333E-01    2.99565E-01    1.14755E-01    1.72608E-01    5.78085E-02
     4.18759E-01    2.37382E+00    7.46856E-01   -1.47368E-01   -3.91799E-01    2.94840E-01    1.14750E-01    1.69144E-01    5.91542E-02
     4.27134E-01    2.34188E+00    7.49966E-01   -1.36855E-01   -3.94035E-01    2.90111E-01    1.14662E-01    1.65696E-01    6.04658E-02
     4.35509E-01    2.30988E+00    7.52607E-01   -1.26351E-01   -3.96042E-01    2.85381E-01    1.14491E-01    1.62266E-01    6.17421E-02
     4.43884E-01    2.27785E+00    7.54788E-01   -1.15865E-01   -3.97825E-01    2.80653E-01    1.14242E-01    1.58856E-01    6.29815E-02
     4.52259E-01    2.24580E+00    7.56517E-01   -1.05404E-01   -3.99387E-01    2.75931E-01    1.13915E-01    1.55470E-01    6.41830E-02
     4.60634E-01    2.21376E+00    7.57804E-01   -9.49740E-02   -4.00733E-01    2.71217E-01    1.13515E-01    1.52109E-01    6.53453E-02
     4.69009E-01    2.18174E+00    7.58659E-01   -8.45832E-02   -4.01865E-01    2.66514E-01    1.13043E-01    1.48777E-01    6.64674E-02
     4.77384E-01    2.14977E+00    7.59091E-01   -7.42382E-02   -4.02789E-01    2.61827E-01    1.12502E-01    1.45474E-01    6.75485E-02
     4.85759E-01    2.11786E+00    7.59111E-01   -6.39456E-02   -4.03509E-01    2.57157E-01    1.11895E-01    1.42203E-01    6.85877E-02
     4.94134E-01    2.08603E+00    7.58729E-01   -5.37116E-02   -4.04028E-01    2.52507E-01    1.11225E-01    1.38966E-01    6.95844E-02
     5.02509E-01    2.05431E+00    7.57958E-01   -4.35425E-02   -4.04352E-01    2.47880E-01    1.10494E-01    1.35764E-01    7.05378E-02
     5.10883E-01    2.02270E+00    7.56807E-01   -3.34440E-02   -4.04486E-01    2.43278E-01    1.09706E-01    1.32599E-01    7.14476E-02
     5.19258E-01    1.99123E+00    7.55288E-01   -2.34218E-02   -4.04434E-01    2.38705E-01    1.08863E-01    1.29473E-01    7.23133E-02
     5.27633E-01    1.95991E+00    7.53413E-01   -1.34812E-02   -4.04202E-01    2.34162E-01    1.07968E-01    1.26387E-01    7.31346E-02
     5.36008E-01    1.92876E+00    7.51193E-01   -3.62732E-03   -4.03794E-01    2.29651E-01    1.07023E-01    1.23343E-01    7.39114E-02
     5.44383E-01    1.89778E+00    7.48640E-01    6.13495E-03   -4.03215E-01    2.25175E-01    1.06031E-01    1.20341E-01    7.46434E-02
     5.52758E-01    1.86701E+00    7.45767E-01    1.58010E-02   -4.02471E-01    2.20736E-01    1.04996E-01    1.17382E-01    7.53307E-02
     5.61133E-01    1.83644E+00    7.42584E-01    2.53666E-02   -4.01568E-01    2.16336E-01    1.03919E-01    1.14469E-01    7.59733E-02
     5.69508E-01    1.80609E+00    7.39105E-01    3.48277E-02   -4.00509E-01    2.11976E-01    1.02803E-01    1.11601E-01    7.65713E-02
     5.77883E-01    1.77598E+00    7.35340E-01    4.41803E-02   -3.99302E-01    2.07659E-01    1.01652E-01    1.08779E-01    7.71250E-02
     5.86258E-01    1.74611E+00    7.31303E-01    5.34211E-02   -3.97951E-01    2.03385E-01    1.00467E-01    1.06004E-01    7.76346E-02
     5.94633E-01    1.71650E+00    7.27005E-01    6.25466E-02   -3.96461E-01    1.99157E-01    9.92509E-02    1.03277E-01    7.81005E-02
     6.03008E-01    1.68715E+00    7.22458E-01    7.15538E-02   -3.94839E-01    1.94977E-01    9.80065E-02    1.00598E-01    7.85230E-02
     6.11383E-01    1.65809E+00    7.17673E-01    8.04400E-02   -3.93089E-01    1.90844E-01    9.67360E-02    9.79681E-02    7.89028E-02
     6.19758E-01    1.62931E+00    7.12664E-01    8.92026E-02   -3.91216E-01    1.86761E-01    9.54418E-02    9.53867E-02    7.92402E-02
     6.28133E-01    1.60082E+00    7.07440E-01    9.78392E-02   -3.89228E-01    1.82728E-01    9.41262E-02    9.28545E-02    7.95360E-02
     6.36508E-01    1.57263E+00    7.02014E-01    1.06348E-01   -3.87127E-01    1.78747E-01    9.27914E-02    9.03717E-02    7.97907E-02
     6.44883E-01    1.54476E+00    6.96397E-01    1.14727E-01   -3.84921E-01    1.74819E-01    9.14395E-02    8.79383E-02    8.00050E-02
     6.53258E-01    1.51720E+00    6.90600E-01    1.22974E-01   -3.82613E-01    1.70945E-01    9.00728E-02    8.55545E-02    8.01797E-02
     6.61633E-01    1.48996E+00    6.84634E-01    1.31089E-01   -3.80210E-01    1.67125E-01    8.86932E-02    8.32202E-02    8.03156E-02
     6.70008E-01    1.46305E+00    6.78510E-01    1.39070E-01   -3.77716E-01    1.63360E-01    8.73027E-02    8.09352E-02    8.04134E-02
     6.78383E-01    1.43647E+00    6.72239E-01    1.46916E-01   -3.75136E-01    1.59650E-01    8.59033E-02    7.86996E-02    8.04741E-02
     6.86758E-01    1.41023E+00    6.65830E-01    1.54626E-01   -3.72476E-01    1.55997E-01    8.44966E-02    7.65130E-02    8.04984E-02
     6.95133E-01    1.38433E+00    6.59294E-01    1.62200E-01   -3.69740E-01    1.52401E-01    8.30846E-02    7.43752E-02    8.04873E-02
     7.03508E-01    1.35877E+00    6.52641E-01    1.69638E-01   -3.66933E-01    1.48861E-01    8.16688E-02    7.22858E-02    8.04417E-02
     7.11883E-01    1.33356E+00    6.45880E-01    1.76938E-01   -3.64059E-01    1.45379E-01    8.02510E-02    7.02446E-02    8.03626E-02
     7.20258E-01    1.30871E+00    6.39021E-01    1.84102E-01   -3.61123E-01    1.41955E-01    7.88326E-02    6.82511E-02    8.02510E-02
     7.28633E-01    1.28420E+00    6.32073E-01    1.91130E-01   -3.58130E-01    1.38588E-01    7.74151E-02    6.63049E-02    8.01077E-02
     7.37008E-01    1.26005E+00    6.25044E-01    1.98020E-01   -3.55084E-01    1.35279E-01    7.60000E-02    6.44055E-02    7.99338E-02
     7.45383E-01    1.23625E+00    6.17944E-01    2.04776E-01   -3.51989E-01    1.32028E-01    7.45885E-02    6.25523E-02    7.97303E-02
     7.53758E-01    1.21281E+00    6.10780E-01    2.11395E-01   -3.48849E-01    1.28836E-01    7.31820E-02    6.07449E-02    7.94982E-02
     7.62133E-01    1.18973E+00    6.03560E-01    2.17881E-01   -3.45668E-01    1.25701E-01    7.17817E-02    5.89825E-02    7.92386E-02
     7.70508E-01    1.16700E+00    5.96293E-01    2.24232E-01   -3.42451E-01    1.22624E-01    7.03886E-02    5.72648E-02    7.89523E-02
     7.78883E-01    1.14463E+00    5.88986E-01    2.30451E-01   -3.39199E-01    1.19604E-01    6.90040E-02    5.55909E-02    7.86405E-02
     7.87258E-01    1.12262E+00    5.81645E-01    2.36538E-01   -3.35919E-01    1.16642E-01    6.76286E-02    5.39602E-02    7.83041E-02
     7.95633E-01    1.10096E+00    5.74279E-01    2.42495E-01   -3.32612E-01    1.13737E-01    6.62636E-02    5.23721E-02    7.79441E-02
     8.04008E-01    1.07965E+00    5.66892E-01    2.48322E-01   -3.29282E-01    1.10888E-01    6.49098E-02    5.08259E-02    7.75616E-02
     8.12383E-01    1.05870E+00    5.59493E-01    2.54021E-01   -3.25932E-01    1.08096E-01    6.35681E-02    4.93208E-02    7.71574E-02
     8.20758E-01    1.03809E+00    5.52086E-01    2.59595E-01   -3.22566E-01    1.05361E-01    6.22391E-02    4.78562E-02    7.67327E-02
     8.29133E-01    1.01784E+00    5.44678E-01    2.65043E-01   -3.19187E-01    1.02680E-01    6.09237E-02    4.64313E-02    7.62883E-02
     8.37508E-01    9.97930E-01    5.37274E-01    2.70368E-01   -3.15796E-01    1.00055E-01    5.96224E-02    4.50453E-02    7.58252E-02
     8.45882E-01    9.78366E-01    5.29880E-01    2.75571E-01   -3.12398E-01    9.74849E-02    5.83359E-02    4.36975E-02    7.53444E-02
     8.54257E-01    9.59143E-01    5.22500E-01    2.80654E-01   -3.08994E-01    9.49686E-02    5.70647E-02    4.23872E-02    7.48468E-02
     8.62632E-01    9.40260E-01    5.15139E-01    2.85619E-01   -3.05588E-01    9.25060E-02    5.58094E-02    4.11136E-02    7.43332E-02
     8.71007E-01    9.21712E-01    5.07803E-01    2.90467E-01   -3.02181E-01    9.00963E-02    5.45704E-02    3.98759E-02    7.38046E-02
     8.79382E-01    9.03496E-01    5.00495E-01    2.95201E-01   -2.98776E-01    8.77390E-02    5.33481E-02    3.86734E-02    7.32619E-02
     8.87757E-01    8.85610E-01    4.93219E-01    2.99822E-01   -2.95375E-01    8.54334E-02    5.21429E-02    3.75053E-02    7.27058E-02
     8.96132E-01    8.68050E-01    4.85979E-01    3.04332E-01   -2.91979E-01    8.31790E-02    5.09551E-02    3.63708E-02    7.21373E-02
     9.04507E-01    8.50812E-01    4.78779E-01    3.08733E-01   -2.88592E-01    8.09751E-02    4.97850E-02    3.52692E-02    7.15572E-02
     9.12882E-01    8.33893E-01    4.71622E-01    3.13027E-01   -2.85215E-01    7.88209E-02    4.86329E-02    3.41997E-02    7.09662E-02
     9.21257E-01    8.17289E-01    4.64511E-01    3.17216E-01   -2.81849E-01    7.67158E-02    4.74990E-02    3.31616E-02    7.03651E-02
     9.29632E-01    8.00996E-01    4.57450E-01    3.21301E-01   -2.78496E-01    7.46591E-02    4.63834E-02    3.21541E-02    6.97547E-02
     9.38007E-01    7.85010E-01    4.50441E-01    3.25285E-01   -2.75158E-01    7.26501E-02    4.52863E-02    3.11764E-02    6.91357E-02
     9.46382E-01    7.69327E-01    4.43487E-01    3.29170E-01   -2.71836E-01    7.06879E-02    4.42079E-02    3.02279E-02    6.85088E-02
     9.54757E-01    7.53943E-01    4.36591E-01    3.32958E-01   -2.68532E-01    6.87720E-02    4.31482E-02    2.93079E-02    6.78748E-02
     9.63132E-01    7.38855E-01    4.29753E-01    3.36650E-01   -2.65246E-01    6.69015E-02    4.21073E-02    2.84155E-02    6.72343E-02
     9.71507E-01    7.24057E-01    4.22978E-01    3.40249E-01   -2.61981E-01    6.50757E-02    4.10851E-02    2.75500E-02    6.65878E-02
     9.79882E-01    7.09545E-01    4.16266E-01    3.43757E-01   -2.58737E-01    6.32938E-02    4.00818E-02    2.67109E-02    6.59362E-02
     9.88257E-01    6.95316E-01    4.09619E-01    3.47174E-01   -2.55515E-01    6.15552E-02    3.90973E-02    2.58974E-02    6.52799E-02
     9.96632E-01    6.81365E-01    4.03039E-01    3.50505E-01   -2.52316E-01    5.98589E-02    3.81315E-02    2.51087E-02    6.46196E-02
     1.00501E+00    6.67687E-01    3.96528E-01    3.53749E-01   -2.49141E-01    5.82042E-02    3.71845E-02    2.43444E-02    6.39558E-02
     1.01338E+00    6.54279E-01    3.90086E-01    3.56910E-01   -2.45991E-01    5.65905E-02    3.62561E-02    2.36036E-02    6.32890E-02
     1.02176E+00    6.41137E-01    3.83715E-01    3.59988E-01   -2.42867E-01    5.50169E-02    3.53462E-02    2.28857E-02    6.26199E-02
     1.03013E+00    6.28254E-01    3.77416E-01    3.62987E-01   -2.39770E-01    5.34826E-02    3.44547E-02    2.21902E-02    6.19488E-02
     1.03851E+00    6.15629E-01    3.71191E-01    3.65907E-01   -2.36699E-01    5.19869E-02    3.35815E-02    2.15163E-02    6.12763E-02
     1.04688E+00    6.03255E-01    3.65039E-01    3.68751E-01   -2.33656E-01    5.05290E-02    3.27265E-02    2.08635E-02    6.06028E-02
     1.05526E+00    5.91130E-01    3.58961E-01    3.71520E-01   -2.30641E-01    4.91083E-02    3.18894E-02    2.02312E-02    5.99288E-02
     1.06363E+00    5.79248E-01    3.52959E-01    3.74216E-01   -2.27655E-01    4.77238E-02    3.10702E-02    1.96188E-02    5.92547E-02
     1.07201E+00    5.67605E-01    3.47032E-01    3.76840E-01   -2.24697E-01    4.63750E-02    3.02686E-02    1.90257E-02    5.85809E-02
     1.08038E+00    5.56197E-01    3.41181E-01    3.79395E-01   -2.21770E-01    4.50610E-02    2.94845E-02    1.84513E-02    5.79078E-02
     1.08876E+00    5.45021E-01    3.35407E-01    3.81883E-01   -2.18872E-01    4.37811E-02    2.87176E-02    1.78951E-02    5.72358E-02
     1.09713E+00    5.34071E-01    3.29709E-01    3.84304E-01   -2.16004E-01    4.25346E-02    2.79677E-02    1.73567E-02    5.65651E-02
     1.10551E+00    5.23344E-01    3.24089E-01    3.86660E-01   -2.13166E-01    4.13207E-02    2.72347E-02    1.68353E-02    5.58963E-02
     1.11388E+00    5.12835E-01    3.18545E-01    3.88954E-01   -2.10359E-01    4.01389E-02    2.65183E-02    1.63306E-02    5.52295E-02
     1.12226E+00    5.02541E-01    3.13078E-01    3.91186E-01   -2.07583E-01    3.89882E-02    2.58182E-02    1.58420E-02    5.45650E-02
     1.13063E+00    4.92457E-01    3.07688E-01    3.93358E-01   -2.04837E-01    3.78682E-02    2.51343E-02    1.53691E-02    5.39033E-02
     1.13901E+00    4.82580E-01    3.02375E-01    3.95472E-01   -2.02123E-01    3.67780E-02    2.44662E-02    1.49114E-02    5.32445E-02
     1.14738E+00    4.72905E-01    2.97138E-01    3.97529E-01   -1.99440E-01    3.57169E-02    2.38138E-02    1.44683E-02    5.25888E-02
     1.15576E+00    4.63429E-01    2.91978E-01    3.99530E-01   -1.96787E-01    3.46844E-02    2.31768E-02    1.40395E-02    5.19366E-02
     1.16413E+00    4.54147E-01    2.86893E-01    4.01477E-01   -1.94166E-01    3.36798E-02    2.25550E-02    1.36246E-02    5.12881E-02
     1.17251E+00    4.45057E-01    2.81885E-01    4.03372E-01   -1.91576E-01    3.27024E-02    2.19480E-02    1.32230E-02    5.06434E-02
     1.18088E+00    4.36154E-01    2.76952E-01    4.05215E-01   -1.89017E-01    3.17515E-02    2.13557E-02    1.28344E-02    5.00029E-02
     1.18926E+00    4.27435E-01    2.72094E-01    4.07008E-01   -1.86489E-01    3.08266E-02    2.07777E-02    1.24583E-02    4.93666E-02
     1.19763E+00    4.18896E-01    2.67310E-01    4.08753E-01   -1.83992E-01    2.99270E-02    2.02139E-02    1.20945E-02    4.87348E-02
     1.20601E+00    4.10533E-01    2.62600E-01    4.10450E-01   -1.81526E-01    2.90522E-02    1.96639E-02    1.17424E-02    4.81075E-02
     1.21438E+00    4.02343E-01    2.57964E-01    4.12101E-01   -1.79090E-01    2.82014E-02    1.91275E-02    1.14018E-02    4.74851E-02
     1.22276E+00    3.94323E-01    2.53400E-01    4.13707E-01   -1.76686E-01    2.73741E-02    1.86044E-02    1.10722E-02    4.68676E-02
     1.23113E+00    3.86468E-01    2.48909E-01    4.15270E-01   -1.74311E-01    2.65698E-02    1.80945E-02    1.07533E-02    4.62551E-02
     1.23951E+00    3.78777E-01    2.44490E-01    4.16789E-01   -1.71967E-01    2.57879E-02    1.75973E-02    1.04448E-02    4.56479E-02
     1.24788E+00    3.71244E-01    2.40141E-01    4.18268E-01   -1.69653E-01    2.50278E-02    1.71128E-02    1.01463E-02    4.50459E-02
     1.25626E+00    3.63868E-01    2.35863E-01    4.19706E-01   -1.67369E-01    2.42890E-02    1.66405E-02    9.85748E-03    4.44493E-02
     1.26463E+00    3.56645E-01    2.31654E-01    4.21104E-01   -1.65115E-01    2.35709E-02    1.61803E-02    9.57809E-03    4.38582E-02
     1.27301E+00    3.49571E-01    2.27515E-01    4.22464E-01   -1.62890E-01    2.28730E-02    1.57319E-02    9.30779E-03    4.32727E-02
     1.28138E+00    3.42644E-01    2.23443E-01    4.23788E-01   -1.60695E-01    2.21948E-02    1.52950E-02    9.04629E-03    4.26928E-02
     1.28976E+00    3.35861E-01    2.19439E-01    4.25074E-01   -1.58528E-01    2.15357E-02    1.48695E-02    8.79330E-03    4.21187E-02
     1.29813E+00    3.29218E-01    2.15501E-01    4.26326E-01   -1.56391E-01    2.08954E-02    1.44550E-02    8.54854E-03    4.15504E-02
     1.30651E+00    3.22713E-01    2.11630E-01    4.27544E-01   -1.54282E-01    2.02733E-02    1.40513E-02    8.31174E-03    4.09879E-02
     1.31488E+00    3.16343E-01    2.07823E-01    4.28728E-01   -1.52201E-01    1.96689E-02    1.36582E-02    8.08266E-03    4.04314E-02
     1.32326E+00    3.10105E-01    2.04081E-01    4.29879E-01   -1.50148E-01    1.90818E-02    1.32754E-02    7.86102E-03    3.98807E-02
     1.33163E+00    3.03997E-01    2.00402E-01    4.30999E-01   -1.48123E-01    1.85115E-02    1.29028E-02    7.64659E-03    3.93361E-02
     1.34001E+00    2.98015E-01    1.96786E-01    4.32089E-01   -1.46126E-01    1.79575E-02    1.25400E-02    7.43913E-03    3.87975E-02
     1.34838E+00    2.92157E-01    1.93232E-01    4.33148E-01   -1.44155E-01    1.74195E-02    1.21868E-02    7.23841E-03    3.82649E-02
     1.35676E+00    2.86420E-01    1.89738E-01    4.34179E-01   -1.42212E-01    1.68970E-02    1.18431E-02    7.04420E-03    3.77384E-02
     1.36513E+00    2.80802E-01    1.86305E-01    4.35181E-01   -1.40295E-01    1.63896E-02    1.15086E-02    6.85630E-03    3.72179E-02
     1.37351E+00    2.75300E-01    1.82932E-01    4.36155E-01   -1.38405E-01    1.58969E-02    1.11831E-02    6.67449E-03    3.67035E-02
     1.38188E+00    2.69912E-01    1.79617E-01    4.37103E-01   -1.36540E-01    1.54185E-02    1.08663E-02    6.49857E-03    3.61953E-02
     1.39026E+00    2.64636E-01    1.76359E-01    4.38025E-01   -1.34701E-01    1.49540E-02    1.05581E-02    6.32835E-03    3.56931E-02
     1.39863E+00    2.59468E-01    1.73159E-01    4.38922E-01   -1.32888E-01    1.45030E-02    1.02582E-02    6.16363E-03    3.51969E-02
     1.40701E+00    2.54407E-01    1.70015E-01    4.39794E-01   -1.31100E-01    1.40651E-02    9.96652E-03    6.00423E-03    3.47069E-02
     1.41538E+00    2.49451E-01    1.66926E-01    4.40643E-01   -1.29336E-01    1.36401E-02    9.68275E-03    5.84998E-03    3.42229E-02
     1.42376E+00    2.44597E-01    1.63891E-01    4.41468E-01   -1.27597E-01    1.32275E-02    9.40673E-03    5.70070E-03    3.37450E-02
     1.43213E+00    2.39843E-01    1.60910E-01    4.42270E-01   -1.25883E-01    1.28270E-02    9.13827E-03    5.55623E-03    3.32731E-02
     1.44051E+00    2.35187E-01    1.57982E-01    4.43051E-01   -1.24192E-01    1.24383E-02    8.87718E-03    5.41640E-03    3.28072E-02
     1.44888E+00    2.30626E-01    1.55106E-01    4.43810E-01   -1.22525E-01    1.20610E-02    8.62328E-03    5.28107E-03    3.23473E-02
     1.45726E+00    2.26160E-01    1.52281E-01    4.44548E-01   -1.20881E-01    1.16948E-02    8.37637E-03    5.15007E-03    3.18933E-02
     1.46563E+00    2.21785E-01    1.49506E-01    4.45266E-01   -1.19260E-01    1.13394E-02    8.13629E-03    5.02327E-03    3.14453E-02
     1.47401E+00    2.17500E-01    1.46781E-01    4.45965E-01   -1.17661E-01    1.09945E-02    7.90287E-03    4.90052E-03    3.10032E-02
     1.48238E+00    2.13304E-01    1.44105E-01    4.46644E-01   -1.16085E-01    1.06599E-02    7.67592E-03    4.78170E-03    3.05669E-02
     1.49076E+00    2.09193E-01    1.41477E-01    4.47305E-01   -1.14531E-01    1.03352E-02    7.45529E-03    4.66665E-03    3.01364E-02
     1.49913E+00    2.05166E-01    1.38896E-01    4.47948E-01   -1.12999E-01    1.00201E-02    7.24080E-03    4.55527E-03    2.97117E-02
     1.50751E+00    2.01222E-01    1.36361E-01    4.48573E-01   -1.11489E-01    9.71437E-03    7.03231E-03    4.44743E-03    2.92928E-02
     1.51588E+00    1.97358E-01    1.33873E-01    4.49181E-01   -1.09999E-01    9.41775E-03    6.82965E-03    4.34300E-03    2.88796E-02
     1.52426E+00    1.93574E-01    1.31429E-01    4.49773E-01   -1.08531E-01    9.12999E-03    6.63267E-03    4.24187E-03    2.84720E-02
     1.53263E+00    1.89866E-01    1.29029E-01    4.50348E-01   -1.07083E-01    8.85081E-03    6.44122E-03    4.14394E-03    2.80700E-02
     1.54101E+00    1.86235E-01    1.26673E-01    4.50908E-01   -1.05655E-01    8.57998E-03    6.25515E-03    4.04909E-03    2.76736E-02
     1.54938E+00    1.82677E-01    1.24360E-01    4.51453E-01   -1.04247E-01    8.31725E-03    6.07433E-03    3.95722E-03    2.72827E-02
     1.55776E+00    1.79192E-01    1.22088E-01    4.51982E-01   -1.02859E-01    8.06240E-03    5.89861E-03    3.86824E-03    2.68972E-02
     1.56613E+00    1.75777E-01    1.19858E-01    4.52498E-01   -1.01491E-01    7.81520E-03    5.72785E-03    3.78204E-03    2.65172E-02
     1.57451E+00    1.72432E-01    1.17669E-01    4.52999E-01   -1.00141E-01    7.57542E-03    5.56193E-03    3.69853E-03    2.61425E-02
     1.58288E+00    1.69155E-01    1.15519E-01    4.53487E-01   -9.88108E-02    7.34285E-03    5.40071E-03    3.61761E-03    2.57731E-02
     1.59126E+00    1.65944E-01    1.13408E-01    4.53961E-01   -9.74989E-02    7.11729E-03    5.24406E-03    3.53922E-03    2.54090E-02
     1.59963E+00    1.62799E-01    1.11337E-01    4.54423E-01   -9.62053E-02    6.89852E-03    5.09187E-03    3.46325E-03    2.50501E-02
     1.60801E+00    1.59717E-01    1.09303E-01    4.54872E-01   -9.49298E-02    6.68636E-03    4.94401E-03    3.38963E-03    2.46963E-02
     1.61638E+00    1.56697E-01    1.07306E-01    4.55309E-01   -9.36720E-02    6.48060E-03    4.80036E-03    3.31827E-03    2.43476E-02
     1.62476E+00    1.53738E-01    1.05345E-01    4.55734E-01   -9.24318E-02    6.28106E-03    4.66081E-03    3.24911E-03    2.40039E-02
     1.63313E+00    1.50839E-01    1.03421E-01    4.56147E-01   -9.12089E-02    6.08756E-03    4.52524E-03    3.18207E-03    2.36652E-02
     1.64151E+00    1.47999E-01    1.01532E-01    4.56550E-01   -9.00030E-02    5.89993E-03    4.39355E-03    3.11708E-03    2.33314E-02
     1.64988E+00    1.45215E-01    9.96771E-02    4.56941E-01   -8.88138E-02    5.71798E-03    4.26563E-03    3.05407E-03    2.30025E-02
     1.65826E+00    1.42488E-01    9.78566E-02    4.57322E-01   -8.76411E-02    5.54156E-03    4.14138E-03    2.99297E-03    2.26784E-02
     1.66663E+00    1.39815E-01    9.60695E-02    4.57693E-01   -8.64847E-02    5.37049E-03    4.02069E-03    2.93372E-03    2.23591E-02
     1.67501E+00    1.37196E-01    9.43152E-02    4.58054E-01   -8.53442E-02    5.20463E-03    3.90346E-03    2.87626E-03    2.20444E-02
     1.68338E+00    1.34630E-01    9.25931E-02    4.58405E-01   -8.42196E-02    5.04381E-03    3.78961E-03    2.82053E-03    2.17344E-02
     1.69175E+00    1.32115E-01    9.09026E-02    4.58746E-01   -8.31104E-02    4.88789E-03    3.67903E-03    2.76646E-03    2.14289E-02
     1.70013E+00    1.29650E-01    8.92433E-02    4.59078E-01   -8.20166E-02    4.73673E-03    3.57163E-03    2.71402E-03    2.11280E-02
     1.70850E+00    1.27234E-01    8.76144E-02    4.59402E-01   -8.09378E-02    4.59017E-03    3.46733E-03    2.66313E-03    2.08315E-02
     1.71688E+00    1.24867E-01    8.60155E-02    4.59717E-01   -7.98738E-02    4.44810E-03    3.36604E-03    2.61376E-03    2.05394E-02
     1.72525E+00    1.22547E-01    8.44460E-02    4.60023E-01   -7.88244E-02    4.31036E-03    3.26767E-03    2.56585E-03    2.02517E-02
     1.73363E+00    1.20273E-01    8.29054E-02    4.60321E-01   -7.77894E-02    4.17683E-03    3.17214E-03    2.51934E-03    1.99683E-02
     1.74200E+00    1.18045E-01    8.13932E-02    4.60611E-01   -7.67685E-02    4.04739E-03    3.07938E-03    2.47421E-03    1.96891E-02
     1.75038E+00    1.15860E-01    7.99087E-02    4.60893E-01   -7.57616E-02    3.92192E-03    2.98930E-03    2.43039E-03    1.94140E-02
     1.75875E+00    1.13719E-01    7.84516E-02    4.61168E-01   -7.47683E-02    3.80029E-03    2.90183E-03    2.38785E-03    1.91431E-02
     1.76713E+00    1.11621E-01    7.70213E-02    4.61435E-01   -7.37886E-02    3.68238E-03    2.81689E-03    2.34654E-03    1.88763E-02
     1.77550E+00    1.09564E-01    7.56173E-02    4.61696E-01   -7.28222E-02    3.56810E-03    2.73441E-03    2.30643E-03    1.86134E-02
     1.78388E+00    1.07548E-01    7.42392E-02    4.61949E-01   -7.18689E-02    3.45733E-03    2.65433E-03    2.26747E-03    1.83546E-02
     1.79225E+00    1.05572E-01    7.28864E-02    4.62195E-01   -7.09284E-02    3.34996E-03    2.57657E-03    2.22963E-03    1.80996E-02
     1.80063E+00    1.03634E-01    7.15586E-02    4.62435E-01   -7.00007E-02    3.24589E-03    2.50107E-03    2.19287E-03    1.78484E-02
     1.80900E+00    1.01735E-01    7.02551E-02    4.62669E-01   -6.90854E-02    3.14502E-03    2.42776E-03    2.15715E-03    1.76011E-02
     1.81738E+00    9.98736E-02    6.89757E-02    4.62896E-01   -6.81825E-02    3.04726E-03    2.35658E-03    2.12245E-03    1.73575E-02
     1.82575E+00    9.80487E-02    6.77197E-02    4.63118E-01   -6.72916E-02    2.95251E-03    2.28748E-03    2.08873E-03    1.71175E-02
     1.83413E+00    9.62597E-02    6.64869E-02    4.63333E-01   -6.64127E-02    2.86068E-03    2.22039E-03    2.05595E-03    1.68812E-02
     1.84250E+00    9.45058E-02    6.52767E-02    4.63543E-01   -6.55455E-02    2.77169E-03    2.15524E-03    2.02409E-03    1.66485E-02
     1.85088E+00    9.27864E-02    6.40888E-02    4.63747E-01   -6.46899E-02    2.68543E-03    2.09200E-03    1.99311E-03    1.64193E-02
     1.85925E+00    9.11007E-02    6.29227E-02    4.63946E-01   -6.38456E-02    2.60185E-03    2.03060E-03    1.96299E-03    1.61936E-02
     1.86763E+00    8.94481E-02    6.17781E-02    4.64139E-01   -6.30125E-02    2.52084E-03    1.97099E-03    1.93370E-03    1.59713E-02
     1.87600E+00    8.78277E-02    6.06544E-02    4.64328E-01   -6.21904E-02    2.44234E-03    1.91312E-03    1.90522E-03    1.57524E-02
     1.88438E+00    8.62391E-02    5.95514E-02    4.64511E-01   -6.13792E-02    2.36626E-03    1.85694E-03    1.87752E-03    1.55367E-02
     1.89275E+00    8.46816E-02    5.84686E-02    4.64690E-01   -6.05787E-02    2.29254E-03    1.80240E-03    1.85056E-03    1.53244E-02
     1.90113E+00    8.31544E-02    5.74057E-02    4.64864E-01   -5.97887E-02    2.22110E-03    1.74945E-03    1.82434E-03    1.51153E-02
     1.90950E+00    8.16570E-02    5.63623E-02    4.65033E-01   -5.90090E-02    2.15187E-03    1.69804E-03    1.79882E-03    1.49094E-02
     1.91788E+00    8.01889E-02    5.53380E-02    4.65198E-01   -5.82396E-02    2.08478E-03    1.64814E-03    1.77399E-03    1.47066E-02
     1.92625E+00    7.87492E-02    5.43325E-02    4.65358E-01   -5.74802E-02    2.01978E-03    1.59970E-03    1.74982E-03    1.45069E-02
     1.93463E+00    7.73376E-02    5.33454E-02    4.65514E-01   -5.67306E-02    1.95679E-03    1.55267E-03    1.72629E-03    1.43102E-02
     1.94300E+00    7.59535E-02    5.23764E-02    4.65667E-01   -5.59908E-02    1.89575E-03    1.50702E-03    1.70338E-03    1.41165E-02
     1.95138E+00    7.45962E-02    5.14251E-02    4.65815E-01   -5.52605E-02    1.83661E-03    1.46270E-03    1.68107E-03    1.39258E-02
     1.95975E+00    7.32652E-02    5.04911E-02    4.65959E-01   -5.45397E-02    1.77931E-03    1.41968E-03    1.65935E-03    1.37380E-02
     1.96813E+00    7.19601E-02    4.95743E-02    4.66100E-01   -5.38281E-02    1.72378E-03    1.37791E-03    1.63819E-03    1.35530E-02
     1.97650E+00    7.06802E-02    4.86742E-02    4.66236E-01   -5.31257E-02    1.66998E-03    1.33737E-03    1.61758E-03    1.33708E-02
     1.98488E+00    6.94251E-02    4.77905E-02    4.66370E-01   -5.24323E-02    1.61785E-03    1.29802E-03    1.59750E-03    1.31914E-02
     1.99325E+00    6.81943E-02    4.69230E-02    4.66499E-01   -5.17477E-02    1.56735E-03    1.25982E-03    1.57793E-03    1.30148E-02
     2.00163E+00    6.69872E-02    4.60712E-02    4.66626E-01   -5.10718E-02    1.51841E-03    1.22274E-03    1.55886E-03    1.28408E-02
     2.01000E+00    6.58035E-02    4.52350E-02    4.66749E-01   -5.04045E-02    1.47100E-03    1.18674E-03    1.54027E-03    1.26695E-02
     2.01838E+00    6.46426E-02    4.44140E-02    4.66869E-01   -4.97457E-02    1.42506E-03    1.15180E-03    1.52216E-03    1.25007E-02
     2.02675E+00    6.35041E-02    4.36079E-02    4.66986E-01   -4.90952E-02    1.38056E-03    1.11788E-03    1.50449E-03    1.23346E-02
     2.03513E+00    6.23875E-02    4.28165E-02    4.67099E-01   -4.84529E-02    1.33744E-03    1.08496E-03    1.48727E-03    1.21709E-02
     2.04350E+00    6.12924E-02    4.20395E-02    4.67210E-01   -4.78186E-02    1.29566E-03    1.05300E-03    1.47047E-03    1.20097E-02
     2.05188E+00    6.02184E-02    4.12766E-02    4.67318E-01   -4.71923E-02    1.25519E-03    1.02197E-03    1.45409E-03    1.18510E-02
     2.06025E+00    5.91650E-02    4.05275E-02    4.67423E-01   -4.65738E-02    1.21597E-03    9.91859E-04    1.43811E-03    1.16947E-02
     2.06863E+00    5.81319E-02    3.97920E-02    4.67525E-01   -4.59630E-02    1.17799E-03    9.62627E-04    1.42252E-03    1.15408E-02
     2.07700E+00    5.71186E-02    3.90698E-02    4.67625E-01   -4.53597E-02    1.14118E-03    9.34252E-04    1.40731E-03    1.13892E-02
     2.08538E+00    5.61248E-02    3.83606E-02    4.67722E-01   -4.47640E-02    1.10553E-03    9.06709E-04    1.39246E-03    1.12398E-02
     2.09375E+00    5.51500E-02    3.76643E-02    4.67817E-01   -4.41756E-02    1.07098E-03    8.79974E-04    1.37798E-03    1.10928E-02
     2.10213E+00    5.41940E-02    3.69806E-02    4.67909E-01   -4.35944E-02    1.03752E-03    8.54022E-04    1.36383E-03    1.09480E-02
     2.11050E+00    5.32562E-02    3.63092E-02    4.67999E-01   -4.30203E-02    1.00510E-03    8.28831E-04    1.35003E-03    1.08053E-02
     2.11888E+00    5.23364E-02    3.56500E-02    4.68086E-01   -4.24533E-02    9.73698E-04    8.04379E-04    1.33655E-03    1.06648E-02
     2.12725E+00    5.14342E-02    3.50025E-02    4.68171E-01   -4.18931E-02    9.43275E-04    7.80644E-04    1.32338E-03    1.05265E-02
     2.13563E+00    5.05493E-02    3.43668E-02    4.68254E-01   -4.13398E-02    9.13802E-04    7.57604E-04    1.31053E-03    1.03902E-02
     2.14400E+00    4.96813E-02    3.37425E-02    4.68335E-01   -4.07932E-02    8.85251E-04    7.35240E-04    1.29797E-03    1.02560E-02
     2.15238E+00    4.88299E-02    3.31294E-02    4.68414E-01   -4.02531E-02    8.57593E-04    7.13532E-04    1.28571E-03    1.01238E-02
     2.16075E+00    4.79948E-02    3.25273E-02    4.68491E-01   -3.97196E-02    8.30800E-04    6.92460E-04    1.27372E-03    9.99359E-03
     2.16913E+00    4.71756E-02    3.19360E-02    4.68566E-01   -3.91924E-02    8.04846E-04    6.72006E-04    1.26201E-03    9.86535E-03
     2.17750E+00    4.63721E-02    3.13553E-02    4.68638E-01   -3.86716E-02    7.79704E-04    6.52152E-04    1.25057E-03    9.73904E-03
     2.18588E+00    4.55839E-02    3.07849E-02    4.68709E-01   -3.81570E-02    7.55349E-04    6.32880E-04    1.23938E-03    9.61462E-03
     2.19425E+00    4.48107E-02    3.02248E-02    4.68779E-01   -3.76484E-02    7.31757E-04    6.14172E-04    1.22845E-03    9.49208E-03
     2.20263E+00    4.40523E-02    2.96746E-02    4.68846E-01   -3.71459E-02    7.08904E-04    5.96014E-04    1.21776E-03    9.37138E-03
     2.21100E+00    4.33084E-02    2.91343E-02    4.68912E-01   -3.66493E-02    6.86767E-04    5.78387E-04    1.20731E-03    9.25249E-03
     2.21938E+00    4.25787E-02    2.86036E-02    4.68976E-01   -3.61586E-02    6.65323E-04    5.61277E-04    1.19709E-03    9.13538E-03
     2.22775E+00    4.18629E-02    2.80823E-02    4.69038E-01   -3.56736E-02    6.44552E-04    5.44669E-04    1.18710E-03    9.02002E-03
     2.23613E+00    4.11607E-02    2.75703E-02    4.69099E-01   -3.51943E-02    6.24431E-04    5.28548E-04    1.17732E-03    8.90640E-03
     2.24450E+00    4.04719E-02    2.70674E-02    4.69158E-01   -3.47205E-02    6.04942E-04    5.12899E-04    1.16776E-03    8.79447E-03
     2.25288E+00    3.97963E-02    2.65734E-02    4.69216E-01   -3.42522E-02    5.86064E-04    4.97709E-04    1.15841E-03    8.68422E-03
     2.26125E+00    3.91336E-02    2.60882E-02    4.69272E-01   -3.37894E-02    5.67778E-04    4.82964E-04    1.14926E-03    8.57561E-03
     2.26963E+00    3.84835E-02    2.56115E-02    4.69327E-01   -3.33318E-02    5.50065E-04    4.68650E-04    1.14031E-03    8.46863E-03
     2.27800E+00    3.78457E-02    2.51432E-02    4.69380E-01   -3.28796E-02    5.32909E-04    4.54757E-04    1.13155E-03    8.36324E-03
     2.28638E+00    3.72202E-02    2.46832E-02    4.69432E-01   -3.24325E-02    5.16291E-04    4.41270E-04    1.12297E-03    8.25943E-03
     2.29475E+00    3.66066E-02    2.42313E-02    4.69483E-01   -3.19905E-02    5.00195E-04    4.28179E-04    1.11458E-03    8.15716E-03
     2.30313E+00    3.60047E-02    2.37873E-02    4.69532E-01   -3.15535E-02    4.84604E-04    4.15471E-04    1.10637E-03    8.05641E-03
     2.31150E+00    3.54143E-02    2.33511E-02    4.69580E-01   -3.11214E-02    4.69503E-04    4.03135E-04    1.09832E-03    7.95716E-03
     2.31988E+00    3.48351E-02    2.29226E-02    4.69627E-01   -3.06942E-02    4.54876E-04    3.91161E-04    1.09045E-03    7.85939E-03
     2.32825E+00    3.42670E-02    2.25016E-02    4.69673E-01   -3.02718E-02    4.40709E-04    3.79537E-04    1.08274E-03    7.76307E-03
     2.33663E+00    3.37098E-02    2.20879E-02    4.69717E-01   -2.98542E-02    4.26986E-04    3.68253E-04    1.07519E-03    7.66818E-03
     2.34500E+00    3.31632E-02    2.16815E-02    4.69761E-01   -2.94412E-02    4.13696E-04    3.57301E-04    1.06780E-03    7.57470E-03
     2.35338E+00    3.26271E-02    2.12821E-02    4.69803E-01   -2.90327E-02    4.00823E-04    3.46668E-04    1.06056E-03    7.48261E-03
     2.36175E+00    3.21012E-02    2.08897E-02    4.69844E-01   -2.86288E-02    3.88355E-04    3.36347E-04    1.05346E-03    7.39188E-03
     2.37013E+00    3.15854E-02    2.05041E-02    4.69885E-01   -2.82294E-02    3.76279E-04    3.26328E-04    1.04652E-03    7.30250E-03
     2.37850E+00    3.10795E-02    2.01252E-02    4.69924E-01   -2.78343E-02    3.64582E-04    3.16603E-04    1.03971E-03    7.21444E-03
     2.38688E+00    3.05833E-02    1.97529E-02    4.69962E-01   -2.74436E-02    3.53254E-04    3.07162E-04    1.03304E-03    7.12768E-03
     2.39525E+00    3.00966E-02    1.93870E-02    4.69999E-01   -2.70571E-02    3.42282E-04    2.97997E-04    1.02651E-03    7.04220E-03
     2.40363E+00    2.96192E-02    1.90274E-02    4.70035E-01   -2.66748E-02    3.31656E-04    2.89100E-04    1.02011E-03    6.95799E-03
     2.41200E+00    2.91510E-02    1.86740E-02    4.70071E-01   -2.62966E-02    3.21364E-04    2.80464E-04    1.01384E-03    6.87502E-03
     2.42038E+00    2.86918E-02    1.83266E-02    4.70105E-01   -2.59225E-02    3.11397E-04    2.72080E-04    1.00769E-03    6.79328E-03
     2.42875E+00    2.82415E-02    1.79853E-02    4.70139E-01   -2.55524E-02    3.01743E-04    2.63942E-04    1.00167E-03    6.71275E-03
     2.43713E+00    2.77998E-02    1.76497E-02    4.70171E-01   -2.51862E-02    2.92393E-04    2.56041E-04    9.95764E-04    6.63340E-03
     2.44550E+00    2.73666E-02    1.73199E-02    4.70203E-01   -2.48240E-02    2.83338E-04    2.48372E-04    9.89978E-04    6.55522E-03
     2.45388E+00    2.69418E-02    1.69958E-02    4.70234E-01   -2.44656E-02    2.74569E-04    2.40927E-04    9.84306E-04    6.47820E-03
     2.46225E+00    2.65253E-02    1.66771E-02    4.70265E-01   -2.41110E-02    2.66076E-04    2.33699E-04    9.78747E-04    6.40231E-03
     2.47063E+00    2.61168E-02    1.63639E-02    4.70294E-01   -2.37600E-02    2.57850E-04    2.26683E-04    9.73297E-04    6.32755E-03
     2.47900E+00    2.57162E-02    1.60559E-02    4.70323E-01   -2.34128E-02    2.49884E-04    2.19872E-04    9.67955E-04    6.25388E-03
     2.48738E+00    2.53234E-02    1.57532E-02    4.70351E-01   -2.30692E-02    2.42170E-04    2.13260E-04    9.62717E-04    6.18130E-03
     2.49575E+00    2.49382E-02    1.54556E-02    4.70378E-01   -2.27291E-02    2.34699E-04    2.06841E-04    9.57583E-04    6.10979E-03
     2.50413E+00    2.45605E-02    1.51630E-02    4.70405E-01   -2.23926E-02    2.27464E-04    2.00610E-04    9.52549E-04    6.03933E-03
     2.51250E+00    2.41902E-02    1.48753E-02    4.70431E-01   -2.20595E-02    2.20457E-04    1.94561E-04    9.47613E-04    5.96991E-03
     2.52088E+00    2.38271E-02    1.45925E-02    4.70456E-01   -2.17298E-02    2.13672E-04    1.88688E-04    9.42774E-04    5.90152E-03
     2.52925E+00    2.34712E-02    1.43143E-02    4.70481E-01   -2.14035E-02    2.07101E-04    1.82988E-04    9.38029E-04    5.83413E-03
     2.53763E+00    2.31222E-02    1.40408E-02    4.70505E-01   -2.10805E-02    2.00738E-04    1.77453E-04    9.33377E-04    5.76774E-03
     2.54600E+00    2.27801E-02    1.37719E-02    4.70528E-01   -2.07608E-02    1.94576E-04    1.72080E-04    9.28815E-04    5.70233E-03
     2.55438E+00    2.24447E-02    1.35074E-02    4.70551E-01   -2.04442E-02    1.88610E-04    1.66864E-04    9.24343E-04    5.63788E-03
     2.56275E+00    2.21159E-02    1.32473E-02    4.70573E-01   -2.01309E-02    1.82832E-04    1.61801E-04    9.19957E-04    5.57439E-03
     2.57113E+00    2.17937E-02    1.29914E-02    4.70595E-01   -1.98206E-02    1.77236E-04    1.56885E-04    9.15656E-04    5.51183E-03
     2.57950E+00    2.14778E-02    1.27398E-02    4.70616E-01   -1.95135E-02    1.71819E-04    1.52113E-04    9.11440E-04    5.45020E-03
     2.58788E+00    2.11683E-02    1.24923E-02    4.70636E-01   -1.92094E-02    1.66573E-04    1.47479E-04    9.07305E-04    5.38948E-03
     2.59625E+00    2.08649E-02    1.22489E-02    4.70656E-01   -1.89082E-02    1.61493E-04    1.42982E-04    9.03251E-04    5.32965E-03
     2.60463E+00    2.05675E-02    1.20094E-02    4.70676E-01   -1.86101E-02    1.56574E-04    1.38615E-04    8.99276E-04    5.27072E-03
     2.61300E+00    2.02762E-02    1.17739E-02    4.70695E-01   -1.83148E-02    1.51812E-04    1.34376E-04    8.95378E-04    5.21266E-03
     2.62138E+00    1.99906E-02    1.15421E-02    4.70713E-01   -1.80223E-02    1.47201E-04    1.30260E-04    8.91557E-04    5.15546E-03
     2.62975E+00    1.97109E-02    1.13141E-02    4.70731E-01   -1.77327E-02    1.42736E-04    1.26264E-04    8.87810E-04    5.09911E-03
     2.63813E+00    1.94368E-02    1.10898E-02    4.70749E-01   -1.74459E-02    1.38414E-04    1.22385E-04    8.84137E-04    5.04361E-03
     2.64650E+00    1.91683E-02    1.08690E-02    4.70766E-01   -1.71618E-02    1.34229E-04    1.18619E-04    8.80535E-04    4.98893E-03
     2.65488E+00    1.89052E-02    1.06518E-02    4.70783E-01   -1.68805E-02    1.30177E-04    1.14962E-04    8.77004E-04    4.93507E-03
     2.66325E+00    1.86476E-02    1.04381E-02    4.70799E-01   -1.66017E-02    1.26255E-04    1.11412E-04    8.73543E-04    4.88201E-03
     2.67163E+00    1.83952E-02    1.02278E-02    4.70815E-01   -1.63256E-02    1.22458E-04    1.07966E-04    8.70150E-04    4.82975E-03
     2.68000E+00    1.81480E-02    1.00207E-02    4.70830E-01   -1.60521E-02    1.18782E-04    1.04620E-04    8.66824E-04    4.77828E-03
     2.68838E+00    1.79060E-02    9.81699E-03    4.70845E-01   -1.57812E-02    1.15223E-04    1.01371E-04    8.63565E-04    4.72758E-03
     2.69675E+00    1.76689E-02    9.61643E-03    4.70860E-01   -1.55127E-02    1.11778E-04    9.82169E-05    8.60370E-04    4.67764E-03
     2.70513E+00    1.74369E-02    9.41902E-03    4.70874E-01   -1.52467E-02    1.08444E-04    9.51544E-05    8.57238E-04    4.62847E-03
     2.71350E+00    1.72096E-02    9.22467E-03    4.70888E-01   -1.49832E-02    1.05216E-04    9.21811E-05    8.54170E-04    4.58004E-03
     2.72188E+00    1.69872E-02    9.03335E-03    4.70901E-01   -1.47220E-02    1.02093E-04    8.92941E-05    8.51163E-04    4.53235E-03
     2.73025E+00    1.67695E-02    8.84497E-03    4.70915E-01   -1.44633E-02    9.90692E-05    8.64911E-05    8.48217E-04    4.48538E-03
     2.73863E+00    1.65564E-02    8.65950E-03    4.70927E-01   -1.42068E-02    9.61430E-05    8.37695E-05    8.45331E-04    4.43914E-03
     2.74700E+00    1.63479E-02    8.47686E-03    4.70940E-01   -1.39527E-02    9.33112E-05    8.11270E-05    8.42504E-04    4.39361E-03
     2.75538E+00    1.61439E-02    8.29700E-03    4.70952E-01   -1.37008E-02    9.05708E-05    7.85611E-05    8.39734E-04    4.34878E-03
     2.76375E+00    1.59443E-02    8.11988E-03    4.70964E-01   -1.34512E-02    8.79190E-05    7.60696E-05    8.37022E-04    4.30465E-03
     2.77213E+00    1.57490E-02    7.94542E-03    4.70975E-01   -1.32038E-02    8.53530E-05    7.36504E-05    8.34366E-04    4.26120E-03
     2.78050E+00    1.55580E-02    7.77359E-03    4.70986E-01   -1.29585E-02    8.28703E-05    7.13013E-05    8.31765E-04    4.21844E-03
     2.78888E+00    1.53712E-02    7.60432E-03    4.70997E-01   -1.27154E-02    8.04683E-05    6.90202E-05    8.29218E-04    4.17635E-03
     2.79725E+00    1.51886E-02    7.43757E-03    4.71008E-01   -1.24744E-02    7.81445E-05    6.68051E-05    8.26726E-04    4.13492E-03
     2.80563E+00    1.50100E-02    7.27328E-03    4.71018E-01   -1.22355E-02    7.58965E-05    6.46540E-05    8.24286E-04    4.09415E-03
     2.81400E+00    1.48354E-02    7.11140E-03    4.71028E-01   -1.19986E-02    7.37221E-05    6.25651E-05    8.21898E-04    4.05404E-03
     2.82238E+00    1.46648E-02    6.95190E-03    4.71038E-01   -1.17638E-02    7.16190E-05    6.05364E-05    8.19562E-04    4.01457E-03
     2.83075E+00    1.44981E-02    6.79471E-03    4.71047E-01   -1.15309E-02    6.95850E-05    5.85663E-05    8.17277E-04    3.97574E-03
     2.83913E+00    1.43353E-02    6.63979E-03    4.71056E-01   -1.13000E-02    6.76180E-05    5.66529E-05    8.15041E-04    3.93754E-03
     2.84750E+00    1.41762E-02    6.48709E-03    4.71065E-01   -1.10711E-02    6.57161E-05    5.47945E-05    8.12855E-04    3.89997E-03
     2.85588E+00    1.40208E-02    6.33657E-03    4.71074E-01   -1.08440E-02    6.38772E-05    5.29896E-05    8.10718E-04    3.86303E-03
     2.86425E+00    1.38691E-02    6.18819E-03    4.71082E-01   -1.06188E-02    6.20994E-05    5.12364E-05    8.08628E-04    3.82670E-03
     2.87263E+00    1.37210E-02    6.04189E-03    4.71091E-01   -1.03955E-02    6.03810E-05    4.95335E-05    8.06586E-04    3.79098E-03
     2.88100E+00    1.35765E-02    5.89764E-03    4.71098E-01   -1.01740E-02    5.87202E-05    4.78793E-05    8.04591E-04    3.75587E-03
     2.88938E+00    1.34355E-02    5.75539E-03    4.71106E-01   -9.95432E-03    5.71152E-05    4.62723E-05    8.02642E-04    3.72135E-03
     2.89775E+00    1.32979E-02    5.61510E-03    4.71114E-01   -9.73640E-03    5.55644E-05    4.47112E-05    8.00738E-04    3.68744E-03
     2.90613E+00    1.31638E-02    5.47673E-03    4.71121E-01   -9.52022E-03    5.40662E-05    4.31945E-05    7.98880E-04    3.65412E-03
     2.91450E+00    1.30330E-02    5.34024E-03    4.71128E-01   -9.30576E-03    5.26190E-05    4.17208E-05    7.97066E-04    3.62139E-03
     2.92288E+00    1.29055E-02    5.20559E-03    4.71135E-01   -9.09300E-03    5.12213E-05    4.02889E-05    7.95296E-04    3.58925E-03
     2.93125E+00    1.27812E-02    5.07274E-03    4.71142E-01   -8.88191E-03    4.98718E-05    3.88975E-05    7.93569E-04    3.55769E-03
     2.93963E+00    1.26602E-02    4.94165E-03    4.71148E-01   -8.67246E-03    4.85689E-05    3.75452E-05    7.91885E-04    3.52670E-03
     2.94800E+00    1.25424E-02    4.81228E-03    4.71154E-01   -8.46465E-03    4.73114E-05    3.62310E-05    7.90244E-04    3.49629E-03
     2.95638E+00    1.24277E-02    4.68459E-03    4.71160E-01   -8.25843E-03    4.60979E-05    3.49536E-05    7.88644E-04    3.46646E-03
     2.96475E+00    1.23161E-02    4.55856E-03    4.71166E-01   -8.05379E-03    4.49272E-05    3.37118E-05    7.87086E-04    3.43719E-03
     2.97313E+00    1.22076E-02    4.43414E-03    4.71172E-01   -7.85070E-03    4.37980E-05    3.25046E-05    7.85569E-04    3.40849E-03
     2.98150E+00    1.21020E-02    4.31129E-03    4.71177E-01   -7.64915E-03    4.27093E-05    3.13309E-05    7.84092E-04    3.38036E-03
     2.98988E+00    1.19994E-02    4.18999E-03    4.71183E-01   -7.44910E-03    4.16597E-05    3.01895E-05    7.82655E-04    3.35279E-03
     2.99825E+00    1.18998E-02    4.07019E-03    4.71188E-01   -7.25055E-03    4.06483E-05    2.90795E-05    7.81258E-04    3.32579E-03
     3.00663E+00    1.18030E-02    3.95187E-03    4.71193E-01   -7.05345E-03    3.96740E-05    2.79998E-05    7.79901E-04    3.29934E-03
     3.01500E+00    1.17091E-02    3.83498E-03    4.71198E-01   -6.85780E-03    3.87358E-05    2.69495E-05    7.78582E-04    3.27346E-03
     3.02338E+00    1.16180E-02    3.71951E-03    4.71202E-01   -6.66358E-03    3.78326E-05    2.59275E-05    7.77301E-04    3.24813E-03
     3.03175E+00    1.15297E-02    3.60540E-03    4.71207E-01   -6.47075E-03    3.69636E-05    2.49331E-05    7.76058E-04    3.22337E-03
     3.04013E+00    1.14442E-02    3.49264E-03    4.71211E-01   -6.27931E-03    3.61278E-05    2.39651E-05    7.74853E-04    3.19916E-03
     3.04850E+00    1.13613E-02    3.38119E-03    4.71215E-01   -6.08922E-03    3.53243E-05    2.30229E-05    7.73685E-04    3.17551E-03
     3.05688E+00    1.12812E-02    3.27103E-03    4.71219E-01   -5.90048E-03    3.45523E-05    2.21054E-05    7.72554E-04    3.15242E-03
     3.06525E+00    1.12037E-02    3.16211E-03    4.71223E-01   -5.71306E-03    3.38109E-05    2.12118E-05    7.71460E-04    3.12989E-03
     3.07363E+00    1.11288E-02    3.05441E-03    4.71227E-01   -5.52694E-03    3.30995E-05    2.03413E-05    7.70402E-04    3.10792E-03
     3.08200E+00    1.10565E-02    2.94790E-03    4.71231E-01   -5.34210E-03    3.24171E-05    1.94932E-05    7.69379E-04    3.08652E-03
     3.09038E+00    1.09868E-02    2.84255E-03    4.71234E-01   -5.15852E-03    3.17631E-05    1.86665E-05    7.68392E-04    3.06567E-03
     3.09875E+00    1.09196E-02    2.73834E-03    4.71237E-01   -4.97619E-03    3.11368E-05    1.78605E-05    7.67440E-04    3.04539E-03
     3.10713E+00    1.08549E-02    2.63523E-03    4.71241E-01   -4.79508E-03    3.05376E-05    1.70746E-05    7.66523E-04    3.02568E-03
     3.11550E+00    1.07927E-02    2.53319E-03    4.71244E-01   -4.61518E-03    2.99646E-05    1.63078E-05    7.65641E-04    3.00654E-03
     3.12388E+00    1.07330E-02    2.43221E-03    4.71247E-01   -4.43647E-03    2.94174E-05    1.55595E-05    7.64793E-04    2.98798E-03
     3.13225E+00    1.06756E-02    2.33224E-03    4.71249E-01   -4.25892E-03    2.88954E-05    1.48290E-05    7.63978E-04    2.96999E-03
     3.14063E+00    1.06207E-02    2.23327E-03    4.71252E-01   -4.08253E-03    2.83979E-05    1.41156E-05    7.63198E-04    2.95258E-03
     3.14900E+00    1.05682E-02    2.13527E-03    4.71255E-01   -3.90728E-03    2.79244E-05    1.34185E-05    7.62451E-04    2.93575E-03
     3.15738E+00    1.05180E-02    2.03821E-03    4.71257E-01   -3.73314E-03    2.74744E-05    1.27372E-05    7.61737E-04    2.91952E-03
     3.16575E+00    1.04701E-02    1.94207E-03    4.71259E-01   -3.56011E-03    2.70473E-05    1.20709E-05    7.61055E-04    2.90387E-03
     3.17413E+00    1.04245E-02    1.84682E-03    4.71261E-01   -3.38816E-03    2.66428E-05    1.14191E-05    7.60407E-04    2.88883E-03
     3.18250E+00    1.03813E-02    1.75244E-03    4.71264E-01   -3.21728E-03    2.62604E-05    1.07810E-05    7.59790E-04    2.87439E-03
     3.19088E+00    1.03402E-02    1.65890E-03    4.71266E-01   -3.04745E-03    2.58995E-05    1.01561E-05    7.59206E-04    2.86056E-03
     3.19925E+00    1.03015E-02    1.56618E-03    4.71267E-01   -2.87865E-03    2.55598E-05    9.54367E-06    7.58654E-04    2.84734E-03
     3.20763E+00    1.02649E-02    1.47426E-03    4.71269E-01   -2.71087E-03    2.52409E-05    8.94317E-06    7.58133E-04    2.83476E-03
     3.21600E+00    1.02306E-02    1.38310E-03    4.71271E-01   -2.54410E-03    2.49425E-05    8.35399E-06    7.57644E-04    2.82280E-03
     3.22438E+00    1.01984E-02    1.29269E-03    4.71272E-01   -2.37832E-03    2.46641E-05    7.77552E-06    7.57185E-04    2.81148E-03
     3.23275E+00    1.01684E-02    1.20301E-03    4.71274E-01   -2.21350E-03    2.44054E-05    7.20720E-06    7.56758E-04    2.80081E-03
     3.24113E+00    1.01406E-02    1.11403E-03    4.71275E-01   -2.04965E-03    2.41661E-05    6.64843E-06    7.56361E-04    2.79079E-03
     3.24950E+00    1.01149E-02    1.02572E-03    4.71276E-01   -1.88673E-03    2.39459E-05    6.09865E-06    7.55995E-04    2.78144E-03
     3.25788E+00    1.00913E-02    9.38079E-04    4.71277E-01   -1.72475E-03    2.37445E-05    5.55729E-06    7.55660E-04    2.77277E-03
     3.26625E+00    1.00698E-02    8.51068E-04    4.71278E-01   -1.56367E-03    2.35617E-05    5.02379E-06    7.55354E-04    2.76478E-03
     3.27463E+00    1.00504E-02    7.64671E-04    4.71279E-01   -1.40350E-03    2.33971E-05    4.49759E-06    7.55078E-04    2.75749E-03
     3.28300E+00    1.00330E-02    6.78867E-04    4.71280E-01   -1.24420E-03    2.32507E-05    3.97813E-06    7.54832E-04    2.75090E-03
     3.29138E+00    1.00178E-02    5.93633E-04    4.71281E-01   -1.08578E-03    2.31220E-05    3.46488E-06    7.54616E-04    2.74504E-03
     3.29975E+00    1.00045E-02    5.08949E-04    4.71281E-01   -9.28211E-04    2.30111E-05    2.95728E-06    7.54429E-04    2.73991E-03
     3.30813E+00    9.99331E-03    4.24795E-04    4.71282E-01   -7.71485E-04    2.29176E-05    2.45478E-06    7.54271E-04    2.73553E-03
     3.31650E+00    9.98412E-03    3.41151E-04    4.71282E-01   -6.15586E-04    2.28414E-05    1.95686E-06    7.54142E-04    2.73191E-03
     3.32488E+00    9.97693E-03    2.57995E-04    4.71283E-01   -4.60501E-04    2.27823E-05    1.46295E-06    7.54042E-04    2.72907E-03
     3.33325E+00    9.97173E-03    1.75308E-04    4.71283E-01   -3.06217E-04    2.27403E-05    9.72539E-07    7.53971E-04    2.72702E-03
     3.34163E+00    9.96851E-03    9.30700E-05    4.71283E-01   -1.52721E-04    2.27151E-05    4.85067E-07    7.53929E-04    2.72578E-03
     3.35000E+00    9.96726E-03    1.12619E-05    4.71283E-01   -2.68657E-87    2.27067E-05    2.78810E-26    7.53914E-04    2.72536E-03
