     1.00000E-05    3.90833E+00   -3.18424E-05   -6.26955E-01   -1.88311E-05    4.84120E-01    7.80089E-06    3.89418E-01    9.50766E-11
     4.25998E-03    3.90814E+00    1.91082E-02   -6.26884E-01   -8.02154E-03    4.84095E-01    3.32291E-03    3.89388E-01    1.72527E-05
     8.50995E-03    3.90755E+00    3.81650E-02   -6.26671E-01   -1.60214E-02    4.84021E-01    6.63650E-03    3.89298E-01    6.88347E-05
     1.27599E-02    3.90658E+00    5.72091E-02   -6.26317E-01   -2.40158E-02    4.83897E-01    9.94708E-03    3.89150E-01    1.54703E-04
     1.70099E-02    3.90522E+00    7.62339E-02   -6.25822E-01   -3.20017E-02    4.83724E-01    1.32531E-02    3.88942E-01    2.74786E-04
     2.12599E-02    3.90347E+00    9.52332E-02   -6.25186E-01   -3.99765E-02    4.83502E-01    1.65532E-02    3.88674E-01    4.28984E-04
     2.55099E-02    3.90134E+00    1.14200E-01   -6.24409E-01   -4.79374E-02    4.83230E-01    1.98457E-02    3.88348E-01    6.17169E-04
     2.97598E-02    3.89882E+00    1.33129E-01   -6.23492E-01   -5.58815E-02    4.82910E-01    2.31292E-02    3.87963E-01    8.39185E-04
     3.40098E-02    3.89592E+00    1.52014E-01   -6.22435E-01   -6.38063E-02    4.82540E-01    2.64022E-02    3.87519E-01    1.09485E-03
     3.82598E-02    3.89263E+00    1.70847E-01   -6.21238E-01   -7.17089E-02    4.82122E-01    2.96632E-02    3.87017E-01    1.38394E-03
     4.25097E-02    3.88896E+00    1.89624E-01   -6.19904E-01   -7.95866E-02    4.81655E-01    3.29109E-02    3.86457E-01    1.70623E-03
     4.67597E-02    3.88491E+00    2.08337E-01   -6.18431E-01   -8.74368E-02    4.81139E-01    3.61437E-02    3.85839E-01    2.06145E-03
     5.10097E-02    3.88047E+00    2.26980E-01   -6.16821E-01   -9.52567E-02    4.80575E-01    3.93602E-02    3.85164E-01    2.44931E-03
     5.52597E-02    3.87567E+00    2.45548E-01   -6.15075E-01   -1.03044E-01    4.79963E-01    4.25590E-02    3.84431E-01    2.86948E-03
     5.95096E-02    3.87048E+00    2.64035E-01   -6.13193E-01   -1.10795E-01    4.79303E-01    4.57386E-02    3.83642E-01    3.32163E-03
     6.37596E-02    3.86492E+00    2.82433E-01   -6.11177E-01   -1.18509E-01    4.78595E-01    4.88978E-02    3.82797E-01    3.80537E-03
     6.80096E-02    3.85899E+00    3.00738E-01   -6.09027E-01   -1.26182E-01    4.77840E-01    5.20351E-02    3.81896E-01    4.32032E-03
     7.22596E-02    3.85269E+00    3.18943E-01   -6.06745E-01   -1.33812E-01    4.77037E-01    5.51492E-02    3.80940E-01    4.86605E-03
     7.65095E-02    3.84602E+00    3.37043E-01   -6.04332E-01   -1.41396E-01    4.76188E-01    5.82388E-02    3.79929E-01    5.44213E-03
     8.07595E-02    3.83899E+00    3.55032E-01   -6.01789E-01   -1.48932E-01    4.75292E-01    6.13026E-02    3.78864E-01    6.04808E-03
     8.50095E-02    3.83160E+00    3.72904E-01   -5.99116E-01   -1.56417E-01    4.74350E-01    6.43392E-02    3.77745E-01    6.68341E-03
     8.92595E-02    3.82385E+00    3.90654E-01   -5.96317E-01   -1.63850E-01    4.73361E-01    6.73475E-02    3.76574E-01    7.34762E-03
     9.35094E-02    3.81574E+00    4.08276E-01   -5.93391E-01   -1.71227E-01    4.72327E-01    7.03262E-02    3.75350E-01    8.04016E-03
     9.77594E-02    3.80728E+00    4.25765E-01   -5.90341E-01   -1.78547E-01    4.71248E-01    7.32740E-02    3.74075E-01    8.76050E-03
     1.02009E-01    3.79846E+00    4.43115E-01   -5.87168E-01   -1.85807E-01    4.70124E-01    7.61900E-02    3.72749E-01    9.50804E-03
     1.06259E-01    3.78931E+00    4.60321E-01   -5.83873E-01   -1.93005E-01    4.68955E-01    7.90727E-02    3.71373E-01    1.02822E-02
     1.10509E-01    3.77980E+00    4.77378E-01   -5.80459E-01   -2.00140E-01    4.67742E-01    8.19213E-02    3.69948E-01    1.10824E-02
     1.14759E-01    3.76996E+00    4.94281E-01   -5.76926E-01   -2.07208E-01    4.66486E-01    8.47345E-02    3.68474E-01    1.19079E-02
     1.19009E-01    3.75978E+00    5.11025E-01   -5.73276E-01   -2.14207E-01    4.65186E-01    8.75113E-02    3.66952E-01    1.27582E-02
     1.23259E-01    3.74928E+00    5.27606E-01   -5.69512E-01   -2.21137E-01    4.63843E-01    9.02507E-02    3.65383E-01    1.36325E-02
     1.27509E-01    3.73844E+00    5.44017E-01   -5.65634E-01   -2.27994E-01    4.62458E-01    9.29517E-02    3.63767E-01    1.45303E-02
     1.31759E-01    3.72727E+00    5.60256E-01   -5.61646E-01   -2.34777E-01    4.61031E-01    9.56134E-02    3.62107E-01    1.54507E-02
     1.36009E-01    3.71579E+00    5.76316E-01   -5.57548E-01   -2.41484E-01    4.59563E-01    9.82347E-02    3.60402E-01    1.63931E-02
     1.40259E-01    3.70399E+00    5.92195E-01   -5.53343E-01   -2.48114E-01    4.58054E-01    1.00815E-01    3.58653E-01    1.73568E-02
     1.44509E-01    3.69188E+00    6.07887E-01   -5.49032E-01   -2.54664E-01    4.56504E-01    1.03353E-01    3.56862E-01    1.83411E-02
     1.48759E-01    3.67946E+00    6.23388E-01   -5.44618E-01   -2.61133E-01    4.54914E-01    1.05848E-01    3.55029E-01    1.93451E-02
     1.53009E-01    3.66674E+00    6.38695E-01   -5.40102E-01   -2.67519E-01    4.53286E-01    1.08300E-01    3.53155E-01    2.03682E-02
     1.57259E-01    3.65372E+00    6.53803E-01   -5.35488E-01   -2.73821E-01    4.51618E-01    1.10707E-01    3.51241E-01    2.14096E-02
     1.61509E-01    3.64041E+00    6.68709E-01   -5.30775E-01   -2.80038E-01    4.49912E-01    1.13069E-01    3.49289E-01    2.24685E-02
     1.65759E-01    3.62680E+00    6.83408E-01   -5.25968E-01   -2.86167E-01    4.48168E-01    1.15385E-01    3.47298E-01    2.35442E-02
     1.70009E-01    3.61292E+00    6.97898E-01   -5.21068E-01   -2.92207E-01    4.46387E-01    1.17654E-01    3.45271E-01    2.46358E-02
     1.74259E-01    3.59875E+00    7.12175E-01   -5.16076E-01   -2.98158E-01    4.44570E-01    1.19877E-01    3.43207E-01    2.57425E-02
     1.78509E-01    3.58431E+00    7.26236E-01   -5.10996E-01   -3.04018E-01    4.42717E-01    1.22052E-01    3.41109E-01    2.68636E-02
     1.82759E-01    3.56960E+00    7.40077E-01   -5.05830E-01   -3.09785E-01    4.40828E-01    1.24178E-01    3.38977E-01    2.79983E-02
     1.87009E-01    3.55462E+00    7.53696E-01   -5.00579E-01   -3.15459E-01    4.38904E-01    1.26256E-01    3.36812E-01    2.91458E-02
     1.91259E-01    3.53938E+00    7.67089E-01   -4.95246E-01   -3.21039E-01    4.36947E-01    1.28285E-01    3.34615E-01    3.03053E-02
     1.95509E-01    3.52389E+00    7.80254E-01   -4.89834E-01   -3.26523E-01    4.34956E-01    1.30264E-01    3.32388E-01    3.14758E-02
     1.99759E-01    3.50815E+00    7.93188E-01   -4.84344E-01   -3.31910E-01    4.32932E-01    1.32193E-01    3.30130E-01    3.26568E-02
     2.04009E-01    3.49217E+00    8.05889E-01   -4.78778E-01   -3.37201E-01    4.30876E-01    1.34072E-01    3.27844E-01    3.38473E-02
     2.08259E-01    3.47595E+00    8.18354E-01   -4.73140E-01   -3.42393E-01    4.28788E-01    1.35900E-01    3.25530E-01    3.50465E-02
     2.12509E-01    3.45949E+00    8.30581E-01   -4.67431E-01   -3.47486E-01    4.26670E-01    1.37677E-01    3.23190E-01    3.62536E-02
     2.16759E-01    3.44281E+00    8.42569E-01   -4.61654E-01   -3.52480E-01    4.24521E-01    1.39404E-01    3.20824E-01    3.74679E-02
     2.21009E-01    3.42591E+00    8.54314E-01   -4.55810E-01   -3.57373E-01    4.22342E-01    1.41078E-01    3.18433E-01    3.86885E-02
     2.25259E-01    3.40878E+00    8.65815E-01   -4.49903E-01   -3.62166E-01    4.20135E-01    1.42701E-01    3.16020E-01    3.99146E-02
     2.29509E-01    3.39145E+00    8.77072E-01   -4.43934E-01   -3.66858E-01    4.17900E-01    1.44272E-01    3.13583E-01    4.11455E-02
     2.33759E-01    3.37391E+00    8.88081E-01   -4.37906E-01   -3.71447E-01    4.15637E-01    1.45792E-01    3.11126E-01    4.23803E-02
     2.38009E-01    3.35617E+00    8.98841E-01   -4.31821E-01   -3.75935E-01    4.13347E-01    1.47260E-01    3.08648E-01    4.36184E-02
     2.42259E-01    3.33824E+00    9.09352E-01   -4.25682E-01   -3.80320E-01    4.11031E-01    1.48675E-01    3.06151E-01    4.48588E-02
     2.46509E-01    3.32012E+00    9.19612E-01   -4.19490E-01   -3.84602E-01    4.08689E-01    1.50039E-01    3.03636E-01    4.61008E-02
     2.50759E-01    3.30181E+00    9.29620E-01   -4.13248E-01   -3.88781E-01    4.06323E-01    1.51351E-01    3.01103E-01    4.73438E-02
     2.55008E-01    3.28332E+00    9.39375E-01   -4.06958E-01   -3.92857E-01    4.03932E-01    1.52611E-01    2.98555E-01    4.85868E-02
     2.59258E-01    3.26467E+00    9.48877E-01   -4.00623E-01   -3.96829E-01    4.01519E-01    1.53819E-01    2.95991E-01    4.98293E-02
     2.63508E-01    3.24584E+00    9.58124E-01   -3.94244E-01   -4.00698E-01    3.99082E-01    1.54976E-01    2.93413E-01    5.10704E-02
     2.67758E-01    3.22686E+00    9.67117E-01   -3.87825E-01   -4.04464E-01    3.96624E-01    1.56081E-01    2.90822E-01    5.23095E-02
     2.72008E-01    3.20772E+00    9.75855E-01   -3.81366E-01   -4.08126E-01    3.94145E-01    1.57135E-01    2.88219E-01    5.35458E-02
     2.76258E-01    3.18843E+00    9.84337E-01   -3.74871E-01   -4.11685E-01    3.91645E-01    1.58138E-01    2.85605E-01    5.47787E-02
     2.80508E-01    3.16900E+00    9.92564E-01   -3.68341E-01   -4.15141E-01    3.89125E-01    1.59089E-01    2.82981E-01    5.60074E-02
     2.84758E-01    3.14942E+00    1.00054E+00   -3.61778E-01   -4.18494E-01    3.86586E-01    1.59991E-01    2.80348E-01    5.72313E-02
     2.89008E-01    3.12972E+00    1.00825E+00   -3.55186E-01   -4.21744E-01    3.84029E-01    1.60842E-01    2.77707E-01    5.84498E-02
     2.93258E-01    3.10988E+00    1.01571E+00   -3.48565E-01   -4.24891E-01    3.81454E-01    1.61643E-01    2.75058E-01    5.96621E-02
     2.97508E-01    3.08993E+00    1.02292E+00   -3.41918E-01   -4.27936E-01    3.78862E-01    1.62395E-01    2.72403E-01    6.08676E-02
     3.01758E-01    3.06986E+00    1.02987E+00   -3.35247E-01   -4.30880E-01    3.76254E-01    1.63097E-01    2.69743E-01    6.20658E-02
     3.06008E-01    3.04967E+00    1.03657E+00   -3.28555E-01   -4.33722E-01    3.73630E-01    1.63750E-01    2.67078E-01    6.32560E-02
     3.10258E-01    3.02939E+00    1.04301E+00   -3.21842E-01   -4.36463E-01    3.70991E-01    1.64355E-01    2.64410E-01    6.44376E-02
     3.14508E-01    3.00900E+00    1.04921E+00   -3.15111E-01   -4.39103E-01    3.68338E-01    1.64913E-01    2.61739E-01    6.56101E-02
     3.18758E-01    2.98852E+00    1.05515E+00   -3.08365E-01   -4.41644E-01    3.65672E-01    1.65422E-01    2.59066E-01    6.67729E-02
     3.23008E-01    2.96794E+00    1.06084E+00   -3.01604E-01   -4.44085E-01    3.62993E-01    1.65885E-01    2.56392E-01    6.79255E-02
     3.27258E-01    2.94729E+00    1.06628E+00   -2.94832E-01   -4.46427E-01    3.60302E-01    1.66301E-01    2.53719E-01    6.90672E-02
     3.31508E-01    2.92655E+00    1.07147E+00   -2.88049E-01   -4.48671E-01    3.57600E-01    1.66671E-01    2.51046E-01    7.01977E-02
     3.35758E-01    2.90575E+00    1.07642E+00   -2.81257E-01   -4.50817E-01    3.54887E-01    1.66995E-01    2.48374E-01    7.13163E-02
     3.40008E-01    2.88487E+00    1.08112E+00   -2.74460E-01   -4.52867E-01    3.52164E-01    1.67275E-01    2.45705E-01    7.24227E-02
     3.44258E-01    2.86393E+00    1.08558E+00   -2.67657E-01   -4.54821E-01    3.49432E-01    1.67510E-01    2.43039E-01    7.35164E-02
     3.48508E-01    2.84294E+00    1.08979E+00   -2.60851E-01   -4.56679E-01    3.46691E-01    1.67702E-01    2.40377E-01    7.45968E-02
     3.52758E-01    2.82189E+00    1.09377E+00   -2.54044E-01   -4.58443E-01    3.43942E-01    1.67850E-01    2.37720E-01    7.56637E-02
     3.57008E-01    2.80079E+00    1.09750E+00   -2.47238E-01   -4.60113E-01    3.41186E-01    1.67956E-01    2.35068E-01    7.67164E-02
     3.61258E-01    2.77965E+00    1.10100E+00   -2.40434E-01   -4.61691E-01    3.38423E-01    1.68020E-01    2.32422E-01    7.77548E-02
     3.65508E-01    2.75847E+00    1.10427E+00   -2.33633E-01   -4.63176E-01    3.35654E-01    1.68043E-01    2.29783E-01    7.87783E-02
     3.69758E-01    2.73726E+00    1.10730E+00   -2.26838E-01   -4.64570E-01    3.32880E-01    1.68026E-01    2.27151E-01    7.97866E-02
     3.74008E-01    2.71602E+00    1.11009E+00   -2.20050E-01   -4.65874E-01    3.30101E-01    1.67968E-01    2.24528E-01    8.07794E-02
     3.78258E-01    2.69476E+00    1.11267E+00   -2.13270E-01   -4.67089E-01    3.27319E-01    1.67871E-01    2.21913E-01    8.17563E-02
     3.82508E-01    2.67348E+00    1.11501E+00   -2.06500E-01   -4.68216E-01    3.24532E-01    1.67736E-01    2.19308E-01    8.27170E-02
     3.86758E-01    2.65218E+00    1.11713E+00   -1.99741E-01   -4.69255E-01    3.21743E-01    1.67563E-01    2.16712E-01    8.36612E-02
     3.91008E-01    2.63088E+00    1.11903E+00   -1.92996E-01   -4.70209E-01    3.18952E-01    1.67353E-01    2.14128E-01    8.45886E-02
     3.95258E-01    2.60957E+00    1.12070E+00   -1.86265E-01   -4.71077E-01    3.16159E-01    1.67106E-01    2.11554E-01    8.54990E-02
     3.99508E-01    2.58826E+00    1.12216E+00   -1.79549E-01   -4.71860E-01    3.13365E-01    1.66824E-01    2.08992E-01    8.63920E-02
     4.03758E-01    2.56695E+00    1.12341E+00   -1.72850E-01   -4.72561E-01    3.10571E-01    1.66506E-01    2.06443E-01    8.72675E-02
     4.08008E-01    2.54565E+00    1.12444E+00   -1.66170E-01   -4.73180E-01    3.07777E-01    1.66155E-01    2.03906E-01    8.81252E-02
     4.12258E-01    2.52436E+00    1.12527E+00   -1.59509E-01   -4.73718E-01    3.04984E-01    1.65770E-01    2.01383E-01    8.89650E-02
     4.16508E-01    2.50309E+00    1.12588E+00   -1.52869E-01   -4.74175E-01    3.02192E-01    1.65352E-01    1.98874E-01    8.97865E-02
     4.20758E-01    2.48184E+00    1.12630E+00   -1.46252E-01   -4.74555E-01    2.99402E-01    1.64903E-01    1.96378E-01    9.05897E-02
     4.25007E-01    2.46061E+00    1.12651E+00   -1.39657E-01   -4.74856E-01    2.96614E-01    1.64422E-01    1.93898E-01    9.13744E-02
     4.29257E-01    2.43942E+00    1.12652E+00   -1.33087E-01   -4.75081E-01    2.93830E-01    1.63911E-01    1.91433E-01    9.21405E-02
     4.33507E-01    2.41825E+00    1.12634E+00   -1.26542E-01   -4.75231E-01    2.91049E-01    1.63369E-01    1.88983E-01    9.28877E-02
     4.37757E-01    2.39712E+00    1.12597E+00   -1.20024E-01   -4.75306E-01    2.88272E-01    1.62799E-01    1.86550E-01    9.36161E-02
     4.42007E-01    2.37603E+00    1.12541E+00   -1.13533E-01   -4.75309E-01    2.85499E-01    1.62201E-01    1.84133E-01    9.43254E-02
     4.46257E-01    2.35498E+00    1.12465E+00   -1.07071E-01   -4.75239E-01    2.82732E-01    1.61575E-01    1.81732E-01    9.50157E-02
     4.50507E-01    2.33398E+00    1.12372E+00   -1.00638E-01   -4.75099E-01    2.79971E-01    1.60923E-01    1.79349E-01    9.56868E-02
     4.54757E-01    2.31304E+00    1.12261E+00   -9.42363E-02   -4.74889E-01    2.77215E-01    1.60244E-01    1.76983E-01    9.63386E-02
     4.59007E-01    2.29214E+00    1.12131E+00   -8.78659E-02   -4.74611E-01    2.74466E-01    1.59540E-01    1.74636E-01    9.69711E-02
     4.63257E-01    2.27130E+00    1.11985E+00   -8.15278E-02   -4.74266E-01    2.71724E-01    1.58812E-01    1.72306E-01    9.75843E-02
     4.67507E-01    2.25052E+00    1.11821E+00   -7.52229E-02   -4.73854E-01    2.68989E-01    1.58060E-01    1.69995E-01    9.81782E-02
     4.71757E-01    2.22981E+00    1.11640E+00   -6.89521E-02   -4.73378E-01    2.66263E-01    1.57285E-01    1.67702E-01    9.87527E-02
     4.76007E-01    2.20916E+00    1.11443E+00   -6.27161E-02   -4.72838E-01    2.63545E-01    1.56487E-01    1.65428E-01    9.93079E-02
     4.80257E-01    2.18859E+00    1.11229E+00   -5.65158E-02   -4.72236E-01    2.60835E-01    1.55668E-01    1.63174E-01    9.98436E-02
     4.84507E-01    2.16808E+00    1.11000E+00   -5.03519E-02   -4.71572E-01    2.58135E-01    1.54828E-01    1.60939E-01    1.00360E-01
     4.88757E-01    2.14765E+00    1.10755E+00   -4.42250E-02   -4.70848E-01    2.55445E-01    1.53968E-01    1.58723E-01    1.00857E-01
     4.93007E-01    2.12730E+00    1.10495E+00   -3.81360E-02   -4.70066E-01    2.52764E-01    1.53089E-01    1.56528E-01    1.01335E-01
     4.97257E-01    2.10703E+00    1.10220E+00   -3.20854E-02   -4.69225E-01    2.50094E-01    1.52191E-01    1.54353E-01    1.01794E-01
     5.01507E-01    2.08685E+00    1.09930E+00   -2.60738E-02   -4.68328E-01    2.47435E-01    1.51275E-01    1.52198E-01    1.02234E-01
     5.05757E-01    2.06675E+00    1.09626E+00   -2.01020E-02   -4.67376E-01    2.44787E-01    1.50341E-01    1.50063E-01    1.02654E-01
     5.10007E-01    2.04674E+00    1.09308E+00   -1.41704E-02   -4.66369E-01    2.42151E-01    1.49391E-01    1.47949E-01    1.03056E-01
     5.14257E-01    2.02682E+00    1.08976E+00   -8.27965E-03   -4.65309E-01    2.39527E-01    1.48425E-01    1.45855E-01    1.03438E-01
     5.18507E-01    2.00700E+00    1.08631E+00   -2.43023E-03   -4.64197E-01    2.36914E-01    1.47444E-01    1.43783E-01    1.03802E-01
     5.22757E-01    1.98727E+00    1.08273E+00    3.37735E-03   -4.63035E-01    2.34315E-01    1.46448E-01    1.41731E-01    1.04148E-01
     5.27007E-01    1.96765E+00    1.07902E+00    9.14259E-03   -4.61823E-01    2.31728E-01    1.45438E-01    1.39700E-01    1.04474E-01
     5.31257E-01    1.94812E+00    1.07518E+00    1.48651E-02   -4.60562E-01    2.29155E-01    1.44415E-01    1.37691E-01    1.04783E-01
     5.35507E-01    1.92869E+00    1.07123E+00    2.05443E-02   -4.59254E-01    2.26595E-01    1.43379E-01    1.35702E-01    1.05073E-01
     5.39757E-01    1.90937E+00    1.06716E+00    2.61800E-02   -4.57900E-01    2.24050E-01    1.42331E-01    1.33735E-01    1.05345E-01
     5.44007E-01    1.89016E+00    1.06297E+00    3.17716E-02   -4.56501E-01    2.21518E-01    1.41272E-01    1.31790E-01    1.05599E-01
     5.48257E-01    1.87105E+00    1.05867E+00    3.73189E-02   -4.55058E-01    2.19000E-01    1.40202E-01    1.29866E-01    1.05835E-01
     5.52507E-01    1.85206E+00    1.05427E+00    4.28215E-02   -4.53571E-01    2.16498E-01    1.39121E-01    1.27963E-01    1.06053E-01
     5.56757E-01    1.83317E+00    1.04975E+00    4.82792E-02   -4.52044E-01    2.14010E-01    1.38031E-01    1.26081E-01    1.06254E-01
     5.61007E-01    1.81441E+00    1.04514E+00    5.36915E-02   -4.50475E-01    2.11538E-01    1.36932E-01    1.24221E-01    1.06438E-01
     5.65257E-01    1.79575E+00    1.04043E+00    5.90582E-02   -4.48867E-01    2.09081E-01    1.35825E-01    1.22383E-01    1.06604E-01
     5.69507E-01    1.77722E+00    1.03562E+00    6.43791E-02   -4.47220E-01    2.06639E-01    1.34709E-01    1.20566E-01    1.06754E-01
     5.73757E-01    1.75880E+00    1.03071E+00    6.96540E-02   -4.45536E-01    2.04214E-01    1.33586E-01    1.18771E-01    1.06887E-01
     5.78007E-01    1.74050E+00    1.02572E+00    7.48826E-02   -4.43815E-01    2.01804E-01    1.32457E-01    1.16996E-01    1.07003E-01
     5.82257E-01    1.72232E+00    1.02064E+00    8.00648E-02   -4.42059E-01    1.99411E-01    1.31321E-01    1.15244E-01    1.07103E-01
     5.86507E-01    1.70427E+00    1.01547E+00    8.52003E-02   -4.40268E-01    1.97035E-01    1.30179E-01    1.13513E-01    1.07187E-01
     5.90757E-01    1.68634E+00    1.01022E+00    9.02891E-02   -4.38444E-01    1.94675E-01    1.29032E-01    1.11803E-01    1.07255E-01
     5.95006E-01    1.66853E+00    1.00490E+00    9.53309E-02   -4.36588E-01    1.92332E-01    1.27881E-01    1.10114E-01    1.07307E-01
     5.99256E-01    1.65085E+00    9.99494E-01    1.00326E-01   -4.34700E-01    1.90006E-01    1.26725E-01    1.08447E-01    1.07343E-01
     6.03506E-01    1.63330E+00    9.94018E-01    1.05273E-01   -4.32782E-01    1.87697E-01    1.25565E-01    1.06800E-01    1.07365E-01
     6.07756E-01    1.61587E+00    9.88472E-01    1.10174E-01   -4.30835E-01    1.85406E-01    1.24402E-01    1.05175E-01    1.07371E-01
     6.12006E-01    1.59857E+00    9.82858E-01    1.15027E-01   -4.28859E-01    1.83132E-01    1.23236E-01    1.03571E-01    1.07362E-01
     6.16256E-01    1.58141E+00    9.77179E-01    1.19833E-01   -4.26856E-01    1.80876E-01    1.22068E-01    1.01987E-01    1.07339E-01
     6.20506E-01    1.56437E+00    9.71438E-01    1.24592E-01   -4.24826E-01    1.78637E-01    1.20898E-01    1.00425E-01    1.07302E-01
     6.24756E-01    1.54747E+00    9.65636E-01    1.29303E-01   -4.22770E-01    1.76416E-01    1.19726E-01    9.88832E-02    1.07250E-01
     6.29006E-01    1.53069E+00    9.59778E-01    1.33967E-01   -4.20690E-01    1.74214E-01    1.18553E-01    9.73621E-02    1.07185E-01
     6.33256E-01    1.51405E+00    9.53865E-01    1.38583E-01   -4.18586E-01    1.72029E-01    1.17379E-01    9.58614E-02    1.07105E-01
     6.37506E-01    1.49755E+00    9.47901E-01    1.43152E-01   -4.16459E-01    1.69862E-01    1.16205E-01    9.43811E-02    1.07013E-01
     6.41756E-01    1.48117E+00    9.41886E-01    1.47674E-01   -4.14310E-01    1.67714E-01    1.15031E-01    9.29211E-02    1.06907E-01
     6.46006E-01    1.46493E+00    9.35825E-01    1.52149E-01   -4.12140E-01    1.65584E-01    1.13858E-01    9.14812E-02    1.06788E-01
     6.50256E-01    1.44883E+00    9.29719E-01    1.56576E-01   -4.09949E-01    1.63473E-01    1.12685E-01    9.00614E-02    1.06657E-01
     6.54506E-01    1.43286E+00    9.23570E-01    1.60957E-01   -4.07739E-01    1.61380E-01    1.11514E-01    8.86614E-02    1.06513E-01
     6.58756E-01    1.41702E+00    9.17382E-01    1.65290E-01   -4.05511E-01    1.59306E-01    1.10344E-01    8.72811E-02    1.06356E-01
     6.63006E-01    1.40133E+00    9.11156E-01    1.69576E-01   -4.03264E-01    1.57250E-01    1.09176E-01    8.59205E-02    1.06188E-01
     6.67256E-01    1.38576E+00    9.04895E-01    1.73816E-01   -4.01001E-01    1.55213E-01    1.08010E-01    8.45792E-02    1.06008E-01
     6.71506E-01    1.37034E+00    8.98601E-01    1.78009E-01   -3.98721E-01    1.53195E-01    1.06847E-01    8.32573E-02    1.05817E-01
     6.75756E-01    1.35505E+00    8.92275E-01    1.82156E-01   -3.96425E-01    1.51195E-01    1.05686E-01    8.19546E-02    1.05614E-01
     6.80006E-01    1.33989E+00    8.85921E-01    1.86256E-01   -3.94115E-01    1.49214E-01    1.04529E-01    8.06708E-02    1.05401E-01
     6.84256E-01    1.32487E+00    8.79541E-01    1.90311E-01   -3.91791E-01    1.47252E-01    1.03374E-01    7.94058E-02    1.05176E-01
     6.88506E-01    1.30999E+00    8.73136E-01    1.94319E-01   -3.89454E-01    1.45309E-01    1.02224E-01    7.81596E-02    1.04941E-01
     6.92756E-01    1.29525E+00    8.66708E-01    1.98281E-01   -3.87104E-01    1.43384E-01    1.01077E-01    7.69318E-02    1.04696E-01
     6.97006E-01    1.28064E+00    8.60259E-01    2.02198E-01   -3.84743E-01    1.41478E-01    9.99351E-02    7.57224E-02    1.04441E-01
     7.01256E-01    1.26617E+00    8.53793E-01    2.06070E-01   -3.82370E-01    1.39591E-01    9.87972E-02    7.45311E-02    1.04176E-01
     7.05506E-01    1.25183E+00    8.47309E-01    2.09896E-01   -3.79987E-01    1.37723E-01    9.76640E-02    7.33578E-02    1.03902E-01
     7.09756E-01    1.23763E+00    8.40811E-01    2.13677E-01   -3.77594E-01    1.35874E-01    9.65357E-02    7.22024E-02    1.03618E-01
     7.14006E-01    1.22357E+00    8.34299E-01    2.17414E-01   -3.75192E-01    1.34043E-01    9.54126E-02    7.10646E-02    1.03325E-01
     7.18256E-01    1.20964E+00    8.27777E-01    2.21106E-01   -3.72782E-01    1.32231E-01    9.42948E-02    6.99443E-02    1.03023E-01
     7.22506E-01    1.19585E+00    8.21245E-01    2.24753E-01   -3.70364E-01    1.30438E-01    9.31826E-02    6.88413E-02    1.02713E-01
     7.26756E-01    1.18219E+00    8.14706E-01    2.28357E-01   -3.67939E-01    1.28664E-01    9.20761E-02    6.77554E-02    1.02394E-01
     7.31006E-01    1.16867E+00    8.08160E-01    2.31917E-01   -3.65507E-01    1.26908E-01    9.09756E-02    6.66864E-02    1.02067E-01
     7.35256E-01    1.15528E+00    8.01611E-01    2.35434E-01   -3.63069E-01    1.25171E-01    8.98813E-02    6.56342E-02    1.01732E-01
     7.39506E-01    1.14202E+00    7.95058E-01    2.38907E-01   -3.60625E-01    1.23452E-01    8.87933E-02    6.45985E-02    1.01390E-01
     7.43756E-01    1.12890E+00    7.88505E-01    2.42338E-01   -3.58177E-01    1.21752E-01    8.77118E-02    6.35793E-02    1.01040E-01
     7.48006E-01    1.11592E+00    7.81952E-01    2.45725E-01   -3.55725E-01    1.20070E-01    8.66369E-02    6.25762E-02    1.00682E-01
     7.52256E-01    1.10306E+00    7.75400E-01    2.49071E-01   -3.53269E-01    1.18407E-01    8.55688E-02    6.15892E-02    1.00318E-01
     7.56506E-01    1.09034E+00    7.68853E-01    2.52374E-01   -3.50809E-01    1.16762E-01    8.45077E-02    6.06180E-02    9.99469E-02
     7.60756E-01    1.07775E+00    7.62310E-01    2.55636E-01   -3.48347E-01    1.15135E-01    8.34537E-02    5.96625E-02    9.95692E-02
     7.65006E-01    1.06529E+00    7.55773E-01    2.58856E-01   -3.45883E-01    1.13527E-01    8.24069E-02    5.87224E-02    9.91851E-02
     7.69255E-01    1.05296E+00    7.49243E-01    2.62036E-01   -3.43417E-01    1.11936E-01    8.13674E-02    5.77976E-02    9.87948E-02
     7.73505E-01    1.04076E+00    7.42723E-01    2.65174E-01   -3.40950E-01    1.10364E-01    8.03354E-02    5.68879E-02    9.83986E-02
     7.77755E-01    1.02869E+00    7.36212E-01    2.68272E-01   -3.38483E-01    1.08809E-01    7.93110E-02    5.59931E-02    9.79966E-02
     7.82005E-01    1.01675E+00    7.29713E-01    2.71329E-01   -3.36015E-01    1.07273E-01    7.82943E-02    5.51130E-02    9.75891E-02
     7.86255E-01    1.00494E+00    7.23226E-01    2.74347E-01   -3.33547E-01    1.05754E-01    7.72854E-02    5.42475E-02    9.71762E-02
     7.90505E-01    9.93258E-01    7.16753E-01    2.77326E-01   -3.31080E-01    1.04253E-01    7.62843E-02    5.33963E-02    9.67581E-02
     7.94755E-01    9.81701E-01    7.10295E-01    2.80265E-01   -3.28614E-01    1.02769E-01    7.52912E-02    5.25593E-02    9.63351E-02
     7.99005E-01    9.70269E-01    7.03853E-01    2.83165E-01   -3.26149E-01    1.01303E-01    7.43062E-02    5.17363E-02    9.59074E-02
     8.03255E-01    9.58964E-01    6.97428E-01    2.86027E-01   -3.23687E-01    9.98546E-02    7.33293E-02    5.09270E-02    9.54750E-02
     8.07505E-01    9.47783E-01    6.91021E-01    2.88851E-01   -3.21226E-01    9.84233E-02    7.23606E-02    5.01314E-02    9.50382E-02
     8.11755E-01    9.36726E-01    6.84633E-01    2.91637E-01   -3.18769E-01    9.70092E-02    7.14001E-02    4.93492E-02    9.45973E-02
     8.16005E-01    9.25792E-01    6.78265E-01    2.94385E-01   -3.16314E-01    9.56122E-02    7.04480E-02    4.85803E-02    9.41523E-02
     8.20255E-01    9.14981E-01    6.71918E-01    2.97096E-01   -3.13863E-01    9.42322E-02    6.95043E-02    4.78245E-02    9.37035E-02
     8.24505E-01    9.04292E-01    6.65593E-01    2.99771E-01   -3.11415E-01    9.28691E-02    6.85689E-02    4.70815E-02    9.32510E-02
     8.28755E-01    8.93724E-01    6.59291E-01    3.02409E-01   -3.08972E-01    9.15227E-02    6.76421E-02    4.63513E-02    9.27950E-02
     8.33005E-01    8.83275E-01    6.53012E-01    3.05011E-01   -3.06533E-01    9.01930E-02    6.67238E-02    4.56336E-02    9.23357E-02
     8.37255E-01    8.72946E-01    6.46758E-01    3.07577E-01   -3.04099E-01    8.88798E-02    6.58140E-02    4.49282E-02    9.18732E-02
     8.41505E-01    8.62736E-01    6.40529E-01    3.10108E-01   -3.01670E-01    8.75831E-02    6.49128E-02    4.42351E-02    9.14078E-02
     8.45755E-01    8.52643E-01    6.34326E-01    3.12605E-01   -2.99246E-01    8.63026E-02    6.40202E-02    4.35539E-02    9.09395E-02
     8.50005E-01    8.42667E-01    6.28150E-01    3.15066E-01   -2.96828E-01    8.50384E-02    6.31363E-02    4.28846E-02    9.04686E-02
     8.54255E-01    8.32807E-01    6.22001E-01    3.17493E-01   -2.94416E-01    8.37901E-02    6.22610E-02    4.22270E-02    8.99951E-02
     8.58505E-01    8.23062E-01    6.15880E-01    3.19886E-01   -2.92010E-01    8.25579E-02    6.13944E-02    4.15809E-02    8.95193E-02
     8.62755E-01    8.13431E-01    6.09788E-01    3.22246E-01   -2.89610E-01    8.13414E-02    6.05364E-02    4.09460E-02    8.90412E-02
     8.67005E-01    8.03913E-01    6.03725E-01    3.24572E-01   -2.87218E-01    8.01406E-02    5.96872E-02    4.03224E-02    8.85612E-02
     8.71255E-01    7.94508E-01    5.97692E-01    3.26866E-01   -2.84832E-01    7.89553E-02    5.88466E-02    3.97097E-02    8.80792E-02
     8.75505E-01    7.85215E-01    5.91690E-01    3.29127E-01   -2.82453E-01    7.77855E-02    5.80147E-02    3.91079E-02    8.75954E-02
     8.79755E-01    7.76032E-01    5.85718E-01    3.31356E-01   -2.80082E-01    7.66310E-02    5.71916E-02    3.85168E-02    8.71100E-02
     8.84005E-01    7.66959E-01    5.79779E-01    3.33553E-01   -2.77719E-01    7.54917E-02    5.63771E-02    3.79361E-02    8.66231E-02
     8.88255E-01    7.57994E-01    5.73871E-01    3.35718E-01   -2.75364E-01    7.43673E-02    5.55712E-02    3.73658E-02    8.61348E-02
     8.92505E-01    7.49138E-01    5.67996E-01    3.37853E-01   -2.73016E-01    7.32579E-02    5.47741E-02    3.68057E-02    8.56453E-02
     8.96755E-01    7.40389E-01    5.62154E-01    3.39957E-01   -2.70677E-01    7.21633E-02    5.39856E-02    3.62556E-02    8.51547E-02
     9.01005E-01    7.31746E-01    5.56345E-01    3.42030E-01   -2.68347E-01    7.10833E-02    5.32057E-02    3.57153E-02    8.46632E-02
     9.05255E-01    7.23208E-01    5.50571E-01    3.44074E-01   -2.66025E-01    7.00178E-02    5.24344E-02    3.51848E-02    8.41708E-02
     9.09505E-01    7.14774E-01    5.44830E-01    3.46088E-01   -2.63712E-01    6.89667E-02    5.16717E-02    3.46639E-02    8.36776E-02
     9.13755E-01    7.06444E-01    5.39124E-01    3.48072E-01   -2.61408E-01    6.79298E-02    5.09176E-02    3.41523E-02    8.31839E-02
     9.18005E-01    6.98216E-01    5.33453E-01    3.50027E-01   -2.59113E-01    6.69070E-02    5.01720E-02    3.36501E-02    8.26896E-02
     9.22255E-01    6.90090E-01    5.27817E-01    3.51954E-01   -2.56828E-01    6.58982E-02    4.94348E-02    3.31569E-02    8.21950E-02
     9.26505E-01    6.82064E-01    5.22217E-01    3.53853E-01   -2.54552E-01    6.49033E-02    4.87062E-02    3.26727E-02    8.17001E-02
     9.30755E-01    6.74138E-01    5.16653E-01    3.55723E-01   -2.52285E-01    6.39220E-02    4.79860E-02    3.21974E-02    8.12050E-02
     9.35005E-01    6.66311E-01    5.11124E-01    3.57566E-01   -2.50029E-01    6.29543E-02    4.72742E-02    3.17307E-02    8.07099E-02
     9.39254E-01    6.58581E-01    5.05633E-01    3.59382E-01   -2.47782E-01    6.20000E-02    4.65707E-02    3.12726E-02    8.02148E-02
     9.43504E-01    6.50949E-01    5.00177E-01    3.61170E-01   -2.45545E-01    6.10590E-02    4.58756E-02    3.08229E-02    7.97199E-02
     9.47754E-01    6.43412E-01    4.94758E-01    3.62932E-01   -2.43318E-01    6.01312E-02    4.51887E-02    3.03814E-02    7.92252E-02
     9.52004E-01    6.35971E-01    4.89377E-01    3.64668E-01   -2.41102E-01    5.92163E-02    4.45101E-02    2.99481E-02    7.87309E-02
     9.56254E-01    6.28624E-01    4.84032E-01    3.66378E-01   -2.38896E-01    5.83144E-02    4.38396E-02    2.95227E-02    7.82369E-02
     9.60504E-01    6.21370E-01    4.78725E-01    3.68062E-01   -2.36700E-01    5.74252E-02    4.31773E-02    2.91053E-02    7.77436E-02
     9.64754E-01    6.14208E-01    4.73455E-01    3.69721E-01   -2.34515E-01    5.65486E-02    4.25231E-02    2.86955E-02    7.72508E-02
     9.69004E-01    6.07138E-01    4.68223E-01    3.71354E-01   -2.32341E-01    5.56846E-02    4.18769E-02    2.82934E-02    7.67587E-02
     9.73254E-01    6.00158E-01    4.63028E-01    3.72964E-01   -2.30177E-01    5.48328E-02    4.12387E-02    2.78987E-02    7.62674E-02
     9.77504E-01    5.93268E-01    4.57872E-01    3.74548E-01   -2.28024E-01    5.39933E-02    4.06084E-02    2.75114E-02    7.57769E-02
     9.81754E-01    5.86467E-01    4.52753E-01    3.76109E-01   -2.25881E-01    5.31658E-02    3.99860E-02    2.71313E-02    7.52875E-02
     9.86004E-01    5.79753E-01    4.47672E-01    3.77646E-01   -2.23750E-01    5.23503E-02    3.93714E-02    2.67583E-02    7.47990E-02
     9.90254E-01    5.73126E-01    4.42629E-01    3.79160E-01   -2.21629E-01    5.15466E-02    3.87646E-02    2.63923E-02    7.43116E-02
     9.94504E-01    5.66586E-01    4.37624E-01    3.80650E-01   -2.19520E-01    5.07546E-02    3.81654E-02    2.60332E-02    7.38254E-02
     9.98754E-01    5.60130E-01    4.32657E-01    3.82118E-01   -2.17422E-01    4.99741E-02    3.75740E-02    2.56808E-02    7.33405E-02
     1.00300E+00    5.53759E-01    4.27728E-01    3.83563E-01   -2.15334E-01    4.92051E-02    3.69901E-02    2.53350E-02    7.28568E-02
     1.00725E+00    5.47472E-01    4.22837E-01    3.84986E-01   -2.13258E-01    4.84473E-02    3.64137E-02    2.49958E-02    7.23745E-02
     1.01150E+00    5.41266E-01    4.17985E-01    3.86387E-01   -2.11193E-01    4.77007E-02    3.58448E-02    2.46629E-02    7.18937E-02
     1.01575E+00    5.35143E-01    4.13170E-01    3.87766E-01   -2.09140E-01    4.69651E-02    3.52833E-02    2.43364E-02    7.14144E-02
     1.02000E+00    5.29100E-01    4.08394E-01    3.89124E-01   -2.07097E-01    4.62404E-02    3.47292E-02    2.40160E-02    7.09367E-02
     1.02425E+00    5.23137E-01    4.03655E-01    3.90461E-01   -2.05066E-01    4.55265E-02    3.41823E-02    2.37017E-02    7.04606E-02
     1.02850E+00    5.17253E-01    3.98955E-01    3.91777E-01   -2.03046E-01    4.48233E-02    3.36426E-02    2.33933E-02    6.99862E-02
     1.03275E+00    5.11448E-01    3.94292E-01    3.93073E-01   -2.01038E-01    4.41305E-02    3.31101E-02    2.30909E-02    6.95135E-02
     1.03700E+00    5.05720E-01    3.89667E-01    3.94348E-01   -1.99041E-01    4.34481E-02    3.25847E-02    2.27942E-02    6.90426E-02
     1.04125E+00    5.00068E-01    3.85080E-01    3.95604E-01   -1.97055E-01    4.27761E-02    3.20663E-02    2.25031E-02    6.85736E-02
     1.04550E+00    4.94492E-01    3.80531E-01    3.96839E-01   -1.95081E-01    4.21141E-02    3.15548E-02    2.22176E-02    6.81065E-02
     1.04975E+00    4.88991E-01    3.76019E-01    3.98056E-01   -1.93118E-01    4.14622E-02    3.10503E-02    2.19376E-02    6.76413E-02
     1.05400E+00    4.83565E-01    3.71545E-01    3.99253E-01   -1.91166E-01    4.08201E-02    3.05525E-02    2.16629E-02    6.71782E-02
     1.05825E+00    4.78211E-01    3.67108E-01    4.00432E-01   -1.89226E-01    4.01879E-02    3.00615E-02    2.13935E-02    6.67171E-02
     1.06250E+00    4.72930E-01    3.62709E-01    4.01591E-01   -1.87297E-01    3.95653E-02    2.95772E-02    2.11293E-02    6.62581E-02
     1.06675E+00    4.67721E-01    3.58346E-01    4.02733E-01   -1.85380E-01    3.89522E-02    2.90995E-02    2.08702E-02    6.58012E-02
     1.07100E+00    4.62582E-01    3.54020E-01    4.03856E-01   -1.83474E-01    3.83485E-02    2.86284E-02    2.06160E-02    6.53465E-02
     1.07525E+00    4.57514E-01    3.49732E-01    4.04962E-01   -1.81579E-01    3.77542E-02    2.81637E-02    2.03668E-02    6.48941E-02
     1.07950E+00    4.52515E-01    3.45480E-01    4.06050E-01   -1.79696E-01    3.71690E-02    2.77055E-02    2.01223E-02    6.44438E-02
     1.08375E+00    4.47584E-01    3.41265E-01    4.07120E-01   -1.77823E-01    3.65929E-02    2.72536E-02    1.98826E-02    6.39959E-02
     1.08800E+00    4.42721E-01    3.37086E-01    4.08173E-01   -1.75963E-01    3.60257E-02    2.68080E-02    1.96476E-02    6.35504E-02
     1.09225E+00    4.37926E-01    3.32943E-01    4.09210E-01   -1.74113E-01    3.54674E-02    2.63686E-02    1.94170E-02    6.31071E-02
     1.09650E+00    4.33196E-01    3.28836E-01    4.10230E-01   -1.72275E-01    3.49178E-02    2.59354E-02    1.91910E-02    6.26663E-02
     1.10075E+00    4.28532E-01    3.24765E-01    4.11233E-01   -1.70448E-01    3.43768E-02    2.55082E-02    1.89694E-02    6.22280E-02
     1.10500E+00    4.23933E-01    3.20730E-01    4.12221E-01   -1.68632E-01    3.38443E-02    2.50870E-02    1.87521E-02    6.17921E-02
     1.10925E+00    4.19398E-01    3.16731E-01    4.13192E-01   -1.66828E-01    3.33202E-02    2.46718E-02    1.85390E-02    6.13587E-02
     1.11350E+00    4.14926E-01    3.12767E-01    4.14148E-01   -1.65034E-01    3.28044E-02    2.42625E-02    1.83300E-02    6.09278E-02
     1.11775E+00    4.10517E-01    3.08838E-01    4.15088E-01   -1.63252E-01    3.22967E-02    2.38589E-02    1.81252E-02    6.04994E-02
     1.12200E+00    4.06170E-01    3.04944E-01    4.16013E-01   -1.61481E-01    3.17971E-02    2.34611E-02    1.79244E-02    6.00737E-02
     1.12625E+00    4.01884E-01    3.01084E-01    4.16923E-01   -1.59721E-01    3.13055E-02    2.30690E-02    1.77275E-02    5.96506E-02
     1.13050E+00    3.97658E-01    2.97259E-01    4.17818E-01   -1.57972E-01    3.08217E-02    2.26825E-02    1.75344E-02    5.92300E-02
     1.13475E+00    3.93493E-01    2.93469E-01    4.18698E-01   -1.56234E-01    3.03457E-02    2.23015E-02    1.73452E-02    5.88122E-02
     1.13900E+00    3.89386E-01    2.89712E-01    4.19564E-01   -1.54506E-01    2.98773E-02    2.19260E-02    1.71597E-02    5.83970E-02
     1.14325E+00    3.85338E-01    2.85990E-01    4.20416E-01   -1.52790E-01    2.94165E-02    2.15559E-02    1.69778E-02    5.79845E-02
     1.14750E+00    3.81347E-01    2.82301E-01    4.21254E-01   -1.51085E-01    2.89631E-02    2.11912E-02    1.67995E-02    5.75748E-02
     1.15175E+00    3.77414E-01    2.78646E-01    4.22078E-01   -1.49390E-01    2.85171E-02    2.08317E-02    1.66247E-02    5.71677E-02
     1.15600E+00    3.73537E-01    2.75024E-01    4.22888E-01   -1.47706E-01    2.80783E-02    2.04774E-02    1.64534E-02    5.67635E-02
     1.16025E+00    3.69716E-01    2.71435E-01    4.23685E-01   -1.46033E-01    2.76466E-02    2.01283E-02    1.62855E-02    5.63620E-02
     1.16450E+00    3.65950E-01    2.67878E-01    4.24469E-01   -1.44370E-01    2.72220E-02    1.97843E-02    1.61209E-02    5.59633E-02
     1.16875E+00    3.62238E-01    2.64354E-01    4.25239E-01   -1.42718E-01    2.68044E-02    1.94453E-02    1.59596E-02    5.55674E-02
     1.17300E+00    3.58580E-01    2.60863E-01    4.25997E-01   -1.41077E-01    2.63936E-02    1.91112E-02    1.58015E-02    5.51743E-02
     1.17725E+00    3.54976E-01    2.57403E-01    4.26742E-01   -1.39446E-01    2.59896E-02    1.87820E-02    1.56466E-02    5.47840E-02
     1.18150E+00    3.51424E-01    2.53976E-01    4.27475E-01   -1.37826E-01    2.55923E-02    1.84577E-02    1.54947E-02    5.43967E-02
     1.18575E+00    3.47925E-01    2.50579E-01    4.28195E-01   -1.36216E-01    2.52015E-02    1.81381E-02    1.53459E-02    5.40121E-02
     1.19000E+00    3.44476E-01    2.47215E-01    4.28903E-01   -1.34616E-01    2.48173E-02    1.78232E-02    1.52000E-02    5.36305E-02
     1.19425E+00    3.41079E-01    2.43881E-01    4.29600E-01   -1.33027E-01    2.44394E-02    1.75130E-02    1.50570E-02    5.32518E-02
     1.19850E+00    3.37732E-01    2.40578E-01    4.30284E-01   -1.31448E-01    2.40679E-02    1.72073E-02    1.49170E-02    5.28759E-02
     1.20275E+00    3.34434E-01    2.37306E-01    4.30957E-01   -1.29879E-01    2.37026E-02    1.69062E-02    1.47797E-02    5.25030E-02
     1.20700E+00    3.31186E-01    2.34064E-01    4.31618E-01   -1.28320E-01    2.33434E-02    1.66095E-02    1.46452E-02    5.21330E-02
     1.21125E+00    3.27986E-01    2.30852E-01    4.32269E-01   -1.26771E-01    2.29903E-02    1.63172E-02    1.45134E-02    5.17659E-02
     1.21550E+00    3.24834E-01    2.27670E-01    4.32908E-01   -1.25233E-01    2.26432E-02    1.60293E-02    1.43843E-02    5.14017E-02
     1.21975E+00    3.21729E-01    2.24517E-01    4.33536E-01   -1.23704E-01    2.23020E-02    1.57456E-02    1.42578E-02    5.10405E-02
     1.22400E+00    3.18672E-01    2.21394E-01    4.34153E-01   -1.22185E-01    2.19666E-02    1.54661E-02    1.41338E-02    5.06823E-02
     1.22825E+00    3.15660E-01    2.18300E-01    4.34760E-01   -1.20676E-01    2.16369E-02    1.51909E-02    1.40123E-02    5.03270E-02
     1.23250E+00    3.12695E-01    2.15234E-01    4.35356E-01   -1.19177E-01    2.13129E-02    1.49197E-02    1.38933E-02    4.99747E-02
     1.23675E+00    3.09774E-01    2.12198E-01    4.35942E-01   -1.17687E-01    2.09944E-02    1.46525E-02    1.37768E-02    4.96253E-02
     1.24100E+00    3.06899E-01    2.09189E-01    4.36517E-01   -1.16207E-01    2.06814E-02    1.43894E-02    1.36626E-02    4.92790E-02
     1.24525E+00    3.04067E-01    2.06209E-01    4.37083E-01   -1.14737E-01    2.03739E-02    1.41302E-02    1.35507E-02    4.89356E-02
     1.24950E+00    3.01280E-01    2.03256E-01    4.37639E-01   -1.13276E-01    2.00717E-02    1.38748E-02    1.34412E-02    4.85952E-02
     1.25375E+00    2.98535E-01    2.00331E-01    4.38185E-01   -1.11825E-01    1.97747E-02    1.36233E-02    1.33338E-02    4.82578E-02
     1.25800E+00    2.95833E-01    1.97433E-01    4.38721E-01   -1.10383E-01    1.94830E-02    1.33755E-02    1.32287E-02    4.79235E-02
     1.26225E+00    2.93174E-01    1.94563E-01    4.39248E-01   -1.08950E-01    1.91964E-02    1.31315E-02    1.31257E-02    4.75921E-02
     1.26650E+00    2.90556E-01    1.91718E-01    4.39766E-01   -1.07527E-01    1.89148E-02    1.28911E-02    1.30249E-02    4.72637E-02
     1.27075E+00    2.87979E-01    1.88901E-01    4.40274E-01   -1.06112E-01    1.86382E-02    1.26543E-02    1.29261E-02    4.69383E-02
     1.27500E+00    2.85443E-01    1.86110E-01    4.40774E-01   -1.04707E-01    1.83665E-02    1.24211E-02    1.28294E-02    4.66160E-02
     1.27925E+00    2.82947E-01    1.83344E-01    4.41264E-01   -1.03311E-01    1.80996E-02    1.21914E-02    1.27347E-02    4.62966E-02
     1.28350E+00    2.80492E-01    1.80605E-01    4.41745E-01   -1.01924E-01    1.78375E-02    1.19651E-02    1.26420E-02    4.59803E-02
     1.28775E+00    2.78075E-01    1.77891E-01    4.42218E-01   -1.00546E-01    1.75801E-02    1.17422E-02    1.25512E-02    4.56670E-02
     1.29200E+00    2.75698E-01    1.75202E-01    4.42683E-01   -9.91771E-02    1.73274E-02    1.15227E-02    1.24622E-02    4.53567E-02
     1.29625E+00    2.73359E-01    1.72538E-01    4.43139E-01   -9.78167E-02    1.70792E-02    1.13065E-02    1.23752E-02    4.50495E-02
     1.30050E+00    2.71058E-01    1.69899E-01    4.43586E-01   -9.64651E-02    1.68355E-02    1.10935E-02    1.22900E-02    4.47453E-02
     1.30475E+00    2.68795E-01    1.67285E-01    4.44026E-01   -9.51222E-02    1.65963E-02    1.08837E-02    1.22065E-02    4.44440E-02
     1.30900E+00    2.66568E-01    1.64694E-01    4.44457E-01   -9.37879E-02    1.63615E-02    1.06771E-02    1.21248E-02    4.41459E-02
     1.31325E+00    2.64379E-01    1.62128E-01    4.44880E-01   -9.24622E-02    1.61309E-02    1.04735E-02    1.20449E-02    4.38507E-02
     1.31750E+00    2.62226E-01    1.59585E-01    4.45296E-01   -9.11450E-02    1.59047E-02    1.02730E-02    1.19666E-02    4.35586E-02
     1.32175E+00    2.60109E-01    1.57066E-01    4.45704E-01   -8.98362E-02    1.56826E-02    1.00755E-02    1.18900E-02    4.32695E-02
     1.32600E+00    2.58028E-01    1.54570E-01    4.46104E-01   -8.85357E-02    1.54647E-02    9.88100E-03    1.18151E-02    4.29834E-02
     1.33025E+00    2.55982E-01    1.52097E-01    4.46496E-01   -8.72436E-02    1.52508E-02    9.68938E-03    1.17417E-02    4.27004E-02
     1.33450E+00    2.53970E-01    1.49647E-01    4.46881E-01   -8.59597E-02    1.50410E-02    9.50063E-03    1.16700E-02    4.24204E-02
     1.33875E+00    2.51993E-01    1.47219E-01    4.47259E-01   -8.46840E-02    1.48352E-02    9.31470E-03    1.15997E-02    4.21434E-02
     1.34300E+00    2.50050E-01    1.44813E-01    4.47630E-01   -8.34164E-02    1.46332E-02    9.13154E-03    1.15310E-02    4.18694E-02
     1.34725E+00    2.48140E-01    1.42430E-01    4.47994E-01   -8.21568E-02    1.44351E-02    8.95111E-03    1.14638E-02    4.15985E-02
     1.35150E+00    2.46264E-01    1.40068E-01    4.48350E-01   -8.09052E-02    1.42409E-02    8.77337E-03    1.13980E-02    4.13306E-02
     1.35575E+00    2.44420E-01    1.37727E-01    4.48700E-01   -7.96616E-02    1.40503E-02    8.59827E-03    1.13337E-02    4.10657E-02
     1.36000E+00    2.42609E-01    1.35408E-01    4.49043E-01   -7.84258E-02    1.38635E-02    8.42578E-03    1.12707E-02    4.08039E-02
     1.36425E+00    2.40831E-01    1.33110E-01    4.49379E-01   -7.71977E-02    1.36804E-02    8.25584E-03    1.12092E-02    4.05451E-02
     1.36850E+00    2.39084E-01    1.30833E-01    4.49708E-01   -7.59775E-02    1.35008E-02    8.08842E-03    1.11490E-02    4.02893E-02
     1.37275E+00    2.37368E-01    1.28577E-01    4.50031E-01   -7.47648E-02    1.33247E-02    7.92347E-03    1.10902E-02    4.00365E-02
     1.37700E+00    2.35684E-01    1.26340E-01    4.50348E-01   -7.35598E-02    1.31522E-02    7.76096E-03    1.10326E-02    3.97868E-02
     1.38125E+00    2.34030E-01    1.24124E-01    4.50658E-01   -7.23624E-02    1.29831E-02    7.60084E-03    1.09764E-02    3.95401E-02
     1.38550E+00    2.32407E-01    1.21928E-01    4.50962E-01   -7.11724E-02    1.28175E-02    7.44308E-03    1.09214E-02    3.92964E-02
     1.38975E+00    2.30814E-01    1.19751E-01    4.51259E-01   -6.99898E-02    1.26551E-02    7.28762E-03    1.08677E-02    3.90558E-02
     1.39400E+00    2.29251E-01    1.17593E-01    4.51551E-01   -6.88146E-02    1.24961E-02    7.13445E-03    1.08151E-02    3.88181E-02
     1.39825E+00    2.27717E-01    1.15455E-01    4.51836E-01   -6.76467E-02    1.23404E-02    6.98350E-03    1.07638E-02    3.85835E-02
     1.40250E+00    2.26213E-01    1.13336E-01    4.52116E-01   -6.64860E-02    1.21879E-02    6.83475E-03    1.07137E-02    3.83520E-02
     1.40675E+00    2.24737E-01    1.11235E-01    4.52390E-01   -6.53325E-02    1.20385E-02    6.68817E-03    1.06647E-02    3.81234E-02
     1.41100E+00    2.23290E-01    1.09153E-01    4.52658E-01   -6.41861E-02    1.18923E-02    6.54370E-03    1.06168E-02    3.78979E-02
     1.41525E+00    2.21871E-01    1.07089E-01    4.52920E-01   -6.30468E-02    1.17492E-02    6.40132E-03    1.05701E-02    3.76755E-02
     1.41950E+00    2.20481E-01    1.05044E-01    4.53177E-01   -6.19145E-02    1.16091E-02    6.26099E-03    1.05244E-02    3.74560E-02
     1.42375E+00    2.19117E-01    1.03016E-01    4.53428E-01   -6.07891E-02    1.14721E-02    6.12266E-03    1.04798E-02    3.72396E-02
     1.42800E+00    2.17782E-01    1.01005E-01    4.53674E-01   -5.96706E-02    1.13380E-02    5.98632E-03    1.04363E-02    3.70262E-02
     1.43225E+00    2.16473E-01    9.90121E-02    4.53914E-01   -5.85589E-02    1.12068E-02    5.85191E-03    1.03939E-02    3.68159E-02
     1.43650E+00    2.15191E-01    9.70363E-02    4.54149E-01   -5.74540E-02    1.10786E-02    5.71941E-03    1.03524E-02    3.66085E-02
     1.44075E+00    2.13936E-01    9.50774E-02    4.54379E-01   -5.63558E-02    1.09531E-02    5.58878E-03    1.03120E-02    3.64043E-02
     1.44500E+00    2.12707E-01    9.31352E-02    4.54603E-01   -5.52643E-02    1.08305E-02    5.45999E-03    1.02725E-02    3.62030E-02
     1.44925E+00    2.11504E-01    9.12096E-02    4.54822E-01   -5.41793E-02    1.07107E-02    5.33300E-03    1.02340E-02    3.60048E-02
     1.45350E+00    2.10327E-01    8.93002E-02    4.55037E-01   -5.31009E-02    1.05937E-02    5.20778E-03    1.01965E-02    3.58097E-02
     1.45775E+00    2.09175E-01    8.74070E-02    4.55246E-01   -5.20289E-02    1.04793E-02    5.08429E-03    1.01599E-02    3.56176E-02
     1.46200E+00    2.08049E-01    8.55297E-02    4.55451E-01   -5.09634E-02    1.03676E-02    4.96251E-03    1.01242E-02    3.54285E-02
     1.46625E+00    2.06948E-01    8.36680E-02    4.55650E-01   -4.99042E-02    1.02585E-02    4.84240E-03    1.00895E-02    3.52425E-02
     1.47050E+00    2.05871E-01    8.18219E-02    4.55845E-01   -4.88513E-02    1.01521E-02    4.72393E-03    1.00556E-02    3.50596E-02
     1.47475E+00    2.04819E-01    7.99910E-02    4.56035E-01   -4.78047E-02    1.00482E-02    4.60707E-03    1.00226E-02    3.48797E-02
     1.47900E+00    2.03791E-01    7.81752E-02    4.56220E-01   -4.67643E-02    9.94687E-03    4.49179E-03    9.99048E-03    3.47029E-02
     1.48325E+00    2.02788E-01    7.63743E-02    4.56401E-01   -4.57301E-02    9.84803E-03    4.37805E-03    9.95921E-03    3.45291E-02
     1.48750E+00    2.01808E-01    7.45880E-02    4.56577E-01   -4.47020E-02    9.75168E-03    4.26583E-03    9.92877E-03    3.43584E-02
     1.49175E+00    2.00852E-01    7.28163E-02    4.56749E-01   -4.36798E-02    9.65777E-03    4.15509E-03    9.89915E-03    3.41908E-02
     1.49600E+00    1.99919E-01    7.10588E-02    4.56916E-01   -4.26637E-02    9.56628E-03    4.04581E-03    9.87035E-03    3.40263E-02
     1.50025E+00    1.99009E-01    6.93154E-02    4.57079E-01   -4.16535E-02    9.47717E-03    3.93796E-03    9.84234E-03    3.38648E-02
     1.50450E+00    1.98122E-01    6.75859E-02    4.57237E-01   -4.06492E-02    9.39042E-03    3.83150E-03    9.81512E-03    3.37065E-02
     1.50875E+00    1.97258E-01    6.58701E-02    4.57391E-01   -3.96508E-02    9.30600E-03    3.72641E-03    9.78868E-03    3.35512E-02
     1.51300E+00    1.96417E-01    6.41678E-02    4.57541E-01   -3.86581E-02    9.22389E-03    3.62266E-03    9.76299E-03    3.33991E-02
     1.51725E+00    1.95598E-01    6.24789E-02    4.57687E-01   -3.76711E-02    9.14405E-03    3.52022E-03    9.73805E-03    3.32500E-02
     1.52150E+00    1.94801E-01    6.08031E-02    4.57828E-01   -3.66899E-02    9.06645E-03    3.41906E-03    9.71386E-03    3.31041E-02
     1.52575E+00    1.94026E-01    5.91403E-02    4.57966E-01   -3.57142E-02    8.99108E-03    3.31917E-03    9.69039E-03    3.29613E-02
     1.53000E+00    1.93272E-01    5.74902E-02    4.58099E-01   -3.47442E-02    8.91791E-03    3.22050E-03    9.66763E-03    3.28217E-02
     1.53425E+00    1.92540E-01    5.58527E-02    4.58229E-01   -3.37796E-02    8.84690E-03    3.12303E-03    9.64559E-03    3.26852E-02
     1.53850E+00    1.91830E-01    5.42276E-02    4.58354E-01   -3.28206E-02    8.77805E-03    3.02674E-03    9.62423E-03    3.25518E-02
     1.54275E+00    1.91141E-01    5.26148E-02    4.58476E-01   -3.18670E-02    8.71131E-03    2.93159E-03    9.60357E-03    3.24216E-02
     1.54700E+00    1.90472E-01    5.10140E-02    4.58593E-01   -3.09188E-02    8.64668E-03    2.83757E-03    9.58358E-03    3.22946E-02
     1.55125E+00    1.89825E-01    4.94250E-02    4.58707E-01   -2.99759E-02    8.58412E-03    2.74465E-03    9.56426E-03    3.21707E-02
     1.55550E+00    1.89198E-01    4.78478E-02    4.58817E-01   -2.90383E-02    8.52362E-03    2.65280E-03    9.54560E-03    3.20501E-02
     1.55975E+00    1.88592E-01    4.62821E-02    4.58924E-01   -2.81060E-02    8.46515E-03    2.56199E-03    9.52759E-03    3.19326E-02
     1.56400E+00    1.88006E-01    4.47277E-02    4.59026E-01   -2.71788E-02    8.40869E-03    2.47220E-03    9.51021E-03    3.18184E-02
     1.56825E+00    1.87440E-01    4.31845E-02    4.59125E-01   -2.62568E-02    8.35422E-03    2.38341E-03    9.49347E-03    3.17073E-02
     1.57250E+00    1.86894E-01    4.16523E-02    4.59221E-01   -2.53399E-02    8.30172E-03    2.29560E-03    9.47735E-03    3.15996E-02
     1.57675E+00    1.86368E-01    4.01309E-02    4.59313E-01   -2.44281E-02    8.25117E-03    2.20873E-03    9.46185E-03    3.14950E-02
     1.58100E+00    1.85861E-01    3.86202E-02    4.59401E-01   -2.35213E-02    8.20255E-03    2.12278E-03    9.44696E-03    3.13938E-02
     1.58525E+00    1.85375E-01    3.71200E-02    4.59486E-01   -2.26195E-02    8.15584E-03    2.03773E-03    9.43266E-03    3.12958E-02
     1.58950E+00    1.84907E-01    3.56302E-02    4.59567E-01   -2.17226E-02    8.11102E-03    1.95356E-03    9.41896E-03    3.12011E-02
     1.59375E+00    1.84459E-01    3.41505E-02    4.59645E-01   -2.08305E-02    8.06808E-03    1.87024E-03    9.40585E-03    3.11097E-02
     1.59800E+00    1.84029E-01    3.26808E-02    4.59719E-01   -1.99434E-02    8.02699E-03    1.78775E-03    9.39331E-03    3.10217E-02
     1.60225E+00    1.83619E-01    3.12210E-02    4.59790E-01   -1.90610E-02    7.98774E-03    1.70607E-03    9.38135E-03    3.09369E-02
     1.60650E+00    1.83227E-01    2.97709E-02    4.59858E-01   -1.81834E-02    7.95031E-03    1.62517E-03    9.36995E-03    3.08556E-02
     1.61075E+00    1.82854E-01    2.83303E-02    4.59923E-01   -1.73105E-02    7.91469E-03    1.54503E-03    9.35911E-03    3.07776E-02
     1.61500E+00    1.82500E-01    2.68991E-02    4.59984E-01   -1.64423E-02    7.88086E-03    1.46563E-03    9.34882E-03    3.07030E-02
     1.61925E+00    1.82164E-01    2.54771E-02    4.60042E-01   -1.55787E-02    7.84880E-03    1.38694E-03    9.33908E-03    3.06318E-02
     1.62350E+00    1.81846E-01    2.40642E-02    4.60097E-01   -1.47197E-02    7.81850E-03    1.30895E-03    9.32988E-03    3.05641E-02
     1.62775E+00    1.81546E-01    2.26602E-02    4.60148E-01   -1.38653E-02    7.78995E-03    1.23164E-03    9.32122E-03    3.04997E-02
     1.63200E+00    1.81265E-01    2.12649E-02    4.60197E-01   -1.30154E-02    7.76312E-03    1.15498E-03    9.31308E-03    3.04389E-02
     1.63625E+00    1.81001E-01    1.98783E-02    4.60242E-01   -1.21699E-02    7.73801E-03    1.07894E-03    9.30548E-03    3.03816E-02
     1.64050E+00    1.80755E-01    1.85001E-02    4.60284E-01   -1.13289E-02    7.71460E-03    1.00352E-03    9.29839E-03    3.03277E-02
     1.64475E+00    1.80526E-01    1.71302E-02    4.60323E-01   -1.04923E-02    7.69289E-03    9.28680E-04    9.29182E-03    3.02774E-02
     1.64900E+00    1.80316E-01    1.57685E-02    4.60359E-01   -9.66007E-03    7.67285E-03    8.54411E-04    9.28576E-03    3.02307E-02
     1.65325E+00    1.80122E-01    1.44148E-02    4.60392E-01   -8.83215E-03    7.65447E-03    7.80687E-04    9.28020E-03    3.01876E-02
     1.65750E+00    1.79946E-01    1.30690E-02    4.60422E-01   -8.00852E-03    7.63775E-03    7.07489E-04    9.27515E-03    3.01480E-02
     1.66175E+00    1.79787E-01    1.17309E-02    4.60450E-01   -7.18913E-03    7.62266E-03    6.34797E-04    9.27059E-03    3.01121E-02
     1.66600E+00    1.79645E-01    1.04004E-02    4.60474E-01   -6.37396E-03    7.60921E-03    5.62589E-04    9.26653E-03    3.00799E-02
     1.67025E+00    1.79521E-01    9.07740E-03    4.60495E-01   -5.56296E-03    7.59737E-03    4.90846E-04    9.26296E-03    3.00513E-02
     1.67450E+00    1.79413E-01    7.76166E-03    4.60513E-01   -4.75611E-03    7.58715E-03    4.19549E-04    9.25987E-03    3.00264E-02
     1.67875E+00    1.79322E-01    6.45310E-03    4.60529E-01   -3.95336E-03    7.57852E-03    3.48676E-04    9.25727E-03    3.00053E-02
     1.68300E+00    1.79248E-01    5.15156E-03    4.60541E-01   -3.15468E-03    7.57148E-03    2.78208E-04    9.25515E-03    2.99880E-02
     1.68725E+00    1.79190E-01    3.85693E-03    4.60551E-01   -2.36004E-03    7.56602E-03    2.08127E-04    9.25350E-03    2.99744E-02
     1.69150E+00    1.79149E-01    2.56905E-03    4.60558E-01   -1.56940E-03    7.56213E-03    1.38411E-04    9.25233E-03    2.99647E-02
     1.69575E+00    1.79124E-01    1.28779E-03    4.60562E-01   -7.82731E-04    7.55980E-03    6.90417E-05    9.25163E-03    2.99589E-02
     1.70000E+00    1.79116E-01    1.30278E-05    4.60564E-01   -1.67186-147    7.55903E-03   -2.42269E-25    9.25140E-03    2.99569E-02
