     1.00000E-05    4.44794E+00   -6.38016E-05   -7.94559E-01   -2.78497E-05    5.34229E-01    1.30019E-05    5.24047E-01    1.75058E-10
     4.50997E-03    4.44760E+00    3.11371E-02   -7.94427E-01   -1.25590E-02    5.34193E-01    5.86315E-03    5.23986E-01    3.56024E-05
     9.00995E-03    4.44658E+00    6.21899E-02   -7.94032E-01   -2.50831E-02    5.34087E-01    1.17093E-02    5.23803E-01    1.42047E-04
     1.35099E-02    4.44488E+00    9.32121E-02   -7.93374E-01   -3.75934E-02    5.33910E-01    1.75476E-02    5.23498E-01    3.19194E-04
     1.80099E-02    4.44251E+00    1.24189E-01   -7.92455E-01   -5.00827E-02    5.33662E-01    2.33740E-02    5.23072E-01    5.66811E-04
     2.25099E-02    4.43947E+00    1.55104E-01   -7.91274E-01   -6.25443E-02    5.33343E-01    2.91845E-02    5.22526E-01    8.84574E-04
     2.70098E-02    4.43575E+00    1.85943E-01   -7.89833E-01   -7.49713E-02    5.32954E-01    3.49754E-02    5.21859E-01    1.27207E-03
     3.15098E-02    4.43136E+00    2.16692E-01   -7.88132E-01   -8.73569E-02    5.32495E-01    4.07426E-02    5.21072E-01    1.72878E-03
     3.60098E-02    4.42631E+00    2.47334E-01   -7.86175E-01   -9.96943E-02    5.31965E-01    4.64825E-02    5.20166E-01    2.25412E-03
     4.05098E-02    4.42059E+00    2.77855E-01   -7.83962E-01   -1.11977E-01    5.31366E-01    5.21911E-02    5.19141E-01    2.84741E-03
     4.50097E-02    4.41421E+00    3.08241E-01   -7.81495E-01   -1.24198E-01    5.30698E-01    5.78647E-02    5.18000E-01    3.50786E-03
     4.95097E-02    4.40718E+00    3.38477E-01   -7.78776E-01   -1.36351E-01    5.29960E-01    6.34996E-02    5.16741E-01    4.23463E-03
     5.40097E-02    4.39949E+00    3.68548E-01   -7.75808E-01   -1.48429E-01    5.29153E-01    6.90921E-02    5.15368E-01    5.02678E-03
     5.85097E-02    4.39116E+00    3.98441E-01   -7.72593E-01   -1.60426E-01    5.28278E-01    7.46387E-02    5.13881E-01    5.88329E-03
     6.30097E-02    4.38219E+00    4.28141E-01   -7.69134E-01   -1.72337E-01    5.27335E-01    8.01359E-02    5.12281E-01    6.80305E-03
     6.75096E-02    4.37258E+00    4.57635E-01   -7.65434E-01   -1.84154E-01    5.26324E-01    8.55801E-02    5.10570E-01    7.78490E-03
     7.20096E-02    4.36234E+00    4.86908E-01   -7.61496E-01   -1.95872E-01    5.25247E-01    9.09680E-02    5.08749E-01    8.82758E-03
     7.65096E-02    4.35147E+00    5.15948E-01   -7.57323E-01   -2.07485E-01    5.24102E-01    9.62962E-02    5.06820E-01    9.92977E-03
     8.10095E-02    4.33999E+00    5.44742E-01   -7.52920E-01   -2.18986E-01    5.22892E-01    1.01562E-01    5.04784E-01    1.10901E-02
     8.55095E-02    4.32790E+00    5.73276E-01   -7.48288E-01   -2.30372E-01    5.21616E-01    1.06761E-01    5.02643E-01    1.23071E-02
     9.00095E-02    4.31521E+00    6.01538E-01   -7.43434E-01   -2.41635E-01    5.20275E-01    1.11892E-01    5.00400E-01    1.35792E-02
     9.45095E-02    4.30193E+00    6.29516E-01   -7.38359E-01   -2.52771E-01    5.18870E-01    1.16950E-01    4.98056E-01    1.49049E-02
     9.90094E-02    4.28805E+00    6.57197E-01   -7.33069E-01   -2.63775E-01    5.17401E-01    1.21934E-01    4.95612E-01    1.62825E-02
     1.03509E-01    4.27360E+00    6.84571E-01   -7.27568E-01   -2.74642E-01    5.15869E-01    1.26840E-01    4.93072E-01    1.77104E-02
     1.08009E-01    4.25858E+00    7.11625E-01   -7.21860E-01   -2.85366E-01    5.14276E-01    1.31666E-01    4.90437E-01    1.91868E-02
     1.12509E-01    4.24300E+00    7.38348E-01   -7.15951E-01   -2.95943E-01    5.12620E-01    1.36409E-01    4.87709E-01    2.07099E-02
     1.17009E-01    4.22687E+00    7.64731E-01   -7.09843E-01   -3.06369E-01    5.10904E-01    1.41068E-01    4.84891E-01    2.22780E-02
     1.21509E-01    4.21020E+00    7.90761E-01   -7.03543E-01   -3.16640E-01    5.09128E-01    1.45638E-01    4.81985E-01    2.38890E-02
     1.26009E-01    4.19300E+00    8.16430E-01   -6.97055E-01   -3.26751E-01    5.07293E-01    1.50119E-01    4.78993E-01    2.55412E-02
     1.30509E-01    4.17527E+00    8.41727E-01   -6.90385E-01   -3.36698E-01    5.05399E-01    1.54508E-01    4.75918E-01    2.72326E-02
     1.35009E-01    4.15704E+00    8.66643E-01   -6.83537E-01   -3.46478E-01    5.03448E-01    1.58804E-01    4.72762E-01    2.89613E-02
     1.39509E-01    4.13830E+00    8.91170E-01   -6.76516E-01   -3.56088E-01    5.01441E-01    1.63004E-01    4.69527E-01    3.07251E-02
     1.44009E-01    4.11908E+00    9.15298E-01   -6.69328E-01   -3.65523E-01    4.99377E-01    1.67106E-01    4.66217E-01    3.25222E-02
     1.48509E-01    4.09937E+00    9.39019E-01   -6.61979E-01   -3.74781E-01    4.97259E-01    1.71110E-01    4.62833E-01    3.43506E-02
     1.53009E-01    4.07920E+00    9.62326E-01   -6.54473E-01   -3.83859E-01    4.95087E-01    1.75013E-01    4.59379E-01    3.62081E-02
     1.57509E-01    4.05857E+00    9.85211E-01   -6.46816E-01   -3.92754E-01    4.92863E-01    1.78814E-01    4.55856E-01    3.80927E-02
     1.62009E-01    4.03750E+00    1.00767E+00   -6.39014E-01   -4.01463E-01    4.90586E-01    1.82512E-01    4.52268E-01    4.00024E-02
     1.66509E-01    4.01599E+00    1.02969E+00   -6.31071E-01   -4.09985E-01    4.88258E-01    1.86106E-01    4.48617E-01    4.19350E-02
     1.71009E-01    3.99406E+00    1.05126E+00   -6.22994E-01   -4.18317E-01    4.85881E-01    1.89594E-01    4.44906E-01    4.38886E-02
     1.75509E-01    3.97172E+00    1.07239E+00   -6.14789E-01   -4.26457E-01    4.83455E-01    1.92976E-01    4.41138E-01    4.58611E-02
     1.80009E-01    3.94898E+00    1.09307E+00   -6.06460E-01   -4.34403E-01    4.80981E-01    1.96251E-01    4.37314E-01    4.78504E-02
     1.84509E-01    3.92586E+00    1.11329E+00   -5.98013E-01   -4.42154E-01    4.78460E-01    1.99419E-01    4.33439E-01    4.98544E-02
     1.89009E-01    3.90236E+00    1.13304E+00   -5.89455E-01   -4.49708E-01    4.75893E-01    2.02478E-01    4.29514E-01    5.18712E-02
     1.93509E-01    3.87850E+00    1.15233E+00   -5.80789E-01   -4.57065E-01    4.73282E-01    2.05429E-01    4.25542E-01    5.38987E-02
     1.98009E-01    3.85429E+00    1.17114E+00   -5.72023E-01   -4.64222E-01    4.70627E-01    2.08270E-01    4.21526E-01    5.59349E-02
     2.02509E-01    3.82974E+00    1.18948E+00   -5.63162E-01   -4.71181E-01    4.67930E-01    2.11003E-01    4.17469E-01    5.79778E-02
     2.07009E-01    3.80486E+00    1.20734E+00   -5.54211E-01   -4.77939E-01    4.65192E-01    2.13625E-01    4.13372E-01    6.00256E-02
     2.11509E-01    3.77968E+00    1.22472E+00   -5.45176E-01   -4.84496E-01    4.62413E-01    2.16139E-01    4.09240E-01    6.20761E-02
     2.16009E-01    3.75419E+00    1.24161E+00   -5.36061E-01   -4.90852E-01    4.59595E-01    2.18543E-01    4.05074E-01    6.41276E-02
     2.20509E-01    3.72841E+00    1.25802E+00   -5.26873E-01   -4.97007E-01    4.56739E-01    2.20838E-01    4.00877E-01    6.61782E-02
     2.25009E-01    3.70236E+00    1.27395E+00   -5.17618E-01   -5.02961E-01    4.53847E-01    2.23024E-01    3.96652E-01    6.82260E-02
     2.29509E-01    3.67604E+00    1.28938E+00   -5.08299E-01   -5.08715E-01    4.50919E-01    2.25102E-01    3.92401E-01    7.02693E-02
     2.34009E-01    3.64947E+00    1.30432E+00   -4.98923E-01   -5.14268E-01    4.47956E-01    2.27072E-01    3.88126E-01    7.23062E-02
     2.38509E-01    3.62266E+00    1.31878E+00   -4.89494E-01   -5.19621E-01    4.44960E-01    2.28934E-01    3.83830E-01    7.43351E-02
     2.43009E-01    3.59562E+00    1.33274E+00   -4.80018E-01   -5.24775E-01    4.41932E-01    2.30690E-01    3.79516E-01    7.63542E-02
     2.47509E-01    3.56837E+00    1.34621E+00   -4.70500E-01   -5.29730E-01    4.38872E-01    2.32340E-01    3.75186E-01    7.83619E-02
     2.52009E-01    3.54091E+00    1.35919E+00   -4.60944E-01   -5.34488E-01    4.35783E-01    2.33884E-01    3.70842E-01    8.03566E-02
     2.56509E-01    3.51326E+00    1.37169E+00   -4.51356E-01   -5.39050E-01    4.32666E-01    2.35324E-01    3.66487E-01    8.23368E-02
     2.61009E-01    3.48543E+00    1.38369E+00   -4.41740E-01   -5.43417E-01    4.29520E-01    2.36661E-01    3.62123E-01    8.43010E-02
     2.65509E-01    3.45743E+00    1.39521E+00   -4.32101E-01   -5.47590E-01    4.26348E-01    2.37896E-01    3.57752E-01    8.62476E-02
     2.70008E-01    3.42928E+00    1.40624E+00   -4.22444E-01   -5.51571E-01    4.23151E-01    2.39029E-01    3.53376E-01    8.81753E-02
     2.74508E-01    3.40097E+00    1.41679E+00   -4.12773E-01   -5.55361E-01    4.19930E-01    2.40063E-01    3.48998E-01    9.00827E-02
     2.79008E-01    3.37254E+00    1.42686E+00   -4.03092E-01   -5.58963E-01    4.16686E-01    2.40998E-01    3.44619E-01    9.19685E-02
     2.83508E-01    3.34398E+00    1.43645E+00   -3.93406E-01   -5.62377E-01    4.13421E-01    2.41836E-01    3.40243E-01    9.38314E-02
     2.88008E-01    3.31531E+00    1.44557E+00   -3.83719E-01   -5.65606E-01    4.10134E-01    2.42577E-01    3.35869E-01    9.56703E-02
     2.92508E-01    3.28653E+00    1.45421E+00   -3.74035E-01   -5.68653E-01    4.06829E-01    2.43224E-01    3.31501E-01    9.74839E-02
     2.97008E-01    3.25767E+00    1.46239E+00   -3.64359E-01   -5.71518E-01    4.03505E-01    2.43778E-01    3.27141E-01    9.92711E-02
     3.01508E-01    3.22872E+00    1.47010E+00   -3.54693E-01   -5.74205E-01    4.00163E-01    2.44241E-01    3.22790E-01    1.01031E-01
     3.06008E-01    3.19971E+00    1.47734E+00   -3.45041E-01   -5.76715E-01    3.96806E-01    2.44613E-01    3.18450E-01    1.02762E-01
     3.10508E-01    3.17063E+00    1.48414E+00   -3.35408E-01   -5.79051E-01    3.93433E-01    2.44897E-01    3.14124E-01    1.04464E-01
     3.15008E-01    3.14151E+00    1.49048E+00   -3.25797E-01   -5.81215E-01    3.90047E-01    2.45094E-01    3.09811E-01    1.06136E-01
     3.19508E-01    3.11235E+00    1.49637E+00   -3.16211E-01   -5.83210E-01    3.86648E-01    2.45206E-01    3.05515E-01    1.07777E-01
     3.24008E-01    3.08315E+00    1.50181E+00   -3.06654E-01   -5.85038E-01    3.83237E-01    2.45235E-01    3.01237E-01    1.09386E-01
     3.28508E-01    3.05394E+00    1.50682E+00   -2.97129E-01   -5.86703E-01    3.79816E-01    2.45182E-01    2.96977E-01    1.10962E-01
     3.33008E-01    3.02471E+00    1.51140E+00   -2.87638E-01   -5.88206E-01    3.76385E-01    2.45049E-01    2.92739E-01    1.12504E-01
     3.37508E-01    2.99549E+00    1.51554E+00   -2.78186E-01   -5.89550E-01    3.72945E-01    2.44838E-01    2.88523E-01    1.14013E-01
     3.42008E-01    2.96626E+00    1.51927E+00   -2.68774E-01   -5.90739E-01    3.69498E-01    2.44551E-01    2.84330E-01    1.15487E-01
     3.46508E-01    2.93706E+00    1.52258E+00   -2.59406E-01   -5.91775E-01    3.66045E-01    2.44189E-01    2.80162E-01    1.16926E-01
     3.51008E-01    2.90788E+00    1.52547E+00   -2.50084E-01   -5.92660E-01    3.62586E-01    2.43754E-01    2.76020E-01    1.18329E-01
     3.55508E-01    2.87873E+00    1.52797E+00   -2.40811E-01   -5.93398E-01    3.59123E-01    2.43249E-01    2.71906E-01    1.19697E-01
     3.60008E-01    2.84962E+00    1.53006E+00   -2.31589E-01   -5.93991E-01    3.55656E-01    2.42675E-01    2.67820E-01    1.21027E-01
     3.64508E-01    2.82056E+00    1.53176E+00   -2.22421E-01   -5.94443E-01    3.52187E-01    2.42034E-01    2.63763E-01    1.22321E-01
     3.69008E-01    2.79156E+00    1.53307E+00   -2.13308E-01   -5.94756E-01    3.48717E-01    2.41327E-01    2.59737E-01    1.23578E-01
     3.73508E-01    2.76262E+00    1.53400E+00   -2.04254E-01   -5.94934E-01    3.45245E-01    2.40557E-01    2.55742E-01    1.24797E-01
     3.78008E-01    2.73375E+00    1.53456E+00   -1.95259E-01   -5.94978E-01    3.41775E-01    2.39725E-01    2.51780E-01    1.25978E-01
     3.82508E-01    2.70496E+00    1.53475E+00   -1.86326E-01   -5.94893E-01    3.38305E-01    2.38834E-01    2.47852E-01    1.27121E-01
     3.87008E-01    2.67625E+00    1.53459E+00   -1.77457E-01   -5.94681E-01    3.34838E-01    2.37886E-01    2.43957E-01    1.28227E-01
     3.91508E-01    2.64764E+00    1.53406E+00   -1.68653E-01   -5.94345E-01    3.31374E-01    2.36881E-01    2.40097E-01    1.29294E-01
     3.96008E-01    2.61912E+00    1.53319E+00   -1.59917E-01   -5.93889E-01    3.27913E-01    2.35822E-01    2.36273E-01    1.30323E-01
     4.00508E-01    2.59071E+00    1.53199E+00   -1.51248E-01   -5.93314E-01    3.24458E-01    2.34711E-01    2.32486E-01    1.31314E-01
     4.05008E-01    2.56241E+00    1.53044E+00   -1.42650E-01   -5.92624E-01    3.21008E-01    2.33549E-01    2.28736E-01    1.32267E-01
     4.09508E-01    2.53423E+00    1.52857E+00   -1.34124E-01   -5.91822E-01    3.17565E-01    2.32339E-01    2.25023E-01    1.33181E-01
     4.14008E-01    2.50617E+00    1.52639E+00   -1.25669E-01   -5.90912E-01    3.14128E-01    2.31083E-01    2.21348E-01    1.34057E-01
     4.18508E-01    2.47824E+00    1.52389E+00   -1.17289E-01   -5.89894E-01    3.10700E-01    2.29781E-01    2.17712E-01    1.34895E-01
     4.23008E-01    2.45044E+00    1.52108E+00   -1.08984E-01   -5.88774E-01    3.07281E-01    2.28436E-01    2.14116E-01    1.35696E-01
     4.27508E-01    2.42278E+00    1.51798E+00   -1.00754E-01   -5.87553E-01    3.03871E-01    2.27050E-01    2.10559E-01    1.36458E-01
     4.32008E-01    2.39526E+00    1.51459E+00   -9.26013E-02   -5.86234E-01    3.00472E-01    2.25623E-01    2.07042E-01    1.37183E-01
     4.36508E-01    2.36789E+00    1.51091E+00   -8.45263E-02   -5.84821E-01    2.97083E-01    2.24159E-01    2.03565E-01    1.37871E-01
     4.41008E-01    2.34067E+00    1.50695E+00   -7.65297E-02   -5.83316E-01    2.93706E-01    2.22659E-01    2.00130E-01    1.38521E-01
     4.45508E-01    2.31361E+00    1.50273E+00   -6.86123E-02   -5.81721E-01    2.90342E-01    2.21123E-01    1.96735E-01    1.39135E-01
     4.50007E-01    2.28671E+00    1.49824E+00   -6.07746E-02   -5.80040E-01    2.86991E-01    2.19555E-01    1.93381E-01    1.39712E-01
     4.54507E-01    2.25998E+00    1.49350E+00   -5.30173E-02   -5.78275E-01    2.83653E-01    2.17955E-01    1.90069E-01    1.40253E-01
     4.59007E-01    2.23341E+00    1.48851E+00   -4.53409E-02   -5.76429E-01    2.80329E-01    2.16326E-01    1.86798E-01    1.40758E-01
     4.63507E-01    2.20702E+00    1.48328E+00   -3.77457E-02   -5.74505E-01    2.77021E-01    2.14668E-01    1.83570E-01    1.41228E-01
     4.68007E-01    2.18081E+00    1.47781E+00   -3.02322E-02   -5.72505E-01    2.73728E-01    2.12983E-01    1.80383E-01    1.41663E-01
     4.72507E-01    2.15477E+00    1.47212E+00   -2.28006E-02   -5.70431E-01    2.70451E-01    2.11273E-01    1.77238E-01    1.42063E-01
     4.77007E-01    2.12891E+00    1.46620E+00   -1.54512E-02   -5.68287E-01    2.67190E-01    2.09540E-01    1.74135E-01    1.42428E-01
     4.81507E-01    2.10325E+00    1.46007E+00   -8.18426E-03   -5.66074E-01    2.63947E-01    2.07784E-01    1.71074E-01    1.42760E-01
     4.86007E-01    2.07777E+00    1.45373E+00   -9.99830E-04   -5.63796E-01    2.60721E-01    2.06007E-01    1.68055E-01    1.43058E-01
     4.90507E-01    2.05248E+00    1.44720E+00    6.10198E-03   -5.61454E-01    2.57514E-01    2.04211E-01    1.65078E-01    1.43324E-01
     4.95007E-01    2.02738E+00    1.44046E+00    1.31211E-02   -5.59052E-01    2.54325E-01    2.02396E-01    1.62143E-01    1.43557E-01
     4.99507E-01    2.00248E+00    1.43354E+00    2.00576E-02   -5.56590E-01    2.51155E-01    2.00565E-01    1.59249E-01    1.43758E-01
     5.04007E-01    1.97778E+00    1.42645E+00    2.69115E-02   -5.54073E-01    2.48005E-01    1.98718E-01    1.56398E-01    1.43927E-01
     5.08507E-01    1.95328E+00    1.41917E+00    3.36829E-02   -5.51501E-01    2.44875E-01    1.96857E-01    1.53588E-01    1.44066E-01
     5.13007E-01    1.92898E+00    1.41173E+00    4.03719E-02   -5.48877E-01    2.41765E-01    1.94984E-01    1.50820E-01    1.44174E-01
     5.17507E-01    1.90489E+00    1.40412E+00    4.69788E-02   -5.46204E-01    2.38676E-01    1.93098E-01    1.48093E-01    1.44252E-01
     5.22007E-01    1.88100E+00    1.39637E+00    5.35037E-02   -5.43483E-01    2.35608E-01    1.91201E-01    1.45407E-01    1.44301E-01
     5.26507E-01    1.85732E+00    1.38846E+00    5.99469E-02   -5.40716E-01    2.32562E-01    1.89296E-01    1.42762E-01    1.44321E-01
     5.31007E-01    1.83384E+00    1.38041E+00    6.63087E-02   -5.37906E-01    2.29537E-01    1.87382E-01    1.40157E-01    1.44312E-01
     5.35507E-01    1.81058E+00    1.37222E+00    7.25894E-02   -5.35055E-01    2.26535E-01    1.85460E-01    1.37594E-01    1.44276E-01
     5.40007E-01    1.78753E+00    1.36390E+00    7.87894E-02   -5.32164E-01    2.23555E-01    1.83533E-01    1.35070E-01    1.44213E-01
     5.44507E-01    1.76469E+00    1.35545E+00    8.49091E-02   -5.29235E-01    2.20598E-01    1.81600E-01    1.32586E-01    1.44123E-01
     5.49007E-01    1.74206E+00    1.34688E+00    9.09488E-02   -5.26271E-01    2.17665E-01    1.79663E-01    1.30142E-01    1.44007E-01
     5.53507E-01    1.71964E+00    1.33820E+00    9.69090E-02   -5.23273E-01    2.14754E-01    1.77723E-01    1.27738E-01    1.43865E-01
     5.58007E-01    1.69744E+00    1.32941E+00    1.02790E-01   -5.20242E-01    2.11867E-01    1.75781E-01    1.25372E-01    1.43699E-01
     5.62507E-01    1.67546E+00    1.32052E+00    1.08593E-01   -5.17182E-01    2.09005E-01    1.73838E-01    1.23045E-01    1.43508E-01
     5.67007E-01    1.65369E+00    1.31153E+00    1.14318E-01   -5.14092E-01    2.06166E-01    1.71893E-01    1.20756E-01    1.43294E-01
     5.71507E-01    1.63213E+00    1.30245E+00    1.19965E-01   -5.10976E-01    2.03351E-01    1.69950E-01    1.18506E-01    1.43056E-01
     5.76007E-01    1.61079E+00    1.29328E+00    1.25535E-01   -5.07834E-01    2.00561E-01    1.68007E-01    1.16293E-01    1.42796E-01
     5.80507E-01    1.58967E+00    1.28403E+00    1.31029E-01   -5.04669E-01    1.97796E-01    1.66067E-01    1.14118E-01    1.42513E-01
     5.85007E-01    1.56877E+00    1.27470E+00    1.36447E-01   -5.01481E-01    1.95056E-01    1.64130E-01    1.11979E-01    1.42209E-01
     5.89507E-01    1.54808E+00    1.26530E+00    1.41790E-01   -4.98272E-01    1.92340E-01    1.62196E-01    1.09877E-01    1.41884E-01
     5.94007E-01    1.52760E+00    1.25583E+00    1.47058E-01   -4.95044E-01    1.89650E-01    1.60266E-01    1.07812E-01    1.41539E-01
     5.98507E-01    1.50735E+00    1.24629E+00    1.52253E-01   -4.91798E-01    1.86985E-01    1.58341E-01    1.05782E-01    1.41174E-01
     6.03007E-01    1.48730E+00    1.23670E+00    1.57374E-01   -4.88536E-01    1.84345E-01    1.56422E-01    1.03787E-01    1.40790E-01
     6.07507E-01    1.46748E+00    1.22705E+00    1.62422E-01   -4.85259E-01    1.81731E-01    1.54509E-01    1.01828E-01    1.40387E-01
     6.12007E-01    1.44787E+00    1.21736E+00    1.67399E-01   -4.81968E-01    1.79143E-01    1.52603E-01    9.99032E-02    1.39965E-01
     6.16507E-01    1.42847E+00    1.20762E+00    1.72304E-01   -4.78664E-01    1.76580E-01    1.50704E-01    9.80126E-02    1.39526E-01
     6.21007E-01    1.40929E+00    1.19784E+00    1.77139E-01   -4.75349E-01    1.74043E-01    1.48813E-01    9.61558E-02    1.39070E-01
     6.25507E-01    1.39032E+00    1.18802E+00    1.81904E-01   -4.72024E-01    1.71531E-01    1.46931E-01    9.43323E-02    1.38598E-01
     6.30006E-01    1.37156E+00    1.17816E+00    1.86599E-01   -4.68689E-01    1.69046E-01    1.45058E-01    9.25418E-02    1.38109E-01
     6.34506E-01    1.35302E+00    1.16828E+00    1.91226E-01   -4.65348E-01    1.66586E-01    1.43195E-01    9.07838E-02    1.37605E-01
     6.39006E-01    1.33469E+00    1.15838E+00    1.95786E-01   -4.61999E-01    1.64153E-01    1.41341E-01    8.90579E-02    1.37086E-01
     6.43506E-01    1.31656E+00    1.14845E+00    2.00278E-01   -4.58645E-01    1.61745E-01    1.39498E-01    8.73637E-02    1.36553E-01
     6.48006E-01    1.29865E+00    1.13850E+00    2.04704E-01   -4.55286E-01    1.59363E-01    1.37666E-01    8.57007E-02    1.36005E-01
     6.52506E-01    1.28094E+00    1.12854E+00    2.09064E-01   -4.51923E-01    1.57007E-01    1.35845E-01    8.40685E-02    1.35444E-01
     6.57006E-01    1.26345E+00    1.11857E+00    2.13360E-01   -4.48558E-01    1.54677E-01    1.34036E-01    8.24667E-02    1.34870E-01
     6.61506E-01    1.24616E+00    1.10859E+00    2.17591E-01   -4.45191E-01    1.52373E-01    1.32239E-01    8.08948E-02    1.34284E-01
     6.66006E-01    1.22907E+00    1.09860E+00    2.21759E-01   -4.41823E-01    1.50095E-01    1.30455E-01    7.93525E-02    1.33685E-01
     6.70506E-01    1.21219E+00    1.08861E+00    2.25864E-01   -4.38456E-01    1.47842E-01    1.28683E-01    7.78392E-02    1.33075E-01
     6.75006E-01    1.19551E+00    1.07863E+00    2.29907E-01   -4.35089E-01    1.45616E-01    1.26924E-01    7.63546E-02    1.32454E-01
     6.79506E-01    1.17904E+00    1.06865E+00    2.33889E-01   -4.31724E-01    1.43415E-01    1.25179E-01    7.48983E-02    1.31822E-01
     6.84006E-01    1.16276E+00    1.05868E+00    2.37811E-01   -4.28362E-01    1.41239E-01    1.23447E-01    7.34697E-02    1.31180E-01
     6.88506E-01    1.14669E+00    1.04871E+00    2.41673E-01   -4.25003E-01    1.39089E-01    1.21729E-01    7.20686E-02    1.30528E-01
     6.93006E-01    1.13081E+00    1.03876E+00    2.45475E-01   -4.21648E-01    1.36965E-01    1.20025E-01    7.06944E-02    1.29867E-01
     6.97506E-01    1.11513E+00    1.02883E+00    2.49220E-01   -4.18297E-01    1.34866E-01    1.18336E-01    6.93467E-02    1.29197E-01
     7.02006E-01    1.09964E+00    1.01891E+00    2.52907E-01   -4.14953E-01    1.32792E-01    1.16661E-01    6.80252E-02    1.28518E-01
     7.06506E-01    1.08435E+00    1.00902E+00    2.56537E-01   -4.11614E-01    1.30744E-01    1.15001E-01    6.67294E-02    1.27831E-01
     7.11006E-01    1.06925E+00    9.99145E-01    2.60111E-01   -4.08282E-01    1.28721E-01    1.13356E-01    6.54588E-02    1.27137E-01
     7.15506E-01    1.05434E+00    9.89298E-01    2.63629E-01   -4.04958E-01    1.26722E-01    1.11726E-01    6.42132E-02    1.26435E-01
     7.20006E-01    1.03962E+00    9.79478E-01    2.67093E-01   -4.01641E-01    1.24749E-01    1.10112E-01    6.29920E-02    1.25726E-01
     7.24506E-01    1.02509E+00    9.69688E-01    2.70503E-01   -3.98334E-01    1.22800E-01    1.08513E-01    6.17949E-02    1.25011E-01
     7.29006E-01    1.01074E+00    9.59929E-01    2.73860E-01   -3.95035E-01    1.20876E-01    1.06929E-01    6.06215E-02    1.24290E-01
     7.33506E-01    9.96584E-01    9.50204E-01    2.77164E-01   -3.91746E-01    1.18977E-01    1.05361E-01    5.94713E-02    1.23563E-01
     7.38006E-01    9.82607E-01    9.40515E-01    2.80416E-01   -3.88467E-01    1.17101E-01    1.03809E-01    5.83440E-02    1.22830E-01
     7.42506E-01    9.68812E-01    9.30863E-01    2.83618E-01   -3.85198E-01    1.15250E-01    1.02272E-01    5.72392E-02    1.22093E-01
     7.47006E-01    9.55198E-01    9.21251E-01    2.86768E-01   -3.81941E-01    1.13423E-01    1.00752E-01    5.61565E-02    1.21350E-01
     7.51506E-01    9.41761E-01    9.11679E-01    2.89869E-01   -3.78696E-01    1.11620E-01    9.92471E-02    5.50956E-02    1.20603E-01
     7.56006E-01    9.28502E-01    9.02150E-01    2.92921E-01   -3.75462E-01    1.09841E-01    9.77586E-02    5.40559E-02    1.19852E-01
     7.60506E-01    9.15418E-01    8.92665E-01    2.95925E-01   -3.72241E-01    1.08085E-01    9.62863E-02    5.30373E-02    1.19097E-01
     7.65006E-01    9.02507E-01    8.83226E-01    2.98880E-01   -3.69032E-01    1.06352E-01    9.48300E-02    5.20392E-02    1.18339E-01
     7.69506E-01    8.89769E-01    8.73834E-01    3.01789E-01   -3.65837E-01    1.04643E-01    9.33900E-02    5.10613E-02    1.17577E-01
     7.74006E-01    8.77201E-01    8.64490E-01    3.04651E-01   -3.62655E-01    1.02957E-01    9.19661E-02    5.01033E-02    1.16813E-01
     7.78506E-01    8.64801E-01    8.55196E-01    3.07468E-01   -3.59487E-01    1.01294E-01    9.05584E-02    4.91649E-02    1.16046E-01
     7.83006E-01    8.52569E-01    8.45954E-01    3.10239E-01   -3.56333E-01    9.96534E-02    8.91670E-02    4.82455E-02    1.15276E-01
     7.87506E-01    8.40502E-01    8.36763E-01    3.12966E-01   -3.53194E-01    9.80355E-02    8.77917E-02    4.73450E-02    1.14505E-01
     7.92006E-01    8.28599E-01    8.27626E-01    3.15649E-01   -3.50069E-01    9.64399E-02    8.64326E-02    4.64630E-02    1.13731E-01
     7.96506E-01    8.16857E-01    8.18544E-01    3.18289E-01   -3.46960E-01    9.48664E-02    8.50896E-02    4.55990E-02    1.12956E-01
     8.01006E-01    8.05276E-01    8.09517E-01    3.20887E-01   -3.43866E-01    9.33149E-02    8.37628E-02    4.47529E-02    1.12180E-01
     8.05506E-01    7.93853E-01    8.00547E-01    3.23442E-01   -3.40787E-01    9.17852E-02    8.24521E-02    4.39242E-02    1.11403E-01
     8.10005E-01    7.82588E-01    7.91634E-01    3.25956E-01   -3.37725E-01    9.02771E-02    8.11574E-02    4.31126E-02    1.10625E-01
     8.14505E-01    7.71477E-01    7.82779E-01    3.28430E-01   -3.34678E-01    8.87904E-02    7.98787E-02    4.23178E-02    1.09846E-01
     8.19005E-01    7.60521E-01    7.73984E-01    3.30863E-01   -3.31648E-01    8.73249E-02    7.86160E-02    4.15396E-02    1.09067E-01
     8.23505E-01    7.49716E-01    7.65249E-01    3.33257E-01   -3.28634E-01    8.58804E-02    7.73692E-02    4.07775E-02    1.08287E-01
     8.28005E-01    7.39061E-01    7.56574E-01    3.35612E-01   -3.25637E-01    8.44567E-02    7.61382E-02    4.00312E-02    1.07508E-01
     8.32505E-01    7.28555E-01    7.47961E-01    3.37928E-01   -3.22656E-01    8.30536E-02    7.49229E-02    3.93006E-02    1.06729E-01
     8.37005E-01    7.18196E-01    7.39410E-01    3.40207E-01   -3.19693E-01    8.16708E-02    7.37233E-02    3.85852E-02    1.05950E-01
     8.41505E-01    7.07982E-01    7.30921E-01    3.42448E-01   -3.16747E-01    8.03083E-02    7.25393E-02    3.78847E-02    1.05173E-01
     8.46005E-01    6.97911E-01    7.22496E-01    3.44653E-01   -3.13818E-01    7.89658E-02    7.13709E-02    3.71990E-02    1.04395E-01
     8.50505E-01    6.87982E-01    7.14135E-01    3.46822E-01   -3.10906E-01    7.76430E-02    7.02178E-02    3.65276E-02    1.03619E-01
     8.55005E-01    6.78194E-01    7.05837E-01    3.48955E-01   -3.08012E-01    7.63398E-02    6.90801E-02    3.58703E-02    1.02844E-01
     8.59505E-01    6.68544E-01    6.97605E-01    3.51053E-01   -3.05136E-01    7.50560E-02    6.79576E-02    3.52269E-02    1.02071E-01
     8.64005E-01    6.59031E-01    6.89437E-01    3.53116E-01   -3.02277E-01    7.37914E-02    6.68503E-02    3.45971E-02    1.01299E-01
     8.68505E-01    6.49654E-01    6.81335E-01    3.55146E-01   -2.99436E-01    7.25457E-02    6.57580E-02    3.39805E-02    1.00528E-01
     8.73005E-01    6.40410E-01    6.73298E-01    3.57142E-01   -2.96613E-01    7.13188E-02    6.46806E-02    3.33770E-02    9.97596E-02
     8.77505E-01    6.31298E-01    6.65328E-01    3.59106E-01   -2.93808E-01    7.01104E-02    6.36180E-02    3.27862E-02    9.89929E-02
     8.82005E-01    6.22317E-01    6.57424E-01    3.61036E-01   -2.91022E-01    6.89203E-02    6.25701E-02    3.22080E-02    9.82283E-02
     8.86505E-01    6.13465E-01    6.49586E-01    3.62935E-01   -2.88253E-01    6.77484E-02    6.15368E-02    3.16420E-02    9.74660E-02
     8.91005E-01    6.04740E-01    6.41815E-01    3.64803E-01   -2.85503E-01    6.65944E-02    6.05180E-02    3.10881E-02    9.67060E-02
     8.95505E-01    5.96141E-01    6.34111E-01    3.66639E-01   -2.82770E-01    6.54581E-02    5.95135E-02    3.05459E-02    9.59485E-02
     9.00005E-01    5.87666E-01    6.26474E-01    3.68446E-01   -2.80057E-01    6.43393E-02    5.85232E-02    3.00153E-02    9.51937E-02
     9.04505E-01    5.79314E-01    6.18904E-01    3.70222E-01   -2.77361E-01    6.32379E-02    5.75471E-02    2.94960E-02    9.44416E-02
     9.09005E-01    5.71083E-01    6.11401E-01    3.71968E-01   -2.74684E-01    6.21535E-02    5.65849E-02    2.89878E-02    9.36923E-02
     9.13505E-01    5.62972E-01    6.03965E-01    3.73686E-01   -2.72025E-01    6.10860E-02    5.56366E-02    2.84904E-02    9.29460E-02
     9.18005E-01    5.54979E-01    5.96597E-01    3.75375E-01   -2.69384E-01    6.00352E-02    5.47020E-02    2.80037E-02    9.22027E-02
     9.22505E-01    5.47102E-01    5.89296E-01    3.77036E-01   -2.66762E-01    5.90008E-02    5.37809E-02    2.75273E-02    9.14626E-02
     9.27005E-01    5.39340E-01    5.82062E-01    3.78669E-01   -2.64158E-01    5.79828E-02    5.28733E-02    2.70612E-02    9.07258E-02
     9.31505E-01    5.31692E-01    5.74895E-01    3.80275E-01   -2.61572E-01    5.69808E-02    5.19791E-02    2.66051E-02    8.99923E-02
     9.36005E-01    5.24156E-01    5.67796E-01    3.81854E-01   -2.59005E-01    5.59947E-02    5.10980E-02    2.61588E-02    8.92622E-02
     9.40505E-01    5.16731E-01    5.60763E-01    3.83407E-01   -2.56456E-01    5.50242E-02    5.02300E-02    2.57220E-02    8.85357E-02
     9.45005E-01    5.09415E-01    5.53798E-01    3.84934E-01   -2.53925E-01    5.40693E-02    4.93749E-02    2.52947E-02    8.78128E-02
     9.49505E-01    5.02207E-01    5.46899E-01    3.86435E-01   -2.51413E-01    5.31296E-02    4.85325E-02    2.48765E-02    8.70935E-02
     9.54005E-01    4.95106E-01    5.40067E-01    3.87911E-01   -2.48919E-01    5.22050E-02    4.77028E-02    2.44673E-02    8.63780E-02
     9.58505E-01    4.88109E-01    5.33301E-01    3.89362E-01   -2.46443E-01    5.12952E-02    4.68856E-02    2.40670E-02    8.56664E-02
     9.63005E-01    4.81216E-01    5.26602E-01    3.90789E-01   -2.43985E-01    5.04002E-02    4.60808E-02    2.36753E-02    8.49586E-02
     9.67505E-01    4.74425E-01    5.19968E-01    3.92192E-01   -2.41546E-01    4.95196E-02    4.52882E-02    2.32920E-02    8.42548E-02
     9.72005E-01    4.67735E-01    5.13401E-01    3.93572E-01   -2.39124E-01    4.86533E-02    4.45077E-02    2.29170E-02    8.35550E-02
     9.76505E-01    4.61145E-01    5.06899E-01    3.94928E-01   -2.36720E-01    4.78012E-02    4.37391E-02    2.25501E-02    8.28592E-02
     9.81005E-01    4.54653E-01    5.00462E-01    3.96261E-01   -2.34335E-01    4.69629E-02    4.29823E-02    2.21912E-02    8.21676E-02
     9.85505E-01    4.48258E-01    4.94091E-01    3.97572E-01   -2.31967E-01    4.61384E-02    4.22372E-02    2.18400E-02    8.14802E-02
     9.90004E-01    4.41958E-01    4.87784E-01    3.98861E-01   -2.29617E-01    4.53274E-02    4.15037E-02    2.14964E-02    8.07970E-02
     9.94504E-01    4.35752E-01    4.81542E-01    4.00128E-01   -2.27285E-01    4.45298E-02    4.07815E-02    2.11603E-02    8.01180E-02
     9.99004E-01    4.29640E-01    4.75364E-01    4.01374E-01   -2.24970E-01    4.37453E-02    4.00706E-02    2.08314E-02    7.94434E-02
     1.00350E+00    4.23619E-01    4.69250E-01    4.02598E-01   -2.22673E-01    4.29739E-02    3.93707E-02    2.05097E-02    7.87731E-02
     1.00800E+00    4.17689E-01    4.63199E-01    4.03802E-01   -2.20394E-01    4.22152E-02    3.86819E-02    2.01949E-02    7.81073E-02
     1.01250E+00    4.11848E-01    4.57212E-01    4.04986E-01   -2.18132E-01    4.14692E-02    3.80039E-02    1.98870E-02    7.74458E-02
     1.01700E+00    4.06095E-01    4.51288E-01    4.06150E-01   -2.15887E-01    4.07355E-02    3.73366E-02    1.95857E-02    7.67888E-02
     1.02150E+00    4.00429E-01    4.45425E-01    4.07294E-01   -2.13660E-01    4.00142E-02    3.66798E-02    1.92910E-02    7.61363E-02
     1.02600E+00    3.94848E-01    4.39625E-01    4.08418E-01   -2.11450E-01    3.93050E-02    3.60335E-02    1.90028E-02    7.54884E-02
     1.03050E+00    3.89352E-01    4.33887E-01    4.09523E-01   -2.09257E-01    3.86077E-02    3.53975E-02    1.87207E-02    7.48450E-02
     1.03500E+00    3.83939E-01    4.28210E-01    4.10610E-01   -2.07081E-01    3.79221E-02    3.47716E-02    1.84448E-02    7.42061E-02
     1.03950E+00    3.78608E-01    4.22594E-01    4.11678E-01   -2.04922E-01    3.72481E-02    3.41558E-02    1.81750E-02    7.35719E-02
     1.04400E+00    3.73359E-01    4.17039E-01    4.12728E-01   -2.02780E-01    3.65855E-02    3.35498E-02    1.79109E-02    7.29422E-02
     1.04850E+00    3.68189E-01    4.11543E-01    4.13761E-01   -2.00655E-01    3.59342E-02    3.29536E-02    1.76527E-02    7.23172E-02
     1.05300E+00    3.63097E-01    4.06108E-01    4.14775E-01   -1.98546E-01    3.52939E-02    3.23670E-02    1.74000E-02    7.16969E-02
     1.05750E+00    3.58083E-01    4.00731E-01    4.15773E-01   -1.96454E-01    3.46646E-02    3.17899E-02    1.71529E-02    7.10812E-02
     1.06200E+00    3.53146E-01    3.95414E-01    4.16753E-01   -1.94378E-01    3.40460E-02    3.12222E-02    1.69112E-02    7.04702E-02
     1.06650E+00    3.48284E-01    3.90154E-01    4.17717E-01   -1.92319E-01    3.34380E-02    3.06637E-02    1.66747E-02    6.98638E-02
     1.07100E+00    3.43497E-01    3.84953E-01    4.18664E-01   -1.90275E-01    3.28404E-02    3.01143E-02    1.64434E-02    6.92622E-02
     1.07550E+00    3.38783E-01    3.79809E-01    4.19595E-01   -1.88248E-01    3.22531E-02    2.95739E-02    1.62171E-02    6.86653E-02
     1.08000E+00    3.34141E-01    3.74722E-01    4.20510E-01   -1.86237E-01    3.16759E-02    2.90423E-02    1.59958E-02    6.80731E-02
     1.08450E+00    3.29571E-01    3.69692E-01    4.21409E-01   -1.84242E-01    3.11087E-02    2.85195E-02    1.57793E-02    6.74856E-02
     1.08900E+00    3.25070E-01    3.64718E-01    4.22294E-01   -1.82263E-01    3.05514E-02    2.80052E-02    1.55675E-02    6.69028E-02
     1.09350E+00    3.20639E-01    3.59799E-01    4.23162E-01   -1.80299E-01    3.00037E-02    2.74995E-02    1.53603E-02    6.63248E-02
     1.09800E+00    3.16277E-01    3.54936E-01    4.24017E-01   -1.78351E-01    2.94655E-02    2.70020E-02    1.51577E-02    6.57515E-02
     1.10250E+00    3.11981E-01    3.50127E-01    4.24856E-01   -1.76419E-01    2.89367E-02    2.65129E-02    1.49595E-02    6.51829E-02
     1.10700E+00    3.07752E-01    3.45373E-01    4.25681E-01   -1.74502E-01    2.84171E-02    2.60318E-02    1.47656E-02    6.46190E-02
     1.11150E+00    3.03588E-01    3.40672E-01    4.26492E-01   -1.72600E-01    2.79066E-02    2.55588E-02    1.45760E-02    6.40599E-02
     1.11600E+00    2.99489E-01    3.36025E-01    4.27289E-01   -1.70713E-01    2.74051E-02    2.50936E-02    1.43905E-02    6.35054E-02
     1.12050E+00    2.95454E-01    3.31430E-01    4.28072E-01   -1.68841E-01    2.69123E-02    2.46361E-02    1.42091E-02    6.29557E-02
     1.12500E+00    2.91481E-01    3.26888E-01    4.28842E-01   -1.66985E-01    2.64283E-02    2.41864E-02    1.40316E-02    6.24107E-02
     1.12950E+00    2.87570E-01    3.22397E-01    4.29598E-01   -1.65143E-01    2.59527E-02    2.37441E-02    1.38581E-02    6.18704E-02
     1.13400E+00    2.83719E-01    3.17958E-01    4.30342E-01   -1.63315E-01    2.54856E-02    2.33093E-02    1.36883E-02    6.13348E-02
     1.13850E+00    2.79929E-01    3.13570E-01    4.31072E-01   -1.61503E-01    2.50268E-02    2.28818E-02    1.35222E-02    6.08039E-02
     1.14300E+00    2.76198E-01    3.09232E-01    4.31790E-01   -1.59704E-01    2.45761E-02    2.24614E-02    1.33598E-02    6.02776E-02
     1.14750E+00    2.72525E-01    3.04944E-01    4.32496E-01   -1.57921E-01    2.41334E-02    2.20482E-02    1.32009E-02    5.97560E-02
     1.15200E+00    2.68910E-01    3.00705E-01    4.33189E-01   -1.56151E-01    2.36985E-02    2.16419E-02    1.30456E-02    5.92391E-02
     1.15650E+00    2.65351E-01    2.96516E-01    4.33871E-01   -1.54395E-01    2.32715E-02    2.12425E-02    1.28936E-02    5.87268E-02
     1.16100E+00    2.61848E-01    2.92374E-01    4.34540E-01   -1.52654E-01    2.28521E-02    2.08499E-02    1.27449E-02    5.82191E-02
     1.16550E+00    2.58400E-01    2.88281E-01    4.35198E-01   -1.50926E-01    2.24402E-02    2.04639E-02    1.25995E-02    5.77160E-02
     1.17000E+00    2.55006E-01    2.84235E-01    4.35845E-01   -1.49212E-01    2.20356E-02    2.00845E-02    1.24573E-02    5.72176E-02
     1.17450E+00    2.51666E-01    2.80236E-01    4.36480E-01   -1.47512E-01    2.16384E-02    1.97116E-02    1.23182E-02    5.67237E-02
     1.17900E+00    2.48378E-01    2.76283E-01    4.37104E-01   -1.45825E-01    2.12483E-02    1.93450E-02    1.21822E-02    5.62344E-02
     1.18350E+00    2.45143E-01    2.72376E-01    4.37718E-01   -1.44152E-01    2.08653E-02    1.89846E-02    1.20491E-02    5.57497E-02
     1.18800E+00    2.41958E-01    2.68515E-01    4.38321E-01   -1.42492E-01    2.04891E-02    1.86304E-02    1.19190E-02    5.52695E-02
     1.19250E+00    2.38824E-01    2.64699E-01    4.38913E-01   -1.40845E-01    2.01198E-02    1.82823E-02    1.17917E-02    5.47938E-02
     1.19700E+00    2.35740E-01    2.60928E-01    4.39495E-01   -1.39212E-01    1.97572E-02    1.79401E-02    1.16672E-02    5.43226E-02
     1.20150E+00    2.32705E-01    2.57200E-01    4.40066E-01   -1.37591E-01    1.94012E-02    1.76037E-02    1.15454E-02    5.38559E-02
     1.20600E+00    2.29718E-01    2.53516E-01    4.40628E-01   -1.35983E-01    1.90517E-02    1.72732E-02    1.14263E-02    5.33937E-02
     1.21050E+00    2.26779E-01    2.49875E-01    4.41180E-01   -1.34388E-01    1.87086E-02    1.69483E-02    1.13098E-02    5.29359E-02
     1.21500E+00    2.23886E-01    2.46277E-01    4.41722E-01   -1.32806E-01    1.83717E-02    1.66290E-02    1.11959E-02    5.24826E-02
     1.21950E+00    2.21040E-01    2.42721E-01    4.42254E-01   -1.31236E-01    1.80410E-02    1.63152E-02    1.10845E-02    5.20337E-02
     1.22400E+00    2.18239E-01    2.39207E-01    4.42777E-01   -1.29678E-01    1.77164E-02    1.60069E-02    1.09756E-02    5.15891E-02
     1.22850E+00    2.15484E-01    2.35734E-01    4.43291E-01   -1.28133E-01    1.73978E-02    1.57038E-02    1.08690E-02    5.11489E-02
     1.23300E+00    2.12773E-01    2.32302E-01    4.43796E-01   -1.26600E-01    1.70850E-02    1.54060E-02    1.07648E-02    5.07131E-02
     1.23750E+00    2.10105E-01    2.28910E-01    4.44292E-01   -1.25079E-01    1.67781E-02    1.51133E-02    1.06628E-02    5.02816E-02
     1.24200E+00    2.07480E-01    2.25557E-01    4.44780E-01   -1.23570E-01    1.64768E-02    1.48256E-02    1.05631E-02    4.98545E-02
     1.24650E+00    2.04898E-01    2.22244E-01    4.45258E-01   -1.22073E-01    1.61810E-02    1.45430E-02    1.04656E-02    4.94316E-02
     1.25100E+00    2.02358E-01    2.18971E-01    4.45728E-01   -1.20587E-01    1.58908E-02    1.42652E-02    1.03703E-02    4.90130E-02
     1.25550E+00    1.99859E-01    2.15735E-01    4.46190E-01   -1.19113E-01    1.56060E-02    1.39923E-02    1.02770E-02    4.85986E-02
     1.26000E+00    1.97400E-01    2.12538E-01    4.46643E-01   -1.17651E-01    1.53265E-02    1.37241E-02    1.01858E-02    4.81885E-02
     1.26450E+00    1.94982E-01    2.09378E-01    4.47089E-01   -1.16200E-01    1.50522E-02    1.34605E-02    1.00967E-02    4.77825E-02
     1.26900E+00    1.92603E-01    2.06255E-01    4.47526E-01   -1.14761E-01    1.47831E-02    1.32016E-02    1.00094E-02    4.73808E-02
     1.27350E+00    1.90263E-01    2.03169E-01    4.47956E-01   -1.13332E-01    1.45190E-02    1.29471E-02    9.92414E-03    4.69832E-02
     1.27800E+00    1.87961E-01    2.00119E-01    4.48378E-01   -1.11915E-01    1.42599E-02    1.26970E-02    9.84073E-03    4.65897E-02
     1.28250E+00    1.85697E-01    1.97105E-01    4.48792E-01   -1.10509E-01    1.40057E-02    1.24513E-02    9.75916E-03    4.62004E-02
     1.28700E+00    1.83471E-01    1.94126E-01    4.49199E-01   -1.09113E-01    1.37563E-02    1.22099E-02    9.67939E-03    4.58151E-02
     1.29150E+00    1.81281E-01    1.91183E-01    4.49599E-01   -1.07729E-01    1.35116E-02    1.19727E-02    9.60139E-03    4.54339E-02
     1.29600E+00    1.79128E-01    1.88274E-01    4.49991E-01   -1.06355E-01    1.32715E-02    1.17396E-02    9.52512E-03    4.50568E-02
     1.30050E+00    1.77010E-01    1.85398E-01    4.50376E-01   -1.04991E-01    1.30360E-02    1.15105E-02    9.45053E-03    4.46837E-02
     1.30500E+00    1.74927E-01    1.82557E-01    4.50754E-01   -1.03638E-01    1.28051E-02    1.12855E-02    9.37759E-03    4.43146E-02
     1.30950E+00    1.72879E-01    1.79749E-01    4.51126E-01   -1.02296E-01    1.25785E-02    1.10644E-02    9.30627E-03    4.39495E-02
     1.31400E+00    1.70866E-01    1.76973E-01    4.51490E-01   -1.00963E-01    1.23562E-02    1.08471E-02    9.23654E-03    4.35884E-02
     1.31850E+00    1.68886E-01    1.74231E-01    4.51848E-01   -9.96412E-02    1.21383E-02    1.06336E-02    9.16835E-03    4.32312E-02
     1.32300E+00    1.66939E-01    1.71520E-01    4.52199E-01   -9.83291E-02    1.19245E-02    1.04239E-02    9.10168E-03    4.28779E-02
     1.32750E+00    1.65026E-01    1.68840E-01    4.52544E-01   -9.70270E-02    1.17149E-02    1.02178E-02    9.03649E-03    4.25285E-02
     1.33200E+00    1.63144E-01    1.66192E-01    4.52883E-01   -9.57348E-02    1.15093E-02    1.00152E-02    8.97275E-03    4.21830E-02
     1.33650E+00    1.61295E-01    1.63575E-01    4.53215E-01   -9.44523E-02    1.13077E-02    9.81627E-03    8.91043E-03    4.18413E-02
     1.34100E+00    1.59477E-01    1.60988E-01    4.53541E-01   -9.31795E-02    1.11100E-02    9.62076E-03    8.84950E-03    4.15035E-02
     1.34550E+00    1.57690E-01    1.58431E-01    4.53861E-01   -9.19163E-02    1.09162E-02    9.42866E-03    8.78993E-03    4.11694E-02
     1.35000E+00    1.55934E-01    1.55904E-01    4.54176E-01   -9.06626E-02    1.07261E-02    9.23991E-03    8.73170E-03    4.08392E-02
     1.35450E+00    1.54207E-01    1.53406E-01    4.54484E-01   -8.94183E-02    1.05398E-02    9.05444E-03    8.67477E-03    4.05127E-02
     1.35900E+00    1.52511E-01    1.50937E-01    4.54786E-01   -8.81832E-02    1.03572E-02    8.87221E-03    8.61911E-03    4.01900E-02
     1.36350E+00    1.50844E-01    1.48497E-01    4.55083E-01   -8.69574E-02    1.01781E-02    8.69315E-03    8.56470E-03    3.98710E-02
     1.36800E+00    1.49206E-01    1.46084E-01    4.55374E-01   -8.57407E-02    1.00026E-02    8.51720E-03    8.51151E-03    3.95557E-02
     1.37250E+00    1.47596E-01    1.43699E-01    4.55660E-01   -8.45329E-02    9.83060E-03    8.34431E-03    8.45952E-03    3.92441E-02
     1.37700E+00    1.46015E-01    1.41342E-01    4.55940E-01   -8.33342E-02    9.66201E-03    8.17443E-03    8.40870E-03    3.89362E-02
     1.38150E+00    1.44461E-01    1.39012E-01    4.56215E-01   -8.21442E-02    9.49678E-03    8.00751E-03    8.35903E-03    3.86319E-02
     1.38600E+00    1.42935E-01    1.36708E-01    4.56485E-01   -8.09630E-02    9.33486E-03    7.84348E-03    8.31048E-03    3.83312E-02
     1.39050E+00    1.41436E-01    1.34431E-01    4.56750E-01   -7.97905E-02    9.17619E-03    7.68229E-03    8.26303E-03    3.80341E-02
     1.39500E+00    1.39963E-01    1.32179E-01    4.57009E-01   -7.86265E-02    9.02072E-03    7.52390E-03    8.21666E-03    3.77406E-02
     1.39950E+00    1.38517E-01    1.29954E-01    4.57263E-01   -7.74711E-02    8.86840E-03    7.36825E-03    8.17134E-03    3.74507E-02
     1.40400E+00    1.37097E-01    1.27753E-01    4.57513E-01   -7.63240E-02    8.71917E-03    7.21530E-03    8.12705E-03    3.71643E-02
     1.40850E+00    1.35702E-01    1.25577E-01    4.57758E-01   -7.51852E-02    8.57298E-03    7.06499E-03    8.08378E-03    3.68815E-02
     1.41300E+00    1.34333E-01    1.23426E-01    4.57997E-01   -7.40547E-02    8.42979E-03    6.91728E-03    8.04149E-03    3.66022E-02
     1.41750E+00    1.32988E-01    1.21299E-01    4.58233E-01   -7.29323E-02    8.28953E-03    6.77211E-03    8.00017E-03    3.63263E-02
     1.42200E+00    1.31669E-01    1.19196E-01    4.58463E-01   -7.18180E-02    8.15217E-03    6.62944E-03    7.95980E-03    3.60539E-02
     1.42650E+00    1.30373E-01    1.17117E-01    4.58689E-01   -7.07116E-02    8.01765E-03    6.48923E-03    7.92036E-03    3.57850E-02
     1.43100E+00    1.29101E-01    1.15061E-01    4.58911E-01   -6.96132E-02    7.88592E-03    6.35142E-03    7.88183E-03    3.55195E-02
     1.43550E+00    1.27853E-01    1.13027E-01    4.59128E-01   -6.85225E-02    7.75695E-03    6.21598E-03    7.84419E-03    3.52575E-02
     1.44000E+00    1.26629E-01    1.11016E-01    4.59340E-01   -6.74396E-02    7.63068E-03    6.08286E-03    7.80742E-03    3.49988E-02
     1.44450E+00    1.25427E-01    1.09028E-01    4.59549E-01   -6.63644E-02    7.50707E-03    5.95201E-03    7.77151E-03    3.47436E-02
     1.44900E+00    1.24248E-01    1.07061E-01    4.59753E-01   -6.52967E-02    7.38608E-03    5.82340E-03    7.73644E-03    3.44917E-02
     1.45350E+00    1.23092E-01    1.05116E-01    4.59953E-01   -6.42366E-02    7.26766E-03    5.69697E-03    7.70219E-03    3.42432E-02
     1.45800E+00    1.21957E-01    1.03193E-01    4.60148E-01   -6.31838E-02    7.15177E-03    5.57269E-03    7.66875E-03    3.39980E-02
     1.46250E+00    1.20845E-01    1.01290E-01    4.60340E-01   -6.21384E-02    7.03837E-03    5.45052E-03    7.63609E-03    3.37561E-02
     1.46700E+00    1.19754E-01    9.94083E-02    4.60528E-01   -6.11003E-02    6.92742E-03    5.33042E-03    7.60421E-03    3.35176E-02
     1.47150E+00    1.18684E-01    9.75469E-02    4.60712E-01   -6.00694E-02    6.81888E-03    5.21235E-03    7.57309E-03    3.32823E-02
     1.47600E+00    1.17635E-01    9.57055E-02    4.60892E-01   -5.90455E-02    6.71270E-03    5.09626E-03    7.54270E-03    3.30503E-02
     1.48050E+00    1.16607E-01    9.38839E-02    4.61068E-01   -5.80288E-02    6.60886E-03    4.98212E-03    7.51305E-03    3.28216E-02
     1.48500E+00    1.15600E-01    9.20819E-02    4.61240E-01   -5.70190E-02    6.50731E-03    4.86989E-03    7.48410E-03    3.25962E-02
     1.48950E+00    1.14613E-01    9.02991E-02    4.61409E-01   -5.60161E-02    6.40802E-03    4.75954E-03    7.45586E-03    3.23740E-02
     1.49400E+00    1.13646E-01    8.85353E-02    4.61574E-01   -5.50200E-02    6.31095E-03    4.65103E-03    7.42830E-03    3.21550E-02
     1.49850E+00    1.12698E-01    8.67902E-02    4.61736E-01   -5.40307E-02    6.21606E-03    4.54431E-03    7.40142E-03    3.19393E-02
     1.50300E+00    1.11771E-01    8.50634E-02    4.61894E-01   -5.30480E-02    6.12332E-03    4.43936E-03    7.37519E-03    3.17267E-02
     1.50750E+00    1.10862E-01    8.33548E-02    4.62048E-01   -5.20720E-02    6.03270E-03    4.33615E-03    7.34961E-03    3.15174E-02
     1.51200E+00    1.09972E-01    8.16640E-02    4.62199E-01   -5.11026E-02    5.94415E-03    4.23462E-03    7.32466E-03    3.13112E-02
     1.51650E+00    1.09102E-01    7.99908E-02    4.62347E-01   -5.01396E-02    5.85766E-03    4.13476E-03    7.30034E-03    3.11082E-02
     1.52100E+00    1.08249E-01    7.83349E-02    4.62491E-01   -4.91830E-02    5.77319E-03    4.03653E-03    7.27662E-03    3.09084E-02
     1.52550E+00    1.07416E-01    7.66961E-02    4.62632E-01   -4.82328E-02    5.69070E-03    3.93989E-03    7.25351E-03    3.07117E-02
     1.53000E+00    1.06600E-01    7.50740E-02    4.62769E-01   -4.72888E-02    5.61016E-03    3.84481E-03    7.23098E-03    3.05182E-02
     1.53450E+00    1.05802E-01    7.34685E-02    4.62904E-01   -4.63511E-02    5.53155E-03    3.75126E-03    7.20902E-03    3.03278E-02
     1.53900E+00    1.05022E-01    7.18792E-02    4.63035E-01   -4.54195E-02    5.45483E-03    3.65921E-03    7.18763E-03    3.01406E-02
     1.54350E+00    1.04259E-01    7.03060E-02    4.63163E-01   -4.44940E-02    5.37998E-03    3.56863E-03    7.16680E-03    2.99564E-02
     1.54800E+00    1.03514E-01    6.87485E-02    4.63288E-01   -4.35745E-02    5.30696E-03    3.47948E-03    7.14651E-03    2.97754E-02
     1.55250E+00    1.02786E-01    6.72065E-02    4.63411E-01   -4.26610E-02    5.23576E-03    3.39174E-03    7.12675E-03    2.95975E-02
     1.55700E+00    1.02074E-01    6.56799E-02    4.63530E-01   -4.17534E-02    5.16633E-03    3.30538E-03    7.10752E-03    2.94227E-02
     1.56150E+00    1.01380E-01    6.41682E-02    4.63646E-01   -4.08516E-02    5.09866E-03    3.22036E-03    7.08880E-03    2.92509E-02
     1.56600E+00    1.00702E-01    6.26713E-02    4.63759E-01   -3.99556E-02    5.03272E-03    3.13666E-03    7.07059E-03    2.90823E-02
     1.57050E+00    1.00040E-01    6.11890E-02    4.63869E-01   -3.90652E-02    4.96848E-03    3.05425E-03    7.05288E-03    2.89168E-02
     1.57500E+00    9.93945E-02    5.97209E-02    4.63977E-01   -3.81806E-02    4.90592E-03    2.97310E-03    7.03565E-03    2.87543E-02
     1.57950E+00    9.87648E-02    5.82670E-02    4.64081E-01   -3.73015E-02    4.84501E-03    2.89319E-03    7.01891E-03    2.85949E-02
     1.58400E+00    9.81510E-02    5.68269E-02    4.64183E-01   -3.64280E-02    4.78573E-03    2.81448E-03    7.00263E-03    2.84385E-02
     1.58850E+00    9.75528E-02    5.54004E-02    4.64283E-01   -3.55599E-02    4.72806E-03    2.73695E-03    6.98682E-03    2.82853E-02
     1.59300E+00    9.69701E-02    5.39873E-02    4.64379E-01   -3.46973E-02    4.67197E-03    2.66057E-03    6.97146E-03    2.81351E-02
     1.59750E+00    9.64026E-02    5.25874E-02    4.64473E-01   -3.38400E-02    4.61745E-03    2.58532E-03    6.95655E-03    2.79879E-02
     1.60200E+00    9.58503E-02    5.12005E-02    4.64564E-01   -3.29881E-02    4.56446E-03    2.51117E-03    6.94208E-03    2.78438E-02
     1.60650E+00    9.53130E-02    4.98263E-02    4.64653E-01   -3.21413E-02    4.51298E-03    2.43810E-03    6.92804E-03    2.77028E-02
     1.61100E+00    9.47904E-02    4.84646E-02    4.64739E-01   -3.12998E-02    4.46301E-03    2.36607E-03    6.91443E-03    2.75649E-02
     1.61550E+00    9.42826E-02    4.71152E-02    4.64823E-01   -3.04634E-02    4.41451E-03    2.29507E-03    6.90123E-03    2.74300E-02
     1.62000E+00    9.37892E-02    4.57778E-02    4.64904E-01   -2.96322E-02    4.36746E-03    2.22507E-03    6.88845E-03    2.72981E-02
     1.62450E+00    9.33102E-02    4.44524E-02    4.64982E-01   -2.88059E-02    4.32185E-03    2.15605E-03    6.87607E-03    2.71693E-02
     1.62900E+00    9.28455E-02    4.31386E-02    4.65058E-01   -2.79846E-02    4.27766E-03    2.08798E-03    6.86409E-03    2.70436E-02
     1.63350E+00    9.23948E-02    4.18364E-02    4.65132E-01   -2.71683E-02    4.23486E-03    2.02085E-03    6.85250E-03    2.69210E-02
     1.63800E+00    9.19581E-02    4.05453E-02    4.65204E-01   -2.63568E-02    4.19345E-03    1.95461E-03    6.84130E-03    2.68014E-02
     1.64250E+00    9.15351E-02    3.92654E-02    4.65273E-01   -2.55502E-02    4.15340E-03    1.88927E-03    6.83048E-03    2.66848E-02
     1.64700E+00    9.11259E-02    3.79963E-02    4.65340E-01   -2.47483E-02    4.11469E-03    1.82478E-03    6.82003E-03    2.65714E-02
     1.65150E+00    9.07302E-02    3.67378E-02    4.65404E-01   -2.39511E-02    4.07732E-03    1.76113E-03    6.80995E-03    2.64610E-02
     1.65600E+00    9.03479E-02    3.54899E-02    4.65466E-01   -2.31587E-02    4.04125E-03    1.69830E-03    6.80024E-03    2.63537E-02
     1.66050E+00    8.99789E-02    3.42522E-02    4.65526E-01   -2.23708E-02    4.00648E-03    1.63626E-03    6.79088E-03    2.62496E-02
     1.66500E+00    8.96231E-02    3.30246E-02    4.65584E-01   -2.15876E-02    3.97299E-03    1.57500E-03    6.78187E-03    2.61485E-02
     1.66950E+00    8.92803E-02    3.18069E-02    4.65639E-01   -2.08088E-02    3.94077E-03    1.51449E-03    6.77322E-03    2.60505E-02
     1.67400E+00    8.89505E-02    3.05989E-02    4.65693E-01   -2.00346E-02    3.90979E-03    1.45471E-03    6.76490E-03    2.59556E-02
     1.67850E+00    8.86335E-02    2.94005E-02    4.65744E-01   -1.92648E-02    3.88006E-03    1.39565E-03    6.75693E-03    2.58638E-02
     1.68300E+00    8.83292E-02    2.82114E-02    4.65793E-01   -1.84994E-02    3.85154E-03    1.33727E-03    6.74929E-03    2.57752E-02
     1.68750E+00    8.80375E-02    2.70314E-02    4.65840E-01   -1.77383E-02    3.82423E-03    1.27957E-03    6.74198E-03    2.56897E-02
     1.69200E+00    8.77583E-02    2.58604E-02    4.65885E-01   -1.69816E-02    3.79812E-03    1.22251E-03    6.73499E-03    2.56073E-02
     1.69650E+00    8.74914E-02    2.46983E-02    4.65928E-01   -1.62290E-02    3.77319E-03    1.16609E-03    6.72833E-03    2.55281E-02
     1.70100E+00    8.72369E-02    2.35448E-02    4.65969E-01   -1.54807E-02    3.74943E-03    1.11028E-03    6.72198E-03    2.54521E-02
     1.70550E+00    8.69946E-02    2.23997E-02    4.66008E-01   -1.47366E-02    3.72682E-03    1.05505E-03    6.71595E-03    2.53793E-02
     1.71000E+00    8.67643E-02    2.12629E-02    4.66045E-01   -1.39966E-02    3.70536E-03    1.00041E-03    6.71022E-03    2.53097E-02
     1.71450E+00    8.65461E-02    2.01342E-02    4.66080E-01   -1.32607E-02    3.68504E-03    9.46314E-04    6.70481E-03    2.52432E-02
     1.71900E+00    8.63398E-02    1.90135E-02    4.66113E-01   -1.25288E-02    3.66584E-03    8.92756E-04    6.69969E-03    2.51800E-02
     1.72350E+00    8.61452E-02    1.79005E-02    4.66144E-01   -1.18009E-02    3.64775E-03    8.39715E-04    6.69487E-03    2.51200E-02
     1.72800E+00    8.59624E-02    1.67952E-02    4.66173E-01   -1.10769E-02    3.63077E-03    7.87172E-04    6.69035E-03    2.50633E-02
     1.73250E+00    8.57913E-02    1.56973E-02    4.66201E-01   -1.03569E-02    3.61487E-03    7.35110E-04    6.68613E-03    2.50099E-02
     1.73700E+00    8.56317E-02    1.46066E-02    4.66226E-01   -9.64078E-03    3.60006E-03    6.83511E-04    6.68219E-03    2.49597E-02
     1.74150E+00    8.54836E-02    1.35231E-02    4.66250E-01   -8.92847E-03    3.58633E-03    6.32357E-04    6.67854E-03    2.49129E-02
     1.74600E+00    8.53468E-02    1.24466E-02    4.66272E-01   -8.21995E-03    3.57365E-03    5.81629E-04    6.67517E-03    2.48694E-02
     1.75050E+00    8.52214E-02    1.13768E-02    4.66291E-01   -7.51519E-03    3.56204E-03    5.31312E-04    6.67209E-03    2.48292E-02
     1.75500E+00    8.51073E-02    1.03137E-02    4.66310E-01   -6.81415E-03    3.55147E-03    4.81386E-04    6.66929E-03    2.47924E-02
     1.75950E+00    8.50043E-02    9.25713E-03    4.66326E-01   -6.11679E-03    3.54194E-03    4.31836E-04    6.66676E-03    2.47590E-02
     1.76400E+00    8.49124E-02    8.20686E-03    4.66340E-01   -5.42307E-03    3.53344E-03    3.82644E-04    6.66450E-03    2.47290E-02
     1.76850E+00    8.48315E-02    7.16277E-03    4.66353E-01   -4.73295E-03    3.52596E-03    3.33794E-04    6.66252E-03    2.47024E-02
     1.77300E+00    8.47616E-02    6.12472E-03    4.66364E-01   -4.04640E-03    3.51950E-03    2.85267E-04    6.66081E-03    2.46793E-02
     1.77750E+00    8.47026E-02    5.09255E-03    4.66374E-01   -3.36338E-03    3.51406E-03    2.37049E-04    6.65937E-03    2.46597E-02
     1.78200E+00    8.46544E-02    4.06612E-03    4.66381E-01   -2.68385E-03    3.50961E-03    1.89122E-04    6.65819E-03    2.46435E-02
     1.78650E+00    8.46170E-02    3.04527E-03    4.66387E-01   -2.00779E-03    3.50616E-03    1.41470E-04    6.65728E-03    2.46309E-02
     1.79100E+00    8.45904E-02    2.02987E-03    4.66391E-01   -1.33515E-03    3.50371E-03    9.40762E-05    6.65663E-03    2.46219E-02
     1.79550E+00    8.45743E-02    1.01977E-03    4.66394E-01   -6.65897E-04    3.50224E-03    4.69250E-05    6.65624E-03    2.46165E-02
     1.80000E+00    8.45689E-02    1.48265E-05    4.66395E-01   -1.75307-141    3.50175E-03   -1.39751E-24    6.65611E-03    2.46147E-02
