     1.00000E-05    3.37590E+00   -2.19551E-05   -5.81041E-01   -1.58660E-05    3.61531E-01    5.19847E-06    2.92215E-01    5.75213E-11
     9.00997E-03    3.37529E+00    3.04648E-02   -5.80805E-01   -1.42924E-02    3.61460E-01    4.68251E-03    2.92133E-01    4.66830E-05
     1.80100E-02    3.37347E+00    6.08590E-02   -5.80098E-01   -2.85521E-02    3.61249E-01    9.35211E-03    2.91888E-01    1.86385E-04
     2.70099E-02    3.37043E+00    9.11797E-02   -5.78921E-01   -4.27781E-02    3.60898E-01    1.40063E-02    2.91481E-01    4.18687E-04
     3.60099E-02    3.36620E+00    1.21390E-01   -5.77276E-01   -5.69537E-02    3.60408E-01    1.86374E-02    2.90911E-01    7.42894E-04
     4.50099E-02    3.36076E+00    1.51455E-01   -5.75166E-01   -7.10622E-02    3.59778E-01    2.32380E-02    2.90181E-01    1.15804E-03
     5.40098E-02    3.35413E+00    1.81337E-01   -5.72595E-01   -8.50874E-02    3.59010E-01    2.78005E-02    2.89292E-01    1.66289E-03
     6.30098E-02    3.34631E+00    2.11002E-01   -5.69567E-01   -9.90130E-02    3.58105E-01    3.23176E-02    2.88245E-01    2.25594E-03
     7.20098E-02    3.33732E+00    2.40415E-01   -5.66087E-01   -1.12823E-01    3.57064E-01    3.67821E-02    2.87044E-01    2.93544E-03
     8.10098E-02    3.32717E+00    2.69541E-01   -5.62162E-01   -1.26502E-01    3.55888E-01    4.11870E-02    2.85689E-01    3.69940E-03
     9.00097E-02    3.31588E+00    2.98346E-01   -5.57798E-01   -1.40035E-01    3.54579E-01    4.55255E-02    2.84184E-01    4.54556E-03
     9.90097E-02    3.30345E+00    3.26799E-01   -5.53003E-01   -1.53407E-01    3.53139E-01    4.97911E-02    2.82533E-01    5.47146E-03
     1.08010E-01    3.28990E+00    3.54866E-01   -5.47784E-01   -1.66604E-01    3.51570E-01    5.39772E-02    2.80737E-01    6.47443E-03
     1.17010E-01    3.27526E+00    3.82518E-01   -5.42151E-01   -1.79611E-01    3.49873E-01    5.80779E-02    2.78801E-01    7.55158E-03
     1.26010E-01    3.25954E+00    4.09723E-01   -5.36112E-01   -1.92416E-01    3.48050E-01    6.20873E-02    2.76729E-01    8.69982E-03
     1.35010E-01    3.24277E+00    4.36453E-01   -5.29678E-01   -2.05005E-01    3.46105E-01    6.59997E-02    2.74524E-01    9.91590E-03
     1.44010E-01    3.22495E+00    4.62681E-01   -5.22859E-01   -2.17366E-01    3.44040E-01    6.98101E-02    2.72191E-01    1.11964E-02
     1.53010E-01    3.20613E+00    4.88378E-01   -5.15666E-01   -2.29488E-01    3.41856E-01    7.35133E-02    2.69733E-01    1.25378E-02
     1.62010E-01    3.18632E+00    5.13520E-01   -5.08111E-01   -2.41359E-01    3.39558E-01    7.71048E-02    2.67157E-01    1.39363E-02
     1.71010E-01    3.16555E+00    5.38083E-01   -5.00204E-01   -2.52969E-01    3.37148E-01    8.05803E-02    2.64466E-01    1.53882E-02
     1.80010E-01    3.14384E+00    5.62043E-01   -4.91960E-01   -2.64308E-01    3.34628E-01    8.39359E-02    2.61665E-01    1.68896E-02
     1.89009E-01    3.12122E+00    5.85379E-01   -4.83390E-01   -2.75366E-01    3.32003E-01    8.71679E-02    2.58760E-01    1.84363E-02
     1.98009E-01    3.09773E+00    6.08071E-01   -4.74507E-01   -2.86136E-01    3.29275E-01    9.02731E-02    2.55755E-01    2.00245E-02
     2.07009E-01    3.07338E+00    6.30100E-01   -4.65325E-01   -2.96609E-01    3.26447E-01    9.32487E-02    2.52656E-01    2.16498E-02
     2.16009E-01    3.04821E+00    6.51449E-01   -4.55856E-01   -3.06779E-01    3.23524E-01    9.60920E-02    2.49468E-01    2.33083E-02
     2.25009E-01    3.02225E+00    6.72101E-01   -4.46115E-01   -3.16637E-01    3.20508E-01    9.88009E-02    2.46197E-01    2.49957E-02
     2.34009E-01    2.99553E+00    6.92042E-01   -4.36116E-01   -3.26180E-01    3.17403E-01    1.01374E-01    2.42848E-01    2.67078E-02
     2.43009E-01    2.96808E+00    7.11259E-01   -4.25872E-01   -3.35402E-01    3.14213E-01    1.03809E-01    2.39426E-01    2.84405E-02
     2.52009E-01    2.93994E+00    7.29741E-01   -4.15397E-01   -3.44297E-01    3.10942E-01    1.06105E-01    2.35938E-01    3.01896E-02
     2.61009E-01    2.91113E+00    7.47477E-01   -4.04706E-01   -3.52863E-01    3.07593E-01    1.08261E-01    2.32387E-01    3.19509E-02
     2.70009E-01    2.88169E+00    7.64460E-01   -3.93812E-01   -3.61096E-01    3.04170E-01    1.10278E-01    2.28781E-01    3.37205E-02
     2.79009E-01    2.85166E+00    7.80681E-01   -3.82730E-01   -3.68994E-01    3.00677E-01    1.12155E-01    2.25124E-01    3.54943E-02
     2.88009E-01    2.82106E+00    7.96135E-01   -3.71474E-01   -3.76554E-01    2.97118E-01    1.13891E-01    2.21423E-01    3.72684E-02
     2.97009E-01    2.78993E+00    8.10818E-01   -3.60057E-01   -3.83776E-01    2.93497E-01    1.15488E-01    2.17681E-01    3.90390E-02
     3.06009E-01    2.75830E+00    8.24727E-01   -3.48494E-01   -3.90658E-01    2.89818E-01    1.16947E-01    2.13905E-01    4.08024E-02
     3.15009E-01    2.72620E+00    8.37861E-01   -3.36797E-01   -3.97201E-01    2.86084E-01    1.18268E-01    2.10099E-01    4.25548E-02
     3.24009E-01    2.69368E+00    8.50219E-01   -3.24981E-01   -4.03405E-01    2.82300E-01    1.19453E-01    2.06269E-01    4.42929E-02
     3.33009E-01    2.66076E+00    8.61802E-01   -3.13059E-01   -4.09271E-01    2.78469E-01    1.20504E-01    2.02420E-01    4.60132E-02
     3.42009E-01    2.62747E+00    8.72613E-01   -3.01044E-01   -4.14801E-01    2.74596E-01    1.21422E-01    1.98557E-01    4.77125E-02
     3.51009E-01    2.59384E+00    8.82656E-01   -2.88949E-01   -4.19996E-01    2.70684E-01    1.22210E-01    1.94683E-01    4.93876E-02
     3.60009E-01    2.55992E+00    8.91936E-01   -2.76786E-01   -4.24859E-01    2.66738E-01    1.22870E-01    1.90805E-01    5.10356E-02
     3.69009E-01    2.52573E+00    9.00458E-01   -2.64568E-01   -4.29392E-01    2.62760E-01    1.23404E-01    1.86926E-01    5.26537E-02
     3.78009E-01    2.49131E+00    9.08230E-01   -2.52307E-01   -4.33600E-01    2.58756E-01    1.23816E-01    1.83051E-01    5.42392E-02
     3.87009E-01    2.45667E+00    9.15260E-01   -2.40015E-01   -4.37486E-01    2.54728E-01    1.24107E-01    1.79184E-01    5.57896E-02
     3.96009E-01    2.42187E+00    9.21558E-01   -2.27703E-01   -4.41053E-01    2.50680E-01    1.24282E-01    1.75329E-01    5.73026E-02
     4.05009E-01    2.38691E+00    9.27133E-01   -2.15382E-01   -4.44307E-01    2.46616E-01    1.24344E-01    1.71490E-01    5.87761E-02
     4.14009E-01    2.35185E+00    9.31996E-01   -2.03063E-01   -4.47253E-01    2.42540E-01    1.24295E-01    1.67670E-01    6.02078E-02
     4.23009E-01    2.31669E+00    9.36161E-01   -1.90757E-01   -4.49895E-01    2.38454E-01    1.24139E-01    1.63874E-01    6.15961E-02
     4.32009E-01    2.28148E+00    9.39639E-01   -1.78473E-01   -4.52238E-01    2.34364E-01    1.23881E-01    1.60103E-01    6.29392E-02
     4.41009E-01    2.24624E+00    9.42444E-01   -1.66222E-01   -4.54289E-01    2.30270E-01    1.23522E-01    1.56362E-01    6.42357E-02
     4.50009E-01    2.21099E+00    9.44590E-01   -1.54012E-01   -4.56054E-01    2.26178E-01    1.23069E-01    1.52654E-01    6.54840E-02
     4.59009E-01    2.17577E+00    9.46093E-01   -1.41853E-01   -4.57538E-01    2.22091E-01    1.22523E-01    1.48981E-01    6.66831E-02
     4.68009E-01    2.14060E+00    9.46967E-01   -1.29754E-01   -4.58748E-01    2.18010E-01    1.21889E-01    1.45347E-01    6.78318E-02
     4.77009E-01    2.10549E+00    9.47230E-01   -1.17723E-01   -4.59691E-01    2.13940E-01    1.21171E-01    1.41752E-01    6.89293E-02
     4.86009E-01    2.07049E+00    9.46897E-01   -1.05768E-01   -4.60372E-01    2.09883E-01    1.20372E-01    1.38201E-01    6.99747E-02
     4.95009E-01    2.03560E+00    9.45985E-01   -9.38960E-02   -4.60800E-01    2.05843E-01    1.19497E-01    1.34695E-01    7.09676E-02
     5.04009E-01    2.00085E+00    9.44513E-01   -8.21147E-02   -4.60980E-01    2.01821E-01    1.18549E-01    1.31235E-01    7.19074E-02
     5.13009E-01    1.96627E+00    9.42497E-01   -7.04310E-02   -4.60921E-01    1.97820E-01    1.17533E-01    1.27825E-01    7.27938E-02
     5.22009E-01    1.93187E+00    9.39955E-01   -5.88513E-02   -4.60628E-01    1.93843E-01    1.16452E-01    1.24465E-01    7.36266E-02
     5.31009E-01    1.89767E+00    9.36907E-01   -4.73818E-02   -4.60110E-01    1.89893E-01    1.15309E-01    1.21157E-01    7.44057E-02
     5.40009E-01    1.86369E+00    9.33369E-01   -3.60283E-02   -4.59374E-01    1.85971E-01    1.14110E-01    1.17902E-01    7.51311E-02
     5.49008E-01    1.82995E+00    9.29361E-01   -2.47963E-02   -4.58427E-01    1.82080E-01    1.12857E-01    1.14702E-01    7.58031E-02
     5.58008E-01    1.79646E+00    9.24902E-01   -1.36908E-02   -4.57276E-01    1.78222E-01    1.11554E-01    1.11558E-01    7.64218E-02
     5.67008E-01    1.76325E+00    9.20010E-01   -2.71659E-03   -4.55928E-01    1.74399E-01    1.10205E-01    1.08470E-01    7.69878E-02
     5.76008E-01    1.73033E+00    9.14703E-01    8.12183E-03   -4.54392E-01    1.70612E-01    1.08814E-01    1.05439E-01    7.75013E-02
     5.85008E-01    1.69770E+00    9.09001E-01    1.88204E-02   -4.52675E-01    1.66864E-01    1.07383E-01    1.02467E-01    7.79631E-02
     5.94008E-01    1.66540E+00    9.02921E-01    2.93753E-02   -4.50783E-01    1.63156E-01    1.05917E-01    9.95531E-02    7.83737E-02
     6.03008E-01    1.63341E+00    8.96484E-01    3.97831E-02   -4.48725E-01    1.59490E-01    1.04418E-01    9.66984E-02    7.87339E-02
     6.12008E-01    1.60177E+00    8.89706E-01    5.00406E-02   -4.46507E-01    1.55867E-01    1.02890E-01    9.39030E-02    7.90445E-02
     6.21008E-01    1.57048E+00    8.82606E-01    6.01451E-02   -4.44136E-01    1.52289E-01    1.01336E-01    9.11671E-02    7.93064E-02
     6.30008E-01    1.53955E+00    8.75202E-01    7.00938E-02   -4.41621E-01    1.48756E-01    9.97585E-02    8.84910E-02    7.95204E-02
     6.39008E-01    1.50899E+00    8.67512E-01    7.98846E-02   -4.38967E-01    1.45271E-01    9.81612E-02    8.58745E-02    7.96877E-02
     6.48008E-01    1.47880E+00    8.59552E-01    8.95155E-02   -4.36182E-01    1.41833E-01    9.65466E-02    8.33175E-02    7.98092E-02
     6.57008E-01    1.44901E+00    8.51342E-01    9.89847E-02   -4.33273E-01    1.38445E-01    9.49174E-02    8.08200E-02    7.98861E-02
     6.66008E-01    1.41960E+00    8.42896E-01    1.08291E-01   -4.30246E-01    1.35106E-01    9.32762E-02    7.83816E-02    7.99194E-02
     6.75008E-01    1.39060E+00    8.34232E-01    1.17433E-01   -4.27108E-01    1.31818E-01    9.16257E-02    7.60021E-02    7.99104E-02
     6.84008E-01    1.36200E+00    8.25366E-01    1.26409E-01   -4.23866E-01    1.28581E-01    8.99682E-02    7.36810E-02    7.98603E-02
     6.93008E-01    1.33382E+00    8.16313E-01    1.35220E-01   -4.20526E-01    1.25396E-01    8.83059E-02    7.14178E-02    7.97702E-02
     7.02008E-01    1.30604E+00    8.07090E-01    1.43864E-01   -4.17094E-01    1.22264E-01    8.66412E-02    6.92120E-02    7.96415E-02
     7.11008E-01    1.27869E+00    7.97711E-01    1.52342E-01   -4.13577E-01    1.19184E-01    8.49761E-02    6.70631E-02    7.94754E-02
     7.20008E-01    1.25176E+00    7.88191E-01    1.60653E-01   -4.09980E-01    1.16158E-01    8.33127E-02    6.49704E-02    7.92733E-02
     7.29008E-01    1.22525E+00    7.78543E-01    1.68797E-01   -4.06310E-01    1.13185E-01    8.16528E-02    6.29331E-02    7.90363E-02
     7.38008E-01    1.19917E+00    7.68783E-01    1.76775E-01   -4.02572E-01    1.10266E-01    7.99981E-02    6.09506E-02    7.87659E-02
     7.47008E-01    1.17351E+00    7.58922E-01    1.84588E-01   -3.98771E-01    1.07401E-01    7.83505E-02    5.90221E-02    7.84632E-02
     7.56008E-01    1.14829E+00    7.48975E-01    1.92236E-01   -3.94914E-01    1.04590E-01    7.67115E-02    5.71468E-02    7.81297E-02
     7.65008E-01    1.12349E+00    7.38953E-01    1.99719E-01   -3.91004E-01    1.01833E-01    7.50826E-02    5.53238E-02    7.77666E-02
     7.74008E-01    1.09912E+00    7.28868E-01    2.07040E-01   -3.87048E-01    9.91297E-02    7.34651E-02    5.35523E-02    7.73753E-02
     7.83008E-01    1.07518E+00    7.18732E-01    2.14199E-01   -3.83051E-01    9.64804E-02    7.18605E-02    5.18313E-02    7.69570E-02
     7.92008E-01    1.05166E+00    7.08557E-01    2.21197E-01   -3.79016E-01    9.38848E-02    7.02700E-02    5.01600E-02    7.65129E-02
     8.01008E-01    1.02858E+00    6.98352E-01    2.28037E-01   -3.74950E-01    9.13426E-02    6.86946E-02    4.85373E-02    7.60444E-02
     8.10008E-01    1.00591E+00    6.88128E-01    2.34718E-01   -3.70855E-01    8.88536E-02    6.71355E-02    4.69624E-02    7.55528E-02
     8.19008E-01    9.83667E-01    6.77895E-01    2.41245E-01   -3.66736E-01    8.64175E-02    6.55936E-02    4.54343E-02    7.50391E-02
     8.28008E-01    9.61843E-01    6.67662E-01    2.47617E-01   -3.62598E-01    8.40340E-02    6.40698E-02    4.39519E-02    7.45047E-02
     8.37008E-01    9.40434E-01    6.57438E-01    2.53837E-01   -3.58445E-01    8.17025E-02    6.25649E-02    4.25144E-02    7.39508E-02
     8.46008E-01    9.19439E-01    6.47231E-01    2.59907E-01   -3.54279E-01    7.94228E-02    6.10797E-02    4.11207E-02    7.33784E-02
     8.55008E-01    8.98852E-01    6.37050E-01    2.65830E-01   -3.50106E-01    7.71944E-02    5.96148E-02    3.97697E-02    7.27888E-02
     8.64008E-01    8.78672E-01    6.26901E-01    2.71606E-01   -3.45927E-01    7.50166E-02    5.81708E-02    3.84606E-02    7.21830E-02
     8.73008E-01    8.58894E-01    6.16793E-01    2.77239E-01   -3.41747E-01    7.28890E-02    5.67484E-02    3.71924E-02    7.15622E-02
     8.82008E-01    8.39513E-01    6.06732E-01    2.82730E-01   -3.37569E-01    7.08111E-02    5.53478E-02    3.59639E-02    7.09273E-02
     8.91008E-01    8.20526E-01    5.96724E-01    2.88082E-01   -3.33395E-01    6.87821E-02    5.39697E-02    3.47743E-02    7.02796E-02
     9.00008E-01    8.01927E-01    5.86776E-01    2.93298E-01   -3.29229E-01    6.68016E-02    5.26143E-02    3.36226E-02    6.96198E-02
     9.09007E-01    7.83713E-01    5.76893E-01    2.98379E-01   -3.25073E-01    6.48689E-02    5.12819E-02    3.25077E-02    6.89491E-02
     9.18007E-01    7.65878E-01    5.67081E-01    3.03328E-01   -3.20929E-01    6.29832E-02    4.99729E-02    3.14287E-02    6.82684E-02
     9.27007E-01    7.48417E-01    5.57344E-01    3.08148E-01   -3.16801E-01    6.11439E-02    4.86873E-02    3.03847E-02    6.75785E-02
     9.36007E-01    7.31325E-01    5.47688E-01    3.12841E-01   -3.12690E-01    5.93504E-02    4.74255E-02    2.93747E-02    6.68804E-02
     9.45007E-01    7.14596E-01    5.38115E-01    3.17409E-01   -3.08599E-01    5.76019E-02    4.61874E-02    2.83978E-02    6.61750E-02
     9.54007E-01    6.98226E-01    5.28632E-01    3.21855E-01   -3.04530E-01    5.58977E-02    4.49731E-02    2.74530E-02    6.54630E-02
     9.63007E-01    6.82209E-01    5.19240E-01    3.26182E-01   -3.00483E-01    5.42370E-02    4.37828E-02    2.65395E-02    6.47453E-02
     9.72007E-01    6.66540E-01    5.09944E-01    3.30392E-01   -2.96463E-01    5.26191E-02    4.26164E-02    2.56563E-02    6.40226E-02
     9.81007E-01    6.51212E-01    5.00747E-01    3.34487E-01   -2.92469E-01    5.10433E-02    4.14739E-02    2.48025E-02    6.32957E-02
     9.90007E-01    6.36221E-01    4.91651E-01    3.38470E-01   -2.88503E-01    4.95087E-02    4.03551E-02    2.39774E-02    6.25653E-02
     9.99007E-01    6.21560E-01    4.82659E-01    3.42343E-01   -2.84568E-01    4.80147E-02    3.92601E-02    2.31800E-02    6.18320E-02
     1.00801E+00    6.07225E-01    4.73773E-01    3.46110E-01   -2.80663E-01    4.65604E-02    3.81887E-02    2.24096E-02    6.10966E-02
     1.01701E+00    5.93209E-01    4.64996E-01    3.49772E-01   -2.76791E-01    4.51452E-02    3.71407E-02    2.16653E-02    6.03596E-02
     1.02601E+00    5.79506E-01    4.56329E-01    3.53331E-01   -2.72953E-01    4.37681E-02    3.61160E-02    2.09462E-02    5.96216E-02
     1.03501E+00    5.66111E-01    4.47774E-01    3.56791E-01   -2.69149E-01    4.24285E-02    3.51144E-02    2.02517E-02    5.88832E-02
     1.04401E+00    5.53019E-01    4.39333E-01    3.60153E-01   -2.65381E-01    4.11255E-02    3.41356E-02    1.95810E-02    5.81450E-02
     1.05301E+00    5.40223E-01    4.31006E-01    3.63421E-01   -2.61649E-01    3.98585E-02    3.31795E-02    1.89333E-02    5.74075E-02
     1.06201E+00    5.27717E-01    4.22794E-01    3.66595E-01   -2.57955E-01    3.86266E-02    3.22458E-02    1.83078E-02    5.66711E-02
     1.07101E+00    5.15498E-01    4.14700E-01    3.69679E-01   -2.54298E-01    3.74290E-02    3.13342E-02    1.77040E-02    5.59364E-02
     1.08001E+00    5.03557E-01    4.06722E-01    3.72675E-01   -2.50680E-01    3.62651E-02    3.04444E-02    1.71210E-02    5.52037E-02
     1.08901E+00    4.91891E-01    3.98862E-01    3.75585E-01   -2.47101E-01    3.51341E-02    2.95763E-02    1.65583E-02    5.44736E-02
     1.09801E+00    4.80494E-01    3.91120E-01    3.78412E-01   -2.43562E-01    3.40351E-02    2.87293E-02    1.60151E-02    5.37463E-02
     1.10701E+00    4.69359E-01    3.83496E-01    3.81156E-01   -2.40063E-01    3.29676E-02    2.79034E-02    1.54908E-02    5.30223E-02
     1.11601E+00    4.58483E-01    3.75990E-01    3.83822E-01   -2.36604E-01    3.19306E-02    2.70980E-02    1.49848E-02    5.23020E-02
     1.12501E+00    4.47858E-01    3.68603E-01    3.86410E-01   -2.33186E-01    3.09236E-02    2.63129E-02    1.44965E-02    5.15855E-02
     1.13401E+00    4.37481E-01    3.61334E-01    3.88922E-01   -2.29809E-01    2.99458E-02    2.55478E-02    1.40253E-02    5.08734E-02
     1.14301E+00    4.27346E-01    3.54183E-01    3.91361E-01   -2.26473E-01    2.89965E-02    2.48024E-02    1.35705E-02    5.01658E-02
     1.15201E+00    4.17447E-01    3.47150E-01    3.93729E-01   -2.23178E-01    2.80750E-02    2.40762E-02    1.31318E-02    4.94631E-02
     1.16101E+00    4.07780E-01    3.40233E-01    3.96028E-01   -2.19924E-01    2.71807E-02    2.33689E-02    1.27085E-02    4.87654E-02
     1.17001E+00    3.98339E-01    3.33433E-01    3.98259E-01   -2.16712E-01    2.63127E-02    2.26802E-02    1.23000E-02    4.80731E-02
     1.17901E+00    3.89121E-01    3.26749E-01    4.00425E-01   -2.13542E-01    2.54705E-02    2.20097E-02    1.19060E-02    4.73864E-02
     1.18801E+00    3.80118E-01    3.20180E-01    4.02526E-01   -2.10413E-01    2.46534E-02    2.13571E-02    1.15258E-02    4.67054E-02
     1.19701E+00    3.71328E-01    3.13725E-01    4.04566E-01   -2.07325E-01    2.38608E-02    2.07219E-02    1.11591E-02    4.60303E-02
     1.20601E+00    3.62745E-01    3.07383E-01    4.06545E-01   -2.04279E-01    2.30920E-02    2.01039E-02    1.08053E-02    4.53614E-02
     1.21501E+00    3.54364E-01    3.01154E-01    4.08466E-01   -2.01274E-01    2.23464E-02    1.95028E-02    1.04640E-02    4.46988E-02
     1.22401E+00    3.46181E-01    2.95036E-01    4.10330E-01   -1.98310E-01    2.16234E-02    1.89180E-02    1.01347E-02    4.40426E-02
     1.23301E+00    3.38192E-01    2.89028E-01    4.12138E-01   -1.95386E-01    2.09224E-02    1.83493E-02    9.81712E-03    4.33929E-02
     1.24201E+00    3.30392E-01    2.83130E-01    4.13892E-01   -1.92504E-01    2.02428E-02    1.77964E-02    9.51074E-03    4.27500E-02
     1.25101E+00    3.22777E-01    2.77340E-01    4.15595E-01   -1.89661E-01    1.95840E-02    1.72588E-02    9.21519E-03    4.21138E-02
     1.26001E+00    3.15342E-01    2.71657E-01    4.17246E-01   -1.86859E-01    1.89454E-02    1.67362E-02    8.93010E-03    4.14846E-02
     1.26901E+00    3.08083E-01    2.66079E-01    4.18849E-01   -1.84097E-01    1.83265E-02    1.62283E-02    8.65508E-03    4.08623E-02
     1.27801E+00    3.00997E-01    2.60606E-01    4.20403E-01   -1.81374E-01    1.77268E-02    1.57348E-02    8.38979E-03    4.02471E-02
     1.28701E+00    2.94078E-01    2.55236E-01    4.21911E-01   -1.78691E-01    1.71457E-02    1.52553E-02    8.13386E-03    3.96390E-02
     1.29601E+00    2.87324E-01    2.49968E-01    4.23374E-01   -1.76046E-01    1.65826E-02    1.47894E-02    7.88698E-03    3.90381E-02
     1.30501E+00    2.80730E-01    2.44800E-01    4.24793E-01   -1.73441E-01    1.60372E-02    1.43368E-02    7.64882E-03    3.84444E-02
     1.31401E+00    2.74293E-01    2.39732E-01    4.26170E-01   -1.70873E-01    1.55088E-02    1.38973E-02    7.41906E-03    3.78580E-02
     1.32301E+00    2.68009E-01    2.34761E-01    4.27505E-01   -1.68343E-01    1.49971E-02    1.34704E-02    7.19740E-03    3.72788E-02
     1.33201E+00    2.61874E-01    2.29887E-01    4.28800E-01   -1.65851E-01    1.45014E-02    1.30559E-02    6.98355E-03    3.67070E-02
     1.34101E+00    2.55885E-01    2.25107E-01    4.30057E-01   -1.63396E-01    1.40214E-02    1.26535E-02    6.77723E-03    3.61425E-02
     1.35001E+00    2.50038E-01    2.20421E-01    4.31276E-01   -1.60977E-01    1.35566E-02    1.22628E-02    6.57817E-03    3.55854E-02
     1.35901E+00    2.44330E-01    2.15828E-01    4.32458E-01   -1.58595E-01    1.31066E-02    1.18836E-02    6.38610E-03    3.50356E-02
     1.36801E+00    2.38758E-01    2.11325E-01    4.33605E-01   -1.56249E-01    1.26708E-02    1.15155E-02    6.20076E-03    3.44932E-02
     1.37701E+00    2.33318E-01    2.06911E-01    4.34717E-01   -1.53938E-01    1.22490E-02    1.11583E-02    6.02193E-03    3.39580E-02
     1.38601E+00    2.28007E-01    2.02585E-01    4.35796E-01   -1.51663E-01    1.18407E-02    1.08117E-02    5.84935E-03    3.34302E-02
     1.39501E+00    2.22822E-01    1.98346E-01    4.36843E-01   -1.49422E-01    1.14455E-02    1.04753E-02    5.68280E-03    3.29097E-02
     1.40401E+00    2.17760E-01    1.94192E-01    4.37858E-01   -1.47215E-01    1.10629E-02    1.01490E-02    5.52207E-03    3.23964E-02
     1.41301E+00    2.12818E-01    1.90121E-01    4.38842E-01   -1.45042E-01    1.06927E-02    9.83238E-03    5.36694E-03    3.18904E-02
     1.42201E+00    2.07993E-01    1.86132E-01    4.39797E-01   -1.42902E-01    1.03344E-02    9.52527E-03    5.21720E-03    3.13916E-02
     1.43101E+00    2.03282E-01    1.82225E-01    4.40724E-01   -1.40795E-01    9.98776E-03    9.22739E-03    5.07266E-03    3.09000E-02
     1.44001E+00    1.98683E-01    1.78397E-01    4.41622E-01   -1.38720E-01    9.65231E-03    8.93849E-03    4.93312E-03    3.04154E-02
     1.44901E+00    1.94193E-01    1.74646E-01    4.42494E-01   -1.36678E-01    9.32775E-03    8.65830E-03    4.79842E-03    2.99380E-02
     1.45801E+00    1.89809E-01    1.70973E-01    4.43339E-01   -1.34667E-01    9.01376E-03    8.38660E-03    4.66836E-03    2.94676E-02
     1.46701E+00    1.85528E-01    1.67374E-01    4.44159E-01   -1.32687E-01    8.71000E-03    8.12314E-03    4.54278E-03    2.90041E-02
     1.47601E+00    1.81349E-01    1.63850E-01    4.44955E-01   -1.30738E-01    8.41616E-03    7.86770E-03    4.42152E-03    2.85476E-02
     1.48501E+00    1.77268E-01    1.60398E-01    4.45726E-01   -1.28819E-01    8.13193E-03    7.62004E-03    4.30441E-03    2.80979E-02
     1.49401E+00    1.73284E-01    1.57018E-01    4.46475E-01   -1.26929E-01    7.85702E-03    7.37995E-03    4.19131E-03    2.76550E-02
     1.50301E+00    1.69393E-01    1.53707E-01    4.47201E-01   -1.25070E-01    7.59114E-03    7.14721E-03    4.08206E-03    2.72189E-02
     1.51201E+00    1.65594E-01    1.50465E-01    4.47905E-01   -1.23239E-01    7.33400E-03    6.92161E-03    3.97654E-03    2.67895E-02
     1.52101E+00    1.61884E-01    1.47290E-01    4.48588E-01   -1.21436E-01    7.08534E-03    6.70294E-03    3.87459E-03    2.63666E-02
     1.53001E+00    1.58262E-01    1.44182E-01    4.49251E-01   -1.19662E-01    6.84488E-03    6.49101E-03    3.77609E-03    2.59504E-02
     1.53901E+00    1.54725E-01    1.41138E-01    4.49894E-01   -1.17915E-01    6.61236E-03    6.28562E-03    3.68091E-03    2.55406E-02
     1.54801E+00    1.51270E-01    1.38158E-01    4.50518E-01   -1.16196E-01    6.38755E-03    6.08657E-03    3.58894E-03    2.51372E-02
     1.55701E+00    1.47897E-01    1.35240E-01    4.51123E-01   -1.14503E-01    6.17018E-03    5.89369E-03    3.50005E-03    2.47401E-02
     1.56601E+00    1.44602E-01    1.32383E-01    4.51710E-01   -1.12836E-01    5.96004E-03    5.70679E-03    3.41413E-03    2.43493E-02
     1.57501E+00    1.41385E-01    1.29586E-01    4.52279E-01   -1.11196E-01    5.75687E-03    5.52569E-03    3.33108E-03    2.39647E-02
     1.58401E+00    1.38243E-01    1.26848E-01    4.52832E-01   -1.09581E-01    5.56048E-03    5.35023E-03    3.25078E-03    2.35862E-02
     1.59301E+00    1.35174E-01    1.24167E-01    4.53368E-01   -1.07991E-01    5.37063E-03    5.18023E-03    3.17314E-03    2.32138E-02
     1.60201E+00    1.32177E-01    1.21543E-01    4.53888E-01   -1.06426E-01    5.18712E-03    5.01554E-03    3.09807E-03    2.28473E-02
     1.61101E+00    1.29250E-01    1.18975E-01    4.54393E-01   -1.04886E-01    5.00974E-03    4.85599E-03    3.02546E-03    2.24867E-02
     1.62001E+00    1.26391E-01    1.16460E-01    4.54882E-01   -1.03369E-01    4.83830E-03    4.70144E-03    2.95522E-03    2.21320E-02
     1.62901E+00    1.23598E-01    1.13999E-01    4.55357E-01   -1.01876E-01    4.67261E-03    4.55172E-03    2.88728E-03    2.17830E-02
     1.63801E+00    1.20870E-01    1.11589E-01    4.55818E-01   -1.00406E-01    4.51247E-03    4.40671E-03    2.82155E-03    2.14396E-02
     1.64701E+00    1.18206E-01    1.09231E-01    4.56265E-01   -9.89591E-02    4.35771E-03    4.26624E-03    2.75794E-03    2.11018E-02
     1.65601E+00    1.15603E-01    1.06922E-01    4.56699E-01   -9.75344E-02    4.20816E-03    4.13020E-03    2.69638E-03    2.07696E-02
     1.66501E+00    1.13061E-01    1.04663E-01    4.57121E-01   -9.61319E-02    4.06365E-03    3.99843E-03    2.63681E-03    2.04428E-02
     1.67401E+00    1.10578E-01    1.02452E-01    4.57529E-01   -9.47510E-02    3.92400E-03    3.87082E-03    2.57913E-03    2.01213E-02
     1.68301E+00    1.08151E-01    1.00287E-01    4.57926E-01   -9.33915E-02    3.78907E-03    3.74723E-03    2.52329E-03    1.98051E-02
     1.69201E+00    1.05781E-01    9.81684E-02    4.58311E-01   -9.20530E-02    3.65869E-03    3.62754E-03    2.46922E-03    1.94942E-02
     1.70101E+00    1.03466E-01    9.60949E-02    4.58684E-01   -9.07352E-02    3.53273E-03    3.51164E-03    2.41686E-03    1.91884E-02
     1.71001E+00    1.01204E-01    9.40655E-02    4.59047E-01   -8.94376E-02    3.41102E-03    3.39940E-03    2.36614E-03    1.88876E-02
     1.71901E+00    9.89936E-02    9.20792E-02    4.59399E-01   -8.81600E-02    3.29344E-03    3.29072E-03    2.31701E-03    1.85918E-02
     1.72801E+00    9.68342E-02    9.01353E-02    4.59740E-01   -8.69021E-02    3.17985E-03    3.18548E-03    2.26941E-03    1.83009E-02
     1.73701E+00    9.47245E-02    8.82328E-02    4.60072E-01   -8.56635E-02    3.07012E-03    3.08358E-03    2.22328E-03    1.80148E-02
     1.74601E+00    9.26631E-02    8.63708E-02    4.60393E-01   -8.44438E-02    2.96411E-03    2.98491E-03    2.17857E-03    1.77336E-02
     1.75501E+00    9.06490E-02    8.45485E-02    4.60706E-01   -8.32429E-02    2.86171E-03    2.88938E-03    2.13523E-03    1.74570E-02
     1.76401E+00    8.86809E-02    8.27651E-02    4.61009E-01   -8.20602E-02    2.76279E-03    2.79688E-03    2.09322E-03    1.71850E-02
     1.77301E+00    8.67578E-02    8.10197E-02    4.61303E-01   -8.08957E-02    2.66724E-03    2.70733E-03    2.05248E-03    1.69175E-02
     1.78201E+00    8.48785E-02    7.93115E-02    4.61588E-01   -7.97488E-02    2.57495E-03    2.62062E-03    2.01297E-03    1.66545E-02
     1.79101E+00    8.30422E-02    7.76398E-02    4.61866E-01   -7.86194E-02    2.48581E-03    2.53668E-03    1.97465E-03    1.63960E-02
     1.80001E+00    8.12476E-02    7.60038E-02    4.62135E-01   -7.75071E-02    2.39972E-03    2.45541E-03    1.93747E-03    1.61417E-02
     1.80900E+00    7.94938E-02    7.44027E-02    4.62396E-01   -7.64117E-02    2.31656E-03    2.37674E-03    1.90140E-03    1.58917E-02
     1.81800E+00    7.77800E-02    7.28358E-02    4.62650E-01   -7.53329E-02    2.23625E-03    2.30057E-03    1.86640E-03    1.56459E-02
     1.82700E+00    7.61049E-02    7.13023E-02    4.62896E-01   -7.42703E-02    2.15869E-03    2.22684E-03    1.83242E-03    1.54043E-02
     1.83600E+00    7.44679E-02    6.98016E-02    4.63135E-01   -7.32238E-02    2.08379E-03    2.15546E-03    1.79943E-03    1.51667E-02
     1.84500E+00    7.28679E-02    6.83328E-02    4.63368E-01   -7.21930E-02    2.01146E-03    2.08636E-03    1.76741E-03    1.49331E-02
     1.85400E+00    7.13042E-02    6.68955E-02    4.63593E-01   -7.11777E-02    1.94160E-03    2.01947E-03    1.73631E-03    1.47034E-02
     1.86300E+00    6.97757E-02    6.54888E-02    4.63812E-01   -7.01775E-02    1.87415E-03    1.95472E-03    1.70610E-03    1.44775E-02
     1.87200E+00    6.82817E-02    6.41122E-02    4.64025E-01   -6.91924E-02    1.80901E-03    1.89204E-03    1.67675E-03    1.42555E-02
     1.88100E+00    6.68214E-02    6.27650E-02    4.64231E-01   -6.82219E-02    1.74611E-03    1.83137E-03    1.64824E-03    1.40372E-02
     1.89000E+00    6.53940E-02    6.14465E-02    4.64431E-01   -6.72659E-02    1.68537E-03    1.77264E-03    1.62053E-03    1.38226E-02
     1.89900E+00    6.39987E-02    6.01561E-02    4.64626E-01   -6.63240E-02    1.62673E-03    1.71579E-03    1.59360E-03    1.36116E-02
     1.90800E+00    6.26347E-02    5.88933E-02    4.64815E-01   -6.53962E-02    1.57010E-03    1.66076E-03    1.56741E-03    1.34041E-02
     1.91700E+00    6.13013E-02    5.76574E-02    4.64999E-01   -6.44820E-02    1.51543E-03    1.60750E-03    1.54196E-03    1.32002E-02
     1.92600E+00    5.99978E-02    5.64478E-02    4.65177E-01   -6.35814E-02    1.46264E-03    1.55594E-03    1.51720E-03    1.29997E-02
     1.93500E+00    5.87235E-02    5.52641E-02    4.65350E-01   -6.26940E-02    1.41167E-03    1.50604E-03    1.49312E-03    1.28025E-02
     1.94400E+00    5.74777E-02    5.41056E-02    4.65519E-01   -6.18196E-02    1.36246E-03    1.45774E-03    1.46969E-03    1.26087E-02
     1.95300E+00    5.62597E-02    5.29718E-02    4.65682E-01   -6.09581E-02    1.31495E-03    1.41098E-03    1.44690E-03    1.24181E-02
     1.96200E+00    5.50689E-02    5.18621E-02    4.65841E-01   -6.01092E-02    1.26908E-03    1.36573E-03    1.42471E-03    1.22307E-02
     1.97100E+00    5.39047E-02    5.07761E-02    4.65995E-01   -5.92726E-02    1.22480E-03    1.32193E-03    1.40312E-03    1.20465E-02
     1.98000E+00    5.27663E-02    4.97132E-02    4.66145E-01   -5.84482E-02    1.18205E-03    1.27954E-03    1.38210E-03    1.18654E-02
     1.98900E+00    5.16533E-02    4.86729E-02    4.66290E-01   -5.76358E-02    1.14078E-03    1.23850E-03    1.36163E-03    1.16873E-02
     1.99800E+00    5.05650E-02    4.76548E-02    4.66432E-01   -5.68352E-02    1.10094E-03    1.19879E-03    1.34169E-03    1.15122E-02
     2.00700E+00    4.95009E-02    4.66583E-02    4.66569E-01   -5.60461E-02    1.06248E-03    1.16035E-03    1.32227E-03    1.13400E-02
     2.01600E+00    4.84603E-02    4.56830E-02    4.66702E-01   -5.52684E-02    1.02535E-03    1.12314E-03    1.30336E-03    1.11707E-02
     2.02500E+00    4.74429E-02    4.47284E-02    4.66832E-01   -5.45019E-02    9.89510E-04    1.08713E-03    1.28492E-03    1.10043E-02
     2.03400E+00    4.64479E-02    4.37942E-02    4.66958E-01   -5.37463E-02    9.54913E-04    1.05228E-03    1.26696E-03    1.08407E-02
     2.04300E+00    4.54749E-02    4.28797E-02    4.67080E-01   -5.30016E-02    9.21517E-04    1.01854E-03    1.24944E-03    1.06798E-02
     2.05200E+00    4.45234E-02    4.19847E-02    4.67199E-01   -5.22675E-02    8.89281E-04    9.85894E-04    1.23237E-03    1.05216E-02
     2.06100E+00    4.35929E-02    4.11086E-02    4.67315E-01   -5.15438E-02    8.58164E-04    9.54292E-04    1.21572E-03    1.03660E-02
     2.07000E+00    4.26829E-02    4.02512E-02    4.67427E-01   -5.08304E-02    8.28129E-04    9.23706E-04    1.19948E-03    1.02130E-02
     2.07900E+00    4.17929E-02    3.94119E-02    4.67536E-01   -5.01271E-02    7.99138E-04    8.94103E-04    1.18364E-03    1.00626E-02
     2.08800E+00    4.09225E-02    3.85903E-02    4.67642E-01   -4.94337E-02    7.71156E-04    8.65451E-04    1.16819E-03    9.91474E-03
     2.09700E+00    4.00712E-02    3.77862E-02    4.67746E-01   -4.87501E-02    7.44147E-04    8.37719E-04    1.15311E-03    9.76931E-03
     2.10600E+00    3.92386E-02    3.69991E-02    4.67846E-01   -4.80761E-02    7.18078E-04    8.10878E-04    1.13839E-03    9.62630E-03
     2.11500E+00    3.84243E-02    3.62287E-02    4.67943E-01   -4.74115E-02    6.92917E-04    7.84899E-04    1.12403E-03    9.48567E-03
     2.12400E+00    3.76278E-02    3.54745E-02    4.68038E-01   -4.67562E-02    6.68633E-04    7.59755E-04    1.11000E-03    9.34738E-03
     2.13300E+00    3.68487E-02    3.47363E-02    4.68130E-01   -4.61101E-02    6.45195E-04    7.35419E-04    1.09631E-03    9.21139E-03
     2.14200E+00    3.60867E-02    3.40136E-02    4.68219E-01   -4.54729E-02    6.22573E-04    7.11864E-04    1.08293E-03    9.07766E-03
     2.15100E+00    3.53414E-02    3.33062E-02    4.68306E-01   -4.48445E-02    6.00741E-04    6.89066E-04    1.06987E-03    8.94614E-03
     2.16000E+00    3.46123E-02    3.26137E-02    4.68390E-01   -4.42248E-02    5.79670E-04    6.67000E-04    1.05710E-03    8.81680E-03
     2.16900E+00    3.38991E-02    3.19358E-02    4.68473E-01   -4.36136E-02    5.59335E-04    6.45642E-04    1.04463E-03    8.68961E-03
     2.17800E+00    3.32014E-02    3.12722E-02    4.68552E-01   -4.30108E-02    5.39709E-04    6.24970E-04    1.03245E-03    8.56452E-03
     2.18700E+00    3.25190E-02    3.06226E-02    4.68630E-01   -4.24163E-02    5.20769E-04    6.04962E-04    1.02053E-03    8.44149E-03
     2.19600E+00    3.18514E-02    2.99866E-02    4.68705E-01   -4.18299E-02    5.02490E-04    5.85596E-04    1.00889E-03    8.32050E-03
     2.20500E+00    3.11983E-02    2.93640E-02    4.68779E-01   -4.12514E-02    4.84850E-04    5.66851E-04    9.97504E-04    8.20150E-03
     2.21400E+00    3.05594E-02    2.87545E-02    4.68850E-01   -4.06809E-02    4.67826E-04    5.48708E-04    9.86371E-04    8.08445E-03
     2.22300E+00    2.99344E-02    2.81578E-02    4.68920E-01   -4.01180E-02    4.51397E-04    5.31147E-04    9.75483E-04    7.96934E-03
     2.23200E+00    2.93229E-02    2.75736E-02    4.68987E-01   -3.95627E-02    4.35543E-04    5.14150E-04    9.64832E-04    7.85612E-03
     2.24100E+00    2.87246E-02    2.70016E-02    4.69053E-01   -3.90149E-02    4.20244E-04    4.97697E-04    9.54413E-04    7.74475E-03
     2.25000E+00    2.81394E-02    2.64416E-02    4.69116E-01   -3.84745E-02    4.05479E-04    4.81772E-04    9.44219E-04    7.63521E-03
     2.25900E+00    2.75668E-02    2.58934E-02    4.69178E-01   -3.79412E-02    3.91232E-04    4.66358E-04    9.34242E-04    7.52747E-03
     2.26800E+00    2.70065E-02    2.53566E-02    4.69239E-01   -3.74151E-02    3.77483E-04    4.51437E-04    9.24478E-04    7.42149E-03
     2.27700E+00    2.64584E-02    2.48310E-02    4.69297E-01   -3.68960E-02    3.64216E-04    4.36995E-04    9.14921E-04    7.31724E-03
     2.28600E+00    2.59222E-02    2.43164E-02    4.69354E-01   -3.63837E-02    3.51413E-04    4.23016E-04    9.05564E-04    7.21469E-03
     2.29500E+00    2.53975E-02    2.38126E-02    4.69410E-01   -3.58782E-02    3.39059E-04    4.09484E-04    8.96403E-04    7.11381E-03
     2.30400E+00    2.48841E-02    2.33192E-02    4.69464E-01   -3.53794E-02    3.27138E-04    3.96386E-04    8.87432E-04    7.01458E-03
     2.31300E+00    2.43818E-02    2.28362E-02    4.69516E-01   -3.48871E-02    3.15634E-04    3.83707E-04    8.78647E-04    6.91696E-03
     2.32200E+00    2.38903E-02    2.23631E-02    4.69567E-01   -3.44012E-02    3.04534E-04    3.71434E-04    8.70041E-04    6.82093E-03
     2.33100E+00    2.34093E-02    2.19000E-02    4.69617E-01   -3.39217E-02    2.93824E-04    3.59554E-04    8.61611E-04    6.72646E-03
     2.34000E+00    2.29388E-02    2.14464E-02    4.69665E-01   -3.34484E-02    2.83489E-04    3.48053E-04    8.53352E-04    6.63351E-03
     2.34900E+00    2.24783E-02    2.10023E-02    4.69712E-01   -3.29812E-02    2.73516E-04    3.36921E-04    8.45259E-04    6.54208E-03
     2.35800E+00    2.20278E-02    2.05674E-02    4.69757E-01   -3.25201E-02    2.63893E-04    3.26145E-04    8.37329E-04    6.45212E-03
     2.36700E+00    2.15869E-02    2.01415E-02    4.69802E-01   -3.20649E-02    2.54609E-04    3.15713E-04    8.29556E-04    6.36361E-03
     2.37600E+00    2.11555E-02    1.97244E-02    4.69845E-01   -3.16156E-02    2.45650E-04    3.05615E-04    8.21938E-04    6.27653E-03
     2.38500E+00    2.07334E-02    1.93159E-02    4.69887E-01   -3.11719E-02    2.37005E-04    2.95839E-04    8.14470E-04    6.19086E-03
     2.39400E+00    2.03203E-02    1.89159E-02    4.69928E-01   -3.07340E-02    2.28665E-04    2.86376E-04    8.07149E-04    6.10656E-03
     2.40300E+00    1.99161E-02    1.85242E-02    4.69968E-01   -3.03016E-02    2.20617E-04    2.77214E-04    7.99971E-04    6.02363E-03
     2.41200E+00    1.95205E-02    1.81405E-02    4.70006E-01   -2.98747E-02    2.12852E-04    2.68346E-04    7.92932E-04    5.94202E-03
     2.42100E+00    1.91335E-02    1.77647E-02    4.70044E-01   -2.94531E-02    2.05360E-04    2.59760E-04    7.86029E-04    5.86172E-03
     2.43000E+00    1.87547E-02    1.73967E-02    4.70081E-01   -2.90369E-02    1.98131E-04    2.51448E-04    7.79258E-04    5.78271E-03
     2.43900E+00    1.83840E-02    1.70362E-02    4.70116E-01   -2.86259E-02    1.91156E-04    2.43402E-04    7.72618E-04    5.70496E-03
     2.44800E+00    1.80213E-02    1.66832E-02    4.70151E-01   -2.82200E-02    1.84427E-04    2.35612E-04    7.66104E-04    5.62846E-03
     2.45700E+00    1.76663E-02    1.63374E-02    4.70185E-01   -2.78192E-02    1.77934E-04    2.28070E-04    7.59714E-04    5.55317E-03
     2.46600E+00    1.73190E-02    1.59987E-02    4.70217E-01   -2.74233E-02    1.71670E-04    2.20769E-04    7.53445E-04    5.47909E-03
     2.47500E+00    1.69790E-02    1.56669E-02    4.70249E-01   -2.70323E-02    1.65626E-04    2.13700E-04    7.47293E-04    5.40619E-03
     2.48400E+00    1.66464E-02    1.53419E-02    4.70280E-01   -2.66461E-02    1.59795E-04    2.06857E-04    7.41257E-04    5.33445E-03
     2.49300E+00    1.63209E-02    1.50235E-02    4.70311E-01   -2.62647E-02    1.54168E-04    2.00231E-04    7.35334E-04    5.26385E-03
     2.50200E+00    1.60023E-02    1.47117E-02    4.70340E-01   -2.58880E-02    1.48740E-04    1.93817E-04    7.29521E-04    5.19437E-03
     2.51100E+00    1.56905E-02    1.44062E-02    4.70369E-01   -2.55158E-02    1.43503E-04    1.87606E-04    7.23816E-04    5.12600E-03
     2.52000E+00    1.53855E-02    1.41069E-02    4.70397E-01   -2.51481E-02    1.38451E-04    1.81593E-04    7.18216E-04    5.05870E-03
     2.52900E+00    1.50869E-02    1.38137E-02    4.70424E-01   -2.47849E-02    1.33576E-04    1.75772E-04    7.12719E-04    4.99248E-03
     2.53800E+00    1.47947E-02    1.35265E-02    4.70450E-01   -2.44261E-02    1.28873E-04    1.70135E-04    7.07323E-04    4.92730E-03
     2.54700E+00    1.45088E-02    1.32451E-02    4.70476E-01   -2.40715E-02    1.24336E-04    1.64678E-04    7.02026E-04    4.86315E-03
     2.55600E+00    1.42290E-02    1.29694E-02    4.70501E-01   -2.37212E-02    1.19959E-04    1.59393E-04    6.96826E-04    4.80002E-03
     2.56500E+00    1.39552E-02    1.26993E-02    4.70525E-01   -2.33751E-02    1.15736E-04    1.54277E-04    6.91721E-04    4.73788E-03
     2.57400E+00    1.36873E-02    1.24346E-02    4.70549E-01   -2.30331E-02    1.11661E-04    1.49324E-04    6.86708E-04    4.67672E-03
     2.58300E+00    1.34251E-02    1.21753E-02    4.70572E-01   -2.26951E-02    1.07731E-04    1.44527E-04    6.81786E-04    4.61653E-03
     2.59200E+00    1.31685E-02    1.19212E-02    4.70594E-01   -2.23611E-02    1.03939E-04    1.39883E-04    6.76953E-04    4.55728E-03
     2.60100E+00    1.29175E-02    1.16722E-02    4.70616E-01   -2.20310E-02    1.00280E-04    1.35386E-04    6.72208E-04    4.49896E-03
     2.61000E+00    1.26718E-02    1.14282E-02    4.70637E-01   -2.17048E-02    9.67511E-05    1.31032E-04    6.67547E-04    4.44156E-03
     2.61900E+00    1.24313E-02    1.11891E-02    4.70658E-01   -2.13824E-02    9.33464E-05    1.26816E-04    6.62971E-04    4.38507E-03
     2.62800E+00    1.21961E-02    1.09548E-02    4.70678E-01   -2.10637E-02    9.00618E-05    1.22733E-04    6.58477E-04    4.32946E-03
     2.63700E+00    1.19659E-02    1.07252E-02    4.70697E-01   -2.07487E-02    8.68931E-05    1.18780E-04    6.54063E-04    4.27472E-03
     2.64600E+00    1.17406E-02    1.05001E-02    4.70716E-01   -2.04373E-02    8.38363E-05    1.14952E-04    6.49729E-04    4.22084E-03
     2.65500E+00    1.15202E-02    1.02796E-02    4.70735E-01   -2.01294E-02    8.08874E-05    1.11245E-04    6.45472E-04    4.16780E-03
     2.66400E+00    1.13045E-02    1.00634E-02    4.70753E-01   -1.98251E-02    7.80427E-05    1.07656E-04    6.41291E-04    4.11560E-03
     2.67300E+00    1.10935E-02    9.85154E-03    4.70770E-01   -1.95243E-02    7.52984E-05    1.04180E-04    6.37185E-04    4.06421E-03
     2.68200E+00    1.08870E-02    9.64387E-03    4.70788E-01   -1.92268E-02    7.26510E-05    1.00814E-04    6.33152E-04    4.01363E-03
     2.69100E+00    1.06850E-02    9.44032E-03    4.70804E-01   -1.89327E-02    7.00973E-05    9.75552E-05    6.29191E-04    3.96383E-03
     2.70000E+00    1.04874E-02    9.24079E-03    4.70820E-01   -1.86419E-02    6.76337E-05    9.43990E-05    6.25301E-04    3.91482E-03
     2.70900E+00    1.02940E-02    9.04519E-03    4.70836E-01   -1.83543E-02    6.52573E-05    9.13427E-05    6.21481E-04    3.86658E-03
     2.71800E+00    1.01048E-02    8.85344E-03    4.70851E-01   -1.80699E-02    6.29649E-05    8.83829E-05    6.17729E-04    3.81908E-03
     2.72700E+00    9.91971E-03    8.66546E-03    4.70866E-01   -1.77887E-02    6.07536E-05    8.55167E-05    6.14043E-04    3.77233E-03
     2.73600E+00    9.73864E-03    8.48117E-03    4.70881E-01   -1.75106E-02    5.86205E-05    8.27410E-05    6.10424E-04    3.72631E-03
     2.74500E+00    9.56150E-03    8.30048E-03    4.70895E-01   -1.72355E-02    5.65629E-05    8.00530E-05    6.06870E-04    3.68102E-03
     2.75400E+00    9.38822E-03    8.12332E-03    4.70909E-01   -1.69634E-02    5.45781E-05    7.74499E-05    6.03379E-04    3.63643E-03
     2.76300E+00    9.21872E-03    7.94961E-03    4.70922E-01   -1.66943E-02    5.26636E-05    7.49289E-05    5.99951E-04    3.59253E-03
     2.77200E+00    9.05292E-03    7.77927E-03    4.70935E-01   -1.64281E-02    5.08169E-05    7.24875E-05    5.96584E-04    3.54933E-03
     2.78100E+00    8.89074E-03    7.61224E-03    4.70948E-01   -1.61647E-02    4.90356E-05    7.01232E-05    5.93278E-04    3.50680E-03
     2.79000E+00    8.73212E-03    7.44844E-03    4.70960E-01   -1.59042E-02    4.73175E-05    6.78334E-05    5.90032E-04    3.46493E-03
     2.79900E+00    8.57698E-03    7.28781E-03    4.70972E-01   -1.56465E-02    4.56603E-05    6.56159E-05    5.86845E-04    3.42373E-03
     2.80800E+00    8.42526E-03    7.13026E-03    4.70984E-01   -1.53915E-02    4.40618E-05    6.34683E-05    5.83715E-04    3.38317E-03
     2.81700E+00    8.27688E-03    6.97574E-03    4.70995E-01   -1.51391E-02    4.25201E-05    6.13883E-05    5.80642E-04    3.34324E-03
     2.82600E+00    8.13177E-03    6.82418E-03    4.71006E-01   -1.48895E-02    4.10331E-05    5.93740E-05    5.77625E-04    3.30394E-03
     2.83500E+00    7.98988E-03    6.67551E-03    4.71017E-01   -1.46424E-02    3.95989E-05    5.74230E-05    5.74663E-04    3.26526E-03
     2.84400E+00    7.85115E-03    6.52967E-03    4.71027E-01   -1.43980E-02    3.82156E-05    5.55336E-05    5.71755E-04    3.22719E-03
     2.85300E+00    7.71550E-03    6.38661E-03    4.71037E-01   -1.41560E-02    3.68815E-05    5.37036E-05    5.68901E-04    3.18972E-03
     2.86200E+00    7.58287E-03    6.24625E-03    4.71047E-01   -1.39166E-02    3.55949E-05    5.19313E-05    5.66100E-04    3.15285E-03
     2.87100E+00    7.45322E-03    6.10855E-03    4.71057E-01   -1.36796E-02    3.43540E-05    5.02147E-05    5.63350E-04    3.11655E-03
     2.88000E+00    7.32647E-03    5.97343E-03    4.71066E-01   -1.34450E-02    3.31574E-05    4.85522E-05    5.60652E-04    3.08083E-03
     2.88900E+00    7.20258E-03    5.84085E-03    4.71075E-01   -1.32128E-02    3.20033E-05    4.69420E-05    5.58004E-04    3.04568E-03
     2.89800E+00    7.08148E-03    5.71075E-03    4.71084E-01   -1.29830E-02    3.08904E-05    4.53824E-05    5.55405E-04    3.01108E-03
     2.90700E+00    6.96313E-03    5.58307E-03    4.71093E-01   -1.27554E-02    2.98171E-05    4.38718E-05    5.52856E-04    2.97704E-03
     2.91600E+00    6.84747E-03    5.45777E-03    4.71101E-01   -1.25302E-02    2.87822E-05    4.24088E-05    5.50355E-04    2.94354E-03
     2.92500E+00    6.73445E-03    5.33478E-03    4.71109E-01   -1.23071E-02    2.77843E-05    4.09917E-05    5.47902E-04    2.91058E-03
     2.93400E+00    6.62402E-03    5.21406E-03    4.71117E-01   -1.20863E-02    2.68220E-05    3.96191E-05    5.45496E-04    2.87814E-03
     2.94300E+00    6.51613E-03    5.09555E-03    4.71125E-01   -1.18677E-02    2.58942E-05    3.82896E-05    5.43136E-04    2.84623E-03
     2.95200E+00    6.41074E-03    4.97922E-03    4.71132E-01   -1.16512E-02    2.49996E-05    3.70019E-05    5.40822E-04    2.81484E-03
     2.96100E+00    6.30778E-03    4.86500E-03    4.71140E-01   -1.14367E-02    2.41371E-05    3.57546E-05    5.38553E-04    2.78395E-03
     2.97000E+00    6.20723E-03    4.75286E-03    4.71147E-01   -1.12244E-02    2.33055E-05    3.45465E-05    5.36328E-04    2.75356E-03
     2.97900E+00    6.10903E-03    4.64274E-03    4.71154E-01   -1.10141E-02    2.25038E-05    3.33762E-05    5.34148E-04    2.72368E-03
     2.98800E+00    6.01314E-03    4.53461E-03    4.71160E-01   -1.08058E-02    2.17310E-05    3.22426E-05    5.32011E-04    2.69428E-03
     2.99700E+00    5.91952E-03    4.42840E-03    4.71167E-01   -1.05995E-02    2.09860E-05    3.11445E-05    5.29917E-04    2.66536E-03
     3.00600E+00    5.82812E-03    4.32410E-03    4.71173E-01   -1.03951E-02    2.02678E-05    3.00809E-05    5.27865E-04    2.63693E-03
     3.01500E+00    5.73891E-03    4.22164E-03    4.71179E-01   -1.01927E-02    1.95756E-05    2.90505E-05    5.25855E-04    2.60897E-03
     3.02400E+00    5.65185E-03    4.12099E-03    4.71185E-01   -9.99210E-03    1.89085E-05    2.80523E-05    5.23886E-04    2.58147E-03
     3.03300E+00    5.56689E-03    4.02210E-03    4.71191E-01   -9.79340E-03    1.82655E-05    2.70854E-05    5.21959E-04    2.55444E-03
     3.04200E+00    5.48400E-03    3.92495E-03    4.71197E-01   -9.59652E-03    1.76459E-05    2.61487E-05    5.20071E-04    2.52786E-03
     3.05100E+00    5.40314E-03    3.82948E-03    4.71202E-01   -9.40145E-03    1.70488E-05    2.52413E-05    5.18224E-04    2.50174E-03
     3.06000E+00    5.32427E-03    3.73566E-03    4.71207E-01   -9.20815E-03    1.64735E-05    2.43621E-05    5.16416E-04    2.47606E-03
     3.06900E+00    5.24736E-03    3.64345E-03    4.71212E-01   -9.01659E-03    1.59192E-05    2.35104E-05    5.14646E-04    2.45083E-03
     3.07800E+00    5.17238E-03    3.55281E-03    4.71217E-01   -8.82675E-03    1.53851E-05    2.26852E-05    5.12916E-04    2.42603E-03
     3.08700E+00    5.09929E-03    3.46371E-03    4.71222E-01   -8.63861E-03    1.48707E-05    2.18857E-05    5.11223E-04    2.40167E-03
     3.09600E+00    5.02806E-03    3.37611E-03    4.71227E-01   -8.45213E-03    1.43752E-05    2.11110E-05    5.09568E-04    2.37774E-03
     3.10500E+00    4.95865E-03    3.28998E-03    4.71232E-01   -8.26730E-03    1.38980E-05    2.03604E-05    5.07950E-04    2.35423E-03
     3.11400E+00    4.89104E-03    3.20528E-03    4.71236E-01   -8.08407E-03    1.34384E-05    1.96331E-05    5.06369E-04    2.33115E-03
     3.12300E+00    4.82519E-03    3.12198E-03    4.71240E-01   -7.90244E-03    1.29960E-05    1.89283E-05    5.04824E-04    2.30848E-03
     3.13200E+00    4.76108E-03    3.04004E-03    4.71244E-01   -7.72237E-03    1.25700E-05    1.82453E-05    5.03316E-04    2.28623E-03
     3.14100E+00    4.69867E-03    2.95944E-03    4.71248E-01   -7.54384E-03    1.21599E-05    1.75834E-05    5.01843E-04    2.26439E-03
     3.15000E+00    4.63794E-03    2.88014E-03    4.71252E-01   -7.36683E-03    1.17652E-05    1.69419E-05    5.00405E-04    2.24296E-03
     3.15900E+00    4.57886E-03    2.80210E-03    4.71256E-01   -7.19131E-03    1.13854E-05    1.63202E-05    4.99002E-04    2.22194E-03
     3.16800E+00    4.52140E-03    2.72531E-03    4.71260E-01   -7.01726E-03    1.10200E-05    1.57175E-05    4.97634E-04    2.20132E-03
     3.17700E+00    4.46553E-03    2.64972E-03    4.71263E-01   -6.84465E-03    1.06685E-05    1.51332E-05    4.96300E-04    2.18110E-03
     3.18600E+00    4.41123E-03    2.57532E-03    4.71267E-01   -6.67347E-03    1.03304E-05    1.45669E-05    4.95000E-04    2.16128E-03
     3.19500E+00    4.35848E-03    2.50206E-03    4.71270E-01   -6.50369E-03    1.00054E-05    1.40177E-05    4.93733E-04    2.14185E-03
     3.20400E+00    4.30725E-03    2.42993E-03    4.71273E-01   -6.33528E-03    9.69289E-06    1.34853E-05    4.92500E-04    2.12282E-03
     3.21300E+00    4.25752E-03    2.35889E-03    4.71276E-01   -6.16824E-03    9.39257E-06    1.29690E-05    4.91299E-04    2.10418E-03
     3.22200E+00    4.20926E-03    2.28892E-03    4.71279E-01   -6.00252E-03    9.10402E-06    1.24683E-05    4.90131E-04    2.08593E-03
     3.23100E+00    4.16244E-03    2.21999E-03    4.71282E-01   -5.83812E-03    8.82686E-06    1.19826E-05    4.88996E-04    2.06807E-03
     3.24000E+00    4.11706E-03    2.15207E-03    4.71285E-01   -5.67501E-03    8.56072E-06    1.15114E-05    4.87892E-04    2.05059E-03
     3.24900E+00    4.07309E-03    2.08514E-03    4.71288E-01   -5.51318E-03    8.30526E-06    1.10543E-05    4.86820E-04    2.03351E-03
     3.25800E+00    4.03050E-03    2.01917E-03    4.71290E-01   -5.35259E-03    8.06013E-06    1.06108E-05    4.85779E-04    2.01681E-03
     3.26700E+00    3.98928E-03    1.95414E-03    4.71293E-01   -5.19324E-03    7.82501E-06    1.01803E-05    4.84769E-04    2.00049E-03
     3.27600E+00    3.94940E-03    1.89002E-03    4.71295E-01   -5.03509E-03    7.59960E-06    9.76242E-06    4.83790E-04    1.98456E-03
     3.28500E+00    3.91085E-03    1.82678E-03    4.71298E-01   -4.87814E-03    7.38358E-06    9.35674E-06    4.82842E-04    1.96901E-03
     3.29400E+00    3.87361E-03    1.76441E-03    4.71300E-01   -4.72236E-03    7.17668E-06    8.96279E-06    4.81924E-04    1.95384E-03
     3.30300E+00    3.83766E-03    1.70289E-03    4.71302E-01   -4.56773E-03    6.97862E-06    8.58016E-06    4.81036E-04    1.93906E-03
     3.31200E+00    3.80298E-03    1.64218E-03    4.71304E-01   -4.41424E-03    6.78913E-06    8.20842E-06    4.80178E-04    1.92467E-03
     3.32100E+00    3.76955E-03    1.58226E-03    4.71306E-01   -4.26186E-03    6.60796E-06    7.84718E-06    4.79349E-04    1.91066E-03
     3.33000E+00    3.73737E-03    1.52312E-03    4.71308E-01   -4.11058E-03    6.43487E-06    7.49603E-06    4.78550E-04    1.89703E-03
     3.33900E+00    3.70640E-03    1.46473E-03    4.71310E-01   -3.96038E-03    6.26962E-06    7.15460E-06    4.77779E-04    1.88379E-03
     3.34800E+00    3.67665E-03    1.40708E-03    4.71312E-01   -3.81124E-03    6.11199E-06    6.82251E-06    4.77038E-04    1.87094E-03
     3.35700E+00    3.64808E-03    1.35012E-03    4.71313E-01   -3.66314E-03    5.96177E-06    6.49940E-06    4.76325E-04    1.85848E-03
     3.36600E+00    3.62069E-03    1.29386E-03    4.71315E-01   -3.51607E-03    5.81875E-06    6.18489E-06    4.75640E-04    1.84641E-03
     3.37500E+00    3.59446E-03    1.23827E-03    4.71317E-01   -3.37001E-03    5.68273E-06    5.87865E-06    4.74984E-04    1.83473E-03
     3.38400E+00    3.56938E-03    1.18332E-03    4.71318E-01   -3.22494E-03    5.55354E-06    5.58033E-06    4.74355E-04    1.82345E-03
     3.39300E+00    3.54543E-03    1.12900E-03    4.71319E-01   -3.08084E-03    5.43099E-06    5.28959E-06    4.73754E-04    1.81257E-03
     3.40200E+00    3.52261E-03    1.07528E-03    4.71321E-01   -2.93770E-03    5.31492E-06    5.00610E-06    4.73181E-04    1.80208E-03
     3.41100E+00    3.50089E-03    1.02216E-03    4.71322E-01   -2.79551E-03    5.20515E-06    4.72955E-06    4.72635E-04    1.79201E-03
     3.42000E+00    3.48027E-03    9.69604E-04    4.71323E-01   -2.65424E-03    5.10155E-06    4.45960E-06    4.72116E-04    1.78233E-03
     3.42900E+00    3.46073E-03    9.17600E-04    4.71324E-01   -2.51388E-03    5.00395E-06    4.19596E-06    4.71624E-04    1.77307E-03
     3.43800E+00    3.44227E-03    8.66130E-04    4.71325E-01   -2.37441E-03    4.91223E-06    3.93831E-06    4.71159E-04    1.76423E-03
     3.44700E+00    3.42486E-03    8.15173E-04    4.71326E-01   -2.23582E-03    4.82625E-06    3.68636E-06    4.70720E-04    1.75580E-03
     3.45600E+00    3.40851E-03    7.64714E-04    4.71327E-01   -2.09810E-03    4.74589E-06    3.43980E-06    4.70308E-04    1.74780E-03
     3.46500E+00    3.39320E-03    7.14734E-04    4.71328E-01   -1.96122E-03    4.67103E-06    3.19835E-06    4.69922E-04    1.74023E-03
     3.47400E+00    3.37892E-03    6.65215E-04    4.71329E-01   -1.82518E-03    4.60156E-06    2.96172E-06    4.69561E-04    1.73309E-03
     3.48300E+00    3.36566E-03    6.16141E-04    4.71330E-01   -1.68995E-03    4.53737E-06    2.72961E-06    4.69227E-04    1.72639E-03
     3.49200E+00    3.35342E-03    5.67495E-04    4.71330E-01   -1.55553E-03    4.47837E-06    2.50176E-06    4.68919E-04    1.72014E-03
     3.50100E+00    3.34218E-03    5.19261E-04    4.71331E-01   -1.42189E-03    4.42446E-06    2.27788E-06    4.68635E-04    1.71434E-03
     3.51000E+00    3.33193E-03    4.71420E-04    4.71332E-01   -1.28903E-03    4.37557E-06    2.05770E-06    4.68378E-04    1.70900E-03
     3.51900E+00    3.32267E-03    4.23959E-04    4.71332E-01   -1.15693E-03    4.33160E-06    1.84094E-06    4.68145E-04    1.70412E-03
     3.52800E+00    3.31438E-03    3.76860E-04    4.71333E-01   -1.02558E-03    4.29249E-06    1.62734E-06    4.67938E-04    1.69972E-03
     3.53700E+00    3.30707E-03    3.30107E-04    4.71333E-01   -8.94957E-04    4.25817E-06    1.41662E-06    4.67755E-04    1.69580E-03
     3.54600E+00    3.30072E-03    2.83685E-04    4.71333E-01   -7.65056E-04    4.22858E-06    1.20852E-06    4.67598E-04    1.69237E-03
     3.55500E+00    3.29533E-03    2.37579E-04    4.71334E-01   -6.35860E-04    4.20366E-06    1.00277E-06    4.67464E-04    1.68944E-03
     3.56400E+00    3.29090E-03    1.91773E-04    4.71334E-01   -5.07356E-04    4.18336E-06    7.99108E-07    4.67356E-04    1.68702E-03
     3.57300E+00    3.28740E-03    1.46253E-04    4.71334E-01   -3.79531E-04    4.16763E-06    5.97263E-07    4.67272E-04    1.68512E-03
     3.58200E+00    3.28485E-03    1.01002E-04    4.71334E-01   -2.52372E-04    4.15644E-06    3.96974E-07    4.67211E-04    1.68375E-03
     3.59100E+00    3.28323E-03    5.60071E-05    4.71334E-01   -1.25866E-04    4.14974E-06    1.97974E-07    4.67176E-04    1.68292E-03
     3.60000E+00    3.28254E-03    1.12530E-05    4.71334E-01   -3.65677E-48    4.14752E-06    2.13666E-27    4.67164E-04    1.68264E-03
