     1.00000E-05    3.74632E+00   -1.92555E-05   -4.89328E-01   -1.56748E-05    3.86636E-01    5.93368E-06    3.29617E-01    7.44264E-11
     2.85997E-03    3.74624E+00    1.11737E-02   -4.89300E-01   -4.48284E-03    3.86627E-01    1.69696E-03    3.29606E-01    6.08748E-06
     5.70995E-03    3.74600E+00    2.23065E-02   -4.89219E-01   -8.94934E-03    3.86602E-01    3.38764E-03    3.29575E-01    2.42627E-05
     8.55992E-03    3.74561E+00    3.34359E-02   -4.89084E-01   -1.34145E-02    3.86560E-01    5.07763E-03    3.29523E-01    5.45192E-05
     1.14099E-02    3.74505E+00    4.45602E-02   -4.88895E-01   -1.78777E-02    3.86501E-01    6.76659E-03    3.29450E-01    9.68463E-05
     1.42599E-02    3.74434E+00    5.56774E-02   -4.88651E-01   -2.23382E-02    3.86425E-01    8.45417E-03    3.29357E-01    1.51229E-04
     1.71098E-02    3.74348E+00    6.67861E-02   -4.88354E-01   -2.67954E-02    3.86333E-01    1.01400E-02    3.29242E-01    2.17648E-04
     1.99598E-02    3.74245E+00    7.78843E-02   -4.88003E-01   -3.12487E-02    3.86223E-01    1.18238E-02    3.29107E-01    2.96079E-04
     2.28098E-02    3.74127E+00    8.89705E-02   -4.87599E-01   -3.56973E-02    3.86097E-01    1.35052E-02    3.28952E-01    3.86496E-04
     2.56598E-02    3.73993E+00    1.00043E-01   -4.87140E-01   -4.01406E-02    3.85955E-01    1.51839E-02    3.28775E-01    4.88865E-04
     2.85097E-02    3.73844E+00    1.11100E-01   -4.86628E-01   -4.45780E-02    3.85795E-01    1.68594E-02    3.28578E-01    6.03150E-04
     3.13597E-02    3.73679E+00    1.22139E-01   -4.86062E-01   -4.90087E-02    3.85619E-01    1.85316E-02    3.28361E-01    7.29312E-04
     3.42097E-02    3.73498E+00    1.33160E-01   -4.85443E-01   -5.34323E-02    3.85426E-01    2.01999E-02    3.28123E-01    8.67305E-04
     3.70597E-02    3.73301E+00    1.44160E-01   -4.84771E-01   -5.78479E-02    3.85217E-01    2.18642E-02    3.27865E-01    1.01708E-03
     3.99096E-02    3.73090E+00    1.55138E-01   -4.84046E-01   -6.22549E-02    3.84991E-01    2.35241E-02    3.27586E-01    1.17859E-03
     4.27596E-02    3.72862E+00    1.66092E-01   -4.83267E-01   -6.66528E-02    3.84748E-01    2.51792E-02    3.27287E-01    1.35176E-03
     4.56096E-02    3.72619E+00    1.77020E-01   -4.82436E-01   -7.10408E-02    3.84489E-01    2.68292E-02    3.26967E-01    1.53655E-03
     4.84596E-02    3.72361E+00    1.87920E-01   -4.81552E-01   -7.54184E-02    3.84214E-01    2.84738E-02    3.26628E-01    1.73289E-03
     5.13095E-02    3.72087E+00    1.98792E-01   -4.80616E-01   -7.97849E-02    3.83922E-01    3.01126E-02    3.26269E-01    1.94070E-03
     5.41595E-02    3.71798E+00    2.09633E-01   -4.79627E-01   -8.41396E-02    3.83613E-01    3.17454E-02    3.25889E-01    2.15992E-03
     5.70095E-02    3.71494E+00    2.20442E-01   -4.78586E-01   -8.84819E-02    3.83289E-01    3.33717E-02    3.25490E-01    2.39046E-03
     5.98595E-02    3.71174E+00    2.31217E-01   -4.77493E-01   -9.28113E-02    3.82948E-01    3.49914E-02    3.25071E-01    2.63225E-03
     6.27094E-02    3.70839E+00    2.41956E-01   -4.76348E-01   -9.71270E-02    3.82591E-01    3.66040E-02    3.24632E-01    2.88520E-03
     6.55594E-02    3.70490E+00    2.52658E-01   -4.75152E-01   -1.01428E-01    3.82217E-01    3.82093E-02    3.24174E-01    3.14923E-03
     6.84094E-02    3.70125E+00    2.63321E-01   -4.73905E-01   -1.05715E-01    3.81828E-01    3.98070E-02    3.23696E-01    3.42424E-03
     7.12594E-02    3.69744E+00    2.73943E-01   -4.72607E-01   -1.09986E-01    3.81422E-01    4.13967E-02    3.23199E-01    3.71013E-03
     7.41093E-02    3.69350E+00    2.84524E-01   -4.71258E-01   -1.14241E-01    3.81001E-01    4.29781E-02    3.22682E-01    4.00680E-03
     7.69593E-02    3.68940E+00    2.95061E-01   -4.69858E-01   -1.18480E-01    3.80563E-01    4.45509E-02    3.22147E-01    4.31416E-03
     7.98093E-02    3.68515E+00    3.05553E-01   -4.68408E-01   -1.22701E-01    3.80110E-01    4.61149E-02    3.21592E-01    4.63210E-03
     8.26593E-02    3.68075E+00    3.15999E-01   -4.66908E-01   -1.26905E-01    3.79641E-01    4.76697E-02    3.21019E-01    4.96050E-03
     8.55092E-02    3.67621E+00    3.26396E-01   -4.65359E-01   -1.31089E-01    3.79156E-01    4.92151E-02    3.20427E-01    5.29926E-03
     8.83592E-02    3.67153E+00    3.36743E-01   -4.63760E-01   -1.35255E-01    3.78655E-01    5.07508E-02    3.19816E-01    5.64825E-03
     9.12092E-02    3.66669E+00    3.47039E-01   -4.62112E-01   -1.39402E-01    3.78139E-01    5.22764E-02    3.19187E-01    6.00735E-03
     9.40592E-02    3.66172E+00    3.57283E-01   -4.60416E-01   -1.43528E-01    3.77608E-01    5.37917E-02    3.18540E-01    6.37645E-03
     9.69091E-02    3.65660E+00    3.67472E-01   -4.58670E-01   -1.47634E-01    3.77061E-01    5.52964E-02    3.17874E-01    6.75541E-03
     9.97591E-02    3.65133E+00    3.77606E-01   -4.56877E-01   -1.51718E-01    3.76499E-01    5.67903E-02    3.17191E-01    7.14411E-03
     1.02609E-01    3.64593E+00    3.87682E-01   -4.55036E-01   -1.55780E-01    3.75922E-01    5.82730E-02    3.16490E-01    7.54242E-03
     1.05459E-01    3.64038E+00    3.97700E-01   -4.53148E-01   -1.59821E-01    3.75329E-01    5.97444E-02    3.15771E-01    7.95019E-03
     1.08309E-01    3.63469E+00    4.07658E-01   -4.51213E-01   -1.63838E-01    3.74722E-01    6.12041E-02    3.15035E-01    8.36729E-03
     1.11159E-01    3.62887E+00    4.17554E-01   -4.49231E-01   -1.67832E-01    3.74099E-01    6.26519E-02    3.14281E-01    8.79358E-03
     1.14009E-01    3.62290E+00    4.27388E-01   -4.47202E-01   -1.71802E-01    3.73462E-01    6.40876E-02    3.13510E-01    9.22892E-03
     1.16859E-01    3.61680E+00    4.37157E-01   -4.45128E-01   -1.75747E-01    3.72810E-01    6.55109E-02    3.12723E-01    9.67315E-03
     1.19709E-01    3.61056E+00    4.46862E-01   -4.43008E-01   -1.79667E-01    3.72143E-01    6.69215E-02    3.11918E-01    1.01261E-02
     1.22559E-01    3.60419E+00    4.56499E-01   -4.40843E-01   -1.83563E-01    3.71462E-01    6.83192E-02    3.11097E-01    1.05877E-02
     1.25409E-01    3.59768E+00    4.66068E-01   -4.38634E-01   -1.87432E-01    3.70767E-01    6.97039E-02    3.10260E-01    1.10577E-02
     1.28259E-01    3.59104E+00    4.75568E-01   -4.36379E-01   -1.91274E-01    3.70057E-01    7.10752E-02    3.09407E-01    1.15361E-02
     1.31109E-01    3.58427E+00    4.84997E-01   -4.34081E-01   -1.95090E-01    3.69333E-01    7.24329E-02    3.08537E-01    1.20225E-02
     1.33959E-01    3.57736E+00    4.94354E-01   -4.31740E-01   -1.98878E-01    3.68594E-01    7.37768E-02    3.07652E-01    1.25169E-02
     1.36809E-01    3.57033E+00    5.03638E-01   -4.29355E-01   -2.02639E-01    3.67842E-01    7.51068E-02    3.06751E-01    1.30191E-02
     1.39659E-01    3.56316E+00    5.12847E-01   -4.26928E-01   -2.06371E-01    3.67076E-01    7.64225E-02    3.05835E-01    1.35290E-02
     1.42509E-01    3.55587E+00    5.21981E-01   -4.24459E-01   -2.10074E-01    3.66296E-01    7.77239E-02    3.04903E-01    1.40463E-02
     1.45359E-01    3.54845E+00    5.31038E-01   -4.21948E-01   -2.13749E-01    3.65503E-01    7.90106E-02    3.03957E-01    1.45709E-02
     1.48209E-01    3.54091E+00    5.40017E-01   -4.19395E-01   -2.17393E-01    3.64696E-01    8.02825E-02    3.02996E-01    1.51027E-02
     1.51059E-01    3.53324E+00    5.48917E-01   -4.16802E-01   -2.21008E-01    3.63875E-01    8.15394E-02    3.02020E-01    1.56414E-02
     1.53909E-01    3.52545E+00    5.57737E-01   -4.14168E-01   -2.24592E-01    3.63042E-01    8.27812E-02    3.01030E-01    1.61870E-02
     1.56759E-01    3.51754E+00    5.66476E-01   -4.11494E-01   -2.28145E-01    3.62195E-01    8.40076E-02    3.00026E-01    1.67391E-02
     1.59609E-01    3.50951E+00    5.75132E-01   -4.08781E-01   -2.31667E-01    3.61335E-01    8.52186E-02    2.99008E-01    1.72977E-02
     1.62459E-01    3.50136E+00    5.83705E-01   -4.06029E-01   -2.35157E-01    3.60462E-01    8.64138E-02    2.97976E-01    1.78625E-02
     1.65309E-01    3.49309E+00    5.92193E-01   -4.03239E-01   -2.38615E-01    3.59577E-01    8.75931E-02    2.96931E-01    1.84334E-02
     1.68159E-01    3.48470E+00    6.00596E-01   -4.00410E-01   -2.42040E-01    3.58679E-01    8.87565E-02    2.95873E-01    1.90102E-02
     1.71008E-01    3.47620E+00    6.08913E-01   -3.97544E-01   -2.45433E-01    3.57768E-01    8.99037E-02    2.94801E-01    1.95927E-02
     1.73858E-01    3.46758E+00    6.17142E-01   -3.94642E-01   -2.48793E-01    3.56845E-01    9.10347E-02    2.93717E-01    2.01808E-02
     1.76708E-01    3.45885E+00    6.25282E-01   -3.91702E-01   -2.52119E-01    3.55910E-01    9.21491E-02    2.92621E-01    2.07742E-02
     1.79558E-01    3.45001E+00    6.33334E-01   -3.88727E-01   -2.55411E-01    3.54963E-01    9.32471E-02    2.91512E-01    2.13728E-02
     1.82408E-01    3.44106E+00    6.41295E-01   -3.85716E-01   -2.58669E-01    3.54004E-01    9.43283E-02    2.90391E-01    2.19764E-02
     1.85258E-01    3.43200E+00    6.49165E-01   -3.82670E-01   -2.61893E-01    3.53033E-01    9.53927E-02    2.89258E-01    2.25847E-02
     1.88108E-01    3.42283E+00    6.56944E-01   -3.79590E-01   -2.65082E-01    3.52051E-01    9.64401E-02    2.88114E-01    2.31977E-02
     1.90958E-01    3.41356E+00    6.64629E-01   -3.76475E-01   -2.68235E-01    3.51057E-01    9.74705E-02    2.86958E-01    2.38151E-02
     1.93808E-01    3.40418E+00    6.72222E-01   -3.73328E-01   -2.71353E-01    3.50051E-01    9.84838E-02    2.85791E-01    2.44367E-02
     1.96658E-01    3.39470E+00    6.79719E-01   -3.70147E-01   -2.74436E-01    3.49035E-01    9.94798E-02    2.84614E-01    2.50624E-02
     1.99508E-01    3.38511E+00    6.87122E-01   -3.66935E-01   -2.77482E-01    3.48007E-01    1.00458E-01    2.83425E-01    2.56920E-02
     2.02358E-01    3.37543E+00    6.94429E-01   -3.63690E-01   -2.80492E-01    3.46968E-01    1.01420E-01    2.82227E-01    2.63252E-02
     2.05208E-01    3.36565E+00    7.01640E-01   -3.60414E-01   -2.83465E-01    3.45919E-01    1.02363E-01    2.81018E-01    2.69619E-02
     2.08058E-01    3.35577E+00    7.08753E-01   -3.57108E-01   -2.86402E-01    3.44859E-01    1.03289E-01    2.79799E-01    2.76019E-02
     2.10908E-01    3.34579E+00    7.15769E-01   -3.53771E-01   -2.89302E-01    3.43789E-01    1.04198E-01    2.78571E-01    2.82450E-02
     2.13758E-01    3.33572E+00    7.22686E-01   -3.50404E-01   -2.92164E-01    3.42708E-01    1.05088E-01    2.77333E-01    2.88911E-02
     2.16608E-01    3.32556E+00    7.29504E-01   -3.47009E-01   -2.94989E-01    3.41617E-01    1.05961E-01    2.76087E-01    2.95398E-02
     2.19458E-01    3.31531E+00    7.36222E-01   -3.43585E-01   -2.97776E-01    3.40516E-01    1.06816E-01    2.74831E-01    3.01912E-02
     2.22308E-01    3.30496E+00    7.42840E-01   -3.40133E-01   -3.00525E-01    3.39406E-01    1.07653E-01    2.73567E-01    3.08448E-02
     2.25158E-01    3.29453E+00    7.49357E-01   -3.36653E-01   -3.03235E-01    3.38285E-01    1.08472E-01    2.72294E-01    3.15007E-02
     2.28008E-01    3.28401E+00    7.55773E-01   -3.33147E-01   -3.05908E-01    3.37155E-01    1.09273E-01    2.71013E-01    3.21586E-02
     2.30858E-01    3.27341E+00    7.62087E-01   -3.29614E-01   -3.08542E-01    3.36016E-01    1.10056E-01    2.69724E-01    3.28182E-02
     2.33708E-01    3.26272E+00    7.68299E-01   -3.26055E-01   -3.11137E-01    3.34868E-01    1.10821E-01    2.68428E-01    3.34795E-02
     2.36558E-01    3.25194E+00    7.74408E-01   -3.22471E-01   -3.13693E-01    3.33710E-01    1.11568E-01    2.67124E-01    3.41422E-02
     2.39408E-01    3.24109E+00    7.80414E-01   -3.18863E-01   -3.16210E-01    3.32544E-01    1.12297E-01    2.65812E-01    3.48062E-02
     2.42258E-01    3.23016E+00    7.86317E-01   -3.15230E-01   -3.18688E-01    3.31369E-01    1.13008E-01    2.64494E-01    3.54712E-02
     2.45108E-01    3.21915E+00    7.92115E-01   -3.11574E-01   -3.21127E-01    3.30186E-01    1.13700E-01    2.63170E-01    3.61372E-02
     2.47958E-01    3.20806E+00    7.97810E-01   -3.07895E-01   -3.23526E-01    3.28994E-01    1.14375E-01    2.61838E-01    3.68038E-02
     2.50808E-01    3.19690E+00    8.03400E-01   -3.04193E-01   -3.25886E-01    3.27793E-01    1.15031E-01    2.60501E-01    3.74710E-02
     2.53658E-01    3.18567E+00    8.08884E-01   -3.00469E-01   -3.28206E-01    3.26585E-01    1.15669E-01    2.59158E-01    3.81385E-02
     2.56508E-01    3.17437E+00    8.14264E-01   -2.96724E-01   -3.30485E-01    3.25369E-01    1.16289E-01    2.57809E-01    3.88062E-02
     2.59358E-01    3.16299E+00    8.19538E-01   -2.92958E-01   -3.32725E-01    3.24145E-01    1.16891E-01    2.56454E-01    3.94740E-02
     2.62208E-01    3.15155E+00    8.24707E-01   -2.89172E-01   -3.34925E-01    3.22914E-01    1.17475E-01    2.55094E-01    4.01415E-02
     2.65058E-01    3.14004E+00    8.29770E-01   -2.85366E-01   -3.37085E-01    3.21675E-01    1.18040E-01    2.53730E-01    4.08087E-02
     2.67908E-01    3.12846E+00    8.34726E-01   -2.81542E-01   -3.39204E-01    3.20429E-01    1.18588E-01    2.52360E-01    4.14754E-02
     2.70758E-01    3.11682E+00    8.39577E-01   -2.77698E-01   -3.41284E-01    3.19175E-01    1.19118E-01    2.50986E-01    4.21414E-02
     2.73608E-01    3.10512E+00    8.44321E-01   -2.73837E-01   -3.43322E-01    3.17915E-01    1.19629E-01    2.49608E-01    4.28066E-02
     2.76458E-01    3.09336E+00    8.48959E-01   -2.69958E-01   -3.45321E-01    3.16649E-01    1.20123E-01    2.48225E-01    4.34708E-02
     2.79308E-01    3.08154E+00    8.53490E-01   -2.66062E-01   -3.47279E-01    3.15375E-01    1.20599E-01    2.46839E-01    4.41337E-02
     2.82158E-01    3.06966E+00    8.57914E-01   -2.62150E-01   -3.49196E-01    3.14095E-01    1.21057E-01    2.45449E-01    4.47954E-02
     2.85007E-01    3.05772E+00    8.62232E-01   -2.58221E-01   -3.51073E-01    3.12809E-01    1.21498E-01    2.44056E-01    4.54555E-02
     2.87857E-01    3.04574E+00    8.66443E-01   -2.54278E-01   -3.52910E-01    3.11517E-01    1.21920E-01    2.42660E-01    4.61140E-02
     2.90707E-01    3.03370E+00    8.70547E-01   -2.50320E-01   -3.54705E-01    3.10219E-01    1.22326E-01    2.41261E-01    4.67706E-02
     2.93557E-01    3.02160E+00    8.74545E-01   -2.46348E-01   -3.56460E-01    3.08916E-01    1.22713E-01    2.39859E-01    4.74253E-02
     2.96407E-01    3.00946E+00    8.78436E-01   -2.42362E-01   -3.58175E-01    3.07606E-01    1.23083E-01    2.38455E-01    4.80778E-02
     2.99257E-01    2.99727E+00    8.82220E-01   -2.38363E-01   -3.59849E-01    3.06292E-01    1.23436E-01    2.37049E-01    4.87281E-02
     3.02107E-01    2.98504E+00    8.85898E-01   -2.34351E-01   -3.61482E-01    3.04972E-01    1.23771E-01    2.35640E-01    4.93759E-02
     3.04957E-01    2.97276E+00    8.89470E-01   -2.30328E-01   -3.63075E-01    3.03647E-01    1.24089E-01    2.34230E-01    5.00212E-02
     3.07807E-01    2.96043E+00    8.92935E-01   -2.26293E-01   -3.64628E-01    3.02317E-01    1.24390E-01    2.32818E-01    5.06638E-02
     3.10657E-01    2.94807E+00    8.96294E-01   -2.22247E-01   -3.66139E-01    3.00982E-01    1.24674E-01    2.31405E-01    5.13035E-02
     3.13507E-01    2.93566E+00    8.99547E-01   -2.18190E-01   -3.67611E-01    2.99643E-01    1.24941E-01    2.29991E-01    5.19401E-02
     3.16357E-01    2.92322E+00    9.02695E-01   -2.14124E-01   -3.69042E-01    2.98300E-01    1.25191E-01    2.28576E-01    5.25737E-02
     3.19207E-01    2.91073E+00    9.05736E-01   -2.10049E-01   -3.70432E-01    2.96952E-01    1.25424E-01    2.27160E-01    5.32040E-02
     3.22057E-01    2.89822E+00    9.08673E-01   -2.05964E-01   -3.71782E-01    2.95600E-01    1.25641E-01    2.25743E-01    5.38308E-02
     3.24907E-01    2.88567E+00    9.11504E-01   -2.01871E-01   -3.73092E-01    2.94244E-01    1.25841E-01    2.24327E-01    5.44542E-02
     3.27757E-01    2.87308E+00    9.14231E-01   -1.97771E-01   -3.74362E-01    2.92884E-01    1.26024E-01    2.22910E-01    5.50738E-02
     3.30607E-01    2.86047E+00    9.16853E-01   -1.93663E-01   -3.75592E-01    2.91521E-01    1.26192E-01    2.21493E-01    5.56897E-02
     3.33457E-01    2.84783E+00    9.19371E-01   -1.89548E-01   -3.76782E-01    2.90155E-01    1.26343E-01    2.20077E-01    5.63016E-02
     3.36307E-01    2.83515E+00    9.21785E-01   -1.85427E-01   -3.77931E-01    2.88785E-01    1.26478E-01    2.18661E-01    5.69095E-02
     3.39157E-01    2.82246E+00    9.24095E-01   -1.81300E-01   -3.79041E-01    2.87412E-01    1.26597E-01    2.17246E-01    5.75133E-02
     3.42007E-01    2.80973E+00    9.26302E-01   -1.77168E-01   -3.80112E-01    2.86036E-01    1.26701E-01    2.15832E-01    5.81127E-02
     3.44857E-01    2.79699E+00    9.28406E-01   -1.73032E-01   -3.81142E-01    2.84657E-01    1.26788E-01    2.14418E-01    5.87078E-02
     3.47707E-01    2.78422E+00    9.30408E-01   -1.68891E-01   -3.82134E-01    2.83276E-01    1.26860E-01    2.13007E-01    5.92984E-02
     3.50557E-01    2.77143E+00    9.32308E-01   -1.64746E-01   -3.83086E-01    2.81892E-01    1.26917E-01    2.11596E-01    5.98843E-02
     3.53407E-01    2.75863E+00    9.34106E-01   -1.60598E-01   -3.83998E-01    2.80506E-01    1.26959E-01    2.10187E-01    6.04656E-02
     3.56257E-01    2.74580E+00    9.35804E-01   -1.56447E-01   -3.84872E-01    2.79118E-01    1.26985E-01    2.08780E-01    6.10420E-02
     3.59107E-01    2.73296E+00    9.37400E-01   -1.52294E-01   -3.85706E-01    2.77728E-01    1.26996E-01    2.07375E-01    6.16135E-02
     3.61957E-01    2.72011E+00    9.38897E-01   -1.48139E-01   -3.86502E-01    2.76336E-01    1.26993E-01    2.05973E-01    6.21799E-02
     3.64807E-01    2.70724E+00    9.40293E-01   -1.43983E-01   -3.87259E-01    2.74942E-01    1.26975E-01    2.04572E-01    6.27413E-02
     3.67657E-01    2.69436E+00    9.41591E-01   -1.39826E-01   -3.87977E-01    2.73547E-01    1.26942E-01    2.03174E-01    6.32974E-02
     3.70507E-01    2.68147E+00    9.42790E-01   -1.35668E-01   -3.88658E-01    2.72150E-01    1.26895E-01    2.01779E-01    6.38483E-02
     3.73357E-01    2.66857E+00    9.43891E-01   -1.31511E-01   -3.89300E-01    2.70752E-01    1.26834E-01    2.00386E-01    6.43937E-02
     3.76207E-01    2.65566E+00    9.44894E-01   -1.27354E-01   -3.89904E-01    2.69353E-01    1.26758E-01    1.98997E-01    6.49337E-02
     3.79057E-01    2.64275E+00    9.45800E-01   -1.23198E-01   -3.90470E-01    2.67954E-01    1.26669E-01    1.97610E-01    6.54680E-02
     3.81907E-01    2.62984E+00    9.46611E-01   -1.19043E-01   -3.90998E-01    2.66553E-01    1.26566E-01    1.96228E-01    6.59968E-02
     3.84757E-01    2.61692E+00    9.47325E-01   -1.14891E-01   -3.91489E-01    2.65152E-01    1.26449E-01    1.94848E-01    6.65198E-02
     3.87607E-01    2.60399E+00    9.47944E-01   -1.10740E-01   -3.91943E-01    2.63750E-01    1.26319E-01    1.93472E-01    6.70371E-02
     3.90457E-01    2.59107E+00    9.48469E-01   -1.06593E-01   -3.92359E-01    2.62348E-01    1.26176E-01    1.92100E-01    6.75484E-02
     3.93307E-01    2.57815E+00    9.48900E-01   -1.02448E-01   -3.92739E-01    2.60946E-01    1.26019E-01    1.90732E-01    6.80538E-02
     3.96157E-01    2.56523E+00    9.49238E-01   -9.83076E-02   -3.93082E-01    2.59544E-01    1.25850E-01    1.89368E-01    6.85532E-02
     3.99006E-01    2.55232E+00    9.49483E-01   -9.41710E-02   -3.93388E-01    2.58141E-01    1.25668E-01    1.88008E-01    6.90466E-02
     4.01856E-01    2.53941E+00    9.49636E-01   -9.00388E-02   -3.93659E-01    2.56740E-01    1.25473E-01    1.86652E-01    6.95338E-02
     4.04706E-01    2.52650E+00    9.49699E-01   -8.59116E-02   -3.93893E-01    2.55338E-01    1.25266E-01    1.85301E-01    7.00148E-02
     4.07556E-01    2.51360E+00    9.49670E-01   -8.17897E-02   -3.94091E-01    2.53937E-01    1.25046E-01    1.83954E-01    7.04895E-02
     4.10406E-01    2.50071E+00    9.49553E-01   -7.76735E-02   -3.94254E-01    2.52537E-01    1.24815E-01    1.82613E-01    7.09580E-02
     4.13256E-01    2.48784E+00    9.49346E-01   -7.35635E-02   -3.94381E-01    2.51137E-01    1.24572E-01    1.81276E-01    7.14200E-02
     4.16106E-01    2.47497E+00    9.49051E-01   -6.94600E-02   -3.94473E-01    2.49738E-01    1.24316E-01    1.79944E-01    7.18757E-02
     4.18956E-01    2.46211E+00    9.48669E-01   -6.53634E-02   -3.94531E-01    2.48341E-01    1.24050E-01    1.78617E-01    7.23249E-02
     4.21806E-01    2.44927E+00    9.48199E-01   -6.12742E-02   -3.94553E-01    2.46944E-01    1.23772E-01    1.77295E-01    7.27676E-02
     4.24656E-01    2.43644E+00    9.47644E-01   -5.71928E-02   -3.94541E-01    2.45549E-01    1.23482E-01    1.75979E-01    7.32038E-02
     4.27506E-01    2.42363E+00    9.47004E-01   -5.31194E-02   -3.94495E-01    2.44156E-01    1.23182E-01    1.74668E-01    7.36333E-02
     4.30356E-01    2.41084E+00    9.46280E-01   -4.90545E-02   -3.94415E-01    2.42764E-01    1.22871E-01    1.73363E-01    7.40563E-02
     4.33206E-01    2.39806E+00    9.45471E-01   -4.49985E-02   -3.94302E-01    2.41374E-01    1.22549E-01    1.72064E-01    7.44725E-02
     4.36056E-01    2.38531E+00    9.44581E-01   -4.09517E-02   -3.94155E-01    2.39985E-01    1.22217E-01    1.70770E-01    7.48821E-02
     4.38906E-01    2.37257E+00    9.43608E-01   -3.69146E-02   -3.93974E-01    2.38599E-01    1.21874E-01    1.69482E-01    7.52850E-02
     4.41756E-01    2.35986E+00    9.42554E-01   -3.28874E-02   -3.93761E-01    2.37214E-01    1.21522E-01    1.68200E-01    7.56811E-02
     4.44606E-01    2.34717E+00    9.41420E-01   -2.88705E-02   -3.93516E-01    2.35832E-01    1.21159E-01    1.66924E-01    7.60704E-02
     4.47456E-01    2.33450E+00    9.40206E-01   -2.48642E-02   -3.93238E-01    2.34452E-01    1.20786E-01    1.65654E-01    7.64530E-02
     4.50306E-01    2.32186E+00    9.38914E-01   -2.08690E-02   -3.92927E-01    2.33075E-01    1.20404E-01    1.64391E-01    7.68287E-02
     4.53156E-01    2.30924E+00    9.37544E-01   -1.68852E-02   -3.92585E-01    2.31700E-01    1.20013E-01    1.63134E-01    7.71976E-02
     4.56006E-01    2.29666E+00    9.36097E-01   -1.29130E-02   -3.92212E-01    2.30327E-01    1.19612E-01    1.61883E-01    7.75596E-02
     4.58856E-01    2.28410E+00    9.34575E-01   -8.95284E-03   -3.91807E-01    2.28958E-01    1.19202E-01    1.60639E-01    7.79147E-02
     4.61706E-01    2.27157E+00    9.32977E-01   -5.00503E-03   -3.91372E-01    2.27591E-01    1.18784E-01    1.59402E-01    7.82630E-02
     4.64556E-01    2.25907E+00    9.31305E-01   -1.06988E-03   -3.90905E-01    2.26228E-01    1.18356E-01    1.58171E-01    7.86043E-02
     4.67406E-01    2.24660E+00    9.29559E-01    2.85228E-03   -3.90409E-01    2.24868E-01    1.17920E-01    1.56947E-01    7.89388E-02
     4.70256E-01    2.23416E+00    9.27741E-01    6.76115E-03   -3.89882E-01    2.23510E-01    1.17476E-01    1.55730E-01    7.92663E-02
     4.73106E-01    2.22176E+00    9.25851E-01    1.06564E-02   -3.89325E-01    2.22157E-01    1.17023E-01    1.54520E-01    7.95870E-02
     4.75956E-01    2.20939E+00    9.23891E-01    1.45378E-02   -3.88739E-01    2.20806E-01    1.16563E-01    1.53316E-01    7.99007E-02
     4.78806E-01    2.19706E+00    9.21861E-01    1.84050E-02   -3.88124E-01    2.19459E-01    1.16095E-01    1.52120E-01    8.02075E-02
     4.81656E-01    2.18476E+00    9.19762E-01    2.22577E-02   -3.87479E-01    2.18116E-01    1.15619E-01    1.50931E-01    8.05074E-02
     4.84506E-01    2.17250E+00    9.17595E-01    2.60956E-02   -3.86807E-01    2.16777E-01    1.15135E-01    1.49749E-01    8.08004E-02
     4.87356E-01    2.16028E+00    9.15361E-01    2.99185E-02   -3.86106E-01    2.15441E-01    1.14645E-01    1.48574E-01    8.10865E-02
     4.90206E-01    2.14809E+00    9.13061E-01    3.37260E-02   -3.85377E-01    2.14110E-01    1.14147E-01    1.47407E-01    8.13657E-02
     4.93056E-01    2.13595E+00    9.10696E-01    3.75180E-02   -3.84620E-01    2.12782E-01    1.13642E-01    1.46247E-01    8.16380E-02
     4.95906E-01    2.12385E+00    9.08267E-01    4.12941E-02   -3.83836E-01    2.11459E-01    1.13130E-01    1.45094E-01    8.19035E-02
     4.98756E-01    2.11179E+00    9.05774E-01    4.50541E-02   -3.83024E-01    2.10140E-01    1.12612E-01    1.43949E-01    8.21621E-02
     5.01606E-01    2.09977E+00    9.03218E-01    4.87977E-02   -3.82187E-01    2.08825E-01    1.12087E-01    1.42811E-01    8.24139E-02
     5.04456E-01    2.08779E+00    9.00601E-01    5.25247E-02   -3.81322E-01    2.07514E-01    1.11556E-01    1.41681E-01    8.26588E-02
     5.07306E-01    2.07586E+00    8.97924E-01    5.62348E-02   -3.80432E-01    2.06208E-01    1.11019E-01    1.40558E-01    8.28969E-02
     5.10156E-01    2.06397E+00    8.95186E-01    5.99278E-02   -3.79516E-01    2.04907E-01    1.10476E-01    1.39443E-01    8.31283E-02
     5.13006E-01    2.05213E+00    8.92390E-01    6.36035E-02   -3.78574E-01    2.03610E-01    1.09927E-01    1.38336E-01    8.33529E-02
     5.15855E-01    2.04033E+00    8.89537E-01    6.72616E-02   -3.77607E-01    2.02318E-01    1.09373E-01    1.37236E-01    8.35707E-02
     5.18705E-01    2.02859E+00    8.86626E-01    7.09020E-02   -3.76615E-01    2.01031E-01    1.08813E-01    1.36145E-01    8.37819E-02
     5.21555E-01    2.01688E+00    8.83659E-01    7.45243E-02   -3.75599E-01    1.99749E-01    1.08248E-01    1.35060E-01    8.39863E-02
     5.24405E-01    2.00523E+00    8.80637E-01    7.81284E-02   -3.74559E-01    1.98472E-01    1.07678E-01    1.33984E-01    8.41842E-02
     5.27255E-01    1.99363E+00    8.77562E-01    8.17141E-02   -3.73494E-01    1.97200E-01    1.07102E-01    1.32916E-01    8.43753E-02
     5.30105E-01    1.98207E+00    8.74433E-01    8.52812E-02   -3.72406E-01    1.95933E-01    1.06522E-01    1.31855E-01    8.45599E-02
     5.32955E-01    1.97057E+00    8.71251E-01    8.88295E-02   -3.71295E-01    1.94671E-01    1.05937E-01    1.30802E-01    8.47380E-02
     5.35805E-01    1.95912E+00    8.68019E-01    9.23587E-02   -3.70161E-01    1.93415E-01    1.05348E-01    1.29757E-01    8.49095E-02
     5.38655E-01    1.94772E+00    8.64736E-01    9.58688E-02   -3.69005E-01    1.92164E-01    1.04754E-01    1.28720E-01    8.50745E-02
     5.41505E-01    1.93637E+00    8.61403E-01    9.93594E-02   -3.67826E-01    1.90918E-01    1.04157E-01    1.27691E-01    8.52331E-02
     5.44355E-01    1.92507E+00    8.58022E-01    1.02831E-01   -3.66625E-01    1.89678E-01    1.03555E-01    1.26670E-01    8.53852E-02
     5.47205E-01    1.91383E+00    8.54593E-01    1.06282E-01   -3.65403E-01    1.88443E-01    1.02949E-01    1.25657E-01    8.55310E-02
     5.50055E-01    1.90264E+00    8.51118E-01    1.09713E-01   -3.64159E-01    1.87214E-01    1.02339E-01    1.24652E-01    8.56705E-02
     5.52905E-01    1.89151E+00    8.47596E-01    1.13125E-01   -3.62894E-01    1.85991E-01    1.01726E-01    1.23655E-01    8.58036E-02
     5.55755E-01    1.88043E+00    8.44030E-01    1.16516E-01   -3.61609E-01    1.84774E-01    1.01110E-01    1.22666E-01    8.59306E-02
     5.58605E-01    1.86941E+00    8.40420E-01    1.19887E-01   -3.60304E-01    1.83562E-01    1.00490E-01    1.21685E-01    8.60513E-02
     5.61455E-01    1.85844E+00    8.36766E-01    1.23237E-01   -3.58978E-01    1.82357E-01    9.98666E-02    1.20712E-01    8.61658E-02
     5.64305E-01    1.84753E+00    8.33071E-01    1.26567E-01   -3.57633E-01    1.81157E-01    9.92405E-02    1.19747E-01    8.62743E-02
     5.67155E-01    1.83668E+00    8.29334E-01    1.29876E-01   -3.56268E-01    1.79963E-01    9.86114E-02    1.18790E-01    8.63767E-02
     5.70005E-01    1.82589E+00    8.25556E-01    1.33164E-01   -3.54885E-01    1.78775E-01    9.79796E-02    1.17841E-01    8.64731E-02
     5.72855E-01    1.81515E+00    8.21739E-01    1.36431E-01   -3.53483E-01    1.77594E-01    9.73452E-02    1.16900E-01    8.65635E-02
     5.75705E-01    1.80447E+00    8.17884E-01    1.39677E-01   -3.52062E-01    1.76418E-01    9.67083E-02    1.15967E-01    8.66480E-02
     5.78555E-01    1.79385E+00    8.13990E-01    1.42902E-01   -3.50624E-01    1.75249E-01    9.60690E-02    1.15042E-01    8.67267E-02
     5.81405E-01    1.78330E+00    8.10060E-01    1.46105E-01   -3.49167E-01    1.74086E-01    9.54275E-02    1.14126E-01    8.67995E-02
     5.84255E-01    1.77280E+00    8.06094E-01    1.49287E-01   -3.47694E-01    1.72929E-01    9.47839E-02    1.13217E-01    8.68666E-02
     5.87105E-01    1.76236E+00    8.02092E-01    1.52447E-01   -3.46203E-01    1.71779E-01    9.41383E-02    1.12316E-01    8.69280E-02
     5.89955E-01    1.75198E+00    7.98056E-01    1.55585E-01   -3.44695E-01    1.70635E-01    9.34909E-02    1.11423E-01    8.69838E-02
     5.92805E-01    1.74166E+00    7.93987E-01    1.58702E-01   -3.43171E-01    1.69498E-01    9.28417E-02    1.10539E-01    8.70340E-02
     5.95655E-01    1.73141E+00    7.89885E-01    1.61797E-01   -3.41631E-01    1.68367E-01    9.21910E-02    1.09662E-01    8.70786E-02
     5.98505E-01    1.72121E+00    7.85751E-01    1.64870E-01   -3.40075E-01    1.67242E-01    9.15387E-02    1.08793E-01    8.71178E-02
     6.01355E-01    1.71108E+00    7.81586E-01    1.67921E-01   -3.38504E-01    1.66124E-01    9.08851E-02    1.07932E-01    8.71515E-02
     6.04205E-01    1.70101E+00    7.77391E-01    1.70950E-01   -3.36917E-01    1.65013E-01    9.02303E-02    1.07079E-01    8.71799E-02
     6.07055E-01    1.69101E+00    7.73167E-01    1.73956E-01   -3.35316E-01    1.63909E-01    8.95743E-02    1.06234E-01    8.72030E-02
     6.09905E-01    1.68106E+00    7.68914E-01    1.76941E-01   -3.33700E-01    1.62811E-01    8.89173E-02    1.05397E-01    8.72209E-02
     6.12755E-01    1.67118E+00    7.64634E-01    1.79903E-01   -3.32069E-01    1.61719E-01    8.82593E-02    1.04568E-01    8.72336E-02
     6.15605E-01    1.66137E+00    7.60327E-01    1.82843E-01   -3.30425E-01    1.60635E-01    8.76006E-02    1.03746E-01    8.72412E-02
     6.18455E-01    1.65161E+00    7.55993E-01    1.85760E-01   -3.28767E-01    1.59557E-01    8.69412E-02    1.02933E-01    8.72437E-02
     6.21305E-01    1.64192E+00    7.51635E-01    1.88655E-01   -3.27096E-01    1.58486E-01    8.62812E-02    1.02127E-01    8.72412E-02
     6.24155E-01    1.63230E+00    7.47251E-01    1.91528E-01   -3.25412E-01    1.57422E-01    8.56207E-02    1.01329E-01    8.72338E-02
     6.27004E-01    1.62274E+00    7.42845E-01    1.94378E-01   -3.23715E-01    1.56365E-01    8.49599E-02    1.00539E-01    8.72216E-02
     6.29854E-01    1.61324E+00    7.38415E-01    1.97206E-01   -3.22006E-01    1.55314E-01    8.42987E-02    9.97565E-02    8.72045E-02
     6.32704E-01    1.60381E+00    7.33963E-01    2.00011E-01   -3.20284E-01    1.54271E-01    8.36374E-02    9.89818E-02    8.71827E-02
     6.35554E-01    1.59445E+00    7.29489E-01    2.02793E-01   -3.18551E-01    1.53234E-01    8.29760E-02    9.82149E-02    8.71562E-02
     6.38404E-01    1.58515E+00    7.24995E-01    2.05553E-01   -3.16806E-01    1.52205E-01    8.23146E-02    9.74555E-02    8.71251E-02
     6.41254E-01    1.57591E+00    7.20481E-01    2.08290E-01   -3.15050E-01    1.51182E-01    8.16534E-02    9.67039E-02    8.70895E-02
     6.44104E-01    1.56674E+00    7.15948E-01    2.11005E-01   -3.13282E-01    1.50166E-01    8.09923E-02    9.59598E-02    8.70494E-02
     6.46954E-01    1.55764E+00    7.11396E-01    2.13696E-01   -3.11505E-01    1.49158E-01    8.03315E-02    9.52233E-02    8.70049E-02
     6.49804E-01    1.54860E+00    7.06827E-01    2.16366E-01   -3.09716E-01    1.48156E-01    7.96711E-02    9.44944E-02    8.69560E-02
     6.52654E-01    1.53963E+00    7.02240E-01    2.19012E-01   -3.07918E-01    1.47162E-01    7.90111E-02    9.37730E-02    8.69028E-02
     6.55504E-01    1.53073E+00    6.97637E-01    2.21636E-01   -3.06110E-01    1.46174E-01    7.83517E-02    9.30591E-02    8.68455E-02
     6.58354E-01    1.52189E+00    6.93018E-01    2.24237E-01   -3.04292E-01    1.45194E-01    7.76930E-02    9.23526E-02    8.67839E-02
     6.61204E-01    1.51311E+00    6.88385E-01    2.26816E-01   -3.02465E-01    1.44221E-01    7.70349E-02    9.16535E-02    8.67183E-02
     6.64054E-01    1.50441E+00    6.83737E-01    2.29372E-01   -3.00629E-01    1.43255E-01    7.63777E-02    9.09618E-02    8.66487E-02
     6.66904E-01    1.49577E+00    6.79076E-01    2.31905E-01   -2.98784E-01    1.42296E-01    7.57213E-02    9.02775E-02    8.65751E-02
     6.69754E-01    1.48719E+00    6.74401E-01    2.34416E-01   -2.96931E-01    1.41344E-01    7.50659E-02    8.96004E-02    8.64977E-02
     6.72604E-01    1.47869E+00    6.69714E-01    2.36905E-01   -2.95069E-01    1.40399E-01    7.44115E-02    8.89307E-02    8.64164E-02
     6.75454E-01    1.47025E+00    6.65016E-01    2.39370E-01   -2.93200E-01    1.39462E-01    7.37582E-02    8.82681E-02    8.63313E-02
     6.78304E-01    1.46187E+00    6.60307E-01    2.41813E-01   -2.91323E-01    1.38531E-01    7.31061E-02    8.76128E-02    8.62426E-02
     6.81154E-01    1.45357E+00    6.55587E-01    2.44234E-01   -2.89438E-01    1.37608E-01    7.24552E-02    8.69646E-02    8.61503E-02
     6.84004E-01    1.44532E+00    6.50857E-01    2.46632E-01   -2.87547E-01    1.36692E-01    7.18056E-02    8.63235E-02    8.60544E-02
     6.86854E-01    1.43715E+00    6.46119E-01    2.49008E-01   -2.85648E-01    1.35783E-01    7.11574E-02    8.56895E-02    8.59550E-02
     6.89704E-01    1.42904E+00    6.41371E-01    2.51362E-01   -2.83743E-01    1.34882E-01    7.05106E-02    8.50626E-02    8.58522E-02
     6.92554E-01    1.42100E+00    6.36616E-01    2.53693E-01   -2.81831E-01    1.33987E-01    6.98654E-02    8.44426E-02    8.57461E-02
     6.95404E-01    1.41303E+00    6.31854E-01    2.56002E-01   -2.79913E-01    1.33100E-01    6.92217E-02    8.38296E-02    8.56367E-02
     6.98254E-01    1.40512E+00    6.27084E-01    2.58288E-01   -2.77989E-01    1.32220E-01    6.85796E-02    8.32235E-02    8.55240E-02
     7.01104E-01    1.39728E+00    6.22309E-01    2.60553E-01   -2.76060E-01    1.31347E-01    6.79392E-02    8.26243E-02    8.54082E-02
     7.03954E-01    1.38951E+00    6.17528E-01    2.62795E-01   -2.74125E-01    1.30481E-01    6.73006E-02    8.20319E-02    8.52893E-02
     7.06804E-01    1.38180E+00    6.12742E-01    2.65016E-01   -2.72185E-01    1.29623E-01    6.66638E-02    8.14463E-02    8.51674E-02
     7.09654E-01    1.37416E+00    6.07951E-01    2.67214E-01   -2.70240E-01    1.28771E-01    6.60288E-02    8.08674E-02    8.50426E-02
     7.12504E-01    1.36658E+00    6.03156E-01    2.69390E-01   -2.68290E-01    1.27927E-01    6.53957E-02    8.02953E-02    8.49148E-02
     7.15354E-01    1.35907E+00    5.98358E-01    2.71545E-01   -2.66335E-01    1.27090E-01    6.47646E-02    7.97298E-02    8.47842E-02
     7.18204E-01    1.35163E+00    5.93557E-01    2.73678E-01   -2.64377E-01    1.26260E-01    6.41355E-02    7.91709E-02    8.46509E-02
     7.21054E-01    1.34426E+00    5.88754E-01    2.75789E-01   -2.62414E-01    1.25438E-01    6.35085E-02    7.86186E-02    8.45149E-02
     7.23904E-01    1.33695E+00    5.83948E-01    2.77878E-01   -2.60447E-01    1.24622E-01    6.28835E-02    7.80728E-02    8.43763E-02
     7.26754E-01    1.32970E+00    5.79142E-01    2.79946E-01   -2.58477E-01    1.23814E-01    6.22607E-02    7.75335E-02    8.42350E-02
     7.29604E-01    1.32252E+00    5.74334E-01    2.81992E-01   -2.56503E-01    1.23013E-01    6.16401E-02    7.70006E-02    8.40913E-02
     7.32454E-01    1.31541E+00    5.69526E-01    2.84017E-01   -2.54526E-01    1.22219E-01    6.10218E-02    7.64742E-02    8.39452E-02
     7.35304E-01    1.30836E+00    5.64718E-01    2.86020E-01   -2.52546E-01    1.21432E-01    6.04057E-02    7.59540E-02    8.37967E-02
     7.38154E-01    1.30138E+00    5.59910E-01    2.88003E-01   -2.50563E-01    1.20652E-01    5.97919E-02    7.54402E-02    8.36459E-02
     7.41003E-01    1.29447E+00    5.55104E-01    2.89964E-01   -2.48577E-01    1.19880E-01    5.91805E-02    7.49327E-02    8.34928E-02
     7.43853E-01    1.28761E+00    5.50299E-01    2.91903E-01   -2.46589E-01    1.19114E-01    5.85715E-02    7.44313E-02    8.33376E-02
     7.46703E-01    1.28083E+00    5.45496E-01    2.93822E-01   -2.44599E-01    1.18356E-01    5.79649E-02    7.39361E-02    8.31803E-02
     7.49553E-01    1.27411E+00    5.40695E-01    2.95720E-01   -2.42607E-01    1.17604E-01    5.73608E-02    7.34471E-02    8.30209E-02
     7.52403E-01    1.26745E+00    5.35896E-01    2.97597E-01   -2.40613E-01    1.16860E-01    5.67592E-02    7.29641E-02    8.28595E-02
     7.55253E-01    1.26086E+00    5.31101E-01    2.99454E-01   -2.38617E-01    1.16123E-01    5.61601E-02    7.24871E-02    8.26962E-02
     7.58103E-01    1.25433E+00    5.26310E-01    3.01289E-01   -2.36620E-01    1.15393E-01    5.55635E-02    7.20161E-02    8.25310E-02
     7.60953E-01    1.24787E+00    5.21522E-01    3.03105E-01   -2.34622E-01    1.14670E-01    5.49696E-02    7.15511E-02    8.23640E-02
     7.63803E-01    1.24147E+00    5.16739E-01    3.04899E-01   -2.32622E-01    1.13954E-01    5.43783E-02    7.10919E-02    8.21953E-02
     7.66653E-01    1.23514E+00    5.11961E-01    3.06674E-01   -2.30622E-01    1.13245E-01    5.37896E-02    7.06386E-02    8.20249E-02
     7.69503E-01    1.22887E+00    5.07187E-01    3.08428E-01   -2.28621E-01    1.12543E-01    5.32036E-02    7.01911E-02    8.18528E-02
     7.72353E-01    1.22266E+00    5.02420E-01    3.10162E-01   -2.26619E-01    1.11847E-01    5.26203E-02    6.97494E-02    8.16792E-02
     7.75203E-01    1.21652E+00    4.97658E-01    3.11876E-01   -2.24617E-01    1.11159E-01    5.20397E-02    6.93134E-02    8.15041E-02
     7.78053E-01    1.21044E+00    4.92902E-01    3.13569E-01   -2.22614E-01    1.10478E-01    5.14619E-02    6.88830E-02    8.13276E-02
     7.80903E-01    1.20442E+00    4.88153E-01    3.15244E-01   -2.20611E-01    1.09804E-01    5.08868E-02    6.84582E-02    8.11497E-02
     7.83753E-01    1.19846E+00    4.83410E-01    3.16898E-01   -2.18609E-01    1.09136E-01    5.03146E-02    6.80390E-02    8.09704E-02
     7.86603E-01    1.19257E+00    4.78676E-01    3.18532E-01   -2.16607E-01    1.08476E-01    4.97451E-02    6.76254E-02    8.07899E-02
     7.89453E-01    1.18674E+00    4.73948E-01    3.20148E-01   -2.14605E-01    1.07822E-01    4.91784E-02    6.72172E-02    8.06081E-02
     7.92303E-01    1.18098E+00    4.69229E-01    3.21743E-01   -2.12603E-01    1.07175E-01    4.86146E-02    6.68144E-02    8.04252E-02
     7.95153E-01    1.17527E+00    4.64517E-01    3.23320E-01   -2.10603E-01    1.06535E-01    4.80537E-02    6.64171E-02    8.02412E-02
     7.98003E-01    1.16963E+00    4.59815E-01    3.24877E-01   -2.08603E-01    1.05902E-01    4.74956E-02    6.60251E-02    8.00562E-02
     8.00853E-01    1.16405E+00    4.55121E-01    3.26415E-01   -2.06604E-01    1.05275E-01    4.69405E-02    6.56384E-02    7.98702E-02
     8.03703E-01    1.15852E+00    4.50436E-01    3.27934E-01   -2.04606E-01    1.04656E-01    4.63882E-02    6.52569E-02    7.96833E-02
     8.06553E-01    1.15307E+00    4.45760E-01    3.29434E-01   -2.02609E-01    1.04043E-01    4.58388E-02    6.48807E-02    7.94954E-02
     8.09403E-01    1.14767E+00    4.41095E-01    3.30915E-01   -2.00614E-01    1.03437E-01    4.52924E-02    6.45096E-02    7.93068E-02
     8.12253E-01    1.14233E+00    4.36439E-01    3.32378E-01   -1.98621E-01    1.02837E-01    4.47489E-02    6.41436E-02    7.91174E-02
     8.15103E-01    1.13705E+00    4.31793E-01    3.33822E-01   -1.96629E-01    1.02244E-01    4.42084E-02    6.37827E-02    7.89273E-02
     8.17953E-01    1.13184E+00    4.27158E-01    3.35248E-01   -1.94638E-01    1.01658E-01    4.36708E-02    6.34269E-02    7.87365E-02
     8.20803E-01    1.12668E+00    4.22534E-01    3.36655E-01   -1.92650E-01    1.01078E-01    4.31361E-02    6.30760E-02    7.85451E-02
     8.23653E-01    1.12158E+00    4.17921E-01    3.38044E-01   -1.90664E-01    1.00505E-01    4.26045E-02    6.27301E-02    7.83532E-02
     8.26503E-01    1.11654E+00    4.13318E-01    3.39415E-01   -1.88680E-01    9.99391E-02    4.20758E-02    6.23891E-02    7.81608E-02
     8.29353E-01    1.11156E+00    4.08728E-01    3.40768E-01   -1.86698E-01    9.93793E-02    4.15501E-02    6.20529E-02    7.79679E-02
     8.32203E-01    1.10665E+00    4.04149E-01    3.42104E-01   -1.84718E-01    9.88260E-02    4.10274E-02    6.17216E-02    7.77746E-02
     8.35053E-01    1.10178E+00    3.99582E-01    3.43421E-01   -1.82741E-01    9.82792E-02    4.05077E-02    6.13950E-02    7.75810E-02
     8.37903E-01    1.09698E+00    3.95027E-01    3.44721E-01   -1.80767E-01    9.77389E-02    3.99910E-02    6.10732E-02    7.73871E-02
     8.40753E-01    1.09224E+00    3.90484E-01    3.46003E-01   -1.78796E-01    9.72050E-02    3.94772E-02    6.07560E-02    7.71930E-02
     8.43603E-01    1.08755E+00    3.85954E-01    3.47268E-01   -1.76827E-01    9.66776E-02    3.89665E-02    6.04435E-02    7.69987E-02
     8.46453E-01    1.08292E+00    3.81437E-01    3.48515E-01   -1.74861E-01    9.61566E-02    3.84588E-02    6.01356E-02    7.68042E-02
     8.49303E-01    1.07835E+00    3.76932E-01    3.49746E-01   -1.72898E-01    9.56420E-02    3.79540E-02    5.98322E-02    7.66096E-02
     8.52153E-01    1.07384E+00    3.72441E-01    3.50959E-01   -1.70939E-01    9.51337E-02    3.74523E-02    5.95334E-02    7.64150E-02
     8.55002E-01    1.06938E+00    3.67963E-01    3.52156E-01   -1.68983E-01    9.46318E-02    3.69535E-02    5.92390E-02    7.62203E-02
     8.57852E-01    1.06498E+00    3.63498E-01    3.53335E-01   -1.67030E-01    9.41362E-02    3.64578E-02    5.89491E-02    7.60258E-02
     8.60702E-01    1.06064E+00    3.59047E-01    3.54498E-01   -1.65080E-01    9.36468E-02    3.59650E-02    5.86636E-02    7.58313E-02
     8.63552E-01    1.05635E+00    3.54610E-01    3.55644E-01   -1.63134E-01    9.31638E-02    3.54753E-02    5.83824E-02    7.56370E-02
     8.66402E-01    1.05212E+00    3.50187E-01    3.56774E-01   -1.61192E-01    9.26869E-02    3.49885E-02    5.81056E-02    7.54428E-02
     8.69252E-01    1.04795E+00    3.45778E-01    3.57887E-01   -1.59253E-01    9.22162E-02    3.45047E-02    5.78330E-02    7.52489E-02
     8.72102E-01    1.04383E+00    3.41383E-01    3.58984E-01   -1.57319E-01    9.17518E-02    3.40238E-02    5.75647E-02    7.50553E-02
     8.74952E-01    1.03976E+00    3.37003E-01    3.60065E-01   -1.55388E-01    9.12934E-02    3.35460E-02    5.73005E-02    7.48620E-02
     8.77802E-01    1.03575E+00    3.32637E-01    3.61130E-01   -1.53461E-01    9.08412E-02    3.30711E-02    5.70406E-02    7.46691E-02
     8.80652E-01    1.03180E+00    3.28286E-01    3.62179E-01   -1.51538E-01    9.03951E-02    3.25991E-02    5.67847E-02    7.44766E-02
     8.83502E-01    1.02790E+00    3.23950E-01    3.63212E-01   -1.49619E-01    8.99550E-02    3.21301E-02    5.65329E-02    7.42846E-02
     8.86352E-01    1.02405E+00    3.19628E-01    3.64230E-01   -1.47705E-01    8.95210E-02    3.16640E-02    5.62852E-02    7.40931E-02
     8.89202E-01    1.02026E+00    3.15322E-01    3.65232E-01   -1.45795E-01    8.90930E-02    3.12009E-02    5.60414E-02    7.39021E-02
     8.92052E-01    1.01652E+00    3.11031E-01    3.66218E-01   -1.43889E-01    8.86710E-02    3.07407E-02    5.58017E-02    7.37117E-02
     8.94902E-01    1.01283E+00    3.06755E-01    3.67189E-01   -1.41988E-01    8.82549E-02    3.02834E-02    5.55658E-02    7.35220E-02
     8.97752E-01    1.00920E+00    3.02494E-01    3.68145E-01   -1.40091E-01    8.78448E-02    2.98290E-02    5.53339E-02    7.33329E-02
     9.00602E-01    1.00562E+00    2.98249E-01    3.69086E-01   -1.38199E-01    8.74406E-02    2.93774E-02    5.51058E-02    7.31446E-02
     9.03452E-01    1.00209E+00    2.94020E-01    3.70012E-01   -1.36311E-01    8.70422E-02    2.89288E-02    5.48816E-02    7.29570E-02
     9.06302E-01    9.98616E-01    2.89806E-01    3.70923E-01   -1.34428E-01    8.66497E-02    2.84830E-02    5.46611E-02    7.27702E-02
     9.09152E-01    9.95193E-01    2.85608E-01    3.71819E-01   -1.32550E-01    8.62630E-02    2.80401E-02    5.44444E-02    7.25843E-02
     9.12002E-01    9.91821E-01    2.81426E-01    3.72700E-01   -1.30677E-01    8.58821E-02    2.76001E-02    5.42314E-02    7.23992E-02
     9.14852E-01    9.88500E-01    2.77260E-01    3.73567E-01   -1.28809E-01    8.55070E-02    2.71628E-02    5.40220E-02    7.22151E-02
     9.17702E-01    9.85231E-01    2.73109E-01    3.74419E-01   -1.26945E-01    8.51376E-02    2.67284E-02    5.38163E-02    7.20320E-02
     9.20552E-01    9.82013E-01    2.68975E-01    3.75257E-01   -1.25087E-01    8.47739E-02    2.62968E-02    5.36143E-02    7.18498E-02
     9.23402E-01    9.78846E-01    2.64857E-01    3.76081E-01   -1.23234E-01    8.44159E-02    2.58680E-02    5.34158E-02    7.16687E-02
     9.26252E-01    9.75728E-01    2.60755E-01    3.76890E-01   -1.21386E-01    8.40636E-02    2.54419E-02    5.32208E-02    7.14887E-02
     9.29102E-01    9.72661E-01    2.56670E-01    3.77686E-01   -1.19543E-01    8.37168E-02    2.50186E-02    5.30294E-02    7.13098E-02
     9.31952E-01    9.69644E-01    2.52600E-01    3.78467E-01   -1.17705E-01    8.33757E-02    2.45981E-02    5.28414E-02    7.11321E-02
     9.34802E-01    9.66677E-01    2.48547E-01    3.79235E-01   -1.15873E-01    8.30401E-02    2.41803E-02    5.26569E-02    7.09555E-02
     9.37652E-01    9.63758E-01    2.44511E-01    3.79989E-01   -1.14046E-01    8.27101E-02    2.37652E-02    5.24757E-02    7.07803E-02
     9.40502E-01    9.60889E-01    2.40491E-01    3.80730E-01   -1.12225E-01    8.23856E-02    2.33528E-02    5.22980E-02    7.06062E-02
     9.43352E-01    9.58069E-01    2.36488E-01    3.81457E-01   -1.10409E-01    8.20666E-02    2.29430E-02    5.21236E-02    7.04335E-02
     9.46202E-01    9.55297E-01    2.32501E-01    3.82170E-01   -1.08598E-01    8.17530E-02    2.25360E-02    5.19526E-02    7.02622E-02
     9.49052E-01    9.52573E-01    2.28530E-01    3.82871E-01   -1.06793E-01    8.14449E-02    2.21316E-02    5.17848E-02    7.00922E-02
     9.51902E-01    9.49898E-01    2.24577E-01    3.83558E-01   -1.04994E-01    8.11422E-02    2.17298E-02    5.16202E-02    6.99236E-02
     9.54752E-01    9.47270E-01    2.20640E-01    3.84232E-01   -1.03200E-01    8.08448E-02    2.13306E-02    5.14589E-02    6.97566E-02
     9.57602E-01    9.44690E-01    2.16719E-01    3.84893E-01   -1.01412E-01    8.05528E-02    2.09340E-02    5.13008E-02    6.95910E-02
     9.60452E-01    9.42157E-01    2.12816E-01    3.85541E-01   -9.96293E-02    8.02661E-02    2.05400E-02    5.11459E-02    6.94269E-02
     9.63302E-01    9.39671E-01    2.08929E-01    3.86176E-01   -9.78527E-02    7.99847E-02    2.01486E-02    5.09941E-02    6.92644E-02
     9.66152E-01    9.37232E-01    2.05059E-01    3.86799E-01   -9.60818E-02    7.97086E-02    1.97597E-02    5.08454E-02    6.91035E-02
     9.69001E-01    9.34839E-01    2.01205E-01    3.87409E-01   -9.43167E-02    7.94377E-02    1.93733E-02    5.06998E-02    6.89442E-02
     9.71851E-01    9.32493E-01    1.97369E-01    3.88006E-01   -9.25575E-02    7.91721E-02    1.89894E-02    5.05572E-02    6.87867E-02
     9.74701E-01    9.30192E-01    1.93549E-01    3.88591E-01   -9.08042E-02    7.89116E-02    1.86080E-02    5.04177E-02    6.86308E-02
     9.77551E-01    9.27937E-01    1.89746E-01    3.89164E-01   -8.90569E-02    7.86563E-02    1.82291E-02    5.02811E-02    6.84766E-02
     9.80401E-01    9.25728E-01    1.85960E-01    3.89724E-01   -8.73154E-02    7.84061E-02    1.78526E-02    5.01475E-02    6.83243E-02
     9.83251E-01    9.23564E-01    1.82190E-01    3.90273E-01   -8.55800E-02    7.81610E-02    1.74786E-02    5.00169E-02    6.81737E-02
     9.86101E-01    9.21445E-01    1.78438E-01    3.90809E-01   -8.38507E-02    7.79210E-02    1.71069E-02    4.98892E-02    6.80250E-02
     9.88951E-01    9.19371E-01    1.74702E-01    3.91334E-01   -8.21273E-02    7.76860E-02    1.67376E-02    4.97643E-02    6.78781E-02
     9.91801E-01    9.17341E-01    1.70983E-01    3.91846E-01   -8.04101E-02    7.74561E-02    1.63707E-02    4.96424E-02    6.77332E-02
     9.94651E-01    9.15356E-01    1.67280E-01    3.92347E-01   -7.86990E-02    7.72312E-02    1.60061E-02    4.95232E-02    6.75902E-02
     9.97501E-01    9.13415E-01    1.63595E-01    3.92836E-01   -7.69940E-02    7.70112E-02    1.56439E-02    4.94069E-02    6.74492E-02
     1.00035E+00    9.11517E-01    1.59926E-01    3.93314E-01   -7.52952E-02    7.67962E-02    1.52839E-02    4.92934E-02    6.73102E-02
     1.00320E+00    9.09663E-01    1.56274E-01    3.93780E-01   -7.36026E-02    7.65861E-02    1.49262E-02    4.91826E-02    6.71732E-02
     1.00605E+00    9.07852E-01    1.52639E-01    3.94235E-01   -7.19162E-02    7.63809E-02    1.45708E-02    4.90745E-02    6.70383E-02
     1.00890E+00    9.06085E-01    1.49021E-01    3.94678E-01   -7.02360E-02    7.61806E-02    1.42176E-02    4.89692E-02    6.69055E-02
     1.01175E+00    9.04360E-01    1.45419E-01    3.95110E-01   -6.85621E-02    7.59851E-02    1.38666E-02    4.88666E-02    6.67749E-02
     1.01460E+00    9.02677E-01    1.41834E-01    3.95532E-01   -6.68945E-02    7.57945E-02    1.35179E-02    4.87666E-02    6.66464E-02
     1.01745E+00    9.01038E-01    1.38265E-01    3.95942E-01   -6.52333E-02    7.56086E-02    1.31712E-02    4.86693E-02    6.65201E-02
     1.02030E+00    8.99440E-01    1.34713E-01    3.96341E-01   -6.35783E-02    7.54275E-02    1.28268E-02    4.85746E-02    6.63961E-02
     1.02315E+00    8.97884E-01    1.31178E-01    3.96729E-01   -6.19297E-02    7.52512E-02    1.24845E-02    4.84825E-02    6.62743E-02
     1.02600E+00    8.96370E-01    1.27660E-01    3.97106E-01   -6.02875E-02    7.50795E-02    1.21442E-02    4.83930E-02    6.61548E-02
     1.02885E+00    8.94897E-01    1.24158E-01    3.97473E-01   -5.86517E-02    7.49126E-02    1.18061E-02    4.83060E-02    6.60377E-02
     1.03170E+00    8.93466E-01    1.20672E-01    3.97829E-01   -5.70223E-02    7.47503E-02    1.14700E-02    4.82216E-02    6.59229E-02
     1.03455E+00    8.92076E-01    1.17203E-01    3.98174E-01   -5.53994E-02    7.45926E-02    1.11359E-02    4.81396E-02    6.58105E-02
     1.03740E+00    8.90726E-01    1.13750E-01    3.98509E-01   -5.37828E-02    7.44396E-02    1.08039E-02    4.80602E-02    6.57005E-02
     1.04025E+00    8.89417E-01    1.10314E-01    3.98834E-01   -5.21728E-02    7.42912E-02    1.04739E-02    4.79833E-02    6.55930E-02
     1.04310E+00    8.88148E-01    1.06894E-01    3.99148E-01   -5.05692E-02    7.41473E-02    1.01458E-02    4.79088E-02    6.54880E-02
     1.04595E+00    8.86920E-01    1.03491E-01    3.99452E-01   -4.89722E-02    7.40080E-02    9.81969E-03    4.78367E-02    6.53855E-02
     1.04880E+00    8.85731E-01    1.00103E-01    3.99746E-01   -4.73816E-02    7.38732E-02    9.49550E-03    4.77670E-02    6.52855E-02
     1.05165E+00    8.84582E-01    9.67324E-02    4.00030E-01   -4.57976E-02    7.37429E-02    9.17320E-03    4.76998E-02    6.51881E-02
     1.05450E+00    8.83472E-01    9.33776E-02    4.00304E-01   -4.42202E-02    7.36171E-02    8.85279E-03    4.76349E-02    6.50934E-02
     1.05735E+00    8.82402E-01    9.00389E-02    4.00567E-01   -4.26493E-02    7.34957E-02    8.53424E-03    4.75723E-02    6.50013E-02
     1.06020E+00    8.81371E-01    8.67164E-02    4.00821E-01   -4.10850E-02    7.33788E-02    8.21752E-03    4.75121E-02    6.49118E-02
     1.06305E+00    8.80379E-01    8.34100E-02    4.01065E-01   -3.95272E-02    7.32662E-02    7.90260E-03    4.74543E-02    6.48251E-02
     1.06590E+00    8.79425E-01    8.01195E-02    4.01300E-01   -3.79761E-02    7.31581E-02    7.58948E-03    4.73987E-02    6.47411E-02
     1.06875E+00    8.78510E-01    7.68451E-02    4.01525E-01   -3.64316E-02    7.30543E-02    7.27812E-03    4.73454E-02    6.46598E-02
     1.07160E+00    8.77633E-01    7.35865E-02    4.01740E-01   -3.48937E-02    7.29548E-02    6.96851E-03    4.72944E-02    6.45814E-02
     1.07445E+00    8.76794E-01    7.03439E-02    4.01945E-01   -3.33625E-02    7.28596E-02    6.66061E-03    4.72456E-02    6.45058E-02
     1.07730E+00    8.75992E-01    6.71170E-02    4.02142E-01   -3.18379E-02    7.27688E-02    6.35441E-03    4.71991E-02    6.44330E-02
     1.08015E+00    8.75229E-01    6.39059E-02    4.02328E-01   -3.03199E-02    7.26822E-02    6.04988E-03    4.71547E-02    6.43631E-02
     1.08300E+00    8.74503E-01    6.07105E-02    4.02506E-01   -2.88087E-02    7.25998E-02    5.74700E-03    4.71126E-02    6.42962E-02
     1.08585E+00    8.73814E-01    5.75308E-02    4.02674E-01   -2.73041E-02    7.25217E-02    5.44574E-03    4.70727E-02    6.42322E-02
     1.08870E+00    8.73162E-01    5.43667E-02    4.02833E-01   -2.58062E-02    7.24477E-02    5.14609E-03    4.70349E-02    6.41712E-02
     1.09155E+00    8.72547E-01    5.12181E-02    4.02983E-01   -2.43150E-02    7.23780E-02    4.84802E-03    4.69993E-02    6.41132E-02
     1.09440E+00    8.71969E-01    4.80850E-02    4.03124E-01   -2.28306E-02    7.23124E-02    4.55150E-03    4.69659E-02    6.40583E-02
     1.09725E+00    8.71427E-01    4.49673E-02    4.03256E-01   -2.13528E-02    7.22509E-02    4.25652E-03    4.69345E-02    6.40065E-02
     1.10010E+00    8.70921E-01    4.18650E-02    4.03379E-01   -1.98818E-02    7.21936E-02    3.96305E-03    4.69053E-02    6.39577E-02
     1.10295E+00    8.70451E-01    3.87780E-02    4.03493E-01   -1.84176E-02    7.21403E-02    3.67106E-03    4.68782E-02    6.39121E-02
     1.10580E+00    8.70018E-01    3.57063E-02    4.03598E-01   -1.69601E-02    7.20911E-02    3.38054E-03    4.68532E-02    6.38697E-02
     1.10865E+00    8.69620E-01    3.26497E-02    4.03695E-01   -1.55094E-02    7.20460E-02    3.09146E-03    4.68302E-02    6.38305E-02
     1.11150E+00    8.69257E-01    2.96083E-02    4.03783E-01   -1.40654E-02    7.20049E-02    2.80379E-03    4.68093E-02    6.37945E-02
     1.11435E+00    8.68930E-01    2.65820E-02    4.03862E-01   -1.26282E-02    7.19678E-02    2.51752E-03    4.67904E-02    6.37618E-02
     1.11720E+00    8.68638E-01    2.35706E-02    4.03933E-01   -1.11978E-02    7.19347E-02    2.23262E-03    4.67736E-02    6.37324E-02
     1.12005E+00    8.68381E-01    2.05742E-02    4.03995E-01   -9.77420E-03    7.19056E-02    1.94907E-03    4.67588E-02    6.37063E-02
     1.12290E+00    8.68159E-01    1.75927E-02    4.04049E-01   -8.35741E-03    7.18804E-02    1.66684E-03    4.67460E-02    6.36836E-02
     1.12575E+00    8.67972E-01    1.46260E-02    4.04094E-01   -6.94743E-03    7.18591E-02    1.38592E-03    4.67352E-02    6.36643E-02
     1.12860E+00    8.67819E-01    1.16740E-02    4.04131E-01   -5.54427E-03    7.18418E-02    1.10627E-03    4.67264E-02    6.36485E-02
     1.13145E+00    8.67700E-01    8.73677E-03    4.04159E-01   -4.14793E-03    7.18283E-02    8.27878E-04    4.67196E-02    6.36361E-02
     1.13430E+00    8.67615E-01    5.81414E-03    4.04180E-01   -2.75844E-03    7.18187E-02    5.50717E-04    4.67147E-02    6.36272E-02
     1.13715E+00    8.67565E-01    2.90606E-03    4.04192E-01   -1.37579E-03    7.18130E-02    2.74766E-04    4.67118E-02    6.36218E-02
     1.14000E+00    8.67548E-01    1.24877E-05    4.04196E-01    0.00000E+00    7.18111E-02   -1.55118E-25    4.67109E-02    6.36200E-02
