     1.00000E-05    3.87871E+00   -2.33339E-05   -5.54723E-01   -1.74658E-05    4.37331E-01    7.20340E-06    3.66116E-01    8.85708E-11
     4.25998E-03    3.87852E+00    1.81919E-02   -5.54658E-01   -7.43998E-03    4.37309E-01    3.06840E-03    3.66088E-01    1.60721E-05
     8.50995E-03    3.87794E+00    3.63349E-02   -5.54462E-01   -1.48600E-02    4.37241E-01    6.12821E-03    3.66005E-01    6.41244E-05
     1.27599E-02    3.87698E+00    5.44657E-02   -5.54137E-01   -2.22751E-02    4.37128E-01    9.18526E-03    3.65867E-01    1.44118E-04
     1.70099E-02    3.87563E+00    7.25781E-02   -5.53682E-01   -2.96828E-02    4.36970E-01    1.22382E-02    3.65674E-01    2.55986E-04
     2.12599E-02    3.87390E+00    9.06660E-02   -5.53097E-01   -3.70806E-02    4.36767E-01    1.52856E-02    3.65425E-01    3.99638E-04
     2.55099E-02    3.87178E+00    1.08723E-01   -5.52382E-01   -4.44661E-02    4.36519E-01    1.83261E-02    3.65122E-01    5.74957E-04
     2.97598E-02    3.86928E+00    1.26744E-01   -5.51539E-01   -5.18369E-02    4.36226E-01    2.13584E-02    3.64764E-01    7.81798E-04
     3.40098E-02    3.86640E+00    1.44722E-01   -5.50567E-01   -5.91904E-02    4.35889E-01    2.43811E-02    3.64351E-01    1.01999E-03
     3.82598E-02    3.86314E+00    1.62651E-01   -5.49468E-01   -6.65244E-02    4.35507E-01    2.73929E-02    3.63885E-01    1.28935E-03
     4.25097E-02    3.85950E+00    1.80526E-01   -5.48240E-01   -7.38363E-02    4.35080E-01    3.03924E-02    3.63364E-01    1.58964E-03
     4.67597E-02    3.85548E+00    1.98340E-01   -5.46886E-01   -8.11239E-02    4.34609E-01    3.33783E-02    3.62789E-01    1.92064E-03
     5.10097E-02    3.85109E+00    2.16088E-01   -5.45405E-01   -8.83847E-02    4.34094E-01    3.63493E-02    3.62161E-01    2.28206E-03
     5.52597E-02    3.84632E+00    2.33763E-01   -5.43798E-01   -9.56164E-02    4.33535E-01    3.93041E-02    3.61480E-01    2.67361E-03
     5.95096E-02    3.84118E+00    2.51360E-01   -5.42067E-01   -1.02817E-01    4.32932E-01    4.22415E-02    3.60746E-01    3.09498E-03
     6.37596E-02    3.83567E+00    2.68874E-01   -5.40212E-01   -1.09983E-01    4.32286E-01    4.51600E-02    3.59960E-01    3.54583E-03
     6.80096E-02    3.82979E+00    2.86297E-01   -5.38234E-01   -1.17114E-01    4.31596E-01    4.80586E-02    3.59122E-01    4.02579E-03
     7.22596E-02    3.82354E+00    3.03626E-01   -5.36133E-01   -1.24206E-01    4.30863E-01    5.09360E-02    3.58233E-01    4.53449E-03
     7.65095E-02    3.81693E+00    3.20853E-01   -5.33911E-01   -1.31258E-01    4.30088E-01    5.37909E-02    3.57293E-01    5.07150E-03
     8.07595E-02    3.80996E+00    3.37975E-01   -5.31570E-01   -1.38267E-01    4.29270E-01    5.66221E-02    3.56302E-01    5.63641E-03
     8.50095E-02    3.80263E+00    3.54985E-01   -5.29109E-01   -1.45232E-01    4.28409E-01    5.94286E-02    3.55262E-01    6.22876E-03
     8.92595E-02    3.79494E+00    3.71877E-01   -5.26530E-01   -1.52149E-01    4.27507E-01    6.22091E-02    3.54172E-01    6.84808E-03
     9.35094E-02    3.78690E+00    3.88648E-01   -5.23835E-01   -1.59018E-01    4.26563E-01    6.49625E-02    3.53034E-01    7.49389E-03
     9.77594E-02    3.77851E+00    4.05291E-01   -5.21024E-01   -1.65835E-01    4.25578E-01    6.76877E-02    3.51848E-01    8.16567E-03
     1.02009E-01    3.76977E+00    4.21801E-01   -5.18099E-01   -1.72599E-01    4.24552E-01    7.03837E-02    3.50614E-01    8.86290E-03
     1.06259E-01    3.76069E+00    4.38173E-01   -5.15061E-01   -1.79309E-01    4.23486E-01    7.30493E-02    3.49333E-01    9.58502E-03
     1.10509E-01    3.75127E+00    4.54403E-01   -5.11912E-01   -1.85961E-01    4.22379E-01    7.56835E-02    3.48007E-01    1.03315E-02
     1.14759E-01    3.74151E+00    4.70486E-01   -5.08653E-01   -1.92554E-01    4.21232E-01    7.82854E-02    3.46635E-01    1.11017E-02
     1.19009E-01    3.73142E+00    4.86417E-01   -5.05286E-01   -1.99087E-01    4.20047E-01    8.08540E-02    3.45218E-01    1.18951E-02
     1.23259E-01    3.72100E+00    5.02190E-01   -5.01812E-01   -2.05557E-01    4.18822E-01    8.33883E-02    3.43758E-01    1.27111E-02
     1.27509E-01    3.71026E+00    5.17803E-01   -4.98232E-01   -2.11963E-01    4.17558E-01    8.58875E-02    3.42254E-01    1.35489E-02
     1.31759E-01    3.69919E+00    5.33250E-01   -4.94549E-01   -2.18303E-01    4.16257E-01    8.83505E-02    3.40708E-01    1.44081E-02
     1.36009E-01    3.68780E+00    5.48527E-01   -4.90764E-01   -2.24575E-01    4.14917E-01    9.07766E-02    3.39121E-01    1.52879E-02
     1.40259E-01    3.67611E+00    5.63629E-01   -4.86878E-01   -2.30778E-01    4.13541E-01    9.31650E-02    3.37493E-01    1.61877E-02
     1.44509E-01    3.66410E+00    5.78553E-01   -4.82894E-01   -2.36910E-01    4.12128E-01    9.55148E-02    3.35825E-01    1.71068E-02
     1.48759E-01    3.65179E+00    5.93295E-01   -4.78812E-01   -2.42969E-01    4.10679E-01    9.78253E-02    3.34118E-01    1.80445E-02
     1.53009E-01    3.63917E+00    6.07851E-01   -4.74636E-01   -2.48955E-01    4.09194E-01    1.00096E-01    3.32372E-01    1.90002E-02
     1.57259E-01    3.62627E+00    6.22217E-01   -4.70366E-01   -2.54865E-01    4.07673E-01    1.02325E-01    3.30590E-01    1.99731E-02
     1.61509E-01    3.61307E+00    6.36389E-01   -4.66005E-01   -2.60698E-01    4.06118E-01    1.04514E-01    3.28771E-01    2.09625E-02
     1.65759E-01    3.59958E+00    6.50364E-01   -4.61553E-01   -2.66454E-01    4.04529E-01    1.06660E-01    3.26916E-01    2.19677E-02
     1.70009E-01    3.58581E+00    6.64138E-01   -4.57015E-01   -2.72130E-01    4.02906E-01    1.08763E-01    3.25027E-01    2.29879E-02
     1.74259E-01    3.57177E+00    6.77709E-01   -4.52390E-01   -2.77725E-01    4.01250E-01    1.10824E-01    3.23104E-01    2.40225E-02
     1.78509E-01    3.55745E+00    6.91073E-01   -4.47681E-01   -2.83239E-01    3.99562E-01    1.12840E-01    3.21149E-01    2.50707E-02
     1.82759E-01    3.54287E+00    7.04227E-01   -4.42891E-01   -2.88670E-01    3.97841E-01    1.14813E-01    3.19161E-01    2.61318E-02
     1.87009E-01    3.52803E+00    7.17168E-01   -4.38020E-01   -2.94017E-01    3.96089E-01    1.16740E-01    3.17143E-01    2.72050E-02
     1.91259E-01    3.51292E+00    7.29893E-01   -4.33071E-01   -2.99279E-01    3.94306E-01    1.18623E-01    3.15095E-01    2.82896E-02
     1.95509E-01    3.49757E+00    7.42400E-01   -4.28046E-01   -3.04455E-01    3.92493E-01    1.20460E-01    3.13018E-01    2.93848E-02
     1.99759E-01    3.48197E+00    7.54687E-01   -4.22947E-01   -3.09544E-01    3.90650E-01    1.22251E-01    3.10913E-01    3.04898E-02
     2.04009E-01    3.46613E+00    7.66750E-01   -4.17776E-01   -3.14546E-01    3.88779E-01    1.23996E-01    3.08781E-01    3.16041E-02
     2.08259E-01    3.45005E+00    7.78588E-01   -4.12535E-01   -3.19459E-01    3.86878E-01    1.25694E-01    3.06622E-01    3.27266E-02
     2.12509E-01    3.43374E+00    7.90198E-01   -4.07226E-01   -3.24282E-01    3.84950E-01    1.27345E-01    3.04439E-01    3.38569E-02
     2.16759E-01    3.41721E+00    8.01579E-01   -4.01852E-01   -3.29016E-01    3.82995E-01    1.28950E-01    3.02232E-01    3.49940E-02
     2.21009E-01    3.40046E+00    8.12729E-01   -3.96413E-01   -3.33659E-01    3.81012E-01    1.30507E-01    3.00001E-01    3.61373E-02
     2.25259E-01    3.38349E+00    8.23645E-01   -3.90912E-01   -3.38211E-01    3.79004E-01    1.32016E-01    2.97748E-01    3.72859E-02
     2.29509E-01    3.36631E+00    8.34327E-01   -3.85352E-01   -3.42671E-01    3.76971E-01    1.33478E-01    2.95474E-01    3.84393E-02
     2.33759E-01    3.34893E+00    8.44772E-01   -3.79734E-01   -3.47038E-01    3.74913E-01    1.34893E-01    2.93180E-01    3.95966E-02
     2.38009E-01    3.33135E+00    8.54980E-01   -3.74061E-01   -3.51313E-01    3.72830E-01    1.36259E-01    2.90867E-01    4.07571E-02
     2.42259E-01    3.31358E+00    8.64950E-01   -3.68334E-01   -3.55495E-01    3.70725E-01    1.37578E-01    2.88535E-01    4.19200E-02
     2.46509E-01    3.29563E+00    8.74679E-01   -3.62555E-01   -3.59583E-01    3.68596E-01    1.38849E-01    2.86186E-01    4.30848E-02
     2.50759E-01    3.27749E+00    8.84168E-01   -3.56727E-01   -3.63577E-01    3.66445E-01    1.40072E-01    2.83821E-01    4.42507E-02
     2.55008E-01    3.25918E+00    8.93415E-01   -3.50852E-01   -3.67477E-01    3.64273E-01    1.41248E-01    2.81441E-01    4.54169E-02
     2.59258E-01    3.24070E+00    9.02419E-01   -3.44931E-01   -3.71283E-01    3.62080E-01    1.42375E-01    2.79045E-01    4.65828E-02
     2.63508E-01    3.22205E+00    9.11181E-01   -3.38967E-01   -3.74994E-01    3.59866E-01    1.43456E-01    2.76637E-01    4.77477E-02
     2.67758E-01    3.20324E+00    9.19699E-01   -3.32962E-01   -3.78611E-01    3.57633E-01    1.44488E-01    2.74216E-01    4.89109E-02
     2.72008E-01    3.18428E+00    9.27974E-01   -3.26917E-01   -3.82133E-01    3.55382E-01    1.45474E-01    2.71783E-01    5.00718E-02
     2.76258E-01    3.16518E+00    9.36004E-01   -3.20835E-01   -3.85561E-01    3.53111E-01    1.46412E-01    2.69340E-01    5.12297E-02
     2.80508E-01    3.14593E+00    9.43790E-01   -3.14718E-01   -3.88893E-01    3.50824E-01    1.47304E-01    2.66886E-01    5.23840E-02
     2.84758E-01    3.12655E+00    9.51333E-01   -3.08567E-01   -3.92131E-01    3.48519E-01    1.48149E-01    2.64424E-01    5.35340E-02
     2.89008E-01    3.10703E+00    9.58631E-01   -3.02386E-01   -3.95274E-01    3.46198E-01    1.48947E-01    2.61954E-01    5.46791E-02
     2.93258E-01    3.08739E+00    9.65685E-01   -2.96174E-01   -3.98323E-01    3.43861E-01    1.49699E-01    2.59477E-01    5.58188E-02
     2.97508E-01    3.06764E+00    9.72497E-01   -2.89936E-01   -4.01278E-01    3.41510E-01    1.50406E-01    2.56994E-01    5.69523E-02
     3.01758E-01    3.04776E+00    9.79065E-01   -2.83672E-01   -4.04139E-01    3.39144E-01    1.51067E-01    2.54505E-01    5.80792E-02
     3.06008E-01    3.02778E+00    9.85391E-01   -2.77384E-01   -4.06906E-01    3.36764E-01    1.51683E-01    2.52012E-01    5.91989E-02
     3.10258E-01    3.00770E+00    9.91475E-01   -2.71075E-01   -4.09579E-01    3.34371E-01    1.52254E-01    2.49515E-01    6.03107E-02
     3.14508E-01    2.98752E+00    9.97318E-01   -2.64745E-01   -4.12160E-01    3.31966E-01    1.52781E-01    2.47015E-01    6.14143E-02
     3.18758E-01    2.96724E+00    1.00292E+00   -2.58398E-01   -4.14648E-01    3.29549E-01    1.53264E-01    2.44513E-01    6.25089E-02
     3.23008E-01    2.94688E+00    1.00829E+00   -2.52034E-01   -4.17043E-01    3.27121E-01    1.53703E-01    2.42010E-01    6.35942E-02
     3.27258E-01    2.92644E+00    1.01341E+00   -2.45656E-01   -4.19346E-01    3.24683E-01    1.54100E-01    2.39507E-01    6.46696E-02
     3.31508E-01    2.90592E+00    1.01830E+00   -2.39266E-01   -4.21558E-01    3.22235E-01    1.54454E-01    2.37004E-01    6.57346E-02
     3.35758E-01    2.88533E+00    1.02296E+00   -2.32864E-01   -4.23679E-01    3.19777E-01    1.54766E-01    2.34502E-01    6.67887E-02
     3.40008E-01    2.86468E+00    1.02738E+00   -2.26454E-01   -4.25710E-01    3.17311E-01    1.55036E-01    2.32002E-01    6.78316E-02
     3.44258E-01    2.84396E+00    1.03156E+00   -2.20036E-01   -4.27651E-01    3.14837E-01    1.55265E-01    2.29504E-01    6.88627E-02
     3.48508E-01    2.82319E+00    1.03552E+00   -2.13612E-01   -4.29503E-01    3.12356E-01    1.55454E-01    2.27010E-01    6.98817E-02
     3.52758E-01    2.80237E+00    1.03925E+00   -2.07184E-01   -4.31266E-01    3.09867E-01    1.55603E-01    2.24520E-01    7.08880E-02
     3.57008E-01    2.78151E+00    1.04274E+00   -2.00754E-01   -4.32941E-01    3.07373E-01    1.55712E-01    2.22035E-01    7.18814E-02
     3.61258E-01    2.76060E+00    1.04602E+00   -1.94323E-01   -4.34528E-01    3.04873E-01    1.55783E-01    2.19555E-01    7.28614E-02
     3.65508E-01    2.73966E+00    1.04907E+00   -1.87893E-01   -4.36030E-01    3.02368E-01    1.55816E-01    2.17081E-01    7.38277E-02
     3.69758E-01    2.71869E+00    1.05189E+00   -1.81465E-01   -4.37445E-01    2.99859E-01    1.55810E-01    2.14613E-01    7.47799E-02
     3.74008E-01    2.69769E+00    1.05450E+00   -1.75041E-01   -4.38776E-01    2.97346E-01    1.55768E-01    2.12153E-01    7.57176E-02
     3.78258E-01    2.67667E+00    1.05689E+00   -1.68622E-01   -4.40022E-01    2.94830E-01    1.55690E-01    2.09701E-01    7.66406E-02
     3.82508E-01    2.65564E+00    1.05906E+00   -1.62210E-01   -4.41184E-01    2.92312E-01    1.55576E-01    2.07258E-01    7.75486E-02
     3.86758E-01    2.63459E+00    1.06102E+00   -1.55806E-01   -4.42264E-01    2.89791E-01    1.55426E-01    2.04823E-01    7.84412E-02
     3.91008E-01    2.61354E+00    1.06277E+00   -1.49412E-01   -4.43262E-01    2.87268E-01    1.55243E-01    2.02398E-01    7.93182E-02
     3.95258E-01    2.59248E+00    1.06431E+00   -1.43029E-01   -4.44179E-01    2.84745E-01    1.55025E-01    1.99984E-01    8.01794E-02
     3.99508E-01    2.57143E+00    1.06564E+00   -1.36658E-01   -4.45017E-01    2.82222E-01    1.54774E-01    1.97580E-01    8.10243E-02
     4.03758E-01    2.55038E+00    1.06677E+00   -1.30302E-01   -4.45774E-01    2.79698E-01    1.54491E-01    1.95187E-01    8.18530E-02
     4.08008E-01    2.52934E+00    1.06769E+00   -1.23960E-01   -4.46454E-01    2.77175E-01    1.54176E-01    1.92806E-01    8.26651E-02
     4.12258E-01    2.50832E+00    1.06842E+00   -1.17635E-01   -4.47056E-01    2.74654E-01    1.53830E-01    1.90438E-01    8.34603E-02
     4.16508E-01    2.48732E+00    1.06895E+00   -1.11327E-01   -4.47582E-01    2.72134E-01    1.53454E-01    1.88082E-01    8.42387E-02
     4.20758E-01    2.46633E+00    1.06929E+00   -1.05038E-01   -4.48033E-01    2.69616E-01    1.53047E-01    1.85739E-01    8.49998E-02
     4.25007E-01    2.44538E+00    1.06943E+00   -9.87694E-02   -4.48409E-01    2.67101E-01    1.52612E-01    1.83410E-01    8.57437E-02
     4.29257E-01    2.42446E+00    1.06939E+00   -9.25219E-02   -4.48711E-01    2.64589E-01    1.52148E-01    1.81095E-01    8.64702E-02
     4.33507E-01    2.40357E+00    1.06916E+00   -8.62966E-02   -4.48941E-01    2.62081E-01    1.51657E-01    1.78794E-01    8.71791E-02
     4.37757E-01    2.38272E+00    1.06875E+00   -8.00949E-02   -4.49100E-01    2.59577E-01    1.51138E-01    1.76508E-01    8.78702E-02
     4.42007E-01    2.36191E+00    1.06816E+00   -7.39176E-02   -4.49188E-01    2.57077E-01    1.50594E-01    1.74237E-01    8.85436E-02
     4.46257E-01    2.34115E+00    1.06739E+00   -6.77659E-02   -4.49207E-01    2.54583E-01    1.50024E-01    1.71982E-01    8.91991E-02
     4.50507E-01    2.32044E+00    1.06645E+00   -6.16408E-02   -4.49157E-01    2.52094E-01    1.49428E-01    1.69742E-01    8.98366E-02
     4.54757E-01    2.29978E+00    1.06533E+00   -5.55434E-02   -4.49041E-01    2.49611E-01    1.48809E-01    1.67519E-01    9.04561E-02
     4.59007E-01    2.27918E+00    1.06405E+00   -4.94744E-02   -4.48857E-01    2.47134E-01    1.48166E-01    1.65312E-01    9.10575E-02
     4.63257E-01    2.25864E+00    1.06261E+00   -4.34350E-02   -4.48609E-01    2.44664E-01    1.47500E-01    1.63123E-01    9.16408E-02
     4.67507E-01    2.23816E+00    1.06100E+00   -3.74260E-02   -4.48297E-01    2.42202E-01    1.46812E-01    1.60950E-01    9.22059E-02
     4.71757E-01    2.21774E+00    1.05923E+00   -3.14482E-02   -4.47921E-01    2.39747E-01    1.46102E-01    1.58794E-01    9.27529E-02
     4.76007E-01    2.19740E+00    1.05730E+00   -2.55026E-02   -4.47483E-01    2.37300E-01    1.45372E-01    1.56657E-01    9.32816E-02
     4.80257E-01    2.17713E+00    1.05523E+00   -1.95899E-02   -4.46985E-01    2.34861E-01    1.44622E-01    1.54537E-01    9.37922E-02
     4.84507E-01    2.15693E+00    1.05300E+00   -1.37110E-02   -4.46427E-01    2.32431E-01    1.43852E-01    1.52435E-01    9.42846E-02
     4.88757E-01    2.13681E+00    1.05062E+00   -7.86666E-03   -4.45810E-01    2.30011E-01    1.43063E-01    1.50351E-01    9.47589E-02
     4.93007E-01    2.11677E+00    1.04810E+00   -2.05755E-03   -4.45135E-01    2.27599E-01    1.42256E-01    1.48286E-01    9.52151E-02
     4.97257E-01    2.09682E+00    1.04544E+00    3.71556E-03   -4.44404E-01    2.25198E-01    1.41432E-01    1.46240E-01    9.56532E-02
     5.01507E-01    2.07695E+00    1.04265E+00    9.45201E-03   -4.43617E-01    2.22807E-01    1.40590E-01    1.44213E-01    9.60734E-02
     5.05757E-01    2.05717E+00    1.03971E+00    1.51511E-02   -4.42776E-01    2.20426E-01    1.39733E-01    1.42204E-01    9.64756E-02
     5.10007E-01    2.03748E+00    1.03665E+00    2.08123E-02   -4.41882E-01    2.18056E-01    1.38860E-01    1.40215E-01    9.68599E-02
     5.14257E-01    2.01789E+00    1.03345E+00    2.64348E-02   -4.40935E-01    2.15697E-01    1.37972E-01    1.38245E-01    9.72265E-02
     5.18507E-01    1.99839E+00    1.03014E+00    3.20182E-02   -4.39938E-01    2.13350E-01    1.37070E-01    1.36295E-01    9.75754E-02
     5.22757E-01    1.97899E+00    1.02669E+00    3.75619E-02   -4.38890E-01    2.11014E-01    1.36154E-01    1.34364E-01    9.79067E-02
     5.27007E-01    1.95969E+00    1.02313E+00    4.30653E-02   -4.37794E-01    2.08691E-01    1.35225E-01    1.32453E-01    9.82205E-02
     5.31257E-01    1.94049E+00    1.01946E+00    4.85279E-02   -4.36649E-01    2.06379E-01    1.34283E-01    1.30561E-01    9.85170E-02
     5.35507E-01    1.92140E+00    1.01567E+00    5.39493E-02   -4.35458E-01    2.04081E-01    1.33329E-01    1.28689E-01    9.87963E-02
     5.39757E-01    1.90241E+00    1.01177E+00    5.93290E-02   -4.34221E-01    2.01795E-01    1.32365E-01    1.26838E-01    9.90584E-02
     5.44007E-01    1.88353E+00    1.00776E+00    6.46665E-02   -4.32940E-01    1.99522E-01    1.31389E-01    1.25006E-01    9.93036E-02
     5.48257E-01    1.86476E+00    1.00364E+00    6.99615E-02   -4.31615E-01    1.97263E-01    1.30403E-01    1.23194E-01    9.95320E-02
     5.52507E-01    1.84611E+00    9.99431E-01    7.52136E-02   -4.30247E-01    1.95017E-01    1.29408E-01    1.21402E-01    9.97437E-02
     5.56757E-01    1.82757E+00    9.95118E-01    8.04223E-02   -4.28838E-01    1.92784E-01    1.28403E-01    1.19631E-01    9.99389E-02
     5.61007E-01    1.80914E+00    9.90710E-01    8.55874E-02   -4.27389E-01    1.90566E-01    1.27390E-01    1.17879E-01    1.00118E-01
     5.65257E-01    1.79083E+00    9.86209E-01    9.07085E-02   -4.25900E-01    1.88362E-01    1.26370E-01    1.16148E-01    1.00280E-01
     5.69507E-01    1.77264E+00    9.81619E-01    9.57854E-02   -4.24373E-01    1.86173E-01    1.25341E-01    1.14436E-01    1.00427E-01
     5.73757E-01    1.75456E+00    9.76941E-01    1.00818E-01   -4.22808E-01    1.83998E-01    1.24306E-01    1.12745E-01    1.00558E-01
     5.78007E-01    1.73661E+00    9.72180E-01    1.05805E-01   -4.21208E-01    1.81837E-01    1.23264E-01    1.11074E-01    1.00673E-01
     5.82257E-01    1.71878E+00    9.67337E-01    1.10748E-01   -4.19572E-01    1.79692E-01    1.22216E-01    1.09423E-01    1.00773E-01
     5.86507E-01    1.70108E+00    9.62416E-01    1.15645E-01   -4.17902E-01    1.77562E-01    1.21163E-01    1.07792E-01    1.00857E-01
     5.90757E-01    1.68350E+00    9.57420E-01    1.20497E-01   -4.16199E-01    1.75447E-01    1.20104E-01    1.06181E-01    1.00927E-01
     5.95006E-01    1.66604E+00    9.52350E-01    1.25303E-01   -4.14463E-01    1.73347E-01    1.19042E-01    1.04590E-01    1.00982E-01
     5.99256E-01    1.64872E+00    9.47210E-01    1.30064E-01   -4.12696E-01    1.71263E-01    1.17975E-01    1.03018E-01    1.01021E-01
     6.03506E-01    1.63152E+00    9.42002E-01    1.34778E-01   -4.10899E-01    1.69195E-01    1.16904E-01    1.01467E-01    1.01047E-01
     6.07756E-01    1.61444E+00    9.36730E-01    1.39447E-01   -4.09072E-01    1.67142E-01    1.15830E-01    9.99356E-02    1.01058E-01
     6.12006E-01    1.59750E+00    9.31395E-01    1.44069E-01   -4.07217E-01    1.65106E-01    1.14754E-01    9.84237E-02    1.01055E-01
     6.16256E-01    1.58069E+00    9.26000E-01    1.48646E-01   -4.05335E-01    1.63085E-01    1.13675E-01    9.69315E-02    1.01039E-01
     6.20506E-01    1.56401E+00    9.20548E-01    1.53176E-01   -4.03426E-01    1.61081E-01    1.12594E-01    9.54588E-02    1.01009E-01
     6.24756E-01    1.54746E+00    9.15042E-01    1.57660E-01   -4.01491E-01    1.59092E-01    1.11512E-01    9.40056E-02    1.00965E-01
     6.29006E-01    1.53104E+00    9.09483E-01    1.62097E-01   -3.99531E-01    1.57121E-01    1.10428E-01    9.25717E-02    1.00908E-01
     6.33256E-01    1.51475E+00    9.03874E-01    1.66488E-01   -3.97548E-01    1.55165E-01    1.09344E-01    9.11571E-02    1.00838E-01
     6.37506E-01    1.49860E+00    8.98218E-01    1.70833E-01   -3.95542E-01    1.53226E-01    1.08259E-01    8.97616E-02    1.00756E-01
     6.41756E-01    1.48259E+00    8.92517E-01    1.75132E-01   -3.93514E-01    1.51304E-01    1.07175E-01    8.83851E-02    1.00661E-01
     6.46006E-01    1.46670E+00    8.86773E-01    1.79384E-01   -3.91464E-01    1.49398E-01    1.06090E-01    8.70276E-02    1.00554E-01
     6.50256E-01    1.45095E+00    8.80988E-01    1.83591E-01   -3.89394E-01    1.47509E-01    1.05006E-01    8.56889E-02    1.00435E-01
     6.54506E-01    1.43534E+00    8.75165E-01    1.87751E-01   -3.87305E-01    1.45637E-01    1.03924E-01    8.43689E-02    1.00304E-01
     6.58756E-01    1.41986E+00    8.69307E-01    1.91865E-01   -3.85197E-01    1.43781E-01    1.02842E-01    8.30674E-02    1.00161E-01
     6.63006E-01    1.40451E+00    8.63414E-01    1.95933E-01   -3.83071E-01    1.41943E-01    1.01762E-01    8.17843E-02    1.00008E-01
     6.67256E-01    1.38930E+00    8.57490E-01    1.99956E-01   -3.80927E-01    1.40121E-01    1.00684E-01    8.05195E-02    9.98425E-02
     6.71506E-01    1.37423E+00    8.51537E-01    2.03932E-01   -3.78768E-01    1.38316E-01    9.96086E-02    7.92728E-02    9.96667E-02
     6.75756E-01    1.35929E+00    8.45555E-01    2.07864E-01   -3.76593E-01    1.36528E-01    9.85353E-02    7.80441E-02    9.94801E-02
     6.80006E-01    1.34449E+00    8.39549E-01    2.11749E-01   -3.74403E-01    1.34757E-01    9.74648E-02    7.68333E-02    9.92832E-02
     6.84256E-01    1.32982E+00    8.33518E-01    2.15590E-01   -3.72199E-01    1.33002E-01    9.63974E-02    7.56402E-02    9.90761E-02
     6.88506E-01    1.31529E+00    8.27467E-01    2.19385E-01   -3.69982E-01    1.31265E-01    9.53333E-02    7.44647E-02    9.88590E-02
     6.92756E-01    1.30090E+00    8.21395E-01    2.23136E-01   -3.67752E-01    1.29545E-01    9.42727E-02    7.33065E-02    9.86322E-02
     6.97006E-01    1.28664E+00    8.15306E-01    2.26842E-01   -3.65511E-01    1.27841E-01    9.32159E-02    7.21656E-02    9.83958E-02
     7.01256E-01    1.27251E+00    8.09201E-01    2.30503E-01   -3.63258E-01    1.26155E-01    9.21632E-02    7.10418E-02    9.81502E-02
     7.05506E-01    1.25852E+00    8.03082E-01    2.34120E-01   -3.60995E-01    1.24485E-01    9.11147E-02    6.99349E-02    9.78955E-02
     7.09756E-01    1.24467E+00    7.96950E-01    2.37693E-01   -3.58722E-01    1.22833E-01    9.00707E-02    6.88448E-02    9.76320E-02
     7.14006E-01    1.23094E+00    7.90807E-01    2.41222E-01   -3.56439E-01    1.21197E-01    8.90314E-02    6.77712E-02    9.73599E-02
     7.18256E-01    1.21736E+00    7.84656E-01    2.44708E-01   -3.54149E-01    1.19578E-01    8.79969E-02    6.67141E-02    9.70794E-02
     7.22506E-01    1.20390E+00    7.78497E-01    2.48150E-01   -3.51850E-01    1.17976E-01    8.69676E-02    6.56733E-02    9.67908E-02
     7.26756E-01    1.19059E+00    7.72332E-01    2.51549E-01   -3.49544E-01    1.16391E-01    8.59435E-02    6.46486E-02    9.64942E-02
     7.31006E-01    1.17740E+00    7.66164E-01    2.54905E-01   -3.47231E-01    1.14822E-01    8.49248E-02    6.36398E-02    9.61899E-02
     7.35256E-01    1.16435E+00    7.59992E-01    2.58219E-01   -3.44913E-01    1.13270E-01    8.39118E-02    6.26468E-02    9.58780E-02
     7.39506E-01    1.15142E+00    7.53819E-01    2.61490E-01   -3.42589E-01    1.11735E-01    8.29045E-02    6.16693E-02    9.55589E-02
     7.43756E-01    1.13863E+00    7.47647E-01    2.64720E-01   -3.40260E-01    1.10216E-01    8.19032E-02    6.07073E-02    9.52327E-02
     7.48006E-01    1.12598E+00    7.41476E-01    2.67908E-01   -3.37926E-01    1.08714E-01    8.09080E-02    5.97605E-02    9.48996E-02
     7.52256E-01    1.11345E+00    7.35308E-01    2.71054E-01   -3.35589E-01    1.07228E-01    7.99190E-02    5.88289E-02    9.45598E-02
     7.56506E-01    1.10105E+00    7.29145E-01    2.74160E-01   -3.33249E-01    1.05759E-01    7.89364E-02    5.79121E-02    9.42136E-02
     7.60756E-01    1.08878E+00    7.22987E-01    2.77224E-01   -3.30905E-01    1.04306E-01    7.79603E-02    5.70100E-02    9.38611E-02
     7.65006E-01    1.07665E+00    7.16836E-01    2.80248E-01   -3.28560E-01    1.02869E-01    7.69908E-02    5.61225E-02    9.35026E-02
     7.69255E-01    1.06464E+00    7.10694E-01    2.83232E-01   -3.26213E-01    1.01449E-01    7.60280E-02    5.52493E-02    9.31382E-02
     7.73505E-01    1.05275E+00    7.04560E-01    2.86176E-01   -3.23864E-01    1.00045E-01    7.50721E-02    5.43904E-02    9.27681E-02
     7.77755E-01    1.04100E+00    6.98438E-01    2.89081E-01   -3.21515E-01    9.86563E-02    7.41231E-02    5.35455E-02    9.23926E-02
     7.82005E-01    1.02937E+00    6.92326E-01    2.91947E-01   -3.19165E-01    9.72840E-02    7.31812E-02    5.27144E-02    9.20118E-02
     7.86255E-01    1.01787E+00    6.86228E-01    2.94773E-01   -3.16815E-01    9.59276E-02    7.22465E-02    5.18970E-02    9.16259E-02
     7.90505E-01    1.00649E+00    6.80144E-01    2.97562E-01   -3.14466E-01    9.45870E-02    7.13190E-02    5.10932E-02    9.12351E-02
     7.94755E-01    9.95235E-01    6.74074E-01    3.00312E-01   -3.12118E-01    9.32621E-02    7.03988E-02    5.03026E-02    9.08397E-02
     7.99005E-01    9.84105E-01    6.68021E-01    3.03024E-01   -3.09771E-01    9.19529E-02    6.94860E-02    4.95252E-02    9.04396E-02
     8.03255E-01    9.73098E-01    6.61984E-01    3.05699E-01   -3.07426E-01    9.06591E-02    6.85806E-02    4.87608E-02    9.00353E-02
     8.07505E-01    9.62213E-01    6.55965E-01    3.08337E-01   -3.05083E-01    8.93809E-02    6.76828E-02    4.80093E-02    8.96268E-02
     8.11755E-01    9.51449E-01    6.49964E-01    3.10938E-01   -3.02743E-01    8.81179E-02    6.67926E-02    4.72703E-02    8.92142E-02
     8.16005E-01    9.40806E-01    6.43984E-01    3.13503E-01   -3.00405E-01    8.68702E-02    6.59101E-02    4.65439E-02    8.87979E-02
     8.20255E-01    9.30283E-01    6.38023E-01    3.16032E-01   -2.98071E-01    8.56377E-02    6.50352E-02    4.58297E-02    8.83779E-02
     8.24505E-01    9.19879E-01    6.32084E-01    3.18525E-01   -2.95740E-01    8.44202E-02    6.41681E-02    4.51277E-02    8.79544E-02
     8.28755E-01    9.09593E-01    6.26167E-01    3.20982E-01   -2.93413E-01    8.32177E-02    6.33087E-02    4.44376E-02    8.75276E-02
     8.33005E-01    8.99423E-01    6.20272E-01    3.23405E-01   -2.91091E-01    8.20299E-02    6.24573E-02    4.37594E-02    8.70976E-02
     8.37255E-01    8.89371E-01    6.14402E-01    3.25793E-01   -2.88773E-01    8.08570E-02    6.16136E-02    4.30928E-02    8.66646E-02
     8.41505E-01    8.79434E-01    6.08555E-01    3.28148E-01   -2.86460E-01    7.96986E-02    6.07779E-02    4.24376E-02    8.62288E-02
     8.45755E-01    8.69611E-01    6.02733E-01    3.30468E-01   -2.84152E-01    7.85548E-02    5.99501E-02    4.17938E-02    8.57903E-02
     8.50005E-01    8.59903E-01    5.96937E-01    3.32755E-01   -2.81850E-01    7.74253E-02    5.91302E-02    4.11611E-02    8.53492E-02
     8.54255E-01    8.50307E-01    5.91167E-01    3.35008E-01   -2.79553E-01    7.63102E-02    5.83183E-02    4.05394E-02    8.49057E-02
     8.58505E-01    8.40824E-01    5.85423E-01    3.37229E-01   -2.77262E-01    7.52092E-02    5.75143E-02    3.99285E-02    8.44600E-02
     8.62755E-01    8.31451E-01    5.79707E-01    3.39417E-01   -2.74978E-01    7.41223E-02    5.67184E-02    3.93282E-02    8.40122E-02
     8.67005E-01    8.22189E-01    5.74019E-01    3.41574E-01   -2.72700E-01    7.30494E-02    5.59304E-02    3.87385E-02    8.35624E-02
     8.71255E-01    8.13037E-01    5.68359E-01    3.43699E-01   -2.70429E-01    7.19902E-02    5.51504E-02    3.81591E-02    8.31108E-02
     8.75505E-01    8.03992E-01    5.62728E-01    3.45792E-01   -2.68164E-01    7.09448E-02    5.43785E-02    3.75899E-02    8.26575E-02
     8.79755E-01    7.95056E-01    5.57127E-01    3.47855E-01   -2.65907E-01    6.99131E-02    5.36145E-02    3.70308E-02    8.22026E-02
     8.84005E-01    7.86226E-01    5.51555E-01    3.49887E-01   -2.63658E-01    6.88948E-02    5.28585E-02    3.64815E-02    8.17463E-02
     8.88255E-01    7.77501E-01    5.46014E-01    3.51888E-01   -2.61416E-01    6.78898E-02    5.21105E-02    3.59420E-02    8.12887E-02
     8.92505E-01    7.68882E-01    5.40503E-01    3.53860E-01   -2.59182E-01    6.68981E-02    5.13705E-02    3.54121E-02    8.08299E-02
     8.96755E-01    7.60367E-01    5.35023E-01    3.55803E-01   -2.56956E-01    6.59196E-02    5.06384E-02    3.48916E-02    8.03700E-02
     9.01005E-01    7.51954E-01    5.29575E-01    3.57716E-01   -2.54738E-01    6.49540E-02    4.99142E-02    3.43804E-02    7.99092E-02
     9.05255E-01    7.43644E-01    5.24159E-01    3.59600E-01   -2.52528E-01    6.40014E-02    4.91980E-02    3.38783E-02    7.94476E-02
     9.09505E-01    7.35435E-01    5.18774E-01    3.61456E-01   -2.50327E-01    6.30615E-02    4.84897E-02    3.33852E-02    7.89853E-02
     9.13755E-01    7.27326E-01    5.13422E-01    3.63284E-01   -2.48135E-01    6.21342E-02    4.77893E-02    3.29011E-02    7.85223E-02
     9.18005E-01    7.19316E-01    5.08103E-01    3.65084E-01   -2.45951E-01    6.12195E-02    4.70967E-02    3.24256E-02    7.80589E-02
     9.22255E-01    7.11405E-01    5.02817E-01    3.66857E-01   -2.43777E-01    6.03172E-02    4.64120E-02    3.19587E-02    7.75951E-02
     9.26505E-01    7.03591E-01    4.97564E-01    3.68603E-01   -2.41611E-01    5.94272E-02    4.57350E-02    3.15003E-02    7.71310E-02
     9.30755E-01    6.95874E-01    4.92344E-01    3.70322E-01   -2.39455E-01    5.85493E-02    4.50658E-02    3.10501E-02    7.66667E-02
     9.35005E-01    6.88253E-01    4.87158E-01    3.72014E-01   -2.37309E-01    5.76835E-02    4.44043E-02    3.06082E-02    7.62024E-02
     9.39254E-01    6.80726E-01    4.82006E-01    3.73681E-01   -2.35172E-01    5.68296E-02    4.37506E-02    3.01743E-02    7.57380E-02
     9.43504E-01    6.73293E-01    4.76888E-01    3.75322E-01   -2.33044E-01    5.59875E-02    4.31045E-02    2.97482E-02    7.52738E-02
     9.47754E-01    6.65954E-01    4.71805E-01    3.76937E-01   -2.30926E-01    5.51570E-02    4.24660E-02    2.93300E-02    7.48098E-02
     9.52004E-01    6.58706E-01    4.66756E-01    3.78528E-01   -2.28818E-01    5.43382E-02    4.18351E-02    2.89195E-02    7.43461E-02
     9.56254E-01    6.51549E-01    4.61741E-01    3.80093E-01   -2.26720E-01    5.35307E-02    4.12117E-02    2.85164E-02    7.38828E-02
     9.60504E-01    6.44482E-01    4.56761E-01    3.81635E-01   -2.24633E-01    5.27346E-02    4.05958E-02    2.81208E-02    7.34199E-02
     9.64754E-01    6.37505E-01    4.51816E-01    3.83152E-01   -2.22555E-01    5.19497E-02    3.99873E-02    2.77325E-02    7.29576E-02
     9.69004E-01    6.30616E-01    4.46905E-01    3.84646E-01   -2.20487E-01    5.11759E-02    3.93863E-02    2.73513E-02    7.24959E-02
     9.73254E-01    6.23815E-01    4.42030E-01    3.86116E-01   -2.18430E-01    5.04130E-02    3.87926E-02    2.69771E-02    7.20350E-02
     9.77504E-01    6.17101E-01    4.37190E-01    3.87563E-01   -2.16383E-01    4.96610E-02    3.82062E-02    2.66099E-02    7.15748E-02
     9.81754E-01    6.10472E-01    4.32385E-01    3.88987E-01   -2.14346E-01    4.89196E-02    3.76271E-02    2.62495E-02    7.11155E-02
     9.86004E-01    6.03928E-01    4.27615E-01    3.90389E-01   -2.12320E-01    4.81889E-02    3.70551E-02    2.58957E-02    7.06571E-02
     9.90254E-01    5.97468E-01    4.22880E-01    3.91768E-01   -2.10305E-01    4.74687E-02    3.64904E-02    2.55486E-02    7.01998E-02
     9.94504E-01    5.91091E-01    4.18180E-01    3.93126E-01   -2.08300E-01    4.67588E-02    3.59327E-02    2.52079E-02    6.97435E-02
     9.98754E-01    5.84796E-01    4.13516E-01    3.94462E-01   -2.06305E-01    4.60592E-02    3.53820E-02    2.48736E-02    6.92884E-02
     1.00300E+00    5.78583E-01    4.08886E-01    3.95777E-01   -2.04322E-01    4.53697E-02    3.48384E-02    2.45455E-02    6.88345E-02
     1.00725E+00    5.72451E-01    4.04292E-01    3.97071E-01   -2.02349E-01    4.46902E-02    3.43017E-02    2.42235E-02    6.83819E-02
     1.01150E+00    5.66398E-01    3.99734E-01    3.98344E-01   -2.00387E-01    4.40206E-02    3.37719E-02    2.39076E-02    6.79306E-02
     1.01575E+00    5.60424E-01    3.95210E-01    3.99597E-01   -1.98435E-01    4.33609E-02    3.32488E-02    2.35976E-02    6.74807E-02
     1.02000E+00    5.54528E-01    3.90721E-01    4.00830E-01   -1.96494E-01    4.27107E-02    3.27326E-02    2.32935E-02    6.70323E-02
     1.02425E+00    5.48709E-01    3.86268E-01    4.02043E-01   -1.94565E-01    4.20702E-02    3.22231E-02    2.29950E-02    6.65854E-02
     1.02850E+00    5.42967E-01    3.81850E-01    4.03236E-01   -1.92646E-01    4.14391E-02    3.17202E-02    2.27022E-02    6.61400E-02
     1.03275E+00    5.37300E-01    3.77466E-01    4.04410E-01   -1.90738E-01    4.08173E-02    3.12239E-02    2.24149E-02    6.56963E-02
     1.03700E+00    5.31708E-01    3.73118E-01    4.05565E-01   -1.88841E-01    4.02048E-02    3.07341E-02    2.21331E-02    6.52542E-02
     1.04125E+00    5.26190E-01    3.68804E-01    4.06702E-01   -1.86954E-01    3.96013E-02    3.02508E-02    2.18566E-02    6.48139E-02
     1.04550E+00    5.20745E-01    3.64525E-01    4.07819E-01   -1.85079E-01    3.90069E-02    2.97739E-02    2.15853E-02    6.43753E-02
     1.04975E+00    5.15372E-01    3.60280E-01    4.08919E-01   -1.83214E-01    3.84214E-02    2.93033E-02    2.13191E-02    6.39386E-02
     1.05400E+00    5.10071E-01    3.56070E-01    4.10001E-01   -1.81361E-01    3.78447E-02    2.88391E-02    2.10581E-02    6.35037E-02
     1.05825E+00    5.04841E-01    3.51895E-01    4.11065E-01   -1.79518E-01    3.72766E-02    2.83810E-02    2.08020E-02    6.30708E-02
     1.06250E+00    4.99680E-01    3.47754E-01    4.12112E-01   -1.77686E-01    3.67171E-02    2.79292E-02    2.05507E-02    6.26398E-02
     1.06675E+00    4.94589E-01    3.43646E-01    4.13141E-01   -1.75865E-01    3.61661E-02    2.74834E-02    2.03043E-02    6.22107E-02
     1.07100E+00    4.89566E-01    3.39573E-01    4.14154E-01   -1.74055E-01    3.56234E-02    2.70437E-02    2.00626E-02    6.17837E-02
     1.07525E+00    4.84611E-01    3.35534E-01    4.15149E-01   -1.72256E-01    3.50890E-02    2.66099E-02    1.98255E-02    6.13588E-02
     1.07950E+00    4.79723E-01    3.31529E-01    4.16129E-01   -1.70468E-01    3.45628E-02    2.61821E-02    1.95929E-02    6.09360E-02
     1.08375E+00    4.74901E-01    3.27557E-01    4.17092E-01   -1.68690E-01    3.40446E-02    2.57602E-02    1.93648E-02    6.05153E-02
     1.08800E+00    4.70144E-01    3.23618E-01    4.18039E-01   -1.66924E-01    3.35344E-02    2.53440E-02    1.91411E-02    6.00968E-02
     1.09225E+00    4.65453E-01    3.19713E-01    4.18971E-01   -1.65168E-01    3.30320E-02    2.49335E-02    1.89217E-02    5.96805E-02
     1.09650E+00    4.60825E-01    3.15841E-01    4.19887E-01   -1.63423E-01    3.25374E-02    2.45288E-02    1.87065E-02    5.92665E-02
     1.10075E+00    4.56260E-01    3.12002E-01    4.20788E-01   -1.61688E-01    3.20504E-02    2.41296E-02    1.84955E-02    5.88547E-02
     1.10500E+00    4.51758E-01    3.08196E-01    4.21674E-01   -1.59965E-01    3.15710E-02    2.37360E-02    1.82885E-02    5.84452E-02
     1.10925E+00    4.47318E-01    3.04423E-01    4.22545E-01   -1.58252E-01    3.10990E-02    2.33478E-02    1.80855E-02    5.80381E-02
     1.11350E+00    4.42939E-01    3.00681E-01    4.23401E-01   -1.56549E-01    3.06344E-02    2.29651E-02    1.78865E-02    5.76333E-02
     1.11775E+00    4.38621E-01    2.96973E-01    4.24243E-01   -1.54858E-01    3.01771E-02    2.25877E-02    1.76913E-02    5.72309E-02
     1.12200E+00    4.34362E-01    2.93296E-01    4.25071E-01   -1.53176E-01    2.97269E-02    2.22157E-02    1.74999E-02    5.68309E-02
     1.12625E+00    4.30163E-01    2.89651E-01    4.25885E-01   -1.51506E-01    2.92839E-02    2.18489E-02    1.73122E-02    5.64333E-02
     1.13050E+00    4.26022E-01    2.86037E-01    4.26685E-01   -1.49846E-01    2.88478E-02    2.14872E-02    1.71282E-02    5.60382E-02
     1.13475E+00    4.21939E-01    2.82456E-01    4.27472E-01   -1.48196E-01    2.84186E-02    2.11307E-02    1.69477E-02    5.56455E-02
     1.13900E+00    4.17912E-01    2.78905E-01    4.28245E-01   -1.46557E-01    2.79962E-02    2.07792E-02    1.67708E-02    5.52554E-02
     1.14325E+00    4.13943E-01    2.75386E-01    4.29005E-01   -1.44928E-01    2.75805E-02    2.04327E-02    1.65973E-02    5.48678E-02
     1.14750E+00    4.10029E-01    2.71897E-01    4.29752E-01   -1.43310E-01    2.71715E-02    2.00912E-02    1.64272E-02    5.44827E-02
     1.15175E+00    4.06171E-01    2.68439E-01    4.30487E-01   -1.41702E-01    2.67690E-02    1.97545E-02    1.62604E-02    5.41002E-02
     1.15600E+00    4.02367E-01    2.65012E-01    4.31209E-01   -1.40104E-01    2.63730E-02    1.94226E-02    1.60969E-02    5.37202E-02
     1.16025E+00    3.98617E-01    2.61614E-01    4.31918E-01   -1.38516E-01    2.59833E-02    1.90955E-02    1.59366E-02    5.33429E-02
     1.16450E+00    3.94920E-01    2.58247E-01    4.32616E-01   -1.36939E-01    2.55999E-02    1.87731E-02    1.57795E-02    5.29681E-02
     1.16875E+00    3.91276E-01    2.54910E-01    4.33301E-01   -1.35371E-01    2.52227E-02    1.84553E-02    1.56254E-02    5.25960E-02
     1.17300E+00    3.87684E-01    2.51602E-01    4.33975E-01   -1.33814E-01    2.48516E-02    1.81421E-02    1.54744E-02    5.22265E-02
     1.17725E+00    3.84144E-01    2.48324E-01    4.34637E-01   -1.32267E-01    2.44866E-02    1.78334E-02    1.53264E-02    5.18597E-02
     1.18150E+00    3.80655E-01    2.45075E-01    4.35287E-01   -1.30729E-01    2.41275E-02    1.75291E-02    1.51812E-02    5.14955E-02
     1.18575E+00    3.77216E-01    2.41854E-01    4.35926E-01   -1.29202E-01    2.37743E-02    1.72293E-02    1.50390E-02    5.11340E-02
     1.19000E+00    3.73827E-01    2.38663E-01    4.36554E-01   -1.27684E-01    2.34269E-02    1.69338E-02    1.48995E-02    5.07752E-02
     1.19425E+00    3.70487E-01    2.35499E-01    4.37171E-01   -1.26176E-01    2.30852E-02    1.66426E-02    1.47629E-02    5.04191E-02
     1.19850E+00    3.67196E-01    2.32365E-01    4.37778E-01   -1.24678E-01    2.27491E-02    1.63557E-02    1.46289E-02    5.00657E-02
     1.20275E+00    3.63953E-01    2.29258E-01    4.38373E-01   -1.23190E-01    2.24186E-02    1.60729E-02    1.44976E-02    4.97150E-02
     1.20700E+00    3.60758E-01    2.26179E-01    4.38959E-01   -1.21711E-01    2.20936E-02    1.57942E-02    1.43689E-02    4.93671E-02
     1.21125E+00    3.57610E-01    2.23127E-01    4.39533E-01   -1.20242E-01    2.17740E-02    1.55196E-02    1.42428E-02    4.90219E-02
     1.21550E+00    3.54508E-01    2.20103E-01    4.40098E-01   -1.18782E-01    2.14597E-02    1.52491E-02    1.41192E-02    4.86794E-02
     1.21975E+00    3.51452E-01    2.17106E-01    4.40653E-01   -1.17332E-01    2.11507E-02    1.49824E-02    1.39981E-02    4.83397E-02
     1.22400E+00    3.48441E-01    2.14136E-01    4.41198E-01   -1.15891E-01    2.08469E-02    1.47197E-02    1.38794E-02    4.80028E-02
     1.22825E+00    3.45476E-01    2.11192E-01    4.41733E-01   -1.14460E-01    2.05482E-02    1.44608E-02    1.37631E-02    4.76687E-02
     1.23250E+00    3.42555E-01    2.08275E-01    4.42259E-01   -1.13038E-01    2.02546E-02    1.42058E-02    1.36491E-02    4.73373E-02
     1.23675E+00    3.39678E-01    2.05384E-01    4.42775E-01   -1.11625E-01    1.99660E-02    1.39544E-02    1.35374E-02    4.70087E-02
     1.24100E+00    3.36844E-01    2.02519E-01    4.43282E-01   -1.10221E-01    1.96822E-02    1.37068E-02    1.34280E-02    4.66829E-02
     1.24525E+00    3.34054E-01    1.99680E-01    4.43780E-01   -1.08826E-01    1.94033E-02    1.34628E-02    1.33208E-02    4.63598E-02
     1.24950E+00    3.31305E-01    1.96866E-01    4.44269E-01   -1.07441E-01    1.91292E-02    1.32224E-02    1.32157E-02    4.60396E-02
     1.25375E+00    3.28599E-01    1.94078E-01    4.44749E-01   -1.06064E-01    1.88598E-02    1.29855E-02    1.31128E-02    4.57222E-02
     1.25800E+00    3.25934E-01    1.91314E-01    4.45221E-01   -1.04696E-01    1.85951E-02    1.27521E-02    1.30120E-02    4.54076E-02
     1.26225E+00    3.23311E-01    1.88576E-01    4.45684E-01   -1.03337E-01    1.83349E-02    1.25222E-02    1.29132E-02    4.50958E-02
     1.26650E+00    3.20728E-01    1.85861E-01    4.46138E-01   -1.01987E-01    1.80793E-02    1.22956E-02    1.28165E-02    4.47868E-02
     1.27075E+00    3.18185E-01    1.83172E-01    4.46584E-01   -1.00646E-01    1.78281E-02    1.20724E-02    1.27217E-02    4.44806E-02
     1.27500E+00    3.15681E-01    1.80506E-01    4.47022E-01   -9.93134E-02    1.75814E-02    1.18525E-02    1.26288E-02    4.41773E-02
     1.27925E+00    3.13217E-01    1.77864E-01    4.47452E-01   -9.79894E-02    1.73389E-02    1.16358E-02    1.25379E-02    4.38767E-02
     1.28350E+00    3.10792E-01    1.75246E-01    4.47873E-01   -9.66739E-02    1.71008E-02    1.14223E-02    1.24488E-02    4.35790E-02
     1.28775E+00    3.08405E-01    1.72651E-01    4.48287E-01   -9.53669E-02    1.68668E-02    1.12120E-02    1.23616E-02    4.32842E-02
     1.29200E+00    3.06056E-01    1.70079E-01    4.48694E-01   -9.40684E-02    1.66371E-02    1.10047E-02    1.22762E-02    4.29921E-02
     1.29625E+00    3.03745E-01    1.67530E-01    4.49092E-01   -9.27782E-02    1.64114E-02    1.08005E-02    1.21925E-02    4.27029E-02
     1.30050E+00    3.01471E-01    1.65004E-01    4.49484E-01   -9.14963E-02    1.61898E-02    1.05994E-02    1.21106E-02    4.24165E-02
     1.30475E+00    2.99233E-01    1.62501E-01    4.49867E-01   -9.02227E-02    1.59722E-02    1.04012E-02    1.20304E-02    4.21330E-02
     1.30900E+00    2.97032E-01    1.60019E-01    4.50244E-01   -8.89573E-02    1.57585E-02    1.02059E-02    1.19518E-02    4.18522E-02
     1.31325E+00    2.94866E-01    1.57560E-01    4.50613E-01   -8.76999E-02    1.55487E-02    1.00134E-02    1.18749E-02    4.15744E-02
     1.31750E+00    2.92736E-01    1.55123E-01    4.50976E-01   -8.64507E-02    1.53427E-02    9.82386E-03    1.17997E-02    4.12993E-02
     1.32175E+00    2.90642E-01    1.52707E-01    4.51331E-01   -8.52094E-02    1.51405E-02    9.63706E-03    1.17260E-02    4.10271E-02
     1.32600E+00    2.88582E-01    1.50312E-01    4.51680E-01   -8.39761E-02    1.49420E-02    9.45301E-03    1.16538E-02    4.07577E-02
     1.33025E+00    2.86556E-01    1.47939E-01    4.52022E-01   -8.27507E-02    1.47472E-02    9.27165E-03    1.15832E-02    4.04912E-02
     1.33450E+00    2.84564E-01    1.45586E-01    4.52357E-01   -8.15330E-02    1.45560E-02    9.09296E-03    1.15141E-02    4.02275E-02
     1.33875E+00    2.82606E-01    1.43254E-01    4.52685E-01   -8.03231E-02    1.43684E-02    8.91689E-03    1.14464E-02    3.99666E-02
     1.34300E+00    2.80681E-01    1.40943E-01    4.53008E-01   -7.91210E-02    1.41843E-02    8.74339E-03    1.13802E-02    3.97086E-02
     1.34725E+00    2.78790E-01    1.38652E-01    4.53324E-01   -7.79264E-02    1.40037E-02    8.57243E-03    1.13155E-02    3.94534E-02
     1.35150E+00    2.76930E-01    1.36381E-01    4.53633E-01   -7.67394E-02    1.38266E-02    8.40396E-03    1.12521E-02    3.92010E-02
     1.35575E+00    2.75103E-01    1.34129E-01    4.53937E-01   -7.55600E-02    1.36528E-02    8.23795E-03    1.11901E-02    3.89515E-02
     1.36000E+00    2.73308E-01    1.31898E-01    4.54234E-01   -7.43879E-02    1.34823E-02    8.07435E-03    1.11294E-02    3.87049E-02
     1.36425E+00    2.71544E-01    1.29685E-01    4.54526E-01   -7.32233E-02    1.33152E-02    7.91313E-03    1.10700E-02    3.84610E-02
     1.36850E+00    2.69811E-01    1.27492E-01    4.54811E-01   -7.20660E-02    1.31513E-02    7.75425E-03    1.10120E-02    3.82200E-02
     1.37275E+00    2.68110E-01    1.25318E-01    4.55091E-01   -7.09160E-02    1.29906E-02    7.59767E-03    1.09552E-02    3.79819E-02
     1.37700E+00    2.66438E-01    1.23163E-01    4.55365E-01   -6.97732E-02    1.28330E-02    7.44335E-03    1.08997E-02    3.77466E-02
     1.38125E+00    2.64797E-01    1.21026E-01    4.55633E-01   -6.86375E-02    1.26786E-02    7.29126E-03    1.08454E-02    3.75141E-02
     1.38550E+00    2.63186E-01    1.18907E-01    4.55896E-01   -6.75089E-02    1.25273E-02    7.14135E-03    1.07923E-02    3.72845E-02
     1.38975E+00    2.61605E-01    1.16807E-01    4.56153E-01   -6.63874E-02    1.23789E-02    6.99360E-03    1.07404E-02    3.70577E-02
     1.39400E+00    2.60053E-01    1.14724E-01    4.56405E-01   -6.52728E-02    1.22336E-02    6.84796E-03    1.06897E-02    3.68337E-02
     1.39825E+00    2.58530E-01    1.12659E-01    4.56652E-01   -6.41652E-02    1.20913E-02    6.70440E-03    1.06401E-02    3.66126E-02
     1.40250E+00    2.57035E-01    1.10612E-01    4.56893E-01   -6.30644E-02    1.19518E-02    6.56289E-03    1.05916E-02    3.63943E-02
     1.40675E+00    2.55569E-01    1.08582E-01    4.57130E-01   -6.19705E-02    1.18152E-02    6.42338E-03    1.05443E-02    3.61789E-02
     1.41100E+00    2.54131E-01    1.06569E-01    4.57361E-01   -6.08832E-02    1.16815E-02    6.28585E-03    1.04980E-02    3.59663E-02
     1.41525E+00    2.52721E-01    1.04573E-01    4.57587E-01   -5.98027E-02    1.15506E-02    6.15026E-03    1.04528E-02    3.57566E-02
     1.41950E+00    2.51338E-01    1.02594E-01    4.57808E-01   -5.87288E-02    1.14224E-02    6.01657E-03    1.04087E-02    3.55497E-02
     1.42375E+00    2.49983E-01    1.00631E-01    4.58024E-01   -5.76615E-02    1.12970E-02    5.88476E-03    1.03656E-02    3.53456E-02
     1.42800E+00    2.48654E-01    9.86841E-02    4.58236E-01   -5.66007E-02    1.11742E-02    5.75479E-03    1.03235E-02    3.51444E-02
     1.43225E+00    2.47353E-01    9.67536E-02    4.58443E-01   -5.55463E-02    1.10541E-02    5.62663E-03    1.02824E-02    3.49460E-02
     1.43650E+00    2.46078E-01    9.48391E-02    4.58645E-01   -5.44984E-02    1.09367E-02    5.50024E-03    1.02422E-02    3.47505E-02
     1.44075E+00    2.44829E-01    9.29402E-02    4.58842E-01   -5.34568E-02    1.08218E-02    5.37560E-03    1.02031E-02    3.45579E-02
     1.44500E+00    2.43606E-01    9.10569E-02    4.59035E-01   -5.24215E-02    1.07095E-02    5.25267E-03    1.01649E-02    3.43681E-02
     1.44925E+00    2.42408E-01    8.91889E-02    4.59224E-01   -5.13925E-02    1.05997E-02    5.13142E-03    1.01276E-02    3.41811E-02
     1.45350E+00    2.41236E-01    8.73361E-02    4.59408E-01   -5.03697E-02    1.04924E-02    5.01182E-03    1.00913E-02    3.39971E-02
     1.45775E+00    2.40090E-01    8.54982E-02    4.59587E-01   -4.93530E-02    1.03876E-02    4.89384E-03    1.00558E-02    3.38158E-02
     1.46200E+00    2.38968E-01    8.36751E-02    4.59762E-01   -4.83424E-02    1.02852E-02    4.77744E-03    1.00212E-02    3.36375E-02
     1.46625E+00    2.37871E-01    8.18666E-02    4.59934E-01   -4.73378E-02    1.01852E-02    4.66261E-03    9.98755E-03    3.34620E-02
     1.47050E+00    2.36799E-01    8.00725E-02    4.60100E-01   -4.63392E-02    1.00876E-02    4.54931E-03    9.95471E-03    3.32894E-02
     1.47475E+00    2.35751E-01    7.82927E-02    4.60263E-01   -4.53466E-02    9.99232E-03    4.43751E-03    9.92273E-03    3.31196E-02
     1.47900E+00    2.34726E-01    7.65268E-02    4.60422E-01   -4.43598E-02    9.89935E-03    4.32718E-03    9.89157E-03    3.29528E-02
     1.48325E+00    2.33726E-01    7.47748E-02    4.60577E-01   -4.33788E-02    9.80867E-03    4.21830E-03    9.86124E-03    3.27888E-02
     1.48750E+00    2.32749E-01    7.30366E-02    4.60727E-01   -4.24036E-02    9.72025E-03    4.11083E-03    9.83171E-03    3.26277E-02
     1.49175E+00    2.31796E-01    7.13118E-02    4.60874E-01   -4.14342E-02    9.63406E-03    4.00475E-03    9.80297E-03    3.24695E-02
     1.49600E+00    2.30866E-01    6.96003E-02    4.61017E-01   -4.04704E-02    9.55007E-03    3.90003E-03    9.77502E-03    3.23142E-02
     1.50025E+00    2.29959E-01    6.79021E-02    4.61156E-01   -3.95123E-02    9.46825E-03    3.79664E-03    9.74783E-03    3.21618E-02
     1.50450E+00    2.29074E-01    6.62168E-02    4.61291E-01   -3.85597E-02    9.38860E-03    3.69456E-03    9.72140E-03    3.20123E-02
     1.50875E+00    2.28212E-01    6.45443E-02    4.61423E-01   -3.76126E-02    9.31106E-03    3.59376E-03    9.69572E-03    3.18658E-02
     1.51300E+00    2.27373E-01    6.28844E-02    4.61551E-01   -3.66711E-02    9.23564E-03    3.49422E-03    9.67077E-03    3.17221E-02
     1.51725E+00    2.26556E-01    6.12371E-02    4.61675E-01   -3.57349E-02    9.16229E-03    3.39590E-03    9.64655E-03    3.15814E-02
     1.52150E+00    2.25760E-01    5.96020E-02    4.61796E-01   -3.48042E-02    9.09099E-03    3.29878E-03    9.62304E-03    3.14436E-02
     1.52575E+00    2.24987E-01    5.79791E-02    4.61913E-01   -3.38787E-02    9.02173E-03    3.20284E-03    9.60024E-03    3.13088E-02
     1.53000E+00    2.24235E-01    5.63682E-02    4.62027E-01   -3.29586E-02    8.95447E-03    3.10805E-03    9.57812E-03    3.11769E-02
     1.53425E+00    2.23504E-01    5.47691E-02    4.62137E-01   -3.20437E-02    8.88921E-03    3.01438E-03    9.55669E-03    3.10480E-02
     1.53850E+00    2.22795E-01    5.31816E-02    4.62244E-01   -3.11340E-02    8.82591E-03    2.92182E-03    9.53594E-03    3.09220E-02
     1.54275E+00    2.22106E-01    5.16056E-02    4.62348E-01   -3.02295E-02    8.76455E-03    2.83033E-03    9.51584E-03    3.07990E-02
     1.54700E+00    2.21439E-01    5.00410E-02    4.62448E-01   -2.93301E-02    8.70511E-03    2.73990E-03    9.49641E-03    3.06790E-02
     1.55125E+00    2.20792E-01    4.84875E-02    4.62545E-01   -2.84357E-02    8.64758E-03    2.65049E-03    9.47762E-03    3.05620E-02
     1.55550E+00    2.20166E-01    4.69450E-02    4.62638E-01   -2.75463E-02    8.59193E-03    2.56209E-03    9.45946E-03    3.04481E-02
     1.55975E+00    2.19561E-01    4.54134E-02    4.62729E-01   -2.66619E-02    8.53815E-03    2.47468E-03    9.44194E-03    3.03371E-02
     1.56400E+00    2.18975E-01    4.38925E-02    4.62816E-01   -2.57825E-02    8.48620E-03    2.38822E-03    9.42503E-03    3.02291E-02
     1.56825E+00    2.18410E-01    4.23822E-02    4.62900E-01   -2.49079E-02    8.43608E-03    2.30269E-03    9.40874E-03    3.01242E-02
     1.57250E+00    2.17864E-01    4.08823E-02    4.62981E-01   -2.40381E-02    8.38777E-03    2.21808E-03    9.39305E-03    3.00224E-02
     1.57675E+00    2.17338E-01    3.93926E-02    4.63059E-01   -2.31732E-02    8.34125E-03    2.13437E-03    9.37796E-03    2.99236E-02
     1.58100E+00    2.16832E-01    3.79130E-02    4.63134E-01   -2.23130E-02    8.29650E-03    2.05151E-03    9.36346E-03    2.98279E-02
     1.58525E+00    2.16345E-01    3.64433E-02    4.63206E-01   -2.14576E-02    8.25350E-03    1.96951E-03    9.34955E-03    2.97353E-02
     1.58950E+00    2.15878E-01    3.49835E-02    4.63275E-01   -2.06068E-02    8.21225E-03    1.88833E-03    9.33620E-03    2.96458E-02
     1.59375E+00    2.15430E-01    3.35333E-02    4.63341E-01   -1.97606E-02    8.17271E-03    1.80795E-03    9.32343E-03    2.95594E-02
     1.59800E+00    2.15000E-01    3.20926E-02    4.63404E-01   -1.89190E-02    8.13488E-03    1.72836E-03    9.31122E-03    2.94761E-02
     1.60225E+00    2.14590E-01    3.06613E-02    4.63465E-01   -1.80820E-02    8.09873E-03    1.64952E-03    9.29956E-03    2.93960E-02
     1.60650E+00    2.14198E-01    2.92392E-02    4.63522E-01   -1.72495E-02    8.06427E-03    1.57143E-03    9.28846E-03    2.93191E-02
     1.61075E+00    2.13825E-01    2.78262E-02    4.63577E-01   -1.64214E-02    8.03146E-03    1.49405E-03    9.27790E-03    2.92454E-02
     1.61500E+00    2.13471E-01    2.64221E-02    4.63629E-01   -1.55978E-02    8.00030E-03    1.41737E-03    9.26787E-03    2.91748E-02
     1.61925E+00    2.13135E-01    2.50269E-02    4.63678E-01   -1.47786E-02    7.97077E-03    1.34137E-03    9.25838E-03    2.91075E-02
     1.62350E+00    2.12817E-01    2.36403E-02    4.63724E-01   -1.39638E-02    7.94286E-03    1.26602E-03    9.24942E-03    2.90434E-02
     1.62775E+00    2.12517E-01    2.22622E-02    4.63768E-01   -1.31532E-02    7.91655E-03    1.19132E-03    9.24097E-03    2.89826E-02
     1.63200E+00    2.12235E-01    2.08926E-02    4.63809E-01   -1.23470E-02    7.89184E-03    1.11722E-03    9.23304E-03    2.89251E-02
     1.63625E+00    2.11971E-01    1.95312E-02    4.63847E-01   -1.15450E-02    7.86870E-03    1.04373E-03    9.22563E-03    2.88708E-02
     1.64050E+00    2.11725E-01    1.81779E-02    4.63883E-01   -1.07472E-02    7.84714E-03    9.70815E-04    9.21872E-03    2.88199E-02
     1.64475E+00    2.11497E-01    1.68326E-02    4.63916E-01   -9.95353E-03    7.82713E-03    8.98457E-04    9.21231E-03    2.87723E-02
     1.64900E+00    2.11286E-01    1.54952E-02    4.63947E-01   -9.16403E-03    7.80866E-03    8.26638E-04    9.20640E-03    2.87281E-02
     1.65325E+00    2.11092E-01    1.41655E-02    4.63975E-01   -8.37863E-03    7.79172E-03    7.55339E-04    9.20098E-03    2.86873E-02
     1.65750E+00    2.10916E-01    1.28434E-02    4.64000E-01   -7.59729E-03    7.77631E-03    6.84540E-04    9.19606E-03    2.86498E-02
     1.66175E+00    2.10757E-01    1.15288E-02    4.64023E-01   -6.81998E-03    7.76241E-03    6.14224E-04    9.19161E-03    2.86159E-02
     1.66600E+00    2.10615E-01    1.02215E-02    4.64043E-01   -6.04667E-03    7.75001E-03    5.44370E-04    9.18765E-03    2.85853E-02
     1.67025E+00    2.10490E-01    8.92145E-03    4.64061E-01   -5.27732E-03    7.73910E-03    4.74961E-04    9.18417E-03    2.85583E-02
     1.67450E+00    2.10383E-01    7.62849E-03    4.64077E-01   -4.51189E-03    7.72968E-03    4.05977E-04    9.18116E-03    2.85348E-02
     1.67875E+00    2.10291E-01    6.34251E-03    4.64090E-01   -3.75037E-03    7.72172E-03    3.37401E-04    9.17862E-03    2.85148E-02
     1.68300E+00    2.10217E-01    5.06338E-03    4.64101E-01   -2.99270E-03    7.71524E-03    2.69215E-04    9.17655E-03    2.84984E-02
     1.68725E+00    2.10159E-01    3.79098E-03    4.64109E-01   -2.23886E-03    7.71020E-03    2.01399E-04    9.17495E-03    2.84855E-02
     1.69150E+00    2.10118E-01    2.52518E-03    4.64115E-01   -1.48882E-03    7.70662E-03    1.33937E-04    9.17380E-03    2.84763E-02
     1.69575E+00    2.10094E-01    1.26587E-03    4.64118E-01   -7.42542E-04    7.70447E-03    6.68098E-05    9.17312E-03    2.84708E-02
     1.70000E+00    2.10085E-01    1.29290E-05    4.64119E-01   -7.11870-256    7.70376E-03    1.55349E-25    9.17289E-03    2.84689E-02
