     1.00000E-05    3.30763E+00   -9.87406E-06   -4.11514E-01   -1.24514E-05    3.80282E-01    3.90583E-06    2.59304E-01    4.79145E-11
     2.88497E-03    3.30757E+00    7.85353E-03   -4.11493E-01   -3.59213E-03    3.80274E-01    1.12679E-03    2.59298E-01    3.98785E-06
     5.75995E-03    3.30739E+00    1.56787E-02   -4.11429E-01   -7.17135E-03    3.80252E-01    2.24947E-03    2.59277E-01    1.58950E-05
     8.63492E-03    3.30710E+00    2.35018E-02   -4.11324E-01   -1.07497E-02    3.80215E-01    3.37174E-03    2.59243E-01    3.57178E-05
     1.15099E-02    3.30669E+00    3.13216E-02   -4.11176E-01   -1.43266E-02    3.80164E-01    4.49341E-03    2.59194E-01    6.34505E-05
     1.43849E-02    3.30616E+00    3.91370E-02   -4.10986E-01   -1.79018E-02    3.80097E-01    5.61428E-03    2.59133E-01    9.90847E-05
     1.72599E-02    3.30552E+00    4.69470E-02   -4.10754E-01   -2.14747E-02    3.80016E-01    6.73414E-03    2.59057E-01    1.42610E-04
     2.01348E-02    3.30476E+00    5.47505E-02   -4.10480E-01   -2.50449E-02    3.79921E-01    7.85279E-03    2.58968E-01    1.94013E-04
     2.30098E-02    3.30389E+00    6.25464E-02   -4.10164E-01   -2.86120E-02    3.79810E-01    8.97003E-03    2.58865E-01    2.53278E-04
     2.58848E-02    3.30290E+00    7.03336E-02   -4.09806E-01   -3.21754E-02    3.79685E-01    1.00857E-02    2.58749E-01    3.20389E-04
     2.87597E-02    3.30179E+00    7.81110E-02   -4.09407E-01   -3.57348E-02    3.79546E-01    1.11995E-02    2.58619E-01    3.95324E-04
     3.16347E-02    3.30056E+00    8.58777E-02   -4.08965E-01   -3.92897E-02    3.79392E-01    1.23113E-02    2.58475E-01    4.78062E-04
     3.45097E-02    3.29923E+00    9.36324E-02   -4.08481E-01   -4.28396E-02    3.79223E-01    1.34209E-02    2.58318E-01    5.68578E-04
     3.73847E-02    3.29777E+00    1.01374E-01   -4.07956E-01   -4.63842E-02    3.79039E-01    1.45281E-02    2.58147E-01    6.66845E-04
     4.02596E-02    3.29620E+00    1.09102E-01   -4.07390E-01   -4.99230E-02    3.78841E-01    1.56328E-02    2.57963E-01    7.72833E-04
     4.31346E-02    3.29451E+00    1.16815E-01   -4.06781E-01   -5.34554E-02    3.78629E-01    1.67346E-02    2.57766E-01    8.86511E-04
     4.60096E-02    3.29271E+00    1.24511E-01   -4.06132E-01   -5.69812E-02    3.78402E-01    1.78334E-02    2.57555E-01    1.00785E-03
     4.88846E-02    3.29080E+00    1.32190E-01   -4.05441E-01   -6.04998E-02    3.78161E-01    1.89291E-02    2.57330E-01    1.13680E-03
     5.17595E-02    3.28877E+00    1.39851E-01   -4.04708E-01   -6.40108E-02    3.77905E-01    2.00214E-02    2.57093E-01    1.27334E-03
     5.46345E-02    3.28663E+00    1.47493E-01   -4.03935E-01   -6.75138E-02    3.77635E-01    2.11101E-02    2.56842E-01    1.41742E-03
     5.75095E-02    3.28437E+00    1.55114E-01   -4.03121E-01   -7.10083E-02    3.77350E-01    2.21951E-02    2.56578E-01    1.56899E-03
     6.03845E-02    3.28200E+00    1.62714E-01   -4.02265E-01   -7.44940E-02    3.77052E-01    2.32761E-02    2.56300E-01    1.72803E-03
     6.32594E-02    3.27951E+00    1.70292E-01   -4.01369E-01   -7.79703E-02    3.76739E-01    2.43530E-02    2.56010E-01    1.89447E-03
     6.61344E-02    3.27691E+00    1.77846E-01   -4.00433E-01   -8.14369E-02    3.76411E-01    2.54256E-02    2.55706E-01    2.06826E-03
     6.90094E-02    3.27420E+00    1.85375E-01   -3.99456E-01   -8.48933E-02    3.76070E-01    2.64936E-02    2.55390E-01    2.24936E-03
     7.18844E-02    3.27138E+00    1.92879E-01   -3.98438E-01   -8.83391E-02    3.75715E-01    2.75570E-02    2.55060E-01    2.43772E-03
     7.47593E-02    3.26845E+00    2.00357E-01   -3.97381E-01   -9.17739E-02    3.75345E-01    2.86155E-02    2.54718E-01    2.63328E-03
     7.76343E-02    3.26540E+00    2.07807E-01   -3.96283E-01   -9.51972E-02    3.74962E-01    2.96690E-02    2.54363E-01    2.83597E-03
     8.05093E-02    3.26225E+00    2.15229E-01   -3.95146E-01   -9.86087E-02    3.74564E-01    3.07172E-02    2.53995E-01    3.04574E-03
     8.33843E-02    3.25898E+00    2.22621E-01   -3.93969E-01   -1.02008E-01    3.74153E-01    3.17601E-02    2.53615E-01    3.26254E-03
     8.62592E-02    3.25560E+00    2.29982E-01   -3.92752E-01   -1.05395E-01    3.73728E-01    3.27973E-02    2.53222E-01    3.48629E-03
     8.91342E-02    3.25212E+00    2.37312E-01   -3.91497E-01   -1.08768E-01    3.73289E-01    3.38288E-02    2.52817E-01    3.71693E-03
     9.20092E-02    3.24852E+00    2.44610E-01   -3.90202E-01   -1.12128E-01    3.72836E-01    3.48544E-02    2.52399E-01    3.95439E-03
     9.48842E-02    3.24482E+00    2.51874E-01   -3.88868E-01   -1.15474E-01    3.72370E-01    3.58739E-02    2.51969E-01    4.19861E-03
     9.77591E-02    3.24101E+00    2.59104E-01   -3.87496E-01   -1.18806E-01    3.71890E-01    3.68871E-02    2.51527E-01    4.44951E-03
     1.00634E-01    3.23709E+00    2.66298E-01   -3.86085E-01   -1.22123E-01    3.71397E-01    3.78938E-02    2.51072E-01    4.70702E-03
     1.03509E-01    3.23306E+00    2.73457E-01   -3.84636E-01   -1.25425E-01    3.70891E-01    3.88940E-02    2.50606E-01    4.97106E-03
     1.06384E-01    3.22893E+00    2.80578E-01   -3.83148E-01   -1.28712E-01    3.70371E-01    3.98874E-02    2.50127E-01    5.24157E-03
     1.09259E-01    3.22469E+00    2.87661E-01   -3.81623E-01   -1.31982E-01    3.69837E-01    4.08739E-02    2.49637E-01    5.51845E-03
     1.12134E-01    3.22034E+00    2.94705E-01   -3.80061E-01   -1.35237E-01    3.69291E-01    4.18534E-02    2.49135E-01    5.80164E-03
     1.15009E-01    3.21589E+00    3.01709E-01   -3.78461E-01   -1.38475E-01    3.68731E-01    4.28256E-02    2.48621E-01    6.09104E-03
     1.17884E-01    3.21134E+00    3.08672E-01   -3.76823E-01   -1.41695E-01    3.68159E-01    4.37904E-02    2.48096E-01    6.38658E-03
     1.20759E-01    3.20668E+00    3.15594E-01   -3.75149E-01   -1.44899E-01    3.67573E-01    4.47477E-02    2.47559E-01    6.68817E-03
     1.23634E-01    3.20192E+00    3.22473E-01   -3.73439E-01   -1.48085E-01    3.66975E-01    4.56973E-02    2.47011E-01    6.99573E-03
     1.26509E-01    3.19706E+00    3.29308E-01   -3.71691E-01   -1.51252E-01    3.66364E-01    4.66391E-02    2.46452E-01    7.30916E-03
     1.29384E-01    3.19210E+00    3.36099E-01   -3.69908E-01   -1.54401E-01    3.65740E-01    4.75729E-02    2.45881E-01    7.62839E-03
     1.32259E-01    3.18703E+00    3.42846E-01   -3.68089E-01   -1.57532E-01    3.65103E-01    4.84986E-02    2.45300E-01    7.95331E-03
     1.35134E-01    3.18187E+00    3.49546E-01   -3.66235E-01   -1.60643E-01    3.64454E-01    4.94161E-02    2.44708E-01    8.28383E-03
     1.38009E-01    3.17660E+00    3.56199E-01   -3.64345E-01   -1.63735E-01    3.63793E-01    5.03251E-02    2.44104E-01    8.61987E-03
     1.40884E-01    3.17124E+00    3.62805E-01   -3.62420E-01   -1.66807E-01    3.63119E-01    5.12257E-02    2.43491E-01    8.96132E-03
     1.43759E-01    3.16578E+00    3.69362E-01   -3.60460E-01   -1.69858E-01    3.62433E-01    5.21176E-02    2.42866E-01    9.30809E-03
     1.46634E-01    3.16022E+00    3.75870E-01   -3.58466E-01   -1.72889E-01    3.61735E-01    5.30007E-02    2.42231E-01    9.66009E-03
     1.49509E-01    3.15457E+00    3.82328E-01   -3.56437E-01   -1.75899E-01    3.61025E-01    5.38749E-02    2.41586E-01    1.00172E-02
     1.52384E-01    3.14882E+00    3.88735E-01   -3.54375E-01   -1.78888E-01    3.60303E-01    5.47401E-02    2.40931E-01    1.03794E-02
     1.55259E-01    3.14297E+00    3.95090E-01   -3.52279E-01   -1.81856E-01    3.59569E-01    5.55961E-02    2.40266E-01    1.07464E-02
     1.58134E-01    3.13703E+00    4.01394E-01   -3.50150E-01   -1.84802E-01    3.58824E-01    5.64429E-02    2.39591E-01    1.11183E-02
     1.61009E-01    3.13100E+00    4.07644E-01   -3.47988E-01   -1.87725E-01    3.58067E-01    5.72803E-02    2.38905E-01    1.14949E-02
     1.63884E-01    3.12487E+00    4.13840E-01   -3.45793E-01   -1.90626E-01    3.57298E-01    5.81082E-02    2.38211E-01    1.18762E-02
     1.66759E-01    3.11865E+00    4.19982E-01   -3.43566E-01   -1.93504E-01    3.56518E-01    5.89266E-02    2.37506E-01    1.22619E-02
     1.69634E-01    3.11234E+00    4.26069E-01   -3.41307E-01   -1.96359E-01    3.55726E-01    5.97352E-02    2.36793E-01    1.26520E-02
     1.72508E-01    3.10594E+00    4.32100E-01   -3.39016E-01   -1.99191E-01    3.54924E-01    6.05340E-02    2.36070E-01    1.30465E-02
     1.75383E-01    3.09945E+00    4.38074E-01   -3.36694E-01   -2.01999E-01    3.54110E-01    6.13229E-02    2.35338E-01    1.34451E-02
     1.78258E-01    3.09287E+00    4.43992E-01   -3.34341E-01   -2.04783E-01    3.53286E-01    6.21018E-02    2.34597E-01    1.38478E-02
     1.81133E-01    3.08621E+00    4.49851E-01   -3.31957E-01   -2.07543E-01    3.52450E-01    6.28706E-02    2.33847E-01    1.42545E-02
     1.84008E-01    3.07946E+00    4.55652E-01   -3.29543E-01   -2.10279E-01    3.51604E-01    6.36292E-02    2.33088E-01    1.46651E-02
     1.86883E-01    3.07262E+00    4.61393E-01   -3.27099E-01   -2.12989E-01    3.50748E-01    6.43775E-02    2.32321E-01    1.50794E-02
     1.89758E-01    3.06570E+00    4.67075E-01   -3.24625E-01   -2.15675E-01    3.49881E-01    6.51155E-02    2.31545E-01    1.54973E-02
     1.92633E-01    3.05869E+00    4.72697E-01   -3.22122E-01   -2.18335E-01    3.49003E-01    6.58430E-02    2.30761E-01    1.59188E-02
     1.95508E-01    3.05160E+00    4.78258E-01   -3.19590E-01   -2.20970E-01    3.48115E-01    6.65600E-02    2.29969E-01    1.63437E-02
     1.98383E-01    3.04443E+00    4.83757E-01   -3.17029E-01   -2.23579E-01    3.47217E-01    6.72664E-02    2.29169E-01    1.67719E-02
     2.01258E-01    3.03718E+00    4.89194E-01   -3.14440E-01   -2.26161E-01    3.46309E-01    6.79621E-02    2.28361E-01    1.72033E-02
     2.04133E-01    3.02984E+00    4.94568E-01   -3.11823E-01   -2.28718E-01    3.45392E-01    6.86471E-02    2.27545E-01    1.76377E-02
     2.07008E-01    3.02243E+00    4.99879E-01   -3.09179E-01   -2.31248E-01    3.44464E-01    6.93213E-02    2.26722E-01    1.80752E-02
     2.09883E-01    3.01494E+00    5.05127E-01   -3.06507E-01   -2.33751E-01    3.43527E-01    6.99846E-02    2.25891E-01    1.85155E-02
     2.12758E-01    3.00737E+00    5.10311E-01   -3.03809E-01   -2.36227E-01    3.42580E-01    7.06369E-02    2.25053E-01    1.89585E-02
     2.15633E-01    2.99973E+00    5.15429E-01   -3.01084E-01   -2.38675E-01    3.41624E-01    7.12783E-02    2.24208E-01    1.94041E-02
     2.18508E-01    2.99201E+00    5.20483E-01   -2.98333E-01   -2.41097E-01    3.40659E-01    7.19086E-02    2.23356E-01    1.98523E-02
     2.21383E-01    2.98421E+00    5.25471E-01   -2.95557E-01   -2.43490E-01    3.39685E-01    7.25278E-02    2.22497E-01    2.03028E-02
     2.24258E-01    2.97634E+00    5.30393E-01   -2.92755E-01   -2.45856E-01    3.38701E-01    7.31358E-02    2.21631E-01    2.07556E-02
     2.27133E-01    2.96840E+00    5.35248E-01   -2.89928E-01   -2.48194E-01    3.37709E-01    7.37327E-02    2.20759E-01    2.12106E-02
     2.30008E-01    2.96039E+00    5.40037E-01   -2.87077E-01   -2.50503E-01    3.36708E-01    7.43183E-02    2.19880E-01    2.16676E-02
     2.32883E-01    2.95231E+00    5.44758E-01   -2.84202E-01   -2.52784E-01    3.35699E-01    7.48926E-02    2.18995E-01    2.21266E-02
     2.35758E-01    2.94416E+00    5.49411E-01   -2.81303E-01   -2.55036E-01    3.34681E-01    7.54556E-02    2.18105E-01    2.25873E-02
     2.38633E-01    2.93594E+00    5.53997E-01   -2.78380E-01   -2.57260E-01    3.33654E-01    7.60073E-02    2.17208E-01    2.30498E-02
     2.41508E-01    2.92765E+00    5.58513E-01   -2.75435E-01   -2.59454E-01    3.32620E-01    7.65476E-02    2.16305E-01    2.35138E-02
     2.44383E-01    2.91930E+00    5.62961E-01   -2.72467E-01   -2.61619E-01    3.31578E-01    7.70764E-02    2.15397E-01    2.39794E-02
     2.47258E-01    2.91088E+00    5.67340E-01   -2.69477E-01   -2.63755E-01    3.30527E-01    7.75938E-02    2.14483E-01    2.44462E-02
     2.50133E-01    2.90239E+00    5.71650E-01   -2.66465E-01   -2.65861E-01    3.29469E-01    7.80998E-02    2.13564E-01    2.49144E-02
     2.53008E-01    2.89385E+00    5.75889E-01   -2.63432E-01   -2.67937E-01    3.28403E-01    7.85943E-02    2.12640E-01    2.53836E-02
     2.55883E-01    2.88524E+00    5.80059E-01   -2.60378E-01   -2.69984E-01    3.27330E-01    7.90773E-02    2.11711E-01    2.58539E-02
     2.58758E-01    2.87657E+00    5.84158E-01   -2.57303E-01   -2.72001E-01    3.26249E-01    7.95487E-02    2.10777E-01    2.63250E-02
     2.61633E-01    2.86784E+00    5.88186E-01   -2.54208E-01   -2.73987E-01    3.25162E-01    8.00087E-02    2.09838E-01    2.67970E-02
     2.64508E-01    2.85906E+00    5.92143E-01   -2.51094E-01   -2.75944E-01    3.24067E-01    8.04571E-02    2.08895E-01    2.72696E-02
     2.67383E-01    2.85021E+00    5.96030E-01   -2.47960E-01   -2.77870E-01    3.22965E-01    8.08940E-02    2.07947E-01    2.77428E-02
     2.70258E-01    2.84131E+00    5.99845E-01   -2.44807E-01   -2.79765E-01    3.21856E-01    8.13194E-02    2.06995E-01    2.82165E-02
     2.73133E-01    2.83235E+00    6.03588E-01   -2.41635E-01   -2.81630E-01    3.20741E-01    8.17332E-02    2.06039E-01    2.86905E-02
     2.76008E-01    2.82334E+00    6.07260E-01   -2.38446E-01   -2.83464E-01    3.19619E-01    8.21355E-02    2.05079E-01    2.91647E-02
     2.78883E-01    2.81428E+00    6.10859E-01   -2.35238E-01   -2.85267E-01    3.18491E-01    8.25263E-02    2.04115E-01    2.96390E-02
     2.81758E-01    2.80516E+00    6.14387E-01   -2.32014E-01   -2.87039E-01    3.17356E-01    8.29056E-02    2.03147E-01    3.01134E-02
     2.84633E-01    2.79600E+00    6.17842E-01   -2.28772E-01   -2.88780E-01    3.16216E-01    8.32734E-02    2.02176E-01    3.05877E-02
     2.87507E-01    2.78678E+00    6.21225E-01   -2.25514E-01   -2.90490E-01    3.15069E-01    8.36296E-02    2.01202E-01    3.10617E-02
     2.90382E-01    2.77751E+00    6.24535E-01   -2.22240E-01   -2.92169E-01    3.13917E-01    8.39745E-02    2.00224E-01    3.15355E-02
     2.93257E-01    2.76820E+00    6.27773E-01   -2.18950E-01   -2.93816E-01    3.12759E-01    8.43078E-02    1.99244E-01    3.20088E-02
     2.96132E-01    2.75884E+00    6.30938E-01   -2.15645E-01   -2.95432E-01    3.11596E-01    8.46297E-02    1.98260E-01    3.24817E-02
     2.99007E-01    2.74943E+00    6.34030E-01   -2.12325E-01   -2.97016E-01    3.10427E-01    8.49403E-02    1.97274E-01    3.29539E-02
     3.01882E-01    2.73998E+00    6.37049E-01   -2.08991E-01   -2.98569E-01    3.09253E-01    8.52394E-02    1.96285E-01    3.34253E-02
     3.04757E-01    2.73049E+00    6.39996E-01   -2.05643E-01   -3.00090E-01    3.08073E-01    8.55273E-02    1.95294E-01    3.38960E-02
     3.07632E-01    2.72096E+00    6.42869E-01   -2.02281E-01   -3.01580E-01    3.06889E-01    8.58038E-02    1.94300E-01    3.43657E-02
     3.10507E-01    2.71138E+00    6.45669E-01   -1.98906E-01   -3.03038E-01    3.05700E-01    8.60690E-02    1.93304E-01    3.48344E-02
     3.13382E-01    2.70176E+00    6.48397E-01   -1.95519E-01   -3.04464E-01    3.04507E-01    8.63230E-02    1.92306E-01    3.53019E-02
     3.16257E-01    2.69211E+00    6.51051E-01   -1.92119E-01   -3.05858E-01    3.03309E-01    8.65658E-02    1.91306E-01    3.57683E-02
     3.19132E-01    2.68242E+00    6.53632E-01   -1.88707E-01   -3.07220E-01    3.02106E-01    8.67974E-02    1.90305E-01    3.62333E-02
     3.22007E-01    2.67269E+00    6.56141E-01   -1.85284E-01   -3.08551E-01    3.00899E-01    8.70179E-02    1.89302E-01    3.66969E-02
     3.24882E-01    2.66293E+00    6.58576E-01   -1.81849E-01   -3.09850E-01    2.99688E-01    8.72274E-02    1.88297E-01    3.71589E-02
     3.27757E-01    2.65313E+00    6.60939E-01   -1.78404E-01   -3.11116E-01    2.98473E-01    8.74258E-02    1.87291E-01    3.76194E-02
     3.30632E-01    2.64330E+00    6.63228E-01   -1.74949E-01   -3.12351E-01    2.97255E-01    8.76133E-02    1.86284E-01    3.80781E-02
     3.33507E-01    2.63344E+00    6.65445E-01   -1.71484E-01   -3.13554E-01    2.96032E-01    8.77898E-02    1.85276E-01    3.85351E-02
     3.36382E-01    2.62354E+00    6.67590E-01   -1.68009E-01   -3.14724E-01    2.94806E-01    8.79555E-02    1.84267E-01    3.89901E-02
     3.39257E-01    2.61362E+00    6.69661E-01   -1.64526E-01   -3.15863E-01    2.93577E-01    8.81104E-02    1.83257E-01    3.94432E-02
     3.42132E-01    2.60367E+00    6.71661E-01   -1.61033E-01   -3.16970E-01    2.92345E-01    8.82546E-02    1.82246E-01    3.98943E-02
     3.45007E-01    2.59369E+00    6.73588E-01   -1.57533E-01   -3.18045E-01    2.91109E-01    8.83881E-02    1.81235E-01    4.03432E-02
     3.47882E-01    2.58368E+00    6.75443E-01   -1.54025E-01   -3.19088E-01    2.89870E-01    8.85110E-02    1.80224E-01    4.07898E-02
     3.50757E-01    2.57365E+00    6.77226E-01   -1.50510E-01   -3.20099E-01    2.88629E-01    8.86233E-02    1.79212E-01    4.12341E-02
     3.53632E-01    2.56360E+00    6.78937E-01   -1.46987E-01   -3.21078E-01    2.87384E-01    8.87252E-02    1.78201E-01    4.16761E-02
     3.56507E-01    2.55352E+00    6.80577E-01   -1.43458E-01   -3.22025E-01    2.86138E-01    8.88166E-02    1.77189E-01    4.21155E-02
     3.59382E-01    2.54342E+00    6.82145E-01   -1.39923E-01   -3.22940E-01    2.84888E-01    8.88977E-02    1.76177E-01    4.25524E-02
     3.62257E-01    2.53331E+00    6.83642E-01   -1.36383E-01   -3.23823E-01    2.83637E-01    8.89686E-02    1.75166E-01    4.29866E-02
     3.65132E-01    2.52317E+00    6.85068E-01   -1.32836E-01   -3.24675E-01    2.82383E-01    8.90292E-02    1.74155E-01    4.34182E-02
     3.68007E-01    2.51301E+00    6.86424E-01   -1.29286E-01   -3.25495E-01    2.81127E-01    8.90798E-02    1.73145E-01    4.38469E-02
     3.70882E-01    2.50283E+00    6.87708E-01   -1.25730E-01   -3.26283E-01    2.79870E-01    8.91203E-02    1.72135E-01    4.42727E-02
     3.73757E-01    2.49264E+00    6.88923E-01   -1.22171E-01   -3.27040E-01    2.78610E-01    8.91508E-02    1.71126E-01    4.46957E-02
     3.76632E-01    2.48244E+00    6.90068E-01   -1.18607E-01   -3.27765E-01    2.77349E-01    8.91715E-02    1.70118E-01    4.51156E-02
     3.79507E-01    2.47222E+00    6.91142E-01   -1.15041E-01   -3.28459E-01    2.76087E-01    8.91824E-02    1.69110E-01    4.55324E-02
     3.82382E-01    2.46198E+00    6.92148E-01   -1.11471E-01   -3.29121E-01    2.74823E-01    8.91836E-02    1.68104E-01    4.59461E-02
     3.85257E-01    2.45174E+00    6.93084E-01   -1.07900E-01   -3.29752E-01    2.73558E-01    8.91751E-02    1.67100E-01    4.63565E-02
     3.88132E-01    2.44148E+00    6.93952E-01   -1.04326E-01   -3.30351E-01    2.72292E-01    8.91572E-02    1.66096E-01    4.67637E-02
     3.91007E-01    2.43121E+00    6.94751E-01   -1.00750E-01   -3.30920E-01    2.71025E-01    8.91297E-02    1.65094E-01    4.71675E-02
     3.93882E-01    2.42094E+00    6.95482E-01   -9.71728E-02   -3.31457E-01    2.69757E-01    8.90930E-02    1.64094E-01    4.75679E-02
     3.96757E-01    2.41066E+00    6.96145E-01   -9.35948E-02   -3.31963E-01    2.68488E-01    8.90469E-02    1.63095E-01    4.79648E-02
     3.99632E-01    2.40037E+00    6.96740E-01   -9.00163E-02   -3.32439E-01    2.67219E-01    8.89917E-02    1.62098E-01    4.83582E-02
     4.02506E-01    2.39007E+00    6.97269E-01   -8.64376E-02   -3.32883E-01    2.65949E-01    8.89275E-02    1.61103E-01    4.87480E-02
     4.05381E-01    2.37977E+00    6.97731E-01   -8.28591E-02   -3.33297E-01    2.64679E-01    8.88542E-02    1.60110E-01    4.91342E-02
     4.08256E-01    2.36947E+00    6.98126E-01   -7.92813E-02   -3.33681E-01    2.63409E-01    8.87721E-02    1.59119E-01    4.95166E-02
     4.11131E-01    2.35916E+00    6.98456E-01   -7.57044E-02   -3.34033E-01    2.62139E-01    8.86811E-02    1.58130E-01    4.98953E-02
     4.14006E-01    2.34886E+00    6.98720E-01   -7.21289E-02   -3.34356E-01    2.60868E-01    8.85815E-02    1.57144E-01    5.02702E-02
     4.16881E-01    2.33855E+00    6.98918E-01   -6.85551E-02   -3.34648E-01    2.59598E-01    8.84733E-02    1.56159E-01    5.06413E-02
     4.19756E-01    2.32824E+00    6.99053E-01   -6.49834E-02   -3.34911E-01    2.58328E-01    8.83566E-02    1.55178E-01    5.10084E-02
     4.22631E-01    2.31794E+00    6.99122E-01   -6.14142E-02   -3.35143E-01    2.57059E-01    8.82315E-02    1.54199E-01    5.13716E-02
     4.25506E-01    2.30763E+00    6.99128E-01   -5.78479E-02   -3.35345E-01    2.55790E-01    8.80981E-02    1.53223E-01    5.17308E-02
     4.28381E-01    2.29734E+00    6.99071E-01   -5.42847E-02   -3.35518E-01    2.54522E-01    8.79566E-02    1.52249E-01    5.20859E-02
     4.31256E-01    2.28704E+00    6.98951E-01   -5.07251E-02   -3.35661E-01    2.53254E-01    8.78069E-02    1.51278E-01    5.24369E-02
     4.34131E-01    2.27675E+00    6.98768E-01   -4.71694E-02   -3.35775E-01    2.51988E-01    8.76493E-02    1.50311E-01    5.27838E-02
     4.37006E-01    2.26647E+00    6.98523E-01   -4.36180E-02   -3.35860E-01    2.50722E-01    8.74838E-02    1.49346E-01    5.31266E-02
     4.39881E-01    2.25619E+00    6.98217E-01   -4.00712E-02   -3.35915E-01    2.49458E-01    8.73105E-02    1.48385E-01    5.34651E-02
     4.42756E-01    2.24593E+00    6.97849E-01   -3.65294E-02   -3.35942E-01    2.48194E-01    8.71296E-02    1.47426E-01    5.37994E-02
     4.45631E-01    2.23567E+00    6.97421E-01   -3.29929E-02   -3.35940E-01    2.46932E-01    8.69411E-02    1.46471E-01    5.41294E-02
     4.48506E-01    2.22542E+00    6.96933E-01   -2.94621E-02   -3.35909E-01    2.45672E-01    8.67451E-02    1.45520E-01    5.44551E-02
     4.51381E-01    2.21519E+00    6.96386E-01   -2.59373E-02   -3.35850E-01    2.44413E-01    8.65418E-02    1.44572E-01    5.47765E-02
     4.54256E-01    2.20496E+00    6.95779E-01   -2.24188E-02   -3.35763E-01    2.43155E-01    8.63313E-02    1.43627E-01    5.50935E-02
     4.57131E-01    2.19475E+00    6.95114E-01   -1.89071E-02   -3.35648E-01    2.41900E-01    8.61137E-02    1.42686E-01    5.54061E-02
     4.60006E-01    2.18455E+00    6.94391E-01   -1.54023E-02   -3.35504E-01    2.40646E-01    8.58890E-02    1.41749E-01    5.57142E-02
     4.62881E-01    2.17437E+00    6.93611E-01   -1.19048E-02   -3.35334E-01    2.39394E-01    8.56575E-02    1.40816E-01    5.60179E-02
     4.65756E-01    2.16420E+00    6.92773E-01   -8.41500E-03   -3.35135E-01    2.38145E-01    8.54191E-02    1.39886E-01    5.63172E-02
     4.68631E-01    2.15405E+00    6.91879E-01   -4.93316E-03   -3.34910E-01    2.36897E-01    8.51740E-02    1.38960E-01    5.66119E-02
     4.71506E-01    2.14392E+00    6.90930E-01   -1.45962E-03   -3.34657E-01    2.35652E-01    8.49224E-02    1.38039E-01    5.69021E-02
     4.74381E-01    2.13381E+00    6.89925E-01    2.00533E-03   -3.34377E-01    2.34409E-01    8.46643E-02    1.37121E-01    5.71877E-02
     4.77256E-01    2.12371E+00    6.88865E-01    5.46137E-03   -3.34071E-01    2.33169E-01    8.43998E-02    1.36207E-01    5.74688E-02
     4.80131E-01    2.11363E+00    6.87752E-01    8.90819E-03   -3.33738E-01    2.31931E-01    8.41291E-02    1.35298E-01    5.77453E-02
     4.83006E-01    2.10358E+00    6.86584E-01    1.23455E-02   -3.33379E-01    2.30696E-01    8.38523E-02    1.34393E-01    5.80172E-02
     4.85881E-01    2.09355E+00    6.85364E-01    1.57730E-02   -3.32994E-01    2.29464E-01    8.35694E-02    1.33492E-01    5.82845E-02
     4.88756E-01    2.08354E+00    6.84091E-01    1.91904E-02   -3.32583E-01    2.28235E-01    8.32806E-02    1.32596E-01    5.85472E-02
     4.91631E-01    2.07355E+00    6.82767E-01    2.25974E-02   -3.32147E-01    2.27008E-01    8.29860E-02    1.31704E-01    5.88052E-02
     4.94506E-01    2.06358E+00    6.81391E-01    2.59938E-02   -3.31685E-01    2.25785E-01    8.26856E-02    1.30816E-01    5.90586E-02
     4.97381E-01    2.05364E+00    6.79965E-01    2.93792E-02   -3.31198E-01    2.24565E-01    8.23797E-02    1.29933E-01    5.93074E-02
     5.00256E-01    2.04373E+00    6.78489E-01    3.27533E-02   -3.30686E-01    2.23348E-01    8.20684E-02    1.29055E-01    5.95514E-02
     5.03131E-01    2.03384E+00    6.76963E-01    3.61160E-02   -3.30149E-01    2.22134E-01    8.17516E-02    1.28181E-01    5.97909E-02
     5.06006E-01    2.02398E+00    6.75388E-01    3.94668E-02   -3.29588E-01    2.20924E-01    8.14296E-02    1.27312E-01    6.00256E-02
     5.08881E-01    2.01415E+00    6.73766E-01    4.28057E-02   -3.29003E-01    2.19717E-01    8.11024E-02    1.26447E-01    6.02557E-02
     5.11756E-01    2.00435E+00    6.72095E-01    4.61322E-02   -3.28393E-01    2.18514E-01    8.07702E-02    1.25588E-01    6.04811E-02
     5.14631E-01    1.99457E+00    6.70378E-01    4.94462E-02   -3.27760E-01    2.17314E-01    8.04331E-02    1.24733E-01    6.07018E-02
     5.17505E-01    1.98483E+00    6.68614E-01    5.27474E-02   -3.27103E-01    2.16118E-01    8.00911E-02    1.23883E-01    6.09178E-02
     5.20380E-01    1.97511E+00    6.66804E-01    5.60356E-02   -3.26423E-01    2.14926E-01    7.97444E-02    1.23038E-01    6.11292E-02
     5.23255E-01    1.96543E+00    6.64950E-01    5.93104E-02   -3.25720E-01    2.13738E-01    7.93931E-02    1.22198E-01    6.13359E-02
     5.26130E-01    1.95578E+00    6.63050E-01    6.25718E-02   -3.24994E-01    2.12554E-01    7.90373E-02    1.21363E-01    6.15379E-02
     5.29005E-01    1.94616E+00    6.61107E-01    6.58194E-02   -3.24246E-01    2.11374E-01    7.86771E-02    1.20533E-01    6.17352E-02
     5.31880E-01    1.93657E+00    6.59121E-01    6.90530E-02   -3.23475E-01    2.10198E-01    7.83126E-02    1.19708E-01    6.19279E-02
     5.34755E-01    1.92702E+00    6.57092E-01    7.22723E-02   -3.22683E-01    2.09026E-01    7.79439E-02    1.18888E-01    6.21160E-02
     5.37630E-01    1.91750E+00    6.55020E-01    7.54773E-02   -3.21868E-01    2.07859E-01    7.75712E-02    1.18074E-01    6.22994E-02
     5.40505E-01    1.90802E+00    6.52908E-01    7.86676E-02   -3.21032E-01    2.06695E-01    7.71944E-02    1.17264E-01    6.24782E-02
     5.43380E-01    1.89857E+00    6.50754E-01    8.18431E-02   -3.20175E-01    2.05537E-01    7.68138E-02    1.16460E-01    6.26524E-02
     5.46255E-01    1.88916E+00    6.48561E-01    8.50035E-02   -3.19297E-01    2.04382E-01    7.64294E-02    1.15661E-01    6.28219E-02
     5.49130E-01    1.87979E+00    6.46328E-01    8.81486E-02   -3.18398E-01    2.03233E-01    7.60414E-02    1.14867E-01    6.29869E-02
     5.52005E-01    1.87045E+00    6.44056E-01    9.12783E-02   -3.17479E-01    2.02088E-01    7.56498E-02    1.14078E-01    6.31473E-02
     5.54880E-01    1.86115E+00    6.41746E-01    9.43924E-02   -3.16539E-01    2.00947E-01    7.52547E-02    1.13295E-01    6.33032E-02
     5.57755E-01    1.85189E+00    6.39398E-01    9.74906E-02   -3.15580E-01    1.99812E-01    7.48562E-02    1.12517E-01    6.34545E-02
     5.60630E-01    1.84267E+00    6.37013E-01    1.00573E-01   -3.14600E-01    1.98681E-01    7.44545E-02    1.11744E-01    6.36012E-02
     5.63505E-01    1.83349E+00    6.34592E-01    1.03639E-01   -3.13602E-01    1.97555E-01    7.40497E-02    1.10977E-01    6.37435E-02
     5.66380E-01    1.82435E+00    6.32135E-01    1.06688E-01   -3.12584E-01    1.96434E-01    7.36417E-02    1.10215E-01    6.38812E-02
     5.69255E-01    1.81525E+00    6.29643E-01    1.09722E-01   -3.11547E-01    1.95318E-01    7.32308E-02    1.09459E-01    6.40145E-02
     5.72130E-01    1.80619E+00    6.27116E-01    1.12738E-01   -3.10492E-01    1.94207E-01    7.28171E-02    1.08708E-01    6.41434E-02
     5.75005E-01    1.79717E+00    6.24556E-01    1.15737E-01   -3.09419E-01    1.93101E-01    7.24005E-02    1.07963E-01    6.42678E-02
     5.77880E-01    1.78820E+00    6.21962E-01    1.18720E-01   -3.08327E-01    1.92000E-01    7.19813E-02    1.07223E-01    6.43878E-02
     5.80755E-01    1.77926E+00    6.19336E-01    1.21685E-01   -3.07218E-01    1.90904E-01    7.15595E-02    1.06488E-01    6.45035E-02
     5.83630E-01    1.77038E+00    6.16677E-01    1.24634E-01   -3.06091E-01    1.89814E-01    7.11352E-02    1.05759E-01    6.46148E-02
     5.86505E-01    1.76153E+00    6.13988E-01    1.27564E-01   -3.04946E-01    1.88729E-01    7.07085E-02    1.05035E-01    6.47218E-02
     5.89380E-01    1.75273E+00    6.11267E-01    1.30477E-01   -3.03785E-01    1.87650E-01    7.02794E-02    1.04317E-01    6.48244E-02
     5.92255E-01    1.74397E+00    6.08516E-01    1.33373E-01   -3.02607E-01    1.86575E-01    6.98482E-02    1.03605E-01    6.49228E-02
     5.95130E-01    1.73525E+00    6.05736E-01    1.36250E-01   -3.01413E-01    1.85507E-01    6.94149E-02    1.02898E-01    6.50170E-02
     5.98005E-01    1.72659E+00    6.02927E-01    1.39110E-01   -3.00202E-01    1.84443E-01    6.89795E-02    1.02196E-01    6.51069E-02
     6.00880E-01    1.71796E+00    6.00089E-01    1.41951E-01   -2.98976E-01    1.83386E-01    6.85421E-02    1.01500E-01    6.51927E-02
     6.03755E-01    1.70938E+00    5.97224E-01    1.44775E-01   -2.97734E-01    1.82333E-01    6.81029E-02    1.00810E-01    6.52743E-02
     6.06630E-01    1.70085E+00    5.94332E-01    1.47580E-01   -2.96476E-01    1.81287E-01    6.76619E-02    1.00125E-01    6.53518E-02
     6.09505E-01    1.69237E+00    5.91413E-01    1.50366E-01   -2.95204E-01    1.80246E-01    6.72193E-02    9.94461E-02    6.54252E-02
     6.12380E-01    1.68393E+00    5.88468E-01    1.53134E-01   -2.93916E-01    1.79211E-01    6.67750E-02    9.87724E-02    6.54945E-02
     6.15255E-01    1.67554E+00    5.85498E-01    1.55884E-01   -2.92614E-01    1.78182E-01    6.63292E-02    9.81043E-02    6.55598E-02
     6.18130E-01    1.66720E+00    5.82503E-01    1.58615E-01   -2.91298E-01    1.77158E-01    6.58819E-02    9.74418E-02    6.56211E-02
     6.21005E-01    1.65890E+00    5.79484E-01    1.61327E-01   -2.89968E-01    1.76140E-01    6.54333E-02    9.67848E-02    6.56785E-02
     6.23880E-01    1.65066E+00    5.76441E-01    1.64020E-01   -2.88624E-01    1.75129E-01    6.49834E-02    9.61333E-02    6.57319E-02
     6.26755E-01    1.64246E+00    5.73375E-01    1.66694E-01   -2.87266E-01    1.74123E-01    6.45324E-02    9.54874E-02    6.57815E-02
     6.29630E-01    1.63431E+00    5.70287E-01    1.69350E-01   -2.85896E-01    1.73123E-01    6.40801E-02    9.48471E-02    6.58272E-02
     6.32504E-01    1.62621E+00    5.67178E-01    1.71986E-01   -2.84512E-01    1.72128E-01    6.36269E-02    9.42123E-02    6.58690E-02
     6.35379E-01    1.61816E+00    5.64046E-01    1.74603E-01   -2.83115E-01    1.71140E-01    6.31727E-02    9.35831E-02    6.59072E-02
     6.38254E-01    1.61016E+00    5.60894E-01    1.77201E-01   -2.81707E-01    1.70158E-01    6.27175E-02    9.29594E-02    6.59415E-02
     6.41129E-01    1.60221E+00    5.57722E-01    1.79780E-01   -2.80286E-01    1.69182E-01    6.22616E-02    9.23412E-02    6.59722E-02
     6.44004E-01    1.59431E+00    5.54531E-01    1.82339E-01   -2.78853E-01    1.68212E-01    6.18049E-02    9.17285E-02    6.59992E-02
     6.46879E-01    1.58646E+00    5.51320E-01    1.84879E-01   -2.77408E-01    1.67249E-01    6.13475E-02    9.11214E-02    6.60226E-02
     6.49754E-01    1.57866E+00    5.48091E-01    1.87400E-01   -2.75952E-01    1.66291E-01    6.08896E-02    9.05197E-02    6.60424E-02
     6.52629E-01    1.57091E+00    5.44844E-01    1.89901E-01   -2.74485E-01    1.65340E-01    6.04311E-02    8.99236E-02    6.60587E-02
     6.55504E-01    1.56321E+00    5.41579E-01    1.92382E-01   -2.73007E-01    1.64394E-01    5.99721E-02    8.93329E-02    6.60714E-02
     6.58379E-01    1.55556E+00    5.38298E-01    1.94845E-01   -2.71518E-01    1.63455E-01    5.95127E-02    8.87477E-02    6.60807E-02
     6.61254E-01    1.54796E+00    5.35000E-01    1.97287E-01   -2.70019E-01    1.62522E-01    5.90530E-02    8.81680E-02    6.60866E-02
     6.64129E-01    1.54042E+00    5.31686E-01    1.99710E-01   -2.68509E-01    1.61596E-01    5.85930E-02    8.75936E-02    6.60891E-02
     6.67004E-01    1.53293E+00    5.28357E-01    2.02114E-01   -2.66990E-01    1.60675E-01    5.81329E-02    8.70248E-02    6.60883E-02
     6.69879E-01    1.52549E+00    5.25014E-01    2.04498E-01   -2.65461E-01    1.59761E-01    5.76725E-02    8.64613E-02    6.60841E-02
     6.72754E-01    1.51810E+00    5.21656E-01    2.06862E-01   -2.63923E-01    1.58853E-01    5.72121E-02    8.59032E-02    6.60767E-02
     6.75629E-01    1.51076E+00    5.18284E-01    2.09206E-01   -2.62376E-01    1.57952E-01    5.67517E-02    8.53506E-02    6.60661E-02
     6.78504E-01    1.50348E+00    5.14899E-01    2.11531E-01   -2.60819E-01    1.57057E-01    5.62914E-02    8.48032E-02    6.60524E-02
     6.81379E-01    1.49624E+00    5.11501E-01    2.13837E-01   -2.59254E-01    1.56168E-01    5.58311E-02    8.42613E-02    6.60355E-02
     6.84254E-01    1.48906E+00    5.08091E-01    2.16122E-01   -2.57681E-01    1.55286E-01    5.53710E-02    8.37246E-02    6.60155E-02
     6.87129E-01    1.48194E+00    5.04669E-01    2.18388E-01   -2.56099E-01    1.54410E-01    5.49111E-02    8.31933E-02    6.59925E-02
     6.90004E-01    1.47486E+00    5.01236E-01    2.20635E-01   -2.54509E-01    1.53540E-01    5.44515E-02    8.26673E-02    6.59665E-02
     6.92879E-01    1.46784E+00    4.97792E-01    2.22861E-01   -2.52912E-01    1.52677E-01    5.39922E-02    8.21465E-02    6.59376E-02
     6.95754E-01    1.46087E+00    4.94337E-01    2.25068E-01   -2.51307E-01    1.51820E-01    5.35333E-02    8.16310E-02    6.59057E-02
     6.98629E-01    1.45396E+00    4.90873E-01    2.27256E-01   -2.49694E-01    1.50970E-01    5.30748E-02    8.11208E-02    6.58710E-02
     7.01504E-01    1.44709E+00    4.87399E-01    2.29423E-01   -2.48075E-01    1.50126E-01    5.26168E-02    8.06157E-02    6.58335E-02
     7.04379E-01    1.44028E+00    4.83916E-01    2.31572E-01   -2.46448E-01    1.49289E-01    5.21593E-02    8.01159E-02    6.57932E-02
     7.07254E-01    1.43353E+00    4.80425E-01    2.33700E-01   -2.44816E-01    1.48458E-01    5.17024E-02    7.96212E-02    6.57502E-02
     7.10129E-01    1.42683E+00    4.76925E-01    2.35809E-01   -2.43176E-01    1.47633E-01    5.12462E-02    7.91317E-02    6.57044E-02
     7.13004E-01    1.42018E+00    4.73418E-01    2.37899E-01   -2.41531E-01    1.46815E-01    5.07906E-02    7.86473E-02    6.56561E-02
     7.15879E-01    1.41358E+00    4.69904E-01    2.39969E-01   -2.39879E-01    1.46004E-01    5.03358E-02    7.81680E-02    6.56052E-02
     7.18754E-01    1.40704E+00    4.66382E-01    2.42020E-01   -2.38222E-01    1.45198E-01    4.98817E-02    7.76938E-02    6.55517E-02
     7.21629E-01    1.40055E+00    4.62855E-01    2.44051E-01   -2.36559E-01    1.44400E-01    4.94285E-02    7.72246E-02    6.54957E-02
     7.24504E-01    1.39411E+00    4.59321E-01    2.46063E-01   -2.34891E-01    1.43608E-01    4.89761E-02    7.67605E-02    6.54372E-02
     7.27379E-01    1.38773E+00    4.55782E-01    2.48055E-01   -2.33217E-01    1.42822E-01    4.85246E-02    7.63014E-02    6.53764E-02
     7.30254E-01    1.38140E+00    4.52238E-01    2.50029E-01   -2.31539E-01    1.42043E-01    4.80741E-02    7.58473E-02    6.53132E-02
     7.33129E-01    1.37512E+00    4.48688E-01    2.51983E-01   -2.29856E-01    1.41270E-01    4.76245E-02    7.53981E-02    6.52476E-02
     7.36004E-01    1.36890E+00    4.45135E-01    2.53917E-01   -2.28168E-01    1.40504E-01    4.71760E-02    7.49539E-02    6.51798E-02
     7.38879E-01    1.36273E+00    4.41577E-01    2.55833E-01   -2.26476E-01    1.39744E-01    4.67285E-02    7.45146E-02    6.51097E-02
     7.41754E-01    1.35661E+00    4.38016E-01    2.57729E-01   -2.24780E-01    1.38991E-01    4.62821E-02    7.40801E-02    6.50375E-02
     7.44629E-01    1.35055E+00    4.34452E-01    2.59607E-01   -2.23079E-01    1.38244E-01    4.58369E-02    7.36505E-02    6.49631E-02
     7.47503E-01    1.34454E+00    4.30885E-01    2.61465E-01   -2.21375E-01    1.37504E-01    4.53928E-02    7.32258E-02    6.48867E-02
     7.50378E-01    1.33858E+00    4.27315E-01    2.63305E-01   -2.19668E-01    1.36770E-01    4.49500E-02    7.28058E-02    6.48081E-02
     7.53253E-01    1.33268E+00    4.23743E-01    2.65125E-01   -2.17957E-01    1.36043E-01    4.45084E-02    7.23907E-02    6.47276E-02
     7.56128E-01    1.32683E+00    4.20170E-01    2.66927E-01   -2.16242E-01    1.35322E-01    4.40680E-02    7.19802E-02    6.46451E-02
     7.59003E-01    1.32104E+00    4.16595E-01    2.68710E-01   -2.14525E-01    1.34608E-01    4.36290E-02    7.15745E-02    6.45607E-02
     7.61878E-01    1.31529E+00    4.13019E-01    2.70474E-01   -2.12805E-01    1.33900E-01    4.31912E-02    7.11735E-02    6.44745E-02
     7.64753E-01    1.30960E+00    4.09442E-01    2.72219E-01   -2.11082E-01    1.33198E-01    4.27549E-02    7.07772E-02    6.43864E-02
     7.67628E-01    1.30396E+00    4.05865E-01    2.73946E-01   -2.09356E-01    1.32503E-01    4.23199E-02    7.03855E-02    6.42965E-02
     7.70503E-01    1.29838E+00    4.02288E-01    2.75655E-01   -2.07628E-01    1.31815E-01    4.18864E-02    6.99984E-02    6.42049E-02
     7.73378E-01    1.29285E+00    3.98711E-01    2.77345E-01   -2.05898E-01    1.31133E-01    4.14543E-02    6.96159E-02    6.41116E-02
     7.76253E-01    1.28737E+00    3.95134E-01    2.79017E-01   -2.04166E-01    1.30457E-01    4.10237E-02    6.92379E-02    6.40166E-02
     7.79128E-01    1.28194E+00    3.91558E-01    2.80670E-01   -2.02432E-01    1.29788E-01    4.05946E-02    6.88645E-02    6.39201E-02
     7.82003E-01    1.27657E+00    3.87984E-01    2.82305E-01   -2.00697E-01    1.29125E-01    4.01670E-02    6.84956E-02    6.38220E-02
     7.84878E-01    1.27125E+00    3.84411E-01    2.83922E-01   -1.98960E-01    1.28468E-01    3.97410E-02    6.81311E-02    6.37223E-02
     7.87753E-01    1.26598E+00    3.80840E-01    2.85521E-01   -1.97221E-01    1.27818E-01    3.93165E-02    6.77711E-02    6.36212E-02
     7.90628E-01    1.26076E+00    3.77271E-01    2.87102E-01   -1.95481E-01    1.27174E-01    3.88936E-02    6.74154E-02    6.35187E-02
     7.93503E-01    1.25560E+00    3.73704E-01    2.88665E-01   -1.93740E-01    1.26537E-01    3.84724E-02    6.70642E-02    6.34148E-02
     7.96378E-01    1.25048E+00    3.70140E-01    2.90210E-01   -1.91998E-01    1.25906E-01    3.80528E-02    6.67173E-02    6.33095E-02
     7.99253E-01    1.24542E+00    3.66579E-01    2.91737E-01   -1.90256E-01    1.25281E-01    3.76348E-02    6.63748E-02    6.32030E-02
     8.02128E-01    1.24041E+00    3.63020E-01    2.93247E-01   -1.88512E-01    1.24663E-01    3.72186E-02    6.60365E-02    6.30952E-02
     8.05003E-01    1.23546E+00    3.59466E-01    2.94739E-01   -1.86768E-01    1.24051E-01    3.68040E-02    6.57025E-02    6.29862E-02
     8.07878E-01    1.23055E+00    3.55915E-01    2.96214E-01   -1.85024E-01    1.23445E-01    3.63911E-02    6.53727E-02    6.28760E-02
     8.10753E-01    1.22570E+00    3.52368E-01    2.97671E-01   -1.83280E-01    1.22846E-01    3.59800E-02    6.50472E-02    6.27647E-02
     8.13628E-01    1.22089E+00    3.48825E-01    2.99111E-01   -1.81535E-01    1.22252E-01    3.55706E-02    6.47258E-02    6.26523E-02
     8.16503E-01    1.21614E+00    3.45287E-01    3.00533E-01   -1.79791E-01    1.21666E-01    3.51630E-02    6.44085E-02    6.25388E-02
     8.19378E-01    1.21144E+00    3.41753E-01    3.01939E-01   -1.78046E-01    1.21085E-01    3.47571E-02    6.40954E-02    6.24244E-02
     8.22253E-01    1.20679E+00    3.38224E-01    3.03327E-01   -1.76302E-01    1.20510E-01    3.43531E-02    6.37864E-02    6.23090E-02
     8.25128E-01    1.20219E+00    3.34701E-01    3.04698E-01   -1.74559E-01    1.19942E-01    3.39508E-02    6.34814E-02    6.21926E-02
     8.28003E-01    1.19765E+00    3.31183E-01    3.06053E-01   -1.72816E-01    1.19380E-01    3.35504E-02    6.31805E-02    6.20754E-02
     8.30878E-01    1.19315E+00    3.27670E-01    3.07390E-01   -1.71073E-01    1.18824E-01    3.31517E-02    6.28835E-02    6.19574E-02
     8.33753E-01    1.18870E+00    3.24163E-01    3.08711E-01   -1.69332E-01    1.18274E-01    3.27550E-02    6.25905E-02    6.18386E-02
     8.36628E-01    1.18430E+00    3.20662E-01    3.10015E-01   -1.67591E-01    1.17731E-01    3.23600E-02    6.23015E-02    6.17190E-02
     8.39503E-01    1.17996E+00    3.17168E-01    3.11303E-01   -1.65851E-01    1.17193E-01    3.19670E-02    6.20164E-02    6.15987E-02
     8.42378E-01    1.17566E+00    3.13680E-01    3.12574E-01   -1.64113E-01    1.16662E-01    3.15758E-02    6.17352E-02    6.14777E-02
     8.45253E-01    1.17141E+00    3.10198E-01    3.13829E-01   -1.62376E-01    1.16137E-01    3.11865E-02    6.14578E-02    6.13561E-02
     8.48128E-01    1.16722E+00    3.06724E-01    3.15067E-01   -1.60640E-01    1.15618E-01    3.07991E-02    6.11842E-02    6.12339E-02
     8.51003E-01    1.16307E+00    3.03256E-01    3.16290E-01   -1.58905E-01    1.15105E-01    3.04135E-02    6.09145E-02    6.11111E-02
     8.53878E-01    1.15897E+00    2.99795E-01    3.17496E-01   -1.57173E-01    1.14598E-01    3.00299E-02    6.06485E-02    6.09879E-02
     8.56753E-01    1.15492E+00    2.96342E-01    3.18686E-01   -1.55441E-01    1.14097E-01    2.96482E-02    6.03863E-02    6.08641E-02
     8.59628E-01    1.15092E+00    2.92897E-01    3.19861E-01   -1.53712E-01    1.13602E-01    2.92684E-02    6.01277E-02    6.07399E-02
     8.62502E-01    1.14696E+00    2.89459E-01    3.21019E-01   -1.51985E-01    1.13113E-01    2.88905E-02    5.98729E-02    6.06153E-02
     8.65377E-01    1.14306E+00    2.86029E-01    3.22162E-01   -1.50259E-01    1.12629E-01    2.85145E-02    5.96217E-02    6.04904E-02
     8.68252E-01    1.13921E+00    2.82607E-01    3.23289E-01   -1.48536E-01    1.12152E-01    2.81405E-02    5.93741E-02    6.03651E-02
     8.71127E-01    1.13540E+00    2.79194E-01    3.24401E-01   -1.46815E-01    1.11681E-01    2.77684E-02    5.91301E-02    6.02395E-02
     8.74002E-01    1.13164E+00    2.75789E-01    3.25497E-01   -1.45096E-01    1.11216E-01    2.73982E-02    5.88897E-02    6.01137E-02
     8.76877E-01    1.12793E+00    2.72392E-01    3.26578E-01   -1.43380E-01    1.10756E-01    2.70300E-02    5.86529E-02    5.99877E-02
     8.79752E-01    1.12426E+00    2.69004E-01    3.27644E-01   -1.41666E-01    1.10303E-01    2.66637E-02    5.84195E-02    5.98615E-02
     8.82627E-01    1.12065E+00    2.65625E-01    3.28694E-01   -1.39954E-01    1.09855E-01    2.62993E-02    5.81897E-02    5.97352E-02
     8.85502E-01    1.11708E+00    2.62254E-01    3.29730E-01   -1.38245E-01    1.09413E-01    2.59369E-02    5.79633E-02    5.96088E-02
     8.88377E-01    1.11356E+00    2.58893E-01    3.30750E-01   -1.36539E-01    1.08977E-01    2.55765E-02    5.77403E-02    5.94823E-02
     8.91252E-01    1.11008E+00    2.55541E-01    3.31756E-01   -1.34836E-01    1.08547E-01    2.52179E-02    5.75207E-02    5.93558E-02
     8.94127E-01    1.10666E+00    2.52199E-01    3.32746E-01   -1.33136E-01    1.08122E-01    2.48614E-02    5.73045E-02    5.92292E-02
     8.97002E-01    1.10328E+00    2.48866E-01    3.33722E-01   -1.31439E-01    1.07703E-01    2.45067E-02    5.70917E-02    5.91028E-02
     8.99877E-01    1.09994E+00    2.45542E-01    3.34684E-01   -1.29744E-01    1.07290E-01    2.41540E-02    5.68822E-02    5.89764E-02
     9.02752E-01    1.09665E+00    2.42228E-01    3.35631E-01   -1.28053E-01    1.06883E-01    2.38033E-02    5.66760E-02    5.88501E-02
     9.05627E-01    1.09341E+00    2.38924E-01    3.36563E-01   -1.26365E-01    1.06481E-01    2.34545E-02    5.64730E-02    5.87240E-02
     9.08502E-01    1.09021E+00    2.35630E-01    3.37482E-01   -1.24680E-01    1.06085E-01    2.31076E-02    5.62733E-02    5.85981E-02
     9.11377E-01    1.08706E+00    2.32346E-01    3.38386E-01   -1.22999E-01    1.05694E-01    2.27626E-02    5.60768E-02    5.84724E-02
     9.14252E-01    1.08396E+00    2.29073E-01    3.39276E-01   -1.21321E-01    1.05309E-01    2.24196E-02    5.58835E-02    5.83469E-02
     9.17127E-01    1.08090E+00    2.25809E-01    3.40152E-01   -1.19647E-01    1.04930E-01    2.20785E-02    5.56934E-02    5.82218E-02
     9.20002E-01    1.07788E+00    2.22556E-01    3.41013E-01   -1.17976E-01    1.04556E-01    2.17394E-02    5.55064E-02    5.80969E-02
     9.22877E-01    1.07491E+00    2.19313E-01    3.41862E-01   -1.16309E-01    1.04188E-01    2.14021E-02    5.53225E-02    5.79724E-02
     9.25752E-01    1.07199E+00    2.16081E-01    3.42696E-01   -1.14645E-01    1.03825E-01    2.10668E-02    5.51418E-02    5.78484E-02
     9.28627E-01    1.06911E+00    2.12860E-01    3.43516E-01   -1.12986E-01    1.03468E-01    2.07333E-02    5.49640E-02    5.77247E-02
     9.31502E-01    1.06627E+00    2.09649E-01    3.44323E-01   -1.11330E-01    1.03116E-01    2.04018E-02    5.47893E-02    5.76015E-02
     9.34377E-01    1.06348E+00    2.06449E-01    3.45117E-01   -1.09678E-01    1.02770E-01    2.00722E-02    5.46177E-02    5.74788E-02
     9.37252E-01    1.06073E+00    2.03260E-01    3.45897E-01   -1.08030E-01    1.02429E-01    1.97444E-02    5.44490E-02    5.73566E-02
     9.40127E-01    1.05802E+00    2.00082E-01    3.46664E-01   -1.06386E-01    1.02094E-01    1.94186E-02    5.42833E-02    5.72349E-02
     9.43002E-01    1.05536E+00    1.96914E-01    3.47418E-01   -1.04746E-01    1.01764E-01    1.90946E-02    5.41205E-02    5.71139E-02
     9.45877E-01    1.05275E+00    1.93758E-01    3.48158E-01   -1.03110E-01    1.01439E-01    1.87725E-02    5.39607E-02    5.69935E-02
     9.48752E-01    1.05017E+00    1.90613E-01    3.48886E-01   -1.01478E-01    1.01120E-01    1.84522E-02    5.38037E-02    5.68737E-02
     9.51627E-01    1.04764E+00    1.87480E-01    3.49600E-01   -9.98510E-02    1.00805E-01    1.81338E-02    5.36496E-02    5.67546E-02
     9.54502E-01    1.04515E+00    1.84357E-01    3.50302E-01   -9.82279E-02    1.00497E-01    1.78173E-02    5.34984E-02    5.66362E-02
     9.57377E-01    1.04270E+00    1.81247E-01    3.50991E-01   -9.66092E-02    1.00193E-01    1.75026E-02    5.33500E-02    5.65186E-02
     9.60252E-01    1.04030E+00    1.78147E-01    3.51667E-01   -9.49948E-02    9.98948E-02    1.71897E-02    5.32043E-02    5.64017E-02
     9.63127E-01    1.03794E+00    1.75059E-01    3.52330E-01   -9.33849E-02    9.96017E-02    1.68787E-02    5.30615E-02    5.62857E-02
     9.66002E-01    1.03562E+00    1.71982E-01    3.52981E-01   -9.17795E-02    9.93138E-02    1.65694E-02    5.29214E-02    5.61705E-02
     9.68877E-01    1.03334E+00    1.68917E-01    3.53620E-01   -9.01786E-02    9.90310E-02    1.62620E-02    5.27841E-02    5.60562E-02
     9.71752E-01    1.03111E+00    1.65864E-01    3.54246E-01   -8.85823E-02    9.87534E-02    1.59564E-02    5.26494E-02    5.59428E-02
     9.74627E-01    1.02891E+00    1.62822E-01    3.54860E-01   -8.69907E-02    9.84810E-02    1.56525E-02    5.25175E-02    5.58303E-02
     9.77501E-01    1.02676E+00    1.59792E-01    3.55462E-01   -8.54037E-02    9.82136E-02    1.53504E-02    5.23882E-02    5.57188E-02
     9.80376E-01    1.02464E+00    1.56774E-01    3.56052E-01   -8.38215E-02    9.79514E-02    1.50501E-02    5.22615E-02    5.56083E-02
     9.83251E-01    1.02257E+00    1.53768E-01    3.56630E-01   -8.22440E-02    9.76941E-02    1.47515E-02    5.21375E-02    5.54988E-02
     9.86126E-01    1.02054E+00    1.50773E-01    3.57196E-01   -8.06713E-02    9.74419E-02    1.44547E-02    5.20161E-02    5.53903E-02
     9.89001E-01    1.01855E+00    1.47790E-01    3.57749E-01   -7.91035E-02    9.71947E-02    1.41596E-02    5.18973E-02    5.52830E-02
     9.91876E-01    1.01660E+00    1.44820E-01    3.58292E-01   -7.75406E-02    9.69525E-02    1.38663E-02    5.17810E-02    5.51767E-02
     9.94751E-01    1.01469E+00    1.41861E-01    3.58822E-01   -7.59826E-02    9.67153E-02    1.35746E-02    5.16673E-02    5.50716E-02
     9.97626E-01    1.01282E+00    1.38914E-01    3.59341E-01   -7.44296E-02    9.64830E-02    1.32847E-02    5.15561E-02    5.49677E-02
     1.00050E+00    1.01099E+00    1.35979E-01    3.59849E-01   -7.28816E-02    9.62556E-02    1.29964E-02    5.14474E-02    5.48649E-02
     1.00338E+00    1.00920E+00    1.33056E-01    3.60344E-01   -7.13386E-02    9.60331E-02    1.27098E-02    5.13412E-02    5.47634E-02
     1.00625E+00    1.00744E+00    1.30145E-01    3.60829E-01   -6.98007E-02    9.58155E-02    1.24249E-02    5.12374E-02    5.46632E-02
     1.00913E+00    1.00573E+00    1.27246E-01    3.61302E-01   -6.82679E-02    9.56027E-02    1.21416E-02    5.11361E-02    5.45643E-02
     1.01200E+00    1.00406E+00    1.24359E-01    3.61764E-01   -6.67403E-02    9.53948E-02    1.18600E-02    5.10372E-02    5.44666E-02
     1.01488E+00    1.00242E+00    1.21485E-01    3.62215E-01   -6.52178E-02    9.51916E-02    1.15800E-02    5.09407E-02    5.43703E-02
     1.01775E+00    1.00083E+00    1.18622E-01    3.62655E-01   -6.37006E-02    9.49933E-02    1.13016E-02    5.08466E-02    5.42754E-02
     1.02063E+00    9.99267E-01    1.15772E-01    3.63084E-01   -6.21886E-02    9.47997E-02    1.10248E-02    5.07549E-02    5.41819E-02
     1.02350E+00    9.97746E-01    1.12933E-01    3.63502E-01   -6.06819E-02    9.46108E-02    1.07496E-02    5.06655E-02    5.40899E-02
     1.02638E+00    9.96264E-01    1.10107E-01    3.63910E-01   -5.91805E-02    9.44266E-02    1.04760E-02    5.05785E-02    5.39992E-02
     1.02925E+00    9.94819E-01    1.07293E-01    3.64306E-01   -5.76845E-02    9.42472E-02    1.02039E-02    5.04937E-02    5.39101E-02
     1.03213E+00    9.93412E-01    1.04491E-01    3.64692E-01   -5.61938E-02    9.40724E-02    9.93340E-03    5.04113E-02    5.38225E-02
     1.03500E+00    9.92043E-01    1.01701E-01    3.65067E-01   -5.47086E-02    9.39022E-02    9.66442E-03    5.03311E-02    5.37365E-02
     1.03788E+00    9.90711E-01    9.89238E-02    3.65432E-01   -5.32287E-02    9.37366E-02    9.39696E-03    5.02532E-02    5.36520E-02
     1.04075E+00    9.89415E-01    9.61584E-02    3.65786E-01   -5.17543E-02    9.35757E-02    9.13102E-03    5.01776E-02    5.35691E-02
     1.04363E+00    9.88157E-01    9.34052E-02    3.66130E-01   -5.02854E-02    9.34193E-02    8.86657E-03    5.01041E-02    5.34878E-02
     1.04650E+00    9.86935E-01    9.06642E-02    3.66463E-01   -4.88220E-02    9.32675E-02    8.60360E-03    5.00329E-02    5.34082E-02
     1.04938E+00    9.85750E-01    8.79353E-02    3.66786E-01   -4.73642E-02    9.31202E-02    8.34210E-03    4.99639E-02    5.33303E-02
     1.05225E+00    9.84601E-01    8.52186E-02    3.67100E-01   -4.59119E-02    9.29775E-02    8.08205E-03    4.98970E-02    5.32541E-02
     1.05513E+00    9.83488E-01    8.25141E-02    3.67402E-01   -4.44652E-02    9.28392E-02    7.82344E-03    4.98323E-02    5.31797E-02
     1.05800E+00    9.82412E-01    7.98218E-02    3.67695E-01   -4.30241E-02    9.27054E-02    7.56626E-03    4.97698E-02    5.31070E-02
     1.06088E+00    9.81371E-01    7.71416E-02    3.67978E-01   -4.15887E-02    9.25760E-02    7.31049E-03    4.97094E-02    5.30361E-02
     1.06375E+00    9.80365E-01    7.44736E-02    3.68251E-01   -4.01589E-02    9.24511E-02    7.05611E-03    4.96511E-02    5.29670E-02
     1.06663E+00    9.79395E-01    7.18177E-02    3.68515E-01   -3.87348E-02    9.23305E-02    6.80312E-03    4.95949E-02    5.28998E-02
     1.06950E+00    9.78461E-01    6.91739E-02    3.68768E-01   -3.73164E-02    9.22144E-02    6.55149E-03    4.95408E-02    5.28345E-02
     1.07238E+00    9.77561E-01    6.65423E-02    3.69012E-01   -3.59037E-02    9.21026E-02    6.30121E-03    4.94888E-02    5.27710E-02
     1.07525E+00    9.76697E-01    6.39228E-02    3.69246E-01   -3.44968E-02    9.19951E-02    6.05228E-03    4.94388E-02    5.27095E-02
     1.07813E+00    9.75867E-01    6.13154E-02    3.69470E-01   -3.30956E-02    9.18920E-02    5.80466E-03    4.93909E-02    5.26500E-02
     1.08100E+00    9.75071E-01    5.87201E-02    3.69685E-01   -3.17003E-02    9.17931E-02    5.55836E-03    4.93449E-02    5.25925E-02
     1.08388E+00    9.74310E-01    5.61368E-02    3.69891E-01   -3.03108E-02    9.16986E-02    5.31335E-03    4.93011E-02    5.25369E-02
     1.08675E+00    9.73584E-01    5.35656E-02    3.70087E-01   -2.89271E-02    9.16082E-02    5.06961E-03    4.92592E-02    5.24835E-02
     1.08963E+00    9.72891E-01    5.10065E-02    3.70274E-01   -2.75492E-02    9.15221E-02    4.82714E-03    4.92193E-02    5.24321E-02
     1.09250E+00    9.72232E-01    4.84594E-02    3.70451E-01   -2.61773E-02    9.14403E-02    4.58592E-03    4.91813E-02    5.23827E-02
     1.09538E+00    9.71607E-01    4.59243E-02    3.70620E-01   -2.48112E-02    9.13626E-02    4.34593E-03    4.91454E-02    5.23356E-02
     1.09825E+00    9.71015E-01    4.34012E-02    3.70779E-01   -2.34510E-02    9.12891E-02    4.10716E-03    4.91114E-02    5.22906E-02
     1.10113E+00    9.70457E-01    4.08901E-02    3.70929E-01   -2.20968E-02    9.12197E-02    3.86959E-03    4.90793E-02    5.22477E-02
     1.10400E+00    9.69932E-01    3.83909E-02    3.71070E-01   -2.07485E-02    9.11544E-02    3.63320E-03    4.90491E-02    5.22071E-02
     1.10688E+00    9.69440E-01    3.59036E-02    3.71202E-01   -1.94062E-02    9.10933E-02    3.39799E-03    4.90209E-02    5.21687E-02
     1.10975E+00    9.68981E-01    3.34283E-02    3.71325E-01   -1.80699E-02    9.10363E-02    3.16394E-03    4.89946E-02    5.21326E-02
     1.11263E+00    9.68555E-01    3.09649E-02    3.71440E-01   -1.67396E-02    9.09833E-02    2.93103E-03    4.89701E-02    5.20988E-02
     1.11550E+00    9.68161E-01    2.85133E-02    3.71545E-01   -1.54153E-02    9.09344E-02    2.69924E-03    4.89475E-02    5.20673E-02
     1.11838E+00    9.67800E-01    2.60736E-02    3.71642E-01   -1.40971E-02    9.08895E-02    2.46857E-03    4.89268E-02    5.20382E-02
     1.12125E+00    9.67471E-01    2.36456E-02    3.71730E-01   -1.27849E-02    9.08486E-02    2.23899E-03    4.89080E-02    5.20114E-02
     1.12413E+00    9.67174E-01    2.12295E-02    3.71810E-01   -1.14788E-02    9.08117E-02    2.01049E-03    4.88910E-02    5.19871E-02
     1.12700E+00    9.66909E-01    1.88252E-02    3.71881E-01   -1.01788E-02    9.07787E-02    1.78305E-03    4.88758E-02    5.19652E-02
     1.12988E+00    9.66675E-01    1.64326E-02    3.71943E-01   -8.88490E-03    9.07497E-02    1.55667E-03    4.88624E-02    5.19458E-02
     1.13275E+00    9.66474E-01    1.40517E-02    3.71997E-01   -7.59712E-03    9.07247E-02    1.33131E-03    4.88509E-02    5.19288E-02
     1.13563E+00    9.66303E-01    1.16825E-02    3.72042E-01   -6.31549E-03    9.07035E-02    1.10697E-03    4.88412E-02    5.19144E-02
     1.13850E+00    9.66164E-01    9.32499E-03    3.72079E-01   -5.04001E-03    9.06862E-02    8.83637E-04    4.88332E-02    5.19026E-02
     1.14138E+00    9.66057E-01    6.97911E-03    3.72108E-01   -3.77071E-03    9.06728E-02    6.61288E-04    4.88271E-02    5.18933E-02
     1.14425E+00    9.65980E-01    4.64484E-03    3.72129E-01   -2.50759E-03    9.06633E-02    4.39909E-04    4.88227E-02    5.18866E-02
     1.14713E+00    9.65934E-01    2.32216E-03    3.72141E-01   -1.25069E-03    9.06576E-02    2.19485E-04    4.88200E-02    5.18826E-02
     1.15000E+00    9.65918E-01    1.10254E-05    3.72145E-01    0.00000E+00    9.06557E-02    2.28645E-25    4.88192E-02    5.18813E-02
