     1.00000E-05    4.34851E+00   -6.16422E-05   -7.81577E-01   -2.67551E-05    5.17587E-01    1.22721E-05    5.05162E-01    1.62108E-10
     5.38498E-03    4.34805E+00    3.53647E-02   -7.81400E-01   -1.44060E-02    5.17539E-01    6.60746E-03    5.05081E-01    4.70131E-05
     1.07599E-02    4.34668E+00    7.06397E-02   -7.80870E-01   -2.87744E-02    5.17396E-01    1.31965E-02    5.04839E-01    1.87627E-04
     1.61349E-02    4.34441E+00    1.05867E-01   -7.79989E-01   -4.31211E-02    5.17157E-01    1.97733E-02    5.04436E-01    4.21592E-04
     2.15099E-02    4.34123E+00    1.41022E-01   -7.78757E-01   -5.74352E-02    5.16822E-01    2.63317E-02    5.03873E-01    7.48490E-04
     2.68849E-02    4.33715E+00    1.76083E-01   -7.77175E-01   -7.17060E-02    5.16393E-01    3.28657E-02    5.03150E-01    1.16774E-03
     3.22598E-02    4.33217E+00    2.11024E-01   -7.75246E-01   -8.59228E-02    5.15869E-01    3.93693E-02    5.02268E-01    1.67858E-03
     3.76348E-02    4.32629E+00    2.45823E-01   -7.72972E-01   -1.00075E-01    5.15250E-01    4.58365E-02    5.01228E-01    2.28011E-03
     4.30098E-02    4.31952E+00    2.80457E-01   -7.70355E-01   -1.14152E-01    5.14538E-01    5.22615E-02    5.00032E-01    2.97125E-03
     4.83848E-02    4.31187E+00    3.14902E-01   -7.67400E-01   -1.28144E-01    5.13732E-01    5.86384E-02    4.98681E-01    3.75077E-03
     5.37597E-02    4.30334E+00    3.49137E-01   -7.64108E-01   -1.42041E-01    5.12832E-01    6.49616E-02    4.97176E-01    4.61730E-03
     5.91347E-02    4.29394E+00    3.83138E-01   -7.60484E-01   -1.55832E-01    5.11841E-01    7.12254E-02    4.95521E-01    5.56929E-03
     6.45097E-02    4.28368E+00    4.16883E-01   -7.56533E-01   -1.69508E-01    5.10757E-01    7.74244E-02    4.93715E-01    6.60508E-03
     6.98847E-02    4.27257E+00    4.50352E-01   -7.52258E-01   -1.83059E-01    5.09583E-01    8.35533E-02    4.91763E-01    7.72285E-03
     7.52596E-02    4.26061E+00    4.83523E-01   -7.47665E-01   -1.96475E-01    5.08318E-01    8.96068E-02    4.89665E-01    8.92065E-03
     8.06346E-02    4.24782E+00    5.16374E-01   -7.42759E-01   -2.09749E-01    5.06964E-01    9.55798E-02    4.87425E-01    1.01964E-02
     8.60096E-02    4.23421E+00    5.48887E-01   -7.37546E-01   -2.22870E-01    5.05521E-01    1.01467E-01    4.85046E-01    1.15479E-02
     9.13846E-02    4.21978E+00    5.81040E-01   -7.32032E-01   -2.35830E-01    5.03990E-01    1.07265E-01    4.82529E-01    1.29729E-02
     9.67595E-02    4.20456E+00    6.12815E-01   -7.26222E-01   -2.48621E-01    5.02373E-01    1.12968E-01    4.79878E-01    1.44688E-02
     1.02135E-01    4.18855E+00    6.44192E-01   -7.20123E-01   -2.61235E-01    5.00670E-01    1.18572E-01    4.77097E-01    1.60333E-02
     1.07509E-01    4.17177E+00    6.75154E-01   -7.13743E-01   -2.73664E-01    4.98883E-01    1.24072E-01    4.74187E-01    1.76636E-02
     1.12884E-01    4.15423E+00    7.05683E-01   -7.07087E-01   -2.85901E-01    4.97012E-01    1.29465E-01    4.71154E-01    1.93571E-02
     1.18259E-01    4.13594E+00    7.35761E-01   -7.00164E-01   -2.97938E-01    4.95059E-01    1.34747E-01    4.67999E-01    2.11109E-02
     1.23634E-01    4.11692E+00    7.65373E-01   -6.92981E-01   -3.09769E-01    4.93025E-01    1.39914E-01    4.64727E-01    2.29222E-02
     1.29009E-01    4.09719E+00    7.94502E-01   -6.85545E-01   -3.21387E-01    4.90912E-01    1.44962E-01    4.61341E-01    2.47881E-02
     1.34384E-01    4.07677E+00    8.23134E-01   -6.77864E-01   -3.32787E-01    4.88720E-01    1.49889E-01    4.57845E-01    2.67055E-02
     1.39759E-01    4.05565E+00    8.51253E-01   -6.69947E-01   -3.43961E-01    4.86451E-01    1.54692E-01    4.54242E-01    2.86714E-02
     1.45134E-01    4.03388E+00    8.78846E-01   -6.61801E-01   -3.54906E-01    4.84107E-01    1.59367E-01    4.50538E-01    3.06828E-02
     1.50509E-01    4.01145E+00    9.05900E-01   -6.53434E-01   -3.65616E-01    4.81688E-01    1.63912E-01    4.46735E-01    3.27364E-02
     1.55884E-01    3.98839E+00    9.32402E-01   -6.44856E-01   -3.76087E-01    4.79197E-01    1.68325E-01    4.42837E-01    3.48292E-02
     1.61259E-01    3.96472E+00    9.58340E-01   -6.36074E-01   -3.86313E-01    4.76635E-01    1.72603E-01    4.38849E-01    3.69580E-02
     1.66634E-01    3.94046E+00    9.83704E-01   -6.27098E-01   -3.96291E-01    4.74003E-01    1.76745E-01    4.34775E-01    3.91196E-02
     1.72009E-01    3.91561E+00    1.00848E+00   -6.17935E-01   -4.06018E-01    4.71303E-01    1.80749E-01    4.30618E-01    4.13107E-02
     1.77384E-01    3.89021E+00    1.03267E+00   -6.08595E-01   -4.15490E-01    4.68537E-01    1.84613E-01    4.26384E-01    4.35283E-02
     1.82759E-01    3.86426E+00    1.05625E+00   -5.99086E-01   -4.24704E-01    4.65707E-01    1.88336E-01    4.22075E-01    4.57690E-02
     1.88134E-01    3.83779E+00    1.07922E+00   -5.89418E-01   -4.33658E-01    4.62813E-01    1.91917E-01    4.17696E-01    4.80298E-02
     1.93509E-01    3.81082E+00    1.10157E+00   -5.79598E-01   -4.42350E-01    4.59858E-01    1.95354E-01    4.13252E-01    5.03075E-02
     1.98884E-01    3.78337E+00    1.12330E+00   -5.69636E-01   -4.50777E-01    4.56843E-01    1.98648E-01    4.08747E-01    5.25989E-02
     2.04259E-01    3.75545E+00    1.14439E+00   -5.59539E-01   -4.58938E-01    4.53771E-01    2.01798E-01    4.04184E-01    5.49010E-02
     2.09634E-01    3.72708E+00    1.16485E+00   -5.49318E-01   -4.66833E-01    4.50642E-01    2.04804E-01    3.99567E-01    5.72108E-02
     2.15009E-01    3.69829E+00    1.18466E+00   -5.38981E-01   -4.74459E-01    4.47459E-01    2.07665E-01    3.94902E-01    5.95251E-02
     2.20384E-01    3.66909E+00    1.20383E+00   -5.28535E-01   -4.81818E-01    4.44224E-01    2.10381E-01    3.90192E-01    6.18411E-02
     2.25759E-01    3.63950E+00    1.22235E+00   -5.17990E-01   -4.88908E-01    4.40938E-01    2.12953E-01    3.85440E-01    6.41559E-02
     2.31134E-01    3.60954E+00    1.24022E+00   -5.07354E-01   -4.95729E-01    4.37603E-01    2.15382E-01    3.80651E-01    6.64666E-02
     2.36509E-01    3.57924E+00    1.25744E+00   -4.96635E-01   -5.02283E-01    4.34221E-01    2.17667E-01    3.75829E-01    6.87704E-02
     2.41884E-01    3.54860E+00    1.27400E+00   -4.85842E-01   -5.08569E-01    4.30794E-01    2.19811E-01    3.70978E-01    7.10647E-02
     2.47259E-01    3.51765E+00    1.28991E+00   -4.74982E-01   -5.14589E-01    4.27323E-01    2.21813E-01    3.66101E-01    7.33468E-02
     2.52634E-01    3.48641E+00    1.30516E+00   -4.64063E-01   -5.20344E-01    4.23811E-01    2.23674E-01    3.61203E-01    7.56141E-02
     2.58009E-01    3.45490E+00    1.31976E+00   -4.53093E-01   -5.25835E-01    4.20260E-01    2.25397E-01    3.56286E-01    7.78641E-02
     2.63384E-01    3.42313E+00    1.33371E+00   -4.42080E-01   -5.31064E-01    4.16670E-01    2.26983E-01    3.51355E-01    8.00946E-02
     2.68759E-01    3.39112E+00    1.34701E+00   -4.31031E-01   -5.36034E-01    4.13044E-01    2.28432E-01    3.46413E-01    8.23030E-02
     2.74134E-01    3.35889E+00    1.35966E+00   -4.19953E-01   -5.40746E-01    4.09385E-01    2.29748E-01    3.41463E-01    8.44873E-02
     2.79509E-01    3.32647E+00    1.37166E+00   -4.08854E-01   -5.45202E-01    4.05692E-01    2.30931E-01    3.36509E-01    8.66452E-02
     2.84884E-01    3.29386E+00    1.38302E+00   -3.97740E-01   -5.49407E-01    4.01970E-01    2.31983E-01    3.31554E-01    8.87748E-02
     2.90259E-01    3.26108E+00    1.39375E+00   -3.86618E-01   -5.53361E-01    3.98219E-01    2.32907E-01    3.26602E-01    9.08741E-02
     2.95634E-01    3.22816E+00    1.40384E+00   -3.75495E-01   -5.57069E-01    3.94441E-01    2.33705E-01    3.21655E-01    9.29411E-02
     3.01009E-01    3.19511E+00    1.41330E+00   -3.64376E-01   -5.60533E-01    3.90638E-01    2.34378E-01    3.16716E-01    9.49741E-02
     3.06384E-01    3.16194E+00    1.42214E+00   -3.53269E-01   -5.63757E-01    3.86812E-01    2.34930E-01    3.11788E-01    9.69715E-02
     3.11759E-01    3.12867E+00    1.43037E+00   -3.42179E-01   -5.66745E-01    3.82964E-01    2.35362E-01    3.06874E-01    9.89317E-02
     3.17134E-01    3.09532E+00    1.43799E+00   -3.31112E-01   -5.69499E-01    3.79097E-01    2.35677E-01    3.01978E-01    1.00853E-01
     3.22508E-01    3.06191E+00    1.44500E+00   -3.20074E-01   -5.72025E-01    3.75212E-01    2.35878E-01    2.97100E-01    1.02734E-01
     3.27883E-01    3.02844E+00    1.45142E+00   -3.09069E-01   -5.74325E-01    3.71310E-01    2.35968E-01    2.92245E-01    1.04574E-01
     3.33258E-01    2.99494E+00    1.45725E+00   -2.98103E-01   -5.76404E-01    3.67394E-01    2.35948E-01    2.87413E-01    1.06371E-01
     3.38633E-01    2.96142E+00    1.46250E+00   -2.87181E-01   -5.78265E-01    3.63466E-01    2.35821E-01    2.82609E-01    1.08125E-01
     3.44008E-01    2.92790E+00    1.46718E+00   -2.76308E-01   -5.79914E-01    3.59526E-01    2.35591E-01    2.77833E-01    1.09834E-01
     3.49383E-01    2.89438E+00    1.47129E+00   -2.65488E-01   -5.81355E-01    3.55577E-01    2.35261E-01    2.73088E-01    1.11496E-01
     3.54758E-01    2.86088E+00    1.47486E+00   -2.54726E-01   -5.82591E-01    3.51620E-01    2.34832E-01    2.68376E-01    1.13113E-01
     3.60133E-01    2.82742E+00    1.47787E+00   -2.44025E-01   -5.83627E-01    3.47657E-01    2.34308E-01    2.63700E-01    1.14682E-01
     3.65508E-01    2.79400E+00    1.48035E+00   -2.33390E-01   -5.84468E-01    3.43689E-01    2.33691E-01    2.59059E-01    1.16203E-01
     3.70883E-01    2.76065E+00    1.48231E+00   -2.22825E-01   -5.85118E-01    3.39718E-01    2.32986E-01    2.54458E-01    1.17675E-01
     3.76258E-01    2.72737E+00    1.48375E+00   -2.12332E-01   -5.85582E-01    3.35745E-01    2.32193E-01    2.49896E-01    1.19098E-01
     3.81633E-01    2.69417E+00    1.48468E+00   -2.01916E-01   -5.85864E-01    3.31773E-01    2.31317E-01    2.45376E-01    1.20472E-01
     3.87008E-01    2.66107E+00    1.48512E+00   -1.91580E-01   -5.85970E-01    3.27801E-01    2.30360E-01    2.40900E-01    1.21796E-01
     3.92383E-01    2.62808E+00    1.48507E+00   -1.81326E-01   -5.85902E-01    3.23833E-01    2.29326E-01    2.36467E-01    1.23069E-01
     3.97758E-01    2.59521E+00    1.48455E+00   -1.71157E-01   -5.85667E-01    3.19869E-01    2.28216E-01    2.32081E-01    1.24293E-01
     4.03133E-01    2.56246E+00    1.48356E+00   -1.61076E-01   -5.85269E-01    3.15910E-01    2.27034E-01    2.27741E-01    1.25465E-01
     4.08508E-01    2.52985E+00    1.48212E+00   -1.51086E-01   -5.84713E-01    3.11959E-01    2.25783E-01    2.23449E-01    1.26587E-01
     4.13883E-01    2.49740E+00    1.48024E+00   -1.41189E-01   -5.84002E-01    3.08016E-01    2.24466E-01    2.19206E-01    1.27659E-01
     4.19258E-01    2.46509E+00    1.47793E+00   -1.31387E-01   -5.83142E-01    3.04082E-01    2.23085E-01    2.15014E-01    1.28680E-01
     4.24633E-01    2.43296E+00    1.47519E+00   -1.21681E-01   -5.82137E-01    3.00159E-01    2.21643E-01    2.10872E-01    1.29650E-01
     4.30008E-01    2.40100E+00    1.47205E+00   -1.12074E-01   -5.80992E-01    2.96248E-01    2.20143E-01    2.06781E-01    1.30570E-01
     4.35383E-01    2.36923E+00    1.46851E+00   -1.02568E-01   -5.79712E-01    2.92351E-01    2.18587E-01    2.02743E-01    1.31440E-01
     4.40758E-01    2.33764E+00    1.46458E+00   -9.31634E-02   -5.78300E-01    2.88468E-01    2.16979E-01    1.98758E-01    1.32261E-01
     4.46133E-01    2.30626E+00    1.46028E+00   -8.38621E-02   -5.76761E-01    2.84600E-01    2.15321E-01    1.94826E-01    1.33032E-01
     4.51508E-01    2.27508E+00    1.45561E+00   -7.46653E-02   -5.75099E-01    2.80749E-01    2.13616E-01    1.90949E-01    1.33754E-01
     4.56883E-01    2.24411E+00    1.45058E+00   -6.55741E-02   -5.73320E-01    2.76915E-01    2.11866E-01    1.87125E-01    1.34428E-01
     4.62258E-01    2.21336E+00    1.44522E+00   -5.65895E-02   -5.71426E-01    2.73101E-01    2.10073E-01    1.83356E-01    1.35053E-01
     4.67633E-01    2.18284E+00    1.43952E+00   -4.77123E-02   -5.69423E-01    2.69306E-01    2.08241E-01    1.79643E-01    1.35631E-01
     4.73008E-01    2.15255E+00    1.43350E+00   -3.89432E-02   -5.67314E-01    2.65531E-01    2.06371E-01    1.75984E-01    1.36162E-01
     4.78383E-01    2.12250E+00    1.42718E+00   -3.02829E-02   -5.65104E-01    2.61778E-01    2.04466E-01    1.72381E-01    1.36646E-01
     4.83758E-01    2.09268E+00    1.42055E+00   -2.17318E-02   -5.62796E-01    2.58048E-01    2.02528E-01    1.68834E-01    1.37085E-01
     4.89133E-01    2.06312E+00    1.41363E+00   -1.32904E-02   -5.60395E-01    2.54340E-01    2.00560E-01    1.65342E-01    1.37478E-01
     4.94508E-01    2.03380E+00    1.40644E+00   -4.95890E-03   -5.57904E-01    2.50657E-01    1.98564E-01    1.61905E-01    1.37827E-01
     4.99883E-01    2.00474E+00    1.39898E+00    3.26242E-03   -5.55327E-01    2.46999E-01    1.96542E-01    1.58525E-01    1.38132E-01
     5.05258E-01    1.97594E+00    1.39127E+00    1.13735E-02   -5.52668E-01    2.43366E-01    1.94496E-01    1.55199E-01    1.38394E-01
     5.10633E-01    1.94741E+00    1.38330E+00    1.93743E-02   -5.49931E-01    2.39760E-01    1.92427E-01    1.51929E-01    1.38614E-01
     5.16008E-01    1.91914E+00    1.37511E+00    2.72648E-02   -5.47118E-01    2.36181E-01    1.90339E-01    1.48715E-01    1.38793E-01
     5.21383E-01    1.89114E+00    1.36668E+00    3.50454E-02   -5.44235E-01    2.32629E-01    1.88234E-01    1.45555E-01    1.38930E-01
     5.26758E-01    1.86341E+00    1.35804E+00    4.27160E-02   -5.41283E-01    2.29106E-01    1.86112E-01    1.42451E-01    1.39028E-01
     5.32133E-01    1.83596E+00    1.34919E+00    5.02772E-02   -5.38267E-01    2.25611E-01    1.83976E-01    1.39400E-01    1.39087E-01
     5.37508E-01    1.80879E+00    1.34015E+00    5.77291E-02   -5.35190E-01    2.22146E-01    1.81827E-01    1.36404E-01    1.39107E-01
     5.42882E-01    1.78189E+00    1.33092E+00    6.50723E-02   -5.32054E-01    2.18711E-01    1.79668E-01    1.33462E-01    1.39090E-01
     5.48257E-01    1.75528E+00    1.32151E+00    7.23072E-02   -5.28864E-01    2.15307E-01    1.77500E-01    1.30573E-01    1.39037E-01
     5.53632E-01    1.72895E+00    1.31194E+00    7.94343E-02   -5.25621E-01    2.11934E-01    1.75325E-01    1.27737E-01    1.38948E-01
     5.59007E-01    1.70291E+00    1.30220E+00    8.64544E-02   -5.22330E-01    2.08592E-01    1.73143E-01    1.24954E-01    1.38824E-01
     5.64382E-01    1.67716E+00    1.29232E+00    9.33679E-02   -5.18992E-01    2.05282E-01    1.70958E-01    1.22223E-01    1.38666E-01
     5.69757E-01    1.65169E+00    1.28229E+00    1.00176E-01   -5.15611E-01    2.02004E-01    1.68770E-01    1.19544E-01    1.38475E-01
     5.75132E-01    1.62651E+00    1.27212E+00    1.06878E-01   -5.12190E-01    1.98758E-01    1.66580E-01    1.16916E-01    1.38252E-01
     5.80507E-01    1.60162E+00    1.26184E+00    1.13477E-01   -5.08731E-01    1.95546E-01    1.64390E-01    1.14339E-01    1.37998E-01
     5.85882E-01    1.57702E+00    1.25143E+00    1.19972E-01   -5.05236E-01    1.92367E-01    1.62202E-01    1.11812E-01    1.37713E-01
     5.91257E-01    1.55271E+00    1.24092E+00    1.26364E-01   -5.01709E-01    1.89221E-01    1.60015E-01    1.09334E-01    1.37399E-01
     5.96632E-01    1.52870E+00    1.23031E+00    1.32655E-01   -4.98152E-01    1.86109E-01    1.57833E-01    1.06906E-01    1.37057E-01
     6.02007E-01    1.50497E+00    1.21960E+00    1.38845E-01   -4.94566E-01    1.83031E-01    1.55656E-01    1.04526E-01    1.36686E-01
     6.07382E-01    1.48153E+00    1.20881E+00    1.44935E-01   -4.90955E-01    1.79988E-01    1.53484E-01    1.02194E-01    1.36289E-01
     6.12757E-01    1.45838E+00    1.19793E+00    1.50926E-01   -4.87320E-01    1.76978E-01    1.51319E-01    9.99089E-02    1.35865E-01
     6.18132E-01    1.43552E+00    1.18699E+00    1.56819E-01   -4.83664E-01    1.74004E-01    1.49163E-01    9.76706E-02    1.35417E-01
     6.23507E-01    1.41296E+00    1.17598E+00    1.62616E-01   -4.79989E-01    1.71064E-01    1.47015E-01    9.54784E-02    1.34944E-01
     6.28882E-01    1.39067E+00    1.16491E+00    1.68316E-01   -4.76296E-01    1.68158E-01    1.44877E-01    9.33315E-02    1.34447E-01
     6.34257E-01    1.36868E+00    1.15379E+00    1.73922E-01   -4.72589E-01    1.65288E-01    1.42750E-01    9.12293E-02    1.33928E-01
     6.39632E-01    1.34697E+00    1.14263E+00    1.79434E-01   -4.68868E-01    1.62452E-01    1.40635E-01    8.91713E-02    1.33388E-01
     6.45007E-01    1.32555E+00    1.13142E+00    1.84854E-01   -4.65135E-01    1.59652E-01    1.38532E-01    8.71566E-02    1.32826E-01
     6.50382E-01    1.30442E+00    1.12019E+00    1.90182E-01   -4.61393E-01    1.56887E-01    1.36442E-01    8.51847E-02    1.32244E-01
     6.55757E-01    1.28356E+00    1.10892E+00    1.95419E-01   -4.57642E-01    1.54156E-01    1.34365E-01    8.32549E-02    1.31643E-01
     6.61132E-01    1.26299E+00    1.09764E+00    2.00567E-01   -4.53885E-01    1.51461E-01    1.32304E-01    8.13666E-02    1.31023E-01
     6.66507E-01    1.24270E+00    1.08634E+00    2.05627E-01   -4.50124E-01    1.48801E-01    1.30257E-01    7.95190E-02    1.30385E-01
     6.71882E-01    1.22268E+00    1.07503E+00    2.10600E-01   -4.46359E-01    1.46176E-01    1.28226E-01    7.77115E-02    1.29730E-01
     6.77257E-01    1.20294E+00    1.06371E+00    2.15487E-01   -4.42592E-01    1.43585E-01    1.26212E-01    7.59435E-02    1.29059E-01
     6.82632E-01    1.18348E+00    1.05239E+00    2.20290E-01   -4.38824E-01    1.41030E-01    1.24214E-01    7.42143E-02    1.28372E-01
     6.88007E-01    1.16429E+00    1.04107E+00    2.25008E-01   -4.35058E-01    1.38509E-01    1.22233E-01    7.25231E-02    1.27670E-01
     6.93382E-01    1.14537E+00    1.02977E+00    2.29644E-01   -4.31294E-01    1.36023E-01    1.20270E-01    7.08695E-02    1.26954E-01
     6.98757E-01    1.12672E+00    1.01847E+00    2.34199E-01   -4.27533E-01    1.33572E-01    1.18326E-01    6.92526E-02    1.26224E-01
     7.04132E-01    1.10834E+00    1.00720E+00    2.38673E-01   -4.23777E-01    1.31155E-01    1.16399E-01    6.76718E-02    1.25482E-01
     7.09507E-01    1.09022E+00    9.95945E-01    2.43069E-01   -4.20027E-01    1.28772E-01    1.14492E-01    6.61265E-02    1.24728E-01
     7.14882E-01    1.07237E+00    9.84717E-01    2.47386E-01   -4.16283E-01    1.26424E-01    1.12604E-01    6.46161E-02    1.23962E-01
     7.20257E-01    1.05478E+00    9.73519E-01    2.51626E-01   -4.12548E-01    1.24109E-01    1.10736E-01    6.31398E-02    1.23185E-01
     7.25632E-01    1.03744E+00    9.62353E-01    2.55791E-01   -4.08822E-01    1.21828E-01    1.08887E-01    6.16970E-02    1.22398E-01
     7.31007E-01    1.02036E+00    9.51225E-01    2.59881E-01   -4.05106E-01    1.19581E-01    1.07058E-01    6.02872E-02    1.21601E-01
     7.36382E-01    1.00354E+00    9.40136E-01    2.63898E-01   -4.01400E-01    1.17367E-01    1.05250E-01    5.89096E-02    1.20795E-01
     7.41757E-01    9.86961E-01    9.29091E-01    2.67842E-01   -3.97707E-01    1.15186E-01    1.03462E-01    5.75637E-02    1.19981E-01
     7.47132E-01    9.70636E-01    9.18093E-01    2.71715E-01   -3.94026E-01    1.13039E-01    1.01695E-01    5.62488E-02    1.19159E-01
     7.52506E-01    9.54557E-01    9.07144E-01    2.75518E-01   -3.90359E-01    1.10924E-01    9.99490E-02    5.49644E-02    1.18329E-01
     7.57881E-01    9.38722E-01    8.96247E-01    2.79252E-01   -3.86706E-01    1.08841E-01    9.82238E-02    5.37097E-02    1.17493E-01
     7.63256E-01    9.23129E-01    8.85406E-01    2.82918E-01   -3.83068E-01    1.06791E-01    9.65196E-02    5.24842E-02    1.16650E-01
     7.68631E-01    9.07774E-01    8.74622E-01    2.86517E-01   -3.79446E-01    1.04773E-01    9.48367E-02    5.12874E-02    1.15802E-01
     7.74006E-01    8.92656E-01    8.63899E-01    2.90050E-01   -3.75840E-01    1.02786E-01    9.31750E-02    5.01186E-02    1.14948E-01
     7.79381E-01    8.77771E-01    8.53238E-01    2.93518E-01   -3.72252E-01    1.00831E-01    9.15347E-02    4.89772E-02    1.14089E-01
     7.84756E-01    8.63117E-01    8.42642E-01    2.96923E-01   -3.68680E-01    9.89068E-02    8.99158E-02    4.78628E-02    1.13226E-01
     7.90131E-01    8.48692E-01    8.32114E-01    3.00265E-01   -3.65128E-01    9.70137E-02    8.83183E-02    4.67746E-02    1.12359E-01
     7.95506E-01    8.34492E-01    8.21654E-01    3.03545E-01   -3.61593E-01    9.51512E-02    8.67422E-02    4.57122E-02    1.11489E-01
     8.00881E-01    8.20516E-01    8.11265E-01    3.06765E-01   -3.58079E-01    9.33191E-02    8.51875E-02    4.46751E-02    1.10616E-01
     8.06256E-01    8.06760E-01    8.00949E-01    3.09925E-01   -3.54583E-01    9.15169E-02    8.36543E-02    4.36626E-02    1.09740E-01
     8.11631E-01    7.93222E-01    7.90707E-01    3.13026E-01   -3.51108E-01    8.97445E-02    8.21424E-02    4.26743E-02    1.08862E-01
     8.17006E-01    7.79900E-01    7.80541E-01    3.16069E-01   -3.47654E-01    8.80014E-02    8.06518E-02    4.17096E-02    1.07981E-01
     8.22381E-01    7.66789E-01    7.70453E-01    3.19056E-01   -3.44221E-01    8.62875E-02    7.91825E-02    4.07681E-02    1.07100E-01
     8.27756E-01    7.53889E-01    7.60444E-01    3.21987E-01   -3.40809E-01    8.46023E-02    7.77345E-02    3.98491E-02    1.06217E-01
     8.33131E-01    7.41196E-01    7.50515E-01    3.24864E-01   -3.37419E-01    8.29456E-02    7.63075E-02    3.89523E-02    1.05334E-01
     8.38506E-01    7.28707E-01    7.40667E-01    3.27686E-01   -3.34051E-01    8.13170E-02    7.49015E-02    3.80771E-02    1.04450E-01
     8.43881E-01    7.16420E-01    7.30902E-01    3.30456E-01   -3.30705E-01    7.97163E-02    7.35165E-02    3.72230E-02    1.03566E-01
     8.49256E-01    7.04332E-01    7.21221E-01    3.33173E-01   -3.27382E-01    7.81430E-02    7.21523E-02    3.63896E-02    1.02683E-01
     8.54631E-01    6.92441E-01    7.11624E-01    3.35840E-01   -3.24082E-01    7.65969E-02    7.08088E-02    3.55764E-02    1.01800E-01
     8.60006E-01    6.80744E-01    7.02113E-01    3.38456E-01   -3.20805E-01    7.50777E-02    6.94859E-02    3.47830E-02    1.00917E-01
     8.65381E-01    6.69238E-01    6.92688E-01    3.41023E-01   -3.17551E-01    7.35850E-02    6.81834E-02    3.40089E-02    1.00036E-01
     8.70756E-01    6.57921E-01    6.83351E-01    3.43541E-01   -3.14321E-01    7.21185E-02    6.69012E-02    3.32536E-02    9.91567E-02
     8.76131E-01    6.46789E-01    6.74100E-01    3.46012E-01   -3.11115E-01    7.06778E-02    6.56391E-02    3.25168E-02    9.82786E-02
     8.81506E-01    6.35842E-01    6.64939E-01    3.48436E-01   -3.07933E-01    6.92626E-02    6.43970E-02    3.17980E-02    9.74024E-02
     8.86881E-01    6.25075E-01    6.55866E-01    3.50814E-01   -3.04775E-01    6.78726E-02    6.31748E-02    3.10968E-02    9.65284E-02
     8.92256E-01    6.14487E-01    6.46882E-01    3.53147E-01   -3.01641E-01    6.65075E-02    6.19721E-02    3.04127E-02    9.56568E-02
     8.97631E-01    6.04074E-01    6.37988E-01    3.55436E-01   -2.98531E-01    6.51669E-02    6.07890E-02    2.97455E-02    9.47878E-02
     9.03006E-01    5.93835E-01    6.29184E-01    3.57681E-01   -2.95446E-01    6.38505E-02    5.96252E-02    2.90947E-02    9.39216E-02
     9.08381E-01    5.83766E-01    6.20471E-01    3.59884E-01   -2.92386E-01    6.25579E-02    5.84804E-02    2.84598E-02    9.30584E-02
     9.13756E-01    5.73866E-01    6.11848E-01    3.62044E-01   -2.89350E-01    6.12889E-02    5.73546E-02    2.78406E-02    9.21984E-02
     9.19131E-01    5.64132E-01    6.03315E-01    3.64164E-01   -2.86339E-01    6.00430E-02    5.62475E-02    2.72367E-02    9.13419E-02
     9.24506E-01    5.54561E-01    5.94874E-01    3.66243E-01   -2.83352E-01    5.88200E-02    5.51590E-02    2.66477E-02    9.04889E-02
     9.29881E-01    5.45150E-01    5.86523E-01    3.68282E-01   -2.80390E-01    5.76196E-02    5.40888E-02    2.60733E-02    8.96397E-02
     9.35256E-01    5.35899E-01    5.78264E-01    3.70282E-01   -2.77453E-01    5.64414E-02    5.30368E-02    2.55130E-02    8.87944E-02
     9.40631E-01    5.26804E-01    5.70095E-01    3.72244E-01   -2.74541E-01    5.52850E-02    5.20027E-02    2.49667E-02    8.79532E-02
     9.46006E-01    5.17862E-01    5.62017E-01    3.74169E-01   -2.71653E-01    5.41503E-02    5.09863E-02    2.44338E-02    8.71162E-02
     9.51381E-01    5.09072E-01    5.54030E-01    3.76057E-01   -2.68791E-01    5.30367E-02    4.99874E-02    2.39142E-02    8.62836E-02
     9.56756E-01    5.00431E-01    5.46134E-01    3.77908E-01   -2.65953E-01    5.19441E-02    4.90059E-02    2.34075E-02    8.54555E-02
     9.62131E-01    4.91937E-01    5.38328E-01    3.79724E-01   -2.63139E-01    5.08721E-02    4.80414E-02    2.29134E-02    8.46320E-02
     9.67505E-01    4.83587E-01    5.30612E-01    3.81506E-01   -2.60351E-01    4.98203E-02    4.70938E-02    2.24315E-02    8.38132E-02
     9.72880E-01    4.75380E-01    5.22986E-01    3.83253E-01   -2.57587E-01    4.87885E-02    4.61630E-02    2.19617E-02    8.29994E-02
     9.78255E-01    4.67312E-01    5.15450E-01    3.84966E-01   -2.54847E-01    4.77764E-02    4.52485E-02    2.15035E-02    8.21904E-02
     9.83630E-01    4.59383E-01    5.08003E-01    3.86647E-01   -2.52132E-01    4.67836E-02    4.43503E-02    2.10567E-02    8.13866E-02
     9.89005E-01    4.51590E-01    5.00645E-01    3.88295E-01   -2.49442E-01    4.58099E-02    4.34682E-02    2.06211E-02    8.05879E-02
     9.94380E-01    4.43929E-01    4.93376E-01    3.89912E-01   -2.46776E-01    4.48548E-02    4.26019E-02    2.01963E-02    7.97944E-02
     9.99755E-01    4.36401E-01    4.86194E-01    3.91498E-01   -2.44134E-01    4.39183E-02    4.17511E-02    1.97822E-02    7.90063E-02
     1.00513E+00    4.29002E-01    4.79101E-01    3.93053E-01   -2.41516E-01    4.29998E-02    4.09158E-02    1.93783E-02    7.82236E-02
     1.01051E+00    4.21730E-01    4.72094E-01    3.94578E-01   -2.38923E-01    4.20992E-02    4.00956E-02    1.89846E-02    7.74464E-02
     1.01588E+00    4.14583E-01    4.65175E-01    3.96073E-01   -2.36353E-01    4.12161E-02    3.92903E-02    1.86006E-02    7.66748E-02
     1.02126E+00    4.07559E-01    4.58341E-01    3.97540E-01   -2.33807E-01    4.03502E-02    3.84998E-02    1.82263E-02    7.59088E-02
     1.02663E+00    4.00657E-01    4.51594E-01    3.98979E-01   -2.31285E-01    3.95014E-02    3.77238E-02    1.78613E-02    7.51484E-02
     1.03201E+00    3.93874E-01    4.44931E-01    4.00390E-01   -2.28786E-01    3.86692E-02    3.69621E-02    1.75054E-02    7.43938E-02
     1.03738E+00    3.87208E-01    4.38354E-01    4.01774E-01   -2.26311E-01    3.78533E-02    3.62145E-02    1.71585E-02    7.36450E-02
     1.04276E+00    3.80658E-01    4.31860E-01    4.03131E-01   -2.23860E-01    3.70536E-02    3.54808E-02    1.68202E-02    7.29020E-02
     1.04813E+00    3.74221E-01    4.25449E-01    4.04462E-01   -2.21431E-01    3.62698E-02    3.47608E-02    1.64903E-02    7.21649E-02
     1.05351E+00    3.67896E-01    4.19122E-01    4.05767E-01   -2.19026E-01    3.55015E-02    3.40542E-02    1.61687E-02    7.14336E-02
     1.05888E+00    3.61680E-01    4.12876E-01    4.07047E-01   -2.16643E-01    3.47485E-02    3.33609E-02    1.58552E-02    7.07083E-02
     1.06426E+00    3.55572E-01    4.06712E-01    4.08303E-01   -2.14284E-01    3.40105E-02    3.26806E-02    1.55495E-02    6.99890E-02
     1.06963E+00    3.49571E-01    4.00629E-01    4.09534E-01   -2.11947E-01    3.32873E-02    3.20132E-02    1.52514E-02    6.92757E-02
     1.07500E+00    3.43674E-01    3.94626E-01    4.10741E-01   -2.09632E-01    3.25786E-02    3.13584E-02    1.49608E-02    6.85684E-02
     1.08038E+00    3.37880E-01    3.88702E-01    4.11926E-01   -2.07340E-01    3.18841E-02    3.07160E-02    1.46775E-02    6.78671E-02
     1.08575E+00    3.32186E-01    3.82858E-01    4.13087E-01   -2.05070E-01    3.12036E-02    3.00859E-02    1.44013E-02    6.71719E-02
     1.09113E+00    3.26592E-01    3.77091E-01    4.14226E-01   -2.02822E-01    3.05369E-02    2.94678E-02    1.41319E-02    6.64828E-02
     1.09650E+00    3.21095E-01    3.71402E-01    4.15343E-01   -2.00595E-01    2.98837E-02    2.88615E-02    1.38693E-02    6.57997E-02
     1.10188E+00    3.15695E-01    3.65789E-01    4.16438E-01   -1.98391E-01    2.92437E-02    2.82669E-02    1.36133E-02    6.51227E-02
     1.10725E+00    3.10388E-01    3.60252E-01    4.17512E-01   -1.96208E-01    2.86167E-02    2.76837E-02    1.33636E-02    6.44518E-02
     1.11263E+00    3.05175E-01    3.54790E-01    4.18566E-01   -1.94046E-01    2.80025E-02    2.71118E-02    1.31202E-02    6.37870E-02
     1.11800E+00    3.00052E-01    3.49403E-01    4.19599E-01   -1.91905E-01    2.74008E-02    2.65510E-02    1.28829E-02    6.31283E-02
     1.12338E+00    2.95019E-01    3.44090E-01    4.20612E-01   -1.89786E-01    2.68115E-02    2.60010E-02    1.26515E-02    6.24757E-02
     1.12875E+00    2.90074E-01    3.38849E-01    4.21606E-01   -1.87687E-01    2.62342E-02    2.54618E-02    1.24259E-02    6.18292E-02
     1.13413E+00    2.85216E-01    3.33681E-01    4.22580E-01   -1.85608E-01    2.56688E-02    2.49330E-02    1.22059E-02    6.11887E-02
     1.13950E+00    2.80443E-01    3.28584E-01    4.23536E-01   -1.83551E-01    2.51151E-02    2.44146E-02    1.19914E-02    6.05543E-02
     1.14488E+00    2.75753E-01    3.23558E-01    4.24473E-01   -1.81513E-01    2.45727E-02    2.39063E-02    1.17823E-02    5.99260E-02
     1.15025E+00    2.71146E-01    3.18602E-01    4.25392E-01   -1.79496E-01    2.40416E-02    2.34080E-02    1.15784E-02    5.93037E-02
     1.15563E+00    2.66620E-01    3.13715E-01    4.26293E-01   -1.77498E-01    2.35214E-02    2.29196E-02    1.13796E-02    5.86874E-02
     1.16100E+00    2.62173E-01    3.08896E-01    4.27177E-01   -1.75521E-01    2.30121E-02    2.24407E-02    1.11857E-02    5.80771E-02
     1.16638E+00    2.57804E-01    3.04145E-01    4.28044E-01   -1.73562E-01    2.25133E-02    2.19713E-02    1.09966E-02    5.74729E-02
     1.17175E+00    2.53511E-01    2.99461E-01    4.28894E-01   -1.71624E-01    2.20249E-02    2.15112E-02    1.08123E-02    5.68746E-02
     1.17713E+00    2.49294E-01    2.94842E-01    4.29728E-01   -1.69704E-01    2.15467E-02    2.10602E-02    1.06325E-02    5.62822E-02
     1.18250E+00    2.45152E-01    2.90290E-01    4.30546E-01   -1.67803E-01    2.10784E-02    2.06182E-02    1.04573E-02    5.56958E-02
     1.18788E+00    2.41082E-01    2.85802E-01    4.31348E-01   -1.65921E-01    2.06200E-02    2.01849E-02    1.02864E-02    5.51153E-02
     1.19325E+00    2.37083E-01    2.81377E-01    4.32134E-01   -1.64058E-01    2.01712E-02    1.97603E-02    1.01197E-02    5.45406E-02
     1.19863E+00    2.33155E-01    2.77016E-01    4.32905E-01   -1.62214E-01    1.97318E-02    1.93442E-02    9.95715E-03    5.39718E-02
     1.20400E+00    2.29296E-01    2.72717E-01    4.33662E-01   -1.60387E-01    1.93016E-02    1.89364E-02    9.79865E-03    5.34089E-02
     1.20938E+00    2.25505E-01    2.68480E-01    4.34403E-01   -1.58579E-01    1.88805E-02    1.85368E-02    9.64409E-03    5.28517E-02
     1.21475E+00    2.21781E-01    2.64303E-01    4.35131E-01   -1.56789E-01    1.84683E-02    1.81453E-02    9.49336E-03    5.23002E-02
     1.22013E+00    2.18122E-01    2.60186E-01    4.35844E-01   -1.55016E-01    1.80648E-02    1.77615E-02    9.34636E-03    5.17545E-02
     1.22550E+00    2.14528E-01    2.56129E-01    4.36544E-01   -1.53261E-01    1.76698E-02    1.73856E-02    9.20301E-03    5.12145E-02
     1.23088E+00    2.10996E-01    2.52131E-01    4.37230E-01   -1.51523E-01    1.72832E-02    1.70172E-02    9.06320E-03    5.06802E-02
     1.23625E+00    2.07528E-01    2.48190E-01    4.37903E-01   -1.49803E-01    1.69048E-02    1.66562E-02    8.92685E-03    5.01515E-02
     1.24163E+00    2.04120E-01    2.44306E-01    4.38563E-01   -1.48099E-01    1.65344E-02    1.63026E-02    8.79388E-03    4.96284E-02
     1.24700E+00    2.00772E-01    2.40479E-01    4.39210E-01   -1.46413E-01    1.61719E-02    1.59561E-02    8.66418E-03    4.91108E-02
     1.25238E+00    1.97484E-01    2.36707E-01    4.39845E-01   -1.44743E-01    1.58171E-02    1.56167E-02    8.53769E-03    4.85988E-02
     1.25775E+00    1.94253E-01    2.32990E-01    4.40468E-01   -1.43089E-01    1.54699E-02    1.52841E-02    8.41432E-03    4.80923E-02
     1.26313E+00    1.91080E-01    2.29327E-01    4.41078E-01   -1.41452E-01    1.51302E-02    1.49583E-02    8.29399E-03    4.75912E-02
     1.26850E+00    1.87962E-01    2.25718E-01    4.41677E-01   -1.39831E-01    1.47976E-02    1.46392E-02    8.17662E-03    4.70955E-02
     1.27388E+00    1.84899E-01    2.22162E-01    4.42264E-01   -1.38226E-01    1.44723E-02    1.43266E-02    8.06214E-03    4.66052E-02
     1.27925E+00    1.81891E-01    2.18657E-01    4.42840E-01   -1.36637E-01    1.41539E-02    1.40203E-02    7.95048E-03    4.61202E-02
     1.28463E+00    1.78936E-01    2.15205E-01    4.43405E-01   -1.35064E-01    1.38423E-02    1.37203E-02    7.84156E-03    4.56405E-02
     1.29000E+00    1.76032E-01    2.11802E-01    4.43959E-01   -1.33506E-01    1.35374E-02    1.34265E-02    7.73532E-03    4.51661E-02
     1.29538E+00    1.73180E-01    2.08450E-01    4.44502E-01   -1.31963E-01    1.32391E-02    1.31387E-02    7.63168E-03    4.46969E-02
     1.30075E+00    1.70379E-01    2.05147E-01    4.45035E-01   -1.30435E-01    1.29472E-02    1.28568E-02    7.53058E-03    4.42328E-02
     1.30613E+00    1.67627E-01    2.01893E-01    4.45557E-01   -1.28923E-01    1.26617E-02    1.25807E-02    7.43196E-03    4.37739E-02
     1.31150E+00    1.64923E-01    1.98687E-01    4.46070E-01   -1.27425E-01    1.23823E-02    1.23103E-02    7.33575E-03    4.33201E-02
     1.31688E+00    1.62268E-01    1.95528E-01    4.46572E-01   -1.25942E-01    1.21089E-02    1.20454E-02    7.24189E-03    4.28714E-02
     1.32225E+00    1.59659E-01    1.92415E-01    4.47065E-01   -1.24473E-01    1.18415E-02    1.17860E-02    7.15033E-03    4.24276E-02
     1.32763E+00    1.57097E-01    1.89349E-01    4.47548E-01   -1.23019E-01    1.15799E-02    1.15320E-02    7.06100E-03    4.19888E-02
     1.33300E+00    1.54580E-01    1.86328E-01    4.48022E-01   -1.21578E-01    1.13239E-02    1.12832E-02    6.97385E-03    4.15550E-02
     1.33838E+00    1.52107E-01    1.83352E-01    4.48487E-01   -1.20152E-01    1.10735E-02    1.10396E-02    6.88882E-03    4.11260E-02
     1.34375E+00    1.49678E-01    1.80420E-01    4.48943E-01   -1.18739E-01    1.08286E-02    1.08010E-02    6.80587E-03    4.07019E-02
     1.34913E+00    1.47293E-01    1.77531E-01    4.49390E-01   -1.17341E-01    1.05890E-02    1.05673E-02    6.72493E-03    4.02826E-02
     1.35450E+00    1.44949E-01    1.74686E-01    4.49829E-01   -1.15955E-01    1.03546E-02    1.03385E-02    6.64595E-03    3.98680E-02
     1.35988E+00    1.42647E-01    1.71882E-01    4.50259E-01   -1.14584E-01    1.01253E-02    1.01145E-02    6.56890E-03    3.94581E-02
     1.36525E+00    1.40386E-01    1.69120E-01    4.50680E-01   -1.13225E-01    9.90110E-03    9.89509E-03    6.49371E-03    3.90530E-02
     1.37063E+00    1.38165E-01    1.66399E-01    4.51094E-01   -1.11879E-01    9.68176E-03    9.68025E-03    6.42035E-03    3.86524E-02
     1.37600E+00    1.35983E-01    1.63719E-01    4.51499E-01   -1.10547E-01    9.46723E-03    9.46989E-03    6.34876E-03    3.82565E-02
     1.38138E+00    1.33841E-01    1.61078E-01    4.51897E-01   -1.09227E-01    9.25740E-03    9.26391E-03    6.27890E-03    3.78651E-02
     1.38675E+00    1.31736E-01    1.58477E-01    4.52287E-01   -1.07919E-01    9.05218E-03    9.06222E-03    6.21073E-03    3.74782E-02
     1.39213E+00    1.29668E-01    1.55915E-01    4.52670E-01   -1.06625E-01    8.85146E-03    8.86474E-03    6.14421E-03    3.70958E-02
     1.39750E+00    1.27638E-01    1.53390E-01    4.53045E-01   -1.05342E-01    8.65517E-03    8.67139E-03    6.07929E-03    3.67178E-02
     1.40288E+00    1.25643E-01    1.50903E-01    4.53413E-01   -1.04072E-01    8.46319E-03    8.48207E-03    6.01594E-03    3.63442E-02
     1.40825E+00    1.23684E-01    1.48453E-01    4.53773E-01   -1.02813E-01    8.27545E-03    8.29672E-03    5.95411E-03    3.59749E-02
     1.41363E+00    1.21760E-01    1.46040E-01    4.54127E-01   -1.01567E-01    8.09185E-03    8.11524E-03    5.89377E-03    3.56099E-02
     1.41900E+00    1.19870E-01    1.43663E-01    4.54474E-01   -1.00332E-01    7.91231E-03    7.93756E-03    5.83487E-03    3.52492E-02
     1.42438E+00    1.18013E-01    1.41321E-01    4.54814E-01   -9.91094E-02    7.73674E-03    7.76360E-03    5.77740E-03    3.48928E-02
     1.42975E+00    1.16190E-01    1.39013E-01    4.55148E-01   -9.78980E-02    7.56505E-03    7.59329E-03    5.72130E-03    3.45405E-02
     1.43513E+00    1.14399E-01    1.36740E-01    4.55475E-01   -9.66978E-02    7.39717E-03    7.42656E-03    5.66654E-03    3.41923E-02
     1.44050E+00    1.12640E-01    1.34501E-01    4.55796E-01   -9.55089E-02    7.23301E-03    7.26332E-03    5.61310E-03    3.38482E-02
     1.44588E+00    1.10913E-01    1.32296E-01    4.56110E-01   -9.43311E-02    7.07250E-03    7.10352E-03    5.56093E-03    3.35082E-02
     1.45125E+00    1.09217E-01    1.30123E-01    4.56419E-01   -9.31642E-02    6.91556E-03    6.94707E-03    5.51001E-03    3.31723E-02
     1.45663E+00    1.07551E-01    1.27982E-01    4.56721E-01   -9.20082E-02    6.76211E-03    6.79391E-03    5.46031E-03    3.28403E-02
     1.46200E+00    1.05914E-01    1.25873E-01    4.57018E-01   -9.08628E-02    6.61207E-03    6.64397E-03    5.41179E-03    3.25122E-02
     1.46738E+00    1.04307E-01    1.23796E-01    4.57309E-01   -8.97281E-02    6.46538E-03    6.49719E-03    5.36443E-03    3.21881E-02
     1.47275E+00    1.02729E-01    1.21749E-01    4.57594E-01   -8.86038E-02    6.32197E-03    6.35349E-03    5.31820E-03    3.18678E-02
     1.47813E+00    1.01179E-01    1.19733E-01    4.57873E-01   -8.74898E-02    6.18176E-03    6.21283E-03    5.27306E-03    3.15514E-02
     1.48350E+00    9.96572E-02    1.17747E-01    4.58147E-01   -8.63860E-02    6.04468E-03    6.07513E-03    5.22900E-03    3.12387E-02
     1.48888E+00    9.81626E-02    1.15790E-01    4.58416E-01   -8.52923E-02    5.91068E-03    5.94033E-03    5.18599E-03    3.09298E-02
     1.49425E+00    9.66948E-02    1.13862E-01    4.58680E-01   -8.42086E-02    5.77967E-03    5.80838E-03    5.14400E-03    3.06246E-02
     1.49963E+00    9.52535E-02    1.11962E-01    4.58938E-01   -8.31347E-02    5.65161E-03    5.67921E-03    5.10300E-03    3.03231E-02
     1.50500E+00    9.38382E-02    1.10091E-01    4.59191E-01   -8.20705E-02    5.52642E-03    5.55277E-03    5.06298E-03    3.00252E-02
     1.51038E+00    9.24484E-02    1.08248E-01    4.59440E-01   -8.10159E-02    5.40405E-03    5.42899E-03    5.02390E-03    2.97310E-02
     1.51575E+00    9.10837E-02    1.06431E-01    4.59683E-01   -7.99709E-02    5.28444E-03    5.30783E-03    4.98575E-03    2.94403E-02
     1.52113E+00    8.97437E-02    1.04642E-01    4.59922E-01   -7.89352E-02    5.16752E-03    5.18923E-03    4.94850E-03    2.91531E-02
     1.52650E+00    8.84280E-02    1.02879E-01    4.60156E-01   -7.79088E-02    5.05323E-03    5.07314E-03    4.91213E-03    2.88695E-02
     1.53188E+00    8.71362E-02    1.01141E-01    4.60385E-01   -7.68916E-02    4.94153E-03    4.95950E-03    4.87662E-03    2.85893E-02
     1.53725E+00    8.58678E-02    9.94298E-02    4.60610E-01   -7.58834E-02    4.83236E-03    4.84826E-03    4.84194E-03    2.83125E-02
     1.54263E+00    8.46225E-02    9.77434E-02    4.60830E-01   -7.48841E-02    4.72565E-03    4.73938E-03    4.80809E-03    2.80392E-02
     1.54800E+00    8.33999E-02    9.60817E-02    4.61046E-01   -7.38937E-02    4.62137E-03    4.63280E-03    4.77503E-03    2.77692E-02
     1.55338E+00    8.21996E-02    9.44444E-02    4.61258E-01   -7.29120E-02    4.51945E-03    4.52847E-03    4.74276E-03    2.75025E-02
     1.55875E+00    8.10212E-02    9.28311E-02    4.61466E-01   -7.19389E-02    4.41985E-03    4.42635E-03    4.71124E-03    2.72391E-02
     1.56413E+00    7.98644E-02    9.12414E-02    4.61669E-01   -7.09743E-02    4.32251E-03    4.32639E-03    4.68046E-03    2.69790E-02
     1.56950E+00    7.87288E-02    8.96749E-02    4.61869E-01   -7.00182E-02    4.22740E-03    4.22854E-03    4.65041E-03    2.67222E-02
     1.57488E+00    7.76141E-02    8.81312E-02    4.62064E-01   -6.90704E-02    4.13445E-03    4.13277E-03    4.62107E-03    2.64685E-02
     1.58025E+00    7.65198E-02    8.66101E-02    4.62256E-01   -6.81308E-02    4.04362E-03    4.03902E-03    4.59241E-03    2.62180E-02
     1.58563E+00    7.54458E-02    8.51111E-02    4.62443E-01   -6.71993E-02    3.95487E-03    3.94726E-03    4.56443E-03    2.59707E-02
     1.59100E+00    7.43915E-02    8.36338E-02    4.62627E-01   -6.62758E-02    3.86816E-03    3.85743E-03    4.53711E-03    2.57264E-02
     1.59638E+00    7.33568E-02    8.21779E-02    4.62808E-01   -6.53603E-02    3.78343E-03    3.76951E-03    4.51043E-03    2.54853E-02
     1.60175E+00    7.23413E-02    8.07432E-02    4.62984E-01   -6.44526E-02    3.70066E-03    3.68345E-03    4.48438E-03    2.52471E-02
     1.60713E+00    7.13446E-02    7.93291E-02    4.63157E-01   -6.35526E-02    3.61978E-03    3.59921E-03    4.45894E-03    2.50120E-02
     1.61250E+00    7.03666E-02    7.79355E-02    4.63327E-01   -6.26603E-02    3.54077E-03    3.51675E-03    4.43409E-03    2.47799E-02
     1.61788E+00    6.94067E-02    7.65619E-02    4.63493E-01   -6.17755E-02    3.46358E-03    3.43603E-03    4.40983E-03    2.45508E-02
     1.62325E+00    6.84649E-02    7.52080E-02    4.63656E-01   -6.08981E-02    3.38818E-03    3.35702E-03    4.38614E-03    2.43246E-02
     1.62863E+00    6.75407E-02    7.38736E-02    4.63816E-01   -6.00282E-02    3.31452E-03    3.27968E-03    4.36301E-03    2.41013E-02
     1.63400E+00    6.66339E-02    7.25582E-02    4.63972E-01   -5.91655E-02    3.24257E-03    3.20397E-03    4.34042E-03    2.38808E-02
     1.63938E+00    6.57443E-02    7.12616E-02    4.64125E-01   -5.83100E-02    3.17230E-03    3.12986E-03    4.31836E-03    2.36633E-02
     1.64475E+00    6.48714E-02    6.99835E-02    4.64275E-01   -5.74616E-02    3.10365E-03    3.05732E-03    4.29682E-03    2.34485E-02
     1.65013E+00    6.40151E-02    6.87236E-02    4.64422E-01   -5.66202E-02    3.03661E-03    2.98631E-03    4.27579E-03    2.32366E-02
     1.65550E+00    6.31751E-02    6.74815E-02    4.64566E-01   -5.57858E-02    2.97114E-03    2.91679E-03    4.25525E-03    2.30274E-02
     1.66088E+00    6.23512E-02    6.62570E-02    4.64706E-01   -5.49582E-02    2.90720E-03    2.84874E-03    4.23520E-03    2.28210E-02
     1.66625E+00    6.15430E-02    6.50497E-02    4.64844E-01   -5.41374E-02    2.84476E-03    2.78213E-03    4.21562E-03    2.26173E-02
     1.67163E+00    6.07504E-02    6.38595E-02    4.64980E-01   -5.33232E-02    2.78379E-03    2.71691E-03    4.19650E-03    2.24163E-02
     1.67700E+00    5.99731E-02    6.26859E-02    4.65112E-01   -5.25157E-02    2.72425E-03    2.65307E-03    4.17783E-03    2.22180E-02
     1.68238E+00    5.92108E-02    6.15288E-02    4.65241E-01   -5.17147E-02    2.66612E-03    2.59057E-03    4.15961E-03    2.20223E-02
     1.68775E+00    5.84633E-02    6.03878E-02    4.65368E-01   -5.09202E-02    2.60936E-03    2.52938E-03    4.14182E-03    2.18293E-02
     1.69313E+00    5.77304E-02    5.92627E-02    4.65492E-01   -5.01320E-02    2.55396E-03    2.46948E-03    4.12444E-03    2.16389E-02
     1.69850E+00    5.70118E-02    5.81532E-02    4.65614E-01   -4.93501E-02    2.49987E-03    2.41083E-03    4.10748E-03    2.14510E-02
     1.70388E+00    5.63073E-02    5.70590E-02    4.65733E-01   -4.85744E-02    2.44707E-03    2.35342E-03    4.09093E-03    2.12658E-02
     1.70925E+00    5.56168E-02    5.59799E-02    4.65849E-01   -4.78049E-02    2.39553E-03    2.29720E-03    4.07476E-03    2.10830E-02
     1.71463E+00    5.49400E-02    5.49156E-02    4.65963E-01   -4.70414E-02    2.34523E-03    2.24216E-03    4.05899E-03    2.09028E-02
     1.72000E+00    5.42766E-02    5.38660E-02    4.66075E-01   -4.62840E-02    2.29613E-03    2.18827E-03    4.04359E-03    2.07251E-02
     1.72538E+00    5.36265E-02    5.28306E-02    4.66184E-01   -4.55324E-02    2.24823E-03    2.13550E-03    4.02855E-03    2.05499E-02
     1.73075E+00    5.29895E-02    5.18093E-02    4.66290E-01   -4.47867E-02    2.20148E-03    2.08383E-03    4.01388E-03    2.03771E-02
     1.73613E+00    5.23654E-02    5.08018E-02    4.66395E-01   -4.40468E-02    2.15586E-03    2.03323E-03    3.99956E-03    2.02068E-02
     1.74150E+00    5.17539E-02    4.98080E-02    4.66497E-01   -4.33126E-02    2.11136E-03    1.98369E-03    3.98559E-03    2.00389E-02
     1.74688E+00    5.11549E-02    4.88275E-02    4.66597E-01   -4.25841E-02    2.06794E-03    1.93517E-03    3.97195E-03    1.98734E-02
     1.75225E+00    5.05682E-02    4.78601E-02    4.66694E-01   -4.18611E-02    2.02559E-03    1.88766E-03    3.95865E-03    1.97102E-02
     1.75763E+00    4.99937E-02    4.69056E-02    4.66790E-01   -4.11437E-02    1.98428E-03    1.84113E-03    3.94566E-03    1.95495E-02
     1.76300E+00    4.94311E-02    4.59638E-02    4.66883E-01   -4.04316E-02    1.94399E-03    1.79556E-03    3.93300E-03    1.93911E-02
     1.76838E+00    4.88802E-02    4.50345E-02    4.66975E-01   -3.97250E-02    1.90470E-03    1.75092E-03    3.92064E-03    1.92351E-02
     1.77375E+00    4.83409E-02    4.41174E-02    4.67064E-01   -3.90236E-02    1.86638E-03    1.70720E-03    3.90859E-03    1.90813E-02
     1.77913E+00    4.78131E-02    4.32123E-02    4.67151E-01   -3.83276E-02    1.82903E-03    1.66438E-03    3.89683E-03    1.89299E-02
     1.78450E+00    4.72964E-02    4.23190E-02    4.67236E-01   -3.76366E-02    1.79261E-03    1.62244E-03    3.88536E-03    1.87808E-02
     1.78988E+00    4.67909E-02    4.14373E-02    4.67319E-01   -3.69509E-02    1.75712E-03    1.58134E-03    3.87418E-03    1.86339E-02
     1.79525E+00    4.62963E-02    4.05670E-02    4.67401E-01   -3.62701E-02    1.72252E-03    1.54109E-03    3.86328E-03    1.84893E-02
     1.80063E+00    4.58125E-02    3.97078E-02    4.67480E-01   -3.55944E-02    1.68881E-03    1.50165E-03    3.85265E-03    1.83469E-02
     1.80600E+00    4.53393E-02    3.88597E-02    4.67558E-01   -3.49236E-02    1.65596E-03    1.46301E-03    3.84228E-03    1.82068E-02
     1.81138E+00    4.48765E-02    3.80223E-02    4.67634E-01   -3.42577E-02    1.62395E-03    1.42515E-03    3.83218E-03    1.80689E-02
     1.81675E+00    4.44241E-02    3.71955E-02    4.67708E-01   -3.35966E-02    1.59278E-03    1.38805E-03    3.82234E-03    1.79332E-02
     1.82213E+00    4.39819E-02    3.63791E-02    4.67780E-01   -3.29403E-02    1.56241E-03    1.35169E-03    3.81274E-03    1.77997E-02
     1.82750E+00    4.35496E-02    3.55730E-02    4.67850E-01   -3.22887E-02    1.53285E-03    1.31606E-03    3.80340E-03    1.76684E-02
     1.83288E+00    4.31273E-02    3.47768E-02    4.67919E-01   -3.16418E-02    1.50406E-03    1.28114E-03    3.79429E-03    1.75393E-02
     1.83825E+00    4.27147E-02    3.39905E-02    4.67986E-01   -3.09994E-02    1.47604E-03    1.24691E-03    3.78543E-03    1.74123E-02
     1.84363E+00    4.23118E-02    3.32138E-02    4.68051E-01   -3.03616E-02    1.44876E-03    1.21335E-03    3.77679E-03    1.72875E-02
     1.84900E+00    4.19183E-02    3.24466E-02    4.68115E-01   -2.97282E-02    1.42222E-03    1.18045E-03    3.76838E-03    1.71648E-02
     1.85438E+00    4.15342E-02    3.16887E-02    4.68177E-01   -2.90993E-02    1.39641E-03    1.14820E-03    3.76020E-03    1.70442E-02
     1.85975E+00    4.11594E-02    3.09399E-02    4.68238E-01   -2.84748E-02    1.37129E-03    1.11658E-03    3.75223E-03    1.69258E-02
     1.86513E+00    4.07936E-02    3.02000E-02    4.68297E-01   -2.78545E-02    1.34687E-03    1.08556E-03    3.74448E-03    1.68095E-02
     1.87050E+00    4.04369E-02    2.94690E-02    4.68354E-01   -2.72386E-02    1.32313E-03    1.05515E-03    3.73694E-03    1.66953E-02
     1.87588E+00    4.00891E-02    2.87465E-02    4.68410E-01   -2.66269E-02    1.30006E-03    1.02532E-03    3.72961E-03    1.65832E-02
     1.88125E+00    3.97500E-02    2.80325E-02    4.68464E-01   -2.60193E-02    1.27764E-03    9.96055E-04    3.72248E-03    1.64732E-02
     1.88663E+00    3.94195E-02    2.73268E-02    4.68517E-01   -2.54159E-02    1.25586E-03    9.67346E-04    3.71555E-03    1.63653E-02
     1.89200E+00    3.90976E-02    2.66292E-02    4.68569E-01   -2.48166E-02    1.23470E-03    9.39178E-04    3.70882E-03    1.62595E-02
     1.89738E+00    3.87842E-02    2.59395E-02    4.68619E-01   -2.42212E-02    1.21417E-03    9.11536E-04    3.70228E-03    1.61558E-02
     1.90275E+00    3.84790E-02    2.52577E-02    4.68668E-01   -2.36299E-02    1.19424E-03    8.84408E-04    3.69593E-03    1.60541E-02
     1.90813E+00    3.81821E-02    2.45835E-02    4.68715E-01   -2.30424E-02    1.17491E-03    8.57780E-04    3.68976E-03    1.59545E-02
     1.91350E+00    3.78933E-02    2.39168E-02    4.68761E-01   -2.24589E-02    1.15615E-03    8.31639E-04    3.68378E-03    1.58570E-02
     1.91888E+00    3.76125E-02    2.32575E-02    4.68806E-01   -2.18792E-02    1.13798E-03    8.05973E-04    3.67798E-03    1.57615E-02
     1.92425E+00    3.73397E-02    2.26053E-02    4.68849E-01   -2.13032E-02    1.12036E-03    7.80769E-04    3.67235E-03    1.56681E-02
     1.92963E+00    3.70747E-02    2.19603E-02    4.68891E-01   -2.07311E-02    1.10330E-03    7.56014E-04    3.66689E-03    1.55768E-02
     1.93500E+00    3.68174E-02    2.13221E-02    4.68932E-01   -2.01626E-02    1.08678E-03    7.31698E-04    3.66161E-03    1.54875E-02
     1.94038E+00    3.65678E-02    2.06907E-02    4.68971E-01   -1.95977E-02    1.07079E-03    7.07807E-04    3.65649E-03    1.54002E-02
     1.94575E+00    3.63257E-02    2.00660E-02    4.69009E-01   -1.90365E-02    1.05533E-03    6.84330E-04    3.65154E-03    1.53150E-02
     1.95113E+00    3.60912E-02    1.94477E-02    4.69046E-01   -1.84788E-02    1.04039E-03    6.61256E-04    3.64675E-03    1.52319E-02
     1.95650E+00    3.58640E-02    1.88358E-02    4.69082E-01   -1.79247E-02    1.02595E-03    6.38573E-04    3.64212E-03    1.51508E-02
     1.96188E+00    3.56441E-02    1.82301E-02    4.69117E-01   -1.73740E-02    1.01201E-03    6.16271E-04    3.63765E-03    1.50718E-02
     1.96725E+00    3.54314E-02    1.76305E-02    4.69150E-01   -1.68268E-02    9.98557E-04    5.94338E-04    3.63334E-03    1.49949E-02
     1.97263E+00    3.52259E-02    1.70368E-02    4.69182E-01   -1.62830E-02    9.85588E-04    5.72764E-04    3.62917E-03    1.49200E-02
     1.97800E+00    3.50275E-02    1.64490E-02    4.69213E-01   -1.57425E-02    9.73094E-04    5.51537E-04    3.62516E-03    1.48472E-02
     1.98338E+00    3.48361E-02    1.58668E-02    4.69243E-01   -1.52053E-02    9.61067E-04    5.30649E-04    3.62129E-03    1.47764E-02
     1.98875E+00    3.46515E-02    1.52903E-02    4.69272E-01   -1.46715E-02    9.49500E-04    5.10088E-04    3.61757E-03    1.47077E-02
     1.99413E+00    3.44739E-02    1.47192E-02    4.69300E-01   -1.41408E-02    9.38385E-04    4.89844E-04    3.61399E-03    1.46411E-02
     1.99950E+00    3.43030E-02    1.41534E-02    4.69326E-01   -1.36134E-02    9.27717E-04    4.69908E-04    3.61056E-03    1.45766E-02
     2.00488E+00    3.41388E-02    1.35928E-02    4.69352E-01   -1.30891E-02    9.17487E-04    4.50269E-04    3.60727E-03    1.45141E-02
     2.01025E+00    3.39813E-02    1.30373E-02    4.69376E-01   -1.25680E-02    9.07690E-04    4.30918E-04    3.60411E-03    1.44538E-02
     2.01563E+00    3.38304E-02    1.24867E-02    4.69400E-01   -1.20499E-02    8.98320E-04    4.11846E-04    3.60109E-03    1.43955E-02
     2.02100E+00    3.36859E-02    1.19410E-02    4.69422E-01   -1.15349E-02    8.89371E-04    3.93043E-04    3.59820E-03    1.43394E-02
     2.02638E+00    3.35480E-02    1.14000E-02    4.69443E-01   -1.10229E-02    8.80837E-04    3.74499E-04    3.59545E-03    1.42854E-02
     2.03175E+00    3.34164E-02    1.08636E-02    4.69464E-01   -1.05138E-02    8.72712E-04    3.56207E-04    3.59283E-03    1.42335E-02
     2.03713E+00    3.32912E-02    1.03318E-02    4.69483E-01   -1.00077E-02    8.64990E-04    3.38155E-04    3.59033E-03    1.41838E-02
     2.04250E+00    3.31723E-02    9.80428E-03    4.69501E-01   -9.50455E-03    8.57668E-04    3.20337E-04    3.58797E-03    1.41362E-02
     2.04788E+00    3.30596E-02    9.28107E-03    4.69519E-01   -9.00423E-03    8.50739E-04    3.02743E-04    3.58573E-03    1.40907E-02
     2.05325E+00    3.29530E-02    8.76203E-03    4.69535E-01   -8.50674E-03    8.44200E-04    2.85363E-04    3.58361E-03    1.40474E-02
     2.05863E+00    3.28526E-02    8.24706E-03    4.69550E-01   -8.01206E-03    8.38044E-04    2.68191E-04    3.58162E-03    1.40064E-02
     2.06400E+00    3.27583E-02    7.73603E-03    4.69565E-01   -7.52015E-03    8.32269E-04    2.51217E-04    3.57976E-03    1.39675E-02
     2.06938E+00    3.26700E-02    7.22885E-03    4.69578E-01   -7.03097E-03    8.26869E-04    2.34432E-04    3.57801E-03    1.39308E-02
     2.07475E+00    3.25876E-02    6.72542E-03    4.69591E-01   -6.54449E-03    8.21841E-04    2.17830E-04    3.57638E-03    1.38963E-02
     2.08013E+00    3.25112E-02    6.22562E-03    4.69603E-01   -6.06068E-03    8.17180E-04    2.01400E-04    3.57487E-03    1.38641E-02
     2.08550E+00    3.24407E-02    5.72936E-03    4.69614E-01   -5.57951E-03    8.12883E-04    1.85136E-04    3.57348E-03    1.38342E-02
     2.09088E+00    3.23761E-02    5.23654E-03    4.69623E-01   -5.10094E-03    8.08946E-04    1.69029E-04    3.57221E-03    1.38065E-02
     2.09625E+00    3.23172E-02    4.74706E-03    4.69632E-01   -4.62495E-03    8.05366E-04    1.53071E-04    3.57105E-03    1.37811E-02
     2.10163E+00    3.22641E-02    4.26081E-03    4.69640E-01   -4.15150E-03    8.02139E-04    1.37255E-04    3.57000E-03    1.37581E-02
     2.10700E+00    3.22167E-02    3.77771E-03    4.69648E-01   -3.68057E-03    7.99263E-04    1.21572E-04    3.56907E-03    1.37373E-02
     2.11238E+00    3.21750E-02    3.29764E-03    4.69654E-01   -3.21211E-03    7.96735E-04    1.06015E-04    3.56825E-03    1.37189E-02
     2.11775E+00    3.21389E-02    2.82053E-03    4.69659E-01   -2.74611E-03    7.94551E-04    9.05765E-05    3.56754E-03    1.37029E-02
     2.12313E+00    3.21085E-02    2.34627E-03    4.69664E-01   -2.28254E-03    7.92709E-04    7.52481E-05    3.56695E-03    1.36893E-02
     2.12850E+00    3.20836E-02    1.87476E-03    4.69668E-01   -1.82136E-03    7.91207E-04    6.00227E-05    3.56646E-03    1.36781E-02
     2.13388E+00    3.20643E-02    1.40593E-03    4.69671E-01   -1.36254E-03    7.90042E-04    4.48926E-05    3.56608E-03    1.36694E-02
     2.13925E+00    3.20504E-02    9.39662E-04    4.69673E-01   -9.06060E-04    7.89213E-04    2.98504E-05    3.56582E-03    1.36631E-02
     2.14463E+00    3.20421E-02    4.75882E-04    4.69674E-01   -4.51889E-04    7.88716E-04    1.48887E-05    3.56565E-03    1.36593E-02
     2.15000E+00    3.20392E-02    1.44950E-05    4.69674E-01   -2.11933-117    7.88551E-04    1.86525E-30    3.56560E-03    1.36580E-02
