     1.00000E-05    3.99136E+00   -2.04960E-05   -5.06597E-01   -1.72141E-05    4.21869E-01    6.93912E-06    3.65790E-01    9.00044E-11
     2.80997E-03    3.99127E+00    1.21928E-02   -5.06568E-01   -4.83700E-03    4.21860E-01    1.94981E-03    3.65778E-01    7.10647E-06
     5.60995E-03    3.99100E+00    2.43401E-02   -5.06479E-01   -9.65605E-03    4.21831E-01    3.89226E-03    3.65742E-01    2.83222E-05
     8.40992E-03    3.99056E+00    3.64836E-02   -5.06332E-01   -1.44736E-02    4.21783E-01    5.83389E-03    3.65681E-01    6.36393E-05
     1.12099E-02    3.98994E+00    4.86211E-02   -5.06127E-01   -1.92890E-02    4.21716E-01    7.77430E-03    3.65596E-01    1.13045E-04
     1.40099E-02    3.98914E+00    6.07508E-02   -5.05862E-01   -2.41015E-02    4.21630E-01    9.71306E-03    3.65488E-01    1.76520E-04
     1.68098E-02    3.98816E+00    7.28706E-02   -5.05539E-01   -2.89103E-02    4.21525E-01    1.16498E-02    3.65355E-01    2.54042E-04
     1.96098E-02    3.98700E+00    8.49786E-02   -5.05157E-01   -3.37147E-02    4.21401E-01    1.35840E-02    3.65198E-01    3.45582E-04
     2.24098E-02    3.98567E+00    9.70729E-02   -5.04717E-01   -3.85140E-02    4.21257E-01    1.55154E-02    3.65016E-01    4.51106E-04
     2.52098E-02    3.98416E+00    1.09151E-01   -5.04219E-01   -4.33075E-02    4.21095E-01    1.74435E-02    3.64811E-01    5.70575E-04
     2.80097E-02    3.98248E+00    1.21212E-01   -5.03662E-01   -4.80944E-02    4.20914E-01    1.93680E-02    3.64582E-01    7.03944E-04
     3.08097E-02    3.98062E+00    1.33254E-01   -5.03047E-01   -5.28740E-02    4.20713E-01    2.12883E-02    3.64329E-01    8.51165E-04
     3.36097E-02    3.97858E+00    1.45273E-01   -5.02374E-01   -5.76456E-02    4.20494E-01    2.32042E-02    3.64053E-01    1.01218E-03
     3.64097E-02    3.97637E+00    1.57270E-01   -5.01644E-01   -6.24085E-02    4.20256E-01    2.51152E-02    3.63752E-01    1.18694E-03
     3.92096E-02    3.97398E+00    1.69241E-01   -5.00855E-01   -6.71620E-02    4.19999E-01    2.70210E-02    3.63428E-01    1.37537E-03
     4.20096E-02    3.97142E+00    1.81184E-01   -5.00009E-01   -7.19054E-02    4.19724E-01    2.89210E-02    3.63080E-01    1.57740E-03
     4.48096E-02    3.96868E+00    1.93099E-01   -4.99105E-01   -7.66378E-02    4.19429E-01    3.08151E-02    3.62709E-01    1.79296E-03
     4.76096E-02    3.96577E+00    2.04982E-01   -4.98144E-01   -8.13588E-02    4.19116E-01    3.27026E-02    3.62314E-01    2.02197E-03
     5.04095E-02    3.96268E+00    2.16832E-01   -4.97126E-01   -8.60674E-02    4.18784E-01    3.45833E-02    3.61896E-01    2.26435E-03
     5.32095E-02    3.95943E+00    2.28648E-01   -4.96052E-01   -9.07632E-02    4.18434E-01    3.64568E-02    3.61455E-01    2.52001E-03
     5.60095E-02    3.95600E+00    2.40426E-01   -4.94920E-01   -9.54452E-02    4.18065E-01    3.83227E-02    3.60991E-01    2.78885E-03
     5.88095E-02    3.95240E+00    2.52166E-01   -4.93732E-01   -1.00113E-01    4.17677E-01    4.01806E-02    3.60504E-01    3.07077E-03
     6.16094E-02    3.94863E+00    2.63866E-01   -4.92488E-01   -1.04766E-01    4.17271E-01    4.20301E-02    3.59994E-01    3.36568E-03
     6.44094E-02    3.94468E+00    2.75523E-01   -4.91188E-01   -1.09403E-01    4.16847E-01    4.38709E-02    3.59461E-01    3.67346E-03
     6.72094E-02    3.94057E+00    2.87137E-01   -4.89833E-01   -1.14023E-01    4.16404E-01    4.57026E-02    3.58906E-01    3.99401E-03
     7.00094E-02    3.93629E+00    2.98704E-01   -4.88422E-01   -1.18627E-01    4.15943E-01    4.75248E-02    3.58328E-01    4.32720E-03
     7.28093E-02    3.93185E+00    3.10224E-01   -4.86956E-01   -1.23213E-01    4.15465E-01    4.93372E-02    3.57728E-01    4.67292E-03
     7.56093E-02    3.92723E+00    3.21694E-01   -4.85435E-01   -1.27780E-01    4.14968E-01    5.11394E-02    3.57106E-01    5.03104E-03
     7.84093E-02    3.92245E+00    3.33113E-01   -4.83860E-01   -1.32329E-01    4.14453E-01    5.29311E-02    3.56461E-01    5.40143E-03
     8.12093E-02    3.91750E+00    3.44478E-01   -4.82230E-01   -1.36858E-01    4.13920E-01    5.47119E-02    3.55795E-01    5.78395E-03
     8.40092E-02    3.91239E+00    3.55789E-01   -4.80547E-01   -1.41366E-01    4.13369E-01    5.64814E-02    3.55108E-01    6.17848E-03
     8.68092E-02    3.90711E+00    3.67044E-01   -4.78809E-01   -1.45854E-01    4.12801E-01    5.82394E-02    3.54398E-01    6.58486E-03
     8.96092E-02    3.90167E+00    3.78240E-01   -4.77019E-01   -1.50320E-01    4.12215E-01    5.99855E-02    3.53668E-01    7.00296E-03
     9.24092E-02    3.89607E+00    3.89377E-01   -4.75176E-01   -1.54763E-01    4.11611E-01    6.17193E-02    3.52916E-01    7.43262E-03
     9.52091E-02    3.89031E+00    4.00452E-01   -4.73280E-01   -1.59184E-01    4.10991E-01    6.34405E-02    3.52144E-01    7.87368E-03
     9.80091E-02    3.88438E+00    4.11464E-01   -4.71333E-01   -1.63582E-01    4.10352E-01    6.51489E-02    3.51351E-01    8.32600E-03
     1.00809E-01    3.87830E+00    4.22411E-01   -4.69333E-01   -1.67955E-01    4.09697E-01    6.68441E-02    3.50537E-01    8.78942E-03
     1.03609E-01    3.87206E+00    4.33292E-01   -4.67282E-01   -1.72304E-01    4.09024E-01    6.85257E-02    3.49702E-01    9.26376E-03
     1.06409E-01    3.86566E+00    4.44104E-01   -4.65180E-01   -1.76628E-01    4.08335E-01    7.01935E-02    3.48848E-01    9.74886E-03
     1.09209E-01    3.85911E+00    4.54847E-01   -4.63028E-01   -1.80925E-01    4.07628E-01    7.18472E-02    3.47974E-01    1.02445E-02
     1.12009E-01    3.85240E+00    4.65519E-01   -4.60825E-01   -1.85197E-01    4.06905E-01    7.34865E-02    3.47080E-01    1.07507E-02
     1.14809E-01    3.84554E+00    4.76118E-01   -4.58573E-01   -1.89441E-01    4.06166E-01    7.51111E-02    3.46166E-01    1.12670E-02
     1.17609E-01    3.83852E+00    4.86643E-01   -4.56271E-01   -1.93658E-01    4.05409E-01    7.67207E-02    3.45233E-01    1.17934E-02
     1.20409E-01    3.83136E+00    4.97092E-01   -4.53921E-01   -1.97847E-01    4.04636E-01    7.83150E-02    3.44281E-01    1.23297E-02
     1.23209E-01    3.82404E+00    5.07464E-01   -4.51522E-01   -2.02007E-01    4.03847E-01    7.98938E-02    3.43310E-01    1.28756E-02
     1.26009E-01    3.81657E+00    5.17757E-01   -4.49075E-01   -2.06138E-01    4.03042E-01    8.14567E-02    3.42321E-01    1.34311E-02
     1.28809E-01    3.80896E+00    5.27971E-01   -4.46580E-01   -2.10240E-01    4.02221E-01    8.30036E-02    3.41313E-01    1.39959E-02
     1.31609E-01    3.80120E+00    5.38102E-01   -4.44039E-01   -2.14311E-01    4.01384E-01    8.45342E-02    3.40287E-01    1.45698E-02
     1.34409E-01    3.79330E+00    5.48151E-01   -4.41451E-01   -2.18351E-01    4.00531E-01    8.60482E-02    3.39244E-01    1.51526E-02
     1.37209E-01    3.78525E+00    5.58116E-01   -4.38817E-01   -2.22361E-01    3.99663E-01    8.75454E-02    3.38182E-01    1.57441E-02
     1.40009E-01    3.77706E+00    5.67995E-01   -4.36137E-01   -2.26339E-01    3.98779E-01    8.90255E-02    3.37103E-01    1.63441E-02
     1.42809E-01    3.76873E+00    5.77788E-01   -4.33412E-01   -2.30284E-01    3.97879E-01    9.04884E-02    3.36007E-01    1.69525E-02
     1.45609E-01    3.76026E+00    5.87492E-01   -4.30643E-01   -2.34197E-01    3.96965E-01    9.19337E-02    3.34894E-01    1.75689E-02
     1.48409E-01    3.75165E+00    5.97107E-01   -4.27830E-01   -2.38077E-01    3.96035E-01    9.33614E-02    3.33765E-01    1.81933E-02
     1.51209E-01    3.74290E+00    6.06631E-01   -4.24973E-01   -2.41923E-01    3.95091E-01    9.47711E-02    3.32619E-01    1.88254E-02
     1.54009E-01    3.73402E+00    6.16063E-01   -4.22073E-01   -2.45735E-01    3.94132E-01    9.61627E-02    3.31457E-01    1.94649E-02
     1.56809E-01    3.72500E+00    6.25402E-01   -4.19130E-01   -2.49512E-01    3.93158E-01    9.75359E-02    3.30279E-01    2.01117E-02
     1.59609E-01    3.71586E+00    6.34647E-01   -4.16146E-01   -2.53255E-01    3.92170E-01    9.88906E-02    3.29085E-01    2.07656E-02
     1.62409E-01    3.70658E+00    6.43797E-01   -4.13120E-01   -2.56962E-01    3.91167E-01    1.00227E-01    3.27877E-01    2.14263E-02
     1.65209E-01    3.69717E+00    6.52850E-01   -4.10053E-01   -2.60634E-01    3.90150E-01    1.01544E-01    3.26653E-01    2.20936E-02
     1.68008E-01    3.68763E+00    6.61806E-01   -4.06945E-01   -2.64270E-01    3.89120E-01    1.02842E-01    3.25414E-01    2.27674E-02
     1.70808E-01    3.67797E+00    6.70663E-01   -4.03798E-01   -2.67869E-01    3.88075E-01    1.04121E-01    3.24161E-01    2.34473E-02
     1.73608E-01    3.66818E+00    6.79420E-01   -4.00612E-01   -2.71431E-01    3.87017E-01    1.05380E-01    3.22894E-01    2.41332E-02
     1.76408E-01    3.65827E+00    6.88077E-01   -3.97387E-01   -2.74956E-01    3.85945E-01    1.06620E-01    3.21613E-01    2.48248E-02
     1.79208E-01    3.64824E+00    6.96632E-01   -3.94124E-01   -2.78443E-01    3.84860E-01    1.07840E-01    3.20318E-01    2.55220E-02
     1.82008E-01    3.63808E+00    7.05084E-01   -3.90823E-01   -2.81892E-01    3.83762E-01    1.09041E-01    3.19010E-01    2.62245E-02
     1.84808E-01    3.62781E+00    7.13433E-01   -3.87486E-01   -2.85303E-01    3.82651E-01    1.10221E-01    3.17688E-01    2.69320E-02
     1.87608E-01    3.61742E+00    7.21678E-01   -3.84112E-01   -2.88675E-01    3.81527E-01    1.11382E-01    3.16354E-01    2.76444E-02
     1.90408E-01    3.60692E+00    7.29817E-01   -3.80702E-01   -2.92008E-01    3.80391E-01    1.12522E-01    3.15008E-01    2.83615E-02
     1.93208E-01    3.59630E+00    7.37851E-01   -3.77257E-01   -2.95301E-01    3.79242E-01    1.13642E-01    3.13649E-01    2.90829E-02
     1.96008E-01    3.58558E+00    7.45777E-01   -3.73778E-01   -2.98555E-01    3.78080E-01    1.14742E-01    3.12278E-01    2.98086E-02
     1.98808E-01    3.57474E+00    7.53595E-01   -3.70264E-01   -3.01770E-01    3.76907E-01    1.15821E-01    3.10896E-01    3.05382E-02
     2.01608E-01    3.56379E+00    7.61305E-01   -3.66717E-01   -3.04943E-01    3.75721E-01    1.16879E-01    3.09502E-01    3.12715E-02
     2.04408E-01    3.55273E+00    7.68906E-01   -3.63137E-01   -3.08077E-01    3.74524E-01    1.17917E-01    3.08097E-01    3.20084E-02
     2.07208E-01    3.54157E+00    7.76397E-01   -3.59525E-01   -3.11169E-01    3.73315E-01    1.18934E-01    3.06682E-01    3.27486E-02
     2.10008E-01    3.53031E+00    7.83777E-01   -3.55881E-01   -3.14221E-01    3.72095E-01    1.19930E-01    3.05256E-01    3.34918E-02
     2.12808E-01    3.51895E+00    7.91046E-01   -3.52206E-01   -3.17231E-01    3.70864E-01    1.20906E-01    3.03820E-01    3.42379E-02
     2.15608E-01    3.50748E+00    7.98203E-01   -3.48501E-01   -3.20200E-01    3.69621E-01    1.21860E-01    3.02374E-01    3.49866E-02
     2.18408E-01    3.49592E+00    8.05248E-01   -3.44766E-01   -3.23127E-01    3.68368E-01    1.22794E-01    3.00918E-01    3.57377E-02
     2.21208E-01    3.48426E+00    8.12180E-01   -3.41002E-01   -3.26012E-01    3.67104E-01    1.23706E-01    2.99453E-01    3.64909E-02
     2.24008E-01    3.47251E+00    8.18998E-01   -3.37209E-01   -3.28855E-01    3.65829E-01    1.24598E-01    2.97979E-01    3.72462E-02
     2.26808E-01    3.46066E+00    8.25702E-01   -3.33388E-01   -3.31655E-01    3.64544E-01    1.25468E-01    2.96496E-01    3.80032E-02
     2.29608E-01    3.44872E+00    8.32291E-01   -3.29540E-01   -3.34413E-01    3.63249E-01    1.26317E-01    2.95005E-01    3.87617E-02
     2.32408E-01    3.43670E+00    8.38766E-01   -3.25665E-01   -3.37128E-01    3.61944E-01    1.27145E-01    2.93506E-01    3.95215E-02
     2.35208E-01    3.42458E+00    8.45125E-01   -3.21764E-01   -3.39800E-01    3.60630E-01    1.27952E-01    2.91999E-01    4.02824E-02
     2.38008E-01    3.41238E+00    8.51368E-01   -3.17837E-01   -3.42429E-01    3.59305E-01    1.28737E-01    2.90484E-01    4.10442E-02
     2.40808E-01    3.40010E+00    8.57495E-01   -3.13886E-01   -3.45014E-01    3.57972E-01    1.29502E-01    2.88962E-01    4.18067E-02
     2.43608E-01    3.38773E+00    8.63505E-01   -3.09910E-01   -3.47557E-01    3.56629E-01    1.30245E-01    2.87433E-01    4.25696E-02
     2.46408E-01    3.37529E+00    8.69399E-01   -3.05911E-01   -3.50055E-01    3.55277E-01    1.30967E-01    2.85898E-01    4.33328E-02
     2.49208E-01    3.36276E+00    8.75175E-01   -3.01888E-01   -3.52510E-01    3.53917E-01    1.31668E-01    2.84356E-01    4.40960E-02
     2.52008E-01    3.35016E+00    8.80834E-01   -2.97843E-01   -3.54922E-01    3.52548E-01    1.32348E-01    2.82808E-01    4.48590E-02
     2.54808E-01    3.33748E+00    8.86375E-01   -2.93777E-01   -3.57289E-01    3.51170E-01    1.33007E-01    2.81254E-01    4.56217E-02
     2.57608E-01    3.32473E+00    8.91799E-01   -2.89689E-01   -3.59612E-01    3.49784E-01    1.33645E-01    2.79694E-01    4.63837E-02
     2.60408E-01    3.31191E+00    8.97104E-01   -2.85581E-01   -3.61891E-01    3.48391E-01    1.34262E-01    2.78130E-01    4.71450E-02
     2.63208E-01    3.29902E+00    9.02292E-01   -2.81452E-01   -3.64126E-01    3.46989E-01    1.34858E-01    2.76560E-01    4.79053E-02
     2.66008E-01    3.28606E+00    9.07361E-01   -2.77305E-01   -3.66317E-01    3.45580E-01    1.35433E-01    2.74985E-01    4.86645E-02
     2.68808E-01    3.27304E+00    9.12311E-01   -2.73138E-01   -3.68464E-01    3.44163E-01    1.35987E-01    2.73406E-01    4.94222E-02
     2.71608E-01    3.25995E+00    9.17143E-01   -2.68954E-01   -3.70566E-01    3.42739E-01    1.36520E-01    2.71823E-01    5.01784E-02
     2.74408E-01    3.24680E+00    9.21857E-01   -2.64752E-01   -3.72623E-01    3.41308E-01    1.37033E-01    2.70236E-01    5.09328E-02
     2.77208E-01    3.23359E+00    9.26452E-01   -2.60533E-01   -3.74636E-01    3.39870E-01    1.37525E-01    2.68646E-01    5.16853E-02
     2.80007E-01    3.22033E+00    9.30928E-01   -2.56298E-01   -3.76605E-01    3.38426E-01    1.37996E-01    2.67052E-01    5.24356E-02
     2.82807E-01    3.20700E+00    9.35286E-01   -2.52047E-01   -3.78529E-01    3.36975E-01    1.38447E-01    2.65455E-01    5.31837E-02
     2.85607E-01    3.19362E+00    9.39526E-01   -2.47781E-01   -3.80409E-01    3.35517E-01    1.38877E-01    2.63855E-01    5.39292E-02
     2.88407E-01    3.18019E+00    9.43647E-01   -2.43501E-01   -3.82244E-01    3.34054E-01    1.39288E-01    2.62253E-01    5.46720E-02
     2.91207E-01    3.16670E+00    9.47650E-01   -2.39207E-01   -3.84034E-01    3.32585E-01    1.39678E-01    2.60649E-01    5.54120E-02
     2.94007E-01    3.15317E+00    9.51535E-01   -2.34899E-01   -3.85780E-01    3.31110E-01    1.40048E-01    2.59042E-01    5.61490E-02
     2.96807E-01    3.13959E+00    9.55302E-01   -2.30579E-01   -3.87482E-01    3.29629E-01    1.40398E-01    2.57434E-01    5.68827E-02
     2.99607E-01    3.12596E+00    9.58951E-01   -2.26247E-01   -3.89139E-01    3.28143E-01    1.40728E-01    2.55824E-01    5.76131E-02
     3.02407E-01    3.11229E+00    9.62483E-01   -2.21904E-01   -3.90752E-01    3.26652E-01    1.41038E-01    2.54213E-01    5.83399E-02
     3.05207E-01    3.09858E+00    9.65897E-01   -2.17550E-01   -3.92320E-01    3.25156E-01    1.41328E-01    2.52601E-01    5.90631E-02
     3.08007E-01    3.08482E+00    9.69194E-01   -2.13185E-01   -3.93844E-01    3.23656E-01    1.41600E-01    2.50988E-01    5.97824E-02
     3.10807E-01    3.07103E+00    9.72374E-01   -2.08811E-01   -3.95323E-01    3.22150E-01    1.41851E-01    2.49374E-01    6.04976E-02
     3.13607E-01    3.05720E+00    9.75438E-01   -2.04428E-01   -3.96758E-01    3.20641E-01    1.42084E-01    2.47761E-01    6.12087E-02
     3.16407E-01    3.04334E+00    9.78386E-01   -2.00036E-01   -3.98150E-01    3.19127E-01    1.42297E-01    2.46147E-01    6.19154E-02
     3.19207E-01    3.02944E+00    9.81217E-01   -1.95636E-01   -3.99497E-01    3.17609E-01    1.42491E-01    2.44534E-01    6.26177E-02
     3.22007E-01    3.01551E+00    9.83934E-01   -1.91229E-01   -4.00800E-01    3.16087E-01    1.42667E-01    2.42921E-01    6.33154E-02
     3.24807E-01    3.00155E+00    9.86535E-01   -1.86815E-01   -4.02059E-01    3.14562E-01    1.42824E-01    2.41308E-01    6.40082E-02
     3.27607E-01    2.98756E+00    9.89021E-01   -1.82395E-01   -4.03275E-01    3.13033E-01    1.42962E-01    2.39697E-01    6.46962E-02
     3.30407E-01    2.97355E+00    9.91393E-01   -1.77970E-01   -4.04447E-01    3.11501E-01    1.43082E-01    2.38087E-01    6.53791E-02
     3.33207E-01    2.95951E+00    9.93652E-01   -1.73539E-01   -4.05575E-01    3.09966E-01    1.43183E-01    2.36478E-01    6.60569E-02
     3.36007E-01    2.94545E+00    9.95797E-01   -1.69104E-01   -4.06660E-01    3.08428E-01    1.43267E-01    2.34871E-01    6.67293E-02
     3.38807E-01    2.93136E+00    9.97829E-01   -1.64665E-01   -4.07701E-01    3.06888E-01    1.43333E-01    2.33265E-01    6.73963E-02
     3.41607E-01    2.91726E+00    9.99749E-01   -1.60222E-01   -4.08700E-01    3.05345E-01    1.43380E-01    2.31662E-01    6.80577E-02
     3.44407E-01    2.90314E+00    1.00156E+00   -1.55777E-01   -4.09655E-01    3.03799E-01    1.43411E-01    2.30060E-01    6.87135E-02
     3.47207E-01    2.88900E+00    1.00325E+00   -1.51329E-01   -4.10568E-01    3.02252E-01    1.43424E-01    2.28461E-01    6.93634E-02
     3.50007E-01    2.87485E+00    1.00484E+00   -1.46880E-01   -4.11437E-01    3.00702E-01    1.43419E-01    2.26865E-01    7.00074E-02
     3.52807E-01    2.86069E+00    1.00632E+00   -1.42429E-01   -4.12265E-01    2.99151E-01    1.43398E-01    2.25272E-01    7.06454E-02
     3.55607E-01    2.84651E+00    1.00768E+00   -1.37977E-01   -4.13050E-01    2.97598E-01    1.43360E-01    2.23681E-01    7.12772E-02
     3.58407E-01    2.83233E+00    1.00894E+00   -1.33526E-01   -4.13792E-01    2.96043E-01    1.43305E-01    2.22094E-01    7.19028E-02
     3.61207E-01    2.81813E+00    1.01009E+00   -1.29075E-01   -4.14493E-01    2.94487E-01    1.43234E-01    2.20511E-01    7.25220E-02
     3.64007E-01    2.80393E+00    1.01113E+00   -1.24624E-01   -4.15152E-01    2.92930E-01    1.43146E-01    2.18930E-01    7.31348E-02
     3.66807E-01    2.78973E+00    1.01207E+00   -1.20175E-01   -4.15769E-01    2.91373E-01    1.43042E-01    2.17354E-01    7.37410E-02
     3.69607E-01    2.77552E+00    1.01290E+00   -1.15728E-01   -4.16345E-01    2.89814E-01    1.42923E-01    2.15782E-01    7.43406E-02
     3.72407E-01    2.76131E+00    1.01362E+00   -1.11284E-01   -4.16879E-01    2.88255E-01    1.42787E-01    2.14214E-01    7.49335E-02
     3.75207E-01    2.74710E+00    1.01424E+00   -1.06842E-01   -4.17373E-01    2.86695E-01    1.42636E-01    2.12650E-01    7.55195E-02
     3.78007E-01    2.73289E+00    1.01475E+00   -1.02404E-01   -4.17826E-01    2.85135E-01    1.42470E-01    2.11091E-01    7.60986E-02
     3.80807E-01    2.71869E+00    1.01517E+00   -9.79696E-02   -4.18238E-01    2.83575E-01    1.42289E-01    2.09536E-01    7.66707E-02
     3.83607E-01    2.70448E+00    1.01548E+00   -9.35397E-02   -4.18610E-01    2.82015E-01    1.42092E-01    2.07986E-01    7.72358E-02
     3.86407E-01    2.69029E+00    1.01568E+00   -8.91146E-02   -4.18942E-01    2.80456E-01    1.41881E-01    2.06441E-01    7.77937E-02
     3.89207E-01    2.67610E+00    1.01579E+00   -8.46949E-02   -4.19233E-01    2.78896E-01    1.41655E-01    2.04902E-01    7.83445E-02
     3.92006E-01    2.66192E+00    1.01580E+00   -8.02811E-02   -4.19486E-01    2.77338E-01    1.41415E-01    2.03367E-01    7.88879E-02
     3.94806E-01    2.64775E+00    1.01570E+00   -7.58735E-02   -4.19699E-01    2.75780E-01    1.41161E-01    2.01839E-01    7.94240E-02
     3.97606E-01    2.63360E+00    1.01551E+00   -7.14727E-02   -4.19872E-01    2.74223E-01    1.40893E-01    2.00315E-01    7.99527E-02
     4.00406E-01    2.61945E+00    1.01523E+00   -6.70792E-02   -4.20007E-01    2.72666E-01    1.40611E-01    1.98798E-01    8.04739E-02
     4.03206E-01    2.60533E+00    1.01484E+00   -6.26933E-02   -4.20103E-01    2.71112E-01    1.40316E-01    1.97287E-01    8.09876E-02
     4.06006E-01    2.59121E+00    1.01436E+00   -5.83155E-02   -4.20161E-01    2.69558E-01    1.40008E-01    1.95781E-01    8.14937E-02
     4.08806E-01    2.57712E+00    1.01378E+00   -5.39463E-02   -4.20181E-01    2.68006E-01    1.39686E-01    1.94282E-01    8.19922E-02
     4.11606E-01    2.56304E+00    1.01311E+00   -4.95861E-02   -4.20163E-01    2.66455E-01    1.39351E-01    1.92789E-01    8.24830E-02
     4.14406E-01    2.54898E+00    1.01235E+00   -4.52354E-02   -4.20108E-01    2.64906E-01    1.39004E-01    1.91303E-01    8.29661E-02
     4.17206E-01    2.53495E+00    1.01150E+00   -4.08945E-02   -4.20015E-01    2.63360E-01    1.38644E-01    1.89823E-01    8.34414E-02
     4.20006E-01    2.52094E+00    1.01055E+00   -3.65639E-02   -4.19886E-01    2.61815E-01    1.38273E-01    1.88350E-01    8.39089E-02
     4.22806E-01    2.50695E+00    1.00951E+00   -3.22440E-02   -4.19719E-01    2.60272E-01    1.37889E-01    1.86883E-01    8.43686E-02
     4.25606E-01    2.49299E+00    1.00839E+00   -2.79352E-02   -4.19517E-01    2.58732E-01    1.37493E-01    1.85424E-01    8.48204E-02
     4.28406E-01    2.47905E+00    1.00717E+00   -2.36379E-02   -4.19278E-01    2.57194E-01    1.37085E-01    1.83972E-01    8.52643E-02
     4.31206E-01    2.46514E+00    1.00587E+00   -1.93525E-02   -4.19004E-01    2.55659E-01    1.36667E-01    1.82527E-01    8.57003E-02
     4.34006E-01    2.45126E+00    1.00448E+00   -1.50795E-02   -4.18694E-01    2.54127E-01    1.36237E-01    1.81089E-01    8.61284E-02
     4.36806E-01    2.43741E+00    1.00301E+00   -1.08191E-02   -4.18349E-01    2.52598E-01    1.35796E-01    1.79659E-01    8.65485E-02
     4.39606E-01    2.42360E+00    1.00145E+00   -6.57179E-03   -4.17969E-01    2.51071E-01    1.35344E-01    1.78236E-01    8.69606E-02
     4.42406E-01    2.40981E+00    9.99808E-01   -2.33794E-03   -4.17555E-01    2.49548E-01    1.34882E-01    1.76820E-01    8.73646E-02
     4.45206E-01    2.39606E+00    9.98084E-01    1.88208E-03   -4.17107E-01    2.48028E-01    1.34409E-01    1.75413E-01    8.77607E-02
     4.48006E-01    2.38235E+00    9.96278E-01    6.08793E-03   -4.16625E-01    2.46511E-01    1.33926E-01    1.74013E-01    8.81487E-02
     4.50806E-01    2.36867E+00    9.94392E-01    1.02792E-02   -4.16109E-01    2.44998E-01    1.33434E-01    1.72621E-01    8.85287E-02
     4.53606E-01    2.35503E+00    9.92426E-01    1.44557E-02   -4.15560E-01    2.43489E-01    1.32931E-01    1.71237E-01    8.89007E-02
     4.56406E-01    2.34142E+00    9.90382E-01    1.86168E-02   -4.14979E-01    2.41983E-01    1.32420E-01    1.69861E-01    8.92646E-02
     4.59206E-01    2.32786E+00    9.88260E-01    2.27625E-02   -4.14365E-01    2.40482E-01    1.31898E-01    1.68493E-01    8.96204E-02
     4.62006E-01    2.31433E+00    9.86062E-01    2.68922E-02   -4.13718E-01    2.38984E-01    1.31368E-01    1.67133E-01    8.99682E-02
     4.64806E-01    2.30085E+00    9.83788E-01    3.10056E-02   -4.13040E-01    2.37490E-01    1.30829E-01    1.65781E-01    9.03079E-02
     4.67606E-01    2.28741E+00    9.81441E-01    3.51025E-02   -4.12330E-01    2.36001E-01    1.30281E-01    1.64438E-01    9.06396E-02
     4.70406E-01    2.27402E+00    9.79020E-01    3.91826E-02   -4.11590E-01    2.34516E-01    1.29725E-01    1.63104E-01    9.09633E-02
     4.73206E-01    2.26067E+00    9.76527E-01    4.32454E-02   -4.10818E-01    2.33035E-01    1.29160E-01    1.61777E-01    9.12790E-02
     4.76006E-01    2.24736E+00    9.73962E-01    4.72908E-02   -4.10016E-01    2.31560E-01    1.28588E-01    1.60460E-01    9.15866E-02
     4.78806E-01    2.23410E+00    9.71328E-01    5.13184E-02   -4.09184E-01    2.30088E-01    1.28007E-01    1.59150E-01    9.18863E-02
     4.81606E-01    2.22089E+00    9.68624E-01    5.53279E-02   -4.08323E-01    2.28622E-01    1.27419E-01    1.57850E-01    9.21780E-02
     4.84406E-01    2.20773E+00    9.65853E-01    5.93191E-02   -4.07431E-01    2.27160E-01    1.26824E-01    1.56558E-01    9.24617E-02
     4.87206E-01    2.19462E+00    9.63014E-01    6.32916E-02   -4.06511E-01    2.25704E-01    1.26221E-01    1.55275E-01    9.27376E-02
     4.90006E-01    2.18155E+00    9.60110E-01    6.72453E-02   -4.05563E-01    2.24252E-01    1.25611E-01    1.54001E-01    9.30055E-02
     4.92806E-01    2.16854E+00    9.57141E-01    7.11797E-02   -4.04586E-01    2.22806E-01    1.24995E-01    1.52736E-01    9.32655E-02
     4.95606E-01    2.15558E+00    9.54107E-01    7.50948E-02   -4.03581E-01    2.21365E-01    1.24371E-01    1.51479E-01    9.35176E-02
     4.98406E-01    2.14267E+00    9.51012E-01    7.89901E-02   -4.02548E-01    2.19929E-01    1.23741E-01    1.50232E-01    9.37620E-02
     5.01206E-01    2.12982E+00    9.47854E-01    8.28655E-02   -4.01488E-01    2.18499E-01    1.23105E-01    1.48993E-01    9.39985E-02
     5.04005E-01    2.11702E+00    9.44636E-01    8.67208E-02   -4.00402E-01    2.17075E-01    1.22463E-01    1.47763E-01    9.42273E-02
     5.06805E-01    2.10428E+00    9.41358E-01    9.05557E-02   -3.99289E-01    2.15656E-01    1.21815E-01    1.46543E-01    9.44484E-02
     5.09605E-01    2.09159E+00    9.38022E-01    9.43699E-02   -3.98150E-01    2.14243E-01    1.21161E-01    1.45331E-01    9.46618E-02
     5.12405E-01    2.07896E+00    9.34629E-01    9.81633E-02   -3.96985E-01    2.12835E-01    1.20502E-01    1.44129E-01    9.48675E-02
     5.15205E-01    2.06638E+00    9.31179E-01    1.01936E-01   -3.95795E-01    2.11434E-01    1.19837E-01    1.42936E-01    9.50657E-02
     5.18005E-01    2.05387E+00    9.27673E-01    1.05687E-01   -3.94580E-01    2.10038E-01    1.19167E-01    1.41752E-01    9.52563E-02
     5.20805E-01    2.04141E+00    9.24113E-01    1.09416E-01   -3.93340E-01    2.08649E-01    1.18492E-01    1.40577E-01    9.54393E-02
     5.23605E-01    2.02901E+00    9.20500E-01    1.13124E-01   -3.92076E-01    2.07266E-01    1.17813E-01    1.39412E-01    9.56149E-02
     5.26405E-01    2.01667E+00    9.16835E-01    1.16810E-01   -3.90788E-01    2.05889E-01    1.17128E-01    1.38255E-01    9.57830E-02
     5.29205E-01    2.00440E+00    9.13119E-01    1.20474E-01   -3.89477E-01    2.04518E-01    1.16440E-01    1.37108E-01    9.59438E-02
     5.32005E-01    1.99218E+00    9.09352E-01    1.24116E-01   -3.88143E-01    2.03154E-01    1.15747E-01    1.35970E-01    9.60973E-02
     5.34805E-01    1.98003E+00    9.05536E-01    1.27735E-01   -3.86785E-01    2.01796E-01    1.15050E-01    1.34841E-01    9.62434E-02
     5.37605E-01    1.96794E+00    9.01672E-01    1.31332E-01   -3.85406E-01    2.00444E-01    1.14349E-01    1.33722E-01    9.63824E-02
     5.40405E-01    1.95591E+00    8.97761E-01    1.34906E-01   -3.84004E-01    1.99099E-01    1.13644E-01    1.32612E-01    9.65142E-02
     5.43205E-01    1.94394E+00    8.93804E-01    1.38457E-01   -3.82581E-01    1.97761E-01    1.12935E-01    1.31511E-01    9.66388E-02
     5.46005E-01    1.93204E+00    8.89802E-01    1.41985E-01   -3.81137E-01    1.96430E-01    1.12224E-01    1.30419E-01    9.67564E-02
     5.48805E-01    1.92021E+00    8.85756E-01    1.45490E-01   -3.79671E-01    1.95105E-01    1.11509E-01    1.29337E-01    9.68670E-02
     5.51605E-01    1.90844E+00    8.81667E-01    1.48972E-01   -3.78185E-01    1.93787E-01    1.10790E-01    1.28264E-01    9.69707E-02
     5.54405E-01    1.89674E+00    8.77536E-01    1.52430E-01   -3.76679E-01    1.92476E-01    1.10069E-01    1.27200E-01    9.70675E-02
     5.57205E-01    1.88510E+00    8.73363E-01    1.55865E-01   -3.75153E-01    1.91172E-01    1.09345E-01    1.26146E-01    9.71574E-02
     5.60005E-01    1.87353E+00    8.69151E-01    1.59276E-01   -3.73608E-01    1.89875E-01    1.08619E-01    1.25101E-01    9.72406E-02
     5.62805E-01    1.86202E+00    8.64900E-01    1.62663E-01   -3.72044E-01    1.88584E-01    1.07890E-01    1.24065E-01    9.73171E-02
     5.65605E-01    1.85059E+00    8.60610E-01    1.66026E-01   -3.70460E-01    1.87301E-01    1.07158E-01    1.23038E-01    9.73870E-02
     5.68405E-01    1.83922E+00    8.56283E-01    1.69365E-01   -3.68859E-01    1.86026E-01    1.06425E-01    1.22020E-01    9.74503E-02
     5.71205E-01    1.82792E+00    8.51920E-01    1.72680E-01   -3.67240E-01    1.84757E-01    1.05689E-01    1.21012E-01    9.75072E-02
     5.74005E-01    1.81669E+00    8.47522E-01    1.75971E-01   -3.65603E-01    1.83496E-01    1.04951E-01    1.20013E-01    9.75575E-02
     5.76805E-01    1.80553E+00    8.43090E-01    1.79238E-01   -3.63948E-01    1.82242E-01    1.04212E-01    1.19023E-01    9.76016E-02
     5.79605E-01    1.79443E+00    8.38624E-01    1.82480E-01   -3.62277E-01    1.80995E-01    1.03471E-01    1.18043E-01    9.76393E-02
     5.82405E-01    1.78341E+00    8.34126E-01    1.85698E-01   -3.60590E-01    1.79755E-01    1.02729E-01    1.17071E-01    9.76708E-02
     5.85205E-01    1.77246E+00    8.29596E-01    1.88892E-01   -3.58886E-01    1.78523E-01    1.01985E-01    1.16109E-01    9.76962E-02
     5.88005E-01    1.76158E+00    8.25036E-01    1.92061E-01   -3.57166E-01    1.77299E-01    1.01240E-01    1.15156E-01    9.77154E-02
     5.90805E-01    1.75076E+00    8.20446E-01    1.95205E-01   -3.55431E-01    1.76082E-01    1.00494E-01    1.14212E-01    9.77287E-02
     5.93605E-01    1.74002E+00    8.15827E-01    1.98325E-01   -3.53681E-01    1.74872E-01    9.97470E-02    1.13277E-01    9.77360E-02
     5.96405E-01    1.72935E+00    8.11180E-01    2.01419E-01   -3.51915E-01    1.73671E-01    9.89992E-02    1.12351E-01    9.77374E-02
     5.99205E-01    1.71876E+00    8.06507E-01    2.04490E-01   -3.50136E-01    1.72476E-01    9.82507E-02    1.11434E-01    9.77331E-02
     6.02005E-01    1.70823E+00    8.01807E-01    2.07535E-01   -3.48342E-01    1.71290E-01    9.75016E-02    1.10526E-01    9.77230E-02
     6.04805E-01    1.69778E+00    7.97082E-01    2.10555E-01   -3.46535E-01    1.70111E-01    9.67521E-02    1.09627E-01    9.77073E-02
     6.07605E-01    1.68740E+00    7.92333E-01    2.13551E-01   -3.44714E-01    1.68939E-01    9.60022E-02    1.08737E-01    9.76860E-02
     6.10405E-01    1.67709E+00    7.87560E-01    2.16522E-01   -3.42880E-01    1.67776E-01    9.52521E-02    1.07855E-01    9.76592E-02
     6.13205E-01    1.66685E+00    7.82765E-01    2.19468E-01   -3.41034E-01    1.66620E-01    9.45019E-02    1.06983E-01    9.76270E-02
     6.16004E-01    1.65668E+00    7.77948E-01    2.22389E-01   -3.39174E-01    1.65472E-01    9.37517E-02    1.06119E-01    9.75895E-02
     6.18804E-01    1.64659E+00    7.73109E-01    2.25285E-01   -3.37303E-01    1.64331E-01    9.30016E-02    1.05265E-01    9.75467E-02
     6.21604E-01    1.63657E+00    7.68251E-01    2.28156E-01   -3.35420E-01    1.63199E-01    9.22518E-02    1.04419E-01    9.74987E-02
     6.24404E-01    1.62663E+00    7.63373E-01    2.31002E-01   -3.33526E-01    1.62074E-01    9.15023E-02    1.03581E-01    9.74455E-02
     6.27204E-01    1.61676E+00    7.58477E-01    2.33823E-01   -3.31621E-01    1.60957E-01    9.07532E-02    1.02753E-01    9.73874E-02
     6.30004E-01    1.60696E+00    7.53563E-01    2.36620E-01   -3.29704E-01    1.59848E-01    9.00047E-02    1.01933E-01    9.73243E-02
     6.32804E-01    1.59723E+00    7.48632E-01    2.39391E-01   -3.27778E-01    1.58747E-01    8.92568E-02    1.01122E-01    9.72562E-02
     6.35604E-01    1.58758E+00    7.43684E-01    2.42138E-01   -3.25841E-01    1.57654E-01    8.85096E-02    1.00319E-01    9.71834E-02
     6.38404E-01    1.57800E+00    7.38721E-01    2.44859E-01   -3.23894E-01    1.56569E-01    8.77633E-02    9.95246E-02    9.71059E-02
     6.41204E-01    1.56850E+00    7.33744E-01    2.47556E-01   -3.21937E-01    1.55492E-01    8.70179E-02    9.87389E-02    9.70237E-02
     6.44004E-01    1.55907E+00    7.28752E-01    2.50228E-01   -3.19972E-01    1.54422E-01    8.62735E-02    9.79615E-02    9.69369E-02
     6.46804E-01    1.54971E+00    7.23748E-01    2.52876E-01   -3.17997E-01    1.53361E-01    8.55302E-02    9.71926E-02    9.68457E-02
     6.49604E-01    1.54043E+00    7.18730E-01    2.55498E-01   -3.16014E-01    1.52308E-01    8.47881E-02    9.64320E-02    9.67500E-02
     6.52404E-01    1.53122E+00    7.13701E-01    2.58096E-01   -3.14023E-01    1.51262E-01    8.40473E-02    9.56797E-02    9.66500E-02
     6.55204E-01    1.52208E+00    7.08661E-01    2.60670E-01   -3.12023E-01    1.50225E-01    8.33079E-02    9.49357E-02    9.65458E-02
     6.58004E-01    1.51302E+00    7.03611E-01    2.63218E-01   -3.10016E-01    1.49195E-01    8.25699E-02    9.41998E-02    9.64373E-02
     6.60804E-01    1.50403E+00    6.98551E-01    2.65743E-01   -3.08001E-01    1.48174E-01    8.18334E-02    9.34722E-02    9.63248E-02
     6.63604E-01    1.49512E+00    6.93482E-01    2.68242E-01   -3.05979E-01    1.47160E-01    8.10985E-02    9.27526E-02    9.62082E-02
     6.66404E-01    1.48628E+00    6.88404E-01    2.70717E-01   -3.03950E-01    1.46155E-01    8.03654E-02    9.20411E-02    9.60877E-02
     6.69204E-01    1.47751E+00    6.83319E-01    2.73168E-01   -3.01914E-01    1.45158E-01    7.96339E-02    9.13377E-02    9.59633E-02
     6.72004E-01    1.46882E+00    6.78227E-01    2.75595E-01   -2.99872E-01    1.44168E-01    7.89043E-02    9.06422E-02    9.58351E-02
     6.74804E-01    1.46020E+00    6.73128E-01    2.77997E-01   -2.97824E-01    1.43187E-01    7.81766E-02    8.99546E-02    9.57033E-02
     6.77604E-01    1.45165E+00    6.68024E-01    2.80375E-01   -2.95771E-01    1.42213E-01    7.74509E-02    8.92749E-02    9.55677E-02
     6.80404E-01    1.44318E+00    6.62914E-01    2.82729E-01   -2.93711E-01    1.41248E-01    7.67272E-02    8.86030E-02    9.54287E-02
     6.83204E-01    1.43478E+00    6.57800E-01    2.85059E-01   -2.91646E-01    1.40290E-01    7.60056E-02    8.79389E-02    9.52861E-02
     6.86004E-01    1.42646E+00    6.52682E-01    2.87366E-01   -2.89577E-01    1.39341E-01    7.52861E-02    8.72824E-02    9.51401E-02
     6.88804E-01    1.41820E+00    6.47561E-01    2.89648E-01   -2.87502E-01    1.38399E-01    7.45689E-02    8.66337E-02    9.49908E-02
     6.91604E-01    1.41002E+00    6.42437E-01    2.91906E-01   -2.85423E-01    1.37466E-01    7.38540E-02    8.59926E-02    9.48383E-02
     6.94404E-01    1.40192E+00    6.37311E-01    2.94141E-01   -2.83340E-01    1.36540E-01    7.31414E-02    8.53590E-02    9.46826E-02
     6.97204E-01    1.39388E+00    6.32183E-01    2.96352E-01   -2.81252E-01    1.35623E-01    7.24312E-02    8.47329E-02    9.45238E-02
     7.00004E-01    1.38592E+00    6.27054E-01    2.98540E-01   -2.79161E-01    1.34713E-01    7.17234E-02    8.41143E-02    9.43619E-02
     7.02804E-01    1.37803E+00    6.21924E-01    3.00704E-01   -2.77066E-01    1.33812E-01    7.10182E-02    8.35031E-02    9.41971E-02
     7.05604E-01    1.37022E+00    6.16795E-01    3.02845E-01   -2.74968E-01    1.32918E-01    7.03155E-02    8.28992E-02    9.40295E-02
     7.08404E-01    1.36247E+00    6.11666E-01    3.04963E-01   -2.72867E-01    1.32032E-01    6.96154E-02    8.23027E-02    9.38590E-02
     7.11204E-01    1.35480E+00    6.06538E-01    3.07058E-01   -2.70762E-01    1.31155E-01    6.89180E-02    8.17133E-02    9.36858E-02
     7.14004E-01    1.34720E+00    6.01412E-01    3.09130E-01   -2.68656E-01    1.30285E-01    6.82232E-02    8.11312E-02    9.35100E-02
     7.16804E-01    1.33967E+00    5.96288E-01    3.11178E-01   -2.66546E-01    1.29423E-01    6.75312E-02    8.05562E-02    9.33316E-02
     7.19604E-01    1.33221E+00    5.91166E-01    3.13204E-01   -2.64435E-01    1.28569E-01    6.68420E-02    7.99883E-02    9.31507E-02
     7.22404E-01    1.32483E+00    5.86047E-01    3.15208E-01   -2.62322E-01    1.27722E-01    6.61556E-02    7.94274E-02    9.29673E-02
     7.25204E-01    1.31751E+00    5.80932E-01    3.17189E-01   -2.60206E-01    1.26884E-01    6.54721E-02    7.88734E-02    9.27816E-02
     7.28003E-01    1.31027E+00    5.75821E-01    3.19147E-01   -2.58090E-01    1.26053E-01    6.47915E-02    7.83264E-02    9.25937E-02
     7.30803E-01    1.30310E+00    5.70714E-01    3.21083E-01   -2.55971E-01    1.25231E-01    6.41138E-02    7.77863E-02    9.24034E-02
     7.33603E-01    1.29600E+00    5.65612E-01    3.22997E-01   -2.53852E-01    1.24416E-01    6.34392E-02    7.72529E-02    9.22111E-02
     7.36403E-01    1.28897E+00    5.60515E-01    3.24888E-01   -2.51732E-01    1.23609E-01    6.27675E-02    7.67264E-02    9.20167E-02
     7.39203E-01    1.28200E+00    5.55424E-01    3.26758E-01   -2.49611E-01    1.22809E-01    6.20988E-02    7.62065E-02    9.18203E-02
     7.42003E-01    1.27511E+00    5.50339E-01    3.28606E-01   -2.47489E-01    1.22018E-01    6.14333E-02    7.56932E-02    9.16219E-02
     7.44803E-01    1.26829E+00    5.45261E-01    3.30432E-01   -2.45367E-01    1.21234E-01    6.07708E-02    7.51866E-02    9.14217E-02
     7.47603E-01    1.26154E+00    5.40189E-01    3.32236E-01   -2.43245E-01    1.20458E-01    6.01115E-02    7.46865E-02    9.12197E-02
     7.50403E-01    1.25485E+00    5.35125E-01    3.34019E-01   -2.41122E-01    1.19690E-01    5.94554E-02    7.41929E-02    9.10159E-02
     7.53203E-01    1.24824E+00    5.30069E-01    3.35780E-01   -2.39000E-01    1.18929E-01    5.88024E-02    7.37057E-02    9.08105E-02
     7.56003E-01    1.24169E+00    5.25020E-01    3.37521E-01   -2.36879E-01    1.18176E-01    5.81527E-02    7.32248E-02    9.06036E-02
     7.58803E-01    1.23522E+00    5.19980E-01    3.39240E-01   -2.34757E-01    1.17430E-01    5.75061E-02    7.27503E-02    9.03950E-02
     7.61603E-01    1.22881E+00    5.14949E-01    3.40938E-01   -2.32637E-01    1.16692E-01    5.68629E-02    7.22821E-02    9.01851E-02
     7.64403E-01    1.22247E+00    5.09927E-01    3.42615E-01   -2.30517E-01    1.15962E-01    5.62229E-02    7.18201E-02    8.99737E-02
     7.67203E-01    1.21619E+00    5.04915E-01    3.44272E-01   -2.28398E-01    1.15239E-01    5.55862E-02    7.13642E-02    8.97610E-02
     7.70003E-01    1.20999E+00    4.99912E-01    3.45908E-01   -2.26280E-01    1.14524E-01    5.49529E-02    7.09145E-02    8.95471E-02
     7.72803E-01    1.20385E+00    4.94919E-01    3.47523E-01   -2.24164E-01    1.13817E-01    5.43228E-02    7.04708E-02    8.93320E-02
     7.75603E-01    1.19778E+00    4.89937E-01    3.49118E-01   -2.22049E-01    1.13116E-01    5.36961E-02    7.00331E-02    8.91157E-02
     7.78403E-01    1.19177E+00    4.84966E-01    3.50693E-01   -2.19936E-01    1.12424E-01    5.30728E-02    6.96013E-02    8.88983E-02
     7.81203E-01    1.18584E+00    4.80006E-01    3.52248E-01   -2.17824E-01    1.11739E-01    5.24529E-02    6.91755E-02    8.86800E-02
     7.84003E-01    1.17996E+00    4.75057E-01    3.53783E-01   -2.15715E-01    1.11061E-01    5.18364E-02    6.87554E-02    8.84607E-02
     7.86803E-01    1.17416E+00    4.70119E-01    3.55298E-01   -2.13607E-01    1.10390E-01    5.12232E-02    6.83412E-02    8.82405E-02
     7.89603E-01    1.16842E+00    4.65194E-01    3.56793E-01   -2.11502E-01    1.09727E-01    5.06135E-02    6.79327E-02    8.80195E-02
     7.92403E-01    1.16274E+00    4.60281E-01    3.58269E-01   -2.09399E-01    1.09071E-01    5.00072E-02    6.75299E-02    8.77978E-02
     7.95203E-01    1.15713E+00    4.55380E-01    3.59726E-01   -2.07299E-01    1.08423E-01    4.94043E-02    6.71327E-02    8.75753E-02
     7.98003E-01    1.15158E+00    4.50492E-01    3.61163E-01   -2.05201E-01    1.07782E-01    4.88049E-02    6.67412E-02    8.73523E-02
     8.00803E-01    1.14610E+00    4.45617E-01    3.62581E-01   -2.03106E-01    1.07148E-01    4.82089E-02    6.63551E-02    8.71286E-02
     8.03603E-01    1.14069E+00    4.40755E-01    3.63980E-01   -2.01014E-01    1.06521E-01    4.76164E-02    6.59745E-02    8.69044E-02
     8.06403E-01    1.13533E+00    4.35907E-01    3.65360E-01   -1.98924E-01    1.05902E-01    4.70273E-02    6.55994E-02    8.66798E-02
     8.09203E-01    1.13004E+00    4.31072E-01    3.66721E-01   -1.96838E-01    1.05290E-01    4.64417E-02    6.52296E-02    8.64547E-02
     8.12003E-01    1.12481E+00    4.26251E-01    3.68064E-01   -1.94755E-01    1.04684E-01    4.58595E-02    6.48652E-02    8.62293E-02
     8.14803E-01    1.11965E+00    4.21445E-01    3.69389E-01   -1.92676E-01    1.04086E-01    4.52808E-02    6.45060E-02    8.60036E-02
     8.17603E-01    1.11455E+00    4.16652E-01    3.70695E-01   -1.90600E-01    1.03495E-01    4.47056E-02    6.41521E-02    8.57777E-02
     8.20403E-01    1.10951E+00    4.11874E-01    3.71983E-01   -1.88527E-01    1.02911E-01    4.41339E-02    6.38033E-02    8.55516E-02
     8.23203E-01    1.10453E+00    4.07111E-01    3.73253E-01   -1.86458E-01    1.02335E-01    4.35656E-02    6.34597E-02    8.53254E-02
     8.26003E-01    1.09962E+00    4.02363E-01    3.74505E-01   -1.84393E-01    1.01765E-01    4.30007E-02    6.31212E-02    8.50991E-02
     8.28803E-01    1.09476E+00    3.97629E-01    3.75739E-01   -1.82332E-01    1.01202E-01    4.24394E-02    6.27877E-02    8.48728E-02
     8.31603E-01    1.08997E+00    3.92911E-01    3.76955E-01   -1.80274E-01    1.00646E-01    4.18815E-02    6.24592E-02    8.46465E-02
     8.34403E-01    1.08524E+00    3.88209E-01    3.78155E-01   -1.78221E-01    1.00097E-01    4.13270E-02    6.21356E-02    8.44203E-02
     8.37203E-01    1.08057E+00    3.83522E-01    3.79336E-01   -1.76172E-01    9.95545E-02    4.07760E-02    6.18169E-02    8.41943E-02
     8.40002E-01    1.07596E+00    3.78851E-01    3.80501E-01   -1.74128E-01    9.90191E-02    4.02285E-02    6.15031E-02    8.39685E-02
     8.42802E-01    1.07140E+00    3.74195E-01    3.81648E-01   -1.72087E-01    9.84906E-02    3.96844E-02    6.11941E-02    8.37429E-02
     8.45602E-01    1.06691E+00    3.69556E-01    3.82779E-01   -1.70051E-01    9.79688E-02    3.91437E-02    6.08898E-02    8.35176E-02
     8.48402E-01    1.06248E+00    3.64933E-01    3.83892E-01   -1.68020E-01    9.74538E-02    3.86065E-02    6.05902E-02    8.32927E-02
     8.51202E-01    1.05811E+00    3.60326E-01    3.84989E-01   -1.65993E-01    9.69454E-02    3.80726E-02    6.02953E-02    8.30682E-02
     8.54002E-01    1.05379E+00    3.55736E-01    3.86070E-01   -1.63971E-01    9.64438E-02    3.75422E-02    6.00050E-02    8.28441E-02
     8.56802E-01    1.04953E+00    3.51163E-01    3.87134E-01   -1.61954E-01    9.59489E-02    3.70152E-02    5.97193E-02    8.26205E-02
     8.59602E-01    1.04533E+00    3.46606E-01    3.88181E-01   -1.59942E-01    9.54605E-02    3.64916E-02    5.94381E-02    8.23975E-02
     8.62402E-01    1.04119E+00    3.42066E-01    3.89213E-01   -1.57934E-01    9.49788E-02    3.59713E-02    5.91614E-02    8.21751E-02
     8.65202E-01    1.03711E+00    3.37542E-01    3.90228E-01   -1.55932E-01    9.45036E-02    3.54544E-02    5.88891E-02    8.19533E-02
     8.68002E-01    1.03308E+00    3.33036E-01    3.91228E-01   -1.53934E-01    9.40349E-02    3.49409E-02    5.86213E-02    8.17322E-02
     8.70802E-01    1.02911E+00    3.28547E-01    3.92212E-01   -1.51942E-01    9.35728E-02    3.44307E-02    5.83577E-02    8.15119E-02
     8.73602E-01    1.02520E+00    3.24075E-01    3.93180E-01   -1.49955E-01    9.31171E-02    3.39239E-02    5.80985E-02    8.12923E-02
     8.76402E-01    1.02134E+00    3.19621E-01    3.94133E-01   -1.47974E-01    9.26678E-02    3.34204E-02    5.78436E-02    8.10736E-02
     8.79202E-01    1.01754E+00    3.15184E-01    3.95070E-01   -1.45997E-01    9.22250E-02    3.29202E-02    5.75929E-02    8.08557E-02
     8.82002E-01    1.01379E+00    3.10764E-01    3.95992E-01   -1.44027E-01    9.17885E-02    3.24232E-02    5.73464E-02    8.06388E-02
     8.84802E-01    1.01010E+00    3.06362E-01    3.96899E-01   -1.42061E-01    9.13583E-02    3.19296E-02    5.71040E-02    8.04229E-02
     8.87602E-01    1.00647E+00    3.01978E-01    3.97791E-01   -1.40102E-01    9.09345E-02    3.14392E-02    5.68657E-02    8.02079E-02
     8.90402E-01    1.00289E+00    2.97612E-01    3.98668E-01   -1.38147E-01    9.05169E-02    3.09521E-02    5.66315E-02    7.99941E-02
     8.93202E-01    9.99359E-01    2.93263E-01    3.99531E-01   -1.36199E-01    9.01056E-02    3.04682E-02    5.64013E-02    7.97813E-02
     8.96002E-01    9.95886E-01    2.88932E-01    4.00379E-01   -1.34256E-01    8.97005E-02    2.99875E-02    5.61751E-02    7.95697E-02
     8.98802E-01    9.92466E-01    2.84619E-01    4.01212E-01   -1.32319E-01    8.93016E-02    2.95100E-02    5.59529E-02    7.93592E-02
     9.01602E-01    9.89100E-01    2.80323E-01    4.02031E-01   -1.30388E-01    8.89088E-02    2.90357E-02    5.57345E-02    7.91500E-02
     9.04402E-01    9.85787E-01    2.76046E-01    4.02836E-01   -1.28462E-01    8.85222E-02    2.85645E-02    5.55200E-02    7.89421E-02
     9.07202E-01    9.82527E-01    2.71787E-01    4.03626E-01   -1.26543E-01    8.81416E-02    2.80965E-02    5.53094E-02    7.87355E-02
     9.10002E-01    9.79320E-01    2.67546E-01    4.04403E-01   -1.24629E-01    8.77671E-02    2.76317E-02    5.51025E-02    7.85302E-02
     9.12802E-01    9.76164E-01    2.63323E-01    4.05165E-01   -1.22722E-01    8.73986E-02    2.71699E-02    5.48995E-02    7.83263E-02
     9.15602E-01    9.73061E-01    2.59118E-01    4.05914E-01   -1.20821E-01    8.70361E-02    2.67112E-02    5.47001E-02    7.81239E-02
     9.18402E-01    9.70009E-01    2.54932E-01    4.06650E-01   -1.18925E-01    8.66795E-02    2.62556E-02    5.45044E-02    7.79229E-02
     9.21202E-01    9.67008E-01    2.50763E-01    4.07371E-01   -1.17036E-01    8.63289E-02    2.58030E-02    5.43123E-02    7.77235E-02
     9.24002E-01    9.64058E-01    2.46613E-01    4.08080E-01   -1.15153E-01    8.59842E-02    2.53535E-02    5.41239E-02    7.75256E-02
     9.26802E-01    9.61160E-01    2.42481E-01    4.08775E-01   -1.13276E-01    8.56454E-02    2.49069E-02    5.39391E-02    7.73293E-02
     9.29602E-01    9.58311E-01    2.38367E-01    4.09457E-01   -1.11406E-01    8.53123E-02    2.44634E-02    5.37578E-02    7.71347E-02
     9.32402E-01    9.55513E-01    2.34272E-01    4.10126E-01   -1.09542E-01    8.49851E-02    2.40228E-02    5.35800E-02    7.69417E-02
     9.35202E-01    9.52764E-01    2.30195E-01    4.10781E-01   -1.07684E-01    8.46637E-02    2.35852E-02    5.34056E-02    7.67505E-02
     9.38002E-01    9.50065E-01    2.26136E-01    4.11424E-01   -1.05832E-01    8.43480E-02    2.31505E-02    5.32348E-02    7.65610E-02
     9.40802E-01    9.47415E-01    2.22095E-01    4.12055E-01   -1.03987E-01    8.40380E-02    2.27187E-02    5.30673E-02    7.63732E-02
     9.43602E-01    9.44814E-01    2.18073E-01    4.12672E-01   -1.02148E-01    8.37337E-02    2.22897E-02    5.29032E-02    7.61873E-02
     9.46402E-01    9.42262E-01    2.14069E-01    4.13278E-01   -1.00316E-01    8.34350E-02    2.18637E-02    5.27424E-02    7.60033E-02
     9.49202E-01    9.39758E-01    2.10083E-01    4.13870E-01   -9.84904E-02    8.31420E-02    2.14404E-02    5.25850E-02    7.58212E-02
     9.52001E-01    9.37302E-01    2.06116E-01    4.14451E-01   -9.66712E-02    8.28545E-02    2.10200E-02    5.24308E-02    7.56410E-02
     9.54801E-01    9.34895E-01    2.02166E-01    4.15019E-01   -9.48584E-02    8.25726E-02    2.06024E-02    5.22799E-02    7.54628E-02
     9.57601E-01    9.32534E-01    1.98235E-01    4.15576E-01   -9.30522E-02    8.22963E-02    2.01875E-02    5.21322E-02    7.52866E-02
     9.60401E-01    9.30221E-01    1.94323E-01    4.16120E-01   -9.12526E-02    8.20254E-02    1.97754E-02    5.19877E-02    7.51124E-02
     9.63201E-01    9.27955E-01    1.90428E-01    4.16652E-01   -8.94597E-02    8.17600E-02    1.93659E-02    5.18464E-02    7.49404E-02
     9.66001E-01    9.25736E-01    1.86552E-01    4.17173E-01   -8.76733E-02    8.15000E-02    1.89592E-02    5.17082E-02    7.47704E-02
     9.68801E-01    9.23563E-01    1.82694E-01    4.17682E-01   -8.58936E-02    8.12455E-02    1.85552E-02    5.15730E-02    7.46026E-02
     9.71601E-01    9.21436E-01    1.78854E-01    4.18179E-01   -8.41206E-02    8.09963E-02    1.81538E-02    5.14410E-02    7.44370E-02
     9.74401E-01    9.19356E-01    1.75032E-01    4.18665E-01   -8.23542E-02    8.07525E-02    1.77550E-02    5.13120E-02    7.42736E-02
     9.77201E-01    9.17321E-01    1.71228E-01    4.19140E-01   -8.05946E-02    8.05140E-02    1.73588E-02    5.11860E-02    7.41124E-02
     9.80001E-01    9.15331E-01    1.67442E-01    4.19603E-01   -7.88417E-02    8.02808E-02    1.69652E-02    5.10630E-02    7.39536E-02
     9.82801E-01    9.13387E-01    1.63674E-01    4.20056E-01   -7.70956E-02    8.00528E-02    1.65742E-02    5.09430E-02    7.37971E-02
     9.85601E-01    9.11487E-01    1.59925E-01    4.20497E-01   -7.53562E-02    7.98301E-02    1.61856E-02    5.08258E-02    7.36429E-02
     9.88401E-01    9.09632E-01    1.56193E-01    4.20927E-01   -7.36236E-02    7.96126E-02    1.57996E-02    5.07116E-02    7.34912E-02
     9.91201E-01    9.07821E-01    1.52479E-01    4.21346E-01   -7.18978E-02    7.94003E-02    1.54160E-02    5.06003E-02    7.33418E-02
     9.94001E-01    9.06054E-01    1.48783E-01    4.21755E-01   -7.01788E-02    7.91931E-02    1.50349E-02    5.04918E-02    7.31950E-02
     9.96801E-01    9.04332E-01    1.45105E-01    4.22152E-01   -6.84666E-02    7.89910E-02    1.46562E-02    5.03862E-02    7.30506E-02
     9.99601E-01    9.02652E-01    1.41444E-01    4.22540E-01   -6.67613E-02    7.87941E-02    1.42799E-02    5.02834E-02    7.29087E-02
     1.00240E+00    9.01017E-01    1.37801E-01    4.22916E-01   -6.50628E-02    7.86022E-02    1.39060E-02    5.01833E-02    7.27695E-02
     1.00520E+00    8.99424E-01    1.34176E-01    4.23282E-01   -6.33711E-02    7.84153E-02    1.35345E-02    5.00860E-02    7.26328E-02
     1.00800E+00    8.97874E-01    1.30569E-01    4.23638E-01   -6.16864E-02    7.82334E-02    1.31652E-02    4.99914E-02    7.24987E-02
     1.01080E+00    8.96366E-01    1.26979E-01    4.23984E-01   -6.00085E-02    7.80565E-02    1.27983E-02    4.98996E-02    7.23673E-02
     1.01360E+00    8.94901E-01    1.23407E-01    4.24320E-01   -5.83375E-02    7.78846E-02    1.24336E-02    4.98104E-02    7.22386E-02
     1.01640E+00    8.93478E-01    1.19852E-01    4.24645E-01   -5.66734E-02    7.77176E-02    1.20711E-02    4.97239E-02    7.21126E-02
     1.01920E+00    8.92097E-01    1.16315E-01    4.24960E-01   -5.50163E-02    7.75555E-02    1.17109E-02    4.96400E-02    7.19894E-02
     1.02200E+00    8.90758E-01    1.12795E-01    4.25266E-01   -5.33660E-02    7.73983E-02    1.13529E-02    4.95587E-02    7.18690E-02
     1.02480E+00    8.89460E-01    1.09292E-01    4.25562E-01   -5.17227E-02    7.72459E-02    1.09970E-02    4.94801E-02    7.17514E-02
     1.02760E+00    8.88203E-01    1.05807E-01    4.25848E-01   -5.00862E-02    7.70984E-02    1.06433E-02    4.94040E-02    7.16367E-02
     1.03040E+00    8.86987E-01    1.02338E-01    4.26124E-01   -4.84568E-02    7.69556E-02    1.02917E-02    4.93304E-02    7.15249E-02
     1.03320E+00    8.85812E-01    9.88873E-02    4.26391E-01   -4.68343E-02    7.68177E-02    9.94220E-03    4.92594E-02    7.14159E-02
     1.03600E+00    8.84677E-01    9.54532E-02    4.26648E-01   -4.52187E-02    7.66844E-02    9.59475E-03    4.91909E-02    7.13100E-02
     1.03880E+00    8.83583E-01    9.20361E-02    4.26896E-01   -4.36101E-02    7.65559E-02    9.24933E-03    4.91249E-02    7.12070E-02
     1.04160E+00    8.82528E-01    8.86359E-02    4.27134E-01   -4.20084E-02    7.64321E-02    8.90592E-03    4.90614E-02    7.11071E-02
     1.04440E+00    8.81513E-01    8.52526E-02    4.27363E-01   -4.04137E-02    7.63129E-02    8.56450E-03    4.90003E-02    7.10102E-02
     1.04720E+00    8.80538E-01    8.18861E-02    4.27583E-01   -3.88260E-02    7.61984E-02    8.22503E-03    4.89416E-02    7.09164E-02
     1.05000E+00    8.79603E-01    7.85363E-02    4.27794E-01   -3.72453E-02    7.60885E-02    7.88750E-03    4.88854E-02    7.08257E-02
     1.05280E+00    8.78706E-01    7.52031E-02    4.27996E-01   -3.56715E-02    7.59832E-02    7.55187E-03    4.88316E-02    7.07381E-02
     1.05560E+00    8.77848E-01    7.18866E-02    4.28189E-01   -3.41047E-02    7.58824E-02    7.21812E-03    4.87801E-02    7.06538E-02
     1.05840E+00    8.77029E-01    6.85866E-02    4.28373E-01   -3.25449E-02    7.57862E-02    6.88622E-03    4.87310E-02    7.05726E-02
     1.06120E+00    8.76249E-01    6.53030E-02    4.28548E-01   -3.09921E-02    7.56946E-02    6.55614E-03    4.86842E-02    7.04947E-02
     1.06400E+00    8.75507E-01    6.20358E-02    4.28714E-01   -2.94463E-02    7.56074E-02    6.22787E-03    4.86398E-02    7.04201E-02
     1.06680E+00    8.74803E-01    5.87848E-02    4.28872E-01   -2.79075E-02    7.55247E-02    5.90137E-03    4.85977E-02    7.03488E-02
     1.06960E+00    8.74136E-01    5.55502E-02    4.29020E-01   -2.63756E-02    7.54464E-02    5.57662E-03    4.85579E-02    7.02809E-02
     1.07240E+00    8.73508E-01    5.23316E-02    4.29161E-01   -2.48508E-02    7.53726E-02    5.25359E-03    4.85203E-02    7.02163E-02
     1.07520E+00    8.72917E-01    4.91292E-02    4.29293E-01   -2.33329E-02    7.53032E-02    4.93225E-03    4.84850E-02    7.01552E-02
     1.07800E+00    8.72363E-01    4.59427E-02    4.29416E-01   -2.18221E-02    7.52381E-02    4.61258E-03    4.84520E-02    7.00974E-02
     1.08080E+00    8.71846E-01    4.27722E-02    4.29531E-01   -2.03182E-02    7.51774E-02    4.29456E-03    4.84211E-02    7.00432E-02
     1.08360E+00    8.71367E-01    3.96175E-02    4.29638E-01   -1.88214E-02    7.51210E-02    3.97815E-03    4.83925E-02    6.99925E-02
     1.08640E+00    8.70923E-01    3.64786E-02    4.29736E-01   -1.73316E-02    7.50690E-02    3.66333E-03    4.83661E-02    6.99453E-02
     1.08920E+00    8.70517E-01    3.33554E-02    4.29827E-01   -1.58487E-02    7.50212E-02    3.35007E-03    4.83419E-02    6.99017E-02
     1.09200E+00    8.70146E-01    3.02478E-02    4.29909E-01   -1.43729E-02    7.49777E-02    3.03835E-03    4.83199E-02    6.98617E-02
     1.09480E+00    8.69812E-01    2.71557E-02    4.29983E-01   -1.29041E-02    7.49385E-02    2.72814E-03    4.83000E-02    6.98254E-02
     1.09760E+00    8.69514E-01    2.40791E-02    4.30049E-01   -1.14423E-02    7.49034E-02    2.41942E-03    4.82822E-02    6.97927E-02
     1.10040E+00    8.69252E-01    2.10179E-02    4.30107E-01   -9.98744E-03    7.48726E-02    2.11216E-03    4.82666E-02    6.97638E-02
     1.10320E+00    8.69025E-01    1.79719E-02    4.30157E-01   -8.53964E-03    7.48459E-02    1.80633E-03    4.82532E-02    6.97386E-02
     1.10600E+00    8.68833E-01    1.49413E-02    4.30199E-01   -7.09884E-03    7.48235E-02    1.50191E-03    4.82418E-02    6.97172E-02
     1.10880E+00    8.68677E-01    1.19257E-02    4.30234E-01   -5.66506E-03    7.48051E-02    1.19887E-03    4.82325E-02    6.96996E-02
     1.11160E+00    8.68555E-01    8.92520E-03    4.30260E-01   -4.23828E-03    7.47908E-02    8.97181E-04    4.82253E-02    6.96858E-02
     1.11440E+00    8.68469E-01    5.93970E-03    4.30279E-01   -2.81851E-03    7.47807E-02    5.96825E-04    4.82202E-02    6.96759E-02
     1.11720E+00    8.68417E-01    2.96909E-03    4.30291E-01   -1.40575E-03    7.47746E-02    2.97774E-04    4.82171E-02    6.96700E-02
     1.12000E+00    8.68400E-01    1.33045E-05    4.30295E-01   -1.59669E-23    7.47726E-02   -1.52050E-24    4.82161E-02    6.96680E-02
