     1.00000E-05    4.07955E+00   -2.73898E-05   -5.49934E-01   -1.78441E-05    4.49011E-01    7.43898E-06    3.90841E-01    9.60556E-11
     2.58498E-03    4.07947E+00    1.20009E-02   -5.49908E-01   -4.61256E-03    4.49002E-01    1.92290E-03    3.90830E-01    6.41834E-06
     5.15995E-03    4.07925E+00    2.39537E-02   -5.49830E-01   -9.20666E-03    4.48977E-01    3.83801E-03    3.90797E-01    2.55721E-05
     7.73493E-03    4.07887E+00    3.59032E-02   -5.49701E-01   -1.37996E-02    4.48936E-01    5.75244E-03    3.90743E-01    5.74554E-05
     1.03099E-02    4.07834E+00    4.78479E-02   -5.49520E-01   -1.83906E-02    4.48877E-01    7.66582E-03    3.90667E-01    1.02058E-04
     1.28849E-02    4.07766E+00    5.97861E-02   -5.49287E-01   -2.29793E-02    4.48803E-01    9.57781E-03    3.90569E-01    1.59367E-04
     1.54599E-02    4.07682E+00    7.17161E-02   -5.49003E-01   -2.75650E-02    4.48711E-01    1.14881E-02    3.90450E-01    2.29362E-04
     1.80348E-02    4.07584E+00    8.36365E-02   -5.48668E-01   -3.21470E-02    4.48603E-01    1.33963E-02    3.90309E-01    3.12024E-04
     2.06098E-02    4.07471E+00    9.55455E-02   -5.48281E-01   -3.67249E-02    4.48479E-01    1.53021E-02    3.90146E-01    4.07325E-04
     2.31848E-02    4.07342E+00    1.07442E-01   -5.47842E-01   -4.12979E-02    4.48338E-01    1.72051E-02    3.89962E-01    5.15236E-04
     2.57598E-02    4.07199E+00    1.19323E-01   -5.47353E-01   -4.58655E-02    4.48180E-01    1.91050E-02    3.89756E-01    6.35722E-04
     2.83347E-02    4.07040E+00    1.31188E-01   -5.46812E-01   -5.04271E-02    4.48006E-01    2.10014E-02    3.89529E-01    7.68748E-04
     3.09097E-02    4.06867E+00    1.43036E-01   -5.46220E-01   -5.49821E-02    4.47816E-01    2.28941E-02    3.89280E-01    9.14269E-04
     3.34847E-02    4.06678E+00    1.54864E-01   -5.45577E-01   -5.95299E-02    4.47609E-01    2.47827E-02    3.89010E-01    1.07224E-03
     3.60596E-02    4.06475E+00    1.66671E-01   -5.44883E-01   -6.40700E-02    4.47386E-01    2.66668E-02    3.88719E-01    1.24262E-03
     3.86346E-02    4.06257E+00    1.78456E-01   -5.44139E-01   -6.86016E-02    4.47146E-01    2.85461E-02    3.88407E-01    1.42534E-03
     4.12096E-02    4.06023E+00    1.90217E-01   -5.43343E-01   -7.31243E-02    4.46890E-01    3.04203E-02    3.88073E-01    1.62035E-03
     4.37846E-02    4.05775E+00    2.01951E-01   -5.42498E-01   -7.76375E-02    4.46617E-01    3.22891E-02    3.87718E-01    1.82760E-03
     4.63595E-02    4.05512E+00    2.13659E-01   -5.41601E-01   -8.21406E-02    4.46329E-01    3.41520E-02    3.87342E-01    2.04701E-03
     4.89345E-02    4.05235E+00    2.25338E-01   -5.40655E-01   -8.66329E-02    4.46024E-01    3.60088E-02    3.86945E-01    2.27852E-03
     5.15095E-02    4.04942E+00    2.36986E-01   -5.39659E-01   -9.11140E-02    4.45703E-01    3.78592E-02    3.86528E-01    2.52206E-03
     5.40845E-02    4.04635E+00    2.48603E-01   -5.38613E-01   -9.55833E-02    4.45365E-01    3.97028E-02    3.86089E-01    2.77755E-03
     5.66595E-02    4.04313E+00    2.60186E-01   -5.37517E-01   -1.00040E-01    4.45012E-01    4.15394E-02    3.85630E-01    3.04490E-03
     5.92344E-02    4.03977E+00    2.71733E-01   -5.36371E-01   -1.04484E-01    4.44642E-01    4.33685E-02    3.85150E-01    3.32405E-03
     6.18094E-02    4.03626E+00    2.83245E-01   -5.35176E-01   -1.08914E-01    4.44257E-01    4.51899E-02    3.84650E-01    3.61490E-03
     6.43844E-02    4.03261E+00    2.94718E-01   -5.33933E-01   -1.13330E-01    4.43855E-01    4.70033E-02    3.84130E-01    3.91736E-03
     6.69594E-02    4.02881E+00    3.06152E-01   -5.32640E-01   -1.17732E-01    4.43438E-01    4.88083E-02    3.83589E-01    4.23134E-03
     6.95343E-02    4.02487E+00    3.17545E-01   -5.31298E-01   -1.22118E-01    4.43005E-01    5.06047E-02    3.83028E-01    4.55675E-03
     7.21093E-02    4.02078E+00    3.28895E-01   -5.29909E-01   -1.26489E-01    4.42556E-01    5.23921E-02    3.82447E-01    4.89347E-03
     7.46843E-02    4.01655E+00    3.40201E-01   -5.28471E-01   -1.30843E-01    4.42091E-01    5.41702E-02    3.81846E-01    5.24142E-03
     7.72593E-02    4.01218E+00    3.51462E-01   -5.26984E-01   -1.35181E-01    4.41611E-01    5.59388E-02    3.81225E-01    5.60048E-03
     7.98342E-02    4.00767E+00    3.62675E-01   -5.25451E-01   -1.39501E-01    4.41115E-01    5.76975E-02    3.80585E-01    5.97054E-03
     8.24092E-02    4.00302E+00    3.73841E-01   -5.23870E-01   -1.43803E-01    4.40603E-01    5.94461E-02    3.79925E-01    6.35150E-03
     8.49842E-02    3.99822E+00    3.84956E-01   -5.22241E-01   -1.48087E-01    4.40076E-01    6.11842E-02    3.79246E-01    6.74323E-03
     8.75592E-02    3.99329E+00    3.96020E-01   -5.20566E-01   -1.52352E-01    4.39533E-01    6.29116E-02    3.78548E-01    7.14561E-03
     9.01341E-02    3.98822E+00    4.07032E-01   -5.18844E-01   -1.56597E-01    4.38976E-01    6.46280E-02    3.77831E-01    7.55853E-03
     9.27091E-02    3.98301E+00    4.17989E-01   -5.17076E-01   -1.60823E-01    4.38403E-01    6.63331E-02    3.77094E-01    7.98186E-03
     9.52841E-02    3.97766E+00    4.28891E-01   -5.15261E-01   -1.65028E-01    4.37815E-01    6.80267E-02    3.76339E-01    8.41546E-03
     9.78591E-02    3.97217E+00    4.39736E-01   -5.13401E-01   -1.69212E-01    4.37211E-01    6.97084E-02    3.75566E-01    8.85922E-03
     1.00434E-01    3.96655E+00    4.50523E-01   -5.11496E-01   -1.73374E-01    4.36593E-01    7.13780E-02    3.74773E-01    9.31300E-03
     1.03009E-01    3.96080E+00    4.61251E-01   -5.09545E-01   -1.77515E-01    4.35960E-01    7.30352E-02    3.73963E-01    9.77666E-03
     1.05584E-01    3.95491E+00    4.71917E-01   -5.07550E-01   -1.81633E-01    4.35312E-01    7.46799E-02    3.73135E-01    1.02501E-02
     1.08159E-01    3.94888E+00    4.82522E-01   -5.05510E-01   -1.85728E-01    4.34649E-01    7.63116E-02    3.72288E-01    1.07331E-02
     1.10734E-01    3.94273E+00    4.93063E-01   -5.03426E-01   -1.89800E-01    4.33971E-01    7.79303E-02    3.71424E-01    1.12255E-02
     1.13309E-01    3.93644E+00    5.03539E-01   -5.01298E-01   -1.93848E-01    4.33279E-01    7.95355E-02    3.70542E-01    1.17273E-02
     1.15884E-01    3.93002E+00    5.13949E-01   -4.99127E-01   -1.97872E-01    4.32573E-01    8.11272E-02    3.69643E-01    1.22382E-02
     1.18459E-01    3.92347E+00    5.24292E-01   -4.96912E-01   -2.01871E-01    4.31852E-01    8.27050E-02    3.68727E-01    1.27582E-02
     1.21034E-01    3.91679E+00    5.34566E-01   -4.94655E-01   -2.05845E-01    4.31116E-01    8.42687E-02    3.67793E-01    1.32870E-02
     1.23609E-01    3.90999E+00    5.44771E-01   -4.92356E-01   -2.09793E-01    4.30367E-01    8.58181E-02    3.66843E-01    1.38245E-02
     1.26184E-01    3.90305E+00    5.54904E-01   -4.90014E-01   -2.13715E-01    4.29603E-01    8.73529E-02    3.65876E-01    1.43705E-02
     1.28759E-01    3.89599E+00    5.64966E-01   -4.87631E-01   -2.17611E-01    4.28826E-01    8.88730E-02    3.64893E-01    1.49250E-02
     1.31334E-01    3.88881E+00    5.74954E-01   -4.85207E-01   -2.21479E-01    4.28034E-01    9.03781E-02    3.63894E-01    1.54877E-02
     1.33909E-01    3.88150E+00    5.84867E-01   -4.82741E-01   -2.25321E-01    4.27229E-01    9.18680E-02    3.62878E-01    1.60584E-02
     1.36484E-01    3.87407E+00    5.94705E-01   -4.80236E-01   -2.29134E-01    4.26410E-01    9.33426E-02    3.61847E-01    1.66370E-02
     1.39059E-01    3.86651E+00    6.04466E-01   -4.77690E-01   -2.32920E-01    4.25577E-01    9.48015E-02    3.60800E-01    1.72234E-02
     1.41634E-01    3.85884E+00    6.14149E-01   -4.75104E-01   -2.36676E-01    4.24731E-01    9.62447E-02    3.59737E-01    1.78173E-02
     1.44209E-01    3.85104E+00    6.23753E-01   -4.72480E-01   -2.40404E-01    4.23872E-01    9.76719E-02    3.58660E-01    1.84187E-02
     1.46784E-01    3.84312E+00    6.33277E-01   -4.69816E-01   -2.44103E-01    4.22999E-01    9.90829E-02    3.57567E-01    1.90272E-02
     1.49359E-01    3.83509E+00    6.42720E-01   -4.67114E-01   -2.47772E-01    4.22113E-01    1.00478E-01    3.56460E-01    1.96428E-02
     1.51934E-01    3.82694E+00    6.52080E-01   -4.64374E-01   -2.51411E-01    4.21214E-01    1.01856E-01    3.55338E-01    2.02653E-02
     1.54508E-01    3.81867E+00    6.61358E-01   -4.61596E-01   -2.55019E-01    4.20302E-01    1.03217E-01    3.54201E-01    2.08945E-02
     1.57083E-01    3.81029E+00    6.70551E-01   -4.58781E-01   -2.58597E-01    4.19378E-01    1.04562E-01    3.53051E-01    2.15302E-02
     1.59658E-01    3.80180E+00    6.79659E-01   -4.55930E-01   -2.62143E-01    4.18441E-01    1.05889E-01    3.51886E-01    2.21723E-02
     1.62233E-01    3.79319E+00    6.88681E-01   -4.53042E-01   -2.65658E-01    4.17491E-01    1.07200E-01    3.50708E-01    2.28205E-02
     1.64808E-01    3.78447E+00    6.97616E-01   -4.50118E-01   -2.69142E-01    4.16529E-01    1.08493E-01    3.49517E-01    2.34747E-02
     1.67383E-01    3.77564E+00    7.06463E-01   -4.47159E-01   -2.72593E-01    4.15554E-01    1.09769E-01    3.48312E-01    2.41348E-02
     1.69958E-01    3.76671E+00    7.15220E-01   -4.44164E-01   -2.76011E-01    4.14567E-01    1.11027E-01    3.47094E-01    2.48004E-02
     1.72533E-01    3.75766E+00    7.23888E-01   -4.41136E-01   -2.79397E-01    4.13569E-01    1.12267E-01    3.45864E-01    2.54715E-02
     1.75108E-01    3.74851E+00    7.32466E-01   -4.38073E-01   -2.82750E-01    4.12558E-01    1.13489E-01    3.44621E-01    2.61479E-02
     1.77683E-01    3.73925E+00    7.40951E-01   -4.34976E-01   -2.86070E-01    4.11535E-01    1.14694E-01    3.43366E-01    2.68294E-02
     1.80258E-01    3.72989E+00    7.49345E-01   -4.31847E-01   -2.89356E-01    4.10501E-01    1.15880E-01    3.42098E-01    2.75157E-02
     1.82833E-01    3.72043E+00    7.57645E-01   -4.28684E-01   -2.92608E-01    4.09455E-01    1.17048E-01    3.40819E-01    2.82068E-02
     1.85408E-01    3.71086E+00    7.65851E-01   -4.25490E-01   -2.95826E-01    4.08398E-01    1.18198E-01    3.39528E-01    2.89024E-02
     1.87983E-01    3.70120E+00    7.73962E-01   -4.22263E-01   -2.99009E-01    4.07330E-01    1.19329E-01    3.38226E-01    2.96023E-02
     1.90558E-01    3.69143E+00    7.81978E-01   -4.19005E-01   -3.02158E-01    4.06251E-01    1.20442E-01    3.36913E-01    3.03064E-02
     1.93133E-01    3.68157E+00    7.89898E-01   -4.15717E-01   -3.05271E-01    4.05160E-01    1.21536E-01    3.35589E-01    3.10145E-02
     1.95708E-01    3.67161E+00    7.97720E-01   -4.12398E-01   -3.08350E-01    4.04059E-01    1.22611E-01    3.34254E-01    3.17263E-02
     1.98283E-01    3.66155E+00    8.05445E-01   -4.09049E-01   -3.11393E-01    4.02947E-01    1.23668E-01    3.32909E-01    3.24418E-02
     2.00858E-01    3.65140E+00    8.13072E-01   -4.05671E-01   -3.14400E-01    4.01824E-01    1.24706E-01    3.31554E-01    3.31607E-02
     2.03433E-01    3.64116E+00    8.20600E-01   -4.02263E-01   -3.17371E-01    4.00691E-01    1.25724E-01    3.30188E-01    3.38828E-02
     2.06008E-01    3.63083E+00    8.28028E-01   -3.98828E-01   -3.20307E-01    3.99547E-01    1.26724E-01    3.28813E-01    3.46079E-02
     2.08583E-01    3.62040E+00    8.35356E-01   -3.95364E-01   -3.23206E-01    3.98394E-01    1.27704E-01    3.27429E-01    3.53359E-02
     2.11158E-01    3.60989E+00    8.42583E-01   -3.91872E-01   -3.26068E-01    3.97230E-01    1.28666E-01    3.26036E-01    3.60666E-02
     2.13733E-01    3.59929E+00    8.49708E-01   -3.88354E-01   -3.28894E-01    3.96057E-01    1.29608E-01    3.24633E-01    3.67998E-02
     2.16308E-01    3.58861E+00    8.56732E-01   -3.84809E-01   -3.31682E-01    3.94873E-01    1.30531E-01    3.23222E-01    3.75353E-02
     2.18883E-01    3.57784E+00    8.63653E-01   -3.81238E-01   -3.34434E-01    3.93680E-01    1.31435E-01    3.21802E-01    3.82729E-02
     2.21458E-01    3.56698E+00    8.70472E-01   -3.77642E-01   -3.37148E-01    3.92478E-01    1.32319E-01    3.20375E-01    3.90125E-02
     2.24033E-01    3.55605E+00    8.77187E-01   -3.74020E-01   -3.39825E-01    3.91267E-01    1.33184E-01    3.18939E-01    3.97538E-02
     2.26608E-01    3.54503E+00    8.83798E-01   -3.70374E-01   -3.42465E-01    3.90046E-01    1.34030E-01    3.17495E-01    4.04967E-02
     2.29183E-01    3.53393E+00    8.90304E-01   -3.66704E-01   -3.45066E-01    3.88816E-01    1.34856E-01    3.16044E-01    4.12410E-02
     2.31758E-01    3.52276E+00    8.96706E-01   -3.63010E-01   -3.47630E-01    3.87578E-01    1.35663E-01    3.14586E-01    4.19865E-02
     2.34333E-01    3.51151E+00    9.03003E-01   -3.59293E-01   -3.50155E-01    3.86330E-01    1.36450E-01    3.13121E-01    4.27331E-02
     2.36908E-01    3.50019E+00    9.09194E-01   -3.55553E-01   -3.52643E-01    3.85074E-01    1.37218E-01    3.11649E-01    4.34805E-02
     2.39483E-01    3.48879E+00    9.15279E-01   -3.51791E-01   -3.55092E-01    3.83810E-01    1.37967E-01    3.10170E-01    4.42287E-02
     2.42058E-01    3.47732E+00    9.21258E-01   -3.48008E-01   -3.57503E-01    3.82538E-01    1.38696E-01    3.08685E-01    4.49773E-02
     2.44633E-01    3.46577E+00    9.27131E-01   -3.44203E-01   -3.59875E-01    3.81257E-01    1.39405E-01    3.07194E-01    4.57262E-02
     2.47208E-01    3.45416E+00    9.32896E-01   -3.40377E-01   -3.62209E-01    3.79969E-01    1.40095E-01    3.05698E-01    4.64754E-02
     2.49783E-01    3.44248E+00    9.38554E-01   -3.36532E-01   -3.64504E-01    3.78672E-01    1.40766E-01    3.04195E-01    4.72245E-02
     2.52358E-01    3.43073E+00    9.44105E-01   -3.32666E-01   -3.66760E-01    3.77368E-01    1.41417E-01    3.02688E-01    4.79734E-02
     2.54933E-01    3.41892E+00    9.49548E-01   -3.28782E-01   -3.68977E-01    3.76057E-01    1.42049E-01    3.01175E-01    4.87220E-02
     2.57508E-01    3.40705E+00    9.54884E-01   -3.24878E-01   -3.71155E-01    3.74738E-01    1.42662E-01    2.99658E-01    4.94701E-02
     2.60082E-01    3.39511E+00    9.60111E-01   -3.20957E-01   -3.73294E-01    3.73412E-01    1.43255E-01    2.98135E-01    5.02175E-02
     2.62657E-01    3.38311E+00    9.65230E-01   -3.17017E-01   -3.75394E-01    3.72079E-01    1.43829E-01    2.96609E-01    5.09640E-02
     2.65232E-01    3.37105E+00    9.70240E-01   -3.13061E-01   -3.77455E-01    3.70739E-01    1.44384E-01    2.95078E-01    5.17096E-02
     2.67807E-01    3.35893E+00    9.75142E-01   -3.09087E-01   -3.79477E-01    3.69392E-01    1.44920E-01    2.93543E-01    5.24539E-02
     2.70382E-01    3.34675E+00    9.79935E-01   -3.05097E-01   -3.81459E-01    3.68039E-01    1.45436E-01    2.92005E-01    5.31970E-02
     2.72957E-01    3.33452E+00    9.84620E-01   -3.01091E-01   -3.83402E-01    3.66680E-01    1.45933E-01    2.90463E-01    5.39385E-02
     2.75532E-01    3.32224E+00    9.89195E-01   -2.97070E-01   -3.85306E-01    3.65314E-01    1.46412E-01    2.88918E-01    5.46784E-02
     2.78107E-01    3.30990E+00    9.93662E-01   -2.93034E-01   -3.87170E-01    3.63942E-01    1.46871E-01    2.87370E-01    5.54164E-02
     2.80682E-01    3.29751E+00    9.98019E-01   -2.88984E-01   -3.88995E-01    3.62564E-01    1.47312E-01    2.85819E-01    5.61525E-02
     2.83257E-01    3.28507E+00    1.00227E+00   -2.84920E-01   -3.90781E-01    3.61180E-01    1.47733E-01    2.84266E-01    5.68865E-02
     2.85832E-01    3.27259E+00    1.00641E+00   -2.80842E-01   -3.92527E-01    3.59791E-01    1.48136E-01    2.82710E-01    5.76183E-02
     2.88407E-01    3.26005E+00    1.01044E+00   -2.76751E-01   -3.94234E-01    3.58396E-01    1.48521E-01    2.81152E-01    5.83476E-02
     2.90982E-01    3.24748E+00    1.01436E+00   -2.72648E-01   -3.95901E-01    3.56996E-01    1.48886E-01    2.79592E-01    5.90743E-02
     2.93557E-01    3.23485E+00    1.01817E+00   -2.68533E-01   -3.97529E-01    3.55590E-01    1.49233E-01    2.78031E-01    5.97984E-02
     2.96132E-01    3.22219E+00    1.02188E+00   -2.64406E-01   -3.99118E-01    3.54180E-01    1.49562E-01    2.76467E-01    6.05196E-02
     2.98707E-01    3.20948E+00    1.02547E+00   -2.60268E-01   -4.00667E-01    3.52765E-01    1.49873E-01    2.74903E-01    6.12379E-02
     3.01282E-01    3.19673E+00    1.02896E+00   -2.56119E-01   -4.02177E-01    3.51345E-01    1.50165E-01    2.73338E-01    6.19530E-02
     3.03857E-01    3.18394E+00    1.03234E+00   -2.51960E-01   -4.03647E-01    3.49921E-01    1.50439E-01    2.71771E-01    6.26649E-02
     3.06432E-01    3.17112E+00    1.03561E+00   -2.47792E-01   -4.05078E-01    3.48492E-01    1.50695E-01    2.70205E-01    6.33733E-02
     3.09007E-01    3.15826E+00    1.03877E+00   -2.43614E-01   -4.06470E-01    3.47059E-01    1.50933E-01    2.68637E-01    6.40783E-02
     3.11582E-01    3.14537E+00    1.04182E+00   -2.39427E-01   -4.07823E-01    3.45621E-01    1.51153E-01    2.67070E-01    6.47796E-02
     3.14157E-01    3.13244E+00    1.04477E+00   -2.35232E-01   -4.09136E-01    3.44180E-01    1.51356E-01    2.65502E-01    6.54771E-02
     3.16732E-01    3.11949E+00    1.04760E+00   -2.31029E-01   -4.10411E-01    3.42735E-01    1.51541E-01    2.63934E-01    6.61707E-02
     3.19307E-01    3.10650E+00    1.05033E+00   -2.26819E-01   -4.11646E-01    3.41287E-01    1.51709E-01    2.62367E-01    6.68603E-02
     3.21882E-01    3.09348E+00    1.05296E+00   -2.22602E-01   -4.12843E-01    3.39835E-01    1.51859E-01    2.60801E-01    6.75457E-02
     3.24457E-01    3.08044E+00    1.05547E+00   -2.18378E-01   -4.14001E-01    3.38380E-01    1.51992E-01    2.59235E-01    6.82269E-02
     3.27032E-01    3.06737E+00    1.05788E+00   -2.14148E-01   -4.15119E-01    3.36921E-01    1.52108E-01    2.57670E-01    6.89037E-02
     3.29607E-01    3.05427E+00    1.06019E+00   -2.09912E-01   -4.16199E-01    3.35460E-01    1.52207E-01    2.56106E-01    6.95760E-02
     3.32182E-01    3.04115E+00    1.06239E+00   -2.05671E-01   -4.17241E-01    3.33995E-01    1.52289E-01    2.54544E-01    7.02436E-02
     3.34757E-01    3.02801E+00    1.06448E+00   -2.01426E-01   -4.18244E-01    3.32528E-01    1.52354E-01    2.52983E-01    7.09066E-02
     3.37332E-01    3.01485E+00    1.06646E+00   -1.97175E-01   -4.19208E-01    3.31058E-01    1.52403E-01    2.51423E-01    7.15647E-02
     3.39907E-01    3.00167E+00    1.06835E+00   -1.92921E-01   -4.20134E-01    3.29586E-01    1.52435E-01    2.49866E-01    7.22179E-02
     3.42482E-01    2.98847E+00    1.07012E+00   -1.88664E-01   -4.21022E-01    3.28112E-01    1.52451E-01    2.48310E-01    7.28661E-02
     3.45057E-01    2.97526E+00    1.07180E+00   -1.84403E-01   -4.21871E-01    3.26635E-01    1.52451E-01    2.46757E-01    7.35092E-02
     3.47632E-01    2.96203E+00    1.07337E+00   -1.80140E-01   -4.22683E-01    3.25157E-01    1.52435E-01    2.45206E-01    7.41470E-02
     3.50207E-01    2.94878E+00    1.07483E+00   -1.75875E-01   -4.23456E-01    3.23677E-01    1.52403E-01    2.43658E-01    7.47795E-02
     3.52782E-01    2.93552E+00    1.07619E+00   -1.71607E-01   -4.24192E-01    3.22195E-01    1.52356E-01    2.42112E-01    7.54065E-02
     3.55357E-01    2.92226E+00    1.07746E+00   -1.67339E-01   -4.24890E-01    3.20711E-01    1.52293E-01    2.40570E-01    7.60281E-02
     3.57932E-01    2.90898E+00    1.07861E+00   -1.63069E-01   -4.25551E-01    3.19227E-01    1.52214E-01    2.39030E-01    7.66441E-02
     3.60507E-01    2.89569E+00    1.07967E+00   -1.58799E-01   -4.26174E-01    3.17740E-01    1.52120E-01    2.37494E-01    7.72543E-02
     3.63081E-01    2.88240E+00    1.08063E+00   -1.54528E-01   -4.26759E-01    3.16253E-01    1.52011E-01    2.35960E-01    7.78589E-02
     3.65656E-01    2.86910E+00    1.08148E+00   -1.50258E-01   -4.27308E-01    3.14765E-01    1.51887E-01    2.34431E-01    7.84575E-02
     3.68231E-01    2.85579E+00    1.08224E+00   -1.45988E-01   -4.27820E-01    3.13276E-01    1.51749E-01    2.32905E-01    7.90503E-02
     3.70806E-01    2.84248E+00    1.08290E+00   -1.41720E-01   -4.28295E-01    3.11786E-01    1.51596E-01    2.31383E-01    7.96371E-02
     3.73381E-01    2.82917E+00    1.08345E+00   -1.37452E-01   -4.28733E-01    3.10296E-01    1.51428E-01    2.29865E-01    8.02177E-02
     3.75956E-01    2.81586E+00    1.08391E+00   -1.33187E-01   -4.29134E-01    3.08806E-01    1.51246E-01    2.28351E-01    8.07923E-02
     3.78531E-01    2.80254E+00    1.08427E+00   -1.28924E-01   -4.29500E-01    3.07315E-01    1.51050E-01    2.26841E-01    8.13606E-02
     3.81106E-01    2.78923E+00    1.08454E+00   -1.24663E-01   -4.29829E-01    3.05824E-01    1.50840E-01    2.25335E-01    8.19227E-02
     3.83681E-01    2.77592E+00    1.08471E+00   -1.20406E-01   -4.30122E-01    3.04333E-01    1.50616E-01    2.23835E-01    8.24784E-02
     3.86256E-01    2.76262E+00    1.08478E+00   -1.16151E-01   -4.30379E-01    3.02842E-01    1.50379E-01    2.22338E-01    8.30277E-02
     3.88831E-01    2.74932E+00    1.08475E+00   -1.11901E-01   -4.30600E-01    3.01352E-01    1.50128E-01    2.20847E-01    8.35705E-02
     3.91406E-01    2.73602E+00    1.08463E+00   -1.07654E-01   -4.30786E-01    2.99862E-01    1.49864E-01    2.19361E-01    8.41068E-02
     3.93981E-01    2.72274E+00    1.08442E+00   -1.03412E-01   -4.30936E-01    2.98372E-01    1.49587E-01    2.17879E-01    8.46366E-02
     3.96556E-01    2.70946E+00    1.08412E+00   -9.91751E-02   -4.31052E-01    2.96883E-01    1.49297E-01    2.16403E-01    8.51597E-02
     3.99131E-01    2.69619E+00    1.08372E+00   -9.49431E-02   -4.31132E-01    2.95395E-01    1.48994E-01    2.14932E-01    8.56761E-02
     4.01706E-01    2.68293E+00    1.08323E+00   -9.07167E-02   -4.31177E-01    2.93908E-01    1.48678E-01    2.13467E-01    8.61858E-02
     4.04281E-01    2.66969E+00    1.08264E+00   -8.64962E-02   -4.31188E-01    2.92422E-01    1.48351E-01    2.12007E-01    8.66888E-02
     4.06856E-01    2.65645E+00    1.08197E+00   -8.22819E-02   -4.31165E-01    2.90938E-01    1.48011E-01    2.10553E-01    8.71849E-02
     4.09431E-01    2.64323E+00    1.08121E+00   -7.80743E-02   -4.31107E-01    2.89454E-01    1.47658E-01    2.09104E-01    8.76742E-02
     4.12006E-01    2.63003E+00    1.08036E+00   -7.38737E-02   -4.31016E-01    2.87972E-01    1.47295E-01    2.07662E-01    8.81566E-02
     4.14581E-01    2.61685E+00    1.07942E+00   -6.96803E-02   -4.30890E-01    2.86492E-01    1.46919E-01    2.06225E-01    8.86321E-02
     4.17156E-01    2.60368E+00    1.07839E+00   -6.54946E-02   -4.30731E-01    2.85013E-01    1.46532E-01    2.04795E-01    8.91006E-02
     4.19731E-01    2.59053E+00    1.07727E+00   -6.13169E-02   -4.30539E-01    2.83537E-01    1.46133E-01    2.03370E-01    8.95621E-02
     4.22306E-01    2.57740E+00    1.07607E+00   -5.71475E-02   -4.30313E-01    2.82062E-01    1.45724E-01    2.01953E-01    9.00166E-02
     4.24881E-01    2.56429E+00    1.07478E+00   -5.29868E-02   -4.30055E-01    2.80589E-01    1.45303E-01    2.00541E-01    9.04641E-02
     4.27456E-01    2.55120E+00    1.07341E+00   -4.88351E-02   -4.29764E-01    2.79119E-01    1.44872E-01    1.99136E-01    9.09044E-02
     4.30031E-01    2.53814E+00    1.07196E+00   -4.46926E-02   -4.29440E-01    2.77650E-01    1.44430E-01    1.97738E-01    9.13377E-02
     4.32606E-01    2.52509E+00    1.07042E+00   -4.05598E-02   -4.29084E-01    2.76184E-01    1.43977E-01    1.96346E-01    9.17639E-02
     4.35181E-01    2.51208E+00    1.06879E+00   -3.64369E-02   -4.28696E-01    2.74721E-01    1.43515E-01    1.94961E-01    9.21829E-02
     4.37756E-01    2.49909E+00    1.06709E+00   -3.23243E-02   -4.28276E-01    2.73261E-01    1.43042E-01    1.93583E-01    9.25948E-02
     4.40331E-01    2.48613E+00    1.06531E+00   -2.82223E-02   -4.27824E-01    2.71803E-01    1.42559E-01    1.92212E-01    9.29995E-02
     4.42906E-01    2.47319E+00    1.06344E+00   -2.41311E-02   -4.27342E-01    2.70348E-01    1.42067E-01    1.90848E-01    9.33970E-02
     4.45481E-01    2.46029E+00    1.06150E+00   -2.00511E-02   -4.26828E-01    2.68896E-01    1.41565E-01    1.89491E-01    9.37874E-02
     4.48056E-01    2.44741E+00    1.05948E+00   -1.59826E-02   -4.26283E-01    2.67447E-01    1.41054E-01    1.88141E-01    9.41705E-02
     4.50631E-01    2.43457E+00    1.05738E+00   -1.19259E-02   -4.25707E-01    2.66001E-01    1.40533E-01    1.86799E-01    9.45465E-02
     4.53206E-01    2.42176E+00    1.05520E+00   -7.88119E-03   -4.25101E-01    2.64559E-01    1.40004E-01    1.85463E-01    9.49152E-02
     4.55781E-01    2.40898E+00    1.05295E+00   -3.84887E-03   -4.24465E-01    2.63120E-01    1.39465E-01    1.84136E-01    9.52767E-02
     4.58356E-01    2.39623E+00    1.05062E+00    1.70798E-04   -4.23800E-01    2.61685E-01    1.38919E-01    1.82815E-01    9.56310E-02
     4.60931E-01    2.38352E+00    1.04822E+00    4.17754E-03   -4.23104E-01    2.60253E-01    1.38363E-01    1.81503E-01    9.59781E-02
     4.63506E-01    2.37084E+00    1.04574E+00    8.17109E-03   -4.22379E-01    2.58825E-01    1.37799E-01    1.80198E-01    9.63180E-02
     4.66080E-01    2.35821E+00    1.04319E+00    1.21512E-02   -4.21625E-01    2.57401E-01    1.37228E-01    1.78900E-01    9.66507E-02
     4.68655E-01    2.34560E+00    1.04058E+00    1.61175E-02   -4.20842E-01    2.55980E-01    1.36648E-01    1.77610E-01    9.69762E-02
     4.71230E-01    2.33304E+00    1.03788E+00    2.00698E-02   -4.20030E-01    2.54564E-01    1.36060E-01    1.76328E-01    9.72945E-02
     4.73805E-01    2.32052E+00    1.03512E+00    2.40078E-02   -4.19190E-01    2.53152E-01    1.35465E-01    1.75054E-01    9.76057E-02
     4.76380E-01    2.30803E+00    1.03230E+00    2.79313E-02   -4.18322E-01    2.51744E-01    1.34862E-01    1.73788E-01    9.79097E-02
     4.78955E-01    2.29559E+00    1.02940E+00    3.18399E-02   -4.17426E-01    2.50341E-01    1.34253E-01    1.72530E-01    9.82065E-02
     4.81530E-01    2.28318E+00    1.02643E+00    3.57336E-02   -4.16502E-01    2.48942E-01    1.33636E-01    1.71279E-01    9.84962E-02
     4.84105E-01    2.27082E+00    1.02340E+00    3.96119E-02   -4.15551E-01    2.47547E-01    1.33012E-01    1.70037E-01    9.87788E-02
     4.86680E-01    2.25851E+00    1.02031E+00    4.34747E-02   -4.14573E-01    2.46157E-01    1.32381E-01    1.68803E-01    9.90542E-02
     4.89255E-01    2.24624E+00    1.01714E+00    4.73217E-02   -4.13568E-01    2.44772E-01    1.31744E-01    1.67577E-01    9.93227E-02
     4.91830E-01    2.23401E+00    1.01392E+00    5.11527E-02   -4.12537E-01    2.43391E-01    1.31100E-01    1.66359E-01    9.95840E-02
     4.94405E-01    2.22182E+00    1.01063E+00    5.49674E-02   -4.11480E-01    2.42015E-01    1.30451E-01    1.65149E-01    9.98383E-02
     4.96980E-01    2.20969E+00    1.00728E+00    5.87656E-02   -4.10396E-01    2.40644E-01    1.29795E-01    1.63948E-01    1.00086E-01
     4.99555E-01    2.19760E+00    1.00387E+00    6.25471E-02   -4.09287E-01    2.39278E-01    1.29133E-01    1.62754E-01    1.00326E-01
     5.02130E-01    2.18556E+00    1.00040E+00    6.63117E-02   -4.08152E-01    2.37918E-01    1.28465E-01    1.61569E-01    1.00559E-01
     5.04705E-01    2.17356E+00    9.96868E-01    7.00591E-02   -4.06992E-01    2.36562E-01    1.27792E-01    1.60393E-01    1.00786E-01
     5.07280E-01    2.16162E+00    9.93279E-01    7.37892E-02   -4.05808E-01    2.35212E-01    1.27113E-01    1.59225E-01    1.01005E-01
     5.09855E-01    2.14972E+00    9.89633E-01    7.75017E-02   -4.04598E-01    2.33867E-01    1.26430E-01    1.58065E-01    1.01218E-01
     5.12430E-01    2.13788E+00    9.85930E-01    8.11964E-02   -4.03365E-01    2.32527E-01    1.25741E-01    1.56913E-01    1.01424E-01
     5.15005E-01    2.12609E+00    9.82171E-01    8.48731E-02   -4.02107E-01    2.31193E-01    1.25047E-01    1.55770E-01    1.01623E-01
     5.17580E-01    2.11434E+00    9.78357E-01    8.85316E-02   -4.00826E-01    2.29865E-01    1.24348E-01    1.54636E-01    1.01815E-01
     5.20155E-01    2.10265E+00    9.74489E-01    9.21717E-02   -3.99521E-01    2.28542E-01    1.23644E-01    1.53510E-01    1.02001E-01
     5.22730E-01    2.09102E+00    9.70569E-01    9.57933E-02   -3.98193E-01    2.27225E-01    1.22937E-01    1.52392E-01    1.02180E-01
     5.25305E-01    2.07943E+00    9.66596E-01    9.93961E-02   -3.96843E-01    2.25914E-01    1.22224E-01    1.51283E-01    1.02352E-01
     5.27880E-01    2.06791E+00    9.62572E-01    1.02980E-01   -3.95469E-01    2.24608E-01    1.21508E-01    1.50182E-01    1.02518E-01
     5.30455E-01    2.05643E+00    9.58497E-01    1.06545E-01   -3.94074E-01    2.23308E-01    1.20788E-01    1.49090E-01    1.02677E-01
     5.33030E-01    2.04501E+00    9.54373E-01    1.10090E-01   -3.92656E-01    2.22015E-01    1.20063E-01    1.48007E-01    1.02830E-01
     5.35605E-01    2.03365E+00    9.50201E-01    1.13616E-01   -3.91216E-01    2.20727E-01    1.19335E-01    1.46932E-01    1.02976E-01
     5.38180E-01    2.02234E+00    9.45980E-01    1.17122E-01   -3.89756E-01    2.19445E-01    1.18603E-01    1.45866E-01    1.03116E-01
     5.40755E-01    2.01109E+00    9.41713E-01    1.20609E-01   -3.88274E-01    2.18170E-01    1.17868E-01    1.44808E-01    1.03249E-01
     5.43330E-01    1.99990E+00    9.37400E-01    1.24075E-01   -3.86771E-01    2.16901E-01    1.17130E-01    1.43759E-01    1.03376E-01
     5.45905E-01    1.98877E+00    9.33042E-01    1.27522E-01   -3.85247E-01    2.15638E-01    1.16388E-01    1.42718E-01    1.03497E-01
     5.48480E-01    1.97769E+00    9.28640E-01    1.30948E-01   -3.83703E-01    2.14382E-01    1.15644E-01    1.41686E-01    1.03612E-01
     5.51055E-01    1.96668E+00    9.24195E-01    1.34354E-01   -3.82140E-01    2.13131E-01    1.14896E-01    1.40663E-01    1.03720E-01
     5.53630E-01    1.95572E+00    9.19707E-01    1.37739E-01   -3.80556E-01    2.11888E-01    1.14146E-01    1.39648E-01    1.03823E-01
     5.56205E-01    1.94482E+00    9.15177E-01    1.41104E-01   -3.78954E-01    2.10650E-01    1.13393E-01    1.38641E-01    1.03919E-01
     5.58780E-01    1.93398E+00    9.10607E-01    1.44447E-01   -3.77332E-01    2.09420E-01    1.12637E-01    1.37643E-01    1.04009E-01
     5.61355E-01    1.92321E+00    9.05997E-01    1.47770E-01   -3.75691E-01    2.08196E-01    1.11880E-01    1.36654E-01    1.04093E-01
     5.63930E-01    1.91249E+00    9.01348E-01    1.51072E-01   -3.74032E-01    2.06978E-01    1.11120E-01    1.35674E-01    1.04172E-01
     5.66504E-01    1.90184E+00    8.96661E-01    1.54352E-01   -3.72354E-01    2.05768E-01    1.10357E-01    1.34702E-01    1.04244E-01
     5.69079E-01    1.89125E+00    8.91937E-01    1.57611E-01   -3.70659E-01    2.04564E-01    1.09593E-01    1.33738E-01    1.04311E-01
     5.71654E-01    1.88072E+00    8.87177E-01    1.60849E-01   -3.68946E-01    2.03367E-01    1.08827E-01    1.32783E-01    1.04372E-01
     5.74229E-01    1.87025E+00    8.82381E-01    1.64065E-01   -3.67216E-01    2.02176E-01    1.08060E-01    1.31837E-01    1.04427E-01
     5.76804E-01    1.85985E+00    8.77550E-01    1.67260E-01   -3.65468E-01    2.00993E-01    1.07290E-01    1.30899E-01    1.04477E-01
     5.79379E-01    1.84951E+00    8.72685E-01    1.70432E-01   -3.63704E-01    1.99816E-01    1.06520E-01    1.29969E-01    1.04521E-01
     5.81954E-01    1.83923E+00    8.67788E-01    1.73583E-01   -3.61923E-01    1.98647E-01    1.05747E-01    1.29048E-01    1.04560E-01
     5.84529E-01    1.82902E+00    8.62858E-01    1.76712E-01   -3.60127E-01    1.97484E-01    1.04974E-01    1.28135E-01    1.04593E-01
     5.87104E-01    1.81887E+00    8.57897E-01    1.79819E-01   -3.58314E-01    1.96329E-01    1.04200E-01    1.27231E-01    1.04621E-01
     5.89679E-01    1.80879E+00    8.52905E-01    1.82903E-01   -3.56486E-01    1.95180E-01    1.03424E-01    1.26336E-01    1.04643E-01
     5.92254E-01    1.79877E+00    8.47883E-01    1.85966E-01   -3.54642E-01    1.94039E-01    1.02647E-01    1.25448E-01    1.04661E-01
     5.94829E-01    1.78882E+00    8.42833E-01    1.89006E-01   -3.52783E-01    1.92905E-01    1.01870E-01    1.24569E-01    1.04673E-01
     5.97404E-01    1.77894E+00    8.37754E-01    1.92024E-01   -3.50910E-01    1.91778E-01    1.01092E-01    1.23699E-01    1.04680E-01
     5.99979E-01    1.76911E+00    8.32649E-01    1.95019E-01   -3.49022E-01    1.90658E-01    1.00314E-01    1.22837E-01    1.04682E-01
     6.02554E-01    1.75936E+00    8.27516E-01    1.97992E-01   -3.47120E-01    1.89546E-01    9.95346E-02    1.21983E-01    1.04678E-01
     6.05129E-01    1.74967E+00    8.22358E-01    2.00942E-01   -3.45205E-01    1.88441E-01    9.87552E-02    1.21137E-01    1.04670E-01
     6.07704E-01    1.74005E+00    8.17175E-01    2.03870E-01   -3.43275E-01    1.87343E-01    9.79755E-02    1.20300E-01    1.04658E-01
     6.10279E-01    1.73050E+00    8.11968E-01    2.06775E-01   -3.41332E-01    1.86252E-01    9.71957E-02    1.19471E-01    1.04640E-01
     6.12854E-01    1.72101E+00    8.06737E-01    2.09657E-01   -3.39377E-01    1.85169E-01    9.64157E-02    1.18650E-01    1.04617E-01
     6.15429E-01    1.71159E+00    8.01484E-01    2.12516E-01   -3.37408E-01    1.84093E-01    9.56358E-02    1.17837E-01    1.04590E-01
     6.18004E-01    1.70224E+00    7.96208E-01    2.15353E-01   -3.35428E-01    1.83025E-01    9.48560E-02    1.17032E-01    1.04559E-01
     6.20579E-01    1.69295E+00    7.90912E-01    2.18166E-01   -3.33435E-01    1.81964E-01    9.40764E-02    1.16236E-01    1.04522E-01
     6.23154E-01    1.68374E+00    7.85595E-01    2.20957E-01   -3.31430E-01    1.80910E-01    9.32971E-02    1.15448E-01    1.04482E-01
     6.25729E-01    1.67459E+00    7.80259E-01    2.23725E-01   -3.29413E-01    1.79864E-01    9.25182E-02    1.14667E-01    1.04437E-01
     6.28304E-01    1.66551E+00    7.74904E-01    2.26469E-01   -3.27385E-01    1.78826E-01    9.17398E-02    1.13895E-01    1.04387E-01
     6.30879E-01    1.65650E+00    7.69530E-01    2.29191E-01   -3.25346E-01    1.77795E-01    9.09619E-02    1.13131E-01    1.04334E-01
     6.33454E-01    1.64755E+00    7.64139E-01    2.31890E-01   -3.23297E-01    1.76772E-01    9.01847E-02    1.12375E-01    1.04276E-01
     6.36029E-01    1.63868E+00    7.58731E-01    2.34566E-01   -3.21236E-01    1.75756E-01    8.94082E-02    1.11626E-01    1.04214E-01
     6.38604E-01    1.62987E+00    7.53307E-01    2.37218E-01   -3.19166E-01    1.74747E-01    8.86326E-02    1.10886E-01    1.04148E-01
     6.41179E-01    1.62113E+00    7.47868E-01    2.39848E-01   -3.17086E-01    1.73747E-01    8.78578E-02    1.10153E-01    1.04078E-01
     6.43754E-01    1.61246E+00    7.42414E-01    2.42454E-01   -3.14996E-01    1.72754E-01    8.70840E-02    1.09428E-01    1.04004E-01
     6.46329E-01    1.60386E+00    7.36946E-01    2.45037E-01   -3.12896E-01    1.71768E-01    8.63113E-02    1.08711E-01    1.03926E-01
     6.48904E-01    1.59533E+00    7.31465E-01    2.47597E-01   -3.10787E-01    1.70790E-01    8.55397E-02    1.08002E-01    1.03844E-01
     6.51479E-01    1.58687E+00    7.25971E-01    2.50134E-01   -3.08670E-01    1.69820E-01    8.47693E-02    1.07300E-01    1.03759E-01
     6.54054E-01    1.57848E+00    7.20465E-01    2.52648E-01   -3.06544E-01    1.68858E-01    8.40002E-02    1.06607E-01    1.03670E-01
     6.56629E-01    1.57015E+00    7.14948E-01    2.55139E-01   -3.04409E-01    1.67903E-01    8.32324E-02    1.05920E-01    1.03578E-01
     6.59204E-01    1.56190E+00    7.09421E-01    2.57607E-01   -3.02266E-01    1.66955E-01    8.24661E-02    1.05242E-01    1.03481E-01
     6.61779E-01    1.55372E+00    7.03883E-01    2.60052E-01   -3.00116E-01    1.66016E-01    8.17012E-02    1.04571E-01    1.03382E-01
     6.64354E-01    1.54560E+00    6.98335E-01    2.62473E-01   -2.97957E-01    1.65084E-01    8.09379E-02    1.03907E-01    1.03279E-01
     6.66929E-01    1.53755E+00    6.92779E-01    2.64872E-01   -2.95792E-01    1.64160E-01    8.01762E-02    1.03251E-01    1.03173E-01
     6.69504E-01    1.52958E+00    6.87215E-01    2.67247E-01   -2.93619E-01    1.63243E-01    7.94161E-02    1.02602E-01    1.03064E-01
     6.72078E-01    1.52167E+00    6.81643E-01    2.69600E-01   -2.91440E-01    1.62335E-01    7.86578E-02    1.01961E-01    1.02951E-01
     6.74653E-01    1.51383E+00    6.76065E-01    2.71929E-01   -2.89254E-01    1.61434E-01    7.79013E-02    1.01327E-01    1.02836E-01
     6.77228E-01    1.50606E+00    6.70480E-01    2.74236E-01   -2.87061E-01    1.60540E-01    7.71467E-02    1.00700E-01    1.02717E-01
     6.79803E-01    1.49837E+00    6.64889E-01    2.76520E-01   -2.84862E-01    1.59655E-01    7.63940E-02    1.00081E-01    1.02595E-01
     6.82378E-01    1.49074E+00    6.59293E-01    2.78781E-01   -2.82658E-01    1.58777E-01    7.56432E-02    9.94689E-02    1.02471E-01
     6.84953E-01    1.48317E+00    6.53693E-01    2.81019E-01   -2.80448E-01    1.57907E-01    7.48945E-02    9.88640E-02    1.02344E-01
     6.87528E-01    1.47568E+00    6.48088E-01    2.83234E-01   -2.78232E-01    1.57044E-01    7.41478E-02    9.82662E-02    1.02214E-01
     6.90103E-01    1.46826E+00    6.42480E-01    2.85426E-01   -2.76012E-01    1.56189E-01    7.34033E-02    9.76755E-02    1.02081E-01
     6.92678E-01    1.46091E+00    6.36869E-01    2.87596E-01   -2.73786E-01    1.55342E-01    7.26609E-02    9.70918E-02    1.01946E-01
     6.95253E-01    1.45362E+00    6.31256E-01    2.89743E-01   -2.71555E-01    1.54503E-01    7.19208E-02    9.65152E-02    1.01808E-01
     6.97828E-01    1.44641E+00    6.25640E-01    2.91868E-01   -2.69321E-01    1.53671E-01    7.11829E-02    9.59455E-02    1.01668E-01
     7.00403E-01    1.43926E+00    6.20024E-01    2.93970E-01   -2.67082E-01    1.52847E-01    7.04474E-02    9.53827E-02    1.01525E-01
     7.02978E-01    1.43219E+00    6.14406E-01    2.96049E-01   -2.64838E-01    1.52031E-01    6.97142E-02    9.48268E-02    1.01380E-01
     7.05553E-01    1.42518E+00    6.08789E-01    2.98106E-01   -2.62591E-01    1.51222E-01    6.89835E-02    9.42777E-02    1.01232E-01
     7.08128E-01    1.41824E+00    6.03171E-01    3.00141E-01   -2.60341E-01    1.50422E-01    6.82552E-02    9.37355E-02    1.01083E-01
     7.10703E-01    1.41137E+00    5.97555E-01    3.02153E-01   -2.58087E-01    1.49628E-01    6.75293E-02    9.31999E-02    1.00931E-01
     7.13278E-01    1.40457E+00    5.91939E-01    3.04143E-01   -2.55830E-01    1.48843E-01    6.68060E-02    9.26711E-02    1.00777E-01
     7.15853E-01    1.39783E+00    5.86325E-01    3.06111E-01   -2.53570E-01    1.48065E-01    6.60853E-02    9.21489E-02    1.00622E-01
     7.18428E-01    1.39117E+00    5.80714E-01    3.08057E-01   -2.51307E-01    1.47295E-01    6.53672E-02    9.16333E-02    1.00464E-01
     7.21003E-01    1.38457E+00    5.75105E-01    3.09981E-01   -2.49042E-01    1.46532E-01    6.46517E-02    9.11242E-02    1.00304E-01
     7.23578E-01    1.37804E+00    5.69499E-01    3.11882E-01   -2.46774E-01    1.45777E-01    6.39389E-02    9.06217E-02    1.00143E-01
     7.26153E-01    1.37158E+00    5.63896E-01    3.13762E-01   -2.44504E-01    1.45030E-01    6.32287E-02    9.01256E-02    9.99799E-02
     7.28728E-01    1.36518E+00    5.58298E-01    3.15620E-01   -2.42233E-01    1.44290E-01    6.25213E-02    8.96360E-02    9.98151E-02
     7.31303E-01    1.35886E+00    5.52704E-01    3.17457E-01   -2.39959E-01    1.43558E-01    6.18167E-02    8.91527E-02    9.96487E-02
     7.33878E-01    1.35260E+00    5.47115E-01    3.19271E-01   -2.37684E-01    1.42834E-01    6.11149E-02    8.86758E-02    9.94807E-02
     7.36453E-01    1.34641E+00    5.41531E-01    3.21064E-01   -2.35408E-01    1.42117E-01    6.04159E-02    8.82052E-02    9.93113E-02
     7.39028E-01    1.34028E+00    5.35952E-01    3.22836E-01   -2.33131E-01    1.41408E-01    5.97197E-02    8.77408E-02    9.91404E-02
     7.41603E-01    1.33422E+00    5.30380E-01    3.24586E-01   -2.30852E-01    1.40706E-01    5.90264E-02    8.72825E-02    9.89682E-02
     7.44178E-01    1.32823E+00    5.24815E-01    3.26315E-01   -2.28573E-01    1.40012E-01    5.83360E-02    8.68305E-02    9.87946E-02
     7.46753E-01    1.32231E+00    5.19256E-01    3.28023E-01   -2.26293E-01    1.39325E-01    5.76486E-02    8.63845E-02    9.86199E-02
     7.49328E-01    1.31645E+00    5.13704E-01    3.29709E-01   -2.24013E-01    1.38646E-01    5.69640E-02    8.59446E-02    9.84440E-02
     7.51903E-01    1.31066E+00    5.08160E-01    3.31375E-01   -2.21733E-01    1.37974E-01    5.62825E-02    8.55107E-02    9.82669E-02
     7.54478E-01    1.30494E+00    5.02624E-01    3.33019E-01   -2.19452E-01    1.37310E-01    5.56039E-02    8.50828E-02    9.80889E-02
     7.57053E-01    1.29928E+00    4.97097E-01    3.34643E-01   -2.17172E-01    1.36653E-01    5.49283E-02    8.46608E-02    9.79098E-02
     7.59628E-01    1.29368E+00    4.91578E-01    3.36245E-01   -2.14892E-01    1.36003E-01    5.42557E-02    8.42447E-02    9.77298E-02
     7.62203E-01    1.28816E+00    4.86068E-01    3.37828E-01   -2.12613E-01    1.35362E-01    5.35862E-02    8.38344E-02    9.75490E-02
     7.64778E-01    1.28269E+00    4.80568E-01    3.39389E-01   -2.10334E-01    1.34727E-01    5.29197E-02    8.34299E-02    9.73674E-02
     7.67353E-01    1.27730E+00    4.75078E-01    3.40930E-01   -2.08055E-01    1.34100E-01    5.22563E-02    8.30311E-02    9.71850E-02
     7.69928E-01    1.27197E+00    4.69597E-01    3.42451E-01   -2.05778E-01    1.33480E-01    5.15960E-02    8.26380E-02    9.70019E-02
     7.72502E-01    1.26670E+00    4.64127E-01    3.43951E-01   -2.03502E-01    1.32868E-01    5.09388E-02    8.22506E-02    9.68182E-02
     7.75077E-01    1.26150E+00    4.58668E-01    3.45431E-01   -2.01227E-01    1.32263E-01    5.02847E-02    8.18688E-02    9.66340E-02
     7.77652E-01    1.25636E+00    4.53219E-01    3.46892E-01   -1.98954E-01    1.31665E-01    4.96337E-02    8.14926E-02    9.64492E-02
     7.80227E-01    1.25128E+00    4.47782E-01    3.48332E-01   -1.96682E-01    1.31075E-01    4.89858E-02    8.11219E-02    9.62640E-02
     7.82802E-01    1.24627E+00    4.42357E-01    3.49752E-01   -1.94412E-01    1.30491E-01    4.83411E-02    8.07566E-02    9.60784E-02
     7.85377E-01    1.24132E+00    4.36943E-01    3.51153E-01   -1.92144E-01    1.29916E-01    4.76995E-02    8.03968E-02    9.58925E-02
     7.87952E-01    1.23644E+00    4.31542E-01    3.52533E-01   -1.89878E-01    1.29347E-01    4.70610E-02    8.00424E-02    9.57063E-02
     7.90527E-01    1.23162E+00    4.26153E-01    3.53895E-01   -1.87613E-01    1.28785E-01    4.64258E-02    7.96933E-02    9.55199E-02
     7.93102E-01    1.22686E+00    4.20777E-01    3.55237E-01   -1.85352E-01    1.28231E-01    4.57936E-02    7.93495E-02    9.53333E-02
     7.95677E-01    1.22217E+00    4.15414E-01    3.56559E-01   -1.83092E-01    1.27684E-01    4.51647E-02    7.90110E-02    9.51466E-02
     7.98252E-01    1.21754E+00    4.10064E-01    3.57862E-01   -1.80836E-01    1.27144E-01    4.45389E-02    7.86777E-02    9.49599E-02
     8.00827E-01    1.21297E+00    4.04727E-01    3.59146E-01   -1.78582E-01    1.26611E-01    4.39163E-02    7.83496E-02    9.47732E-02
     8.03402E-01    1.20846E+00    3.99405E-01    3.60412E-01   -1.76331E-01    1.26086E-01    4.32969E-02    7.80266E-02    9.45865E-02
     8.05977E-01    1.20402E+00    3.94096E-01    3.61658E-01   -1.74082E-01    1.25567E-01    4.26806E-02    7.77087E-02    9.44000E-02
     8.08552E-01    1.19963E+00    3.88801E-01    3.62885E-01   -1.71837E-01    1.25055E-01    4.20676E-02    7.73958E-02    9.42136E-02
     8.11127E-01    1.19531E+00    3.83521E-01    3.64094E-01   -1.69595E-01    1.24551E-01    4.14577E-02    7.70880E-02    9.40274E-02
     8.13702E-01    1.19105E+00    3.78256E-01    3.65284E-01   -1.67357E-01    1.24053E-01    4.08510E-02    7.67851E-02    9.38416E-02
     8.16277E-01    1.18685E+00    3.73005E-01    3.66456E-01   -1.65122E-01    1.23563E-01    4.02475E-02    7.64871E-02    9.36560E-02
     8.18852E-01    1.18271E+00    3.67770E-01    3.67609E-01   -1.62890E-01    1.23079E-01    3.96471E-02    7.61940E-02    9.34708E-02
     8.21427E-01    1.17863E+00    3.62549E-01    3.68744E-01   -1.60663E-01    1.22602E-01    3.90499E-02    7.59058E-02    9.32861E-02
     8.24002E-01    1.17461E+00    3.57345E-01    3.69861E-01   -1.58439E-01    1.22133E-01    3.84559E-02    7.56224E-02    9.31019E-02
     8.26577E-01    1.17065E+00    3.52155E-01    3.70960E-01   -1.56219E-01    1.21670E-01    3.78651E-02    7.53437E-02    9.29182E-02
     8.29152E-01    1.16675E+00    3.46982E-01    3.72041E-01   -1.54003E-01    1.21214E-01    3.72774E-02    7.50698E-02    9.27350E-02
     8.31727E-01    1.16291E+00    3.41825E-01    3.73105E-01   -1.51791E-01    1.20764E-01    3.66929E-02    7.48005E-02    9.25526E-02
     8.34302E-01    1.15913E+00    3.36684E-01    3.74150E-01   -1.49583E-01    1.20322E-01    3.61115E-02    7.45359E-02    9.23708E-02
     8.36877E-01    1.15541E+00    3.31559E-01    3.75178E-01   -1.47380E-01    1.19887E-01    3.55332E-02    7.42759E-02    9.21897E-02
     8.39452E-01    1.15175E+00    3.26451E-01    3.76189E-01   -1.45182E-01    1.19458E-01    3.49581E-02    7.40204E-02    9.20095E-02
     8.42027E-01    1.14814E+00    3.21359E-01    3.77182E-01   -1.42988E-01    1.19036E-01    3.43862E-02    7.37695E-02    9.18301E-02
     8.44602E-01    1.14459E+00    3.16284E-01    3.78158E-01   -1.40798E-01    1.18620E-01    3.38173E-02    7.35231E-02    9.16515E-02
     8.47177E-01    1.14110E+00    3.11226E-01    3.79117E-01   -1.38613E-01    1.18212E-01    3.32516E-02    7.32811E-02    9.14739E-02
     8.49752E-01    1.13767E+00    3.06186E-01    3.80059E-01   -1.36434E-01    1.17810E-01    3.26889E-02    7.30436E-02    9.12973E-02
     8.52327E-01    1.13430E+00    3.01162E-01    3.80984E-01   -1.34259E-01    1.17414E-01    3.21293E-02    7.28104E-02    9.11218E-02
     8.54902E-01    1.13098E+00    2.96156E-01    3.81892E-01   -1.32089E-01    1.17025E-01    3.15729E-02    7.25816E-02    9.09473E-02
     8.57477E-01    1.12772E+00    2.91168E-01    3.82783E-01   -1.29924E-01    1.16643E-01    3.10194E-02    7.23571E-02    9.07739E-02
     8.60052E-01    1.12452E+00    2.86197E-01    3.83658E-01   -1.27765E-01    1.16267E-01    3.04691E-02    7.21368E-02    9.06017E-02
     8.62627E-01    1.12137E+00    2.81244E-01    3.84517E-01   -1.25611E-01    1.15898E-01    2.99218E-02    7.19208E-02    9.04308E-02
     8.65202E-01    1.11828E+00    2.76308E-01    3.85359E-01   -1.23462E-01    1.15536E-01    2.93775E-02    7.17090E-02    9.02611E-02
     8.67777E-01    1.11524E+00    2.71391E-01    3.86185E-01   -1.21319E-01    1.15179E-01    2.88362E-02    7.15013E-02    9.00927E-02
     8.70352E-01    1.11226E+00    2.66492E-01    3.86995E-01   -1.19181E-01    1.14830E-01    2.82980E-02    7.12978E-02    8.99257E-02
     8.72927E-01    1.10934E+00    2.61611E-01    3.87789E-01   -1.17049E-01    1.14486E-01    2.77627E-02    7.10983E-02    8.97601E-02
     8.75502E-01    1.10647E+00    2.56748E-01    3.88567E-01   -1.14923E-01    1.14150E-01    2.72304E-02    7.09030E-02    8.95960E-02
     8.78076E-01    1.10366E+00    2.51904E-01    3.89329E-01   -1.12802E-01    1.13819E-01    2.67011E-02    7.07116E-02    8.94333E-02
     8.80651E-01    1.10090E+00    2.47078E-01    3.90076E-01   -1.10688E-01    1.13495E-01    2.61747E-02    7.05243E-02    8.92722E-02
     8.83226E-01    1.09819E+00    2.42271E-01    3.90807E-01   -1.08579E-01    1.13177E-01    2.56512E-02    7.03409E-02    8.91127E-02
     8.85801E-01    1.09554E+00    2.37482E-01    3.91523E-01   -1.06476E-01    1.12865E-01    2.51307E-02    7.01614E-02    8.89548E-02
     8.88376E-01    1.09294E+00    2.32712E-01    3.92223E-01   -1.04380E-01    1.12560E-01    2.46130E-02    6.99858E-02    8.87986E-02
     8.90951E-01    1.09039E+00    2.27960E-01    3.92908E-01   -1.02289E-01    1.12261E-01    2.40982E-02    6.98141E-02    8.86442E-02
     8.93526E-01    1.08790E+00    2.23228E-01    3.93578E-01   -1.00205E-01    1.11968E-01    2.35863E-02    6.96462E-02    8.84914E-02
     8.96101E-01    1.08546E+00    2.18515E-01    3.94233E-01   -9.81270E-02    1.11681E-01    2.30773E-02    6.94822E-02    8.83405E-02
     8.98676E-01    1.08308E+00    2.13820E-01    3.94873E-01   -9.60554E-02    1.11400E-01    2.25710E-02    6.93219E-02    8.81914E-02
     9.01251E-01    1.08074E+00    2.09144E-01    3.95498E-01   -9.39903E-02    1.11126E-01    2.20676E-02    6.91653E-02    8.80443E-02
     9.03826E-01    1.07846E+00    2.04488E-01    3.96108E-01   -9.19316E-02    1.10858E-01    2.15670E-02    6.90124E-02    8.78990E-02
     9.06401E-01    1.07623E+00    1.99851E-01    3.96704E-01   -8.98795E-02    1.10595E-01    2.10691E-02    6.88632E-02    8.77557E-02
     9.08976E-01    1.07405E+00    1.95232E-01    3.97285E-01   -8.78340E-02    1.10339E-01    2.05740E-02    6.87177E-02    8.76145E-02
     9.11551E-01    1.07193E+00    1.90633E-01    3.97852E-01   -8.57951E-02    1.10089E-01    2.00816E-02    6.85758E-02    8.74753E-02
     9.14126E-01    1.06985E+00    1.86054E-01    3.98405E-01   -8.37630E-02    1.09844E-01    1.95919E-02    6.84374E-02    8.73382E-02
     9.16701E-01    1.06783E+00    1.81493E-01    3.98944E-01   -8.17376E-02    1.09606E-01    1.91049E-02    6.83027E-02    8.72033E-02
     9.19276E-01    1.06585E+00    1.76952E-01    3.99468E-01   -7.97191E-02    1.09374E-01    1.86206E-02    6.81714E-02    8.70705E-02
     9.21851E-01    1.06393E+00    1.72431E-01    3.99979E-01   -7.77074E-02    1.09147E-01    1.81390E-02    6.80437E-02    8.69400E-02
     9.24426E-01    1.06206E+00    1.67928E-01    4.00475E-01   -7.57027E-02    1.08927E-01    1.76599E-02    6.79194E-02    8.68117E-02
     9.27001E-01    1.06023E+00    1.63445E-01    4.00958E-01   -7.37050E-02    1.08712E-01    1.71835E-02    6.77986E-02    8.66857E-02
     9.29576E-01    1.05846E+00    1.58982E-01    4.01427E-01   -7.17143E-02    1.08503E-01    1.67097E-02    6.76812E-02    8.65621E-02
     9.32151E-01    1.05674E+00    1.54538E-01    4.01883E-01   -6.97307E-02    1.08300E-01    1.62384E-02    6.75672E-02    8.64408E-02
     9.34726E-01    1.05506E+00    1.50113E-01    4.02325E-01   -6.77542E-02    1.08102E-01    1.57697E-02    6.74566E-02    8.63220E-02
     9.37301E-01    1.05343E+00    1.45708E-01    4.02753E-01   -6.57849E-02    1.07911E-01    1.53035E-02    6.73493E-02    8.62057E-02
     9.39876E-01    1.05186E+00    1.41322E-01    4.03169E-01   -6.38228E-02    1.07725E-01    1.48398E-02    6.72454E-02    8.60918E-02
     9.42451E-01    1.05033E+00    1.36956E-01    4.03571E-01   -6.18680E-02    1.07544E-01    1.43786E-02    6.71447E-02    8.59805E-02
     9.45026E-01    1.04885E+00    1.32609E-01    4.03960E-01   -5.99205E-02    1.07370E-01    1.39198E-02    6.70473E-02    8.58718E-02
     9.47601E-01    1.04741E+00    1.28282E-01    4.04336E-01   -5.79804E-02    1.07201E-01    1.34635E-02    6.69531E-02    8.57657E-02
     9.50176E-01    1.04603E+00    1.23975E-01    4.04700E-01   -5.60477E-02    1.07037E-01    1.30095E-02    6.68622E-02    8.56623E-02
     9.52751E-01    1.04469E+00    1.19687E-01    4.05050E-01   -5.41224E-02    1.06880E-01    1.25580E-02    6.67744E-02    8.55615E-02
     9.55326E-01    1.04340E+00    1.15418E-01    4.05388E-01   -5.22046E-02    1.06727E-01    1.21088E-02    6.66899E-02    8.54636E-02
     9.57901E-01    1.04215E+00    1.11169E-01    4.05713E-01   -5.02943E-02    1.06581E-01    1.16620E-02    6.66084E-02    8.53683E-02
     9.60476E-01    1.04096E+00    1.06939E-01    4.06025E-01   -4.83916E-02    1.06440E-01    1.12174E-02    6.65301E-02    8.52759E-02
     9.63051E-01    1.03981E+00    1.02729E-01    4.06325E-01   -4.64965E-02    1.06304E-01    1.07752E-02    6.64549E-02    8.51864E-02
     9.65626E-01    1.03870E+00    9.85380E-02    4.06613E-01   -4.46090E-02    1.06174E-01    1.03352E-02    6.63828E-02    8.50998E-02
     9.68201E-01    1.03764E+00    9.43666E-02    4.06889E-01   -4.27292E-02    1.06049E-01    9.89748E-03    6.63138E-02    8.50161E-02
     9.70776E-01    1.03663E+00    9.02147E-02    4.07152E-01   -4.08571E-02    1.05929E-01    9.46197E-03    6.62478E-02    8.49353E-02
     9.73351E-01    1.03566E+00    8.60822E-02    4.07403E-01   -3.89927E-02    1.05815E-01    9.02865E-03    6.61848E-02    8.48576E-02
     9.75926E-01    1.03474E+00    8.19690E-02    4.07642E-01   -3.71362E-02    1.05706E-01    8.59750E-03    6.61248E-02    8.47829E-02
     9.78500E-01    1.03387E+00    7.78752E-02    4.07869E-01   -3.52874E-02    1.05603E-01    8.16850E-03    6.60677E-02    8.47113E-02
     9.81075E-01    1.03303E+00    7.38007E-02    4.08085E-01   -3.34465E-02    1.05505E-01    7.74161E-03    6.60137E-02    8.46428E-02
     9.83650E-01    1.03225E+00    6.97456E-02    4.08288E-01   -3.16134E-02    1.05412E-01    7.31682E-03    6.59625E-02    8.45775E-02
     9.86225E-01    1.03151E+00    6.57097E-02    4.08480E-01   -2.97883E-02    1.05324E-01    6.89410E-03    6.59143E-02    8.45154E-02
     9.88800E-01    1.03081E+00    6.16930E-02    4.08661E-01   -2.79711E-02    1.05242E-01    6.47343E-03    6.58690E-02    8.44565E-02
     9.91375E-01    1.03015E+00    5.76956E-02    4.08829E-01   -2.61619E-02    1.05165E-01    6.05477E-03    6.58265E-02    8.44009E-02
     9.93950E-01    1.02954E+00    5.37174E-02    4.08987E-01   -2.43607E-02    1.05093E-01    5.63811E-03    6.57869E-02    8.43486E-02
     9.96525E-01    1.02897E+00    4.97582E-02    4.09133E-01   -2.25675E-02    1.05026E-01    5.22342E-03    6.57502E-02    8.42997E-02
     9.99100E-01    1.02845E+00    4.58182E-02    4.09268E-01   -2.07824E-02    1.04964E-01    4.81067E-03    6.57163E-02    8.42541E-02
     1.00168E+00    1.02797E+00    4.18973E-02    4.09391E-01   -1.90054E-02    1.04907E-01    4.39984E-03    6.56852E-02    8.42120E-02
     1.00425E+00    1.02753E+00    3.79954E-02    4.09504E-01   -1.72365E-02    1.04855E-01    3.99090E-03    6.56568E-02    8.41733E-02
     1.00683E+00    1.02714E+00    3.41125E-02    4.09605E-01   -1.54757E-02    1.04809E-01    3.58384E-03    6.56313E-02    8.41381E-02
     1.00940E+00    1.02678E+00    3.02485E-02    4.09695E-01   -1.37231E-02    1.04767E-01    3.17861E-03    6.56085E-02    8.41065E-02
     1.01198E+00    1.02647E+00    2.64035E-02    4.09775E-01   -1.19787E-02    1.04731E-01    2.77520E-03    6.55884E-02    8.40785E-02
     1.01455E+00    1.02621E+00    2.25773E-02    4.09844E-01   -1.02426E-02    1.04699E-01    2.37358E-03    6.55711E-02    8.40540E-02
     1.01713E+00    1.02598E+00    1.87699E-02    4.09902E-01   -8.51470E-03    1.04672E-01    1.97372E-03    6.55565E-02    8.40333E-02
     1.01970E+00    1.02579E+00    1.49813E-02    4.09949E-01   -6.79509E-03    1.04650E-01    1.57560E-03    6.55445E-02    8.40162E-02
     1.02228E+00    1.02565E+00    1.12114E-02    4.09985E-01   -5.08379E-03    1.04633E-01    1.17920E-03    6.55353E-02    8.40028E-02
     1.02485E+00    1.02555E+00    7.46020E-03    4.10011E-01   -3.38083E-03    1.04621E-01    7.84479E-04    6.55287E-02    8.39932E-02
     1.02743E+00    1.02549E+00    3.72761E-03    4.10027E-01   -1.68622E-03    1.04614E-01    3.91422E-04    6.55247E-02    8.39875E-02
     1.03000E+00    1.02547E+00    1.35985E-05    4.10032E-01   -2.97593E-23    1.04612E-01    5.77346E-25    6.55234E-02    8.39855E-02
