     1.00000E-05    3.65794E+00   -1.63960E-05   -5.02243E-01   -1.56459E-05    4.00212E-01    6.06827E-06    3.25438E-01    7.26282E-11
     5.50997E-03    3.65766E+00    2.03250E-02   -5.02148E-01   -8.62013E-03    4.00179E-01    3.34321E-03    3.25400E-01    2.20473E-05
     1.10099E-02    3.65682E+00    4.06023E-02   -5.01865E-01   -1.72202E-02    4.00081E-01    6.67802E-03    3.25286E-01    8.80013E-05
     1.65099E-02    3.65542E+00    6.08584E-02   -5.01393E-01   -2.58116E-02    3.99918E-01    1.00082E-02    3.25095E-01    1.97779E-04
     2.20099E-02    3.65346E+00    8.10825E-02   -5.00733E-01   -3.43899E-02    3.99689E-01    1.33314E-02    3.24829E-01    3.51242E-04
     2.75099E-02    3.65094E+00    1.01264E-01   -4.99886E-01   -4.29507E-02    3.99395E-01    1.66453E-02    3.24487E-01    5.48197E-04
     3.30098E-02    3.64787E+00    1.21393E-01   -4.98852E-01   -5.14898E-02    3.99035E-01    1.99477E-02    3.24070E-01    7.88397E-04
     3.85098E-02    3.64425E+00    1.41457E-01   -4.97632E-01   -6.00029E-02    3.98612E-01    2.32363E-02    3.23578E-01    1.07154E-03
     4.40098E-02    3.64007E+00    1.61448E-01   -4.96226E-01   -6.84856E-02    3.98123E-01    2.65088E-02    3.23011E-01    1.39727E-03
     4.95098E-02    3.63534E+00    1.81355E-01   -4.94636E-01   -7.69338E-02    3.97571E-01    2.97629E-02    3.22370E-01    1.76519E-03
     5.50097E-02    3.63007E+00    2.01167E-01   -4.92863E-01   -8.53433E-02    3.96954E-01    3.29965E-02    3.21656E-01    2.17482E-03
     6.05097E-02    3.62426E+00    2.20874E-01   -4.90909E-01   -9.37099E-02    3.96274E-01    3.62075E-02    3.20868E-01    2.62566E-03
     6.60097E-02    3.61790E+00    2.40467E-01   -4.88774E-01   -1.02030E-01    3.95531E-01    3.93936E-02    3.20009E-01    3.11716E-03
     7.15097E-02    3.61101E+00    2.59935E-01   -4.86460E-01   -1.10298E-01    3.94725E-01    4.25527E-02    3.19078E-01    3.64870E-03
     7.70096E-02    3.60359E+00    2.79268E-01   -4.83969E-01   -1.18512E-01    3.93857E-01    4.56828E-02    3.18076E-01    4.21962E-03
     8.25096E-02    3.59564E+00    2.98458E-01   -4.81303E-01   -1.26667E-01    3.92927E-01    4.87818E-02    3.17004E-01    4.82923E-03
     8.80096E-02    3.58717E+00    3.17494E-01   -4.78464E-01   -1.34759E-01    3.91936E-01    5.18477E-02    3.15864E-01    5.47677E-03
     9.35096E-02    3.57818E+00    3.36367E-01   -4.75453E-01   -1.42784E-01    3.90884E-01    5.48787E-02    3.14655E-01    6.16145E-03
     9.90095E-02    3.56868E+00    3.55068E-01   -4.72273E-01   -1.50740E-01    3.89772E-01    5.78727E-02    3.13379E-01    6.88245E-03
     1.04510E-01    3.55867E+00    3.73588E-01   -4.68926E-01   -1.58621E-01    3.88600E-01    6.08280E-02    3.12038E-01    7.63888E-03
     1.10009E-01    3.54816E+00    3.91918E-01   -4.65414E-01   -1.66425E-01    3.87370E-01    6.37428E-02    3.10631E-01    8.42983E-03
     1.15509E-01    3.53716E+00    4.10050E-01   -4.61741E-01   -1.74148E-01    3.86081E-01    6.66152E-02    3.09161E-01    9.25436E-03
     1.21009E-01    3.52567E+00    4.27975E-01   -4.57908E-01   -1.81787E-01    3.84736E-01    6.94436E-02    3.07629E-01    1.01115E-02
     1.26509E-01    3.51369E+00    4.45686E-01   -4.53918E-01   -1.89339E-01    3.83333E-01    7.22264E-02    3.06035E-01    1.10002E-02
     1.32009E-01    3.50125E+00    4.63173E-01   -4.49774E-01   -1.96800E-01    3.81875E-01    7.49621E-02    3.04381E-01    1.19194E-02
     1.37509E-01    3.48833E+00    4.80430E-01   -4.45479E-01   -2.04167E-01    3.80361E-01    7.76490E-02    3.02669E-01    1.28680E-02
     1.43009E-01    3.47495E+00    4.97450E-01   -4.41035E-01   -2.11437E-01    3.78794E-01    8.02858E-02    3.00899E-01    1.38450E-02
     1.48509E-01    3.46112E+00    5.14223E-01   -4.36447E-01   -2.18608E-01    3.77173E-01    8.28711E-02    2.99074E-01    1.48492E-02
     1.54009E-01    3.44685E+00    5.30745E-01   -4.31716E-01   -2.25676E-01    3.75500E-01    8.54036E-02    2.97194E-01    1.58795E-02
     1.59509E-01    3.43214E+00    5.47008E-01   -4.26846E-01   -2.32639E-01    3.73775E-01    8.78819E-02    2.95261E-01    1.69346E-02
     1.65009E-01    3.41700E+00    5.63005E-01   -4.21840E-01   -2.39494E-01    3.71999E-01    9.03050E-02    2.93277E-01    1.80134E-02
     1.70509E-01    3.40143E+00    5.78731E-01   -4.16701E-01   -2.46240E-01    3.70174E-01    9.26717E-02    2.91243E-01    1.91146E-02
     1.76009E-01    3.38546E+00    5.94179E-01   -4.11434E-01   -2.52872E-01    3.68301E-01    9.49810E-02    2.89160E-01    2.02371E-02
     1.81509E-01    3.36909E+00    6.09344E-01   -4.06040E-01   -2.59390E-01    3.66379E-01    9.72318E-02    2.87030E-01    2.13796E-02
     1.87009E-01    3.35231E+00    6.24220E-01   -4.00525E-01   -2.65792E-01    3.64411E-01    9.94234E-02    2.84856E-01    2.25408E-02
     1.92509E-01    3.33516E+00    6.38802E-01   -3.94890E-01   -2.72074E-01    3.62397E-01    1.01555E-01    2.82637E-01    2.37195E-02
     1.98009E-01    3.31763E+00    6.53085E-01   -3.89141E-01   -2.78235E-01    3.60339E-01    1.03625E-01    2.80377E-01    2.49144E-02
     2.03509E-01    3.29973E+00    6.67065E-01   -3.83279E-01   -2.84274E-01    3.58237E-01    1.05634E-01    2.78076E-01    2.61243E-02
     2.09009E-01    3.28147E+00    6.80738E-01   -3.77309E-01   -2.90189E-01    3.56093E-01    1.07581E-01    2.75736E-01    2.73477E-02
     2.14509E-01    3.26287E+00    6.94099E-01   -3.71235E-01   -2.95978E-01    3.53908E-01    1.09464E-01    2.73359E-01    2.85836E-02
     2.20009E-01    3.24393E+00    7.07144E-01   -3.65061E-01   -3.01640E-01    3.51682E-01    1.11285E-01    2.70947E-01    2.98306E-02
     2.25509E-01    3.22466E+00    7.19871E-01   -3.58789E-01   -3.07173E-01    3.49417E-01    1.13042E-01    2.68501E-01    3.10873E-02
     2.31009E-01    3.20507E+00    7.32275E-01   -3.52423E-01   -3.12577E-01    3.47115E-01    1.14735E-01    2.66023E-01    3.23527E-02
     2.36509E-01    3.18517E+00    7.44355E-01   -3.45968E-01   -3.17850E-01    3.44775E-01    1.16363E-01    2.63515E-01    3.36253E-02
     2.42009E-01    3.16498E+00    7.56107E-01   -3.39428E-01   -3.22991E-01    3.42401E-01    1.17927E-01    2.60978E-01    3.49039E-02
     2.47509E-01    3.14449E+00    7.67529E-01   -3.32804E-01   -3.27999E-01    3.39991E-01    1.19426E-01    2.58413E-01    3.61874E-02
     2.53009E-01    3.12373E+00    7.78619E-01   -3.26103E-01   -3.32873E-01    3.37549E-01    1.20860E-01    2.55823E-01    3.74744E-02
     2.58509E-01    3.10270E+00    7.89376E-01   -3.19326E-01   -3.37614E-01    3.35074E-01    1.22230E-01    2.53210E-01    3.87637E-02
     2.64009E-01    3.08141E+00    7.99798E-01   -3.12479E-01   -3.42220E-01    3.32568E-01    1.23535E-01    2.50574E-01    4.00542E-02
     2.69509E-01    3.05987E+00    8.09883E-01   -3.05564E-01   -3.46690E-01    3.30033E-01    1.24775E-01    2.47918E-01    4.13446E-02
     2.75009E-01    3.03809E+00    8.19631E-01   -2.98586E-01   -3.51026E-01    3.27469E-01    1.25951E-01    2.45243E-01    4.26337E-02
     2.80509E-01    3.01609E+00    8.29040E-01   -2.91547E-01   -3.55225E-01    3.24878E-01    1.27062E-01    2.42550E-01    4.39205E-02
     2.86009E-01    2.99387E+00    8.38112E-01   -2.84453E-01   -3.59289E-01    3.22260E-01    1.28110E-01    2.39842E-01    4.52038E-02
     2.91509E-01    2.97144E+00    8.46844E-01   -2.77305E-01   -3.63217E-01    3.19618E-01    1.29093E-01    2.37120E-01    4.64825E-02
     2.97009E-01    2.94882E+00    8.55239E-01   -2.70109E-01   -3.67009E-01    3.16952E-01    1.30014E-01    2.34385E-01    4.77554E-02
     3.02509E-01    2.92600E+00    8.63295E-01   -2.62867E-01   -3.70665E-01    3.14264E-01    1.30872E-01    2.31639E-01    4.90216E-02
     3.08009E-01    2.90301E+00    8.71014E-01   -2.55584E-01   -3.74186E-01    3.11554E-01    1.31667E-01    2.28884E-01    5.02800E-02
     3.13509E-01    2.87986E+00    8.78395E-01   -2.48262E-01   -3.77572E-01    3.08824E-01    1.32401E-01    2.26120E-01    5.15296E-02
     3.19009E-01    2.85654E+00    8.85442E-01   -2.40905E-01   -3.80823E-01    3.06075E-01    1.33073E-01    2.23350E-01    5.27693E-02
     3.24509E-01    2.83308E+00    8.92154E-01   -2.33516E-01   -3.83940E-01    3.03308E-01    1.33685E-01    2.20575E-01    5.39983E-02
     3.30008E-01    2.80949E+00    8.98533E-01   -2.26100E-01   -3.86924E-01    3.00525E-01    1.34237E-01    2.17796E-01    5.52157E-02
     3.35508E-01    2.78576E+00    9.04581E-01   -2.18659E-01   -3.89775E-01    2.97726E-01    1.34730E-01    2.15015E-01    5.64204E-02
     3.41008E-01    2.76192E+00    9.10300E-01   -2.11197E-01   -3.92494E-01    2.94912E-01    1.35165E-01    2.12233E-01    5.76117E-02
     3.46508E-01    2.73796E+00    9.15693E-01   -2.03716E-01   -3.95081E-01    2.92086E-01    1.35542E-01    2.09452E-01    5.87887E-02
     3.52008E-01    2.71391E+00    9.20760E-01   -1.96221E-01   -3.97538E-01    2.89247E-01    1.35862E-01    2.06672E-01    5.99507E-02
     3.57508E-01    2.68977E+00    9.25506E-01   -1.88713E-01   -3.99866E-01    2.86398E-01    1.36127E-01    2.03895E-01    6.10967E-02
     3.63008E-01    2.66555E+00    9.29933E-01   -1.81198E-01   -4.02066E-01    2.83539E-01    1.36336E-01    2.01122E-01    6.22261E-02
     3.68508E-01    2.64126E+00    9.34043E-01   -1.73676E-01   -4.04138E-01    2.80671E-01    1.36491E-01    1.98355E-01    6.33383E-02
     3.74008E-01    2.61691E+00    9.37841E-01   -1.66152E-01   -4.06085E-01    2.77795E-01    1.36594E-01    1.95594E-01    6.44324E-02
     3.79508E-01    2.59250E+00    9.41329E-01   -1.58629E-01   -4.07906E-01    2.74913E-01    1.36644E-01    1.92841E-01    6.55078E-02
     3.85008E-01    2.56805E+00    9.44510E-01   -1.51108E-01   -4.09605E-01    2.72025E-01    1.36643E-01    1.90097E-01    6.65640E-02
     3.90508E-01    2.54356E+00    9.47389E-01   -1.43594E-01   -4.11181E-01    2.69133E-01    1.36593E-01    1.87363E-01    6.76004E-02
     3.96008E-01    2.51905E+00    9.49969E-01   -1.36089E-01   -4.12637E-01    2.66238E-01    1.36493E-01    1.84640E-01    6.86163E-02
     4.01508E-01    2.49452E+00    9.52254E-01   -1.28595E-01   -4.13974E-01    2.63340E-01    1.36345E-01    1.81928E-01    6.96114E-02
     4.07008E-01    2.46997E+00    9.54248E-01   -1.21115E-01   -4.15193E-01    2.60440E-01    1.36151E-01    1.79230E-01    7.05850E-02
     4.12508E-01    2.44543E+00    9.55955E-01   -1.13652E-01   -4.16296E-01    2.57541E-01    1.35911E-01    1.76546E-01    7.15368E-02
     4.18008E-01    2.42089E+00    9.57380E-01   -1.06208E-01   -4.17284E-01    2.54642E-01    1.35626E-01    1.73877E-01    7.24663E-02
     4.23508E-01    2.39636E+00    9.58527E-01   -9.87863E-02   -4.18160E-01    2.51744E-01    1.35298E-01    1.71223E-01    7.33732E-02
     4.29008E-01    2.37185E+00    9.59400E-01   -9.13884E-02   -4.18924E-01    2.48849E-01    1.34927E-01    1.68586E-01    7.42570E-02
     4.34508E-01    2.34738E+00    9.60004E-01   -8.40168E-02   -4.19580E-01    2.45957E-01    1.34516E-01    1.65966E-01    7.51175E-02
     4.40008E-01    2.32293E+00    9.60344E-01   -7.66738E-02   -4.20127E-01    2.43069E-01    1.34064E-01    1.63365E-01    7.59543E-02
     4.45508E-01    2.29853E+00    9.60425E-01   -6.93616E-02   -4.20569E-01    2.40187E-01    1.33574E-01    1.60782E-01    7.67672E-02
     4.51008E-01    2.27418E+00    9.60251E-01   -6.20823E-02   -4.20907E-01    2.37310E-01    1.33046E-01    1.58219E-01    7.75560E-02
     4.56508E-01    2.24989E+00    9.59828E-01   -5.48380E-02   -4.21143E-01    2.34440E-01    1.32481E-01    1.55676E-01    7.83204E-02
     4.62008E-01    2.22566E+00    9.59160E-01   -4.76305E-02   -4.21278E-01    2.31578E-01    1.31881E-01    1.53154E-01    7.90603E-02
     4.67508E-01    2.20150E+00    9.58252E-01   -4.04619E-02   -4.21316E-01    2.28725E-01    1.31247E-01    1.50654E-01    7.97755E-02
     4.73008E-01    2.17741E+00    9.57110E-01   -3.33340E-02   -4.21256E-01    2.25880E-01    1.30580E-01    1.48176E-01    8.04659E-02
     4.78508E-01    2.15341E+00    9.55739E-01   -2.62485E-02   -4.21103E-01    2.23046E-01    1.29881E-01    1.45720E-01    8.11313E-02
     4.84008E-01    2.12949E+00    9.54144E-01   -1.92071E-02   -4.20856E-01    2.20222E-01    1.29152E-01    1.43288E-01    8.17718E-02
     4.89508E-01    2.10567E+00    9.52331E-01   -1.22115E-02   -4.20519E-01    2.17410E-01    1.28393E-01    1.40879E-01    8.23872E-02
     4.95008E-01    2.08195E+00    9.50304E-01   -5.26325E-03   -4.20094E-01    2.14609E-01    1.27606E-01    1.38494E-01    8.29776E-02
     5.00508E-01    2.05833E+00    9.48068E-01    1.63613E-03   -4.19582E-01    2.11822E-01    1.26791E-01    1.36134E-01    8.35430E-02
     5.06008E-01    2.03482E+00    9.45630E-01    8.48521E-03   -4.18985E-01    2.09048E-01    1.25950E-01    1.33798E-01    8.40833E-02
     5.11508E-01    2.01142E+00    9.42995E-01    1.52826E-02   -4.18306E-01    2.06288E-01    1.25085E-01    1.31488E-01    8.45987E-02
     5.17008E-01    1.98814E+00    9.40167E-01    2.20270E-02   -4.17546E-01    2.03542E-01    1.24195E-01    1.29204E-01    8.50891E-02
     5.22508E-01    1.96499E+00    9.37153E-01    2.87172E-02   -4.16707E-01    2.00812E-01    1.23283E-01    1.26945E-01    8.55548E-02
     5.28008E-01    1.94197E+00    9.33957E-01    3.53520E-02   -4.15792E-01    1.98098E-01    1.22349E-01    1.24713E-01    8.59957E-02
     5.33508E-01    1.91908E+00    9.30585E-01    4.19302E-02   -4.14802E-01    1.95400E-01    1.21395E-01    1.22507E-01    8.64121E-02
     5.39008E-01    1.89632E+00    9.27043E-01    4.84508E-02   -4.13740E-01    1.92719E-01    1.20420E-01    1.20328E-01    8.68040E-02
     5.44508E-01    1.87371E+00    9.23334E-01    5.49128E-02   -4.12607E-01    1.90055E-01    1.19428E-01    1.18175E-01    8.71717E-02
     5.50007E-01    1.85124E+00    9.19466E-01    6.13153E-02   -4.11406E-01    1.87409E-01    1.18418E-01    1.16050E-01    8.75154E-02
     5.55507E-01    1.82892E+00    9.15442E-01    6.76573E-02   -4.10138E-01    1.84782E-01    1.17391E-01    1.13952E-01    8.78351E-02
     5.61007E-01    1.80675E+00    9.11269E-01    7.39381E-02   -4.08805E-01    1.82174E-01    1.16349E-01    1.11881E-01    8.81313E-02
     5.66507E-01    1.78474E+00    9.06951E-01    8.01569E-02   -4.07410E-01    1.79584E-01    1.15292E-01    1.09838E-01    8.84040E-02
     5.72007E-01    1.76288E+00    9.02494E-01    8.63130E-02   -4.05953E-01    1.77015E-01    1.14222E-01    1.07822E-01    8.86535E-02
     5.77507E-01    1.74119E+00    8.97902E-01    9.24057E-02   -4.04438E-01    1.74465E-01    1.13139E-01    1.05833E-01    8.88802E-02
     5.83007E-01    1.71965E+00    8.93181E-01    9.84344E-02   -4.02867E-01    1.71936E-01    1.12044E-01    1.03873E-01    8.90842E-02
     5.88507E-01    1.69829E+00    8.88335E-01    1.04399E-01   -4.01240E-01    1.69428E-01    1.10939E-01    1.01940E-01    8.92659E-02
     5.94007E-01    1.67710E+00    8.83370E-01    1.10298E-01   -3.99560E-01    1.66940E-01    1.09824E-01    1.00035E-01    8.94255E-02
     5.99507E-01    1.65607E+00    8.78290E-01    1.16132E-01   -3.97829E-01    1.64474E-01    1.08699E-01    9.81571E-02    8.95634E-02
     6.05007E-01    1.63522E+00    8.73101E-01    1.21900E-01   -3.96049E-01    1.62030E-01    1.07566E-01    9.63071E-02    8.96798E-02
     6.10507E-01    1.61455E+00    8.67806E-01    1.27601E-01   -3.94221E-01    1.59608E-01    1.06426E-01    9.44847E-02    8.97752E-02
     6.16007E-01    1.59405E+00    8.62412E-01    1.33237E-01   -3.92347E-01    1.57208E-01    1.05280E-01    9.26898E-02    8.98498E-02
     6.21507E-01    1.57374E+00    8.56921E-01    1.38805E-01   -3.90429E-01    1.54830E-01    1.04127E-01    9.09224E-02    8.99040E-02
     6.27007E-01    1.55360E+00    8.51340E-01    1.44307E-01   -3.88469E-01    1.52475E-01    1.02969E-01    8.91823E-02    8.99381E-02
     6.32507E-01    1.53365E+00    8.45672E-01    1.49742E-01   -3.86469E-01    1.50144E-01    1.01807E-01    8.74694E-02    8.99525E-02
     6.38007E-01    1.51388E+00    8.39921E-01    1.55109E-01   -3.84430E-01    1.47835E-01    1.00642E-01    8.57837E-02    8.99475E-02
     6.43507E-01    1.49430E+00    8.34093E-01    1.60409E-01   -3.82354E-01    1.45549E-01    9.94731E-02    8.41249E-02    8.99236E-02
     6.49007E-01    1.47490E+00    8.28191E-01    1.65642E-01   -3.80242E-01    1.43287E-01    9.83023E-02    8.24930E-02    8.98811E-02
     6.54507E-01    1.45570E+00    8.22220E-01    1.70807E-01   -3.78097E-01    1.41049E-01    9.71299E-02    8.08878E-02    8.98203E-02
     6.60007E-01    1.43668E+00    8.16183E-01    1.75906E-01   -3.75919E-01    1.38834E-01    9.59565E-02    7.93090E-02    8.97417E-02
     6.65507E-01    1.41784E+00    8.10085E-01    1.80937E-01   -3.73711E-01    1.36643E-01    9.47828E-02    7.77566E-02    8.96456E-02
     6.71007E-01    1.39920E+00    8.03930E-01    1.85900E-01   -3.71474E-01    1.34476E-01    9.36093E-02    7.62303E-02    8.95324E-02
     6.76507E-01    1.38075E+00    7.97722E-01    1.90797E-01   -3.69209E-01    1.32333E-01    9.24367E-02    7.47299E-02    8.94025E-02
     6.82007E-01    1.36249E+00    7.91463E-01    1.95628E-01   -3.66919E-01    1.30214E-01    9.12654E-02    7.32552E-02    8.92564E-02
     6.87507E-01    1.34442E+00    7.85159E-01    2.00391E-01   -3.64603E-01    1.28119E-01    9.00961E-02    7.18060E-02    8.90943E-02
     6.93007E-01    1.32655E+00    7.78812E-01    2.05089E-01   -3.62265E-01    1.26048E-01    8.89292E-02    7.03821E-02    8.89167E-02
     6.98507E-01    1.30886E+00    7.72427E-01    2.09720E-01   -3.59905E-01    1.24002E-01    8.77652E-02    6.89832E-02    8.87240E-02
     7.04007E-01    1.29137E+00    7.66006E-01    2.14286E-01   -3.57524E-01    1.21979E-01    8.66046E-02    6.76091E-02    8.85165E-02
     7.09507E-01    1.27407E+00    7.59553E-01    2.18786E-01   -3.55124E-01    1.19981E-01    8.54480E-02    6.62596E-02    8.82948E-02
     7.15007E-01    1.25696E+00    7.53071E-01    2.23221E-01   -3.52707E-01    1.18008E-01    8.42956E-02    6.49343E-02    8.80590E-02
     7.20507E-01    1.24004E+00    7.46564E-01    2.27591E-01   -3.50273E-01    1.16058E-01    8.31480E-02    6.36331E-02    8.78097E-02
     7.26007E-01    1.22331E+00    7.40034E-01    2.31897E-01   -3.47823E-01    1.14133E-01    8.20055E-02    6.23556E-02    8.75472E-02
     7.31507E-01    1.20677E+00    7.33485E-01    2.36139E-01   -3.45360E-01    1.12232E-01    8.08685E-02    6.11016E-02    8.72720E-02
     7.37007E-01    1.19042E+00    7.26919E-01    2.40318E-01   -3.42884E-01    1.10355E-01    7.97375E-02    5.98708E-02    8.69843E-02
     7.42507E-01    1.17427E+00    7.20340E-01    2.44434E-01   -3.40396E-01    1.08502E-01    7.86127E-02    5.86630E-02    8.66846E-02
     7.48007E-01    1.15830E+00    7.13751E-01    2.48487E-01   -3.37898E-01    1.06673E-01    7.74945E-02    5.74778E-02    8.63733E-02
     7.53507E-01    1.14252E+00    7.07153E-01    2.52478E-01   -3.35390E-01    1.04868E-01    7.63832E-02    5.63150E-02    8.60506E-02
     7.59007E-01    1.12693E+00    7.00549E-01    2.56408E-01   -3.32874E-01    1.03087E-01    7.52792E-02    5.51743E-02    8.57171E-02
     7.64507E-01    1.11152E+00    6.93943E-01    2.60276E-01   -3.30350E-01    1.01330E-01    7.41826E-02    5.40554E-02    8.53731E-02
     7.70006E-01    1.09631E+00    6.87336E-01    2.64084E-01   -3.27820E-01    9.95964E-02    7.30939E-02    5.29580E-02    8.50189E-02
     7.75506E-01    1.08127E+00    6.80731E-01    2.67833E-01   -3.25285E-01    9.78863E-02    7.20132E-02    5.18818E-02    8.46549E-02
     7.81006E-01    1.06642E+00    6.74131E-01    2.71521E-01   -3.22745E-01    9.61997E-02    7.09408E-02    5.08265E-02    8.42814E-02
     7.86506E-01    1.05176E+00    6.67537E-01    2.75152E-01   -3.20202E-01    9.45364E-02    6.98769E-02    4.97919E-02    8.38989E-02
     7.92006E-01    1.03728E+00    6.60951E-01    2.78723E-01   -3.17656E-01    9.28963E-02    6.88217E-02    4.87775E-02    8.35076E-02
     7.97506E-01    1.02297E+00    6.54376E-01    2.82238E-01   -3.15108E-01    9.12793E-02    6.77755E-02    4.77832E-02    8.31079E-02
     8.03006E-01    1.00885E+00    6.47814E-01    2.85695E-01   -3.12559E-01    8.96851E-02    6.67384E-02    4.68087E-02    8.27001E-02
     8.08506E-01    9.94910E-01    6.41267E-01    2.89096E-01   -3.10011E-01    8.81138E-02    6.57107E-02    4.58535E-02    8.22846E-02
     8.14006E-01    9.81145E-01    6.34736E-01    2.92441E-01   -3.07462E-01    8.65651E-02    6.46924E-02    4.49175E-02    8.18617E-02
     8.19506E-01    9.67557E-01    6.28224E-01    2.95731E-01   -3.04916E-01    8.50389E-02    6.36838E-02    4.40004E-02    8.14316E-02
     8.25006E-01    9.54144E-01    6.21731E-01    2.98967E-01   -3.02371E-01    8.35349E-02    6.26849E-02    4.31018E-02    8.09949E-02
     8.30506E-01    9.40905E-01    6.15260E-01    3.02148E-01   -2.99829E-01    8.20531E-02    6.16960E-02    4.22214E-02    8.05516E-02
     8.36006E-01    9.27839E-01    6.08813E-01    3.05277E-01   -2.97291E-01    8.05933E-02    6.07170E-02    4.13590E-02    8.01022E-02
     8.41506E-01    9.14944E-01    6.02390E-01    3.08353E-01   -2.94757E-01    7.91552E-02    5.97482E-02    4.05142E-02    7.96470E-02
     8.47006E-01    9.02219E-01    5.95994E-01    3.11377E-01   -2.92228E-01    7.77388E-02    5.87897E-02    3.96868E-02    7.91862E-02
     8.52506E-01    8.89662E-01    5.89625E-01    3.14349E-01   -2.89704E-01    7.63438E-02    5.78414E-02    3.88765E-02    7.87201E-02
     8.58006E-01    8.77272E-01    5.83286E-01    3.17272E-01   -2.87186E-01    7.49700E-02    5.69036E-02    3.80830E-02    7.82490E-02
     8.63506E-01    8.65047E-01    5.76977E-01    3.20144E-01   -2.84675E-01    7.36173E-02    5.59762E-02    3.73060E-02    7.77732E-02
     8.69006E-01    8.52987E-01    5.70699E-01    3.22967E-01   -2.82171E-01    7.22854E-02    5.50594E-02    3.65452E-02    7.72930E-02
     8.74506E-01    8.41089E-01    5.64454E-01    3.25741E-01   -2.79674E-01    7.09742E-02    5.41531E-02    3.58003E-02    7.68087E-02
     8.80006E-01    8.29352E-01    5.58243E-01    3.28467E-01   -2.77186E-01    6.96834E-02    5.32575E-02    3.50711E-02    7.63204E-02
     8.85506E-01    8.17774E-01    5.52067E-01    3.31146E-01   -2.74706E-01    6.84128E-02    5.23726E-02    3.43573E-02    7.58285E-02
     8.91006E-01    8.06355E-01    5.45926E-01    3.33778E-01   -2.72235E-01    6.71624E-02    5.14983E-02    3.36586E-02    7.53331E-02
     8.96506E-01    7.95091E-01    5.39823E-01    3.36364E-01   -2.69774E-01    6.59317E-02    5.06348E-02    3.29747E-02    7.48347E-02
     9.02006E-01    7.83983E-01    5.33757E-01    3.38905E-01   -2.67322E-01    6.47207E-02    4.97819E-02    3.23054E-02    7.43332E-02
     9.07506E-01    7.73027E-01    5.27730E-01    3.41401E-01   -2.64881E-01    6.35291E-02    4.89399E-02    3.16503E-02    7.38291E-02
     9.13006E-01    7.62223E-01    5.21742E-01    3.43854E-01   -2.62450E-01    6.23568E-02    4.81085E-02    3.10094E-02    7.33226E-02
     9.18506E-01    7.51569E-01    5.15795E-01    3.46262E-01   -2.60031E-01    6.12034E-02    4.72879E-02    3.03821E-02    7.28138E-02
     9.24006E-01    7.41064E-01    5.09888E-01    3.48628E-01   -2.57622E-01    6.00688E-02    4.64780E-02    2.97684E-02    7.23029E-02
     9.29506E-01    7.30705E-01    5.04023E-01    3.50952E-01   -2.55226E-01    5.89527E-02    4.56788E-02    2.91679E-02    7.17903E-02
     9.35006E-01    7.20491E-01    4.98200E-01    3.53234E-01   -2.52841E-01    5.78551E-02    4.48902E-02    2.85805E-02    7.12760E-02
     9.40506E-01    7.10421E-01    4.92420E-01    3.55476E-01   -2.50469E-01    5.67755E-02    4.41123E-02    2.80058E-02    7.07604E-02
     9.46006E-01    7.00493E-01    4.86683E-01    3.57677E-01   -2.48109E-01    5.57139E-02    4.33450E-02    2.74436E-02    7.02435E-02
     9.51506E-01    6.90705E-01    4.80990E-01    3.59838E-01   -2.45762E-01    5.46700E-02    4.25883E-02    2.68937E-02    6.97256E-02
     9.57006E-01    6.81056E-01    4.75341E-01    3.61961E-01   -2.43428E-01    5.36435E-02    4.18421E-02    2.63558E-02    6.92068E-02
     9.62506E-01    6.71544E-01    4.69737E-01    3.64045E-01   -2.41107E-01    5.26344E-02    4.11064E-02    2.58297E-02    6.86873E-02
     9.68006E-01    6.62168E-01    4.64178E-01    3.66091E-01   -2.38800E-01    5.16422E-02    4.03812E-02    2.53151E-02    6.81674E-02
     9.73506E-01    6.52925E-01    4.58665E-01    3.68100E-01   -2.36507E-01    5.06669E-02    3.96663E-02    2.48119E-02    6.76471E-02
     9.79006E-01    6.43815E-01    4.53197E-01    3.70073E-01   -2.34227E-01    4.97083E-02    3.89617E-02    2.43197E-02    6.71267E-02
     9.84506E-01    6.34835E-01    4.47775E-01    3.72009E-01   -2.31961E-01    4.87660E-02    3.82673E-02    2.38385E-02    6.66062E-02
     9.90005E-01    6.25985E-01    4.42400E-01    3.73910E-01   -2.29710E-01    4.78399E-02    3.75832E-02    2.33679E-02    6.60859E-02
     9.95505E-01    6.17262E-01    4.37071E-01    3.75777E-01   -2.27473E-01    4.69297E-02    3.69092E-02    2.29078E-02    6.55659E-02
     1.00101E+00    6.08665E-01    4.31789E-01    3.77609E-01   -2.25251E-01    4.60353E-02    3.62452E-02    2.24579E-02    6.50463E-02
     1.00651E+00    6.00192E-01    4.26555E-01    3.79407E-01   -2.23043E-01    4.51564E-02    3.55911E-02    2.20180E-02    6.45273E-02
     1.01201E+00    5.91842E-01    4.21367E-01    3.81172E-01   -2.20850E-01    4.42929E-02    3.49470E-02    2.15879E-02    6.40090E-02
     1.01751E+00    5.83614E-01    4.16226E-01    3.82905E-01   -2.18672E-01    4.34444E-02    3.43127E-02    2.11674E-02    6.34915E-02
     1.02301E+00    5.75505E-01    4.11133E-01    3.84605E-01   -2.16509E-01    4.26109E-02    3.36881E-02    2.07564E-02    6.29750E-02
     1.02851E+00    5.67514E-01    4.06087E-01    3.86275E-01   -2.14360E-01    4.17920E-02    3.30731E-02    2.03546E-02    6.24596E-02
     1.03401E+00    5.59641E-01    4.01089E-01    3.87913E-01   -2.12228E-01    4.09876E-02    3.24678E-02    1.99618E-02    6.19454E-02
     1.03951E+00    5.51882E-01    3.96138E-01    3.89520E-01   -2.10110E-01    4.01975E-02    3.18718E-02    1.95778E-02    6.14324E-02
     1.04501E+00    5.44237E-01    3.91234E-01    3.91098E-01   -2.08007E-01    3.94214E-02    3.12853E-02    1.92025E-02    6.09209E-02
     1.05051E+00    5.36704E-01    3.86378E-01    3.92646E-01   -2.05920E-01    3.86592E-02    3.07080E-02    1.88356E-02    6.04110E-02
     1.05601E+00    5.29282E-01    3.81570E-01    3.94166E-01   -2.03849E-01    3.79106E-02    3.01400E-02    1.84770E-02    5.99026E-02
     1.06151E+00    5.21969E-01    3.76809E-01    3.95657E-01   -2.01792E-01    3.71755E-02    2.95810E-02    1.81266E-02    5.93960E-02
     1.06701E+00    5.14764E-01    3.72095E-01    3.97120E-01   -1.99751E-01    3.64536E-02    2.90310E-02    1.77840E-02    5.88911E-02
     1.07251E+00    5.07665E-01    3.67428E-01    3.98556E-01   -1.97726E-01    3.57448E-02    2.84900E-02    1.74493E-02    5.83882E-02
     1.07801E+00    5.00671E-01    3.62809E-01    3.99965E-01   -1.95716E-01    3.50488E-02    2.79577E-02    1.71221E-02    5.78873E-02
     1.08351E+00    4.93781E-01    3.58237E-01    4.01347E-01   -1.93722E-01    3.43654E-02    2.74342E-02    1.68024E-02    5.73884E-02
     1.08901E+00    4.86992E-01    3.53711E-01    4.02704E-01   -1.91743E-01    3.36945E-02    2.69193E-02    1.64899E-02    5.68917E-02
     1.09451E+00    4.80305E-01    3.49232E-01    4.04034E-01   -1.89779E-01    3.30359E-02    2.64129E-02    1.61846E-02    5.63972E-02
     1.10000E+00    4.73716E-01    3.44800E-01    4.05340E-01   -1.87831E-01    3.23894E-02    2.59149E-02    1.58862E-02    5.59050E-02
     1.10550E+00    4.67226E-01    3.40414E-01    4.06621E-01   -1.85899E-01    3.17547E-02    2.54252E-02    1.55946E-02    5.54152E-02
     1.11100E+00    4.60832E-01    3.36074E-01    4.07878E-01   -1.83982E-01    3.11317E-02    2.49437E-02    1.53097E-02    5.49278E-02
     1.11650E+00    4.54534E-01    3.31781E-01    4.09111E-01   -1.82080E-01    3.05202E-02    2.44704E-02    1.50313E-02    5.44429E-02
     1.12200E+00    4.48329E-01    3.27533E-01    4.10321E-01   -1.80194E-01    2.99201E-02    2.40050E-02    1.47592E-02    5.39606E-02
     1.12750E+00    4.42217E-01    3.23330E-01    4.11508E-01   -1.78323E-01    2.93311E-02    2.35476E-02    1.44934E-02    5.34808E-02
     1.13300E+00    4.36196E-01    3.19173E-01    4.12673E-01   -1.76468E-01    2.87530E-02    2.30979E-02    1.42337E-02    5.30038E-02
     1.13850E+00    4.30266E-01    3.15061E-01    4.13815E-01   -1.74628E-01    2.81858E-02    2.26560E-02    1.39799E-02    5.25294E-02
     1.14400E+00    4.24424E-01    3.10993E-01    4.14936E-01   -1.72803E-01    2.76291E-02    2.22217E-02    1.37320E-02    5.20578E-02
     1.14950E+00    4.18670E-01    3.06971E-01    4.16035E-01   -1.70993E-01    2.70829E-02    2.17948E-02    1.34898E-02    5.15891E-02
     1.15500E+00    4.13002E-01    3.02992E-01    4.17114E-01   -1.69198E-01    2.65469E-02    2.13754E-02    1.32531E-02    5.11232E-02
     1.16050E+00    4.07419E-01    2.99057E-01    4.18172E-01   -1.67419E-01    2.60211E-02    2.09632E-02    1.30218E-02    5.06601E-02
     1.16600E+00    4.01920E-01    2.95166E-01    4.19210E-01   -1.65654E-01    2.55051E-02    2.05583E-02    1.27959E-02    5.02001E-02
     1.17150E+00    3.96503E-01    2.91319E-01    4.20228E-01   -1.63904E-01    2.49990E-02    2.01605E-02    1.25752E-02    4.97430E-02
     1.17700E+00    3.91168E-01    2.87514E-01    4.21226E-01   -1.62170E-01    2.45024E-02    1.97696E-02    1.23596E-02    4.92889E-02
     1.18250E+00    3.85914E-01    2.83753E-01    4.22206E-01   -1.60449E-01    2.40152E-02    1.93856E-02    1.21489E-02    4.88378E-02
     1.18800E+00    3.80738E-01    2.80033E-01    4.23167E-01   -1.58744E-01    2.35374E-02    1.90085E-02    1.19431E-02    4.83898E-02
     1.19350E+00    3.75641E-01    2.76356E-01    4.24109E-01   -1.57053E-01    2.30686E-02    1.86380E-02    1.17420E-02    4.79449E-02
     1.19900E+00    3.70620E-01    2.72721E-01    4.25034E-01   -1.55377E-01    2.26088E-02    1.82742E-02    1.15456E-02    4.75032E-02
     1.20450E+00    3.65676E-01    2.69127E-01    4.25940E-01   -1.53716E-01    2.21578E-02    1.79168E-02    1.13537E-02    4.70645E-02
     1.21000E+00    3.60806E-01    2.65575E-01    4.26830E-01   -1.52068E-01    2.17155E-02    1.75659E-02    1.11662E-02    4.66291E-02
     1.21550E+00    3.56010E-01    2.62063E-01    4.27702E-01   -1.50436E-01    2.12816E-02    1.72212E-02    1.09831E-02    4.61968E-02
     1.22100E+00    3.51286E-01    2.58592E-01    4.28558E-01   -1.48817E-01    2.08561E-02    1.68828E-02    1.08042E-02    4.57678E-02
     1.22650E+00    3.46634E-01    2.55160E-01    4.29397E-01   -1.47212E-01    2.04389E-02    1.65505E-02    1.06294E-02    4.53420E-02
     1.23200E+00    3.42052E-01    2.51769E-01    4.30220E-01   -1.45622E-01    2.00297E-02    1.62243E-02    1.04587E-02    4.49194E-02
     1.23750E+00    3.37539E-01    2.48417E-01    4.31028E-01   -1.44045E-01    1.96284E-02    1.59039E-02    1.02919E-02    4.45001E-02
     1.24300E+00    3.33096E-01    2.45104E-01    4.31820E-01   -1.42482E-01    1.92349E-02    1.55894E-02    1.01290E-02    4.40840E-02
     1.24850E+00    3.28719E-01    2.41830E-01    4.32596E-01   -1.40933E-01    1.88491E-02    1.52807E-02    9.96982E-03    4.36712E-02
     1.25400E+00    3.24409E-01    2.38594E-01    4.33358E-01   -1.39398E-01    1.84707E-02    1.49776E-02    9.81434E-03    4.32618E-02
     1.25950E+00    3.20165E-01    2.35396E-01    4.34105E-01   -1.37876E-01    1.80998E-02    1.46801E-02    9.66246E-03    4.28556E-02
     1.26500E+00    3.15985E-01    2.32236E-01    4.34838E-01   -1.36368E-01    1.77361E-02    1.43880E-02    9.51409E-03    4.24527E-02
     1.27050E+00    3.11868E-01    2.29113E-01    4.35557E-01   -1.34873E-01    1.73795E-02    1.41014E-02    9.36916E-03    4.20531E-02
     1.27600E+00    3.07815E-01    2.26027E-01    4.36261E-01   -1.33391E-01    1.70299E-02    1.38200E-02    9.22757E-03    4.16569E-02
     1.28150E+00    3.03823E-01    2.22978E-01    4.36953E-01   -1.31923E-01    1.66872E-02    1.35439E-02    9.08927E-03    4.12639E-02
     1.28700E+00    2.99891E-01    2.19965E-01    4.37630E-01   -1.30467E-01    1.63512E-02    1.32729E-02    8.95417E-03    4.08743E-02
     1.29250E+00    2.96020E-01    2.16988E-01    4.38295E-01   -1.29025E-01    1.60218E-02    1.30070E-02    8.82219E-03    4.04880E-02
     1.29800E+00    2.92208E-01    2.14046E-01    4.38947E-01   -1.27595E-01    1.56989E-02    1.27460E-02    8.69327E-03    4.01050E-02
     1.30350E+00    2.88454E-01    2.11139E-01    4.39587E-01   -1.26178E-01    1.53824E-02    1.24899E-02    8.56733E-03    3.97253E-02
     1.30900E+00    2.84758E-01    2.08268E-01    4.40214E-01   -1.24773E-01    1.50722E-02    1.22386E-02    8.44430E-03    3.93489E-02
     1.31450E+00    2.81117E-01    2.05430E-01    4.40829E-01   -1.23382E-01    1.47681E-02    1.19921E-02    8.32412E-03    3.89759E-02
     1.32000E+00    2.77533E-01    2.02627E-01    4.41432E-01   -1.22002E-01    1.44701E-02    1.17501E-02    8.20673E-03    3.86061E-02
     1.32550E+00    2.74003E-01    1.99857E-01    4.42023E-01   -1.20635E-01    1.41779E-02    1.15128E-02    8.09204E-03    3.82397E-02
     1.33100E+00    2.70528E-01    1.97120E-01    4.42603E-01   -1.19280E-01    1.38916E-02    1.12799E-02    7.98001E-03    3.78765E-02
     1.33650E+00    2.67106E-01    1.94417E-01    4.43172E-01   -1.17937E-01    1.36110E-02    1.10514E-02    7.87058E-03    3.75167E-02
     1.34200E+00    2.63736E-01    1.91746E-01    4.43729E-01   -1.16607E-01    1.33360E-02    1.08273E-02    7.76367E-03    3.71601E-02
     1.34750E+00    2.60418E-01    1.89107E-01    4.44276E-01   -1.15288E-01    1.30665E-02    1.06074E-02    7.65923E-03    3.68068E-02
     1.35300E+00    2.57151E-01    1.86501E-01    4.44813E-01   -1.13981E-01    1.28024E-02    1.03918E-02    7.55721E-03    3.64567E-02
     1.35850E+00    2.53934E-01    1.83925E-01    4.45339E-01   -1.12685E-01    1.25436E-02    1.01802E-02    7.45755E-03    3.61100E-02
     1.36400E+00    2.50766E-01    1.81381E-01    4.45854E-01   -1.11401E-01    1.22900E-02    9.97266E-03    7.36019E-03    3.57664E-02
     1.36950E+00    2.47648E-01    1.78868E-01    4.46360E-01   -1.10129E-01    1.20415E-02    9.76910E-03    7.26508E-03    3.54261E-02
     1.37500E+00    2.44577E-01    1.76385E-01    4.46856E-01   -1.08868E-01    1.17980E-02    9.56944E-03    7.17217E-03    3.50890E-02
     1.38050E+00    2.41553E-01    1.73932E-01    4.47342E-01   -1.07618E-01    1.15594E-02    9.37361E-03    7.08140E-03    3.47551E-02
     1.38600E+00    2.38577E-01    1.71510E-01    4.47819E-01   -1.06379E-01    1.13256E-02    9.18155E-03    6.99273E-03    3.44244E-02
     1.39150E+00    2.35646E-01    1.69116E-01    4.48287E-01   -1.05151E-01    1.10965E-02    8.99318E-03    6.90610E-03    3.40969E-02
     1.39700E+00    2.32760E-01    1.66752E-01    4.48745E-01   -1.03935E-01    1.08721E-02    8.80845E-03    6.82148E-03    3.37726E-02
     1.40250E+00    2.29919E-01    1.64416E-01    4.49195E-01   -1.02729E-01    1.06522E-02    8.62728E-03    6.73881E-03    3.34514E-02
     1.40800E+00    2.27122E-01    1.62109E-01    4.49636E-01   -1.01533E-01    1.04368E-02    8.44962E-03    6.65804E-03    3.31333E-02
     1.41350E+00    2.24369E-01    1.59830E-01    4.50068E-01   -1.00349E-01    1.02258E-02    8.27539E-03    6.57914E-03    3.28184E-02
     1.41900E+00    2.21658E-01    1.57578E-01    4.50492E-01   -9.91747E-02    1.00190E-02    8.10455E-03    6.50205E-03    3.25066E-02
     1.42450E+00    2.18989E-01    1.55354E-01    4.50907E-01   -9.80111E-02    9.81646E-03    7.93701E-03    6.42674E-03    3.21979E-02
     1.43000E+00    2.16361E-01    1.53157E-01    4.51315E-01   -9.68577E-02    9.61805E-03    7.77274E-03    6.35317E-03    3.18922E-02
     1.43550E+00    2.13775E-01    1.50987E-01    4.51714E-01   -9.57145E-02    9.42369E-03    7.61166E-03    6.28129E-03    3.15897E-02
     1.44100E+00    2.11228E-01    1.48843E-01    4.52106E-01   -9.45814E-02    9.23331E-03    7.45372E-03    6.21107E-03    3.12901E-02
     1.44650E+00    2.08722E-01    1.46725E-01    4.52490E-01   -9.34583E-02    9.04682E-03    7.29886E-03    6.14246E-03    3.09936E-02
     1.45200E+00    2.06254E-01    1.44633E-01    4.52866E-01   -9.23451E-02    8.86416E-03    7.14703E-03    6.07544E-03    3.07001E-02
     1.45750E+00    2.03825E-01    1.42567E-01    4.53235E-01   -9.12417E-02    8.68524E-03    6.99816E-03    6.00995E-03    3.04097E-02
     1.46300E+00    2.01434E-01    1.40526E-01    4.53597E-01   -9.01480E-02    8.51001E-03    6.85221E-03    5.94597E-03    3.01221E-02
     1.46850E+00    1.99080E-01    1.38509E-01    4.53952E-01   -8.90639E-02    8.33837E-03    6.70911E-03    5.88346E-03    2.98376E-02
     1.47400E+00    1.96763E-01    1.36517E-01    4.54300E-01   -8.79892E-02    8.17028E-03    6.56883E-03    5.82239E-03    2.95560E-02
     1.47950E+00    1.94483E-01    1.34549E-01    4.54641E-01   -8.69240E-02    8.00565E-03    6.43129E-03    5.76273E-03    2.92773E-02
     1.48500E+00    1.92238E-01    1.32605E-01    4.54976E-01   -8.58681E-02    7.84442E-03    6.29647E-03    5.70443E-03    2.90015E-02
     1.49050E+00    1.90029E-01    1.30685E-01    4.55303E-01   -8.48214E-02    7.68652E-03    6.16429E-03    5.64747E-03    2.87286E-02
     1.49600E+00    1.87855E-01    1.28788E-01    4.55625E-01   -8.37838E-02    7.53190E-03    6.03471E-03    5.59182E-03    2.84585E-02
     1.50150E+00    1.85714E-01    1.26914E-01    4.55940E-01   -8.27552E-02    7.38048E-03    5.90769E-03    5.53745E-03    2.81913E-02
     1.50700E+00    1.83608E-01    1.25063E-01    4.56249E-01   -8.17355E-02    7.23220E-03    5.78317E-03    5.48432E-03    2.79270E-02
     1.51250E+00    1.81535E-01    1.23234E-01    4.56551E-01   -8.07246E-02    7.08701E-03    5.66112E-03    5.43242E-03    2.76654E-02
     1.51800E+00    1.79495E-01    1.21427E-01    4.56848E-01   -7.97225E-02    6.94484E-03    5.54147E-03    5.38170E-03    2.74067E-02
     1.52350E+00    1.77487E-01    1.19642E-01    4.57139E-01   -7.87290E-02    6.80563E-03    5.42419E-03    5.33215E-03    2.71507E-02
     1.52900E+00    1.75511E-01    1.17879E-01    4.57424E-01   -7.77441E-02    6.66933E-03    5.30922E-03    5.28373E-03    2.68975E-02
     1.53450E+00    1.73567E-01    1.16137E-01    4.57704E-01   -7.67676E-02    6.53587E-03    5.19654E-03    5.23643E-03    2.66470E-02
     1.54000E+00    1.71653E-01    1.14416E-01    4.57978E-01   -7.57995E-02    6.40521E-03    5.08609E-03    5.19021E-03    2.63992E-02
     1.54550E+00    1.69771E-01    1.12716E-01    4.58246E-01   -7.48396E-02    6.27729E-03    4.97782E-03    5.14504E-03    2.61541E-02
     1.55100E+00    1.67918E-01    1.11036E-01    4.58509E-01   -7.38880E-02    6.15205E-03    4.87171E-03    5.10092E-03    2.59117E-02
     1.55650E+00    1.66095E-01    1.09376E-01    4.58767E-01   -7.29444E-02    6.02944E-03    4.76770E-03    5.05780E-03    2.56720E-02
     1.56200E+00    1.64301E-01    1.07736E-01    4.59020E-01   -7.20088E-02    5.90941E-03    4.66575E-03    5.01567E-03    2.54349E-02
     1.56750E+00    1.62537E-01    1.06116E-01    4.59268E-01   -7.10812E-02    5.79192E-03    4.56584E-03    4.97451E-03    2.52004E-02
     1.57300E+00    1.60801E-01    1.04515E-01    4.59511E-01   -7.01614E-02    5.67690E-03    4.46790E-03    4.93429E-03    2.49685E-02
     1.57850E+00    1.59092E-01    1.02934E-01    4.59749E-01   -6.92493E-02    5.56431E-03    4.37192E-03    4.89499E-03    2.47392E-02
     1.58400E+00    1.57412E-01    1.01371E-01    4.59982E-01   -6.83450E-02    5.45411E-03    4.27785E-03    4.85659E-03    2.45125E-02
     1.58950E+00    1.55759E-01    9.98271E-02    4.60211E-01   -6.74482E-02    5.34624E-03    4.18565E-03    4.81907E-03    2.42883E-02
     1.59500E+00    1.54133E-01    9.83014E-02    4.60435E-01   -6.65589E-02    5.24067E-03    4.09528E-03    4.78241E-03    2.40667E-02
     1.60050E+00    1.52533E-01    9.67938E-02    4.60654E-01   -6.56770E-02    5.13734E-03    4.00672E-03    4.74658E-03    2.38475E-02
     1.60600E+00    1.50960E-01    9.53041E-02    4.60869E-01   -6.48024E-02    5.03621E-03    3.91992E-03    4.71159E-03    2.36309E-02
     1.61150E+00    1.49413E-01    9.38320E-02    4.61080E-01   -6.39351E-02    4.93723E-03    3.83485E-03    4.67739E-03    2.34167E-02
     1.61700E+00    1.47891E-01    9.23773E-02    4.61286E-01   -6.30750E-02    4.84038E-03    3.75147E-03    4.64397E-03    2.32050E-02
     1.62250E+00    1.46394E-01    9.09398E-02    4.61489E-01   -6.22220E-02    4.74560E-03    3.66976E-03    4.61133E-03    2.29957E-02
     1.62800E+00    1.44922E-01    8.95192E-02    4.61687E-01   -6.13760E-02    4.65285E-03    3.58968E-03    4.57943E-03    2.27888E-02
     1.63350E+00    1.43474E-01    8.81153E-02    4.61881E-01   -6.05369E-02    4.56209E-03    3.51119E-03    4.54826E-03    2.25844E-02
     1.63900E+00    1.42051E-01    8.67279E-02    4.62071E-01   -5.97047E-02    4.47329E-03    3.43427E-03    4.51781E-03    2.23823E-02
     1.64450E+00    1.40651E-01    8.53567E-02    4.62258E-01   -5.88793E-02    4.38640E-03    3.35889E-03    4.48805E-03    2.21825E-02
     1.65000E+00    1.39275E-01    8.40014E-02    4.62440E-01   -5.80606E-02    4.30139E-03    3.28501E-03    4.45899E-03    2.19852E-02
     1.65550E+00    1.37922E-01    8.26620E-02    4.62619E-01   -5.72486E-02    4.21822E-03    3.21260E-03    4.43058E-03    2.17901E-02
     1.66100E+00    1.36592E-01    8.13382E-02    4.62794E-01   -5.64431E-02    4.13685E-03    3.14163E-03    4.40284E-03    2.15974E-02
     1.66650E+00    1.35284E-01    8.00296E-02    4.62966E-01   -5.56440E-02    4.05726E-03    3.07209E-03    4.37573E-03    2.14070E-02
     1.67200E+00    1.33999E-01    7.87363E-02    4.63134E-01   -5.48514E-02    3.97940E-03    3.00392E-03    4.34924E-03    2.12188E-02
     1.67750E+00    1.32735E-01    7.74578E-02    4.63298E-01   -5.40652E-02    3.90323E-03    2.93712E-03    4.32337E-03    2.10329E-02
     1.68300E+00    1.31493E-01    7.61941E-02    4.63459E-01   -5.32852E-02    3.82874E-03    2.87165E-03    4.29809E-03    2.08493E-02
     1.68850E+00    1.30273E-01    7.49448E-02    4.63617E-01   -5.25114E-02    3.75588E-03    2.80748E-03    4.27340E-03    2.06679E-02
     1.69400E+00    1.29074E-01    7.37099E-02    4.63772E-01   -5.17438E-02    3.68462E-03    2.74459E-03    4.24927E-03    2.04887E-02
     1.69950E+00    1.27895E-01    7.24890E-02    4.63923E-01   -5.09822E-02    3.61493E-03    2.68295E-03    4.22571E-03    2.03117E-02
     1.70500E+00    1.26737E-01    7.12820E-02    4.64071E-01   -5.02266E-02    3.54678E-03    2.62253E-03    4.20269E-03    2.01369E-02
     1.71050E+00    1.25599E-01    7.00888E-02    4.64216E-01   -4.94770E-02    3.48014E-03    2.56332E-03    4.18020E-03    1.99643E-02
     1.71600E+00    1.24482E-01    6.89090E-02    4.64358E-01   -4.87332E-02    3.41498E-03    2.50528E-03    4.15824E-03    1.97938E-02
     1.72150E+00    1.23384E-01    6.77426E-02    4.64497E-01   -4.79952E-02    3.35127E-03    2.44840E-03    4.13679E-03    1.96255E-02
     1.72700E+00    1.22305E-01    6.65892E-02    4.64633E-01   -4.72629E-02    3.28898E-03    2.39264E-03    4.11584E-03    1.94592E-02
     1.73250E+00    1.21246E-01    6.54488E-02    4.64766E-01   -4.65363E-02    3.22809E-03    2.33799E-03    4.09537E-03    1.92951E-02
     1.73800E+00    1.20206E-01    6.43211E-02    4.64896E-01   -4.58153E-02    3.16856E-03    2.28442E-03    4.07539E-03    1.91331E-02
     1.74350E+00    1.19184E-01    6.32060E-02    4.65024E-01   -4.50998E-02    3.11038E-03    2.23192E-03    4.05587E-03    1.89732E-02
     1.74900E+00    1.18181E-01    6.21032E-02    4.65149E-01   -4.43899E-02    3.05352E-03    2.18044E-03    4.03681E-03    1.88153E-02
     1.75450E+00    1.17197E-01    6.10126E-02    4.65271E-01   -4.36853E-02    2.99794E-03    2.12999E-03    4.01820E-03    1.86595E-02
     1.76000E+00    1.16230E-01    5.99341E-02    4.65390E-01   -4.29860E-02    2.94363E-03    2.08053E-03    4.00003E-03    1.85058E-02
     1.76550E+00    1.15281E-01    5.88673E-02    4.65507E-01   -4.22921E-02    2.89056E-03    2.03204E-03    3.98229E-03    1.83541E-02
     1.77100E+00    1.14350E-01    5.78123E-02    4.65621E-01   -4.16034E-02    2.83870E-03    1.98451E-03    3.96496E-03    1.82044E-02
     1.77650E+00    1.13436E-01    5.67687E-02    4.65733E-01   -4.09199E-02    2.78804E-03    1.93791E-03    3.94805E-03    1.80567E-02
     1.78200E+00    1.12540E-01    5.57365E-02    4.65842E-01   -4.02415E-02    2.73855E-03    1.89223E-03    3.93154E-03    1.79110E-02
     1.78750E+00    1.11660E-01    5.47154E-02    4.65949E-01   -3.95681E-02    2.69020E-03    1.84743E-03    3.91543E-03    1.77672E-02
     1.79300E+00    1.10797E-01    5.37052E-02    4.66054E-01   -3.88997E-02    2.64298E-03    1.80352E-03    3.89970E-03    1.76255E-02
     1.79850E+00    1.09951E-01    5.27059E-02    4.66156E-01   -3.82363E-02    2.59687E-03    1.76046E-03    3.88435E-03    1.74857E-02
     1.80400E+00    1.09121E-01    5.17173E-02    4.66256E-01   -3.75777E-02    2.55184E-03    1.71824E-03    3.86937E-03    1.73478E-02
     1.80950E+00    1.08307E-01    5.07392E-02    4.66353E-01   -3.69240E-02    2.50787E-03    1.67683E-03    3.85475E-03    1.72119E-02
     1.81500E+00    1.07509E-01    4.97714E-02    4.66449E-01   -3.62751E-02    2.46495E-03    1.63623E-03    3.84049E-03    1.70779E-02
     1.82050E+00    1.06727E-01    4.88137E-02    4.66542E-01   -3.56308E-02    2.42305E-03    1.59642E-03    3.82657E-03    1.69459E-02
     1.82600E+00    1.05961E-01    4.78661E-02    4.66633E-01   -3.49913E-02    2.38215E-03    1.55737E-03    3.81300E-03    1.68157E-02
     1.83150E+00    1.05209E-01    4.69284E-02    4.66722E-01   -3.43563E-02    2.34223E-03    1.51908E-03    3.79975E-03    1.66875E-02
     1.83700E+00    1.04474E-01    4.60004E-02    4.66809E-01   -3.37259E-02    2.30329E-03    1.48152E-03    3.78684E-03    1.65611E-02
     1.84250E+00    1.03753E-01    4.50820E-02    4.66894E-01   -3.31000E-02    2.26529E-03    1.44467E-03    3.77425E-03    1.64366E-02
     1.84800E+00    1.03047E-01    4.41730E-02    4.66977E-01   -3.24786E-02    2.22822E-03    1.40854E-03    3.76197E-03    1.63140E-02
     1.85350E+00    1.02355E-01    4.32733E-02    4.67058E-01   -3.18615E-02    2.19207E-03    1.37308E-03    3.75000E-03    1.61933E-02
     1.85900E+00    1.01679E-01    4.23828E-02    4.67137E-01   -3.12489E-02    2.15681E-03    1.33830E-03    3.73833E-03    1.60744E-02
     1.86450E+00    1.01016E-01    4.15012E-02    4.67214E-01   -3.06405E-02    2.12244E-03    1.30418E-03    3.72696E-03    1.59573E-02
     1.87000E+00    1.00368E-01    4.06285E-02    4.67289E-01   -3.00364E-02    2.08892E-03    1.27069E-03    3.71587E-03    1.58421E-02
     1.87550E+00    9.97337E-02    3.97645E-02    4.67362E-01   -2.94364E-02    2.05626E-03    1.23784E-03    3.70508E-03    1.57288E-02
     1.88100E+00    9.91134E-02    3.89091E-02    4.67434E-01   -2.88407E-02    2.02443E-03    1.20560E-03    3.69456E-03    1.56173E-02
     1.88650E+00    9.85068E-02    3.80621E-02    4.67503E-01   -2.82490E-02    1.99342E-03    1.17396E-03    3.68431E-03    1.55076E-02
     1.89200E+00    9.79138E-02    3.72235E-02    4.67571E-01   -2.76614E-02    1.96321E-03    1.14290E-03    3.67434E-03    1.53997E-02
     1.89750E+00    9.73342E-02    3.63930E-02    4.67638E-01   -2.70778E-02    1.93379E-03    1.11241E-03    3.66463E-03    1.52936E-02
     1.90300E+00    9.67679E-02    3.55706E-02    4.67702E-01   -2.64982E-02    1.90515E-03    1.08249E-03    3.65517E-03    1.51893E-02
     1.90850E+00    9.62148E-02    3.47560E-02    4.67765E-01   -2.59225E-02    1.87727E-03    1.05311E-03    3.64597E-03    1.50869E-02
     1.91400E+00    9.56746E-02    3.39493E-02    4.67826E-01   -2.53507E-02    1.85014E-03    1.02426E-03    3.63702E-03    1.49862E-02
     1.91950E+00    9.51473E-02    3.31503E-02    4.67886E-01   -2.47828E-02    1.82374E-03    9.95928E-04    3.62832E-03    1.48873E-02
     1.92500E+00    9.46327E-02    3.23587E-02    4.67944E-01   -2.42186E-02    1.79806E-03    9.68107E-04    3.61985E-03    1.47903E-02
     1.93050E+00    9.41307E-02    3.15746E-02    4.68000E-01   -2.36581E-02    1.77310E-03    9.40782E-04    3.61162E-03    1.46950E-02
     1.93600E+00    9.36412E-02    3.07978E-02    4.68055E-01   -2.31014E-02    1.74883E-03    9.13940E-04    3.60362E-03    1.46015E-02
     1.94150E+00    9.31640E-02    3.00282E-02    4.68109E-01   -2.25483E-02    1.72525E-03    8.87570E-04    3.59585E-03    1.45098E-02
     1.94700E+00    9.26990E-02    2.92656E-02    4.68161E-01   -2.19989E-02    1.70234E-03    8.61660E-04    3.58831E-03    1.44199E-02
     1.95250E+00    9.22461E-02    2.85099E-02    4.68211E-01   -2.14530E-02    1.68010E-03    8.36199E-04    3.58098E-03    1.43317E-02
     1.95800E+00    9.18051E-02    2.77611E-02    4.68260E-01   -2.09107E-02    1.65851E-03    8.11176E-04    3.57387E-03    1.42454E-02
     1.96350E+00    9.13760E-02    2.70190E-02    4.68308E-01   -2.03718E-02    1.63757E-03    7.86579E-04    3.56697E-03    1.41608E-02
     1.96900E+00    9.09587E-02    2.62834E-02    4.68354E-01   -1.98364E-02    1.61725E-03    7.62397E-04    3.56029E-03    1.40780E-02
     1.97450E+00    9.05529E-02    2.55544E-02    4.68398E-01   -1.93045E-02    1.59755E-03    7.38621E-04    3.55380E-03    1.39969E-02
     1.98000E+00    9.01586E-02    2.48317E-02    4.68442E-01   -1.87759E-02    1.57847E-03    7.15240E-04    3.54752E-03    1.39177E-02
     1.98550E+00    8.97758E-02    2.41153E-02    4.68484E-01   -1.82506E-02    1.55999E-03    6.92242E-04    3.54144E-03    1.38403E-02
     1.99100E+00    8.94042E-02    2.34050E-02    4.68525E-01   -1.77286E-02    1.54210E-03    6.69619E-04    3.53555E-03    1.37646E-02
     1.99650E+00    8.90437E-02    2.27008E-02    4.68564E-01   -1.72099E-02    1.52480E-03    6.47360E-04    3.52986E-03    1.36907E-02
     2.00200E+00    8.86944E-02    2.20025E-02    4.68602E-01   -1.66945E-02    1.50806E-03    6.25455E-04    3.52435E-03    1.36186E-02
     2.00750E+00    8.83560E-02    2.13100E-02    4.68639E-01   -1.61822E-02    1.49190E-03    6.03894E-04    3.51903E-03    1.35483E-02
     2.01300E+00    8.80285E-02    2.06232E-02    4.68674E-01   -1.56730E-02    1.47629E-03    5.82669E-04    3.51390E-03    1.34798E-02
     2.01850E+00    8.77118E-02    1.99421E-02    4.68709E-01   -1.51670E-02    1.46123E-03    5.61769E-04    3.50895E-03    1.34131E-02
     2.02400E+00    8.74057E-02    1.92665E-02    4.68742E-01   -1.46641E-02    1.44672E-03    5.41186E-04    3.50417E-03    1.33482E-02
     2.02950E+00    8.71103E-02    1.85964E-02    4.68774E-01   -1.41641E-02    1.43273E-03    5.20909E-04    3.49957E-03    1.32851E-02
     2.03500E+00    8.68253E-02    1.79315E-02    4.68804E-01   -1.36672E-02    1.41927E-03    5.00931E-04    3.49515E-03    1.32239E-02
     2.04050E+00    8.65507E-02    1.72719E-02    4.68834E-01   -1.31733E-02    1.40633E-03    4.81242E-04    3.49089E-03    1.31644E-02
     2.04600E+00    8.62865E-02    1.66174E-02    4.68862E-01   -1.26823E-02    1.39391E-03    4.61834E-04    3.48681E-03    1.31068E-02
     2.05150E+00    8.60324E-02    1.59680E-02    4.68889E-01   -1.21942E-02    1.38198E-03    4.42697E-04    3.48289E-03    1.30510E-02
     2.05700E+00    8.57885E-02    1.53235E-02    4.68915E-01   -1.17090E-02    1.37056E-03    4.23824E-04    3.47913E-03    1.29971E-02
     2.06250E+00    8.55547E-02    1.46838E-02    4.68940E-01   -1.12266E-02    1.35963E-03    4.05206E-04    3.47554E-03    1.29450E-02
     2.06800E+00    8.53308E-02    1.40489E-02    4.68964E-01   -1.07470E-02    1.34918E-03    3.86835E-04    3.47210E-03    1.28948E-02
     2.07350E+00    8.51169E-02    1.34186E-02    4.68987E-01   -1.02702E-02    1.33921E-03    3.68702E-04    3.46882E-03    1.28464E-02
     2.07900E+00    8.49128E-02    1.27929E-02    4.69008E-01   -9.79618E-03    1.32972E-03    3.50799E-04    3.46570E-03    1.28000E-02
     2.08450E+00    8.47184E-02    1.21717E-02    4.69029E-01   -9.32483E-03    1.32069E-03    3.33119E-04    3.46273E-03    1.27554E-02
     2.09000E+00    8.45337E-02    1.15549E-02    4.69049E-01   -8.85615E-03    1.31213E-03    3.15654E-04    3.45992E-03    1.27127E-02
     2.09550E+00    8.43586E-02    1.09424E-02    4.69067E-01   -8.39012E-03    1.30402E-03    2.98395E-04    3.45725E-03    1.26720E-02
     2.10100E+00    8.41930E-02    1.03341E-02    4.69085E-01   -7.92671E-03    1.29637E-03    2.81336E-04    3.45474E-03    1.26332E-02
     2.10650E+00    8.40368E-02    9.72997E-03    4.69101E-01   -7.46589E-03    1.28916E-03    2.64468E-04    3.45237E-03    1.25963E-02
     2.11200E+00    8.38901E-02    9.12985E-03    4.69116E-01   -7.00762E-03    1.28239E-03    2.47784E-04    3.45015E-03    1.25614E-02
     2.11750E+00    8.37527E-02    8.53370E-03    4.69131E-01   -6.55187E-03    1.27607E-03    2.31277E-04    3.44807E-03    1.25284E-02
     2.12300E+00    8.36246E-02    7.94143E-03    4.69144E-01   -6.09863E-03    1.27017E-03    2.14939E-04    3.44613E-03    1.24974E-02
     2.12850E+00    8.35056E-02    7.35295E-03    4.69157E-01   -5.64785E-03    1.26471E-03    1.98762E-04    3.44433E-03    1.24685E-02
     2.13400E+00    8.33958E-02    6.76819E-03    4.69168E-01   -5.19952E-03    1.25967E-03    1.82740E-04    3.44268E-03    1.24415E-02
     2.13950E+00    8.32951E-02    6.18706E-03    4.69179E-01   -4.75360E-03    1.25505E-03    1.66866E-04    3.44116E-03    1.24166E-02
     2.14500E+00    8.32034E-02    5.60949E-03    4.69188E-01   -4.31006E-03    1.25085E-03    1.51133E-04    3.43978E-03    1.23937E-02
     2.15050E+00    8.31206E-02    5.03539E-03    4.69197E-01   -3.86889E-03    1.24706E-03    1.35532E-04    3.43853E-03    1.23730E-02
     2.15600E+00    8.30468E-02    4.46468E-03    4.69204E-01   -3.43004E-03    1.24369E-03    1.20058E-04    3.43742E-03    1.23543E-02
     2.16150E+00    8.29818E-02    3.89730E-03    4.69211E-01   -2.99349E-03    1.24072E-03    1.04704E-04    3.43645E-03    1.23377E-02
     2.16700E+00    8.29256E-02    3.33316E-03    4.69217E-01   -2.55923E-03    1.23816E-03    8.94621E-05    3.43561E-03    1.23233E-02
     2.17250E+00    8.28782E-02    2.77218E-03    4.69222E-01   -2.12721E-03    1.23599E-03    7.43263E-05    3.43490E-03    1.23110E-02
     2.17800E+00    8.28394E-02    2.21430E-03    4.69226E-01   -1.69742E-03    1.23423E-03    5.92895E-05    3.43432E-03    1.23009E-02
     2.18350E+00    8.28093E-02    1.65943E-03    4.69229E-01   -1.26983E-03    1.23286E-03    4.43452E-05    3.43387E-03    1.22929E-02
     2.18900E+00    8.27878E-02    1.10751E-03    4.69231E-01   -8.44410E-04    1.23189E-03    2.94865E-05    3.43355E-03    1.22873E-02
     2.19450E+00    8.27749E-02    5.58451E-04    4.69233E-01   -4.21143E-04    1.23130E-03    1.47070E-05    3.43335E-03    1.22838E-02
     2.20000E+00    8.27705E-02    1.21931E-05    4.69233E-01   -3.40918-203    1.23111E-03   -1.06703E-25    3.43329E-03    1.22827E-02
