     1.00000E-05    4.06378E+00   -6.13995E-05   -8.22735E-01   -2.65807E-05    4.74538E-01    1.01875E-05    4.38502E-01    1.29043E-10
     4.50997E-03    4.06351E+00    2.70675E-02   -8.22617E-01   -1.19868E-02    4.74510E-01    4.59408E-03    4.38456E-01    2.62445E-05
     9.00995E-03    4.06270E+00    5.40635E-02   -8.22263E-01   -2.39412E-02    4.74426E-01    9.17521E-03    4.38320E-01    1.04715E-04
     1.35099E-02    4.06134E+00    8.10365E-02   -8.21674E-01   -3.58839E-02    4.74285E-01    1.37508E-02    4.38094E-01    2.35320E-04
     1.80099E-02    4.05945E+00    1.07975E-01   -8.20850E-01   -4.78091E-02    4.74089E-01    1.83182E-02    4.37777E-01    4.17908E-04
     2.25099E-02    4.05701E+00    1.34867E-01   -8.19792E-01   -5.97110E-02    4.73836E-01    2.28745E-02    4.37371E-01    6.52267E-04
     2.70098E-02    4.05404E+00    1.61702E-01   -8.18501E-01   -7.15837E-02    4.73528E-01    2.74171E-02    4.36875E-01    9.38127E-04
     3.15098E-02    4.05053E+00    1.88469E-01   -8.16978E-01   -8.34216E-02    4.73164E-01    3.19433E-02    4.36290E-01    1.27516E-03
     3.60098E-02    4.04649E+00    2.15155E-01   -8.15223E-01   -9.52189E-02    4.72744E-01    3.64504E-02    4.35616E-01    1.66297E-03
     4.05098E-02    4.04192E+00    2.41750E-01   -8.13238E-01   -1.06970E-01    4.72269E-01    4.09357E-02    4.34854E-01    2.10111E-03
     4.50097E-02    4.03681E+00    2.68243E-01   -8.11025E-01   -1.18669E-01    4.71739E-01    4.53966E-02    4.34004E-01    2.58908E-03
     4.95097E-02    4.03118E+00    2.94623E-01   -8.08586E-01   -1.30311E-01    4.71154E-01    4.98305E-02    4.33067E-01    3.12633E-03
     5.40097E-02    4.02503E+00    3.20878E-01   -8.05921E-01   -1.41890E-01    4.70514E-01    5.42348E-02    4.32044E-01    3.71223E-03
     5.85097E-02    4.01835E+00    3.46998E-01   -8.03034E-01   -1.53401E-01    4.69819E-01    5.86071E-02    4.30936E-01    4.34611E-03
     6.30097E-02    4.01116E+00    3.72972E-01   -7.99927E-01   -1.64839E-01    4.69070E-01    6.29447E-02    4.29743E-01    5.02726E-03
     6.75096E-02    4.00346E+00    3.98790E-01   -7.96601E-01   -1.76197E-01    4.68268E-01    6.72453E-02    4.28466E-01    5.75490E-03
     7.20096E-02    3.99524E+00    4.24441E-01   -7.93059E-01   -1.87472E-01    4.67412E-01    7.15065E-02    4.27107E-01    6.52822E-03
     7.65096E-02    3.98653E+00    4.49915E-01   -7.89304E-01   -1.98658E-01    4.66502E-01    7.57259E-02    4.25667E-01    7.34634E-03
     8.10095E-02    3.97731E+00    4.75202E-01   -7.85339E-01   -2.09750E-01    4.65540E-01    7.99012E-02    4.24145E-01    8.20834E-03
     8.55095E-02    3.96760E+00    5.00291E-01   -7.81166E-01   -2.20743E-01    4.64526E-01    8.40302E-02    4.22545E-01    9.11326E-03
     9.00095E-02    3.95740E+00    5.25174E-01   -7.76789E-01   -2.31632E-01    4.63459E-01    8.81107E-02    4.20867E-01    1.00601E-02
     9.45095E-02    3.94672E+00    5.49840E-01   -7.72210E-01   -2.42414E-01    4.62341E-01    9.21405E-02    4.19111E-01    1.10478E-02
     9.90094E-02    3.93556E+00    5.74281E-01   -7.67434E-01   -2.53082E-01    4.61172E-01    9.61177E-02    4.17281E-01    1.20753E-02
     1.03509E-01    3.92393E+00    5.98486E-01   -7.62463E-01   -2.63634E-01    4.59952E-01    1.00040E-01    4.15376E-01    1.31415E-02
     1.08009E-01    3.91183E+00    6.22448E-01   -7.57302E-01   -2.74065E-01    4.58681E-01    1.03906E-01    4.13399E-01    1.42452E-02
     1.12509E-01    3.89927E+00    6.46156E-01   -7.51953E-01   -2.84370E-01    4.57362E-01    1.07713E-01    4.11350E-01    1.53851E-02
     1.17009E-01    3.88626E+00    6.69604E-01   -7.46420E-01   -2.94546E-01    4.55993E-01    1.11460E-01    4.09232E-01    1.65602E-02
     1.21509E-01    3.87280E+00    6.92781E-01   -7.40708E-01   -3.04589E-01    4.54575E-01    1.15145E-01    4.07045E-01    1.77691E-02
     1.26009E-01    3.85890E+00    7.15681E-01   -7.34821E-01   -3.14496E-01    4.53110E-01    1.18766E-01    4.04792E-01    1.90106E-02
     1.30509E-01    3.84457E+00    7.38296E-01   -7.28761E-01   -3.24261E-01    4.51597E-01    1.22322E-01    4.02474E-01    2.02833E-02
     1.35009E-01    3.82982E+00    7.60617E-01   -7.22535E-01   -3.33883E-01    4.50037E-01    1.25811E-01    4.00093E-01    2.15860E-02
     1.39509E-01    3.81465E+00    7.82637E-01   -7.16145E-01   -3.43358E-01    4.48431E-01    1.29231E-01    3.97650E-01    2.29172E-02
     1.44009E-01    3.79907E+00    8.04350E-01   -7.09596E-01   -3.52683E-01    4.46780E-01    1.32582E-01    3.95147E-01    2.42757E-02
     1.48509E-01    3.78308E+00    8.25748E-01   -7.02892E-01   -3.61855E-01    4.45083E-01    1.35862E-01    3.92586E-01    2.56600E-02
     1.53009E-01    3.76671E+00    8.46825E-01   -6.96038E-01   -3.70871E-01    4.43342E-01    1.39070E-01    3.89969E-01    2.70687E-02
     1.57509E-01    3.74994E+00    8.67574E-01   -6.89039E-01   -3.79728E-01    4.41558E-01    1.42205E-01    3.87297E-01    2.85004E-02
     1.62009E-01    3.73280E+00    8.87990E-01   -6.81898E-01   -3.88424E-01    4.39731E-01    1.45265E-01    3.84572E-01    2.99537E-02
     1.66509E-01    3.71529E+00    9.08067E-01   -6.74620E-01   -3.96957E-01    4.37862E-01    1.48250E-01    3.81796E-01    3.14273E-02
     1.71009E-01    3.69742E+00    9.27798E-01   -6.67211E-01   -4.05324E-01    4.35951E-01    1.51159E-01    3.78971E-01    3.29196E-02
     1.75509E-01    3.67919E+00    9.47179E-01   -6.59674E-01   -4.13524E-01    4.33999E-01    1.53991E-01    3.76099E-01    3.44292E-02
     1.80009E-01    3.66062E+00    9.66205E-01   -6.52014E-01   -4.21554E-01    4.32008E-01    1.56745E-01    3.73181E-01    3.59546E-02
     1.84509E-01    3.64172E+00    9.84871E-01   -6.44236E-01   -4.29413E-01    4.29977E-01    1.59421E-01    3.70220E-01    3.74946E-02
     1.89009E-01    3.62248E+00    1.00317E+00   -6.36344E-01   -4.37099E-01    4.27907E-01    1.62017E-01    3.67217E-01    3.90475E-02
     1.93509E-01    3.60293E+00    1.02110E+00   -6.28344E-01   -4.44611E-01    4.25800E-01    1.64534E-01    3.64174E-01    4.06121E-02
     1.98009E-01    3.58308E+00    1.03866E+00   -6.20240E-01   -4.51947E-01    4.23656E-01    1.66971E-01    3.61093E-01    4.21868E-02
     2.02509E-01    3.56292E+00    1.05585E+00   -6.12036E-01   -4.59107E-01    4.21476E-01    1.69328E-01    3.57976E-01    4.37702E-02
     2.07009E-01    3.54247E+00    1.07265E+00   -6.03737E-01   -4.66090E-01    4.19261E-01    1.71604E-01    3.54825E-01    4.53611E-02
     2.11509E-01    3.52174E+00    1.08908E+00   -5.95348E-01   -4.72894E-01    4.17011E-01    1.73799E-01    3.51641E-01    4.69579E-02
     2.16009E-01    3.50073E+00    1.10511E+00   -5.86874E-01   -4.79519E-01    4.14727E-01    1.75913E-01    3.48427E-01    4.85593E-02
     2.20509E-01    3.47947E+00    1.12076E+00   -5.78319E-01   -4.85965E-01    4.12411E-01    1.77946E-01    3.45185E-01    5.01639E-02
     2.25009E-01    3.45794E+00    1.13602E+00   -5.69688E-01   -4.92230E-01    4.10062E-01    1.79897E-01    3.41915E-01    5.17704E-02
     2.29509E-01    3.43618E+00    1.15088E+00   -5.60985E-01   -4.98316E-01    4.07682E-01    1.81768E-01    3.38621E-01    5.33775E-02
     2.34009E-01    3.41417E+00    1.16536E+00   -5.52215E-01   -5.04221E-01    4.05272E-01    1.83558E-01    3.35303E-01    5.49839E-02
     2.38509E-01    3.39194E+00    1.17943E+00   -5.43383E-01   -5.09946E-01    4.02832E-01    1.85267E-01    3.31964E-01    5.65883E-02
     2.43009E-01    3.36949E+00    1.19311E+00   -5.34492E-01   -5.15490E-01    4.00364E-01    1.86896E-01    3.28605E-01    5.81893E-02
     2.47509E-01    3.34683E+00    1.20639E+00   -5.25548E-01   -5.20855E-01    3.97868E-01    1.88444E-01    3.25229E-01    5.97859E-02
     2.52009E-01    3.32397E+00    1.21928E+00   -5.16554E-01   -5.26041E-01    3.95345E-01    1.89913E-01    3.21836E-01    6.13768E-02
     2.56509E-01    3.30092E+00    1.23176E+00   -5.07515E-01   -5.31047E-01    3.92795E-01    1.91303E-01    3.18429E-01    6.29607E-02
     2.61009E-01    3.27769E+00    1.24385E+00   -4.98435E-01   -5.35876E-01    3.90221E-01    1.92613E-01    3.15010E-01    6.45366E-02
     2.65509E-01    3.25428E+00    1.25553E+00   -4.89319E-01   -5.40526E-01    3.87622E-01    1.93845E-01    3.11579E-01    6.61033E-02
     2.70008E-01    3.23071E+00    1.26682E+00   -4.80170E-01   -5.45000E-01    3.84999E-01    1.95000E-01    3.08139E-01    6.76597E-02
     2.74508E-01    3.20699E+00    1.27771E+00   -4.70992E-01   -5.49298E-01    3.82354E-01    1.96078E-01    3.04691E-01    6.92047E-02
     2.79008E-01    3.18312E+00    1.28820E+00   -4.61790E-01   -5.53422E-01    3.79688E-01    1.97079E-01    3.01237E-01    7.07373E-02
     2.83508E-01    3.15911E+00    1.29829E+00   -4.52567E-01   -5.57372E-01    3.77000E-01    1.98004E-01    2.97778E-01    7.22566E-02
     2.88008E-01    3.13497E+00    1.30799E+00   -4.43328E-01   -5.61150E-01    3.74292E-01    1.98855E-01    2.94317E-01    7.37614E-02
     2.92508E-01    3.11071E+00    1.31730E+00   -4.34075E-01   -5.64757E-01    3.71565E-01    1.99632E-01    2.90854E-01    7.52509E-02
     2.97008E-01    3.08633E+00    1.32621E+00   -4.24813E-01   -5.68195E-01    3.68820E-01    2.00336E-01    2.87390E-01    7.67242E-02
     3.01508E-01    3.06186E+00    1.33473E+00   -4.15546E-01   -5.71464E-01    3.66057E-01    2.00967E-01    2.83928E-01    7.81803E-02
     3.06008E-01    3.03728E+00    1.34286E+00   -4.06276E-01   -5.74568E-01    3.63278E-01    2.01528E-01    2.80469E-01    7.96184E-02
     3.10508E-01    3.01262E+00    1.35061E+00   -3.97007E-01   -5.77506E-01    3.60483E-01    2.02018E-01    2.77014E-01    8.10378E-02
     3.15008E-01    2.98788E+00    1.35797E+00   -3.87743E-01   -5.80282E-01    3.57673E-01    2.02439E-01    2.73564E-01    8.24376E-02
     3.19508E-01    2.96307E+00    1.36495E+00   -3.78486E-01   -5.82897E-01    3.54848E-01    2.02792E-01    2.70121E-01    8.38171E-02
     3.24008E-01    2.93819E+00    1.37155E+00   -3.69241E-01   -5.85353E-01    3.52011E-01    2.03078E-01    2.66686E-01    8.51756E-02
     3.28508E-01    2.91326E+00    1.37778E+00   -3.60010E-01   -5.87651E-01    3.49162E-01    2.03297E-01    2.63260E-01    8.65124E-02
     3.33008E-01    2.88827E+00    1.38363E+00   -3.50796E-01   -5.89795E-01    3.46300E-01    2.03452E-01    2.59845E-01    8.78268E-02
     3.37508E-01    2.86325E+00    1.38911E+00   -3.41602E-01   -5.91785E-01    3.43428E-01    2.03544E-01    2.56441E-01    8.91183E-02
     3.42008E-01    2.83819E+00    1.39423E+00   -3.32431E-01   -5.93624E-01    3.40547E-01    2.03573E-01    2.53050E-01    9.03863E-02
     3.46508E-01    2.81311E+00    1.39898E+00   -3.23285E-01   -5.95315E-01    3.37656E-01    2.03540E-01    2.49673E-01    9.16302E-02
     3.51008E-01    2.78801E+00    1.40337E+00   -3.14168E-01   -5.96859E-01    3.34756E-01    2.03448E-01    2.46311E-01    9.28496E-02
     3.55508E-01    2.76289E+00    1.40741E+00   -3.05082E-01   -5.98258E-01    3.31850E-01    2.03297E-01    2.42964E-01    9.40439E-02
     3.60008E-01    2.73777E+00    1.41110E+00   -2.96029E-01   -5.99516E-01    3.28936E-01    2.03088E-01    2.39635E-01    9.52127E-02
     3.64508E-01    2.71265E+00    1.41443E+00   -2.87011E-01   -6.00633E-01    3.26017E-01    2.02823E-01    2.36323E-01    9.63556E-02
     3.69008E-01    2.68754E+00    1.41743E+00   -2.78032E-01   -6.01614E-01    3.23092E-01    2.02503E-01    2.33030E-01    9.74723E-02
     3.73508E-01    2.66244E+00    1.42009E+00   -2.69093E-01   -6.02459E-01    3.20163E-01    2.02129E-01    2.29757E-01    9.85623E-02
     3.78008E-01    2.63736E+00    1.42241E+00   -2.60197E-01   -6.03171E-01    3.17231E-01    2.01702E-01    2.26504E-01    9.96254E-02
     3.82508E-01    2.61231E+00    1.42440E+00   -2.51345E-01   -6.03754E-01    3.14296E-01    2.01225E-01    2.23272E-01    1.00661E-01
     3.87008E-01    2.58729E+00    1.42606E+00   -2.42540E-01   -6.04208E-01    3.11358E-01    2.00698E-01    2.20062E-01    1.01670E-01
     3.91508E-01    2.56232E+00    1.42741E+00   -2.33783E-01   -6.04538E-01    3.08419E-01    2.00122E-01    2.16875E-01    1.02650E-01
     3.96008E-01    2.53738E+00    1.42844E+00   -2.25076E-01   -6.04744E-01    3.05480E-01    1.99499E-01    2.13712E-01    1.03603E-01
     4.00508E-01    2.51250E+00    1.42915E+00   -2.16421E-01   -6.04830E-01    3.02540E-01    1.98830E-01    2.10573E-01    1.04528E-01
     4.05008E-01    2.48767E+00    1.42956E+00   -2.07820E-01   -6.04798E-01    2.99601E-01    1.98117E-01    2.07458E-01    1.05425E-01
     4.09508E-01    2.46290E+00    1.42967E+00   -1.99273E-01   -6.04651E-01    2.96664E-01    1.97360E-01    2.04369E-01    1.06293E-01
     4.14008E-01    2.43820E+00    1.42948E+00   -1.90784E-01   -6.04390E-01    2.93728E-01    1.96561E-01    2.01305E-01    1.07133E-01
     4.18508E-01    2.41357E+00    1.42900E+00   -1.82352E-01   -6.04020E-01    2.90795E-01    1.95722E-01    1.98269E-01    1.07944E-01
     4.23008E-01    2.38901E+00    1.42823E+00   -1.73980E-01   -6.03541E-01    2.87866E-01    1.94843E-01    1.95259E-01    1.08727E-01
     4.27508E-01    2.36454E+00    1.42719E+00   -1.65668E-01   -6.02957E-01    2.84941E-01    1.93926E-01    1.92276E-01    1.09481E-01
     4.32008E-01    2.34015E+00    1.42586E+00   -1.57418E-01   -6.02269E-01    2.82020E-01    1.92972E-01    1.89322E-01    1.10207E-01
     4.36508E-01    2.31585E+00    1.42427E+00   -1.49231E-01   -6.01481E-01    2.79105E-01    1.91983E-01    1.86396E-01    1.10904E-01
     4.41008E-01    2.29165E+00    1.42241E+00   -1.41109E-01   -6.00595E-01    2.76195E-01    1.90960E-01    1.83498E-01    1.11573E-01
     4.45508E-01    2.26754E+00    1.42029E+00   -1.33051E-01   -5.99614E-01    2.73292E-01    1.89903E-01    1.80630E-01    1.12214E-01
     4.50007E-01    2.24354E+00    1.41791E+00   -1.25059E-01   -5.98539E-01    2.70397E-01    1.88815E-01    1.77791E-01    1.12826E-01
     4.54507E-01    2.21965E+00    1.41529E+00   -1.17133E-01   -5.97373E-01    2.67508E-01    1.87696E-01    1.74982E-01    1.13411E-01
     4.59007E-01    2.19586E+00    1.41242E+00   -1.09275E-01   -5.96119E-01    2.64628E-01    1.86547E-01    1.72202E-01    1.13967E-01
     4.63507E-01    2.17219E+00    1.40931E+00   -1.01486E-01   -5.94779E-01    2.61757E-01    1.85371E-01    1.69453E-01    1.14495E-01
     4.68007E-01    2.14864E+00    1.40597E+00   -9.37655E-02   -5.93354E-01    2.58895E-01    1.84168E-01    1.66735E-01    1.14996E-01
     4.72507E-01    2.12521E+00    1.40240E+00   -8.61145E-02   -5.91849E-01    2.56043E-01    1.82938E-01    1.64047E-01    1.15469E-01
     4.77007E-01    2.10191E+00    1.39861E+00   -7.85337E-02   -5.90264E-01    2.53201E-01    1.81685E-01    1.61390E-01    1.15915E-01
     4.81507E-01    2.07873E+00    1.39460E+00   -7.10235E-02   -5.88603E-01    2.50370E-01    1.80407E-01    1.58763E-01    1.16334E-01
     4.86007E-01    2.05568E+00    1.39038E+00   -6.35844E-02   -5.86867E-01    2.47550E-01    1.79108E-01    1.56168E-01    1.16727E-01
     4.90507E-01    2.03277E+00    1.38596E+00   -5.62168E-02   -5.85058E-01    2.44742E-01    1.77787E-01    1.53605E-01    1.17092E-01
     4.95007E-01    2.01000E+00    1.38133E+00   -4.89210E-02   -5.83180E-01    2.41946E-01    1.76446E-01    1.51072E-01    1.17432E-01
     4.99507E-01    1.98736E+00    1.37650E+00   -4.16973E-02   -5.81233E-01    2.39163E-01    1.75085E-01    1.48571E-01    1.17745E-01
     5.04007E-01    1.96487E+00    1.37149E+00   -3.45461E-02   -5.79221E-01    2.36392E-01    1.73707E-01    1.46102E-01    1.18033E-01
     5.08507E-01    1.94252E+00    1.36629E+00   -2.74675E-02   -5.77145E-01    2.33636E-01    1.72312E-01    1.43664E-01    1.18295E-01
     5.13007E-01    1.92032E+00    1.36091E+00   -2.04616E-02   -5.75007E-01    2.30893E-01    1.70901E-01    1.41257E-01    1.18532E-01
     5.17507E-01    1.89826E+00    1.35535E+00   -1.35286E-02   -5.72810E-01    2.28165E-01    1.69474E-01    1.38882E-01    1.18744E-01
     5.22007E-01    1.87636E+00    1.34963E+00   -6.66868E-03   -5.70555E-01    2.25451E-01    1.68034E-01    1.36538E-01    1.18932E-01
     5.26507E-01    1.85461E+00    1.34374E+00    1.18238E-04   -5.68244E-01    2.22752E-01    1.66581E-01    1.34226E-01    1.19096E-01
     5.31007E-01    1.83302E+00    1.33769E+00    6.83210E-03   -5.65880E-01    2.20069E-01    1.65115E-01    1.31945E-01    1.19236E-01
     5.35507E-01    1.81159E+00    1.33148E+00    1.34729E-02   -5.63464E-01    2.17402E-01    1.63639E-01    1.29696E-01    1.19352E-01
     5.40007E-01    1.79031E+00    1.32513E+00    2.00408E-02   -5.60999E-01    2.14750E-01    1.62152E-01    1.27477E-01    1.19446E-01
     5.44507E-01    1.76919E+00    1.31863E+00    2.65357E-02   -5.58485E-01    2.12115E-01    1.60655E-01    1.25290E-01    1.19516E-01
     5.49007E-01    1.74824E+00    1.31199E+00    3.29579E-02   -5.55925E-01    2.09497E-01    1.59150E-01    1.23134E-01    1.19565E-01
     5.53507E-01    1.72745E+00    1.30522E+00    3.93075E-02   -5.53321E-01    2.06896E-01    1.57637E-01    1.21008E-01    1.19591E-01
     5.58007E-01    1.70682E+00    1.29832E+00    4.55847E-02   -5.50675E-01    2.04312E-01    1.56118E-01    1.18914E-01    1.19596E-01
     5.62507E-01    1.68636E+00    1.29129E+00    5.17896E-02   -5.47987E-01    2.01746E-01    1.54592E-01    1.16849E-01    1.19579E-01
     5.67007E-01    1.66607E+00    1.28414E+00    5.79225E-02   -5.45261E-01    1.99198E-01    1.53061E-01    1.14816E-01    1.19542E-01
     5.71507E-01    1.64595E+00    1.27687E+00    6.39837E-02   -5.42496E-01    1.96668E-01    1.51525E-01    1.12812E-01    1.19485E-01
     5.76007E-01    1.62599E+00    1.26950E+00    6.99735E-02   -5.39696E-01    1.94156E-01    1.49985E-01    1.10839E-01    1.19407E-01
     5.80507E-01    1.60620E+00    1.26201E+00    7.58921E-02   -5.36862E-01    1.91662E-01    1.48442E-01    1.08895E-01    1.19310E-01
     5.85007E-01    1.58659E+00    1.25443E+00    8.17398E-02   -5.33995E-01    1.89188E-01    1.46897E-01    1.06981E-01    1.19194E-01
     5.89507E-01    1.56715E+00    1.24675E+00    8.75171E-02   -5.31097E-01    1.86732E-01    1.45350E-01    1.05097E-01    1.19058E-01
     5.94007E-01    1.54788E+00    1.23897E+00    9.32242E-02   -5.28169E-01    1.84296E-01    1.43802E-01    1.03241E-01    1.18905E-01
     5.98507E-01    1.52878E+00    1.23110E+00    9.88616E-02   -5.25213E-01    1.81879E-01    1.42253E-01    1.01415E-01    1.18733E-01
     6.03007E-01    1.50985E+00    1.22315E+00    1.04430E-01   -5.22230E-01    1.79482E-01    1.40704E-01    9.96174E-02    1.18544E-01
     6.07507E-01    1.49110E+00    1.21512E+00    1.09929E-01   -5.19222E-01    1.77104E-01    1.39157E-01    9.78483E-02    1.18337E-01
     6.12007E-01    1.47252E+00    1.20701E+00    1.15359E-01   -5.16189E-01    1.74746E-01    1.37610E-01    9.61075E-02    1.18114E-01
     6.16507E-01    1.45412E+00    1.19882E+00    1.20722E-01   -5.13134E-01    1.72409E-01    1.36065E-01    9.43947E-02    1.17875E-01
     6.21007E-01    1.43589E+00    1.19057E+00    1.26017E-01   -5.10057E-01    1.70091E-01    1.34523E-01    9.27096E-02    1.17619E-01
     6.25507E-01    1.41784E+00    1.18225E+00    1.31245E-01   -5.06961E-01    1.67794E-01    1.32984E-01    9.10520E-02    1.17348E-01
     6.30006E-01    1.39996E+00    1.17387E+00    1.36406E-01   -5.03845E-01    1.65517E-01    1.31448E-01    8.94216E-02    1.17061E-01
     6.34506E-01    1.38226E+00    1.16544E+00    1.41501E-01   -5.00712E-01    1.63260E-01    1.29916E-01    8.78181E-02    1.16760E-01
     6.39006E-01    1.36473E+00    1.15695E+00    1.46531E-01   -4.97562E-01    1.61024E-01    1.28389E-01    8.62412E-02    1.16445E-01
     6.43506E-01    1.34737E+00    1.14841E+00    1.51495E-01   -4.94397E-01    1.58809E-01    1.26866E-01    8.46908E-02    1.16115E-01
     6.48006E-01    1.33019E+00    1.13982E+00    1.56395E-01   -4.91217E-01    1.56614E-01    1.25349E-01    8.31663E-02    1.15772E-01
     6.52506E-01    1.31318E+00    1.13119E+00    1.61230E-01   -4.88024E-01    1.54441E-01    1.23838E-01    8.16677E-02    1.15415E-01
     6.57006E-01    1.29635E+00    1.12252E+00    1.66002E-01   -4.84820E-01    1.52288E-01    1.22332E-01    8.01946E-02    1.15046E-01
     6.61506E-01    1.27969E+00    1.11381E+00    1.70711E-01   -4.81604E-01    1.50156E-01    1.20834E-01    7.87467E-02    1.14664E-01
     6.66006E-01    1.26321E+00    1.10507E+00    1.75358E-01   -4.78378E-01    1.48045E-01    1.19342E-01    7.73236E-02    1.14270E-01
     6.70506E-01    1.24689E+00    1.09630E+00    1.79942E-01   -4.75143E-01    1.45955E-01    1.17857E-01    7.59252E-02    1.13865E-01
     6.75006E-01    1.23075E+00    1.08750E+00    1.84465E-01   -4.71900E-01    1.43887E-01    1.16380E-01    7.45511E-02    1.13448E-01
     6.79506E-01    1.21479E+00    1.07867E+00    1.88928E-01   -4.68650E-01    1.41839E-01    1.14911E-01    7.32010E-02    1.13020E-01
     6.84006E-01    1.19899E+00    1.06983E+00    1.93330E-01   -4.65394E-01    1.39812E-01    1.13450E-01    7.18745E-02    1.12581E-01
     6.88506E-01    1.18337E+00    1.06097E+00    1.97672E-01   -4.62132E-01    1.37807E-01    1.11998E-01    7.05715E-02    1.12133E-01
     6.93006E-01    1.16791E+00    1.05209E+00    2.01956E-01   -4.58865E-01    1.35822E-01    1.10554E-01    6.92915E-02    1.11674E-01
     6.97506E-01    1.15262E+00    1.04320E+00    2.06181E-01   -4.55595E-01    1.33859E-01    1.09120E-01    6.80343E-02    1.11206E-01
     7.02006E-01    1.13751E+00    1.03430E+00    2.10348E-01   -4.52323E-01    1.31916E-01    1.07695E-01    6.67996E-02    1.10728E-01
     7.06506E-01    1.12256E+00    1.02539E+00    2.14457E-01   -4.49048E-01    1.29995E-01    1.06280E-01    6.55870E-02    1.10242E-01
     7.11006E-01    1.10778E+00    1.01648E+00    2.18510E-01   -4.45771E-01    1.28094E-01    1.04874E-01    6.43964E-02    1.09747E-01
     7.15506E-01    1.09316E+00    1.00757E+00    2.22506E-01   -4.42494E-01    1.26215E-01    1.03479E-01    6.32272E-02    1.09244E-01
     7.20006E-01    1.07871E+00    9.98651E-01    2.26447E-01   -4.39217E-01    1.24356E-01    1.02094E-01    6.20794E-02    1.08732E-01
     7.24506E-01    1.06443E+00    9.89740E-01    2.30333E-01   -4.35941E-01    1.22519E-01    1.00719E-01    6.09524E-02    1.08214E-01
     7.29006E-01    1.05031E+00    9.80833E-01    2.34165E-01   -4.32667E-01    1.20702E-01    9.93551E-02    5.98462E-02    1.07688E-01
     7.33506E-01    1.03635E+00    9.71934E-01    2.37942E-01   -4.29395E-01    1.18906E-01    9.80020E-02    5.87603E-02    1.07155E-01
     7.38006E-01    1.02256E+00    9.63044E-01    2.41667E-01   -4.26125E-01    1.17130E-01    9.66599E-02    5.76944E-02    1.06615E-01
     7.42506E-01    1.00893E+00    9.54166E-01    2.45338E-01   -4.22859E-01    1.15376E-01    9.53289E-02    5.66483E-02    1.06069E-01
     7.47006E-01    9.95453E-01    9.45301E-01    2.48958E-01   -4.19597E-01    1.13642E-01    9.40093E-02    5.56216E-02    1.05517E-01
     7.51506E-01    9.82139E-01    9.36452E-01    2.52525E-01   -4.16339E-01    1.11928E-01    9.27010E-02    5.46141E-02    1.04960E-01
     7.56006E-01    9.68984E-01    9.27621E-01    2.56042E-01   -4.13086E-01    1.10235E-01    9.14044E-02    5.36254E-02    1.04396E-01
     7.60506E-01    9.55986E-01    9.18809E-01    2.59509E-01   -4.09840E-01    1.08562E-01    9.01194E-02    5.26554E-02    1.03828E-01
     7.65006E-01    9.43144E-01    9.10018E-01    2.62925E-01   -4.06599E-01    1.06909E-01    8.88462E-02    5.17036E-02    1.03255E-01
     7.69506E-01    9.30456E-01    9.01250E-01    2.66293E-01   -4.03365E-01    1.05276E-01    8.75849E-02    5.07698E-02    1.02676E-01
     7.74006E-01    9.17923E-01    8.92508E-01    2.69611E-01   -4.00138E-01    1.03664E-01    8.63355E-02    4.98537E-02    1.02094E-01
     7.78506E-01    9.05543E-01    8.83791E-01    2.72882E-01   -3.96919E-01    1.02071E-01    8.50981E-02    4.89550E-02    1.01507E-01
     7.83006E-01    8.93314E-01    8.75103E-01    2.76105E-01   -3.93708E-01    1.00498E-01    8.38729E-02    4.80735E-02    1.00917E-01
     7.87506E-01    8.81236E-01    8.66444E-01    2.79281E-01   -3.90506E-01    9.89450E-02    8.26598E-02    4.72088E-02    1.00322E-01
     7.92006E-01    8.69307E-01    8.57816E-01    2.82410E-01   -3.87312E-01    9.74114E-02    8.14589E-02    4.63608E-02    9.97248E-02
     7.96506E-01    8.57526E-01    8.49221E-01    2.85494E-01   -3.84128E-01    9.58973E-02    8.02703E-02    4.55290E-02    9.91239E-02
     8.01006E-01    8.45892E-01    8.40660E-01    2.88532E-01   -3.80954E-01    9.44025E-02    7.90941E-02    4.47133E-02    9.85202E-02
     8.05506E-01    8.34404E-01    8.32134E-01    2.91526E-01   -3.77790E-01    9.29269E-02    7.79301E-02    4.39134E-02    9.79136E-02
     8.10005E-01    8.23061E-01    8.23645E-01    2.94475E-01   -3.74636E-01    9.14705E-02    7.67785E-02    4.31290E-02    9.73046E-02
     8.14505E-01    8.11861E-01    8.15193E-01    2.97381E-01   -3.71493E-01    9.00329E-02    7.56393E-02    4.23599E-02    9.66933E-02
     8.19005E-01    8.00803E-01    8.06781E-01    3.00243E-01   -3.68362E-01    8.86143E-02    7.45125E-02    4.16057E-02    9.60799E-02
     8.23505E-01    7.89886E-01    7.98408E-01    3.03063E-01   -3.65241E-01    8.72143E-02    7.33981E-02    4.08663E-02    9.54646E-02
     8.28005E-01    7.79108E-01    7.90077E-01    3.05840E-01   -3.62133E-01    8.58328E-02    7.22962E-02    4.01414E-02    9.48477E-02
     8.32505E-01    7.68469E-01    7.81789E-01    3.08576E-01   -3.59037E-01    8.44698E-02    7.12066E-02    3.94307E-02    9.42293E-02
     8.37005E-01    7.57967E-01    7.73544E-01    3.11271E-01   -3.55953E-01    8.31250E-02    7.01294E-02    3.87339E-02    9.36096E-02
     8.41505E-01    7.47601E-01    7.65343E-01    3.13926E-01   -3.52882E-01    8.17984E-02    6.90645E-02    3.80509E-02    9.29888E-02
     8.46005E-01    7.37370E-01    7.57187E-01    3.16540E-01   -3.49824E-01    8.04898E-02    6.80121E-02    3.73815E-02    9.23670E-02
     8.50505E-01    7.27271E-01    7.49078E-01    3.19115E-01   -3.46780E-01    7.91989E-02    6.69719E-02    3.67252E-02    9.17445E-02
     8.55005E-01    7.17306E-01    7.41015E-01    3.21651E-01   -3.43748E-01    7.79258E-02    6.59441E-02    3.60820E-02    9.11215E-02
     8.59505E-01    7.07470E-01    7.33001E-01    3.24149E-01   -3.40730E-01    7.66702E-02    6.49285E-02    3.54516E-02    9.04980E-02
     8.64005E-01    6.97765E-01    7.25035E-01    3.26608E-01   -3.37727E-01    7.54320E-02    6.39252E-02    3.48337E-02    8.98743E-02
     8.68505E-01    6.88187E-01    7.17118E-01    3.29030E-01   -3.34737E-01    7.42110E-02    6.29340E-02    3.42282E-02    8.92505E-02
     8.73005E-01    6.78737E-01    7.09251E-01    3.31415E-01   -3.31762E-01    7.30071E-02    6.19550E-02    3.36348E-02    8.86268E-02
     8.77505E-01    6.69412E-01    7.01435E-01    3.33764E-01   -3.28801E-01    7.18201E-02    6.09881E-02    3.30533E-02    8.80034E-02
     8.82005E-01    6.60212E-01    6.93671E-01    3.36076E-01   -3.25854E-01    7.06498E-02    6.00332E-02    3.24834E-02    8.73802E-02
     8.86505E-01    6.51135E-01    6.85958E-01    3.38353E-01   -3.22923E-01    6.94962E-02    5.90903E-02    3.19250E-02    8.67576E-02
     8.91005E-01    6.42180E-01    6.78297E-01    3.40595E-01   -3.20006E-01    6.83590E-02    5.81593E-02    3.13778E-02    8.61356E-02
     8.95505E-01    6.33345E-01    6.70690E-01    3.42802E-01   -3.17105E-01    6.72381E-02    5.72402E-02    3.08417E-02    8.55145E-02
     9.00005E-01    6.24630E-01    6.63135E-01    3.44975E-01   -3.14219E-01    6.61333E-02    5.63329E-02    3.03164E-02    8.48942E-02
     9.04505E-01    6.16033E-01    6.55635E-01    3.47115E-01   -3.11349E-01    6.50444E-02    5.54372E-02    2.98018E-02    8.42749E-02
     9.09005E-01    6.07553E-01    6.48189E-01    3.49221E-01   -3.08493E-01    6.39714E-02    5.45533E-02    2.92975E-02    8.36569E-02
     9.13505E-01    5.99188E-01    6.40798E-01    3.51294E-01   -3.05654E-01    6.29140E-02    5.36809E-02    2.88036E-02    8.30400E-02
     9.18005E-01    5.90938E-01    6.33461E-01    3.53335E-01   -3.02830E-01    6.18720E-02    5.28200E-02    2.83196E-02    8.24246E-02
     9.22505E-01    5.82800E-01    6.26180E-01    3.55345E-01   -3.00023E-01    6.08454E-02    5.19705E-02    2.78455E-02    8.18107E-02
     9.27005E-01    5.74775E-01    6.18955E-01    3.57322E-01   -2.97231E-01    5.98340E-02    5.11324E-02    2.73811E-02    8.11984E-02
     9.31505E-01    5.66860E-01    6.11785E-01    3.59269E-01   -2.94455E-01    5.88375E-02    5.03055E-02    2.69261E-02    8.05878E-02
     9.36005E-01    5.59054E-01    6.04672E-01    3.61185E-01   -2.91696E-01    5.78558E-02    4.94898E-02    2.64805E-02    7.99790E-02
     9.40505E-01    5.51356E-01    5.97615E-01    3.63071E-01   -2.88952E-01    5.68888E-02    4.86852E-02    2.60440E-02    7.93721E-02
     9.45005E-01    5.43766E-01    5.90614E-01    3.64927E-01   -2.86225E-01    5.59363E-02    4.78916E-02    2.56164E-02    7.87672E-02
     9.49505E-01    5.36281E-01    5.83671E-01    3.66754E-01   -2.83514E-01    5.49981E-02    4.71089E-02    2.51976E-02    7.81644E-02
     9.54005E-01    5.28900E-01    5.76784E-01    3.68552E-01   -2.80820E-01    5.40741E-02    4.63370E-02    2.47874E-02    7.75637E-02
     9.58505E-01    5.21623E-01    5.69954E-01    3.70322E-01   -2.78142E-01    5.31642E-02    4.55758E-02    2.43856E-02    7.69653E-02
     9.63005E-01    5.14448E-01    5.63181E-01    3.72063E-01   -2.75480E-01    5.22680E-02    4.48253E-02    2.39921E-02    7.63693E-02
     9.67505E-01    5.07373E-01    5.56466E-01    3.73777E-01   -2.72835E-01    5.13856E-02    4.40853E-02    2.36068E-02    7.57757E-02
     9.72005E-01    5.00398E-01    5.49808E-01    3.75464E-01   -2.70207E-01    5.05167E-02    4.33558E-02    2.32293E-02    7.51846E-02
     9.76505E-01    4.93522E-01    5.43207E-01    3.77123E-01   -2.67595E-01    4.96611E-02    4.26365E-02    2.28597E-02    7.45960E-02
     9.81005E-01    4.86743E-01    5.36663E-01    3.78756E-01   -2.65000E-01    4.88188E-02    4.19276E-02    2.24977E-02    7.40101E-02
     9.85505E-01    4.80060E-01    5.30177E-01    3.80363E-01   -2.62421E-01    4.79895E-02    4.12287E-02    2.21432E-02    7.34269E-02
     9.90004E-01    4.73472E-01    5.23748E-01    3.81944E-01   -2.59859E-01    4.71731E-02    4.05399E-02    2.17961E-02    7.28464E-02
     9.94504E-01    4.66978E-01    5.17376E-01    3.83500E-01   -2.57314E-01    4.63694E-02    3.98611E-02    2.14562E-02    7.22688E-02
     9.99004E-01    4.60577E-01    5.11061E-01    3.85030E-01   -2.54785E-01    4.55783E-02    3.91921E-02    2.11233E-02    7.16941E-02
     1.00350E+00    4.54267E-01    5.04804E-01    3.86536E-01   -2.52273E-01    4.47997E-02    3.85329E-02    2.07973E-02    7.11223E-02
     1.00800E+00    4.48048E-01    4.98603E-01    3.88018E-01   -2.49777E-01    4.40333E-02    3.78833E-02    2.04781E-02    7.05534E-02
     1.01250E+00    4.41918E-01    4.92459E-01    3.89475E-01   -2.47298E-01    4.32790E-02    3.72432E-02    2.01656E-02    6.99877E-02
     1.01700E+00    4.35876E-01    4.86373E-01    3.90909E-01   -2.44836E-01    4.25366E-02    3.66126E-02    1.98596E-02    6.94250E-02
     1.02150E+00    4.29921E-01    4.80342E-01    3.92320E-01   -2.42390E-01    4.18061E-02    3.59913E-02    1.95599E-02    6.88655E-02
     1.02600E+00    4.24053E-01    4.74369E-01    3.93708E-01   -2.39960E-01    4.10872E-02    3.53792E-02    1.92666E-02    6.83091E-02
     1.03050E+00    4.18269E-01    4.68451E-01    3.95073E-01   -2.37548E-01    4.03798E-02    3.47763E-02    1.89793E-02    6.77560E-02
     1.03500E+00    4.12570E-01    4.62590E-01    3.96416E-01   -2.35151E-01    3.96837E-02    3.41824E-02    1.86980E-02    6.72061E-02
     1.03950E+00    4.06953E-01    4.56785E-01    3.97737E-01   -2.32771E-01    3.89989E-02    3.35974E-02    1.84227E-02    6.66596E-02
     1.04400E+00    4.01418E-01    4.51035E-01    3.99037E-01   -2.30408E-01    3.83251E-02    3.30213E-02    1.81530E-02    6.61164E-02
     1.04850E+00    3.95964E-01    4.45342E-01    4.00315E-01   -2.28061E-01    3.76622E-02    3.24539E-02    1.78891E-02    6.55766E-02
     1.05300E+00    3.90589E-01    4.39703E-01    4.01572E-01   -2.25730E-01    3.70100E-02    3.18950E-02    1.76307E-02    6.50402E-02
     1.05750E+00    3.85294E-01    4.34119E-01    4.02809E-01   -2.23416E-01    3.63685E-02    3.13447E-02    1.73777E-02    6.45072E-02
     1.06200E+00    3.80076E-01    4.28591E-01    4.04025E-01   -2.21117E-01    3.57375E-02    3.08028E-02    1.71300E-02    6.39777E-02
     1.06650E+00    3.74934E-01    4.23117E-01    4.05222E-01   -2.18835E-01    3.51168E-02    3.02693E-02    1.68875E-02    6.34516E-02
     1.07100E+00    3.69869E-01    4.17697E-01    4.06398E-01   -2.16569E-01    3.45062E-02    2.97439E-02    1.66501E-02    6.29292E-02
     1.07550E+00    3.64878E-01    4.12331E-01    4.07555E-01   -2.14319E-01    3.39057E-02    2.92266E-02    1.64177E-02    6.24102E-02
     1.08000E+00    3.59961E-01    4.07019E-01    4.08693E-01   -2.12085E-01    3.33152E-02    2.87173E-02    1.61901E-02    6.18948E-02
     1.08450E+00    3.55117E-01    4.01761E-01    4.09812E-01   -2.09867E-01    3.27343E-02    2.82160E-02    1.59674E-02    6.13830E-02
     1.08900E+00    3.50345E-01    3.96556E-01    4.10913E-01   -2.07665E-01    3.21632E-02    2.77224E-02    1.57494E-02    6.08748E-02
     1.09350E+00    3.45643E-01    3.91403E-01    4.11995E-01   -2.05479E-01    3.16015E-02    2.72366E-02    1.55360E-02    6.03703E-02
     1.09800E+00    3.41012E-01    3.86303E-01    4.13059E-01   -2.03308E-01    3.10492E-02    2.67583E-02    1.53270E-02    5.98693E-02
     1.10250E+00    3.36450E-01    3.81256E-01    4.14106E-01   -2.01153E-01    3.05061E-02    2.62876E-02    1.51225E-02    5.93721E-02
     1.10700E+00    3.31956E-01    3.76260E-01    4.15135E-01   -1.99014E-01    2.99721E-02    2.58243E-02    1.49223E-02    5.88785E-02
     1.11150E+00    3.27529E-01    3.71316E-01    4.16146E-01   -1.96890E-01    2.94471E-02    2.53682E-02    1.47263E-02    5.83886E-02
     1.11600E+00    3.23169E-01    3.66423E-01    4.17141E-01   -1.94782E-01    2.89310E-02    2.49194E-02    1.45345E-02    5.79023E-02
     1.12050E+00    3.18874E-01    3.61580E-01    4.18119E-01   -1.92689E-01    2.84235E-02    2.44777E-02    1.43467E-02    5.74198E-02
     1.12500E+00    3.14644E-01    3.56789E-01    4.19081E-01   -1.90611E-01    2.79247E-02    2.40431E-02    1.41629E-02    5.69410E-02
     1.12950E+00    3.10477E-01    3.52047E-01    4.20027E-01   -1.88548E-01    2.74343E-02    2.36153E-02    1.39830E-02    5.64659E-02
     1.13400E+00    3.06374E-01    3.47356E-01    4.20956E-01   -1.86501E-01    2.69522E-02    2.31944E-02    1.38068E-02    5.59945E-02
     1.13850E+00    3.02333E-01    3.42713E-01    4.21870E-01   -1.84468E-01    2.64784E-02    2.27802E-02    1.36345E-02    5.55269E-02
     1.14300E+00    2.98352E-01    3.38120E-01    4.22769E-01   -1.82451E-01    2.60127E-02    2.23727E-02    1.34657E-02    5.50630E-02
     1.14750E+00    2.94433E-01    3.33576E-01    4.23652E-01   -1.80448E-01    2.55549E-02    2.19717E-02    1.33006E-02    5.46028E-02
     1.15200E+00    2.90573E-01    3.29079E-01    4.24521E-01   -1.78460E-01    2.51050E-02    2.15772E-02    1.31390E-02    5.41464E-02
     1.15650E+00    2.86772E-01    3.24631E-01    4.25374E-01   -1.76487E-01    2.46629E-02    2.11890E-02    1.29807E-02    5.36937E-02
     1.16100E+00    2.83029E-01    3.20230E-01    4.26213E-01   -1.74529E-01    2.42284E-02    2.08072E-02    1.28259E-02    5.32448E-02
     1.16550E+00    2.79343E-01    3.15877E-01    4.27038E-01   -1.72584E-01    2.38014E-02    2.04315E-02    1.26743E-02    5.27996E-02
     1.17000E+00    2.75713E-01    3.11570E-01    4.27849E-01   -1.70655E-01    2.33818E-02    2.00619E-02    1.25260E-02    5.23581E-02
     1.17450E+00    2.72140E-01    3.07310E-01    4.28646E-01   -1.68739E-01    2.29695E-02    1.96984E-02    1.23808E-02    5.19204E-02
     1.17900E+00    2.68621E-01    3.03095E-01    4.29429E-01   -1.66838E-01    2.25643E-02    1.93407E-02    1.22387E-02    5.14864E-02
     1.18350E+00    2.65157E-01    2.98926E-01    4.30199E-01   -1.64951E-01    2.21663E-02    1.89889E-02    1.20996E-02    5.10562E-02
     1.18800E+00    2.61746E-01    2.94803E-01    4.30955E-01   -1.63078E-01    2.17752E-02    1.86429E-02    1.19635E-02    5.06296E-02
     1.19250E+00    2.58388E-01    2.90724E-01    4.31699E-01   -1.61219E-01    2.13910E-02    1.83025E-02    1.18303E-02    5.02068E-02
     1.19700E+00    2.55082E-01    2.86689E-01    4.32430E-01   -1.59374E-01    2.10135E-02    1.79678E-02    1.16999E-02    4.97878E-02
     1.20150E+00    2.51827E-01    2.82699E-01    4.33148E-01   -1.57542E-01    2.06427E-02    1.76385E-02    1.15723E-02    4.93724E-02
     1.20600E+00    2.48623E-01    2.78752E-01    4.33854E-01   -1.55725E-01    2.02784E-02    1.73146E-02    1.14474E-02    4.89608E-02
     1.21050E+00    2.45469E-01    2.74848E-01    4.34547E-01   -1.53920E-01    1.99206E-02    1.69961E-02    1.13252E-02    4.85528E-02
     1.21500E+00    2.42364E-01    2.70987E-01    4.35229E-01   -1.52130E-01    1.95691E-02    1.66829E-02    1.12056E-02    4.81486E-02
     1.21950E+00    2.39308E-01    2.67168E-01    4.35899E-01   -1.50352E-01    1.92239E-02    1.63748E-02    1.10886E-02    4.77480E-02
     1.22400E+00    2.36299E-01    2.63392E-01    4.36557E-01   -1.48588E-01    1.88848E-02    1.60719E-02    1.09740E-02    4.73511E-02
     1.22850E+00    2.33339E-01    2.59657E-01    4.37203E-01   -1.46837E-01    1.85518E-02    1.57739E-02    1.08619E-02    4.69579E-02
     1.23300E+00    2.30424E-01    2.55963E-01    4.37838E-01   -1.45099E-01    1.82247E-02    1.54810E-02    1.07522E-02    4.65684E-02
     1.23750E+00    2.27556E-01    2.52310E-01    4.38463E-01   -1.43374E-01    1.79035E-02    1.51928E-02    1.06449E-02    4.61824E-02
     1.24200E+00    2.24733E-01    2.48697E-01    4.39076E-01   -1.41662E-01    1.75881E-02    1.49095E-02    1.05398E-02    4.58002E-02
     1.24650E+00    2.21955E-01    2.45124E-01    4.39678E-01   -1.39962E-01    1.72784E-02    1.46309E-02    1.04370E-02    4.54215E-02
     1.25100E+00    2.19221E-01    2.41590E-01    4.40270E-01   -1.38275E-01    1.69743E-02    1.43570E-02    1.03364E-02    4.50465E-02
     1.25550E+00    2.16531E-01    2.38096E-01    4.40851E-01   -1.36601E-01    1.66757E-02    1.40877E-02    1.02380E-02    4.46751E-02
     1.26000E+00    2.13884E-01    2.34640E-01    4.41422E-01   -1.34939E-01    1.63825E-02    1.38228E-02    1.01417E-02    4.43072E-02
     1.26450E+00    2.11279E-01    2.31223E-01    4.41983E-01   -1.33290E-01    1.60946E-02    1.35624E-02    1.00474E-02    4.39430E-02
     1.26900E+00    2.08715E-01    2.27844E-01    4.42534E-01   -1.31653E-01    1.58120E-02    1.33063E-02    9.95518E-03    4.35823E-02
     1.27350E+00    2.06194E-01    2.24502E-01    4.43076E-01   -1.30028E-01    1.55346E-02    1.30546E-02    9.86494E-03    4.32252E-02
     1.27800E+00    2.03712E-01    2.21197E-01    4.43607E-01   -1.28415E-01    1.52623E-02    1.28070E-02    9.77664E-03    4.28716E-02
     1.28250E+00    2.01271E-01    2.17929E-01    4.44129E-01   -1.26814E-01    1.49950E-02    1.25637E-02    9.69023E-03    4.25216E-02
     1.28700E+00    1.98870E-01    2.14698E-01    4.44642E-01   -1.25225E-01    1.47326E-02    1.23244E-02    9.60570E-03    4.21751E-02
     1.29150E+00    1.96507E-01    2.11502E-01    4.45145E-01   -1.23648E-01    1.44750E-02    1.20892E-02    9.52298E-03    4.18320E-02
     1.29600E+00    1.94183E-01    2.08342E-01    4.45640E-01   -1.22082E-01    1.42222E-02    1.18579E-02    9.44205E-03    4.14925E-02
     1.30050E+00    1.91897E-01    2.05217E-01    4.46125E-01   -1.20528E-01    1.39741E-02    1.16305E-02    9.36287E-03    4.11565E-02
     1.30500E+00    1.89649E-01    2.02127E-01    4.46602E-01   -1.18985E-01    1.37307E-02    1.14069E-02    9.28541E-03    4.08239E-02
     1.30950E+00    1.87437E-01    1.99071E-01    4.47070E-01   -1.17454E-01    1.34917E-02    1.11871E-02    9.20962E-03    4.04948E-02
     1.31400E+00    1.85262E-01    1.96049E-01    4.47530E-01   -1.15934E-01    1.32573E-02    1.09711E-02    9.13547E-03    4.01691E-02
     1.31850E+00    1.83123E-01    1.93060E-01    4.47981E-01   -1.14425E-01    1.30272E-02    1.07587E-02    9.06293E-03    3.98468E-02
     1.32300E+00    1.81020E-01    1.90105E-01    4.48424E-01   -1.12927E-01    1.28015E-02    1.05498E-02    8.99197E-03    3.95279E-02
     1.32750E+00    1.78951E-01    1.87183E-01    4.48858E-01   -1.11441E-01    1.25801E-02    1.03445E-02    8.92254E-03    3.92125E-02
     1.33200E+00    1.76917E-01    1.84293E-01    4.49285E-01   -1.09965E-01    1.23628E-02    1.01427E-02    8.85463E-03    3.89004E-02
     1.33650E+00    1.74917E-01    1.81435E-01    4.49704E-01   -1.08500E-01    1.21497E-02    9.94427E-03    8.78820E-03    3.85916E-02
     1.34100E+00    1.72951E-01    1.78609E-01    4.50115E-01   -1.07045E-01    1.19406E-02    9.74921E-03    8.72322E-03    3.82863E-02
     1.34550E+00    1.71018E-01    1.75814E-01    4.50519E-01   -1.05602E-01    1.17355E-02    9.55745E-03    8.65966E-03    3.79842E-02
     1.35000E+00    1.69117E-01    1.73050E-01    4.50915E-01   -1.04168E-01    1.15344E-02    9.36893E-03    8.59748E-03    3.76855E-02
     1.35450E+00    1.67249E-01    1.70317E-01    4.51304E-01   -1.02745E-01    1.13371E-02    9.18360E-03    8.53667E-03    3.73901E-02
     1.35900E+00    1.65413E-01    1.67613E-01    4.51685E-01   -1.01333E-01    1.11436E-02    9.00140E-03    8.47719E-03    3.70980E-02
     1.36350E+00    1.63608E-01    1.64940E-01    4.52059E-01   -9.99304E-02    1.09538E-02    8.82229E-03    8.41902E-03    3.68092E-02
     1.36800E+00    1.61834E-01    1.62296E-01    4.52426E-01   -9.85382E-02    1.07678E-02    8.64621E-03    8.36213E-03    3.65236E-02
     1.37250E+00    1.60091E-01    1.59681E-01    4.52786E-01   -9.71560E-02    1.05853E-02    8.47310E-03    8.30649E-03    3.62413E-02
     1.37700E+00    1.58378E-01    1.57095E-01    4.53140E-01   -9.57837E-02    1.04064E-02    8.30292E-03    8.25208E-03    3.59622E-02
     1.38150E+00    1.56695E-01    1.54538E-01    4.53486E-01   -9.44213E-02    1.02311E-02    8.13561E-03    8.19888E-03    3.56863E-02
     1.38600E+00    1.55041E-01    1.52008E-01    4.53826E-01   -9.30687E-02    1.00592E-02    7.97113E-03    8.14685E-03    3.54137E-02
     1.39050E+00    1.53417E-01    1.49507E-01    4.54160E-01   -9.17257E-02    9.89062E-03    7.80942E-03    8.09597E-03    3.51442E-02
     1.39500E+00    1.51820E-01    1.47032E-01    4.54487E-01   -9.03923E-02    9.72543E-03    7.65045E-03    8.04623E-03    3.48780E-02
     1.39950E+00    1.50252E-01    1.44585E-01    4.54808E-01   -8.90684E-02    9.56353E-03    7.49415E-03    7.99759E-03    3.46149E-02
     1.40400E+00    1.48713E-01    1.42164E-01    4.55122E-01   -8.77539E-02    9.40486E-03    7.34048E-03    7.95005E-03    3.43549E-02
     1.40850E+00    1.47200E-01    1.39769E-01    4.55430E-01   -8.64487E-02    9.24936E-03    7.18941E-03    7.90356E-03    3.40981E-02
     1.41300E+00    1.45715E-01    1.37401E-01    4.55733E-01   -8.51527E-02    9.09700E-03    7.04087E-03    7.85812E-03    3.38444E-02
     1.41750E+00    1.44256E-01    1.35058E-01    4.56029E-01   -8.38658E-02    8.94772E-03    6.89482E-03    7.81370E-03    3.35938E-02
     1.42200E+00    1.42824E-01    1.32741E-01    4.56319E-01   -8.25880E-02    8.80146E-03    6.75123E-03    7.77028E-03    3.33464E-02
     1.42650E+00    1.41418E-01    1.30448E-01    4.56604E-01   -8.13191E-02    8.65819E-03    6.61005E-03    7.72785E-03    3.31020E-02
     1.43100E+00    1.40038E-01    1.28180E-01    4.56883E-01   -8.00592E-02    8.51785E-03    6.47123E-03    7.68637E-03    3.28607E-02
     1.43550E+00    1.38684E-01    1.25937E-01    4.57156E-01   -7.88080E-02    8.38040E-03    6.33472E-03    7.64584E-03    3.26224E-02
     1.44000E+00    1.37354E-01    1.23717E-01    4.57424E-01   -7.75655E-02    8.24579E-03    6.20050E-03    7.60623E-03    3.23872E-02
     1.44450E+00    1.36050E-01    1.21521E-01    4.57686E-01   -7.63317E-02    8.11397E-03    6.06852E-03    7.56753E-03    3.21551E-02
     1.44900E+00    1.34770E-01    1.19349E-01    4.57944E-01   -7.51063E-02    7.98490E-03    5.93873E-03    7.52972E-03    3.19259E-02
     1.45350E+00    1.33514E-01    1.17200E-01    4.58195E-01   -7.38895E-02    7.85854E-03    5.81110E-03    7.49278E-03    3.16998E-02
     1.45800E+00    1.32282E-01    1.15073E-01    4.58442E-01   -7.26810E-02    7.73485E-03    5.68558E-03    7.45669E-03    3.14767E-02
     1.46250E+00    1.31073E-01    1.12969E-01    4.58683E-01   -7.14808E-02    7.61377E-03    5.56214E-03    7.42144E-03    3.12566E-02
     1.46700E+00    1.29888E-01    1.10887E-01    4.58920E-01   -7.02888E-02    7.49528E-03    5.44074E-03    7.38701E-03    3.10395E-02
     1.47150E+00    1.28726E-01    1.08827E-01    4.59151E-01   -6.91049E-02    7.37932E-03    5.32134E-03    7.35338E-03    3.08253E-02
     1.47600E+00    1.27586E-01    1.06788E-01    4.59378E-01   -6.79291E-02    7.26587E-03    5.20391E-03    7.32055E-03    3.06141E-02
     1.48050E+00    1.26469E-01    1.04770E-01    4.59600E-01   -6.67613E-02    7.15487E-03    5.08839E-03    7.28848E-03    3.04058E-02
     1.48500E+00    1.25375E-01    1.02774E-01    4.59816E-01   -6.56014E-02    7.04630E-03    4.97477E-03    7.25718E-03    3.02005E-02
     1.48950E+00    1.24302E-01    1.00798E-01    4.60029E-01   -6.44492E-02    6.94011E-03    4.86301E-03    7.22662E-03    2.99981E-02
     1.49400E+00    1.23250E-01    9.88425E-02    4.60236E-01   -6.33048E-02    6.83627E-03    4.75306E-03    7.19680E-03    2.97987E-02
     1.49850E+00    1.22220E-01    9.69071E-02    4.60440E-01   -6.21681E-02    6.73474E-03    4.64489E-03    7.16769E-03    2.96021E-02
     1.50300E+00    1.21211E-01    9.49914E-02    4.60638E-01   -6.10390E-02    6.63549E-03    4.53847E-03    7.13928E-03    2.94085E-02
     1.50750E+00    1.20223E-01    9.30952E-02    4.60832E-01   -5.99173E-02    6.53847E-03    4.43377E-03    7.11156E-03    2.92177E-02
     1.51200E+00    1.19256E-01    9.12183E-02    4.61022E-01   -5.88031E-02    6.44366E-03    4.33075E-03    7.08453E-03    2.90298E-02
     1.51650E+00    1.18309E-01    8.93603E-02    4.61208E-01   -5.76963E-02    6.35103E-03    4.22937E-03    7.05815E-03    2.88448E-02
     1.52100E+00    1.17382E-01    8.75209E-02    4.61389E-01   -5.65968E-02    6.26053E-03    4.12962E-03    7.03243E-03    2.86627E-02
     1.52550E+00    1.16475E-01    8.56999E-02    4.61567E-01   -5.55044E-02    6.17213E-03    4.03144E-03    7.00735E-03    2.84835E-02
     1.53000E+00    1.15588E-01    8.38971E-02    4.61740E-01   -5.44192E-02    6.08582E-03    3.93482E-03    6.98289E-03    2.83071E-02
     1.53450E+00    1.14720E-01    8.21121E-02    4.61909E-01   -5.33411E-02    6.00154E-03    3.83972E-03    6.95906E-03    2.81335E-02
     1.53900E+00    1.13871E-01    8.03447E-02    4.62074E-01   -5.22700E-02    5.91928E-03    3.74611E-03    6.93583E-03    2.79628E-02
     1.54350E+00    1.13041E-01    7.85946E-02    4.62235E-01   -5.12058E-02    5.83900E-03    3.65396E-03    6.91319E-03    2.77949E-02
     1.54800E+00    1.12230E-01    7.68616E-02    4.62392E-01   -5.01485E-02    5.76068E-03    3.56324E-03    6.89114E-03    2.76299E-02
     1.55250E+00    1.11438E-01    7.51453E-02    4.62545E-01   -4.90979E-02    5.68428E-03    3.47392E-03    6.86967E-03    2.74677E-02
     1.55700E+00    1.10664E-01    7.34457E-02    4.62695E-01   -4.80541E-02    5.60977E-03    3.38597E-03    6.84876E-03    2.73083E-02
     1.56150E+00    1.09908E-01    7.17623E-02    4.62841E-01   -4.70169E-02    5.53714E-03    3.29936E-03    6.82840E-03    2.71517E-02
     1.56600E+00    1.09169E-01    7.00949E-02    4.62983E-01   -4.59863E-02    5.46634E-03    3.21407E-03    6.80858E-03    2.69980E-02
     1.57050E+00    1.08449E-01    6.84434E-02    4.63122E-01   -4.49623E-02    5.39736E-03    3.13007E-03    6.78930E-03    2.68470E-02
     1.57500E+00    1.07746E-01    6.68074E-02    4.63257E-01   -4.39447E-02    5.33017E-03    3.04732E-03    6.77055E-03    2.66989E-02
     1.57950E+00    1.07061E-01    6.51867E-02    4.63388E-01   -4.29334E-02    5.26475E-03    2.96581E-03    6.75231E-03    2.65536E-02
     1.58400E+00    1.06392E-01    6.35811E-02    4.63516E-01   -4.19285E-02    5.20106E-03    2.88551E-03    6.73459E-03    2.64110E-02
     1.58850E+00    1.05741E-01    6.19903E-02    4.63641E-01   -4.09299E-02    5.13909E-03    2.80638E-03    6.71736E-03    2.62713E-02
     1.59300E+00    1.05107E-01    6.04141E-02    4.63762E-01   -3.99375E-02    5.07881E-03    2.72840E-03    6.70062E-03    2.61344E-02
     1.59750E+00    1.04489E-01    5.88522E-02    4.63880E-01   -3.89511E-02    5.02019E-03    2.65156E-03    6.68437E-03    2.60002E-02
     1.60200E+00    1.03887E-01    5.73045E-02    4.63994E-01   -3.79709E-02    4.96322E-03    2.57581E-03    6.66859E-03    2.58689E-02
     1.60650E+00    1.03302E-01    5.57706E-02    4.64105E-01   -3.69967E-02    4.90788E-03    2.50114E-03    6.65327E-03    2.57403E-02
     1.61100E+00    1.02733E-01    5.42504E-02    4.64213E-01   -3.60284E-02    4.85413E-03    2.42753E-03    6.63842E-03    2.56146E-02
     1.61550E+00    1.02180E-01    5.27437E-02    4.64318E-01   -3.50660E-02    4.80196E-03    2.35494E-03    6.62402E-03    2.54916E-02
     1.62000E+00    1.01642E-01    5.12501E-02    4.64420E-01   -3.41094E-02    4.75135E-03    2.28335E-03    6.61007E-03    2.53714E-02
     1.62450E+00    1.01121E-01    4.97696E-02    4.64519E-01   -3.31586E-02    4.70228E-03    2.21275E-03    6.59656E-03    2.52540E-02
     1.62900E+00    1.00614E-01    4.83018E-02    4.64614E-01   -3.22134E-02    4.65473E-03    2.14310E-03    6.58347E-03    2.51395E-02
     1.63350E+00    1.00123E-01    4.68466E-02    4.64707E-01   -3.12740E-02    4.60867E-03    2.07439E-03    6.57082E-03    2.50277E-02
     1.63800E+00    9.96475E-02    4.54037E-02    4.64796E-01   -3.03401E-02    4.56410E-03    2.00659E-03    6.55858E-03    2.49187E-02
     1.64250E+00    9.91868E-02    4.39729E-02    4.64883E-01   -2.94118E-02    4.52098E-03    1.93967E-03    6.54675E-03    2.48126E-02
     1.64700E+00    9.87409E-02    4.25540E-02    4.64967E-01   -2.84889E-02    4.47931E-03    1.87363E-03    6.53533E-03    2.47092E-02
     1.65150E+00    9.83097E-02    4.11469E-02    4.65048E-01   -2.75714E-02    4.43906E-03    1.80842E-03    6.52431E-03    2.46087E-02
     1.65600E+00    9.78932E-02    3.97512E-02    4.65126E-01   -2.66593E-02    4.40022E-03    1.74404E-03    6.51369E-03    2.45110E-02
     1.66050E+00    9.74911E-02    3.83668E-02    4.65201E-01   -2.57526E-02    4.36278E-03    1.68046E-03    6.50346E-03    2.44161E-02
     1.66500E+00    9.71034E-02    3.69935E-02    4.65273E-01   -2.48510E-02    4.32670E-03    1.61766E-03    6.49361E-03    2.43240E-02
     1.66950E+00    9.67299E-02    3.56311E-02    4.65343E-01   -2.39547E-02    4.29199E-03    1.55562E-03    6.48414E-03    2.42348E-02
     1.67400E+00    9.63705E-02    3.42794E-02    4.65410E-01   -2.30635E-02    4.25862E-03    1.49432E-03    6.47504E-03    2.41484E-02
     1.67850E+00    9.60250E-02    3.29382E-02    4.65474E-01   -2.21775E-02    4.22658E-03    1.43373E-03    6.46631E-03    2.40649E-02
     1.68300E+00    9.56934E-02    3.16072E-02    4.65536E-01   -2.12964E-02    4.19585E-03    1.37384E-03    6.45795E-03    2.39842E-02
     1.68750E+00    9.53755E-02    3.02864E-02    4.65595E-01   -2.04204E-02    4.16642E-03    1.31463E-03    6.44995E-03    2.39064E-02
     1.69200E+00    9.50712E-02    2.89754E-02    4.65651E-01   -1.95493E-02    4.13828E-03    1.25608E-03    6.44230E-03    2.38314E-02
     1.69650E+00    9.47804E-02    2.76742E-02    4.65705E-01   -1.86830E-02    4.11141E-03    1.19816E-03    6.43500E-03    2.37594E-02
     1.70100E+00    9.45030E-02    2.63825E-02    4.65756E-01   -1.78216E-02    4.08580E-03    1.14087E-03    6.42805E-03    2.36902E-02
     1.70550E+00    9.42389E-02    2.51001E-02    4.65805E-01   -1.69651E-02    4.06143E-03    1.08417E-03    6.42144E-03    2.36240E-02
     1.71000E+00    9.39879E-02    2.38269E-02    4.65852E-01   -1.61132E-02    4.03829E-03    1.02805E-03    6.41517E-03    2.35607E-02
     1.71450E+00    9.37501E-02    2.25627E-02    4.65895E-01   -1.52660E-02    4.01638E-03    9.72499E-04    6.40923E-03    2.35003E-02
     1.71900E+00    9.35252E-02    2.13072E-02    4.65937E-01   -1.44235E-02    3.99568E-03    9.17488E-04    6.40363E-03    2.34428E-02
     1.72350E+00    9.33132E-02    2.00604E-02    4.65976E-01   -1.35856E-02    3.97618E-03    8.63001E-04    6.39835E-03    2.33883E-02
     1.72800E+00    9.31139E-02    1.88219E-02    4.66012E-01   -1.27522E-02    3.95786E-03    8.09021E-04    6.39339E-03    2.33368E-02
     1.73250E+00    9.29273E-02    1.75918E-02    4.66047E-01   -1.19233E-02    3.94072E-03    7.55530E-04    6.38876E-03    2.32882E-02
     1.73700E+00    9.27534E-02    1.63697E-02    4.66078E-01   -1.10989E-02    3.92475E-03    7.02509E-04    6.38444E-03    2.32426E-02
     1.74150E+00    9.25919E-02    1.51555E-02    4.66108E-01   -1.02788E-02    3.90993E-03    6.49941E-04    6.38044E-03    2.32001E-02
     1.74600E+00    9.24429E-02    1.39490E-02    4.66135E-01   -9.46318E-03    3.89626E-03    5.97809E-04    6.37675E-03    2.31606E-02
     1.75050E+00    9.23062E-02    1.27501E-02    4.66160E-01   -8.65184E-03    3.88373E-03    5.46095E-04    6.37337E-03    2.31241E-02
     1.75500E+00    9.21818E-02    1.15586E-02    4.66183E-01   -7.84478E-03    3.87233E-03    4.94782E-04    6.37029E-03    2.30907E-02
     1.75950E+00    9.20695E-02    1.03743E-02    4.66203E-01   -7.04195E-03    3.86205E-03    4.43852E-04    6.36752E-03    2.30604E-02
     1.76400E+00    9.19694E-02    9.19702E-03    4.66222E-01   -6.24331E-03    3.85288E-03    3.93290E-04    6.36505E-03    2.30332E-02
     1.76850E+00    9.18812E-02    8.02667E-03    4.66238E-01   -5.44882E-03    3.84482E-03    3.43077E-04    6.36288E-03    2.30091E-02
     1.77300E+00    9.18050E-02    6.86304E-03    4.66252E-01   -4.65843E-03    3.83785E-03    2.93198E-04    6.36100E-03    2.29881E-02
     1.77750E+00    9.17407E-02    5.70598E-03    4.66263E-01   -3.87210E-03    3.83197E-03    2.43635E-04    6.35941E-03    2.29703E-02
     1.78200E+00    9.16883E-02    4.55532E-03    4.66273E-01   -3.08980E-03    3.82718E-03    1.94373E-04    6.35812E-03    2.29557E-02
     1.78650E+00    9.16475E-02    3.41090E-03    4.66280E-01   -2.31148E-03    3.82346E-03    1.45394E-04    6.35712E-03    2.29443E-02
     1.79100E+00    9.16185E-02    2.27257E-03    4.66285E-01   -1.53710E-03    3.82081E-03    9.66832E-05    6.35641E-03    2.29361E-02
     1.79550E+00    9.16010E-02    1.14017E-03    4.66289E-01   -7.66617E-04    3.81923E-03    4.82239E-05    6.35598E-03    2.29312E-02
     1.80000E+00    9.15951E-02    1.35459E-05    4.66290E-01   -1.01602-210    3.81870E-03    1.62264E-25    6.35584E-03    2.29295E-02
