     1.00000E-05    3.67463E+00   -9.64389E-06   -4.56251E-01   -1.56431E-05    4.23718E-01    5.70491E-06    3.13793E-01    7.14325E-11
     4.50997E-03    3.67444E+00    1.50625E-02   -4.56186E-01   -7.05462E-03    4.23693E-01    2.57269E-03    3.13768E-01    1.45282E-05
     9.00995E-03    3.67385E+00    3.00860E-02   -4.55993E-01   -1.40912E-02    4.23619E-01    5.13844E-03    3.13693E-01    5.79714E-05
     1.35099E-02    3.67287E+00    4.50982E-02   -4.55671E-01   -2.11231E-02    4.23495E-01    7.70173E-03    3.13567E-01    1.30293E-04
     1.80099E-02    3.67149E+00    6.00936E-02   -4.55220E-01   -2.81479E-02    4.23323E-01    1.02613E-02    3.13392E-01    2.31430E-04
     2.25099E-02    3.66973E+00    7.50667E-02   -4.54641E-01   -3.51632E-02    4.23101E-01    1.28160E-02    3.13166E-01    3.61296E-04
     2.70098E-02    3.66758E+00    9.00118E-02   -4.53933E-01   -4.21667E-02    4.22830E-01    1.53645E-02    3.12891E-01    5.19781E-04
     3.15098E-02    3.66503E+00    1.04923E-01   -4.53098E-01   -4.91560E-02    4.22510E-01    1.79056E-02    3.12566E-01    7.06749E-04
     3.60098E-02    3.66210E+00    1.19796E-01   -4.52136E-01   -5.61289E-02    4.22141E-01    2.04382E-02    3.12192E-01    9.22040E-04
     4.05098E-02    3.65878E+00    1.34624E-01   -4.51047E-01   -6.30830E-02    4.21724E-01    2.29610E-02    3.11768E-01    1.16547E-03
     4.50097E-02    3.65508E+00    1.49402E-01   -4.49831E-01   -7.00159E-02    4.21258E-01    2.54729E-02    3.11296E-01    1.43683E-03
     4.95097E-02    3.65099E+00    1.64125E-01   -4.48489E-01   -7.69255E-02    4.20743E-01    2.79726E-02    3.10775E-01    1.73590E-03
     5.40097E-02    3.64652E+00    1.78787E-01   -4.47022E-01   -8.38093E-02    4.20181E-01    3.04590E-02    3.10205E-01    2.06241E-03
     5.85097E-02    3.64167E+00    1.93383E-01   -4.45431E-01   -9.06652E-02    4.19571E-01    3.29309E-02    3.09587E-01    2.41609E-03
     6.30097E-02    3.63645E+00    2.07907E-01   -4.43716E-01   -9.74910E-02    4.18913E-01    3.53872E-02    3.08922E-01    2.79665E-03
     6.75096E-02    3.63084E+00    2.22355E-01   -4.41878E-01   -1.04284E-01    4.18208E-01    3.78268E-02    3.08209E-01    3.20375E-03
     7.20096E-02    3.62486E+00    2.36722E-01   -4.39917E-01   -1.11043E-01    4.17455E-01    4.02485E-02    3.07449E-01    3.63707E-03
     7.65096E-02    3.61851E+00    2.51001E-01   -4.37836E-01   -1.17765E-01    4.16657E-01    4.26513E-02    3.06643E-01    4.09622E-03
     8.10095E-02    3.61179E+00    2.65188E-01   -4.35634E-01   -1.24448E-01    4.15811E-01    4.50340E-02    3.05791E-01    4.58084E-03
     8.55095E-02    3.60471E+00    2.79279E-01   -4.33312E-01   -1.31090E-01    4.14920E-01    4.73957E-02    3.04894E-01    5.09051E-03
     9.00095E-02    3.59726E+00    2.93267E-01   -4.30873E-01   -1.37688E-01    4.13983E-01    4.97352E-02    3.03951E-01    5.62480E-03
     9.45095E-02    3.58945E+00    3.07149E-01   -4.28316E-01   -1.44242E-01    4.13001E-01    5.20515E-02    3.02964E-01    6.18328E-03
     9.90094E-02    3.58129E+00    3.20920E-01   -4.25644E-01   -1.50748E-01    4.11974E-01    5.43438E-02    3.01933E-01    6.76548E-03
     1.03509E-01    3.57277E+00    3.34574E-01   -4.22857E-01   -1.57205E-01    4.10903E-01    5.66109E-02    3.00858E-01    7.37093E-03
     1.08009E-01    3.56390E+00    3.48107E-01   -4.19956E-01   -1.63610E-01    4.09788E-01    5.88519E-02    2.99741E-01    7.99911E-03
     1.12509E-01    3.55469E+00    3.61516E-01   -4.16943E-01   -1.69963E-01    4.08629E-01    6.10659E-02    2.98582E-01    8.64953E-03
     1.17009E-01    3.54513E+00    3.74795E-01   -4.13819E-01   -1.76260E-01    4.07427E-01    6.32520E-02    2.97381E-01    9.32164E-03
     1.21509E-01    3.53524E+00    3.87939E-01   -4.10586E-01   -1.82500E-01    4.06183E-01    6.54093E-02    2.96140E-01    1.00149E-02
     1.26009E-01    3.52501E+00    4.00946E-01   -4.07244E-01   -1.88681E-01    4.04896E-01    6.75369E-02    2.94858E-01    1.07288E-02
     1.30509E-01    3.51445E+00    4.13810E-01   -4.03797E-01   -1.94802E-01    4.03568E-01    6.96341E-02    2.93537E-01    1.14626E-02
     1.35009E-01    3.50356E+00    4.26528E-01   -4.00244E-01   -2.00860E-01    4.02199E-01    7.16999E-02    2.92178E-01    1.22159E-02
     1.39509E-01    3.49235E+00    4.39095E-01   -3.96588E-01   -2.06854E-01    4.00790E-01    7.37338E-02    2.90780E-01    1.29880E-02
     1.44009E-01    3.48082E+00    4.51508E-01   -3.92830E-01   -2.12782E-01    3.99341E-01    7.57348E-02    2.89345E-01    1.37784E-02
     1.48509E-01    3.46899E+00    4.63764E-01   -3.88972E-01   -2.18643E-01    3.97853E-01    7.77023E-02    2.87874E-01    1.45863E-02
     1.53009E-01    3.45684E+00    4.75858E-01   -3.85016E-01   -2.24435E-01    3.96326E-01    7.96356E-02    2.86368E-01    1.54112E-02
     1.57509E-01    3.44439E+00    4.87787E-01   -3.80963E-01   -2.30156E-01    3.94761E-01    8.15340E-02    2.84826E-01    1.62523E-02
     1.62009E-01    3.43164E+00    4.99547E-01   -3.76815E-01   -2.35805E-01    3.93158E-01    8.33969E-02    2.83250E-01    1.71092E-02
     1.66509E-01    3.41860E+00    5.11136E-01   -3.72574E-01   -2.41380E-01    3.91519E-01    8.52237E-02    2.81642E-01    1.79810E-02
     1.71009E-01    3.40527E+00    5.22550E-01   -3.68241E-01   -2.46880E-01    3.89843E-01    8.70139E-02    2.80001E-01    1.88671E-02
     1.75509E-01    3.39165E+00    5.33787E-01   -3.63819E-01   -2.52304E-01    3.88132E-01    8.87668E-02    2.78328E-01    1.97669E-02
     1.80009E-01    3.37776E+00    5.44842E-01   -3.59309E-01   -2.57650E-01    3.86387E-01    9.04820E-02    2.76625E-01    2.06797E-02
     1.84509E-01    3.36360E+00    5.55715E-01   -3.54714E-01   -2.62917E-01    3.84607E-01    9.21590E-02    2.74892E-01    2.16047E-02
     1.89009E-01    3.34916E+00    5.66400E-01   -3.50035E-01   -2.68104E-01    3.82793E-01    9.37974E-02    2.73130E-01    2.25413E-02
     1.93509E-01    3.33447E+00    5.76898E-01   -3.45274E-01   -2.73210E-01    3.80947E-01    9.53967E-02    2.71340E-01    2.34888E-02
     1.98009E-01    3.31952E+00    5.87203E-01   -3.40433E-01   -2.78232E-01    3.79069E-01    9.69565E-02    2.69523E-01    2.44465E-02
     2.02509E-01    3.30432E+00    5.97316E-01   -3.35514E-01   -2.83171E-01    3.77159E-01    9.84766E-02    2.67680E-01    2.54137E-02
     2.07009E-01    3.28887E+00    6.07233E-01   -3.30520E-01   -2.88026E-01    3.75219E-01    9.99565E-02    2.65812E-01    2.63897E-02
     2.11509E-01    3.27319E+00    6.16952E-01   -3.25452E-01   -2.92794E-01    3.73248E-01    1.01396E-01    2.63919E-01    2.73738E-02
     2.16009E-01    3.25727E+00    6.26471E-01   -3.20312E-01   -2.97476E-01    3.71249E-01    1.02795E-01    2.62003E-01    2.83653E-02
     2.20509E-01    3.24112E+00    6.35790E-01   -3.15103E-01   -3.02071E-01    3.69221E-01    1.04153E-01    2.60064E-01    2.93634E-02
     2.25009E-01    3.22475E+00    6.44905E-01   -3.09826E-01   -3.06577E-01    3.67165E-01    1.05470E-01    2.58103E-01    3.03676E-02
     2.29509E-01    3.20817E+00    6.53815E-01   -3.04483E-01   -3.10994E-01    3.65082E-01    1.06745E-01    2.56122E-01    3.13770E-02
     2.34009E-01    3.19138E+00    6.62519E-01   -2.99078E-01   -3.15320E-01    3.62973E-01    1.07979E-01    2.54121E-01    3.23911E-02
     2.38509E-01    3.17438E+00    6.71016E-01   -2.93611E-01   -3.19557E-01    3.60839E-01    1.09172E-01    2.52101E-01    3.34090E-02
     2.43009E-01    3.15718E+00    6.79305E-01   -2.88086E-01   -3.23701E-01    3.58680E-01    1.10323E-01    2.50063E-01    3.44302E-02
     2.47509E-01    3.13979E+00    6.87384E-01   -2.82503E-01   -3.27754E-01    3.56497E-01    1.11432E-01    2.48007E-01    3.54539E-02
     2.52009E-01    3.12222E+00    6.95252E-01   -2.76866E-01   -3.31715E-01    3.54290E-01    1.12499E-01    2.45936E-01    3.64795E-02
     2.56509E-01    3.10447E+00    7.02909E-01   -2.71176E-01   -3.35583E-01    3.52062E-01    1.13525E-01    2.43849E-01    3.75062E-02
     2.61009E-01    3.08654E+00    7.10355E-01   -2.65436E-01   -3.39357E-01    3.49811E-01    1.14510E-01    2.41748E-01    3.85335E-02
     2.65509E-01    3.06845E+00    7.17588E-01   -2.59648E-01   -3.43037E-01    3.47540E-01    1.15452E-01    2.39634E-01    3.95607E-02
     2.70008E-01    3.05019E+00    7.24608E-01   -2.53813E-01   -3.46624E-01    3.45248E-01    1.16353E-01    2.37507E-01    4.05871E-02
     2.74508E-01    3.03178E+00    7.31415E-01   -2.47935E-01   -3.50116E-01    3.42938E-01    1.17213E-01    2.35368E-01    4.16121E-02
     2.79008E-01    3.01322E+00    7.38008E-01   -2.42016E-01   -3.53513E-01    3.40608E-01    1.18031E-01    2.33219E-01    4.26351E-02
     2.83508E-01    2.99452E+00    7.44388E-01   -2.36056E-01   -3.56815E-01    3.38261E-01    1.18809E-01    2.31059E-01    4.36554E-02
     2.88008E-01    2.97568E+00    7.50555E-01   -2.30060E-01   -3.60023E-01    3.35897E-01    1.19545E-01    2.28891E-01    4.46724E-02
     2.92508E-01    2.95671E+00    7.56509E-01   -2.24028E-01   -3.63135E-01    3.33516E-01    1.20241E-01    2.26714E-01    4.56855E-02
     2.97008E-01    2.93761E+00    7.62250E-01   -2.17963E-01   -3.66152E-01    3.31120E-01    1.20897E-01    2.24530E-01    4.66942E-02
     3.01508E-01    2.91840E+00    7.67778E-01   -2.11867E-01   -3.69075E-01    3.28709E-01    1.21512E-01    2.22340E-01    4.76979E-02
     3.06008E-01    2.89907E+00    7.73094E-01   -2.05743E-01   -3.71901E-01    3.26284E-01    1.22087E-01    2.20143E-01    4.86959E-02
     3.10508E-01    2.87964E+00    7.78199E-01   -1.99592E-01   -3.74633E-01    3.23846E-01    1.22623E-01    2.17942E-01    4.96878E-02
     3.15008E-01    2.86010E+00    7.83094E-01   -1.93416E-01   -3.77270E-01    3.21395E-01    1.23119E-01    2.15737E-01    5.06730E-02
     3.19508E-01    2.84047E+00    7.87778E-01   -1.87218E-01   -3.79813E-01    3.18933E-01    1.23577E-01    2.13529E-01    5.16509E-02
     3.24008E-01    2.82076E+00    7.92254E-01   -1.81000E-01   -3.82260E-01    3.16459E-01    1.23995E-01    2.11318E-01    5.26212E-02
     3.28508E-01    2.80095E+00    7.96522E-01   -1.74763E-01   -3.84614E-01    3.13975E-01    1.24376E-01    2.09105E-01    5.35831E-02
     3.33008E-01    2.78108E+00    8.00583E-01   -1.68510E-01   -3.86874E-01    3.11482E-01    1.24719E-01    2.06892E-01    5.45363E-02
     3.37508E-01    2.76113E+00    8.04438E-01   -1.62243E-01   -3.89040E-01    3.08979E-01    1.25025E-01    2.04678E-01    5.54803E-02
     3.42008E-01    2.74111E+00    8.08089E-01   -1.55964E-01   -3.91112E-01    3.06469E-01    1.25294E-01    2.02465E-01    5.64146E-02
     3.46508E-01    2.72104E+00    8.11538E-01   -1.49674E-01   -3.93093E-01    3.03951E-01    1.25526E-01    2.00253E-01    5.73388E-02
     3.51008E-01    2.70091E+00    8.14785E-01   -1.43377E-01   -3.94980E-01    3.01426E-01    1.25722E-01    1.98043E-01    5.82525E-02
     3.55508E-01    2.68073E+00    8.17833E-01   -1.37073E-01   -3.96777E-01    2.98896E-01    1.25883E-01    1.95836E-01    5.91551E-02
     3.60008E-01    2.66051E+00    8.20682E-01   -1.30764E-01   -3.98481E-01    2.96360E-01    1.26009E-01    1.93632E-01    6.00464E-02
     3.64508E-01    2.64025E+00    8.23335E-01   -1.24454E-01   -4.00096E-01    2.93819E-01    1.26100E-01    1.91432E-01    6.09259E-02
     3.69008E-01    2.61995E+00    8.25794E-01   -1.18142E-01   -4.01620E-01    2.91275E-01    1.26158E-01    1.89237E-01    6.17933E-02
     3.73508E-01    2.59964E+00    8.28060E-01   -1.11832E-01   -4.03055E-01    2.88727E-01    1.26181E-01    1.87047E-01    6.26482E-02
     3.78008E-01    2.57929E+00    8.30136E-01   -1.05526E-01   -4.04402E-01    2.86176E-01    1.26173E-01    1.84863E-01    6.34902E-02
     3.82508E-01    2.55894E+00    8.32022E-01   -9.92237E-02   -4.05660E-01    2.83624E-01    1.26131E-01    1.82685E-01    6.43191E-02
     3.87008E-01    2.53857E+00    8.33723E-01   -9.29284E-02   -4.06832E-01    2.81070E-01    1.26058E-01    1.80515E-01    6.51344E-02
     3.91508E-01    2.51819E+00    8.35239E-01   -8.66415E-02   -4.07917E-01    2.78515E-01    1.25954E-01    1.78352E-01    6.59360E-02
     3.96008E-01    2.49781E+00    8.36573E-01   -8.03648E-02   -4.08916E-01    2.75960E-01    1.25820E-01    1.76198E-01    6.67235E-02
     4.00508E-01    2.47744E+00    8.37728E-01   -7.40999E-02   -4.09832E-01    2.73406E-01    1.25655E-01    1.74053E-01    6.74967E-02
     4.05008E-01    2.45707E+00    8.38705E-01   -6.78484E-02   -4.10663E-01    2.70853E-01    1.25461E-01    1.71916E-01    6.82553E-02
     4.09508E-01    2.43672E+00    8.39506E-01   -6.16120E-02   -4.11411E-01    2.68301E-01    1.25238E-01    1.69790E-01    6.89990E-02
     4.14008E-01    2.41638E+00    8.40136E-01   -5.53922E-02   -4.12078E-01    2.65752E-01    1.24987E-01    1.67674E-01    6.97277E-02
     4.18508E-01    2.39606E+00    8.40595E-01   -4.91906E-02   -4.12664E-01    2.63205E-01    1.24709E-01    1.65568E-01    7.04412E-02
     4.23008E-01    2.37577E+00    8.40887E-01   -4.30087E-02   -4.13170E-01    2.60662E-01    1.24403E-01    1.63474E-01    7.11392E-02
     4.27508E-01    2.35552E+00    8.41014E-01   -3.68480E-02   -4.13597E-01    2.58123E-01    1.24071E-01    1.61392E-01    7.18216E-02
     4.32008E-01    2.33529E+00    8.40978E-01   -3.07099E-02   -4.13946E-01    2.55588E-01    1.23714E-01    1.59322E-01    7.24881E-02
     4.36508E-01    2.31511E+00    8.40783E-01   -2.45958E-02   -4.14219E-01    2.53058E-01    1.23332E-01    1.57265E-01    7.31387E-02
     4.41008E-01    2.29497E+00    8.40431E-01   -1.85071E-02   -4.14416E-01    2.50534E-01    1.22925E-01    1.55220E-01    7.37733E-02
     4.45508E-01    2.27487E+00    8.39925E-01   -1.24452E-02   -4.14538E-01    2.48016E-01    1.22494E-01    1.53189E-01    7.43916E-02
     4.50007E-01    2.25483E+00    8.39267E-01   -6.41123E-03   -4.14587E-01    2.45504E-01    1.22040E-01    1.51171E-01    7.49936E-02
     4.54507E-01    2.23484E+00    8.38461E-01   -4.06579E-04   -4.14564E-01    2.43000E-01    1.21564E-01    1.49168E-01    7.55792E-02
     4.59007E-01    2.21491E+00    8.37509E-01    5.56757E-03   -4.14469E-01    2.40502E-01    1.21066E-01    1.47179E-01    7.61483E-02
     4.63507E-01    2.19504E+00    8.36413E-01    1.15100E-02   -4.14305E-01    2.38013E-01    1.20547E-01    1.45204E-01    7.67008E-02
     4.68007E-01    2.17524E+00    8.35178E-01    1.74197E-02   -4.14072E-01    2.35532E-01    1.20007E-01    1.43245E-01    7.72367E-02
     4.72507E-01    2.15551E+00    8.33805E-01    2.32953E-02   -4.13771E-01    2.33060E-01    1.19447E-01    1.41301E-01    7.77559E-02
     4.77007E-01    2.13585E+00    8.32298E-01    2.91360E-02   -4.13404E-01    2.30597E-01    1.18868E-01    1.39373E-01    7.82584E-02
     4.81507E-01    2.11626E+00    8.30659E-01    3.49406E-02   -4.12972E-01    2.28144E-01    1.18270E-01    1.37460E-01    7.87442E-02
     4.86007E-01    2.09676E+00    8.28891E-01    4.07081E-02   -4.12476E-01    2.25701E-01    1.17654E-01    1.35564E-01    7.92133E-02
     4.90507E-01    2.07733E+00    8.26998E-01    4.64377E-02   -4.11917E-01    2.23268E-01    1.17020E-01    1.33684E-01    7.96656E-02
     4.95007E-01    2.05799E+00    8.24981E-01    5.21283E-02   -4.11297E-01    2.20847E-01    1.16370E-01    1.31821E-01    8.01012E-02
     4.99507E-01    2.03874E+00    8.22845E-01    5.77790E-02   -4.10616E-01    2.18436E-01    1.15704E-01    1.29974E-01    8.05202E-02
     5.04007E-01    2.01958E+00    8.20591E-01    6.33892E-02   -4.09877E-01    2.16037E-01    1.15021E-01    1.28145E-01    8.09224E-02
     5.08507E-01    2.00052E+00    8.18223E-01    6.89578E-02   -4.09080E-01    2.13650E-01    1.14324E-01    1.26332E-01    8.13081E-02
     5.13007E-01    1.98155E+00    8.15744E-01    7.44842E-02   -4.08226E-01    2.11275E-01    1.13612E-01    1.24537E-01    8.16772E-02
     5.17507E-01    1.96267E+00    8.13157E-01    7.99677E-02   -4.07318E-01    2.08913E-01    1.12887E-01    1.22760E-01    8.20298E-02
     5.22007E-01    1.94390E+00    8.10464E-01    8.54074E-02   -4.06356E-01    2.06563E-01    1.12148E-01    1.21000E-01    8.23660E-02
     5.26507E-01    1.92523E+00    8.07668E-01    9.08028E-02   -4.05340E-01    2.04227E-01    1.11397E-01    1.19257E-01    8.26858E-02
     5.31007E-01    1.90667E+00    8.04772E-01    9.61533E-02   -4.04274E-01    2.01904E-01    1.10633E-01    1.17533E-01    8.29895E-02
     5.35507E-01    1.88821E+00    8.01779E-01    1.01458E-01   -4.03158E-01    1.99595E-01    1.09858E-01    1.15827E-01    8.32769E-02
     5.40007E-01    1.86987E+00    7.98692E-01    1.06717E-01   -4.01992E-01    1.97300E-01    1.09072E-01    1.14139E-01    8.35484E-02
     5.44507E-01    1.85163E+00    7.95513E-01    1.11929E-01   -4.00780E-01    1.95019E-01    1.08275E-01    1.12469E-01    8.38039E-02
     5.49007E-01    1.83351E+00    7.92246E-01    1.17094E-01   -3.99520E-01    1.92753E-01    1.07468E-01    1.10817E-01    8.40436E-02
     5.53507E-01    1.81550E+00    7.88893E-01    1.22211E-01   -3.98216E-01    1.90502E-01    1.06652E-01    1.09183E-01    8.42677E-02
     5.58007E-01    1.79761E+00    7.85457E-01    1.27281E-01   -3.96868E-01    1.88265E-01    1.05827E-01    1.07568E-01    8.44762E-02
     5.62507E-01    1.77984E+00    7.81940E-01    1.32302E-01   -3.95477E-01    1.86044E-01    1.04994E-01    1.05972E-01    8.46694E-02
     5.67007E-01    1.76219E+00    7.78345E-01    1.37274E-01   -3.94045E-01    1.83838E-01    1.04153E-01    1.04393E-01    8.48473E-02
     5.71507E-01    1.74466E+00    7.74676E-01    1.42197E-01   -3.92573E-01    1.81648E-01    1.03304E-01    1.02833E-01    8.50101E-02
     5.76007E-01    1.72726E+00    7.70934E-01    1.47071E-01   -3.91062E-01    1.79474E-01    1.02449E-01    1.01292E-01    8.51581E-02
     5.80507E-01    1.70997E+00    7.67122E-01    1.51895E-01   -3.89513E-01    1.77315E-01    1.01587E-01    9.97692E-02    8.52913E-02
     5.85007E-01    1.69282E+00    7.63242E-01    1.56670E-01   -3.87927E-01    1.75173E-01    1.00720E-01    9.82647E-02    8.54099E-02
     5.89507E-01    1.67579E+00    7.59298E-01    1.61394E-01   -3.86306E-01    1.73047E-01    9.98464E-02    9.67788E-02    8.55141E-02
     5.94007E-01    1.65888E+00    7.55292E-01    1.66068E-01   -3.84651E-01    1.70938E-01    9.89682E-02    9.53112E-02    8.56042E-02
     5.98507E-01    1.64211E+00    7.51226E-01    1.70691E-01   -3.82963E-01    1.68845E-01    9.80854E-02    9.38621E-02    8.56802E-02
     6.03007E-01    1.62547E+00    7.47103E-01    1.75264E-01   -3.81243E-01    1.66769E-01    9.71985E-02    9.24313E-02    8.57423E-02
     6.07507E-01    1.60895E+00    7.42924E-01    1.79787E-01   -3.79491E-01    1.64710E-01    9.63078E-02    9.10189E-02    8.57909E-02
     6.12007E-01    1.59257E+00    7.38693E-01    1.84258E-01   -3.77711E-01    1.62668E-01    9.54138E-02    8.96247E-02    8.58260E-02
     6.16507E-01    1.57632E+00    7.34412E-01    1.88679E-01   -3.75901E-01    1.60643E-01    9.45169E-02    8.82487E-02    8.58478E-02
     6.21007E-01    1.56020E+00    7.30083E-01    1.93049E-01   -3.74064E-01    1.58635E-01    9.36176E-02    8.68909E-02    8.58566E-02
     6.25507E-01    1.54422E+00    7.25708E-01    1.97369E-01   -3.72201E-01    1.56644E-01    9.27160E-02    8.55511E-02    8.58526E-02
     6.30006E-01    1.52837E+00    7.21290E-01    2.01637E-01   -3.70312E-01    1.54671E-01    9.18127E-02    8.42293E-02    8.58360E-02
     6.34506E-01    1.51265E+00    7.16831E-01    2.05855E-01   -3.68398E-01    1.52715E-01    9.09081E-02    8.29255E-02    8.58069E-02
     6.39006E-01    1.49707E+00    7.12333E-01    2.10023E-01   -3.66462E-01    1.50777E-01    9.00024E-02    8.16394E-02    8.57657E-02
     6.43506E-01    1.48162E+00    7.07797E-01    2.14139E-01   -3.64503E-01    1.48856E-01    8.90960E-02    8.03711E-02    8.57125E-02
     6.48006E-01    1.46631E+00    7.03227E-01    2.18206E-01   -3.62523E-01    1.46953E-01    8.81893E-02    7.91204E-02    8.56475E-02
     6.52506E-01    1.45114E+00    6.98624E-01    2.22222E-01   -3.60522E-01    1.45067E-01    8.72825E-02    7.78872E-02    8.55710E-02
     6.57006E-01    1.43610E+00    6.93990E-01    2.26188E-01   -3.58502E-01    1.43200E-01    8.63761E-02    7.66715E-02    8.54831E-02
     6.61506E-01    1.42119E+00    6.89327E-01    2.30104E-01   -3.56463E-01    1.41349E-01    8.54702E-02    7.54730E-02    8.53842E-02
     6.66006E-01    1.40643E+00    6.84637E-01    2.33970E-01   -3.54407E-01    1.39517E-01    8.45653E-02    7.42917E-02    8.52743E-02
     6.70506E-01    1.39179E+00    6.79922E-01    2.37786E-01   -3.52334E-01    1.37703E-01    8.36616E-02    7.31274E-02    8.51538E-02
     6.75006E-01    1.37730E+00    6.75183E-01    2.41553E-01   -3.50245E-01    1.35906E-01    8.27593E-02    7.19801E-02    8.50229E-02
     6.79506E-01    1.36294E+00    6.70424E-01    2.45271E-01   -3.48141E-01    1.34127E-01    8.18588E-02    7.08496E-02    8.48817E-02
     6.84006E-01    1.34872E+00    6.65644E-01    2.48940E-01   -3.46024E-01    1.32366E-01    8.09604E-02    6.97357E-02    8.47305E-02
     6.88506E-01    1.33463E+00    6.60847E-01    2.52561E-01   -3.43893E-01    1.30622E-01    8.00642E-02    6.86384E-02    8.45696E-02
     6.93006E-01    1.32068E+00    6.56033E-01    2.56132E-01   -3.41750E-01    1.28896E-01    7.91705E-02    6.75574E-02    8.43991E-02
     6.97506E-01    1.30686E+00    6.51204E-01    2.59656E-01   -3.39595E-01    1.27188E-01    7.82796E-02    6.64927E-02    8.42192E-02
     7.02006E-01    1.29318E+00    6.46363E-01    2.63132E-01   -3.37429E-01    1.25498E-01    7.73918E-02    6.54441E-02    8.40303E-02
     7.06506E-01    1.27963E+00    6.41510E-01    2.66561E-01   -3.35253E-01    1.23826E-01    7.65071E-02    6.44114E-02    8.38324E-02
     7.11006E-01    1.26622E+00    6.36647E-01    2.69942E-01   -3.33068E-01    1.22171E-01    7.56258E-02    6.33946E-02    8.36259E-02
     7.15506E-01    1.25295E+00    6.31775E-01    2.73277E-01   -3.30875E-01    1.20534E-01    7.47483E-02    6.23934E-02    8.34109E-02
     7.20006E-01    1.23980E+00    6.26897E-01    2.76565E-01   -3.28674E-01    1.18914E-01    7.38745E-02    6.14076E-02    8.31877E-02
     7.24506E-01    1.22679E+00    6.22013E-01    2.79807E-01   -3.26465E-01    1.17312E-01    7.30048E-02    6.04372E-02    8.29564E-02
     7.29006E-01    1.21391E+00    6.17124E-01    2.83003E-01   -3.24250E-01    1.15727E-01    7.21393E-02    5.94820E-02    8.27173E-02
     7.33506E-01    1.20117E+00    6.12233E-01    2.86154E-01   -3.22029E-01    1.14160E-01    7.12782E-02    5.85418E-02    8.24707E-02
     7.38006E-01    1.18856E+00    6.07340E-01    2.89259E-01   -3.19803E-01    1.12610E-01    7.04216E-02    5.76165E-02    8.22166E-02
     7.42506E-01    1.17607E+00    6.02447E-01    2.92320E-01   -3.17573E-01    1.11077E-01    6.95698E-02    5.67059E-02    8.19553E-02
     7.47006E-01    1.16372E+00    5.97554E-01    2.95337E-01   -3.15339E-01    1.09562E-01    6.87228E-02    5.58098E-02    8.16871E-02
     7.51506E-01    1.15150E+00    5.92664E-01    2.98310E-01   -3.13101E-01    1.08064E-01    6.78809E-02    5.49280E-02    8.14121E-02
     7.56006E-01    1.13941E+00    5.87777E-01    3.01239E-01   -3.10861E-01    1.06583E-01    6.70441E-02    5.40605E-02    8.11305E-02
     7.60506E-01    1.12745E+00    5.82894E-01    3.04125E-01   -3.08618E-01    1.05119E-01    6.62126E-02    5.32070E-02    8.08426E-02
     7.65006E-01    1.11561E+00    5.78016E-01    3.06969E-01   -3.06374E-01    1.03671E-01    6.53866E-02    5.23674E-02    8.05485E-02
     7.69506E-01    1.10390E+00    5.73146E-01    3.09771E-01   -3.04129E-01    1.02241E-01    6.45660E-02    5.15415E-02    8.02484E-02
     7.74006E-01    1.09232E+00    5.68282E-01    3.12530E-01   -3.01883E-01    1.00827E-01    6.37512E-02    5.07292E-02    7.99426E-02
     7.78506E-01    1.08087E+00    5.63427E-01    3.15248E-01   -2.99638E-01    9.94305E-02    6.29421E-02    4.99302E-02    7.96311E-02
     7.83006E-01    1.06954E+00    5.58582E-01    3.17926E-01   -2.97392E-01    9.80501E-02    6.21389E-02    4.91445E-02    7.93143E-02
     7.87506E-01    1.05833E+00    5.53747E-01    3.20562E-01   -2.95148E-01    9.66862E-02    6.13416E-02    4.83717E-02    7.89923E-02
     7.92006E-01    1.04725E+00    5.48923E-01    3.23159E-01   -2.92905E-01    9.53386E-02    6.05505E-02    4.76119E-02    7.86652E-02
     7.96506E-01    1.03629E+00    5.44112E-01    3.25716E-01   -2.90664E-01    9.40073E-02    5.97654E-02    4.68648E-02    7.83334E-02
     8.01006E-01    1.02545E+00    5.39313E-01    3.28234E-01   -2.88425E-01    9.26922E-02    5.89866E-02    4.61302E-02    7.79968E-02
     8.05506E-01    1.01474E+00    5.34529E-01    3.30713E-01   -2.86189E-01    9.13931E-02    5.82141E-02    4.54080E-02    7.76558E-02
     8.10005E-01    1.00414E+00    5.29758E-01    3.33153E-01   -2.83956E-01    9.01099E-02    5.74479E-02    4.46980E-02    7.73105E-02
     8.14505E-01    9.93666E-01    5.25004E-01    3.35556E-01   -2.81727E-01    8.88426E-02    5.66882E-02    4.40001E-02    7.69610E-02
     8.19005E-01    9.83309E-01    5.20265E-01    3.37922E-01   -2.79501E-01    8.75910E-02    5.59350E-02    4.33140E-02    7.66076E-02
     8.23505E-01    9.73069E-01    5.15543E-01    3.40250E-01   -2.77280E-01    8.63550E-02    5.51883E-02    4.26397E-02    7.62504E-02
     8.28005E-01    9.62946E-01    5.10838E-01    3.42542E-01   -2.75063E-01    8.51345E-02    5.44482E-02    4.19769E-02    7.58896E-02
     8.32505E-01    9.52939E-01    5.06152E-01    3.44797E-01   -2.72851E-01    8.39293E-02    5.37148E-02    4.13255E-02    7.55253E-02
     8.37005E-01    9.43046E-01    5.01484E-01    3.47017E-01   -2.70645E-01    8.27394E-02    5.29880E-02    4.06853E-02    7.51577E-02
     8.41505E-01    9.33268E-01    4.96835E-01    3.49202E-01   -2.68444E-01    8.15647E-02    5.22680E-02    4.00563E-02    7.47869E-02
     8.46005E-01    9.23603E-01    4.92206E-01    3.51352E-01   -2.66249E-01    8.04049E-02    5.15547E-02    3.94381E-02    7.44131E-02
     8.50505E-01    9.14051E-01    4.87598E-01    3.53467E-01   -2.64060E-01    7.92601E-02    5.08482E-02    3.88307E-02    7.40365E-02
     8.55005E-01    9.04609E-01    4.83010E-01    3.55549E-01   -2.61877E-01    7.81300E-02    5.01486E-02    3.82339E-02    7.36572E-02
     8.59505E-01    8.95278E-01    4.78444E-01    3.57597E-01   -2.59702E-01    7.70146E-02    4.94557E-02    3.76476E-02    7.32754E-02
     8.64005E-01    8.86057E-01    4.73900E-01    3.59613E-01   -2.57533E-01    7.59137E-02    4.87698E-02    3.70715E-02    7.28911E-02
     8.68505E-01    8.76944E-01    4.69378E-01    3.61595E-01   -2.55372E-01    7.48271E-02    4.80906E-02    3.65056E-02    7.25046E-02
     8.73005E-01    8.67938E-01    4.64879E-01    3.63545E-01   -2.53218E-01    7.37549E-02    4.74184E-02    3.59496E-02    7.21159E-02
     8.77505E-01    8.59039E-01    4.60402E-01    3.65464E-01   -2.51072E-01    7.26967E-02    4.67530E-02    3.54035E-02    7.17253E-02
     8.82005E-01    8.50246E-01    4.55950E-01    3.67351E-01   -2.48934E-01    7.16526E-02    4.60946E-02    3.48671E-02    7.13328E-02
     8.86505E-01    8.41557E-01    4.51521E-01    3.69208E-01   -2.46803E-01    7.06224E-02    4.54430E-02    3.43402E-02    7.09385E-02
     8.91005E-01    8.32972E-01    4.47116E-01    3.71034E-01   -2.44682E-01    6.96059E-02    4.47983E-02    3.38227E-02    7.05426E-02
     8.95505E-01    8.24490E-01    4.42736E-01    3.72830E-01   -2.42569E-01    6.86030E-02    4.41606E-02    3.33144E-02    7.01453E-02
     9.00005E-01    8.16110E-01    4.38381E-01    3.74596E-01   -2.40464E-01    6.76136E-02    4.35297E-02    3.28152E-02    6.97466E-02
     9.04505E-01    8.07830E-01    4.34051E-01    3.76333E-01   -2.38369E-01    6.66376E-02    4.29056E-02    3.23250E-02    6.93466E-02
     9.09005E-01    7.99651E-01    4.29747E-01    3.78042E-01   -2.36282E-01    6.56748E-02    4.22885E-02    3.18436E-02    6.89456E-02
     9.13505E-01    7.91570E-01    4.25468E-01    3.79722E-01   -2.34205E-01    6.47250E-02    4.16781E-02    3.13708E-02    6.85435E-02
     9.18005E-01    7.83587E-01    4.21215E-01    3.81374E-01   -2.32137E-01    6.37883E-02    4.10746E-02    3.09066E-02    6.81405E-02
     9.22505E-01    7.75702E-01    4.16989E-01    3.82998E-01   -2.30079E-01    6.28644E-02    4.04780E-02    3.04508E-02    6.77367E-02
     9.27005E-01    7.67912E-01    4.12788E-01    3.84595E-01   -2.28031E-01    6.19532E-02    3.98881E-02    3.00033E-02    6.73322E-02
     9.31505E-01    7.60218E-01    4.08615E-01    3.86166E-01   -2.25992E-01    6.10545E-02    3.93049E-02    2.95638E-02    6.69271E-02
     9.36005E-01    7.52618E-01    4.04468E-01    3.87710E-01   -2.23963E-01    6.01683E-02    3.87286E-02    2.91324E-02    6.65216E-02
     9.40505E-01    7.45111E-01    4.00348E-01    3.89228E-01   -2.21944E-01    5.92944E-02    3.81589E-02    2.87088E-02    6.61157E-02
     9.45005E-01    7.37696E-01    3.96255E-01    3.90720E-01   -2.19936E-01    5.84327E-02    3.75959E-02    2.82930E-02    6.57094E-02
     9.49505E-01    7.30373E-01    3.92189E-01    3.92187E-01   -2.17937E-01    5.75830E-02    3.70396E-02    2.78847E-02    6.53030E-02
     9.54005E-01    7.23140E-01    3.88150E-01    3.93630E-01   -2.15949E-01    5.67453E-02    3.64899E-02    2.74840E-02    6.48965E-02
     9.58505E-01    7.15997E-01    3.84139E-01    3.95048E-01   -2.13972E-01    5.59193E-02    3.59468E-02    2.70906E-02    6.44900E-02
     9.63005E-01    7.08943E-01    3.80156E-01    3.96441E-01   -2.12005E-01    5.51050E-02    3.54102E-02    2.67044E-02    6.40835E-02
     9.67505E-01    7.01976E-01    3.76200E-01    3.97811E-01   -2.10048E-01    5.43022E-02    3.48802E-02    2.63254E-02    6.36772E-02
     9.72005E-01    6.95096E-01    3.72272E-01    3.99158E-01   -2.08102E-01    5.35109E-02    3.43567E-02    2.59533E-02    6.32712E-02
     9.76505E-01    6.88301E-01    3.68371E-01    4.00481E-01   -2.06167E-01    5.27308E-02    3.38395E-02    2.55881E-02    6.28655E-02
     9.81005E-01    6.81592E-01    3.64499E-01    4.01782E-01   -2.04243E-01    5.19618E-02    3.33288E-02    2.52296E-02    6.24601E-02
     9.85505E-01    6.74967E-01    3.60654E-01    4.03061E-01   -2.02329E-01    5.12039E-02    3.28245E-02    2.48778E-02    6.20553E-02
     9.90004E-01    6.68425E-01    3.56837E-01    4.04317E-01   -2.00426E-01    5.04568E-02    3.23265E-02    2.45326E-02    6.16510E-02
     9.94504E-01    6.61965E-01    3.53048E-01    4.05552E-01   -1.98535E-01    4.97205E-02    3.18347E-02    2.41937E-02    6.12473E-02
     9.99004E-01    6.55587E-01    3.49287E-01    4.06766E-01   -1.96654E-01    4.89949E-02    3.13492E-02    2.38612E-02    6.08443E-02
     1.00350E+00    6.49289E-01    3.45554E-01    4.07958E-01   -1.94784E-01    4.82798E-02    3.08698E-02    2.35348E-02    6.04421E-02
     1.00800E+00    6.43071E-01    3.41849E-01    4.09130E-01   -1.92925E-01    4.75751E-02    3.03966E-02    2.32145E-02    6.00407E-02
     1.01250E+00    6.36932E-01    3.38172E-01    4.10282E-01   -1.91077E-01    4.68806E-02    2.99295E-02    2.29002E-02    5.96402E-02
     1.01700E+00    6.30870E-01    3.34523E-01    4.11414E-01   -1.89241E-01    4.61963E-02    2.94684E-02    2.25918E-02    5.92407E-02
     1.02150E+00    6.24886E-01    3.30901E-01    4.12526E-01   -1.87415E-01    4.55220E-02    2.90133E-02    2.22892E-02    5.88421E-02
     1.02600E+00    6.18978E-01    3.27308E-01    4.13618E-01   -1.85601E-01    4.48576E-02    2.85641E-02    2.19922E-02    5.84447E-02
     1.03050E+00    6.13145E-01    3.23742E-01    4.14692E-01   -1.83798E-01    4.42030E-02    2.81208E-02    2.17008E-02    5.80483E-02
     1.03500E+00    6.07387E-01    3.20204E-01    4.15746E-01   -1.82005E-01    4.35581E-02    2.76834E-02    2.14149E-02    5.76532E-02
     1.03950E+00    6.01703E-01    3.16693E-01    4.16783E-01   -1.80224E-01    4.29227E-02    2.72518E-02    2.11344E-02    5.72593E-02
     1.04400E+00    5.96092E-01    3.13211E-01    4.17801E-01   -1.78454E-01    4.22967E-02    2.68258E-02    2.08591E-02    5.68667E-02
     1.04850E+00    5.90553E-01    3.09755E-01    4.18801E-01   -1.76696E-01    4.16801E-02    2.64056E-02    2.05890E-02    5.64754E-02
     1.05300E+00    5.85085E-01    3.06328E-01    4.19784E-01   -1.74948E-01    4.10726E-02    2.59910E-02    2.03241E-02    5.60855E-02
     1.05750E+00    5.79688E-01    3.02927E-01    4.20749E-01   -1.73211E-01    4.04743E-02    2.55820E-02    2.00641E-02    5.56970E-02
     1.06200E+00    5.74360E-01    2.99554E-01    4.21698E-01   -1.71486E-01    3.98849E-02    2.51785E-02    1.98091E-02    5.53100E-02
     1.06650E+00    5.69102E-01    2.96208E-01    4.22629E-01   -1.69771E-01    3.93043E-02    2.47805E-02    1.95589E-02    5.49246E-02
     1.07100E+00    5.63912E-01    2.92889E-01    4.23545E-01   -1.68068E-01    3.87325E-02    2.43879E-02    1.93134E-02    5.45407E-02
     1.07550E+00    5.58789E-01    2.89598E-01    4.24444E-01   -1.66376E-01    3.81693E-02    2.40007E-02    1.90726E-02    5.41584E-02
     1.08000E+00    5.53733E-01    2.86333E-01    4.25327E-01   -1.64695E-01    3.76147E-02    2.36188E-02    1.88364E-02    5.37778E-02
     1.08450E+00    5.48742E-01    2.83094E-01    4.26194E-01   -1.63024E-01    3.70684E-02    2.32421E-02    1.86046E-02    5.33988E-02
     1.08900E+00    5.43817E-01    2.79883E-01    4.27046E-01   -1.61365E-01    3.65305E-02    2.28706E-02    1.83773E-02    5.30216E-02
     1.09350E+00    5.38957E-01    2.76698E-01    4.27883E-01   -1.59717E-01    3.60008E-02    2.25043E-02    1.81543E-02    5.26461E-02
     1.09800E+00    5.34160E-01    2.73539E-01    4.28705E-01   -1.58079E-01    3.54791E-02    2.21431E-02    1.79355E-02    5.22724E-02
     1.10250E+00    5.29426E-01    2.70407E-01    4.29512E-01   -1.56453E-01    3.49654E-02    2.17869E-02    1.77209E-02    5.19006E-02
     1.10700E+00    5.24755E-01    2.67301E-01    4.30305E-01   -1.54837E-01    3.44597E-02    2.14357E-02    1.75104E-02    5.15306E-02
     1.11150E+00    5.20145E-01    2.64220E-01    4.31084E-01   -1.53232E-01    3.39617E-02    2.10894E-02    1.73040E-02    5.11624E-02
     1.11600E+00    5.15596E-01    2.61166E-01    4.31848E-01   -1.51638E-01    3.34713E-02    2.07480E-02    1.71015E-02    5.07962E-02
     1.12050E+00    5.11107E-01    2.58137E-01    4.32599E-01   -1.50054E-01    3.29886E-02    2.04114E-02    1.69028E-02    5.04319E-02
     1.12500E+00    5.06677E-01    2.55134E-01    4.33337E-01   -1.48482E-01    3.25133E-02    2.00795E-02    1.67080E-02    5.00696E-02
     1.12950E+00    5.02307E-01    2.52157E-01    4.34061E-01   -1.46920E-01    3.20454E-02    1.97524E-02    1.65169E-02    4.97093E-02
     1.13400E+00    4.97994E-01    2.49204E-01    4.34773E-01   -1.45368E-01    3.15847E-02    1.94299E-02    1.63295E-02    4.93510E-02
     1.13850E+00    4.93739E-01    2.46277E-01    4.35471E-01   -1.43827E-01    3.11313E-02    1.91120E-02    1.61457E-02    4.89948E-02
     1.14300E+00    4.89541E-01    2.43375E-01    4.36157E-01   -1.42296E-01    3.06849E-02    1.87987E-02    1.59654E-02    4.86406E-02
     1.14750E+00    4.85399E-01    2.40497E-01    4.36830E-01   -1.40776E-01    3.02455E-02    1.84899E-02    1.57886E-02    4.82884E-02
     1.15200E+00    4.81313E-01    2.37644E-01    4.37492E-01   -1.39267E-01    2.98130E-02    1.81855E-02    1.56152E-02    4.79384E-02
     1.15650E+00    4.77281E-01    2.34816E-01    4.38141E-01   -1.37767E-01    2.93873E-02    1.78855E-02    1.54451E-02    4.75906E-02
     1.16100E+00    4.73304E-01    2.32012E-01    4.38778E-01   -1.36278E-01    2.89683E-02    1.75898E-02    1.52783E-02    4.72448E-02
     1.16550E+00    4.69380E-01    2.29232E-01    4.39404E-01   -1.34799E-01    2.85560E-02    1.72984E-02    1.51147E-02    4.69013E-02
     1.17000E+00    4.65510E-01    2.26476E-01    4.40019E-01   -1.33331E-01    2.81501E-02    1.70112E-02    1.49543E-02    4.65599E-02
     1.17450E+00    4.61692E-01    2.23744E-01    4.40622E-01   -1.31872E-01    2.77507E-02    1.67282E-02    1.47970E-02    4.62206E-02
     1.17900E+00    4.57926E-01    2.21035E-01    4.41215E-01   -1.30424E-01    2.73577E-02    1.64493E-02    1.46428E-02    4.58837E-02
     1.18350E+00    4.54211E-01    2.18350E-01    4.41796E-01   -1.28985E-01    2.69709E-02    1.61745E-02    1.44915E-02    4.55489E-02
     1.18800E+00    4.50546E-01    2.15688E-01    4.42367E-01   -1.27557E-01    2.65902E-02    1.59036E-02    1.43431E-02    4.52163E-02
     1.19250E+00    4.46932E-01    2.13049E-01    4.42927E-01   -1.26138E-01    2.62157E-02    1.56368E-02    1.41977E-02    4.48861E-02
     1.19700E+00    4.43367E-01    2.10434E-01    4.43478E-01   -1.24729E-01    2.58472E-02    1.53739E-02    1.40550E-02    4.45580E-02
     1.20150E+00    4.39851E-01    2.07841E-01    4.44018E-01   -1.23330E-01    2.54846E-02    1.51148E-02    1.39152E-02    4.42323E-02
     1.20600E+00    4.36384E-01    2.05270E-01    4.44548E-01   -1.21941E-01    2.51279E-02    1.48596E-02    1.37780E-02    4.39088E-02
     1.21050E+00    4.32964E-01    2.02722E-01    4.45068E-01   -1.20561E-01    2.47769E-02    1.46081E-02    1.36436E-02    4.35876E-02
     1.21500E+00    4.29592E-01    2.00196E-01    4.45579E-01   -1.19191E-01    2.44316E-02    1.43603E-02    1.35117E-02    4.32688E-02
     1.21950E+00    4.26267E-01    1.97693E-01    4.46080E-01   -1.17831E-01    2.40919E-02    1.41162E-02    1.33824E-02    4.29522E-02
     1.22400E+00    4.22987E-01    1.95211E-01    4.46572E-01   -1.16479E-01    2.37577E-02    1.38757E-02    1.32557E-02    4.26380E-02
     1.22850E+00    4.19754E-01    1.92751E-01    4.47055E-01   -1.15138E-01    2.34290E-02    1.36388E-02    1.31314E-02    4.23261E-02
     1.23300E+00    4.16565E-01    1.90312E-01    4.47529E-01   -1.13805E-01    2.31056E-02    1.34054E-02    1.30096E-02    4.20165E-02
     1.23750E+00    4.13421E-01    1.87895E-01    4.47995E-01   -1.12482E-01    2.27876E-02    1.31755E-02    1.28901E-02    4.17093E-02
     1.24200E+00    4.10322E-01    1.85498E-01    4.48451E-01   -1.11168E-01    2.24748E-02    1.29489E-02    1.27730E-02    4.14044E-02
     1.24650E+00    4.07266E-01    1.83123E-01    4.48899E-01   -1.09863E-01    2.21671E-02    1.27258E-02    1.26581E-02    4.11019E-02
     1.25100E+00    4.04253E-01    1.80769E-01    4.49339E-01   -1.08567E-01    2.18645E-02    1.25060E-02    1.25456E-02    4.08017E-02
     1.25550E+00    4.01283E-01    1.78435E-01    4.49770E-01   -1.07281E-01    2.15669E-02    1.22895E-02    1.24352E-02    4.05039E-02
     1.26000E+00    3.98355E-01    1.76122E-01    4.50193E-01   -1.06003E-01    2.12742E-02    1.20762E-02    1.23270E-02    4.02085E-02
     1.26450E+00    3.95469E-01    1.73828E-01    4.50609E-01   -1.04734E-01    2.09864E-02    1.18661E-02    1.22210E-02    3.99154E-02
     1.26900E+00    3.92624E-01    1.71555E-01    4.51016E-01   -1.03474E-01    2.07034E-02    1.16592E-02    1.21170E-02    3.96247E-02
     1.27350E+00    3.89820E-01    1.69302E-01    4.51416E-01   -1.02222E-01    2.04251E-02    1.14553E-02    1.20151E-02    3.93364E-02
     1.27800E+00    3.87056E-01    1.67069E-01    4.51809E-01   -1.00980E-01    2.01515E-02    1.12545E-02    1.19152E-02    3.90505E-02
     1.28250E+00    3.84332E-01    1.64855E-01    4.52194E-01   -9.97454E-02    1.98825E-02    1.10568E-02    1.18173E-02    3.87669E-02
     1.28700E+00    3.81648E-01    1.62660E-01    4.52571E-01   -9.85199E-02    1.96181E-02    1.08620E-02    1.17213E-02    3.84858E-02
     1.29150E+00    3.79002E-01    1.60485E-01    4.52942E-01   -9.73028E-02    1.93581E-02    1.06701E-02    1.16272E-02    3.82070E-02
     1.29600E+00    3.76396E-01    1.58328E-01    4.53305E-01   -9.60941E-02    1.91025E-02    1.04811E-02    1.15350E-02    3.79306E-02
     1.30050E+00    3.73827E-01    1.56190E-01    4.53661E-01   -9.48937E-02    1.88512E-02    1.02950E-02    1.14447E-02    3.76566E-02
     1.30500E+00    3.71296E-01    1.54071E-01    4.54011E-01   -9.37017E-02    1.86042E-02    1.01117E-02    1.13561E-02    3.73850E-02
     1.30950E+00    3.68802E-01    1.51971E-01    4.54354E-01   -9.25178E-02    1.83615E-02    9.93112E-03    1.12693E-02    3.71157E-02
     1.31400E+00    3.66345E-01    1.49889E-01    4.54690E-01   -9.13421E-02    1.81229E-02    9.75328E-03    1.11842E-02    3.68489E-02
     1.31850E+00    3.63925E-01    1.47824E-01    4.55020E-01   -9.01745E-02    1.78884E-02    9.57811E-03    1.11008E-02    3.65844E-02
     1.32300E+00    3.61541E-01    1.45778E-01    4.55344E-01   -8.90149E-02    1.76580E-02    9.40559E-03    1.10191E-02    3.63224E-02
     1.32750E+00    3.59192E-01    1.43750E-01    4.55661E-01   -8.78632E-02    1.74315E-02    9.23567E-03    1.09391E-02    3.60627E-02
     1.33200E+00    3.56879E-01    1.41739E-01    4.55972E-01   -8.67195E-02    1.72090E-02    9.06831E-03    1.08606E-02    3.58054E-02
     1.33650E+00    3.54601E-01    1.39745E-01    4.56277E-01   -8.55835E-02    1.69903E-02    8.90347E-03    1.07838E-02    3.55505E-02
     1.34100E+00    3.52357E-01    1.37769E-01    4.56576E-01   -8.44554E-02    1.67755E-02    8.74112E-03    1.07084E-02    3.52980E-02
     1.34550E+00    3.50147E-01    1.35810E-01    4.56870E-01   -8.33349E-02    1.65645E-02    8.58122E-03    1.06346E-02    3.50478E-02
     1.35000E+00    3.47971E-01    1.33867E-01    4.57157E-01   -8.22220E-02    1.63571E-02    8.42373E-03    1.05623E-02    3.48001E-02
     1.35450E+00    3.45829E-01    1.31942E-01    4.57439E-01   -8.11167E-02    1.61534E-02    8.26861E-03    1.04915E-02    3.45547E-02
     1.35900E+00    3.43719E-01    1.30033E-01    4.57715E-01   -8.00190E-02    1.59534E-02    8.11583E-03    1.04221E-02    3.43117E-02
     1.36350E+00    3.41643E-01    1.28140E-01    4.57986E-01   -7.89286E-02    1.57569E-02    7.96535E-03    1.03541E-02    3.40711E-02
     1.36800E+00    3.39598E-01    1.26264E-01    4.58252E-01   -7.78457E-02    1.55639E-02    7.81713E-03    1.02875E-02    3.38328E-02
     1.37250E+00    3.37586E-01    1.24403E-01    4.58512E-01   -7.67700E-02    1.53743E-02    7.67115E-03    1.02223E-02    3.35969E-02
     1.37700E+00    3.35605E-01    1.22559E-01    4.58767E-01   -7.57016E-02    1.51882E-02    7.52736E-03    1.01584E-02    3.33634E-02
     1.38150E+00    3.33656E-01    1.20730E-01    4.59017E-01   -7.46404E-02    1.50054E-02    7.38573E-03    1.00958E-02    3.31323E-02
     1.38600E+00    3.31738E-01    1.18917E-01    4.59262E-01   -7.35863E-02    1.48260E-02    7.24622E-03    1.00345E-02    3.29035E-02
     1.39050E+00    3.29850E-01    1.17119E-01    4.59502E-01   -7.25393E-02    1.46498E-02    7.10881E-03    9.97449E-03    3.26771E-02
     1.39500E+00    3.27993E-01    1.15336E-01    4.59737E-01   -7.14993E-02    1.44768E-02    6.97346E-03    9.91571E-03    3.24530E-02
     1.39950E+00    3.26166E-01    1.13569E-01    4.59968E-01   -7.04662E-02    1.43070E-02    6.84013E-03    9.85814E-03    3.22313E-02
     1.40400E+00    3.24368E-01    1.11816E-01    4.60193E-01   -6.94400E-02    1.41404E-02    6.70880E-03    9.80178E-03    3.20120E-02
     1.40850E+00    3.22600E-01    1.10078E-01    4.60414E-01   -6.84207E-02    1.39768E-02    6.57943E-03    9.74659E-03    3.17950E-02
     1.41300E+00    3.20861E-01    1.08355E-01    4.60631E-01   -6.74081E-02    1.38163E-02    6.45199E-03    9.69256E-03    3.15803E-02
     1.41750E+00    3.19151E-01    1.06646E-01    4.60843E-01   -6.64022E-02    1.36588E-02    6.32645E-03    9.63967E-03    3.13680E-02
     1.42200E+00    3.17470E-01    1.04952E-01    4.61051E-01   -6.54029E-02    1.35043E-02    6.20277E-03    9.58789E-03    3.11581E-02
     1.42650E+00    3.15816E-01    1.03271E-01    4.61254E-01   -6.44102E-02    1.33526E-02    6.08093E-03    9.53721E-03    3.09505E-02
     1.43100E+00    3.14191E-01    1.01605E-01    4.61453E-01   -6.34241E-02    1.32039E-02    5.96090E-03    9.48760E-03    3.07452E-02
     1.43550E+00    3.12593E-01    9.99525E-02    4.61648E-01   -6.24444E-02    1.30580E-02    5.84264E-03    9.43905E-03    3.05423E-02
     1.44000E+00    3.11023E-01    9.83136E-02    4.61839E-01   -6.14711E-02    1.29149E-02    5.72614E-03    9.39154E-03    3.03417E-02
     1.44450E+00    3.09479E-01    9.66882E-02    4.62026E-01   -6.05042E-02    1.27746E-02    5.61134E-03    9.34504E-03    3.01434E-02
     1.44900E+00    3.07963E-01    9.50762E-02    4.62208E-01   -5.95436E-02    1.26370E-02    5.49824E-03    9.29955E-03    2.99475E-02
     1.45350E+00    3.06473E-01    9.34774E-02    4.62387E-01   -5.85892E-02    1.25021E-02    5.38680E-03    9.25505E-03    2.97539E-02
     1.45800E+00    3.05009E-01    9.18918E-02    4.62562E-01   -5.76410E-02    1.23698E-02    5.27699E-03    9.21151E-03    2.95626E-02
     1.46250E+00    3.03571E-01    9.03190E-02    4.62734E-01   -5.66989E-02    1.22402E-02    5.16879E-03    9.16893E-03    2.93737E-02
     1.46700E+00    3.02160E-01    8.87590E-02    4.62901E-01   -5.57629E-02    1.21131E-02    5.06216E-03    9.12728E-03    2.91870E-02
     1.47150E+00    3.00773E-01    8.72117E-02    4.63065E-01   -5.48329E-02    1.19886E-02    4.95708E-03    9.08654E-03    2.90027E-02
     1.47600E+00    2.99412E-01    8.56769E-02    4.63225E-01   -5.39089E-02    1.18666E-02    4.85353E-03    9.04671E-03    2.88207E-02
     1.48050E+00    2.98076E-01    8.41544E-02    4.63382E-01   -5.29907E-02    1.17471E-02    4.75147E-03    9.00777E-03    2.86411E-02
     1.48500E+00    2.96765E-01    8.26442E-02    4.63535E-01   -5.20785E-02    1.16301E-02    4.65089E-03    8.96970E-03    2.84637E-02
     1.48950E+00    2.95478E-01    8.11460E-02    4.63685E-01   -5.11720E-02    1.15154E-02    4.55174E-03    8.93249E-03    2.82887E-02
     1.49400E+00    2.94216E-01    7.96598E-02    4.63832E-01   -5.02713E-02    1.14031E-02    4.45402E-03    8.89612E-03    2.81160E-02
     1.49850E+00    2.92977E-01    7.81853E-02    4.63975E-01   -4.93763E-02    1.12932E-02    4.35769E-03    8.86058E-03    2.79456E-02
     1.50300E+00    2.91763E-01    7.67226E-02    4.64115E-01   -4.84869E-02    1.11856E-02    4.26274E-03    8.82585E-03    2.77775E-02
     1.50750E+00    2.90572E-01    7.52713E-02    4.64251E-01   -4.76031E-02    1.10803E-02    4.16912E-03    8.79192E-03    2.76117E-02
     1.51200E+00    2.89404E-01    7.38315E-02    4.64385E-01   -4.67248E-02    1.09772E-02    4.07683E-03    8.75879E-03    2.74482E-02
     1.51650E+00    2.88260E-01    7.24029E-02    4.64515E-01   -4.58521E-02    1.08764E-02    3.98583E-03    8.72642E-03    2.72871E-02
     1.52100E+00    2.87139E-01    7.09855E-02    4.64643E-01   -4.49847E-02    1.07778E-02    3.89611E-03    8.69482E-03    2.71282E-02
     1.52550E+00    2.86040E-01    6.95791E-02    4.64767E-01   -4.41228E-02    1.06813E-02    3.80764E-03    8.66397E-03    2.69717E-02
     1.53000E+00    2.84964E-01    6.81835E-02    4.64888E-01   -4.32662E-02    1.05870E-02    3.72039E-03    8.63386E-03    2.68175E-02
     1.53450E+00    2.83910E-01    6.67987E-02    4.65006E-01   -4.24148E-02    1.04949E-02    3.63435E-03    8.60447E-03    2.66656E-02
     1.53900E+00    2.82878E-01    6.54244E-02    4.65122E-01   -4.15688E-02    1.04048E-02    3.54949E-03    8.57580E-03    2.65160E-02
     1.54350E+00    2.81869E-01    6.40607E-02    4.65235E-01   -4.07279E-02    1.03167E-02    3.46578E-03    8.54783E-03    2.63688E-02
     1.54800E+00    2.80881E-01    6.27073E-02    4.65344E-01   -3.98921E-02    1.02307E-02    3.38322E-03    8.52056E-03    2.62238E-02
     1.55250E+00    2.79914E-01    6.13642E-02    4.65452E-01   -3.90615E-02    1.01468E-02    3.30177E-03    8.49396E-03    2.60812E-02
     1.55700E+00    2.78969E-01    6.00312E-02    4.65556E-01   -3.82359E-02    1.00648E-02    3.22141E-03    8.46803E-03    2.59409E-02
     1.56150E+00    2.78045E-01    5.87082E-02    4.65658E-01   -3.74153E-02    9.98474E-03    3.14213E-03    8.44276E-03    2.58029E-02
     1.56600E+00    2.77142E-01    5.73950E-02    4.65757E-01   -3.65996E-02    9.90666E-03    3.06390E-03    8.41815E-03    2.56673E-02
     1.57050E+00    2.76260E-01    5.60916E-02    4.65853E-01   -3.57889E-02    9.83049E-03    2.98670E-03    8.39417E-03    2.55339E-02
     1.57500E+00    2.75399E-01    5.47978E-02    4.65947E-01   -3.49830E-02    9.75621E-03    2.91051E-03    8.37082E-03    2.54029E-02
     1.57950E+00    2.74558E-01    5.35135E-02    4.66038E-01   -3.41820E-02    9.68381E-03    2.83532E-03    8.34809E-03    2.52743E-02
     1.58400E+00    2.73737E-01    5.22386E-02    4.66127E-01   -3.33857E-02    9.61325E-03    2.76109E-03    8.32598E-03    2.51480E-02
     1.58850E+00    2.72936E-01    5.09730E-02    4.66214E-01   -3.25941E-02    9.54453E-03    2.68781E-03    8.30446E-03    2.50240E-02
     1.59300E+00    2.72155E-01    4.97165E-02    4.66298E-01   -3.18073E-02    9.47760E-03    2.61547E-03    8.28354E-03    2.49024E-02
     1.59750E+00    2.71394E-01    4.84691E-02    4.66380E-01   -3.10251E-02    9.41246E-03    2.54404E-03    8.26321E-03    2.47831E-02
     1.60200E+00    2.70652E-01    4.72306E-02    4.66459E-01   -3.02474E-02    9.34909E-03    2.47350E-03    8.24345E-03    2.46662E-02
     1.60650E+00    2.69930E-01    4.60009E-02    4.66536E-01   -2.94744E-02    9.28746E-03    2.40384E-03    8.22426E-03    2.45517E-02
     1.61100E+00    2.69227E-01    4.47799E-02    4.66611E-01   -2.87058E-02    9.22755E-03    2.33503E-03    8.20562E-03    2.44395E-02
     1.61550E+00    2.68544E-01    4.35675E-02    4.66683E-01   -2.79417E-02    9.16935E-03    2.26706E-03    8.18754E-03    2.43297E-02
     1.62000E+00    2.67879E-01    4.23636E-02    4.66754E-01   -2.71821E-02    9.11284E-03    2.19991E-03    8.17001E-03    2.42223E-02
     1.62450E+00    2.67233E-01    4.11681E-02    4.66822E-01   -2.64268E-02    9.05799E-03    2.13357E-03    8.15301E-03    2.41172E-02
     1.62900E+00    2.66606E-01    3.99808E-02    4.66888E-01   -2.56759E-02    9.00479E-03    2.06800E-03    8.13654E-03    2.40146E-02
     1.63350E+00    2.65997E-01    3.88017E-02    4.66952E-01   -2.49293E-02    8.95322E-03    2.00321E-03    8.12060E-03    2.39144E-02
     1.63800E+00    2.65407E-01    3.76307E-02    4.67013E-01   -2.41869E-02    8.90327E-03    1.93916E-03    8.10517E-03    2.38165E-02
     1.64250E+00    2.64834E-01    3.64676E-02    4.67073E-01   -2.34488E-02    8.85491E-03    1.87585E-03    8.09025E-03    2.37211E-02
     1.64700E+00    2.64280E-01    3.53123E-02    4.67131E-01   -2.27149E-02    8.80814E-03    1.81325E-03    8.07583E-03    2.36282E-02
     1.65150E+00    2.63744E-01    3.41648E-02    4.67186E-01   -2.19851E-02    8.76293E-03    1.75134E-03    8.06191E-03    2.35377E-02
     1.65600E+00    2.63226E-01    3.30249E-02    4.67240E-01   -2.12595E-02    8.71926E-03    1.69012E-03    8.04847E-03    2.34496E-02
     1.66050E+00    2.62725E-01    3.18926E-02    4.67292E-01   -2.05379E-02    8.67713E-03    1.62957E-03    8.03552E-03    2.33639E-02
     1.66500E+00    2.62242E-01    3.07677E-02    4.67342E-01   -1.98203E-02    8.63652E-03    1.56966E-03    8.02305E-03    2.32808E-02
     1.66950E+00    2.61776E-01    2.96501E-02    4.67389E-01   -1.91068E-02    8.59741E-03    1.51039E-03    8.01105E-03    2.32001E-02
     1.67400E+00    2.61328E-01    2.85398E-02    4.67435E-01   -1.83972E-02    8.55978E-03    1.45174E-03    7.99952E-03    2.31219E-02
     1.67850E+00    2.60897E-01    2.74366E-02    4.67479E-01   -1.76916E-02    8.52363E-03    1.39368E-03    7.98845E-03    2.30463E-02
     1.68300E+00    2.60482E-01    2.63404E-02    4.67522E-01   -1.69898E-02    8.48894E-03    1.33622E-03    7.97783E-03    2.29731E-02
     1.68750E+00    2.60085E-01    2.52512E-02    4.67562E-01   -1.62919E-02    8.45570E-03    1.27932E-03    7.96767E-03    2.29025E-02
     1.69200E+00    2.59705E-01    2.41688E-02    4.67601E-01   -1.55978E-02    8.42389E-03    1.22298E-03    7.95795E-03    2.28344E-02
     1.69650E+00    2.59341E-01    2.30932E-02    4.67638E-01   -1.49075E-02    8.39350E-03    1.16718E-03    7.94867E-03    2.27688E-02
     1.70100E+00    2.58994E-01    2.20243E-02    4.67673E-01   -1.42209E-02    8.36451E-03    1.11190E-03    7.93982E-03    2.27059E-02
     1.70550E+00    2.58663E-01    2.09619E-02    4.67706E-01   -1.35381E-02    8.33692E-03    1.05714E-03    7.93141E-03    2.26455E-02
     1.71000E+00    2.58349E-01    1.99060E-02    4.67738E-01   -1.28589E-02    8.31072E-03    1.00287E-03    7.92342E-03    2.25877E-02
     1.71450E+00    2.58050E-01    1.88565E-02    4.67768E-01   -1.21834E-02    8.28588E-03    9.49076E-04    7.91586E-03    2.25326E-02
     1.71900E+00    2.57769E-01    1.78132E-02    4.67796E-01   -1.15115E-02    8.26241E-03    8.95754E-04    7.90872E-03    2.24800E-02
     1.72350E+00    2.57503E-01    1.67762E-02    4.67823E-01   -1.08432E-02    8.24029E-03    8.42884E-04    7.90199E-03    2.24302E-02
     1.72800E+00    2.57253E-01    1.57453E-02    4.67848E-01   -1.01784E-02    8.21950E-03    7.90452E-04    7.89567E-03    2.23830E-02
     1.73250E+00    2.57018E-01    1.47204E-02    4.67871E-01   -9.51719E-03    8.20004E-03    7.38444E-04    7.88976E-03    2.23384E-02
     1.73700E+00    2.56800E-01    1.37014E-02    4.67893E-01   -8.85943E-03    8.18190E-03    6.86847E-04    7.88425E-03    2.22966E-02
     1.74150E+00    2.56597E-01    1.26883E-02    4.67913E-01   -8.20513E-03    8.16507E-03    6.35646E-04    7.87914E-03    2.22576E-02
     1.74600E+00    2.56410E-01    1.16810E-02    4.67932E-01   -7.55425E-03    8.14954E-03    5.84828E-04    7.87442E-03    2.22212E-02
     1.75050E+00    2.56238E-01    1.06793E-02    4.67949E-01   -6.90677E-03    8.13529E-03    5.34378E-04    7.87010E-03    2.21877E-02
     1.75500E+00    2.56082E-01    9.68326E-03    4.67964E-01   -6.26265E-03    8.12233E-03    4.84284E-04    7.86617E-03    2.21569E-02
     1.75950E+00    2.55941E-01    8.69271E-03    4.67978E-01   -5.62186E-03    8.11064E-03    4.34533E-04    7.86263E-03    2.21289E-02
     1.76400E+00    2.55815E-01    7.70758E-03    4.67991E-01   -4.98438E-03    8.10021E-03    3.85110E-04    7.85947E-03    2.21038E-02
     1.76850E+00    2.55704E-01    6.72780E-03    4.68002E-01   -4.35017E-03    8.09103E-03    3.36003E-04    7.85669E-03    2.20815E-02
     1.77300E+00    2.55608E-01    5.75329E-03    4.68011E-01   -3.71920E-03    8.08310E-03    2.87199E-04    7.85428E-03    2.20622E-02
     1.77750E+00    2.55527E-01    4.78395E-03    4.68019E-01   -3.09145E-03    8.07641E-03    2.38684E-04    7.85226E-03    2.20457E-02
     1.78200E+00    2.55461E-01    3.81972E-03    4.68026E-01   -2.46690E-03    8.07095E-03    1.90445E-04    7.85061E-03    2.20322E-02
     1.78650E+00    2.55410E-01    2.86052E-03    4.68031E-01   -1.84550E-03    8.06672E-03    1.42470E-04    7.84933E-03    2.20216E-02
     1.79100E+00    2.55374E-01    1.90625E-03    4.68034E-01   -1.22724E-03    8.06370E-03    9.47462E-05    7.84841E-03    2.20140E-02
     1.79550E+00    2.55352E-01    9.56857E-04    4.68036E-01   -6.12078E-04    8.06190E-03    4.72604E-05    7.84787E-03    2.20094E-02
     1.80000E+00    2.55344E-01    1.22488E-05    4.68037E-01    0.00000E+00    8.06130E-03    3.64304E-25    7.84769E-03    2.20079E-02
