     1.00000E-05    3.82244E+00   -2.07641E-05   -5.30432E-01   -1.67798E-05    4.26663E-01    6.72231E-06    3.50195E-01    8.30673E-11
     3.75997E-03    3.82230E+00    1.54346E-02   -5.30382E-01   -6.30890E-03    4.26646E-01    2.52742E-03    3.50175E-01    1.17429E-05
     7.50995E-03    3.82186E+00    3.08242E-02   -5.30235E-01   -1.25994E-02    4.26595E-01    5.04724E-03    3.50114E-01    4.68393E-05
     1.12599E-02    3.82113E+00    4.62056E-02   -5.29989E-01   -1.88866E-02    4.26510E-01    7.56530E-03    3.50013E-01    1.05267E-04
     1.50099E-02    3.82012E+00    6.15749E-02   -5.29645E-01   -2.51690E-02    4.26391E-01    1.00807E-02    3.49872E-01    1.86990E-04
     1.87599E-02    3.81881E+00    7.69280E-02   -5.29203E-01   -3.14449E-02    4.26238E-01    1.25926E-02    3.49690E-01    2.91956E-04
     2.25098E-02    3.81721E+00    9.22610E-02   -5.28663E-01   -3.77127E-02    4.26051E-01    1.51001E-02    3.49468E-01    4.20100E-04
     2.62598E-02    3.81533E+00    1.07570E-01   -5.28026E-01   -4.39708E-02    4.25831E-01    1.76024E-02    3.49207E-01    5.71342E-04
     3.00098E-02    3.81316E+00    1.22850E-01   -5.27291E-01   -5.02175E-02    4.25576E-01    2.00985E-02    3.48905E-01    7.45586E-04
     3.37598E-02    3.81070E+00    1.38099E-01   -5.26459E-01   -5.64514E-02    4.25288E-01    2.25877E-02    3.48563E-01    9.42723E-04
     3.75097E-02    3.80795E+00    1.53311E-01   -5.25530E-01   -6.26707E-02    4.24967E-01    2.50690E-02    3.48182E-01    1.16263E-03
     4.12597E-02    3.80491E+00    1.68483E-01   -5.24505E-01   -6.88740E-02    4.24611E-01    2.75416E-02    3.47761E-01    1.40517E-03
     4.50097E-02    3.80159E+00    1.83612E-01   -5.23384E-01   -7.50596E-02    4.24223E-01    3.00047E-02    3.47301E-01    1.67019E-03
     4.87597E-02    3.79799E+00    1.98692E-01   -5.22167E-01   -8.12260E-02    4.23801E-01    3.24573E-02    3.46802E-01    1.95753E-03
     5.25096E-02    3.79410E+00    2.13720E-01   -5.20855E-01   -8.73716E-02    4.23346E-01    3.48988E-02    3.46264E-01    2.26701E-03
     5.62596E-02    3.78993E+00    2.28693E-01   -5.19448E-01   -9.34950E-02    4.22858E-01    3.73282E-02    3.45687E-01    2.59843E-03
     6.00096E-02    3.78548E+00    2.43607E-01   -5.17947E-01   -9.95945E-02    4.22337E-01    3.97448E-02    3.45072E-01    2.95159E-03
     6.37596E-02    3.78075E+00    2.58457E-01   -5.16352E-01   -1.05669E-01    4.21783E-01    4.21477E-02    3.44418E-01    3.32627E-03
     6.75095E-02    3.77575E+00    2.73240E-01   -5.14664E-01   -1.11716E-01    4.21196E-01    4.45362E-02    3.43727E-01    3.72225E-03
     7.12595E-02    3.77046E+00    2.87952E-01   -5.12883E-01   -1.17735E-01    4.20577E-01    4.69094E-02    3.42998E-01    4.13927E-03
     7.50095E-02    3.76490E+00    3.02590E-01   -5.11011E-01   -1.23724E-01    4.19926E-01    4.92666E-02    3.42232E-01    4.57708E-03
     7.87595E-02    3.75907E+00    3.17150E-01   -5.09047E-01   -1.29682E-01    4.19243E-01    5.16070E-02    3.41428E-01    5.03541E-03
     8.25094E-02    3.75297E+00    3.31629E-01   -5.06993E-01   -1.35608E-01    4.18528E-01    5.39298E-02    3.40589E-01    5.51398E-03
     8.62594E-02    3.74659E+00    3.46022E-01   -5.04849E-01   -1.41499E-01    4.17781E-01    5.62344E-02    3.39712E-01    6.01250E-03
     9.00094E-02    3.73995E+00    3.60326E-01   -5.02617E-01   -1.47355E-01    4.17002E-01    5.85200E-02    3.38800E-01    6.53067E-03
     9.37594E-02    3.73304E+00    3.74538E-01   -5.00296E-01   -1.53174E-01    4.16193E-01    6.07858E-02    3.37853E-01    7.06817E-03
     9.75093E-02    3.72587E+00    3.88654E-01   -4.97887E-01   -1.58955E-01    4.15352E-01    6.30311E-02    3.36870E-01    7.62467E-03
     1.01259E-01    3.71843E+00    4.02672E-01   -4.95392E-01   -1.64696E-01    4.14480E-01    6.52554E-02    3.35852E-01    8.19985E-03
     1.05009E-01    3.71074E+00    4.16587E-01   -4.92812E-01   -1.70396E-01    4.13578E-01    6.74578E-02    3.34801E-01    8.79335E-03
     1.08759E-01    3.70278E+00    4.30396E-01   -4.90147E-01   -1.76055E-01    4.12645E-01    6.96378E-02    3.33715E-01    9.40482E-03
     1.12509E-01    3.69457E+00    4.44096E-01   -4.87397E-01   -1.81669E-01    4.11682E-01    7.17946E-02    3.32596E-01    1.00339E-02
     1.16259E-01    3.68611E+00    4.57685E-01   -4.84566E-01   -1.87240E-01    4.10690E-01    7.39277E-02    3.31443E-01    1.06802E-02
     1.20009E-01    3.67740E+00    4.71158E-01   -4.81652E-01   -1.92764E-01    4.09667E-01    7.60364E-02    3.30259E-01    1.13434E-02
     1.23759E-01    3.66844E+00    4.84513E-01   -4.78657E-01   -1.98242E-01    4.08616E-01    7.81202E-02    3.29042E-01    1.20230E-02
     1.27509E-01    3.65923E+00    4.97747E-01   -4.75583E-01   -2.03671E-01    4.07535E-01    8.01784E-02    3.27794E-01    1.27186E-02
     1.31259E-01    3.64978E+00    5.10856E-01   -4.72429E-01   -2.09051E-01    4.06426E-01    8.22105E-02    3.26514E-01    1.34300E-02
     1.35009E-01    3.64009E+00    5.23839E-01   -4.69198E-01   -2.14380E-01    4.05288E-01    8.42159E-02    3.25205E-01    1.41565E-02
     1.38759E-01    3.63016E+00    5.36692E-01   -4.65891E-01   -2.19658E-01    4.04123E-01    8.61941E-02    3.23865E-01    1.48979E-02
     1.42509E-01    3.62000E+00    5.49412E-01   -4.62507E-01   -2.24883E-01    4.02929E-01    8.81445E-02    3.22495E-01    1.56537E-02
     1.46259E-01    3.60960E+00    5.61997E-01   -4.59050E-01   -2.30055E-01    4.01708E-01    9.00668E-02    3.21097E-01    1.64234E-02
     1.50009E-01    3.59898E+00    5.74444E-01   -4.55519E-01   -2.35172E-01    4.00460E-01    9.19603E-02    3.19670E-01    1.72067E-02
     1.53759E-01    3.58813E+00    5.86751E-01   -4.51916E-01   -2.40233E-01    3.99185E-01    9.38247E-02    3.18216E-01    1.80030E-02
     1.57509E-01    3.57705E+00    5.98914E-01   -4.48242E-01   -2.45238E-01    3.97883E-01    9.56595E-02    3.16734E-01    1.88119E-02
     1.61259E-01    3.56576E+00    6.10933E-01   -4.44499E-01   -2.50185E-01    3.96555E-01    9.74642E-02    3.15225E-01    1.96330E-02
     1.65009E-01    3.55425E+00    6.22803E-01   -4.40687E-01   -2.55074E-01    3.95202E-01    9.92384E-02    3.13690E-01    2.04658E-02
     1.68759E-01    3.54252E+00    6.34524E-01   -4.36808E-01   -2.59903E-01    3.93823E-01    1.00982E-01    3.12130E-01    2.13099E-02
     1.72509E-01    3.53058E+00    6.46092E-01   -4.32863E-01   -2.64673E-01    3.92418E-01    1.02694E-01    3.10545E-01    2.21647E-02
     1.76259E-01    3.51844E+00    6.57506E-01   -4.28853E-01   -2.69381E-01    3.90990E-01    1.04375E-01    3.08935E-01    2.30299E-02
     1.80009E-01    3.50609E+00    6.68764E-01   -4.24780E-01   -2.74028E-01    3.89536E-01    1.06023E-01    3.07301E-01    2.39049E-02
     1.83759E-01    3.49354E+00    6.79864E-01   -4.20644E-01   -2.78613E-01    3.88059E-01    1.07640E-01    3.05645E-01    2.47892E-02
     1.87509E-01    3.48079E+00    6.90803E-01   -4.16448E-01   -2.83134E-01    3.86558E-01    1.09224E-01    3.03965E-01    2.56825E-02
     1.91259E-01    3.46784E+00    7.01580E-01   -4.12192E-01   -2.87592E-01    3.85034E-01    1.10775E-01    3.02264E-01    2.65841E-02
     1.95009E-01    3.45471E+00    7.12193E-01   -4.07878E-01   -2.91985E-01    3.83487E-01    1.12293E-01    3.00541E-01    2.74937E-02
     1.98759E-01    3.44139E+00    7.22640E-01   -4.03507E-01   -2.96312E-01    3.81918E-01    1.13778E-01    2.98798E-01    2.84107E-02
     2.02509E-01    3.42788E+00    7.32920E-01   -3.99080E-01   -3.00575E-01    3.80326E-01    1.15229E-01    2.97034E-01    2.93347E-02
     2.06259E-01    3.41419E+00    7.43032E-01   -3.94599E-01   -3.04770E-01    3.78713E-01    1.16646E-01    2.95251E-01    3.02652E-02
     2.10009E-01    3.40033E+00    7.52973E-01   -3.90065E-01   -3.08900E-01    3.77079E-01    1.18030E-01    2.93449E-01    3.12018E-02
     2.13759E-01    3.38629E+00    7.62742E-01   -3.85479E-01   -3.12961E-01    3.75424E-01    1.19379E-01    2.91629E-01    3.21438E-02
     2.17509E-01    3.37208E+00    7.72339E-01   -3.80844E-01   -3.16955E-01    3.73748E-01    1.20695E-01    2.89791E-01    3.30909E-02
     2.21259E-01    3.35771E+00    7.81761E-01   -3.76159E-01   -3.20881E-01    3.72053E-01    1.21976E-01    2.87936E-01    3.40426E-02
     2.25008E-01    3.34317E+00    7.91008E-01   -3.71427E-01   -3.24738E-01    3.70337E-01    1.23222E-01    2.86065E-01    3.49984E-02
     2.28758E-01    3.32848E+00    8.00079E-01   -3.66648E-01   -3.28526E-01    3.68603E-01    1.24434E-01    2.84178E-01    3.59578E-02
     2.32508E-01    3.31362E+00    8.08972E-01   -3.61825E-01   -3.32244E-01    3.66849E-01    1.25611E-01    2.82276E-01    3.69204E-02
     2.36258E-01    3.29862E+00    8.17686E-01   -3.56958E-01   -3.35893E-01    3.65078E-01    1.26753E-01    2.80359E-01    3.78856E-02
     2.40008E-01    3.28347E+00    8.26221E-01   -3.52050E-01   -3.39471E-01    3.63288E-01    1.27861E-01    2.78429E-01    3.88531E-02
     2.43758E-01    3.26817E+00    8.34576E-01   -3.47100E-01   -3.42979E-01    3.61481E-01    1.28934E-01    2.76485E-01    3.98224E-02
     2.47508E-01    3.25273E+00    8.42750E-01   -3.42111E-01   -3.46417E-01    3.59657E-01    1.29972E-01    2.74529E-01    4.07930E-02
     2.51258E-01    3.23716E+00    8.50743E-01   -3.37084E-01   -3.49784E-01    3.57816E-01    1.30975E-01    2.72560E-01    4.17644E-02
     2.55008E-01    3.22145E+00    8.58554E-01   -3.32021E-01   -3.53079E-01    3.55959E-01    1.31944E-01    2.70580E-01    4.27362E-02
     2.58758E-01    3.20561E+00    8.66181E-01   -3.26922E-01   -3.56304E-01    3.54086E-01    1.32878E-01    2.68590E-01    4.37080E-02
     2.62508E-01    3.18965E+00    8.73626E-01   -3.21789E-01   -3.59457E-01    3.52198E-01    1.33777E-01    2.66589E-01    4.46793E-02
     2.66258E-01    3.17356E+00    8.80888E-01   -3.16624E-01   -3.62539E-01    3.50295E-01    1.34641E-01    2.64578E-01    4.56497E-02
     2.70008E-01    3.15736E+00    8.87966E-01   -3.11428E-01   -3.65549E-01    3.48378E-01    1.35472E-01    2.62559E-01    4.66187E-02
     2.73758E-01    3.14104E+00    8.94860E-01   -3.06201E-01   -3.68488E-01    3.46446E-01    1.36267E-01    2.60531E-01    4.75860E-02
     2.77508E-01    3.12461E+00    9.01569E-01   -3.00946E-01   -3.71355E-01    3.44501E-01    1.37029E-01    2.58496E-01    4.85511E-02
     2.81258E-01    3.10807E+00    9.08095E-01   -2.95664E-01   -3.74150E-01    3.42542E-01    1.37756E-01    2.56453E-01    4.95135E-02
     2.85008E-01    3.09143E+00    9.14437E-01   -2.90356E-01   -3.76874E-01    3.40571E-01    1.38449E-01    2.54403E-01    5.04730E-02
     2.88758E-01    3.07469E+00    9.20594E-01   -2.85023E-01   -3.79526E-01    3.38588E-01    1.39109E-01    2.52348E-01    5.14290E-02
     2.92508E-01    3.05785E+00    9.26567E-01   -2.79667E-01   -3.82107E-01    3.36593E-01    1.39735E-01    2.50287E-01    5.23812E-02
     2.96258E-01    3.04092E+00    9.32357E-01   -2.74289E-01   -3.84616E-01    3.34586E-01    1.40327E-01    2.48221E-01    5.33293E-02
     3.00008E-01    3.02390E+00    9.37963E-01   -2.68890E-01   -3.87054E-01    3.32568E-01    1.40886E-01    2.46151E-01    5.42727E-02
     3.03758E-01    3.00680E+00    9.43386E-01   -2.63471E-01   -3.89421E-01    3.30540E-01    1.41412E-01    2.44077E-01    5.52112E-02
     3.07508E-01    2.98961E+00    9.48626E-01   -2.58035E-01   -3.91717E-01    3.28501E-01    1.41906E-01    2.42000E-01    5.61444E-02
     3.11258E-01    2.97235E+00    9.53683E-01   -2.52581E-01   -3.93942E-01    3.26453E-01    1.42367E-01    2.39920E-01    5.70719E-02
     3.15008E-01    2.95501E+00    9.58559E-01   -2.47112E-01   -3.96096E-01    3.24396E-01    1.42795E-01    2.37838E-01    5.79934E-02
     3.18758E-01    2.93761E+00    9.63253E-01   -2.41629E-01   -3.98180E-01    3.22329E-01    1.43191E-01    2.35755E-01    5.89085E-02
     3.22508E-01    2.92013E+00    9.67767E-01   -2.36132E-01   -4.00194E-01    3.20255E-01    1.43556E-01    2.33670E-01    5.98170E-02
     3.26258E-01    2.90260E+00    9.72100E-01   -2.30623E-01   -4.02138E-01    3.18172E-01    1.43889E-01    2.31585E-01    6.07183E-02
     3.30008E-01    2.88500E+00    9.76255E-01   -2.25103E-01   -4.04012E-01    3.16081E-01    1.44191E-01    2.29499E-01    6.16124E-02
     3.33758E-01    2.86735E+00    9.80230E-01   -2.19574E-01   -4.05817E-01    3.13984E-01    1.44462E-01    2.27414E-01    6.24987E-02
     3.37508E-01    2.84964E+00    9.84028E-01   -2.14036E-01   -4.07553E-01    3.11880E-01    1.44703E-01    2.25330E-01    6.33771E-02
     3.41258E-01    2.83189E+00    9.87650E-01   -2.08491E-01   -4.09220E-01    3.09769E-01    1.44913E-01    2.23247E-01    6.42472E-02
     3.45008E-01    2.81408E+00    9.91095E-01   -2.02940E-01   -4.10819E-01    3.07653E-01    1.45094E-01    2.21166E-01    6.51088E-02
     3.48758E-01    2.79624E+00    9.94366E-01   -1.97384E-01   -4.12350E-01    3.05531E-01    1.45244E-01    2.19088E-01    6.59616E-02
     3.52508E-01    2.77836E+00    9.97463E-01   -1.91824E-01   -4.13814E-01    3.03404E-01    1.45366E-01    2.17012E-01    6.68052E-02
     3.56258E-01    2.76044E+00    1.00039E+00   -1.86261E-01   -4.15210E-01    3.01272E-01    1.45459E-01    2.14940E-01    6.76395E-02
     3.60008E-01    2.74249E+00    1.00314E+00   -1.80697E-01   -4.16540E-01    2.99136E-01    1.45523E-01    2.12871E-01    6.84642E-02
     3.63758E-01    2.72451E+00    1.00572E+00   -1.75132E-01   -4.17803E-01    2.96996E-01    1.45559E-01    2.10806E-01    6.92790E-02
     3.67508E-01    2.70651E+00    1.00814E+00   -1.69567E-01   -4.19001E-01    2.94852E-01    1.45568E-01    2.08746E-01    7.00837E-02
     3.71258E-01    2.68848E+00    1.01038E+00   -1.64004E-01   -4.20133E-01    2.92706E-01    1.45549E-01    2.06690E-01    7.08781E-02
     3.75007E-01    2.67044E+00    1.01246E+00   -1.58444E-01   -4.21201E-01    2.90556E-01    1.45503E-01    2.04640E-01    7.16620E-02
     3.78757E-01    2.65238E+00    1.01438E+00   -1.52887E-01   -4.22204E-01    2.88405E-01    1.45431E-01    2.02596E-01    7.24351E-02
     3.82507E-01    2.63430E+00    1.01613E+00   -1.47334E-01   -4.23143E-01    2.86251E-01    1.45332E-01    2.00558E-01    7.31973E-02
     3.86257E-01    2.61622E+00    1.01772E+00   -1.41787E-01   -4.24019E-01    2.84096E-01    1.45208E-01    1.98526E-01    7.39483E-02
     3.90007E-01    2.59813E+00    1.01914E+00   -1.36247E-01   -4.24833E-01    2.81939E-01    1.45058E-01    1.96501E-01    7.46880E-02
     3.93757E-01    2.58004E+00    1.02041E+00   -1.30714E-01   -4.25584E-01    2.79782E-01    1.44884E-01    1.94484E-01    7.54162E-02
     3.97507E-01    2.56194E+00    1.02152E+00   -1.25190E-01   -4.26273E-01    2.77625E-01    1.44685E-01    1.92474E-01    7.61328E-02
     4.01257E-01    2.54385E+00    1.02248E+00   -1.19675E-01   -4.26902E-01    2.75467E-01    1.44462E-01    1.90472E-01    7.68375E-02
     4.05007E-01    2.52577E+00    1.02328E+00   -1.14170E-01   -4.27470E-01    2.73309E-01    1.44215E-01    1.88478E-01    7.75302E-02
     4.08757E-01    2.50769E+00    1.02393E+00   -1.08677E-01   -4.27978E-01    2.71152E-01    1.43945E-01    1.86493E-01    7.82108E-02
     4.12507E-01    2.48962E+00    1.02443E+00   -1.03195E-01   -4.28427E-01    2.68996E-01    1.43653E-01    1.84517E-01    7.88792E-02
     4.16257E-01    2.47157E+00    1.02478E+00   -9.77267E-02   -4.28817E-01    2.66841E-01    1.43338E-01    1.82550E-01    7.95352E-02
     4.20007E-01    2.45354E+00    1.02498E+00   -9.22718E-02   -4.29150E-01    2.64688E-01    1.43001E-01    1.80592E-01    8.01786E-02
     4.23757E-01    2.43552E+00    1.02503E+00   -8.68315E-02   -4.29424E-01    2.62537E-01    1.42643E-01    1.78645E-01    8.08095E-02
     4.27507E-01    2.41753E+00    1.02494E+00   -8.14066E-02   -4.29643E-01    2.60388E-01    1.42264E-01    1.76707E-01    8.14277E-02
     4.31257E-01    2.39956E+00    1.02471E+00   -7.59978E-02   -4.29805E-01    2.58242E-01    1.41864E-01    1.74780E-01    8.20330E-02
     4.35007E-01    2.38162E+00    1.02434E+00   -7.06061E-02   -4.29911E-01    2.56098E-01    1.41444E-01    1.72863E-01    8.26255E-02
     4.38757E-01    2.36371E+00    1.02383E+00   -6.52320E-02   -4.29963E-01    2.53958E-01    1.41004E-01    1.70957E-01    8.32051E-02
     4.42507E-01    2.34583E+00    1.02319E+00   -5.98764E-02   -4.29961E-01    2.51822E-01    1.40545E-01    1.69063E-01    8.37716E-02
     4.46257E-01    2.32798E+00    1.02241E+00   -5.45399E-02   -4.29905E-01    2.49689E-01    1.40068E-01    1.67179E-01    8.43249E-02
     4.50007E-01    2.31018E+00    1.02149E+00   -4.92234E-02   -4.29797E-01    2.47560E-01    1.39572E-01    1.65307E-01    8.48652E-02
     4.53757E-01    2.29241E+00    1.02045E+00   -4.39275E-02   -4.29637E-01    2.45436E-01    1.39058E-01    1.63447E-01    8.53922E-02
     4.57507E-01    2.27469E+00    1.01928E+00   -3.86528E-02   -4.29425E-01    2.43317E-01    1.38527E-01    1.61599E-01    8.59060E-02
     4.61257E-01    2.25701E+00    1.01798E+00   -3.34000E-02   -4.29162E-01    2.41202E-01    1.37979E-01    1.59763E-01    8.64066E-02
     4.65007E-01    2.23937E+00    1.01655E+00   -2.81698E-02   -4.28850E-01    2.39093E-01    1.37414E-01    1.57940E-01    8.68938E-02
     4.68757E-01    2.22179E+00    1.01501E+00   -2.29628E-02   -4.28489E-01    2.36989E-01    1.36833E-01    1.56129E-01    8.73677E-02
     4.72507E-01    2.20426E+00    1.01334E+00   -1.77797E-02   -4.28079E-01    2.34892E-01    1.36236E-01    1.54331E-01    8.78283E-02
     4.76257E-01    2.18677E+00    1.01156E+00   -1.26209E-02   -4.27621E-01    2.32800E-01    1.35624E-01    1.52546E-01    8.82756E-02
     4.80007E-01    2.16935E+00    1.00965E+00   -7.48707E-03   -4.27116E-01    2.30715E-01    1.34998E-01    1.50774E-01    8.87095E-02
     4.83757E-01    2.15198E+00    1.00764E+00   -2.37882E-03   -4.26565E-01    2.28636E-01    1.34356E-01    1.49015E-01    8.91300E-02
     4.87507E-01    2.13467E+00    1.00551E+00    2.70336E-03   -4.25968E-01    2.26565E-01    1.33701E-01    1.47269E-01    8.95373E-02
     4.91257E-01    2.11743E+00    1.00327E+00    7.75891E-03   -4.25326E-01    2.24500E-01    1.33033E-01    1.45537E-01    8.99312E-02
     4.95007E-01    2.10024E+00    1.00092E+00    1.27873E-02   -4.24640E-01    2.22442E-01    1.32351E-01    1.43819E-01    9.03119E-02
     4.98757E-01    2.08312E+00    9.98461E-01    1.77881E-02   -4.23911E-01    2.20393E-01    1.31657E-01    1.42115E-01    9.06793E-02
     5.02507E-01    2.06607E+00    9.95902E-01    2.27608E-02   -4.23139E-01    2.18351E-01    1.30950E-01    1.40424E-01    9.10335E-02
     5.06257E-01    2.04908E+00    9.93240E-01    2.77050E-02   -4.22325E-01    2.16317E-01    1.30232E-01    1.38747E-01    9.13746E-02
     5.10007E-01    2.03217E+00    9.90477E-01    3.26201E-02   -4.21470E-01    2.14291E-01    1.29502E-01    1.37085E-01    9.17025E-02
     5.13757E-01    2.01533E+00    9.87617E-01    3.75057E-02   -4.20574E-01    2.12274E-01    1.28761E-01    1.35436E-01    9.20173E-02
     5.17507E-01    1.99856E+00    9.84660E-01    4.23615E-02   -4.19639E-01    2.10265E-01    1.28010E-01    1.33802E-01    9.23191E-02
     5.21257E-01    1.98186E+00    9.81609E-01    4.71870E-02   -4.18664E-01    2.08265E-01    1.27248E-01    1.32182E-01    9.26080E-02
     5.25006E-01    1.96525E+00    9.78466E-01    5.19819E-02   -4.17651E-01    2.06274E-01    1.26476E-01    1.30577E-01    9.28839E-02
     5.28756E-01    1.94871E+00    9.75233E-01    5.67457E-02   -4.16601E-01    2.04293E-01    1.25695E-01    1.28986E-01    9.31471E-02
     5.32506E-01    1.93225E+00    9.71911E-01    6.14781E-02   -4.15514E-01    2.02320E-01    1.24905E-01    1.27410E-01    9.33975E-02
     5.36256E-01    1.91587E+00    9.68504E-01    6.61788E-02   -4.14391E-01    2.00358E-01    1.24107E-01    1.25848E-01    9.36352E-02
     5.40006E-01    1.89957E+00    9.65013E-01    7.08475E-02   -4.13232E-01    1.98405E-01    1.23300E-01    1.24301E-01    9.38604E-02
     5.43756E-01    1.88335E+00    9.61440E-01    7.54838E-02   -4.12038E-01    1.96462E-01    1.22485E-01    1.22769E-01    9.40731E-02
     5.47506E-01    1.86723E+00    9.57787E-01    8.00874E-02   -4.10811E-01    1.94529E-01    1.21662E-01    1.21251E-01    9.42733E-02
     5.51256E-01    1.85118E+00    9.54056E-01    8.46580E-02   -4.09551E-01    1.92607E-01    1.20833E-01    1.19748E-01    9.44613E-02
     5.55006E-01    1.83522E+00    9.50249E-01    8.91955E-02   -4.08257E-01    1.90694E-01    1.19996E-01    1.18260E-01    9.46370E-02
     5.58756E-01    1.81936E+00    9.46367E-01    9.36995E-02   -4.06933E-01    1.88793E-01    1.19153E-01    1.16787E-01    9.48007E-02
     5.62506E-01    1.80358E+00    9.42414E-01    9.81697E-02   -4.05577E-01    1.86902E-01    1.18304E-01    1.15329E-01    9.49523E-02
     5.66256E-01    1.78789E+00    9.38391E-01    1.02606E-01   -4.04190E-01    1.85021E-01    1.17449E-01    1.13885E-01    9.50921E-02
     5.70006E-01    1.77229E+00    9.34300E-01    1.07008E-01   -4.02774E-01    1.83152E-01    1.16589E-01    1.12456E-01    9.52201E-02
     5.73756E-01    1.75679E+00    9.30142E-01    1.11376E-01   -4.01329E-01    1.81294E-01    1.15724E-01    1.11042E-01    9.53364E-02
     5.77506E-01    1.74138E+00    9.25920E-01    1.15709E-01   -3.99856E-01    1.79447E-01    1.14853E-01    1.09643E-01    9.54412E-02
     5.81256E-01    1.72606E+00    9.21635E-01    1.20008E-01   -3.98355E-01    1.77612E-01    1.13979E-01    1.08259E-01    9.55346E-02
     5.85006E-01    1.71084E+00    9.17290E-01    1.24272E-01   -3.96828E-01    1.75787E-01    1.13100E-01    1.06890E-01    9.56166E-02
     5.88756E-01    1.69571E+00    9.12886E-01    1.28500E-01   -3.95274E-01    1.73975E-01    1.12217E-01    1.05535E-01    9.56875E-02
     5.92506E-01    1.68068E+00    9.08425E-01    1.32694E-01   -3.93694E-01    1.72174E-01    1.11331E-01    1.04195E-01    9.57474E-02
     5.96256E-01    1.66575E+00    9.03910E-01    1.36852E-01   -3.92090E-01    1.70384E-01    1.10442E-01    1.02870E-01    9.57963E-02
     6.00006E-01    1.65091E+00    8.99340E-01    1.40975E-01   -3.90461E-01    1.68607E-01    1.09550E-01    1.01559E-01    9.58345E-02
     6.03756E-01    1.63618E+00    8.94720E-01    1.45062E-01   -3.88809E-01    1.66842E-01    1.08655E-01    1.00263E-01    9.58620E-02
     6.07506E-01    1.62154E+00    8.90050E-01    1.49114E-01   -3.87134E-01    1.65088E-01    1.07758E-01    9.89820E-02    9.58790E-02
     6.11256E-01    1.60700E+00    8.85332E-01    1.53130E-01   -3.85437E-01    1.63347E-01    1.06858E-01    9.77153E-02    9.58856E-02
     6.15006E-01    1.59257E+00    8.80567E-01    1.57110E-01   -3.83718E-01    1.61617E-01    1.05957E-01    9.64631E-02    9.58820E-02
     6.18756E-01    1.57823E+00    8.75758E-01    1.61055E-01   -3.81978E-01    1.59901E-01    1.05055E-01    9.52254E-02    9.58684E-02
     6.22506E-01    1.56400E+00    8.70907E-01    1.64964E-01   -3.80218E-01    1.58196E-01    1.04151E-01    9.40021E-02    9.58447E-02
     6.26256E-01    1.54987E+00    8.66014E-01    1.68837E-01   -3.78438E-01    1.56504E-01    1.03246E-01    9.27931E-02    9.58113E-02
     6.30006E-01    1.53584E+00    8.61082E-01    1.72674E-01   -3.76639E-01    1.54824E-01    1.02340E-01    9.15984E-02    9.57682E-02
     6.33756E-01    1.52191E+00    8.56112E-01    1.76475E-01   -3.74822E-01    1.53156E-01    1.01434E-01    9.04180E-02    9.57155E-02
     6.37506E-01    1.50809E+00    8.51106E-01    1.80240E-01   -3.72986E-01    1.51502E-01    1.00528E-01    8.92518E-02    9.56535E-02
     6.41256E-01    1.49437E+00    8.46065E-01    1.83970E-01   -3.71134E-01    1.49859E-01    9.96212E-02    8.80996E-02    9.55823E-02
     6.45006E-01    1.48075E+00    8.40991E-01    1.87663E-01   -3.69265E-01    1.48230E-01    9.87149E-02    8.69614E-02    9.55020E-02
     6.48756E-01    1.46724E+00    8.35886E-01    1.91321E-01   -3.67379E-01    1.46613E-01    9.78090E-02    8.58372E-02    9.54128E-02
     6.52506E-01    1.45383E+00    8.30750E-01    1.94943E-01   -3.65478E-01    1.45009E-01    9.69037E-02    8.47269E-02    9.53148E-02
     6.56256E-01    1.44053E+00    8.25586E-01    1.98529E-01   -3.63562E-01    1.43417E-01    9.59993E-02    8.36303E-02    9.52082E-02
     6.60006E-01    1.42733E+00    8.20395E-01    2.02080E-01   -3.61632E-01    1.41839E-01    9.50960E-02    8.25474E-02    9.50931E-02
     6.63756E-01    1.41423E+00    8.15179E-01    2.05595E-01   -3.59688E-01    1.40273E-01    9.41939E-02    8.14782E-02    9.49697E-02
     6.67506E-01    1.40124E+00    8.09938E-01    2.09074E-01   -3.57731E-01    1.38720E-01    9.32932E-02    8.04224E-02    9.48381E-02
     6.71256E-01    1.38836E+00    8.04675E-01    2.12518E-01   -3.55761E-01    1.37180E-01    9.23942E-02    7.93801E-02    9.46985E-02
     6.75005E-01    1.37558E+00    7.99391E-01    2.15927E-01   -3.53778E-01    1.35652E-01    9.14971E-02    7.83512E-02    9.45511E-02
     6.78755E-01    1.36291E+00    7.94086E-01    2.19300E-01   -3.51784E-01    1.34138E-01    9.06019E-02    7.73355E-02    9.43959E-02
     6.82505E-01    1.35034E+00    7.88763E-01    2.22638E-01   -3.49779E-01    1.32636E-01    8.97089E-02    7.63329E-02    9.42331E-02
     6.86255E-01    1.33787E+00    7.83423E-01    2.25941E-01   -3.47763E-01    1.31148E-01    8.88183E-02    7.53435E-02    9.40629E-02
     6.90005E-01    1.32552E+00    7.78067E-01    2.29209E-01   -3.45737E-01    1.29672E-01    8.79302E-02    7.43670E-02    9.38854E-02
     6.93755E-01    1.31326E+00    7.72696E-01    2.32442E-01   -3.43701E-01    1.28209E-01    8.70449E-02    7.34033E-02    9.37009E-02
     6.97505E-01    1.30111E+00    7.67311E-01    2.35640E-01   -3.41656E-01    1.26759E-01    8.61623E-02    7.24524E-02    9.35093E-02
     7.01255E-01    1.28907E+00    7.61914E-01    2.38804E-01   -3.39603E-01    1.25322E-01    8.52828E-02    7.15142E-02    9.33109E-02
     7.05005E-01    1.27713E+00    7.56507E-01    2.41934E-01   -3.37541E-01    1.23898E-01    8.44063E-02    7.05885E-02    9.31059E-02
     7.08755E-01    1.26530E+00    7.51089E-01    2.45029E-01   -3.35471E-01    1.22486E-01    8.35332E-02    6.96753E-02    9.28943E-02
     7.12505E-01    1.25357E+00    7.45663E-01    2.48090E-01   -3.33394E-01    1.21088E-01    8.26635E-02    6.87745E-02    9.26764E-02
     7.16255E-01    1.24194E+00    7.40229E-01    2.51117E-01   -3.31310E-01    1.19702E-01    8.17974E-02    6.78858E-02    9.24522E-02
     7.20005E-01    1.23042E+00    7.34789E-01    2.54110E-01   -3.29220E-01    1.18329E-01    8.09349E-02    6.70093E-02    9.22220E-02
     7.23755E-01    1.21901E+00    7.29344E-01    2.57070E-01   -3.27123E-01    1.16969E-01    8.00763E-02    6.61449E-02    9.19858E-02
     7.27505E-01    1.20769E+00    7.23894E-01    2.59996E-01   -3.25022E-01    1.15622E-01    7.92216E-02    6.52923E-02    9.17438E-02
     7.31255E-01    1.19648E+00    7.18441E-01    2.62889E-01   -3.22914E-01    1.14287E-01    7.83709E-02    6.44516E-02    9.14961E-02
     7.35005E-01    1.18538E+00    7.12986E-01    2.65749E-01   -3.20803E-01    1.12966E-01    7.75244E-02    6.36225E-02    9.12430E-02
     7.38755E-01    1.17437E+00    7.07530E-01    2.68576E-01   -3.18686E-01    1.11656E-01    7.66821E-02    6.28050E-02    9.09845E-02
     7.42505E-01    1.16347E+00    7.02073E-01    2.71370E-01   -3.16566E-01    1.10360E-01    7.58443E-02    6.19990E-02    9.07207E-02
     7.46255E-01    1.15267E+00    6.96618E-01    2.74132E-01   -3.14442E-01    1.09076E-01    7.50108E-02    6.12044E-02    9.04519E-02
     7.50005E-01    1.14197E+00    6.91163E-01    2.76861E-01   -3.12315E-01    1.07805E-01    7.41820E-02    6.04210E-02    9.01781E-02
     7.53755E-01    1.13138E+00    6.85712E-01    2.79558E-01   -3.10185E-01    1.06546E-01    7.33578E-02    5.96488E-02    8.98995E-02
     7.57505E-01    1.12088E+00    6.80264E-01    2.82224E-01   -3.08053E-01    1.05300E-01    7.25383E-02    5.88875E-02    8.96162E-02
     7.61255E-01    1.11049E+00    6.74820E-01    2.84858E-01   -3.05919E-01    1.04066E-01    7.17237E-02    5.81372E-02    8.93284E-02
     7.65005E-01    1.10020E+00    6.69382E-01    2.87460E-01   -3.03782E-01    1.02844E-01    7.09139E-02    5.73977E-02    8.90362E-02
     7.68755E-01    1.09000E+00    6.63950E-01    2.90031E-01   -3.01645E-01    1.01635E-01    7.01092E-02    5.66688E-02    8.87397E-02
     7.72505E-01    1.07991E+00    6.58524E-01    2.92571E-01   -2.99506E-01    1.00439E-01    6.93095E-02    5.59506E-02    8.84391E-02
     7.76255E-01    1.06991E+00    6.53106E-01    2.95081E-01   -2.97366E-01    9.92542E-02    6.85149E-02    5.52427E-02    8.81344E-02
     7.80005E-01    1.06002E+00    6.47697E-01    2.97559E-01   -2.95226E-01    9.80819E-02    6.77255E-02    5.45453E-02    8.78259E-02
     7.83755E-01    1.05022E+00    6.42297E-01    3.00008E-01   -2.93086E-01    9.69218E-02    6.69413E-02    5.38580E-02    8.75136E-02
     7.87505E-01    1.04052E+00    6.36906E-01    3.02426E-01   -2.90946E-01    9.57738E-02    6.61624E-02    5.31809E-02    8.71976E-02
     7.91255E-01    1.03092E+00    6.31526E-01    3.04814E-01   -2.88806E-01    9.46379E-02    6.53889E-02    5.25138E-02    8.68782E-02
     7.95005E-01    1.02141E+00    6.26158E-01    3.07173E-01   -2.86667E-01    9.35139E-02    6.46208E-02    5.18565E-02    8.65554E-02
     7.98755E-01    1.01200E+00    6.20801E-01    3.09503E-01   -2.84529E-01    9.24019E-02    6.38582E-02    5.12090E-02    8.62293E-02
     8.02505E-01    1.00269E+00    6.15457E-01    3.11803E-01   -2.82393E-01    9.13018E-02    6.31011E-02    5.05712E-02    8.59000E-02
     8.06255E-01    9.93471E-01    6.10126E-01    3.14074E-01   -2.80258E-01    9.02134E-02    6.23495E-02    4.99430E-02    8.55678E-02
     8.10005E-01    9.84348E-01    6.04810E-01    3.16317E-01   -2.78124E-01    8.91368E-02    6.16035E-02    4.93242E-02    8.52326E-02
     8.13755E-01    9.75319E-01    5.99507E-01    3.18531E-01   -2.75993E-01    8.80719E-02    6.08631E-02    4.87147E-02    8.48946E-02
     8.17505E-01    9.66384E-01    5.94220E-01    3.20717E-01   -2.73864E-01    8.70186E-02    6.01284E-02    4.81144E-02    8.45539E-02
     8.21255E-01    9.57542E-01    5.88948E-01    3.22875E-01   -2.71738E-01    8.59768E-02    5.93994E-02    4.75233E-02    8.42107E-02
     8.25004E-01    9.48793E-01    5.83692E-01    3.25006E-01   -2.69614E-01    8.49466E-02    5.86761E-02    4.69411E-02    8.38650E-02
     8.28754E-01    9.40136E-01    5.78453E-01    3.27108E-01   -2.67494E-01    8.39277E-02    5.79586E-02    4.63678E-02    8.35170E-02
     8.32504E-01    9.31571E-01    5.73231E-01    3.29184E-01   -2.65376E-01    8.29202E-02    5.72468E-02    4.58033E-02    8.31667E-02
     8.36254E-01    9.23097E-01    5.68026E-01    3.31233E-01   -2.63262E-01    8.19240E-02    5.65408E-02    4.52475E-02    8.28143E-02
     8.40004E-01    9.14713E-01    5.62840E-01    3.33255E-01   -2.61152E-01    8.09390E-02    5.58407E-02    4.47003E-02    8.24599E-02
     8.43754E-01    9.06419E-01    5.57672E-01    3.35251E-01   -2.59046E-01    7.99651E-02    5.51463E-02    4.41615E-02    8.21036E-02
     8.47504E-01    8.98214E-01    5.52523E-01    3.37220E-01   -2.56943E-01    7.90023E-02    5.44579E-02    4.36310E-02    8.17454E-02
     8.51254E-01    8.90099E-01    5.47394E-01    3.39163E-01   -2.54845E-01    7.80505E-02    5.37752E-02    4.31088E-02    8.13855E-02
     8.55004E-01    8.82071E-01    5.42285E-01    3.41081E-01   -2.52752E-01    7.71095E-02    5.30984E-02    4.25947E-02    8.10240E-02
     8.58754E-01    8.74131E-01    5.37195E-01    3.42973E-01   -2.50663E-01    7.61795E-02    5.24276E-02    4.20887E-02    8.06609E-02
     8.62504E-01    8.66278E-01    5.32127E-01    3.44840E-01   -2.48579E-01    7.52602E-02    5.17625E-02    4.15906E-02    8.02964E-02
     8.66254E-01    8.58511E-01    5.27079E-01    3.46682E-01   -2.46499E-01    7.43516E-02    5.11034E-02    4.11003E-02    7.99306E-02
     8.70004E-01    8.50830E-01    5.22053E-01    3.48500E-01   -2.44425E-01    7.34536E-02    5.04502E-02    4.06178E-02    7.95636E-02
     8.73754E-01    8.43235E-01    5.17048E-01    3.50292E-01   -2.42356E-01    7.25662E-02    4.98028E-02    4.01428E-02    7.91954E-02
     8.77504E-01    8.35724E-01    5.12065E-01    3.52061E-01   -2.40293E-01    7.16892E-02    4.91613E-02    3.96754E-02    7.88261E-02
     8.81254E-01    8.28297E-01    5.07105E-01    3.53806E-01   -2.38235E-01    7.08226E-02    4.85257E-02    3.92154E-02    7.84558E-02
     8.85004E-01    8.20953E-01    5.02167E-01    3.55527E-01   -2.36183E-01    6.99663E-02    4.78960E-02    3.87628E-02    7.80847E-02
     8.88754E-01    8.13692E-01    4.97252E-01    3.57224E-01   -2.34137E-01    6.91203E-02    4.72721E-02    3.83173E-02    7.77128E-02
     8.92504E-01    8.06513E-01    4.92360E-01    3.58898E-01   -2.32097E-01    6.82844E-02    4.66541E-02    3.78790E-02    7.73401E-02
     8.96254E-01    7.99416E-01    4.87492E-01    3.60549E-01   -2.30063E-01    6.74586E-02    4.60420E-02    3.74477E-02    7.69668E-02
     9.00004E-01    7.92399E-01    4.82647E-01    3.62178E-01   -2.28035E-01    6.66428E-02    4.54356E-02    3.70234E-02    7.65930E-02
     9.03754E-01    7.85463E-01    4.77826E-01    3.63783E-01   -2.26014E-01    6.58369E-02    4.48352E-02    3.66059E-02    7.62187E-02
     9.07504E-01    7.78607E-01    4.73029E-01    3.65367E-01   -2.23999E-01    6.50408E-02    4.42405E-02    3.61952E-02    7.58440E-02
     9.11254E-01    7.71830E-01    4.68256E-01    3.66929E-01   -2.21991E-01    6.42545E-02    4.36516E-02    3.57911E-02    7.54689E-02
     9.15004E-01    7.65131E-01    4.63508E-01    3.68468E-01   -2.19989E-01    6.34779E-02    4.30685E-02    3.53935E-02    7.50937E-02
     9.18754E-01    7.58510E-01    4.58785E-01    3.69987E-01   -2.17995E-01    6.27109E-02    4.24911E-02    3.50025E-02    7.47182E-02
     9.22504E-01    7.51967E-01    4.54086E-01    3.71483E-01   -2.16007E-01    6.19535E-02    4.19195E-02    3.46178E-02    7.43427E-02
     9.26254E-01    7.45500E-01    4.49413E-01    3.72959E-01   -2.14026E-01    6.12054E-02    4.13536E-02    3.42394E-02    7.39671E-02
     9.30004E-01    7.39109E-01    4.44765E-01    3.74414E-01   -2.12052E-01    6.04667E-02    4.07934E-02    3.38672E-02    7.35916E-02
     9.33754E-01    7.32793E-01    4.40142E-01    3.75848E-01   -2.10086E-01    5.97374E-02    4.02388E-02    3.35011E-02    7.32162E-02
     9.37504E-01    7.26553E-01    4.35544E-01    3.77262E-01   -2.08127E-01    5.90172E-02    3.96899E-02    3.31411E-02    7.28410E-02
     9.41254E-01    7.20386E-01    4.30972E-01    3.78656E-01   -2.06175E-01    5.83061E-02    3.91466E-02    3.27870E-02    7.24660E-02
     9.45004E-01    7.14293E-01    4.26426E-01    3.80030E-01   -2.04231E-01    5.76041E-02    3.86090E-02    3.24387E-02    7.20913E-02
     9.48754E-01    7.08273E-01    4.21905E-01    3.81384E-01   -2.02294E-01    5.69111E-02    3.80768E-02    3.20962E-02    7.17170E-02
     9.52504E-01    7.02326E-01    4.17411E-01    3.82718E-01   -2.00364E-01    5.62269E-02    3.75503E-02    3.17594E-02    7.13431E-02
     9.56254E-01    6.96450E-01    4.12942E-01    3.84034E-01   -1.98443E-01    5.55516E-02    3.70292E-02    3.14283E-02    7.09698E-02
     9.60004E-01    6.90645E-01    4.08499E-01    3.85330E-01   -1.96529E-01    5.48850E-02    3.65136E-02    3.11026E-02    7.05969E-02
     9.63754E-01    6.84911E-01    4.04083E-01    3.86607E-01   -1.94622E-01    5.42271E-02    3.60035E-02    3.07824E-02    7.02247E-02
     9.67504E-01    6.79247E-01    3.99693E-01    3.87866E-01   -1.92724E-01    5.35777E-02    3.54987E-02    3.04676E-02    6.98532E-02
     9.71254E-01    6.73653E-01    3.95328E-01    3.89107E-01   -1.90833E-01    5.29368E-02    3.49994E-02    3.01580E-02    6.94824E-02
     9.75003E-01    6.68127E-01    3.90991E-01    3.90329E-01   -1.88951E-01    5.23043E-02    3.45054E-02    2.98537E-02    6.91124E-02
     9.78753E-01    6.62669E-01    3.86679E-01    3.91533E-01   -1.87076E-01    5.16802E-02    3.40167E-02    2.95545E-02    6.87432E-02
     9.82503E-01    6.57279E-01    3.82394E-01    3.92720E-01   -1.85209E-01    5.10644E-02    3.35334E-02    2.92603E-02    6.83749E-02
     9.86253E-01    6.51956E-01    3.78135E-01    3.93889E-01   -1.83350E-01    5.04567E-02    3.30552E-02    2.89712E-02    6.80075E-02
     9.90003E-01    6.46700E-01    3.73903E-01    3.95040E-01   -1.81500E-01    4.98571E-02    3.25823E-02    2.86869E-02    6.76412E-02
     9.93753E-01    6.41509E-01    3.69697E-01    3.96175E-01   -1.79657E-01    4.92656E-02    3.21145E-02    2.84075E-02    6.72758E-02
     9.97503E-01    6.36384E-01    3.65518E-01    3.97292E-01   -1.77823E-01    4.86820E-02    3.16519E-02    2.81329E-02    6.69116E-02
     1.00125E+00    6.31323E-01    3.61365E-01    3.98393E-01   -1.75997E-01    4.81063E-02    3.11944E-02    2.78629E-02    6.65485E-02
     1.00500E+00    6.26327E-01    3.57238E-01    3.99478E-01   -1.74179E-01    4.75384E-02    3.07420E-02    2.75976E-02    6.61865E-02
     1.00875E+00    6.21394E-01    3.53137E-01    4.00546E-01   -1.72369E-01    4.69783E-02    3.02945E-02    2.73368E-02    6.58258E-02
     1.01250E+00    6.16524E-01    3.49063E-01    4.01597E-01   -1.70568E-01    4.64258E-02    2.98521E-02    2.70805E-02    6.54664E-02
     1.01625E+00    6.11717E-01    3.45016E-01    4.02633E-01   -1.68774E-01    4.58808E-02    2.94146E-02    2.68287E-02    6.51083E-02
     1.02000E+00    6.06972E-01    3.40994E-01    4.03654E-01   -1.66989E-01    4.53434E-02    2.89821E-02    2.65812E-02    6.47515E-02
     1.02375E+00    6.02288E-01    3.36999E-01    4.04658E-01   -1.65213E-01    4.48134E-02    2.85544E-02    2.63379E-02    6.43961E-02
     1.02750E+00    5.97664E-01    3.33030E-01    4.05647E-01   -1.63444E-01    4.42908E-02    2.81315E-02    2.60989E-02    6.40422E-02
     1.03125E+00    5.93101E-01    3.29087E-01    4.06622E-01   -1.61684E-01    4.37755E-02    2.77134E-02    2.58641E-02    6.36897E-02
     1.03500E+00    5.88598E-01    3.25171E-01    4.07581E-01   -1.59933E-01    4.32674E-02    2.73001E-02    2.56334E-02    6.33388E-02
     1.03875E+00    5.84154E-01    3.21280E-01    4.08525E-01   -1.58189E-01    4.27664E-02    2.68915E-02    2.54066E-02    6.29894E-02
     1.04250E+00    5.79769E-01    3.17415E-01    4.09455E-01   -1.56454E-01    4.22725E-02    2.64875E-02    2.51839E-02    6.26416E-02
     1.04625E+00    5.75442E-01    3.13576E-01    4.10370E-01   -1.54728E-01    4.17856E-02    2.60882E-02    2.49651E-02    6.22954E-02
     1.05000E+00    5.71172E-01    3.09764E-01    4.11271E-01   -1.53009E-01    4.13056E-02    2.56934E-02    2.47501E-02    6.19508E-02
     1.05375E+00    5.66959E-01    3.05976E-01    4.12158E-01   -1.51299E-01    4.08325E-02    2.53032E-02    2.45389E-02    6.16080E-02
     1.05750E+00    5.62803E-01    3.02215E-01    4.13031E-01   -1.49598E-01    4.03661E-02    2.49175E-02    2.43315E-02    6.12669E-02
     1.06125E+00    5.58703E-01    2.98479E-01    4.13890E-01   -1.47905E-01    3.99065E-02    2.45363E-02    2.41277E-02    6.09276E-02
     1.06500E+00    5.54659E-01    2.94768E-01    4.14735E-01   -1.46220E-01    3.94536E-02    2.41595E-02    2.39275E-02    6.05900E-02
     1.06875E+00    5.50669E-01    2.91083E-01    4.15568E-01   -1.44543E-01    3.90072E-02    2.37870E-02    2.37310E-02    6.02543E-02
     1.07250E+00    5.46734E-01    2.87424E-01    4.16387E-01   -1.42875E-01    3.85673E-02    2.34189E-02    2.35379E-02    5.99204E-02
     1.07625E+00    5.42854E-01    2.83789E-01    4.17192E-01   -1.41215E-01    3.81339E-02    2.30551E-02    2.33483E-02    5.95884E-02
     1.08000E+00    5.39026E-01    2.80180E-01    4.17985E-01   -1.39563E-01    3.77069E-02    2.26956E-02    2.31621E-02    5.92583E-02
     1.08375E+00    5.35252E-01    2.76595E-01    4.18766E-01   -1.37920E-01    3.72862E-02    2.23402E-02    2.29792E-02    5.89301E-02
     1.08750E+00    5.31530E-01    2.73036E-01    4.19533E-01   -1.36285E-01    3.68718E-02    2.19890E-02    2.27996E-02    5.86039E-02
     1.09125E+00    5.27860E-01    2.69501E-01    4.20288E-01   -1.34658E-01    3.64635E-02    2.16419E-02    2.26233E-02    5.82798E-02
     1.09500E+00    5.24242E-01    2.65991E-01    4.21031E-01   -1.33040E-01    3.60614E-02    2.12989E-02    2.24502E-02    5.79576E-02
     1.09875E+00    5.20675E-01    2.62506E-01    4.21762E-01   -1.31429E-01    3.56653E-02    2.09600E-02    2.22802E-02    5.76375E-02
     1.10250E+00    5.17159E-01    2.59045E-01    4.22481E-01   -1.29827E-01    3.52752E-02    2.06250E-02    2.21134E-02    5.73194E-02
     1.10625E+00    5.13693E-01    2.55608E-01    4.23188E-01   -1.28234E-01    3.48911E-02    2.02940E-02    2.19496E-02    5.70035E-02
     1.11000E+00    5.10276E-01    2.52195E-01    4.23883E-01   -1.26648E-01    3.45128E-02    1.99669E-02    2.17888E-02    5.66896E-02
     1.11375E+00    5.06909E-01    2.48807E-01    4.24567E-01   -1.25070E-01    3.41403E-02    1.96437E-02    2.16309E-02    5.63779E-02
     1.11750E+00    5.03591E-01    2.45442E-01    4.25239E-01   -1.23501E-01    3.37736E-02    1.93243E-02    2.14760E-02    5.60684E-02
     1.12125E+00    5.00320E-01    2.42101E-01    4.25900E-01   -1.21940E-01    3.34126E-02    1.90086E-02    2.13239E-02    5.57611E-02
     1.12500E+00    4.97098E-01    2.38784E-01    4.26550E-01   -1.20387E-01    3.30572E-02    1.86968E-02    2.11747E-02    5.54560E-02
     1.12875E+00    4.93924E-01    2.35490E-01    4.27189E-01   -1.18842E-01    3.27074E-02    1.83886E-02    2.10282E-02    5.51531E-02
     1.13250E+00    4.90796E-01    2.32220E-01    4.27817E-01   -1.17305E-01    3.23630E-02    1.80840E-02    2.08845E-02    5.48524E-02
     1.13625E+00    4.87715E-01    2.28973E-01    4.28435E-01   -1.15775E-01    3.20242E-02    1.77831E-02    2.07435E-02    5.45541E-02
     1.14000E+00    4.84680E-01    2.25749E-01    4.29042E-01   -1.14254E-01    3.16907E-02    1.74858E-02    2.06051E-02    5.42580E-02
     1.14375E+00    4.81691E-01    2.22548E-01    4.29638E-01   -1.12741E-01    3.13626E-02    1.71920E-02    2.04694E-02    5.39643E-02
     1.14750E+00    4.78747E-01    2.19369E-01    4.30224E-01   -1.11236E-01    3.10397E-02    1.69017E-02    2.03362E-02    5.36728E-02
     1.15125E+00    4.75848E-01    2.16214E-01    4.30800E-01   -1.09739E-01    3.07221E-02    1.66148E-02    2.02055E-02    5.33838E-02
     1.15500E+00    4.72994E-01    2.13081E-01    4.31366E-01   -1.08249E-01    3.04097E-02    1.63314E-02    2.00774E-02    5.30971E-02
     1.15875E+00    4.70184E-01    2.09970E-01    4.31922E-01   -1.06768E-01    3.01023E-02    1.60513E-02    1.99517E-02    5.28128E-02
     1.16250E+00    4.67417E-01    2.06881E-01    4.32469E-01   -1.05294E-01    2.98000E-02    1.57745E-02    1.98284E-02    5.25309E-02
     1.16625E+00    4.64694E-01    2.03815E-01    4.33005E-01   -1.03828E-01    2.95028E-02    1.55010E-02    1.97075E-02    5.22514E-02
     1.17000E+00    4.62014E-01    2.00770E-01    4.33532E-01   -1.02370E-01    2.92105E-02    1.52308E-02    1.95889E-02    5.19744E-02
     1.17375E+00    4.59376E-01    1.97747E-01    4.34050E-01   -1.00919E-01    2.89231E-02    1.49638E-02    1.94727E-02    5.16998E-02
     1.17750E+00    4.56780E-01    1.94746E-01    4.34558E-01   -9.94765E-02    2.86405E-02    1.46999E-02    1.93587E-02    5.14277E-02
     1.18125E+00    4.54227E-01    1.91766E-01    4.35057E-01   -9.80413E-02    2.83628E-02    1.44392E-02    1.92469E-02    5.11581E-02
     1.18500E+00    4.51714E-01    1.88808E-01    4.35547E-01   -9.66137E-02    2.80898E-02    1.41816E-02    1.91374E-02    5.08910E-02
     1.18875E+00    4.49243E-01    1.85870E-01    4.36028E-01   -9.51937E-02    2.78215E-02    1.39270E-02    1.90300E-02    5.06264E-02
     1.19250E+00    4.46812E-01    1.82954E-01    4.36500E-01   -9.37812E-02    2.75578E-02    1.36754E-02    1.89248E-02    5.03644E-02
     1.19625E+00    4.44421E-01    1.80058E-01    4.36963E-01   -9.23761E-02    2.72988E-02    1.34267E-02    1.88217E-02    5.01049E-02
     1.20000E+00    4.42070E-01    1.77183E-01    4.37418E-01   -9.09786E-02    2.70443E-02    1.31811E-02    1.87206E-02    4.98480E-02
     1.20375E+00    4.39759E-01    1.74329E-01    4.37864E-01   -8.95885E-02    2.67943E-02    1.29383E-02    1.86216E-02    4.95936E-02
     1.20750E+00    4.37487E-01    1.71495E-01    4.38302E-01   -8.82058E-02    2.65488E-02    1.26983E-02    1.85246E-02    4.93419E-02
     1.21125E+00    4.35254E-01    1.68681E-01    4.38732E-01   -8.68304E-02    2.63076E-02    1.24612E-02    1.84296E-02    4.90928E-02
     1.21500E+00    4.33059E-01    1.65887E-01    4.39153E-01   -8.54624E-02    2.60709E-02    1.22268E-02    1.83366E-02    4.88463E-02
     1.21875E+00    4.30903E-01    1.63112E-01    4.39566E-01   -8.41016E-02    2.58384E-02    1.19952E-02    1.82454E-02    4.86024E-02
     1.22250E+00    4.28784E-01    1.60358E-01    4.39971E-01   -8.27481E-02    2.56103E-02    1.17663E-02    1.81562E-02    4.83612E-02
     1.22625E+00    4.26703E-01    1.57623E-01    4.40368E-01   -8.14018E-02    2.53863E-02    1.15400E-02    1.80688E-02    4.81226E-02
     1.23000E+00    4.24659E-01    1.54907E-01    4.40757E-01   -8.00626E-02    2.51666E-02    1.13164E-02    1.79833E-02    4.78868E-02
     1.23375E+00    4.22652E-01    1.52211E-01    4.41139E-01   -7.87306E-02    2.49510E-02    1.10953E-02    1.78995E-02    4.76536E-02
     1.23750E+00    4.20681E-01    1.49534E-01    4.41512E-01   -7.74057E-02    2.47395E-02    1.08769E-02    1.78176E-02    4.74231E-02
     1.24125E+00    4.18747E-01    1.46875E-01    4.41879E-01   -7.60878E-02    2.45321E-02    1.06609E-02    1.77374E-02    4.71954E-02
     1.24500E+00    4.16848E-01    1.44235E-01    4.42238E-01   -7.47769E-02    2.43286E-02    1.04474E-02    1.76589E-02    4.69704E-02
     1.24875E+00    4.14985E-01    1.41614E-01    4.42589E-01   -7.34730E-02    2.41292E-02    1.02363E-02    1.75822E-02    4.67482E-02
     1.25250E+00    4.13158E-01    1.39011E-01    4.42933E-01   -7.21761E-02    2.39337E-02    1.00277E-02    1.75071E-02    4.65287E-02
     1.25625E+00    4.11365E-01    1.36426E-01    4.43270E-01   -7.08860E-02    2.37421E-02    9.82145E-03    1.74337E-02    4.63119E-02
     1.26000E+00    4.09607E-01    1.33860E-01    4.43600E-01   -6.96028E-02    2.35543E-02    9.61752E-03    1.73619E-02    4.60980E-02
     1.26375E+00    4.07883E-01    1.31311E-01    4.43923E-01   -6.83264E-02    2.33703E-02    9.41590E-03    1.72917E-02    4.58869E-02
     1.26750E+00    4.06194E-01    1.28780E-01    4.44239E-01   -6.70568E-02    2.31902E-02    9.21655E-03    1.72231E-02    4.56785E-02
     1.27125E+00    4.04538E-01    1.26266E-01    4.44548E-01   -6.57939E-02    2.30137E-02    9.01943E-03    1.71561E-02    4.54730E-02
     1.27500E+00    4.02915E-01    1.23770E-01    4.44850E-01   -6.45378E-02    2.28410E-02    8.82452E-03    1.70906E-02    4.52704E-02
     1.27875E+00    4.01326E-01    1.21292E-01    4.45145E-01   -6.32882E-02    2.26720E-02    8.63177E-03    1.70266E-02    4.50706E-02
     1.28250E+00    3.99770E-01    1.18830E-01    4.45434E-01   -6.20454E-02    2.25065E-02    8.44115E-03    1.69642E-02    4.48736E-02
     1.28625E+00    3.98246E-01    1.16385E-01    4.45717E-01   -6.08090E-02    2.23447E-02    8.25263E-03    1.69032E-02    4.46796E-02
     1.29000E+00    3.96755E-01    1.13957E-01    4.45992E-01   -5.95793E-02    2.21864E-02    8.06618E-03    1.68437E-02    4.44884E-02
     1.29375E+00    3.95296E-01    1.11546E-01    4.46262E-01   -5.83560E-02    2.20316E-02    7.88176E-03    1.67856E-02    4.43001E-02
     1.29750E+00    3.93869E-01    1.09150E-01    4.46525E-01   -5.71392E-02    2.18804E-02    7.69934E-03    1.67289E-02    4.41148E-02
     1.30125E+00    3.92474E-01    1.06772E-01    4.46782E-01   -5.59288E-02    2.17326E-02    7.51889E-03    1.66736E-02    4.39324E-02
     1.30500E+00    3.91110E-01    1.04409E-01    4.47032E-01   -5.47248E-02    2.15882E-02    7.34037E-03    1.66197E-02    4.37529E-02
     1.30875E+00    3.89777E-01    1.02062E-01    4.47277E-01   -5.35272E-02    2.14472E-02    7.16376E-03    1.65672E-02    4.35764E-02
     1.31250E+00    3.88474E-01    9.97316E-02    4.47515E-01   -5.23358E-02    2.13095E-02    6.98902E-03    1.65160E-02    4.34028E-02
     1.31625E+00    3.87203E-01    9.74164E-02    4.47748E-01   -5.11507E-02    2.11752E-02    6.81612E-03    1.64661E-02    4.32323E-02
     1.32000E+00    3.85962E-01    9.51166E-02    4.47975E-01   -4.99719E-02    2.10442E-02    6.64502E-03    1.64175E-02    4.30647E-02
     1.32375E+00    3.84751E-01    9.28322E-02    4.48195E-01   -4.87992E-02    2.09164E-02    6.47571E-03    1.63702E-02    4.29002E-02
     1.32750E+00    3.83569E-01    9.05630E-02    4.48410E-01   -4.76327E-02    2.07919E-02    6.30814E-03    1.63242E-02    4.27386E-02
     1.33125E+00    3.82418E-01    8.83087E-02    4.48619E-01   -4.64724E-02    2.06705E-02    6.14229E-03    1.62795E-02    4.25802E-02
     1.33500E+00    3.81296E-01    8.60694E-02    4.48823E-01   -4.53180E-02    2.05524E-02    5.97813E-03    1.62360E-02    4.24248E-02
     1.33875E+00    3.80203E-01    8.38447E-02    4.49021E-01   -4.41698E-02    2.04374E-02    5.81562E-03    1.61937E-02    4.22724E-02
     1.34250E+00    3.79139E-01    8.16346E-02    4.49213E-01   -4.30275E-02    2.03255E-02    5.65473E-03    1.61526E-02    4.21231E-02
     1.34625E+00    3.78104E-01    7.94389E-02    4.49400E-01   -4.18912E-02    2.02167E-02    5.49544E-03    1.61127E-02    4.19770E-02
     1.35000E+00    3.77097E-01    7.72574E-02    4.49582E-01   -4.07608E-02    2.01109E-02    5.33772E-03    1.60740E-02    4.18339E-02
     1.35375E+00    3.76119E-01    7.50901E-02    4.49758E-01   -3.96363E-02    2.00082E-02    5.18154E-03    1.60364E-02    4.16940E-02
     1.35750E+00    3.75168E-01    7.29366E-02    4.49929E-01   -3.85177E-02    1.99085E-02    5.02686E-03    1.60000E-02    4.15573E-02
     1.36125E+00    3.74246E-01    7.07970E-02    4.50095E-01   -3.74048E-02    1.98117E-02    4.87367E-03    1.59648E-02    4.14237E-02
     1.36500E+00    3.73351E-01    6.86710E-02    4.50255E-01   -3.62978E-02    1.97179E-02    4.72192E-03    1.59307E-02    4.12933E-02
     1.36875E+00    3.72484E-01    6.65585E-02    4.50410E-01   -3.51965E-02    1.96271E-02    4.57160E-03    1.58976E-02    4.11660E-02
     1.37250E+00    3.71644E-01    6.44593E-02    4.50560E-01   -3.41008E-02    1.95391E-02    4.42267E-03    1.58657E-02    4.10420E-02
     1.37625E+00    3.70831E-01    6.23733E-02    4.50706E-01   -3.30109E-02    1.94541E-02    4.27511E-03    1.58349E-02    4.09213E-02
     1.38000E+00    3.70046E-01    6.03004E-02    4.50846E-01   -3.19266E-02    1.93719E-02    4.12888E-03    1.58051E-02    4.08037E-02
     1.38375E+00    3.69286E-01    5.82403E-02    4.50981E-01   -3.08479E-02    1.92925E-02    3.98397E-03    1.57764E-02    4.06895E-02
     1.38750E+00    3.68554E-01    5.61931E-02    4.51111E-01   -2.97747E-02    1.92159E-02    3.84034E-03    1.57487E-02    4.05785E-02
     1.39125E+00    3.67848E-01    5.41584E-02    4.51237E-01   -2.87071E-02    1.91421E-02    3.69797E-03    1.57221E-02    4.04709E-02
     1.39500E+00    3.67167E-01    5.21362E-02    4.51357E-01   -2.76449E-02    1.90711E-02    3.55682E-03    1.56965E-02    4.03665E-02
     1.39875E+00    3.66513E-01    5.01263E-02    4.51473E-01   -2.65882E-02    1.90028E-02    3.41688E-03    1.56719E-02    4.02655E-02
     1.40250E+00    3.65885E-01    4.81286E-02    4.51584E-01   -2.55370E-02    1.89372E-02    3.27812E-03    1.56483E-02    4.01679E-02
     1.40625E+00    3.65282E-01    4.61429E-02    4.51691E-01   -2.44911E-02    1.88743E-02    3.14050E-03    1.56257E-02    4.00736E-02
     1.41000E+00    3.64705E-01    4.41691E-02    4.51793E-01   -2.34506E-02    1.88141E-02    3.00401E-03    1.56041E-02    3.99828E-02
     1.41375E+00    3.64153E-01    4.22071E-02    4.51890E-01   -2.24154E-02    1.87566E-02    2.86861E-03    1.55834E-02    3.98953E-02
     1.41750E+00    3.63626E-01    4.02567E-02    4.51983E-01   -2.13854E-02    1.87017E-02    2.73429E-03    1.55638E-02    3.98113E-02
     1.42125E+00    3.63124E-01    3.83177E-02    4.52071E-01   -2.03608E-02    1.86494E-02    2.60101E-03    1.55450E-02    3.97308E-02
     1.42500E+00    3.62647E-01    3.63901E-02    4.52155E-01   -1.93413E-02    1.85998E-02    2.46875E-03    1.55273E-02    3.96538E-02
     1.42875E+00    3.62194E-01    3.44737E-02    4.52234E-01   -1.83270E-02    1.85527E-02    2.33749E-03    1.55104E-02    3.95802E-02
     1.43250E+00    3.61766E-01    3.25684E-02    4.52309E-01   -1.73179E-02    1.85081E-02    2.20720E-03    1.54945E-02    3.95102E-02
     1.43625E+00    3.61363E-01    3.06739E-02    4.52380E-01   -1.63139E-02    1.84661E-02    2.07785E-03    1.54795E-02    3.94438E-02
     1.44000E+00    3.60983E-01    2.87903E-02    4.52446E-01   -1.53150E-02    1.84266E-02    1.94942E-03    1.54654E-02    3.93809E-02
     1.44375E+00    3.60628E-01    2.69173E-02    4.52509E-01   -1.43212E-02    1.83897E-02    1.82189E-03    1.54523E-02    3.93216E-02
     1.44750E+00    3.60296E-01    2.50549E-02    4.52566E-01   -1.33324E-02    1.83552E-02    1.69522E-03    1.54400E-02    3.92660E-02
     1.45125E+00    3.59988E-01    2.32028E-02    4.52620E-01   -1.23485E-02    1.83232E-02    1.56941E-03    1.54286E-02    3.92140E-02
     1.45500E+00    3.59704E-01    2.13610E-02    4.52670E-01   -1.13697E-02    1.82937E-02    1.44442E-03    1.54181E-02    3.91657E-02
     1.45875E+00    3.59443E-01    1.95293E-02    4.52715E-01   -1.03958E-02    1.82666E-02    1.32022E-03    1.54084E-02    3.91210E-02
     1.46250E+00    3.59206E-01    1.77076E-02    4.52756E-01   -9.42675E-03    1.82419E-02    1.19680E-03    1.53997E-02    3.90801E-02
     1.46625E+00    3.58992E-01    1.58958E-02    4.52793E-01   -8.46261E-03    1.82197E-02    1.07413E-03    1.53918E-02    3.90430E-02
     1.47000E+00    3.58800E-01    1.40938E-02    4.52827E-01   -7.50332E-03    1.81998E-02    9.52183E-04    1.53847E-02    3.90097E-02
     1.47375E+00    3.58632E-01    1.23013E-02    4.52856E-01   -6.54884E-03    1.81824E-02    8.30942E-04    1.53785E-02    3.89801E-02
     1.47750E+00    3.58487E-01    1.05183E-02    4.52881E-01   -5.59915E-03    1.81673E-02    7.10381E-04    1.53732E-02    3.89544E-02
     1.48125E+00    3.58364E-01    8.74474E-03    4.52902E-01   -4.65422E-03    1.81545E-02    5.90476E-04    1.53687E-02    3.89326E-02
     1.48500E+00    3.58264E-01    6.98036E-03    4.52920E-01   -3.71402E-03    1.81442E-02    4.71206E-04    1.53650E-02    3.89147E-02
     1.48875E+00    3.58186E-01    5.22510E-03    4.52933E-01   -2.77853E-03    1.81361E-02    3.52545E-04    1.53621E-02    3.89007E-02
     1.49250E+00    3.58130E-01    3.47882E-03    4.52943E-01   -1.84771E-03    1.81304E-02    2.34473E-04    1.53601E-02    3.88906E-02
     1.49625E+00    3.58097E-01    1.74141E-03    4.52948E-01   -9.21545E-04    1.81269E-02    1.16965E-04    1.53589E-02    3.88846E-02
     1.50000E+00    3.58086E-01    1.27415E-05    4.52950E-01   -6.02978-277    1.81258E-02    2.74107E-25    1.53584E-02    3.88826E-02
