     1.00000E-05    2.87799E+00   -2.13384E-05   -5.47584E-01   -1.08073E-05    3.33265E-01    2.70160E-06    2.35902E-01    2.66497E-11
     2.43497E-03    2.87797E+00    5.23038E-03   -5.47574E-01   -2.63152E-03    3.33263E-01    6.57822E-04    2.35899E-01    1.58007E-06
     4.85995E-03    2.87791E+00    1.04389E-02   -5.47541E-01   -5.25207E-03    3.33255E-01    1.31288E-03    2.35891E-01    6.29412E-06
     7.28492E-03    2.87781E+00    1.56468E-02   -5.47488E-01   -7.87230E-03    3.33242E-01    1.96781E-03    2.35877E-01    1.41415E-05
     9.70990E-03    2.87767E+00    2.08537E-02   -5.47413E-01   -1.04921E-02    3.33223E-01    2.62256E-03    2.35858E-01    2.51212E-05
     1.21349E-02    2.87748E+00    2.60592E-02   -5.47317E-01   -1.31112E-02    3.33200E-01    3.27705E-03    2.35834E-01    3.92316E-05
     1.45598E-02    2.87726E+00    3.12630E-02   -5.47200E-01   -1.57295E-02    3.33171E-01    3.93124E-03    2.35804E-01    5.64709E-05
     1.69848E-02    2.87700E+00    3.64647E-02   -5.47061E-01   -1.83469E-02    3.33137E-01    4.58505E-03    2.35768E-01    7.68365E-05
     1.94098E-02    2.87669E+00    4.16641E-02   -5.46901E-01   -2.09632E-02    3.33097E-01    5.23843E-03    2.35728E-01    1.00326E-04
     2.18348E-02    2.87635E+00    4.68608E-02   -5.46720E-01   -2.35781E-02    3.33053E-01    5.89131E-03    2.35681E-01    1.26935E-04
     2.42598E-02    2.87596E+00    5.20543E-02   -5.46517E-01   -2.61917E-02    3.33003E-01    6.54363E-03    2.35630E-01    1.56662E-04
     2.66847E-02    2.87554E+00    5.72445E-02   -5.46293E-01   -2.88037E-02    3.32948E-01    7.19532E-03    2.35573E-01    1.89500E-04
     2.91097E-02    2.87507E+00    6.24310E-02   -5.46048E-01   -3.14139E-02    3.32888E-01    7.84634E-03    2.35510E-01    2.25447E-04
     3.15347E-02    2.87456E+00    6.76134E-02   -5.45781E-01   -3.40223E-02    3.32822E-01    8.49661E-03    2.35442E-01    2.64497E-04
     3.39597E-02    2.87402E+00    7.27913E-02   -5.45494E-01   -3.66286E-02    3.32751E-01    9.14607E-03    2.35369E-01    3.06645E-04
     3.63846E-02    2.87343E+00    7.79646E-02   -5.45185E-01   -3.92326E-02    3.32676E-01    9.79467E-03    2.35290E-01    3.51884E-04
     3.88096E-02    2.87280E+00    8.31327E-02   -5.44855E-01   -4.18343E-02    3.32594E-01    1.04423E-02    2.35206E-01    4.00209E-04
     4.12346E-02    2.87213E+00    8.82954E-02   -5.44504E-01   -4.44335E-02    3.32508E-01    1.10890E-02    2.35117E-01    4.51613E-04
     4.36595E-02    2.87142E+00    9.34523E-02   -5.44131E-01   -4.70300E-02    3.32417E-01    1.17346E-02    2.35022E-01    5.06089E-04
     4.60845E-02    2.87067E+00    9.86031E-02   -5.43738E-01   -4.96236E-02    3.32320E-01    1.23792E-02    2.34922E-01    5.63629E-04
     4.85095E-02    2.86989E+00    1.03748E-01   -5.43323E-01   -5.22143E-02    3.32218E-01    1.30225E-02    2.34817E-01    6.24225E-04
     5.09345E-02    2.86906E+00    1.08885E-01   -5.42887E-01   -5.48017E-02    3.32111E-01    1.36646E-02    2.34706E-01    6.87869E-04
     5.33594E-02    2.86819E+00    1.14016E-01   -5.42431E-01   -5.73859E-02    3.31999E-01    1.43054E-02    2.34590E-01    7.54553E-04
     5.57844E-02    2.86728E+00    1.19139E-01   -5.41953E-01   -5.99666E-02    3.31881E-01    1.49449E-02    2.34468E-01    8.24267E-04
     5.82094E-02    2.86633E+00    1.24254E-01   -5.41454E-01   -6.25437E-02    3.31759E-01    1.55829E-02    2.34342E-01    8.97001E-04
     6.06344E-02    2.86534E+00    1.29361E-01   -5.40934E-01   -6.51170E-02    3.31631E-01    1.62195E-02    2.34210E-01    9.72745E-04
     6.30594E-02    2.86431E+00    1.34460E-01   -5.40394E-01   -6.76864E-02    3.31498E-01    1.68545E-02    2.34072E-01    1.05149E-03
     6.54843E-02    2.86324E+00    1.39550E-01   -5.39832E-01   -7.02517E-02    3.31360E-01    1.74880E-02    2.33930E-01    1.13322E-03
     6.79093E-02    2.86213E+00    1.44631E-01   -5.39249E-01   -7.28128E-02    3.31217E-01    1.81198E-02    2.33782E-01    1.21794E-03
     7.03343E-02    2.86098E+00    1.49702E-01   -5.38646E-01   -7.53695E-02    3.31069E-01    1.87498E-02    2.33629E-01    1.30561E-03
     7.27592E-02    2.85979E+00    1.54764E-01   -5.38022E-01   -7.79217E-02    3.30915E-01    1.93781E-02    2.33471E-01    1.39625E-03
     7.51842E-02    2.85856E+00    1.59815E-01   -5.37377E-01   -8.04691E-02    3.30757E-01    2.00046E-02    2.33307E-01    1.48982E-03
     7.76092E-02    2.85729E+00    1.64856E-01   -5.36711E-01   -8.30117E-02    3.30593E-01    2.06292E-02    2.33139E-01    1.58632E-03
     8.00342E-02    2.85599E+00    1.69886E-01   -5.36025E-01   -8.55493E-02    3.30424E-01    2.12519E-02    2.32965E-01    1.68574E-03
     8.24591E-02    2.85464E+00    1.74906E-01   -5.35318E-01   -8.80818E-02    3.30251E-01    2.18725E-02    2.32786E-01    1.78806E-03
     8.48841E-02    2.85325E+00    1.79913E-01   -5.34590E-01   -9.06090E-02    3.30072E-01    2.24911E-02    2.32602E-01    1.89327E-03
     8.73091E-02    2.85182E+00    1.84909E-01   -5.33842E-01   -9.31307E-02    3.29888E-01    2.31076E-02    2.32413E-01    2.00136E-03
     8.97341E-02    2.85036E+00    1.89893E-01   -5.33074E-01   -9.56469E-02    3.29699E-01    2.37219E-02    2.32218E-01    2.11230E-03
     9.21590E-02    2.84885E+00    1.94865E-01   -5.32284E-01   -9.81573E-02    3.29505E-01    2.43339E-02    2.32019E-01    2.22609E-03
     9.45840E-02    2.84731E+00    1.99824E-01   -5.31475E-01   -1.00662E-01    3.29306E-01    2.49437E-02    2.31815E-01    2.34270E-03
     9.70090E-02    2.84573E+00    2.04769E-01   -5.30645E-01   -1.03160E-01    3.29102E-01    2.55512E-02    2.31605E-01    2.46213E-03
     9.94340E-02    2.84410E+00    2.09702E-01   -5.29794E-01   -1.05653E-01    3.28893E-01    2.61562E-02    2.31391E-01    2.58435E-03
     1.01859E-01    2.84244E+00    2.14620E-01   -5.28924E-01   -1.08138E-01    3.28679E-01    2.67588E-02    2.31171E-01    2.70935E-03
     1.04284E-01    2.84074E+00    2.19525E-01   -5.28033E-01   -1.10618E-01    3.28460E-01    2.73589E-02    2.30947E-01    2.83712E-03
     1.06709E-01    2.83900E+00    2.24415E-01   -5.27122E-01   -1.13091E-01    3.28237E-01    2.79564E-02    2.30717E-01    2.96763E-03
     1.09134E-01    2.83723E+00    2.29291E-01   -5.26191E-01   -1.15557E-01    3.28008E-01    2.85513E-02    2.30483E-01    3.10087E-03
     1.11559E-01    2.83541E+00    2.34151E-01   -5.25239E-01   -1.18016E-01    3.27774E-01    2.91435E-02    2.30244E-01    3.23682E-03
     1.13984E-01    2.83356E+00    2.38997E-01   -5.24268E-01   -1.20468E-01    3.27535E-01    2.97330E-02    2.30000E-01    3.37545E-03
     1.16409E-01    2.83166E+00    2.43827E-01   -5.23277E-01   -1.22913E-01    3.27292E-01    3.03198E-02    2.29751E-01    3.51676E-03
     1.18834E-01    2.82973E+00    2.48640E-01   -5.22266E-01   -1.25351E-01    3.27044E-01    3.09037E-02    2.29497E-01    3.66073E-03
     1.21259E-01    2.82776E+00    2.53438E-01   -5.21235E-01   -1.27781E-01    3.26790E-01    3.14847E-02    2.29238E-01    3.80733E-03
     1.23684E-01    2.82575E+00    2.58219E-01   -5.20184E-01   -1.30203E-01    3.26532E-01    3.20628E-02    2.28975E-01    3.95654E-03
     1.26109E-01    2.82371E+00    2.62983E-01   -5.19113E-01   -1.32618E-01    3.26269E-01    3.26379E-02    2.28706E-01    4.10834E-03
     1.28534E-01    2.82162E+00    2.67730E-01   -5.18023E-01   -1.35025E-01    3.26001E-01    3.32099E-02    2.28434E-01    4.26272E-03
     1.30959E-01    2.81950E+00    2.72459E-01   -5.16913E-01   -1.37424E-01    3.25729E-01    3.37789E-02    2.28156E-01    4.41965E-03
     1.33384E-01    2.81734E+00    2.77171E-01   -5.15784E-01   -1.39814E-01    3.25451E-01    3.43447E-02    2.27874E-01    4.57911E-03
     1.35809E-01    2.81515E+00    2.81864E-01   -5.14635E-01   -1.42196E-01    3.25169E-01    3.49074E-02    2.27587E-01    4.74108E-03
     1.38234E-01    2.81291E+00    2.86539E-01   -5.13466E-01   -1.44570E-01    3.24882E-01    3.54668E-02    2.27295E-01    4.90554E-03
     1.40659E-01    2.81064E+00    2.91196E-01   -5.12279E-01   -1.46936E-01    3.24590E-01    3.60229E-02    2.26999E-01    5.07247E-03
     1.43084E-01    2.80833E+00    2.95833E-01   -5.11072E-01   -1.49292E-01    3.24294E-01    3.65757E-02    2.26698E-01    5.24184E-03
     1.45508E-01    2.80598E+00    3.00451E-01   -5.09846E-01   -1.51640E-01    3.23993E-01    3.71251E-02    2.26393E-01    5.41363E-03
     1.47933E-01    2.80360E+00    3.05049E-01   -5.08600E-01   -1.53978E-01    3.23687E-01    3.76711E-02    2.26083E-01    5.58782E-03
     1.50358E-01    2.80118E+00    3.09627E-01   -5.07336E-01   -1.56308E-01    3.23377E-01    3.82136E-02    2.25769E-01    5.76438E-03
     1.52783E-01    2.79872E+00    3.14185E-01   -5.06052E-01   -1.58628E-01    3.23062E-01    3.87526E-02    2.25450E-01    5.94329E-03
     1.55208E-01    2.79623E+00    3.18723E-01   -5.04750E-01   -1.60939E-01    3.22742E-01    3.92880E-02    2.25127E-01    6.12454E-03
     1.57633E-01    2.79370E+00    3.23239E-01   -5.03429E-01   -1.63241E-01    3.22418E-01    3.98198E-02    2.24799E-01    6.30808E-03
     1.60058E-01    2.79113E+00    3.27735E-01   -5.02089E-01   -1.65532E-01    3.22089E-01    4.03479E-02    2.24467E-01    6.49391E-03
     1.62483E-01    2.78852E+00    3.32209E-01   -5.00730E-01   -1.67814E-01    3.21755E-01    4.08723E-02    2.24131E-01    6.68199E-03
     1.64908E-01    2.78588E+00    3.36661E-01   -4.99353E-01   -1.70087E-01    3.21417E-01    4.13930E-02    2.23790E-01    6.87230E-03
     1.67333E-01    2.78321E+00    3.41092E-01   -4.97957E-01   -1.72349E-01    3.21075E-01    4.19099E-02    2.23446E-01    7.06481E-03
     1.69758E-01    2.78050E+00    3.45500E-01   -4.96542E-01   -1.74601E-01    3.20728E-01    4.24229E-02    2.23096E-01    7.25950E-03
     1.72183E-01    2.77775E+00    3.49885E-01   -4.95109E-01   -1.76842E-01    3.20376E-01    4.29321E-02    2.22743E-01    7.45635E-03
     1.74608E-01    2.77496E+00    3.54248E-01   -4.93658E-01   -1.79074E-01    3.20020E-01    4.34374E-02    2.22386E-01    7.65532E-03
     1.77033E-01    2.77214E+00    3.58587E-01   -4.92189E-01   -1.81294E-01    3.19660E-01    4.39386E-02    2.22024E-01    7.85640E-03
     1.79458E-01    2.76929E+00    3.62903E-01   -4.90701E-01   -1.83504E-01    3.19295E-01    4.44359E-02    2.21659E-01    8.05954E-03
     1.81883E-01    2.76640E+00    3.67195E-01   -4.89195E-01   -1.85704E-01    3.18926E-01    4.49292E-02    2.21289E-01    8.26474E-03
     1.84308E-01    2.76347E+00    3.71463E-01   -4.87672E-01   -1.87892E-01    3.18552E-01    4.54183E-02    2.20915E-01    8.47196E-03
     1.86733E-01    2.76051E+00    3.75707E-01   -4.86130E-01   -1.90070E-01    3.18174E-01    4.59033E-02    2.20537E-01    8.68117E-03
     1.89158E-01    2.75752E+00    3.79926E-01   -4.84570E-01   -1.92236E-01    3.17792E-01    4.63842E-02    2.20156E-01    8.89235E-03
     1.91583E-01    2.75449E+00    3.84120E-01   -4.82993E-01   -1.94391E-01    3.17405E-01    4.68608E-02    2.19770E-01    9.10547E-03
     1.94008E-01    2.75142E+00    3.88289E-01   -4.81398E-01   -1.96535E-01    3.17014E-01    4.73333E-02    2.19381E-01    9.32051E-03
     1.96433E-01    2.74833E+00    3.92433E-01   -4.79785E-01   -1.98667E-01    3.16619E-01    4.78014E-02    2.18987E-01    9.53742E-03
     1.98858E-01    2.74519E+00    3.96551E-01   -4.78155E-01   -2.00787E-01    3.16220E-01    4.82652E-02    2.18590E-01    9.75619E-03
     2.01283E-01    2.74203E+00    4.00643E-01   -4.76508E-01   -2.02896E-01    3.15816E-01    4.87247E-02    2.18189E-01    9.97679E-03
     2.03708E-01    2.73882E+00    4.04708E-01   -4.74843E-01   -2.04993E-01    3.15408E-01    4.91798E-02    2.17785E-01    1.01992E-02
     2.06133E-01    2.73559E+00    4.08748E-01   -4.73161E-01   -2.07079E-01    3.14997E-01    4.96305E-02    2.17376E-01    1.04234E-02
     2.08558E-01    2.73232E+00    4.12760E-01   -4.71461E-01   -2.09152E-01    3.14581E-01    5.00767E-02    2.16964E-01    1.06493E-02
     2.10983E-01    2.72902E+00    4.16746E-01   -4.69745E-01   -2.11213E-01    3.14160E-01    5.05184E-02    2.16548E-01    1.08769E-02
     2.13408E-01    2.72568E+00    4.20704E-01   -4.68012E-01   -2.13261E-01    3.13736E-01    5.09556E-02    2.16129E-01    1.11062E-02
     2.15833E-01    2.72231E+00    4.24634E-01   -4.66261E-01   -2.15298E-01    3.13308E-01    5.13883E-02    2.15706E-01    1.13371E-02
     2.18258E-01    2.71891E+00    4.28537E-01   -4.64494E-01   -2.17321E-01    3.12876E-01    5.18163E-02    2.15280E-01    1.15697E-02
     2.20683E-01    2.71548E+00    4.32412E-01   -4.62710E-01   -2.19333E-01    3.12439E-01    5.22398E-02    2.14850E-01    1.18039E-02
     2.23108E-01    2.71201E+00    4.36258E-01   -4.60910E-01   -2.21331E-01    3.11999E-01    5.26586E-02    2.14417E-01    1.20396E-02
     2.25533E-01    2.70851E+00    4.40076E-01   -4.59093E-01   -2.23317E-01    3.11555E-01    5.30727E-02    2.13980E-01    1.22769E-02
     2.27958E-01    2.70498E+00    4.43865E-01   -4.57260E-01   -2.25290E-01    3.11107E-01    5.34821E-02    2.13541E-01    1.25157E-02
     2.30383E-01    2.70141E+00    4.47624E-01   -4.55410E-01   -2.27249E-01    3.10655E-01    5.38867E-02    2.13097E-01    1.27560E-02
     2.32808E-01    2.69782E+00    4.51355E-01   -4.53544E-01   -2.29196E-01    3.10199E-01    5.42866E-02    2.12651E-01    1.29977E-02
     2.35233E-01    2.69419E+00    4.55056E-01   -4.51662E-01   -2.31130E-01    3.09739E-01    5.46817E-02    2.12201E-01    1.32408E-02
     2.37658E-01    2.69053E+00    4.58727E-01   -4.49763E-01   -2.33050E-01    3.09276E-01    5.50720E-02    2.11748E-01    1.34853E-02
     2.40083E-01    2.68684E+00    4.62368E-01   -4.47849E-01   -2.34957E-01    3.08809E-01    5.54574E-02    2.11292E-01    1.37311E-02
     2.42507E-01    2.68312E+00    4.65978E-01   -4.45919E-01   -2.36850E-01    3.08338E-01    5.58380E-02    2.10833E-01    1.39783E-02
     2.44932E-01    2.67936E+00    4.69558E-01   -4.43973E-01   -2.38729E-01    3.07863E-01    5.62136E-02    2.10370E-01    1.42267E-02
     2.47357E-01    2.67558E+00    4.73107E-01   -4.42011E-01   -2.40595E-01    3.07385E-01    5.65843E-02    2.09905E-01    1.44764E-02
     2.49782E-01    2.67176E+00    4.76626E-01   -4.40034E-01   -2.42447E-01    3.06903E-01    5.69501E-02    2.09437E-01    1.47274E-02
     2.52207E-01    2.66792E+00    4.80112E-01   -4.38042E-01   -2.44286E-01    3.06417E-01    5.73109E-02    2.08965E-01    1.49795E-02
     2.54632E-01    2.66404E+00    4.83568E-01   -4.36034E-01   -2.46110E-01    3.05928E-01    5.76667E-02    2.08491E-01    1.52328E-02
     2.57057E-01    2.66014E+00    4.86991E-01   -4.34010E-01   -2.47920E-01    3.05435E-01    5.80175E-02    2.08014E-01    1.54873E-02
     2.59482E-01    2.65620E+00    4.90383E-01   -4.31972E-01   -2.49716E-01    3.04939E-01    5.83632E-02    2.07534E-01    1.57428E-02
     2.61907E-01    2.65223E+00    4.93743E-01   -4.29918E-01   -2.51497E-01    3.04439E-01    5.87039E-02    2.07052E-01    1.59994E-02
     2.64332E-01    2.64824E+00    4.97070E-01   -4.27850E-01   -2.53265E-01    3.03936E-01    5.90395E-02    2.06566E-01    1.62571E-02
     2.66757E-01    2.64421E+00    5.00364E-01   -4.25766E-01   -2.55018E-01    3.03429E-01    5.93699E-02    2.06078E-01    1.65158E-02
     2.69182E-01    2.64016E+00    5.03626E-01   -4.23668E-01   -2.56756E-01    3.02919E-01    5.96953E-02    2.05588E-01    1.67754E-02
     2.71607E-01    2.63608E+00    5.06854E-01   -4.21555E-01   -2.58479E-01    3.02405E-01    6.00155E-02    2.05094E-01    1.70360E-02
     2.74032E-01    2.63197E+00    5.10050E-01   -4.19427E-01   -2.60188E-01    3.01888E-01    6.03306E-02    2.04599E-01    1.72975E-02
     2.76457E-01    2.62783E+00    5.13211E-01   -4.17285E-01   -2.61882E-01    3.01368E-01    6.06405E-02    2.04100E-01    1.75599E-02
     2.78882E-01    2.62366E+00    5.16339E-01   -4.15129E-01   -2.63562E-01    3.00845E-01    6.09452E-02    2.03599E-01    1.78231E-02
     2.81307E-01    2.61946E+00    5.19434E-01   -4.12958E-01   -2.65226E-01    3.00318E-01    6.12446E-02    2.03096E-01    1.80872E-02
     2.83732E-01    2.61524E+00    5.22494E-01   -4.10773E-01   -2.66875E-01    2.99789E-01    6.15389E-02    2.02591E-01    1.83520E-02
     2.86157E-01    2.61099E+00    5.25519E-01   -4.08574E-01   -2.68509E-01    2.99256E-01    6.18279E-02    2.02083E-01    1.86176E-02
     2.88582E-01    2.60671E+00    5.28510E-01   -4.06361E-01   -2.70128E-01    2.98719E-01    6.21117E-02    2.01572E-01    1.88839E-02
     2.91007E-01    2.60240E+00    5.31467E-01   -4.04134E-01   -2.71732E-01    2.98180E-01    6.23902E-02    2.01060E-01    1.91509E-02
     2.93432E-01    2.59807E+00    5.34388E-01   -4.01893E-01   -2.73320E-01    2.97638E-01    6.26634E-02    2.00545E-01    1.94186E-02
     2.95857E-01    2.59371E+00    5.37275E-01   -3.99639E-01   -2.74892E-01    2.97093E-01    6.29313E-02    2.00028E-01    1.96868E-02
     2.98282E-01    2.58932E+00    5.40126E-01   -3.97371E-01   -2.76450E-01    2.96544E-01    6.31939E-02    1.99509E-01    1.99557E-02
     3.00707E-01    2.58491E+00    5.42941E-01   -3.95089E-01   -2.77991E-01    2.95993E-01    6.34512E-02    1.98988E-01    2.02252E-02
     3.03132E-01    2.58047E+00    5.45721E-01   -3.92795E-01   -2.79517E-01    2.95439E-01    6.37032E-02    1.98465E-01    2.04952E-02
     3.05557E-01    2.57600E+00    5.48465E-01   -3.90487E-01   -2.81027E-01    2.94882E-01    6.39498E-02    1.97940E-01    2.07656E-02
     3.07982E-01    2.57151E+00    5.51173E-01   -3.88165E-01   -2.82521E-01    2.94322E-01    6.41911E-02    1.97413E-01    2.10366E-02
     3.10407E-01    2.56699E+00    5.53844E-01   -3.85831E-01   -2.83999E-01    2.93759E-01    6.44270E-02    1.96884E-01    2.13079E-02
     3.12832E-01    2.56245E+00    5.56479E-01   -3.83484E-01   -2.85462E-01    2.93194E-01    6.46576E-02    1.96353E-01    2.15797E-02
     3.15257E-01    2.55789E+00    5.59078E-01   -3.81124E-01   -2.86908E-01    2.92625E-01    6.48828E-02    1.95820E-01    2.18519E-02
     3.17682E-01    2.55329E+00    5.61640E-01   -3.78751E-01   -2.88338E-01    2.92054E-01    6.51026E-02    1.95286E-01    2.21244E-02
     3.20107E-01    2.54868E+00    5.64165E-01   -3.76366E-01   -2.89752E-01    2.91481E-01    6.53170E-02    1.94750E-01    2.23972E-02
     3.22532E-01    2.54404E+00    5.66652E-01   -3.73968E-01   -2.91149E-01    2.90905E-01    6.55261E-02    1.94212E-01    2.26703E-02
     3.24957E-01    2.53937E+00    5.69103E-01   -3.71558E-01   -2.92530E-01    2.90326E-01    6.57297E-02    1.93672E-01    2.29436E-02
     3.27382E-01    2.53468E+00    5.71515E-01   -3.69135E-01   -2.93895E-01    2.89744E-01    6.59280E-02    1.93131E-01    2.32171E-02
     3.29807E-01    2.52997E+00    5.73891E-01   -3.66700E-01   -2.95243E-01    2.89160E-01    6.61208E-02    1.92589E-01    2.34909E-02
     3.32232E-01    2.52524E+00    5.76228E-01   -3.64253E-01   -2.96575E-01    2.88574E-01    6.63083E-02    1.92045E-01    2.37648E-02
     3.34657E-01    2.52048E+00    5.78528E-01   -3.61795E-01   -2.97890E-01    2.87985E-01    6.64903E-02    1.91499E-01    2.40388E-02
     3.37082E-01    2.51570E+00    5.80789E-01   -3.59324E-01   -2.99188E-01    2.87394E-01    6.66670E-02    1.90952E-01    2.43129E-02
     3.39506E-01    2.51089E+00    5.83012E-01   -3.56841E-01   -3.00470E-01    2.86800E-01    6.68382E-02    1.90404E-01    2.45870E-02
     3.41931E-01    2.50607E+00    5.85197E-01   -3.54347E-01   -3.01735E-01    2.86204E-01    6.70040E-02    1.89854E-01    2.48612E-02
     3.44356E-01    2.50122E+00    5.87343E-01   -3.51841E-01   -3.02983E-01    2.85606E-01    6.71644E-02    1.89304E-01    2.51354E-02
     3.46781E-01    2.49635E+00    5.89451E-01   -3.49324E-01   -3.04214E-01    2.85006E-01    6.73194E-02    1.88751E-01    2.54095E-02
     3.49206E-01    2.49146E+00    5.91520E-01   -3.46795E-01   -3.05427E-01    2.84403E-01    6.74690E-02    1.88198E-01    2.56836E-02
     3.51631E-01    2.48654E+00    5.93549E-01   -3.44255E-01   -3.06624E-01    2.83798E-01    6.76131E-02    1.87644E-01    2.59576E-02
     3.54056E-01    2.48161E+00    5.95540E-01   -3.41704E-01   -3.07804E-01    2.83191E-01    6.77519E-02    1.87088E-01    2.62315E-02
     3.56481E-01    2.47666E+00    5.97491E-01   -3.39142E-01   -3.08966E-01    2.82582E-01    6.78853E-02    1.86532E-01    2.65052E-02
     3.58906E-01    2.47168E+00    5.99403E-01   -3.36569E-01   -3.10111E-01    2.81971E-01    6.80132E-02    1.85974E-01    2.67787E-02
     3.61331E-01    2.46668E+00    6.01275E-01   -3.33986E-01   -3.11239E-01    2.81358E-01    6.81358E-02    1.85415E-01    2.70520E-02
     3.63756E-01    2.46167E+00    6.03108E-01   -3.31391E-01   -3.12350E-01    2.80743E-01    6.82530E-02    1.84856E-01    2.73251E-02
     3.66181E-01    2.45663E+00    6.04901E-01   -3.28786E-01   -3.13443E-01    2.80126E-01    6.83648E-02    1.84296E-01    2.75979E-02
     3.68606E-01    2.45158E+00    6.06654E-01   -3.26171E-01   -3.14518E-01    2.79507E-01    6.84712E-02    1.83734E-01    2.78704E-02
     3.71031E-01    2.44650E+00    6.08367E-01   -3.23545E-01   -3.15576E-01    2.78886E-01    6.85722E-02    1.83172E-01    2.81425E-02
     3.73456E-01    2.44141E+00    6.10040E-01   -3.20909E-01   -3.16616E-01    2.78264E-01    6.86679E-02    1.82610E-01    2.84144E-02
     3.75881E-01    2.43630E+00    6.11673E-01   -3.18262E-01   -3.17639E-01    2.77639E-01    6.87582E-02    1.82046E-01    2.86858E-02
     3.78306E-01    2.43117E+00    6.13265E-01   -3.15606E-01   -3.18644E-01    2.77013E-01    6.88432E-02    1.81482E-01    2.89568E-02
     3.80731E-01    2.42602E+00    6.14817E-01   -3.12940E-01   -3.19631E-01    2.76386E-01    6.89228E-02    1.80918E-01    2.92273E-02
     3.83156E-01    2.42085E+00    6.16328E-01   -3.10264E-01   -3.20600E-01    2.75756E-01    6.89971E-02    1.80352E-01    2.94974E-02
     3.85581E-01    2.41567E+00    6.17799E-01   -3.07578E-01   -3.21551E-01    2.75125E-01    6.90661E-02    1.79787E-01    2.97669E-02
     3.88006E-01    2.41047E+00    6.19229E-01   -3.04882E-01   -3.22485E-01    2.74493E-01    6.91297E-02    1.79220E-01    3.00360E-02
     3.90431E-01    2.40525E+00    6.20618E-01   -3.02177E-01   -3.23400E-01    2.73859E-01    6.91881E-02    1.78654E-01    3.03044E-02
     3.92856E-01    2.40001E+00    6.21966E-01   -2.99463E-01   -3.24297E-01    2.73223E-01    6.92412E-02    1.78087E-01    3.05723E-02
     3.95281E-01    2.39476E+00    6.23272E-01   -2.96739E-01   -3.25176E-01    2.72587E-01    6.92890E-02    1.77519E-01    3.08396E-02
     3.97706E-01    2.38949E+00    6.24538E-01   -2.94006E-01   -3.26037E-01    2.71948E-01    6.93315E-02    1.76951E-01    3.11062E-02
     4.00131E-01    2.38421E+00    6.25763E-01   -2.91265E-01   -3.26880E-01    2.71309E-01    6.93688E-02    1.76383E-01    3.13721E-02
     4.02556E-01    2.37891E+00    6.26946E-01   -2.88514E-01   -3.27704E-01    2.70668E-01    6.94008E-02    1.75815E-01    3.16374E-02
     4.04981E-01    2.37359E+00    6.28087E-01   -2.85754E-01   -3.28510E-01    2.70026E-01    6.94276E-02    1.75247E-01    3.19019E-02
     4.07406E-01    2.36826E+00    6.29188E-01   -2.82986E-01   -3.29298E-01    2.69382E-01    6.94492E-02    1.74678E-01    3.21657E-02
     4.09831E-01    2.36292E+00    6.30246E-01   -2.80209E-01   -3.30067E-01    2.68738E-01    6.94657E-02    1.74110E-01    3.24287E-02
     4.12256E-01    2.35756E+00    6.31263E-01   -2.77423E-01   -3.30818E-01    2.68092E-01    6.94769E-02    1.73541E-01    3.26908E-02
     4.14681E-01    2.35219E+00    6.32239E-01   -2.74630E-01   -3.31550E-01    2.67445E-01    6.94830E-02    1.72972E-01    3.29522E-02
     4.17106E-01    2.34680E+00    6.33172E-01   -2.71827E-01   -3.32264E-01    2.66797E-01    6.94839E-02    1.72404E-01    3.32127E-02
     4.19531E-01    2.34140E+00    6.34064E-01   -2.69017E-01   -3.32959E-01    2.66149E-01    6.94797E-02    1.71835E-01    3.34723E-02
     4.21956E-01    2.33598E+00    6.34914E-01   -2.66199E-01   -3.33635E-01    2.65499E-01    6.94704E-02    1.71267E-01    3.37310E-02
     4.24381E-01    2.33056E+00    6.35721E-01   -2.63372E-01   -3.34293E-01    2.64848E-01    6.94560E-02    1.70698E-01    3.39888E-02
     4.26806E-01    2.32512E+00    6.36487E-01   -2.60538E-01   -3.34931E-01    2.64197E-01    6.94365E-02    1.70130E-01    3.42456E-02
     4.29231E-01    2.31967E+00    6.37211E-01   -2.57697E-01   -3.35551E-01    2.63544E-01    6.94119E-02    1.69562E-01    3.45014E-02
     4.31656E-01    2.31420E+00    6.37892E-01   -2.54847E-01   -3.36152E-01    2.62891E-01    6.93824E-02    1.68995E-01    3.47562E-02
     4.34081E-01    2.30872E+00    6.38532E-01   -2.51990E-01   -3.36734E-01    2.62237E-01    6.93478E-02    1.68427E-01    3.50100E-02
     4.36505E-01    2.30324E+00    6.39129E-01   -2.49126E-01   -3.37297E-01    2.61583E-01    6.93082E-02    1.67860E-01    3.52628E-02
     4.38930E-01    2.29774E+00    6.39684E-01   -2.46254E-01   -3.37841E-01    2.60928E-01    6.92636E-02    1.67294E-01    3.55144E-02
     4.41355E-01    2.29223E+00    6.40196E-01   -2.43376E-01   -3.38366E-01    2.60272E-01    6.92141E-02    1.66728E-01    3.57650E-02
     4.43780E-01    2.28671E+00    6.40667E-01   -2.40490E-01   -3.38872E-01    2.59615E-01    6.91597E-02    1.66162E-01    3.60144E-02
     4.46205E-01    2.28118E+00    6.41095E-01   -2.37597E-01   -3.39358E-01    2.58959E-01    6.91004E-02    1.65597E-01    3.62626E-02
     4.48630E-01    2.27564E+00    6.41480E-01   -2.34698E-01   -3.39826E-01    2.58301E-01    6.90361E-02    1.65033E-01    3.65097E-02
     4.51055E-01    2.27009E+00    6.41823E-01   -2.31792E-01   -3.40274E-01    2.57644E-01    6.89670E-02    1.64469E-01    3.67557E-02
     4.53480E-01    2.26453E+00    6.42124E-01   -2.28879E-01   -3.40702E-01    2.56985E-01    6.88931E-02    1.63906E-01    3.70003E-02
     4.55905E-01    2.25896E+00    6.42382E-01   -2.25960E-01   -3.41112E-01    2.56327E-01    6.88144E-02    1.63343E-01    3.72438E-02
     4.58330E-01    2.25339E+00    6.42598E-01   -2.23035E-01   -3.41502E-01    2.55668E-01    6.87308E-02    1.62781E-01    3.74860E-02
     4.60755E-01    2.24780E+00    6.42771E-01   -2.20104E-01   -3.41872E-01    2.55009E-01    6.86425E-02    1.62220E-01    3.77269E-02
     4.63180E-01    2.24221E+00    6.42902E-01   -2.17166E-01   -3.42223E-01    2.54350E-01    6.85495E-02    1.61660E-01    3.79665E-02
     4.65605E-01    2.23661E+00    6.42990E-01   -2.14222E-01   -3.42554E-01    2.53691E-01    6.84518E-02    1.61100E-01    3.82047E-02
     4.68030E-01    2.23100E+00    6.43036E-01   -2.11273E-01   -3.42866E-01    2.53031E-01    6.83493E-02    1.60542E-01    3.84417E-02
     4.70455E-01    2.22538E+00    6.43039E-01   -2.08318E-01   -3.43158E-01    2.52372E-01    6.82423E-02    1.59984E-01    3.86772E-02
     4.72880E-01    2.21976E+00    6.42999E-01   -2.05357E-01   -3.43431E-01    2.51712E-01    6.81305E-02    1.59427E-01    3.89114E-02
     4.75305E-01    2.21414E+00    6.42917E-01   -2.02391E-01   -3.43683E-01    2.51053E-01    6.80142E-02    1.58871E-01    3.91442E-02
     4.77730E-01    2.20850E+00    6.42793E-01   -1.99419E-01   -3.43916E-01    2.50393E-01    6.78933E-02    1.58317E-01    3.93755E-02
     4.80155E-01    2.20286E+00    6.42626E-01   -1.96442E-01   -3.44129E-01    2.49734E-01    6.77679E-02    1.57763E-01    3.96054E-02
     4.82580E-01    2.19722E+00    6.42417E-01   -1.93461E-01   -3.44322E-01    2.49075E-01    6.76379E-02    1.57210E-01    3.98338E-02
     4.85005E-01    2.19157E+00    6.42165E-01   -1.90474E-01   -3.44495E-01    2.48416E-01    6.75034E-02    1.56659E-01    4.00608E-02
     4.87430E-01    2.18591E+00    6.41870E-01   -1.87482E-01   -3.44648E-01    2.47757E-01    6.73645E-02    1.56109E-01    4.02862E-02
     4.89855E-01    2.18025E+00    6.41534E-01   -1.84486E-01   -3.44781E-01    2.47099E-01    6.72212E-02    1.55560E-01    4.05102E-02
     4.92280E-01    2.17459E+00    6.41154E-01   -1.81485E-01   -3.44894E-01    2.46441E-01    6.70734E-02    1.55012E-01    4.07325E-02
     4.94705E-01    2.16893E+00    6.40733E-01   -1.78479E-01   -3.44987E-01    2.45783E-01    6.69213E-02    1.54465E-01    4.09534E-02
     4.97130E-01    2.16326E+00    6.40269E-01   -1.75469E-01   -3.45060E-01    2.45126E-01    6.67648E-02    1.53920E-01    4.11726E-02
     4.99555E-01    2.15758E+00    6.39763E-01   -1.72455E-01   -3.45112E-01    2.44469E-01    6.66041E-02    1.53376E-01    4.13903E-02
     5.01980E-01    2.15191E+00    6.39214E-01   -1.69437E-01   -3.45145E-01    2.43813E-01    6.64390E-02    1.52834E-01    4.16064E-02
     5.04405E-01    2.14623E+00    6.38624E-01   -1.66415E-01   -3.45157E-01    2.43157E-01    6.62697E-02    1.52292E-01    4.18208E-02
     5.06830E-01    2.14055E+00    6.37991E-01   -1.63389E-01   -3.45148E-01    2.42502E-01    6.60962E-02    1.51753E-01    4.20336E-02
     5.09255E-01    2.13487E+00    6.37316E-01   -1.60360E-01   -3.45119E-01    2.41847E-01    6.59186E-02    1.51215E-01    4.22448E-02
     5.11680E-01    2.12919E+00    6.36599E-01   -1.57327E-01   -3.45070E-01    2.41193E-01    6.57367E-02    1.50678E-01    4.24543E-02
     5.14105E-01    2.12350E+00    6.35840E-01   -1.54290E-01   -3.45000E-01    2.40540E-01    6.55508E-02    1.50143E-01    4.26621E-02
     5.16530E-01    2.11782E+00    6.35039E-01   -1.51250E-01   -3.44910E-01    2.39888E-01    6.53608E-02    1.49609E-01    4.28681E-02
     5.18955E-01    2.11214E+00    6.34196E-01   -1.48208E-01   -3.44799E-01    2.39237E-01    6.51667E-02    1.49077E-01    4.30725E-02
     5.21380E-01    2.10645E+00    6.33311E-01   -1.45162E-01   -3.44667E-01    2.38586E-01    6.49686E-02    1.48547E-01    4.32752E-02
     5.23805E-01    2.10077E+00    6.32384E-01   -1.42113E-01   -3.44515E-01    2.37937E-01    6.47666E-02    1.48018E-01    4.34761E-02
     5.26230E-01    2.09509E+00    6.31416E-01   -1.39062E-01   -3.44342E-01    2.37288E-01    6.45606E-02    1.47491E-01    4.36753E-02
     5.28655E-01    2.08941E+00    6.30406E-01   -1.36008E-01   -3.44148E-01    2.36640E-01    6.43507E-02    1.46966E-01    4.38726E-02
     5.31080E-01    2.08373E+00    6.29355E-01   -1.32951E-01   -3.43934E-01    2.35994E-01    6.41369E-02    1.46443E-01    4.40683E-02
     5.33504E-01    2.07805E+00    6.28262E-01   -1.29892E-01   -3.43698E-01    2.35348E-01    6.39193E-02    1.45921E-01    4.42621E-02
     5.35929E-01    2.07238E+00    6.27128E-01   -1.26832E-01   -3.43442E-01    2.34704E-01    6.36978E-02    1.45402E-01    4.44541E-02
     5.38354E-01    2.06671E+00    6.25953E-01   -1.23769E-01   -3.43165E-01    2.34061E-01    6.34727E-02    1.44884E-01    4.46443E-02
     5.40779E-01    2.06104E+00    6.24736E-01   -1.20704E-01   -3.42866E-01    2.33419E-01    6.32437E-02    1.44368E-01    4.48326E-02
     5.43204E-01    2.05537E+00    6.23478E-01   -1.17638E-01   -3.42547E-01    2.32778E-01    6.30111E-02    1.43854E-01    4.50191E-02
     5.45629E-01    2.04971E+00    6.22180E-01   -1.14570E-01   -3.42206E-01    2.32139E-01    6.27749E-02    1.43342E-01    4.52038E-02
     5.48054E-01    2.04405E+00    6.20840E-01   -1.11501E-01   -3.41845E-01    2.31501E-01    6.25350E-02    1.42832E-01    4.53866E-02
     5.50479E-01    2.03840E+00    6.19460E-01   -1.08431E-01   -3.41462E-01    2.30864E-01    6.22915E-02    1.42323E-01    4.55675E-02
     5.52904E-01    2.03275E+00    6.18039E-01   -1.05359E-01   -3.41058E-01    2.30229E-01    6.20445E-02    1.41817E-01    4.57466E-02
     5.55329E-01    2.02711E+00    6.16577E-01   -1.02287E-01   -3.40633E-01    2.29595E-01    6.17940E-02    1.41313E-01    4.59237E-02
     5.57754E-01    2.02148E+00    6.15076E-01   -9.92139E-02   -3.40186E-01    2.28963E-01    6.15400E-02    1.40812E-01    4.60990E-02
     5.60179E-01    2.01585E+00    6.13533E-01   -9.61402E-02   -3.39718E-01    2.28332E-01    6.12826E-02    1.40312E-01    4.62723E-02
     5.62604E-01    2.01022E+00    6.11951E-01   -9.30662E-02   -3.39229E-01    2.27703E-01    6.10218E-02    1.39814E-01    4.64437E-02
     5.65029E-01    2.00460E+00    6.10328E-01   -8.99919E-02   -3.38719E-01    2.27076E-01    6.07576E-02    1.39319E-01    4.66132E-02
     5.67454E-01    1.99899E+00    6.08666E-01   -8.69175E-02   -3.38186E-01    2.26450E-01    6.04902E-02    1.38826E-01    4.67808E-02
     5.69879E-01    1.99339E+00    6.06964E-01   -8.38433E-02   -3.37633E-01    2.25826E-01    6.02194E-02    1.38335E-01    4.69464E-02
     5.72304E-01    1.98780E+00    6.05222E-01   -8.07692E-02   -3.37057E-01    2.25204E-01    5.99454E-02    1.37846E-01    4.71100E-02
     5.74729E-01    1.98221E+00    6.03441E-01   -7.76957E-02   -3.36461E-01    2.24584E-01    5.96683E-02    1.37360E-01    4.72718E-02
     5.77154E-01    1.97664E+00    6.01620E-01   -7.46227E-02   -3.35842E-01    2.23966E-01    5.93879E-02    1.36876E-01    4.74315E-02
     5.79579E-01    1.97107E+00    5.99760E-01   -7.15506E-02   -3.35202E-01    2.23349E-01    5.91045E-02    1.36394E-01    4.75893E-02
     5.82004E-01    1.96551E+00    5.97861E-01   -6.84794E-02   -3.34540E-01    2.22734E-01    5.88179E-02    1.35915E-01    4.77451E-02
     5.84429E-01    1.95996E+00    5.95924E-01   -6.54094E-02   -3.33857E-01    2.22122E-01    5.85284E-02    1.35438E-01    4.78989E-02
     5.86854E-01    1.95442E+00    5.93947E-01   -6.23407E-02   -3.33151E-01    2.21511E-01    5.82358E-02    1.34963E-01    4.80507E-02
     5.89279E-01    1.94890E+00    5.91932E-01   -5.92735E-02   -3.32424E-01    2.20903E-01    5.79403E-02    1.34491E-01    4.82006E-02
     5.91704E-01    1.94338E+00    5.89879E-01   -5.62080E-02   -3.31675E-01    2.20296E-01    5.76418E-02    1.34021E-01    4.83484E-02
     5.94129E-01    1.93788E+00    5.87787E-01   -5.31445E-02   -3.30904E-01    2.19692E-01    5.73405E-02    1.33554E-01    4.84943E-02
     5.96554E-01    1.93238E+00    5.85657E-01   -5.00830E-02   -3.30111E-01    2.19090E-01    5.70364E-02    1.33089E-01    4.86381E-02
     5.98979E-01    1.92690E+00    5.83490E-01   -4.70238E-02   -3.29297E-01    2.18490E-01    5.67294E-02    1.32627E-01    4.87799E-02
     6.01404E-01    1.92143E+00    5.81285E-01   -4.39671E-02   -3.28460E-01    2.17893E-01    5.64197E-02    1.32168E-01    4.89198E-02
     6.03829E-01    1.91598E+00    5.79042E-01   -4.09130E-02   -3.27601E-01    2.17298E-01    5.61073E-02    1.31711E-01    4.90576E-02
     6.06254E-01    1.91054E+00    5.76762E-01   -3.78619E-02   -3.26720E-01    2.16705E-01    5.57922E-02    1.31256E-01    4.91934E-02
     6.08679E-01    1.90511E+00    5.74445E-01   -3.48138E-02   -3.25818E-01    2.16114E-01    5.54745E-02    1.30805E-01    4.93272E-02
     6.11104E-01    1.89970E+00    5.72091E-01   -3.17690E-02   -3.24893E-01    2.15526E-01    5.51542E-02    1.30356E-01    4.94589E-02
     6.13529E-01    1.89430E+00    5.69700E-01   -2.87278E-02   -3.23945E-01    2.14941E-01    5.48313E-02    1.29909E-01    4.95887E-02
     6.15954E-01    1.88891E+00    5.67273E-01   -2.56902E-02   -3.22976E-01    2.14357E-01    5.45060E-02    1.29465E-01    4.97164E-02
     6.18379E-01    1.88355E+00    5.64809E-01   -2.26565E-02   -3.21985E-01    2.13777E-01    5.41781E-02    1.29024E-01    4.98421E-02
     6.20804E-01    1.87819E+00    5.62310E-01   -1.96270E-02   -3.20971E-01    2.13199E-01    5.38479E-02    1.28586E-01    4.99658E-02
     6.23229E-01    1.87286E+00    5.59775E-01   -1.66018E-02   -3.19936E-01    2.12624E-01    5.35152E-02    1.28150E-01    5.00875E-02
     6.25654E-01    1.86754E+00    5.57204E-01   -1.35812E-02   -3.18878E-01    2.12051E-01    5.31803E-02    1.27718E-01    5.02072E-02
     6.28079E-01    1.86223E+00    5.54597E-01   -1.05654E-02   -3.17797E-01    2.11481E-01    5.28430E-02    1.27288E-01    5.03248E-02
     6.30503E-01    1.85695E+00    5.51956E-01   -7.55467E-03   -3.16695E-01    2.10913E-01    5.25035E-02    1.26860E-01    5.04404E-02
     6.32928E-01    1.85168E+00    5.49279E-01   -4.54913E-03   -3.15570E-01    2.10349E-01    5.21617E-02    1.26436E-01    5.05540E-02
     6.35353E-01    1.84643E+00    5.46568E-01   -1.54908E-03   -3.14423E-01    2.09787E-01    5.18178E-02    1.26014E-01    5.06656E-02
     6.37778E-01    1.84120E+00    5.43823E-01    1.44527E-03   -3.13254E-01    2.09228E-01    5.14718E-02    1.25596E-01    5.07752E-02
     6.40203E-01    1.83599E+00    5.41043E-01    4.43367E-03   -3.12063E-01    2.08672E-01    5.11236E-02    1.25180E-01    5.08828E-02
     6.42628E-01    1.83080E+00    5.38230E-01    7.41590E-03   -3.10849E-01    2.08119E-01    5.07734E-02    1.24767E-01    5.09884E-02
     6.45053E-01    1.82563E+00    5.35382E-01    1.03917E-02   -3.09613E-01    2.07569E-01    5.04213E-02    1.24357E-01    5.10919E-02
     6.47478E-01    1.82047E+00    5.32501E-01    1.33608E-02   -3.08354E-01    2.07022E-01    5.00671E-02    1.23950E-01    5.11935E-02
     6.49903E-01    1.81534E+00    5.29588E-01    1.63231E-02   -3.07074E-01    2.06478E-01    4.97110E-02    1.23545E-01    5.12931E-02
     6.52328E-01    1.81023E+00    5.26641E-01    1.92781E-02   -3.05771E-01    2.05936E-01    4.93531E-02    1.23144E-01    5.13907E-02
     6.54753E-01    1.80514E+00    5.23661E-01    2.22258E-02   -3.04446E-01    2.05398E-01    4.89933E-02    1.22746E-01    5.14863E-02
     6.57178E-01    1.80007E+00    5.20650E-01    2.51658E-02   -3.03098E-01    2.04863E-01    4.86317E-02    1.22351E-01    5.15799E-02
     6.59603E-01    1.79503E+00    5.17606E-01    2.80979E-02   -3.01729E-01    2.04332E-01    4.82684E-02    1.21958E-01    5.16716E-02
     6.62028E-01    1.79001E+00    5.14530E-01    3.10219E-02   -3.00337E-01    2.03803E-01    4.79033E-02    1.21569E-01    5.17613E-02
     6.64453E-01    1.78501E+00    5.11423E-01    3.39374E-02   -2.98923E-01    2.03277E-01    4.75366E-02    1.21183E-01    5.18491E-02
     6.66878E-01    1.78003E+00    5.08285E-01    3.68442E-02   -2.97486E-01    2.02755E-01    4.71683E-02    1.20800E-01    5.19349E-02
     6.69303E-01    1.77508E+00    5.05116E-01    3.97420E-02   -2.96028E-01    2.02236E-01    4.67984E-02    1.20420E-01    5.20187E-02
     6.71728E-01    1.77015E+00    5.01916E-01    4.26307E-02   -2.94547E-01    2.01721E-01    4.64269E-02    1.20043E-01    5.21006E-02
     6.74153E-01    1.76524E+00    4.98686E-01    4.55098E-02   -2.93045E-01    2.01208E-01    4.60539E-02    1.19669E-01    5.21806E-02
     6.76578E-01    1.76037E+00    4.95426E-01    4.83792E-02   -2.91520E-01    2.00700E-01    4.56795E-02    1.19298E-01    5.22587E-02
     6.79003E-01    1.75551E+00    4.92136E-01    5.12386E-02   -2.89973E-01    2.00194E-01    4.53036E-02    1.18930E-01    5.23349E-02
     6.81428E-01    1.75068E+00    4.88817E-01    5.40877E-02   -2.88405E-01    1.99692E-01    4.49264E-02    1.18565E-01    5.24091E-02
     6.83853E-01    1.74588E+00    4.85469E-01    5.69261E-02   -2.86814E-01    1.99193E-01    4.45478E-02    1.18204E-01    5.24815E-02
     6.86278E-01    1.74111E+00    4.82092E-01    5.97537E-02   -2.85202E-01    1.98698E-01    4.41679E-02    1.17845E-01    5.25520E-02
     6.88703E-01    1.73636E+00    4.78686E-01    6.25702E-02   -2.83568E-01    1.98207E-01    4.37868E-02    1.17490E-01    5.26206E-02
     6.91128E-01    1.73164E+00    4.75253E-01    6.53752E-02   -2.81912E-01    1.97718E-01    4.34045E-02    1.17138E-01    5.26873E-02
     6.93553E-01    1.72694E+00    4.71792E-01    6.81686E-02   -2.80234E-01    1.97234E-01    4.30210E-02    1.16789E-01    5.27522E-02
     6.95978E-01    1.72228E+00    4.68303E-01    7.09499E-02   -2.78535E-01    1.96753E-01    4.26363E-02    1.16443E-01    5.28153E-02
     6.98403E-01    1.71764E+00    4.64788E-01    7.37189E-02   -2.76814E-01    1.96276E-01    4.22506E-02    1.16101E-01    5.28765E-02
     7.00828E-01    1.71303E+00    4.61246E-01    7.64754E-02   -2.75072E-01    1.95802E-01    4.18638E-02    1.15761E-01    5.29360E-02
     7.03253E-01    1.70845E+00    4.57677E-01    7.92190E-02   -2.73308E-01    1.95332E-01    4.14760E-02    1.15425E-01    5.29936E-02
     7.05678E-01    1.70390E+00    4.54083E-01    8.19494E-02   -2.71524E-01    1.94866E-01    4.10872E-02    1.15092E-01    5.30494E-02
     7.08103E-01    1.69938E+00    4.50462E-01    8.46664E-02   -2.69717E-01    1.94403E-01    4.06975E-02    1.14762E-01    5.31035E-02
     7.10528E-01    1.69489E+00    4.46817E-01    8.73696E-02   -2.67890E-01    1.93945E-01    4.03070E-02    1.14436E-01    5.31557E-02
     7.12953E-01    1.69044E+00    4.43146E-01    9.00588E-02   -2.66042E-01    1.93490E-01    3.99155E-02    1.14113E-01    5.32063E-02
     7.15378E-01    1.68601E+00    4.39451E-01    9.27337E-02   -2.64173E-01    1.93039E-01    3.95233E-02    1.13793E-01    5.32551E-02
     7.17803E-01    1.68161E+00    4.35732E-01    9.53938E-02   -2.62283E-01    1.92591E-01    3.91302E-02    1.13476E-01    5.33022E-02
     7.20228E-01    1.67725E+00    4.31989E-01    9.80391E-02   -2.60372E-01    1.92148E-01    3.87365E-02    1.13162E-01    5.33476E-02
     7.22653E-01    1.67291E+00    4.28223E-01    1.00669E-01   -2.58441E-01    1.91708E-01    3.83420E-02    1.12852E-01    5.33913E-02
     7.25078E-01    1.66861E+00    4.24434E-01    1.03284E-01   -2.56490E-01    1.91272E-01    3.79469E-02    1.12545E-01    5.34333E-02
     7.27502E-01    1.66435E+00    4.20622E-01    1.05882E-01   -2.54518E-01    1.90841E-01    3.75512E-02    1.12241E-01    5.34736E-02
     7.29927E-01    1.66011E+00    4.16788E-01    1.08465E-01   -2.52526E-01    1.90413E-01    3.71548E-02    1.11940E-01    5.35124E-02
     7.32352E-01    1.65591E+00    4.12931E-01    1.11031E-01   -2.50514E-01    1.89989E-01    3.67580E-02    1.11643E-01    5.35494E-02
     7.34777E-01    1.65175E+00    4.09054E-01    1.13580E-01   -2.48482E-01    1.89569E-01    3.63606E-02    1.11349E-01    5.35849E-02
     7.37202E-01    1.64761E+00    4.05155E-01    1.16112E-01   -2.46430E-01    1.89153E-01    3.59628E-02    1.11059E-01    5.36188E-02
     7.39627E-01    1.64352E+00    4.01236E-01    1.18627E-01   -2.44359E-01    1.88741E-01    3.55645E-02    1.10771E-01    5.36512E-02
     7.42052E-01    1.63945E+00    3.97297E-01    1.21124E-01   -2.42269E-01    1.88334E-01    3.51659E-02    1.10487E-01    5.36819E-02
     7.44477E-01    1.63543E+00    3.93337E-01    1.23604E-01   -2.40159E-01    1.87930E-01    3.47669E-02    1.10206E-01    5.37112E-02
     7.46902E-01    1.63143E+00    3.89359E-01    1.26065E-01   -2.38030E-01    1.87530E-01    3.43676E-02    1.09929E-01    5.37389E-02
     7.49327E-01    1.62748E+00    3.85361E-01    1.28507E-01   -2.35882E-01    1.87135E-01    3.39680E-02    1.09655E-01    5.37651E-02
     7.51752E-01    1.62356E+00    3.81345E-01    1.30931E-01   -2.33716E-01    1.86743E-01    3.35681E-02    1.09384E-01    5.37898E-02
     7.54177E-01    1.61967E+00    3.77310E-01    1.33335E-01   -2.31531E-01    1.86356E-01    3.31681E-02    1.09116E-01    5.38131E-02
     7.56602E-01    1.61583E+00    3.73258E-01    1.35720E-01   -2.29328E-01    1.85973E-01    3.27678E-02    1.08852E-01    5.38350E-02
     7.59027E-01    1.61202E+00    3.69188E-01    1.38085E-01   -2.27107E-01    1.85594E-01    3.23675E-02    1.08591E-01    5.38554E-02
     7.61452E-01    1.60824E+00    3.65102E-01    1.40431E-01   -2.24868E-01    1.85220E-01    3.19670E-02    1.08333E-01    5.38744E-02
     7.63877E-01    1.60451E+00    3.60999E-01    1.42756E-01   -2.22611E-01    1.84849E-01    3.15664E-02    1.08078E-01    5.38920E-02
     7.66302E-01    1.60081E+00    3.56880E-01    1.45060E-01   -2.20337E-01    1.84483E-01    3.11658E-02    1.07827E-01    5.39083E-02
     7.68727E-01    1.59716E+00    3.52746E-01    1.47343E-01   -2.18046E-01    1.84121E-01    3.07652E-02    1.07579E-01    5.39233E-02
     7.71152E-01    1.59354E+00    3.48596E-01    1.49605E-01   -2.15738E-01    1.83763E-01    3.03647E-02    1.07335E-01    5.39369E-02
     7.73577E-01    1.58996E+00    3.44432E-01    1.51846E-01   -2.13413E-01    1.83410E-01    2.99642E-02    1.07093E-01    5.39493E-02
     7.76002E-01    1.58641E+00    3.40254E-01    1.54065E-01   -2.11071E-01    1.83060E-01    2.95638E-02    1.06855E-01    5.39604E-02
     7.78427E-01    1.58291E+00    3.36062E-01    1.56262E-01   -2.08714E-01    1.82716E-01    2.91635E-02    1.06621E-01    5.39702E-02
     7.80852E-01    1.57945E+00    3.31856E-01    1.58437E-01   -2.06340E-01    1.82375E-01    2.87634E-02    1.06389E-01    5.39788E-02
     7.83277E-01    1.57603E+00    3.27637E-01    1.60589E-01   -2.03951E-01    1.82039E-01    2.83635E-02    1.06161E-01    5.39863E-02
     7.85702E-01    1.57265E+00    3.23407E-01    1.62718E-01   -2.01546E-01    1.81707E-01    2.79638E-02    1.05936E-01    5.39925E-02
     7.88127E-01    1.56931E+00    3.19164E-01    1.64824E-01   -1.99126E-01    1.81379E-01    2.75643E-02    1.05715E-01    5.39976E-02
     7.90552E-01    1.56601E+00    3.14909E-01    1.66907E-01   -1.96691E-01    1.81056E-01    2.71652E-02    1.05496E-01    5.40016E-02
     7.92977E-01    1.56275E+00    3.10644E-01    1.68966E-01   -1.94242E-01    1.80737E-01    2.67663E-02    1.05281E-01    5.40044E-02
     7.95402E-01    1.55953E+00    3.06368E-01    1.71001E-01   -1.91778E-01    1.80423E-01    2.63678E-02    1.05070E-01    5.40062E-02
     7.97827E-01    1.55635E+00    3.02082E-01    1.73013E-01   -1.89301E-01    1.80112E-01    2.59697E-02    1.04861E-01    5.40070E-02
     8.00252E-01    1.55322E+00    2.97786E-01    1.74999E-01   -1.86809E-01    1.79807E-01    2.55720E-02    1.04656E-01    5.40067E-02
     8.02677E-01    1.55012E+00    2.93481E-01    1.76961E-01   -1.84304E-01    1.79505E-01    2.51747E-02    1.04454E-01    5.40054E-02
     8.05102E-01    1.54707E+00    2.89167E-01    1.78899E-01   -1.81787E-01    1.79209E-01    2.47779E-02    1.04255E-01    5.40031E-02
     8.07527E-01    1.54406E+00    2.84844E-01    1.80811E-01   -1.79256E-01    1.78916E-01    2.43816E-02    1.04060E-01    5.39999E-02
     8.09952E-01    1.54110E+00    2.80514E-01    1.82698E-01   -1.76713E-01    1.78628E-01    2.39858E-02    1.03867E-01    5.39958E-02
     8.12377E-01    1.53817E+00    2.76177E-01    1.84559E-01   -1.74158E-01    1.78345E-01    2.35905E-02    1.03678E-01    5.39907E-02
     8.14802E-01    1.53529E+00    2.71833E-01    1.86395E-01   -1.71591E-01    1.78065E-01    2.31958E-02    1.03492E-01    5.39848E-02
     8.17227E-01    1.53246E+00    2.67482E-01    1.88204E-01   -1.69013E-01    1.77791E-01    2.28018E-02    1.03310E-01    5.39780E-02
     8.19652E-01    1.52966E+00    2.63125E-01    1.89988E-01   -1.66423E-01    1.77520E-01    2.24083E-02    1.03130E-01    5.39705E-02
     8.22077E-01    1.52691E+00    2.58763E-01    1.91745E-01   -1.63823E-01    1.77255E-01    2.20155E-02    1.02954E-01    5.39621E-02
     8.24501E-01    1.52421E+00    2.54396E-01    1.93475E-01   -1.61213E-01    1.76993E-01    2.16233E-02    1.02781E-01    5.39530E-02
     8.26926E-01    1.52154E+00    2.50024E-01    1.95179E-01   -1.58592E-01    1.76736E-01    2.12319E-02    1.02611E-01    5.39431E-02
     8.29351E-01    1.51892E+00    2.45649E-01    1.96856E-01   -1.55962E-01    1.76484E-01    2.08412E-02    1.02444E-01    5.39325E-02
     8.31776E-01    1.51635E+00    2.41269E-01    1.98506E-01   -1.53322E-01    1.76236E-01    2.04512E-02    1.02281E-01    5.39213E-02
     8.34201E-01    1.51382E+00    2.36886E-01    2.00128E-01   -1.50673E-01    1.75993E-01    2.00620E-02    1.02121E-01    5.39094E-02
     8.36626E-01    1.51133E+00    2.32501E-01    2.01723E-01   -1.48016E-01    1.75754E-01    1.96736E-02    1.01963E-01    5.38968E-02
     8.39051E-01    1.50889E+00    2.28114E-01    2.03290E-01   -1.45351E-01    1.75519E-01    1.92860E-02    1.01809E-01    5.38837E-02
     8.41476E-01    1.50650E+00    2.23724E-01    2.04830E-01   -1.42677E-01    1.75289E-01    1.88992E-02    1.01659E-01    5.38700E-02
     8.43901E-01    1.50414E+00    2.19334E-01    2.06341E-01   -1.39997E-01    1.75064E-01    1.85133E-02    1.01511E-01    5.38558E-02
     8.46326E-01    1.50184E+00    2.14942E-01    2.07825E-01   -1.37309E-01    1.74843E-01    1.81283E-02    1.01366E-01    5.38411E-02
     8.48751E-01    1.49958E+00    2.10551E-01    2.09280E-01   -1.34614E-01    1.74626E-01    1.77442E-02    1.01224E-01    5.38258E-02
     8.51176E-01    1.49736E+00    2.06159E-01    2.10707E-01   -1.31913E-01    1.74414E-01    1.73609E-02    1.01086E-01    5.38102E-02
     8.53601E-01    1.49519E+00    2.01768E-01    2.12105E-01   -1.29206E-01    1.74206E-01    1.69787E-02    1.00951E-01    5.37941E-02
     8.56026E-01    1.49306E+00    1.97378E-01    2.13475E-01   -1.26494E-01    1.74003E-01    1.65974E-02    1.00818E-01    5.37776E-02
     8.58451E-01    1.49098E+00    1.92989E-01    2.14817E-01   -1.23776E-01    1.73805E-01    1.62170E-02    1.00689E-01    5.37608E-02
     8.60876E-01    1.48894E+00    1.88602E-01    2.16129E-01   -1.21054E-01    1.73610E-01    1.58377E-02    1.00563E-01    5.37436E-02
     8.63301E-01    1.48695E+00    1.84218E-01    2.17413E-01   -1.18327E-01    1.73421E-01    1.54594E-02    1.00440E-01    5.37261E-02
     8.65726E-01    1.48501E+00    1.79836E-01    2.18667E-01   -1.15596E-01    1.73235E-01    1.50821E-02    1.00320E-01    5.37084E-02
     8.68151E-01    1.48311E+00    1.75458E-01    2.19893E-01   -1.12861E-01    1.73055E-01    1.47058E-02    1.00203E-01    5.36904E-02
     8.70576E-01    1.48126E+00    1.71083E-01    2.21089E-01   -1.10124E-01    1.72878E-01    1.43306E-02    1.00088E-01    5.36722E-02
     8.73001E-01    1.47945E+00    1.66713E-01    2.22257E-01   -1.07383E-01    1.72706E-01    1.39565E-02    9.99774E-02    5.36538E-02
     8.75426E-01    1.47769E+00    1.62347E-01    2.23395E-01   -1.04641E-01    1.72539E-01    1.35835E-02    9.98693E-02    5.36353E-02
     8.77851E-01    1.47597E+00    1.57986E-01    2.24503E-01   -1.01896E-01    1.72376E-01    1.32116E-02    9.97642E-02    5.36166E-02
     8.80276E-01    1.47430E+00    1.53630E-01    2.25583E-01   -9.91494E-02    1.72218E-01    1.28408E-02    9.96620E-02    5.35979E-02
     8.82701E-01    1.47268E+00    1.49281E-01    2.26633E-01   -9.64018E-02    1.72063E-01    1.24712E-02    9.95628E-02    5.35790E-02
     8.85126E-01    1.47110E+00    1.44938E-01    2.27653E-01   -9.36534E-02    1.71914E-01    1.21027E-02    9.94666E-02    5.35602E-02
     8.87551E-01    1.46957E+00    1.40601E-01    2.28644E-01   -9.09046E-02    1.71769E-01    1.17353E-02    9.93733E-02    5.35414E-02
     8.89976E-01    1.46808E+00    1.36272E-01    2.29605E-01   -8.81558E-02    1.71628E-01    1.13692E-02    9.92829E-02    5.35226E-02
     8.92401E-01    1.46664E+00    1.31951E-01    2.30537E-01   -8.54074E-02    1.71491E-01    1.10042E-02    9.91954E-02    5.35038E-02
     8.94826E-01    1.46524E+00    1.27637E-01    2.31440E-01   -8.26599E-02    1.71359E-01    1.06404E-02    9.91108E-02    5.34852E-02
     8.97251E-01    1.46389E+00    1.23332E-01    2.32313E-01   -7.99135E-02    1.71232E-01    1.02779E-02    9.90291E-02    5.34666E-02
     8.99676E-01    1.46259E+00    1.19036E-01    2.33156E-01   -7.71687E-02    1.71108E-01    9.91653E-03    9.89502E-02    5.34482E-02
     9.02101E-01    1.46133E+00    1.14749E-01    2.33970E-01   -7.44259E-02    1.70989E-01    9.55641E-03    9.88742E-02    5.34301E-02
     9.04526E-01    1.46012E+00    1.10471E-01    2.34755E-01   -7.16856E-02    1.70875E-01    9.19754E-03    9.88010E-02    5.34121E-02
     9.06951E-01    1.45895E+00    1.06204E-01    2.35510E-01   -6.89480E-02    1.70765E-01    8.83991E-03    9.87307E-02    5.33943E-02
     9.09376E-01    1.45783E+00    1.01947E-01    2.36235E-01   -6.62136E-02    1.70659E-01    8.48355E-03    9.86632E-02    5.33769E-02
     9.11801E-01    1.45675E+00    9.77013E-02    2.36931E-01   -6.34828E-02    1.70557E-01    8.12845E-03    9.85985E-02    5.33598E-02
     9.14226E-01    1.45572E+00    9.34666E-02    2.37598E-01   -6.07559E-02    1.70460E-01    7.77462E-03    9.85366E-02    5.33429E-02
     9.16651E-01    1.45474E+00    8.92436E-02    2.38235E-01   -5.80334E-02    1.70367E-01    7.42208E-03    9.84775E-02    5.33265E-02
     9.19076E-01    1.45380E+00    8.50325E-02    2.38843E-01   -5.53157E-02    1.70278E-01    7.07082E-03    9.84211E-02    5.33105E-02
     9.21500E-01    1.45290E+00    8.08339E-02    2.39422E-01   -5.26030E-02    1.70194E-01    6.72086E-03    9.83675E-02    5.32949E-02
     9.23925E-01    1.45205E+00    7.66480E-02    2.39972E-01   -4.98959E-02    1.70114E-01    6.37220E-03    9.83166E-02    5.32797E-02
     9.26350E-01    1.45125E+00    7.24753E-02    2.40492E-01   -4.71947E-02    1.70038E-01    6.02485E-03    9.82685E-02    5.32651E-02
     9.28775E-01    1.45048E+00    6.83160E-02    2.40984E-01   -4.44998E-02    1.69967E-01    5.67881E-03    9.82231E-02    5.32510E-02
     9.31200E-01    1.44977E+00    6.41707E-02    2.41446E-01   -4.18115E-02    1.69899E-01    5.33409E-03    9.81804E-02    5.32374E-02
     9.33625E-01    1.44910E+00    6.00396E-02    2.41880E-01   -3.91302E-02    1.69836E-01    4.99069E-03    9.81403E-02    5.32244E-02
     9.36050E-01    1.44847E+00    5.59230E-02    2.42285E-01   -3.64563E-02    1.69777E-01    4.64861E-03    9.81030E-02    5.32121E-02
     9.38475E-01    1.44789E+00    5.18214E-02    2.42661E-01   -3.37902E-02    1.69722E-01    4.30787E-03    9.80683E-02    5.32003E-02
     9.40900E-01    1.44735E+00    4.77351E-02    2.43009E-01   -3.11322E-02    1.69672E-01    3.96845E-03    9.80362E-02    5.31893E-02
     9.43325E-01    1.44685E+00    4.36643E-02    2.43328E-01   -2.84827E-02    1.69625E-01    3.63037E-03    9.80068E-02    5.31790E-02
     9.45750E-01    1.44640E+00    3.96096E-02    2.43619E-01   -2.58420E-02    1.69583E-01    3.29363E-03    9.79800E-02    5.31694E-02
     9.48175E-01    1.44600E+00    3.55711E-02    2.43881E-01   -2.32106E-02    1.69545E-01    2.95823E-03    9.79559E-02    5.31606E-02
     9.50600E-01    1.44563E+00    3.15492E-02    2.44115E-01   -2.05888E-02    1.69511E-01    2.62417E-03    9.79343E-02    5.31525E-02
     9.53025E-01    1.44531E+00    2.75442E-02    2.44322E-01   -1.79768E-02    1.69480E-01    2.29145E-03    9.79153E-02    5.31453E-02
     9.55450E-01    1.44504E+00    2.35565E-02    2.44500E-01   -1.53751E-02    1.69455E-01    1.96007E-03    9.78989E-02    5.31390E-02
     9.57875E-01    1.44480E+00    1.95863E-02    2.44651E-01   -1.27841E-02    1.69433E-01    1.63003E-03    9.78850E-02    5.31336E-02
     9.60300E-01    1.44461E+00    1.56341E-02    2.44773E-01   -1.02040E-02    1.69415E-01    1.30134E-03    9.78737E-02    5.31291E-02
     9.62725E-01    1.44447E+00    1.16999E-02    2.44869E-01   -7.63521E-03    1.69401E-01    9.73995E-04    9.78650E-02    5.31255E-02
     9.65150E-01    1.44436E+00    7.78430E-03    2.44937E-01   -5.07806E-03    1.69391E-01    6.47989E-04    9.78587E-02    5.31229E-02
     9.67575E-01    1.44430E+00    3.88742E-03    2.44977E-01   -2.53288E-03    1.69385E-01    3.23325E-04    9.78550E-02    5.31213E-02
     9.70000E-01    1.44428E+00    9.59331E-06    2.44991E-01    0.00000E+00    1.69383E-01   -7.87048E-23    9.78537E-02    5.31208E-02
