     1.00000E-05    3.89597E+00   -1.81127E-05   -4.97154E-01   -1.62105E-05    4.55532E-01    6.14633E-06    3.52553E-01    7.96311E-11
     2.58498E-03    3.89591E+00    9.98728E-03   -4.97131E-01   -4.19030E-03    4.55524E-01    1.58877E-03    3.52544E-01    5.32089E-06
     5.15995E-03    3.89570E+00    1.99346E-02   -4.97061E-01   -8.36389E-03    4.55499E-01    3.17111E-03    3.52517E-01    2.11998E-05
     7.73493E-03    3.89537E+00    2.98793E-02   -4.96944E-01   -1.25365E-02    4.55459E-01    4.75292E-03    3.52472E-01    4.76321E-05
     1.03099E-02    3.89489E+00    3.98201E-02   -4.96781E-01   -1.67075E-02    4.55402E-01    6.33391E-03    3.52409E-01    8.46103E-05
     1.28849E-02    3.89429E+00    4.97557E-02   -4.96572E-01   -2.08766E-02    4.55329E-01    7.91382E-03    3.52327E-01    1.32124E-04
     1.54599E-02    3.89355E+00    5.96847E-02   -4.96316E-01   -2.50432E-02    4.55240E-01    9.49237E-03    3.52228E-01    1.90158E-04
     1.80348E-02    3.89267E+00    6.96058E-02   -4.96013E-01   -2.92067E-02    4.55134E-01    1.10693E-02    3.52111E-01    2.58698E-04
     2.06098E-02    3.89166E+00    7.95178E-02   -4.95664E-01   -3.33668E-02    4.55013E-01    1.26443E-02    3.51976E-01    3.37723E-04
     2.31848E-02    3.89052E+00    8.94194E-02   -4.95269E-01   -3.75228E-02    4.54875E-01    1.42172E-02    3.51823E-01    4.27209E-04
     2.57598E-02    3.88924E+00    9.93092E-02   -4.94828E-01   -4.16744E-02    4.54721E-01    1.57877E-02    3.51652E-01    5.27133E-04
     2.83347E-02    3.88783E+00    1.09186E-01   -4.94340E-01   -4.58209E-02    4.54551E-01    1.73554E-02    3.51463E-01    6.37463E-04
     3.09097E-02    3.88628E+00    1.19048E-01   -4.93806E-01   -4.99620E-02    4.54365E-01    1.89202E-02    3.51256E-01    7.58170E-04
     3.34847E-02    3.88460E+00    1.28895E-01   -4.93226E-01   -5.40970E-02    4.54163E-01    2.04818E-02    3.51032E-01    8.89218E-04
     3.60596E-02    3.88279E+00    1.38725E-01   -4.92600E-01   -5.82256E-02    4.53945E-01    2.20399E-02    3.50790E-01    1.03057E-03
     3.86346E-02    3.88085E+00    1.48537E-01   -4.91929E-01   -6.23472E-02    4.53711E-01    2.35942E-02    3.50530E-01    1.18218E-03
     4.12096E-02    3.87877E+00    1.58329E-01   -4.91211E-01   -6.64614E-02    4.53461E-01    2.51445E-02    3.50253E-01    1.34402E-03
     4.37846E-02    3.87656E+00    1.68101E-01   -4.90448E-01   -7.05676E-02    4.53195E-01    2.66905E-02    3.49958E-01    1.51603E-03
     4.63595E-02    3.87422E+00    1.77850E-01   -4.89639E-01   -7.46654E-02    4.52913E-01    2.82320E-02    3.49645E-01    1.69816E-03
     4.89345E-02    3.87174E+00    1.87576E-01   -4.88785E-01   -7.87542E-02    4.52615E-01    2.97687E-02    3.49315E-01    1.89036E-03
     5.15095E-02    3.86914E+00    1.97278E-01   -4.87886E-01   -8.28337E-02    4.52302E-01    3.13004E-02    3.48968E-01    2.09258E-03
     5.40845E-02    3.86640E+00    2.06954E-01   -4.86941E-01   -8.69033E-02    4.51972E-01    3.28267E-02    3.48603E-01    2.30476E-03
     5.66595E-02    3.86353E+00    2.16603E-01   -4.85952E-01   -9.09625E-02    4.51627E-01    3.43475E-02    3.48221E-01    2.52683E-03
     5.92344E-02    3.86054E+00    2.26223E-01   -4.84917E-01   -9.50109E-02    4.51266E-01    3.58625E-02    3.47822E-01    2.75874E-03
     6.18094E-02    3.85741E+00    2.35814E-01   -4.83838E-01   -9.90480E-02    4.50890E-01    3.73714E-02    3.47406E-01    3.00042E-03
     6.43844E-02    3.85415E+00    2.45375E-01   -4.82714E-01   -1.03073E-01    4.50498E-01    3.88740E-02    3.46972E-01    3.25181E-03
     6.69594E-02    3.85077E+00    2.54903E-01   -4.81546E-01   -1.07086E-01    4.50090E-01    4.03701E-02    3.46522E-01    3.51281E-03
     6.95343E-02    3.84725E+00    2.64398E-01   -4.80333E-01   -1.11087E-01    4.49667E-01    4.18594E-02    3.46055E-01    3.78338E-03
     7.21093E-02    3.84361E+00    2.73859E-01   -4.79077E-01   -1.15074E-01    4.49229E-01    4.33416E-02    3.45572E-01    4.06342E-03
     7.46843E-02    3.83984E+00    2.83284E-01   -4.77776E-01   -1.19047E-01    4.48775E-01    4.48165E-02    3.45071E-01    4.35286E-03
     7.72593E-02    3.83594E+00    2.92672E-01   -4.76432E-01   -1.23007E-01    4.48306E-01    4.62840E-02    3.44554E-01    4.65162E-03
     7.98342E-02    3.83191E+00    3.02023E-01   -4.75045E-01   -1.26952E-01    4.47822E-01    4.77437E-02    3.44021E-01    4.95961E-03
     8.24092E-02    3.82776E+00    3.11334E-01   -4.73614E-01   -1.30882E-01    4.47322E-01    4.91954E-02    3.43471E-01    5.27675E-03
     8.49842E-02    3.82349E+00    3.20605E-01   -4.72140E-01   -1.34796E-01    4.46808E-01    5.06389E-02    3.42905E-01    5.60295E-03
     8.75592E-02    3.81908E+00    3.29834E-01   -4.70623E-01   -1.38694E-01    4.46278E-01    5.20740E-02    3.42323E-01    5.93811E-03
     9.01341E-02    3.81456E+00    3.39021E-01   -4.69064E-01   -1.42577E-01    4.45733E-01    5.35004E-02    3.41725E-01    6.28214E-03
     9.27091E-02    3.80991E+00    3.48164E-01   -4.67462E-01   -1.46442E-01    4.45174E-01    5.49179E-02    3.41111E-01    6.63494E-03
     9.52841E-02    3.80513E+00    3.57262E-01   -4.65818E-01   -1.50290E-01    4.44600E-01    5.63263E-02    3.40482E-01    6.99643E-03
     9.78591E-02    3.80024E+00    3.66314E-01   -4.64132E-01   -1.54121E-01    4.44011E-01    5.77254E-02    3.39836E-01    7.36649E-03
     1.00434E-01    3.79522E+00    3.75319E-01   -4.62404E-01   -1.57934E-01    4.43407E-01    5.91150E-02    3.39175E-01    7.74502E-03
     1.03009E-01    3.79008E+00    3.84276E-01   -4.60635E-01   -1.61728E-01    4.42789E-01    6.04948E-02    3.38499E-01    8.13192E-03
     1.05584E-01    3.78482E+00    3.93183E-01   -4.58825E-01   -1.65503E-01    4.42156E-01    6.18647E-02    3.37807E-01    8.52708E-03
     1.08159E-01    3.77944E+00    4.02040E-01   -4.56974E-01   -1.69259E-01    4.41509E-01    6.32244E-02    3.37101E-01    8.93040E-03
     1.10734E-01    3.77394E+00    4.10846E-01   -4.55082E-01   -1.72995E-01    4.40847E-01    6.45738E-02    3.36379E-01    9.34175E-03
     1.13309E-01    3.76832E+00    4.19599E-01   -4.53150E-01   -1.76711E-01    4.40171E-01    6.59126E-02    3.35643E-01    9.76103E-03
     1.15884E-01    3.76259E+00    4.28298E-01   -4.51177E-01   -1.80406E-01    4.39482E-01    6.72407E-02    3.34891E-01    1.01881E-02
     1.18459E-01    3.75673E+00    4.36943E-01   -4.49165E-01   -1.84081E-01    4.38778E-01    6.85578E-02    3.34126E-01    1.06229E-02
     1.21034E-01    3.75076E+00    4.45532E-01   -4.47113E-01   -1.87734E-01    4.38060E-01    6.98637E-02    3.33345E-01    1.10653E-02
     1.23609E-01    3.74468E+00    4.54065E-01   -4.45022E-01   -1.91366E-01    4.37328E-01    7.11584E-02    3.32551E-01    1.15151E-02
     1.26184E-01    3.73848E+00    4.62539E-01   -4.42892E-01   -1.94975E-01    4.36583E-01    7.24415E-02    3.31742E-01    1.19723E-02
     1.28759E-01    3.73217E+00    4.70956E-01   -4.40724E-01   -1.98562E-01    4.35823E-01    7.37130E-02    3.30920E-01    1.24366E-02
     1.31334E-01    3.72574E+00    4.79312E-01   -4.38517E-01   -2.02126E-01    4.35051E-01    7.49726E-02    3.30083E-01    1.29081E-02
     1.33909E-01    3.71920E+00    4.87608E-01   -4.36272E-01   -2.05667E-01    4.34264E-01    7.62202E-02    3.29233E-01    1.33865E-02
     1.36484E-01    3.71255E+00    4.95842E-01   -4.33989E-01   -2.09184E-01    4.33465E-01    7.74556E-02    3.28369E-01    1.38717E-02
     1.39059E-01    3.70579E+00    5.04014E-01   -4.31669E-01   -2.12678E-01    4.32652E-01    7.86786E-02    3.27492E-01    1.43637E-02
     1.41634E-01    3.69892E+00    5.12123E-01   -4.29311E-01   -2.16147E-01    4.31826E-01    7.98891E-02    3.26602E-01    1.48622E-02
     1.44209E-01    3.69194E+00    5.20167E-01   -4.26917E-01   -2.19591E-01    4.30987E-01    8.10870E-02    3.25699E-01    1.53671E-02
     1.46784E-01    3.68485E+00    5.28146E-01   -4.24487E-01   -2.23011E-01    4.30135E-01    8.22719E-02    3.24783E-01    1.58783E-02
     1.49359E-01    3.67766E+00    5.36059E-01   -4.22020E-01   -2.26405E-01    4.29270E-01    8.34439E-02    3.23854E-01    1.63957E-02
     1.51934E-01    3.67036E+00    5.43905E-01   -4.19518E-01   -2.29773E-01    4.28393E-01    8.46028E-02    3.22913E-01    1.69192E-02
     1.54508E-01    3.66295E+00    5.51683E-01   -4.16980E-01   -2.33115E-01    4.27503E-01    8.57484E-02    3.21960E-01    1.74485E-02
     1.57083E-01    3.65544E+00    5.59392E-01   -4.14407E-01   -2.36431E-01    4.26600E-01    8.68806E-02    3.20994E-01    1.79835E-02
     1.59658E-01    3.64783E+00    5.67032E-01   -4.11800E-01   -2.39720E-01    4.25685E-01    8.79992E-02    3.20016E-01    1.85242E-02
     1.62233E-01    3.64012E+00    5.74602E-01   -4.09158E-01   -2.42983E-01    4.24758E-01    8.91042E-02    3.19027E-01    1.90704E-02
     1.64808E-01    3.63230E+00    5.82101E-01   -4.06482E-01   -2.46218E-01    4.23819E-01    9.01953E-02    3.18026E-01    1.96218E-02
     1.67383E-01    3.62438E+00    5.89527E-01   -4.03772E-01   -2.49425E-01    4.22868E-01    9.12725E-02    3.17013E-01    2.01785E-02
     1.69958E-01    3.61637E+00    5.96881E-01   -4.01030E-01   -2.52605E-01    4.21905E-01    9.23357E-02    3.15989E-01    2.07402E-02
     1.72533E-01    3.60825E+00    6.04162E-01   -3.98254E-01   -2.55756E-01    4.20930E-01    9.33847E-02    3.14954E-01    2.13068E-02
     1.75108E-01    3.60004E+00    6.11368E-01   -3.95446E-01   -2.58879E-01    4.19943E-01    9.44194E-02    3.13909E-01    2.18782E-02
     1.77683E-01    3.59173E+00    6.18500E-01   -3.92605E-01   -2.61973E-01    4.18945E-01    9.54397E-02    3.12852E-01    2.24541E-02
     1.80258E-01    3.58333E+00    6.25556E-01   -3.89733E-01   -2.65038E-01    4.17936E-01    9.64456E-02    3.11785E-01    2.30346E-02
     1.82833E-01    3.57483E+00    6.32536E-01   -3.86829E-01   -2.68073E-01    4.16915E-01    9.74368E-02    3.10708E-01    2.36193E-02
     1.85408E-01    3.56624E+00    6.39438E-01   -3.83895E-01   -2.71079E-01    4.15884E-01    9.84134E-02    3.09620E-01    2.42082E-02
     1.87983E-01    3.55756E+00    6.46264E-01   -3.80930E-01   -2.74055E-01    4.14841E-01    9.93751E-02    3.08522E-01    2.48011E-02
     1.90558E-01    3.54878E+00    6.53010E-01   -3.77934E-01   -2.77001E-01    4.13787E-01    1.00322E-01    3.07415E-01    2.53979E-02
     1.93133E-01    3.53992E+00    6.59678E-01   -3.74909E-01   -2.79917E-01    4.12723E-01    1.01254E-01    3.06298E-01    2.59984E-02
     1.95708E-01    3.53097E+00    6.66267E-01   -3.71854E-01   -2.82802E-01    4.11648E-01    1.02171E-01    3.05172E-01    2.66025E-02
     1.98283E-01    3.52193E+00    6.72775E-01   -3.68770E-01   -2.85656E-01    4.10563E-01    1.03073E-01    3.04036E-01    2.72101E-02
     2.00858E-01    3.51280E+00    6.79203E-01   -3.65658E-01   -2.88479E-01    4.09467E-01    1.03959E-01    3.02892E-01    2.78208E-02
     2.03433E-01    3.50359E+00    6.85550E-01   -3.62517E-01   -2.91271E-01    4.08361E-01    1.04831E-01    3.01738E-01    2.84348E-02
     2.06008E-01    3.49429E+00    6.91814E-01   -3.59348E-01   -2.94031E-01    4.07245E-01    1.05687E-01    3.00576E-01    2.90516E-02
     2.08583E-01    3.48491E+00    6.97996E-01   -3.56152E-01   -2.96760E-01    4.06120E-01    1.06527E-01    2.99406E-01    2.96714E-02
     2.11158E-01    3.47545E+00    7.04096E-01   -3.52929E-01   -2.99456E-01    4.04984E-01    1.07352E-01    2.98227E-01    3.02938E-02
     2.13733E-01    3.46591E+00    7.10112E-01   -3.49680E-01   -3.02120E-01    4.03839E-01    1.08162E-01    2.97040E-01    3.09187E-02
     2.16308E-01    3.45629E+00    7.16044E-01   -3.46404E-01   -3.04752E-01    4.02684E-01    1.08956E-01    2.95846E-01    3.15460E-02
     2.18883E-01    3.44659E+00    7.21892E-01   -3.43102E-01   -3.07351E-01    4.01520E-01    1.09735E-01    2.94643E-01    3.21755E-02
     2.21458E-01    3.43681E+00    7.27655E-01   -3.39775E-01   -3.09917E-01    4.00347E-01    1.10498E-01    2.93434E-01    3.28072E-02
     2.24033E-01    3.42696E+00    7.33333E-01   -3.36423E-01   -3.12451E-01    3.99165E-01    1.11245E-01    2.92217E-01    3.34407E-02
     2.26608E-01    3.41703E+00    7.38925E-01   -3.33047E-01   -3.14951E-01    3.97974E-01    1.11977E-01    2.90993E-01    3.40760E-02
     2.29183E-01    3.40702E+00    7.44432E-01   -3.29646E-01   -3.17418E-01    3.96774E-01    1.12693E-01    2.89762E-01    3.47130E-02
     2.31758E-01    3.39695E+00    7.49851E-01   -3.26222E-01   -3.19851E-01    3.95565E-01    1.13393E-01    2.88524E-01    3.53515E-02
     2.34333E-01    3.38680E+00    7.55184E-01   -3.22774E-01   -3.22250E-01    3.94348E-01    1.14077E-01    2.87280E-01    3.59913E-02
     2.36908E-01    3.37659E+00    7.60430E-01   -3.19304E-01   -3.24616E-01    3.93123E-01    1.14746E-01    2.86030E-01    3.66323E-02
     2.39483E-01    3.36630E+00    7.65588E-01   -3.15811E-01   -3.26948E-01    3.91890E-01    1.15399E-01    2.84773E-01    3.72744E-02
     2.42058E-01    3.35595E+00    7.70659E-01   -3.12296E-01   -3.29245E-01    3.90648E-01    1.16035E-01    2.83511E-01    3.79173E-02
     2.44633E-01    3.34553E+00    7.75641E-01   -3.08760E-01   -3.31509E-01    3.89399E-01    1.16657E-01    2.82243E-01    3.85610E-02
     2.47208E-01    3.33504E+00    7.80535E-01   -3.05203E-01   -3.33738E-01    3.88142E-01    1.17262E-01    2.80969E-01    3.92054E-02
     2.49783E-01    3.32449E+00    7.85341E-01   -3.01624E-01   -3.35932E-01    3.86877E-01    1.17851E-01    2.79691E-01    3.98502E-02
     2.52358E-01    3.31388E+00    7.90057E-01   -2.98026E-01   -3.38092E-01    3.85605E-01    1.18425E-01    2.78407E-01    4.04954E-02
     2.54933E-01    3.30321E+00    7.94684E-01   -2.94408E-01   -3.40216E-01    3.84325E-01    1.18983E-01    2.77118E-01    4.11407E-02
     2.57508E-01    3.29247E+00    7.99222E-01   -2.90770E-01   -3.42306E-01    3.83039E-01    1.19525E-01    2.75824E-01    4.17861E-02
     2.60082E-01    3.28168E+00    8.03670E-01   -2.87113E-01   -3.44361E-01    3.81745E-01    1.20051E-01    2.74526E-01    4.24314E-02
     2.62657E-01    3.27083E+00    8.08029E-01   -2.83438E-01   -3.46381E-01    3.80445E-01    1.20561E-01    2.73224E-01    4.30765E-02
     2.65232E-01    3.25992E+00    8.12297E-01   -2.79745E-01   -3.48365E-01    3.79138E-01    1.21056E-01    2.71917E-01    4.37212E-02
     2.67807E-01    3.24896E+00    8.16476E-01   -2.76034E-01   -3.50314E-01    3.77824E-01    1.21535E-01    2.70607E-01    4.43655E-02
     2.70382E-01    3.23794E+00    8.20564E-01   -2.72306E-01   -3.52228E-01    3.76504E-01    1.21998E-01    2.69293E-01    4.50090E-02
     2.72957E-01    3.22687E+00    8.24561E-01   -2.68561E-01   -3.54106E-01    3.75178E-01    1.22446E-01    2.67975E-01    4.56519E-02
     2.75532E-01    3.21575E+00    8.28469E-01   -2.64800E-01   -3.55949E-01    3.73846E-01    1.22878E-01    2.66653E-01    4.62938E-02
     2.78107E-01    3.20458E+00    8.32285E-01   -2.61022E-01   -3.57756E-01    3.72508E-01    1.23294E-01    2.65329E-01    4.69347E-02
     2.80682E-01    3.19336E+00    8.36011E-01   -2.57230E-01   -3.59527E-01    3.71164E-01    1.23695E-01    2.64002E-01    4.75744E-02
     2.83257E-01    3.18209E+00    8.39646E-01   -2.53422E-01   -3.61262E-01    3.69814E-01    1.24080E-01    2.62671E-01    4.82128E-02
     2.85832E-01    3.17077E+00    8.43191E-01   -2.49600E-01   -3.62962E-01    3.68459E-01    1.24450E-01    2.61338E-01    4.88498E-02
     2.88407E-01    3.15941E+00    8.46644E-01   -2.45763E-01   -3.64625E-01    3.67099E-01    1.24804E-01    2.60003E-01    4.94852E-02
     2.90982E-01    3.14801E+00    8.50007E-01   -2.41913E-01   -3.66253E-01    3.65733E-01    1.25143E-01    2.58665E-01    5.01190E-02
     2.93557E-01    3.13656E+00    8.53279E-01   -2.38049E-01   -3.67844E-01    3.64362E-01    1.25467E-01    2.57326E-01    5.07510E-02
     2.96132E-01    3.12507E+00    8.56460E-01   -2.34173E-01   -3.69400E-01    3.62987E-01    1.25775E-01    2.55984E-01    5.13810E-02
     2.98707E-01    3.11354E+00    8.59551E-01   -2.30284E-01   -3.70920E-01    3.61607E-01    1.26069E-01    2.54640E-01    5.20090E-02
     3.01282E-01    3.10197E+00    8.62551E-01   -2.26383E-01   -3.72403E-01    3.60222E-01    1.26347E-01    2.53296E-01    5.26348E-02
     3.03857E-01    3.09037E+00    8.65460E-01   -2.22471E-01   -3.73850E-01    3.58833E-01    1.26610E-01    2.51949E-01    5.32584E-02
     3.06432E-01    3.07873E+00    8.68278E-01   -2.18548E-01   -3.75261E-01    3.57440E-01    1.26858E-01    2.50602E-01    5.38796E-02
     3.09007E-01    3.06705E+00    8.71006E-01   -2.14613E-01   -3.76636E-01    3.56042E-01    1.27092E-01    2.49253E-01    5.44982E-02
     3.11582E-01    3.05534E+00    8.73644E-01   -2.10669E-01   -3.77975E-01    3.54641E-01    1.27310E-01    2.47904E-01    5.51142E-02
     3.14157E-01    3.04360E+00    8.76191E-01   -2.06715E-01   -3.79278E-01    3.53236E-01    1.27514E-01    2.46554E-01    5.57275E-02
     3.16732E-01    3.03182E+00    8.78649E-01   -2.02751E-01   -3.80545E-01    3.51827E-01    1.27703E-01    2.45203E-01    5.63379E-02
     3.19307E-01    3.02002E+00    8.81016E-01   -1.98779E-01   -3.81775E-01    3.50415E-01    1.27877E-01    2.43852E-01    5.69454E-02
     3.21882E-01    3.00818E+00    8.83294E-01   -1.94797E-01   -3.82969E-01    3.48999E-01    1.28037E-01    2.42501E-01    5.75498E-02
     3.24457E-01    2.99632E+00    8.85482E-01   -1.90808E-01   -3.84127E-01    3.47580E-01    1.28183E-01    2.41150E-01    5.81510E-02
     3.27032E-01    2.98443E+00    8.87581E-01   -1.86811E-01   -3.85249E-01    3.46158E-01    1.28314E-01    2.39799E-01    5.87490E-02
     3.29607E-01    2.97252E+00    8.89590E-01   -1.82807E-01   -3.86335E-01    3.44733E-01    1.28431E-01    2.38448E-01    5.93436E-02
     3.32182E-01    2.96058E+00    8.91511E-01   -1.78796E-01   -3.87385E-01    3.43305E-01    1.28534E-01    2.37098E-01    5.99347E-02
     3.34757E-01    2.94862E+00    8.93343E-01   -1.74779E-01   -3.88399E-01    3.41875E-01    1.28623E-01    2.35748E-01    6.05222E-02
     3.37332E-01    2.93664E+00    8.95086E-01   -1.70756E-01   -3.89377E-01    3.40442E-01    1.28698E-01    2.34399E-01    6.11061E-02
     3.39907E-01    2.92464E+00    8.96741E-01   -1.66727E-01   -3.90319E-01    3.39007E-01    1.28759E-01    2.33051E-01    6.16862E-02
     3.42482E-01    2.91262E+00    8.98309E-01   -1.62693E-01   -3.91226E-01    3.37570E-01    1.28807E-01    2.31704E-01    6.22624E-02
     3.45057E-01    2.90059E+00    8.99788E-01   -1.58654E-01   -3.92096E-01    3.36131E-01    1.28840E-01    2.30359E-01    6.28347E-02
     3.47632E-01    2.88853E+00    9.01181E-01   -1.54611E-01   -3.92931E-01    3.34689E-01    1.28861E-01    2.29015E-01    6.34029E-02
     3.50207E-01    2.87646E+00    9.02486E-01   -1.50565E-01   -3.93730E-01    3.33247E-01    1.28868E-01    2.27672E-01    6.39670E-02
     3.52782E-01    2.86438E+00    9.03705E-01   -1.46514E-01   -3.94493E-01    3.31802E-01    1.28861E-01    2.26331E-01    6.45269E-02
     3.55357E-01    2.85228E+00    9.04837E-01   -1.42461E-01   -3.95221E-01    3.30356E-01    1.28842E-01    2.24992E-01    6.50825E-02
     3.57932E-01    2.84018E+00    9.05884E-01   -1.38405E-01   -3.95913E-01    3.28909E-01    1.28809E-01    2.23655E-01    6.56338E-02
     3.60507E-01    2.82806E+00    9.06845E-01   -1.34347E-01   -3.96570E-01    3.27460E-01    1.28764E-01    2.22320E-01    6.61805E-02
     3.63081E-01    2.81593E+00    9.07720E-01   -1.30287E-01   -3.97192E-01    3.26011E-01    1.28706E-01    2.20988E-01    6.67227E-02
     3.65656E-01    2.80380E+00    9.08511E-01   -1.26226E-01   -3.97778E-01    3.24560E-01    1.28635E-01    2.19657E-01    6.72604E-02
     3.68231E-01    2.79165E+00    9.09218E-01   -1.22164E-01   -3.98330E-01    3.23109E-01    1.28551E-01    2.18330E-01    6.77933E-02
     3.70806E-01    2.77950E+00    9.09841E-01   -1.18101E-01   -3.98846E-01    3.21657E-01    1.28455E-01    2.17004E-01    6.83214E-02
     3.73381E-01    2.76735E+00    9.10380E-01   -1.14038E-01   -3.99328E-01    3.20205E-01    1.28347E-01    2.15682E-01    6.88448E-02
     3.75956E-01    2.75520E+00    9.10836E-01   -1.09975E-01   -3.99774E-01    3.18752E-01    1.28227E-01    2.14363E-01    6.93632E-02
     3.78531E-01    2.74304E+00    9.11209E-01   -1.05913E-01   -4.00187E-01    3.17299E-01    1.28094E-01    2.13047E-01    6.98767E-02
     3.81106E-01    2.73088E+00    9.11500E-01   -1.01851E-01   -4.00564E-01    3.15846E-01    1.27950E-01    2.11734E-01    7.03851E-02
     3.83681E-01    2.71872E+00    9.11710E-01   -9.77917E-02   -4.00907E-01    3.14394E-01    1.27794E-01    2.10424E-01    7.08885E-02
     3.86256E-01    2.70656E+00    9.11838E-01   -9.37337E-02   -4.01216E-01    3.12941E-01    1.27626E-01    2.09118E-01    7.13866E-02
     3.88831E-01    2.69441E+00    9.11886E-01   -8.96779E-02   -4.01491E-01    3.11489E-01    1.27447E-01    2.07815E-01    7.18796E-02
     3.91406E-01    2.68225E+00    9.11853E-01   -8.56246E-02   -4.01731E-01    3.10037E-01    1.27256E-01    2.06516E-01    7.23673E-02
     3.93981E-01    2.67011E+00    9.11741E-01   -8.15744E-02   -4.01938E-01    3.08585E-01    1.27054E-01    2.05221E-01    7.28497E-02
     3.96556E-01    2.65796E+00    9.11549E-01   -7.75274E-02   -4.02111E-01    3.07135E-01    1.26841E-01    2.03929E-01    7.33267E-02
     3.99131E-01    2.64583E+00    9.11279E-01   -7.34842E-02   -4.02250E-01    3.05685E-01    1.26617E-01    2.02642E-01    7.37983E-02
     4.01706E-01    2.63370E+00    9.10931E-01   -6.94451E-02   -4.02356E-01    3.04236E-01    1.26382E-01    2.01359E-01    7.42644E-02
     4.04281E-01    2.62158E+00    9.10505E-01   -6.54105E-02   -4.02428E-01    3.02788E-01    1.26136E-01    2.00080E-01    7.47249E-02
     4.06856E-01    2.60947E+00    9.10003E-01   -6.13807E-02   -4.02468E-01    3.01341E-01    1.25880E-01    1.98805E-01    7.51799E-02
     4.09431E-01    2.59738E+00    9.09424E-01   -5.73561E-02   -4.02474E-01    2.99896E-01    1.25613E-01    1.97535E-01    7.56293E-02
     4.12006E-01    2.58529E+00    9.08769E-01   -5.33371E-02   -4.02448E-01    2.98452E-01    1.25336E-01    1.96269E-01    7.60730E-02
     4.14581E-01    2.57322E+00    9.08039E-01   -4.93241E-02   -4.02389E-01    2.97010E-01    1.25049E-01    1.95008E-01    7.65110E-02
     4.17156E-01    2.56116E+00    9.07234E-01   -4.53173E-02   -4.02297E-01    2.95570E-01    1.24752E-01    1.93752E-01    7.69433E-02
     4.19731E-01    2.54912E+00    9.06356E-01   -4.13172E-02   -4.02174E-01    2.94131E-01    1.24445E-01    1.92501E-01    7.73698E-02
     4.22306E-01    2.53709E+00    9.05404E-01   -3.73242E-02   -4.02018E-01    2.92694E-01    1.24128E-01    1.91255E-01    7.77906E-02
     4.24881E-01    2.52508E+00    9.04379E-01   -3.33385E-02   -4.01830E-01    2.91260E-01    1.23802E-01    1.90013E-01    7.82054E-02
     4.27456E-01    2.51309E+00    9.03282E-01   -2.93605E-02   -4.01610E-01    2.89827E-01    1.23466E-01    1.88777E-01    7.86144E-02
     4.30031E-01    2.50112E+00    9.02114E-01   -2.53906E-02   -4.01359E-01    2.88397E-01    1.23121E-01    1.87546E-01    7.90175E-02
     4.32606E-01    2.48917E+00    9.00875E-01   -2.14292E-02   -4.01077E-01    2.86969E-01    1.22767E-01    1.86320E-01    7.94147E-02
     4.35181E-01    2.47724E+00    8.99566E-01   -1.74764E-02   -4.00763E-01    2.85543E-01    1.22404E-01    1.85100E-01    7.98060E-02
     4.37756E-01    2.46533E+00    8.98187E-01   -1.35328E-02   -4.00419E-01    2.84121E-01    1.22032E-01    1.83885E-01    8.01912E-02
     4.40331E-01    2.45345E+00    8.96739E-01   -9.59856E-03   -4.00043E-01    2.82701E-01    1.21651E-01    1.82676E-01    8.05705E-02
     4.42906E-01    2.44159E+00    8.95223E-01   -5.67409E-03   -3.99638E-01    2.81283E-01    1.21262E-01    1.81473E-01    8.09438E-02
     4.45481E-01    2.42975E+00    8.93640E-01   -1.75970E-03   -3.99202E-01    2.79869E-01    1.20865E-01    1.80275E-01    8.13110E-02
     4.48056E-01    2.41794E+00    8.91990E-01    2.14430E-03   -3.98735E-01    2.78458E-01    1.20459E-01    1.79083E-01    8.16722E-02
     4.50631E-01    2.40616E+00    8.90273E-01    6.03757E-03   -3.98239E-01    2.77050E-01    1.20045E-01    1.77896E-01    8.20273E-02
     4.53206E-01    2.39441E+00    8.88492E-01    9.91981E-03   -3.97714E-01    2.75645E-01    1.19623E-01    1.76716E-01    8.23764E-02
     4.55781E-01    2.38268E+00    8.86645E-01    1.37907E-02   -3.97158E-01    2.74244E-01    1.19193E-01    1.75542E-01    8.27193E-02
     4.58356E-01    2.37098E+00    8.84735E-01    1.76499E-02   -3.96574E-01    2.72846E-01    1.18755E-01    1.74374E-01    8.30562E-02
     4.60931E-01    2.35932E+00    8.82761E-01    2.14972E-02   -3.95961E-01    2.71451E-01    1.18310E-01    1.73211E-01    8.33870E-02
     4.63506E-01    2.34768E+00    8.80724E-01    2.53322E-02   -3.95319E-01    2.70061E-01    1.17858E-01    1.72056E-01    8.37116E-02
     4.66080E-01    2.33608E+00    8.78626E-01    2.91547E-02   -3.94648E-01    2.68673E-01    1.17398E-01    1.70906E-01    8.40302E-02
     4.68655E-01    2.32451E+00    8.76467E-01    3.29643E-02   -3.93949E-01    2.67290E-01    1.16931E-01    1.69763E-01    8.43426E-02
     4.71230E-01    2.31297E+00    8.74247E-01    3.67607E-02   -3.93223E-01    2.65911E-01    1.16457E-01    1.68626E-01    8.46490E-02
     4.73805E-01    2.30147E+00    8.71967E-01    4.05438E-02   -3.92468E-01    2.64536E-01    1.15977E-01    1.67495E-01    8.49492E-02
     4.76380E-01    2.29000E+00    8.69628E-01    4.43131E-02   -3.91686E-01    2.63165E-01    1.15490E-01    1.66371E-01    8.52433E-02
     4.78955E-01    2.27857E+00    8.67232E-01    4.80684E-02   -3.90877E-01    2.61798E-01    1.14996E-01    1.65254E-01    8.55313E-02
     4.81530E-01    2.26718E+00    8.64777E-01    5.18095E-02   -3.90040E-01    2.60435E-01    1.14496E-01    1.64143E-01    8.58132E-02
     4.84105E-01    2.25582E+00    8.62266E-01    5.55361E-02   -3.89177E-01    2.59077E-01    1.13989E-01    1.63039E-01    8.60890E-02
     4.86680E-01    2.24451E+00    8.59699E-01    5.92478E-02   -3.88288E-01    2.57724E-01    1.13476E-01    1.61941E-01    8.63587E-02
     4.89255E-01    2.23323E+00    8.57077E-01    6.29445E-02   -3.87372E-01    2.56375E-01    1.12958E-01    1.60850E-01    8.66223E-02
     4.91830E-01    2.22199E+00    8.54400E-01    6.66259E-02   -3.86430E-01    2.55030E-01    1.12433E-01    1.59766E-01    8.68799E-02
     4.94405E-01    2.21079E+00    8.51670E-01    7.02917E-02   -3.85463E-01    2.53690E-01    1.11903E-01    1.58689E-01    8.71314E-02
     4.96980E-01    2.19964E+00    8.48886E-01    7.39417E-02   -3.84470E-01    2.52355E-01    1.11368E-01    1.57618E-01    8.73768E-02
     4.99555E-01    2.18853E+00    8.46050E-01    7.75756E-02   -3.83451E-01    2.51025E-01    1.10827E-01    1.56555E-01    8.76163E-02
     5.02130E-01    2.17745E+00    8.43163E-01    8.11932E-02   -3.82408E-01    2.49700E-01    1.10280E-01    1.55498E-01    8.78497E-02
     5.04705E-01    2.16643E+00    8.40225E-01    8.47944E-02   -3.81341E-01    2.48380E-01    1.09729E-01    1.54449E-01    8.80772E-02
     5.07280E-01    2.15544E+00    8.37237E-01    8.83787E-02   -3.80249E-01    2.47066E-01    1.09172E-01    1.53406E-01    8.82986E-02
     5.09855E-01    2.14451E+00    8.34200E-01    9.19460E-02   -3.79133E-01    2.45756E-01    1.08611E-01    1.52371E-01    8.85142E-02
     5.12430E-01    2.13361E+00    8.31114E-01    9.54962E-02   -3.77993E-01    2.44452E-01    1.08045E-01    1.51342E-01    8.87238E-02
     5.15005E-01    2.12277E+00    8.27981E-01    9.90289E-02   -3.76830E-01    2.43153E-01    1.07474E-01    1.50321E-01    8.89275E-02
     5.17580E-01    2.11197E+00    8.24801E-01    1.02544E-01   -3.75643E-01    2.41859E-01    1.06899E-01    1.49306E-01    8.91253E-02
     5.20155E-01    2.10121E+00    8.21575E-01    1.06041E-01   -3.74433E-01    2.40571E-01    1.06319E-01    1.48299E-01    8.93172E-02
     5.22730E-01    2.09051E+00    8.18303E-01    1.09520E-01   -3.73201E-01    2.39288E-01    1.05735E-01    1.47299E-01    8.95034E-02
     5.25305E-01    2.07985E+00    8.14987E-01    1.12981E-01   -3.71947E-01    2.38011E-01    1.05147E-01    1.46306E-01    8.96837E-02
     5.27880E-01    2.06924E+00    8.11627E-01    1.16424E-01   -3.70670E-01    2.36740E-01    1.04556E-01    1.45321E-01    8.98583E-02
     5.30455E-01    2.05868E+00    8.08223E-01    1.19847E-01   -3.69372E-01    2.35475E-01    1.03960E-01    1.44342E-01    9.00271E-02
     5.33030E-01    2.04818E+00    8.04778E-01    1.23252E-01   -3.68052E-01    2.34215E-01    1.03361E-01    1.43371E-01    9.01902E-02
     5.35605E-01    2.03772E+00    8.01291E-01    1.26638E-01   -3.66710E-01    2.32961E-01    1.02758E-01    1.42407E-01    9.03476E-02
     5.38180E-01    2.02731E+00    7.97762E-01    1.30005E-01   -3.65348E-01    2.31713E-01    1.02151E-01    1.41451E-01    9.04994E-02
     5.40755E-01    2.01696E+00    7.94194E-01    1.33353E-01   -3.63965E-01    2.30471E-01    1.01541E-01    1.40501E-01    9.06456E-02
     5.43330E-01    2.00666E+00    7.90587E-01    1.36680E-01   -3.62562E-01    2.29236E-01    1.00928E-01    1.39559E-01    9.07862E-02
     5.45905E-01    1.99641E+00    7.86941E-01    1.39989E-01   -3.61139E-01    2.28006E-01    1.00312E-01    1.38624E-01    9.09213E-02
     5.48480E-01    1.98621E+00    7.83257E-01    1.43277E-01   -3.59696E-01    2.26782E-01    9.96932E-02    1.37697E-01    9.10509E-02
     5.51055E-01    1.97607E+00    7.79536E-01    1.46545E-01   -3.58234E-01    2.25565E-01    9.90713E-02    1.36777E-01    9.11750E-02
     5.53630E-01    1.96598E+00    7.75779E-01    1.49794E-01   -3.56752E-01    2.24354E-01    9.84466E-02    1.35864E-01    9.12938E-02
     5.56205E-01    1.95595E+00    7.71986E-01    1.53021E-01   -3.55252E-01    2.23149E-01    9.78193E-02    1.34959E-01    9.14071E-02
     5.58780E-01    1.94597E+00    7.68159E-01    1.56229E-01   -3.53732E-01    2.21951E-01    9.71895E-02    1.34061E-01    9.15151E-02
     5.61355E-01    1.93604E+00    7.64297E-01    1.59416E-01   -3.52195E-01    2.20759E-01    9.65573E-02    1.33170E-01    9.16178E-02
     5.63930E-01    1.92617E+00    7.60402E-01    1.62582E-01   -3.50640E-01    2.19573E-01    9.59228E-02    1.32286E-01    9.17152E-02
     5.66504E-01    1.91636E+00    7.56474E-01    1.65728E-01   -3.49067E-01    2.18394E-01    9.52861E-02    1.31410E-01    9.18074E-02
     5.69079E-01    1.90661E+00    7.52515E-01    1.68852E-01   -3.47476E-01    2.17222E-01    9.46474E-02    1.30542E-01    9.18945E-02
     5.71654E-01    1.89691E+00    7.48524E-01    1.71955E-01   -3.45869E-01    2.16056E-01    9.40067E-02    1.29680E-01    9.19764E-02
     5.74229E-01    1.88727E+00    7.44503E-01    1.75038E-01   -3.44244E-01    2.14897E-01    9.33641E-02    1.28826E-01    9.20533E-02
     5.76804E-01    1.87768E+00    7.40452E-01    1.78099E-01   -3.42604E-01    2.13745E-01    9.27198E-02    1.27979E-01    9.21252E-02
     5.79379E-01    1.86816E+00    7.36372E-01    1.81138E-01   -3.40946E-01    2.12599E-01    9.20739E-02    1.27140E-01    9.21920E-02
     5.81954E-01    1.85869E+00    7.32264E-01    1.84156E-01   -3.39273E-01    2.11460E-01    9.14264E-02    1.26308E-01    9.22540E-02
     5.84529E-01    1.84928E+00    7.28128E-01    1.87153E-01   -3.37585E-01    2.10328E-01    9.07775E-02    1.25483E-01    9.23110E-02
     5.87104E-01    1.83993E+00    7.23965E-01    1.90128E-01   -3.35881E-01    2.09202E-01    9.01272E-02    1.24666E-01    9.23632E-02
     5.89679E-01    1.83064E+00    7.19776E-01    1.93081E-01   -3.34162E-01    2.08084E-01    8.94757E-02    1.23856E-01    9.24107E-02
     5.92254E-01    1.82141E+00    7.15562E-01    1.96012E-01   -3.32428E-01    2.06972E-01    8.88231E-02    1.23053E-01    9.24534E-02
     5.94829E-01    1.81224E+00    7.11323E-01    1.98921E-01   -3.30680E-01    2.05868E-01    8.81694E-02    1.22257E-01    9.24914E-02
     5.97404E-01    1.80313E+00    7.07059E-01    2.01809E-01   -3.28918E-01    2.04770E-01    8.75147E-02    1.21469E-01    9.25248E-02
     5.99979E-01    1.79408E+00    7.02773E-01    2.04674E-01   -3.27141E-01    2.03680E-01    8.68592E-02    1.20688E-01    9.25536E-02
     6.02554E-01    1.78509E+00    6.98463E-01    2.07517E-01   -3.25352E-01    2.02596E-01    8.62030E-02    1.19914E-01    9.25779E-02
     6.05129E-01    1.77616E+00    6.94131E-01    2.10338E-01   -3.23548E-01    2.01520E-01    8.55460E-02    1.19147E-01    9.25977E-02
     6.07704E-01    1.76730E+00    6.89778E-01    2.13137E-01   -3.21732E-01    2.00450E-01    8.48885E-02    1.18388E-01    9.26131E-02
     6.10279E-01    1.75849E+00    6.85404E-01    2.15914E-01   -3.19903E-01    1.99388E-01    8.42305E-02    1.17635E-01    9.26241E-02
     6.12854E-01    1.74974E+00    6.81010E-01    2.18668E-01   -3.18062E-01    1.98333E-01    8.35720E-02    1.16890E-01    9.26308E-02
     6.15429E-01    1.74106E+00    6.76597E-01    2.21400E-01   -3.16209E-01    1.97285E-01    8.29133E-02    1.16152E-01    9.26333E-02
     6.18004E-01    1.73244E+00    6.72165E-01    2.24109E-01   -3.14343E-01    1.96244E-01    8.22543E-02    1.15421E-01    9.26316E-02
     6.20579E-01    1.72388E+00    6.67714E-01    2.26796E-01   -3.12466E-01    1.95211E-01    8.15951E-02    1.14697E-01    9.26257E-02
     6.23154E-01    1.71538E+00    6.63247E-01    2.29461E-01   -3.10578E-01    1.94184E-01    8.09359E-02    1.13981E-01    9.26157E-02
     6.25729E-01    1.70695E+00    6.58762E-01    2.32103E-01   -3.08679E-01    1.93165E-01    8.02767E-02    1.13271E-01    9.26017E-02
     6.28304E-01    1.69857E+00    6.54261E-01    2.34723E-01   -3.06769E-01    1.92153E-01    7.96175E-02    1.12568E-01    9.25837E-02
     6.30879E-01    1.69026E+00    6.49744E-01    2.37320E-01   -3.04848E-01    1.91149E-01    7.89585E-02    1.11873E-01    9.25618E-02
     6.33454E-01    1.68202E+00    6.45212E-01    2.39894E-01   -3.02918E-01    1.90152E-01    7.82997E-02    1.11184E-01    9.25361E-02
     6.36029E-01    1.67383E+00    6.40666E-01    2.42446E-01   -3.00977E-01    1.89162E-01    7.76413E-02    1.10503E-01    9.25065E-02
     6.38604E-01    1.66571E+00    6.36105E-01    2.44975E-01   -2.99027E-01    1.88180E-01    7.69832E-02    1.09828E-01    9.24732E-02
     6.41179E-01    1.65765E+00    6.31532E-01    2.47482E-01   -2.97067E-01    1.87205E-01    7.63256E-02    1.09160E-01    9.24362E-02
     6.43754E-01    1.64966E+00    6.26946E-01    2.49966E-01   -2.95098E-01    1.86237E-01    7.56685E-02    1.08499E-01    9.23955E-02
     6.46329E-01    1.64172E+00    6.22348E-01    2.52428E-01   -2.93120E-01    1.85277E-01    7.50120E-02    1.07845E-01    9.23513E-02
     6.48904E-01    1.63386E+00    6.17738E-01    2.54867E-01   -2.91134E-01    1.84324E-01    7.43561E-02    1.07198E-01    9.23036E-02
     6.51479E-01    1.62605E+00    6.13117E-01    2.57283E-01   -2.89139E-01    1.83378E-01    7.37010E-02    1.06557E-01    9.22524E-02
     6.54054E-01    1.61831E+00    6.08486E-01    2.59677E-01   -2.87136E-01    1.82440E-01    7.30466E-02    1.05924E-01    9.21978E-02
     6.56629E-01    1.61063E+00    6.03846E-01    2.62048E-01   -2.85126E-01    1.81509E-01    7.23932E-02    1.05297E-01    9.21399E-02
     6.59204E-01    1.60302E+00    5.99195E-01    2.64397E-01   -2.83107E-01    1.80586E-01    7.17406E-02    1.04676E-01    9.20787E-02
     6.61779E-01    1.59547E+00    5.94537E-01    2.66723E-01   -2.81082E-01    1.79670E-01    7.10890E-02    1.04063E-01    9.20143E-02
     6.64354E-01    1.58798E+00    5.89869E-01    2.69027E-01   -2.79049E-01    1.78762E-01    7.04384E-02    1.03456E-01    9.19467E-02
     6.66929E-01    1.58056E+00    5.85195E-01    2.71309E-01   -2.77010E-01    1.77861E-01    6.97890E-02    1.02856E-01    9.18760E-02
     6.69504E-01    1.57320E+00    5.80513E-01    2.73568E-01   -2.74964E-01    1.76968E-01    6.91407E-02    1.02262E-01    9.18023E-02
     6.72078E-01    1.56590E+00    5.75824E-01    2.75804E-01   -2.72911E-01    1.76082E-01    6.84936E-02    1.01675E-01    9.17256E-02
     6.74653E-01    1.55867E+00    5.71130E-01    2.78019E-01   -2.70853E-01    1.75204E-01    6.78477E-02    1.01094E-01    9.16460E-02
     6.77228E-01    1.55150E+00    5.66430E-01    2.80211E-01   -2.68789E-01    1.74333E-01    6.72032E-02    1.00520E-01    9.15635E-02
     6.79803E-01    1.54439E+00    5.61724E-01    2.82380E-01   -2.66719E-01    1.73469E-01    6.65601E-02    9.99523E-02    9.14782E-02
     6.82378E-01    1.53735E+00    5.57014E-01    2.84528E-01   -2.64643E-01    1.72613E-01    6.59183E-02    9.93911E-02    9.13901E-02
     6.84953E-01    1.53037E+00    5.52300E-01    2.86653E-01   -2.62563E-01    1.71765E-01    6.52780E-02    9.88362E-02    9.12993E-02
     6.87528E-01    1.52346E+00    5.47582E-01    2.88757E-01   -2.60478E-01    1.70924E-01    6.46393E-02    9.82876E-02    9.12060E-02
     6.90103E-01    1.51661E+00    5.42861E-01    2.90838E-01   -2.58387E-01    1.70090E-01    6.40021E-02    9.77454E-02    9.11100E-02
     6.92678E-01    1.50982E+00    5.38138E-01    2.92897E-01   -2.56293E-01    1.69264E-01    6.33665E-02    9.72095E-02    9.10115E-02
     6.95253E-01    1.50310E+00    5.33412E-01    2.94934E-01   -2.54194E-01    1.68446E-01    6.27326E-02    9.66798E-02    9.09106E-02
     6.97828E-01    1.49644E+00    5.28684E-01    2.96950E-01   -2.52091E-01    1.67635E-01    6.21004E-02    9.61563E-02    9.08073E-02
     7.00403E-01    1.48984E+00    5.23955E-01    2.98943E-01   -2.49985E-01    1.66831E-01    6.14699E-02    9.56390E-02    9.07017E-02
     7.02978E-01    1.48331E+00    5.19225E-01    3.00915E-01   -2.47874E-01    1.66035E-01    6.08412E-02    9.51279E-02    9.05938E-02
     7.05553E-01    1.47684E+00    5.14495E-01    3.02865E-01   -2.45761E-01    1.65246E-01    6.02143E-02    9.46228E-02    9.04836E-02
     7.08128E-01    1.47043E+00    5.09764E-01    3.04794E-01   -2.43644E-01    1.64465E-01    5.95892E-02    9.41238E-02    9.03713E-02
     7.10703E-01    1.46409E+00    5.05034E-01    3.06701E-01   -2.41524E-01    1.63691E-01    5.89661E-02    9.36309E-02    9.02569E-02
     7.13278E-01    1.45781E+00    5.00304E-01    3.08586E-01   -2.39401E-01    1.62925E-01    5.83449E-02    9.31439E-02    9.01405E-02
     7.15853E-01    1.45159E+00    4.95576E-01    3.10450E-01   -2.37276E-01    1.62166E-01    5.77256E-02    9.26629E-02    9.00220E-02
     7.18428E-01    1.44543E+00    4.90849E-01    3.12293E-01   -2.35149E-01    1.61414E-01    5.71084E-02    9.21878E-02    8.99017E-02
     7.21003E-01    1.43934E+00    4.86124E-01    3.14114E-01   -2.33019E-01    1.60670E-01    5.64932E-02    9.17186E-02    8.97794E-02
     7.23578E-01    1.43331E+00    4.81402E-01    3.15915E-01   -2.30888E-01    1.59934E-01    5.58801E-02    9.12552E-02    8.96554E-02
     7.26153E-01    1.42734E+00    4.76682E-01    3.17694E-01   -2.28754E-01    1.59204E-01    5.52690E-02    9.07977E-02    8.95296E-02
     7.28728E-01    1.42143E+00    4.71966E-01    3.19452E-01   -2.26619E-01    1.58482E-01    5.46601E-02    9.03459E-02    8.94021E-02
     7.31303E-01    1.41559E+00    4.67253E-01    3.21190E-01   -2.24483E-01    1.57768E-01    5.40534E-02    8.98999E-02    8.92730E-02
     7.33878E-01    1.40981E+00    4.62543E-01    3.22906E-01   -2.22346E-01    1.57061E-01    5.34488E-02    8.94595E-02    8.91422E-02
     7.36453E-01    1.40409E+00    4.57838E-01    3.24602E-01   -2.20207E-01    1.56361E-01    5.28465E-02    8.90248E-02    8.90100E-02
     7.39028E-01    1.39843E+00    4.53138E-01    3.26277E-01   -2.18068E-01    1.55669E-01    5.22463E-02    8.85957E-02    8.88762E-02
     7.41603E-01    1.39284E+00    4.48442E-01    3.27932E-01   -2.15927E-01    1.54984E-01    5.16485E-02    8.81723E-02    8.87411E-02
     7.44178E-01    1.38730E+00    4.43751E-01    3.29566E-01   -2.13787E-01    1.54306E-01    5.10529E-02    8.77543E-02    8.86046E-02
     7.46753E-01    1.38183E+00    4.39067E-01    3.31180E-01   -2.11646E-01    1.53635E-01    5.04597E-02    8.73419E-02    8.84668E-02
     7.49328E-01    1.37641E+00    4.34387E-01    3.32773E-01   -2.09505E-01    1.52972E-01    4.98687E-02    8.69349E-02    8.83277E-02
     7.51903E-01    1.37106E+00    4.29715E-01    3.34346E-01   -2.07364E-01    1.52316E-01    4.92802E-02    8.65334E-02    8.81875E-02
     7.54478E-01    1.36577E+00    4.25048E-01    3.35900E-01   -2.05223E-01    1.51668E-01    4.86940E-02    8.61372E-02    8.80461E-02
     7.57053E-01    1.36054E+00    4.20388E-01    3.37433E-01   -2.03083E-01    1.51026E-01    4.81102E-02    8.57464E-02    8.79036E-02
     7.59628E-01    1.35537E+00    4.15736E-01    3.38946E-01   -2.00943E-01    1.50392E-01    4.75288E-02    8.53610E-02    8.77601E-02
     7.62203E-01    1.35026E+00    4.11091E-01    3.40440E-01   -1.98803E-01    1.49765E-01    4.69498E-02    8.49808E-02    8.76156E-02
     7.64778E-01    1.34521E+00    4.06453E-01    3.41914E-01   -1.96665E-01    1.49145E-01    4.63733E-02    8.46058E-02    8.74701E-02
     7.67353E-01    1.34023E+00    4.01824E-01    3.43368E-01   -1.94527E-01    1.48533E-01    4.57992E-02    8.42361E-02    8.73238E-02
     7.69928E-01    1.33530E+00    3.97202E-01    3.44803E-01   -1.92391E-01    1.47928E-01    4.52276E-02    8.38715E-02    8.71767E-02
     7.72502E-01    1.33043E+00    3.92590E-01    3.46219E-01   -1.90256E-01    1.47329E-01    4.46585E-02    8.35120E-02    8.70289E-02
     7.75077E-01    1.32562E+00    3.87986E-01    3.47615E-01   -1.88122E-01    1.46738E-01    4.40919E-02    8.31577E-02    8.68803E-02
     7.77652E-01    1.32087E+00    3.83391E-01    3.48992E-01   -1.85990E-01    1.46154E-01    4.35278E-02    8.28084E-02    8.67310E-02
     7.80227E-01    1.31617E+00    3.78805E-01    3.50350E-01   -1.83859E-01    1.45577E-01    4.29662E-02    8.24641E-02    8.65812E-02
     7.82802E-01    1.31154E+00    3.74229E-01    3.51689E-01   -1.81730E-01    1.45007E-01    4.24072E-02    8.21248E-02    8.64308E-02
     7.85377E-01    1.30697E+00    3.69662E-01    3.53010E-01   -1.79604E-01    1.44445E-01    4.18507E-02    8.17905E-02    8.62799E-02
     7.87952E-01    1.30245E+00    3.65106E-01    3.54311E-01   -1.77479E-01    1.43889E-01    4.12967E-02    8.14610E-02    8.61285E-02
     7.90527E-01    1.29799E+00    3.60560E-01    3.55594E-01   -1.75357E-01    1.43340E-01    4.07454E-02    8.11364E-02    8.59767E-02
     7.93102E-01    1.29359E+00    3.56024E-01    3.56859E-01   -1.73237E-01    1.42798E-01    4.01966E-02    8.08167E-02    8.58246E-02
     7.95677E-01    1.28925E+00    3.51499E-01    3.58105E-01   -1.71120E-01    1.42263E-01    3.96503E-02    8.05017E-02    8.56722E-02
     7.98252E-01    1.28497E+00    3.46984E-01    3.59332E-01   -1.69005E-01    1.41736E-01    3.91067E-02    8.01916E-02    8.55195E-02
     8.00827E-01    1.28074E+00    3.42481E-01    3.60542E-01   -1.66893E-01    1.41215E-01    3.85656E-02    7.98861E-02    8.53666E-02
     8.03402E-01    1.27657E+00    3.37989E-01    3.61733E-01   -1.64784E-01    1.40701E-01    3.80271E-02    7.95853E-02    8.52136E-02
     8.05977E-01    1.27246E+00    3.33509E-01    3.62907E-01   -1.62677E-01    1.40194E-01    3.74913E-02    7.92892E-02    8.50604E-02
     8.08552E-01    1.26840E+00    3.29040E-01    3.64063E-01   -1.60574E-01    1.39693E-01    3.69580E-02    7.89977E-02    8.49073E-02
     8.11127E-01    1.26440E+00    3.24584E-01    3.65201E-01   -1.58474E-01    1.39200E-01    3.64273E-02    7.87108E-02    8.47541E-02
     8.13702E-01    1.26046E+00    3.20139E-01    3.66321E-01   -1.56378E-01    1.38713E-01    3.58993E-02    7.84284E-02    8.46009E-02
     8.16277E-01    1.25657E+00    3.15707E-01    3.67424E-01   -1.54285E-01    1.38233E-01    3.53738E-02    7.81506E-02    8.44478E-02
     8.18852E-01    1.25274E+00    3.11287E-01    3.68510E-01   -1.52195E-01    1.37760E-01    3.48509E-02    7.78772E-02    8.42949E-02
     8.21427E-01    1.24897E+00    3.06879E-01    3.69578E-01   -1.50109E-01    1.37294E-01    3.43307E-02    7.76082E-02    8.41422E-02
     8.24002E-01    1.24525E+00    3.02484E-01    3.70629E-01   -1.48027E-01    1.36835E-01    3.38130E-02    7.73437E-02    8.39897E-02
     8.26577E-01    1.24158E+00    2.98103E-01    3.71663E-01   -1.45949E-01    1.36382E-01    3.32980E-02    7.70835E-02    8.38374E-02
     8.29152E-01    1.23797E+00    2.93734E-01    3.72680E-01   -1.43875E-01    1.35936E-01    3.27855E-02    7.68277E-02    8.36855E-02
     8.31727E-01    1.23442E+00    2.89379E-01    3.73680E-01   -1.41804E-01    1.35496E-01    3.22757E-02    7.65762E-02    8.35340E-02
     8.34302E-01    1.23092E+00    2.85036E-01    3.74663E-01   -1.39738E-01    1.35063E-01    3.17685E-02    7.63290E-02    8.33829E-02
     8.36877E-01    1.22747E+00    2.80708E-01    3.75630E-01   -1.37676E-01    1.34637E-01    3.12638E-02    7.60860E-02    8.32322E-02
     8.39452E-01    1.22408E+00    2.76393E-01    3.76581E-01   -1.35619E-01    1.34217E-01    3.07618E-02    7.58472E-02    8.30821E-02
     8.42027E-01    1.22074E+00    2.72092E-01    3.77514E-01   -1.33566E-01    1.33804E-01    3.02623E-02    7.56125E-02    8.29325E-02
     8.44602E-01    1.21746E+00    2.67804E-01    3.78432E-01   -1.31517E-01    1.33398E-01    2.97654E-02    7.53821E-02    8.27835E-02
     8.47177E-01    1.21422E+00    2.63531E-01    3.79334E-01   -1.29473E-01    1.32998E-01    2.92711E-02    7.51557E-02    8.26351E-02
     8.49752E-01    1.21105E+00    2.59272E-01    3.80219E-01   -1.27434E-01    1.32604E-01    2.87793E-02    7.49334E-02    8.24875E-02
     8.52327E-01    1.20792E+00    2.55027E-01    3.81089E-01   -1.25400E-01    1.32217E-01    2.82902E-02    7.47151E-02    8.23405E-02
     8.54902E-01    1.20485E+00    2.50797E-01    3.81942E-01   -1.23370E-01    1.31837E-01    2.78035E-02    7.45008E-02    8.21944E-02
     8.57477E-01    1.20183E+00    2.46581E-01    3.82780E-01   -1.21346E-01    1.31462E-01    2.73195E-02    7.42906E-02    8.20490E-02
     8.60052E-01    1.19886E+00    2.42380E-01    3.83602E-01   -1.19326E-01    1.31094E-01    2.68379E-02    7.40842E-02    8.19045E-02
     8.62627E-01    1.19595E+00    2.38193E-01    3.84409E-01   -1.17312E-01    1.30733E-01    2.63589E-02    7.38818E-02    8.17610E-02
     8.65202E-01    1.19308E+00    2.34021E-01    3.85201E-01   -1.15303E-01    1.30378E-01    2.58824E-02    7.36833E-02    8.16183E-02
     8.67777E-01    1.19027E+00    2.29865E-01    3.85977E-01   -1.13299E-01    1.30029E-01    2.54085E-02    7.34886E-02    8.14767E-02
     8.70352E-01    1.18751E+00    2.25723E-01    3.86738E-01   -1.11300E-01    1.29687E-01    2.49370E-02    7.32978E-02    8.13361E-02
     8.72927E-01    1.18480E+00    2.21596E-01    3.87484E-01   -1.09307E-01    1.29350E-01    2.44681E-02    7.31107E-02    8.11966E-02
     8.75502E-01    1.18214E+00    2.17484E-01    3.88215E-01   -1.07319E-01    1.29020E-01    2.40016E-02    7.29275E-02    8.10581E-02
     8.78076E-01    1.17953E+00    2.13388E-01    3.88931E-01   -1.05336E-01    1.28697E-01    2.35376E-02    7.27479E-02    8.09209E-02
     8.80651E-01    1.17697E+00    2.09307E-01    3.89632E-01   -1.03360E-01    1.28379E-01    2.30761E-02    7.25721E-02    8.07848E-02
     8.83226E-01    1.17446E+00    2.05241E-01    3.90319E-01   -1.01389E-01    1.28067E-01    2.26170E-02    7.23999E-02    8.06500E-02
     8.85801E-01    1.17201E+00    2.01191E-01    3.90991E-01   -9.94236E-02    1.27762E-01    2.21603E-02    7.22314E-02    8.05164E-02
     8.88376E-01    1.16960E+00    1.97156E-01    3.91648E-01   -9.74641E-02    1.27463E-01    2.17061E-02    7.20665E-02    8.03842E-02
     8.90951E-01    1.16724E+00    1.93137E-01    3.92292E-01   -9.55105E-02    1.27170E-01    2.12543E-02    7.19052E-02    8.02533E-02
     8.93526E-01    1.16493E+00    1.89133E-01    3.92921E-01   -9.35628E-02    1.26883E-01    2.08049E-02    7.17475E-02    8.01238E-02
     8.96101E-01    1.16267E+00    1.85146E-01    3.93536E-01   -9.16211E-02    1.26602E-01    2.03579E-02    7.15933E-02    7.99958E-02
     8.98676E-01    1.16046E+00    1.81174E-01    3.94137E-01   -8.96855E-02    1.26327E-01    1.99133E-02    7.14426E-02    7.98693E-02
     9.01251E-01    1.15829E+00    1.77217E-01    3.94724E-01   -8.77559E-02    1.26058E-01    1.94710E-02    7.12954E-02    7.97442E-02
     9.03826E-01    1.15618E+00    1.73277E-01    3.95297E-01   -8.58325E-02    1.25795E-01    1.90311E-02    7.11516E-02    7.96208E-02
     9.06401E-01    1.15411E+00    1.69353E-01    3.95856E-01   -8.39153E-02    1.25538E-01    1.85935E-02    7.10113E-02    7.94989E-02
     9.08976E-01    1.15209E+00    1.65444E-01    3.96402E-01   -8.20043E-02    1.25286E-01    1.81583E-02    7.08744E-02    7.93786E-02
     9.11551E-01    1.15012E+00    1.61552E-01    3.96935E-01   -8.00996E-02    1.25041E-01    1.77253E-02    7.07409E-02    7.92601E-02
     9.14126E-01    1.14819E+00    1.57675E-01    3.97454E-01   -7.82013E-02    1.24801E-01    1.72947E-02    7.06107E-02    7.91432E-02
     9.16701E-01    1.14632E+00    1.53815E-01    3.97959E-01   -7.63094E-02    1.24568E-01    1.68663E-02    7.04838E-02    7.90281E-02
     9.19276E-01    1.14449E+00    1.49971E-01    3.98452E-01   -7.44240E-02    1.24340E-01    1.64401E-02    7.03603E-02    7.89148E-02
     9.21851E-01    1.14270E+00    1.46142E-01    3.98931E-01   -7.25451E-02    1.24118E-01    1.60163E-02    7.02400E-02    7.88033E-02
     9.24426E-01    1.14096E+00    1.42330E-01    3.99397E-01   -7.06727E-02    1.23901E-01    1.55946E-02    7.01230E-02    7.86937E-02
     9.27001E-01    1.13927E+00    1.38535E-01    3.99850E-01   -6.88069E-02    1.23691E-01    1.51751E-02    7.00092E-02    7.85860E-02
     9.29576E-01    1.13763E+00    1.34755E-01    4.00291E-01   -6.69477E-02    1.23486E-01    1.47579E-02    6.98986E-02    7.84802E-02
     9.32151E-01    1.13603E+00    1.30992E-01    4.00719E-01   -6.50952E-02    1.23287E-01    1.43428E-02    6.97912E-02    7.83765E-02
     9.34726E-01    1.13447E+00    1.27244E-01    4.01134E-01   -6.32495E-02    1.23093E-01    1.39299E-02    6.96869E-02    7.82747E-02
     9.37301E-01    1.13296E+00    1.23514E-01    4.01536E-01   -6.14105E-02    1.22905E-01    1.35191E-02    6.95858E-02    7.81750E-02
     9.39876E-01    1.13150E+00    1.19799E-01    4.01926E-01   -5.95783E-02    1.22723E-01    1.31105E-02    6.94878E-02    7.80773E-02
     9.42451E-01    1.13008E+00    1.16101E-01    4.02304E-01   -5.77529E-02    1.22546E-01    1.27039E-02    6.93928E-02    7.79818E-02
     9.45026E-01    1.12871E+00    1.12419E-01    4.02669E-01   -5.59345E-02    1.22375E-01    1.22995E-02    6.93010E-02    7.78885E-02
     9.47601E-01    1.12738E+00    1.08753E-01    4.03022E-01   -5.41229E-02    1.22209E-01    1.18971E-02    6.92122E-02    7.77973E-02
     9.50176E-01    1.12609E+00    1.05103E-01    4.03363E-01   -5.23183E-02    1.22049E-01    1.14968E-02    6.91264E-02    7.77084E-02
     9.52751E-01    1.12485E+00    1.01470E-01    4.03692E-01   -5.05207E-02    1.21894E-01    1.10985E-02    6.90436E-02    7.76218E-02
     9.55326E-01    1.12365E+00    9.78534E-02    4.04009E-01   -4.87302E-02    1.21744E-01    1.07022E-02    6.89638E-02    7.75375E-02
     9.57901E-01    1.12250E+00    9.42529E-02    4.04314E-01   -4.69467E-02    1.21601E-01    1.03079E-02    6.88870E-02    7.74555E-02
     9.60476E-01    1.12139E+00    9.06687E-02    4.04608E-01   -4.51703E-02    1.21462E-01    9.91562E-03    6.88131E-02    7.73759E-02
     9.63051E-01    1.12032E+00    8.71008E-02    4.04890E-01   -4.34010E-02    1.21329E-01    9.52528E-03    6.87421E-02    7.72988E-02
     9.65626E-01    1.11929E+00    8.35492E-02    4.05160E-01   -4.16389E-02    1.21201E-01    9.13689E-03    6.86740E-02    7.72241E-02
     9.68201E-01    1.11831E+00    8.00139E-02    4.05418E-01   -3.98840E-02    1.21078E-01    8.75042E-03    6.86088E-02    7.71518E-02
     9.70776E-01    1.11737E+00    7.64949E-02    4.05665E-01   -3.81363E-02    1.20961E-01    8.36585E-03    6.85465E-02    7.70821E-02
     9.73351E-01    1.11647E+00    7.29922E-02    4.05901E-01   -3.63959E-02    1.20849E-01    7.98316E-03    6.84870E-02    7.70150E-02
     9.75926E-01    1.11562E+00    6.95058E-02    4.06126E-01   -3.46628E-02    1.20743E-01    7.60234E-03    6.84303E-02    7.69505E-02
     9.78500E-01    1.11480E+00    6.60355E-02    4.06339E-01   -3.29370E-02    1.20641E-01    7.22336E-03    6.83764E-02    7.68886E-02
     9.81075E-01    1.11403E+00    6.25816E-02    4.06542E-01   -3.12185E-02    1.20545E-01    6.84621E-03    6.83253E-02    7.68294E-02
     9.83650E-01    1.11330E+00    5.91438E-02    4.06733E-01   -2.95075E-02    1.20454E-01    6.47086E-03    6.82770E-02    7.67728E-02
     9.86225E-01    1.11261E+00    5.57223E-02    4.06913E-01   -2.78038E-02    1.20368E-01    6.09730E-03    6.82315E-02    7.67191E-02
     9.88800E-01    1.11196E+00    5.23169E-02    4.07082E-01   -2.61076E-02    1.20287E-01    5.72550E-03    6.81886E-02    7.66681E-02
     9.91375E-01    1.11136E+00    4.89277E-02    4.07241E-01   -2.44188E-02    1.20211E-01    5.35545E-03    6.81485E-02    7.66199E-02
     9.93950E-01    1.11079E+00    4.55547E-02    4.07389E-01   -2.27375E-02    1.20140E-01    4.98712E-03    6.81111E-02    7.65745E-02
     9.96525E-01    1.11026E+00    4.21978E-02    4.07526E-01   -2.10638E-02    1.20074E-01    4.62049E-03    6.80764E-02    7.65321E-02
     9.99100E-01    1.10978E+00    3.88569E-02    4.07653E-01   -1.93975E-02    1.20014E-01    4.25555E-03    6.80443E-02    7.64925E-02
     1.00168E+00    1.10933E+00    3.55322E-02    4.07769E-01   -1.77389E-02    1.19958E-01    3.89227E-03    6.80149E-02    7.64560E-02
     1.00425E+00    1.10892E+00    3.22235E-02    4.07874E-01   -1.60878E-02    1.19907E-01    3.53063E-03    6.79881E-02    7.64224E-02
     1.00683E+00    1.10856E+00    2.89308E-02    4.07969E-01   -1.44444E-02    1.19862E-01    3.17062E-03    6.79639E-02    7.63918E-02
     1.00940E+00    1.10823E+00    2.56541E-02    4.08054E-01   -1.28085E-02    1.19821E-01    2.81220E-03    6.79424E-02    7.63643E-02
     1.01198E+00    1.10794E+00    2.23934E-02    4.08129E-01   -1.11804E-02    1.19785E-01    2.45537E-03    6.79234E-02    7.63399E-02
     1.01455E+00    1.10769E+00    1.91487E-02    4.08194E-01   -9.55995E-03    1.19754E-01    2.10009E-03    6.79070E-02    7.63187E-02
     1.01713E+00    1.10748E+00    1.59198E-02    4.08248E-01   -7.94721E-03    1.19727E-01    1.74635E-03    6.78932E-02    7.63006E-02
     1.01970E+00    1.10731E+00    1.27068E-02    4.08292E-01   -6.34220E-03    1.19706E-01    1.39413E-03    6.78819E-02    7.62857E-02
     1.02228E+00    1.10718E+00    9.50967E-03    4.08327E-01   -4.74496E-03    1.19689E-01    1.04341E-03    6.78731E-02    7.62741E-02
     1.02485E+00    1.10708E+00    6.32834E-03    4.08351E-01   -3.15549E-03    1.19678E-01    6.94158E-04    6.78669E-02    7.62657E-02
     1.02743E+00    1.10702E+00    3.16279E-03    4.08366E-01   -1.57383E-03    1.19670E-01    3.46363E-04    6.78632E-02    7.62607E-02
     1.03000E+00    1.10701E+00    1.29866E-05    4.08371E-01   -4.07690-113    1.19668E-01    6.16287E-25    6.78619E-02    7.62590E-02
