     1.00000E-05    3.77739E+00   -3.28662E-05   -6.31766E-01   -1.82561E-05    4.62179E-01    7.38918E-06    3.76537E-01    8.70876E-11
     9.25998E-03    3.77654E+00    3.88816E-02   -6.31455E-01   -1.69008E-02    4.62072E-01    6.84005E-03    3.76407E-01    7.46504E-05
     1.85100E-02    3.77402E+00    7.76628E-02   -6.30523E-01   -3.37576E-02    4.61751E-01    1.36589E-02    3.76020E-01    2.98001E-04
     2.77599E-02    3.76981E+00    1.16327E-01   -6.28974E-01   -5.05628E-02    4.61216E-01    2.04501E-02    3.75375E-01    6.69222E-04
     3.70099E-02    3.76393E+00    1.54818E-01   -6.26810E-01   -6.72911E-02    4.60469E-01    2.72002E-02    3.74475E-01    1.18694E-03
     4.62599E-02    3.75639E+00    1.93077E-01   -6.24036E-01   -8.39171E-02    4.59511E-01    3.38955E-02    3.73322E-01    1.84923E-03
     5.55098E-02    3.74720E+00    2.31047E-01   -6.20659E-01   -1.00416E-01    4.58342E-01    4.05229E-02    3.71919E-01    2.65365E-03
     6.47598E-02    3.73638E+00    2.68674E-01   -6.16686E-01   -1.16764E-01    4.56966E-01    4.70693E-02    3.70269E-01    3.59725E-03
     7.40098E-02    3.72394E+00    3.05903E-01   -6.12127E-01   -1.32936E-01    4.55384E-01    5.35223E-02    3.68377E-01    4.67658E-03
     8.32598E-02    3.70991E+00    3.42680E-01   -6.06991E-01   -1.48910E-01    4.53599E-01    5.98694E-02    3.66247E-01    5.88771E-03
     9.25098E-02    3.69431E+00    3.78953E-01   -6.01291E-01   -1.64663E-01    4.51613E-01    6.60989E-02    3.63884E-01    7.22627E-03
     1.01760E-01    3.67717E+00    4.14672E-01   -5.95039E-01   -1.80173E-01    4.49430E-01    7.21994E-02    3.61295E-01    8.68744E-03
     1.11010E-01    3.65852E+00    4.49788E-01   -5.88248E-01   -1.95420E-01    4.47053E-01    7.81601E-02    3.58486E-01    1.02660E-02
     1.20260E-01    3.63838E+00    4.84254E-01   -5.80934E-01   -2.10383E-01    4.44485E-01    8.39706E-02    3.55463E-01    1.19565E-02
     1.29510E-01    3.61679E+00    5.18025E-01   -5.73111E-01   -2.25044E-01    4.41732E-01    8.96213E-02    3.52234E-01    1.37528E-02
     1.38760E-01    3.59379E+00    5.51058E-01   -5.64798E-01   -2.39385E-01    4.38797E-01    9.51030E-02    3.48806E-01    1.56489E-02
     1.48010E-01    3.56942E+00    5.83312E-01   -5.56011E-01   -2.53389E-01    4.35684E-01    1.00407E-01    3.45188E-01    1.76382E-02
     1.57260E-01    3.54371E+00    6.14748E-01   -5.46768E-01   -2.67040E-01    4.32398E-01    1.05526E-01    3.41387E-01    1.97141E-02
     1.66510E-01    3.51670E+00    6.45330E-01   -5.37088E-01   -2.80323E-01    4.28944E-01    1.10453E-01    3.37413E-01    2.18695E-02
     1.75760E-01    3.48844E+00    6.75024E-01   -5.26991E-01   -2.93225E-01    4.25328E-01    1.15181E-01    3.33274E-01    2.40974E-02
     1.85010E-01    3.45897E+00    7.03799E-01   -5.16497E-01   -3.05734E-01    4.21555E-01    1.19704E-01    3.28979E-01    2.63906E-02
     1.94259E-01    3.42834E+00    7.31625E-01   -5.05625E-01   -3.17839E-01    4.17630E-01    1.24018E-01    3.24538E-01    2.87417E-02
     2.03509E-01    3.39659E+00    7.58476E-01   -4.94397E-01   -3.29529E-01    4.13559E-01    1.28118E-01    3.19961E-01    3.11434E-02
     2.12759E-01    3.36378E+00    7.84329E-01   -4.82834E-01   -3.40797E-01    4.09347E-01    1.32001E-01    3.15256E-01    3.35884E-02
     2.22009E-01    3.32995E+00    8.09161E-01   -4.70956E-01   -3.51634E-01    4.05002E-01    1.35663E-01    3.10433E-01    3.60691E-02
     2.31259E-01    3.29514E+00    8.32955E-01   -4.58785E-01   -3.62034E-01    4.00529E-01    1.39103E-01    3.05502E-01    3.85782E-02
     2.40509E-01    3.25942E+00    8.55694E-01   -4.46342E-01   -3.71993E-01    3.95934E-01    1.42319E-01    3.00473E-01    4.11086E-02
     2.49759E-01    3.22283E+00    8.77365E-01   -4.33649E-01   -3.81506E-01    3.91223E-01    1.45310E-01    2.95356E-01    4.36529E-02
     2.59009E-01    3.18542E+00    8.97957E-01   -4.20726E-01   -3.90570E-01    3.86404E-01    1.48075E-01    2.90159E-01    4.62042E-02
     2.68259E-01    3.14724E+00    9.17462E-01   -4.07594E-01   -3.99184E-01    3.81482E-01    1.50617E-01    2.84893E-01    4.87556E-02
     2.77509E-01    3.10836E+00    9.35873E-01   -3.94275E-01   -4.07346E-01    3.76464E-01    1.52934E-01    2.79566E-01    5.13004E-02
     2.86759E-01    3.06880E+00    9.53188E-01   -3.80788E-01   -4.15058E-01    3.71357E-01    1.55030E-01    2.74188E-01    5.38320E-02
     2.96009E-01    3.02864E+00    9.69405E-01   -3.67154E-01   -4.22319E-01    3.66166E-01    1.56906E-01    2.68768E-01    5.63442E-02
     3.05259E-01    2.98792E+00    9.84526E-01   -3.53393E-01   -4.29134E-01    3.60899E-01    1.58564E-01    2.63315E-01    5.88310E-02
     3.14509E-01    2.94668E+00    9.98554E-01   -3.39523E-01   -4.35504E-01    3.55563E-01    1.60009E-01    2.57837E-01    6.12866E-02
     3.23759E-01    2.90499E+00    1.01150E+00   -3.25564E-01   -4.41434E-01    3.50163E-01    1.61244E-01    2.52342E-01    6.37054E-02
     3.33009E-01    2.86288E+00    1.02336E+00   -3.11534E-01   -4.46928E-01    3.44706E-01    1.62273E-01    2.46839E-01    6.60824E-02
     3.42259E-01    2.82042E+00    1.03415E+00   -2.97450E-01   -4.51992E-01    3.39198E-01    1.63101E-01    2.41336E-01    6.84124E-02
     3.51509E-01    2.77764E+00    1.04389E+00   -2.83331E-01   -4.56631E-01    3.33647E-01    1.63732E-01    2.35839E-01    7.06910E-02
     3.60759E-01    2.73459E+00    1.05258E+00   -2.69192E-01   -4.60854E-01    3.28058E-01    1.64171E-01    2.30356E-01    7.29139E-02
     3.70009E-01    2.69133E+00    1.06024E+00   -2.55050E-01   -4.64666E-01    3.22436E-01    1.64425E-01    2.24895E-01    7.50769E-02
     3.79259E-01    2.64789E+00    1.06690E+00   -2.40920E-01   -4.68077E-01    3.16789E-01    1.64498E-01    2.19461E-01    7.71766E-02
     3.88509E-01    2.60432E+00    1.07256E+00   -2.26817E-01   -4.71094E-01    3.11123E-01    1.64398E-01    2.14060E-01    7.92094E-02
     3.97759E-01    2.56067E+00    1.07725E+00   -2.12755E-01   -4.73726E-01    3.05442E-01    1.64130E-01    2.08700E-01    8.11725E-02
     4.07009E-01    2.51697E+00    1.08098E+00   -1.98747E-01   -4.75983E-01    2.99753E-01    1.63701E-01    2.03384E-01    8.30630E-02
     4.16259E-01    2.47327E+00    1.08379E+00   -1.84807E-01   -4.77874E-01    2.94062E-01    1.63116E-01    1.98119E-01    8.48785E-02
     4.25509E-01    2.42960E+00    1.08569E+00   -1.70946E-01   -4.79409E-01    2.88372E-01    1.62384E-01    1.92909E-01    8.66171E-02
     4.34759E-01    2.38601E+00    1.08671E+00   -1.57177E-01   -4.80598E-01    2.82691E-01    1.61511E-01    1.87759E-01    8.82767E-02
     4.44009E-01    2.34252E+00    1.08687E+00   -1.43509E-01   -4.81452E-01    2.77023E-01    1.60502E-01    1.82674E-01    8.98560E-02
     4.53259E-01    2.29918E+00    1.08620E+00   -1.29954E-01   -4.81982E-01    2.71372E-01    1.59367E-01    1.77656E-01    9.13537E-02
     4.62509E-01    2.25603E+00    1.08474E+00   -1.16521E-01   -4.82197E-01    2.65744E-01    1.58110E-01    1.72709E-01    9.27689E-02
     4.71759E-01    2.21308E+00    1.08249E+00   -1.03218E-01   -4.82109E-01    2.60143E-01    1.56739E-01    1.67838E-01    9.41008E-02
     4.81009E-01    2.17037E+00    1.07950E+00   -9.00551E-02   -4.81728E-01    2.54574E-01    1.55261E-01    1.63044E-01    9.53491E-02
     4.90259E-01    2.12794E+00    1.07579E+00   -7.70391E-02   -4.81066E-01    2.49040E-01    1.53683E-01    1.58331E-01    9.65136E-02
     4.99509E-01    2.08581E+00    1.07139E+00   -6.41775E-02   -4.80134E-01    2.43545E-01    1.52011E-01    1.53700E-01    9.75942E-02
     5.08759E-01    2.04400E+00    1.06633E+00   -5.14768E-02   -4.78942E-01    2.38094E-01    1.50252E-01    1.49155E-01    9.85913E-02
     5.18009E-01    2.00254E+00    1.06063E+00   -3.89433E-02   -4.77502E-01    2.32689E-01    1.48412E-01    1.44696E-01    9.95054E-02
     5.27259E-01    1.96146E+00    1.05433E+00   -2.65824E-02   -4.75824E-01    2.27335E-01    1.46497E-01    1.40325E-01    1.00337E-01
     5.36509E-01    1.92078E+00    1.04746E+00   -1.43993E-02   -4.73918E-01    2.22035E-01    1.44515E-01    1.36044E-01    1.01087E-01
     5.45759E-01    1.88052E+00    1.04003E+00   -2.39850E-03   -4.71797E-01    2.16791E-01    1.42470E-01    1.31853E-01    1.01757E-01
     5.55009E-01    1.84069E+00    1.03210E+00    9.41596E-03   -4.69469E-01    2.11606E-01    1.40369E-01    1.27754E-01    1.02347E-01
     5.64258E-01    1.80132E+00    1.02367E+00    2.10405E-02   -4.66946E-01    2.06483E-01    1.38217E-01    1.23747E-01    1.02859E-01
     5.73508E-01    1.76243E+00    1.01478E+00    3.24718E-02   -4.64238E-01    2.01425E-01    1.36020E-01    1.19832E-01    1.03295E-01
     5.82758E-01    1.72402E+00    1.00546E+00    4.37073E-02   -4.61355E-01    1.96433E-01    1.33784E-01    1.16010E-01    1.03655E-01
     5.92008E-01    1.68611E+00    9.95737E-01    5.47446E-02   -4.58306E-01    1.91511E-01    1.31512E-01    1.12280E-01    1.03942E-01
     6.01258E-01    1.64872E+00    9.85632E-01    6.55819E-02   -4.55101E-01    1.86659E-01    1.29212E-01    1.08643E-01    1.04158E-01
     6.10508E-01    1.61185E+00    9.75175E-01    7.62175E-02   -4.51750E-01    1.81879E-01    1.26886E-01    1.05098E-01    1.04304E-01
     6.19758E-01    1.57552E+00    9.64392E-01    8.66502E-02   -4.48262E-01    1.77174E-01    1.24541E-01    1.01645E-01    1.04382E-01
     6.29008E-01    1.53974E+00    9.53308E-01    9.68793E-02   -4.44646E-01    1.72543E-01    1.22179E-01    9.82832E-02    1.04395E-01
     6.38258E-01    1.50451E+00    9.41947E-01    1.06904E-01   -4.40911E-01    1.67990E-01    1.19806E-01    9.50116E-02    1.04343E-01
     6.47508E-01    1.46984E+00    9.30334E-01    1.16725E-01   -4.37065E-01    1.63514E-01    1.17425E-01    9.18295E-02    1.04230E-01
     6.56758E-01    1.43574E+00    9.18493E-01    1.26341E-01   -4.33116E-01    1.59117E-01    1.15040E-01    8.87359E-02    1.04058E-01
     6.66008E-01    1.40221E+00    9.06445E-01    1.35753E-01   -4.29074E-01    1.54800E-01    1.12655E-01    8.57298E-02    1.03829E-01
     6.75258E-01    1.36926E+00    8.94213E-01    1.44962E-01   -4.24944E-01    1.50562E-01    1.10273E-01    8.28101E-02    1.03544E-01
     6.84508E-01    1.33689E+00    8.81818E-01    1.53969E-01   -4.20736E-01    1.46406E-01    1.07897E-01    7.99755E-02    1.03206E-01
     6.93758E-01    1.30509E+00    8.69281E-01    1.62774E-01   -4.16456E-01    1.42330E-01    1.05530E-01    7.72247E-02    1.02818E-01
     7.03008E-01    1.27388E+00    8.56621E-01    1.71379E-01   -4.12112E-01    1.38336E-01    1.03175E-01    7.45563E-02    1.02382E-01
     7.12258E-01    1.24326E+00    8.43858E-01    1.79786E-01   -4.07710E-01    1.34422E-01    1.00834E-01    7.19688E-02    1.01899E-01
     7.21508E-01    1.21321E+00    8.31010E-01    1.87996E-01   -4.03256E-01    1.30591E-01    9.85109E-02    6.94608E-02    1.01372E-01
     7.30758E-01    1.18375E+00    8.18094E-01    1.96012E-01   -3.98758E-01    1.26840E-01    9.62069E-02    6.70308E-02    1.00803E-01
     7.40008E-01    1.15486E+00    8.05127E-01    2.03834E-01   -3.94221E-01    1.23171E-01    9.39243E-02    6.46771E-02    1.00195E-01
     7.49258E-01    1.12656E+00    7.92126E-01    2.11466E-01   -3.89650E-01    1.19583E-01    9.16650E-02    6.23982E-02    9.95483E-02
     7.58508E-01    1.09883E+00    7.79105E-01    2.18910E-01   -3.85053E-01    1.16075E-01    8.94308E-02    6.01924E-02    9.88666E-02
     7.67758E-01    1.07166E+00    7.66080E-01    2.26168E-01   -3.80433E-01    1.12647E-01    8.72235E-02    5.80581E-02    9.81514E-02
     7.77008E-01    1.04507E+00    7.53063E-01    2.33243E-01   -3.75796E-01    1.09299E-01    8.50443E-02    5.59935E-02    9.74047E-02
     7.86258E-01    1.01904E+00    7.40068E-01    2.40138E-01   -3.71146E-01    1.06029E-01    8.28948E-02    5.39972E-02    9.66285E-02
     7.95508E-01    9.93569E-01    7.27108E-01    2.46855E-01   -3.66489E-01    1.02838E-01    8.07761E-02    5.20672E-02    9.58247E-02
     8.04758E-01    9.68649E-01    7.14195E-01    2.53397E-01   -3.61829E-01    9.97241E-02    7.86892E-02    5.02021E-02    9.49952E-02
     8.14008E-01    9.44275E-01    7.01338E-01    2.59767E-01   -3.57169E-01    9.66866E-02    7.66353E-02    4.84000E-02    9.41419E-02
     8.23258E-01    9.20441E-01    6.88550E-01    2.65968E-01   -3.52514E-01    9.37249E-02    7.46150E-02    4.66594E-02    9.32664E-02
     8.32508E-01    8.97142E-01    6.75839E-01    2.72004E-01   -3.47868E-01    9.08378E-02    7.26291E-02    4.49785E-02    9.23706E-02
     8.41758E-01    8.74369E-01    6.63214E-01    2.77877E-01   -3.43234E-01    8.80246E-02    7.06784E-02    4.33557E-02    9.14561E-02
     8.51008E-01    8.52117E-01    6.50685E-01    2.83591E-01   -3.38615E-01    8.52841E-02    6.87632E-02    4.17893E-02    9.05246E-02
     8.60258E-01    8.30377E-01    6.38258E-01    2.89148E-01   -3.34014E-01    8.26154E-02    6.68840E-02    4.02778E-02    8.95776E-02
     8.69508E-01    8.09143E-01    6.25942E-01    2.94552E-01   -3.29435E-01    8.00172E-02    6.50413E-02    3.88195E-02    8.86166E-02
     8.78758E-01    7.88406E-01    6.13744E-01    2.99806E-01   -3.24880E-01    7.74885E-02    6.32351E-02    3.74129E-02    8.76431E-02
     8.88008E-01    7.68159E-01    6.01668E-01    3.04913E-01   -3.20351E-01    7.50281E-02    6.14658E-02    3.60563E-02    8.66585E-02
     8.97258E-01    7.48394E-01    5.89722E-01    3.09877E-01   -3.15852E-01    7.26349E-02    5.97335E-02    3.47483E-02    8.56641E-02
     9.06508E-01    7.29102E-01    5.77910E-01    3.14701E-01   -3.11384E-01    7.03076E-02    5.80381E-02    3.34874E-02    8.46613E-02
     9.15758E-01    7.10276E-01    5.66238E-01    3.19387E-01   -3.06949E-01    6.80450E-02    5.63796E-02    3.22720E-02    8.36513E-02
     9.25008E-01    6.91906E-01    5.54709E-01    3.23939E-01   -3.02549E-01    6.58460E-02    5.47580E-02    3.11008E-02    8.26353E-02
     9.34257E-01    6.73986E-01    5.43327E-01    3.28361E-01   -2.98187E-01    6.37092E-02    5.31732E-02    2.99723E-02    8.16145E-02
     9.43507E-01    6.56506E-01    5.32097E-01    3.32655E-01   -2.93862E-01    6.16334E-02    5.16249E-02    2.88851E-02    8.05898E-02
     9.52757E-01    6.39457E-01    5.21020E-01    3.36824E-01   -2.89578E-01    5.96174E-02    5.01129E-02    2.78378E-02    7.95624E-02
     9.62007E-01    6.22833E-01    5.10100E-01    3.40872E-01   -2.85336E-01    5.76599E-02    4.86369E-02    2.68292E-02    7.85333E-02
     9.71257E-01    6.06623E-01    4.99339E-01    3.44802E-01   -2.81136E-01    5.57597E-02    4.71966E-02    2.58580E-02    7.75033E-02
     9.80507E-01    5.90819E-01    4.88739E-01    3.48616E-01   -2.76979E-01    5.39154E-02    4.57917E-02    2.49228E-02    7.64734E-02
     9.89757E-01    5.75414E-01    4.78302E-01    3.52318E-01   -2.72868E-01    5.21259E-02    4.44217E-02    2.40224E-02    7.54444E-02
     9.99007E-01    5.60399E-01    4.68029E-01    3.55911E-01   -2.68802E-01    5.03898E-02    4.30862E-02    2.31557E-02    7.44172E-02
     1.00826E+00    5.45765E-01    4.57920E-01    3.59397E-01   -2.64782E-01    4.87059E-02    4.17849E-02    2.23214E-02    7.33924E-02
     1.01751E+00    5.31504E-01    4.47978E-01    3.62779E-01   -2.60809E-01    4.70730E-02    4.05171E-02    2.15185E-02    7.23709E-02
     1.02676E+00    5.17608E-01    4.38202E-01    3.66060E-01   -2.56885E-01    4.54899E-02    3.92825E-02    2.07458E-02    7.13532E-02
     1.03601E+00    5.04069E-01    4.28593E-01    3.69243E-01   -2.53008E-01    4.39553E-02    3.80804E-02    2.00023E-02    7.03400E-02
     1.04526E+00    4.90879E-01    4.19151E-01    3.72331E-01   -2.49179E-01    4.24680E-02    3.69105E-02    1.92869E-02    6.93319E-02
     1.05451E+00    4.78030E-01    4.09876E-01    3.75326E-01   -2.45400E-01    4.10268E-02    3.57721E-02    1.85987E-02    6.83295E-02
     1.06376E+00    4.65513E-01    4.00767E-01    3.78230E-01   -2.41670E-01    3.96306E-02    3.46646E-02    1.79365E-02    6.73332E-02
     1.07301E+00    4.53322E-01    3.91824E-01    3.81047E-01   -2.37989E-01    3.82782E-02    3.35876E-02    1.72995E-02    6.63436E-02
     1.08226E+00    4.41449E-01    3.83046E-01    3.83778E-01   -2.34358E-01    3.69684E-02    3.25403E-02    1.66868E-02    6.53612E-02
     1.09151E+00    4.29886E-01    3.74432E-01    3.86427E-01   -2.30776E-01    3.57001E-02    3.15224E-02    1.60975E-02    6.43862E-02
     1.10076E+00    4.18625E-01    3.65981E-01    3.88995E-01   -2.27244E-01    3.44722E-02    3.05331E-02    1.55306E-02    6.34192E-02
     1.11001E+00    4.07659E-01    3.57693E-01    3.91485E-01   -2.23761E-01    3.32836E-02    2.95718E-02    1.49855E-02    6.24605E-02
     1.11926E+00    3.96982E-01    3.49566E-01    3.93899E-01   -2.20328E-01    3.21331E-02    2.86380E-02    1.44612E-02    6.15104E-02
     1.12851E+00    3.86586E-01    3.41598E-01    3.96240E-01   -2.16944E-01    3.10199E-02    2.77311E-02    1.39569E-02    6.05692E-02
     1.13776E+00    3.76464E-01    3.33788E-01    3.98509E-01   -2.13609E-01    2.99427E-02    2.68505E-02    1.34720E-02    5.96372E-02
     1.14701E+00    3.66609E-01    3.26135E-01    4.00709E-01   -2.10323E-01    2.89006E-02    2.59955E-02    1.30058E-02    5.87146E-02
     1.15626E+00    3.57015E-01    3.18636E-01    4.02841E-01   -2.07086E-01    2.78925E-02    2.51656E-02    1.25574E-02    5.78017E-02
     1.16551E+00    3.47675E-01    3.11291E-01    4.04908E-01   -2.03897E-01    2.69176E-02    2.43603E-02    1.21262E-02    5.68988E-02
     1.17476E+00    3.38583E-01    3.04096E-01    4.06912E-01   -2.00756E-01    2.59748E-02    2.35788E-02    1.17116E-02    5.60059E-02
     1.18401E+00    3.29732E-01    2.97051E-01    4.08854E-01   -1.97663E-01    2.50631E-02    2.28207E-02    1.13129E-02    5.51232E-02
     1.19326E+00    3.21116E-01    2.90153E-01    4.10737E-01   -1.94618E-01    2.41818E-02    2.20853E-02    1.09295E-02    5.42509E-02
     1.20251E+00    3.12729E-01    2.83401E-01    4.12562E-01   -1.91619E-01    2.33298E-02    2.13721E-02    1.05609E-02    5.33891E-02
     1.21176E+00    3.04566E-01    2.76792E-01    4.14331E-01   -1.88667E-01    2.25063E-02    2.06806E-02    1.02064E-02    5.25379E-02
     1.22101E+00    2.96620E-01    2.70324E-01    4.16045E-01   -1.85760E-01    2.17104E-02    2.00101E-02    9.86550E-03    5.16975E-02
     1.23026E+00    2.88886E-01    2.63995E-01    4.17707E-01   -1.82900E-01    2.09413E-02    1.93601E-02    9.53771E-03    5.08678E-02
     1.23951E+00    2.81357E-01    2.57803E-01    4.19317E-01   -1.80084E-01    2.01982E-02    1.87301E-02    9.22250E-03    5.00489E-02
     1.24876E+00    2.74030E-01    2.51745E-01    4.20878E-01   -1.77313E-01    1.94803E-02    1.81195E-02    8.91938E-03    4.92410E-02
     1.25801E+00    2.66899E-01    2.45821E-01    4.22391E-01   -1.74586E-01    1.87867E-02    1.75279E-02    8.62788E-03    4.84440E-02
     1.26726E+00    2.59957E-01    2.40027E-01    4.23858E-01   -1.71903E-01    1.81168E-02    1.69546E-02    8.34754E-03    4.76579E-02
     1.27651E+00    2.53201E-01    2.34361E-01    4.25279E-01   -1.69263E-01    1.74697E-02    1.63993E-02    8.07792E-03    4.68828E-02
     1.28576E+00    2.46626E-01    2.28820E-01    4.26657E-01   -1.66665E-01    1.68448E-02    1.58613E-02    7.81862E-03    4.61186E-02
     1.29501E+00    2.40226E-01    2.23404E-01    4.27992E-01   -1.64109E-01    1.62414E-02    1.53403E-02    7.56921E-03    4.53654E-02
     1.30426E+00    2.33997E-01    2.18109E-01    4.29286E-01   -1.61595E-01    1.56588E-02    1.48357E-02    7.32932E-03    4.46231E-02
     1.31351E+00    2.27934E-01    2.12934E-01    4.30541E-01   -1.59121E-01    1.50963E-02    1.43471E-02    7.09856E-03    4.38917E-02
     1.32276E+00    2.22034E-01    2.07875E-01    4.31757E-01   -1.56688E-01    1.45532E-02    1.38740E-02    6.87659E-03    4.31711E-02
     1.33201E+00    2.16291E-01    2.02932E-01    4.32935E-01   -1.54295E-01    1.40290E-02    1.34159E-02    6.66305E-03    4.24614E-02
     1.34126E+00    2.10701E-01    1.98101E-01    4.34077E-01   -1.51940E-01    1.35230E-02    1.29725E-02    6.45760E-03    4.17624E-02
     1.35051E+00    2.05260E-01    1.93380E-01    4.35185E-01   -1.49625E-01    1.30347E-02    1.25433E-02    6.25994E-03    4.10741E-02
     1.35976E+00    1.99965E-01    1.88768E-01    4.36258E-01   -1.47347E-01    1.25634E-02    1.21279E-02    6.06975E-03    4.03964E-02
     1.36901E+00    1.94811E-01    1.84262E-01    4.37298E-01   -1.45107E-01    1.21086E-02    1.17258E-02    5.88674E-03    3.97292E-02
     1.37826E+00    1.89794E-01    1.79860E-01    4.38307E-01   -1.42903E-01    1.16697E-02    1.13367E-02    5.71061E-03    3.90725E-02
     1.38751E+00    1.84911E-01    1.75561E-01    4.39285E-01   -1.40736E-01    1.12463E-02    1.09602E-02    5.54111E-03    3.84262E-02
     1.39676E+00    1.80158E-01    1.71361E-01    4.40232E-01   -1.38605E-01    1.08378E-02    1.05959E-02    5.37796E-03    3.77902E-02
     1.40601E+00    1.75532E-01    1.67259E-01    4.41151E-01   -1.36509E-01    1.04437E-02    1.02434E-02    5.22092E-03    3.71644E-02
     1.41526E+00    1.71029E-01    1.63252E-01    4.42042E-01   -1.34448E-01    1.00636E-02    9.90240E-03    5.06975E-03    3.65487E-02
     1.42451E+00    1.66646E-01    1.59340E-01    4.42905E-01   -1.32420E-01    9.69686E-03    9.57252E-03    4.92420E-03    3.59430E-02
     1.43376E+00    1.62379E-01    1.55519E-01    4.43742E-01   -1.30427E-01    9.34316E-03    9.25341E-03    4.78406E-03    3.53472E-02
     1.44301E+00    1.58225E-01    1.51789E-01    4.44554E-01   -1.28466E-01    9.00204E-03    8.94475E-03    4.64911E-03    3.47612E-02
     1.45226E+00    1.54182E-01    1.48146E-01    4.45341E-01   -1.26537E-01    8.67306E-03    8.64622E-03    4.51915E-03    3.41848E-02
     1.46151E+00    1.50246E-01    1.44589E-01    4.46104E-01   -1.24641E-01    8.35580E-03    8.35748E-03    4.39398E-03    3.36181E-02
     1.47076E+00    1.46415E-01    1.41116E-01    4.46843E-01   -1.22776E-01    8.04988E-03    8.07825E-03    4.27341E-03    3.30608E-02
     1.48001E+00    1.42685E-01    1.37726E-01    4.47560E-01   -1.20942E-01    7.75490E-03    7.80822E-03    4.15726E-03    3.25128E-02
     1.48926E+00    1.39053E-01    1.34416E-01    4.48256E-01   -1.19138E-01    7.47048E-03    7.54710E-03    4.04535E-03    3.19741E-02
     1.49851E+00    1.35518E-01    1.31185E-01    4.48930E-01   -1.17363E-01    7.19626E-03    7.29461E-03    3.93751E-03    3.14444E-02
     1.50776E+00    1.32076E-01    1.28031E-01    4.49584E-01   -1.15618E-01    6.93190E-03    7.05047E-03    3.83359E-03    3.09238E-02
     1.51701E+00    1.28725E-01    1.24952E-01    4.50218E-01   -1.13902E-01    6.67704E-03    6.81443E-03    3.73342E-03    3.04120E-02
     1.52626E+00    1.25463E-01    1.21946E-01    4.50833E-01   -1.12214E-01    6.43137E-03    6.58621E-03    3.63687E-03    2.99089E-02
     1.53551E+00    1.22287E-01    1.19013E-01    4.51430E-01   -1.10554E-01    6.19455E-03    6.36557E-03    3.54378E-03    2.94145E-02
     1.54476E+00    1.19194E-01    1.16150E-01    4.52008E-01   -1.08922E-01    5.96629E-03    6.15228E-03    3.45402E-03    2.89286E-02
     1.55401E+00    1.16182E-01    1.13355E-01    4.52569E-01   -1.07316E-01    5.74628E-03    5.94608E-03    3.36747E-03    2.84511E-02
     1.56326E+00    1.13250E-01    1.10627E-01    4.53113E-01   -1.05736E-01    5.53423E-03    5.74675E-03    3.28398E-03    2.79818E-02
     1.57251E+00    1.10395E-01    1.07965E-01    4.53641E-01   -1.04183E-01    5.32987E-03    5.55407E-03    3.20345E-03    2.75207E-02
     1.58176E+00    1.07614E-01    1.05367E-01    4.54153E-01   -1.02654E-01    5.13293E-03    5.36782E-03    3.12575E-03    2.70675E-02
     1.59101E+00    1.04907E-01    1.02832E-01    4.54649E-01   -1.01151E-01    4.94314E-03    5.18780E-03    3.05078E-03    2.66223E-02
     1.60026E+00    1.02270E-01    1.00358E-01    4.55131E-01   -9.96723E-02    4.76025E-03    5.01380E-03    2.97843E-03    2.61848E-02
     1.60951E+00    9.97028E-02    9.79430E-02    4.55598E-01   -9.82176E-02    4.58402E-03    4.84562E-03    2.90859E-03    2.57550E-02
     1.61876E+00    9.72024E-02    9.55866E-02    4.56051E-01   -9.67867E-02    4.41422E-03    4.68307E-03    2.84117E-03    2.53327E-02
     1.62801E+00    9.47672E-02    9.32871E-02    4.56491E-01   -9.53789E-02    4.25060E-03    4.52597E-03    2.77607E-03    2.49179E-02
     1.63726E+00    9.23955E-02    9.10431E-02    4.56917E-01   -9.39940E-02    4.09296E-03    4.37414E-03    2.71321E-03    2.45103E-02
     1.64651E+00    9.00857E-02    8.88534E-02    4.57331E-01   -9.26316E-02    3.94109E-03    4.22741E-03    2.65249E-03    2.41099E-02
     1.65576E+00    8.78359E-02    8.67167E-02    4.57732E-01   -9.12911E-02    3.79477E-03    4.08560E-03    2.59383E-03    2.37165E-02
     1.66501E+00    8.56447E-02    8.46317E-02    4.58122E-01   -8.99722E-02    3.65380E-03    3.94856E-03    2.53716E-03    2.33301E-02
     1.67426E+00    8.35103E-02    8.25972E-02    4.58500E-01   -8.86746E-02    3.51801E-03    3.81612E-03    2.48239E-03    2.29505E-02
     1.68351E+00    8.14314E-02    8.06120E-02    4.58867E-01   -8.73978E-02    3.38719E-03    3.68814E-03    2.42945E-03    2.25776E-02
     1.69276E+00    7.94063E-02    7.86748E-02    4.59223E-01   -8.61415E-02    3.26118E-03    3.56447E-03    2.37827E-03    2.22113E-02
     1.70201E+00    7.74337E-02    7.67847E-02    4.59568E-01   -8.49052E-02    3.13980E-03    3.44495E-03    2.32879E-03    2.18515E-02
     1.71126E+00    7.55120E-02    7.49404E-02    4.59903E-01   -8.36887E-02    3.02288E-03    3.32947E-03    2.28094E-03    2.14981E-02
     1.72051E+00    7.36401E-02    7.31408E-02    4.60228E-01   -8.24916E-02    2.91026E-03    3.21787E-03    2.23465E-03    2.11509E-02
     1.72976E+00    7.18164E-02    7.13849E-02    4.60544E-01   -8.13135E-02    2.80180E-03    3.11003E-03    2.18986E-03    2.08099E-02
     1.73901E+00    7.00397E-02    6.96716E-02    4.60851E-01   -8.01541E-02    2.69733E-03    3.00583E-03    2.14653E-03    2.04749E-02
     1.74826E+00    6.83088E-02    6.79999E-02    4.61148E-01   -7.90130E-02    2.59671E-03    2.90514E-03    2.10459E-03    2.01459E-02
     1.75751E+00    6.66224E-02    6.63687E-02    4.61437E-01   -7.78899E-02    2.49981E-03    2.80784E-03    2.06399E-03    1.98228E-02
     1.76676E+00    6.49794E-02    6.47772E-02    4.61717E-01   -7.67845E-02    2.40648E-03    2.71383E-03    2.02468E-03    1.95053E-02
     1.77601E+00    6.33785E-02    6.32243E-02    4.61989E-01   -7.56964E-02    2.31660E-03    2.62299E-03    1.98661E-03    1.91935E-02
     1.78526E+00    6.18186E-02    6.17092E-02    4.62253E-01   -7.46254E-02    2.23005E-03    2.53521E-03    1.94974E-03    1.88873E-02
     1.79451E+00    6.02987E-02    6.02308E-02    4.62509E-01   -7.35711E-02    2.14670E-03    2.45039E-03    1.91401E-03    1.85864E-02
     1.80376E+00    5.88177E-02    5.87883E-02    4.62758E-01   -7.25333E-02    2.06644E-03    2.36844E-03    1.87939E-03    1.82910E-02
     1.81301E+00    5.73745E-02    5.73809E-02    4.63000E-01   -7.15116E-02    1.98915E-03    2.28925E-03    1.84584E-03    1.80007E-02
     1.82226E+00    5.59682E-02    5.60076E-02    4.63234E-01   -7.05058E-02    1.91473E-03    2.21274E-03    1.81331E-03    1.77156E-02
     1.83151E+00    5.45977E-02    5.46677E-02    4.63462E-01   -6.95155E-02    1.84307E-03    2.13880E-03    1.78177E-03    1.74356E-02
     1.84076E+00    5.32621E-02    5.33603E-02    4.63683E-01   -6.85404E-02    1.77407E-03    2.06736E-03    1.75118E-03    1.71605E-02
     1.85001E+00    5.19605E-02    5.20847E-02    4.63898E-01   -6.75804E-02    1.70763E-03    1.99834E-03    1.72151E-03    1.68903E-02
     1.85925E+00    5.06920E-02    5.08400E-02    4.64106E-01   -6.66351E-02    1.64365E-03    1.93164E-03    1.69272E-03    1.66249E-02
     1.86850E+00    4.94556E-02    4.96256E-02    4.64309E-01   -6.57043E-02    1.58206E-03    1.86719E-03    1.66478E-03    1.63642E-02
     1.87775E+00    4.82507E-02    4.84406E-02    4.64506E-01   -6.47877E-02    1.52276E-03    1.80492E-03    1.63766E-03    1.61081E-02
     1.88700E+00    4.70762E-02    4.72843E-02    4.64697E-01   -6.38851E-02    1.46566E-03    1.74475E-03    1.61133E-03    1.58566E-02
     1.89625E+00    4.59315E-02    4.61561E-02    4.64882E-01   -6.29961E-02    1.41069E-03    1.68661E-03    1.58576E-03    1.56095E-02
     1.90550E+00    4.48157E-02    4.50553E-02    4.65062E-01   -6.21206E-02    1.35777E-03    1.63042E-03    1.56092E-03    1.53667E-02
     1.91475E+00    4.37281E-02    4.39812E-02    4.65237E-01   -6.12583E-02    1.30682E-03    1.57614E-03    1.53679E-03    1.51282E-02
     1.92400E+00    4.26679E-02    4.29331E-02    4.65407E-01   -6.04090E-02    1.25777E-03    1.52368E-03    1.51334E-03    1.48940E-02
     1.93325E+00    4.16344E-02    4.19104E-02    4.65572E-01   -5.95724E-02    1.21055E-03    1.47299E-03    1.49054E-03    1.46638E-02
     1.94250E+00    4.06269E-02    4.09124E-02    4.65733E-01   -5.87483E-02    1.16509E-03    1.42401E-03    1.46839E-03    1.44377E-02
     1.95175E+00    3.96448E-02    3.99387E-02    4.65888E-01   -5.79366E-02    1.12132E-03    1.37668E-03    1.44684E-03    1.42156E-02
     1.96100E+00    3.86873E-02    3.89885E-02    4.66040E-01   -5.71369E-02    1.07919E-03    1.33095E-03    1.42589E-03    1.39974E-02
     1.97025E+00    3.77538E-02    3.80613E-02    4.66187E-01   -5.63491E-02    1.03864E-03    1.28675E-03    1.40550E-03    1.37830E-02
     1.97950E+00    3.68438E-02    3.71566E-02    4.66330E-01   -5.55729E-02    9.99599E-04    1.24404E-03    1.38566E-03    1.35724E-02
     1.98875E+00    3.59565E-02    3.62738E-02    4.66468E-01   -5.48082E-02    9.62019E-04    1.20277E-03    1.36636E-03    1.33654E-02
     1.99800E+00    3.50914E-02    3.54123E-02    4.66603E-01   -5.40547E-02    9.25845E-04    1.16289E-03    1.34756E-03    1.31621E-02
     2.00725E+00    3.42479E-02    3.45716E-02    4.66734E-01   -5.33122E-02    8.91023E-04    1.12435E-03    1.32926E-03    1.29623E-02
     2.01650E+00    3.34255E-02    3.37512E-02    4.66862E-01   -5.25806E-02    8.57505E-04    1.08710E-03    1.31144E-03    1.27660E-02
     2.02575E+00    3.26236E-02    3.29507E-02    4.66985E-01   -5.18597E-02    8.25242E-04    1.05111E-03    1.29408E-03    1.25732E-02
     2.03500E+00    3.18416E-02    3.21694E-02    4.67106E-01   -5.11492E-02    7.94187E-04    1.01633E-03    1.27717E-03    1.23836E-02
     2.04425E+00    3.10792E-02    3.14071E-02    4.67222E-01   -5.04491E-02    7.64295E-04    9.82711E-04    1.26069E-03    1.21974E-02
     2.05350E+00    3.03356E-02    3.06631E-02    4.67336E-01   -4.97590E-02    7.35524E-04    9.50223E-04    1.24462E-03    1.20144E-02
     2.06275E+00    2.96106E-02    2.99371E-02    4.67446E-01   -4.90789E-02    7.07831E-04    9.18825E-04    1.22896E-03    1.18346E-02
     2.07200E+00    2.89035E-02    2.92285E-02    4.67554E-01   -4.84085E-02    6.81176E-04    8.88480E-04    1.21369E-03    1.16579E-02
     2.08125E+00    2.82139E-02    2.85371E-02    4.67658E-01   -4.77477E-02    6.55521E-04    8.59153E-04    1.19879E-03    1.14842E-02
     2.09050E+00    2.75415E-02    2.78622E-02    4.67759E-01   -4.70963E-02    6.30828E-04    8.30808E-04    1.18426E-03    1.13136E-02
     2.09975E+00    2.68856E-02    2.72037E-02    4.67858E-01   -4.64542E-02    6.07062E-04    8.03412E-04    1.17008E-03    1.11459E-02
     2.10900E+00    2.62460E-02    2.65609E-02    4.67954E-01   -4.58212E-02    5.84188E-04    7.76934E-04    1.15624E-03    1.09810E-02
     2.11825E+00    2.56221E-02    2.59337E-02    4.68047E-01   -4.51971E-02    5.62173E-04    7.51341E-04    1.14273E-03    1.08190E-02
     2.12750E+00    2.50137E-02    2.53215E-02    4.68137E-01   -4.45818E-02    5.40984E-04    7.26605E-04    1.12955E-03    1.06598E-02
     2.13675E+00    2.44202E-02    2.47240E-02    4.68225E-01   -4.39751E-02    5.20592E-04    7.02695E-04    1.11667E-03    1.05033E-02
     2.14600E+00    2.38414E-02    2.41408E-02    4.68311E-01   -4.33769E-02    5.00966E-04    6.79584E-04    1.10409E-03    1.03495E-02
     2.15525E+00    2.32768E-02    2.35717E-02    4.68394E-01   -4.27871E-02    4.82077E-04    6.57244E-04    1.09180E-03    1.01983E-02
     2.16450E+00    2.27260E-02    2.30162E-02    4.68475E-01   -4.22055E-02    4.63898E-04    6.35650E-04    1.07979E-03    1.00497E-02
     2.17375E+00    2.21888E-02    2.24740E-02    4.68553E-01   -4.16319E-02    4.46403E-04    6.14776E-04    1.06806E-03    9.90362E-03
     2.18300E+00    2.16648E-02    2.19448E-02    4.68630E-01   -4.10662E-02    4.29566E-04    5.94598E-04    1.05659E-03    9.76002E-03
     2.19225E+00    2.11536E-02    2.14283E-02    4.68704E-01   -4.05083E-02    4.13362E-04    5.75092E-04    1.04538E-03    9.61885E-03
     2.20150E+00    2.06550E-02    2.09241E-02    4.68776E-01   -3.99581E-02    3.97767E-04    5.56235E-04    1.03441E-03    9.48008E-03
     2.21075E+00    2.01685E-02    2.04320E-02    4.68847E-01   -3.94154E-02    3.82760E-04    5.38006E-04    1.02369E-03    9.34366E-03
     2.22000E+00    1.96939E-02    1.99517E-02    4.68915E-01   -3.88801E-02    3.68317E-04    5.20383E-04    1.01320E-03    9.20954E-03
     2.22925E+00    1.92309E-02    1.94828E-02    4.68982E-01   -3.83520E-02    3.54418E-04    5.03346E-04    1.00294E-03    9.07768E-03
     2.23850E+00    1.87793E-02    1.90252E-02    4.69046E-01   -3.78311E-02    3.41042E-04    4.86875E-04    9.92900E-04    8.94804E-03
     2.24775E+00    1.83386E-02    1.85784E-02    4.69109E-01   -3.73173E-02    3.28170E-04    4.70950E-04    9.83073E-04    8.82058E-03
     2.25700E+00    1.79087E-02    1.81424E-02    4.69170E-01   -3.68103E-02    3.15783E-04    4.55553E-04    9.73454E-04    8.69525E-03
     2.26625E+00    1.74892E-02    1.77167E-02    4.69230E-01   -3.63101E-02    3.03862E-04    4.40667E-04    9.64038E-04    8.57202E-03
     2.27550E+00    1.70799E-02    1.73011E-02    4.69288E-01   -3.58166E-02    2.92390E-04    4.26274E-04    9.54818E-04    8.45086E-03
     2.28475E+00    1.66806E-02    1.68955E-02    4.69344E-01   -3.53297E-02    2.81351E-04    4.12358E-04    9.45789E-04    8.33171E-03
     2.29400E+00    1.62910E-02    1.64995E-02    4.69399E-01   -3.48493E-02    2.70728E-04    3.98902E-04    9.36945E-04    8.21455E-03
     2.30325E+00    1.59109E-02    1.61129E-02    4.69452E-01   -3.43752E-02    2.60505E-04    3.85890E-04    9.28282E-04    8.09934E-03
     2.31250E+00    1.55399E-02    1.57355E-02    4.69504E-01   -3.39073E-02    2.50667E-04    3.73309E-04    9.19794E-04    7.98605E-03
     2.32175E+00    1.51780E-02    1.53670E-02    4.69554E-01   -3.34456E-02    2.41201E-04    3.61143E-04    9.11477E-04    7.87463E-03
     2.33100E+00    1.48248E-02    1.50073E-02    4.69603E-01   -3.29899E-02    2.32091E-04    3.49379E-04    9.03326E-04    7.76505E-03
     2.34025E+00    1.44802E-02    1.46562E-02    4.69651E-01   -3.25401E-02    2.23325E-04    3.38002E-04    8.95337E-04    7.65728E-03
     2.34950E+00    1.41439E-02    1.43133E-02    4.69697E-01   -3.20962E-02    2.14890E-04    3.27000E-04    8.87505E-04    7.55129E-03
     2.35875E+00    1.38157E-02    1.39786E-02    4.69742E-01   -3.16581E-02    2.06772E-04    3.16360E-04    8.79827E-04    7.44704E-03
     2.36800E+00    1.34955E-02    1.36518E-02    4.69786E-01   -3.12256E-02    1.98961E-04    3.06071E-04    8.72298E-04    7.34451E-03
     2.37725E+00    1.31829E-02    1.33328E-02    4.69829E-01   -3.07987E-02    1.91445E-04    2.96120E-04    8.64914E-04    7.24366E-03
     2.38650E+00    1.28780E-02    1.30212E-02    4.69871E-01   -3.03772E-02    1.84212E-04    2.86495E-04    8.57673E-04    7.14446E-03
     2.39575E+00    1.25803E-02    1.27171E-02    4.69911E-01   -2.99611E-02    1.77253E-04    2.77187E-04    8.50569E-04    7.04688E-03
     2.40500E+00    1.22899E-02    1.24201E-02    4.69951E-01   -2.95503E-02    1.70556E-04    2.68184E-04    8.43601E-04    6.95090E-03
     2.41425E+00    1.20064E-02    1.21301E-02    4.69989E-01   -2.91447E-02    1.64112E-04    2.59476E-04    8.36763E-04    6.85648E-03
     2.42350E+00    1.17298E-02    1.18470E-02    4.70026E-01   -2.87442E-02    1.57911E-04    2.51054E-04    8.30054E-04    6.76359E-03
     2.43275E+00    1.14598E-02    1.15705E-02    4.70063E-01   -2.83488E-02    1.51944E-04    2.42907E-04    8.23471E-04    6.67221E-03
     2.44200E+00    1.11963E-02    1.13005E-02    4.70098E-01   -2.79583E-02    1.46202E-04    2.35027E-04    8.17009E-04    6.58232E-03
     2.45125E+00    1.09391E-02    1.10369E-02    4.70132E-01   -2.75727E-02    1.40678E-04    2.27404E-04    8.10666E-04    6.49387E-03
     2.46050E+00    1.06881E-02    1.07795E-02    4.70166E-01   -2.71920E-02    1.35362E-04    2.20030E-04    8.04440E-04    6.40686E-03
     2.46975E+00    1.04431E-02    1.05281E-02    4.70198E-01   -2.68159E-02    1.30246E-04    2.12897E-04    7.98328E-04    6.32125E-03
     2.47900E+00    1.02040E-02    1.02826E-02    4.70230E-01   -2.64445E-02    1.25324E-04    2.05997E-04    7.92326E-04    6.23702E-03
     2.48825E+00    9.97064E-03    1.00429E-02    4.70261E-01   -2.60776E-02    1.20588E-04    1.99322E-04    7.86434E-04    6.15414E-03
     2.49750E+00    9.74286E-03    9.80878E-03    4.70291E-01   -2.57152E-02    1.16031E-04    1.92864E-04    7.80647E-04    6.07260E-03
     2.50675E+00    9.52054E-03    9.58015E-03    4.70320E-01   -2.53573E-02    1.11646E-04    1.86616E-04    7.74964E-04    5.99235E-03
     2.51600E+00    9.30353E-03    9.35687E-03    4.70349E-01   -2.50037E-02    1.07427E-04    1.80571E-04    7.69383E-04    5.91340E-03
     2.52525E+00    9.09173E-03    9.13881E-03    4.70376E-01   -2.46544E-02    1.03367E-04    1.74723E-04    7.63900E-04    5.83570E-03
     2.53450E+00    8.88498E-03    8.92584E-03    4.70403E-01   -2.43094E-02    9.94608E-05    1.69065E-04    7.58515E-04    5.75924E-03
     2.54375E+00    8.68319E-03    8.71784E-03    4.70430E-01   -2.39685E-02    9.57021E-05    1.63590E-04    7.53225E-04    5.68401E-03
     2.55300E+00    8.48621E-03    8.51469E-03    4.70455E-01   -2.36316E-02    9.20854E-05    1.58293E-04    7.48028E-04    5.60996E-03
     2.56225E+00    8.29395E-03    8.31627E-03    4.70480E-01   -2.32988E-02    8.86054E-05    1.53167E-04    7.42921E-04    5.53709E-03
     2.57150E+00    8.10628E-03    8.12247E-03    4.70504E-01   -2.29700E-02    8.52570E-05    1.48208E-04    7.37904E-04    5.46538E-03
     2.58075E+00    7.92309E-03    7.93318E-03    4.70528E-01   -2.26450E-02    8.20352E-05    1.43409E-04    7.32974E-04    5.39480E-03
     2.59000E+00    7.74427E-03    7.74828E-03    4.70551E-01   -2.23239E-02    7.89352E-05    1.38765E-04    7.28130E-04    5.32534E-03
     2.59925E+00    7.56973E-03    7.56767E-03    4.70573E-01   -2.20066E-02    7.59524E-05    1.34271E-04    7.23370E-04    5.25697E-03
     2.60850E+00    7.39935E-03    7.39125E-03    4.70595E-01   -2.16929E-02    7.30823E-05    1.29922E-04    7.18691E-04    5.18968E-03
     2.61775E+00    7.23304E-03    7.21892E-03    4.70616E-01   -2.13829E-02    7.03209E-05    1.25714E-04    7.14093E-04    5.12345E-03
     2.62700E+00    7.07069E-03    7.05058E-03    4.70637E-01   -2.10766E-02    6.76638E-05    1.21641E-04    7.09575E-04    5.05826E-03
     2.63625E+00    6.91223E-03    6.88612E-03    4.70657E-01   -2.07738E-02    6.51073E-05    1.17699E-04    7.05133E-04    4.99410E-03
     2.64550E+00    6.75754E-03    6.72547E-03    4.70676E-01   -2.04744E-02    6.26474E-05    1.13885E-04    7.00768E-04    4.93094E-03
     2.65475E+00    6.60654E-03    6.56852E-03    4.70695E-01   -2.01785E-02    6.02807E-05    1.10193E-04    6.96477E-04    4.86876E-03
     2.66400E+00    6.45915E-03    6.41518E-03    4.70714E-01   -1.98860E-02    5.80034E-05    1.06620E-04    6.92259E-04    4.80757E-03
     2.67325E+00    6.31527E-03    6.26538E-03    4.70732E-01   -1.95968E-02    5.58123E-05    1.03162E-04    6.88114E-04    4.74732E-03
     2.68250E+00    6.17483E-03    6.11902E-03    4.70750E-01   -1.93109E-02    5.37041E-05    9.98143E-05    6.84038E-04    4.68802E-03
     2.69175E+00    6.03774E-03    5.97603E-03    4.70767E-01   -1.90282E-02    5.16756E-05    9.65744E-05    6.80032E-04    4.62964E-03
     2.70100E+00    5.90392E-03    5.83631E-03    4.70783E-01   -1.87487E-02    4.97240E-05    9.34385E-05    6.76094E-04    4.57217E-03
     2.71025E+00    5.77330E-03    5.69980E-03    4.70800E-01   -1.84723E-02    4.78461E-05    9.04030E-05    6.72223E-04    4.51559E-03
     2.71950E+00    5.64580E-03    5.56641E-03    4.70815E-01   -1.81990E-02    4.60394E-05    8.74648E-05    6.68417E-04    4.45989E-03
     2.72875E+00    5.52134E-03    5.43606E-03    4.70831E-01   -1.79287E-02    4.43010E-05    8.46206E-05    6.64676E-04    4.40505E-03
     2.73800E+00    5.39985E-03    5.30870E-03    4.70846E-01   -1.76614E-02    4.26285E-05    8.18674E-05    6.60999E-04    4.35107E-03
     2.74725E+00    5.28127E-03    5.18424E-03    4.70860E-01   -1.73971E-02    4.10192E-05    7.92023E-05    6.57383E-04    4.29792E-03
     2.75650E+00    5.16553E-03    5.06261E-03    4.70874E-01   -1.71356E-02    3.94709E-05    7.66223E-05    6.53829E-04    4.24560E-03
     2.76575E+00    5.05255E-03    4.94375E-03    4.70888E-01   -1.68770E-02    3.79812E-05    7.41247E-05    6.50336E-04    4.19408E-03
     2.77500E+00    4.94228E-03    4.82759E-03    4.70902E-01   -1.66212E-02    3.65479E-05    7.17068E-05    6.46901E-04    4.14336E-03
     2.78425E+00    4.83465E-03    4.71406E-03    4.70915E-01   -1.63682E-02    3.51689E-05    6.93660E-05    6.43526E-04    4.09342E-03
     2.79350E+00    4.72960E-03    4.60310E-03    4.70928E-01   -1.61179E-02    3.38421E-05    6.70999E-05    6.40207E-04    4.04426E-03
     2.80275E+00    4.62707E-03    4.49465E-03    4.70940E-01   -1.58702E-02    3.25656E-05    6.49059E-05    6.36945E-04    3.99585E-03
     2.81200E+00    4.52700E-03    4.38865E-03    4.70952E-01   -1.56252E-02    3.13375E-05    6.27818E-05    6.33739E-04    3.94819E-03
     2.82125E+00    4.42933E-03    4.28504E-03    4.70964E-01   -1.53828E-02    3.01559E-05    6.07254E-05    6.30587E-04    3.90127E-03
     2.83050E+00    4.33401E-03    4.18376E-03    4.70975E-01   -1.51430E-02    2.90190E-05    5.87343E-05    6.27490E-04    3.85507E-03
     2.83975E+00    4.24099E-03    4.08475E-03    4.70986E-01   -1.49057E-02    2.79253E-05    5.68066E-05    6.24446E-04    3.80958E-03
     2.84900E+00    4.15020E-03    3.98797E-03    4.70997E-01   -1.46709E-02    2.68730E-05    5.49402E-05    6.21454E-04    3.76479E-03
     2.85825E+00    4.06160E-03    3.89335E-03    4.71008E-01   -1.44385E-02    2.58606E-05    5.31330E-05    6.18513E-04    3.72069E-03
     2.86750E+00    3.97514E-03    3.80084E-03    4.71018E-01   -1.42085E-02    2.48866E-05    5.13832E-05    6.15624E-04    3.67727E-03
     2.87675E+00    3.89078E-03    3.71040E-03    4.71028E-01   -1.39809E-02    2.39495E-05    4.96890E-05    6.12784E-04    3.63452E-03
     2.88600E+00    3.80845E-03    3.62198E-03    4.71038E-01   -1.37556E-02    2.30480E-05    4.80485E-05    6.09994E-04    3.59243E-03
     2.89525E+00    3.72812E-03    3.53551E-03    4.71047E-01   -1.35327E-02    2.21807E-05    4.64600E-05    6.07253E-04    3.55099E-03
     2.90450E+00    3.64973E-03    3.45097E-03    4.71057E-01   -1.33120E-02    2.13464E-05    4.49220E-05    6.04560E-04    3.51019E-03
     2.91375E+00    3.57325E-03    3.36829E-03    4.71066E-01   -1.30935E-02    2.05436E-05    4.34326E-05    6.01914E-04    3.47002E-03
     2.92300E+00    3.49864E-03    3.28744E-03    4.71074E-01   -1.28772E-02    1.97714E-05    4.19904E-05    5.99315E-04    3.43047E-03
     2.93225E+00    3.42584E-03    3.20837E-03    4.71083E-01   -1.26631E-02    1.90285E-05    4.05939E-05    5.96761E-04    3.39153E-03
     2.94150E+00    3.35482E-03    3.13104E-03    4.71091E-01   -1.24511E-02    1.83139E-05    3.92416E-05    5.94254E-04    3.35320E-03
     2.95075E+00    3.28554E-03    3.05540E-03    4.71099E-01   -1.22413E-02    1.76264E-05    3.79321E-05    5.91791E-04    3.31546E-03
     2.96000E+00    3.21796E-03    2.98142E-03    4.71107E-01   -1.20334E-02    1.69650E-05    3.66640E-05    5.89372E-04    3.27830E-03
     2.96925E+00    3.15204E-03    2.90905E-03    4.71115E-01   -1.18277E-02    1.63288E-05    3.54360E-05    5.86997E-04    3.24172E-03
     2.97850E+00    3.08775E-03    2.83826E-03    4.71122E-01   -1.16239E-02    1.57168E-05    3.42469E-05    5.84666E-04    3.20571E-03
     2.98775E+00    3.02504E-03    2.76900E-03    4.71130E-01   -1.14221E-02    1.51281E-05    3.30953E-05    5.82377E-04    3.17026E-03
     2.99700E+00    2.96389E-03    2.70124E-03    4.71137E-01   -1.12223E-02    1.45619E-05    3.19801E-05    5.80129E-04    3.13537E-03
     3.00625E+00    2.90425E-03    2.63494E-03    4.71143E-01   -1.10243E-02    1.40172E-05    3.09002E-05    5.77924E-04    3.10102E-03
     3.01550E+00    2.84610E-03    2.57007E-03    4.71150E-01   -1.08283E-02    1.34933E-05    2.98543E-05    5.75759E-04    3.06722E-03
     3.02475E+00    2.78940E-03    2.50659E-03    4.71157E-01   -1.06341E-02    1.29894E-05    2.88415E-05    5.73635E-04    3.03394E-03
     3.03400E+00    2.73412E-03    2.44447E-03    4.71163E-01   -1.04418E-02    1.25047E-05    2.78607E-05    5.71551E-04    3.00119E-03
     3.04325E+00    2.68023E-03    2.38367E-03    4.71169E-01   -1.02512E-02    1.20385E-05    2.69108E-05    5.69507E-04    2.96895E-03
     3.05250E+00    2.62770E-03    2.32416E-03    4.71175E-01   -1.00625E-02    1.15902E-05    2.59908E-05    5.67502E-04    2.93723E-03
     3.06175E+00    2.57650E-03    2.26591E-03    4.71181E-01   -9.87546E-03    1.11590E-05    2.50999E-05    5.65535E-04    2.90602E-03
     3.07100E+00    2.52660E-03    2.20889E-03    4.71186E-01   -9.69017E-03    1.07443E-05    2.42371E-05    5.63607E-04    2.87530E-03
     3.08025E+00    2.47797E-03    2.15306E-03    4.71192E-01   -9.50658E-03    1.03455E-05    2.34014E-05    5.61716E-04    2.84507E-03
     3.08950E+00    2.43058E-03    2.09841E-03    4.71197E-01   -9.32466E-03    9.96207E-06    2.25922E-05    5.59863E-04    2.81534E-03
     3.09875E+00    2.38442E-03    2.04489E-03    4.71202E-01   -9.14439E-03    9.59333E-06    2.18084E-05    5.58046E-04    2.78608E-03
     3.10800E+00    2.33945E-03    1.99248E-03    4.71207E-01   -8.96574E-03    9.23877E-06    2.10493E-05    5.56266E-04    2.75730E-03
     3.11725E+00    2.29564E-03    1.94115E-03    4.71212E-01   -8.78869E-03    8.89787E-06    2.03141E-05    5.54522E-04    2.72899E-03
     3.12650E+00    2.25298E-03    1.89088E-03    4.71217E-01   -8.61322E-03    8.57011E-06    1.96020E-05    5.52814E-04    2.70114E-03
     3.13575E+00    2.21144E-03    1.84164E-03    4.71222E-01   -8.43930E-03    8.25501E-06    1.89124E-05    5.51142E-04    2.67376E-03
     3.14500E+00    2.17099E-03    1.79340E-03    4.71226E-01   -8.26690E-03    7.95210E-06    1.82444E-05    5.49504E-04    2.64683E-03
     3.15425E+00    2.13162E-03    1.74613E-03    4.71231E-01   -8.09601E-03    7.66092E-06    1.75975E-05    5.47901E-04    2.62035E-03
     3.16350E+00    2.09329E-03    1.69982E-03    4.71235E-01   -7.92660E-03    7.38104E-06    1.69709E-05    5.46332E-04    2.59432E-03
     3.17275E+00    2.05600E-03    1.65444E-03    4.71239E-01   -7.75865E-03    7.11205E-06    1.63639E-05    5.44796E-04    2.56873E-03
     3.18200E+00    2.01971E-03    1.60996E-03    4.71243E-01   -7.59213E-03    6.85354E-06    1.57760E-05    5.43295E-04    2.54358E-03
     3.19125E+00    1.98441E-03    1.56636E-03    4.71247E-01   -7.42703E-03    6.60512E-06    1.52066E-05    5.41827E-04    2.51887E-03
     3.20050E+00    1.95008E-03    1.52363E-03    4.71250E-01   -7.26333E-03    6.36643E-06    1.46550E-05    5.40391E-04    2.49458E-03
     3.20975E+00    1.91669E-03    1.48172E-03    4.71254E-01   -7.10099E-03    6.13711E-06    1.41207E-05    5.38988E-04    2.47072E-03
     3.21900E+00    1.88424E-03    1.44064E-03    4.71258E-01   -6.94001E-03    5.91682E-06    1.36032E-05    5.37617E-04    2.44729E-03
     3.22825E+00    1.85269E-03    1.40034E-03    4.71261E-01   -6.78036E-03    5.70522E-06    1.31018E-05    5.36279E-04    2.42427E-03
     3.23750E+00    1.82204E-03    1.36082E-03    4.71264E-01   -6.62203E-03    5.50200E-06    1.26161E-05    5.34971E-04    2.40167E-03
     3.24675E+00    1.79227E-03    1.32205E-03    4.71268E-01   -6.46498E-03    5.30686E-06    1.21455E-05    5.33695E-04    2.37949E-03
     3.25600E+00    1.76335E-03    1.28401E-03    4.71271E-01   -6.30921E-03    5.11951E-06    1.16896E-05    5.32451E-04    2.35772E-03
     3.26525E+00    1.73527E-03    1.24669E-03    4.71274E-01   -6.15468E-03    4.93966E-06    1.12479E-05    5.31236E-04    2.33636E-03
     3.27450E+00    1.70802E-03    1.21006E-03    4.71277E-01   -6.00139E-03    4.76704E-06    1.08199E-05    5.30053E-04    2.31540E-03
     3.28375E+00    1.68158E-03    1.17410E-03    4.71280E-01   -5.84932E-03    4.60140E-06    1.04051E-05    5.28899E-04    2.29485E-03
     3.29300E+00    1.65594E-03    1.13880E-03    4.71282E-01   -5.69844E-03    4.44249E-06    1.00033E-05    5.27776E-04    2.27470E-03
     3.30225E+00    1.63107E-03    1.10414E-03    4.71285E-01   -5.54873E-03    4.29006E-06    9.61377E-06    5.26682E-04    2.25496E-03
     3.31150E+00    1.60698E-03    1.07010E-03    4.71287E-01   -5.40019E-03    4.14390E-06    9.23628E-06    5.25617E-04    2.23561E-03
     3.32075E+00    1.58363E-03    1.03666E-03    4.71290E-01   -5.25278E-03    4.00378E-06    8.87039E-06    5.24582E-04    2.21667E-03
     3.33000E+00    1.56102E-03    1.00381E-03    4.71292E-01   -5.10650E-03    3.86948E-06    8.51570E-06    5.23575E-04    2.19812E-03
     3.33925E+00    1.53914E-03    9.71537E-04    4.71295E-01   -4.96133E-03    3.74082E-06    8.17183E-06    5.22597E-04    2.17996E-03
     3.34850E+00    1.51797E-03    9.39813E-04    4.71297E-01   -4.81725E-03    3.61758E-06    7.83842E-06    5.21647E-04    2.16221E-03
     3.35775E+00    1.49750E-03    9.08629E-04    4.71299E-01   -4.67423E-03    3.49960E-06    7.51510E-06    5.20726E-04    2.14485E-03
     3.36700E+00    1.47772E-03    8.77967E-04    4.71301E-01   -4.53228E-03    3.38668E-06    7.20152E-06    5.19832E-04    2.12788E-03
     3.37625E+00    1.45861E-03    8.47814E-04    4.71303E-01   -4.39136E-03    3.27866E-06    6.89734E-06    5.18967E-04    2.11132E-03
     3.38550E+00    1.44017E-03    8.18153E-04    4.71305E-01   -4.25146E-03    3.17538E-06    6.60224E-06    5.18128E-04    2.09514E-03
     3.39475E+00    1.42238E-03    7.88971E-04    4.71307E-01   -4.11257E-03    3.07667E-06    6.31588E-06    5.17317E-04    2.07937E-03
     3.40400E+00    1.40524E-03    7.60253E-04    4.71309E-01   -3.97467E-03    2.98239E-06    6.03795E-06    5.16533E-04    2.06399E-03
     3.41325E+00    1.38873E-03    7.31985E-04    4.71310E-01   -3.83775E-03    2.89240E-06    5.76814E-06    5.15776E-04    2.04901E-03
     3.42250E+00    1.37284E-03    7.04154E-04    4.71312E-01   -3.70178E-03    2.80655E-06    5.50615E-06    5.15045E-04    2.03443E-03
     3.43175E+00    1.35757E-03    6.76745E-04    4.71314E-01   -3.56676E-03    2.72472E-06    5.25169E-06    5.14341E-04    2.02025E-03
     3.44100E+00    1.34290E-03    6.49745E-04    4.71315E-01   -3.43267E-03    2.64677E-06    5.00446E-06    5.13663E-04    2.00648E-03
     3.45025E+00    1.32882E-03    6.23142E-04    4.71317E-01   -3.29949E-03    2.57260E-06    4.76419E-06    5.13011E-04    1.99311E-03
     3.45950E+00    1.31533E-03    5.96922E-04    4.71318E-01   -3.16722E-03    2.50208E-06    4.53060E-06    5.12385E-04    1.98014E-03
     3.46875E+00    1.30242E-03    5.71073E-04    4.71319E-01   -3.03583E-03    2.43511E-06    4.30342E-06    5.11784E-04    1.96759E-03
     3.47800E+00    1.29007E-03    5.45583E-04    4.71320E-01   -2.90531E-03    2.37158E-06    4.08239E-06    5.11209E-04    1.95545E-03
     3.48725E+00    1.27829E-03    5.20439E-04    4.71322E-01   -2.77564E-03    2.31140E-06    3.86725E-06    5.10659E-04    1.94373E-03
     3.49650E+00    1.26706E-03    4.95630E-04    4.71323E-01   -2.64682E-03    2.25446E-06    3.65773E-06    5.10134E-04    1.93243E-03
     3.50575E+00    1.25638E-03    4.71143E-04    4.71324E-01   -2.51883E-03    2.20069E-06    3.45360E-06    5.09635E-04    1.92156E-03
     3.51500E+00    1.24623E-03    4.46968E-04    4.71325E-01   -2.39166E-03    2.14998E-06    3.25460E-06    5.09160E-04    1.91111E-03
     3.52425E+00    1.23662E-03    4.23093E-04    4.71326E-01   -2.26529E-03    2.10228E-06    3.06050E-06    5.08709E-04    1.90110E-03
     3.53350E+00    1.22753E-03    3.99507E-04    4.71327E-01   -2.13970E-03    2.05749E-06    2.87106E-06    5.08283E-04    1.89152E-03
     3.54275E+00    1.21896E-03    3.76198E-04    4.71328E-01   -2.01490E-03    2.01554E-06    2.68604E-06    5.07881E-04    1.88239E-03
     3.55200E+00    1.21090E-03    3.53156E-04    4.71328E-01   -1.89085E-03    1.97638E-06    2.50520E-06    5.07504E-04    1.87371E-03
     3.56125E+00    1.20336E-03    3.30371E-04    4.71329E-01   -1.76756E-03    1.93992E-06    2.32833E-06    5.07150E-04    1.86549E-03
     3.57050E+00    1.19631E-03    3.07832E-04    4.71330E-01   -1.64500E-03    1.90612E-06    2.15519E-06    5.06820E-04    1.85773E-03
     3.57975E+00    1.18976E-03    2.85528E-04    4.71331E-01   -1.52317E-03    1.87491E-06    1.98555E-06    5.06514E-04    1.85043E-03
     3.58900E+00    1.18369E-03    2.63450E-04    4.71331E-01   -1.40206E-03    1.84625E-06    1.81921E-06    5.06231E-04    1.84362E-03
     3.59825E+00    1.17812E-03    2.41587E-04    4.71332E-01   -1.28164E-03    1.82008E-06    1.65593E-06    5.05972E-04    1.83729E-03
     3.60750E+00    1.17302E-03    2.19930E-04    4.71332E-01   -1.16192E-03    1.79636E-06    1.49550E-06    5.05736E-04    1.83146E-03
     3.61675E+00    1.16841E-03    1.98469E-04    4.71333E-01   -1.04287E-03    1.77504E-06    1.33770E-06    5.05523E-04    1.82613E-03
     3.62600E+00    1.16426E-03    1.77194E-04    4.71333E-01   -9.24481E-04    1.75608E-06    1.18231E-06    5.05333E-04    1.82131E-03
     3.63525E+00    1.16058E-03    1.56096E-04    4.71333E-01   -8.06751E-04    1.73946E-06    1.02911E-06    5.05165E-04    1.81701E-03
     3.64450E+00    1.15737E-03    1.35166E-04    4.71334E-01   -6.89663E-04    1.72513E-06    8.77892E-07    5.05021E-04    1.81325E-03
     3.65375E+00    1.15461E-03    1.14393E-04    4.71334E-01   -5.73206E-04    1.71306E-06    7.28438E-07    5.04899E-04    1.81003E-03
     3.66300E+00    1.15232E-03    9.37702E-05    4.71334E-01   -4.57368E-04    1.70324E-06    5.80529E-07    5.04799E-04    1.80737E-03
     3.67225E+00    1.15048E-03    7.32873E-05    4.71334E-01   -3.42140E-04    1.69563E-06    4.33950E-07    5.04722E-04    1.80528E-03
     3.68150E+00    1.14909E-03    5.29357E-05    4.71334E-01   -2.27510E-04    1.69021E-06    2.88482E-07    5.04667E-04    1.80376E-03
     3.69075E+00    1.14815E-03    3.27066E-05    4.71334E-01   -1.13467E-04    1.68697E-06    1.43905E-07    5.04634E-04    1.80284E-03
     3.70000E+00    1.14765E-03    1.25913E-05    4.71334E-01   -4.31715E-27    1.68590E-06    9.98887E-28    5.04623E-04    1.80253E-03
