     1.00000E-05    3.47464E+00   -1.77346E-05   -5.17183E-01   -1.46611E-05    4.06594E-01    5.41962E-06    3.06043E-01    6.23409E-11
     6.50998E-03    3.47431E+00    2.17744E-02   -5.17063E-01   -9.54326E-03    4.06551E-01    3.52763E-03    3.05997E-01    2.64161E-05
     1.30100E-02    3.47330E+00    4.35008E-02   -5.16702E-01   -1.90655E-02    4.06422E-01    7.04669E-03    3.05860E-01    1.05460E-04
     1.95099E-02    3.47163E+00    6.51984E-02   -5.16102E-01   -2.85752E-02    4.06207E-01    1.05595E-02    3.05631E-01    2.37004E-04
     2.60099E-02    3.46928E+00    8.68527E-02   -5.15263E-01   -3.80659E-02    4.05907E-01    1.40628E-02    3.05310E-01    4.20840E-04
     3.25099E-02    3.46627E+00    1.08449E-01   -5.14185E-01   -4.75314E-02    4.05521E-01    1.75537E-02    3.04899E-01    6.56673E-04
     3.90098E-02    3.46260E+00    1.29974E-01   -5.12870E-01   -5.69655E-02    4.05050E-01    2.10289E-02    3.04398E-01    9.44127E-04
     4.55098E-02    3.45826E+00    1.51413E-01   -5.11320E-01   -6.63621E-02    4.04494E-01    2.44854E-02    3.03807E-01    1.28274E-03
     5.20098E-02    3.45327E+00    1.72752E-01   -5.09534E-01   -7.57149E-02    4.03854E-01    2.79203E-02    3.03126E-01    1.67199E-03
     5.85098E-02    3.44762E+00    1.93976E-01   -5.07516E-01   -8.50181E-02    4.03129E-01    3.13304E-02    3.02357E-01    2.11124E-03
     6.50098E-02    3.44132E+00    2.15074E-01   -5.05267E-01   -9.42655E-02    4.02322E-01    3.47130E-02    3.01501E-01    2.59980E-03
     7.15097E-02    3.43437E+00    2.36029E-01   -5.02789E-01   -1.03451E-01    4.01431E-01    3.80650E-02    3.00558E-01    3.13691E-03
     7.80097E-02    3.42679E+00    2.56831E-01   -5.00085E-01   -1.12570E-01    4.00458E-01    4.13836E-02    2.99529E-01    3.72171E-03
     8.45097E-02    3.41857E+00    2.77464E-01   -4.97157E-01   -1.21615E-01    3.99404E-01    4.46661E-02    2.98416E-01    4.35330E-03
     9.10096E-02    3.40972E+00    2.97916E-01   -4.94007E-01   -1.30582E-01    3.98269E-01    4.79097E-02    2.97219E-01    5.03068E-03
     9.75096E-02    3.40025E+00    3.18175E-01   -4.90640E-01   -1.39464E-01    3.97055E-01    5.11118E-02    2.95940E-01    5.75281E-03
     1.04010E-01    3.39016E+00    3.38228E-01   -4.87058E-01   -1.48257E-01    3.95761E-01    5.42698E-02    2.94580E-01    6.51857E-03
     1.10510E-01    3.37947E+00    3.58063E-01   -4.83263E-01   -1.56956E-01    3.94389E-01    5.73812E-02    2.93142E-01    7.32677E-03
     1.17010E-01    3.36817E+00    3.77668E-01   -4.79261E-01   -1.65555E-01    3.92940E-01    6.04436E-02    2.91625E-01    8.17618E-03
     1.23510E-01    3.35628E+00    3.97031E-01   -4.75054E-01   -1.74049E-01    3.91415E-01    6.34545E-02    2.90032E-01    9.06551E-03
     1.30010E-01    3.34381E+00    4.16141E-01   -4.70646E-01   -1.82433E-01    3.89815E-01    6.64119E-02    2.88365E-01    9.99340E-03
     1.36509E-01    3.33076E+00    4.34987E-01   -4.66041E-01   -1.90704E-01    3.88141E-01    6.93135E-02    2.86624E-01    1.09585E-02
     1.43009E-01    3.31715E+00    4.53559E-01   -4.61243E-01   -1.98856E-01    3.86394E-01    7.21571E-02    2.84813E-01    1.19593E-02
     1.49509E-01    3.30298E+00    4.71845E-01   -4.56257E-01   -2.06885E-01    3.84576E-01    7.49410E-02    2.82932E-01    1.29943E-02
     1.56009E-01    3.28827E+00    4.89837E-01   -4.51087E-01   -2.14787E-01    3.82688E-01    7.76631E-02    2.80984E-01    1.40621E-02
     1.62509E-01    3.27302E+00    5.07525E-01   -4.45738E-01   -2.22559E-01    3.80731E-01    8.03217E-02    2.78971E-01    1.51610E-02
     1.69009E-01    3.25724E+00    5.24899E-01   -4.40213E-01   -2.30196E-01    3.78706E-01    8.29152E-02    2.76894E-01    1.62895E-02
     1.75509E-01    3.24095E+00    5.41951E-01   -4.34518E-01   -2.37694E-01    3.76616E-01    8.54418E-02    2.74756E-01    1.74459E-02
     1.82009E-01    3.22416E+00    5.58672E-01   -4.28658E-01   -2.45051E-01    3.74460E-01    8.79003E-02    2.72558E-01    1.86286E-02
     1.88509E-01    3.20688E+00    5.75054E-01   -4.22637E-01   -2.52264E-01    3.72241E-01    9.02891E-02    2.70304E-01    1.98359E-02
     1.95009E-01    3.18911E+00    5.91091E-01   -4.16460E-01   -2.59328E-01    3.69961E-01    9.26071E-02    2.67994E-01    2.10662E-02
     2.01509E-01    3.17088E+00    6.06774E-01   -4.10133E-01   -2.66242E-01    3.67620E-01    9.48531E-02    2.65631E-01    2.23176E-02
     2.08009E-01    3.15219E+00    6.22096E-01   -4.03661E-01   -2.73002E-01    3.65221E-01    9.70260E-02    2.63218E-01    2.35886E-02
     2.14509E-01    3.13306E+00    6.37053E-01   -3.97049E-01   -2.79607E-01    3.62764E-01    9.91249E-02    2.60756E-01    2.48773E-02
     2.21009E-01    3.11349E+00    6.51637E-01   -3.90301E-01   -2.86053E-01    3.60252E-01    1.01149E-01    2.58248E-01    2.61821E-02
     2.27509E-01    3.09351E+00    6.65844E-01   -3.83425E-01   -2.92340E-01    3.57687E-01    1.03098E-01    2.55696E-01    2.75012E-02
     2.34009E-01    3.07312E+00    6.79667E-01   -3.76423E-01   -2.98464E-01    3.55069E-01    1.04970E-01    2.53102E-01    2.88330E-02
     2.40509E-01    3.05235E+00    6.93104E-01   -3.69303E-01   -3.04425E-01    3.52400E-01    1.06766E-01    2.50468E-01    3.01755E-02
     2.47009E-01    3.03119E+00    7.06149E-01   -3.62070E-01   -3.10220E-01    3.49683E-01    1.08484E-01    2.47798E-01    3.15273E-02
     2.53509E-01    3.00966E+00    7.18798E-01   -3.54728E-01   -3.15849E-01    3.46919E-01    1.10126E-01    2.45092E-01    3.28865E-02
     2.60009E-01    2.98778E+00    7.31049E-01   -3.47283E-01   -3.21311E-01    3.44110E-01    1.11689E-01    2.42354E-01    3.42514E-02
     2.66509E-01    2.96557E+00    7.42899E-01   -3.39741E-01   -3.26604E-01    3.41256E-01    1.13175E-01    2.39585E-01    3.56205E-02
     2.73009E-01    2.94302E+00    7.54345E-01   -3.32106E-01   -3.31727E-01    3.38361E-01    1.14583E-01    2.36788E-01    3.69919E-02
     2.79509E-01    2.92017E+00    7.65384E-01   -3.24385E-01   -3.36680E-01    3.35426E-01    1.15914E-01    2.33965E-01    3.83643E-02
     2.86009E-01    2.89701E+00    7.76017E-01   -3.16582E-01   -3.41463E-01    3.32453E-01    1.17167E-01    2.31119E-01    3.97358E-02
     2.92509E-01    2.87357E+00    7.86240E-01   -3.08704E-01   -3.46076E-01    3.29443E-01    1.18343E-01    2.28250E-01    4.11050E-02
     2.99009E-01    2.84986E+00    7.96054E-01   -3.00754E-01   -3.50517E-01    3.26399E-01    1.19443E-01    2.25363E-01    4.24702E-02
     3.05509E-01    2.82589E+00    8.05458E-01   -2.92738E-01   -3.54788E-01    3.23321E-01    1.20466E-01    2.22458E-01    4.38301E-02
     3.12009E-01    2.80168E+00    8.14452E-01   -2.84662E-01   -3.58888E-01    3.20213E-01    1.21413E-01    2.19538E-01    4.51831E-02
     3.18509E-01    2.77724E+00    8.23037E-01   -2.76531E-01   -3.62819E-01    3.17074E-01    1.22285E-01    2.16605E-01    4.65277E-02
     3.25009E-01    2.75257E+00    8.31213E-01   -2.68349E-01   -3.66580E-01    3.13909E-01    1.23082E-01    2.13660E-01    4.78627E-02
     3.31509E-01    2.72771E+00    8.38981E-01   -2.60121E-01   -3.70172E-01    3.10717E-01    1.23806E-01    2.10707E-01    4.91866E-02
     3.38009E-01    2.70265E+00    8.46343E-01   -2.51853E-01   -3.73596E-01    3.07501E-01    1.24457E-01    2.07747E-01    5.04980E-02
     3.44509E-01    2.67742E+00    8.53301E-01   -2.43549E-01   -3.76852E-01    3.04263E-01    1.25036E-01    2.04782E-01    5.17958E-02
     3.51009E-01    2.65202E+00    8.59856E-01   -2.35215E-01   -3.79943E-01    3.01005E-01    1.25544E-01    2.01814E-01    5.30787E-02
     3.57509E-01    2.62647E+00    8.66012E-01   -2.26854E-01   -3.82869E-01    2.97727E-01    1.25982E-01    1.98844E-01    5.43455E-02
     3.64009E-01    2.60078E+00    8.71771E-01   -2.18471E-01   -3.85632E-01    2.94432E-01    1.26351E-01    1.95875E-01    5.55951E-02
     3.70509E-01    2.57497E+00    8.77137E-01   -2.10072E-01   -3.88233E-01    2.91122E-01    1.26652E-01    1.92908E-01    5.68263E-02
     3.77009E-01    2.54904E+00    8.82112E-01   -2.01660E-01   -3.90673E-01    2.87798E-01    1.26887E-01    1.89945E-01    5.80382E-02
     3.83509E-01    2.52302E+00    8.86701E-01   -1.93239E-01   -3.92955E-01    2.84461E-01    1.27057E-01    1.86988E-01    5.92297E-02
     3.90009E-01    2.49690E+00    8.90908E-01   -1.84814E-01   -3.95079E-01    2.81114E-01    1.27162E-01    1.84038E-01    6.03999E-02
     3.96508E-01    2.47071E+00    8.94737E-01   -1.76389E-01   -3.97049E-01    2.77759E-01    1.27205E-01    1.81097E-01    6.15479E-02
     4.03008E-01    2.44445E+00    8.98192E-01   -1.67969E-01   -3.98865E-01    2.74396E-01    1.27187E-01    1.78166E-01    6.26729E-02
     4.09508E-01    2.41815E+00    9.01278E-01   -1.59556E-01   -4.00531E-01    2.71027E-01    1.27108E-01    1.75248E-01    6.37740E-02
     4.16008E-01    2.39180E+00    9.04001E-01   -1.51155E-01   -4.02047E-01    2.67654E-01    1.26972E-01    1.72342E-01    6.48504E-02
     4.22508E-01    2.36542E+00    9.06366E-01   -1.42770E-01   -4.03417E-01    2.64278E-01    1.26778E-01    1.69452E-01    6.59016E-02
     4.29008E-01    2.33903E+00    9.08378E-01   -1.34404E-01   -4.04642E-01    2.60902E-01    1.26529E-01    1.66577E-01    6.69268E-02
     4.35508E-01    2.31262E+00    9.10042E-01   -1.26061E-01   -4.05725E-01    2.57525E-01    1.26226E-01    1.63720E-01    6.79255E-02
     4.42008E-01    2.28622E+00    9.11366E-01   -1.17744E-01   -4.06668E-01    2.54150E-01    1.25871E-01    1.60881E-01    6.88971E-02
     4.48508E-01    2.25984E+00    9.12354E-01   -1.09457E-01   -4.07474E-01    2.50779E-01    1.25464E-01    1.58062E-01    6.98410E-02
     4.55008E-01    2.23348E+00    9.13012E-01   -1.01202E-01   -4.08146E-01    2.47411E-01    1.25009E-01    1.55264E-01    7.07569E-02
     4.61508E-01    2.20715E+00    9.13349E-01   -9.29830E-02   -4.08685E-01    2.44050E-01    1.24506E-01    1.52487E-01    7.16443E-02
     4.68008E-01    2.18086E+00    9.13368E-01   -8.48028E-02   -4.09095E-01    2.40696E-01    1.23956E-01    1.49734E-01    7.25028E-02
     4.74508E-01    2.15463E+00    9.13079E-01   -7.66644E-02   -4.09377E-01    2.37350E-01    1.23362E-01    1.47004E-01    7.33322E-02
     4.81008E-01    2.12847E+00    9.12486E-01   -6.85704E-02   -4.09536E-01    2.34014E-01    1.22726E-01    1.44299E-01    7.41322E-02
     4.87508E-01    2.10237E+00    9.11598E-01   -6.05235E-02   -4.09573E-01    2.30689E-01    1.22048E-01    1.41620E-01    7.49025E-02
     4.94008E-01    2.07636E+00    9.10420E-01   -5.25263E-02   -4.09491E-01    2.27377E-01    1.21330E-01    1.38967E-01    7.56429E-02
     5.00508E-01    2.05043E+00    9.08960E-01   -4.45813E-02   -4.09294E-01    2.24077E-01    1.20574E-01    1.36341E-01    7.63533E-02
     5.07008E-01    2.02460E+00    9.07225E-01   -3.66907E-02   -4.08983E-01    2.20792E-01    1.19781E-01    1.33743E-01    7.70336E-02
     5.13508E-01    1.99888E+00    9.05222E-01   -2.88569E-02   -4.08562E-01    2.17522E-01    1.18954E-01    1.31174E-01    7.76837E-02
     5.20008E-01    1.97327E+00    9.02959E-01   -2.10819E-02   -4.08033E-01    2.14268E-01    1.18093E-01    1.28634E-01    7.83036E-02
     5.26508E-01    1.94778E+00    9.00442E-01   -1.33679E-02   -4.07400E-01    2.11033E-01    1.17200E-01    1.26123E-01    7.88933E-02
     5.33008E-01    1.92241E+00    8.97679E-01   -5.71670E-03   -4.06664E-01    2.07815E-01    1.16277E-01    1.23643E-01    7.94528E-02
     5.39508E-01    1.89718E+00    8.94677E-01    1.86982E-03   -4.05830E-01    2.04617E-01    1.15325E-01    1.21194E-01    7.99822E-02
     5.46008E-01    1.87210E+00    8.91444E-01    9.38994E-03   -4.04900E-01    2.01440E-01    1.14346E-01    1.18775E-01    8.04817E-02
     5.52508E-01    1.84716E+00    8.87987E-01    1.68420E-02   -4.03876E-01    1.98283E-01    1.13341E-01    1.16388E-01    8.09513E-02
     5.59008E-01    1.82237E+00    8.84312E-01    2.42245E-02   -4.02761E-01    1.95149E-01    1.12311E-01    1.14034E-01    8.13913E-02
     5.65508E-01    1.79774E+00    8.80428E-01    3.15359E-02   -4.01559E-01    1.92037E-01    1.11259E-01    1.11711E-01    8.18018E-02
     5.72008E-01    1.77328E+00    8.76341E-01    3.87750E-02   -4.00271E-01    1.88949E-01    1.10185E-01    1.09421E-01    8.21831E-02
     5.78508E-01    1.74899E+00    8.72059E-01    4.59405E-02   -3.98902E-01    1.85885E-01    1.09091E-01    1.07164E-01    8.25354E-02
     5.85008E-01    1.72487E+00    8.67589E-01    5.30311E-02   -3.97453E-01    1.82846E-01    1.07978E-01    1.04939E-01    8.28590E-02
     5.91508E-01    1.70094E+00    8.62938E-01    6.00459E-02   -3.95928E-01    1.79833E-01    1.06847E-01    1.02748E-01    8.31542E-02
     5.98008E-01    1.67719E+00    8.58114E-01    6.69838E-02   -3.94328E-01    1.76847E-01    1.05701E-01    1.00590E-01    8.34213E-02
     6.04508E-01    1.65363E+00    8.53122E-01    7.38439E-02   -3.92658E-01    1.73887E-01    1.04539E-01    9.84651E-02    8.36607E-02
     6.11008E-01    1.63026E+00    8.47971E-01    8.06254E-02   -3.90919E-01    1.70954E-01    1.03365E-01    9.63738E-02    8.38728E-02
     6.17508E-01    1.60709E+00    8.42667E-01    8.73276E-02   -3.89114E-01    1.68050E-01    1.02177E-01    9.43159E-02    8.40579E-02
     6.24008E-01    1.58412E+00    8.37217E-01    9.39498E-02   -3.87246E-01    1.65174E-01    1.00979E-01    9.22916E-02    8.42165E-02
     6.30508E-01    1.56136E+00    8.31628E-01    1.00491E-01   -3.85317E-01    1.62326E-01    9.97703E-02    9.03006E-02    8.43489E-02
     6.37008E-01    1.53880E+00    8.25905E-01    1.06952E-01   -3.83330E-01    1.59509E-01    9.85529E-02    8.83431E-02    8.44556E-02
     6.43508E-01    1.51645E+00    8.20057E-01    1.13331E-01   -3.81287E-01    1.56721E-01    9.73277E-02    8.64188E-02    8.45371E-02
     6.50008E-01    1.49432E+00    8.14089E-01    1.19628E-01   -3.79191E-01    1.53963E-01    9.60958E-02    8.45278E-02    8.45938E-02
     6.56507E-01    1.47240E+00    8.08007E-01    1.25843E-01   -3.77044E-01    1.51235E-01    9.48582E-02    8.26699E-02    8.46262E-02
     6.63007E-01    1.45071E+00    8.01818E-01    1.31975E-01   -3.74850E-01    1.48539E-01    9.36159E-02    8.08449E-02    8.46348E-02
     6.69507E-01    1.42923E+00    7.95528E-01    1.38025E-01   -3.72609E-01    1.45873E-01    9.23699E-02    7.90527E-02    8.46200E-02
     6.76007E-01    1.40798E+00    7.89143E-01    1.43992E-01   -3.70324E-01    1.43239E-01    9.11212E-02    7.72931E-02    8.45824E-02
     6.82507E-01    1.38694E+00    7.82669E-01    1.49877E-01   -3.67999E-01    1.40636E-01    8.98706E-02    7.55659E-02    8.45225E-02
     6.89007E-01    1.36614E+00    7.76112E-01    1.55679E-01   -3.65634E-01    1.38065E-01    8.86190E-02    7.38708E-02    8.44408E-02
     6.95507E-01    1.34556E+00    7.69477E-01    1.61398E-01   -3.63232E-01    1.35526E-01    8.73673E-02    7.22077E-02    8.43378E-02
     7.02007E-01    1.32521E+00    7.62770E-01    1.67034E-01   -3.60795E-01    1.33020E-01    8.61163E-02    7.05763E-02    8.42141E-02
     7.08507E-01    1.30509E+00    7.55996E-01    1.72588E-01   -3.58326E-01    1.30545E-01    8.48667E-02    6.89762E-02    8.40701E-02
     7.15007E-01    1.28520E+00    7.49161E-01    1.78061E-01   -3.55826E-01    1.28103E-01    8.36194E-02    6.74073E-02    8.39065E-02
     7.21507E-01    1.26555E+00    7.42270E-01    1.83451E-01   -3.53297E-01    1.25693E-01    8.23750E-02    6.58691E-02    8.37236E-02
     7.28007E-01    1.24612E+00    7.35327E-01    1.88760E-01   -3.50742E-01    1.23315E-01    8.11342E-02    6.43615E-02    8.35222E-02
     7.34507E-01    1.22692E+00    7.28339E-01    1.93987E-01   -3.48162E-01    1.20970E-01    7.98978E-02    6.28840E-02    8.33027E-02
     7.41007E-01    1.20796E+00    7.21308E-01    1.99134E-01   -3.45559E-01    1.18658E-01    7.86662E-02    6.14363E-02    8.30656E-02
     7.47507E-01    1.18923E+00    7.14241E-01    2.04201E-01   -3.42935E-01    1.16378E-01    7.74403E-02    6.00182E-02    8.28115E-02
     7.54007E-01    1.17073E+00    7.07142E-01    2.09187E-01   -3.40291E-01    1.14131E-01    7.62204E-02    5.86291E-02    8.25410E-02
     7.60507E-01    1.15247E+00    7.00014E-01    2.14095E-01   -3.37630E-01    1.11916E-01    7.50072E-02    5.72689E-02    8.22545E-02
     7.67007E-01    1.13443E+00    6.92863E-01    2.18924E-01   -3.34953E-01    1.09733E-01    7.38012E-02    5.59371E-02    8.19526E-02
     7.73507E-01    1.11663E+00    6.85693E-01    2.23674E-01   -3.32261E-01    1.07583E-01    7.26028E-02    5.46333E-02    8.16357E-02
     7.80007E-01    1.09906E+00    6.78507E-01    2.28347E-01   -3.29557E-01    1.05465E-01    7.14126E-02    5.33571E-02    8.13045E-02
     7.86507E-01    1.08171E+00    6.71309E-01    2.32943E-01   -3.26841E-01    1.03379E-01    7.02310E-02    5.21082E-02    8.09595E-02
     7.93007E-01    1.06460E+00    6.64104E-01    2.37463E-01   -3.24116E-01    1.01325E-01    6.90585E-02    5.08862E-02    8.06011E-02
     7.99507E-01    1.04772E+00    6.56894E-01    2.41907E-01   -3.21382E-01    9.93030E-02    6.78953E-02    4.96907E-02    8.02298E-02
     8.06007E-01    1.03106E+00    6.49684E-01    2.46277E-01   -3.18642E-01    9.73126E-02    6.67419E-02    4.85212E-02    7.98462E-02
     8.12507E-01    1.01463E+00    6.42477E-01    2.50572E-01   -3.15895E-01    9.53538E-02    6.55986E-02    4.73774E-02    7.94508E-02
     8.19007E-01    9.98425E-01    6.35275E-01    2.54794E-01   -3.13145E-01    9.34263E-02    6.44658E-02    4.62589E-02    7.90440E-02
     8.25507E-01    9.82444E-01    6.28082E-01    2.58944E-01   -3.10391E-01    9.15299E-02    6.33437E-02    4.51652E-02    7.86263E-02
     8.32007E-01    9.66686E-01    6.20902E-01    2.63022E-01   -3.07636E-01    8.96645E-02    6.22327E-02    4.40960E-02    7.81982E-02
     8.38507E-01    9.51149E-01    6.13737E-01    2.67028E-01   -3.04879E-01    8.78298E-02    6.11329E-02    4.30509E-02    7.77602E-02
     8.45007E-01    9.35832E-01    6.06589E-01    2.70965E-01   -3.02123E-01    8.60256E-02    6.00447E-02    4.20294E-02    7.73127E-02
     8.51507E-01    9.20734E-01    5.99462E-01    2.74832E-01   -2.99369E-01    8.42516E-02    5.89683E-02    4.10311E-02    7.68562E-02
     8.58007E-01    9.05853E-01    5.92358E-01    2.78631E-01   -2.96617E-01    8.25077E-02    5.79038E-02    4.00556E-02    7.63911E-02
     8.64507E-01    8.91186E-01    5.85280E-01    2.82362E-01   -2.93869E-01    8.07935E-02    5.68514E-02    3.91026E-02    7.59179E-02
     8.71007E-01    8.76734E-01    5.78229E-01    2.86027E-01   -2.91125E-01    7.91089E-02    5.58114E-02    3.81716E-02    7.54369E-02
     8.77507E-01    8.62493E-01    5.71209E-01    2.89625E-01   -2.88387E-01    7.74534E-02    5.47838E-02    3.72622E-02    7.49487E-02
     8.84007E-01    8.48462E-01    5.64221E-01    2.93159E-01   -2.85655E-01    7.58269E-02    5.37688E-02    3.63740E-02    7.44535E-02
     8.90507E-01    8.34639E-01    5.57267E-01    2.96628E-01   -2.82930E-01    7.42290E-02    5.27666E-02    3.55066E-02    7.39519E-02
     8.97007E-01    8.21022E-01    5.50350E-01    3.00034E-01   -2.80212E-01    7.26595E-02    5.17771E-02    3.46597E-02    7.34441E-02
     9.03507E-01    8.07609E-01    5.43471E-01    3.03378E-01   -2.77504E-01    7.11181E-02    5.08006E-02    3.38327E-02    7.29306E-02
     9.10007E-01    7.94399E-01    5.36632E-01    3.06660E-01   -2.74805E-01    6.96045E-02    4.98370E-02    3.30254E-02    7.24118E-02
     9.16506E-01    7.81389E-01    5.29834E-01    3.09882E-01   -2.72116E-01    6.81183E-02    4.88865E-02    3.22373E-02    7.18881E-02
     9.23006E-01    7.68577E-01    5.23080E-01    3.13044E-01   -2.69438E-01    6.66592E-02    4.79490E-02    3.14681E-02    7.13597E-02
     9.29506E-01    7.55962E-01    5.16370E-01    3.16147E-01   -2.66772E-01    6.52270E-02    4.70247E-02    3.07174E-02    7.08270E-02
     9.36006E-01    7.43541E-01    5.09706E-01    3.19192E-01   -2.64117E-01    6.38212E-02    4.61136E-02    2.99847E-02    7.02904E-02
     9.42506E-01    7.31311E-01    5.03090E-01    3.22180E-01   -2.61475E-01    6.24417E-02    4.52156E-02    2.92698E-02    6.97503E-02
     9.49006E-01    7.19272E-01    4.96523E-01    3.25112E-01   -2.58846E-01    6.10880E-02    4.43307E-02    2.85722E-02    6.92068E-02
     9.55506E-01    7.07420E-01    4.90005E-01    3.27989E-01   -2.56231E-01    5.97598E-02    4.34590E-02    2.78917E-02    6.86604E-02
     9.62006E-01    6.95754E-01    4.83538E-01    3.30811E-01   -2.53630E-01    5.84568E-02    4.26005E-02    2.72277E-02    6.81113E-02
     9.68506E-01    6.84271E-01    4.77123E-01    3.33580E-01   -2.51044E-01    5.71787E-02    4.17551E-02    2.65801E-02    6.75598E-02
     9.75006E-01    6.72969E-01    4.70761E-01    3.36296E-01   -2.48473E-01    5.59252E-02    4.09227E-02    2.59483E-02    6.70063E-02
     9.81506E-01    6.61846E-01    4.64453E-01    3.38960E-01   -2.45917E-01    5.46958E-02    4.01034E-02    2.53322E-02    6.64510E-02
     9.88006E-01    6.50901E-01    4.58200E-01    3.41574E-01   -2.43377E-01    5.34902E-02    3.92971E-02    2.47313E-02    6.58941E-02
     9.94506E-01    6.40129E-01    4.52002E-01    3.44137E-01   -2.40854E-01    5.23082E-02    3.85037E-02    2.41453E-02    6.53360E-02
     1.00101E+00    6.29531E-01    4.45860E-01    3.46651E-01   -2.38346E-01    5.11494E-02    3.77231E-02    2.35739E-02    6.47769E-02
     1.00751E+00    6.19102E-01    4.39774E-01    3.49117E-01   -2.35856E-01    5.00134E-02    3.69553E-02    2.30167E-02    6.42170E-02
     1.01401E+00    6.08842E-01    4.33746E-01    3.51535E-01   -2.33383E-01    4.88999E-02    3.62002E-02    2.24735E-02    6.36565E-02
     1.02051E+00    5.98747E-01    4.27776E-01    3.53906E-01   -2.30927E-01    4.78085E-02    3.54578E-02    2.19439E-02    6.30958E-02
     1.02701E+00    5.88816E-01    4.21863E-01    3.56231E-01   -2.28489E-01    4.67390E-02    3.47278E-02    2.14276E-02    6.25350E-02
     1.03351E+00    5.79046E-01    4.16010E-01    3.58511E-01   -2.26069E-01    4.56910E-02    3.40103E-02    2.09243E-02    6.19743E-02
     1.04001E+00    5.69435E-01    4.10216E-01    3.60747E-01   -2.23667E-01    4.46641E-02    3.33051E-02    2.04337E-02    6.14139E-02
     1.04651E+00    5.59982E-01    4.04480E-01    3.62939E-01   -2.21283E-01    4.36581E-02    3.26122E-02    1.99555E-02    6.08541E-02
     1.05301E+00    5.50683E-01    3.98805E-01    3.65089E-01   -2.18917E-01    4.26725E-02    3.19313E-02    1.94894E-02    6.02950E-02
     1.05951E+00    5.41537E-01    3.93189E-01    3.67196E-01   -2.16571E-01    4.17071E-02    3.12625E-02    1.90352E-02    5.97369E-02
     1.06601E+00    5.32542E-01    3.87633E-01    3.69262E-01   -2.14243E-01    4.07616E-02    3.06055E-02    1.85925E-02    5.91798E-02
     1.07251E+00    5.23695E-01    3.82138E-01    3.71288E-01   -2.11934E-01    3.98355E-02    2.99603E-02    1.81611E-02    5.86240E-02
     1.07901E+00    5.14994E-01    3.76702E-01    3.73273E-01   -2.09644E-01    3.89286E-02    2.93267E-02    1.77407E-02    5.80696E-02
     1.08551E+00    5.06438E-01    3.71327E-01    3.75220E-01   -2.07373E-01    3.80406E-02    2.87047E-02    1.73311E-02    5.75167E-02
     1.09201E+00    4.98023E-01    3.66013E-01    3.77129E-01   -2.05121E-01    3.71711E-02    2.80940E-02    1.69319E-02    5.69657E-02
     1.09851E+00    4.89749E-01    3.60758E-01    3.78999E-01   -2.02888E-01    3.63199E-02    2.74946E-02    1.65430E-02    5.64164E-02
     1.10501E+00    4.81612E-01    3.55564E-01    3.80833E-01   -2.00675E-01    3.54865E-02    2.69063E-02    1.61641E-02    5.58693E-02
     1.11151E+00    4.73611E-01    3.50430E-01    3.82631E-01   -1.98481E-01    3.46707E-02    2.63289E-02    1.57950E-02    5.53242E-02
     1.11801E+00    4.65744E-01    3.45356E-01    3.84393E-01   -1.96307E-01    3.38722E-02    2.57625E-02    1.54353E-02    5.47814E-02
     1.12451E+00    4.58009E-01    3.40342E-01    3.86120E-01   -1.94152E-01    3.30907E-02    2.52067E-02    1.50850E-02    5.42411E-02
     1.13101E+00    4.50403E-01    3.35388E-01    3.87813E-01   -1.92016E-01    3.23259E-02    2.46615E-02    1.47437E-02    5.37032E-02
     1.13751E+00    4.42926E-01    3.30494E-01    3.89473E-01   -1.89900E-01    3.15774E-02    2.41267E-02    1.44112E-02    5.31680E-02
     1.14401E+00    4.35574E-01    3.25659E-01    3.91099E-01   -1.87803E-01    3.08450E-02    2.36022E-02    1.40873E-02    5.26354E-02
     1.15051E+00    4.28346E-01    3.20883E-01    3.92693E-01   -1.85726E-01    3.01283E-02    2.30878E-02    1.37719E-02    5.21057E-02
     1.15701E+00    4.21240E-01    3.16166E-01    3.94256E-01   -1.83668E-01    2.94272E-02    2.25834E-02    1.34646E-02    5.15790E-02
     1.16351E+00    4.14254E-01    3.11508E-01    3.95787E-01   -1.81629E-01    2.87412E-02    2.20889E-02    1.31653E-02    5.10552E-02
     1.17001E+00    4.07387E-01    3.06908E-01    3.97288E-01   -1.79610E-01    2.80702E-02    2.16041E-02    1.28738E-02    5.05345E-02
     1.17651E+00    4.00635E-01    3.02366E-01    3.98759E-01   -1.77609E-01    2.74138E-02    2.11289E-02    1.25898E-02    5.00170E-02
     1.18301E+00    3.93999E-01    2.97881E-01    4.00201E-01   -1.75628E-01    2.67718E-02    2.06631E-02    1.23133E-02    4.95027E-02
     1.18951E+00    3.87474E-01    2.93455E-01    4.01614E-01   -1.73667E-01    2.61438E-02    2.02065E-02    1.20440E-02    4.89918E-02
     1.19601E+00    3.81061E-01    2.89085E-01    4.02999E-01   -1.71724E-01    2.55297E-02    1.97591E-02    1.17817E-02    4.84842E-02
     1.20251E+00    3.74757E-01    2.84772E-01    4.04356E-01   -1.69800E-01    2.49291E-02    1.93207E-02    1.15262E-02    4.79801E-02
     1.20901E+00    3.68560E-01    2.80514E-01    4.05686E-01   -1.67895E-01    2.43418E-02    1.88912E-02    1.12774E-02    4.74795E-02
     1.21551E+00    3.62469E-01    2.76313E-01    4.06989E-01   -1.66009E-01    2.37675E-02    1.84703E-02    1.10351E-02    4.69825E-02
     1.22201E+00    3.56482E-01    2.72167E-01    4.08267E-01   -1.64141E-01    2.32060E-02    1.80580E-02    1.07992E-02    4.64891E-02
     1.22851E+00    3.50597E-01    2.68077E-01    4.09519E-01   -1.62293E-01    2.26570E-02    1.76542E-02    1.05694E-02    4.59993E-02
     1.23501E+00    3.44812E-01    2.64040E-01    4.10746E-01   -1.60462E-01    2.21203E-02    1.72586E-02    1.03456E-02    4.55133E-02
     1.24151E+00    3.39126E-01    2.60058E-01    4.11948E-01   -1.58651E-01    2.15956E-02    1.68712E-02    1.01277E-02    4.50310E-02
     1.24801E+00    3.33538E-01    2.56129E-01    4.13127E-01   -1.56857E-01    2.10827E-02    1.64917E-02    9.91551E-03    4.45525E-02
     1.25451E+00    3.28045E-01    2.52254E-01    4.14282E-01   -1.55081E-01    2.05813E-02    1.61202E-02    9.70886E-03    4.40778E-02
     1.26101E+00    3.22647E-01    2.48431E-01    4.15413E-01   -1.53324E-01    2.00912E-02    1.57564E-02    9.50762E-03    4.36070E-02
     1.26751E+00    3.17341E-01    2.44660E-01    4.16522E-01   -1.51585E-01    1.96122E-02    1.54002E-02    9.31166E-03    4.31400E-02
     1.27401E+00    3.12126E-01    2.40941E-01    4.17609E-01   -1.49863E-01    1.91441E-02    1.50514E-02    9.12083E-03    4.26769E-02
     1.28051E+00    3.07000E-01    2.37273E-01    4.18674E-01   -1.48159E-01    1.86866E-02    1.47100E-02    8.93501E-03    4.22178E-02
     1.28701E+00    3.01962E-01    2.33656E-01    4.19718E-01   -1.46473E-01    1.82396E-02    1.43758E-02    8.75405E-03    4.17627E-02
     1.29351E+00    2.97011E-01    2.30089E-01    4.20741E-01   -1.44804E-01    1.78027E-02    1.40486E-02    8.57784E-03    4.13115E-02
     1.30001E+00    2.92145E-01    2.26572E-01    4.21744E-01   -1.43152E-01    1.73758E-02    1.37284E-02    8.40625E-03    4.08643E-02
     1.30650E+00    2.87363E-01    2.23104E-01    4.22726E-01   -1.41518E-01    1.69587E-02    1.34151E-02    8.23915E-03    4.04210E-02
     1.31300E+00    2.82663E-01    2.19685E-01    4.23689E-01   -1.39900E-01    1.65512E-02    1.31084E-02    8.07644E-03    3.99818E-02
     1.31950E+00    2.78044E-01    2.16313E-01    4.24632E-01   -1.38299E-01    1.61530E-02    1.28082E-02    7.91798E-03    3.95467E-02
     1.32600E+00    2.73504E-01    2.12990E-01    4.25557E-01   -1.36715E-01    1.57640E-02    1.25146E-02    7.76368E-03    3.91155E-02
     1.33250E+00    2.69043E-01    2.09713E-01    4.26463E-01   -1.35148E-01    1.53840E-02    1.22272E-02    7.61342E-03    3.86884E-02
     1.33900E+00    2.64658E-01    2.06483E-01    4.27351E-01   -1.33597E-01    1.50128E-02    1.19461E-02    7.46710E-03    3.82653E-02
     1.34550E+00    2.60349E-01    2.03299E-01    4.28222E-01   -1.32062E-01    1.46502E-02    1.16710E-02    7.32461E-03    3.78462E-02
     1.35200E+00    2.56114E-01    2.00161E-01    4.29074E-01   -1.30544E-01    1.42960E-02    1.14019E-02    7.18585E-03    3.74311E-02
     1.35850E+00    2.51952E-01    1.97067E-01    4.29910E-01   -1.29041E-01    1.39500E-02    1.11386E-02    7.05071E-03    3.70201E-02
     1.36500E+00    2.47862E-01    1.94018E-01    4.30729E-01   -1.27555E-01    1.36121E-02    1.08811E-02    6.91912E-03    3.66132E-02
     1.37150E+00    2.43843E-01    1.91013E-01    4.31532E-01   -1.26084E-01    1.32821E-02    1.06292E-02    6.79096E-03    3.62102E-02
     1.37800E+00    2.39892E-01    1.88052E-01    4.32319E-01   -1.24628E-01    1.29598E-02    1.03829E-02    6.66615E-03    3.58112E-02
     1.38450E+00    2.36010E-01    1.85133E-01    4.33090E-01   -1.23188E-01    1.26450E-02    1.01419E-02    6.54460E-03    3.54163E-02
     1.39100E+00    2.32195E-01    1.82257E-01    4.33845E-01   -1.21763E-01    1.23377E-02    9.90625E-03    6.42622E-03    3.50253E-02
     1.39750E+00    2.28446E-01    1.79422E-01    4.34586E-01   -1.20354E-01    1.20375E-02    9.67579E-03    6.31094E-03    3.46384E-02
     1.40400E+00    2.24761E-01    1.76629E-01    4.35311E-01   -1.18959E-01    1.17444E-02    9.45042E-03    6.19865E-03    3.42554E-02
     1.41050E+00    2.21140E-01    1.73876E-01    4.36022E-01   -1.17579E-01    1.14582E-02    9.23004E-03    6.08930E-03    3.38763E-02
     1.41700E+00    2.17582E-01    1.71164E-01    4.36719E-01   -1.16214E-01    1.11788E-02    9.01455E-03    5.98279E-03    3.35012E-02
     1.42350E+00    2.14085E-01    1.68492E-01    4.37402E-01   -1.14863E-01    1.09059E-02    8.80385E-03    5.87905E-03    3.31301E-02
     1.43000E+00    2.10648E-01    1.65859E-01    4.38072E-01   -1.13526E-01    1.06396E-02    8.59784E-03    5.77801E-03    3.27628E-02
     1.43650E+00    2.07270E-01    1.63265E-01    4.38728E-01   -1.12204E-01    1.03795E-02    8.39643E-03    5.67960E-03    3.23994E-02
     1.44300E+00    2.03951E-01    1.60709E-01    4.39371E-01   -1.10896E-01    1.01256E-02    8.19952E-03    5.58374E-03    3.20399E-02
     1.44950E+00    2.00690E-01    1.58191E-01    4.40001E-01   -1.09601E-01    9.87775E-03    8.00701E-03    5.49037E-03    3.16842E-02
     1.45600E+00    1.97484E-01    1.55710E-01    4.40618E-01   -1.08321E-01    9.63579E-03    7.81883E-03    5.39942E-03    3.13324E-02
     1.46250E+00    1.94334E-01    1.53265E-01    4.41224E-01   -1.07054E-01    9.39959E-03    7.63488E-03    5.31082E-03    3.09844E-02
     1.46900E+00    1.91239E-01    1.50857E-01    4.41817E-01   -1.05800E-01    9.16903E-03    7.45506E-03    5.22452E-03    3.06402E-02
     1.47550E+00    1.88197E-01    1.48485E-01    4.42398E-01   -1.04560E-01    8.94398E-03    7.27931E-03    5.14045E-03    3.02997E-02
     1.48200E+00    1.85207E-01    1.46148E-01    4.42968E-01   -1.03332E-01    8.72432E-03    7.10751E-03    5.05854E-03    2.99630E-02
     1.48850E+00    1.82269E-01    1.43846E-01    4.43526E-01   -1.02118E-01    8.50991E-03    6.93961E-03    4.97876E-03    2.96300E-02
     1.49500E+00    1.79382E-01    1.41578E-01    4.44074E-01   -1.00917E-01    8.30065E-03    6.77551E-03    4.90102E-03    2.93007E-02
     1.50150E+00    1.76545E-01    1.39344E-01    4.44610E-01   -9.97282E-02    8.09642E-03    6.61513E-03    4.82529E-03    2.89751E-02
     1.50800E+00    1.73756E-01    1.37144E-01    4.45136E-01   -9.85521E-02    7.89709E-03    6.45839E-03    4.75151E-03    2.86531E-02
     1.51450E+00    1.71016E-01    1.34976E-01    4.45651E-01   -9.73885E-02    7.70256E-03    6.30523E-03    4.67962E-03    2.83347E-02
     1.52100E+00    1.68324E-01    1.32841E-01    4.46156E-01   -9.62372E-02    7.51272E-03    6.15555E-03    4.60958E-03    2.80200E-02
     1.52750E+00    1.65677E-01    1.30738E-01    4.46651E-01   -9.50979E-02    7.32745E-03    6.00928E-03    4.54133E-03    2.77087E-02
     1.53400E+00    1.63077E-01    1.28666E-01    4.47136E-01   -9.39707E-02    7.14667E-03    5.86636E-03    4.47483E-03    2.74011E-02
     1.54050E+00    1.60522E-01    1.26626E-01    4.47611E-01   -9.28554E-02    6.97025E-03    5.72671E-03    4.41003E-03    2.70969E-02
     1.54700E+00    1.58010E-01    1.24616E-01    4.48077E-01   -9.17518E-02    6.79810E-03    5.59026E-03    4.34688E-03    2.67962E-02
     1.55350E+00    1.55542E-01    1.22636E-01    4.48534E-01   -9.06598E-02    6.63013E-03    5.45693E-03    4.28534E-03    2.64990E-02
     1.56000E+00    1.53117E-01    1.20686E-01    4.48982E-01   -8.95792E-02    6.46623E-03    5.32667E-03    4.22538E-03    2.62052E-02
     1.56650E+00    1.50734E-01    1.18766E-01    4.49420E-01   -8.85100E-02    6.30631E-03    5.19940E-03    4.16693E-03    2.59148E-02
     1.57300E+00    1.48392E-01    1.16874E-01    4.49850E-01   -8.74519E-02    6.15027E-03    5.07507E-03    4.10998E-03    2.56278E-02
     1.57950E+00    1.46090E-01    1.15011E-01    4.50272E-01   -8.64049E-02    5.99804E-03    4.95360E-03    4.05446E-03    2.53441E-02
     1.58600E+00    1.43828E-01    1.13176E-01    4.50685E-01   -8.53688E-02    5.84951E-03    4.83493E-03    4.00036E-03    2.50637E-02
     1.59250E+00    1.41605E-01    1.11369E-01    4.51090E-01   -8.43435E-02    5.70460E-03    4.71900E-03    3.94762E-03    2.47866E-02
     1.59900E+00    1.39421E-01    1.09589E-01    4.51487E-01   -8.33289E-02    5.56323E-03    4.60575E-03    3.89622E-03    2.45128E-02
     1.60550E+00    1.37275E-01    1.07836E-01    4.51876E-01   -8.23248E-02    5.42531E-03    4.49513E-03    3.84611E-03    2.42422E-02
     1.61200E+00    1.35166E-01    1.06109E-01    4.52257E-01   -8.13311E-02    5.29076E-03    4.38707E-03    3.79726E-03    2.39747E-02
     1.61850E+00    1.33093E-01    1.04408E-01    4.52631E-01   -8.03477E-02    5.15951E-03    4.28151E-03    3.74965E-03    2.37105E-02
     1.62500E+00    1.31056E-01    1.02734E-01    4.52997E-01   -7.93745E-02    5.03147E-03    4.17841E-03    3.70323E-03    2.34494E-02
     1.63150E+00    1.29054E-01    1.01084E-01    4.53356E-01   -7.84113E-02    4.90657E-03    4.07770E-03    3.65797E-03    2.31913E-02
     1.63800E+00    1.27087E-01    9.94592E-02    4.53708E-01   -7.74580E-02    4.78474E-03    3.97934E-03    3.61385E-03    2.29364E-02
     1.64450E+00    1.25154E-01    9.78590E-02    4.54053E-01   -7.65145E-02    4.66590E-03    3.88326E-03    3.57083E-03    2.26845E-02
     1.65100E+00    1.23255E-01    9.62830E-02    4.54391E-01   -7.55807E-02    4.54998E-03    3.78943E-03    3.52888E-03    2.24356E-02
     1.65750E+00    1.21388E-01    9.47308E-02    4.54722E-01   -7.46564E-02    4.43691E-03    3.69778E-03    3.48798E-03    2.21898E-02
     1.66400E+00    1.19554E-01    9.32021E-02    4.55047E-01   -7.37416E-02    4.32663E-03    3.60828E-03    3.44810E-03    2.19468E-02
     1.67050E+00    1.17752E-01    9.16964E-02    4.55365E-01   -7.28361E-02    4.21906E-03    3.52087E-03    3.40921E-03    2.17068E-02
     1.67700E+00    1.15981E-01    9.02135E-02    4.55677E-01   -7.19398E-02    4.11415E-03    3.43550E-03    3.37128E-03    2.14697E-02
     1.68350E+00    1.14241E-01    8.87530E-02    4.55983E-01   -7.10526E-02    4.01183E-03    3.35213E-03    3.33429E-03    2.12355E-02
     1.69000E+00    1.12531E-01    8.73145E-02    4.56282E-01   -7.01744E-02    3.91204E-03    3.27071E-03    3.29822E-03    2.10041E-02
     1.69650E+00    1.10850E-01    8.58977E-02    4.56576E-01   -6.93051E-02    3.81471E-03    3.19120E-03    3.26304E-03    2.07755E-02
     1.70300E+00    1.09199E-01    8.45023E-02    4.56864E-01   -6.84445E-02    3.71980E-03    3.11356E-03    3.22872E-03    2.05498E-02
     1.70950E+00    1.07577E-01    8.31280E-02    4.57146E-01   -6.75926E-02    3.62724E-03    3.03774E-03    3.19525E-03    2.03267E-02
     1.71600E+00    1.05982E-01    8.17743E-02    4.57423E-01   -6.67493E-02    3.53697E-03    2.96371E-03    3.16260E-03    2.01064E-02
     1.72250E+00    1.04416E-01    8.04411E-02    4.57694E-01   -6.59143E-02    3.44894E-03    2.89141E-03    3.13076E-03    1.98888E-02
     1.72900E+00    1.02877E-01    7.91279E-02    4.57960E-01   -6.50878E-02    3.36309E-03    2.82082E-03    3.09969E-03    1.96739E-02
     1.73550E+00    1.01364E-01    7.78345E-02    4.58220E-01   -6.42694E-02    3.27939E-03    2.75188E-03    3.06938E-03    1.94616E-02
     1.74200E+00    9.98783E-02    7.65605E-02    4.58475E-01   -6.34592E-02    3.19776E-03    2.68458E-03    3.03981E-03    1.92519E-02
     1.74850E+00    9.84182E-02    7.53057E-02    4.58725E-01   -6.26570E-02    3.11816E-03    2.61886E-03    3.01096E-03    1.90448E-02
     1.75500E+00    9.69835E-02    7.40698E-02    4.58971E-01   -6.18627E-02    3.04055E-03    2.55469E-03    2.98281E-03    1.88402E-02
     1.76150E+00    9.55740E-02    7.28524E-02    4.59211E-01   -6.10763E-02    2.96487E-03    2.49204E-03    2.95535E-03    1.86382E-02
     1.76800E+00    9.41891E-02    7.16532E-02    4.59446E-01   -6.02976E-02    2.89108E-03    2.43086E-03    2.92855E-03    1.84387E-02
     1.77450E+00    9.28284E-02    7.04721E-02    4.59677E-01   -5.95265E-02    2.81913E-03    2.37114E-03    2.90240E-03    1.82417E-02
     1.78100E+00    9.14915E-02    6.93086E-02    4.59903E-01   -5.87630E-02    2.74899E-03    2.31282E-03    2.87689E-03    1.80471E-02
     1.78750E+00    9.01781E-02    6.81625E-02    4.60125E-01   -5.80069E-02    2.68059E-03    2.25589E-03    2.85199E-03    1.78550E-02
     1.79400E+00    8.88877E-02    6.70336E-02    4.60342E-01   -5.72582E-02    2.61391E-03    2.20030E-03    2.82768E-03    1.76652E-02
     1.80050E+00    8.76200E-02    6.59215E-02    4.60555E-01   -5.65167E-02    2.54890E-03    2.14603E-03    2.80397E-03    1.74779E-02
     1.80700E+00    8.63746E-02    6.48260E-02    4.60764E-01   -5.57824E-02    2.48551E-03    2.09305E-03    2.78082E-03    1.72928E-02
     1.81350E+00    8.51510E-02    6.37469E-02    4.60968E-01   -5.50552E-02    2.42372E-03    2.04133E-03    2.75822E-03    1.71101E-02
     1.82000E+00    8.39491E-02    6.26838E-02    4.61169E-01   -5.43349E-02    2.36348E-03    1.99083E-03    2.73617E-03    1.69297E-02
     1.82650E+00    8.27683E-02    6.16365E-02    4.61365E-01   -5.36216E-02    2.30475E-03    1.94153E-03    2.71465E-03    1.67515E-02
     1.83300E+00    8.16084E-02    6.06048E-02    4.61558E-01   -5.29151E-02    2.24750E-03    1.89340E-03    2.69363E-03    1.65756E-02
     1.83950E+00    8.04690E-02    5.95884E-02    4.61746E-01   -5.22153E-02    2.19169E-03    1.84642E-03    2.67312E-03    1.64019E-02
     1.84600E+00    7.93497E-02    5.85870E-02    4.61931E-01   -5.15221E-02    2.13729E-03    1.80055E-03    2.65310E-03    1.62305E-02
     1.85250E+00    7.82503E-02    5.76004E-02    4.62112E-01   -5.08355E-02    2.08426E-03    1.75577E-03    2.63355E-03    1.60611E-02
     1.85900E+00    7.71704E-02    5.66285E-02    4.62290E-01   -5.01554E-02    2.03257E-03    1.71206E-03    2.61447E-03    1.58940E-02
     1.86550E+00    7.61097E-02    5.56708E-02    4.62463E-01   -4.94816E-02    1.98218E-03    1.66939E-03    2.59584E-03    1.57289E-02
     1.87200E+00    7.50679E-02    5.47273E-02    4.62634E-01   -4.88142E-02    1.93307E-03    1.62774E-03    2.57764E-03    1.55660E-02
     1.87850E+00    7.40447E-02    5.37977E-02    4.62801E-01   -4.81530E-02    1.88520E-03    1.58707E-03    2.55988E-03    1.54051E-02
     1.88500E+00    7.30397E-02    5.28817E-02    4.62964E-01   -4.74980E-02    1.83854E-03    1.54738E-03    2.54254E-03    1.52463E-02
     1.89150E+00    7.20527E-02    5.19791E-02    4.63125E-01   -4.68490E-02    1.79306E-03    1.50863E-03    2.52561E-03    1.50895E-02
     1.89800E+00    7.10834E-02    5.10897E-02    4.63282E-01   -4.62061E-02    1.74874E-03    1.47081E-03    2.50907E-03    1.49348E-02
     1.90450E+00    7.01316E-02    5.02134E-02    4.63435E-01   -4.55691E-02    1.70554E-03    1.43389E-03    2.49292E-03    1.47820E-02
     1.91100E+00    6.91968E-02    4.93498E-02    4.63586E-01   -4.49379E-02    1.66344E-03    1.39785E-03    2.47716E-03    1.46312E-02
     1.91750E+00    6.82789E-02    4.84988E-02    4.63734E-01   -4.43125E-02    1.62242E-03    1.36266E-03    2.46176E-03    1.44823E-02
     1.92400E+00    6.73776E-02    4.76601E-02    4.63878E-01   -4.36928E-02    1.58243E-03    1.32832E-03    2.44672E-03    1.43354E-02
     1.93050E+00    6.64926E-02    4.68337E-02    4.64020E-01   -4.30787E-02    1.54347E-03    1.29480E-03    2.43204E-03    1.41904E-02
     1.93700E+00    6.56237E-02    4.60191E-02    4.64159E-01   -4.24702E-02    1.50550E-03    1.26208E-03    2.41770E-03    1.40472E-02
     1.94350E+00    6.47705E-02    4.52164E-02    4.64295E-01   -4.18671E-02    1.46850E-03    1.23014E-03    2.40369E-03    1.39059E-02
     1.95000E+00    6.39330E-02    4.44252E-02    4.64428E-01   -4.12695E-02    1.43245E-03    1.19896E-03    2.39001E-03    1.37665E-02
     1.95650E+00    6.31107E-02    4.36454E-02    4.64559E-01   -4.06772E-02    1.39732E-03    1.16853E-03    2.37665E-03    1.36289E-02
     1.96300E+00    6.23035E-02    4.28768E-02    4.64686E-01   -4.00903E-02    1.36309E-03    1.13882E-03    2.36360E-03    1.34930E-02
     1.96950E+00    6.15111E-02    4.21191E-02    4.64811E-01   -3.95085E-02    1.32974E-03    1.10982E-03    2.35086E-03    1.33590E-02
     1.97600E+00    6.07334E-02    4.13723E-02    4.64934E-01   -3.89319E-02    1.29725E-03    1.08152E-03    2.33841E-03    1.32267E-02
     1.98250E+00    5.99700E-02    4.06362E-02    4.65054E-01   -3.83603E-02    1.26559E-03    1.05389E-03    2.32626E-03    1.30962E-02
     1.98900E+00    5.92207E-02    3.99105E-02    4.65172E-01   -3.77938E-02    1.23475E-03    1.02692E-03    2.31438E-03    1.29674E-02
     1.99550E+00    5.84854E-02    3.91950E-02    4.65287E-01   -3.72322E-02    1.20470E-03    1.00060E-03    2.30279E-03    1.28404E-02
     2.00200E+00    5.77638E-02    3.84897E-02    4.65399E-01   -3.66756E-02    1.17543E-03    9.74902E-04    2.29146E-03    1.27150E-02
     2.00850E+00    5.70557E-02    3.77944E-02    4.65510E-01   -3.61237E-02    1.14692E-03    9.49820E-04    2.28040E-03    1.25913E-02
     2.01500E+00    5.63609E-02    3.71088E-02    4.65618E-01   -3.55766E-02    1.11914E-03    9.25336E-04    2.26959E-03    1.24692E-02
     2.02150E+00    5.56792E-02    3.64328E-02    4.65723E-01   -3.50343E-02    1.09209E-03    9.01437E-04    2.25904E-03    1.23488E-02
     2.02800E+00    5.50104E-02    3.57662E-02    4.65827E-01   -3.44966E-02    1.06574E-03    8.78108E-04    2.24873E-03    1.22300E-02
     2.03450E+00    5.43542E-02    3.51090E-02    4.65928E-01   -3.39634E-02    1.04008E-03    8.55336E-04    2.23866E-03    1.21129E-02
     2.04100E+00    5.37106E-02    3.44608E-02    4.66027E-01   -3.34348E-02    1.01508E-03    8.33107E-04    2.22883E-03    1.19973E-02
     2.04750E+00    5.30793E-02    3.38217E-02    4.66125E-01   -3.29107E-02    9.90738E-04    8.11407E-04    2.21922E-03    1.18833E-02
     2.05400E+00    5.24601E-02    3.31913E-02    4.66220E-01   -3.23910E-02    9.67033E-04    7.90225E-04    2.20984E-03    1.17709E-02
     2.06050E+00    5.18529E-02    3.25696E-02    4.66313E-01   -3.18756E-02    9.43949E-04    7.69547E-04    2.20068E-03    1.16600E-02
     2.06700E+00    5.12574E-02    3.19565E-02    4.66404E-01   -3.13646E-02    9.21471E-04    7.49362E-04    2.19174E-03    1.15506E-02
     2.07350E+00    5.06736E-02    3.13517E-02    4.66493E-01   -3.08578E-02    8.99585E-04    7.29657E-04    2.18300E-03    1.14428E-02
     2.08000E+00    5.01011E-02    3.07551E-02    4.66580E-01   -3.03552E-02    8.78277E-04    7.10420E-04    2.17447E-03    1.13365E-02
     2.08650E+00    4.95399E-02    3.01667E-02    4.66665E-01   -2.98568E-02    8.57532E-04    6.91641E-04    2.16614E-03    1.12316E-02
     2.09300E+00    4.89898E-02    2.95861E-02    4.66748E-01   -2.93624E-02    8.37336E-04    6.73308E-04    2.15801E-03    1.11283E-02
     2.09950E+00    4.84506E-02    2.90134E-02    4.66830E-01   -2.88721E-02    8.17677E-04    6.55409E-04    2.15006E-03    1.10264E-02
     2.10600E+00    4.79222E-02    2.84484E-02    4.66909E-01   -2.83857E-02    7.98541E-04    6.37935E-04    2.14231E-03    1.09259E-02
     2.11250E+00    4.74044E-02    2.78908E-02    4.66987E-01   -2.79033E-02    7.79917E-04    6.20875E-04    2.13474E-03    1.08269E-02
     2.11900E+00    4.68971E-02    2.73407E-02    4.67064E-01   -2.74248E-02    7.61790E-04    6.04218E-04    2.12734E-03    1.07293E-02
     2.12550E+00    4.64000E-02    2.67979E-02    4.67138E-01   -2.69502E-02    7.44151E-04    5.87956E-04    2.12013E-03    1.06332E-02
     2.13200E+00    4.59132E-02    2.62622E-02    4.67211E-01   -2.64793E-02    7.26986E-04    5.72077E-04    2.11308E-03    1.05384E-02
     2.13850E+00    4.54363E-02    2.57335E-02    4.67282E-01   -2.60121E-02    7.10284E-04    5.56572E-04    2.10621E-03    1.04450E-02
     2.14500E+00    4.49693E-02    2.52118E-02    4.67352E-01   -2.55487E-02    6.94035E-04    5.41433E-04    2.09950E-03    1.03531E-02
     2.15150E+00    4.45121E-02    2.46968E-02    4.67420E-01   -2.50889E-02    6.78228E-04    5.26649E-04    2.09295E-03    1.02624E-02
     2.15800E+00    4.40644E-02    2.41884E-02    4.67486E-01   -2.46327E-02    6.62852E-04    5.12213E-04    2.08656E-03    1.01732E-02
     2.16450E+00    4.36262E-02    2.36866E-02    4.67551E-01   -2.41800E-02    6.47897E-04    4.98115E-04    2.08033E-03    1.00853E-02
     2.17100E+00    4.31974E-02    2.31912E-02    4.67615E-01   -2.37309E-02    6.33352E-04    4.84347E-04    2.07425E-03    9.99869E-03
     2.17750E+00    4.27777E-02    2.27021E-02    4.67677E-01   -2.32852E-02    6.19209E-04    4.70900E-04    2.06831E-03    9.91345E-03
     2.18400E+00    4.23672E-02    2.22192E-02    4.67737E-01   -2.28430E-02    6.05458E-04    4.57767E-04    2.06252E-03    9.82953E-03
     2.19050E+00    4.19656E-02    2.17424E-02    4.67796E-01   -2.24041E-02    5.92089E-04    4.44940E-04    2.05688E-03    9.74692E-03
     2.19700E+00    4.15728E-02    2.12715E-02    4.67854E-01   -2.19685E-02    5.79094E-04    4.32410E-04    2.05138E-03    9.66561E-03
     2.20350E+00    4.11887E-02    2.08065E-02    4.67910E-01   -2.15363E-02    5.66463E-04    4.20170E-04    2.04601E-03    9.58560E-03
     2.21000E+00    4.08133E-02    2.03472E-02    4.67965E-01   -2.11073E-02    5.54189E-04    4.08213E-04    2.04078E-03    9.50688E-03
     2.21650E+00    4.04463E-02    1.98936E-02    4.68019E-01   -2.06815E-02    5.42264E-04    3.96531E-04    2.03568E-03    9.42943E-03
     2.22300E+00    4.00877E-02    1.94455E-02    4.68071E-01   -2.02589E-02    5.30678E-04    3.85117E-04    2.03071E-03    9.35326E-03
     2.22950E+00    3.97373E-02    1.90028E-02    4.68122E-01   -1.98394E-02    5.19424E-04    3.73965E-04    2.02587E-03    9.27836E-03
     2.23600E+00    3.93952E-02    1.85655E-02    4.68172E-01   -1.94230E-02    5.08495E-04    3.63067E-04    2.02115E-03    9.20471E-03
     2.24250E+00    3.90610E-02    1.81334E-02    4.68220E-01   -1.90096E-02    4.97884E-04    3.52417E-04    2.01655E-03    9.13232E-03
     2.24900E+00    3.87349E-02    1.77065E-02    4.68267E-01   -1.85993E-02    4.87582E-04    3.42009E-04    2.01208E-03    9.06117E-03
     2.25550E+00    3.84165E-02    1.72846E-02    4.68313E-01   -1.81919E-02    4.77584E-04    3.31835E-04    2.00773E-03    8.99127E-03
     2.26200E+00    3.81059E-02    1.68676E-02    4.68358E-01   -1.77874E-02    4.67881E-04    3.21890E-04    2.00349E-03    8.92260E-03
     2.26850E+00    3.78030E-02    1.64555E-02    4.68402E-01   -1.73859E-02    4.58468E-04    3.12168E-04    1.99936E-03    8.85516E-03
     2.27500E+00    3.75076E-02    1.60481E-02    4.68444E-01   -1.69872E-02    4.49339E-04    3.02662E-04    1.99535E-03    8.78895E-03
     2.28150E+00    3.72197E-02    1.56454E-02    4.68486E-01   -1.65913E-02    4.40486E-04    2.93367E-04    1.99144E-03    8.72397E-03
     2.28800E+00    3.69391E-02    1.52473E-02    4.68526E-01   -1.61982E-02    4.31904E-04    2.84277E-04    1.98765E-03    8.66020E-03
     2.29450E+00    3.66659E-02    1.48536E-02    4.68565E-01   -1.58079E-02    4.23587E-04    2.75386E-04    1.98396E-03    8.59766E-03
     2.30100E+00    3.63998E-02    1.44644E-02    4.68603E-01   -1.54203E-02    4.15529E-04    2.66690E-04    1.98038E-03    8.53632E-03
     2.30750E+00    3.61408E-02    1.40794E-02    4.68640E-01   -1.50354E-02    4.07725E-04    2.58182E-04    1.97690E-03    8.47620E-03
     2.31400E+00    3.58889E-02    1.36987E-02    4.68676E-01   -1.46531E-02    4.00168E-04    2.49857E-04    1.97352E-03    8.41728E-03
     2.32050E+00    3.56439E-02    1.33221E-02    4.68711E-01   -1.42734E-02    3.92855E-04    2.41710E-04    1.97024E-03    8.35957E-03
     2.32700E+00    3.54058E-02    1.29496E-02    4.68744E-01   -1.38963E-02    3.85779E-04    2.33737E-04    1.96705E-03    8.30307E-03
     2.33350E+00    3.51744E-02    1.25811E-02    4.68777E-01   -1.35218E-02    3.78937E-04    2.25931E-04    1.96397E-03    8.24777E-03
     2.34000E+00    3.49498E-02    1.22164E-02    4.68809E-01   -1.31497E-02    3.72322E-04    2.18289E-04    1.96098E-03    8.19368E-03
     2.34650E+00    3.47318E-02    1.18556E-02    4.68840E-01   -1.27802E-02    3.65931E-04    2.10806E-04    1.95808E-03    8.14079E-03
     2.35300E+00    3.45203E-02    1.14985E-02    4.68870E-01   -1.24131E-02    3.59758E-04    2.03476E-04    1.95527E-03    8.08910E-03
     2.35950E+00    3.43154E-02    1.11450E-02    4.68899E-01   -1.20484E-02    3.53800E-04    1.96295E-04    1.95256E-03    8.03862E-03
     2.36600E+00    3.41168E-02    1.07951E-02    4.68926E-01   -1.16861E-02    3.48052E-04    1.89259E-04    1.94993E-03    7.98934E-03
     2.37250E+00    3.39246E-02    1.04488E-02    4.68954E-01   -1.13261E-02    3.42510E-04    1.82363E-04    1.94739E-03    7.94128E-03
     2.37900E+00    3.37387E-02    1.01058E-02    4.68980E-01   -1.09685E-02    3.37170E-04    1.75604E-04    1.94494E-03    7.89442E-03
     2.38550E+00    3.35590E-02    9.76626E-03    4.69005E-01   -1.06132E-02    3.32029E-04    1.68976E-04    1.94258E-03    7.84877E-03
     2.39200E+00    3.33855E-02    9.42997E-03    4.69029E-01   -1.02602E-02    3.27082E-04    1.62475E-04    1.94029E-03    7.80434E-03
     2.39850E+00    3.32180E-02    9.09688E-03    4.69052E-01   -9.90935E-03    3.22326E-04    1.56098E-04    1.93810E-03    7.76112E-03
     2.40500E+00    3.30566E-02    8.76694E-03    4.69075E-01   -9.56075E-03    3.17757E-04    1.49841E-04    1.93598E-03    7.71913E-03
     2.41150E+00    3.29011E-02    8.44007E-03    4.69097E-01   -9.21433E-03    3.13372E-04    1.43699E-04    1.93394E-03    7.67837E-03
     2.41800E+00    3.27516E-02    8.11620E-03    4.69118E-01   -8.87006E-03    3.09168E-04    1.37668E-04    1.93199E-03    7.63883E-03
     2.42450E+00    3.26079E-02    7.79527E-03    4.69138E-01   -8.52791E-03    3.05141E-04    1.31746E-04    1.93011E-03    7.60053E-03
     2.43100E+00    3.24699E-02    7.47720E-03    4.69157E-01   -8.18786E-03    3.01289E-04    1.25927E-04    1.92831E-03    7.56347E-03
     2.43750E+00    3.23378E-02    7.16193E-03    4.69175E-01   -7.84988E-03    2.97609E-04    1.20209E-04    1.92659E-03    7.52766E-03
     2.44400E+00    3.22113E-02    6.84940E-03    4.69193E-01   -7.51395E-03    2.94097E-04    1.14587E-04    1.92494E-03    7.49311E-03
     2.45050E+00    3.20905E-02    6.53954E-03    4.69209E-01   -7.18003E-03    2.90752E-04    1.09058E-04    1.92337E-03    7.45982E-03
     2.45700E+00    3.19752E-02    6.23228E-03    4.69225E-01   -6.84810E-03    2.87569E-04    1.03619E-04    1.92188E-03    7.42780E-03
     2.46350E+00    3.18655E-02    5.92756E-03    4.69240E-01   -6.51814E-03    2.84548E-04    9.82658E-05    1.92045E-03    7.39706E-03
     2.47000E+00    3.17613E-02    5.62533E-03    4.69255E-01   -6.19011E-03    2.81685E-04    9.29953E-05    1.91910E-03    7.36760E-03
     2.47650E+00    3.16625E-02    5.32552E-03    4.69268E-01   -5.86400E-03    2.78979E-04    8.78040E-05    1.91782E-03    7.33944E-03
     2.48300E+00    3.15691E-02    5.02806E-03    4.69281E-01   -5.53978E-03    2.76426E-04    8.26885E-05    1.91661E-03    7.31260E-03
     2.48950E+00    3.14811E-02    4.73290E-03    4.69293E-01   -5.21742E-03    2.74025E-04    7.76456E-05    1.91548E-03    7.28707E-03
     2.49600E+00    3.13984E-02    4.43998E-03    4.69305E-01   -4.89690E-03    2.71774E-04    7.26721E-05    1.91441E-03    7.26286E-03
     2.50250E+00    3.13210E-02    4.14924E-03    4.69315E-01   -4.57819E-03    2.69670E-04    6.77647E-05    1.91341E-03    7.24001E-03
     2.50900E+00    3.12488E-02    3.86061E-03    4.69325E-01   -4.26128E-03    2.67713E-04    6.29202E-05    1.91248E-03    7.21850E-03
     2.51550E+00    3.11818E-02    3.57406E-03    4.69334E-01   -3.94614E-03    2.65900E-04    5.81355E-05    1.91162E-03    7.19837E-03
     2.52200E+00    3.11199E-02    3.28951E-03    4.69343E-01   -3.63274E-03    2.64229E-04    5.34076E-05    1.91082E-03    7.17961E-03
     2.52850E+00    3.10632E-02    3.00691E-03    4.69351E-01   -3.32106E-03    2.62699E-04    4.87332E-05    1.91009E-03    7.16225E-03
     2.53500E+00    3.10115E-02    2.72620E-03    4.69358E-01   -3.01109E-03    2.61308E-04    4.41094E-05    1.90943E-03    7.14631E-03
     2.54150E+00    3.09649E-02    2.44734E-03    4.69364E-01   -2.70279E-03    2.60055E-04    3.95331E-05    1.90883E-03    7.13179E-03
     2.54800E+00    3.09233E-02    2.17026E-03    4.69370E-01   -2.39614E-03    2.58939E-04    3.50014E-05    1.90829E-03    7.11872E-03
     2.55450E+00    3.08867E-02    1.89491E-03    4.69375E-01   -2.09113E-03    2.57957E-04    3.05113E-05    1.90782E-03    7.10711E-03
     2.56100E+00    3.08550E-02    1.62124E-03    4.69379E-01   -1.78773E-03    2.57110E-04    2.60598E-05    1.90742E-03    7.09698E-03
     2.56750E+00    3.08283E-02    1.34920E-03    4.69383E-01   -1.48592E-03    2.56396E-04    2.16441E-05    1.90708E-03    7.08835E-03
     2.57400E+00    3.08064E-02    1.07873E-03    4.69386E-01   -1.18568E-03    2.55814E-04    1.72611E-05    1.90680E-03    7.08125E-03
     2.58050E+00    3.07894E-02    8.09788E-04    4.69388E-01   -8.86992E-04    2.55362E-04    1.29081E-05    1.90658E-03    7.07568E-03
     2.58700E+00    3.07772E-02    5.42315E-04    4.69390E-01   -5.89828E-04    2.55040E-04    8.58217E-06    1.90643E-03    7.07167E-03
     2.59350E+00    3.07699E-02    2.76263E-04    4.69391E-01   -2.94170E-04    2.54848E-04    4.28041E-06    1.90633E-03    7.06925E-03
     2.60000E+00    3.07673E-02    1.15821E-05    4.69391E-01   -4.75171-161    2.54784E-04   -5.66747E-26    1.90630E-03    7.06844E-03
