     1.00000E-05    3.25556E+00   -1.72737E-05   -4.66151E-01   -1.22884E-05    3.63953E-01    3.91919E-06    2.70993E-01    4.53241E-11
     2.60998E-03    3.25552E+00    7.32809E-03   -4.66134E-01   -3.20718E-03    3.63948E-01    1.02288E-03    2.70988E-01    3.08740E-06
     5.20995E-03    3.25540E+00    1.46273E-02   -4.66086E-01   -6.40176E-03    3.63933E-01    2.04169E-03    2.70972E-01    1.23016E-05
     7.80993E-03    3.25519E+00    2.19251E-02   -4.66004E-01   -9.59572E-03    3.63908E-01    3.06022E-03    2.70945E-01    2.76407E-05
     1.04099E-02    3.25490E+00    2.92206E-02   -4.65891E-01   -1.27887E-02    3.63873E-01    4.07833E-03    2.70908E-01    4.91011E-05
     1.30099E-02    3.25453E+00    3.65130E-02   -4.65745E-01   -1.59805E-02    3.63828E-01    5.09586E-03    2.70861E-01    7.66780E-05
     1.56098E-02    3.25407E+00    4.38017E-02   -4.65566E-01   -1.91708E-02    3.63774E-01    6.11270E-03    2.70803E-01    1.10365E-04
     1.82098E-02    3.25353E+00    5.10858E-02   -4.65355E-01   -2.23592E-02    3.63709E-01    7.12868E-03    2.70734E-01    1.50155E-04
     2.08098E-02    3.25292E+00    5.83646E-02   -4.65112E-01   -2.55454E-02    3.63635E-01    8.14367E-03    2.70655E-01    1.96039E-04
     2.34098E-02    3.25221E+00    6.56374E-02   -4.64837E-01   -2.87292E-02    3.63551E-01    9.15753E-03    2.70566E-01    2.48007E-04
     2.60098E-02    3.25143E+00    7.29034E-02   -4.64529E-01   -3.19102E-02    3.63457E-01    1.01701E-02    2.70466E-01    3.06046E-04
     2.86097E-02    3.25056E+00    8.01619E-02   -4.64189E-01   -3.50881E-02    3.63353E-01    1.11813E-02    2.70355E-01    3.70144E-04
     3.12097E-02    3.24961E+00    8.74120E-02   -4.63817E-01   -3.82626E-02    3.63239E-01    1.21909E-02    2.70234E-01    4.40287E-04
     3.38097E-02    3.24858E+00    9.46531E-02   -4.63412E-01   -4.14334E-02    3.63115E-01    1.31989E-02    2.70103E-01    5.16458E-04
     3.64097E-02    3.24747E+00    1.01884E-01   -4.62976E-01   -4.46002E-02    3.62981E-01    1.42050E-02    2.69961E-01    5.98641E-04
     3.90096E-02    3.24627E+00    1.09105E-01   -4.62507E-01   -4.77627E-02    3.62838E-01    1.52091E-02    2.69809E-01    6.86818E-04
     4.16096E-02    3.24500E+00    1.16315E-01   -4.62007E-01   -5.09206E-02    3.62685E-01    1.62112E-02    2.69647E-01    7.80968E-04
     4.42096E-02    3.24364E+00    1.23512E-01   -4.61474E-01   -5.40736E-02    3.62522E-01    1.72110E-02    2.69474E-01    8.81071E-04
     4.68095E-02    3.24220E+00    1.30697E-01   -4.60910E-01   -5.72214E-02    3.62349E-01    1.82084E-02    2.69291E-01    9.87103E-04
     4.94095E-02    3.24068E+00    1.37868E-01   -4.60313E-01   -6.03637E-02    3.62166E-01    1.92033E-02    2.69097E-01    1.09904E-03
     5.20095E-02    3.23908E+00    1.45025E-01   -4.59685E-01   -6.35002E-02    3.61974E-01    2.01956E-02    2.68893E-01    1.21686E-03
     5.46095E-02    3.23739E+00    1.52167E-01   -4.59025E-01   -6.66305E-02    3.61772E-01    2.11850E-02    2.68680E-01    1.34054E-03
     5.72095E-02    3.23563E+00    1.59294E-01   -4.58334E-01   -6.97545E-02    3.61561E-01    2.21716E-02    2.68455E-01    1.47004E-03
     5.98094E-02    3.23379E+00    1.66403E-01   -4.57611E-01   -7.28717E-02    3.61339E-01    2.31551E-02    2.68221E-01    1.60534E-03
     6.24094E-02    3.23186E+00    1.73496E-01   -4.56857E-01   -7.59819E-02    3.61108E-01    2.41354E-02    2.67977E-01    1.74641E-03
     6.50094E-02    3.22985E+00    1.80571E-01   -4.56071E-01   -7.90849E-02    3.60868E-01    2.51124E-02    2.67722E-01    1.89322E-03
     6.76093E-02    3.22777E+00    1.87627E-01   -4.55254E-01   -8.21803E-02    3.60617E-01    2.60859E-02    2.67458E-01    2.04574E-03
     7.02093E-02    3.22560E+00    1.94664E-01   -4.54405E-01   -8.52677E-02    3.60358E-01    2.70559E-02    2.67183E-01    2.20392E-03
     7.28093E-02    3.22336E+00    2.01681E-01   -4.53526E-01   -8.83470E-02    3.60088E-01    2.80221E-02    2.66899E-01    2.36774E-03
     7.54093E-02    3.22103E+00    2.08677E-01   -4.52616E-01   -9.14179E-02    3.59810E-01    2.89845E-02    2.66605E-01    2.53716E-03
     7.80093E-02    3.21863E+00    2.15652E-01   -4.51674E-01   -9.44800E-02    3.59521E-01    2.99430E-02    2.66301E-01    2.71214E-03
     8.06092E-02    3.21615E+00    2.22605E-01   -4.50702E-01   -9.75331E-02    3.59223E-01    3.08973E-02    2.65987E-01    2.89264E-03
     8.32092E-02    3.21358E+00    2.29534E-01   -4.49700E-01   -1.00577E-01    3.58916E-01    3.18474E-02    2.65663E-01    3.07863E-03
     8.58092E-02    3.21094E+00    2.36440E-01   -4.48666E-01   -1.03611E-01    3.58600E-01    3.27932E-02    2.65329E-01    3.27006E-03
     8.84092E-02    3.20822E+00    2.43322E-01   -4.47603E-01   -1.06635E-01    3.58274E-01    3.37345E-02    2.64986E-01    3.46689E-03
     9.10091E-02    3.20543E+00    2.50179E-01   -4.46509E-01   -1.09649E-01    3.57938E-01    3.46712E-02    2.64633E-01    3.66908E-03
     9.36091E-02    3.20255E+00    2.57010E-01   -4.45384E-01   -1.12653E-01    3.57594E-01    3.56032E-02    2.64271E-01    3.87658E-03
     9.62091E-02    3.19960E+00    2.63815E-01   -4.44230E-01   -1.15646E-01    3.57240E-01    3.65304E-02    2.63899E-01    4.08934E-03
     9.88091E-02    3.19657E+00    2.70593E-01   -4.43046E-01   -1.18628E-01    3.56877E-01    3.74526E-02    2.63518E-01    4.30733E-03
     1.01409E-01    3.19347E+00    2.77344E-01   -4.41831E-01   -1.21599E-01    3.56504E-01    3.83697E-02    2.63127E-01    4.53049E-03
     1.04009E-01    3.19028E+00    2.84066E-01   -4.40588E-01   -1.24558E-01    3.56123E-01    3.92817E-02    2.62728E-01    4.75878E-03
     1.06609E-01    3.18702E+00    2.90759E-01   -4.39314E-01   -1.27505E-01    3.55732E-01    4.01883E-02    2.62318E-01    4.99214E-03
     1.09209E-01    3.18369E+00    2.97422E-01   -4.38012E-01   -1.30441E-01    3.55333E-01    4.10896E-02    2.61900E-01    5.23052E-03
     1.11809E-01    3.18028E+00    3.04055E-01   -4.36680E-01   -1.33364E-01    3.54924E-01    4.19853E-02    2.61472E-01    5.47387E-03
     1.14409E-01    3.17679E+00    3.10657E-01   -4.35318E-01   -1.36274E-01    3.54507E-01    4.28753E-02    2.61036E-01    5.72214E-03
     1.17009E-01    3.17323E+00    3.17228E-01   -4.33928E-01   -1.39172E-01    3.54080E-01    4.37596E-02    2.60590E-01    5.97528E-03
     1.19609E-01    3.16960E+00    3.23766E-01   -4.32509E-01   -1.42056E-01    3.53645E-01    4.46380E-02    2.60135E-01    6.23323E-03
     1.22209E-01    3.16589E+00    3.30271E-01   -4.31062E-01   -1.44928E-01    3.53200E-01    4.55105E-02    2.59672E-01    6.49593E-03
     1.24809E-01    3.16210E+00    3.36743E-01   -4.29586E-01   -1.47785E-01    3.52747E-01    4.63769E-02    2.59200E-01    6.76333E-03
     1.27409E-01    3.15825E+00    3.43180E-01   -4.28081E-01   -1.50629E-01    3.52285E-01    4.72371E-02    2.58719E-01    7.03537E-03
     1.30009E-01    3.15432E+00    3.49583E-01   -4.26549E-01   -1.53458E-01    3.51815E-01    4.80910E-02    2.58229E-01    7.31200E-03
     1.32609E-01    3.15031E+00    3.55950E-01   -4.24988E-01   -1.56273E-01    3.51336E-01    4.89385E-02    2.57731E-01    7.59314E-03
     1.35209E-01    3.14624E+00    3.62282E-01   -4.23400E-01   -1.59074E-01    3.50848E-01    4.97795E-02    2.57224E-01    7.87875E-03
     1.37809E-01    3.14209E+00    3.68576E-01   -4.21784E-01   -1.61860E-01    3.50351E-01    5.06139E-02    2.56709E-01    8.16876E-03
     1.40409E-01    3.13787E+00    3.74834E-01   -4.20140E-01   -1.64630E-01    3.49846E-01    5.14416E-02    2.56186E-01    8.46311E-03
     1.43009E-01    3.13358E+00    3.81054E-01   -4.18470E-01   -1.67386E-01    3.49333E-01    5.22626E-02    2.55654E-01    8.76174E-03
     1.45609E-01    3.12922E+00    3.87235E-01   -4.16772E-01   -1.70126E-01    3.48811E-01    5.30767E-02    2.55114E-01    9.06458E-03
     1.48209E-01    3.12479E+00    3.93377E-01   -4.15047E-01   -1.72850E-01    3.48281E-01    5.38838E-02    2.54566E-01    9.37157E-03
     1.50809E-01    3.12029E+00    3.99480E-01   -4.13295E-01   -1.75557E-01    3.47743E-01    5.46838E-02    2.54010E-01    9.68264E-03
     1.53409E-01    3.11571E+00    4.05543E-01   -4.11517E-01   -1.78249E-01    3.47196E-01    5.54767E-02    2.53445E-01    9.99774E-03
     1.56008E-01    3.11107E+00    4.11565E-01   -4.09712E-01   -1.80924E-01    3.46641E-01    5.62623E-02    2.52874E-01    1.03168E-02
     1.58608E-01    3.10637E+00    4.17545E-01   -4.07881E-01   -1.83583E-01    3.46078E-01    5.70406E-02    2.52294E-01    1.06397E-02
     1.61208E-01    3.10159E+00    4.23484E-01   -4.06024E-01   -1.86225E-01    3.45507E-01    5.78115E-02    2.51706E-01    1.09665E-02
     1.63808E-01    3.09674E+00    4.29381E-01   -4.04142E-01   -1.88849E-01    3.44928E-01    5.85749E-02    2.51111E-01    1.12970E-02
     1.66408E-01    3.09183E+00    4.35235E-01   -4.02234E-01   -1.91456E-01    3.44341E-01    5.93307E-02    2.50509E-01    1.16312E-02
     1.69008E-01    3.08685E+00    4.41045E-01   -4.00300E-01   -1.94046E-01    3.43746E-01    6.00789E-02    2.49899E-01    1.19690E-02
     1.71608E-01    3.08181E+00    4.46811E-01   -3.98341E-01   -1.96618E-01    3.43143E-01    6.08193E-02    2.49281E-01    1.23103E-02
     1.74208E-01    3.07670E+00    4.52533E-01   -3.96357E-01   -1.99171E-01    3.42533E-01    6.15519E-02    2.48656E-01    1.26551E-02
     1.76808E-01    3.07152E+00    4.58210E-01   -3.94349E-01   -2.01707E-01    3.41914E-01    6.22766E-02    2.48025E-01    1.30033E-02
     1.79408E-01    3.06628E+00    4.63841E-01   -3.92315E-01   -2.04224E-01    3.41289E-01    6.29933E-02    2.47386E-01    1.33549E-02
     1.82008E-01    3.06098E+00    4.69426E-01   -3.90258E-01   -2.06723E-01    3.40655E-01    6.37020E-02    2.46740E-01    1.37097E-02
     1.84608E-01    3.05561E+00    4.74965E-01   -3.88176E-01   -2.09203E-01    3.40014E-01    6.44026E-02    2.46087E-01    1.40676E-02
     1.87208E-01    3.05017E+00    4.80457E-01   -3.86070E-01   -2.11664E-01    3.39365E-01    6.50950E-02    2.45427E-01    1.44287E-02
     1.89808E-01    3.04468E+00    4.85901E-01   -3.83941E-01   -2.14106E-01    3.38710E-01    6.57792E-02    2.44761E-01    1.47929E-02
     1.92408E-01    3.03912E+00    4.91298E-01   -3.81788E-01   -2.16529E-01    3.38046E-01    6.64551E-02    2.44088E-01    1.51600E-02
     1.95008E-01    3.03350E+00    4.96646E-01   -3.79612E-01   -2.18932E-01    3.37376E-01    6.71226E-02    2.43408E-01    1.55300E-02
     1.97608E-01    3.02782E+00    5.01945E-01   -3.77413E-01   -2.21315E-01    3.36698E-01    6.77817E-02    2.42722E-01    1.59028E-02
     2.00208E-01    3.02208E+00    5.07195E-01   -3.75191E-01   -2.23678E-01    3.36013E-01    6.84323E-02    2.42030E-01    1.62783E-02
     2.02808E-01    3.01628E+00    5.12395E-01   -3.72946E-01   -2.26022E-01    3.35322E-01    6.90744E-02    2.41332E-01    1.66565E-02
     2.05408E-01    3.01042E+00    5.17545E-01   -3.70679E-01   -2.28345E-01    3.34623E-01    6.97078E-02    2.40627E-01    1.70373E-02
     2.08008E-01    3.00450E+00    5.22645E-01   -3.68389E-01   -2.30648E-01    3.33917E-01    7.03326E-02    2.39916E-01    1.74206E-02
     2.10608E-01    2.99852E+00    5.27693E-01   -3.66078E-01   -2.32930E-01    3.33204E-01    7.09487E-02    2.39199E-01    1.78064E-02
     2.13208E-01    2.99248E+00    5.32690E-01   -3.63745E-01   -2.35191E-01    3.32485E-01    7.15561E-02    2.38477E-01    1.81945E-02
     2.15808E-01    2.98639E+00    5.37635E-01   -3.61391E-01   -2.37432E-01    3.31759E-01    7.21546E-02    2.37749E-01    1.85849E-02
     2.18408E-01    2.98024E+00    5.42528E-01   -3.59015E-01   -2.39651E-01    3.31026E-01    7.27443E-02    2.37015E-01    1.89775E-02
     2.21008E-01    2.97403E+00    5.47368E-01   -3.56618E-01   -2.41849E-01    3.30287E-01    7.33251E-02    2.36275E-01    1.93723E-02
     2.23608E-01    2.96777E+00    5.52155E-01   -3.54201E-01   -2.44026E-01    3.29541E-01    7.38970E-02    2.35530E-01    1.97691E-02
     2.26208E-01    2.96145E+00    5.56889E-01   -3.51763E-01   -2.46182E-01    3.28789E-01    7.44599E-02    2.34780E-01    2.01678E-02
     2.28808E-01    2.95507E+00    5.61569E-01   -3.49305E-01   -2.48316E-01    3.28031E-01    7.50138E-02    2.34025E-01    2.05685E-02
     2.31408E-01    2.94865E+00    5.66195E-01   -3.46826E-01   -2.50428E-01    3.27266E-01    7.55586E-02    2.33264E-01    2.09710E-02
     2.34008E-01    2.94217E+00    5.70767E-01   -3.44328E-01   -2.52518E-01    3.26495E-01    7.60943E-02    2.32498E-01    2.13753E-02
     2.36608E-01    2.93563E+00    5.75283E-01   -3.41811E-01   -2.54586E-01    3.25718E-01    7.66209E-02    2.31727E-01    2.17812E-02
     2.39208E-01    2.92905E+00    5.79745E-01   -3.39273E-01   -2.56631E-01    3.24935E-01    7.71384E-02    2.30952E-01    2.21887E-02
     2.41808E-01    2.92241E+00    5.84151E-01   -3.36717E-01   -2.58655E-01    3.24146E-01    7.76466E-02    2.30172E-01    2.25978E-02
     2.44408E-01    2.91573E+00    5.88501E-01   -3.34142E-01   -2.60656E-01    3.23351E-01    7.81457E-02    2.29387E-01    2.30083E-02
     2.47008E-01    2.90899E+00    5.92795E-01   -3.31549E-01   -2.62634E-01    3.22550E-01    7.86355E-02    2.28597E-01    2.34201E-02
     2.49608E-01    2.90220E+00    5.97033E-01   -3.28937E-01   -2.64590E-01    3.21744E-01    7.91161E-02    2.27804E-01    2.38332E-02
     2.52208E-01    2.89537E+00    6.01213E-01   -3.26307E-01   -2.66523E-01    3.20932E-01    7.95873E-02    2.27005E-01    2.42475E-02
     2.54808E-01    2.88848E+00    6.05337E-01   -3.23659E-01   -2.68432E-01    3.20114E-01    8.00493E-02    2.26203E-01    2.46630E-02
     2.57408E-01    2.88155E+00    6.09404E-01   -3.20993E-01   -2.70319E-01    3.19291E-01    8.05019E-02    2.25396E-01    2.50795E-02
     2.60008E-01    2.87457E+00    6.13413E-01   -3.18310E-01   -2.72183E-01    3.18462E-01    8.09452E-02    2.24586E-01    2.54970E-02
     2.62607E-01    2.86754E+00    6.17364E-01   -3.15610E-01   -2.74023E-01    3.17628E-01    8.13792E-02    2.23771E-01    2.59154E-02
     2.65207E-01    2.86047E+00    6.21257E-01   -3.12893E-01   -2.75840E-01    3.16789E-01    8.18037E-02    2.22953E-01    2.63346E-02
     2.67807E-01    2.85335E+00    6.25092E-01   -3.10160E-01   -2.77633E-01    3.15945E-01    8.22189E-02    2.22131E-01    2.67546E-02
     2.70407E-01    2.84619E+00    6.28868E-01   -3.07410E-01   -2.79403E-01    3.15095E-01    8.26247E-02    2.21305E-01    2.71752E-02
     2.73007E-01    2.83898E+00    6.32585E-01   -3.04644E-01   -2.81149E-01    3.14241E-01    8.30211E-02    2.20476E-01    2.75964E-02
     2.75607E-01    2.83173E+00    6.36244E-01   -3.01862E-01   -2.82871E-01    3.13382E-01    8.34081E-02    2.19644E-01    2.80182E-02
     2.78207E-01    2.82444E+00    6.39843E-01   -2.99065E-01   -2.84570E-01    3.12518E-01    8.37856E-02    2.18808E-01    2.84404E-02
     2.80807E-01    2.81711E+00    6.43383E-01   -2.96252E-01   -2.86244E-01    3.11649E-01    8.41538E-02    2.17969E-01    2.88629E-02
     2.83407E-01    2.80973E+00    6.46863E-01   -2.93424E-01   -2.87894E-01    3.10775E-01    8.45125E-02    2.17127E-01    2.92858E-02
     2.86007E-01    2.80232E+00    6.50283E-01   -2.90582E-01   -2.89520E-01    3.09897E-01    8.48618E-02    2.16282E-01    2.97089E-02
     2.88607E-01    2.79486E+00    6.53643E-01   -2.87724E-01   -2.91122E-01    3.09014E-01    8.52017E-02    2.15434E-01    3.01321E-02
     2.91207E-01    2.78737E+00    6.56943E-01   -2.84853E-01   -2.92700E-01    3.08127E-01    8.55322E-02    2.14583E-01    3.05555E-02
     2.93807E-01    2.77983E+00    6.60182E-01   -2.81967E-01   -2.94253E-01    3.07236E-01    8.58532E-02    2.13729E-01    3.09788E-02
     2.96407E-01    2.77226E+00    6.63361E-01   -2.79068E-01   -2.95782E-01    3.06340E-01    8.61649E-02    2.12873E-01    3.14020E-02
     2.99007E-01    2.76465E+00    6.66479E-01   -2.76155E-01   -2.97286E-01    3.05440E-01    8.64672E-02    2.12015E-01    3.18251E-02
     3.01607E-01    2.75701E+00    6.69537E-01   -2.73228E-01   -2.98765E-01    3.04536E-01    8.67601E-02    2.11154E-01    3.22480E-02
     3.04207E-01    2.74932E+00    6.72533E-01   -2.70289E-01   -3.00220E-01    3.03628E-01    8.70436E-02    2.10291E-01    3.26706E-02
     3.06807E-01    2.74161E+00    6.75469E-01   -2.67337E-01   -3.01650E-01    3.02716E-01    8.73177E-02    2.09425E-01    3.30929E-02
     3.09407E-01    2.73385E+00    6.78343E-01   -2.64372E-01   -3.03056E-01    3.01801E-01    8.75826E-02    2.08558E-01    3.35147E-02
     3.12007E-01    2.72607E+00    6.81156E-01   -2.61395E-01   -3.04436E-01    3.00881E-01    8.78381E-02    2.07688E-01    3.39360E-02
     3.14607E-01    2.71825E+00    6.83907E-01   -2.58406E-01   -3.05792E-01    2.99958E-01    8.80842E-02    2.06817E-01    3.43568E-02
     3.17207E-01    2.71040E+00    6.86597E-01   -2.55406E-01   -3.07123E-01    2.99031E-01    8.83211E-02    2.05944E-01    3.47769E-02
     3.19807E-01    2.70251E+00    6.89226E-01   -2.52393E-01   -3.08428E-01    2.98101E-01    8.85488E-02    2.05069E-01    3.51963E-02
     3.22407E-01    2.69460E+00    6.91793E-01   -2.49370E-01   -3.09709E-01    2.97168E-01    8.87671E-02    2.04193E-01    3.56150E-02
     3.25007E-01    2.68666E+00    6.94298E-01   -2.46336E-01   -3.10964E-01    2.96231E-01    8.89763E-02    2.03315E-01    3.60328E-02
     3.27607E-01    2.67868E+00    6.96741E-01   -2.43290E-01   -3.12195E-01    2.95291E-01    8.91762E-02    2.02436E-01    3.64497E-02
     3.30207E-01    2.67068E+00    6.99122E-01   -2.40235E-01   -3.13400E-01    2.94347E-01    8.93670E-02    2.01555E-01    3.68657E-02
     3.32807E-01    2.66264E+00    7.01442E-01   -2.37169E-01   -3.14580E-01    2.93401E-01    8.95487E-02    2.00673E-01    3.72806E-02
     3.35407E-01    2.65458E+00    7.03699E-01   -2.34093E-01   -3.15734E-01    2.92452E-01    8.97212E-02    1.99791E-01    3.76944E-02
     3.38007E-01    2.64650E+00    7.05895E-01   -2.31008E-01   -3.16864E-01    2.91500E-01    8.98847E-02    1.98907E-01    3.81070E-02
     3.40607E-01    2.63838E+00    7.08028E-01   -2.27913E-01   -3.17968E-01    2.90545E-01    9.00391E-02    1.98022E-01    3.85184E-02
     3.43207E-01    2.63025E+00    7.10100E-01   -2.24809E-01   -3.19046E-01    2.89587E-01    9.01845E-02    1.97137E-01    3.89286E-02
     3.45807E-01    2.62208E+00    7.12109E-01   -2.21696E-01   -3.20100E-01    2.88627E-01    9.03210E-02    1.96250E-01    3.93373E-02
     3.48407E-01    2.61389E+00    7.14057E-01   -2.18574E-01   -3.21127E-01    2.87664E-01    9.04484E-02    1.95364E-01    3.97447E-02
     3.51007E-01    2.60568E+00    7.15943E-01   -2.15444E-01   -3.22130E-01    2.86698E-01    9.05670E-02    1.94476E-01    4.01506E-02
     3.53607E-01    2.59745E+00    7.17766E-01   -2.12306E-01   -3.23107E-01    2.85731E-01    9.06768E-02    1.93588E-01    4.05549E-02
     3.56207E-01    2.58919E+00    7.19528E-01   -2.09160E-01   -3.24059E-01    2.84761E-01    9.07777E-02    1.92700E-01    4.09577E-02
     3.58807E-01    2.58091E+00    7.21228E-01   -2.06006E-01   -3.24985E-01    2.83788E-01    9.08698E-02    1.91812E-01    4.13588E-02
     3.61407E-01    2.57262E+00    7.22866E-01   -2.02845E-01   -3.25885E-01    2.82814E-01    9.09532E-02    1.90923E-01    4.17581E-02
     3.64007E-01    2.56430E+00    7.24442E-01   -1.99676E-01   -3.26761E-01    2.81838E-01    9.10279E-02    1.90034E-01    4.21558E-02
     3.66606E-01    2.55596E+00    7.25956E-01   -1.96501E-01   -3.27610E-01    2.80859E-01    9.10939E-02    1.89146E-01    4.25515E-02
     3.69206E-01    2.54760E+00    7.27409E-01   -1.93320E-01   -3.28435E-01    2.79879E-01    9.11514E-02    1.88257E-01    4.29455E-02
     3.71806E-01    2.53923E+00    7.28800E-01   -1.90131E-01   -3.29233E-01    2.78897E-01    9.12003E-02    1.87369E-01    4.33374E-02
     3.74406E-01    2.53084E+00    7.30129E-01   -1.86937E-01   -3.30006E-01    2.77914E-01    9.12407E-02    1.86481E-01    4.37274E-02
     3.77006E-01    2.52243E+00    7.31397E-01   -1.83737E-01   -3.30754E-01    2.76928E-01    9.12726E-02    1.85593E-01    4.41154E-02
     3.79606E-01    2.51401E+00    7.32604E-01   -1.80532E-01   -3.31476E-01    2.75942E-01    9.12961E-02    1.84706E-01    4.45012E-02
     3.82206E-01    2.50557E+00    7.33750E-01   -1.77321E-01   -3.32173E-01    2.74954E-01    9.13113E-02    1.83819E-01    4.48849E-02
     3.84806E-01    2.49711E+00    7.34834E-01   -1.74104E-01   -3.32844E-01    2.73964E-01    9.13182E-02    1.82933E-01    4.52664E-02
     3.87406E-01    2.48865E+00    7.35857E-01   -1.70884E-01   -3.33490E-01    2.72973E-01    9.13169E-02    1.82048E-01    4.56457E-02
     3.90006E-01    2.48017E+00    7.36820E-01   -1.67658E-01   -3.34111E-01    2.71981E-01    9.13074E-02    1.81163E-01    4.60227E-02
     3.92606E-01    2.47168E+00    7.37721E-01   -1.64428E-01   -3.34705E-01    2.70988E-01    9.12897E-02    1.80280E-01    4.63973E-02
     3.95206E-01    2.46317E+00    7.38562E-01   -1.61194E-01   -3.35275E-01    2.69994E-01    9.12640E-02    1.79397E-01    4.67695E-02
     3.97806E-01    2.45466E+00    7.39343E-01   -1.57956E-01   -3.35819E-01    2.68999E-01    9.12302E-02    1.78515E-01    4.71393E-02
     4.00406E-01    2.44613E+00    7.40063E-01   -1.54715E-01   -3.36338E-01    2.68003E-01    9.11885E-02    1.77634E-01    4.75066E-02
     4.03006E-01    2.43760E+00    7.40723E-01   -1.51471E-01   -3.36831E-01    2.67007E-01    9.11389E-02    1.76755E-01    4.78714E-02
     4.05606E-01    2.42906E+00    7.41323E-01   -1.48223E-01   -3.37299E-01    2.66009E-01    9.10815E-02    1.75877E-01    4.82336E-02
     4.08206E-01    2.42050E+00    7.41863E-01   -1.44972E-01   -3.37742E-01    2.65011E-01    9.10163E-02    1.75000E-01    4.85932E-02
     4.10806E-01    2.41195E+00    7.42344E-01   -1.41719E-01   -3.38159E-01    2.64013E-01    9.09434E-02    1.74125E-01    4.89501E-02
     4.13406E-01    2.40338E+00    7.42765E-01   -1.38464E-01   -3.38552E-01    2.63014E-01    9.08629E-02    1.73251E-01    4.93043E-02
     4.16006E-01    2.39481E+00    7.43127E-01   -1.35206E-01   -3.38919E-01    2.62015E-01    9.07747E-02    1.72379E-01    4.96558E-02
     4.18606E-01    2.38623E+00    7.43429E-01   -1.31947E-01   -3.39261E-01    2.61015E-01    9.06791E-02    1.71508E-01    5.00045E-02
     4.21206E-01    2.37765E+00    7.43673E-01   -1.28686E-01   -3.39578E-01    2.60016E-01    9.05760E-02    1.70639E-01    5.03504E-02
     4.23806E-01    2.36907E+00    7.43859E-01   -1.25423E-01   -3.39869E-01    2.59016E-01    9.04655E-02    1.69772E-01    5.06934E-02
     4.26406E-01    2.36048E+00    7.43986E-01   -1.22160E-01   -3.40136E-01    2.58016E-01    9.03478E-02    1.68907E-01    5.10335E-02
     4.29006E-01    2.35189E+00    7.44054E-01   -1.18896E-01   -3.40378E-01    2.57017E-01    9.02227E-02    1.68043E-01    5.13707E-02
     4.31606E-01    2.34329E+00    7.44065E-01   -1.15631E-01   -3.40594E-01    2.56017E-01    9.00905E-02    1.67182E-01    5.17049E-02
     4.34206E-01    2.33470E+00    7.44018E-01   -1.12366E-01   -3.40786E-01    2.55018E-01    8.99512E-02    1.66323E-01    5.20362E-02
     4.36806E-01    2.32610E+00    7.43914E-01   -1.09101E-01   -3.40953E-01    2.54018E-01    8.98049E-02    1.65466E-01    5.23644E-02
     4.39406E-01    2.31751E+00    7.43752E-01   -1.05835E-01   -3.41095E-01    2.53020E-01    8.96516E-02    1.64611E-01    5.26895E-02
     4.42006E-01    2.30892E+00    7.43534E-01   -1.02571E-01   -3.41213E-01    2.52021E-01    8.94913E-02    1.63758E-01    5.30115E-02
     4.44606E-01    2.30032E+00    7.43258E-01   -9.93065E-02   -3.41305E-01    2.51024E-01    8.93243E-02    1.62908E-01    5.33304E-02
     4.47206E-01    2.29173E+00    7.42927E-01   -9.60432E-02   -3.41374E-01    2.50026E-01    8.91505E-02    1.62060E-01    5.36461E-02
     4.49806E-01    2.28314E+00    7.42539E-01   -9.27809E-02   -3.41417E-01    2.49030E-01    8.89701E-02    1.61215E-01    5.39587E-02
     4.52406E-01    2.27456E+00    7.42095E-01   -8.95201E-02   -3.41436E-01    2.48034E-01    8.87830E-02    1.60372E-01    5.42680E-02
     4.55006E-01    2.26598E+00    7.41596E-01   -8.62608E-02   -3.41431E-01    2.47039E-01    8.85894E-02    1.59531E-01    5.45741E-02
     4.57606E-01    2.25740E+00    7.41042E-01   -8.30033E-02   -3.41401E-01    2.46045E-01    8.83893E-02    1.58694E-01    5.48770E-02
     4.60206E-01    2.24883E+00    7.40432E-01   -7.97479E-02   -3.41347E-01    2.45052E-01    8.81829E-02    1.57859E-01    5.51765E-02
     4.62806E-01    2.24027E+00    7.39768E-01   -7.64948E-02   -3.41269E-01    2.44060E-01    8.79702E-02    1.57027E-01    5.54727E-02
     4.65406E-01    2.23171E+00    7.39050E-01   -7.32443E-02   -3.41166E-01    2.43069E-01    8.77512E-02    1.56198E-01    5.57656E-02
     4.68006E-01    2.22316E+00    7.38277E-01   -6.99964E-02   -3.41040E-01    2.42080E-01    8.75260E-02    1.55371E-01    5.60551E-02
     4.70605E-01    2.21462E+00    7.37451E-01   -6.67517E-02   -3.40889E-01    2.41091E-01    8.72948E-02    1.54548E-01    5.63412E-02
     4.73205E-01    2.20609E+00    7.36572E-01   -6.35101E-02   -3.40715E-01    2.40104E-01    8.70576E-02    1.53727E-01    5.66239E-02
     4.75805E-01    2.19756E+00    7.35639E-01   -6.02720E-02   -3.40517E-01    2.39119E-01    8.68145E-02    1.52910E-01    5.69032E-02
     4.78405E-01    2.18905E+00    7.34654E-01   -5.70376E-02   -3.40295E-01    2.38134E-01    8.65655E-02    1.52096E-01    5.71790E-02
     4.81005E-01    2.18054E+00    7.33616E-01   -5.38072E-02   -3.40049E-01    2.37152E-01    8.63108E-02    1.51285E-01    5.74514E-02
     4.83605E-01    2.17205E+00    7.32526E-01   -5.05809E-02   -3.39780E-01    2.36171E-01    8.60503E-02    1.50477E-01    5.77203E-02
     4.86205E-01    2.16357E+00    7.31385E-01   -4.73591E-02   -3.39487E-01    2.35192E-01    8.57843E-02    1.49672E-01    5.79857E-02
     4.88805E-01    2.15510E+00    7.30193E-01   -4.41419E-02   -3.39171E-01    2.34214E-01    8.55127E-02    1.48871E-01    5.82475E-02
     4.91405E-01    2.14664E+00    7.28949E-01   -4.09295E-02   -3.38831E-01    2.33239E-01    8.52356E-02    1.48073E-01    5.85059E-02
     4.94005E-01    2.13820E+00    7.27655E-01   -3.77222E-02   -3.38468E-01    2.32265E-01    8.49532E-02    1.47278E-01    5.87607E-02
     4.96605E-01    2.12977E+00    7.26311E-01   -3.45203E-02   -3.38083E-01    2.31293E-01    8.46654E-02    1.46487E-01    5.90120E-02
     4.99205E-01    2.12136E+00    7.24916E-01   -3.13239E-02   -3.37674E-01    2.30323E-01    8.43725E-02    1.45700E-01    5.92597E-02
     5.01805E-01    2.11296E+00    7.23473E-01   -2.81333E-02   -3.37242E-01    2.29356E-01    8.40744E-02    1.44915E-01    5.95038E-02
     5.04405E-01    2.10457E+00    7.21980E-01   -2.49486E-02   -3.36787E-01    2.28390E-01    8.37712E-02    1.44135E-01    5.97443E-02
     5.07005E-01    2.09621E+00    7.20439E-01   -2.17702E-02   -3.36310E-01    2.27427E-01    8.34631E-02    1.43358E-01    5.99812E-02
     5.09605E-01    2.08786E+00    7.18849E-01   -1.85982E-02   -3.35810E-01    2.26466E-01    8.31500E-02    1.42585E-01    6.02146E-02
     5.12205E-01    2.07953E+00    7.17212E-01   -1.54329E-02   -3.35287E-01    2.25508E-01    8.28321E-02    1.41816E-01    6.04443E-02
     5.14805E-01    2.07122E+00    7.15527E-01   -1.22745E-02   -3.34743E-01    2.24552E-01    8.25095E-02    1.41050E-01    6.06704E-02
     5.17405E-01    2.06292E+00    7.13795E-01   -9.12315E-03   -3.34175E-01    2.23598E-01    8.21822E-02    1.40288E-01    6.08928E-02
     5.20005E-01    2.05465E+00    7.12016E-01   -5.97914E-03   -3.33586E-01    2.22647E-01    8.18503E-02    1.39530E-01    6.11117E-02
     5.22605E-01    2.04639E+00    7.10192E-01   -2.84267E-03   -3.32975E-01    2.21699E-01    8.15139E-02    1.38776E-01    6.13269E-02
     5.25205E-01    2.03816E+00    7.08321E-01    2.86044E-04   -3.32342E-01    2.20753E-01    8.11731E-02    1.38026E-01    6.15385E-02
     5.27805E-01    2.02995E+00    7.06405E-01    3.40679E-03   -3.31686E-01    2.19810E-01    8.08280E-02    1.37279E-01    6.17464E-02
     5.30405E-01    2.02175E+00    7.04444E-01    6.51936E-03   -3.31010E-01    2.18870E-01    8.04785E-02    1.36537E-01    6.19507E-02
     5.33005E-01    2.01359E+00    7.02438E-01    9.62353E-03   -3.30311E-01    2.17932E-01    8.01249E-02    1.35799E-01    6.21514E-02
     5.35605E-01    2.00544E+00    7.00388E-01    1.27191E-02   -3.29592E-01    2.16998E-01    7.97671E-02    1.35065E-01    6.23484E-02
     5.38205E-01    1.99732E+00    6.98295E-01    1.58058E-02   -3.28850E-01    2.16066E-01    7.94053E-02    1.34334E-01    6.25417E-02
     5.40805E-01    1.98922E+00    6.96158E-01    1.88836E-02   -3.28088E-01    2.15138E-01    7.90396E-02    1.33608E-01    6.27315E-02
     5.43405E-01    1.98114E+00    6.93979E-01    2.19521E-02   -3.27305E-01    2.14212E-01    7.86700E-02    1.32886E-01    6.29175E-02
     5.46005E-01    1.97309E+00    6.91757E-01    2.50111E-02   -3.26501E-01    2.13290E-01    7.82965E-02    1.32169E-01    6.31000E-02
     5.48605E-01    1.96507E+00    6.89493E-01    2.80606E-02   -3.25676E-01    2.12371E-01    7.79194E-02    1.31455E-01    6.32788E-02
     5.51205E-01    1.95707E+00    6.87188E-01    3.11001E-02   -3.24830E-01    2.11455E-01    7.75386E-02    1.30746E-01    6.34540E-02
     5.53805E-01    1.94910E+00    6.84842E-01    3.41297E-02   -3.23964E-01    2.10543E-01    7.71542E-02    1.30041E-01    6.36256E-02
     5.56405E-01    1.94115E+00    6.82455E-01    3.71490E-02   -3.23078E-01    2.09634E-01    7.67664E-02    1.29340E-01    6.37936E-02
     5.59005E-01    1.93323E+00    6.80028E-01    4.01578E-02   -3.22171E-01    2.08728E-01    7.63751E-02    1.28644E-01    6.39579E-02
     5.61605E-01    1.92534E+00    6.77562E-01    4.31561E-02   -3.21244E-01    2.07826E-01    7.59805E-02    1.27952E-01    6.41187E-02
     5.64205E-01    1.91748E+00    6.75056E-01    4.61434E-02   -3.20297E-01    2.06927E-01    7.55826E-02    1.27264E-01    6.42758E-02
     5.66805E-01    1.90965E+00    6.72512E-01    4.91198E-02   -3.19331E-01    2.06032E-01    7.51816E-02    1.26580E-01    6.44294E-02
     5.69405E-01    1.90184E+00    6.69929E-01    5.20849E-02   -3.18345E-01    2.05141E-01    7.47774E-02    1.25901E-01    6.45794E-02
     5.72005E-01    1.89407E+00    6.67309E-01    5.50387E-02   -3.17339E-01    2.04253E-01    7.43702E-02    1.25227E-01    6.47259E-02
     5.74604E-01    1.88633E+00    6.64651E-01    5.79808E-02   -3.16315E-01    2.03369E-01    7.39601E-02    1.24557E-01    6.48687E-02
     5.77204E-01    1.87861E+00    6.61957E-01    6.09112E-02   -3.15271E-01    2.02488E-01    7.35471E-02    1.23891E-01    6.50081E-02
     5.79804E-01    1.87093E+00    6.59226E-01    6.38296E-02   -3.14208E-01    2.01612E-01    7.31312E-02    1.23230E-01    6.51439E-02
     5.82404E-01    1.86328E+00    6.56459E-01    6.67358E-02   -3.13126E-01    2.00739E-01    7.27126E-02    1.22573E-01    6.52762E-02
     5.85004E-01    1.85566E+00    6.53656E-01    6.96297E-02   -3.12025E-01    1.99870E-01    7.22914E-02    1.21921E-01    6.54050E-02
     5.87604E-01    1.84808E+00    6.50819E-01    7.25111E-02   -3.10906E-01    1.99005E-01    7.18676E-02    1.21273E-01    6.55304E-02
     5.90204E-01    1.84052E+00    6.47948E-01    7.53799E-02   -3.09769E-01    1.98144E-01    7.14412E-02    1.20630E-01    6.56522E-02
     5.92804E-01    1.83300E+00    6.45042E-01    7.82357E-02   -3.08613E-01    1.97287E-01    7.10124E-02    1.19992E-01    6.57706E-02
     5.95404E-01    1.82552E+00    6.42103E-01    8.10786E-02   -3.07440E-01    1.96435E-01    7.05812E-02    1.19358E-01    6.58856E-02
     5.98004E-01    1.81807E+00    6.39131E-01    8.39082E-02   -3.06248E-01    1.95586E-01    7.01478E-02    1.18728E-01    6.59971E-02
     6.00604E-01    1.81065E+00    6.36126E-01    8.67245E-02   -3.05039E-01    1.94741E-01    6.97121E-02    1.18104E-01    6.61053E-02
     6.03204E-01    1.80327E+00    6.33089E-01    8.95272E-02   -3.03813E-01    1.93901E-01    6.92742E-02    1.17483E-01    6.62100E-02
     6.05804E-01    1.79592E+00    6.30021E-01    9.23162E-02   -3.02569E-01    1.93065E-01    6.88343E-02    1.16868E-01    6.63114E-02
     6.08404E-01    1.78861E+00    6.26921E-01    9.50913E-02   -3.01308E-01    1.92233E-01    6.83923E-02    1.16257E-01    6.64094E-02
     6.11004E-01    1.78133E+00    6.23791E-01    9.78525E-02   -3.00030E-01    1.91406E-01    6.79484E-02    1.15651E-01    6.65042E-02
     6.13604E-01    1.77410E+00    6.20631E-01    1.00599E-01   -2.98735E-01    1.90583E-01    6.75026E-02    1.15049E-01    6.65956E-02
     6.16204E-01    1.76690E+00    6.17442E-01    1.03332E-01   -2.97424E-01    1.89764E-01    6.70549E-02    1.14452E-01    6.66837E-02
     6.18804E-01    1.75973E+00    6.14223E-01    1.06050E-01   -2.96096E-01    1.88950E-01    6.66056E-02    1.13860E-01    6.67685E-02
     6.21404E-01    1.75260E+00    6.10975E-01    1.08754E-01   -2.94752E-01    1.88140E-01    6.61545E-02    1.13272E-01    6.68502E-02
     6.24004E-01    1.74552E+00    6.07700E-01    1.11442E-01   -2.93392E-01    1.87334E-01    6.57018E-02    1.12689E-01    6.69286E-02
     6.26604E-01    1.73847E+00    6.04396E-01    1.14116E-01   -2.92016E-01    1.86534E-01    6.52476E-02    1.12111E-01    6.70038E-02
     6.29204E-01    1.73145E+00    6.01066E-01    1.16775E-01   -2.90624E-01    1.85737E-01    6.47919E-02    1.11538E-01    6.70758E-02
     6.31804E-01    1.72448E+00    5.97709E-01    1.19418E-01   -2.89217E-01    1.84946E-01    6.43348E-02    1.10969E-01    6.71447E-02
     6.34404E-01    1.71755E+00    5.94325E-01    1.22046E-01   -2.87794E-01    1.84159E-01    6.38763E-02    1.10404E-01    6.72104E-02
     6.37004E-01    1.71066E+00    5.90916E-01    1.24659E-01   -2.86357E-01    1.83376E-01    6.34165E-02    1.09845E-01    6.72731E-02
     6.39604E-01    1.70380E+00    5.87482E-01    1.27256E-01   -2.84904E-01    1.82599E-01    6.29555E-02    1.09290E-01    6.73327E-02
     6.42204E-01    1.69699E+00    5.84022E-01    1.29837E-01   -2.83437E-01    1.81826E-01    6.24933E-02    1.08740E-01    6.73893E-02
     6.44804E-01    1.69022E+00    5.80539E-01    1.32402E-01   -2.81955E-01    1.81058E-01    6.20301E-02    1.08195E-01    6.74428E-02
     6.47404E-01    1.68348E+00    5.77032E-01    1.34951E-01   -2.80459E-01    1.80294E-01    6.15657E-02    1.07654E-01    6.74933E-02
     6.50004E-01    1.67679E+00    5.73501E-01    1.37485E-01   -2.78949E-01    1.79536E-01    6.11004E-02    1.07118E-01    6.75409E-02
     6.52604E-01    1.67014E+00    5.69948E-01    1.40001E-01   -2.77425E-01    1.78782E-01    6.06342E-02    1.06587E-01    6.75855E-02
     6.55204E-01    1.66354E+00    5.66372E-01    1.42502E-01   -2.75887E-01    1.78033E-01    6.01670E-02    1.06060E-01    6.76273E-02
     6.57804E-01    1.65697E+00    5.62775E-01    1.44986E-01   -2.74335E-01    1.77289E-01    5.96991E-02    1.05538E-01    6.76661E-02
     6.60404E-01    1.65045E+00    5.59156E-01    1.47453E-01   -2.72770E-01    1.76550E-01    5.92304E-02    1.05021E-01    6.77021E-02
     6.63004E-01    1.64397E+00    5.55516E-01    1.49904E-01   -2.71192E-01    1.75816E-01    5.87610E-02    1.04509E-01    6.77353E-02
     6.65604E-01    1.63753E+00    5.51856E-01    1.52338E-01   -2.69601E-01    1.75087E-01    5.82910E-02    1.04001E-01    6.77657E-02
     6.68204E-01    1.63113E+00    5.48176E-01    1.54755E-01   -2.67998E-01    1.74363E-01    5.78204E-02    1.03498E-01    6.77933E-02
     6.70804E-01    1.62478E+00    5.44476E-01    1.57154E-01   -2.66381E-01    1.73644E-01    5.73493E-02    1.02999E-01    6.78182E-02
     6.73404E-01    1.61847E+00    5.40757E-01    1.59537E-01   -2.64753E-01    1.72930E-01    5.68777E-02    1.02505E-01    6.78404E-02
     6.76003E-01    1.61221E+00    5.37020E-01    1.61903E-01   -2.63112E-01    1.72221E-01    5.64056E-02    1.02016E-01    6.78600E-02
     6.78603E-01    1.60599E+00    5.33265E-01    1.64251E-01   -2.61459E-01    1.71517E-01    5.59332E-02    1.01532E-01    6.78769E-02
     6.81203E-01    1.59981E+00    5.29492E-01    1.66581E-01   -2.59795E-01    1.70818E-01    5.54605E-02    1.01052E-01    6.78912E-02
     6.83803E-01    1.59368E+00    5.25702E-01    1.68895E-01   -2.58119E-01    1.70124E-01    5.49875E-02    1.00577E-01    6.79029E-02
     6.86403E-01    1.58759E+00    5.21895E-01    1.71190E-01   -2.56432E-01    1.69436E-01    5.45143E-02    1.00106E-01    6.79121E-02
     6.89003E-01    1.58155E+00    5.18072E-01    1.73468E-01   -2.54734E-01    1.68752E-01    5.40409E-02    9.96404E-02    6.79188E-02
     6.91603E-01    1.57555E+00    5.14234E-01    1.75728E-01   -2.53024E-01    1.68074E-01    5.35675E-02    9.91791E-02    6.79230E-02
     6.94203E-01    1.56960E+00    5.10380E-01    1.77971E-01   -2.51304E-01    1.67401E-01    5.30939E-02    9.87225E-02    6.79248E-02
     6.96803E-01    1.56370E+00    5.06511E-01    1.80195E-01   -2.49574E-01    1.66733E-01    5.26203E-02    9.82704E-02    6.79241E-02
     6.99403E-01    1.55783E+00    5.02628E-01    1.82402E-01   -2.47833E-01    1.66071E-01    5.21468E-02    9.78229E-02    6.79211E-02
     7.02003E-01    1.55202E+00    4.98731E-01    1.84590E-01   -2.46082E-01    1.65413E-01    5.16733E-02    9.73800E-02    6.79158E-02
     7.04603E-01    1.54625E+00    4.94820E-01    1.86761E-01   -2.44321E-01    1.64761E-01    5.11999E-02    9.69416E-02    6.79081E-02
     7.07203E-01    1.54053E+00    4.90896E-01    1.88913E-01   -2.42551E-01    1.64114E-01    5.07267E-02    9.65078E-02    6.78982E-02
     7.09803E-01    1.53485E+00    4.86960E-01    1.91047E-01   -2.40771E-01    1.63473E-01    5.02538E-02    9.60786E-02    6.78861E-02
     7.12403E-01    1.52922E+00    4.83011E-01    1.93162E-01   -2.38982E-01    1.62837E-01    4.97810E-02    9.56538E-02    6.78717E-02
     7.15003E-01    1.52363E+00    4.79051E-01    1.95259E-01   -2.37184E-01    1.62206E-01    4.93086E-02    9.52336E-02    6.78552E-02
     7.17603E-01    1.51809E+00    4.75080E-01    1.97338E-01   -2.35377E-01    1.61580E-01    4.88365E-02    9.48179E-02    6.78366E-02
     7.20203E-01    1.51260E+00    4.71097E-01    1.99399E-01   -2.33561E-01    1.60960E-01    4.83647E-02    9.44067E-02    6.78159E-02
     7.22803E-01    1.50716E+00    4.67105E-01    2.01441E-01   -2.31737E-01    1.60345E-01    4.78934E-02    9.40000E-02    6.77931E-02
     7.25403E-01    1.50176E+00    4.63102E-01    2.03464E-01   -2.29905E-01    1.59736E-01    4.74226E-02    9.35977E-02    6.77683E-02
     7.28003E-01    1.49641E+00    4.59089E-01    2.05469E-01   -2.28064E-01    1.59131E-01    4.69522E-02    9.31999E-02    6.77415E-02
     7.30603E-01    1.49111E+00    4.55068E-01    2.07455E-01   -2.26216E-01    1.58533E-01    4.64824E-02    9.28066E-02    6.77128E-02
     7.33203E-01    1.48585E+00    4.51037E-01    2.09422E-01   -2.24360E-01    1.57939E-01    4.60132E-02    9.24176E-02    6.76821E-02
     7.35803E-01    1.48064E+00    4.46999E-01    2.11371E-01   -2.22497E-01    1.57351E-01    4.55445E-02    9.20330E-02    6.76496E-02
     7.38403E-01    1.47548E+00    4.42952E-01    2.13301E-01   -2.20627E-01    1.56769E-01    4.50765E-02    9.16529E-02    6.76153E-02
     7.41003E-01    1.47037E+00    4.38898E-01    2.15212E-01   -2.18749E-01    1.56192E-01    4.46092E-02    9.12771E-02    6.75791E-02
     7.43603E-01    1.46530E+00    4.34837E-01    2.17105E-01   -2.16865E-01    1.55620E-01    4.41426E-02    9.09057E-02    6.75412E-02
     7.46203E-01    1.46029E+00    4.30769E-01    2.18978E-01   -2.14974E-01    1.55054E-01    4.36768E-02    9.05386E-02    6.75016E-02
     7.48803E-01    1.45532E+00    4.26694E-01    2.20833E-01   -2.13077E-01    1.54493E-01    4.32118E-02    9.01758E-02    6.74602E-02
     7.51403E-01    1.45039E+00    4.22614E-01    2.22669E-01   -2.11174E-01    1.53937E-01    4.27475E-02    8.98173E-02    6.74172E-02
     7.54003E-01    1.44552E+00    4.18528E-01    2.24486E-01   -2.09264E-01    1.53387E-01    4.22842E-02    8.94632E-02    6.73727E-02
     7.56603E-01    1.44069E+00    4.14437E-01    2.26284E-01   -2.07349E-01    1.52843E-01    4.18217E-02    8.91133E-02    6.73265E-02
     7.59203E-01    1.43591E+00    4.10341E-01    2.28064E-01   -2.05428E-01    1.52303E-01    4.13601E-02    8.87676E-02    6.72788E-02
     7.61803E-01    1.43118E+00    4.06241E-01    2.29824E-01   -2.03502E-01    1.51770E-01    4.08994E-02    8.84262E-02    6.72296E-02
     7.64403E-01    1.42650E+00    4.02137E-01    2.31566E-01   -2.01570E-01    1.51242E-01    4.04398E-02    8.80890E-02    6.71789E-02
     7.67003E-01    1.42187E+00    3.98029E-01    2.33288E-01   -1.99634E-01    1.50719E-01    3.99811E-02    8.77560E-02    6.71268E-02
     7.69603E-01    1.41728E+00    3.93918E-01    2.34992E-01   -1.97692E-01    1.50202E-01    3.95235E-02    8.74272E-02    6.70733E-02
     7.72203E-01    1.41275E+00    3.89804E-01    2.36677E-01   -1.95746E-01    1.49690E-01    3.90669E-02    8.71026E-02    6.70184E-02
     7.74803E-01    1.40826E+00    3.85687E-01    2.38343E-01   -1.93796E-01    1.49183E-01    3.86114E-02    8.67820E-02    6.69623E-02
     7.77403E-01    1.40382E+00    3.81568E-01    2.39990E-01   -1.91841E-01    1.48682E-01    3.81570E-02    8.64657E-02    6.69049E-02
     7.80003E-01    1.39942E+00    3.77447E-01    2.41618E-01   -1.89882E-01    1.48187E-01    3.77037E-02    8.61534E-02    6.68462E-02
     7.82602E-01    1.39508E+00    3.73325E-01    2.43227E-01   -1.87920E-01    1.47697E-01    3.72517E-02    8.58452E-02    6.67863E-02
     7.85202E-01    1.39078E+00    3.69202E-01    2.44817E-01   -1.85953E-01    1.47212E-01    3.68007E-02    8.55411E-02    6.67253E-02
     7.87802E-01    1.38654E+00    3.65077E-01    2.46389E-01   -1.83983E-01    1.46733E-01    3.63510E-02    8.52410E-02    6.66631E-02
     7.90402E-01    1.38234E+00    3.60953E-01    2.47942E-01   -1.82010E-01    1.46260E-01    3.59026E-02    8.49450E-02    6.65999E-02
     7.93002E-01    1.37819E+00    3.56828E-01    2.49475E-01   -1.80034E-01    1.45791E-01    3.54553E-02    8.46529E-02    6.65356E-02
     7.95602E-01    1.37408E+00    3.52703E-01    2.50990E-01   -1.78055E-01    1.45329E-01    3.50094E-02    8.43649E-02    6.64703E-02
     7.98202E-01    1.37003E+00    3.48579E-01    2.52487E-01   -1.76073E-01    1.44871E-01    3.45647E-02    8.40808E-02    6.64041E-02
     8.00802E-01    1.36602E+00    3.44456E-01    2.53964E-01   -1.74088E-01    1.44420E-01    3.41214E-02    8.38006E-02    6.63369E-02
     8.03402E-01    1.36207E+00    3.40334E-01    2.55423E-01   -1.72101E-01    1.43973E-01    3.36794E-02    8.35244E-02    6.62688E-02
     8.06002E-01    1.35816E+00    3.36213E-01    2.56863E-01   -1.70112E-01    1.43532E-01    3.32387E-02    8.32521E-02    6.61998E-02
     8.08602E-01    1.35429E+00    3.32094E-01    2.58284E-01   -1.68120E-01    1.43097E-01    3.27994E-02    8.29837E-02    6.61301E-02
     8.11202E-01    1.35048E+00    3.27977E-01    2.59687E-01   -1.66127E-01    1.42667E-01    3.23615E-02    8.27191E-02    6.60595E-02
     8.13802E-01    1.34672E+00    3.23863E-01    2.61071E-01   -1.64132E-01    1.42242E-01    3.19250E-02    8.24584E-02    6.59882E-02
     8.16402E-01    1.34300E+00    3.19751E-01    2.62436E-01   -1.62136E-01    1.41823E-01    3.14899E-02    8.22015E-02    6.59162E-02
     8.19002E-01    1.33933E+00    3.15642E-01    2.63783E-01   -1.60138E-01    1.41409E-01    3.10563E-02    8.19485E-02    6.58436E-02
     8.21602E-01    1.33571E+00    3.11537E-01    2.65112E-01   -1.58139E-01    1.41000E-01    3.06241E-02    8.16991E-02    6.57703E-02
     8.24202E-01    1.33213E+00    3.07435E-01    2.66422E-01   -1.56138E-01    1.40597E-01    3.01934E-02    8.14536E-02    6.56964E-02
     8.26802E-01    1.32861E+00    3.03337E-01    2.67713E-01   -1.54137E-01    1.40200E-01    2.97641E-02    8.12118E-02    6.56219E-02
     8.29402E-01    1.32513E+00    2.99243E-01    2.68986E-01   -1.52136E-01    1.39808E-01    2.93364E-02    8.09737E-02    6.55469E-02
     8.32002E-01    1.32170E+00    2.95153E-01    2.70241E-01   -1.50133E-01    1.39421E-01    2.89102E-02    8.07393E-02    6.54715E-02
     8.34602E-01    1.31832E+00    2.91068E-01    2.71478E-01   -1.48131E-01    1.39039E-01    2.84854E-02    8.05086E-02    6.53956E-02
     8.37202E-01    1.31498E+00    2.86988E-01    2.72696E-01   -1.46128E-01    1.38663E-01    2.80623E-02    8.02815E-02    6.53193E-02
     8.39802E-01    1.31169E+00    2.82914E-01    2.73896E-01   -1.44125E-01    1.38292E-01    2.76406E-02    8.00581E-02    6.52426E-02
     8.42402E-01    1.30845E+00    2.78844E-01    2.75078E-01   -1.42122E-01    1.37927E-01    2.72205E-02    7.98383E-02    6.51656E-02
     8.45002E-01    1.30526E+00    2.74781E-01    2.76242E-01   -1.40120E-01    1.37567E-01    2.68020E-02    7.96221E-02    6.50883E-02
     8.47602E-01    1.30212E+00    2.70723E-01    2.77388E-01   -1.38118E-01    1.37212E-01    2.63851E-02    7.94094E-02    6.50107E-02
     8.50202E-01    1.29902E+00    2.66672E-01    2.78515E-01   -1.36116E-01    1.36862E-01    2.59697E-02    7.92003E-02    6.49329E-02
     8.52802E-01    1.29597E+00    2.62627E-01    2.79625E-01   -1.34115E-01    1.36518E-01    2.55559E-02    7.89948E-02    6.48550E-02
     8.55402E-01    1.29296E+00    2.58589E-01    2.80717E-01   -1.32115E-01    1.36179E-01    2.51438E-02    7.87927E-02    6.47768E-02
     8.58002E-01    1.29001E+00    2.54557E-01    2.81792E-01   -1.30116E-01    1.35846E-01    2.47332E-02    7.85941E-02    6.46986E-02
     8.60602E-01    1.28709E+00    2.50533E-01    2.82848E-01   -1.28118E-01    1.35517E-01    2.43243E-02    7.83990E-02    6.46203E-02
     8.63202E-01    1.28423E+00    2.46517E-01    2.83887E-01   -1.26122E-01    1.35194E-01    2.39169E-02    7.82074E-02    6.45419E-02
     8.65802E-01    1.28141E+00    2.42508E-01    2.84908E-01   -1.24127E-01    1.34876E-01    2.35113E-02    7.80191E-02    6.44636E-02
     8.68402E-01    1.27864E+00    2.38506E-01    2.85911E-01   -1.22133E-01    1.34564E-01    2.31072E-02    7.78343E-02    6.43853E-02
     8.71002E-01    1.27592E+00    2.34513E-01    2.86897E-01   -1.20142E-01    1.34256E-01    2.27048E-02    7.76528E-02    6.43070E-02
     8.73602E-01    1.27324E+00    2.30529E-01    2.87866E-01   -1.18152E-01    1.33954E-01    2.23040E-02    7.74747E-02    6.42289E-02
     8.76202E-01    1.27061E+00    2.26552E-01    2.88817E-01   -1.16164E-01    1.33657E-01    2.19049E-02    7.73000E-02    6.41509E-02
     8.78802E-01    1.26802E+00    2.22585E-01    2.89751E-01   -1.14178E-01    1.33365E-01    2.15074E-02    7.71286E-02    6.40730E-02
     8.81402E-01    1.26548E+00    2.18626E-01    2.90667E-01   -1.12195E-01    1.33079E-01    2.11116E-02    7.69604E-02    6.39954E-02
     8.84001E-01    1.26299E+00    2.14676E-01    2.91567E-01   -1.10214E-01    1.32797E-01    2.07174E-02    7.67956E-02    6.39180E-02
     8.86601E-01    1.26054E+00    2.10736E-01    2.92449E-01   -1.08235E-01    1.32521E-01    2.03249E-02    7.66340E-02    6.38409E-02
     8.89201E-01    1.25814E+00    2.06805E-01    2.93314E-01   -1.06259E-01    1.32250E-01    1.99340E-02    7.64756E-02    6.37642E-02
     8.91801E-01    1.25578E+00    2.02884E-01    2.94162E-01   -1.04286E-01    1.31984E-01    1.95449E-02    7.63205E-02    6.36877E-02
     8.94401E-01    1.25347E+00    1.98973E-01    2.94994E-01   -1.02316E-01    1.31723E-01    1.91574E-02    7.61685E-02    6.36117E-02
     8.97001E-01    1.25120E+00    1.95072E-01    2.95808E-01   -1.00349E-01    1.31467E-01    1.87715E-02    7.60198E-02    6.35361E-02
     8.99601E-01    1.24898E+00    1.91181E-01    2.96606E-01   -9.83852E-02    1.31216E-01    1.83873E-02    7.58742E-02    6.34609E-02
     9.02201E-01    1.24680E+00    1.87300E-01    2.97387E-01   -9.64246E-02    1.30971E-01    1.80048E-02    7.57317E-02    6.33863E-02
     9.04801E-01    1.24467E+00    1.83430E-01    2.98151E-01   -9.44675E-02    1.30730E-01    1.76240E-02    7.55924E-02    6.33122E-02
     9.07401E-01    1.24258E+00    1.79571E-01    2.98899E-01   -9.25139E-02    1.30494E-01    1.72448E-02    7.54561E-02    6.32386E-02
     9.10001E-01    1.24054E+00    1.75723E-01    2.99630E-01   -9.05640E-02    1.30264E-01    1.68673E-02    7.53230E-02    6.31656E-02
     9.12601E-01    1.23854E+00    1.71885E-01    3.00345E-01   -8.86179E-02    1.30038E-01    1.64915E-02    7.51928E-02    6.30933E-02
     9.15201E-01    1.23658E+00    1.68059E-01    3.01044E-01   -8.66757E-02    1.29818E-01    1.61173E-02    7.50658E-02    6.30216E-02
     9.17801E-01    1.23467E+00    1.64245E-01    3.01726E-01   -8.47375E-02    1.29602E-01    1.57448E-02    7.49417E-02    6.29506E-02
     9.20401E-01    1.23281E+00    1.60442E-01    3.02392E-01   -8.28034E-02    1.29391E-01    1.53739E-02    7.48207E-02    6.28804E-02
     9.23001E-01    1.23098E+00    1.56650E-01    3.03042E-01   -8.08736E-02    1.29185E-01    1.50047E-02    7.47026E-02    6.28109E-02
     9.25601E-01    1.22920E+00    1.52871E-01    3.03676E-01   -7.89481E-02    1.28985E-01    1.46371E-02    7.45875E-02    6.27422E-02
     9.28201E-01    1.22747E+00    1.49103E-01    3.04295E-01   -7.70270E-02    1.28789E-01    1.42712E-02    7.44754E-02    6.26744E-02
     9.30801E-01    1.22578E+00    1.45348E-01    3.04897E-01   -7.51106E-02    1.28598E-01    1.39069E-02    7.43661E-02    6.26074E-02
     9.33401E-01    1.22413E+00    1.41605E-01    3.05483E-01   -7.31988E-02    1.28412E-01    1.35443E-02    7.42598E-02    6.25413E-02
     9.36001E-01    1.22252E+00    1.37874E-01    3.06054E-01   -7.12918E-02    1.28230E-01    1.31833E-02    7.41564E-02    6.24762E-02
     9.38601E-01    1.22096E+00    1.34156E-01    3.06609E-01   -6.93897E-02    1.28054E-01    1.28240E-02    7.40558E-02    6.24120E-02
     9.41201E-01    1.21944E+00    1.30450E-01    3.07148E-01   -6.74925E-02    1.27882E-01    1.24662E-02    7.39581E-02    6.23489E-02
     9.43801E-01    1.21796E+00    1.26757E-01    3.07672E-01   -6.56005E-02    1.27715E-01    1.21101E-02    7.38632E-02    6.22867E-02
     9.46401E-01    1.21653E+00    1.23077E-01    3.08181E-01   -6.37136E-02    1.27553E-01    1.17556E-02    7.37712E-02    6.22257E-02
     9.49001E-01    1.21513E+00    1.19410E-01    3.08674E-01   -6.18321E-02    1.27396E-01    1.14027E-02    7.36819E-02    6.21657E-02
     9.51601E-01    1.21378E+00    1.15757E-01    3.09152E-01   -5.99559E-02    1.27244E-01    1.10514E-02    7.35955E-02    6.21069E-02
     9.54201E-01    1.21247E+00    1.12116E-01    3.09615E-01   -5.80852E-02    1.27096E-01    1.07017E-02    7.35118E-02    6.20492E-02
     9.56801E-01    1.21121E+00    1.08489E-01    3.10063E-01   -5.62201E-02    1.26953E-01    1.03536E-02    7.34308E-02    6.19928E-02
     9.59401E-01    1.20998E+00    1.04875E-01    3.10496E-01   -5.43606E-02    1.26815E-01    1.00071E-02    7.33526E-02    6.19376E-02
     9.62001E-01    1.20880E+00    1.01275E-01    3.10914E-01   -5.25070E-02    1.26681E-01    9.66213E-03    7.32771E-02    6.18836E-02
     9.64601E-01    1.20766E+00    9.76889E-02    3.11317E-01   -5.06592E-02    1.26552E-01    9.31874E-03    7.32043E-02    6.18309E-02
     9.67201E-01    1.20655E+00    9.41163E-02    3.11705E-01   -4.88173E-02    1.26427E-01    8.97692E-03    7.31341E-02    6.17796E-02
     9.69801E-01    1.20549E+00    9.05575E-02    3.12079E-01   -4.69815E-02    1.26308E-01    8.63664E-03    7.30666E-02    6.17296E-02
     9.72401E-01    1.20447E+00    8.70127E-02    3.12437E-01   -4.51518E-02    1.26193E-01    8.29790E-03    7.30018E-02    6.16811E-02
     9.75001E-01    1.20349E+00    8.34820E-02    3.12782E-01   -4.33283E-02    1.26082E-01    7.96070E-03    7.29396E-02    6.16339E-02
     9.77601E-01    1.20256E+00    7.99654E-02    3.13112E-01   -4.15111E-02    1.25976E-01    7.62502E-03    7.28801E-02    6.15882E-02
     9.80201E-01    1.20166E+00    7.64631E-02    3.13427E-01   -3.97004E-02    1.25875E-01    7.29086E-03    7.28231E-02    6.15440E-02
     9.82801E-01    1.20080E+00    7.29751E-02    3.13729E-01   -3.78961E-02    1.25778E-01    6.95821E-03    7.27687E-02    6.15014E-02
     9.85401E-01    1.19998E+00    6.95015E-02    3.14016E-01   -3.60983E-02    1.25686E-01    6.62705E-03    7.27169E-02    6.14603E-02
     9.88001E-01    1.19920E+00    6.60424E-02    3.14288E-01   -3.43072E-02    1.25598E-01    6.29738E-03    7.26676E-02    6.14207E-02
     9.90600E-01    1.19847E+00    6.25979E-02    3.14547E-01   -3.25229E-02    1.25514E-01    5.96919E-03    7.26209E-02    6.13828E-02
     9.93200E-01    1.19777E+00    5.91680E-02    3.14792E-01   -3.07453E-02    1.25435E-01    5.64247E-03    7.25767E-02    6.13466E-02
     9.95800E-01    1.19711E+00    5.57529E-02    3.15023E-01   -2.89746E-02    1.25361E-01    5.31720E-03    7.25350E-02    6.13120E-02
     9.98400E-01    1.19649E+00    5.23525E-02    3.15240E-01   -2.72109E-02    1.25291E-01    4.99338E-03    7.24958E-02    6.12791E-02
     1.00100E+00    1.19590E+00    4.89671E-02    3.15444E-01   -2.54542E-02    1.25225E-01    4.67100E-03    7.24590E-02    6.12480E-02
     1.00360E+00    1.19536E+00    4.55965E-02    3.15633E-01   -2.37047E-02    1.25164E-01    4.35005E-03    7.24248E-02    6.12187E-02
     1.00620E+00    1.19486E+00    4.22410E-02    3.15809E-01   -2.19623E-02    1.25107E-01    4.03051E-03    7.23930E-02    6.11912E-02
     1.00880E+00    1.19439E+00    3.89005E-02    3.15972E-01   -2.02272E-02    1.25054E-01    3.71237E-03    7.23636E-02    6.11655E-02
     1.01140E+00    1.19396E+00    3.55752E-02    3.16121E-01   -1.84995E-02    1.25006E-01    3.39563E-03    7.23367E-02    6.11417E-02
     1.01400E+00    1.19357E+00    3.22650E-02    3.16257E-01   -1.67792E-02    1.24962E-01    3.08027E-03    7.23121E-02    6.11198E-02
     1.01660E+00    1.19322E+00    2.89701E-02    3.16379E-01   -1.50663E-02    1.24923E-01    2.76627E-03    7.22900E-02    6.10998E-02
     1.01920E+00    1.19291E+00    2.56905E-02    3.16489E-01   -1.33611E-02    1.24887E-01    2.45364E-03    7.22702E-02    6.10818E-02
     1.02180E+00    1.19263E+00    2.24263E-02    3.16585E-01   -1.16635E-02    1.24856E-01    2.14235E-03    7.22529E-02    6.10658E-02
     1.02440E+00    1.19239E+00    1.91774E-02    3.16668E-01   -9.97358E-03    1.24829E-01    1.83240E-03    7.22378E-02    6.10518E-02
     1.02700E+00    1.19219E+00    1.59441E-02    3.16738E-01   -8.29146E-03    1.24806E-01    1.52376E-03    7.22251E-02    6.10399E-02
     1.02960E+00    1.19203E+00    1.27262E-02    3.16795E-01   -6.61719E-03    1.24788E-01    1.21644E-03    7.22148E-02    6.10301E-02
     1.03220E+00    1.19190E+00    9.52391E-03    3.16839E-01   -4.95084E-03    1.24773E-01    9.10417E-04    7.22068E-02    6.10224E-02
     1.03480E+00    1.19181E+00    6.33722E-03    3.16871E-01   -3.29248E-03    1.24763E-01    6.05677E-04    7.22011E-02    6.10169E-02
     1.03740E+00    1.19176E+00    3.16619E-03    3.16890E-01   -1.64218E-03    1.24757E-01    3.02209E-04    7.21976E-02    6.10135E-02
     1.04000E+00    1.19174E+00    1.08519E-05    3.16896E-01    0.00000E+00    1.24755E-01    7.82657E-25    7.21965E-02    6.10124E-02
