     1.00000E-05    3.77997E+00   -3.28683E-05   -6.31867E-01   -1.82721E-05    4.62623E-01    7.39958E-06    3.76860E-01    8.72599E-11
     8.75997E-03    3.77921E+00    3.68350E-02   -6.31588E-01   -1.60027E-02    4.62527E-01    6.48006E-03    3.76744E-01    6.69410E-05
     1.75099E-02    3.77695E+00    7.35783E-02   -6.30753E-01   -3.19651E-02    4.62239E-01    1.29410E-02    3.76397E-01    2.67235E-04
     2.62599E-02    3.77317E+00    1.10223E-01   -6.29364E-01   -4.78839E-02    4.61760E-01    1.93785E-02    3.75819E-01    6.00214E-04
     3.50099E-02    3.76790E+00    1.46719E-01   -6.27423E-01   -6.37373E-02    4.61090E-01    2.57810E-02    3.75012E-01    1.06477E-03
     4.37599E-02    3.76114E+00    1.83019E-01   -6.24935E-01   -7.95039E-02    4.60230E-01    3.21370E-02    3.73977E-01    1.65937E-03
     5.25098E-02    3.75289E+00    2.19074E-01   -6.21905E-01   -9.51625E-02    4.59182E-01    3.84353E-02    3.72717E-01    2.38204E-03
     6.12598E-02    3.74318E+00    2.54837E-01   -6.18338E-01   -1.10692E-01    4.57947E-01    4.46647E-02    3.71235E-01    3.23040E-03
     7.00098E-02    3.73201E+00    2.90261E-01   -6.14243E-01   -1.26073E-01    4.56526E-01    5.08144E-02    3.69535E-01    4.20166E-03
     7.87598E-02    3.71941E+00    3.25300E-01   -6.09627E-01   -1.41285E-01    4.54923E-01    5.68740E-02    3.67619E-01    5.29266E-03
     8.75097E-02    3.70539E+00    3.59910E-01   -6.04500E-01   -1.56308E-01    4.53138E-01    6.28331E-02    3.65492E-01    6.49984E-03
     9.62597E-02    3.68997E+00    3.94047E-01   -5.98871E-01   -1.71124E-01    4.51175E-01    6.86820E-02    3.63160E-01    7.81932E-03
     1.05010E-01    3.67318E+00    4.27669E-01   -5.92753E-01   -1.85715E-01    4.49037E-01    7.44111E-02    3.60626E-01    9.24687E-03
     1.13760E-01    3.65505E+00    4.60736E-01   -5.86157E-01   -2.00063E-01    4.46726E-01    8.00116E-02    3.57898E-01    1.07779E-02
     1.22510E-01    3.63559E+00    4.93207E-01   -5.79096E-01   -2.14152E-01    4.44245E-01    8.54747E-02    3.54979E-01    1.24077E-02
     1.31260E-01    3.61484E+00    5.25046E-01   -5.71583E-01   -2.27965E-01    4.41598E-01    9.07924E-02    3.51878E-01    1.41311E-02
     1.40010E-01    3.59284E+00    5.56215E-01   -5.63633E-01   -2.41489E-01    4.38789E-01    9.59570E-02    3.48599E-01    1.59428E-02
     1.48760E-01    3.56960E+00    5.86681E-01   -5.55261E-01   -2.54708E-01    4.35822E-01    1.00962E-01    3.45151E-01    1.78372E-02
     1.57510E-01    3.54517E+00    6.16410E-01   -5.46482E-01   -2.67610E-01    4.32699E-01    1.05799E-01    3.41541E-01    1.98086E-02
     1.66260E-01    3.51958E+00    6.45373E-01   -5.37312E-01   -2.80182E-01    4.29427E-01    1.10465E-01    3.37775E-01    2.18511E-02
     1.75010E-01    3.49286E+00    6.73541E-01   -5.27768E-01   -2.92412E-01    4.26009E-01    1.14952E-01    3.33861E-01    2.39588E-02
     1.83759E-01    3.46506E+00    7.00886E-01   -5.17866E-01   -3.04291E-01    4.22450E-01    1.19256E-01    3.29807E-01    2.61254E-02
     1.92509E-01    3.43622E+00    7.27383E-01   -5.07624E-01   -3.15808E-01    4.18753E-01    1.23372E-01    3.25620E-01    2.83449E-02
     2.01259E-01    3.40636E+00    7.53011E-01   -4.97059E-01   -3.26956E-01    4.14925E-01    1.27298E-01    3.21310E-01    3.06108E-02
     2.10009E-01    3.37554E+00    7.77749E-01   -4.86190E-01   -3.37726E-01    4.10971E-01    1.31029E-01    3.16883E-01    3.29171E-02
     2.18759E-01    3.34379E+00    8.01576E-01   -4.75033E-01   -3.48112E-01    4.06894E-01    1.34564E-01    3.12349E-01    3.52573E-02
     2.27509E-01    3.31116E+00    8.24479E-01   -4.63607E-01   -3.58109E-01    4.02701E-01    1.37899E-01    3.07715E-01    3.76252E-02
     2.36259E-01    3.27768E+00    8.46441E-01   -4.51930E-01   -3.67711E-01    3.98397E-01    1.41034E-01    3.02989E-01    4.00147E-02
     2.45009E-01    3.24341E+00    8.67450E-01   -4.40020E-01   -3.76915E-01    3.93986E-01    1.43968E-01    2.98180E-01    4.24195E-02
     2.53759E-01    3.20838E+00    8.87497E-01   -4.27894E-01   -3.85718E-01    3.89475E-01    1.46700E-01    2.93296E-01    4.48338E-02
     2.62509E-01    3.17264E+00    9.06573E-01   -4.15572E-01   -3.94118E-01    3.84869E-01    1.49230E-01    2.88345E-01    4.72515E-02
     2.71259E-01    3.13623E+00    9.24671E-01   -4.03070E-01   -4.02114E-01    3.80173E-01    1.51559E-01    2.83334E-01    4.96669E-02
     2.80009E-01    3.09920E+00    9.41789E-01   -3.90406E-01   -4.09705E-01    3.75393E-01    1.53688E-01    2.78272E-01    5.20743E-02
     2.88759E-01    3.06158E+00    9.57922E-01   -3.77597E-01   -4.16893E-01    3.70534E-01    1.55619E-01    2.73167E-01    5.44684E-02
     2.97509E-01    3.02343E+00    9.73072E-01   -3.64661E-01   -4.23677E-01    3.65603E-01    1.57353E-01    2.68026E-01    5.68437E-02
     3.06259E-01    2.98478E+00    9.87239E-01   -3.51613E-01   -4.30062E-01    3.60604E-01    1.58893E-01    2.62856E-01    5.91953E-02
     3.15009E-01    2.94568E+00    1.00043E+00   -3.38471E-01   -4.36048E-01    3.55543E-01    1.60242E-01    2.57665E-01    6.15182E-02
     3.23759E-01    2.90618E+00    1.01264E+00   -3.25250E-01   -4.41640E-01    3.50426E-01    1.61402E-01    2.52460E-01    6.38079E-02
     3.32509E-01    2.86630E+00    1.02389E+00   -3.11965E-01   -4.46841E-01    3.45258E-01    1.62378E-01    2.47248E-01    6.60599E-02
     3.41259E-01    2.82610E+00    1.03418E+00   -2.98632E-01   -4.51656E-01    3.40044E-01    1.63173E-01    2.42034E-01    6.82700E-02
     3.50009E-01    2.78562E+00    1.04352E+00   -2.85266E-01   -4.56091E-01    3.34791E-01    1.63792E-01    2.36827E-01    7.04344E-02
     3.58759E-01    2.74489E+00    1.05192E+00   -2.71880E-01   -4.60151E-01    3.29502E-01    1.64238E-01    2.31631E-01    7.25493E-02
     3.67509E-01    2.70396E+00    1.05940E+00   -2.58489E-01   -4.63842E-01    3.24184E-01    1.64517E-01    2.26453E-01    7.46112E-02
     3.76259E-01    2.66286E+00    1.06596E+00   -2.45105E-01   -4.67171E-01    3.18842E-01    1.64633E-01    2.21298E-01    7.66171E-02
     3.85009E-01    2.62163E+00    1.07164E+00   -2.31741E-01   -4.70145E-01    3.13480E-01    1.64591E-01    2.16171E-01    7.85640E-02
     3.93759E-01    2.58032E+00    1.07643E+00   -2.18410E-01   -4.72772E-01    3.08104E-01    1.64397E-01    2.11078E-01    8.04492E-02
     4.02509E-01    2.53894E+00    1.08036E+00   -2.05123E-01   -4.75058E-01    3.02718E-01    1.64056E-01    2.06024E-01    8.22703E-02
     4.11259E-01    2.49755E+00    1.08345E+00   -1.91891E-01   -4.77012E-01    2.97327E-01    1.63573E-01    2.01013E-01    8.40252E-02
     4.20009E-01    2.45617E+00    1.08572E+00   -1.78725E-01   -4.78643E-01    2.91937E-01    1.62954E-01    1.96049E-01    8.57119E-02
     4.28759E-01    2.41483E+00    1.08718E+00   -1.65634E-01   -4.79959E-01    2.86550E-01    1.62206E-01    1.91137E-01    8.73289E-02
     4.37509E-01    2.37358E+00    1.08786E+00   -1.52629E-01   -4.80968E-01    2.81173E-01    1.61332E-01    1.86280E-01    8.88746E-02
     4.46259E-01    2.33243E+00    1.08779E+00   -1.39719E-01   -4.81680E-01    2.75808E-01    1.60341E-01    1.81481E-01    9.03478E-02
     4.55009E-01    2.29143E+00    1.08697E+00   -1.26912E-01   -4.82103E-01    2.70461E-01    1.59236E-01    1.76744E-01    9.17477E-02
     4.63759E-01    2.25059E+00    1.08544E+00   -1.14216E-01   -4.82247E-01    2.65134E-01    1.58024E-01    1.72072E-01    9.30734E-02
     4.72509E-01    2.20994E+00    1.08322E+00   -1.01638E-01   -4.82120E-01    2.59833E-01    1.56712E-01    1.67468E-01    9.43243E-02
     4.81259E-01    2.16951E+00    1.08033E+00   -8.91863E-02   -4.81733E-01    2.54559E-01    1.55303E-01    1.62933E-01    9.55003E-02
     4.90009E-01    2.12933E+00    1.07680E+00   -7.68667E-02   -4.81094E-01    2.49318E-01    1.53805E-01    1.58471E-01    9.66011E-02
     4.98759E-01    2.08942E+00    1.07265E+00   -6.46856E-02   -4.80212E-01    2.44113E-01    1.52223E-01    1.54083E-01    9.76267E-02
     5.07509E-01    2.04980E+00    1.06791E+00   -5.26485E-02   -4.79098E-01    2.38946E-01    1.50563E-01    1.49771E-01    9.85774E-02
     5.16259E-01    2.01049E+00    1.06259E+00   -4.07607E-02   -4.77759E-01    2.33820E-01    1.48829E-01    1.45537E-01    9.94536E-02
     5.25008E-01    1.97152E+00    1.05673E+00   -2.90269E-02   -4.76206E-01    2.28739E-01    1.47028E-01    1.41381E-01    1.00256E-01
     5.33758E-01    1.93290E+00    1.05035E+00   -1.74515E-02   -4.74447E-01    2.23706E-01    1.45164E-01    1.37306E-01    1.00985E-01
     5.42508E-01    1.89465E+00    1.04347E+00   -6.03853E-03   -4.72492E-01    2.18722E-01    1.43243E-01    1.33311E-01    1.01641E-01
     5.51258E-01    1.85678E+00    1.03612E+00    5.20850E-03   -4.70350E-01    2.13791E-01    1.41271E-01    1.29399E-01    1.02226E-01
     5.60008E-01    1.81932E+00    1.02832E+00    1.62864E-02   -4.68029E-01    2.08915E-01    1.39250E-01    1.25568E-01    1.02741E-01
     5.68758E-01    1.78228E+00    1.02010E+00    2.71923E-02   -4.65537E-01    2.04095E-01    1.37188E-01    1.21820E-01    1.03186E-01
     5.77508E-01    1.74566E+00    1.01148E+00    3.79237E-02   -4.62885E-01    1.99334E-01    1.35087E-01    1.18156E-01    1.03563E-01
     5.86258E-01    1.70950E+00    1.00248E+00    4.84786E-02   -4.60079E-01    1.94634E-01    1.32953E-01    1.14574E-01    1.03874E-01
     5.95008E-01    1.67378E+00    9.93127E-01    5.88551E-02   -4.57129E-01    1.89996E-01    1.30790E-01    1.11075E-01    1.04120E-01
     6.03758E-01    1.63853E+00    9.83443E-01    6.90516E-02   -4.54043E-01    1.85423E-01    1.28602E-01    1.07660E-01    1.04302E-01
     6.12508E-01    1.60376E+00    9.73451E-01    7.90670E-02   -4.50828E-01    1.80914E-01    1.26393E-01    1.04326E-01    1.04422E-01
     6.21258E-01    1.56947E+00    9.63173E-01    8.89004E-02   -4.47492E-01    1.76473E-01    1.24167E-01    1.01075E-01    1.04481E-01
     6.30008E-01    1.53567E+00    9.52628E-01    9.85512E-02   -4.44042E-01    1.72099E-01    1.21928E-01    9.79058E-02    1.04483E-01
     6.38758E-01    1.50236E+00    9.41839E-01    1.08019E-01   -4.40488E-01    1.67794E-01    1.19678E-01    9.48172E-02    1.04427E-01
     6.47508E-01    1.46956E+00    9.30826E-01    1.17303E-01   -4.36834E-01    1.63558E-01    1.17422E-01    9.18087E-02    1.04316E-01
     6.56258E-01    1.43727E+00    9.19608E-01    1.26405E-01   -4.33089E-01    1.59394E-01    1.15163E-01    8.88797E-02    1.04152E-01
     6.65008E-01    1.40550E+00    9.08205E-01    1.35323E-01   -4.29260E-01    1.55300E-01    1.12903E-01    8.60291E-02    1.03937E-01
     6.73758E-01    1.37423E+00    8.96636E-01    1.44059E-01   -4.25353E-01    1.51278E-01    1.10645E-01    8.32560E-02    1.03672E-01
     6.82508E-01    1.34349E+00    8.84918E-01    1.52614E-01   -4.21373E-01    1.47329E-01    1.08393E-01    8.05593E-02    1.03360E-01
     6.91258E-01    1.31327E+00    8.73069E-01    1.60988E-01   -4.17329E-01    1.43452E-01    1.06149E-01    7.79379E-02    1.03002E-01
     7.00008E-01    1.28357E+00    8.61107E-01    1.69183E-01   -4.13225E-01    1.39648E-01    1.03915E-01    7.53908E-02    1.02600E-01
     7.08758E-01    1.25439E+00    8.49047E-01    1.77199E-01   -4.09068E-01    1.35917E-01    1.01693E-01    7.29165E-02    1.02156E-01
     7.17508E-01    1.22573E+00    8.36905E-01    1.85038E-01   -4.04863E-01    1.32258E-01    9.94855E-02    7.05140E-02    1.01671E-01
     7.26258E-01    1.19760E+00    8.24696E-01    1.92702E-01   -4.00616E-01    1.28673E-01    9.72948E-02    6.81820E-02    1.01149E-01
     7.35008E-01    1.16998E+00    8.12435E-01    2.00193E-01   -3.96331E-01    1.25161E-01    9.51224E-02    6.59190E-02    1.00590E-01
     7.43758E-01    1.14289E+00    8.00135E-01    2.07512E-01   -3.92015E-01    1.21721E-01    9.29702E-02    6.37237E-02    9.99960E-02
     7.52508E-01    1.11631E+00    7.87811E-01    2.14660E-01   -3.87670E-01    1.18353E-01    9.08396E-02    6.15948E-02    9.93693E-02
     7.61258E-01    1.09024E+00    7.75475E-01    2.21641E-01   -3.83304E-01    1.15058E-01    8.87321E-02    5.95309E-02    9.87116E-02
     7.70008E-01    1.06469E+00    7.63138E-01    2.28457E-01   -3.78918E-01    1.11834E-01    8.66492E-02    5.75306E-02    9.80244E-02
     7.78758E-01    1.03964E+00    7.50813E-01    2.35109E-01   -3.74519E-01    1.08681E-01    8.45919E-02    5.55924E-02    9.73095E-02
     7.87508E-01    1.01510E+00    7.38510E-01    2.41600E-01   -3.70110E-01    1.05598E-01    8.25614E-02    5.37150E-02    9.65686E-02
     7.96258E-01    9.91056E-01    7.26241E-01    2.47932E-01   -3.65694E-01    1.02586E-01    8.05588E-02    5.18969E-02    9.58032E-02
     8.05008E-01    9.67507E-01    7.14013E-01    2.54107E-01   -3.61277E-01    9.96427E-02    7.85848E-02    5.01366E-02    9.50151E-02
     8.13758E-01    9.44447E-01    7.01838E-01    2.60129E-01   -3.56860E-01    9.67681E-02    7.66404E-02    4.84328E-02    9.42056E-02
     8.22508E-01    9.21871E-01    6.89724E-01    2.66000E-01   -3.52447E-01    9.39613E-02    7.47262E-02    4.67840E-02    9.33764E-02
     8.31258E-01    8.99774E-01    6.77679E-01    2.71722E-01   -3.48042E-01    9.12216E-02    7.28429E-02    4.51888E-02    9.25289E-02
     8.40008E-01    8.78150E-01    6.65711E-01    2.77298E-01   -3.43648E-01    8.85481E-02    7.09910E-02    4.36459E-02    9.16645E-02
     8.48758E-01    8.56993E-01    6.53827E-01    2.82731E-01   -3.39267E-01    8.59399E-02    6.91709E-02    4.21537E-02    9.07847E-02
     8.57508E-01    8.36297E-01    6.42034E-01    2.88023E-01   -3.34902E-01    8.33962E-02    6.73831E-02    4.07110E-02    8.98906E-02
     8.66258E-01    8.16055E-01    6.30338E-01    2.93177E-01   -3.30555E-01    8.09160E-02    6.56278E-02    3.93164E-02    8.89838E-02
     8.75008E-01    7.96262E-01    6.18746E-01    2.98195E-01   -3.26230E-01    7.84984E-02    6.39054E-02    3.79685E-02    8.80653E-02
     8.83757E-01    7.76910E-01    6.07262E-01    3.03082E-01   -3.21927E-01    7.61424E-02    6.22159E-02    3.66660E-02    8.71364E-02
     8.92507E-01    7.57993E-01    5.95892E-01    3.07838E-01   -3.17650E-01    7.38471E-02    6.05595E-02    3.54076E-02    8.61983E-02
     9.01257E-01    7.39504E-01    5.84640E-01    3.12467E-01   -3.13399E-01    7.16114E-02    5.89362E-02    3.41920E-02    8.52522E-02
     9.10007E-01    7.21436E-01    5.73511E-01    3.16972E-01   -3.09178E-01    6.94343E-02    5.73461E-02    3.30179E-02    8.42990E-02
     9.18757E-01    7.03782E-01    5.62509E-01    3.21356E-01   -3.04987E-01    6.73147E-02    5.57891E-02    3.18842E-02    8.33398E-02
     9.27507E-01    6.86534E-01    5.51636E-01    3.25620E-01   -3.00829E-01    6.52517E-02    5.42651E-02    3.07895E-02    8.23756E-02
     9.36257E-01    6.69687E-01    5.40897E-01    3.29768E-01   -2.96704E-01    6.32441E-02    5.27740E-02    2.97327E-02    8.14073E-02
     9.45007E-01    6.53232E-01    5.30293E-01    3.33802E-01   -2.92614E-01    6.12909E-02    5.13156E-02    2.87126E-02    8.04360E-02
     9.53757E-01    6.37162E-01    5.19828E-01    3.37726E-01   -2.88560E-01    5.93911E-02    4.98897E-02    2.77280E-02    7.94624E-02
     9.62507E-01    6.21471E-01    5.09504E-01    3.41541E-01   -2.84544E-01    5.75435E-02    4.84961E-02    2.67780E-02    7.84873E-02
     9.71257E-01    6.06151E-01    4.99323E-01    3.45251E-01   -2.80566E-01    5.57471E-02    4.71345E-02    2.58612E-02    7.75116E-02
     9.80007E-01    5.91195E-01    4.89286E-01    3.48857E-01   -2.76627E-01    5.40009E-02    4.58045E-02    2.49767E-02    7.65361E-02
     9.88757E-01    5.76596E-01    4.79395E-01    3.52362E-01   -2.72728E-01    5.23037E-02    4.45059E-02    2.41235E-02    7.55614E-02
     9.97507E-01    5.62347E-01    4.69651E-01    3.55769E-01   -2.68870E-01    5.06545E-02    4.32383E-02    2.33004E-02    7.45881E-02
     1.00626E+00    5.48440E-01    4.60054E-01    3.59081E-01   -2.65054E-01    4.90522E-02    4.20012E-02    2.25066E-02    7.36171E-02
     1.01501E+00    5.34869E-01    4.50607E-01    3.62299E-01   -2.61279E-01    4.74959E-02    4.07944E-02    2.17410E-02    7.26488E-02
     1.02376E+00    5.21627E-01    4.41308E-01    3.65426E-01   -2.57547E-01    4.59844E-02    3.96174E-02    2.10028E-02    7.16839E-02
     1.03251E+00    5.08706E-01    4.32159E-01    3.68465E-01   -2.53859E-01    4.45166E-02    3.84697E-02    2.02909E-02    7.07229E-02
     1.04126E+00    4.96101E-01    4.23159E-01    3.71417E-01   -2.50213E-01    4.30917E-02    3.73510E-02    1.96045E-02    6.97662E-02
     1.05001E+00    4.83803E-01    4.14309E-01    3.74285E-01   -2.46612E-01    4.17085E-02    3.62607E-02    1.89428E-02    6.88145E-02
     1.05876E+00    4.71807E-01    4.05608E-01    3.77071E-01   -2.43054E-01    4.03661E-02    3.51984E-02    1.83049E-02    6.78681E-02
     1.06751E+00    4.60106E-01    3.97057E-01    3.79778E-01   -2.39541E-01    3.90634E-02    3.41636E-02    1.76899E-02    6.69275E-02
     1.07626E+00    4.48694E-01    3.88653E-01    3.82407E-01   -2.36072E-01    3.77995E-02    3.31559E-02    1.70972E-02    6.59931E-02
     1.08501E+00    4.37563E-01    3.80397E-01    3.84961E-01   -2.32647E-01    3.65734E-02    3.21746E-02    1.65258E-02    6.50652E-02
     1.09376E+00    4.26708E-01    3.72289E-01    3.87441E-01   -2.29267E-01    3.53842E-02    3.12194E-02    1.59751E-02    6.41442E-02
     1.10251E+00    4.16122E-01    3.64326E-01    3.89849E-01   -2.25931E-01    3.42308E-02    3.02898E-02    1.54443E-02    6.32303E-02
     1.11126E+00    4.05799E-01    3.56508E-01    3.92189E-01   -2.22639E-01    3.31125E-02    2.93852E-02    1.49328E-02    6.23241E-02
     1.12001E+00    3.95733E-01    3.48835E-01    3.94460E-01   -2.19392E-01    3.20282E-02    2.85050E-02    1.44399E-02    6.14256E-02
     1.12876E+00    3.85918E-01    3.41304E-01    3.96666E-01   -2.16189E-01    3.09770E-02    2.76490E-02    1.39648E-02    6.05351E-02
     1.13751E+00    3.76348E-01    3.33914E-01    3.98808E-01   -2.13030E-01    2.99582E-02    2.68164E-02    1.35070E-02    5.96529E-02
     1.14626E+00    3.67018E-01    3.26665E-01    4.00888E-01   -2.09915E-01    2.89708E-02    2.60068E-02    1.30659E-02    5.87792E-02
     1.15501E+00    3.57921E-01    3.19555E-01    4.02908E-01   -2.06843E-01    2.80140E-02    2.52198E-02    1.26408E-02    5.79141E-02
     1.16376E+00    3.49053E-01    3.12582E-01    4.04869E-01   -2.03815E-01    2.70869E-02    2.44547E-02    1.22312E-02    5.70580E-02
     1.17251E+00    3.40407E-01    3.05744E-01    4.06773E-01   -2.00830E-01    2.61887E-02    2.37112E-02    1.18365E-02    5.62108E-02
     1.18126E+00    3.31978E-01    2.99041E-01    4.08622E-01   -1.97888E-01    2.53186E-02    2.29886E-02    1.14562E-02    5.53728E-02
     1.19001E+00    3.23762E-01    2.92470E-01    4.10417E-01   -1.94988E-01    2.44759E-02    2.22866E-02    1.10897E-02    5.45441E-02
     1.19876E+00    3.15753E-01    2.86030E-01    4.12159E-01   -1.92130E-01    2.36597E-02    2.16046E-02    1.07366E-02    5.37247E-02
     1.20751E+00    3.07945E-01    2.79720E-01    4.13851E-01   -1.89314E-01    2.28694E-02    2.09422E-02    1.03963E-02    5.29149E-02
     1.21626E+00    3.00334E-01    2.73536E-01    4.15494E-01   -1.86540E-01    2.21041E-02    2.02989E-02    1.00685E-02    5.21146E-02
     1.22501E+00    2.92916E-01    2.67478E-01    4.17089E-01   -1.83807E-01    2.13632E-02    1.96742E-02    9.75254E-03    5.13240E-02
     1.23376E+00    2.85684E-01    2.61543E-01    4.18637E-01   -1.81114E-01    2.06459E-02    1.90676E-02    9.44810E-03    5.05431E-02
     1.24251E+00    2.78635E-01    2.55731E-01    4.20140E-01   -1.78461E-01    1.99516E-02    1.84787E-02    9.15474E-03    4.97719E-02
     1.25126E+00    2.71765E-01    2.50039E-01    4.21599E-01   -1.75849E-01    1.92796E-02    1.79071E-02    8.87205E-03    4.90105E-02
     1.26001E+00    2.65068E-01    2.44464E-01    4.23016E-01   -1.73275E-01    1.86292E-02    1.73523E-02    8.59962E-03    4.82589E-02
     1.26876E+00    2.58541E-01    2.39006E-01    4.24391E-01   -1.70741E-01    1.79998E-02    1.68138E-02    8.33709E-03    4.75171E-02
     1.27751E+00    2.52178E-01    2.33663E-01    4.25727E-01   -1.68245E-01    1.73908E-02    1.62913E-02    8.08408E-03    4.67852E-02
     1.28626E+00    2.45977E-01    2.28432E-01    4.27023E-01   -1.65787E-01    1.68016E-02    1.57844E-02    7.84024E-03    4.60630E-02
     1.29501E+00    2.39932E-01    2.23312E-01    4.28282E-01   -1.63367E-01    1.62315E-02    1.52925E-02    7.60523E-03    4.53507E-02
     1.30376E+00    2.34040E-01    2.18300E-01    4.29503E-01   -1.60983E-01    1.56801E-02    1.48153E-02    7.37872E-03    4.46482E-02
     1.31251E+00    2.28298E-01    2.13395E-01    4.30690E-01   -1.58636E-01    1.51466E-02    1.43525E-02    7.16040E-03    4.39555E-02
     1.32126E+00    2.22700E-01    2.08596E-01    4.31841E-01   -1.56326E-01    1.46307E-02    1.39036E-02    6.94995E-03    4.32724E-02
     1.33001E+00    2.17245E-01    2.03899E-01    4.32960E-01   -1.54051E-01    1.41317E-02    1.34682E-02    6.74709E-03    4.25991E-02
     1.33876E+00    2.11927E-01    1.99304E-01    4.34045E-01   -1.51811E-01    1.36491E-02    1.30460E-02    6.55152E-03    4.19354E-02
     1.34751E+00    2.06743E-01    1.94808E-01    4.35099E-01   -1.49606E-01    1.31824E-02    1.26366E-02    6.36299E-03    4.12813E-02
     1.35626E+00    2.01691E-01    1.90410E-01    4.36122E-01   -1.47435E-01    1.27312E-02    1.22396E-02    6.18122E-03    4.06368E-02
     1.36501E+00    1.96766E-01    1.86108E-01    4.37116E-01   -1.45298E-01    1.22949E-02    1.18548E-02    6.00595E-03    4.00017E-02
     1.37376E+00    1.91966E-01    1.81900E-01    4.38081E-01   -1.43194E-01    1.18731E-02    1.14817E-02    5.83696E-03    3.93761E-02
     1.38251E+00    1.87287E-01    1.77784E-01    4.39017E-01   -1.41122E-01    1.14654E-02    1.11200E-02    5.67399E-03    3.87598E-02
     1.39126E+00    1.82726E-01    1.73758E-01    4.39927E-01   -1.39083E-01    1.10712E-02    1.07694E-02    5.51683E-03    3.81527E-02
     1.40001E+00    1.78280E-01    1.69821E-01    4.40810E-01   -1.37076E-01    1.06901E-02    1.04296E-02    5.36526E-03    3.75548E-02
     1.40876E+00    1.73947E-01    1.65971E-01    4.41667E-01   -1.35100E-01    1.03219E-02    1.01003E-02    5.21906E-03    3.69661E-02
     1.41751E+00    1.69722E-01    1.62206E-01    4.42500E-01   -1.33155E-01    9.96590E-03    9.78113E-03    5.07803E-03    3.63864E-02
     1.42626E+00    1.65604E-01    1.58525E-01    4.43309E-01   -1.31241E-01    9.62190E-03    9.47184E-03    4.94199E-03    3.58156E-02
     1.43501E+00    1.61590E-01    1.54925E-01    4.44094E-01   -1.29356E-01    9.28945E-03    9.17213E-03    4.81074E-03    3.52537E-02
     1.44376E+00    1.57676E-01    1.51406E-01    4.44856E-01   -1.27501E-01    8.96820E-03    8.88172E-03    4.68410E-03    3.47005E-02
     1.45251E+00    1.53861E-01    1.47965E-01    4.45597E-01   -1.25674E-01    8.65778E-03    8.60035E-03    4.56191E-03    3.41560E-02
     1.46126E+00    1.50142E-01    1.44601E-01    4.46316E-01   -1.23876E-01    8.35784E-03    8.32773E-03    4.44398E-03    3.36200E-02
     1.47001E+00    1.46517E-01    1.41312E-01    4.47014E-01   -1.22107E-01    8.06804E-03    8.06362E-03    4.33017E-03    3.30926E-02
     1.47876E+00    1.42982E-01    1.38098E-01    4.47692E-01   -1.20364E-01    7.78806E-03    7.80775E-03    4.22031E-03    3.25735E-02
     1.48751E+00    1.39536E-01    1.34955E-01    4.48351E-01   -1.18649E-01    7.51758E-03    7.55989E-03    4.11427E-03    3.20627E-02
     1.49626E+00    1.36176E-01    1.31884E-01    4.48990E-01   -1.16961E-01    7.25628E-03    7.31980E-03    4.01189E-03    3.15601E-02
     1.50501E+00    1.32900E-01    1.28881E-01    4.49612E-01   -1.15299E-01    7.00387E-03    7.08723E-03    3.91304E-03    3.10655E-02
     1.51376E+00    1.29707E-01    1.25946E-01    4.50215E-01   -1.13663E-01    6.76006E-03    6.86196E-03    3.81759E-03    3.05789E-02
     1.52251E+00    1.26593E-01    1.23078E-01    4.50801E-01   -1.12052E-01    6.52456E-03    6.64378E-03    3.72540E-03    3.01002E-02
     1.53126E+00    1.23557E-01    1.20275E-01    4.51370E-01   -1.10467E-01    6.29710E-03    6.43246E-03    3.63637E-03    2.96293E-02
     1.54001E+00    1.20597E-01    1.17535E-01    4.51924E-01   -1.08906E-01    6.07741E-03    6.22781E-03    3.55036E-03    2.91660E-02
     1.54876E+00    1.17710E-01    1.14857E-01    4.52461E-01   -1.07369E-01    5.86525E-03    6.02961E-03    3.46727E-03    2.87103E-02
     1.55751E+00    1.14896E-01    1.12240E-01    4.52983E-01   -1.05856E-01    5.66035E-03    5.83766E-03    3.38699E-03    2.82620E-02
     1.56626E+00    1.12151E-01    1.09682E-01    4.53489E-01   -1.04367E-01    5.46248E-03    5.65179E-03    3.30941E-03    2.78211E-02
     1.57501E+00    1.09475E-01    1.07183E-01    4.53982E-01   -1.02900E-01    5.27141E-03    5.47179E-03    3.23443E-03    2.73875E-02
     1.58376E+00    1.06865E-01    1.04741E-01    4.54460E-01   -1.01456E-01    5.08690E-03    5.29749E-03    3.16195E-03    2.69610E-02
     1.59251E+00    1.04320E-01    1.02354E-01    4.54925E-01   -1.00034E-01    4.90875E-03    5.12872E-03    3.09189E-03    2.65415E-02
     1.60126E+00    1.01839E-01    1.00022E-01    4.55377E-01   -9.86345E-02    4.73673E-03    4.96529E-03    3.02415E-03    2.61290E-02
     1.61001E+00    9.94183E-02    9.77429E-02    4.55816E-01   -9.72562E-02    4.57064E-03    4.80706E-03    2.95865E-03    2.57233E-02
     1.61876E+00    9.70579E-02    9.55160E-02    4.56242E-01   -9.58990E-02    4.41029E-03    4.65385E-03    2.89530E-03    2.53243E-02
     1.62751E+00    9.47559E-02    9.33399E-02    4.56656E-01   -9.45626E-02    4.25548E-03    4.50551E-03    2.83403E-03    2.49320E-02
     1.63626E+00    9.25107E-02    9.12137E-02    4.57059E-01   -9.32466E-02    4.10602E-03    4.36188E-03    2.77475E-03    2.45462E-02
     1.64501E+00    9.03210E-02    8.91361E-02    4.57450E-01   -9.19507E-02    3.96173E-03    4.22283E-03    2.71739E-03    2.41669E-02
     1.65376E+00    8.81853E-02    8.71061E-02    4.57830E-01   -9.06745E-02    3.82245E-03    4.08821E-03    2.66189E-03    2.37939E-02
     1.66251E+00    8.61022E-02    8.51226E-02    4.58199E-01   -8.94178E-02    3.68799E-03    3.95787E-03    2.60817E-03    2.34271E-02
     1.67126E+00    8.40704E-02    8.31845E-02    4.58558E-01   -8.81800E-02    3.55820E-03    3.83169E-03    2.55618E-03    2.30665E-02
     1.68001E+00    8.20885E-02    8.12909E-02    4.58907E-01   -8.69610E-02    3.43291E-03    3.70953E-03    2.50583E-03    2.27119E-02
     1.68876E+00    8.01553E-02    7.94407E-02    4.59246E-01   -8.57605E-02    3.31198E-03    3.59127E-03    2.45709E-03    2.23632E-02
     1.69751E+00    7.82695E-02    7.76330E-02    4.59575E-01   -8.45780E-02    3.19526E-03    3.47679E-03    2.40988E-03    2.20204E-02
     1.70626E+00    7.64300E-02    7.58668E-02    4.59896E-01   -8.34133E-02    3.08260E-03    3.36596E-03    2.36415E-03    2.16834E-02
     1.71501E+00    7.46355E-02    7.41411E-02    4.60207E-01   -8.22661E-02    2.97387E-03    3.25867E-03    2.31985E-03    2.13520E-02
     1.72376E+00    7.28849E-02    7.24550E-02    4.60509E-01   -8.11361E-02    2.86893E-03    3.15480E-03    2.27693E-03    2.10262E-02
     1.73251E+00    7.11771E-02    7.08077E-02    4.60803E-01   -8.00229E-02    2.76765E-03    3.05426E-03    2.23533E-03    2.07058E-02
     1.74126E+00    6.95110E-02    6.91982E-02    4.61089E-01   -7.89264E-02    2.66990E-03    2.95693E-03    2.19502E-03    2.03909E-02
     1.75001E+00    6.78855E-02    6.76257E-02    4.61367E-01   -7.78462E-02    2.57557E-03    2.86272E-03    2.15593E-03    2.00812E-02
     1.75875E+00    6.62996E-02    6.60893E-02    4.61637E-01   -7.67820E-02    2.48454E-03    2.77152E-03    2.11803E-03    1.97768E-02
     1.76750E+00    6.47523E-02    6.45882E-02    4.61900E-01   -7.57335E-02    2.39669E-03    2.68324E-03    2.08128E-03    1.94775E-02
     1.77625E+00    6.32427E-02    6.31216E-02    4.62155E-01   -7.47006E-02    2.31192E-03    2.59778E-03    2.04563E-03    1.91832E-02
     1.78500E+00    6.17697E-02    6.16888E-02    4.62403E-01   -7.36828E-02    2.23012E-03    2.51505E-03    2.01104E-03    1.88939E-02
     1.79375E+00    6.03324E-02    6.02888E-02    4.62645E-01   -7.26800E-02    2.15118E-03    2.43498E-03    1.97749E-03    1.86094E-02
     1.80250E+00    5.89300E-02    5.89211E-02    4.62879E-01   -7.16919E-02    2.07501E-03    2.35747E-03    1.94492E-03    1.83297E-02
     1.81125E+00    5.75616E-02    5.75847E-02    4.63108E-01   -7.07183E-02    2.00152E-03    2.28244E-03    1.91331E-03    1.80548E-02
     1.82000E+00    5.62262E-02    5.62791E-02    4.63329E-01   -6.97588E-02    1.93060E-03    2.20981E-03    1.88263E-03    1.77844E-02
     1.82875E+00    5.49231E-02    5.50035E-02    4.63545E-01   -6.88134E-02    1.86218E-03    2.13951E-03    1.85283E-03    1.75187E-02
     1.83750E+00    5.36515E-02    5.37572E-02    4.63755E-01   -6.78816E-02    1.79616E-03    2.07146E-03    1.82389E-03    1.72573E-02
     1.84625E+00    5.24106E-02    5.25395E-02    4.63959E-01   -6.69633E-02    1.73246E-03    2.00559E-03    1.79578E-03    1.70004E-02
     1.85500E+00    5.11995E-02    5.13498E-02    4.64157E-01   -6.60583E-02    1.67101E-03    1.94183E-03    1.76847E-03    1.67478E-02
     1.86375E+00    5.00176E-02    5.01874E-02    4.64350E-01   -6.51662E-02    1.61171E-03    1.88011E-03    1.74193E-03    1.64994E-02
     1.87250E+00    4.88641E-02    4.90517E-02    4.64538E-01   -6.42870E-02    1.55451E-03    1.82036E-03    1.71613E-03    1.62552E-02
     1.88125E+00    4.77383E-02    4.79421E-02    4.64720E-01   -6.34204E-02    1.49932E-03    1.76253E-03    1.69106E-03    1.60151E-02
     1.89000E+00    4.66396E-02    4.68579E-02    4.64898E-01   -6.25661E-02    1.44607E-03    1.70655E-03    1.66668E-03    1.57791E-02
     1.89875E+00    4.55671E-02    4.57987E-02    4.65070E-01   -6.17240E-02    1.39471E-03    1.65237E-03    1.64297E-03    1.55469E-02
     1.90750E+00    4.45204E-02    4.47637E-02    4.65238E-01   -6.08939E-02    1.34515E-03    1.59991E-03    1.61991E-03    1.53187E-02
     1.91625E+00    4.34987E-02    4.37525E-02    4.65402E-01   -6.00755E-02    1.29735E-03    1.54914E-03    1.59748E-03    1.50943E-02
     1.92500E+00    4.25014E-02    4.27645E-02    4.65560E-01   -5.92686E-02    1.25123E-03    1.49999E-03    1.57565E-03    1.48736E-02
     1.93375E+00    4.15280E-02    4.17991E-02    4.65715E-01   -5.84731E-02    1.20674E-03    1.45242E-03    1.55441E-03    1.46566E-02
     1.94250E+00    4.05777E-02    4.08559E-02    4.65865E-01   -5.76887E-02    1.16382E-03    1.40636E-03    1.53373E-03    1.44433E-02
     1.95125E+00    3.96501E-02    3.99342E-02    4.66012E-01   -5.69154E-02    1.12242E-03    1.36178E-03    1.51360E-03    1.42335E-02
     1.96000E+00    3.87446E-02    3.90337E-02    4.66154E-01   -5.61528E-02    1.08249E-03    1.31863E-03    1.49399E-03    1.40272E-02
     1.96875E+00    3.78606E-02    3.81538E-02    4.66292E-01   -5.54008E-02    1.04397E-03    1.27685E-03    1.47490E-03    1.38243E-02
     1.97750E+00    3.69977E-02    3.72940E-02    4.66427E-01   -5.46592E-02    1.00681E-03    1.23641E-03    1.45630E-03    1.36248E-02
     1.98625E+00    3.61552E-02    3.64539E-02    4.66558E-01   -5.39279E-02    9.70963E-04    1.19726E-03    1.43818E-03    1.34286E-02
     1.99500E+00    3.53327E-02    3.56331E-02    4.66686E-01   -5.32067E-02    9.36389E-04    1.15937E-03    1.42052E-03    1.32357E-02
     2.00375E+00    3.45297E-02    3.48310E-02    4.66810E-01   -5.24953E-02    9.03040E-04    1.12268E-03    1.40331E-03    1.30459E-02
     2.01250E+00    3.37457E-02    3.40472E-02    4.66930E-01   -5.17938E-02    8.70873E-04    1.08717E-03    1.38653E-03    1.28594E-02
     2.02125E+00    3.29803E-02    3.32813E-02    4.67048E-01   -5.11018E-02    8.39846E-04    1.05278E-03    1.37016E-03    1.26758E-02
     2.03000E+00    3.22329E-02    3.25329E-02    4.67162E-01   -5.04192E-02    8.09919E-04    1.01950E-03    1.35421E-03    1.24954E-02
     2.03875E+00    3.15032E-02    3.18016E-02    4.67273E-01   -4.97458E-02    7.81054E-04    9.87279E-04    1.33864E-03    1.23179E-02
     2.04750E+00    3.07907E-02    3.10870E-02    4.67382E-01   -4.90816E-02    7.53213E-04    9.56085E-04    1.32346E-03    1.21433E-02
     2.05625E+00    3.00950E-02    3.03887E-02    4.67487E-01   -4.84264E-02    7.26360E-04    9.25886E-04    1.30864E-03    1.19716E-02
     2.06500E+00    2.94157E-02    2.97063E-02    4.67590E-01   -4.77799E-02    7.00461E-04    8.96649E-04    1.29418E-03    1.18027E-02
     2.07375E+00    2.87524E-02    2.90395E-02    4.67689E-01   -4.71421E-02    6.75481E-04    8.68344E-04    1.28007E-03    1.16366E-02
     2.08250E+00    2.81046E-02    2.83878E-02    4.67787E-01   -4.65128E-02    6.51389E-04    8.40940E-04    1.26629E-03    1.14733E-02
     2.09125E+00    2.74721E-02    2.77510E-02    4.67881E-01   -4.58919E-02    6.28152E-04    8.14409E-04    1.25284E-03    1.13126E-02
     2.10000E+00    2.68545E-02    2.71286E-02    4.67973E-01   -4.52793E-02    6.05742E-04    7.88723E-04    1.23969E-03    1.11545E-02
     2.10875E+00    2.62513E-02    2.65204E-02    4.68063E-01   -4.46747E-02    5.84128E-04    7.63853E-04    1.22686E-03    1.09990E-02
     2.11750E+00    2.56622E-02    2.59261E-02    4.68150E-01   -4.40781E-02    5.63283E-04    7.39775E-04    1.21432E-03    1.08461E-02
     2.12625E+00    2.50870E-02    2.53452E-02    4.68235E-01   -4.34894E-02    5.43179E-04    7.16462E-04    1.20206E-03    1.06956E-02
     2.13500E+00    2.45252E-02    2.47775E-02    4.68318E-01   -4.29083E-02    5.23790E-04    6.93889E-04    1.19009E-03    1.05476E-02
     2.14375E+00    2.39765E-02    2.42227E-02    4.68398E-01   -4.23349E-02    5.05091E-04    6.72034E-04    1.17838E-03    1.04020E-02
     2.15250E+00    2.34406E-02    2.36805E-02    4.68476E-01   -4.17689E-02    4.87058E-04    6.50872E-04    1.16694E-03    1.02587E-02
     2.16125E+00    2.29173E-02    2.31506E-02    4.68553E-01   -4.12102E-02    4.69667E-04    6.30383E-04    1.15575E-03    1.01178E-02
     2.17000E+00    2.24061E-02    2.26326E-02    4.68627E-01   -4.06588E-02    4.52895E-04    6.10543E-04    1.14481E-03    9.97918E-03
     2.17875E+00    2.19069E-02    2.21264E-02    4.68699E-01   -4.01145E-02    4.36720E-04    5.91332E-04    1.13411E-03    9.84278E-03
     2.18750E+00    2.14193E-02    2.16317E-02    4.68769E-01   -3.95771E-02    4.21121E-04    5.72730E-04    1.12364E-03    9.70858E-03
     2.19625E+00    2.09431E-02    2.11481E-02    4.68838E-01   -3.90466E-02    4.06078E-04    5.54718E-04    1.11339E-03    9.57654E-03
     2.20500E+00    2.04779E-02    2.06755E-02    4.68905E-01   -3.85229E-02    3.91572E-04    5.37275E-04    1.10337E-03    9.44663E-03
     2.21375E+00    2.00235E-02    2.02135E-02    4.68970E-01   -3.80059E-02    3.77582E-04    5.20385E-04    1.09356E-03    9.31881E-03
     2.22250E+00    1.95797E-02    1.97620E-02    4.69033E-01   -3.74954E-02    3.64091E-04    5.04029E-04    1.08396E-03    9.19303E-03
     2.23125E+00    1.91462E-02    1.93206E-02    4.69094E-01   -3.69913E-02    3.51081E-04    4.88191E-04    1.07456E-03    9.06927E-03
     2.24000E+00    1.87227E-02    1.88892E-02    4.69154E-01   -3.64936E-02    3.38534E-04    4.72852E-04    1.06536E-03    8.94749E-03
     2.24875E+00    1.83091E-02    1.84675E-02    4.69213E-01   -3.60021E-02    3.26436E-04    4.57999E-04    1.05634E-03    8.82766E-03
     2.25750E+00    1.79050E-02    1.80553E-02    4.69270E-01   -3.55167E-02    3.14769E-04    4.43614E-04    1.04752E-03    8.70974E-03
     2.26625E+00    1.75103E-02    1.76524E-02    4.69325E-01   -3.50374E-02    3.03518E-04    4.29684E-04    1.03887E-03    8.59370E-03
     2.27500E+00    1.71247E-02    1.72585E-02    4.69379E-01   -3.45640E-02    2.92668E-04    4.16192E-04    1.03040E-03    8.47950E-03
     2.28375E+00    1.67481E-02    1.68735E-02    4.69431E-01   -3.40965E-02    2.82206E-04    4.03126E-04    1.02210E-03    8.36711E-03
     2.29250E+00    1.63801E-02    1.64971E-02    4.69483E-01   -3.36347E-02    2.72118E-04    3.90472E-04    1.01397E-03    8.25651E-03
     2.30125E+00    1.60207E-02    1.61292E-02    4.69532E-01   -3.31786E-02    2.62389E-04    3.78216E-04    1.00601E-03    8.14766E-03
     2.31000E+00    1.56695E-02    1.57695E-02    4.69581E-01   -3.27280E-02    2.53008E-04    3.66346E-04    9.98196E-04    8.04053E-03
     2.31875E+00    1.53265E-02    1.54179E-02    4.69628E-01   -3.22830E-02    2.43962E-04    3.54850E-04    9.90541E-04    7.93510E-03
     2.32750E+00    1.49913E-02    1.50741E-02    4.69674E-01   -3.18433E-02    2.35238E-04    3.43715E-04    9.83037E-04    7.83132E-03
     2.33625E+00    1.46639E-02    1.47380E-02    4.69719E-01   -3.14090E-02    2.26827E-04    3.32930E-04    9.75679E-04    7.72918E-03
     2.34500E+00    1.43441E-02    1.44094E-02    4.69763E-01   -3.09799E-02    2.18716E-04    3.22483E-04    9.68464E-04    7.62865E-03
     2.35375E+00    1.40316E-02    1.40882E-02    4.69805E-01   -3.05559E-02    2.10895E-04    3.12365E-04    9.61389E-04    7.52969E-03
     2.36250E+00    1.37263E-02    1.37741E-02    4.69847E-01   -3.01370E-02    2.03353E-04    3.02564E-04    9.54451E-04    7.43228E-03
     2.37125E+00    1.34280E-02    1.34670E-02    4.69887E-01   -2.97231E-02    1.96081E-04    2.93071E-04    9.47645E-04    7.33640E-03
     2.38000E+00    1.31366E-02    1.31668E-02    4.69927E-01   -2.93141E-02    1.89068E-04    2.83875E-04    9.40969E-04    7.24202E-03
     2.38875E+00    1.28519E-02    1.28733E-02    4.69965E-01   -2.89099E-02    1.82307E-04    2.74967E-04    9.34419E-04    7.14912E-03
     2.39750E+00    1.25737E-02    1.25862E-02    4.70002E-01   -2.85105E-02    1.75787E-04    2.66339E-04    9.27994E-04    7.05766E-03
     2.40625E+00    1.23020E-02    1.23056E-02    4.70038E-01   -2.81158E-02    1.69500E-04    2.57980E-04    9.21689E-04    6.96763E-03
     2.41500E+00    1.20364E-02    1.20311E-02    4.70074E-01   -2.77257E-02    1.63438E-04    2.49883E-04    9.15502E-04    6.87899E-03
     2.42375E+00    1.17770E-02    1.17628E-02    4.70108E-01   -2.73401E-02    1.57593E-04    2.42039E-04    9.09430E-04    6.79174E-03
     2.43250E+00    1.15236E-02    1.15004E-02    4.70142E-01   -2.69590E-02    1.51957E-04    2.34440E-04    9.03471E-04    6.70583E-03
     2.44125E+00    1.12759E-02    1.12438E-02    4.70175E-01   -2.65823E-02    1.46522E-04    2.27078E-04    8.97623E-04    6.62126E-03
     2.45000E+00    1.10340E-02    1.09929E-02    4.70207E-01   -2.62099E-02    1.41282E-04    2.19946E-04    8.91882E-04    6.53800E-03
     2.45875E+00    1.07976E-02    1.07475E-02    4.70238E-01   -2.58418E-02    1.36230E-04    2.13037E-04    8.86246E-04    6.45602E-03
     2.46750E+00    1.05666E-02    1.05075E-02    4.70268E-01   -2.54779E-02    1.31358E-04    2.06343E-04    8.80714E-04    6.37531E-03
     2.47625E+00    1.03410E-02    1.02729E-02    4.70297E-01   -2.51182E-02    1.26661E-04    1.99858E-04    8.75282E-04    6.29584E-03
     2.48500E+00    1.01205E-02    1.00433E-02    4.70326E-01   -2.47625E-02    1.22132E-04    1.93575E-04    8.69949E-04    6.21760E-03
     2.49375E+00    9.90505E-03    9.81887E-03    4.70354E-01   -2.44108E-02    1.17764E-04    1.87488E-04    8.64713E-04    6.14055E-03
     2.50250E+00    9.69458E-03    9.59934E-03    4.70381E-01   -2.40630E-02    1.13554E-04    1.81590E-04    8.59572E-04    6.06470E-03
     2.51125E+00    9.48894E-03    9.38462E-03    4.70408E-01   -2.37192E-02    1.09494E-04    1.75875E-04    8.54523E-04    5.99001E-03
     2.52000E+00    9.28802E-03    9.17461E-03    4.70434E-01   -2.33792E-02    1.05579E-04    1.70338E-04    8.49565E-04    5.91646E-03
     2.52875E+00    9.09171E-03    8.96920E-03    4.70459E-01   -2.30429E-02    1.01805E-04    1.64973E-04    8.44696E-04    5.84404E-03
     2.53750E+00    8.89992E-03    8.76828E-03    4.70484E-01   -2.27104E-02    9.81655E-05    1.59775E-04    8.39914E-04    5.77273E-03
     2.54625E+00    8.71253E-03    8.57174E-03    4.70508E-01   -2.23815E-02    9.46567E-05    1.54739E-04    8.35218E-04    5.70251E-03
     2.55500E+00    8.52945E-03    8.37949E-03    4.70531E-01   -2.20562E-02    9.12736E-05    1.49858E-04    8.30605E-04    5.63336E-03
     2.56375E+00    8.35058E-03    8.19143E-03    4.70554E-01   -2.17345E-02    8.80117E-05    1.45129E-04    8.26075E-04    5.56526E-03
     2.57250E+00    8.17582E-03    8.00747E-03    4.70576E-01   -2.14162E-02    8.48667E-05    1.40547E-04    8.21625E-04    5.49821E-03
     2.58125E+00    8.00509E-03    7.82749E-03    4.70597E-01   -2.11014E-02    8.18344E-05    1.36106E-04    8.17254E-04    5.43218E-03
     2.59000E+00    7.83828E-03    7.65143E-03    4.70619E-01   -2.07900E-02    7.89109E-05    1.31803E-04    8.12961E-04    5.36715E-03
     2.59875E+00    7.67532E-03    7.47917E-03    4.70639E-01   -2.04819E-02    7.60921E-05    1.27634E-04    8.08743E-04    5.30311E-03
     2.60750E+00    7.51611E-03    7.31065E-03    4.70659E-01   -2.01772E-02    7.33744E-05    1.23593E-04    8.04601E-04    5.24005E-03
     2.61625E+00    7.36057E-03    7.14576E-03    4.70678E-01   -1.98756E-02    7.07542E-05    1.19678E-04    8.00532E-04    5.17794E-03
     2.62500E+00    7.20863E-03    6.98443E-03    4.70697E-01   -1.95772E-02    6.82280E-05    1.15883E-04    7.96535E-04    5.11678E-03
     2.63375E+00    7.06019E-03    6.82658E-03    4.70716E-01   -1.92820E-02    6.57924E-05    1.12206E-04    7.92609E-04    5.05655E-03
     2.64250E+00    6.91518E-03    6.67212E-03    4.70734E-01   -1.89899E-02    6.34442E-05    1.08642E-04    7.88753E-04    4.99723E-03
     2.65125E+00    6.77353E-03    6.52097E-03    4.70751E-01   -1.87008E-02    6.11803E-05    1.05189E-04    7.84964E-04    4.93882E-03
     2.66000E+00    6.63515E-03    6.37307E-03    4.70768E-01   -1.84147E-02    5.89976E-05    1.01842E-04    7.81243E-04    4.88129E-03
     2.66875E+00    6.49999E-03    6.22832E-03    4.70785E-01   -1.81316E-02    5.68933E-05    9.85983E-05    7.77588E-04    4.82463E-03
     2.67750E+00    6.36796E-03    6.08667E-03    4.70801E-01   -1.78514E-02    5.48646E-05    9.54548E-05    7.73998E-04    4.76884E-03
     2.68625E+00    6.23899E-03    5.94804E-03    4.70817E-01   -1.75741E-02    5.29088E-05    9.24082E-05    7.70472E-04    4.71389E-03
     2.69500E+00    6.11303E-03    5.81236E-03    4.70832E-01   -1.72996E-02    5.10232E-05    8.94556E-05    7.67009E-04    4.65977E-03
     2.70375E+00    5.98999E-03    5.67955E-03    4.70847E-01   -1.70278E-02    4.92054E-05    8.65939E-05    7.63607E-04    4.60648E-03
     2.71250E+00    5.86983E-03    5.54957E-03    4.70862E-01   -1.67589E-02    4.74529E-05    8.38204E-05    7.60266E-04    4.55399E-03
     2.72125E+00    5.75247E-03    5.42233E-03    4.70876E-01   -1.64926E-02    4.57635E-05    8.11324E-05    7.56985E-04    4.50231E-03
     2.73000E+00    5.63786E-03    5.29777E-03    4.70890E-01   -1.62290E-02    4.41348E-05    7.85270E-05    7.53763E-04    4.45141E-03
     2.73875E+00    5.52593E-03    5.17584E-03    4.70903E-01   -1.59680E-02    4.25647E-05    7.60019E-05    7.50599E-04    4.40128E-03
     2.74750E+00    5.41663E-03    5.05647E-03    4.70916E-01   -1.57096E-02    4.10511E-05    7.35545E-05    7.47492E-04    4.35192E-03
     2.75625E+00    5.30989E-03    4.93961E-03    4.70929E-01   -1.54537E-02    3.95921E-05    7.11823E-05    7.44441E-04    4.30330E-03
     2.76500E+00    5.20568E-03    4.82518E-03    4.70942E-01   -1.52003E-02    3.81856E-05    6.88831E-05    7.41446E-04    4.25544E-03
     2.77375E+00    5.10392E-03    4.71315E-03    4.70954E-01   -1.49494E-02    3.68297E-05    6.66545E-05    7.38505E-04    4.20830E-03
     2.78250E+00    5.00456E-03    4.60344E-03    4.70966E-01   -1.47010E-02    3.55228E-05    6.44945E-05    7.35618E-04    4.16188E-03
     2.79125E+00    4.90756E-03    4.49601E-03    4.70977E-01   -1.44549E-02    3.42630E-05    6.24008E-05    7.32784E-04    4.11617E-03
     2.80000E+00    4.81287E-03    4.39081E-03    4.70988E-01   -1.42113E-02    3.30486E-05    6.03714E-05    7.30002E-04    4.07117E-03
     2.80875E+00    4.72043E-03    4.28778E-03    4.70999E-01   -1.39699E-02    3.18781E-05    5.84043E-05    7.27272E-04    4.02685E-03
     2.81750E+00    4.63020E-03    4.18687E-03    4.71010E-01   -1.37308E-02    3.07499E-05    5.64975E-05    7.24592E-04    3.98322E-03
     2.82625E+00    4.54213E-03    4.08802E-03    4.71020E-01   -1.34940E-02    2.96624E-05    5.46493E-05    7.21963E-04    3.94026E-03
     2.83500E+00    4.45618E-03    3.99121E-03    4.71030E-01   -1.32594E-02    2.86143E-05    5.28578E-05    7.19383E-04    3.89797E-03
     2.84375E+00    4.37229E-03    3.89636E-03    4.71040E-01   -1.30270E-02    2.76042E-05    5.11213E-05    7.16851E-04    3.85633E-03
     2.85250E+00    4.29043E-03    3.80345E-03    4.71049E-01   -1.27968E-02    2.66306E-05    4.94379E-05    7.14368E-04    3.81534E-03
     2.86125E+00    4.21056E-03    3.71241E-03    4.71059E-01   -1.25687E-02    2.56923E-05    4.78062E-05    7.11932E-04    3.77499E-03
     2.87000E+00    4.13263E-03    3.62322E-03    4.71068E-01   -1.23427E-02    2.47881E-05    4.62244E-05    7.09543E-04    3.73526E-03
     2.87875E+00    4.05660E-03    3.53582E-03    4.71076E-01   -1.21188E-02    2.39167E-05    4.46912E-05    7.07200E-04    3.69617E-03
     2.88750E+00    3.98244E-03    3.45017E-03    4.71085E-01   -1.18969E-02    2.30770E-05    4.32048E-05    7.04903E-04    3.65768E-03
     2.89625E+00    3.91010E-03    3.36623E-03    4.71093E-01   -1.16770E-02    2.22678E-05    4.17640E-05    7.02651E-04    3.61981E-03
     2.90500E+00    3.83955E-03    3.28396E-03    4.71101E-01   -1.14591E-02    2.14881E-05    4.03672E-05    7.00443E-04    3.58253E-03
     2.91375E+00    3.77075E-03    3.20332E-03    4.71109E-01   -1.12431E-02    2.07369E-05    3.90132E-05    6.98279E-04    3.54586E-03
     2.92250E+00    3.70366E-03    3.12427E-03    4.71117E-01   -1.10290E-02    2.00131E-05    3.77005E-05    6.96159E-04    3.50976E-03
     2.93125E+00    3.63826E-03    3.04678E-03    4.71124E-01   -1.08169E-02    1.93157E-05    3.64280E-05    6.94082E-04    3.47425E-03
     2.94000E+00    3.57450E-03    2.97080E-03    4.71132E-01   -1.06066E-02    1.86439E-05    3.51943E-05    6.92047E-04    3.43931E-03
     2.94875E+00    3.51236E-03    2.89629E-03    4.71139E-01   -1.03981E-02    1.79968E-05    3.39983E-05    6.90053E-04    3.40495E-03
     2.95750E+00    3.45179E-03    2.82323E-03    4.71145E-01   -1.01915E-02    1.73734E-05    3.28388E-05    6.88102E-04    3.37114E-03
     2.96625E+00    3.39278E-03    2.75158E-03    4.71152E-01   -9.98659E-03    1.67729E-05    3.17147E-05    6.86191E-04    3.33789E-03
     2.97500E+00    3.33529E-03    2.68130E-03    4.71159E-01   -9.78348E-03    1.61946E-05    3.06248E-05    6.84320E-04    3.30519E-03
     2.98375E+00    3.27928E-03    2.61236E-03    4.71165E-01   -9.58209E-03    1.56377E-05    2.95681E-05    6.82490E-04    3.27304E-03
     2.99250E+00    3.22474E-03    2.54473E-03    4.71171E-01   -9.38241E-03    1.51014E-05    2.85435E-05    6.80699E-04    3.24143E-03
     3.00125E+00    3.17163E-03    2.47838E-03    4.71177E-01   -9.18441E-03    1.45850E-05    2.75501E-05    6.78947E-04    3.21035E-03
     3.01000E+00    3.11992E-03    2.41326E-03    4.71183E-01   -8.98806E-03    1.40878E-05    2.65869E-05    6.77234E-04    3.17981E-03
     3.01875E+00    3.06959E-03    2.34936E-03    4.71188E-01   -8.79334E-03    1.36092E-05    2.56529E-05    6.75559E-04    3.14979E-03
     3.02750E+00    3.02061E-03    2.28664E-03    4.71194E-01   -8.60023E-03    1.31484E-05    2.47472E-05    6.73922E-04    3.12030E-03
     3.03625E+00    2.97295E-03    2.22508E-03    4.71199E-01   -8.40869E-03    1.27050E-05    2.38690E-05    6.72322E-04    3.09132E-03
     3.04500E+00    2.92660E-03    2.16464E-03    4.71204E-01   -8.21872E-03    1.22783E-05    2.30173E-05    6.70760E-04    3.06286E-03
     3.05375E+00    2.88152E-03    2.10529E-03    4.71209E-01   -8.03028E-03    1.18676E-05    2.21913E-05    6.69234E-04    3.03491E-03
     3.06250E+00    2.83770E-03    2.04702E-03    4.71214E-01   -7.84335E-03    1.14726E-05    2.13902E-05    6.67745E-04    3.00747E-03
     3.07125E+00    2.79510E-03    1.98978E-03    4.71218E-01   -7.65791E-03    1.10926E-05    2.06132E-05    6.66291E-04    2.98053E-03
     3.08000E+00    2.75371E-03    1.93356E-03    4.71223E-01   -7.47394E-03    1.07272E-05    1.98596E-05    6.64873E-04    2.95409E-03
     3.08875E+00    2.71351E-03    1.87832E-03    4.71227E-01   -7.29141E-03    1.03757E-05    1.91286E-05    6.63491E-04    2.92815E-03
     3.09750E+00    2.67447E-03    1.82405E-03    4.71231E-01   -7.11031E-03    1.00379E-05    1.84194E-05    6.62143E-04    2.90271E-03
     3.10625E+00    2.63657E-03    1.77072E-03    4.71236E-01   -6.93061E-03    9.71318E-06    1.77313E-05    6.60830E-04    2.87776E-03
     3.11500E+00    2.59979E-03    1.71829E-03    4.71239E-01   -6.75230E-03    9.40113E-06    1.70638E-05    6.59551E-04    2.85330E-03
     3.12375E+00    2.56412E-03    1.66676E-03    4.71243E-01   -6.57534E-03    9.10134E-06    1.64160E-05    6.58306E-04    2.82933E-03
     3.13250E+00    2.52953E-03    1.61609E-03    4.71247E-01   -6.39972E-03    8.81341E-06    1.57874E-05    6.57095E-04    2.80586E-03
     3.14125E+00    2.49601E-03    1.56627E-03    4.71251E-01   -6.22543E-03    8.53693E-06    1.51773E-05    6.55917E-04    2.78286E-03
     3.15000E+00    2.46354E-03    1.51726E-03    4.71254E-01   -6.05244E-03    8.27155E-06    1.45851E-05    6.54772E-04    2.76036E-03
     3.15875E+00    2.43209E-03    1.46905E-03    4.71257E-01   -5.88072E-03    8.01690E-06    1.40102E-05    6.53659E-04    2.73834E-03
     3.16750E+00    2.40166E-03    1.42162E-03    4.71261E-01   -5.71027E-03    7.77264E-06    1.34521E-05    6.52580E-04    2.71680E-03
     3.17625E+00    2.37223E-03    1.37493E-03    4.71264E-01   -5.54106E-03    7.53843E-06    1.29100E-05    6.51532E-04    2.69575E-03
     3.18500E+00    2.34377E-03    1.32899E-03    4.71267E-01   -5.37307E-03    7.31395E-06    1.23836E-05    6.50516E-04    2.67518E-03
     3.19375E+00    2.31628E-03    1.28375E-03    4.71270E-01   -5.20629E-03    7.09891E-06    1.18722E-05    6.49532E-04    2.65510E-03
     3.20250E+00    2.28974E-03    1.23920E-03    4.71273E-01   -5.04070E-03    6.89300E-06    1.13754E-05    6.48579E-04    2.63550E-03
     3.21125E+00    2.26413E-03    1.19533E-03    4.71275E-01   -4.87628E-03    6.69595E-06    1.08926E-05    6.47657E-04    2.61638E-03
     3.22000E+00    2.23944E-03    1.15211E-03    4.71278E-01   -4.71300E-03    6.50749E-06    1.04232E-05    6.46766E-04    2.59775E-03
     3.22875E+00    2.21566E-03    1.10952E-03    4.71280E-01   -4.55086E-03    6.32735E-06    9.96695E-06    6.45905E-04    2.57961E-03
     3.23750E+00    2.19277E-03    1.06755E-03    4.71283E-01   -4.38984E-03    6.15529E-06    9.52319E-06    6.45075E-04    2.56196E-03
     3.24625E+00    2.17076E-03    1.02618E-03    4.71285E-01   -4.22991E-03    5.99107E-06    9.09151E-06    6.44275E-04    2.54480E-03
     3.25500E+00    2.14962E-03    9.85377E-04    4.71287E-01   -4.07106E-03    5.83447E-06    8.67145E-06    6.43505E-04    2.52813E-03
     3.26375E+00    2.12933E-03    9.45138E-04    4.71289E-01   -3.91328E-03    5.68526E-06    8.26255E-06    6.42765E-04    2.51196E-03
     3.27250E+00    2.10988E-03    9.05442E-04    4.71291E-01   -3.75655E-03    5.54325E-06    7.86438E-06    6.42053E-04    2.49629E-03
     3.28125E+00    2.09127E-03    8.66272E-04    4.71293E-01   -3.60085E-03    5.40822E-06    7.47651E-06    6.41371E-04    2.48112E-03
     3.29000E+00    2.07348E-03    8.27609E-04    4.71295E-01   -3.44617E-03    5.28000E-06    7.09852E-06    6.40718E-04    2.46645E-03
     3.29875E+00    2.05649E-03    7.89439E-04    4.71297E-01   -3.29249E-03    5.15840E-06    6.72999E-06    6.40094E-04    2.45230E-03
     3.30750E+00    2.04030E-03    7.51744E-04    4.71298E-01   -3.13979E-03    5.04324E-06    6.37052E-06    6.39498E-04    2.43866E-03
     3.31625E+00    2.02491E-03    7.14508E-04    4.71300E-01   -2.98806E-03    4.93437E-06    6.01970E-06    6.38931E-04    2.42553E-03
     3.32500E+00    2.01029E-03    6.77716E-04    4.71301E-01   -2.83728E-03    4.83163E-06    5.67716E-06    6.38392E-04    2.41293E-03
     3.33375E+00    1.99644E-03    6.41352E-04    4.71303E-01   -2.68744E-03    4.73487E-06    5.34249E-06    6.37880E-04    2.40086E-03
     3.34250E+00    1.98335E-03    6.05400E-04    4.71304E-01   -2.53853E-03    4.64395E-06    5.01532E-06    6.37397E-04    2.38932E-03
     3.35125E+00    1.97101E-03    5.69845E-04    4.71305E-01   -2.39052E-03    4.55874E-06    4.69528E-06    6.36941E-04    2.37833E-03
     3.36000E+00    1.95942E-03    5.34673E-04    4.71307E-01   -2.24341E-03    4.47910E-06    4.38200E-06    6.36512E-04    2.36788E-03
     3.36875E+00    1.94856E-03    4.99869E-04    4.71308E-01   -2.09718E-03    4.40493E-06    4.07511E-06    6.36111E-04    2.35798E-03
     3.37750E+00    1.93843E-03    4.65419E-04    4.71309E-01   -1.95181E-03    4.33611E-06    3.77424E-06    6.35736E-04    2.34865E-03
     3.38625E+00    1.92902E-03    4.31308E-04    4.71310E-01   -1.80730E-03    4.27253E-06    3.47905E-06    6.35389E-04    2.33989E-03
     3.39500E+00    1.92033E-03    3.97521E-04    4.71311E-01   -1.66362E-03    4.21410E-06    3.18918E-06    6.35068E-04    2.33170E-03
     3.40375E+00    1.91234E-03    3.64047E-04    4.71311E-01   -1.52077E-03    4.16072E-06    2.90428E-06    6.34774E-04    2.32411E-03
     3.41250E+00    1.90505E-03    3.30870E-04    4.71312E-01   -1.37872E-03    4.11230E-06    2.62400E-06    6.34506E-04    2.31711E-03
     3.42125E+00    1.89845E-03    2.97977E-04    4.71313E-01   -1.23748E-03    4.06878E-06    2.34800E-06    6.34264E-04    2.31072E-03
     3.43000E+00    1.89255E-03    2.65356E-04    4.71313E-01   -1.09701E-03    4.03006E-06    2.07593E-06    6.34048E-04    2.30495E-03
     3.43875E+00    1.88732E-03    2.32992E-04    4.71314E-01   -9.57323E-04    3.99609E-06    1.80745E-06    6.33859E-04    2.29981E-03
     3.44750E+00    1.88277E-03    2.00873E-04    4.71314E-01   -8.18390E-04    3.96680E-06    1.54222E-06    6.33694E-04    2.29531E-03
     3.45625E+00    1.87889E-03    1.68987E-04    4.71315E-01   -6.80202E-04    3.94213E-06    1.27990E-06    6.33556E-04    2.29146E-03
     3.46500E+00    1.87568E-03    1.37320E-04    4.71315E-01   -5.42746E-04    3.92204E-06    1.02015E-06    6.33443E-04    2.28828E-03
     3.47375E+00    1.87314E-03    1.05860E-04    4.71315E-01   -4.06010E-04    3.90647E-06    7.62621E-07    6.33356E-04    2.28578E-03
     3.48250E+00    1.87125E-03    7.45946E-05    4.71315E-01   -2.69982E-04    3.89540E-06    5.06984E-07    6.33293E-04    2.28397E-03
     3.49125E+00    1.87001E-03    4.35120E-05    4.71315E-01   -1.34649E-04    3.88877E-06    2.52891E-07    6.33256E-04    2.28288E-03
     3.50000E+00    1.86943E-03    1.25999E-05    4.71315E-01   -3.92643E-39    3.88657E-06    3.95972E-32    6.33243E-04    2.28251E-03
