     1.00000E-05    3.17111E+00   -2.12343E-05   -5.05109E-01   -1.11890E-05    3.89959E-01    3.30605E-06    2.75623E-01    3.60387E-11
     2.28497E-03    3.17108E+00    5.62302E-03   -5.05098E-01   -2.55663E-03    3.89956E-01    7.55410E-04    2.75620E-01    1.88160E-06
     4.55995E-03    3.17101E+00    1.12210E-02   -5.05066E-01   -5.10191E-03    3.89947E-01    1.50744E-03    2.75610E-01    7.49321E-06
     6.83492E-03    3.17090E+00    1.68183E-02   -5.05012E-01   -7.64686E-03    3.89932E-01    2.25933E-03    2.75594E-01    1.68341E-05
     9.10990E-03    3.17074E+00    2.24144E-02   -5.04937E-01   -1.01913E-02    3.89911E-01    3.01099E-03    2.75572E-01    2.99030E-05
     1.13849E-02    3.17053E+00    2.80089E-02   -5.04841E-01   -1.27352E-02    3.89884E-01    3.76237E-03    2.75544E-01    4.66980E-05
     1.36598E-02    3.17027E+00    3.36015E-02   -5.04723E-01   -1.52782E-02    3.89851E-01    4.51338E-03    2.75509E-01    6.72168E-05
     1.59348E-02    3.16997E+00    3.91917E-02   -5.04584E-01   -1.78202E-02    3.89812E-01    5.26395E-03    2.75468E-01    9.14565E-05
     1.82098E-02    3.16962E+00    4.47793E-02   -5.04423E-01   -2.03612E-02    3.89767E-01    6.01401E-03    2.75420E-01    1.19414E-04
     2.04848E-02    3.16923E+00    5.03637E-02   -5.04241E-01   -2.29008E-02    3.89716E-01    6.76349E-03    2.75366E-01    1.51085E-04
     2.27597E-02    3.16879E+00    5.59447E-02   -5.04038E-01   -2.54390E-02    3.89659E-01    7.51232E-03    2.75306E-01    1.86465E-04
     2.50347E-02    3.16830E+00    6.15217E-02   -5.03813E-01   -2.79756E-02    3.89596E-01    8.26042E-03    2.75240E-01    2.25549E-04
     2.73097E-02    3.16777E+00    6.70946E-02   -5.03567E-01   -3.05104E-02    3.89528E-01    9.00772E-03    2.75167E-01    2.68332E-04
     2.95847E-02    3.16719E+00    7.26627E-02   -5.03300E-01   -3.30433E-02    3.89453E-01    9.75415E-03    2.75088E-01    3.14808E-04
     3.18596E-02    3.16656E+00    7.82258E-02   -5.03012E-01   -3.55741E-02    3.89372E-01    1.04996E-02    2.75003E-01    3.64970E-04
     3.41346E-02    3.16589E+00    8.37836E-02   -5.02702E-01   -3.81026E-02    3.89285E-01    1.12441E-02    2.74911E-01    4.18812E-04
     3.64096E-02    3.16518E+00    8.93355E-02   -5.02371E-01   -4.06288E-02    3.89192E-01    1.19875E-02    2.74813E-01    4.76325E-04
     3.86846E-02    3.16441E+00    9.48812E-02   -5.02018E-01   -4.31524E-02    3.89094E-01    1.27297E-02    2.74709E-01    5.37502E-04
     4.09595E-02    3.16360E+00    1.00420E-01   -5.01645E-01   -4.56732E-02    3.88989E-01    1.34707E-02    2.74599E-01    6.02334E-04
     4.32345E-02    3.16275E+00    1.05953E-01   -5.01250E-01   -4.81912E-02    3.88878E-01    1.42104E-02    2.74482E-01    6.70813E-04
     4.55095E-02    3.16185E+00    1.11477E-01   -5.00834E-01   -5.07061E-02    3.88762E-01    1.49487E-02    2.74360E-01    7.42928E-04
     4.77845E-02    3.16090E+00    1.16994E-01   -5.00397E-01   -5.32178E-02    3.88639E-01    1.56856E-02    2.74231E-01    8.18670E-04
     5.00594E-02    3.15991E+00    1.22503E-01   -4.99939E-01   -5.57262E-02    3.88511E-01    1.64210E-02    2.74096E-01    8.98028E-04
     5.23344E-02    3.15887E+00    1.28004E-01   -4.99460E-01   -5.82311E-02    3.88377E-01    1.71548E-02    2.73954E-01    9.80991E-04
     5.46094E-02    3.15778E+00    1.33496E-01   -4.98960E-01   -6.07322E-02    3.88237E-01    1.78869E-02    2.73807E-01    1.06755E-03
     5.68844E-02    3.15665E+00    1.38978E-01   -4.98439E-01   -6.32296E-02    3.88091E-01    1.86173E-02    2.73653E-01    1.15768E-03
     5.91593E-02    3.15548E+00    1.44451E-01   -4.97896E-01   -6.57230E-02    3.87939E-01    1.93459E-02    2.73493E-01    1.25139E-03
     6.14343E-02    3.15425E+00    1.49914E-01   -4.97333E-01   -6.82122E-02    3.87781E-01    2.00727E-02    2.73327E-01    1.34865E-03
     6.37093E-02    3.15299E+00    1.55366E-01   -4.96749E-01   -7.06971E-02    3.87617E-01    2.07975E-02    2.73155E-01    1.44946E-03
     6.59843E-02    3.15168E+00    1.60808E-01   -4.96144E-01   -7.31776E-02    3.87448E-01    2.15203E-02    2.72977E-01    1.55379E-03
     6.82592E-02    3.15032E+00    1.66238E-01   -4.95518E-01   -7.56535E-02    3.87272E-01    2.22410E-02    2.72793E-01    1.66164E-03
     7.05342E-02    3.14892E+00    1.71657E-01   -4.94871E-01   -7.81246E-02    3.87091E-01    2.29596E-02    2.72603E-01    1.77298E-03
     7.28092E-02    3.14747E+00    1.77064E-01   -4.94204E-01   -8.05908E-02    3.86904E-01    2.36760E-02    2.72407E-01    1.88781E-03
     7.50842E-02    3.14597E+00    1.82459E-01   -4.93516E-01   -8.30519E-02    3.86712E-01    2.43902E-02    2.72204E-01    2.00611E-03
     7.73591E-02    3.14444E+00    1.87841E-01   -4.92807E-01   -8.55078E-02    3.86513E-01    2.51020E-02    2.71996E-01    2.12786E-03
     7.96341E-02    3.14285E+00    1.93210E-01   -4.92077E-01   -8.79583E-02    3.86309E-01    2.58113E-02    2.71782E-01    2.25304E-03
     8.19091E-02    3.14122E+00    1.98566E-01   -4.91327E-01   -9.04033E-02    3.86099E-01    2.65182E-02    2.71562E-01    2.38164E-03
     8.41841E-02    3.13955E+00    2.03908E-01   -4.90557E-01   -9.28427E-02    3.85883E-01    2.72226E-02    2.71336E-01    2.51364E-03
     8.64590E-02    3.13783E+00    2.09236E-01   -4.89765E-01   -9.52762E-02    3.85661E-01    2.79244E-02    2.71104E-01    2.64902E-03
     8.87340E-02    3.13607E+00    2.14550E-01   -4.88954E-01   -9.77037E-02    3.85434E-01    2.86234E-02    2.70866E-01    2.78776E-03
     9.10090E-02    3.13427E+00    2.19848E-01   -4.88122E-01   -1.00125E-01    3.85201E-01    2.93198E-02    2.70622E-01    2.92984E-03
     9.32840E-02    3.13241E+00    2.25132E-01   -4.87269E-01   -1.02540E-01    3.84963E-01    3.00133E-02    2.70372E-01    3.07525E-03
     9.55589E-02    3.13052E+00    2.30399E-01   -4.86397E-01   -1.04949E-01    3.84718E-01    3.07040E-02    2.70117E-01    3.22397E-03
     9.78339E-02    3.12858E+00    2.35651E-01   -4.85504E-01   -1.07351E-01    3.84468E-01    3.13918E-02    2.69856E-01    3.37596E-03
     1.00109E-01    3.12660E+00    2.40887E-01   -4.84591E-01   -1.09746E-01    3.84213E-01    3.20765E-02    2.69589E-01    3.53122E-03
     1.02384E-01    3.12457E+00    2.46105E-01   -4.83658E-01   -1.12135E-01    3.83951E-01    3.27582E-02    2.69317E-01    3.68972E-03
     1.04659E-01    3.12250E+00    2.51307E-01   -4.82704E-01   -1.14517E-01    3.83685E-01    3.34368E-02    2.69038E-01    3.85144E-03
     1.06934E-01    3.12038E+00    2.56492E-01   -4.81731E-01   -1.16891E-01    3.83412E-01    3.41122E-02    2.68754E-01    4.01635E-03
     1.09209E-01    3.11822E+00    2.61658E-01   -4.80738E-01   -1.19258E-01    3.83134E-01    3.47843E-02    2.68465E-01    4.18444E-03
     1.11484E-01    3.11602E+00    2.66807E-01   -4.79724E-01   -1.21618E-01    3.82851E-01    3.54532E-02    2.68169E-01    4.35568E-03
     1.13759E-01    3.11377E+00    2.71937E-01   -4.78691E-01   -1.23970E-01    3.82562E-01    3.61186E-02    2.67869E-01    4.53005E-03
     1.16034E-01    3.11149E+00    2.77048E-01   -4.77638E-01   -1.26314E-01    3.82267E-01    3.67807E-02    2.67562E-01    4.70753E-03
     1.18309E-01    3.10915E+00    2.82140E-01   -4.76566E-01   -1.28650E-01    3.81967E-01    3.74392E-02    2.67250E-01    4.88808E-03
     1.20584E-01    3.10678E+00    2.87212E-01   -4.75474E-01   -1.30979E-01    3.81661E-01    3.80943E-02    2.66933E-01    5.07169E-03
     1.22859E-01    3.10436E+00    2.92265E-01   -4.74362E-01   -1.33299E-01    3.81350E-01    3.87457E-02    2.66610E-01    5.25833E-03
     1.25134E-01    3.10190E+00    2.97297E-01   -4.73230E-01   -1.35611E-01    3.81034E-01    3.93934E-02    2.66282E-01    5.44798E-03
     1.27409E-01    3.09939E+00    3.02309E-01   -4.72080E-01   -1.37914E-01    3.80712E-01    4.00374E-02    2.65948E-01    5.64060E-03
     1.29684E-01    3.09685E+00    3.07300E-01   -4.70909E-01   -1.40209E-01    3.80385E-01    4.06777E-02    2.65609E-01    5.83618E-03
     1.31959E-01    3.09426E+00    3.12269E-01   -4.69720E-01   -1.42496E-01    3.80052E-01    4.13141E-02    2.65265E-01    6.03468E-03
     1.34234E-01    3.09163E+00    3.17217E-01   -4.68511E-01   -1.44773E-01    3.79715E-01    4.19466E-02    2.64915E-01    6.23609E-03
     1.36508E-01    3.08895E+00    3.22143E-01   -4.67283E-01   -1.47041E-01    3.79371E-01    4.25752E-02    2.64560E-01    6.44037E-03
     1.38783E-01    3.08624E+00    3.27047E-01   -4.66036E-01   -1.49301E-01    3.79023E-01    4.31997E-02    2.64200E-01    6.64749E-03
     1.41058E-01    3.08348E+00    3.31928E-01   -4.64770E-01   -1.51551E-01    3.78669E-01    4.38202E-02    2.63834E-01    6.85743E-03
     1.43333E-01    3.08068E+00    3.36786E-01   -4.63485E-01   -1.53791E-01    3.78310E-01    4.44366E-02    2.63464E-01    7.07016E-03
     1.45608E-01    3.07784E+00    3.41621E-01   -4.62181E-01   -1.56022E-01    3.77946E-01    4.50489E-02    2.63088E-01    7.28564E-03
     1.47883E-01    3.07496E+00    3.46432E-01   -4.60858E-01   -1.58244E-01    3.77576E-01    4.56569E-02    2.62707E-01    7.50386E-03
     1.50158E-01    3.07204E+00    3.51219E-01   -4.59517E-01   -1.60456E-01    3.77201E-01    4.62606E-02    2.62322E-01    7.72479E-03
     1.52433E-01    3.06907E+00    3.55982E-01   -4.58157E-01   -1.62657E-01    3.76821E-01    4.68600E-02    2.61931E-01    7.94838E-03
     1.54708E-01    3.06607E+00    3.60721E-01   -4.56778E-01   -1.64849E-01    3.76437E-01    4.74551E-02    2.61535E-01    8.17462E-03
     1.56983E-01    3.06302E+00    3.65434E-01   -4.55381E-01   -1.67031E-01    3.76046E-01    4.80457E-02    2.61134E-01    8.40347E-03
     1.59258E-01    3.05994E+00    3.70122E-01   -4.53966E-01   -1.69202E-01    3.75651E-01    4.86318E-02    2.60729E-01    8.63490E-03
     1.61533E-01    3.05681E+00    3.74784E-01   -4.52532E-01   -1.71363E-01    3.75251E-01    4.92135E-02    2.60318E-01    8.86888E-03
     1.63808E-01    3.05364E+00    3.79421E-01   -4.51080E-01   -1.73513E-01    3.74846E-01    4.97905E-02    2.59903E-01    9.10538E-03
     1.66083E-01    3.05044E+00    3.84031E-01   -4.49609E-01   -1.75653E-01    3.74436E-01    5.03629E-02    2.59483E-01    9.34437E-03
     1.68358E-01    3.04719E+00    3.88615E-01   -4.48121E-01   -1.77781E-01    3.74020E-01    5.09307E-02    2.59058E-01    9.58581E-03
     1.70633E-01    3.04390E+00    3.93171E-01   -4.46615E-01   -1.79899E-01    3.73600E-01    5.14937E-02    2.58629E-01    9.82968E-03
     1.72908E-01    3.04058E+00    3.97701E-01   -4.45090E-01   -1.82006E-01    3.73175E-01    5.20520E-02    2.58195E-01    1.00759E-02
     1.75183E-01    3.03721E+00    4.02203E-01   -4.43548E-01   -1.84102E-01    3.72745E-01    5.26055E-02    2.57756E-01    1.03246E-02
     1.77458E-01    3.03381E+00    4.06677E-01   -4.41989E-01   -1.86186E-01    3.72310E-01    5.31541E-02    2.57313E-01    1.05755E-02
     1.79733E-01    3.03036E+00    4.11124E-01   -4.40411E-01   -1.88259E-01    3.71871E-01    5.36978E-02    2.56865E-01    1.08288E-02
     1.82008E-01    3.02688E+00    4.15541E-01   -4.38816E-01   -1.90320E-01    3.71426E-01    5.42366E-02    2.56412E-01    1.10843E-02
     1.84283E-01    3.02336E+00    4.19930E-01   -4.37204E-01   -1.92370E-01    3.70977E-01    5.47704E-02    2.55956E-01    1.13420E-02
     1.86558E-01    3.01980E+00    4.24290E-01   -4.35574E-01   -1.94408E-01    3.70523E-01    5.52992E-02    2.55495E-01    1.16019E-02
     1.88833E-01    3.01620E+00    4.28621E-01   -4.33927E-01   -1.96434E-01    3.70065E-01    5.58229E-02    2.55029E-01    1.18640E-02
     1.91108E-01    3.01257E+00    4.32922E-01   -4.32262E-01   -1.98448E-01    3.69601E-01    5.63415E-02    2.54559E-01    1.21282E-02
     1.93383E-01    3.00889E+00    4.37193E-01   -4.30581E-01   -2.00450E-01    3.69133E-01    5.68550E-02    2.54085E-01    1.23945E-02
     1.95658E-01    3.00518E+00    4.41434E-01   -4.28883E-01   -2.02440E-01    3.68661E-01    5.73632E-02    2.53607E-01    1.26629E-02
     1.97933E-01    3.00143E+00    4.45644E-01   -4.27167E-01   -2.04418E-01    3.68184E-01    5.78663E-02    2.53124E-01    1.29333E-02
     2.00208E-01    2.99765E+00    4.49824E-01   -4.25435E-01   -2.06383E-01    3.67702E-01    5.83641E-02    2.52638E-01    1.32056E-02
     2.02483E-01    2.99382E+00    4.53972E-01   -4.23687E-01   -2.08335E-01    3.67216E-01    5.88565E-02    2.52147E-01    1.34799E-02
     2.04758E-01    2.98996E+00    4.58089E-01   -4.21921E-01   -2.10275E-01    3.66725E-01    5.93437E-02    2.51652E-01    1.37562E-02
     2.07033E-01    2.98606E+00    4.62175E-01   -4.20139E-01   -2.12202E-01    3.66230E-01    5.98254E-02    2.51154E-01    1.40343E-02
     2.09308E-01    2.98213E+00    4.66228E-01   -4.18341E-01   -2.14116E-01    3.65730E-01    6.03018E-02    2.50651E-01    1.43142E-02
     2.11583E-01    2.97816E+00    4.70249E-01   -4.16526E-01   -2.16017E-01    3.65226E-01    6.07727E-02    2.50144E-01    1.45960E-02
     2.13858E-01    2.97416E+00    4.74238E-01   -4.14695E-01   -2.17905E-01    3.64718E-01    6.12381E-02    2.49634E-01    1.48795E-02
     2.16133E-01    2.97012E+00    4.78194E-01   -4.12848E-01   -2.19780E-01    3.64205E-01    6.16981E-02    2.49120E-01    1.51648E-02
     2.18408E-01    2.96604E+00    4.82117E-01   -4.10985E-01   -2.21641E-01    3.63688E-01    6.21524E-02    2.48602E-01    1.54518E-02
     2.20683E-01    2.96193E+00    4.86007E-01   -4.09106E-01   -2.23489E-01    3.63167E-01    6.26012E-02    2.48080E-01    1.57404E-02
     2.22958E-01    2.95778E+00    4.89863E-01   -4.07211E-01   -2.25324E-01    3.62642E-01    6.30444E-02    2.47555E-01    1.60306E-02
     2.25233E-01    2.95360E+00    4.93685E-01   -4.05301E-01   -2.27145E-01    3.62112E-01    6.34820E-02    2.47026E-01    1.63225E-02
     2.27507E-01    2.94938E+00    4.97474E-01   -4.03375E-01   -2.28952E-01    3.61578E-01    6.39139E-02    2.46493E-01    1.66159E-02
     2.29782E-01    2.94513E+00    5.01227E-01   -4.01433E-01   -2.30745E-01    3.61041E-01    6.43401E-02    2.45957E-01    1.69108E-02
     2.32057E-01    2.94084E+00    5.04947E-01   -3.99476E-01   -2.32525E-01    3.60499E-01    6.47605E-02    2.45418E-01    1.72072E-02
     2.34332E-01    2.93652E+00    5.08631E-01   -3.97503E-01   -2.34291E-01    3.59953E-01    6.51753E-02    2.44875E-01    1.75050E-02
     2.36607E-01    2.93217E+00    5.12280E-01   -3.95516E-01   -2.36042E-01    3.59403E-01    6.55842E-02    2.44329E-01    1.78042E-02
     2.38882E-01    2.92779E+00    5.15894E-01   -3.93513E-01   -2.37779E-01    3.58849E-01    6.59873E-02    2.43779E-01    1.81048E-02
     2.41157E-01    2.92337E+00    5.19473E-01   -3.91495E-01   -2.39502E-01    3.58291E-01    6.63847E-02    2.43226E-01    1.84068E-02
     2.43432E-01    2.91891E+00    5.23015E-01   -3.89463E-01   -2.41211E-01    3.57730E-01    6.67761E-02    2.42670E-01    1.87100E-02
     2.45707E-01    2.91443E+00    5.26522E-01   -3.87415E-01   -2.42905E-01    3.57164E-01    6.71617E-02    2.42111E-01    1.90145E-02
     2.47982E-01    2.90991E+00    5.29992E-01   -3.85353E-01   -2.44584E-01    3.56595E-01    6.75414E-02    2.41549E-01    1.93201E-02
     2.50257E-01    2.90536E+00    5.33425E-01   -3.83277E-01   -2.46249E-01    3.56022E-01    6.79151E-02    2.40983E-01    1.96270E-02
     2.52532E-01    2.90078E+00    5.36822E-01   -3.81186E-01   -2.47899E-01    3.55445E-01    6.82830E-02    2.40415E-01    1.99350E-02
     2.54807E-01    2.89616E+00    5.40182E-01   -3.79080E-01   -2.49534E-01    3.54865E-01    6.86448E-02    2.39844E-01    2.02441E-02
     2.57082E-01    2.89152E+00    5.43504E-01   -3.76961E-01   -2.51154E-01    3.54280E-01    6.90007E-02    2.39269E-01    2.05543E-02
     2.59357E-01    2.88684E+00    5.46789E-01   -3.74827E-01   -2.52759E-01    3.53693E-01    6.93506E-02    2.38692E-01    2.08655E-02
     2.61632E-01    2.88213E+00    5.50036E-01   -3.72679E-01   -2.54350E-01    3.53101E-01    6.96944E-02    2.38112E-01    2.11776E-02
     2.63907E-01    2.87740E+00    5.53246E-01   -3.70517E-01   -2.55924E-01    3.52506E-01    7.00322E-02    2.37530E-01    2.14908E-02
     2.66182E-01    2.87263E+00    5.56417E-01   -3.68342E-01   -2.57484E-01    3.51908E-01    7.03640E-02    2.36944E-01    2.18048E-02
     2.68457E-01    2.86783E+00    5.59550E-01   -3.66153E-01   -2.59028E-01    3.51306E-01    7.06896E-02    2.36356E-01    2.21197E-02
     2.70732E-01    2.86300E+00    5.62644E-01   -3.63950E-01   -2.60557E-01    3.50701E-01    7.10092E-02    2.35765E-01    2.24355E-02
     2.73007E-01    2.85814E+00    5.65699E-01   -3.61733E-01   -2.62071E-01    3.50093E-01    7.13227E-02    2.35172E-01    2.27520E-02
     2.75282E-01    2.85325E+00    5.68716E-01   -3.59504E-01   -2.63568E-01    3.49481E-01    7.16301E-02    2.34577E-01    2.30693E-02
     2.77557E-01    2.84833E+00    5.71693E-01   -3.57261E-01   -2.65050E-01    3.48866E-01    7.19313E-02    2.33978E-01    2.33873E-02
     2.79832E-01    2.84339E+00    5.74631E-01   -3.55005E-01   -2.66516E-01    3.48247E-01    7.22264E-02    2.33378E-01    2.37060E-02
     2.82107E-01    2.83841E+00    5.77530E-01   -3.52736E-01   -2.67967E-01    3.47626E-01    7.25154E-02    2.32775E-01    2.40253E-02
     2.84382E-01    2.83341E+00    5.80388E-01   -3.50454E-01   -2.69401E-01    3.47001E-01    7.27982E-02    2.32170E-01    2.43453E-02
     2.86657E-01    2.82838E+00    5.83207E-01   -3.48159E-01   -2.70820E-01    3.46373E-01    7.30748E-02    2.31563E-01    2.46658E-02
     2.88932E-01    2.82332E+00    5.85986E-01   -3.45852E-01   -2.72222E-01    3.45742E-01    7.33452E-02    2.30953E-01    2.49869E-02
     2.91207E-01    2.81824E+00    5.88724E-01   -3.43532E-01   -2.73608E-01    3.45108E-01    7.36095E-02    2.30341E-01    2.53084E-02
     2.93482E-01    2.81312E+00    5.91421E-01   -3.41200E-01   -2.74978E-01    3.44471E-01    7.38675E-02    2.29727E-01    2.56304E-02
     2.95757E-01    2.80798E+00    5.94078E-01   -3.38855E-01   -2.76332E-01    3.43831E-01    7.41193E-02    2.29112E-01    2.59528E-02
     2.98032E-01    2.80282E+00    5.96694E-01   -3.36498E-01   -2.77670E-01    3.43189E-01    7.43649E-02    2.28494E-01    2.62756E-02
     3.00307E-01    2.79762E+00    5.99269E-01   -3.34129E-01   -2.78990E-01    3.42543E-01    7.46043E-02    2.27874E-01    2.65987E-02
     3.02582E-01    2.79241E+00    6.01803E-01   -3.31748E-01   -2.80295E-01    3.41895E-01    7.48375E-02    2.27253E-01    2.69221E-02
     3.04857E-01    2.78716E+00    6.04296E-01   -3.29355E-01   -2.81583E-01    3.41243E-01    7.50644E-02    2.26629E-01    2.72458E-02
     3.07132E-01    2.78189E+00    6.06747E-01   -3.26950E-01   -2.82854E-01    3.40589E-01    7.52851E-02    2.26004E-01    2.75698E-02
     3.09407E-01    2.77660E+00    6.09156E-01   -3.24534E-01   -2.84108E-01    3.39933E-01    7.54996E-02    2.25377E-01    2.78939E-02
     3.11682E-01    2.77128E+00    6.11523E-01   -3.22106E-01   -2.85346E-01    3.39274E-01    7.57078E-02    2.24749E-01    2.82181E-02
     3.13957E-01    2.76593E+00    6.13848E-01   -3.19667E-01   -2.86566E-01    3.38612E-01    7.59098E-02    2.24119E-01    2.85425E-02
     3.16232E-01    2.76056E+00    6.16132E-01   -3.17216E-01   -2.87770E-01    3.37948E-01    7.61055E-02    2.23487E-01    2.88670E-02
     3.18506E-01    2.75517E+00    6.18372E-01   -3.14755E-01   -2.88957E-01    3.37281E-01    7.62950E-02    2.22854E-01    2.91915E-02
     3.20781E-01    2.74976E+00    6.20571E-01   -3.12282E-01   -2.90127E-01    3.36612E-01    7.64783E-02    2.22219E-01    2.95160E-02
     3.23056E-01    2.74432E+00    6.22726E-01   -3.09798E-01   -2.91279E-01    3.35940E-01    7.66553E-02    2.21583E-01    2.98405E-02
     3.25331E-01    2.73885E+00    6.24839E-01   -3.07304E-01   -2.92415E-01    3.35266E-01    7.68261E-02    2.20946E-01    3.01649E-02
     3.27606E-01    2.73337E+00    6.26909E-01   -3.04799E-01   -2.93533E-01    3.34590E-01    7.69907E-02    2.20308E-01    3.04892E-02
     3.29881E-01    2.72786E+00    6.28936E-01   -3.02283E-01   -2.94634E-01    3.33911E-01    7.71490E-02    2.19668E-01    3.08134E-02
     3.32156E-01    2.72233E+00    6.30920E-01   -2.99757E-01   -2.95717E-01    3.33230E-01    7.73011E-02    2.19027E-01    3.11374E-02
     3.34431E-01    2.71678E+00    6.32861E-01   -2.97220E-01   -2.96784E-01    3.32548E-01    7.74470E-02    2.18385E-01    3.14612E-02
     3.36706E-01    2.71121E+00    6.34758E-01   -2.94673E-01   -2.97832E-01    3.31863E-01    7.75866E-02    2.17741E-01    3.17847E-02
     3.38981E-01    2.70562E+00    6.36612E-01   -2.92117E-01   -2.98863E-01    3.31175E-01    7.77201E-02    2.17097E-01    3.21080E-02
     3.41256E-01    2.70000E+00    6.38422E-01   -2.89550E-01   -2.99877E-01    3.30486E-01    7.78473E-02    2.16452E-01    3.24309E-02
     3.43531E-01    2.69437E+00    6.40188E-01   -2.86973E-01   -3.00872E-01    3.29795E-01    7.79684E-02    2.15806E-01    3.27535E-02
     3.45806E-01    2.68871E+00    6.41910E-01   -2.84387E-01   -3.01850E-01    3.29102E-01    7.80833E-02    2.15159E-01    3.30757E-02
     3.48081E-01    2.68304E+00    6.43589E-01   -2.81791E-01   -3.02810E-01    3.28407E-01    7.81919E-02    2.14511E-01    3.33975E-02
     3.50356E-01    2.67735E+00    6.45223E-01   -2.79185E-01   -3.03753E-01    3.27711E-01    7.82945E-02    2.13862E-01    3.37188E-02
     3.52631E-01    2.67163E+00    6.46813E-01   -2.76571E-01   -3.04677E-01    3.27012E-01    7.83908E-02    2.13213E-01    3.40396E-02
     3.54906E-01    2.66590E+00    6.48359E-01   -2.73947E-01   -3.05584E-01    3.26312E-01    7.84811E-02    2.12563E-01    3.43599E-02
     3.57181E-01    2.66015E+00    6.49861E-01   -2.71313E-01   -3.06472E-01    3.25610E-01    7.85652E-02    2.11913E-01    3.46796E-02
     3.59456E-01    2.65438E+00    6.51318E-01   -2.68671E-01   -3.07343E-01    3.24906E-01    7.86431E-02    2.11261E-01    3.49987E-02
     3.61731E-01    2.64860E+00    6.52730E-01   -2.66020E-01   -3.08195E-01    3.24201E-01    7.87150E-02    2.10610E-01    3.53173E-02
     3.64006E-01    2.64280E+00    6.54098E-01   -2.63360E-01   -3.09029E-01    3.23495E-01    7.87807E-02    2.09958E-01    3.56351E-02
     3.66281E-01    2.63698E+00    6.55421E-01   -2.60692E-01   -3.09845E-01    3.22786E-01    7.88404E-02    2.09305E-01    3.59522E-02
     3.68556E-01    2.63114E+00    6.56699E-01   -2.58015E-01   -3.10643E-01    3.22077E-01    7.88940E-02    2.08652E-01    3.62687E-02
     3.70831E-01    2.62528E+00    6.57933E-01   -2.55330E-01   -3.11422E-01    3.21366E-01    7.89416E-02    2.07999E-01    3.65843E-02
     3.73106E-01    2.61942E+00    6.59122E-01   -2.52636E-01   -3.12183E-01    3.20653E-01    7.89831E-02    2.07346E-01    3.68992E-02
     3.75381E-01    2.61353E+00    6.60265E-01   -2.49935E-01   -3.12925E-01    3.19940E-01    7.90187E-02    2.06692E-01    3.72132E-02
     3.77656E-01    2.60763E+00    6.61364E-01   -2.47225E-01   -3.13649E-01    3.19225E-01    7.90482E-02    2.06039E-01    3.75264E-02
     3.79931E-01    2.60171E+00    6.62417E-01   -2.44507E-01   -3.14355E-01    3.18509E-01    7.90717E-02    2.05385E-01    3.78387E-02
     3.82206E-01    2.59578E+00    6.63425E-01   -2.41782E-01   -3.15042E-01    3.17791E-01    7.90893E-02    2.04731E-01    3.81500E-02
     3.84481E-01    2.58984E+00    6.64388E-01   -2.39049E-01   -3.15710E-01    3.17073E-01    7.91009E-02    2.04077E-01    3.84604E-02
     3.86756E-01    2.58388E+00    6.65306E-01   -2.36309E-01   -3.16360E-01    3.16354E-01    7.91066E-02    2.03423E-01    3.87699E-02
     3.89031E-01    2.57791E+00    6.66178E-01   -2.33561E-01   -3.16990E-01    3.15633E-01    7.91064E-02    2.02769E-01    3.90783E-02
     3.91306E-01    2.57192E+00    6.67005E-01   -2.30806E-01   -3.17603E-01    3.14912E-01    7.91003E-02    2.02116E-01    3.93856E-02
     3.93581E-01    2.56593E+00    6.67786E-01   -2.28044E-01   -3.18196E-01    3.14190E-01    7.90884E-02    2.01462E-01    3.96919E-02
     3.95856E-01    2.55992E+00    6.68523E-01   -2.25275E-01   -3.18770E-01    3.13467E-01    7.90706E-02    2.00809E-01    3.99971E-02
     3.98131E-01    2.55389E+00    6.69213E-01   -2.22499E-01   -3.19326E-01    3.12743E-01    7.90470E-02    2.00156E-01    4.03012E-02
     4.00406E-01    2.54786E+00    6.69858E-01   -2.19716E-01   -3.19862E-01    3.12018E-01    7.90176E-02    1.99503E-01    4.06040E-02
     4.02681E-01    2.54181E+00    6.70458E-01   -2.16927E-01   -3.20380E-01    3.11293E-01    7.89824E-02    1.98851E-01    4.09057E-02
     4.04956E-01    2.53576E+00    6.71012E-01   -2.14131E-01   -3.20879E-01    3.10567E-01    7.89415E-02    1.98199E-01    4.12062E-02
     4.07231E-01    2.52969E+00    6.71520E-01   -2.11329E-01   -3.21358E-01    3.09841E-01    7.88949E-02    1.97548E-01    4.15054E-02
     4.09505E-01    2.52361E+00    6.71983E-01   -2.08521E-01   -3.21818E-01    3.09114E-01    7.88426E-02    1.96897E-01    4.18033E-02
     4.11780E-01    2.51752E+00    6.72400E-01   -2.05707E-01   -3.22260E-01    3.08386E-01    7.87846E-02    1.96247E-01    4.21000E-02
     4.14055E-01    2.51142E+00    6.72772E-01   -2.02886E-01   -3.22682E-01    3.07658E-01    7.87210E-02    1.95598E-01    4.23952E-02
     4.16330E-01    2.50532E+00    6.73098E-01   -2.00060E-01   -3.23084E-01    3.06930E-01    7.86517E-02    1.94949E-01    4.26892E-02
     4.18605E-01    2.49920E+00    6.73378E-01   -1.97229E-01   -3.23468E-01    3.06201E-01    7.85769E-02    1.94301E-01    4.29817E-02
     4.20880E-01    2.49308E+00    6.73613E-01   -1.94391E-01   -3.23832E-01    3.05472E-01    7.84965E-02    1.93653E-01    4.32728E-02
     4.23155E-01    2.48695E+00    6.73802E-01   -1.91549E-01   -3.24176E-01    3.04743E-01    7.84106E-02    1.93006E-01    4.35625E-02
     4.25430E-01    2.48081E+00    6.73946E-01   -1.88701E-01   -3.24502E-01    3.04013E-01    7.83192E-02    1.92361E-01    4.38507E-02
     4.27705E-01    2.47466E+00    6.74044E-01   -1.85848E-01   -3.24807E-01    3.03283E-01    7.82223E-02    1.91716E-01    4.41374E-02
     4.29980E-01    2.46851E+00    6.74096E-01   -1.82990E-01   -3.25094E-01    3.02554E-01    7.81200E-02    1.91072E-01    4.44226E-02
     4.32255E-01    2.46234E+00    6.74103E-01   -1.80127E-01   -3.25361E-01    3.01824E-01    7.80122E-02    1.90429E-01    4.47062E-02
     4.34530E-01    2.45618E+00    6.74065E-01   -1.77259E-01   -3.25608E-01    3.01094E-01    7.78991E-02    1.89787E-01    4.49883E-02
     4.36805E-01    2.45001E+00    6.73981E-01   -1.74387E-01   -3.25835E-01    3.00365E-01    7.77806E-02    1.89146E-01    4.52688E-02
     4.39080E-01    2.44383E+00    6.73851E-01   -1.71511E-01   -3.26043E-01    2.99635E-01    7.76569E-02    1.88507E-01    4.55476E-02
     4.41355E-01    2.43764E+00    6.73676E-01   -1.68630E-01   -3.26232E-01    2.98906E-01    7.75278E-02    1.87868E-01    4.58248E-02
     4.43630E-01    2.43146E+00    6.73456E-01   -1.65745E-01   -3.26400E-01    2.98176E-01    7.73935E-02    1.87231E-01    4.61004E-02
     4.45905E-01    2.42527E+00    6.73190E-01   -1.62856E-01   -3.26549E-01    2.97447E-01    7.72540E-02    1.86595E-01    4.63742E-02
     4.48180E-01    2.41907E+00    6.72879E-01   -1.59963E-01   -3.26678E-01    2.96719E-01    7.71093E-02    1.85960E-01    4.66464E-02
     4.50455E-01    2.41287E+00    6.72523E-01   -1.57066E-01   -3.26787E-01    2.95990E-01    7.69594E-02    1.85326E-01    4.69168E-02
     4.52730E-01    2.40667E+00    6.72122E-01   -1.54166E-01   -3.26876E-01    2.95263E-01    7.68045E-02    1.84694E-01    4.71854E-02
     4.55005E-01    2.40046E+00    6.71676E-01   -1.51262E-01   -3.26945E-01    2.94535E-01    7.66444E-02    1.84063E-01    4.74523E-02
     4.57280E-01    2.39426E+00    6.71184E-01   -1.48355E-01   -3.26995E-01    2.93808E-01    7.64793E-02    1.83434E-01    4.77174E-02
     4.59555E-01    2.38805E+00    6.70648E-01   -1.45445E-01   -3.27024E-01    2.93082E-01    7.63093E-02    1.82807E-01    4.79806E-02
     4.61830E-01    2.38184E+00    6.70066E-01   -1.42532E-01   -3.27034E-01    2.92356E-01    7.61342E-02    1.82180E-01    4.82420E-02
     4.64105E-01    2.37563E+00    6.69440E-01   -1.39616E-01   -3.27023E-01    2.91631E-01    7.59542E-02    1.81556E-01    4.85016E-02
     4.66380E-01    2.36942E+00    6.68769E-01   -1.36697E-01   -3.26992E-01    2.90907E-01    7.57693E-02    1.80933E-01    4.87593E-02
     4.68655E-01    2.36320E+00    6.68053E-01   -1.33776E-01   -3.26942E-01    2.90183E-01    7.55796E-02    1.80311E-01    4.90150E-02
     4.70930E-01    2.35699E+00    6.67293E-01   -1.30853E-01   -3.26871E-01    2.89460E-01    7.53850E-02    1.79692E-01    4.92689E-02
     4.73205E-01    2.35078E+00    6.66488E-01   -1.27927E-01   -3.26780E-01    2.88738E-01    7.51857E-02    1.79074E-01    4.95208E-02
     4.75480E-01    2.34457E+00    6.65639E-01   -1.24999E-01   -3.26668E-01    2.88017E-01    7.49816E-02    1.78458E-01    4.97707E-02
     4.77755E-01    2.33836E+00    6.64746E-01   -1.22069E-01   -3.26537E-01    2.87297E-01    7.47728E-02    1.77844E-01    5.00187E-02
     4.80030E-01    2.33215E+00    6.63808E-01   -1.19137E-01   -3.26385E-01    2.86578E-01    7.45594E-02    1.77231E-01    5.02647E-02
     4.82305E-01    2.32595E+00    6.62826E-01   -1.16204E-01   -3.26213E-01    2.85860E-01    7.43413E-02    1.76621E-01    5.05087E-02
     4.84580E-01    2.31974E+00    6.61801E-01   -1.13269E-01   -3.26020E-01    2.85143E-01    7.41186E-02    1.76012E-01    5.07506E-02
     4.86855E-01    2.31354E+00    6.60731E-01   -1.10333E-01   -3.25808E-01    2.84428E-01    7.38914E-02    1.75406E-01    5.09905E-02
     4.89130E-01    2.30735E+00    6.59617E-01   -1.07395E-01   -3.25574E-01    2.83713E-01    7.36597E-02    1.74801E-01    5.12284E-02
     4.91405E-01    2.30115E+00    6.58460E-01   -1.04457E-01   -3.25321E-01    2.83000E-01    7.34236E-02    1.74198E-01    5.14641E-02
     4.93680E-01    2.29497E+00    6.57260E-01   -1.01518E-01   -3.25047E-01    2.82288E-01    7.31830E-02    1.73598E-01    5.16978E-02
     4.95955E-01    2.28878E+00    6.56016E-01   -9.85783E-02   -3.24753E-01    2.81577E-01    7.29380E-02    1.73000E-01    5.19294E-02
     4.98230E-01    2.28260E+00    6.54728E-01   -9.56379E-02   -3.24438E-01    2.80868E-01    7.26887E-02    1.72403E-01    5.21588E-02
     5.00504E-01    2.27643E+00    6.53398E-01   -9.26973E-02   -3.24102E-01    2.80160E-01    7.24351E-02    1.71809E-01    5.23862E-02
     5.02779E-01    2.27026E+00    6.52024E-01   -8.97565E-02   -3.23746E-01    2.79453E-01    7.21773E-02    1.71218E-01    5.26113E-02
     5.05054E-01    2.26410E+00    6.50608E-01   -8.68156E-02   -3.23370E-01    2.78749E-01    7.19152E-02    1.70628E-01    5.28344E-02
     5.07329E-01    2.25795E+00    6.49149E-01   -8.38749E-02   -3.22973E-01    2.78045E-01    7.16490E-02    1.70041E-01    5.30552E-02
     5.09604E-01    2.25180E+00    6.47647E-01   -8.09346E-02   -3.22555E-01    2.77344E-01    7.13787E-02    1.69456E-01    5.32739E-02
     5.11879E-01    2.24566E+00    6.46103E-01   -7.79947E-02   -3.22117E-01    2.76644E-01    7.11043E-02    1.68873E-01    5.34903E-02
     5.14154E-01    2.23953E+00    6.44517E-01   -7.50556E-02   -3.21658E-01    2.75945E-01    7.08258E-02    1.68293E-01    5.37046E-02
     5.16429E-01    2.23340E+00    6.42889E-01   -7.21173E-02   -3.21179E-01    2.75249E-01    7.05434E-02    1.67715E-01    5.39166E-02
     5.18704E-01    2.22729E+00    6.41219E-01   -6.91800E-02   -3.20679E-01    2.74554E-01    7.02570E-02    1.67140E-01    5.41264E-02
     5.20979E-01    2.22118E+00    6.39507E-01   -6.62439E-02   -3.20158E-01    2.73861E-01    6.99667E-02    1.66567E-01    5.43339E-02
     5.23254E-01    2.21509E+00    6.37753E-01   -6.33092E-02   -3.19616E-01    2.73171E-01    6.96726E-02    1.65997E-01    5.45392E-02
     5.25529E-01    2.20900E+00    6.35958E-01   -6.03760E-02   -3.19054E-01    2.72482E-01    6.93746E-02    1.65429E-01    5.47423E-02
     5.27804E-01    2.20292E+00    6.34122E-01   -5.74446E-02   -3.18471E-01    2.71795E-01    6.90729E-02    1.64864E-01    5.49431E-02
     5.30079E-01    2.19686E+00    6.32245E-01   -5.45151E-02   -3.17868E-01    2.71110E-01    6.87675E-02    1.64302E-01    5.51415E-02
     5.32354E-01    2.19081E+00    6.30327E-01   -5.15878E-02   -3.17243E-01    2.70427E-01    6.84584E-02    1.63742E-01    5.53378E-02
     5.34629E-01    2.18476E+00    6.28369E-01   -4.86627E-02   -3.16598E-01    2.69746E-01    6.81456E-02    1.63184E-01    5.55317E-02
     5.36904E-01    2.17873E+00    6.26370E-01   -4.57401E-02   -3.15932E-01    2.69068E-01    6.78293E-02    1.62630E-01    5.57233E-02
     5.39179E-01    2.17272E+00    6.24330E-01   -4.28202E-02   -3.15245E-01    2.68391E-01    6.75094E-02    1.62078E-01    5.59126E-02
     5.41454E-01    2.16671E+00    6.22251E-01   -3.99032E-02   -3.14538E-01    2.67717E-01    6.71861E-02    1.61529E-01    5.60995E-02
     5.43729E-01    2.16072E+00    6.20132E-01   -3.69892E-02   -3.13810E-01    2.67045E-01    6.68593E-02    1.60983E-01    5.62842E-02
     5.46004E-01    2.15475E+00    6.17973E-01   -3.40785E-02   -3.13061E-01    2.66376E-01    6.65291E-02    1.60439E-01    5.64665E-02
     5.48279E-01    2.14878E+00    6.15775E-01   -3.11712E-02   -3.12291E-01    2.65709E-01    6.61956E-02    1.59899E-01    5.66465E-02
     5.50554E-01    2.14283E+00    6.13538E-01   -2.82675E-02   -3.11500E-01    2.65044E-01    6.58587E-02    1.59361E-01    5.68242E-02
     5.52829E-01    2.13690E+00    6.11262E-01   -2.53677E-02   -3.10689E-01    2.64382E-01    6.55186E-02    1.58826E-01    5.69995E-02
     5.55104E-01    2.13098E+00    6.08947E-01   -2.24719E-02   -3.09857E-01    2.63723E-01    6.51753E-02    1.58294E-01    5.71725E-02
     5.57379E-01    2.12508E+00    6.06594E-01   -1.95804E-02   -3.09004E-01    2.63066E-01    6.48288E-02    1.57765E-01    5.73431E-02
     5.59654E-01    2.11920E+00    6.04202E-01   -1.66933E-02   -3.08130E-01    2.62411E-01    6.44792E-02    1.57239E-01    5.75113E-02
     5.61929E-01    2.11333E+00    6.01772E-01   -1.38109E-02   -3.07235E-01    2.61760E-01    6.41266E-02    1.56716E-01    5.76772E-02
     5.64204E-01    2.10747E+00    5.99305E-01   -1.09333E-02   -3.06320E-01    2.61110E-01    6.37709E-02    1.56196E-01    5.78408E-02
     5.66479E-01    2.10164E+00    5.96800E-01   -8.06075E-03   -3.05384E-01    2.60464E-01    6.34123E-02    1.55679E-01    5.80020E-02
     5.68754E-01    2.09582E+00    5.94258E-01   -5.19350E-03   -3.04427E-01    2.59821E-01    6.30507E-02    1.55165E-01    5.81608E-02
     5.71029E-01    2.09003E+00    5.91679E-01   -2.33172E-03   -3.03450E-01    2.59180E-01    6.26863E-02    1.54655E-01    5.83172E-02
     5.73304E-01    2.08425E+00    5.89063E-01    5.24361E-04   -3.02452E-01    2.58542E-01    6.23190E-02    1.54147E-01    5.84713E-02
     5.75579E-01    2.07849E+00    5.86411E-01    3.37454E-03   -3.01433E-01    2.57907E-01    6.19490E-02    1.53642E-01    5.86230E-02
     5.77854E-01    2.07275E+00    5.83722E-01    6.21859E-03   -3.00394E-01    2.57275E-01    6.15762E-02    1.53141E-01    5.87724E-02
     5.80129E-01    2.06703E+00    5.80998E-01    9.05631E-03   -2.99334E-01    2.56646E-01    6.12007E-02    1.52643E-01    5.89194E-02
     5.82404E-01    2.06133E+00    5.78238E-01    1.18875E-02   -2.98253E-01    2.56019E-01    6.08226E-02    1.52148E-01    5.90640E-02
     5.84679E-01    2.05565E+00    5.75443E-01    1.47119E-02   -2.97152E-01    2.55396E-01    6.04419E-02    1.51656E-01    5.92063E-02
     5.86954E-01    2.04999E+00    5.72612E-01    1.75292E-02   -2.96030E-01    2.54776E-01    6.00587E-02    1.51168E-01    5.93462E-02
     5.89229E-01    2.04436E+00    5.69747E-01    2.03394E-02   -2.94887E-01    2.54159E-01    5.96730E-02    1.50682E-01    5.94838E-02
     5.91503E-01    2.03874E+00    5.66847E-01    2.31421E-02   -2.93725E-01    2.53546E-01    5.92848E-02    1.50200E-01    5.96190E-02
     5.93778E-01    2.03315E+00    5.63913E-01    2.59372E-02   -2.92541E-01    2.52935E-01    5.88943E-02    1.49722E-01    5.97519E-02
     5.96053E-01    2.02758E+00    5.60945E-01    2.87244E-02   -2.91338E-01    2.52328E-01    5.85014E-02    1.49246E-01    5.98824E-02
     5.98328E-01    2.02204E+00    5.57944E-01    3.15034E-02   -2.90114E-01    2.51724E-01    5.81061E-02    1.48774E-01    6.00105E-02
     6.00603E-01    2.01652E+00    5.54909E-01    3.42741E-02   -2.88869E-01    2.51123E-01    5.77087E-02    1.48306E-01    6.01363E-02
     6.02878E-01    2.01102E+00    5.51841E-01    3.70362E-02   -2.87605E-01    2.50525E-01    5.73090E-02    1.47840E-01    6.02598E-02
     6.05153E-01    2.00555E+00    5.48741E-01    3.97895E-02   -2.86320E-01    2.49931E-01    5.69072E-02    1.47378E-01    6.03810E-02
     6.07428E-01    2.00010E+00    5.45608E-01    4.25338E-02   -2.85015E-01    2.49341E-01    5.65033E-02    1.46920E-01    6.04999E-02
     6.09703E-01    1.99468E+00    5.42443E-01    4.52687E-02   -2.83690E-01    2.48754E-01    5.60973E-02    1.46465E-01    6.06164E-02
     6.11978E-01    1.98928E+00    5.39247E-01    4.79942E-02   -2.82345E-01    2.48170E-01    5.56893E-02    1.46013E-01    6.07306E-02
     6.14253E-01    1.98391E+00    5.36019E-01    5.07099E-02   -2.80980E-01    2.47590E-01    5.52794E-02    1.45565E-01    6.08425E-02
     6.16528E-01    1.97857E+00    5.32760E-01    5.34156E-02   -2.79595E-01    2.47013E-01    5.48675E-02    1.45120E-01    6.09521E-02
     6.18803E-01    1.97325E+00    5.29471E-01    5.61111E-02   -2.78190E-01    2.46440E-01    5.44538E-02    1.44679E-01    6.10595E-02
     6.21078E-01    1.96797E+00    5.26151E-01    5.87962E-02   -2.76765E-01    2.45870E-01    5.40382E-02    1.44241E-01    6.11645E-02
     6.23353E-01    1.96270E+00    5.22801E-01    6.14705E-02   -2.75321E-01    2.45304E-01    5.36209E-02    1.43807E-01    6.12673E-02
     6.25628E-01    1.95747E+00    5.19421E-01    6.41339E-02   -2.73857E-01    2.44742E-01    5.32018E-02    1.43376E-01    6.13679E-02
     6.27903E-01    1.95227E+00    5.16012E-01    6.67861E-02   -2.72374E-01    2.44184E-01    5.27811E-02    1.42949E-01    6.14661E-02
     6.30178E-01    1.94709E+00    5.12574E-01    6.94269E-02   -2.70871E-01    2.43629E-01    5.23587E-02    1.42525E-01    6.15622E-02
     6.32453E-01    1.94194E+00    5.09108E-01    7.20560E-02   -2.69348E-01    2.43078E-01    5.19347E-02    1.42105E-01    6.16560E-02
     6.34728E-01    1.93683E+00    5.05613E-01    7.46732E-02   -2.67807E-01    2.42531E-01    5.15092E-02    1.41689E-01    6.17476E-02
     6.37003E-01    1.93174E+00    5.02090E-01    7.72783E-02   -2.66246E-01    2.41988E-01    5.10823E-02    1.41276E-01    6.18370E-02
     6.39278E-01    1.92668E+00    4.98540E-01    7.98709E-02   -2.64667E-01    2.41448E-01    5.06538E-02    1.40867E-01    6.19242E-02
     6.41553E-01    1.92166E+00    4.94963E-01    8.24509E-02   -2.63068E-01    2.40912E-01    5.02240E-02    1.40461E-01    6.20092E-02
     6.43828E-01    1.91666E+00    4.91359E-01    8.50181E-02   -2.61450E-01    2.40381E-01    4.97928E-02    1.40059E-01    6.20920E-02
     6.46103E-01    1.91170E+00    4.87728E-01    8.75721E-02   -2.59814E-01    2.39853E-01    4.93603E-02    1.39660E-01    6.21727E-02
     6.48378E-01    1.90677E+00    4.84072E-01    9.01127E-02   -2.58159E-01    2.39329E-01    4.89266E-02    1.39266E-01    6.22512E-02
     6.50653E-01    1.90187E+00    4.80390E-01    9.26397E-02   -2.56486E-01    2.38809E-01    4.84916E-02    1.38874E-01    6.23276E-02
     6.52928E-01    1.89700E+00    4.76682E-01    9.51529E-02   -2.54794E-01    2.38294E-01    4.80554E-02    1.38487E-01    6.24019E-02
     6.55203E-01    1.89217E+00    4.72950E-01    9.76519E-02   -2.53084E-01    2.37782E-01    4.76182E-02    1.38103E-01    6.24741E-02
     6.57478E-01    1.88737E+00    4.69194E-01    1.00137E-01   -2.51355E-01    2.37274E-01    4.71798E-02    1.37723E-01    6.25442E-02
     6.59753E-01    1.88260E+00    4.65413E-01    1.02607E-01   -2.49609E-01    2.36771E-01    4.67405E-02    1.37346E-01    6.26122E-02
     6.62028E-01    1.87787E+00    4.61608E-01    1.05062E-01   -2.47845E-01    2.36271E-01    4.63001E-02    1.36974E-01    6.26782E-02
     6.64303E-01    1.87317E+00    4.57781E-01    1.07502E-01   -2.46063E-01    2.35776E-01    4.58588E-02    1.36604E-01    6.27422E-02
     6.66578E-01    1.86851E+00    4.53930E-01    1.09927E-01   -2.44264E-01    2.35285E-01    4.54165E-02    1.36239E-01    6.28041E-02
     6.68853E-01    1.86388E+00    4.50057E-01    1.12336E-01   -2.42447E-01    2.34798E-01    4.49735E-02    1.35877E-01    6.28640E-02
     6.71128E-01    1.85929E+00    4.46162E-01    1.14730E-01   -2.40613E-01    2.34315E-01    4.45296E-02    1.35519E-01    6.29219E-02
     6.73403E-01    1.85473E+00    4.42246E-01    1.17107E-01   -2.38762E-01    2.33837E-01    4.40849E-02    1.35165E-01    6.29779E-02
     6.75678E-01    1.85021E+00    4.38308E-01    1.19469E-01   -2.36894E-01    2.33362E-01    4.36395E-02    1.34814E-01    6.30319E-02
     6.77953E-01    1.84572E+00    4.34349E-01    1.21813E-01   -2.35009E-01    2.32892E-01    4.31934E-02    1.34467E-01    6.30839E-02
     6.80228E-01    1.84128E+00    4.30370E-01    1.24141E-01   -2.33108E-01    2.32427E-01    4.27467E-02    1.34124E-01    6.31341E-02
     6.82502E-01    1.83686E+00    4.26371E-01    1.26452E-01   -2.31190E-01    2.31965E-01    4.22993E-02    1.33784E-01    6.31824E-02
     6.84777E-01    1.83249E+00    4.22352E-01    1.28746E-01   -2.29256E-01    2.31509E-01    4.18514E-02    1.33449E-01    6.32288E-02
     6.87052E-01    1.82815E+00    4.18315E-01    1.31022E-01   -2.27306E-01    2.31056E-01    4.14030E-02    1.33117E-01    6.32733E-02
     6.89327E-01    1.82385E+00    4.14258E-01    1.33281E-01   -2.25340E-01    2.30608E-01    4.09541E-02    1.32788E-01    6.33160E-02
     6.91602E-01    1.81959E+00    4.10183E-01    1.35522E-01   -2.23358E-01    2.30164E-01    4.05048E-02    1.32464E-01    6.33569E-02
     6.93877E-01    1.81537E+00    4.06091E-01    1.37745E-01   -2.21361E-01    2.29725E-01    4.00551E-02    1.32143E-01    6.33960E-02
     6.96152E-01    1.81119E+00    4.01981E-01    1.39949E-01   -2.19348E-01    2.29290E-01    3.96050E-02    1.31826E-01    6.34333E-02
     6.98427E-01    1.80704E+00    3.97854E-01    1.42135E-01   -2.17321E-01    2.28859E-01    3.91546E-02    1.31512E-01    6.34688E-02
     7.00702E-01    1.80294E+00    3.93711E-01    1.44302E-01   -2.15279E-01    2.28433E-01    3.87039E-02    1.31203E-01    6.35027E-02
     7.02977E-01    1.79887E+00    3.89551E-01    1.46449E-01   -2.13221E-01    2.28012E-01    3.82530E-02    1.30897E-01    6.35348E-02
     7.05252E-01    1.79485E+00    3.85376E-01    1.48578E-01   -2.11150E-01    2.27595E-01    3.78019E-02    1.30595E-01    6.35653E-02
     7.07527E-01    1.79086E+00    3.81186E-01    1.50687E-01   -2.09064E-01    2.27182E-01    3.73506E-02    1.30296E-01    6.35941E-02
     7.09802E-01    1.78692E+00    3.76981E-01    1.52777E-01   -2.06965E-01    2.26774E-01    3.68993E-02    1.30001E-01    6.36212E-02
     7.12077E-01    1.78301E+00    3.72761E-01    1.54847E-01   -2.04851E-01    2.26371E-01    3.64478E-02    1.29710E-01    6.36468E-02
     7.14352E-01    1.77915E+00    3.68528E-01    1.56897E-01   -2.02724E-01    2.25972E-01    3.59963E-02    1.29423E-01    6.36707E-02
     7.16627E-01    1.77532E+00    3.64281E-01    1.58926E-01   -2.00584E-01    2.25578E-01    3.55447E-02    1.29140E-01    6.36931E-02
     7.18902E-01    1.77154E+00    3.60021E-01    1.60935E-01   -1.98430E-01    2.25188E-01    3.50932E-02    1.28860E-01    6.37140E-02
     7.21177E-01    1.76780E+00    3.55749E-01    1.62924E-01   -1.96264E-01    2.24803E-01    3.46418E-02    1.28584E-01    6.37333E-02
     7.23452E-01    1.76410E+00    3.51465E-01    1.64891E-01   -1.94085E-01    2.24423E-01    3.41904E-02    1.28311E-01    6.37511E-02
     7.25727E-01    1.76045E+00    3.47169E-01    1.66838E-01   -1.91894E-01    2.24047E-01    3.37392E-02    1.28043E-01    6.37675E-02
     7.28002E-01    1.75683E+00    3.42862E-01    1.68763E-01   -1.89691E-01    2.23676E-01    3.32882E-02    1.27778E-01    6.37825E-02
     7.30277E-01    1.75326E+00    3.38544E-01    1.70667E-01   -1.87476E-01    2.23310E-01    3.28373E-02    1.27517E-01    6.37960E-02
     7.32552E-01    1.74974E+00    3.34215E-01    1.72550E-01   -1.85249E-01    2.22948E-01    3.23867E-02    1.27259E-01    6.38082E-02
     7.34827E-01    1.74625E+00    3.29877E-01    1.74410E-01   -1.83011E-01    2.22591E-01    3.19364E-02    1.27005E-01    6.38190E-02
     7.37102E-01    1.74281E+00    3.25530E-01    1.76249E-01   -1.80763E-01    2.22238E-01    3.14864E-02    1.26755E-01    6.38284E-02
     7.39377E-01    1.73941E+00    3.21173E-01    1.78066E-01   -1.78503E-01    2.21890E-01    3.10367E-02    1.26508E-01    6.38366E-02
     7.41652E-01    1.73605E+00    3.16808E-01    1.79861E-01   -1.76233E-01    2.21547E-01    3.05874E-02    1.26266E-01    6.38435E-02
     7.43927E-01    1.73274E+00    3.12435E-01    1.81633E-01   -1.73952E-01    2.21209E-01    3.01385E-02    1.26026E-01    6.38491E-02
     7.46202E-01    1.72947E+00    3.08055E-01    1.83382E-01   -1.71662E-01    2.20875E-01    2.96900E-02    1.25791E-01    6.38535E-02
     7.48477E-01    1.72625E+00    3.03667E-01    1.85109E-01   -1.69362E-01    2.20547E-01    2.92420E-02    1.25559E-01    6.38568E-02
     7.50752E-01    1.72307E+00    2.99273E-01    1.86813E-01   -1.67053E-01    2.20222E-01    2.87945E-02    1.25331E-01    6.38588E-02
     7.53027E-01    1.71993E+00    2.94872E-01    1.88494E-01   -1.64734E-01    2.19903E-01    2.83475E-02    1.25106E-01    6.38597E-02
     7.55302E-01    1.71684E+00    2.90465E-01    1.90152E-01   -1.62407E-01    2.19588E-01    2.79010E-02    1.24886E-01    6.38596E-02
     7.57577E-01    1.71379E+00    2.86054E-01    1.91787E-01   -1.60071E-01    2.19278E-01    2.74552E-02    1.24668E-01    6.38583E-02
     7.59852E-01    1.71079E+00    2.81637E-01    1.93398E-01   -1.57727E-01    2.18973E-01    2.70099E-02    1.24455E-01    6.38560E-02
     7.62127E-01    1.70783E+00    2.77216E-01    1.94986E-01   -1.55375E-01    2.18673E-01    2.65653E-02    1.24245E-01    6.38527E-02
     7.64402E-01    1.70492E+00    2.72791E-01    1.96550E-01   -1.53015E-01    2.18377E-01    2.61214E-02    1.24038E-01    6.38483E-02
     7.66677E-01    1.70205E+00    2.68362E-01    1.98091E-01   -1.50648E-01    2.18086E-01    2.56781E-02    1.23835E-01    6.38431E-02
     7.68952E-01    1.69923E+00    2.63930E-01    1.99608E-01   -1.48274E-01    2.17800E-01    2.52356E-02    1.23636E-01    6.38369E-02
     7.71227E-01    1.69646E+00    2.59495E-01    2.01100E-01   -1.45893E-01    2.17519E-01    2.47939E-02    1.23440E-01    6.38298E-02
     7.73501E-01    1.69372E+00    2.55059E-01    2.02569E-01   -1.43506E-01    2.17243E-01    2.43529E-02    1.23248E-01    6.38218E-02
     7.75776E-01    1.69104E+00    2.50620E-01    2.04014E-01   -1.41113E-01    2.16971E-01    2.39127E-02    1.23060E-01    6.38130E-02
     7.78051E-01    1.68840E+00    2.46180E-01    2.05434E-01   -1.38714E-01    2.16704E-01    2.34733E-02    1.22875E-01    6.38034E-02
     7.80326E-01    1.68581E+00    2.41739E-01    2.06830E-01   -1.36309E-01    2.16442E-01    2.30348E-02    1.22693E-01    6.37930E-02
     7.82601E-01    1.68326E+00    2.37298E-01    2.08202E-01   -1.33899E-01    2.16184E-01    2.25972E-02    1.22515E-01    6.37818E-02
     7.84876E-01    1.68076E+00    2.32857E-01    2.09549E-01   -1.31484E-01    2.15931E-01    2.21604E-02    1.22341E-01    6.37700E-02
     7.87151E-01    1.67830E+00    2.28416E-01    2.10871E-01   -1.29064E-01    2.15684E-01    2.17246E-02    1.22170E-01    6.37575E-02
     7.89426E-01    1.67589E+00    2.23975E-01    2.12169E-01   -1.26641E-01    2.15440E-01    2.12897E-02    1.22002E-01    6.37443E-02
     7.91701E-01    1.67352E+00    2.19536E-01    2.13443E-01   -1.24213E-01    2.15202E-01    2.08558E-02    1.21838E-01    6.37305E-02
     7.93976E-01    1.67121E+00    2.15099E-01    2.14691E-01   -1.21781E-01    2.14969E-01    2.04229E-02    1.21678E-01    6.37161E-02
     7.96251E-01    1.66894E+00    2.10664E-01    2.15915E-01   -1.19346E-01    2.14740E-01    1.99910E-02    1.21521E-01    6.37012E-02
     7.98526E-01    1.66671E+00    2.06231E-01    2.17114E-01   -1.16908E-01    2.14516E-01    1.95601E-02    1.21367E-01    6.36857E-02
     8.00801E-01    1.66453E+00    2.01801E-01    2.18288E-01   -1.14468E-01    2.14297E-01    1.91302E-02    1.21217E-01    6.36698E-02
     8.03076E-01    1.66240E+00    1.97375E-01    2.19437E-01   -1.12025E-01    2.14082E-01    1.87014E-02    1.21070E-01    6.36534E-02
     8.05351E-01    1.66031E+00    1.92952E-01    2.20561E-01   -1.09579E-01    2.13872E-01    1.82737E-02    1.20927E-01    6.36366E-02
     8.07626E-01    1.65827E+00    1.88533E-01    2.21661E-01   -1.07132E-01    2.13667E-01    1.78471E-02    1.20787E-01    6.36193E-02
     8.09901E-01    1.65628E+00    1.84119E-01    2.22735E-01   -1.04684E-01    2.13467E-01    1.74217E-02    1.20650E-01    6.36018E-02
     8.12176E-01    1.65433E+00    1.79710E-01    2.23784E-01   -1.02234E-01    2.13272E-01    1.69974E-02    1.20517E-01    6.35839E-02
     8.14451E-01    1.65243E+00    1.75306E-01    2.24808E-01   -9.97835E-02    2.13081E-01    1.65742E-02    1.20387E-01    6.35657E-02
     8.16726E-01    1.65057E+00    1.70908E-01    2.25807E-01   -9.73322E-02    2.12895E-01    1.61522E-02    1.20261E-01    6.35472E-02
     8.19001E-01    1.64877E+00    1.66517E-01    2.26782E-01   -9.48808E-02    2.12714E-01    1.57314E-02    1.20137E-01    6.35285E-02
     8.21276E-01    1.64700E+00    1.62131E-01    2.27731E-01   -9.24293E-02    2.12537E-01    1.53118E-02    1.20018E-01    6.35096E-02
     8.23551E-01    1.64529E+00    1.57753E-01    2.28655E-01   -8.99782E-02    2.12365E-01    1.48934E-02    1.19901E-01    6.34906E-02
     8.25826E-01    1.64362E+00    1.53382E-01    2.29553E-01   -8.75278E-02    2.12198E-01    1.44762E-02    1.19788E-01    6.34714E-02
     8.28101E-01    1.64200E+00    1.49019E-01    2.30427E-01   -8.50783E-02    2.12035E-01    1.40603E-02    1.19678E-01    6.34521E-02
     8.30376E-01    1.64042E+00    1.44664E-01    2.31276E-01   -8.26302E-02    2.11878E-01    1.36457E-02    1.19571E-01    6.34328E-02
     8.32651E-01    1.63889E+00    1.40317E-01    2.32100E-01   -8.01835E-02    2.11725E-01    1.32323E-02    1.19468E-01    6.34134E-02
     8.34926E-01    1.63741E+00    1.35979E-01    2.32899E-01   -7.77388E-02    2.11576E-01    1.28203E-02    1.19367E-01    6.33941E-02
     8.37201E-01    1.63597E+00    1.31650E-01    2.33673E-01   -7.52962E-02    2.11432E-01    1.24095E-02    1.19270E-01    6.33747E-02
     8.39476E-01    1.63458E+00    1.27331E-01    2.34422E-01   -7.28561E-02    2.11293E-01    1.20000E-02    1.19177E-01    6.33555E-02
     8.41751E-01    1.63323E+00    1.23022E-01    2.35146E-01   -7.04188E-02    2.11159E-01    1.15919E-02    1.19086E-01    6.33363E-02
     8.44026E-01    1.63193E+00    1.18723E-01    2.35845E-01   -6.79845E-02    2.11029E-01    1.11851E-02    1.18999E-01    6.33173E-02
     8.46301E-01    1.63067E+00    1.14435E-01    2.36520E-01   -6.55537E-02    2.10903E-01    1.07796E-02    1.18914E-01    6.32985E-02
     8.48576E-01    1.62947E+00    1.10158E-01    2.37170E-01   -6.31265E-02    2.10783E-01    1.03755E-02    1.18833E-01    6.32798E-02
     8.50851E-01    1.62830E+00    1.05892E-01    2.37795E-01   -6.07032E-02    2.10667E-01    9.97277E-03    1.18755E-01    6.32614E-02
     8.53126E-01    1.62719E+00    1.01638E-01    2.38395E-01   -5.82842E-02    2.10555E-01    9.57139E-03    1.18680E-01    6.32433E-02
     8.55401E-01    1.62611E+00    9.73954E-02    2.38971E-01   -5.58697E-02    2.10448E-01    9.17140E-03    1.18609E-01    6.32255E-02
     8.57676E-01    1.62509E+00    9.31656E-02    2.39522E-01   -5.34601E-02    2.10346E-01    8.77279E-03    1.18540E-01    6.32080E-02
     8.59951E-01    1.62410E+00    8.89486E-02    2.40049E-01   -5.10555E-02    2.10248E-01    8.37559E-03    1.18475E-01    6.31908E-02
     8.62226E-01    1.62317E+00    8.47445E-02    2.40551E-01   -4.86564E-02    2.10155E-01    7.97978E-03    1.18412E-01    6.31741E-02
     8.64500E-01    1.62228E+00    8.05538E-02    2.41029E-01   -4.62629E-02    2.10066E-01    7.58538E-03    1.18353E-01    6.31578E-02
     8.66775E-01    1.62143E+00    7.63768E-02    2.41483E-01   -4.38754E-02    2.09982E-01    7.19240E-03    1.18296E-01    6.31420E-02
     8.69050E-01    1.62063E+00    7.22138E-02    2.41913E-01   -4.14941E-02    2.09902E-01    6.80084E-03    1.18243E-01    6.31267E-02
     8.71325E-01    1.61987E+00    6.80651E-02    2.42319E-01   -3.91193E-02    2.09826E-01    6.41071E-03    1.18193E-01    6.31120E-02
     8.73600E-01    1.61916E+00    6.39310E-02    2.42700E-01   -3.67513E-02    2.09755E-01    6.02201E-03    1.18145E-01    6.30978E-02
     8.75875E-01    1.61849E+00    5.98119E-02    2.43058E-01   -3.43903E-02    2.09689E-01    5.63474E-03    1.18101E-01    6.30842E-02
     8.78150E-01    1.61787E+00    5.57080E-02    2.43392E-01   -3.20367E-02    2.09627E-01    5.24892E-03    1.18059E-01    6.30712E-02
     8.80425E-01    1.61729E+00    5.16196E-02    2.43702E-01   -2.96906E-02    2.09569E-01    4.86454E-03    1.18021E-01    6.30590E-02
     8.82700E-01    1.61675E+00    4.75470E-02    2.43988E-01   -2.73524E-02    2.09516E-01    4.48161E-03    1.17985E-01    6.30474E-02
     8.84975E-01    1.61626E+00    4.34905E-02    2.44251E-01   -2.50223E-02    2.09467E-01    4.10013E-03    1.17953E-01    6.30365E-02
     8.87250E-01    1.61582E+00    3.94504E-02    2.44491E-01   -2.27006E-02    2.09422E-01    3.72010E-03    1.17923E-01    6.30265E-02
     8.89525E-01    1.61541E+00    3.54269E-02    2.44707E-01   -2.03876E-02    2.09382E-01    3.34152E-03    1.17896E-01    6.30172E-02
     8.91800E-01    1.61505E+00    3.14205E-02    2.44900E-01   -1.80834E-02    2.09346E-01    2.96441E-03    1.17872E-01    6.30088E-02
     8.94075E-01    1.61473E+00    2.74312E-02    2.45070E-01   -1.57884E-02    2.09315E-01    2.58875E-03    1.17851E-01    6.30012E-02
     8.96350E-01    1.61446E+00    2.34594E-02    2.45216E-01   -1.35027E-02    2.09287E-01    2.21455E-03    1.17833E-01    6.29945E-02
     8.98625E-01    1.61422E+00    1.95054E-02    2.45340E-01   -1.12267E-02    2.09264E-01    1.84181E-03    1.17818E-01    6.29888E-02
     9.00900E-01    1.61404E+00    1.55694E-02    2.45441E-01   -8.96063E-03    2.09245E-01    1.47053E-03    1.17805E-01    6.29841E-02
     9.03175E-01    1.61389E+00    1.16516E-02    2.45520E-01   -6.70466E-03    2.09231E-01    1.10071E-03    1.17795E-01    6.29803E-02
     9.05450E-01    1.61378E+00    7.75243E-03    2.45576E-01   -4.45908E-03    2.09220E-01    7.32347E-04    1.17788E-01    6.29776E-02
     9.07725E-01    1.61372E+00    3.87199E-03    2.45609E-01   -2.22411E-03    2.09214E-01    3.65445E-04    1.17784E-01    6.29759E-02
     9.10000E-01    1.61370E+00    1.05704E-05    2.45620E-01    0.00000E+00    2.09212E-01    1.05513E-22    1.17783E-01    6.29754E-02
